using /home/mamir/tempo/riscof/riscof_work/rv64i_m/I/src/bge-01.S/ref/Reference-sail_c_simulator.signature for test-signature output.
tohost located at 0x80046000
Running file ref.elf.
ELF Entry @ 0x80000000
begin_signature: 0x80048110
end_signature: 0x80049630
CSR mstatus <- 0x0000000A00000000 (input: 0x0000000000000000)
mem[X,0x0000000000001000] -> 0x0297
mem[X,0x0000000000001002] -> 0x0000
[0] [M]: 0x0000000000001000 (0x00000297) auipc t0, 0x0
x5 <- 0x0000000000001000
mem[X,0x0000000000001004] -> 0x8593
mem[X,0x0000000000001006] -> 0x0202
[1] [M]: 0x0000000000001004 (0x02028593) addi a1, t0, 0x20
x11 <- 0x0000000000001020
mem[X,0x0000000000001008] -> 0x2573
mem[X,0x000000000000100A] -> 0xF140
[2] [M]: 0x0000000000001008 (0xF1402573) csrrs a0, mhartid, zero
CSR mhartid -> 0x0000000000000000
x10 <- 0x0000000000000000
mem[X,0x000000000000100C] -> 0xB283
mem[X,0x000000000000100E] -> 0x0182
[3] [M]: 0x000000000000100C (0x0182B283) ld t0, 0x18(t0)
mem[R,0x0000000000001018] -> 0x0000000080000000
x5 <- 0x0000000080000000
mem[X,0x0000000000001010] -> 0x8067
mem[X,0x0000000000001012] -> 0x0002
[4] [M]: 0x0000000000001010 (0x00028067) jalr zero, 0x0(t0)
mem[X,0x0000000080000000] -> 0x0837
mem[X,0x0000000080000002] -> 0x7D5C
[5] [M]: 0x0000000080000000 (0x7D5C0837) lui a6, 0x7d5c0
x16 <- 0x000000007D5C0000
mem[X,0x0000000080000004] -> 0x0813
mem[X,0x0000000080000006] -> 0xDDB8
[6] [M]: 0x0000000080000004 (0xDDB80813) addi a6, a6, -0x225
x16 <- 0x000000007D5BFDDB
mem[X,0x0000000080000008] -> 0x1813
mem[X,0x000000008000000A] -> 0x00B8
[7] [M]: 0x0000000080000008 (0x00B81813) slli a6, a6, 0xb
x16 <- 0x000003EADFEED800
mem[X,0x000000008000000C] -> 0x0813
mem[X,0x000000008000000E] -> 0x3EA8
[8] [M]: 0x000000008000000C (0x3EA80813) addi a6, a6, 0x3ea
x16 <- 0x000003EADFEEDBEA
mem[X,0x0000000080000010] -> 0x1813
mem[X,0x0000000080000012] -> 0x00B8
[9] [M]: 0x0000000080000010 (0x00B81813) slli a6, a6, 0xb
x16 <- 0x001F56FF76DF5000
mem[X,0x0000000080000014] -> 0x0813
mem[X,0x0000000080000016] -> 0x6FF8
[10] [M]: 0x0000000080000014 (0x6FF80813) addi a6, a6, 0x6ff
x16 <- 0x001F56FF76DF56FF
mem[X,0x0000000080000018] -> 0x1813
mem[X,0x000000008000001A] -> 0x00A8
[11] [M]: 0x0000000080000018 (0x00A81813) slli a6, a6, 0xa
x16 <- 0x7D5BFDDB7D5BFC00
mem[X,0x000000008000001C] -> 0x0813
mem[X,0x000000008000001E] -> 0x1DB8
[12] [M]: 0x000000008000001C (0x1DB80813) addi a6, a6, 0x1db
x16 <- 0x7D5BFDDB7D5BFDDB
mem[X,0x0000000080000020] -> 0x5893
mem[X,0x0000000080000022] -> 0x0078
[13] [M]: 0x0000000080000020 (0x00785893) srli a7, a6, 0x7
x17 <- 0x00FAB7FBB6FAB7FB
mem[X,0x0000000080000024] -> 0x5793
mem[X,0x0000000080000026] -> 0x0398
[14] [M]: 0x0000000080000024 (0x03985793) srli a5, a6, 0x39
x15 <- 0x000000000000003E
mem[X,0x0000000080000028] -> 0xE8B3
mem[X,0x000000008000002A] -> 0x00F8
[15] [M]: 0x0000000080000028 (0x00F8E8B3) or a7, a7, a5
x17 <- 0x00FAB7FBB6FAB7FF
mem[X,0x000000008000002C] -> 0xD913
mem[X,0x000000008000002E] -> 0x0078
[16] [M]: 0x000000008000002C (0x0078D913) srli s2, a7, 0x7
x18 <- 0x0001F56FF76DF56F
mem[X,0x0000000080000030] -> 0xD793
mem[X,0x0000000080000032] -> 0x0398
[17] [M]: 0x0000000080000030 (0x0398D793) srli a5, a7, 0x39
x15 <- 0x0000000000000000
mem[X,0x0000000080000034] -> 0x6933
mem[X,0x0000000080000036] -> 0x00F9
[18] [M]: 0x0000000080000034 (0x00F96933) or s2, s2, a5
x18 <- 0x0001F56FF76DF56F
mem[X,0x0000000080000038] -> 0x5993
mem[X,0x000000008000003A] -> 0x0079
[19] [M]: 0x0000000080000038 (0x00795993) srli s3, s2, 0x7
x19 <- 0x000003EADFEEDBEA
mem[X,0x000000008000003C] -> 0x5793
mem[X,0x000000008000003E] -> 0x0399
[20] [M]: 0x000000008000003C (0x03995793) srli a5, s2, 0x39
x15 <- 0x0000000000000000
mem[X,0x0000000080000040] -> 0xE9B3
mem[X,0x0000000080000042] -> 0x00F9
[21] [M]: 0x0000000080000040 (0x00F9E9B3) or s3, s3, a5
x19 <- 0x000003EADFEEDBEA
mem[X,0x0000000080000044] -> 0xDA13
mem[X,0x0000000080000046] -> 0x0079
[22] [M]: 0x0000000080000044 (0x0079DA13) srli s4, s3, 0x7
x20 <- 0x00000007D5BFDDB7
mem[X,0x0000000080000048] -> 0xD793
mem[X,0x000000008000004A] -> 0x0399
[23] [M]: 0x0000000080000048 (0x0399D793) srli a5, s3, 0x39
x15 <- 0x0000000000000000
mem[X,0x000000008000004C] -> 0x6A33
mem[X,0x000000008000004E] -> 0x00FA
[24] [M]: 0x000000008000004C (0x00FA6A33) or s4, s4, a5
x20 <- 0x00000007D5BFDDB7
mem[X,0x0000000080000050] -> 0x5A93
mem[X,0x0000000080000052] -> 0x007A
[25] [M]: 0x0000000080000050 (0x007A5A93) srli s5, s4, 0x7
x21 <- 0x000000000FAB7FBB
mem[X,0x0000000080000054] -> 0x5793
mem[X,0x0000000080000056] -> 0x039A
[26] [M]: 0x0000000080000054 (0x039A5793) srli a5, s4, 0x39
x15 <- 0x0000000000000000
mem[X,0x0000000080000058] -> 0xEAB3
mem[X,0x000000008000005A] -> 0x00FA
[27] [M]: 0x0000000080000058 (0x00FAEAB3) or s5, s5, a5
x21 <- 0x000000000FAB7FBB
mem[X,0x000000008000005C] -> 0xDB13
mem[X,0x000000008000005E] -> 0x007A
[28] [M]: 0x000000008000005C (0x007ADB13) srli s6, s5, 0x7
x22 <- 0x00000000001F56FF
mem[X,0x0000000080000060] -> 0xD793
mem[X,0x0000000080000062] -> 0x039A
[29] [M]: 0x0000000080000060 (0x039AD793) srli a5, s5, 0x39
x15 <- 0x0000000000000000
mem[X,0x0000000080000064] -> 0x6B33
mem[X,0x0000000080000066] -> 0x00FB
[30] [M]: 0x0000000080000064 (0x00FB6B33) or s6, s6, a5
x22 <- 0x00000000001F56FF
mem[X,0x0000000080000068] -> 0x5B93
mem[X,0x000000008000006A] -> 0x007B
[31] [M]: 0x0000000080000068 (0x007B5B93) srli s7, s6, 0x7
x23 <- 0x0000000000003EAD
mem[X,0x000000008000006C] -> 0x5793
mem[X,0x000000008000006E] -> 0x039B
[32] [M]: 0x000000008000006C (0x039B5793) srli a5, s6, 0x39
x15 <- 0x0000000000000000
mem[X,0x0000000080000070] -> 0xEBB3
mem[X,0x0000000080000072] -> 0x00FB
[33] [M]: 0x0000000080000070 (0x00FBEBB3) or s7, s7, a5
x23 <- 0x0000000000003EAD
mem[X,0x0000000080000074] -> 0xDC13
mem[X,0x0000000080000076] -> 0x007B
[34] [M]: 0x0000000080000074 (0x007BDC13) srli s8, s7, 0x7
x24 <- 0x000000000000007D
mem[X,0x0000000080000078] -> 0xD793
mem[X,0x000000008000007A] -> 0x039B
[35] [M]: 0x0000000080000078 (0x039BD793) srli a5, s7, 0x39
x15 <- 0x0000000000000000
mem[X,0x000000008000007C] -> 0x6C33
mem[X,0x000000008000007E] -> 0x00FC
[36] [M]: 0x000000008000007C (0x00FC6C33) or s8, s8, a5
x24 <- 0x000000000000007D
mem[X,0x0000000080000080] -> 0x5C93
mem[X,0x0000000080000082] -> 0x007C
[37] [M]: 0x0000000080000080 (0x007C5C93) srli s9, s8, 0x7
x25 <- 0x0000000000000000
mem[X,0x0000000080000084] -> 0x5793
mem[X,0x0000000080000086] -> 0x039C
[38] [M]: 0x0000000080000084 (0x039C5793) srli a5, s8, 0x39
x15 <- 0x0000000000000000
mem[X,0x0000000080000088] -> 0xECB3
mem[X,0x000000008000008A] -> 0x00FC
[39] [M]: 0x0000000080000088 (0x00FCECB3) or s9, s9, a5
x25 <- 0x0000000000000000
mem[X,0x000000008000008C] -> 0xDD13
mem[X,0x000000008000008E] -> 0x007C
[40] [M]: 0x000000008000008C (0x007CDD13) srli s10, s9, 0x7
x26 <- 0x0000000000000000
mem[X,0x0000000080000090] -> 0xD793
mem[X,0x0000000080000092] -> 0x039C
[41] [M]: 0x0000000080000090 (0x039CD793) srli a5, s9, 0x39
x15 <- 0x0000000000000000
mem[X,0x0000000080000094] -> 0x6D33
mem[X,0x0000000080000096] -> 0x00FD
[42] [M]: 0x0000000080000094 (0x00FD6D33) or s10, s10, a5
x26 <- 0x0000000000000000
mem[X,0x0000000080000098] -> 0x5D93
mem[X,0x000000008000009A] -> 0x007D
[43] [M]: 0x0000000080000098 (0x007D5D93) srli s11, s10, 0x7
x27 <- 0x0000000000000000
mem[X,0x000000008000009C] -> 0x5793
mem[X,0x000000008000009E] -> 0x039D
[44] [M]: 0x000000008000009C (0x039D5793) srli a5, s10, 0x39
x15 <- 0x0000000000000000
mem[X,0x00000000800000A0] -> 0xEDB3
mem[X,0x00000000800000A2] -> 0x00FD
[45] [M]: 0x00000000800000A0 (0x00FDEDB3) or s11, s11, a5
x27 <- 0x0000000000000000
mem[X,0x00000000800000A4] -> 0xDE13
mem[X,0x00000000800000A6] -> 0x007D
[46] [M]: 0x00000000800000A4 (0x007DDE13) srli t3, s11, 0x7
x28 <- 0x0000000000000000
mem[X,0x00000000800000A8] -> 0xD793
mem[X,0x00000000800000AA] -> 0x039D
[47] [M]: 0x00000000800000A8 (0x039DD793) srli a5, s11, 0x39
x15 <- 0x0000000000000000
mem[X,0x00000000800000AC] -> 0x6E33
mem[X,0x00000000800000AE] -> 0x00FE
[48] [M]: 0x00000000800000AC (0x00FE6E33) or t3, t3, a5
x28 <- 0x0000000000000000
mem[X,0x00000000800000B0] -> 0x5E93
mem[X,0x00000000800000B2] -> 0x007E
[49] [M]: 0x00000000800000B0 (0x007E5E93) srli t4, t3, 0x7
x29 <- 0x0000000000000000
mem[X,0x00000000800000B4] -> 0x5793
mem[X,0x00000000800000B6] -> 0x039E
[50] [M]: 0x00000000800000B4 (0x039E5793) srli a5, t3, 0x39
x15 <- 0x0000000000000000
mem[X,0x00000000800000B8] -> 0xEEB3
mem[X,0x00000000800000BA] -> 0x00FE
[51] [M]: 0x00000000800000B8 (0x00FEEEB3) or t4, t4, a5
x29 <- 0x0000000000000000
mem[X,0x00000000800000BC] -> 0xDF13
mem[X,0x00000000800000BE] -> 0x007E
[52] [M]: 0x00000000800000BC (0x007EDF13) srli t5, t4, 0x7
x30 <- 0x0000000000000000
mem[X,0x00000000800000C0] -> 0xD793
mem[X,0x00000000800000C2] -> 0x039E
[53] [M]: 0x00000000800000C0 (0x039ED793) srli a5, t4, 0x39
x15 <- 0x0000000000000000
mem[X,0x00000000800000C4] -> 0x6F33
mem[X,0x00000000800000C6] -> 0x00FF
[54] [M]: 0x00000000800000C4 (0x00FF6F33) or t5, t5, a5
x30 <- 0x0000000000000000
mem[X,0x00000000800000C8] -> 0xC0B7
mem[X,0x00000000800000CA] -> 0xFEED
[55] [M]: 0x00000000800000C8 (0xFEEDC0B7) lui ra, -0x1124
x1 <- 0xFFFFFFFFFEEDC000
mem[X,0x00000000800000CC] -> 0x8093
mem[X,0x00000000800000CE] -> 0xEAD0
[56] [M]: 0x00000000800000CC (0xEAD08093) addi ra, ra, -0x153
x1 <- 0xFFFFFFFFFEEDBEAD
mem[X,0x00000000800000D0] -> 0x9093
mem[X,0x00000000800000D2] -> 0x00B0
[57] [M]: 0x00000000800000D0 (0x00B09093) slli ra, ra, 0xb
x1 <- 0xFFFFFFF76DF56800
mem[X,0x00000000800000D4] -> 0x8093
mem[X,0x00000000800000D6] -> 0x7F70
[58] [M]: 0x00000000800000D4 (0x7F708093) addi ra, ra, 0x7f7
x1 <- 0xFFFFFFF76DF56FF7
mem[X,0x00000000800000D8] -> 0x9093
mem[X,0x00000000800000DA] -> 0x00B0
[59] [M]: 0x00000000800000D8 (0x00B09093) slli ra, ra, 0xb
x1 <- 0xFFFFBB6FAB7FB800
mem[X,0x00000000800000DC] -> 0x8093
mem[X,0x00000000800000DE] -> 0x36F0
[60] [M]: 0x00000000800000DC (0x36F08093) addi ra, ra, 0x36f
x1 <- 0xFFFFBB6FAB7FBB6F
mem[X,0x00000000800000E0] -> 0x9093
mem[X,0x00000000800000E2] -> 0x00A0
[61] [M]: 0x00000000800000E0 (0x00A09093) slli ra, ra, 0xa
x1 <- 0xFEEDBEADFEEDBC00
mem[X,0x00000000800000E4] -> 0x8093
mem[X,0x00000000800000E6] -> 0x2AD0
[62] [M]: 0x00000000800000E4 (0x2AD08093) addi ra, ra, 0x2ad
x1 <- 0xFEEDBEADFEEDBEAD
mem[X,0x00000000800000E8] -> 0xD113
mem[X,0x00000000800000EA] -> 0x0070
[63] [M]: 0x00000000800000E8 (0x0070D113) srli sp, ra, 0x7
x2 <- 0x01FDDB7D5BFDDB7D
mem[X,0x00000000800000EC] -> 0xD793
mem[X,0x00000000800000EE] -> 0x0390
[64] [M]: 0x00000000800000EC (0x0390D793) srli a5, ra, 0x39
x15 <- 0x000000000000007F
mem[X,0x00000000800000F0] -> 0x6133
mem[X,0x00000000800000F2] -> 0x00F1
[65] [M]: 0x00000000800000F0 (0x00F16133) or sp, sp, a5
x2 <- 0x01FDDB7D5BFDDB7F
mem[X,0x00000000800000F4] -> 0x5193
mem[X,0x00000000800000F6] -> 0x0071
[66] [M]: 0x00000000800000F4 (0x00715193) srli gp, sp, 0x7
x3 <- 0x0003FBB6FAB7FBB6
mem[X,0x00000000800000F8] -> 0x5793
mem[X,0x00000000800000FA] -> 0x0391
[67] [M]: 0x00000000800000F8 (0x03915793) srli a5, sp, 0x39
x15 <- 0x0000000000000000
mem[X,0x00000000800000FC] -> 0xE1B3
mem[X,0x00000000800000FE] -> 0x00F1
[68] [M]: 0x00000000800000FC (0x00F1E1B3) or gp, gp, a5
x3 <- 0x0003FBB6FAB7FBB6
mem[X,0x0000000080000100] -> 0xD213
mem[X,0x0000000080000102] -> 0x0071
[69] [M]: 0x0000000080000100 (0x0071D213) srli tp, gp, 0x7
x4 <- 0x000007F76DF56FF7
mem[X,0x0000000080000104] -> 0xD793
mem[X,0x0000000080000106] -> 0x0391
[70] [M]: 0x0000000080000104 (0x0391D793) srli a5, gp, 0x39
x15 <- 0x0000000000000000
mem[X,0x0000000080000108] -> 0x6233
mem[X,0x000000008000010A] -> 0x00F2
[71] [M]: 0x0000000080000108 (0x00F26233) or tp, tp, a5
x4 <- 0x000007F76DF56FF7
mem[X,0x000000008000010C] -> 0x5293
mem[X,0x000000008000010E] -> 0x0072
[72] [M]: 0x000000008000010C (0x00725293) srli t0, tp, 0x7
x5 <- 0x0000000FEEDBEADF
mem[X,0x0000000080000110] -> 0x5793
mem[X,0x0000000080000112] -> 0x0392
[73] [M]: 0x0000000080000110 (0x03925793) srli a5, tp, 0x39
x15 <- 0x0000000000000000
mem[X,0x0000000080000114] -> 0xE2B3
mem[X,0x0000000080000116] -> 0x00F2
[74] [M]: 0x0000000080000114 (0x00F2E2B3) or t0, t0, a5
x5 <- 0x0000000FEEDBEADF
mem[X,0x0000000080000118] -> 0xD313
mem[X,0x000000008000011A] -> 0x0072
[75] [M]: 0x0000000080000118 (0x0072D313) srli t1, t0, 0x7
x6 <- 0x000000001FDDB7D5
mem[X,0x000000008000011C] -> 0xD793
mem[X,0x000000008000011E] -> 0x0392
[76] [M]: 0x000000008000011C (0x0392D793) srli a5, t0, 0x39
x15 <- 0x0000000000000000
mem[X,0x0000000080000120] -> 0x6333
mem[X,0x0000000080000122] -> 0x00F3
[77] [M]: 0x0000000080000120 (0x00F36333) or t1, t1, a5
x6 <- 0x000000001FDDB7D5
mem[X,0x0000000080000124] -> 0x5393
mem[X,0x0000000080000126] -> 0x0073
[78] [M]: 0x0000000080000124 (0x00735393) srli t2, t1, 0x7
x7 <- 0x00000000003FBB6F
mem[X,0x0000000080000128] -> 0x5793
mem[X,0x000000008000012A] -> 0x0393
[79] [M]: 0x0000000080000128 (0x03935793) srli a5, t1, 0x39
x15 <- 0x0000000000000000
mem[X,0x000000008000012C] -> 0xE3B3
mem[X,0x000000008000012E] -> 0x00F3
[80] [M]: 0x000000008000012C (0x00F3E3B3) or t2, t2, a5
x7 <- 0x00000000003FBB6F
mem[X,0x0000000080000130] -> 0xD413
mem[X,0x0000000080000132] -> 0x0073
[81] [M]: 0x0000000080000130 (0x0073D413) srli fp, t2, 0x7
x8 <- 0x0000000000007F76
mem[X,0x0000000080000134] -> 0xD793
mem[X,0x0000000080000136] -> 0x0393
[82] [M]: 0x0000000080000134 (0x0393D793) srli a5, t2, 0x39
x15 <- 0x0000000000000000
mem[X,0x0000000080000138] -> 0x6433
mem[X,0x000000008000013A] -> 0x00F4
[83] [M]: 0x0000000080000138 (0x00F46433) or fp, fp, a5
x8 <- 0x0000000000007F76
mem[X,0x000000008000013C] -> 0x5493
mem[X,0x000000008000013E] -> 0x0074
[84] [M]: 0x000000008000013C (0x00745493) srli s1, fp, 0x7
x9 <- 0x00000000000000FE
mem[X,0x0000000080000140] -> 0x5793
mem[X,0x0000000080000142] -> 0x0394
[85] [M]: 0x0000000080000140 (0x03945793) srli a5, fp, 0x39
x15 <- 0x0000000000000000
mem[X,0x0000000080000144] -> 0xE4B3
mem[X,0x0000000080000146] -> 0x00F4
[86] [M]: 0x0000000080000144 (0x00F4E4B3) or s1, s1, a5
x9 <- 0x00000000000000FE
mem[X,0x0000000080000148] -> 0xD513
mem[X,0x000000008000014A] -> 0x0074
[87] [M]: 0x0000000080000148 (0x0074D513) srli a0, s1, 0x7
x10 <- 0x0000000000000001
mem[X,0x000000008000014C] -> 0xD793
mem[X,0x000000008000014E] -> 0x0394
[88] [M]: 0x000000008000014C (0x0394D793) srli a5, s1, 0x39
x15 <- 0x0000000000000000
mem[X,0x0000000080000150] -> 0x6533
mem[X,0x0000000080000152] -> 0x00F5
[89] [M]: 0x0000000080000150 (0x00F56533) or a0, a0, a5
x10 <- 0x0000000000000001
mem[X,0x0000000080000154] -> 0x5593
mem[X,0x0000000080000156] -> 0x0075
[90] [M]: 0x0000000080000154 (0x00755593) srli a1, a0, 0x7
x11 <- 0x0000000000000000
mem[X,0x0000000080000158] -> 0x5793
mem[X,0x000000008000015A] -> 0x0395
[91] [M]: 0x0000000080000158 (0x03955793) srli a5, a0, 0x39
x15 <- 0x0000000000000000
mem[X,0x000000008000015C] -> 0xE5B3
mem[X,0x000000008000015E] -> 0x00F5
[92] [M]: 0x000000008000015C (0x00F5E5B3) or a1, a1, a5
x11 <- 0x0000000000000000
mem[X,0x0000000080000160] -> 0xD613
mem[X,0x0000000080000162] -> 0x0075
[93] [M]: 0x0000000080000160 (0x0075D613) srli a2, a1, 0x7
x12 <- 0x0000000000000000
mem[X,0x0000000080000164] -> 0xD793
mem[X,0x0000000080000166] -> 0x0395
[94] [M]: 0x0000000080000164 (0x0395D793) srli a5, a1, 0x39
x15 <- 0x0000000000000000
mem[X,0x0000000080000168] -> 0x6633
mem[X,0x000000008000016A] -> 0x00F6
[95] [M]: 0x0000000080000168 (0x00F66633) or a2, a2, a5
x12 <- 0x0000000000000000
mem[X,0x000000008000016C] -> 0x5693
mem[X,0x000000008000016E] -> 0x0076
[96] [M]: 0x000000008000016C (0x00765693) srli a3, a2, 0x7
x13 <- 0x0000000000000000
mem[X,0x0000000080000170] -> 0x5793
mem[X,0x0000000080000172] -> 0x0396
[97] [M]: 0x0000000080000170 (0x03965793) srli a5, a2, 0x39
x15 <- 0x0000000000000000
mem[X,0x0000000080000174] -> 0xE6B3
mem[X,0x0000000080000176] -> 0x00F6
[98] [M]: 0x0000000080000174 (0x00F6E6B3) or a3, a3, a5
x13 <- 0x0000000000000000
mem[X,0x0000000080000178] -> 0x0013
mem[X,0x000000008000017A] -> 0x0000
[99] [M]: 0x0000000080000178 (0x00000013) addi zero, zero, 0x0
clint::tick mtime <- 0x0000000000000001
 clint timer pending at mtime 0x0000000000000001
htif::tick 0x0000000000000000
mem[X,0x000000008000017C] -> 0x0013
mem[X,0x000000008000017E] -> 0x0000
[100] [M]: 0x000000008000017C (0x00000013) addi zero, zero, 0x0
mem[X,0x0000000080000180] -> 0x8917
mem[X,0x0000000080000182] -> 0x0004
[101] [M]: 0x0000000080000180 (0x00048917) auipc s2, 0x48
x18 <- 0x0000000080048180
mem[X,0x0000000080000184] -> 0x0913
mem[X,0x0000000080000186] -> 0xF989
[102] [M]: 0x0000000080000184 (0xF9890913) addi s2, s2, -0x68
x18 <- 0x0000000080048118
mem[X,0x0000000080000188] -> 0x0013
mem[X,0x000000008000018A] -> 0x0000
[103] [M]: 0x0000000080000188 (0x00000013) addi zero, zero, 0x0
mem[X,0x000000008000018C] -> 0x0013
mem[X,0x000000008000018E] -> 0x0000
[104] [M]: 0x000000008000018C (0x00000013) addi zero, zero, 0x0
mem[X,0x0000000080000190] -> 0x0013
mem[X,0x0000000080000192] -> 0x0000
[105] [M]: 0x0000000080000190 (0x00000013) addi zero, zero, 0x0
mem[X,0x0000000080000194] -> 0x0013
mem[X,0x0000000080000196] -> 0x0000
[106] [M]: 0x0000000080000194 (0x00000013) addi zero, zero, 0x0
mem[X,0x0000000080000198] -> 0x0013
mem[X,0x000000008000019A] -> 0x0000
[107] [M]: 0x0000000080000198 (0x00000013) addi zero, zero, 0x0
mem[X,0x000000008000019C] -> 0x0013
mem[X,0x000000008000019E] -> 0x0000
[108] [M]: 0x000000008000019C (0x00000013) addi zero, zero, 0x0
mem[X,0x00000000800001A0] -> 0x0D93
mem[X,0x00000000800001A2] -> 0x0010
[109] [M]: 0x00000000800001A0 (0x00100D93) addi s11, zero, 0x1
x27 <- 0x0000000000000001
mem[X,0x00000000800001A4] -> 0x9D93
mem[X,0x00000000800001A6] -> 0x034D
[110] [M]: 0x00000000800001A4 (0x034D9D93) slli s11, s11, 0x34
x27 <- 0x0010000000000000
mem[X,0x00000000800001A8] -> 0x0013
mem[X,0x00000000800001AA] -> 0x0000
[111] [M]: 0x00000000800001A8 (0x00000013) addi zero, zero, 0x0
mem[X,0x00000000800001AC] -> 0x0A93
mem[X,0x00000000800001AE] -> 0x0000
[112] [M]: 0x00000000800001AC (0x00000A93) addi s5, zero, 0x0
x21 <- 0x0000000000000000
mem[X,0x00000000800001B0] -> 0x006F
mem[X,0x00000000800001B2] -> 0x00C0
[113] [M]: 0x00000000800001B0 (0x00C0006F) jal zero, 0xc
mem[X,0x00000000800001BC] -> 0xD063
mem[X,0x00000000800001BE] -> 0x080D
[114] [M]: 0x00000000800001BC (0x080DD063) bge s11, zero, 0x80
mem[X,0x000000008000023C] -> 0x8A93
mem[X,0x000000008000023E] -> 0x003A
[115] [M]: 0x000000008000023C (0x003A8A93) addi s5, s5, 0x3
x21 <- 0x0000000000000003
mem[X,0x0000000080000240] -> 0x006F
mem[X,0x0000000080000242] -> 0x0040
[116] [M]: 0x0000000080000240 (0x0040006F) jal zero, 0x4
mem[X,0x0000000080000244] -> 0x3023
mem[X,0x0000000080000246] -> 0x0159
[117] [M]: 0x0000000080000244 (0x01593023) sd s5, 0x0(s2)
mem[0x0000000080048118] <- 0x0000000000000003
mem[X,0x0000000080000248] -> 0x0413
mem[X,0x000000008000024A] -> 0x0080
[118] [M]: 0x0000000080000248 (0x00800413) addi fp, zero, 0x8
x8 <- 0x0000000000000008
mem[X,0x000000008000024C] -> 0x0413
mem[X,0x000000008000024E] -> 0x0080
[119] [M]: 0x000000008000024C (0x00800413) addi fp, zero, 0x8
x8 <- 0x0000000000000008
mem[X,0x0000000080000250] -> 0x0A93
mem[X,0x0000000080000252] -> 0x0000
[120] [M]: 0x0000000080000250 (0x00000A93) addi s5, zero, 0x0
x21 <- 0x0000000000000000
mem[X,0x0000000080000254] -> 0x006F
mem[X,0x0000000080000256] -> 0x00C0
[121] [M]: 0x0000000080000254 (0x00C0006F) jal zero, 0xc
mem[X,0x0000000080000260] -> 0x5063
mem[X,0x0000000080000262] -> 0x2084
[122] [M]: 0x0000000080000260 (0x20845063) bge fp, fp, 0x200
mem[X,0x0000000080000460] -> 0x8A93
mem[X,0x0000000080000462] -> 0x003A
[123] [M]: 0x0000000080000460 (0x003A8A93) addi s5, s5, 0x3
x21 <- 0x0000000000000003
mem[X,0x0000000080000464] -> 0x006F
mem[X,0x0000000080000466] -> 0x0040
[124] [M]: 0x0000000080000464 (0x0040006F) jal zero, 0x4
mem[X,0x0000000080000468] -> 0x3423
mem[X,0x000000008000046A] -> 0x0159
[125] [M]: 0x0000000080000468 (0x01593423) sd s5, 0x8(s2)
mem[0x0000000080048120] <- 0x0000000000000003
mem[X,0x000000008000046C] -> 0x0113
mem[X,0x000000008000046E] -> 0x0010
[126] [M]: 0x000000008000046C (0x00100113) addi sp, zero, 0x1
x2 <- 0x0000000000000001
mem[X,0x0000000080000470] -> 0x1113
mem[X,0x0000000080000472] -> 0x02A1
[127] [M]: 0x0000000080000470 (0x02A11113) slli sp, sp, 0x2a
x2 <- 0x0000040000000000
mem[X,0x0000000080000474] -> 0x4113
mem[X,0x0000000080000476] -> 0xFFF1
[128] [M]: 0x0000000080000474 (0xFFF14113) xori sp, sp, -0x1
x2 <- 0xFFFFFBFFFFFFFFFF
mem[X,0x0000000080000478] -> 0x0D93
mem[X,0x000000008000047A] -> 0xFFB0
[129] [M]: 0x0000000080000478 (0xFFB00D93) addi s11, zero, -0x5
x27 <- 0xFFFFFFFFFFFFFFFB
mem[X,0x000000008000047C] -> 0x0A93
mem[X,0x000000008000047E] -> 0x0000
[130] [M]: 0x000000008000047C (0x00000A93) addi s5, zero, 0x0
x21 <- 0x0000000000000000
mem[X,0x0000000080000480] -> 0x006F
mem[X,0x0000000080000482] -> 0x00C0
[131] [M]: 0x0000000080000480 (0x00C0006F) jal zero, 0xc
mem[X,0x000000008000048C] -> 0x5CE3
mem[X,0x000000008000048E] -> 0xFFB1
[132] [M]: 0x000000008000048C (0xFFB15CE3) bge sp, s11, -0x8
mem[X,0x0000000080000490] -> 0x8A93
mem[X,0x0000000080000492] -> 0x002A
[133] [M]: 0x0000000080000490 (0x002A8A93) addi s5, s5, 0x2
x21 <- 0x0000000000000002
mem[X,0x0000000080000494] -> 0x006F
mem[X,0x0000000080000496] -> 0x00C0
[134] [M]: 0x0000000080000494 (0x00C0006F) jal zero, 0xc
mem[X,0x00000000800004A0] -> 0x3823
mem[X,0x00000000800004A2] -> 0x0159
[135] [M]: 0x00000000800004A0 (0x01593823) sd s5, 0x10(s2)
mem[0x0000000080048128] <- 0x0000000000000002
mem[X,0x00000000800004A4] -> 0x0E13
mem[X,0x00000000800004A6] -> 0xFBF0
[136] [M]: 0x00000000800004A4 (0xFBF00E13) addi t3, zero, -0x41
x28 <- 0xFFFFFFFFFFFFFFBF
mem[X,0x00000000800004A8] -> 0x0193
mem[X,0x00000000800004AA] -> 0x0010
[137] [M]: 0x00000000800004A8 (0x00100193) addi gp, zero, 0x1
x3 <- 0x0000000000000001
mem[X,0x00000000800004AC] -> 0x9193
mem[X,0x00000000800004AE] -> 0x0181
[138] [M]: 0x00000000800004AC (0x01819193) slli gp, gp, 0x18
x3 <- 0x0000000001000000
mem[X,0x00000000800004B0] -> 0x0A93
mem[X,0x00000000800004B2] -> 0x0000
[139] [M]: 0x00000000800004B0 (0x00000A93) addi s5, zero, 0x0
x21 <- 0x0000000000000000
mem[X,0x00000000800004B4] -> 0x006F
mem[X,0x00000000800004B6] -> 0x00C0
[140] [M]: 0x00000000800004B4 (0x00C0006F) jal zero, 0xc
mem[X,0x00000000800004C0] -> 0x5CE3
mem[X,0x00000000800004C2] -> 0xFE3E
[141] [M]: 0x00000000800004C0 (0xFE3E5CE3) bge t3, gp, -0x8
mem[X,0x00000000800004C4] -> 0x8A93
mem[X,0x00000000800004C6] -> 0x002A
[142] [M]: 0x00000000800004C4 (0x002A8A93) addi s5, s5, 0x2
x21 <- 0x0000000000000002
mem[X,0x00000000800004C8] -> 0x006F
mem[X,0x00000000800004CA] -> 0x00C0
[143] [M]: 0x00000000800004C8 (0x00C0006F) jal zero, 0xc
mem[X,0x00000000800004D4] -> 0x3C23
mem[X,0x00000000800004D6] -> 0x0159
[144] [M]: 0x00000000800004D4 (0x01593C23) sd s5, 0x18(s2)
mem[0x0000000080048130] <- 0x0000000000000002
mem[X,0x00000000800004D8] -> 0x0D13
mem[X,0x00000000800004DA] -> 0x4000
[145] [M]: 0x00000000800004D8 (0x40000D13) addi s10, zero, 0x400
x26 <- 0x0000000000000400
mem[X,0x00000000800004DC] -> 0x0493
mem[X,0x00000000800004DE] -> 0x4000
[146] [M]: 0x00000000800004DC (0x40000493) addi s1, zero, 0x400
x9 <- 0x0000000000000400
mem[X,0x00000000800004E0] -> 0x0A93
mem[X,0x00000000800004E2] -> 0x0000
[147] [M]: 0x00000000800004E0 (0x00000A93) addi s5, zero, 0x0
x21 <- 0x0000000000000000
mem[X,0x00000000800004E4] -> 0x006F
mem[X,0x00000000800004E6] -> 0x00C0
[148] [M]: 0x00000000800004E4 (0x00C0006F) jal zero, 0xc
mem[X,0x00000000800004F0] -> 0x5663
mem[X,0x00000000800004F2] -> 0x009D
[149] [M]: 0x00000000800004F0 (0x009D5663) bge s10, s1, 0xc
mem[X,0x00000000800004FC] -> 0x8A93
mem[X,0x00000000800004FE] -> 0x003A
[150] [M]: 0x00000000800004FC (0x003A8A93) addi s5, s5, 0x3
x21 <- 0x0000000000000003
mem[X,0x0000000080000500] -> 0x006F
mem[X,0x0000000080000502] -> 0x0040
[151] [M]: 0x0000000080000500 (0x0040006F) jal zero, 0x4
mem[X,0x0000000080000504] -> 0x3023
mem[X,0x0000000080000506] -> 0x0359
[152] [M]: 0x0000000080000504 (0x03593023) sd s5, 0x20(s2)
mem[0x0000000080048138] <- 0x0000000000000003
mem[X,0x0000000080000508] -> 0x0813
mem[X,0x000000008000050A] -> 0x0010
[153] [M]: 0x0000000080000508 (0x00100813) addi a6, zero, 0x1
x16 <- 0x0000000000000001
mem[X,0x000000008000050C] -> 0x1813
mem[X,0x000000008000050E] -> 0x0208
[154] [M]: 0x000000008000050C (0x02081813) slli a6, a6, 0x20
x16 <- 0x0000000100000000
mem[X,0x0000000080000510] -> 0x4813
mem[X,0x0000000080000512] -> 0xFFF8
[155] [M]: 0x0000000080000510 (0xFFF84813) xori a6, a6, -0x1
x16 <- 0xFFFFFFFEFFFFFFFF
mem[X,0x0000000080000514] -> 0x0A13
mem[X,0x0000000080000516] -> 0x0010
[156] [M]: 0x0000000080000514 (0x00100A13) addi s4, zero, 0x1
x20 <- 0x0000000000000001
mem[X,0x0000000080000518] -> 0x1A13
mem[X,0x000000008000051A] -> 0x020A
[157] [M]: 0x0000000080000518 (0x020A1A13) slli s4, s4, 0x20
x20 <- 0x0000000100000000
mem[X,0x000000008000051C] -> 0x4A13
mem[X,0x000000008000051E] -> 0xFFFA
[158] [M]: 0x000000008000051C (0xFFFA4A13) xori s4, s4, -0x1
x20 <- 0xFFFFFFFEFFFFFFFF
mem[X,0x0000000080000520] -> 0x0A93
mem[X,0x0000000080000522] -> 0x0000
[159] [M]: 0x0000000080000520 (0x00000A93) addi s5, zero, 0x0
x21 <- 0x0000000000000000
mem[X,0x0000000080000524] -> 0x006F
mem[X,0x0000000080000526] -> 0x0140
[160] [M]: 0x0000000080000524 (0x0140006F) jal zero, 0x14
mem[X,0x0000000080000538] -> 0x58E3
mem[X,0x000000008000053A] -> 0xFF48
[161] [M]: 0x0000000080000538 (0xFF4858E3) bge a6, s4, -0x10
mem[X,0x0000000080000528] -> 0x8A93
mem[X,0x000000008000052A] -> 0x001A
[162] [M]: 0x0000000080000528 (0x001A8A93) addi s5, s5, 0x1
x21 <- 0x0000000000000001
mem[X,0x000000008000052C] -> 0x006F
mem[X,0x000000008000052E] -> 0x0200
[163] [M]: 0x000000008000052C (0x0200006F) jal zero, 0x20
mem[X,0x000000008000054C] -> 0x3423
mem[X,0x000000008000054E] -> 0x0359
[164] [M]: 0x000000008000054C (0x03593423) sd s5, 0x28(s2)
mem[0x0000000080048140] <- 0x0000000000000001
mem[X,0x0000000080000550] -> 0x0713
mem[X,0x0000000080000552] -> 0x0010
[165] [M]: 0x0000000080000550 (0x00100713) addi a4, zero, 0x1
x14 <- 0x0000000000000001
mem[X,0x0000000080000554] -> 0x1713
mem[X,0x0000000080000556] -> 0x02E7
[166] [M]: 0x0000000080000554 (0x02E71713) slli a4, a4, 0x2e
x14 <- 0x0000400000000000
mem[X,0x0000000080000558] -> 0x0513
mem[X,0x000000008000055A] -> 0x0010
[167] [M]: 0x0000000080000558 (0x00100513) addi a0, zero, 0x1
x10 <- 0x0000000000000001
mem[X,0x000000008000055C] -> 0x1513
mem[X,0x000000008000055E] -> 0x01D5
[168] [M]: 0x000000008000055C (0x01D51513) slli a0, a0, 0x1d
x10 <- 0x0000000020000000
mem[X,0x0000000080000560] -> 0x4513
mem[X,0x0000000080000562] -> 0xFFF5
[169] [M]: 0x0000000080000560 (0xFFF54513) xori a0, a0, -0x1
x10 <- 0xFFFFFFFFDFFFFFFF
mem[X,0x0000000080000564] -> 0x0A93
mem[X,0x0000000080000566] -> 0x0000
[170] [M]: 0x0000000080000564 (0x00000A93) addi s5, zero, 0x0
x21 <- 0x0000000000000000
mem[X,0x0000000080000568] -> 0x006F
mem[X,0x000000008000056A] -> 0x0140
[171] [M]: 0x0000000080000568 (0x0140006F) jal zero, 0x14
mem[X,0x000000008000057C] -> 0x58E3
mem[X,0x000000008000057E] -> 0xFEA7
[172] [M]: 0x000000008000057C (0xFEA758E3) bge a4, a0, -0x10
mem[X,0x000000008000056C] -> 0x8A93
mem[X,0x000000008000056E] -> 0x001A
[173] [M]: 0x000000008000056C (0x001A8A93) addi s5, s5, 0x1
x21 <- 0x0000000000000001
mem[X,0x0000000080000570] -> 0x006F
mem[X,0x0000000080000572] -> 0x0200
[174] [M]: 0x0000000080000570 (0x0200006F) jal zero, 0x20
mem[X,0x0000000080000590] -> 0x3823
mem[X,0x0000000080000592] -> 0x0359
[175] [M]: 0x0000000080000590 (0x03593823) sd s5, 0x30(s2)
mem[0x0000000080048148] <- 0x0000000000000001
mem[X,0x0000000080000594] -> 0x0213
mem[X,0x0000000080000596] -> 0x0010
[176] [M]: 0x0000000080000594 (0x00100213) addi tp, zero, 0x1
x4 <- 0x0000000000000001
mem[X,0x0000000080000598] -> 0x1213
mem[X,0x000000008000059A] -> 0x0262
[177] [M]: 0x0000000080000598 (0x02621213) slli tp, tp, 0x26
x4 <- 0x0000004000000000
mem[X,0x000000008000059C] -> 0x4213
mem[X,0x000000008000059E] -> 0xFFF2
[178] [M]: 0x000000008000059C (0xFFF24213) xori tp, tp, -0x1
x4 <- 0xFFFFFFBFFFFFFFFF
mem[X,0x00000000800005A0] -> 0x0813
mem[X,0x00000000800005A2] -> 0x0010
[179] [M]: 0x00000000800005A0 (0x00100813) addi a6, zero, 0x1
x16 <- 0x0000000000000001
mem[X,0x00000000800005A4] -> 0x1813
mem[X,0x00000000800005A6] -> 0x01C8
[180] [M]: 0x00000000800005A4 (0x01C81813) slli a6, a6, 0x1c
x16 <- 0x0000000010000000
mem[X,0x00000000800005A8] -> 0x4813
mem[X,0x00000000800005AA] -> 0xFFF8
[181] [M]: 0x00000000800005A8 (0xFFF84813) xori a6, a6, -0x1
x16 <- 0xFFFFFFFFEFFFFFFF
mem[X,0x00000000800005AC] -> 0x0A93
mem[X,0x00000000800005AE] -> 0x0000
[182] [M]: 0x00000000800005AC (0x00000A93) addi s5, zero, 0x0
x21 <- 0x0000000000000000
mem[X,0x00000000800005B0] -> 0x006F
mem[X,0x00000000800005B2] -> 0x00C0
[183] [M]: 0x00000000800005B0 (0x00C0006F) jal zero, 0xc
mem[X,0x00000000800005BC] -> 0x5063
mem[X,0x00000000800005BE] -> 0x0902
[184] [M]: 0x00000000800005BC (0x09025063) bge tp, a6, 0x80
mem[X,0x00000000800005C0] -> 0x8A93
mem[X,0x00000000800005C2] -> 0x002A
[185] [M]: 0x00000000800005C0 (0x002A8A93) addi s5, s5, 0x2
x21 <- 0x0000000000000002
mem[X,0x00000000800005C4] -> 0x006F
mem[X,0x00000000800005C6] -> 0x0800
[186] [M]: 0x00000000800005C4 (0x0800006F) jal zero, 0x80
mem[X,0x0000000080000644] -> 0x3C23
mem[X,0x0000000080000646] -> 0x0359
[187] [M]: 0x0000000080000644 (0x03593C23) sd s5, 0x38(s2)
mem[0x0000000080048150] <- 0x0000000000000002
mem[X,0x0000000080000648] -> 0x0C93
mem[X,0x000000008000064A] -> 0x0010
[188] [M]: 0x0000000080000648 (0x00100C93) addi s9, zero, 0x1
x25 <- 0x0000000000000001
mem[X,0x000000008000064C] -> 0x9C93
mem[X,0x000000008000064E] -> 0x020C
[189] [M]: 0x000000008000064C (0x020C9C93) slli s9, s9, 0x20
x25 <- 0x0000000100000000
mem[X,0x0000000080000650] -> 0x0E13
mem[X,0x0000000080000652] -> 0x0010
[190] [M]: 0x0000000080000650 (0x00100E13) addi t3, zero, 0x1
x28 <- 0x0000000000000001
mem[X,0x0000000080000654] -> 0x0A93
mem[X,0x0000000080000656] -> 0x0000
[191] [M]: 0x0000000080000654 (0x00000A93) addi s5, zero, 0x0
x21 <- 0x0000000000000000
mem[X,0x0000000080000658] -> 0x006F
mem[X,0x000000008000065A] -> 0x00C0
[192] [M]: 0x0000000080000658 (0x00C0006F) jal zero, 0xc
mem[X,0x0000000080000664] -> 0xD663
mem[X,0x0000000080000666] -> 0x01CC
[193] [M]: 0x0000000080000664 (0x01CCD663) bge s9, t3, 0xc
mem[X,0x0000000080000670] -> 0x8A93
mem[X,0x0000000080000672] -> 0x003A
[194] [M]: 0x0000000080000670 (0x003A8A93) addi s5, s5, 0x3
x21 <- 0x0000000000000003
mem[X,0x0000000080000674] -> 0x006F
mem[X,0x0000000080000676] -> 0x0040
[195] [M]: 0x0000000080000674 (0x0040006F) jal zero, 0x4
mem[X,0x0000000080000678] -> 0x3023
mem[X,0x000000008000067A] -> 0x0559
[196] [M]: 0x0000000080000678 (0x05593023) sd s5, 0x40(s2)
mem[0x0000000080048158] <- 0x0000000000000003
mem[X,0x000000008000067C] -> 0x0293
mem[X,0x000000008000067E] -> 0x0010
[197] [M]: 0x000000008000067C (0x00100293) addi t0, zero, 0x1
x5 <- 0x0000000000000001
mem[X,0x0000000080000680] -> 0x9293
mem[X,0x0000000080000682] -> 0x02F2
[198] [M]: 0x0000000080000680 (0x02F29293) slli t0, t0, 0x2f
x5 <- 0x0000800000000000
mem[X,0x0000000080000684] -> 0xC293
mem[X,0x0000000080000686] -> 0xFFF2
[199] [M]: 0x0000000080000684 (0xFFF2C293) xori t0, t0, -0x1
x5 <- 0xFFFF7FFFFFFFFFFF
clint::tick mtime <- 0x0000000000000002
 clint timer pending at mtime 0x0000000000000002
htif::tick 0x0000000000000000
mem[X,0x0000000080000688] -> 0x0F93
mem[X,0x000000008000068A] -> 0x0020
[200] [M]: 0x0000000080000688 (0x00200F93) addi t6, zero, 0x2
x31 <- 0x0000000000000002
mem[X,0x000000008000068C] -> 0x0A93
mem[X,0x000000008000068E] -> 0x0000
[201] [M]: 0x000000008000068C (0x00000A93) addi s5, zero, 0x0
x21 <- 0x0000000000000000
mem[X,0x0000000080000690] -> 0x006F
mem[X,0x0000000080000692] -> 0x00C0
[202] [M]: 0x0000000080000690 (0x00C0006F) jal zero, 0xc
mem[X,0x000000008000069C] -> 0xDCE3
mem[X,0x000000008000069E] -> 0xFFF2
[203] [M]: 0x000000008000069C (0xFFF2DCE3) bge t0, t6, -0x8
mem[X,0x00000000800006A0] -> 0x8A93
mem[X,0x00000000800006A2] -> 0x002A
[204] [M]: 0x00000000800006A0 (0x002A8A93) addi s5, s5, 0x2
x21 <- 0x0000000000000002
mem[X,0x00000000800006A4] -> 0x006F
mem[X,0x00000000800006A6] -> 0x00C0
[205] [M]: 0x00000000800006A4 (0x00C0006F) jal zero, 0xc
mem[X,0x00000000800006B0] -> 0x3423
mem[X,0x00000000800006B2] -> 0x0559
[206] [M]: 0x00000000800006B0 (0x05593423) sd s5, 0x48(s2)
mem[0x0000000080048160] <- 0x0000000000000002
mem[X,0x00000000800006B4] -> 0x0B13
mem[X,0x00000000800006B6] -> 0x0010
[207] [M]: 0x00000000800006B4 (0x00100B13) addi s6, zero, 0x1
x22 <- 0x0000000000000001
mem[X,0x00000000800006B8] -> 0x1B13
mem[X,0x00000000800006BA] -> 0x00EB
[208] [M]: 0x00000000800006B8 (0x00EB1B13) slli s6, s6, 0xe
x22 <- 0x0000000000004000
mem[X,0x00000000800006BC] -> 0x4B13
mem[X,0x00000000800006BE] -> 0xFFFB
[209] [M]: 0x00000000800006BC (0xFFFB4B13) xori s6, s6, -0x1
x22 <- 0xFFFFFFFFFFFFBFFF
mem[X,0x00000000800006C0] -> 0x0993
mem[X,0x00000000800006C2] -> 0x0040
[210] [M]: 0x00000000800006C0 (0x00400993) addi s3, zero, 0x4
x19 <- 0x0000000000000004
mem[X,0x00000000800006C4] -> 0x0A93
mem[X,0x00000000800006C6] -> 0x0000
[211] [M]: 0x00000000800006C4 (0x00000A93) addi s5, zero, 0x0
x21 <- 0x0000000000000000
mem[X,0x00000000800006C8] -> 0x006F
mem[X,0x00000000800006CA] -> 0x0100
[212] [M]: 0x00000000800006C8 (0x0100006F) jal zero, 0x10
mem[X,0x00000000800006D8] -> 0x5AE3
mem[X,0x00000000800006DA] -> 0xFF3B
[213] [M]: 0x00000000800006D8 (0xFF3B5AE3) bge s6, s3, -0xc
mem[X,0x00000000800006DC] -> 0x8A93
mem[X,0x00000000800006DE] -> 0x002A
[214] [M]: 0x00000000800006DC (0x002A8A93) addi s5, s5, 0x2
x21 <- 0x0000000000000002
mem[X,0x00000000800006E0] -> 0x006F
mem[X,0x00000000800006E2] -> 0x00C0
[215] [M]: 0x00000000800006E0 (0x00C0006F) jal zero, 0xc
mem[X,0x00000000800006EC] -> 0x3823
mem[X,0x00000000800006EE] -> 0x0559
[216] [M]: 0x00000000800006EC (0x05593823) sd s5, 0x50(s2)
mem[0x0000000080048168] <- 0x0000000000000002
mem[X,0x00000000800006F0] -> 0x0BB7
mem[X,0x00000000800006F2] -> 0x0000
[217] [M]: 0x00000000800006F0 (0x00000BB7) lui s7, 0x0
x23 <- 0x0000000000000000
mem[X,0x00000000800006F4] -> 0x8B93
mem[X,0x00000000800006F6] -> 0xFFFB
[218] [M]: 0x00000000800006F4 (0xFFFB8B93) addi s7, s7, -0x1
x23 <- 0xFFFFFFFFFFFFFFFF
mem[X,0x00000000800006F8] -> 0x9B93
mem[X,0x00000000800006FA] -> 0x00BB
[219] [M]: 0x00000000800006F8 (0x00BB9B93) slli s7, s7, 0xb
x23 <- 0xFFFFFFFFFFFFF800
mem[X,0x00000000800006FC] -> 0x8B93
mem[X,0x00000000800006FE] -> 0x257B
[220] [M]: 0x00000000800006FC (0x257B8B93) addi s7, s7, 0x257
x23 <- 0xFFFFFFFFFFFFFA57
mem[X,0x0000000080000700] -> 0x9B93
mem[X,0x0000000080000702] -> 0x00BB
[221] [M]: 0x0000000080000700 (0x00BB9B93) slli s7, s7, 0xb
x23 <- 0xFFFFFFFFFFD2B800
mem[X,0x0000000080000704] -> 0x8B93
mem[X,0x0000000080000706] -> 0x6C3B
[222] [M]: 0x0000000080000704 (0x6C3B8B93) addi s7, s7, 0x6c3
x23 <- 0xFFFFFFFFFFD2BEC3
mem[X,0x0000000080000708] -> 0x9B93
mem[X,0x000000008000070A] -> 0x00AB
[223] [M]: 0x0000000080000708 (0x00AB9B93) slli s7, s7, 0xa
x23 <- 0xFFFFFFFF4AFB0C00
mem[X,0x000000008000070C] -> 0x8B93
mem[X,0x000000008000070E] -> 0x0CDB
[224] [M]: 0x000000008000070C (0x0CDB8B93) addi s7, s7, 0xcd
x23 <- 0xFFFFFFFF4AFB0CCD
mem[X,0x0000000080000710] -> 0x0613
mem[X,0x0000000080000712] -> 0x0080
[225] [M]: 0x0000000080000710 (0x00800613) addi a2, zero, 0x8
x12 <- 0x0000000000000008
mem[X,0x0000000080000714] -> 0x0A93
mem[X,0x0000000080000716] -> 0x0000
[226] [M]: 0x0000000080000714 (0x00000A93) addi s5, zero, 0x0
x21 <- 0x0000000000000000
mem[X,0x0000000080000718] -> 0x006F
mem[X,0x000000008000071A] -> 0x00C0
[227] [M]: 0x0000000080000718 (0x00C0006F) jal zero, 0xc
mem[X,0x0000000080000724] -> 0xD063
mem[X,0x0000000080000726] -> 0x08CB
[228] [M]: 0x0000000080000724 (0x08CBD063) bge s7, a2, 0x80
mem[X,0x0000000080000728] -> 0x8A93
mem[X,0x000000008000072A] -> 0x002A
[229] [M]: 0x0000000080000728 (0x002A8A93) addi s5, s5, 0x2
x21 <- 0x0000000000000002
mem[X,0x000000008000072C] -> 0x006F
mem[X,0x000000008000072E] -> 0x0800
[230] [M]: 0x000000008000072C (0x0800006F) jal zero, 0x80
mem[X,0x00000000800007AC] -> 0x3C23
mem[X,0x00000000800007AE] -> 0x0559
[231] [M]: 0x00000000800007AC (0x05593C23) sd s5, 0x58(s2)
mem[0x0000000080048170] <- 0x0000000000000002
mem[X,0x00000000800007B0] -> 0x0613
mem[X,0x00000000800007B2] -> 0x0010
[232] [M]: 0x00000000800007B0 (0x00100613) addi a2, zero, 0x1
x12 <- 0x0000000000000001
mem[X,0x00000000800007B4] -> 0x1613
mem[X,0x00000000800007B6] -> 0x0226
[233] [M]: 0x00000000800007B4 (0x02261613) slli a2, a2, 0x22
x12 <- 0x0000000400000000
mem[X,0x00000000800007B8] -> 0x4613
mem[X,0x00000000800007BA] -> 0xFFF6
[234] [M]: 0x00000000800007B8 (0xFFF64613) xori a2, a2, -0x1
x12 <- 0xFFFFFFFBFFFFFFFF
mem[X,0x00000000800007BC] -> 0x0D13
mem[X,0x00000000800007BE] -> 0x0100
[235] [M]: 0x00000000800007BC (0x01000D13) addi s10, zero, 0x10
x26 <- 0x0000000000000010
mem[X,0x00000000800007C0] -> 0x0A93
mem[X,0x00000000800007C2] -> 0x0000
[236] [M]: 0x00000000800007C0 (0x00000A93) addi s5, zero, 0x0
x21 <- 0x0000000000000000
mem[X,0x00000000800007C4] -> 0x006F
mem[X,0x00000000800007C6] -> 0x00C0
[237] [M]: 0x00000000800007C4 (0x00C0006F) jal zero, 0xc
mem[X,0x00000000800007D0] -> 0x5CE3
mem[X,0x00000000800007D2] -> 0xFFA6
[238] [M]: 0x00000000800007D0 (0xFFA65CE3) bge a2, s10, -0x8
mem[X,0x00000000800007D4] -> 0x8A93
mem[X,0x00000000800007D6] -> 0x002A
[239] [M]: 0x00000000800007D4 (0x002A8A93) addi s5, s5, 0x2
x21 <- 0x0000000000000002
mem[X,0x00000000800007D8] -> 0x006F
mem[X,0x00000000800007DA] -> 0x00C0
[240] [M]: 0x00000000800007D8 (0x00C0006F) jal zero, 0xc
mem[X,0x00000000800007E4] -> 0x3023
mem[X,0x00000000800007E6] -> 0x0759
[241] [M]: 0x00000000800007E4 (0x07593023) sd s5, 0x60(s2)
mem[0x0000000080048178] <- 0x0000000000000002
mem[X,0x00000000800007E8] -> 0x0093
mem[X,0x00000000800007EA] -> 0x0050
[242] [M]: 0x00000000800007E8 (0x00500093) addi ra, zero, 0x5
x1 <- 0x0000000000000005
mem[X,0x00000000800007EC] -> 0x0E93
mem[X,0x00000000800007EE] -> 0x0200
[243] [M]: 0x00000000800007EC (0x02000E93) addi t4, zero, 0x20
x29 <- 0x0000000000000020
mem[X,0x00000000800007F0] -> 0x0A93
mem[X,0x00000000800007F2] -> 0x0000
[244] [M]: 0x00000000800007F0 (0x00000A93) addi s5, zero, 0x0
x21 <- 0x0000000000000000
mem[X,0x00000000800007F4] -> 0x006F
mem[X,0x00000000800007F6] -> 0x0100
[245] [M]: 0x00000000800007F4 (0x0100006F) jal zero, 0x10
mem[X,0x0000000080000804] -> 0xDAE3
mem[X,0x0000000080000806] -> 0xFFD0
[246] [M]: 0x0000000080000804 (0xFFD0DAE3) bge ra, t4, -0xc
mem[X,0x0000000080000808] -> 0x8A93
mem[X,0x000000008000080A] -> 0x002A
[247] [M]: 0x0000000080000808 (0x002A8A93) addi s5, s5, 0x2
x21 <- 0x0000000000000002
mem[X,0x000000008000080C] -> 0x006F
mem[X,0x000000008000080E] -> 0x00C0
[248] [M]: 0x000000008000080C (0x00C0006F) jal zero, 0xc
mem[X,0x0000000080000818] -> 0x3423
mem[X,0x000000008000081A] -> 0x0759
[249] [M]: 0x0000000080000818 (0x07593423) sd s5, 0x68(s2)
mem[0x0000000080048180] <- 0x0000000000000002
mem[X,0x000000008000081C] -> 0x0F13
mem[X,0x000000008000081E] -> 0x0010
[250] [M]: 0x000000008000081C (0x00100F13) addi t5, zero, 0x1
x30 <- 0x0000000000000001
mem[X,0x0000000080000820] -> 0x1F13
mem[X,0x0000000080000822] -> 0x02DF
[251] [M]: 0x0000000080000820 (0x02DF1F13) slli t5, t5, 0x2d
x30 <- 0x0000200000000000
mem[X,0x0000000080000824] -> 0x4F13
mem[X,0x0000000080000826] -> 0xFFFF
[252] [M]: 0x0000000080000824 (0xFFFF4F13) xori t5, t5, -0x1
x30 <- 0xFFFFDFFFFFFFFFFF
mem[X,0x0000000080000828] -> 0x0113
mem[X,0x000000008000082A] -> 0x0800
[253] [M]: 0x0000000080000828 (0x08000113) addi sp, zero, 0x80
x2 <- 0x0000000000000080
mem[X,0x000000008000082C] -> 0x0A93
mem[X,0x000000008000082E] -> 0x0000
[254] [M]: 0x000000008000082C (0x00000A93) addi s5, zero, 0x0
x21 <- 0x0000000000000000
mem[X,0x0000000080000830] -> 0x006F
mem[X,0x0000000080000832] -> 0x00C0
[255] [M]: 0x0000000080000830 (0x00C0006F) jal zero, 0xc
mem[X,0x000000008000083C] -> 0x5063
mem[X,0x000000008000083E] -> 0x042F
[256] [M]: 0x000000008000083C (0x042F5063) bge t5, sp, 0x40
mem[X,0x0000000080000840] -> 0x8A93
mem[X,0x0000000080000842] -> 0x002A
[257] [M]: 0x0000000080000840 (0x002A8A93) addi s5, s5, 0x2
x21 <- 0x0000000000000002
mem[X,0x0000000080000844] -> 0x006F
mem[X,0x0000000080000846] -> 0x0400
[258] [M]: 0x0000000080000844 (0x0400006F) jal zero, 0x40
mem[X,0x0000000080000884] -> 0x3823
mem[X,0x0000000080000886] -> 0x0759
[259] [M]: 0x0000000080000884 (0x07593823) sd s5, 0x70(s2)
mem[0x0000000080048188] <- 0x0000000000000002
mem[X,0x0000000080000888] -> 0x0493
mem[X,0x000000008000088A] -> 0x0010
[260] [M]: 0x0000000080000888 (0x00100493) addi s1, zero, 0x1
x9 <- 0x0000000000000001
mem[X,0x000000008000088C] -> 0x9493
mem[X,0x000000008000088E] -> 0x02A4
[261] [M]: 0x000000008000088C (0x02A49493) slli s1, s1, 0x2a
x9 <- 0x0000040000000000
mem[X,0x0000000080000890] -> 0x0C93
mem[X,0x0000000080000892] -> 0x1000
[262] [M]: 0x0000000080000890 (0x10000C93) addi s9, zero, 0x100
x25 <- 0x0000000000000100
mem[X,0x0000000080000894] -> 0x0A93
mem[X,0x0000000080000896] -> 0x0000
[263] [M]: 0x0000000080000894 (0x00000A93) addi s5, zero, 0x0
x21 <- 0x0000000000000000
mem[X,0x0000000080000898] -> 0x006F
mem[X,0x000000008000089A] -> 0x00C0
[264] [M]: 0x0000000080000898 (0x00C0006F) jal zero, 0xc
mem[X,0x00000000800008A4] -> 0xD063
mem[X,0x00000000800008A6] -> 0x0394
[265] [M]: 0x00000000800008A4 (0x0394D063) bge s1, s9, 0x20
mem[X,0x00000000800008C4] -> 0x8A93
mem[X,0x00000000800008C6] -> 0x003A
[266] [M]: 0x00000000800008C4 (0x003A8A93) addi s5, s5, 0x3
x21 <- 0x0000000000000003
mem[X,0x00000000800008C8] -> 0x006F
mem[X,0x00000000800008CA] -> 0x0040
[267] [M]: 0x00000000800008C8 (0x0040006F) jal zero, 0x4
mem[X,0x00000000800008CC] -> 0x3C23
mem[X,0x00000000800008CE] -> 0x0759
[268] [M]: 0x00000000800008CC (0x07593C23) sd s5, 0x78(s2)
mem[0x0000000080048190] <- 0x0000000000000003
mem[X,0x00000000800008D0] -> 0x0E93
mem[X,0x00000000800008D2] -> 0x0010
[269] [M]: 0x00000000800008D0 (0x00100E93) addi t4, zero, 0x1
x29 <- 0x0000000000000001
mem[X,0x00000000800008D4] -> 0x9E93
mem[X,0x00000000800008D6] -> 0x022E
[270] [M]: 0x00000000800008D4 (0x022E9E93) slli t4, t4, 0x22
x29 <- 0x0000000400000000
mem[X,0x00000000800008D8] -> 0x0793
mem[X,0x00000000800008DA] -> 0x2000
[271] [M]: 0x00000000800008D8 (0x20000793) addi a5, zero, 0x200
x15 <- 0x0000000000000200
mem[X,0x00000000800008DC] -> 0x0A93
mem[X,0x00000000800008DE] -> 0x0000
[272] [M]: 0x00000000800008DC (0x00000A93) addi s5, zero, 0x0
x21 <- 0x0000000000000000
mem[X,0x00000000800008E0] -> 0x006F
mem[X,0x00000000800008E2] -> 0x00C0
[273] [M]: 0x00000000800008E0 (0x00C0006F) jal zero, 0xc
mem[X,0x00000000800008EC] -> 0xDCE3
mem[X,0x00000000800008EE] -> 0xFEFE
[274] [M]: 0x00000000800008EC (0xFEFEDCE3) bge t4, a5, -0x8
mem[X,0x00000000800008E4] -> 0x8A93
mem[X,0x00000000800008E6] -> 0x001A
[275] [M]: 0x00000000800008E4 (0x001A8A93) addi s5, s5, 0x1
x21 <- 0x0000000000000001
mem[X,0x00000000800008E8] -> 0x006F
mem[X,0x00000000800008EA] -> 0x0180
[276] [M]: 0x00000000800008E8 (0x0180006F) jal zero, 0x18
mem[X,0x0000000080000900] -> 0x3023
mem[X,0x0000000080000902] -> 0x0959
[277] [M]: 0x0000000080000900 (0x09593023) sd s5, 0x80(s2)
mem[0x0000000080048198] <- 0x0000000000000001
mem[X,0x0000000080000904] -> 0x0F93
mem[X,0x0000000080000906] -> 0x0010
[278] [M]: 0x0000000080000904 (0x00100F93) addi t6, zero, 0x1
x31 <- 0x0000000000000001
mem[X,0x0000000080000908] -> 0x9F93
mem[X,0x000000008000090A] -> 0x033F
[279] [M]: 0x0000000080000908 (0x033F9F93) slli t6, t6, 0x33
x31 <- 0x0008000000000000
mem[X,0x000000008000090C] -> 0xCF93
mem[X,0x000000008000090E] -> 0xFFFF
[280] [M]: 0x000000008000090C (0xFFFFCF93) xori t6, t6, -0x1
x31 <- 0xFFF7FFFFFFFFFFFF
mem[X,0x0000000080000910] -> 0x0313
mem[X,0x0000000080000912] -> 0x0010
[281] [M]: 0x0000000080000910 (0x00100313) addi t1, zero, 0x1
x6 <- 0x0000000000000001
mem[X,0x0000000080000914] -> 0x1313
mem[X,0x0000000080000916] -> 0x00B3
[282] [M]: 0x0000000080000914 (0x00B31313) slli t1, t1, 0xb
x6 <- 0x0000000000000800
mem[X,0x0000000080000918] -> 0x0A93
mem[X,0x000000008000091A] -> 0x0000
[283] [M]: 0x0000000080000918 (0x00000A93) addi s5, zero, 0x0
x21 <- 0x0000000000000000
mem[X,0x000000008000091C] -> 0x006F
mem[X,0x000000008000091E] -> 0x00C0
[284] [M]: 0x000000008000091C (0x00C0006F) jal zero, 0xc
mem[X,0x0000000080000928] -> 0xD863
mem[X,0x000000008000092A] -> 0x006F
[285] [M]: 0x0000000080000928 (0x006FD863) bge t6, t1, 0x10
mem[X,0x000000008000092C] -> 0x8A93
mem[X,0x000000008000092E] -> 0x002A
[286] [M]: 0x000000008000092C (0x002A8A93) addi s5, s5, 0x2
x21 <- 0x0000000000000002
mem[X,0x0000000080000930] -> 0x006F
mem[X,0x0000000080000932] -> 0x0100
[287] [M]: 0x0000000080000930 (0x0100006F) jal zero, 0x10
mem[X,0x0000000080000940] -> 0x3423
mem[X,0x0000000080000942] -> 0x0959
[288] [M]: 0x0000000080000940 (0x09593423) sd s5, 0x88(s2)
mem[0x00000000800481A0] <- 0x0000000000000002
mem[X,0x0000000080000944] -> 0x0513
mem[X,0x0000000080000946] -> 0x0010
[289] [M]: 0x0000000080000944 (0x00100513) addi a0, zero, 0x1
x10 <- 0x0000000000000001
mem[X,0x0000000080000948] -> 0x1513
mem[X,0x000000008000094A] -> 0x0125
[290] [M]: 0x0000000080000948 (0x01251513) slli a0, a0, 0x12
x10 <- 0x0000000000040000
mem[X,0x000000008000094C] -> 0x0F13
mem[X,0x000000008000094E] -> 0x0010
[291] [M]: 0x000000008000094C (0x00100F13) addi t5, zero, 0x1
x30 <- 0x0000000000000001
mem[X,0x0000000080000950] -> 0x1F13
mem[X,0x0000000080000952] -> 0x00CF
[292] [M]: 0x0000000080000950 (0x00CF1F13) slli t5, t5, 0xc
x30 <- 0x0000000000001000
mem[X,0x0000000080000954] -> 0x0A93
mem[X,0x0000000080000956] -> 0x0000
[293] [M]: 0x0000000080000954 (0x00000A93) addi s5, zero, 0x0
x21 <- 0x0000000000000000
mem[X,0x0000000080000958] -> 0x006F
mem[X,0x000000008000095A] -> 0x00C0
[294] [M]: 0x0000000080000958 (0x00C0006F) jal zero, 0xc
mem[X,0x0000000080000964] -> 0x5663
mem[X,0x0000000080000966] -> 0x01E5
[295] [M]: 0x0000000080000964 (0x01E55663) bge a0, t5, 0xc
mem[X,0x0000000080000970] -> 0x8A93
mem[X,0x0000000080000972] -> 0x003A
[296] [M]: 0x0000000080000970 (0x003A8A93) addi s5, s5, 0x3
x21 <- 0x0000000000000003
mem[X,0x0000000080000974] -> 0x006F
mem[X,0x0000000080000976] -> 0x0040
[297] [M]: 0x0000000080000974 (0x0040006F) jal zero, 0x4
mem[X,0x0000000080000978] -> 0x3823
mem[X,0x000000008000097A] -> 0x0959
[298] [M]: 0x0000000080000978 (0x09593823) sd s5, 0x90(s2)
mem[0x00000000800481A8] <- 0x0000000000000003
mem[X,0x000000008000097C] -> 0x0013
mem[X,0x000000008000097E] -> 0x0000
[299] [M]: 0x000000008000097C (0x00000013) addi zero, zero, 0x0
clint::tick mtime <- 0x0000000000000003
 clint timer pending at mtime 0x0000000000000003
htif::tick 0x0000000000000000
mem[X,0x0000000080000980] -> 0x0293
mem[X,0x0000000080000982] -> 0x0010
[300] [M]: 0x0000000080000980 (0x00100293) addi t0, zero, 0x1
x5 <- 0x0000000000000001
mem[X,0x0000000080000984] -> 0x9293
mem[X,0x0000000080000986] -> 0x00D2
[301] [M]: 0x0000000080000984 (0x00D29293) slli t0, t0, 0xd
x5 <- 0x0000000000002000
mem[X,0x0000000080000988] -> 0x0A93
mem[X,0x000000008000098A] -> 0x0000
[302] [M]: 0x0000000080000988 (0x00000A93) addi s5, zero, 0x0
x21 <- 0x0000000000000000
mem[X,0x000000008000098C] -> 0x006F
mem[X,0x000000008000098E] -> 0x0050
[303] [M]: 0x000000008000098C (0x0050006F) jal zero, 0x804
mem[X,0x0000000080001190] -> 0x50E3
mem[X,0x0000000080001192] -> 0x8050
[304] [M]: 0x0000000080001190 (0x805050E3) bge zero, t0, -0x800
mem[X,0x0000000080001194] -> 0x8A93
mem[X,0x0000000080001196] -> 0x002A
[305] [M]: 0x0000000080001194 (0x002A8A93) addi s5, s5, 0x2
x21 <- 0x0000000000000002
mem[X,0x0000000080001198] -> 0x006F
mem[X,0x000000008000119A] -> 0x00C0
[306] [M]: 0x0000000080001198 (0x00C0006F) jal zero, 0xc
mem[X,0x00000000800011A4] -> 0x3C23
mem[X,0x00000000800011A6] -> 0x0959
[307] [M]: 0x00000000800011A4 (0x09593C23) sd s5, 0x98(s2)
mem[0x00000000800481B0] <- 0x0000000000000002
mem[X,0x00000000800011A8] -> 0x0893
mem[X,0x00000000800011AA] -> 0x0020
[308] [M]: 0x00000000800011A8 (0x00200893) addi a7, zero, 0x2
x17 <- 0x0000000000000002
mem[X,0x00000000800011AC] -> 0x0693
mem[X,0x00000000800011AE] -> 0x0010
[309] [M]: 0x00000000800011AC (0x00100693) addi a3, zero, 0x1
x13 <- 0x0000000000000001
mem[X,0x00000000800011B0] -> 0x9693
mem[X,0x00000000800011B2] -> 0x00E6
[310] [M]: 0x00000000800011B0 (0x00E69693) slli a3, a3, 0xe
x13 <- 0x0000000000004000
mem[X,0x00000000800011B4] -> 0x0A93
mem[X,0x00000000800011B6] -> 0x0000
[311] [M]: 0x00000000800011B4 (0x00000A93) addi s5, zero, 0x0
x21 <- 0x0000000000000000
mem[X,0x00000000800011B8] -> 0x006F
mem[X,0x00000000800011BA] -> 0x00C0
[312] [M]: 0x00000000800011B8 (0x00C0006F) jal zero, 0xc
mem[X,0x00000000800011C4] -> 0xD663
mem[X,0x00000000800011C6] -> 0x00D8
[313] [M]: 0x00000000800011C4 (0x00D8D663) bge a7, a3, 0xc
mem[X,0x00000000800011C8] -> 0x8A93
mem[X,0x00000000800011CA] -> 0x002A
[314] [M]: 0x00000000800011C8 (0x002A8A93) addi s5, s5, 0x2
x21 <- 0x0000000000000002
mem[X,0x00000000800011CC] -> 0x006F
mem[X,0x00000000800011CE] -> 0x00C0
[315] [M]: 0x00000000800011CC (0x00C0006F) jal zero, 0xc
mem[X,0x00000000800011D8] -> 0x3023
mem[X,0x00000000800011DA] -> 0x0B59
[316] [M]: 0x00000000800011D8 (0x0B593023) sd s5, 0xa0(s2)
mem[0x00000000800481B8] <- 0x0000000000000002
mem[X,0x00000000800011DC] -> 0x0693
mem[X,0x00000000800011DE] -> 0x0010
[317] [M]: 0x00000000800011DC (0x00100693) addi a3, zero, 0x1
x13 <- 0x0000000000000001
mem[X,0x00000000800011E0] -> 0x9693
mem[X,0x00000000800011E2] -> 0x0326
[318] [M]: 0x00000000800011E0 (0x03269693) slli a3, a3, 0x32
x13 <- 0x0004000000000000
mem[X,0x00000000800011E4] -> 0x0093
mem[X,0x00000000800011E6] -> 0x0010
[319] [M]: 0x00000000800011E4 (0x00100093) addi ra, zero, 0x1
x1 <- 0x0000000000000001
mem[X,0x00000000800011E8] -> 0x9093
mem[X,0x00000000800011EA] -> 0x00F0
[320] [M]: 0x00000000800011E8 (0x00F09093) slli ra, ra, 0xf
x1 <- 0x0000000000008000
mem[X,0x00000000800011EC] -> 0x0A93
mem[X,0x00000000800011EE] -> 0x0000
[321] [M]: 0x00000000800011EC (0x00000A93) addi s5, zero, 0x0
x21 <- 0x0000000000000000
mem[X,0x00000000800011F0] -> 0x006F
mem[X,0x00000000800011F2] -> 0x0180
[322] [M]: 0x00000000800011F0 (0x0180006F) jal zero, 0x18
mem[X,0x0000000080001208] -> 0xD6E3
mem[X,0x000000008000120A] -> 0xFE16
[323] [M]: 0x0000000080001208 (0xFE16D6E3) bge a3, ra, -0x14
mem[X,0x00000000800011F4] -> 0x8A93
mem[X,0x00000000800011F6] -> 0x001A
[324] [M]: 0x00000000800011F4 (0x001A8A93) addi s5, s5, 0x1
x21 <- 0x0000000000000001
mem[X,0x00000000800011F8] -> 0x006F
mem[X,0x00000000800011FA] -> 0x0240
[325] [M]: 0x00000000800011F8 (0x0240006F) jal zero, 0x24
mem[X,0x000000008000121C] -> 0x3423
mem[X,0x000000008000121E] -> 0x0B59
[326] [M]: 0x000000008000121C (0x0B593423) sd s5, 0xa8(s2)
mem[0x00000000800481C0] <- 0x0000000000000001
mem[X,0x0000000080001220] -> 0x0393
mem[X,0x0000000080001222] -> 0x0010
[327] [M]: 0x0000000080001220 (0x00100393) addi t2, zero, 0x1
x7 <- 0x0000000000000001
mem[X,0x0000000080001224] -> 0x9393
mem[X,0x0000000080001226] -> 0x0123
[328] [M]: 0x0000000080001224 (0x01239393) slli t2, t2, 0x12
x7 <- 0x0000000000040000
mem[X,0x0000000080001228] -> 0xC393
mem[X,0x000000008000122A] -> 0xFFF3
[329] [M]: 0x0000000080001228 (0xFFF3C393) xori t2, t2, -0x1
x7 <- 0xFFFFFFFFFFFBFFFF
mem[X,0x000000008000122C] -> 0x0593
mem[X,0x000000008000122E] -> 0x0010
[330] [M]: 0x000000008000122C (0x00100593) addi a1, zero, 0x1
x11 <- 0x0000000000000001
mem[X,0x0000000080001230] -> 0x9593
mem[X,0x0000000080001232] -> 0x0105
[331] [M]: 0x0000000080001230 (0x01059593) slli a1, a1, 0x10
x11 <- 0x0000000000010000
mem[X,0x0000000080001234] -> 0x0A93
mem[X,0x0000000080001236] -> 0x0000
[332] [M]: 0x0000000080001234 (0x00000A93) addi s5, zero, 0x0
x21 <- 0x0000000000000000
mem[X,0x0000000080001238] -> 0x006F
mem[X,0x000000008000123A] -> 0x00C0
[333] [M]: 0x0000000080001238 (0x00C0006F) jal zero, 0xc
mem[X,0x0000000080001244] -> 0xD063
mem[X,0x0000000080001246] -> 0x10B3
[334] [M]: 0x0000000080001244 (0x10B3D063) bge t2, a1, 0x100
mem[X,0x0000000080001248] -> 0x8A93
mem[X,0x000000008000124A] -> 0x002A
[335] [M]: 0x0000000080001248 (0x002A8A93) addi s5, s5, 0x2
x21 <- 0x0000000000000002
mem[X,0x000000008000124C] -> 0x006F
mem[X,0x000000008000124E] -> 0x1000
[336] [M]: 0x000000008000124C (0x1000006F) jal zero, 0x100
mem[X,0x000000008000134C] -> 0x3823
mem[X,0x000000008000134E] -> 0x0B59
[337] [M]: 0x000000008000134C (0x0B593823) sd s5, 0xb0(s2)
mem[0x00000000800481C8] <- 0x0000000000000002
mem[X,0x0000000080001350] -> 0x0013
mem[X,0x0000000080001352] -> 0x0000
[338] [M]: 0x0000000080001350 (0x00000013) addi zero, zero, 0x0
mem[X,0x0000000080001354] -> 0x0013
mem[X,0x0000000080001356] -> 0x0000
[339] [M]: 0x0000000080001354 (0x00000013) addi zero, zero, 0x0
mem[X,0x0000000080001358] -> 0x0013
mem[X,0x000000008000135A] -> 0x0000
[340] [M]: 0x0000000080001358 (0x00000013) addi zero, zero, 0x0
mem[X,0x000000008000135C] -> 0x0013
mem[X,0x000000008000135E] -> 0x0000
[341] [M]: 0x000000008000135C (0x00000013) addi zero, zero, 0x0
mem[X,0x0000000080001360] -> 0x7097
mem[X,0x0000000080001362] -> 0x0004
[342] [M]: 0x0000000080001360 (0x00047097) auipc ra, 0x47
x1 <- 0x0000000080048360
mem[X,0x0000000080001364] -> 0x8093
mem[X,0x0000000080001366] -> 0xE700
[343] [M]: 0x0000000080001364 (0xE7008093) addi ra, ra, -0x190
x1 <- 0x00000000800481D0
mem[X,0x0000000080001368] -> 0x0013
mem[X,0x000000008000136A] -> 0x0000
[344] [M]: 0x0000000080001368 (0x00000013) addi zero, zero, 0x0
mem[X,0x000000008000136C] -> 0x0013
mem[X,0x000000008000136E] -> 0x0000
[345] [M]: 0x000000008000136C (0x00000013) addi zero, zero, 0x0
mem[X,0x0000000080001370] -> 0x0013
mem[X,0x0000000080001372] -> 0x0000
[346] [M]: 0x0000000080001370 (0x00000013) addi zero, zero, 0x0
mem[X,0x0000000080001374] -> 0x0013
mem[X,0x0000000080001376] -> 0x0000
[347] [M]: 0x0000000080001374 (0x00000013) addi zero, zero, 0x0
mem[X,0x0000000080001378] -> 0x0013
mem[X,0x000000008000137A] -> 0x0000
[348] [M]: 0x0000000080001378 (0x00000013) addi zero, zero, 0x0
mem[X,0x000000008000137C] -> 0x0013
mem[X,0x000000008000137E] -> 0x0000
[349] [M]: 0x000000008000137C (0x00000013) addi zero, zero, 0x0
mem[X,0x0000000080001380] -> 0x0313
mem[X,0x0000000080001382] -> 0x0010
[350] [M]: 0x0000000080001380 (0x00100313) addi t1, zero, 0x1
x6 <- 0x0000000000000001
mem[X,0x0000000080001384] -> 0x1313
mem[X,0x0000000080001386] -> 0x03C3
[351] [M]: 0x0000000080001384 (0x03C31313) slli t1, t1, 0x3c
x6 <- 0x1000000000000000
mem[X,0x0000000080001388] -> 0x4313
mem[X,0x000000008000138A] -> 0xFFF3
[352] [M]: 0x0000000080001388 (0xFFF34313) xori t1, t1, -0x1
x6 <- 0xEFFFFFFFFFFFFFFF
mem[X,0x000000008000138C] -> 0x0B13
mem[X,0x000000008000138E] -> 0x0010
[353] [M]: 0x000000008000138C (0x00100B13) addi s6, zero, 0x1
x22 <- 0x0000000000000001
mem[X,0x0000000080001390] -> 0x1B13
mem[X,0x0000000080001392] -> 0x011B
[354] [M]: 0x0000000080001390 (0x011B1B13) slli s6, s6, 0x11
x22 <- 0x0000000000020000
mem[X,0x0000000080001394] -> 0x0113
mem[X,0x0000000080001396] -> 0x0000
[355] [M]: 0x0000000080001394 (0x00000113) addi sp, zero, 0x0
x2 <- 0x0000000000000000
mem[X,0x0000000080001398] -> 0x006F
mem[X,0x000000008000139A] -> 0x00C0
[356] [M]: 0x0000000080001398 (0x00C0006F) jal zero, 0xc
mem[X,0x00000000800013A4] -> 0x5663
mem[X,0x00000000800013A6] -> 0x0163
[357] [M]: 0x00000000800013A4 (0x01635663) bge t1, s6, 0xc
mem[X,0x00000000800013A8] -> 0x0113
mem[X,0x00000000800013AA] -> 0x0021
[358] [M]: 0x00000000800013A8 (0x00210113) addi sp, sp, 0x2
x2 <- 0x0000000000000002
mem[X,0x00000000800013AC] -> 0x006F
mem[X,0x00000000800013AE] -> 0x00C0
[359] [M]: 0x00000000800013AC (0x00C0006F) jal zero, 0xc
mem[X,0x00000000800013B8] -> 0xB023
mem[X,0x00000000800013BA] -> 0x0020
[360] [M]: 0x00000000800013B8 (0x0020B023) sd sp, 0x0(ra)
mem[0x00000000800481D0] <- 0x0000000000000002
mem[X,0x00000000800013BC] -> 0x0C13
mem[X,0x00000000800013BE] -> 0x0010
[361] [M]: 0x00000000800013BC (0x00100C13) addi s8, zero, 0x1
x24 <- 0x0000000000000001
mem[X,0x00000000800013C0] -> 0x1C13
mem[X,0x00000000800013C2] -> 0x038C
[362] [M]: 0x00000000800013C0 (0x038C1C13) slli s8, s8, 0x38
x24 <- 0x0100000000000000
mem[X,0x00000000800013C4] -> 0x0A93
mem[X,0x00000000800013C6] -> 0x0010
[363] [M]: 0x00000000800013C4 (0x00100A93) addi s5, zero, 0x1
x21 <- 0x0000000000000001
mem[X,0x00000000800013C8] -> 0x9A93
mem[X,0x00000000800013CA] -> 0x012A
[364] [M]: 0x00000000800013C8 (0x012A9A93) slli s5, s5, 0x12
x21 <- 0x0000000000040000
mem[X,0x00000000800013CC] -> 0x0113
mem[X,0x00000000800013CE] -> 0x0000
[365] [M]: 0x00000000800013CC (0x00000113) addi sp, zero, 0x0
x2 <- 0x0000000000000000
mem[X,0x00000000800013D0] -> 0x006F
mem[X,0x00000000800013D2] -> 0x00C0
[366] [M]: 0x00000000800013D0 (0x00C0006F) jal zero, 0xc
mem[X,0x00000000800013DC] -> 0x5663
mem[X,0x00000000800013DE] -> 0x015C
[367] [M]: 0x00000000800013DC (0x015C5663) bge s8, s5, 0xc
mem[X,0x00000000800013E8] -> 0x0113
mem[X,0x00000000800013EA] -> 0x0031
[368] [M]: 0x00000000800013E8 (0x00310113) addi sp, sp, 0x3
x2 <- 0x0000000000000003
mem[X,0x00000000800013EC] -> 0x006F
mem[X,0x00000000800013EE] -> 0x0040
[369] [M]: 0x00000000800013EC (0x0040006F) jal zero, 0x4
mem[X,0x00000000800013F0] -> 0xB423
mem[X,0x00000000800013F2] -> 0x0020
[370] [M]: 0x00000000800013F0 (0x0020B423) sd sp, 0x8(ra)
mem[0x00000000800481D8] <- 0x0000000000000003
mem[X,0x00000000800013F4] -> 0x0593
mem[X,0x00000000800013F6] -> 0x0010
[371] [M]: 0x00000000800013F4 (0x00100593) addi a1, zero, 0x1
x11 <- 0x0000000000000001
mem[X,0x00000000800013F8] -> 0x9593
mem[X,0x00000000800013FA] -> 0x0155
[372] [M]: 0x00000000800013F8 (0x01559593) slli a1, a1, 0x15
x11 <- 0x0000000000200000
mem[X,0x00000000800013FC] -> 0x0393
mem[X,0x00000000800013FE] -> 0x0010
[373] [M]: 0x00000000800013FC (0x00100393) addi t2, zero, 0x1
x7 <- 0x0000000000000001
mem[X,0x0000000080001400] -> 0x9393
mem[X,0x0000000080001402] -> 0x0133
[374] [M]: 0x0000000080001400 (0x01339393) slli t2, t2, 0x13
x7 <- 0x0000000000080000
mem[X,0x0000000080001404] -> 0x0113
mem[X,0x0000000080001406] -> 0x0000
[375] [M]: 0x0000000080001404 (0x00000113) addi sp, zero, 0x0
x2 <- 0x0000000000000000
mem[X,0x0000000080001408] -> 0x006F
mem[X,0x000000008000140A] -> 0x00C0
[376] [M]: 0x0000000080001408 (0x00C0006F) jal zero, 0xc
mem[X,0x0000000080001414] -> 0xDCE3
mem[X,0x0000000080001416] -> 0xFE75
[377] [M]: 0x0000000080001414 (0xFE75DCE3) bge a1, t2, -0x8
mem[X,0x000000008000140C] -> 0x0113
mem[X,0x000000008000140E] -> 0x0011
[378] [M]: 0x000000008000140C (0x00110113) addi sp, sp, 0x1
x2 <- 0x0000000000000001
mem[X,0x0000000080001410] -> 0x006F
mem[X,0x0000000080001412] -> 0x0180
[379] [M]: 0x0000000080001410 (0x0180006F) jal zero, 0x18
mem[X,0x0000000080001428] -> 0xB823
mem[X,0x000000008000142A] -> 0x0020
[380] [M]: 0x0000000080001428 (0x0020B823) sd sp, 0x10(ra)
mem[0x00000000800481E0] <- 0x0000000000000001
mem[X,0x000000008000142C] -> 0x0993
mem[X,0x000000008000142E] -> 0x0010
[381] [M]: 0x000000008000142C (0x00100993) addi s3, zero, 0x1
x19 <- 0x0000000000000001
mem[X,0x0000000080001430] -> 0x9993
mem[X,0x0000000080001432] -> 0x0119
[382] [M]: 0x0000000080001430 (0x01199993) slli s3, s3, 0x11
x19 <- 0x0000000000020000
mem[X,0x0000000080001434] -> 0x0893
mem[X,0x0000000080001436] -> 0x0010
[383] [M]: 0x0000000080001434 (0x00100893) addi a7, zero, 0x1
x17 <- 0x0000000000000001
mem[X,0x0000000080001438] -> 0x9893
mem[X,0x000000008000143A] -> 0x0148
[384] [M]: 0x0000000080001438 (0x01489893) slli a7, a7, 0x14
x17 <- 0x0000000000100000
mem[X,0x000000008000143C] -> 0x0113
mem[X,0x000000008000143E] -> 0x0000
[385] [M]: 0x000000008000143C (0x00000113) addi sp, zero, 0x0
x2 <- 0x0000000000000000
mem[X,0x0000000080001440] -> 0x006F
mem[X,0x0000000080001442] -> 0x0180
[386] [M]: 0x0000000080001440 (0x0180006F) jal zero, 0x18
mem[X,0x0000000080001458] -> 0xD6E3
mem[X,0x000000008000145A] -> 0xFF19
[387] [M]: 0x0000000080001458 (0xFF19D6E3) bge s3, a7, -0x14
mem[X,0x000000008000145C] -> 0x0113
mem[X,0x000000008000145E] -> 0x0021
[388] [M]: 0x000000008000145C (0x00210113) addi sp, sp, 0x2
x2 <- 0x0000000000000002
mem[X,0x0000000080001460] -> 0x006F
mem[X,0x0000000080001462] -> 0x00C0
[389] [M]: 0x0000000080001460 (0x00C0006F) jal zero, 0xc
mem[X,0x000000008000146C] -> 0xBC23
mem[X,0x000000008000146E] -> 0x0020
[390] [M]: 0x000000008000146C (0x0020BC23) sd sp, 0x18(ra)
mem[0x00000000800481E8] <- 0x0000000000000002
mem[X,0x0000000080001470] -> 0x0A13
mem[X,0x0000000080001472] -> 0x0010
[391] [M]: 0x0000000080001470 (0x00100A13) addi s4, zero, 0x1
x20 <- 0x0000000000000001
mem[X,0x0000000080001474] -> 0x1A13
mem[X,0x0000000080001476] -> 0x032A
[392] [M]: 0x0000000080001474 (0x032A1A13) slli s4, s4, 0x32
x20 <- 0x0004000000000000
mem[X,0x0000000080001478] -> 0x0B93
mem[X,0x000000008000147A] -> 0x0010
[393] [M]: 0x0000000080001478 (0x00100B93) addi s7, zero, 0x1
x23 <- 0x0000000000000001
mem[X,0x000000008000147C] -> 0x9B93
mem[X,0x000000008000147E] -> 0x015B
[394] [M]: 0x000000008000147C (0x015B9B93) slli s7, s7, 0x15
x23 <- 0x0000000000200000
mem[X,0x0000000080001480] -> 0x0113
mem[X,0x0000000080001482] -> 0x0000
[395] [M]: 0x0000000080001480 (0x00000113) addi sp, zero, 0x0
x2 <- 0x0000000000000000
mem[X,0x0000000080001484] -> 0x006F
mem[X,0x0000000080001486] -> 0x00C0
[396] [M]: 0x0000000080001484 (0x00C0006F) jal zero, 0xc
mem[X,0x0000000080001490] -> 0x5663
mem[X,0x0000000080001492] -> 0x017A
[397] [M]: 0x0000000080001490 (0x017A5663) bge s4, s7, 0xc
mem[X,0x000000008000149C] -> 0x0113
mem[X,0x000000008000149E] -> 0x0031
[398] [M]: 0x000000008000149C (0x00310113) addi sp, sp, 0x3
x2 <- 0x0000000000000003
mem[X,0x00000000800014A0] -> 0x006F
mem[X,0x00000000800014A2] -> 0x0040
[399] [M]: 0x00000000800014A0 (0x0040006F) jal zero, 0x4
clint::tick mtime <- 0x0000000000000004
 clint timer pending at mtime 0x0000000000000004
htif::tick 0x0000000000000000
mem[X,0x00000000800014A4] -> 0xB023
mem[X,0x00000000800014A6] -> 0x0220
[400] [M]: 0x00000000800014A4 (0x0220B023) sd sp, 0x20(ra)
mem[0x00000000800481F0] <- 0x0000000000000003
mem[X,0x00000000800014A8] -> 0x0A93
mem[X,0x00000000800014AA] -> 0x0010
[401] [M]: 0x00000000800014A8 (0x00100A93) addi s5, zero, 0x1
x21 <- 0x0000000000000001
mem[X,0x00000000800014AC] -> 0x9A93
mem[X,0x00000000800014AE] -> 0x02BA
[402] [M]: 0x00000000800014AC (0x02BA9A93) slli s5, s5, 0x2b
x21 <- 0x0000080000000000
mem[X,0x00000000800014B0] -> 0x0713
mem[X,0x00000000800014B2] -> 0x0010
[403] [M]: 0x00000000800014B0 (0x00100713) addi a4, zero, 0x1
x14 <- 0x0000000000000001
mem[X,0x00000000800014B4] -> 0x1713
mem[X,0x00000000800014B6] -> 0x0167
[404] [M]: 0x00000000800014B4 (0x01671713) slli a4, a4, 0x16
x14 <- 0x0000000000400000
mem[X,0x00000000800014B8] -> 0x0113
mem[X,0x00000000800014BA] -> 0x0000
[405] [M]: 0x00000000800014B8 (0x00000113) addi sp, zero, 0x0
x2 <- 0x0000000000000000
mem[X,0x00000000800014BC] -> 0x006F
mem[X,0x00000000800014BE] -> 0x00C0
[406] [M]: 0x00000000800014BC (0x00C0006F) jal zero, 0xc
mem[X,0x00000000800014C8] -> 0xD063
mem[X,0x00000000800014CA] -> 0x40EA
[407] [M]: 0x00000000800014C8 (0x40EAD063) bge s5, a4, 0x400
mem[X,0x00000000800018C8] -> 0x0113
mem[X,0x00000000800018CA] -> 0x0031
[408] [M]: 0x00000000800018C8 (0x00310113) addi sp, sp, 0x3
x2 <- 0x0000000000000003
mem[X,0x00000000800018CC] -> 0x006F
mem[X,0x00000000800018CE] -> 0x0040
[409] [M]: 0x00000000800018CC (0x0040006F) jal zero, 0x4
mem[X,0x00000000800018D0] -> 0xB423
mem[X,0x00000000800018D2] -> 0x0220
[410] [M]: 0x00000000800018D0 (0x0220B423) sd sp, 0x28(ra)
mem[0x00000000800481F8] <- 0x0000000000000003
mem[X,0x00000000800018D4] -> 0x0193
mem[X,0x00000000800018D6] -> 0x0010
[411] [M]: 0x00000000800018D4 (0x00100193) addi gp, zero, 0x1
x3 <- 0x0000000000000001
mem[X,0x00000000800018D8] -> 0x9193
mem[X,0x00000000800018DA] -> 0x0361
[412] [M]: 0x00000000800018D8 (0x03619193) slli gp, gp, 0x36
x3 <- 0x0040000000000000
mem[X,0x00000000800018DC] -> 0xC193
mem[X,0x00000000800018DE] -> 0xFFF1
[413] [M]: 0x00000000800018DC (0xFFF1C193) xori gp, gp, -0x1
x3 <- 0xFFBFFFFFFFFFFFFF
mem[X,0x00000000800018E0] -> 0x0913
mem[X,0x00000000800018E2] -> 0x0010
[414] [M]: 0x00000000800018E0 (0x00100913) addi s2, zero, 0x1
x18 <- 0x0000000000000001
mem[X,0x00000000800018E4] -> 0x1913
mem[X,0x00000000800018E6] -> 0x0179
[415] [M]: 0x00000000800018E4 (0x01791913) slli s2, s2, 0x17
x18 <- 0x0000000000800000
mem[X,0x00000000800018E8] -> 0x0113
mem[X,0x00000000800018EA] -> 0x0000
[416] [M]: 0x00000000800018E8 (0x00000113) addi sp, zero, 0x0
x2 <- 0x0000000000000000
mem[X,0x00000000800018EC] -> 0x006F
mem[X,0x00000000800018EE] -> 0x00C0
[417] [M]: 0x00000000800018EC (0x00C0006F) jal zero, 0xc
mem[X,0x00000000800018F8] -> 0xD663
mem[X,0x00000000800018FA] -> 0x0121
[418] [M]: 0x00000000800018F8 (0x0121D663) bge gp, s2, 0xc
mem[X,0x00000000800018FC] -> 0x0113
mem[X,0x00000000800018FE] -> 0x0021
[419] [M]: 0x00000000800018FC (0x00210113) addi sp, sp, 0x2
x2 <- 0x0000000000000002
mem[X,0x0000000080001900] -> 0x006F
mem[X,0x0000000080001902] -> 0x00C0
[420] [M]: 0x0000000080001900 (0x00C0006F) jal zero, 0xc
mem[X,0x000000008000190C] -> 0xB823
mem[X,0x000000008000190E] -> 0x0220
[421] [M]: 0x000000008000190C (0x0220B823) sd sp, 0x30(ra)
mem[0x0000000080048200] <- 0x0000000000000002
mem[X,0x0000000080001910] -> 0x0793
mem[X,0x0000000080001912] -> 0x0010
[422] [M]: 0x0000000080001910 (0x00100793) addi a5, zero, 0x1
x15 <- 0x0000000000000001
mem[X,0x0000000080001914] -> 0x9793
mem[X,0x0000000080001916] -> 0x0187
[423] [M]: 0x0000000080001914 (0x01879793) slli a5, a5, 0x18
x15 <- 0x0000000001000000
mem[X,0x0000000080001918] -> 0xC793
mem[X,0x000000008000191A] -> 0xFFF7
[424] [M]: 0x0000000080001918 (0xFFF7C793) xori a5, a5, -0x1
x15 <- 0xFFFFFFFFFEFFFFFF
mem[X,0x000000008000191C] -> 0x0213
mem[X,0x000000008000191E] -> 0x0010
[425] [M]: 0x000000008000191C (0x00100213) addi tp, zero, 0x1
x4 <- 0x0000000000000001
mem[X,0x0000000080001920] -> 0x1213
mem[X,0x0000000080001922] -> 0x0192
[426] [M]: 0x0000000080001920 (0x01921213) slli tp, tp, 0x19
x4 <- 0x0000000002000000
mem[X,0x0000000080001924] -> 0x0113
mem[X,0x0000000080001926] -> 0x0000
[427] [M]: 0x0000000080001924 (0x00000113) addi sp, zero, 0x0
x2 <- 0x0000000000000000
mem[X,0x0000000080001928] -> 0x006F
mem[X,0x000000008000192A] -> 0x00C0
[428] [M]: 0x0000000080001928 (0x00C0006F) jal zero, 0xc
mem[X,0x0000000080001934] -> 0xD663
mem[X,0x0000000080001936] -> 0x0047
[429] [M]: 0x0000000080001934 (0x0047D663) bge a5, tp, 0xc
mem[X,0x0000000080001938] -> 0x0113
mem[X,0x000000008000193A] -> 0x0021
[430] [M]: 0x0000000080001938 (0x00210113) addi sp, sp, 0x2
x2 <- 0x0000000000000002
mem[X,0x000000008000193C] -> 0x006F
mem[X,0x000000008000193E] -> 0x00C0
[431] [M]: 0x000000008000193C (0x00C0006F) jal zero, 0xc
mem[X,0x0000000080001948] -> 0xBC23
mem[X,0x000000008000194A] -> 0x0220
[432] [M]: 0x0000000080001948 (0x0220BC23) sd sp, 0x38(ra)
mem[0x0000000080048208] <- 0x0000000000000002
mem[X,0x000000008000194C] -> 0x0913
mem[X,0x000000008000194E] -> 0x0010
[433] [M]: 0x000000008000194C (0x00100913) addi s2, zero, 0x1
x18 <- 0x0000000000000001
mem[X,0x0000000080001950] -> 0x1913
mem[X,0x0000000080001952] -> 0x0169
[434] [M]: 0x0000000080001950 (0x01691913) slli s2, s2, 0x16
x18 <- 0x0000000000400000
mem[X,0x0000000080001954] -> 0x0C13
mem[X,0x0000000080001956] -> 0x0010
[435] [M]: 0x0000000080001954 (0x00100C13) addi s8, zero, 0x1
x24 <- 0x0000000000000001
mem[X,0x0000000080001958] -> 0x1C13
mem[X,0x000000008000195A] -> 0x01AC
[436] [M]: 0x0000000080001958 (0x01AC1C13) slli s8, s8, 0x1a
x24 <- 0x0000000004000000
mem[X,0x000000008000195C] -> 0x0113
mem[X,0x000000008000195E] -> 0x0000
[437] [M]: 0x000000008000195C (0x00000113) addi sp, zero, 0x0
x2 <- 0x0000000000000000
mem[X,0x0000000080001960] -> 0x006F
mem[X,0x0000000080001962] -> 0x00C0
[438] [M]: 0x0000000080001960 (0x00C0006F) jal zero, 0xc
mem[X,0x000000008000196C] -> 0x5663
mem[X,0x000000008000196E] -> 0x0189
[439] [M]: 0x000000008000196C (0x01895663) bge s2, s8, 0xc
mem[X,0x0000000080001970] -> 0x0113
mem[X,0x0000000080001972] -> 0x0021
[440] [M]: 0x0000000080001970 (0x00210113) addi sp, sp, 0x2
x2 <- 0x0000000000000002
mem[X,0x0000000080001974] -> 0x006F
mem[X,0x0000000080001976] -> 0x00C0
[441] [M]: 0x0000000080001974 (0x00C0006F) jal zero, 0xc
mem[X,0x0000000080001980] -> 0xB023
mem[X,0x0000000080001982] -> 0x0420
[442] [M]: 0x0000000080001980 (0x0420B023) sd sp, 0x40(ra)
mem[0x0000000080048210] <- 0x0000000000000002
mem[X,0x0000000080001984] -> 0x0513
mem[X,0x0000000080001986] -> 0xDFF0
[443] [M]: 0x0000000080001984 (0xDFF00513) addi a0, zero, -0x201
x10 <- 0xFFFFFFFFFFFFFDFF
mem[X,0x0000000080001988] -> 0x0593
mem[X,0x000000008000198A] -> 0x0010
[444] [M]: 0x0000000080001988 (0x00100593) addi a1, zero, 0x1
x11 <- 0x0000000000000001
mem[X,0x000000008000198C] -> 0x9593
mem[X,0x000000008000198E] -> 0x01B5
[445] [M]: 0x000000008000198C (0x01B59593) slli a1, a1, 0x1b
x11 <- 0x0000000008000000
mem[X,0x0000000080001990] -> 0x0113
mem[X,0x0000000080001992] -> 0x0000
[446] [M]: 0x0000000080001990 (0x00000113) addi sp, zero, 0x0
x2 <- 0x0000000000000000
mem[X,0x0000000080001994] -> 0x006F
mem[X,0x0000000080001996] -> 0x00C0
[447] [M]: 0x0000000080001994 (0x00C0006F) jal zero, 0xc
mem[X,0x00000000800019A0] -> 0x5663
mem[X,0x00000000800019A2] -> 0x00B5
[448] [M]: 0x00000000800019A0 (0x00B55663) bge a0, a1, 0xc
mem[X,0x00000000800019A4] -> 0x0113
mem[X,0x00000000800019A6] -> 0x0021
[449] [M]: 0x00000000800019A4 (0x00210113) addi sp, sp, 0x2
x2 <- 0x0000000000000002
mem[X,0x00000000800019A8] -> 0x006F
mem[X,0x00000000800019AA] -> 0x00C0
[450] [M]: 0x00000000800019A8 (0x00C0006F) jal zero, 0xc
mem[X,0x00000000800019B4] -> 0xB423
mem[X,0x00000000800019B6] -> 0x0420
[451] [M]: 0x00000000800019B4 (0x0420B423) sd sp, 0x48(ra)
mem[0x0000000080048218] <- 0x0000000000000002
mem[X,0x00000000800019B8] -> 0x0537
mem[X,0x00000000800019BA] -> 0x0000
[452] [M]: 0x00000000800019B8 (0x00000537) lui a0, 0x0
x10 <- 0x0000000000000000
mem[X,0x00000000800019BC] -> 0x0513
mem[X,0x00000000800019BE] -> 0xFFF5
[453] [M]: 0x00000000800019BC (0xFFF50513) addi a0, a0, -0x1
x10 <- 0xFFFFFFFFFFFFFFFF
mem[X,0x00000000800019C0] -> 0x1513
mem[X,0x00000000800019C2] -> 0x00B5
[454] [M]: 0x00000000800019C0 (0x00B51513) slli a0, a0, 0xb
x10 <- 0xFFFFFFFFFFFFF800
mem[X,0x00000000800019C4] -> 0x0513
mem[X,0x00000000800019C6] -> 0x2575
[455] [M]: 0x00000000800019C4 (0x25750513) addi a0, a0, 0x257
x10 <- 0xFFFFFFFFFFFFFA57
mem[X,0x00000000800019C8] -> 0x1513
mem[X,0x00000000800019CA] -> 0x00B5
[456] [M]: 0x00000000800019C8 (0x00B51513) slli a0, a0, 0xb
x10 <- 0xFFFFFFFFFFD2B800
mem[X,0x00000000800019CC] -> 0x0513
mem[X,0x00000000800019CE] -> 0x6C35
[457] [M]: 0x00000000800019CC (0x6C350513) addi a0, a0, 0x6c3
x10 <- 0xFFFFFFFFFFD2BEC3
mem[X,0x00000000800019D0] -> 0x1513
mem[X,0x00000000800019D2] -> 0x00A5
[458] [M]: 0x00000000800019D0 (0x00A51513) slli a0, a0, 0xa
x10 <- 0xFFFFFFFF4AFB0C00
mem[X,0x00000000800019D4] -> 0x0513
mem[X,0x00000000800019D6] -> 0x0CD5
[459] [M]: 0x00000000800019D4 (0x0CD50513) addi a0, a0, 0xcd
x10 <- 0xFFFFFFFF4AFB0CCD
mem[X,0x00000000800019D8] -> 0x0593
mem[X,0x00000000800019DA] -> 0x0010
[460] [M]: 0x00000000800019D8 (0x00100593) addi a1, zero, 0x1
x11 <- 0x0000000000000001
mem[X,0x00000000800019DC] -> 0x9593
mem[X,0x00000000800019DE] -> 0x01C5
[461] [M]: 0x00000000800019DC (0x01C59593) slli a1, a1, 0x1c
x11 <- 0x0000000010000000
mem[X,0x00000000800019E0] -> 0x0113
mem[X,0x00000000800019E2] -> 0x0000
[462] [M]: 0x00000000800019E0 (0x00000113) addi sp, zero, 0x0
x2 <- 0x0000000000000000
mem[X,0x00000000800019E4] -> 0x006F
mem[X,0x00000000800019E6] -> 0x00C0
[463] [M]: 0x00000000800019E4 (0x00C0006F) jal zero, 0xc
mem[X,0x00000000800019F0] -> 0x5063
mem[X,0x00000000800019F2] -> 0x10B5
[464] [M]: 0x00000000800019F0 (0x10B55063) bge a0, a1, 0x100
mem[X,0x00000000800019F4] -> 0x0113
mem[X,0x00000000800019F6] -> 0x0021
[465] [M]: 0x00000000800019F4 (0x00210113) addi sp, sp, 0x2
x2 <- 0x0000000000000002
mem[X,0x00000000800019F8] -> 0x006F
mem[X,0x00000000800019FA] -> 0x1000
[466] [M]: 0x00000000800019F8 (0x1000006F) jal zero, 0x100
mem[X,0x0000000080001AF8] -> 0xB823
mem[X,0x0000000080001AFA] -> 0x0420
[467] [M]: 0x0000000080001AF8 (0x0420B823) sd sp, 0x50(ra)
mem[0x0000000080048220] <- 0x0000000000000002
mem[X,0x0000000080001AFC] -> 0x0513
mem[X,0x0000000080001AFE] -> 0x0010
[468] [M]: 0x0000000080001AFC (0x00100513) addi a0, zero, 0x1
x10 <- 0x0000000000000001
mem[X,0x0000000080001B00] -> 0x1513
mem[X,0x0000000080001B02] -> 0x0255
[469] [M]: 0x0000000080001B00 (0x02551513) slli a0, a0, 0x25
x10 <- 0x0000002000000000
mem[X,0x0000000080001B04] -> 0x4513
mem[X,0x0000000080001B06] -> 0xFFF5
[470] [M]: 0x0000000080001B04 (0xFFF54513) xori a0, a0, -0x1
x10 <- 0xFFFFFFDFFFFFFFFF
mem[X,0x0000000080001B08] -> 0x0593
mem[X,0x0000000080001B0A] -> 0x0010
[471] [M]: 0x0000000080001B08 (0x00100593) addi a1, zero, 0x1
x11 <- 0x0000000000000001
mem[X,0x0000000080001B0C] -> 0x9593
mem[X,0x0000000080001B0E] -> 0x01D5
[472] [M]: 0x0000000080001B0C (0x01D59593) slli a1, a1, 0x1d
x11 <- 0x0000000020000000
mem[X,0x0000000080001B10] -> 0x0113
mem[X,0x0000000080001B12] -> 0x0000
[473] [M]: 0x0000000080001B10 (0x00000113) addi sp, zero, 0x0
x2 <- 0x0000000000000000
mem[X,0x0000000080001B14] -> 0x006F
mem[X,0x0000000080001B16] -> 0x0050
[474] [M]: 0x0000000080001B14 (0x0050006F) jal zero, 0x804
mem[X,0x0000000080002318] -> 0x50E3
mem[X,0x000000008000231A] -> 0x80B5
[475] [M]: 0x0000000080002318 (0x80B550E3) bge a0, a1, -0x800
mem[X,0x000000008000231C] -> 0x0113
mem[X,0x000000008000231E] -> 0x0021
[476] [M]: 0x000000008000231C (0x00210113) addi sp, sp, 0x2
x2 <- 0x0000000000000002
mem[X,0x0000000080002320] -> 0x006F
mem[X,0x0000000080002322] -> 0x00C0
[477] [M]: 0x0000000080002320 (0x00C0006F) jal zero, 0xc
mem[X,0x000000008000232C] -> 0xBC23
mem[X,0x000000008000232E] -> 0x0420
[478] [M]: 0x000000008000232C (0x0420BC23) sd sp, 0x58(ra)
mem[0x0000000080048228] <- 0x0000000000000002
mem[X,0x0000000080002330] -> 0x0513
mem[X,0x0000000080002332] -> 0x0800
[479] [M]: 0x0000000080002330 (0x08000513) addi a0, zero, 0x80
x10 <- 0x0000000000000080
mem[X,0x0000000080002334] -> 0x0593
mem[X,0x0000000080002336] -> 0x0010
[480] [M]: 0x0000000080002334 (0x00100593) addi a1, zero, 0x1
x11 <- 0x0000000000000001
mem[X,0x0000000080002338] -> 0x9593
mem[X,0x000000008000233A] -> 0x01E5
[481] [M]: 0x0000000080002338 (0x01E59593) slli a1, a1, 0x1e
x11 <- 0x0000000040000000
mem[X,0x000000008000233C] -> 0x0113
mem[X,0x000000008000233E] -> 0x0000
[482] [M]: 0x000000008000233C (0x00000113) addi sp, zero, 0x0
x2 <- 0x0000000000000000
mem[X,0x0000000080002340] -> 0x006F
mem[X,0x0000000080002342] -> 0x00C0
[483] [M]: 0x0000000080002340 (0x00C0006F) jal zero, 0xc
mem[X,0x000000008000234C] -> 0x5663
mem[X,0x000000008000234E] -> 0x00B5
[484] [M]: 0x000000008000234C (0x00B55663) bge a0, a1, 0xc
mem[X,0x0000000080002350] -> 0x0113
mem[X,0x0000000080002352] -> 0x0021
[485] [M]: 0x0000000080002350 (0x00210113) addi sp, sp, 0x2
x2 <- 0x0000000000000002
mem[X,0x0000000080002354] -> 0x006F
mem[X,0x0000000080002356] -> 0x00C0
[486] [M]: 0x0000000080002354 (0x00C0006F) jal zero, 0xc
mem[X,0x0000000080002360] -> 0xB023
mem[X,0x0000000080002362] -> 0x0620
[487] [M]: 0x0000000080002360 (0x0620B023) sd sp, 0x60(ra)
mem[0x0000000080048230] <- 0x0000000000000002
mem[X,0x0000000080002364] -> 0x0513
mem[X,0x0000000080002366] -> 0x1000
[488] [M]: 0x0000000080002364 (0x10000513) addi a0, zero, 0x100
x10 <- 0x0000000000000100
mem[X,0x0000000080002368] -> 0x0593
mem[X,0x000000008000236A] -> 0x0010
[489] [M]: 0x0000000080002368 (0x00100593) addi a1, zero, 0x1
x11 <- 0x0000000000000001
mem[X,0x000000008000236C] -> 0x9593
mem[X,0x000000008000236E] -> 0x01F5
[490] [M]: 0x000000008000236C (0x01F59593) slli a1, a1, 0x1f
x11 <- 0x0000000080000000
mem[X,0x0000000080002370] -> 0x0113
mem[X,0x0000000080002372] -> 0x0000
[491] [M]: 0x0000000080002370 (0x00000113) addi sp, zero, 0x0
x2 <- 0x0000000000000000
mem[X,0x0000000080002374] -> 0x006F
mem[X,0x0000000080002376] -> 0x00C0
[492] [M]: 0x0000000080002374 (0x00C0006F) jal zero, 0xc
mem[X,0x0000000080002380] -> 0x5CE3
mem[X,0x0000000080002382] -> 0xFEB5
[493] [M]: 0x0000000080002380 (0xFEB55CE3) bge a0, a1, -0x8
mem[X,0x0000000080002384] -> 0x0113
mem[X,0x0000000080002386] -> 0x0021
[494] [M]: 0x0000000080002384 (0x00210113) addi sp, sp, 0x2
x2 <- 0x0000000000000002
mem[X,0x0000000080002388] -> 0x006F
mem[X,0x000000008000238A] -> 0x00C0
[495] [M]: 0x0000000080002388 (0x00C0006F) jal zero, 0xc
mem[X,0x0000000080002394] -> 0xB423
mem[X,0x0000000080002396] -> 0x0620
[496] [M]: 0x0000000080002394 (0x0620B423) sd sp, 0x68(ra)
mem[0x0000000080048238] <- 0x0000000000000002
mem[X,0x0000000080002398] -> 0x0513
mem[X,0x000000008000239A] -> 0x0010
[497] [M]: 0x0000000080002398 (0x00100513) addi a0, zero, 0x1
x10 <- 0x0000000000000001
mem[X,0x000000008000239C] -> 0x1513
mem[X,0x000000008000239E] -> 0x0375
[498] [M]: 0x000000008000239C (0x03751513) slli a0, a0, 0x37
x10 <- 0x0080000000000000
mem[X,0x00000000800023A0] -> 0x4513
mem[X,0x00000000800023A2] -> 0xFFF5
[499] [M]: 0x00000000800023A0 (0xFFF54513) xori a0, a0, -0x1
x10 <- 0xFF7FFFFFFFFFFFFF
clint::tick mtime <- 0x0000000000000005
 clint timer pending at mtime 0x0000000000000005
htif::tick 0x0000000000000000
mem[X,0x00000000800023A4] -> 0x0593
mem[X,0x00000000800023A6] -> 0x0010
[500] [M]: 0x00000000800023A4 (0x00100593) addi a1, zero, 0x1
x11 <- 0x0000000000000001
mem[X,0x00000000800023A8] -> 0x9593
mem[X,0x00000000800023AA] -> 0x0205
[501] [M]: 0x00000000800023A8 (0x02059593) slli a1, a1, 0x20
x11 <- 0x0000000100000000
mem[X,0x00000000800023AC] -> 0x0113
mem[X,0x00000000800023AE] -> 0x0000
[502] [M]: 0x00000000800023AC (0x00000113) addi sp, zero, 0x0
x2 <- 0x0000000000000000
mem[X,0x00000000800023B0] -> 0x006F
mem[X,0x00000000800023B2] -> 0x0050
[503] [M]: 0x00000000800023B0 (0x0050006F) jal zero, 0x804
mem[X,0x0000000080002BB4] -> 0x50E3
mem[X,0x0000000080002BB6] -> 0x80B5
[504] [M]: 0x0000000080002BB4 (0x80B550E3) bge a0, a1, -0x800
mem[X,0x0000000080002BB8] -> 0x0113
mem[X,0x0000000080002BBA] -> 0x0021
[505] [M]: 0x0000000080002BB8 (0x00210113) addi sp, sp, 0x2
x2 <- 0x0000000000000002
mem[X,0x0000000080002BBC] -> 0x006F
mem[X,0x0000000080002BBE] -> 0x00C0
[506] [M]: 0x0000000080002BBC (0x00C0006F) jal zero, 0xc
mem[X,0x0000000080002BC8] -> 0xB823
mem[X,0x0000000080002BCA] -> 0x0620
[507] [M]: 0x0000000080002BC8 (0x0620B823) sd sp, 0x70(ra)
mem[0x0000000080048240] <- 0x0000000000000002
mem[X,0x0000000080002BCC] -> 0x0513
mem[X,0x0000000080002BCE] -> 0xFFF0
[508] [M]: 0x0000000080002BCC (0xFFF00513) addi a0, zero, -0x1
x10 <- 0xFFFFFFFFFFFFFFFF
mem[X,0x0000000080002BD0] -> 0x1513
mem[X,0x0000000080002BD2] -> 0x03E5
[509] [M]: 0x0000000080002BD0 (0x03E51513) slli a0, a0, 0x3e
x10 <- 0xC000000000000000
mem[X,0x0000000080002BD4] -> 0x0593
mem[X,0x0000000080002BD6] -> 0x0010
[510] [M]: 0x0000000080002BD4 (0x00100593) addi a1, zero, 0x1
x11 <- 0x0000000000000001
mem[X,0x0000000080002BD8] -> 0x9593
mem[X,0x0000000080002BDA] -> 0x0215
[511] [M]: 0x0000000080002BD8 (0x02159593) slli a1, a1, 0x21
x11 <- 0x0000000200000000
mem[X,0x0000000080002BDC] -> 0x0113
mem[X,0x0000000080002BDE] -> 0x0000
[512] [M]: 0x0000000080002BDC (0x00000113) addi sp, zero, 0x0
x2 <- 0x0000000000000000
mem[X,0x0000000080002BE0] -> 0x006F
mem[X,0x0000000080002BE2] -> 0x00C0
[513] [M]: 0x0000000080002BE0 (0x00C0006F) jal zero, 0xc
mem[X,0x0000000080002BEC] -> 0x5863
mem[X,0x0000000080002BEE] -> 0x00B5
[514] [M]: 0x0000000080002BEC (0x00B55863) bge a0, a1, 0x10
mem[X,0x0000000080002BF0] -> 0x0113
mem[X,0x0000000080002BF2] -> 0x0021
[515] [M]: 0x0000000080002BF0 (0x00210113) addi sp, sp, 0x2
x2 <- 0x0000000000000002
mem[X,0x0000000080002BF4] -> 0x006F
mem[X,0x0000000080002BF6] -> 0x0100
[516] [M]: 0x0000000080002BF4 (0x0100006F) jal zero, 0x10
mem[X,0x0000000080002C04] -> 0xBC23
mem[X,0x0000000080002C06] -> 0x0620
[517] [M]: 0x0000000080002C04 (0x0620BC23) sd sp, 0x78(ra)
mem[0x0000000080048248] <- 0x0000000000000002
mem[X,0x0000000080002C08] -> 0x0513
mem[X,0x0000000080002C0A] -> 0x0010
[518] [M]: 0x0000000080002C08 (0x00100513) addi a0, zero, 0x1
x10 <- 0x0000000000000001
mem[X,0x0000000080002C0C] -> 0x1513
mem[X,0x0000000080002C0E] -> 0x03A5
[519] [M]: 0x0000000080002C0C (0x03A51513) slli a0, a0, 0x3a
x10 <- 0x0400000000000000
mem[X,0x0000000080002C10] -> 0x0593
mem[X,0x0000000080002C12] -> 0x0010
[520] [M]: 0x0000000080002C10 (0x00100593) addi a1, zero, 0x1
x11 <- 0x0000000000000001
mem[X,0x0000000080002C14] -> 0x9593
mem[X,0x0000000080002C16] -> 0x0225
[521] [M]: 0x0000000080002C14 (0x02259593) slli a1, a1, 0x22
x11 <- 0x0000000400000000
mem[X,0x0000000080002C18] -> 0x0113
mem[X,0x0000000080002C1A] -> 0x0000
[522] [M]: 0x0000000080002C18 (0x00000113) addi sp, zero, 0x0
x2 <- 0x0000000000000000
mem[X,0x0000000080002C1C] -> 0x006F
mem[X,0x0000000080002C1E] -> 0x00C0
[523] [M]: 0x0000000080002C1C (0x00C0006F) jal zero, 0xc
mem[X,0x0000000080002C28] -> 0x5CE3
mem[X,0x0000000080002C2A] -> 0xFEB5
[524] [M]: 0x0000000080002C28 (0xFEB55CE3) bge a0, a1, -0x8
mem[X,0x0000000080002C20] -> 0x0113
mem[X,0x0000000080002C22] -> 0x0011
[525] [M]: 0x0000000080002C20 (0x00110113) addi sp, sp, 0x1
x2 <- 0x0000000000000001
mem[X,0x0000000080002C24] -> 0x006F
mem[X,0x0000000080002C26] -> 0x0180
[526] [M]: 0x0000000080002C24 (0x0180006F) jal zero, 0x18
mem[X,0x0000000080002C3C] -> 0xB023
mem[X,0x0000000080002C3E] -> 0x0820
[527] [M]: 0x0000000080002C3C (0x0820B023) sd sp, 0x80(ra)
mem[0x0000000080048250] <- 0x0000000000000001
mem[X,0x0000000080002C40] -> 0x0513
mem[X,0x0000000080002C42] -> 0x0010
[528] [M]: 0x0000000080002C40 (0x00100513) addi a0, zero, 0x1
x10 <- 0x0000000000000001
mem[X,0x0000000080002C44] -> 0x1513
mem[X,0x0000000080002C46] -> 0x03C5
[529] [M]: 0x0000000080002C44 (0x03C51513) slli a0, a0, 0x3c
x10 <- 0x1000000000000000
mem[X,0x0000000080002C48] -> 0x4513
mem[X,0x0000000080002C4A] -> 0xFFF5
[530] [M]: 0x0000000080002C48 (0xFFF54513) xori a0, a0, -0x1
x10 <- 0xEFFFFFFFFFFFFFFF
mem[X,0x0000000080002C4C] -> 0x0593
mem[X,0x0000000080002C4E] -> 0x0010
[531] [M]: 0x0000000080002C4C (0x00100593) addi a1, zero, 0x1
x11 <- 0x0000000000000001
mem[X,0x0000000080002C50] -> 0x9593
mem[X,0x0000000080002C52] -> 0x0235
[532] [M]: 0x0000000080002C50 (0x02359593) slli a1, a1, 0x23
x11 <- 0x0000000800000000
mem[X,0x0000000080002C54] -> 0x0113
mem[X,0x0000000080002C56] -> 0x0000
[533] [M]: 0x0000000080002C54 (0x00000113) addi sp, zero, 0x0
x2 <- 0x0000000000000000
mem[X,0x0000000080002C58] -> 0x006F
mem[X,0x0000000080002C5A] -> 0x0100
[534] [M]: 0x0000000080002C58 (0x0100006F) jal zero, 0x10
mem[X,0x0000000080002C68] -> 0x5AE3
mem[X,0x0000000080002C6A] -> 0xFEB5
[535] [M]: 0x0000000080002C68 (0xFEB55AE3) bge a0, a1, -0xc
mem[X,0x0000000080002C6C] -> 0x0113
mem[X,0x0000000080002C6E] -> 0x0021
[536] [M]: 0x0000000080002C6C (0x00210113) addi sp, sp, 0x2
x2 <- 0x0000000000000002
mem[X,0x0000000080002C70] -> 0x006F
mem[X,0x0000000080002C72] -> 0x00C0
[537] [M]: 0x0000000080002C70 (0x00C0006F) jal zero, 0xc
mem[X,0x0000000080002C7C] -> 0xB423
mem[X,0x0000000080002C7E] -> 0x0820
[538] [M]: 0x0000000080002C7C (0x0820B423) sd sp, 0x88(ra)
mem[0x0000000080048258] <- 0x0000000000000002
mem[X,0x0000000080002C80] -> 0x0513
mem[X,0x0000000080002C82] -> 0x0010
[539] [M]: 0x0000000080002C80 (0x00100513) addi a0, zero, 0x1
x10 <- 0x0000000000000001
mem[X,0x0000000080002C84] -> 0x1513
mem[X,0x0000000080002C86] -> 0x03B5
[540] [M]: 0x0000000080002C84 (0x03B51513) slli a0, a0, 0x3b
x10 <- 0x0800000000000000
mem[X,0x0000000080002C88] -> 0x4513
mem[X,0x0000000080002C8A] -> 0xFFF5
[541] [M]: 0x0000000080002C88 (0xFFF54513) xori a0, a0, -0x1
x10 <- 0xF7FFFFFFFFFFFFFF
mem[X,0x0000000080002C8C] -> 0x0593
mem[X,0x0000000080002C8E] -> 0x0010
[542] [M]: 0x0000000080002C8C (0x00100593) addi a1, zero, 0x1
x11 <- 0x0000000000000001
mem[X,0x0000000080002C90] -> 0x9593
mem[X,0x0000000080002C92] -> 0x0245
[543] [M]: 0x0000000080002C90 (0x02459593) slli a1, a1, 0x24
x11 <- 0x0000001000000000
mem[X,0x0000000080002C94] -> 0x0113
mem[X,0x0000000080002C96] -> 0x0000
[544] [M]: 0x0000000080002C94 (0x00000113) addi sp, zero, 0x0
x2 <- 0x0000000000000000
mem[X,0x0000000080002C98] -> 0x006F
mem[X,0x0000000080002C9A] -> 0x0180
[545] [M]: 0x0000000080002C98 (0x0180006F) jal zero, 0x18
mem[X,0x0000000080002CB0] -> 0x56E3
mem[X,0x0000000080002CB2] -> 0xFEB5
[546] [M]: 0x0000000080002CB0 (0xFEB556E3) bge a0, a1, -0x14
mem[X,0x0000000080002CB4] -> 0x0113
mem[X,0x0000000080002CB6] -> 0x0021
[547] [M]: 0x0000000080002CB4 (0x00210113) addi sp, sp, 0x2
x2 <- 0x0000000000000002
mem[X,0x0000000080002CB8] -> 0x006F
mem[X,0x0000000080002CBA] -> 0x00C0
[548] [M]: 0x0000000080002CB8 (0x00C0006F) jal zero, 0xc
mem[X,0x0000000080002CC4] -> 0xB823
mem[X,0x0000000080002CC6] -> 0x0820
[549] [M]: 0x0000000080002CC4 (0x0820B823) sd sp, 0x90(ra)
mem[0x0000000080048260] <- 0x0000000000000002
mem[X,0x0000000080002CC8] -> 0x0513
mem[X,0x0000000080002CCA] -> 0x0000
[550] [M]: 0x0000000080002CC8 (0x00000513) addi a0, zero, 0x0
x10 <- 0x0000000000000000
mem[X,0x0000000080002CCC] -> 0x0593
mem[X,0x0000000080002CCE] -> 0x0010
[551] [M]: 0x0000000080002CCC (0x00100593) addi a1, zero, 0x1
x11 <- 0x0000000000000001
mem[X,0x0000000080002CD0] -> 0x9593
mem[X,0x0000000080002CD2] -> 0x0255
[552] [M]: 0x0000000080002CD0 (0x02559593) slli a1, a1, 0x25
x11 <- 0x0000002000000000
mem[X,0x0000000080002CD4] -> 0x0113
mem[X,0x0000000080002CD6] -> 0x0000
[553] [M]: 0x0000000080002CD4 (0x00000113) addi sp, zero, 0x0
x2 <- 0x0000000000000000
mem[X,0x0000000080002CD8] -> 0x006F
mem[X,0x0000000080002CDA] -> 0x00C0
[554] [M]: 0x0000000080002CD8 (0x00C0006F) jal zero, 0xc
mem[X,0x0000000080002CE4] -> 0x5863
mem[X,0x0000000080002CE6] -> 0x00B5
[555] [M]: 0x0000000080002CE4 (0x00B55863) bge a0, a1, 0x10
mem[X,0x0000000080002CE8] -> 0x0113
mem[X,0x0000000080002CEA] -> 0x0021
[556] [M]: 0x0000000080002CE8 (0x00210113) addi sp, sp, 0x2
x2 <- 0x0000000000000002
mem[X,0x0000000080002CEC] -> 0x006F
mem[X,0x0000000080002CEE] -> 0x0100
[557] [M]: 0x0000000080002CEC (0x0100006F) jal zero, 0x10
mem[X,0x0000000080002CFC] -> 0xBC23
mem[X,0x0000000080002CFE] -> 0x0820
[558] [M]: 0x0000000080002CFC (0x0820BC23) sd sp, 0x98(ra)
mem[0x0000000080048268] <- 0x0000000000000002
mem[X,0x0000000080002D00] -> 0x0513
mem[X,0x0000000080002D02] -> 0x0010
[559] [M]: 0x0000000080002D00 (0x00100513) addi a0, zero, 0x1
x10 <- 0x0000000000000001
mem[X,0x0000000080002D04] -> 0x1513
mem[X,0x0000000080002D06] -> 0x0115
[560] [M]: 0x0000000080002D04 (0x01151513) slli a0, a0, 0x11
x10 <- 0x0000000000020000
mem[X,0x0000000080002D08] -> 0x4513
mem[X,0x0000000080002D0A] -> 0xFFF5
[561] [M]: 0x0000000080002D08 (0xFFF54513) xori a0, a0, -0x1
x10 <- 0xFFFFFFFFFFFDFFFF
mem[X,0x0000000080002D0C] -> 0x0593
mem[X,0x0000000080002D0E] -> 0x0010
[562] [M]: 0x0000000080002D0C (0x00100593) addi a1, zero, 0x1
x11 <- 0x0000000000000001
mem[X,0x0000000080002D10] -> 0x9593
mem[X,0x0000000080002D12] -> 0x0265
[563] [M]: 0x0000000080002D10 (0x02659593) slli a1, a1, 0x26
x11 <- 0x0000004000000000
mem[X,0x0000000080002D14] -> 0x0113
mem[X,0x0000000080002D16] -> 0x0000
[564] [M]: 0x0000000080002D14 (0x00000113) addi sp, zero, 0x0
x2 <- 0x0000000000000000
mem[X,0x0000000080002D18] -> 0x006F
mem[X,0x0000000080002D1A] -> 0x0050
[565] [M]: 0x0000000080002D18 (0x0050006F) jal zero, 0x804
mem[X,0x000000008000351C] -> 0x50E3
mem[X,0x000000008000351E] -> 0x80B5
[566] [M]: 0x000000008000351C (0x80B550E3) bge a0, a1, -0x800
mem[X,0x0000000080003520] -> 0x0113
mem[X,0x0000000080003522] -> 0x0021
[567] [M]: 0x0000000080003520 (0x00210113) addi sp, sp, 0x2
x2 <- 0x0000000000000002
mem[X,0x0000000080003524] -> 0x006F
mem[X,0x0000000080003526] -> 0x00C0
[568] [M]: 0x0000000080003524 (0x00C0006F) jal zero, 0xc
mem[X,0x0000000080003530] -> 0xB023
mem[X,0x0000000080003532] -> 0x0A20
[569] [M]: 0x0000000080003530 (0x0A20B023) sd sp, 0xa0(ra)
mem[0x0000000080048270] <- 0x0000000000000002
mem[X,0x0000000080003534] -> 0x0513
mem[X,0x0000000080003536] -> 0x0000
[570] [M]: 0x0000000080003534 (0x00000513) addi a0, zero, 0x0
x10 <- 0x0000000000000000
mem[X,0x0000000080003538] -> 0x0593
mem[X,0x000000008000353A] -> 0x0010
[571] [M]: 0x0000000080003538 (0x00100593) addi a1, zero, 0x1
x11 <- 0x0000000000000001
mem[X,0x000000008000353C] -> 0x9593
mem[X,0x000000008000353E] -> 0x0275
[572] [M]: 0x000000008000353C (0x02759593) slli a1, a1, 0x27
x11 <- 0x0000008000000000
mem[X,0x0000000080003540] -> 0x0113
mem[X,0x0000000080003542] -> 0x0000
[573] [M]: 0x0000000080003540 (0x00000113) addi sp, zero, 0x0
x2 <- 0x0000000000000000
mem[X,0x0000000080003544] -> 0x006F
mem[X,0x0000000080003546] -> 0x00C0
[574] [M]: 0x0000000080003544 (0x00C0006F) jal zero, 0xc
mem[X,0x0000000080003550] -> 0x5063
mem[X,0x0000000080003552] -> 0x40B5
[575] [M]: 0x0000000080003550 (0x40B55063) bge a0, a1, 0x400
mem[X,0x0000000080003554] -> 0x0113
mem[X,0x0000000080003556] -> 0x0021
[576] [M]: 0x0000000080003554 (0x00210113) addi sp, sp, 0x2
x2 <- 0x0000000000000002
mem[X,0x0000000080003558] -> 0x006F
mem[X,0x000000008000355A] -> 0x4000
[577] [M]: 0x0000000080003558 (0x4000006F) jal zero, 0x400
mem[X,0x0000000080003958] -> 0xB423
mem[X,0x000000008000395A] -> 0x0A20
[578] [M]: 0x0000000080003958 (0x0A20B423) sd sp, 0xa8(ra)
mem[0x0000000080048278] <- 0x0000000000000002
mem[X,0x000000008000395C] -> 0x0513
mem[X,0x000000008000395E] -> 0x0010
[579] [M]: 0x000000008000395C (0x00100513) addi a0, zero, 0x1
x10 <- 0x0000000000000001
mem[X,0x0000000080003960] -> 0x1513
mem[X,0x0000000080003962] -> 0x0225
[580] [M]: 0x0000000080003960 (0x02251513) slli a0, a0, 0x22
x10 <- 0x0000000400000000
mem[X,0x0000000080003964] -> 0x4513
mem[X,0x0000000080003966] -> 0xFFF5
[581] [M]: 0x0000000080003964 (0xFFF54513) xori a0, a0, -0x1
x10 <- 0xFFFFFFFBFFFFFFFF
mem[X,0x0000000080003968] -> 0x0593
mem[X,0x000000008000396A] -> 0x0010
[582] [M]: 0x0000000080003968 (0x00100593) addi a1, zero, 0x1
x11 <- 0x0000000000000001
mem[X,0x000000008000396C] -> 0x9593
mem[X,0x000000008000396E] -> 0x0285
[583] [M]: 0x000000008000396C (0x02859593) slli a1, a1, 0x28
x11 <- 0x0000010000000000
mem[X,0x0000000080003970] -> 0x0113
mem[X,0x0000000080003972] -> 0x0000
[584] [M]: 0x0000000080003970 (0x00000113) addi sp, zero, 0x0
x2 <- 0x0000000000000000
mem[X,0x0000000080003974] -> 0x006F
mem[X,0x0000000080003976] -> 0x0180
[585] [M]: 0x0000000080003974 (0x0180006F) jal zero, 0x18
mem[X,0x000000008000398C] -> 0x56E3
mem[X,0x000000008000398E] -> 0xFEB5
[586] [M]: 0x000000008000398C (0xFEB556E3) bge a0, a1, -0x14
mem[X,0x0000000080003990] -> 0x0113
mem[X,0x0000000080003992] -> 0x0021
[587] [M]: 0x0000000080003990 (0x00210113) addi sp, sp, 0x2
x2 <- 0x0000000000000002
mem[X,0x0000000080003994] -> 0x006F
mem[X,0x0000000080003996] -> 0x00C0
[588] [M]: 0x0000000080003994 (0x00C0006F) jal zero, 0xc
mem[X,0x00000000800039A0] -> 0xB823
mem[X,0x00000000800039A2] -> 0x0A20
[589] [M]: 0x00000000800039A0 (0x0A20B823) sd sp, 0xb0(ra)
mem[0x0000000080048280] <- 0x0000000000000002
mem[X,0x00000000800039A4] -> 0x0513
mem[X,0x00000000800039A6] -> 0x0010
[590] [M]: 0x00000000800039A4 (0x00100513) addi a0, zero, 0x1
x10 <- 0x0000000000000001
mem[X,0x00000000800039A8] -> 0x1513
mem[X,0x00000000800039AA] -> 0x03C5
[591] [M]: 0x00000000800039A8 (0x03C51513) slli a0, a0, 0x3c
x10 <- 0x1000000000000000
mem[X,0x00000000800039AC] -> 0x0593
mem[X,0x00000000800039AE] -> 0x0010
[592] [M]: 0x00000000800039AC (0x00100593) addi a1, zero, 0x1
x11 <- 0x0000000000000001
mem[X,0x00000000800039B0] -> 0x9593
mem[X,0x00000000800039B2] -> 0x0295
[593] [M]: 0x00000000800039B0 (0x02959593) slli a1, a1, 0x29
x11 <- 0x0000020000000000
mem[X,0x00000000800039B4] -> 0x0113
mem[X,0x00000000800039B6] -> 0x0000
[594] [M]: 0x00000000800039B4 (0x00000113) addi sp, zero, 0x0
x2 <- 0x0000000000000000
mem[X,0x00000000800039B8] -> 0x006F
mem[X,0x00000000800039BA] -> 0x0140
[595] [M]: 0x00000000800039B8 (0x0140006F) jal zero, 0x14
mem[X,0x00000000800039CC] -> 0x58E3
mem[X,0x00000000800039CE] -> 0xFEB5
[596] [M]: 0x00000000800039CC (0xFEB558E3) bge a0, a1, -0x10
mem[X,0x00000000800039BC] -> 0x0113
mem[X,0x00000000800039BE] -> 0x0011
[597] [M]: 0x00000000800039BC (0x00110113) addi sp, sp, 0x1
x2 <- 0x0000000000000001
mem[X,0x00000000800039C0] -> 0x006F
mem[X,0x00000000800039C2] -> 0x0200
[598] [M]: 0x00000000800039C0 (0x0200006F) jal zero, 0x20
mem[X,0x00000000800039E0] -> 0xBC23
mem[X,0x00000000800039E2] -> 0x0A20
[599] [M]: 0x00000000800039E0 (0x0A20BC23) sd sp, 0xb8(ra)
mem[0x0000000080048288] <- 0x0000000000000001
clint::tick mtime <- 0x0000000000000006
 clint timer pending at mtime 0x0000000000000006
htif::tick 0x0000000000000000
mem[X,0x00000000800039E4] -> 0x0513
mem[X,0x00000000800039E6] -> 0x0000
[600] [M]: 0x00000000800039E4 (0x00000513) addi a0, zero, 0x0
x10 <- 0x0000000000000000
mem[X,0x00000000800039E8] -> 0x0593
mem[X,0x00000000800039EA] -> 0x0010
[601] [M]: 0x00000000800039E8 (0x00100593) addi a1, zero, 0x1
x11 <- 0x0000000000000001
mem[X,0x00000000800039EC] -> 0x9593
mem[X,0x00000000800039EE] -> 0x02A5
[602] [M]: 0x00000000800039EC (0x02A59593) slli a1, a1, 0x2a
x11 <- 0x0000040000000000
mem[X,0x00000000800039F0] -> 0x0113
mem[X,0x00000000800039F2] -> 0x0000
[603] [M]: 0x00000000800039F0 (0x00000113) addi sp, zero, 0x0
x2 <- 0x0000000000000000
mem[X,0x00000000800039F4] -> 0x006F
mem[X,0x00000000800039F6] -> 0x2B10
[604] [M]: 0x00000000800039F4 (0x2B10006F) jal zero, 0xab0
mem[X,0x00000000800044A4] -> 0x5A63
mem[X,0x00000000800044A6] -> 0xD4B5
[605] [M]: 0x00000000800044A4 (0xD4B55A63) bge a0, a1, -0xaac
mem[X,0x00000000800044A8] -> 0x0113
mem[X,0x00000000800044AA] -> 0x0021
[606] [M]: 0x00000000800044A8 (0x00210113) addi sp, sp, 0x2
x2 <- 0x0000000000000002
mem[X,0x00000000800044AC] -> 0x006F
mem[X,0x00000000800044AE] -> 0x00C0
[607] [M]: 0x00000000800044AC (0x00C0006F) jal zero, 0xc
mem[X,0x00000000800044B8] -> 0xB023
mem[X,0x00000000800044BA] -> 0x0C20
[608] [M]: 0x00000000800044B8 (0x0C20B023) sd sp, 0xc0(ra)
mem[0x0000000080048290] <- 0x0000000000000002
mem[X,0x00000000800044BC] -> 0x0513
mem[X,0x00000000800044BE] -> 0x0010
[609] [M]: 0x00000000800044BC (0x00100513) addi a0, zero, 0x1
x10 <- 0x0000000000000001
mem[X,0x00000000800044C0] -> 0x1513
mem[X,0x00000000800044C2] -> 0x0395
[610] [M]: 0x00000000800044C0 (0x03951513) slli a0, a0, 0x39
x10 <- 0x0200000000000000
mem[X,0x00000000800044C4] -> 0x0593
mem[X,0x00000000800044C6] -> 0x0010
[611] [M]: 0x00000000800044C4 (0x00100593) addi a1, zero, 0x1
x11 <- 0x0000000000000001
mem[X,0x00000000800044C8] -> 0x9593
mem[X,0x00000000800044CA] -> 0x02B5
[612] [M]: 0x00000000800044C8 (0x02B59593) slli a1, a1, 0x2b
x11 <- 0x0000080000000000
mem[X,0x00000000800044CC] -> 0x0113
mem[X,0x00000000800044CE] -> 0x0000
[613] [M]: 0x00000000800044CC (0x00000113) addi sp, zero, 0x0
x2 <- 0x0000000000000000
mem[X,0x00000000800044D0] -> 0x006F
mem[X,0x00000000800044D2] -> 0x00C0
[614] [M]: 0x00000000800044D0 (0x00C0006F) jal zero, 0xc
mem[X,0x00000000800044DC] -> 0x5663
mem[X,0x00000000800044DE] -> 0x00B5
[615] [M]: 0x00000000800044DC (0x00B55663) bge a0, a1, 0xc
mem[X,0x00000000800044E8] -> 0x0113
mem[X,0x00000000800044EA] -> 0x0031
[616] [M]: 0x00000000800044E8 (0x00310113) addi sp, sp, 0x3
x2 <- 0x0000000000000003
mem[X,0x00000000800044EC] -> 0x006F
mem[X,0x00000000800044EE] -> 0x0040
[617] [M]: 0x00000000800044EC (0x0040006F) jal zero, 0x4
mem[X,0x00000000800044F0] -> 0xB423
mem[X,0x00000000800044F2] -> 0x0C20
[618] [M]: 0x00000000800044F0 (0x0C20B423) sd sp, 0xc8(ra)
mem[0x0000000080048298] <- 0x0000000000000003
mem[X,0x00000000800044F4] -> 0x0513
mem[X,0x00000000800044F6] -> 0x0010
[619] [M]: 0x00000000800044F4 (0x00100513) addi a0, zero, 0x1
x10 <- 0x0000000000000001
mem[X,0x00000000800044F8] -> 0x1513
mem[X,0x00000000800044FA] -> 0x01D5
[620] [M]: 0x00000000800044F8 (0x01D51513) slli a0, a0, 0x1d
x10 <- 0x0000000020000000
mem[X,0x00000000800044FC] -> 0x0593
mem[X,0x00000000800044FE] -> 0x0010
[621] [M]: 0x00000000800044FC (0x00100593) addi a1, zero, 0x1
x11 <- 0x0000000000000001
mem[X,0x0000000080004500] -> 0x9593
mem[X,0x0000000080004502] -> 0x02C5
[622] [M]: 0x0000000080004500 (0x02C59593) slli a1, a1, 0x2c
x11 <- 0x0000100000000000
mem[X,0x0000000080004504] -> 0x0113
mem[X,0x0000000080004506] -> 0x0000
[623] [M]: 0x0000000080004504 (0x00000113) addi sp, zero, 0x0
x2 <- 0x0000000000000000
mem[X,0x0000000080004508] -> 0x006F
mem[X,0x000000008000450A] -> 0x00C0
[624] [M]: 0x0000000080004508 (0x00C0006F) jal zero, 0xc
mem[X,0x0000000080004514] -> 0x5663
mem[X,0x0000000080004516] -> 0x00B5
[625] [M]: 0x0000000080004514 (0x00B55663) bge a0, a1, 0xc
mem[X,0x0000000080004518] -> 0x0113
mem[X,0x000000008000451A] -> 0x0021
[626] [M]: 0x0000000080004518 (0x00210113) addi sp, sp, 0x2
x2 <- 0x0000000000000002
mem[X,0x000000008000451C] -> 0x006F
mem[X,0x000000008000451E] -> 0x00C0
[627] [M]: 0x000000008000451C (0x00C0006F) jal zero, 0xc
mem[X,0x0000000080004528] -> 0xB823
mem[X,0x000000008000452A] -> 0x0C20
[628] [M]: 0x0000000080004528 (0x0C20B823) sd sp, 0xd0(ra)
mem[0x00000000800482A0] <- 0x0000000000000002
mem[X,0x000000008000452C] -> 0x0513
mem[X,0x000000008000452E] -> 0xFFD0
[629] [M]: 0x000000008000452C (0xFFD00513) addi a0, zero, -0x3
x10 <- 0xFFFFFFFFFFFFFFFD
mem[X,0x0000000080004530] -> 0x0593
mem[X,0x0000000080004532] -> 0x0010
[630] [M]: 0x0000000080004530 (0x00100593) addi a1, zero, 0x1
x11 <- 0x0000000000000001
mem[X,0x0000000080004534] -> 0x9593
mem[X,0x0000000080004536] -> 0x02D5
[631] [M]: 0x0000000080004534 (0x02D59593) slli a1, a1, 0x2d
x11 <- 0x0000200000000000
mem[X,0x0000000080004538] -> 0x0113
mem[X,0x000000008000453A] -> 0x0000
[632] [M]: 0x0000000080004538 (0x00000113) addi sp, zero, 0x0
x2 <- 0x0000000000000000
mem[X,0x000000008000453C] -> 0x006F
mem[X,0x000000008000453E] -> 0x00C0
[633] [M]: 0x000000008000453C (0x00C0006F) jal zero, 0xc
mem[X,0x0000000080004548] -> 0x5CE3
mem[X,0x000000008000454A] -> 0xFEB5
[634] [M]: 0x0000000080004548 (0xFEB55CE3) bge a0, a1, -0x8
mem[X,0x000000008000454C] -> 0x0113
mem[X,0x000000008000454E] -> 0x0021
[635] [M]: 0x000000008000454C (0x00210113) addi sp, sp, 0x2
x2 <- 0x0000000000000002
mem[X,0x0000000080004550] -> 0x006F
mem[X,0x0000000080004552] -> 0x00C0
[636] [M]: 0x0000000080004550 (0x00C0006F) jal zero, 0xc
mem[X,0x000000008000455C] -> 0xBC23
mem[X,0x000000008000455E] -> 0x0C20
[637] [M]: 0x000000008000455C (0x0C20BC23) sd sp, 0xd8(ra)
mem[0x00000000800482A8] <- 0x0000000000000002
mem[X,0x0000000080004560] -> 0x0537
mem[X,0x0000000080004562] -> 0x0000
[638] [M]: 0x0000000080004560 (0x00000537) lui a0, 0x0
x10 <- 0x0000000000000000
mem[X,0x0000000080004564] -> 0x0513
mem[X,0x0000000080004566] -> 0xFFF5
[639] [M]: 0x0000000080004564 (0xFFF50513) addi a0, a0, -0x1
x10 <- 0xFFFFFFFFFFFFFFFF
mem[X,0x0000000080004568] -> 0x1513
mem[X,0x000000008000456A] -> 0x00B5
[640] [M]: 0x0000000080004568 (0x00B51513) slli a0, a0, 0xb
x10 <- 0xFFFFFFFFFFFFF800
mem[X,0x000000008000456C] -> 0x0513
mem[X,0x000000008000456E] -> 0x2575
[641] [M]: 0x000000008000456C (0x25750513) addi a0, a0, 0x257
x10 <- 0xFFFFFFFFFFFFFA57
mem[X,0x0000000080004570] -> 0x1513
mem[X,0x0000000080004572] -> 0x00B5
[642] [M]: 0x0000000080004570 (0x00B51513) slli a0, a0, 0xb
x10 <- 0xFFFFFFFFFFD2B800
mem[X,0x0000000080004574] -> 0x0513
mem[X,0x0000000080004576] -> 0x6C35
[643] [M]: 0x0000000080004574 (0x6C350513) addi a0, a0, 0x6c3
x10 <- 0xFFFFFFFFFFD2BEC3
mem[X,0x0000000080004578] -> 0x1513
mem[X,0x000000008000457A] -> 0x00A5
[644] [M]: 0x0000000080004578 (0x00A51513) slli a0, a0, 0xa
x10 <- 0xFFFFFFFF4AFB0C00
mem[X,0x000000008000457C] -> 0x0513
mem[X,0x000000008000457E] -> 0x0CE5
[645] [M]: 0x000000008000457C (0x0CE50513) addi a0, a0, 0xce
x10 <- 0xFFFFFFFF4AFB0CCE
mem[X,0x0000000080004580] -> 0x0593
mem[X,0x0000000080004582] -> 0x0010
[646] [M]: 0x0000000080004580 (0x00100593) addi a1, zero, 0x1
x11 <- 0x0000000000000001
mem[X,0x0000000080004584] -> 0x9593
mem[X,0x0000000080004586] -> 0x02E5
[647] [M]: 0x0000000080004584 (0x02E59593) slli a1, a1, 0x2e
x11 <- 0x0000400000000000
mem[X,0x0000000080004588] -> 0x0113
mem[X,0x000000008000458A] -> 0x0000
[648] [M]: 0x0000000080004588 (0x00000113) addi sp, zero, 0x0
x2 <- 0x0000000000000000
mem[X,0x000000008000458C] -> 0x006F
mem[X,0x000000008000458E] -> 0x00C0
[649] [M]: 0x000000008000458C (0x00C0006F) jal zero, 0xc
mem[X,0x0000000080004598] -> 0x5663
mem[X,0x000000008000459A] -> 0x00B5
[650] [M]: 0x0000000080004598 (0x00B55663) bge a0, a1, 0xc
mem[X,0x000000008000459C] -> 0x0113
mem[X,0x000000008000459E] -> 0x0021
[651] [M]: 0x000000008000459C (0x00210113) addi sp, sp, 0x2
x2 <- 0x0000000000000002
mem[X,0x00000000800045A0] -> 0x006F
mem[X,0x00000000800045A2] -> 0x00C0
[652] [M]: 0x00000000800045A0 (0x00C0006F) jal zero, 0xc
mem[X,0x00000000800045AC] -> 0xB023
mem[X,0x00000000800045AE] -> 0x0E20
[653] [M]: 0x00000000800045AC (0x0E20B023) sd sp, 0xe0(ra)
mem[0x00000000800482B0] <- 0x0000000000000002
mem[X,0x00000000800045B0] -> 0x0513
mem[X,0x00000000800045B2] -> 0x0060
[654] [M]: 0x00000000800045B0 (0x00600513) addi a0, zero, 0x6
x10 <- 0x0000000000000006
mem[X,0x00000000800045B4] -> 0x0593
mem[X,0x00000000800045B6] -> 0x0010
[655] [M]: 0x00000000800045B4 (0x00100593) addi a1, zero, 0x1
x11 <- 0x0000000000000001
mem[X,0x00000000800045B8] -> 0x9593
mem[X,0x00000000800045BA] -> 0x02F5
[656] [M]: 0x00000000800045B8 (0x02F59593) slli a1, a1, 0x2f
x11 <- 0x0000800000000000
mem[X,0x00000000800045BC] -> 0x0113
mem[X,0x00000000800045BE] -> 0x0000
[657] [M]: 0x00000000800045BC (0x00000113) addi sp, zero, 0x0
x2 <- 0x0000000000000000
mem[X,0x00000000800045C0] -> 0x006F
mem[X,0x00000000800045C2] -> 0x00C0
[658] [M]: 0x00000000800045C0 (0x00C0006F) jal zero, 0xc
mem[X,0x00000000800045CC] -> 0x5CE3
mem[X,0x00000000800045CE] -> 0xFEB5
[659] [M]: 0x00000000800045CC (0xFEB55CE3) bge a0, a1, -0x8
mem[X,0x00000000800045D0] -> 0x0113
mem[X,0x00000000800045D2] -> 0x0021
[660] [M]: 0x00000000800045D0 (0x00210113) addi sp, sp, 0x2
x2 <- 0x0000000000000002
mem[X,0x00000000800045D4] -> 0x006F
mem[X,0x00000000800045D6] -> 0x00C0
[661] [M]: 0x00000000800045D4 (0x00C0006F) jal zero, 0xc
mem[X,0x00000000800045E0] -> 0xB423
mem[X,0x00000000800045E2] -> 0x0E20
[662] [M]: 0x00000000800045E0 (0x0E20B423) sd sp, 0xe8(ra)
mem[0x00000000800482B8] <- 0x0000000000000002
mem[X,0x00000000800045E4] -> 0x0513
mem[X,0x00000000800045E6] -> 0x0010
[663] [M]: 0x00000000800045E4 (0x00100513) addi a0, zero, 0x1
x10 <- 0x0000000000000001
mem[X,0x00000000800045E8] -> 0x1513
mem[X,0x00000000800045EA] -> 0x00E5
[664] [M]: 0x00000000800045E8 (0x00E51513) slli a0, a0, 0xe
x10 <- 0x0000000000004000
mem[X,0x00000000800045EC] -> 0x4513
mem[X,0x00000000800045EE] -> 0xFFF5
[665] [M]: 0x00000000800045EC (0xFFF54513) xori a0, a0, -0x1
x10 <- 0xFFFFFFFFFFFFBFFF
mem[X,0x00000000800045F0] -> 0x0593
mem[X,0x00000000800045F2] -> 0x0010
[666] [M]: 0x00000000800045F0 (0x00100593) addi a1, zero, 0x1
x11 <- 0x0000000000000001
mem[X,0x00000000800045F4] -> 0x9593
mem[X,0x00000000800045F6] -> 0x0305
[667] [M]: 0x00000000800045F4 (0x03059593) slli a1, a1, 0x30
x11 <- 0x0001000000000000
mem[X,0x00000000800045F8] -> 0x0113
mem[X,0x00000000800045FA] -> 0x0000
[668] [M]: 0x00000000800045F8 (0x00000113) addi sp, zero, 0x0
x2 <- 0x0000000000000000
mem[X,0x00000000800045FC] -> 0x006F
mem[X,0x00000000800045FE] -> 0x00C0
[669] [M]: 0x00000000800045FC (0x00C0006F) jal zero, 0xc
mem[X,0x0000000080004608] -> 0x5CE3
mem[X,0x000000008000460A] -> 0xFEB5
[670] [M]: 0x0000000080004608 (0xFEB55CE3) bge a0, a1, -0x8
mem[X,0x000000008000460C] -> 0x0113
mem[X,0x000000008000460E] -> 0x0021
[671] [M]: 0x000000008000460C (0x00210113) addi sp, sp, 0x2
x2 <- 0x0000000000000002
mem[X,0x0000000080004610] -> 0x006F
mem[X,0x0000000080004612] -> 0x00C0
[672] [M]: 0x0000000080004610 (0x00C0006F) jal zero, 0xc
mem[X,0x000000008000461C] -> 0xB823
mem[X,0x000000008000461E] -> 0x0E20
[673] [M]: 0x000000008000461C (0x0E20B823) sd sp, 0xf0(ra)
mem[0x00000000800482C0] <- 0x0000000000000002
mem[X,0x0000000080004620] -> 0x0513
mem[X,0x0000000080004622] -> 0x0010
[674] [M]: 0x0000000080004620 (0x00100513) addi a0, zero, 0x1
x10 <- 0x0000000000000001
mem[X,0x0000000080004624] -> 0x1513
mem[X,0x0000000080004626] -> 0x0395
[675] [M]: 0x0000000080004624 (0x03951513) slli a0, a0, 0x39
x10 <- 0x0200000000000000
mem[X,0x0000000080004628] -> 0x4513
mem[X,0x000000008000462A] -> 0xFFF5
[676] [M]: 0x0000000080004628 (0xFFF54513) xori a0, a0, -0x1
x10 <- 0xFDFFFFFFFFFFFFFF
mem[X,0x000000008000462C] -> 0x0593
mem[X,0x000000008000462E] -> 0x0010
[677] [M]: 0x000000008000462C (0x00100593) addi a1, zero, 0x1
x11 <- 0x0000000000000001
mem[X,0x0000000080004630] -> 0x9593
mem[X,0x0000000080004632] -> 0x0315
[678] [M]: 0x0000000080004630 (0x03159593) slli a1, a1, 0x31
x11 <- 0x0002000000000000
mem[X,0x0000000080004634] -> 0x0113
mem[X,0x0000000080004636] -> 0x0000
[679] [M]: 0x0000000080004634 (0x00000113) addi sp, zero, 0x0
x2 <- 0x0000000000000000
mem[X,0x0000000080004638] -> 0x006F
mem[X,0x000000008000463A] -> 0x00C0
[680] [M]: 0x0000000080004638 (0x00C0006F) jal zero, 0xc
mem[X,0x0000000080004644] -> 0x5063
mem[X,0x0000000080004646] -> 0x04B5
[681] [M]: 0x0000000080004644 (0x04B55063) bge a0, a1, 0x40
mem[X,0x0000000080004648] -> 0x0113
mem[X,0x000000008000464A] -> 0x0021
[682] [M]: 0x0000000080004648 (0x00210113) addi sp, sp, 0x2
x2 <- 0x0000000000000002
mem[X,0x000000008000464C] -> 0x006F
mem[X,0x000000008000464E] -> 0x0400
[683] [M]: 0x000000008000464C (0x0400006F) jal zero, 0x40
mem[X,0x000000008000468C] -> 0xBC23
mem[X,0x000000008000468E] -> 0x0E20
[684] [M]: 0x000000008000468C (0x0E20BC23) sd sp, 0xf8(ra)
mem[0x00000000800482C8] <- 0x0000000000000002
mem[X,0x0000000080004690] -> 0x0513
mem[X,0x0000000080004692] -> 0x0010
[685] [M]: 0x0000000080004690 (0x00100513) addi a0, zero, 0x1
x10 <- 0x0000000000000001
mem[X,0x0000000080004694] -> 0x1513
mem[X,0x0000000080004696] -> 0x0355
[686] [M]: 0x0000000080004694 (0x03551513) slli a0, a0, 0x35
x10 <- 0x0020000000000000
mem[X,0x0000000080004698] -> 0x0593
mem[X,0x000000008000469A] -> 0x0010
[687] [M]: 0x0000000080004698 (0x00100593) addi a1, zero, 0x1
x11 <- 0x0000000000000001
mem[X,0x000000008000469C] -> 0x9593
mem[X,0x000000008000469E] -> 0x0325
[688] [M]: 0x000000008000469C (0x03259593) slli a1, a1, 0x32
x11 <- 0x0004000000000000
mem[X,0x00000000800046A0] -> 0x0113
mem[X,0x00000000800046A2] -> 0x0000
[689] [M]: 0x00000000800046A0 (0x00000113) addi sp, zero, 0x0
x2 <- 0x0000000000000000
mem[X,0x00000000800046A4] -> 0x006F
mem[X,0x00000000800046A6] -> 0x0100
[690] [M]: 0x00000000800046A4 (0x0100006F) jal zero, 0x10
mem[X,0x00000000800046B4] -> 0x5AE3
mem[X,0x00000000800046B6] -> 0xFEB5
[691] [M]: 0x00000000800046B4 (0xFEB55AE3) bge a0, a1, -0xc
mem[X,0x00000000800046A8] -> 0x0113
mem[X,0x00000000800046AA] -> 0x0011
[692] [M]: 0x00000000800046A8 (0x00110113) addi sp, sp, 0x1
x2 <- 0x0000000000000001
mem[X,0x00000000800046AC] -> 0x006F
mem[X,0x00000000800046AE] -> 0x01C0
[693] [M]: 0x00000000800046AC (0x01C0006F) jal zero, 0x1c
mem[X,0x00000000800046C8] -> 0xB023
mem[X,0x00000000800046CA] -> 0x1020
[694] [M]: 0x00000000800046C8 (0x1020B023) sd sp, 0x100(ra)
mem[0x00000000800482D0] <- 0x0000000000000001
mem[X,0x00000000800046CC] -> 0x0513
mem[X,0x00000000800046CE] -> 0x0010
[695] [M]: 0x00000000800046CC (0x00100513) addi a0, zero, 0x1
x10 <- 0x0000000000000001
mem[X,0x00000000800046D0] -> 0x1513
mem[X,0x00000000800046D2] -> 0x02C5
[696] [M]: 0x00000000800046D0 (0x02C51513) slli a0, a0, 0x2c
x10 <- 0x0000100000000000
mem[X,0x00000000800046D4] -> 0x0593
mem[X,0x00000000800046D6] -> 0x0010
[697] [M]: 0x00000000800046D4 (0x00100593) addi a1, zero, 0x1
x11 <- 0x0000000000000001
mem[X,0x00000000800046D8] -> 0x9593
mem[X,0x00000000800046DA] -> 0x0335
[698] [M]: 0x00000000800046D8 (0x03359593) slli a1, a1, 0x33
x11 <- 0x0008000000000000
mem[X,0x00000000800046DC] -> 0x0113
mem[X,0x00000000800046DE] -> 0x0000
[699] [M]: 0x00000000800046DC (0x00000113) addi sp, zero, 0x0
x2 <- 0x0000000000000000
clint::tick mtime <- 0x0000000000000007
 clint timer pending at mtime 0x0000000000000007
htif::tick 0x0000000000000000
mem[X,0x00000000800046E0] -> 0x006F
mem[X,0x00000000800046E2] -> 0x00C0
[700] [M]: 0x00000000800046E0 (0x00C0006F) jal zero, 0xc
mem[X,0x00000000800046EC] -> 0x5CE3
mem[X,0x00000000800046EE] -> 0xFEB5
[701] [M]: 0x00000000800046EC (0xFEB55CE3) bge a0, a1, -0x8
mem[X,0x00000000800046F0] -> 0x0113
mem[X,0x00000000800046F2] -> 0x0021
[702] [M]: 0x00000000800046F0 (0x00210113) addi sp, sp, 0x2
x2 <- 0x0000000000000002
mem[X,0x00000000800046F4] -> 0x006F
mem[X,0x00000000800046F6] -> 0x00C0
[703] [M]: 0x00000000800046F4 (0x00C0006F) jal zero, 0xc
mem[X,0x0000000080004700] -> 0xB423
mem[X,0x0000000080004702] -> 0x1020
[704] [M]: 0x0000000080004700 (0x1020B423) sd sp, 0x108(ra)
mem[0x00000000800482D8] <- 0x0000000000000002
mem[X,0x0000000080004704] -> 0x0513
mem[X,0x0000000080004706] -> 0x0010
[705] [M]: 0x0000000080004704 (0x00100513) addi a0, zero, 0x1
x10 <- 0x0000000000000001
mem[X,0x0000000080004708] -> 0x1513
mem[X,0x000000008000470A] -> 0x0225
[706] [M]: 0x0000000080004708 (0x02251513) slli a0, a0, 0x22
x10 <- 0x0000000400000000
mem[X,0x000000008000470C] -> 0x0593
mem[X,0x000000008000470E] -> 0x0010
[707] [M]: 0x000000008000470C (0x00100593) addi a1, zero, 0x1
x11 <- 0x0000000000000001
mem[X,0x0000000080004710] -> 0x9593
mem[X,0x0000000080004712] -> 0x0345
[708] [M]: 0x0000000080004710 (0x03459593) slli a1, a1, 0x34
x11 <- 0x0010000000000000
mem[X,0x0000000080004714] -> 0x0113
mem[X,0x0000000080004716] -> 0x0000
[709] [M]: 0x0000000080004714 (0x00000113) addi sp, zero, 0x0
x2 <- 0x0000000000000000
mem[X,0x0000000080004718] -> 0x006F
mem[X,0x000000008000471A] -> 0x0100
[710] [M]: 0x0000000080004718 (0x0100006F) jal zero, 0x10
mem[X,0x0000000080004728] -> 0x5AE3
mem[X,0x000000008000472A] -> 0xFEB5
[711] [M]: 0x0000000080004728 (0xFEB55AE3) bge a0, a1, -0xc
mem[X,0x000000008000472C] -> 0x0113
mem[X,0x000000008000472E] -> 0x0021
[712] [M]: 0x000000008000472C (0x00210113) addi sp, sp, 0x2
x2 <- 0x0000000000000002
mem[X,0x0000000080004730] -> 0x006F
mem[X,0x0000000080004732] -> 0x00C0
[713] [M]: 0x0000000080004730 (0x00C0006F) jal zero, 0xc
mem[X,0x000000008000473C] -> 0xB823
mem[X,0x000000008000473E] -> 0x1020
[714] [M]: 0x000000008000473C (0x1020B823) sd sp, 0x110(ra)
mem[0x00000000800482E0] <- 0x0000000000000002
mem[X,0x0000000080004740] -> 0x0513
mem[X,0x0000000080004742] -> 0x0010
[715] [M]: 0x0000000080004740 (0x00100513) addi a0, zero, 0x1
x10 <- 0x0000000000000001
mem[X,0x0000000080004744] -> 0x1513
mem[X,0x0000000080004746] -> 0x0135
[716] [M]: 0x0000000080004744 (0x01351513) slli a0, a0, 0x13
x10 <- 0x0000000000080000
mem[X,0x0000000080004748] -> 0x0593
mem[X,0x000000008000474A] -> 0x0010
[717] [M]: 0x0000000080004748 (0x00100593) addi a1, zero, 0x1
x11 <- 0x0000000000000001
mem[X,0x000000008000474C] -> 0x9593
mem[X,0x000000008000474E] -> 0x0355
[718] [M]: 0x000000008000474C (0x03559593) slli a1, a1, 0x35
x11 <- 0x0020000000000000
mem[X,0x0000000080004750] -> 0x0113
mem[X,0x0000000080004752] -> 0x0000
[719] [M]: 0x0000000080004750 (0x00000113) addi sp, zero, 0x0
x2 <- 0x0000000000000000
mem[X,0x0000000080004754] -> 0x006F
mem[X,0x0000000080004756] -> 0x00C0
[720] [M]: 0x0000000080004754 (0x00C0006F) jal zero, 0xc
mem[X,0x0000000080004760] -> 0x5863
mem[X,0x0000000080004762] -> 0x00B5
[721] [M]: 0x0000000080004760 (0x00B55863) bge a0, a1, 0x10
mem[X,0x0000000080004764] -> 0x0113
mem[X,0x0000000080004766] -> 0x0021
[722] [M]: 0x0000000080004764 (0x00210113) addi sp, sp, 0x2
x2 <- 0x0000000000000002
mem[X,0x0000000080004768] -> 0x006F
mem[X,0x000000008000476A] -> 0x0100
[723] [M]: 0x0000000080004768 (0x0100006F) jal zero, 0x10
mem[X,0x0000000080004778] -> 0xBC23
mem[X,0x000000008000477A] -> 0x1020
[724] [M]: 0x0000000080004778 (0x1020BC23) sd sp, 0x118(ra)
mem[0x00000000800482E8] <- 0x0000000000000002
mem[X,0x000000008000477C] -> 0x0513
mem[X,0x000000008000477E] -> 0x0010
[725] [M]: 0x000000008000477C (0x00100513) addi a0, zero, 0x1
x10 <- 0x0000000000000001
mem[X,0x0000000080004780] -> 0x1513
mem[X,0x0000000080004782] -> 0x0155
[726] [M]: 0x0000000080004780 (0x01551513) slli a0, a0, 0x15
x10 <- 0x0000000000200000
mem[X,0x0000000080004784] -> 0x0593
mem[X,0x0000000080004786] -> 0x0010
[727] [M]: 0x0000000080004784 (0x00100593) addi a1, zero, 0x1
x11 <- 0x0000000000000001
mem[X,0x0000000080004788] -> 0x9593
mem[X,0x000000008000478A] -> 0x0365
[728] [M]: 0x0000000080004788 (0x03659593) slli a1, a1, 0x36
x11 <- 0x0040000000000000
mem[X,0x000000008000478C] -> 0x0113
mem[X,0x000000008000478E] -> 0x0000
[729] [M]: 0x000000008000478C (0x00000113) addi sp, zero, 0x0
x2 <- 0x0000000000000000
mem[X,0x0000000080004790] -> 0x006F
mem[X,0x0000000080004792] -> 0x2B10
[730] [M]: 0x0000000080004790 (0x2B10006F) jal zero, 0xab0
mem[X,0x0000000080005240] -> 0x5A63
mem[X,0x0000000080005242] -> 0xD4B5
[731] [M]: 0x0000000080005240 (0xD4B55A63) bge a0, a1, -0xaac
mem[X,0x0000000080005244] -> 0x0113
mem[X,0x0000000080005246] -> 0x0021
[732] [M]: 0x0000000080005244 (0x00210113) addi sp, sp, 0x2
x2 <- 0x0000000000000002
mem[X,0x0000000080005248] -> 0x006F
mem[X,0x000000008000524A] -> 0x00C0
[733] [M]: 0x0000000080005248 (0x00C0006F) jal zero, 0xc
mem[X,0x0000000080005254] -> 0xB023
mem[X,0x0000000080005256] -> 0x1220
[734] [M]: 0x0000000080005254 (0x1220B023) sd sp, 0x120(ra)
mem[0x00000000800482F0] <- 0x0000000000000002
mem[X,0x0000000080005258] -> 0x0513
mem[X,0x000000008000525A] -> 0x0100
[735] [M]: 0x0000000080005258 (0x01000513) addi a0, zero, 0x10
x10 <- 0x0000000000000010
mem[X,0x000000008000525C] -> 0x0593
mem[X,0x000000008000525E] -> 0x0010
[736] [M]: 0x000000008000525C (0x00100593) addi a1, zero, 0x1
x11 <- 0x0000000000000001
mem[X,0x0000000080005260] -> 0x9593
mem[X,0x0000000080005262] -> 0x0375
[737] [M]: 0x0000000080005260 (0x03759593) slli a1, a1, 0x37
x11 <- 0x0080000000000000
mem[X,0x0000000080005264] -> 0x0113
mem[X,0x0000000080005266] -> 0x0000
[738] [M]: 0x0000000080005264 (0x00000113) addi sp, zero, 0x0
x2 <- 0x0000000000000000
mem[X,0x0000000080005268] -> 0x006F
mem[X,0x000000008000526A] -> 0x0140
[739] [M]: 0x0000000080005268 (0x0140006F) jal zero, 0x14
mem[X,0x000000008000527C] -> 0x58E3
mem[X,0x000000008000527E] -> 0xFEB5
[740] [M]: 0x000000008000527C (0xFEB558E3) bge a0, a1, -0x10
mem[X,0x0000000080005280] -> 0x0113
mem[X,0x0000000080005282] -> 0x0021
[741] [M]: 0x0000000080005280 (0x00210113) addi sp, sp, 0x2
x2 <- 0x0000000000000002
mem[X,0x0000000080005284] -> 0x006F
mem[X,0x0000000080005286] -> 0x00C0
[742] [M]: 0x0000000080005284 (0x00C0006F) jal zero, 0xc
mem[X,0x0000000080005290] -> 0xB423
mem[X,0x0000000080005292] -> 0x1220
[743] [M]: 0x0000000080005290 (0x1220B423) sd sp, 0x128(ra)
mem[0x00000000800482F8] <- 0x0000000000000002
mem[X,0x0000000080005294] -> 0x0537
mem[X,0x0000000080005296] -> 0x0000
[744] [M]: 0x0000000080005294 (0x00000537) lui a0, 0x0
x10 <- 0x0000000000000000
mem[X,0x0000000080005298] -> 0x0513
mem[X,0x000000008000529A] -> 0xFFF5
[745] [M]: 0x0000000080005298 (0xFFF50513) addi a0, a0, -0x1
x10 <- 0xFFFFFFFFFFFFFFFF
mem[X,0x000000008000529C] -> 0x1513
mem[X,0x000000008000529E] -> 0x00B5
[746] [M]: 0x000000008000529C (0x00B51513) slli a0, a0, 0xb
x10 <- 0xFFFFFFFFFFFFF800
mem[X,0x00000000800052A0] -> 0x0513
mem[X,0x00000000800052A2] -> 0x2575
[747] [M]: 0x00000000800052A0 (0x25750513) addi a0, a0, 0x257
x10 <- 0xFFFFFFFFFFFFFA57
mem[X,0x00000000800052A4] -> 0x1513
mem[X,0x00000000800052A6] -> 0x00B5
[748] [M]: 0x00000000800052A4 (0x00B51513) slli a0, a0, 0xb
x10 <- 0xFFFFFFFFFFD2B800
mem[X,0x00000000800052A8] -> 0x0513
mem[X,0x00000000800052AA] -> 0x6C35
[749] [M]: 0x00000000800052A8 (0x6C350513) addi a0, a0, 0x6c3
x10 <- 0xFFFFFFFFFFD2BEC3
mem[X,0x00000000800052AC] -> 0x1513
mem[X,0x00000000800052AE] -> 0x00A5
[750] [M]: 0x00000000800052AC (0x00A51513) slli a0, a0, 0xa
x10 <- 0xFFFFFFFF4AFB0C00
mem[X,0x00000000800052B0] -> 0x0513
mem[X,0x00000000800052B2] -> 0x0CD5
[751] [M]: 0x00000000800052B0 (0x0CD50513) addi a0, a0, 0xcd
x10 <- 0xFFFFFFFF4AFB0CCD
mem[X,0x00000000800052B4] -> 0x0593
mem[X,0x00000000800052B6] -> 0x0010
[752] [M]: 0x00000000800052B4 (0x00100593) addi a1, zero, 0x1
x11 <- 0x0000000000000001
mem[X,0x00000000800052B8] -> 0x9593
mem[X,0x00000000800052BA] -> 0x0385
[753] [M]: 0x00000000800052B8 (0x03859593) slli a1, a1, 0x38
x11 <- 0x0100000000000000
mem[X,0x00000000800052BC] -> 0x0113
mem[X,0x00000000800052BE] -> 0x0000
[754] [M]: 0x00000000800052BC (0x00000113) addi sp, zero, 0x0
x2 <- 0x0000000000000000
mem[X,0x00000000800052C0] -> 0x006F
mem[X,0x00000000800052C2] -> 0x00C0
[755] [M]: 0x00000000800052C0 (0x00C0006F) jal zero, 0xc
mem[X,0x00000000800052CC] -> 0x5CE3
mem[X,0x00000000800052CE] -> 0xFEB5
[756] [M]: 0x00000000800052CC (0xFEB55CE3) bge a0, a1, -0x8
mem[X,0x00000000800052D0] -> 0x0113
mem[X,0x00000000800052D2] -> 0x0021
[757] [M]: 0x00000000800052D0 (0x00210113) addi sp, sp, 0x2
x2 <- 0x0000000000000002
mem[X,0x00000000800052D4] -> 0x006F
mem[X,0x00000000800052D6] -> 0x00C0
[758] [M]: 0x00000000800052D4 (0x00C0006F) jal zero, 0xc
mem[X,0x00000000800052E0] -> 0xB823
mem[X,0x00000000800052E2] -> 0x1220
[759] [M]: 0x00000000800052E0 (0x1220B823) sd sp, 0x130(ra)
mem[0x0000000080048300] <- 0x0000000000000002
mem[X,0x00000000800052E4] -> 0x6537
mem[X,0x00000000800052E6] -> 0x6666
[760] [M]: 0x00000000800052E4 (0x66666537) lui a0, 0x66666
x10 <- 0x0000000066666000
mem[X,0x00000000800052E8] -> 0x0513
mem[X,0x00000000800052EA] -> 0x6665
[761] [M]: 0x00000000800052E8 (0x66650513) addi a0, a0, 0x666
x10 <- 0x0000000066666666
mem[X,0x00000000800052EC] -> 0x1513
mem[X,0x00000000800052EE] -> 0x00B5
[762] [M]: 0x00000000800052EC (0x00B51513) slli a0, a0, 0xb
x10 <- 0x0000033333333000
mem[X,0x00000000800052F0] -> 0x0513
mem[X,0x00000000800052F2] -> 0x3335
[763] [M]: 0x00000000800052F0 (0x33350513) addi a0, a0, 0x333
x10 <- 0x0000033333333333
mem[X,0x00000000800052F4] -> 0x1513
mem[X,0x00000000800052F6] -> 0x00B5
[764] [M]: 0x00000000800052F4 (0x00B51513) slli a0, a0, 0xb
x10 <- 0x0019999999999800
mem[X,0x00000000800052F8] -> 0x0513
mem[X,0x00000000800052FA] -> 0x1995
[765] [M]: 0x00000000800052F8 (0x19950513) addi a0, a0, 0x199
x10 <- 0x0019999999999999
mem[X,0x00000000800052FC] -> 0x1513
mem[X,0x00000000800052FE] -> 0x00A5
[766] [M]: 0x00000000800052FC (0x00A51513) slli a0, a0, 0xa
x10 <- 0x6666666666666400
mem[X,0x0000000080005300] -> 0x0513
mem[X,0x0000000080005302] -> 0x2655
[767] [M]: 0x0000000080005300 (0x26550513) addi a0, a0, 0x265
x10 <- 0x6666666666666665
mem[X,0x0000000080005304] -> 0x0593
mem[X,0x0000000080005306] -> 0x0010
[768] [M]: 0x0000000080005304 (0x00100593) addi a1, zero, 0x1
x11 <- 0x0000000000000001
mem[X,0x0000000080005308] -> 0x9593
mem[X,0x000000008000530A] -> 0x0395
[769] [M]: 0x0000000080005308 (0x03959593) slli a1, a1, 0x39
x11 <- 0x0200000000000000
mem[X,0x000000008000530C] -> 0x0113
mem[X,0x000000008000530E] -> 0x0000
[770] [M]: 0x000000008000530C (0x00000113) addi sp, zero, 0x0
x2 <- 0x0000000000000000
mem[X,0x0000000080005310] -> 0x006F
mem[X,0x0000000080005312] -> 0x00C0
[771] [M]: 0x0000000080005310 (0x00C0006F) jal zero, 0xc
mem[X,0x000000008000531C] -> 0x5063
mem[X,0x000000008000531E] -> 0x04B5
[772] [M]: 0x000000008000531C (0x04B55063) bge a0, a1, 0x40
mem[X,0x000000008000535C] -> 0x0113
mem[X,0x000000008000535E] -> 0x0031
[773] [M]: 0x000000008000535C (0x00310113) addi sp, sp, 0x3
x2 <- 0x0000000000000003
mem[X,0x0000000080005360] -> 0x006F
mem[X,0x0000000080005362] -> 0x0040
[774] [M]: 0x0000000080005360 (0x0040006F) jal zero, 0x4
mem[X,0x0000000080005364] -> 0xBC23
mem[X,0x0000000080005366] -> 0x1220
[775] [M]: 0x0000000080005364 (0x1220BC23) sd sp, 0x138(ra)
mem[0x0000000080048308] <- 0x0000000000000003
mem[X,0x0000000080005368] -> 0x0513
mem[X,0x000000008000536A] -> 0x0010
[776] [M]: 0x0000000080005368 (0x00100513) addi a0, zero, 0x1
x10 <- 0x0000000000000001
mem[X,0x000000008000536C] -> 0x1513
mem[X,0x000000008000536E] -> 0x0255
[777] [M]: 0x000000008000536C (0x02551513) slli a0, a0, 0x25
x10 <- 0x0000002000000000
mem[X,0x0000000080005370] -> 0x4513
mem[X,0x0000000080005372] -> 0xFFF5
[778] [M]: 0x0000000080005370 (0xFFF54513) xori a0, a0, -0x1
x10 <- 0xFFFFFFDFFFFFFFFF
mem[X,0x0000000080005374] -> 0x0593
mem[X,0x0000000080005376] -> 0x0010
[779] [M]: 0x0000000080005374 (0x00100593) addi a1, zero, 0x1
x11 <- 0x0000000000000001
mem[X,0x0000000080005378] -> 0x9593
mem[X,0x000000008000537A] -> 0x03A5
[780] [M]: 0x0000000080005378 (0x03A59593) slli a1, a1, 0x3a
x11 <- 0x0400000000000000
mem[X,0x000000008000537C] -> 0x0113
mem[X,0x000000008000537E] -> 0x0000
[781] [M]: 0x000000008000537C (0x00000113) addi sp, zero, 0x0
x2 <- 0x0000000000000000
mem[X,0x0000000080005380] -> 0x006F
mem[X,0x0000000080005382] -> 0x00C0
[782] [M]: 0x0000000080005380 (0x00C0006F) jal zero, 0xc
mem[X,0x000000008000538C] -> 0x5CE3
mem[X,0x000000008000538E] -> 0xFEB5
[783] [M]: 0x000000008000538C (0xFEB55CE3) bge a0, a1, -0x8
mem[X,0x0000000080005390] -> 0x0113
mem[X,0x0000000080005392] -> 0x0021
[784] [M]: 0x0000000080005390 (0x00210113) addi sp, sp, 0x2
x2 <- 0x0000000000000002
mem[X,0x0000000080005394] -> 0x006F
mem[X,0x0000000080005396] -> 0x00C0
[785] [M]: 0x0000000080005394 (0x00C0006F) jal zero, 0xc
mem[X,0x00000000800053A0] -> 0xB023
mem[X,0x00000000800053A2] -> 0x1420
[786] [M]: 0x00000000800053A0 (0x1420B023) sd sp, 0x140(ra)
mem[0x0000000080048310] <- 0x0000000000000002
mem[X,0x00000000800053A4] -> 0x0513
mem[X,0x00000000800053A6] -> 0x0010
[787] [M]: 0x00000000800053A4 (0x00100513) addi a0, zero, 0x1
x10 <- 0x0000000000000001
mem[X,0x00000000800053A8] -> 0x1513
mem[X,0x00000000800053AA] -> 0x03A5
[788] [M]: 0x00000000800053A8 (0x03A51513) slli a0, a0, 0x3a
x10 <- 0x0400000000000000
mem[X,0x00000000800053AC] -> 0x4513
mem[X,0x00000000800053AE] -> 0xFFF5
[789] [M]: 0x00000000800053AC (0xFFF54513) xori a0, a0, -0x1
x10 <- 0xFBFFFFFFFFFFFFFF
mem[X,0x00000000800053B0] -> 0x0593
mem[X,0x00000000800053B2] -> 0x0010
[790] [M]: 0x00000000800053B0 (0x00100593) addi a1, zero, 0x1
x11 <- 0x0000000000000001
mem[X,0x00000000800053B4] -> 0x9593
mem[X,0x00000000800053B6] -> 0x03B5
[791] [M]: 0x00000000800053B4 (0x03B59593) slli a1, a1, 0x3b
x11 <- 0x0800000000000000
mem[X,0x00000000800053B8] -> 0x0113
mem[X,0x00000000800053BA] -> 0x0000
[792] [M]: 0x00000000800053B8 (0x00000113) addi sp, zero, 0x0
x2 <- 0x0000000000000000
mem[X,0x00000000800053BC] -> 0x006F
mem[X,0x00000000800053BE] -> 0x2B10
[793] [M]: 0x00000000800053BC (0x2B10006F) jal zero, 0xab0
mem[X,0x0000000080005E6C] -> 0x5A63
mem[X,0x0000000080005E6E] -> 0xD4B5
[794] [M]: 0x0000000080005E6C (0xD4B55A63) bge a0, a1, -0xaac
mem[X,0x0000000080005E70] -> 0x0113
mem[X,0x0000000080005E72] -> 0x0021
[795] [M]: 0x0000000080005E70 (0x00210113) addi sp, sp, 0x2
x2 <- 0x0000000000000002
mem[X,0x0000000080005E74] -> 0x006F
mem[X,0x0000000080005E76] -> 0x00C0
[796] [M]: 0x0000000080005E74 (0x00C0006F) jal zero, 0xc
mem[X,0x0000000080005E80] -> 0xB423
mem[X,0x0000000080005E82] -> 0x1420
[797] [M]: 0x0000000080005E80 (0x1420B423) sd sp, 0x148(ra)
mem[0x0000000080048318] <- 0x0000000000000002
mem[X,0x0000000080005E84] -> 0xB537
mem[X,0x0000000080005E86] -> 0xAAAA
[798] [M]: 0x0000000080005E84 (0xAAAAB537) lui a0, -0x55555
x10 <- 0xFFFFFFFFAAAAB000
mem[X,0x0000000080005E88] -> 0x0513
mem[X,0x0000000080005E8A] -> 0xAAA5
[799] [M]: 0x0000000080005E88 (0xAAA50513) addi a0, a0, -0x556
x10 <- 0xFFFFFFFFAAAAAAAA
clint::tick mtime <- 0x0000000000000008
 clint timer pending at mtime 0x0000000000000008
htif::tick 0x0000000000000000
mem[X,0x0000000080005E8C] -> 0x1513
mem[X,0x0000000080005E8E] -> 0x00B5
[800] [M]: 0x0000000080005E8C (0x00B51513) slli a0, a0, 0xb
x10 <- 0xFFFFFD5555555000
mem[X,0x0000000080005E90] -> 0x0513
mem[X,0x0000000080005E92] -> 0x5555
[801] [M]: 0x0000000080005E90 (0x55550513) addi a0, a0, 0x555
x10 <- 0xFFFFFD5555555555
mem[X,0x0000000080005E94] -> 0x1513
mem[X,0x0000000080005E96] -> 0x00B5
[802] [M]: 0x0000000080005E94 (0x00B51513) slli a0, a0, 0xb
x10 <- 0xFFEAAAAAAAAAA800
mem[X,0x0000000080005E98] -> 0x0513
mem[X,0x0000000080005E9A] -> 0x2AA5
[803] [M]: 0x0000000080005E98 (0x2AA50513) addi a0, a0, 0x2aa
x10 <- 0xFFEAAAAAAAAAAAAA
mem[X,0x0000000080005E9C] -> 0x1513
mem[X,0x0000000080005E9E] -> 0x00A5
[804] [M]: 0x0000000080005E9C (0x00A51513) slli a0, a0, 0xa
x10 <- 0xAAAAAAAAAAAAA800
mem[X,0x0000000080005EA0] -> 0x0513
mem[X,0x0000000080005EA2] -> 0x2AA5
[805] [M]: 0x0000000080005EA0 (0x2AA50513) addi a0, a0, 0x2aa
x10 <- 0xAAAAAAAAAAAAAAAA
mem[X,0x0000000080005EA4] -> 0x0593
mem[X,0x0000000080005EA6] -> 0x0010
[806] [M]: 0x0000000080005EA4 (0x00100593) addi a1, zero, 0x1
x11 <- 0x0000000000000001
mem[X,0x0000000080005EA8] -> 0x9593
mem[X,0x0000000080005EAA] -> 0x03C5
[807] [M]: 0x0000000080005EA8 (0x03C59593) slli a1, a1, 0x3c
x11 <- 0x1000000000000000
mem[X,0x0000000080005EAC] -> 0x0113
mem[X,0x0000000080005EAE] -> 0x0000
[808] [M]: 0x0000000080005EAC (0x00000113) addi sp, zero, 0x0
x2 <- 0x0000000000000000
mem[X,0x0000000080005EB0] -> 0x006F
mem[X,0x0000000080005EB2] -> 0x0100
[809] [M]: 0x0000000080005EB0 (0x0100006F) jal zero, 0x10
mem[X,0x0000000080005EC0] -> 0x5AE3
mem[X,0x0000000080005EC2] -> 0xFEB5
[810] [M]: 0x0000000080005EC0 (0xFEB55AE3) bge a0, a1, -0xc
mem[X,0x0000000080005EC4] -> 0x0113
mem[X,0x0000000080005EC6] -> 0x0021
[811] [M]: 0x0000000080005EC4 (0x00210113) addi sp, sp, 0x2
x2 <- 0x0000000000000002
mem[X,0x0000000080005EC8] -> 0x006F
mem[X,0x0000000080005ECA] -> 0x00C0
[812] [M]: 0x0000000080005EC8 (0x00C0006F) jal zero, 0xc
mem[X,0x0000000080005ED4] -> 0xB823
mem[X,0x0000000080005ED6] -> 0x1420
[813] [M]: 0x0000000080005ED4 (0x1420B823) sd sp, 0x150(ra)
mem[0x0000000080048320] <- 0x0000000000000002
mem[X,0x0000000080005ED8] -> 0x0513
mem[X,0x0000000080005EDA] -> 0x0010
[814] [M]: 0x0000000080005ED8 (0x00100513) addi a0, zero, 0x1
x10 <- 0x0000000000000001
mem[X,0x0000000080005EDC] -> 0x1513
mem[X,0x0000000080005EDE] -> 0x02E5
[815] [M]: 0x0000000080005EDC (0x02E51513) slli a0, a0, 0x2e
x10 <- 0x0000400000000000
mem[X,0x0000000080005EE0] -> 0x0593
mem[X,0x0000000080005EE2] -> 0x0010
[816] [M]: 0x0000000080005EE0 (0x00100593) addi a1, zero, 0x1
x11 <- 0x0000000000000001
mem[X,0x0000000080005EE4] -> 0x9593
mem[X,0x0000000080005EE6] -> 0x03D5
[817] [M]: 0x0000000080005EE4 (0x03D59593) slli a1, a1, 0x3d
x11 <- 0x2000000000000000
mem[X,0x0000000080005EE8] -> 0x0113
mem[X,0x0000000080005EEA] -> 0x0000
[818] [M]: 0x0000000080005EE8 (0x00000113) addi sp, zero, 0x0
x2 <- 0x0000000000000000
mem[X,0x0000000080005EEC] -> 0x006F
mem[X,0x0000000080005EEE] -> 0x2B10
[819] [M]: 0x0000000080005EEC (0x2B10006F) jal zero, 0xab0
mem[X,0x000000008000699C] -> 0x5A63
mem[X,0x000000008000699E] -> 0xD4B5
[820] [M]: 0x000000008000699C (0xD4B55A63) bge a0, a1, -0xaac
mem[X,0x00000000800069A0] -> 0x0113
mem[X,0x00000000800069A2] -> 0x0021
[821] [M]: 0x00000000800069A0 (0x00210113) addi sp, sp, 0x2
x2 <- 0x0000000000000002
mem[X,0x00000000800069A4] -> 0x006F
mem[X,0x00000000800069A6] -> 0x00C0
[822] [M]: 0x00000000800069A4 (0x00C0006F) jal zero, 0xc
mem[X,0x00000000800069B0] -> 0xBC23
mem[X,0x00000000800069B2] -> 0x1420
[823] [M]: 0x00000000800069B0 (0x1420BC23) sd sp, 0x158(ra)
mem[0x0000000080048328] <- 0x0000000000000002
mem[X,0x00000000800069B4] -> 0x0513
mem[X,0x00000000800069B6] -> 0x0010
[824] [M]: 0x00000000800069B4 (0x00100513) addi a0, zero, 0x1
x10 <- 0x0000000000000001
mem[X,0x00000000800069B8] -> 0x1513
mem[X,0x00000000800069BA] -> 0x0295
[825] [M]: 0x00000000800069B8 (0x02951513) slli a0, a0, 0x29
x10 <- 0x0000020000000000
mem[X,0x00000000800069BC] -> 0x4513
mem[X,0x00000000800069BE] -> 0xFFF5
[826] [M]: 0x00000000800069BC (0xFFF54513) xori a0, a0, -0x1
x10 <- 0xFFFFFDFFFFFFFFFF
mem[X,0x00000000800069C0] -> 0x0593
mem[X,0x00000000800069C2] -> 0x0010
[827] [M]: 0x00000000800069C0 (0x00100593) addi a1, zero, 0x1
x11 <- 0x0000000000000001
mem[X,0x00000000800069C4] -> 0x9593
mem[X,0x00000000800069C6] -> 0x03E5
[828] [M]: 0x00000000800069C4 (0x03E59593) slli a1, a1, 0x3e
x11 <- 0x4000000000000000
mem[X,0x00000000800069C8] -> 0x0113
mem[X,0x00000000800069CA] -> 0x0000
[829] [M]: 0x00000000800069C8 (0x00000113) addi sp, zero, 0x0
x2 <- 0x0000000000000000
mem[X,0x00000000800069CC] -> 0x006F
mem[X,0x00000000800069CE] -> 0x0140
[830] [M]: 0x00000000800069CC (0x0140006F) jal zero, 0x14
mem[X,0x00000000800069E0] -> 0x58E3
mem[X,0x00000000800069E2] -> 0xFEB5
[831] [M]: 0x00000000800069E0 (0xFEB558E3) bge a0, a1, -0x10
mem[X,0x00000000800069E4] -> 0x0113
mem[X,0x00000000800069E6] -> 0x0021
[832] [M]: 0x00000000800069E4 (0x00210113) addi sp, sp, 0x2
x2 <- 0x0000000000000002
mem[X,0x00000000800069E8] -> 0x006F
mem[X,0x00000000800069EA] -> 0x00C0
[833] [M]: 0x00000000800069E8 (0x00C0006F) jal zero, 0xc
mem[X,0x00000000800069F4] -> 0xB023
mem[X,0x00000000800069F6] -> 0x1620
[834] [M]: 0x00000000800069F4 (0x1620B023) sd sp, 0x160(ra)
mem[0x0000000080048330] <- 0x0000000000000002
mem[X,0x00000000800069F8] -> 0x0513
mem[X,0x00000000800069FA] -> 0xFFC0
[835] [M]: 0x00000000800069F8 (0xFFC00513) addi a0, zero, -0x4
x10 <- 0xFFFFFFFFFFFFFFFC
mem[X,0x00000000800069FC] -> 0x0593
mem[X,0x00000000800069FE] -> 0xFFF0
[836] [M]: 0x00000000800069FC (0xFFF00593) addi a1, zero, -0x1
x11 <- 0xFFFFFFFFFFFFFFFF
mem[X,0x0000000080006A00] -> 0x9593
mem[X,0x0000000080006A02] -> 0x03F5
[837] [M]: 0x0000000080006A00 (0x03F59593) slli a1, a1, 0x3f
x11 <- 0x8000000000000000
mem[X,0x0000000080006A04] -> 0x0113
mem[X,0x0000000080006A06] -> 0x0000
[838] [M]: 0x0000000080006A04 (0x00000113) addi sp, zero, 0x0
x2 <- 0x0000000000000000
mem[X,0x0000000080006A08] -> 0x006F
mem[X,0x0000000080006A0A] -> 0x00C0
[839] [M]: 0x0000000080006A08 (0x00C0006F) jal zero, 0xc
mem[X,0x0000000080006A14] -> 0x5663
mem[X,0x0000000080006A16] -> 0x00B5
[840] [M]: 0x0000000080006A14 (0x00B55663) bge a0, a1, 0xc
mem[X,0x0000000080006A20] -> 0x0113
mem[X,0x0000000080006A22] -> 0x0031
[841] [M]: 0x0000000080006A20 (0x00310113) addi sp, sp, 0x3
x2 <- 0x0000000000000003
mem[X,0x0000000080006A24] -> 0x006F
mem[X,0x0000000080006A26] -> 0x0040
[842] [M]: 0x0000000080006A24 (0x0040006F) jal zero, 0x4
mem[X,0x0000000080006A28] -> 0xB423
mem[X,0x0000000080006A2A] -> 0x1620
[843] [M]: 0x0000000080006A28 (0x1620B423) sd sp, 0x168(ra)
mem[0x0000000080048338] <- 0x0000000000000003
mem[X,0x0000000080006A2C] -> 0xB537
mem[X,0x0000000080006A2E] -> 0xAAAA
[844] [M]: 0x0000000080006A2C (0xAAAAB537) lui a0, -0x55555
x10 <- 0xFFFFFFFFAAAAB000
mem[X,0x0000000080006A30] -> 0x0513
mem[X,0x0000000080006A32] -> 0xAAA5
[845] [M]: 0x0000000080006A30 (0xAAA50513) addi a0, a0, -0x556
x10 <- 0xFFFFFFFFAAAAAAAA
mem[X,0x0000000080006A34] -> 0x1513
mem[X,0x0000000080006A36] -> 0x00B5
[846] [M]: 0x0000000080006A34 (0x00B51513) slli a0, a0, 0xb
x10 <- 0xFFFFFD5555555000
mem[X,0x0000000080006A38] -> 0x0513
mem[X,0x0000000080006A3A] -> 0x5555
[847] [M]: 0x0000000080006A38 (0x55550513) addi a0, a0, 0x555
x10 <- 0xFFFFFD5555555555
mem[X,0x0000000080006A3C] -> 0x1513
mem[X,0x0000000080006A3E] -> 0x00B5
[848] [M]: 0x0000000080006A3C (0x00B51513) slli a0, a0, 0xb
x10 <- 0xFFEAAAAAAAAAA800
mem[X,0x0000000080006A40] -> 0x0513
mem[X,0x0000000080006A42] -> 0x2AA5
[849] [M]: 0x0000000080006A40 (0x2AA50513) addi a0, a0, 0x2aa
x10 <- 0xFFEAAAAAAAAAAAAA
mem[X,0x0000000080006A44] -> 0x1513
mem[X,0x0000000080006A46] -> 0x00A5
[850] [M]: 0x0000000080006A44 (0x00A51513) slli a0, a0, 0xa
x10 <- 0xAAAAAAAAAAAAA800
mem[X,0x0000000080006A48] -> 0x0513
mem[X,0x0000000080006A4A] -> 0x2AB5
[851] [M]: 0x0000000080006A48 (0x2AB50513) addi a0, a0, 0x2ab
x10 <- 0xAAAAAAAAAAAAAAAB
mem[X,0x0000000080006A4C] -> 0x0593
mem[X,0x0000000080006A4E] -> 0xFFE0
[852] [M]: 0x0000000080006A4C (0xFFE00593) addi a1, zero, -0x2
x11 <- 0xFFFFFFFFFFFFFFFE
mem[X,0x0000000080006A50] -> 0x0113
mem[X,0x0000000080006A52] -> 0x0000
[853] [M]: 0x0000000080006A50 (0x00000113) addi sp, zero, 0x0
x2 <- 0x0000000000000000
mem[X,0x0000000080006A54] -> 0x006F
mem[X,0x0000000080006A56] -> 0x0050
[854] [M]: 0x0000000080006A54 (0x0050006F) jal zero, 0x804
mem[X,0x0000000080007258] -> 0x50E3
mem[X,0x000000008000725A] -> 0x80B5
[855] [M]: 0x0000000080007258 (0x80B550E3) bge a0, a1, -0x800
mem[X,0x000000008000725C] -> 0x0113
mem[X,0x000000008000725E] -> 0x0021
[856] [M]: 0x000000008000725C (0x00210113) addi sp, sp, 0x2
x2 <- 0x0000000000000002
mem[X,0x0000000080007260] -> 0x006F
mem[X,0x0000000080007262] -> 0x00C0
[857] [M]: 0x0000000080007260 (0x00C0006F) jal zero, 0xc
mem[X,0x000000008000726C] -> 0xB823
mem[X,0x000000008000726E] -> 0x1620
[858] [M]: 0x000000008000726C (0x1620B823) sd sp, 0x170(ra)
mem[0x0000000080048340] <- 0x0000000000000002
mem[X,0x0000000080007270] -> 0x0513
mem[X,0x0000000080007272] -> 0x0010
[859] [M]: 0x0000000080007270 (0x00100513) addi a0, zero, 0x1
x10 <- 0x0000000000000001
mem[X,0x0000000080007274] -> 0x1513
mem[X,0x0000000080007276] -> 0x0185
[860] [M]: 0x0000000080007274 (0x01851513) slli a0, a0, 0x18
x10 <- 0x0000000001000000
mem[X,0x0000000080007278] -> 0x4513
mem[X,0x000000008000727A] -> 0xFFF5
[861] [M]: 0x0000000080007278 (0xFFF54513) xori a0, a0, -0x1
x10 <- 0xFFFFFFFFFEFFFFFF
mem[X,0x000000008000727C] -> 0x0593
mem[X,0x000000008000727E] -> 0xFFD0
[862] [M]: 0x000000008000727C (0xFFD00593) addi a1, zero, -0x3
x11 <- 0xFFFFFFFFFFFFFFFD
mem[X,0x0000000080007280] -> 0x0113
mem[X,0x0000000080007282] -> 0x0000
[863] [M]: 0x0000000080007280 (0x00000113) addi sp, zero, 0x0
x2 <- 0x0000000000000000
mem[X,0x0000000080007284] -> 0x006F
mem[X,0x0000000080007286] -> 0x00C0
[864] [M]: 0x0000000080007284 (0x00C0006F) jal zero, 0xc
mem[X,0x0000000080007290] -> 0x5663
mem[X,0x0000000080007292] -> 0x00B5
[865] [M]: 0x0000000080007290 (0x00B55663) bge a0, a1, 0xc
mem[X,0x0000000080007294] -> 0x0113
mem[X,0x0000000080007296] -> 0x0021
[866] [M]: 0x0000000080007294 (0x00210113) addi sp, sp, 0x2
x2 <- 0x0000000000000002
mem[X,0x0000000080007298] -> 0x006F
mem[X,0x000000008000729A] -> 0x00C0
[867] [M]: 0x0000000080007298 (0x00C0006F) jal zero, 0xc
mem[X,0x00000000800072A4] -> 0xBC23
mem[X,0x00000000800072A6] -> 0x1620
[868] [M]: 0x00000000800072A4 (0x1620BC23) sd sp, 0x178(ra)
mem[0x0000000080048348] <- 0x0000000000000002
mem[X,0x00000000800072A8] -> 0xB537
mem[X,0x00000000800072AA] -> 0xAAAA
[869] [M]: 0x00000000800072A8 (0xAAAAB537) lui a0, -0x55555
x10 <- 0xFFFFFFFFAAAAB000
mem[X,0x00000000800072AC] -> 0x0513
mem[X,0x00000000800072AE] -> 0xAAA5
[870] [M]: 0x00000000800072AC (0xAAA50513) addi a0, a0, -0x556
x10 <- 0xFFFFFFFFAAAAAAAA
mem[X,0x00000000800072B0] -> 0x1513
mem[X,0x00000000800072B2] -> 0x00B5
[871] [M]: 0x00000000800072B0 (0x00B51513) slli a0, a0, 0xb
x10 <- 0xFFFFFD5555555000
mem[X,0x00000000800072B4] -> 0x0513
mem[X,0x00000000800072B6] -> 0x5555
[872] [M]: 0x00000000800072B4 (0x55550513) addi a0, a0, 0x555
x10 <- 0xFFFFFD5555555555
mem[X,0x00000000800072B8] -> 0x1513
mem[X,0x00000000800072BA] -> 0x00B5
[873] [M]: 0x00000000800072B8 (0x00B51513) slli a0, a0, 0xb
x10 <- 0xFFEAAAAAAAAAA800
mem[X,0x00000000800072BC] -> 0x0513
mem[X,0x00000000800072BE] -> 0x2AA5
[874] [M]: 0x00000000800072BC (0x2AA50513) addi a0, a0, 0x2aa
x10 <- 0xFFEAAAAAAAAAAAAA
mem[X,0x00000000800072C0] -> 0x1513
mem[X,0x00000000800072C2] -> 0x00A5
[875] [M]: 0x00000000800072C0 (0x00A51513) slli a0, a0, 0xa
x10 <- 0xAAAAAAAAAAAAA800
mem[X,0x00000000800072C4] -> 0x0513
mem[X,0x00000000800072C6] -> 0x2AB5
[876] [M]: 0x00000000800072C4 (0x2AB50513) addi a0, a0, 0x2ab
x10 <- 0xAAAAAAAAAAAAAAAB
mem[X,0x00000000800072C8] -> 0x0593
mem[X,0x00000000800072CA] -> 0xFF70
[877] [M]: 0x00000000800072C8 (0xFF700593) addi a1, zero, -0x9
x11 <- 0xFFFFFFFFFFFFFFF7
mem[X,0x00000000800072CC] -> 0x0113
mem[X,0x00000000800072CE] -> 0x0000
[878] [M]: 0x00000000800072CC (0x00000113) addi sp, zero, 0x0
x2 <- 0x0000000000000000
mem[X,0x00000000800072D0] -> 0x006F
mem[X,0x00000000800072D2] -> 0x00C0
[879] [M]: 0x00000000800072D0 (0x00C0006F) jal zero, 0xc
mem[X,0x00000000800072DC] -> 0x5CE3
mem[X,0x00000000800072DE] -> 0xFEB5
[880] [M]: 0x00000000800072DC (0xFEB55CE3) bge a0, a1, -0x8
mem[X,0x00000000800072E0] -> 0x0113
mem[X,0x00000000800072E2] -> 0x0021
[881] [M]: 0x00000000800072E0 (0x00210113) addi sp, sp, 0x2
x2 <- 0x0000000000000002
mem[X,0x00000000800072E4] -> 0x006F
mem[X,0x00000000800072E6] -> 0x00C0
[882] [M]: 0x00000000800072E4 (0x00C0006F) jal zero, 0xc
mem[X,0x00000000800072F0] -> 0xB023
mem[X,0x00000000800072F2] -> 0x1820
[883] [M]: 0x00000000800072F0 (0x1820B023) sd sp, 0x180(ra)
mem[0x0000000080048350] <- 0x0000000000000002
mem[X,0x00000000800072F4] -> 0x0513
mem[X,0x00000000800072F6] -> 0x0010
[884] [M]: 0x00000000800072F4 (0x00100513) addi a0, zero, 0x1
x10 <- 0x0000000000000001
mem[X,0x00000000800072F8] -> 0x1513
mem[X,0x00000000800072FA] -> 0x00B5
[885] [M]: 0x00000000800072F8 (0x00B51513) slli a0, a0, 0xb
x10 <- 0x0000000000000800
mem[X,0x00000000800072FC] -> 0x0593
mem[X,0x00000000800072FE] -> 0xFEF0
[886] [M]: 0x00000000800072FC (0xFEF00593) addi a1, zero, -0x11
x11 <- 0xFFFFFFFFFFFFFFEF
mem[X,0x0000000080007300] -> 0x0113
mem[X,0x0000000080007302] -> 0x0000
[887] [M]: 0x0000000080007300 (0x00000113) addi sp, zero, 0x0
x2 <- 0x0000000000000000
mem[X,0x0000000080007304] -> 0x006F
mem[X,0x0000000080007306] -> 0x00C0
[888] [M]: 0x0000000080007304 (0x00C0006F) jal zero, 0xc
mem[X,0x0000000080007310] -> 0x5663
mem[X,0x0000000080007312] -> 0x00B5
[889] [M]: 0x0000000080007310 (0x00B55663) bge a0, a1, 0xc
mem[X,0x000000008000731C] -> 0x0113
mem[X,0x000000008000731E] -> 0x0031
[890] [M]: 0x000000008000731C (0x00310113) addi sp, sp, 0x3
x2 <- 0x0000000000000003
mem[X,0x0000000080007320] -> 0x006F
mem[X,0x0000000080007322] -> 0x0040
[891] [M]: 0x0000000080007320 (0x0040006F) jal zero, 0x4
mem[X,0x0000000080007324] -> 0xB423
mem[X,0x0000000080007326] -> 0x1820
[892] [M]: 0x0000000080007324 (0x1820B423) sd sp, 0x188(ra)
mem[0x0000000080048358] <- 0x0000000000000003
mem[X,0x0000000080007328] -> 0x0513
mem[X,0x000000008000732A] -> 0x0010
[893] [M]: 0x0000000080007328 (0x00100513) addi a0, zero, 0x1
x10 <- 0x0000000000000001
mem[X,0x000000008000732C] -> 0x1513
mem[X,0x000000008000732E] -> 0x01B5
[894] [M]: 0x000000008000732C (0x01B51513) slli a0, a0, 0x1b
x10 <- 0x0000000008000000
mem[X,0x0000000080007330] -> 0x0593
mem[X,0x0000000080007332] -> 0xFDF0
[895] [M]: 0x0000000080007330 (0xFDF00593) addi a1, zero, -0x21
x11 <- 0xFFFFFFFFFFFFFFDF
mem[X,0x0000000080007334] -> 0x0113
mem[X,0x0000000080007336] -> 0x0000
[896] [M]: 0x0000000080007334 (0x00000113) addi sp, zero, 0x0
x2 <- 0x0000000000000000
mem[X,0x0000000080007338] -> 0x006F
mem[X,0x000000008000733A] -> 0x0050
[897] [M]: 0x0000000080007338 (0x0050006F) jal zero, 0x804
mem[X,0x0000000080007B3C] -> 0x50E3
mem[X,0x0000000080007B3E] -> 0x80B5
[898] [M]: 0x0000000080007B3C (0x80B550E3) bge a0, a1, -0x800
mem[X,0x000000008000733C] -> 0x0113
mem[X,0x000000008000733E] -> 0x0011
[899] [M]: 0x000000008000733C (0x00110113) addi sp, sp, 0x1
x2 <- 0x0000000000000001
clint::tick mtime <- 0x0000000000000009
 clint timer pending at mtime 0x0000000000000009
htif::tick 0x0000000000000000
mem[X,0x0000000080007340] -> 0x006F
mem[X,0x0000000080007342] -> 0x0110
[900] [M]: 0x0000000080007340 (0x0110006F) jal zero, 0x810
mem[X,0x0000000080007B50] -> 0xB823
mem[X,0x0000000080007B52] -> 0x1820
[901] [M]: 0x0000000080007B50 (0x1820B823) sd sp, 0x190(ra)
mem[0x0000000080048360] <- 0x0000000000000001
mem[X,0x0000000080007B54] -> 0x0513
mem[X,0x0000000080007B56] -> 0x0010
[902] [M]: 0x0000000080007B54 (0x00100513) addi a0, zero, 0x1
x10 <- 0x0000000000000001
mem[X,0x0000000080007B58] -> 0x1513
mem[X,0x0000000080007B5A] -> 0x0245
[903] [M]: 0x0000000080007B58 (0x02451513) slli a0, a0, 0x24
x10 <- 0x0000001000000000
mem[X,0x0000000080007B5C] -> 0x0593
mem[X,0x0000000080007B5E] -> 0xFBF0
[904] [M]: 0x0000000080007B5C (0xFBF00593) addi a1, zero, -0x41
x11 <- 0xFFFFFFFFFFFFFFBF
mem[X,0x0000000080007B60] -> 0x0113
mem[X,0x0000000080007B62] -> 0x0000
[905] [M]: 0x0000000080007B60 (0x00000113) addi sp, zero, 0x0
x2 <- 0x0000000000000000
mem[X,0x0000000080007B64] -> 0x006F
mem[X,0x0000000080007B66] -> 0x00C0
[906] [M]: 0x0000000080007B64 (0x00C0006F) jal zero, 0xc
mem[X,0x0000000080007B70] -> 0x5663
mem[X,0x0000000080007B72] -> 0x00B5
[907] [M]: 0x0000000080007B70 (0x00B55663) bge a0, a1, 0xc
mem[X,0x0000000080007B7C] -> 0x0113
mem[X,0x0000000080007B7E] -> 0x0031
[908] [M]: 0x0000000080007B7C (0x00310113) addi sp, sp, 0x3
x2 <- 0x0000000000000003
mem[X,0x0000000080007B80] -> 0x006F
mem[X,0x0000000080007B82] -> 0x0040
[909] [M]: 0x0000000080007B80 (0x0040006F) jal zero, 0x4
mem[X,0x0000000080007B84] -> 0xBC23
mem[X,0x0000000080007B86] -> 0x1820
[910] [M]: 0x0000000080007B84 (0x1820BC23) sd sp, 0x198(ra)
mem[0x0000000080048368] <- 0x0000000000000003
mem[X,0x0000000080007B88] -> 0x0513
mem[X,0x0000000080007B8A] -> 0x0010
[911] [M]: 0x0000000080007B88 (0x00100513) addi a0, zero, 0x1
x10 <- 0x0000000000000001
mem[X,0x0000000080007B8C] -> 0x1513
mem[X,0x0000000080007B8E] -> 0x0165
[912] [M]: 0x0000000080007B8C (0x01651513) slli a0, a0, 0x16
x10 <- 0x0000000000400000
mem[X,0x0000000080007B90] -> 0x0593
mem[X,0x0000000080007B92] -> 0xF7F0
[913] [M]: 0x0000000080007B90 (0xF7F00593) addi a1, zero, -0x81
x11 <- 0xFFFFFFFFFFFFFF7F
mem[X,0x0000000080007B94] -> 0x0113
mem[X,0x0000000080007B96] -> 0x0000
[914] [M]: 0x0000000080007B94 (0x00000113) addi sp, zero, 0x0
x2 <- 0x0000000000000000
mem[X,0x0000000080007B98] -> 0x006F
mem[X,0x0000000080007B9A] -> 0x0180
[915] [M]: 0x0000000080007B98 (0x0180006F) jal zero, 0x18
mem[X,0x0000000080007BB0] -> 0x56E3
mem[X,0x0000000080007BB2] -> 0xFEB5
[916] [M]: 0x0000000080007BB0 (0xFEB556E3) bge a0, a1, -0x14
mem[X,0x0000000080007B9C] -> 0x0113
mem[X,0x0000000080007B9E] -> 0x0011
[917] [M]: 0x0000000080007B9C (0x00110113) addi sp, sp, 0x1
x2 <- 0x0000000000000001
mem[X,0x0000000080007BA0] -> 0x006F
mem[X,0x0000000080007BA2] -> 0x0240
[918] [M]: 0x0000000080007BA0 (0x0240006F) jal zero, 0x24
mem[X,0x0000000080007BC4] -> 0xB023
mem[X,0x0000000080007BC6] -> 0x1A20
[919] [M]: 0x0000000080007BC4 (0x1A20B023) sd sp, 0x1a0(ra)
mem[0x0000000080048370] <- 0x0000000000000001
mem[X,0x0000000080007BC8] -> 0x0513
mem[X,0x0000000080007BCA] -> 0x0010
[920] [M]: 0x0000000080007BC8 (0x00100513) addi a0, zero, 0x1
x10 <- 0x0000000000000001
mem[X,0x0000000080007BCC] -> 0x1513
mem[X,0x0000000080007BCE] -> 0x01C5
[921] [M]: 0x0000000080007BCC (0x01C51513) slli a0, a0, 0x1c
x10 <- 0x0000000010000000
mem[X,0x0000000080007BD0] -> 0x4513
mem[X,0x0000000080007BD2] -> 0xFFF5
[922] [M]: 0x0000000080007BD0 (0xFFF54513) xori a0, a0, -0x1
x10 <- 0xFFFFFFFFEFFFFFFF
mem[X,0x0000000080007BD4] -> 0x0593
mem[X,0x0000000080007BD6] -> 0xEFF0
[923] [M]: 0x0000000080007BD4 (0xEFF00593) addi a1, zero, -0x101
x11 <- 0xFFFFFFFFFFFFFEFF
mem[X,0x0000000080007BD8] -> 0x0113
mem[X,0x0000000080007BDA] -> 0x0000
[924] [M]: 0x0000000080007BD8 (0x00000113) addi sp, zero, 0x0
x2 <- 0x0000000000000000
mem[X,0x0000000080007BDC] -> 0x006F
mem[X,0x0000000080007BDE] -> 0x2B10
[925] [M]: 0x0000000080007BDC (0x2B10006F) jal zero, 0xab0
mem[X,0x000000008000868C] -> 0x5A63
mem[X,0x000000008000868E] -> 0xD4B5
[926] [M]: 0x000000008000868C (0xD4B55A63) bge a0, a1, -0xaac
mem[X,0x0000000080008690] -> 0x0113
mem[X,0x0000000080008692] -> 0x0021
[927] [M]: 0x0000000080008690 (0x00210113) addi sp, sp, 0x2
x2 <- 0x0000000000000002
mem[X,0x0000000080008694] -> 0x006F
mem[X,0x0000000080008696] -> 0x00C0
[928] [M]: 0x0000000080008694 (0x00C0006F) jal zero, 0xc
mem[X,0x00000000800086A0] -> 0xB423
mem[X,0x00000000800086A2] -> 0x1A20
[929] [M]: 0x00000000800086A0 (0x1A20B423) sd sp, 0x1a8(ra)
mem[0x0000000080048378] <- 0x0000000000000002
mem[X,0x00000000800086A4] -> 0x0537
mem[X,0x00000000800086A6] -> 0x0000
[930] [M]: 0x00000000800086A4 (0x00000537) lui a0, 0x0
x10 <- 0x0000000000000000
mem[X,0x00000000800086A8] -> 0x0513
mem[X,0x00000000800086AA] -> 0x0005
[931] [M]: 0x00000000800086A8 (0x00050513) addi a0, a0, 0x0
x10 <- 0x0000000000000000
mem[X,0x00000000800086AC] -> 0x1513
mem[X,0x00000000800086AE] -> 0x00B5
[932] [M]: 0x00000000800086AC (0x00B51513) slli a0, a0, 0xb
x10 <- 0x0000000000000000
mem[X,0x00000000800086B0] -> 0x0513
mem[X,0x00000000800086B2] -> 0x5A85
[933] [M]: 0x00000000800086B0 (0x5A850513) addi a0, a0, 0x5a8
x10 <- 0x00000000000005A8
mem[X,0x00000000800086B4] -> 0x1513
mem[X,0x00000000800086B6] -> 0x00B5
[934] [M]: 0x00000000800086B4 (0x00B51513) slli a0, a0, 0xb
x10 <- 0x00000000002D4000
mem[X,0x00000000800086B8] -> 0x0513
mem[X,0x00000000800086BA] -> 0x13C5
[935] [M]: 0x00000000800086B8 (0x13C50513) addi a0, a0, 0x13c
x10 <- 0x00000000002D413C
mem[X,0x00000000800086BC] -> 0x1513
mem[X,0x00000000800086BE] -> 0x00A5
[936] [M]: 0x00000000800086BC (0x00A51513) slli a0, a0, 0xa
x10 <- 0x00000000B504F000
mem[X,0x00000000800086C0] -> 0x0513
mem[X,0x00000000800086C2] -> 0x3335
[937] [M]: 0x00000000800086C0 (0x33350513) addi a0, a0, 0x333
x10 <- 0x00000000B504F333
mem[X,0x00000000800086C4] -> 0x0593
mem[X,0x00000000800086C6] -> 0xDFF0
[938] [M]: 0x00000000800086C4 (0xDFF00593) addi a1, zero, -0x201
x11 <- 0xFFFFFFFFFFFFFDFF
mem[X,0x00000000800086C8] -> 0x0113
mem[X,0x00000000800086CA] -> 0x0000
[939] [M]: 0x00000000800086C8 (0x00000113) addi sp, zero, 0x0
x2 <- 0x0000000000000000
mem[X,0x00000000800086CC] -> 0x006F
mem[X,0x00000000800086CE] -> 0x00C0
[940] [M]: 0x00000000800086CC (0x00C0006F) jal zero, 0xc
mem[X,0x00000000800086D8] -> 0x5663
mem[X,0x00000000800086DA] -> 0x00B5
[941] [M]: 0x00000000800086D8 (0x00B55663) bge a0, a1, 0xc
mem[X,0x00000000800086E4] -> 0x0113
mem[X,0x00000000800086E6] -> 0x0031
[942] [M]: 0x00000000800086E4 (0x00310113) addi sp, sp, 0x3
x2 <- 0x0000000000000003
mem[X,0x00000000800086E8] -> 0x006F
mem[X,0x00000000800086EA] -> 0x0040
[943] [M]: 0x00000000800086E8 (0x0040006F) jal zero, 0x4
mem[X,0x00000000800086EC] -> 0xB823
mem[X,0x00000000800086EE] -> 0x1A20
[944] [M]: 0x00000000800086EC (0x1A20B823) sd sp, 0x1b0(ra)
mem[0x0000000080048380] <- 0x0000000000000003
mem[X,0x00000000800086F0] -> 0x0513
mem[X,0x00000000800086F2] -> 0x0010
[945] [M]: 0x00000000800086F0 (0x00100513) addi a0, zero, 0x1
x10 <- 0x0000000000000001
mem[X,0x00000000800086F4] -> 0x1513
mem[X,0x00000000800086F6] -> 0x01B5
[946] [M]: 0x00000000800086F4 (0x01B51513) slli a0, a0, 0x1b
x10 <- 0x0000000008000000
mem[X,0x00000000800086F8] -> 0x0593
mem[X,0x00000000800086FA] -> 0xBFF0
[947] [M]: 0x00000000800086F8 (0xBFF00593) addi a1, zero, -0x401
x11 <- 0xFFFFFFFFFFFFFBFF
mem[X,0x00000000800086FC] -> 0x0113
mem[X,0x00000000800086FE] -> 0x0000
[948] [M]: 0x00000000800086FC (0x00000113) addi sp, zero, 0x0
x2 <- 0x0000000000000000
mem[X,0x0000000080008700] -> 0x006F
mem[X,0x0000000080008702] -> 0x00C0
[949] [M]: 0x0000000080008700 (0x00C0006F) jal zero, 0xc
mem[X,0x000000008000870C] -> 0x5CE3
mem[X,0x000000008000870E] -> 0xFEB5
[950] [M]: 0x000000008000870C (0xFEB55CE3) bge a0, a1, -0x8
mem[X,0x0000000080008704] -> 0x0113
mem[X,0x0000000080008706] -> 0x0011
[951] [M]: 0x0000000080008704 (0x00110113) addi sp, sp, 0x1
x2 <- 0x0000000000000001
mem[X,0x0000000080008708] -> 0x006F
mem[X,0x000000008000870A] -> 0x0180
[952] [M]: 0x0000000080008708 (0x0180006F) jal zero, 0x18
mem[X,0x0000000080008720] -> 0xBC23
mem[X,0x0000000080008722] -> 0x1A20
[953] [M]: 0x0000000080008720 (0x1A20BC23) sd sp, 0x1b8(ra)
mem[0x0000000080048388] <- 0x0000000000000001
mem[X,0x0000000080008724] -> 0x0513
mem[X,0x0000000080008726] -> 0x0020
[954] [M]: 0x0000000080008724 (0x00200513) addi a0, zero, 0x2
x10 <- 0x0000000000000002
mem[X,0x0000000080008728] -> 0x0593
mem[X,0x000000008000872A] -> 0x0010
[955] [M]: 0x0000000080008728 (0x00100593) addi a1, zero, 0x1
x11 <- 0x0000000000000001
mem[X,0x000000008000872C] -> 0x9593
mem[X,0x000000008000872E] -> 0x00B5
[956] [M]: 0x000000008000872C (0x00B59593) slli a1, a1, 0xb
x11 <- 0x0000000000000800
mem[X,0x0000000080008730] -> 0xC593
mem[X,0x0000000080008732] -> 0xFFF5
[957] [M]: 0x0000000080008730 (0xFFF5C593) xori a1, a1, -0x1
x11 <- 0xFFFFFFFFFFFFF7FF
mem[X,0x0000000080008734] -> 0x0113
mem[X,0x0000000080008736] -> 0x0000
[958] [M]: 0x0000000080008734 (0x00000113) addi sp, zero, 0x0
x2 <- 0x0000000000000000
mem[X,0x0000000080008738] -> 0x006F
mem[X,0x000000008000873A] -> 0x2B10
[959] [M]: 0x0000000080008738 (0x2B10006F) jal zero, 0xab0
mem[X,0x00000000800091E8] -> 0x5A63
mem[X,0x00000000800091EA] -> 0xD4B5
[960] [M]: 0x00000000800091E8 (0xD4B55A63) bge a0, a1, -0xaac
mem[X,0x000000008000873C] -> 0x0113
mem[X,0x000000008000873E] -> 0x0011
[961] [M]: 0x000000008000873C (0x00110113) addi sp, sp, 0x1
x2 <- 0x0000000000000001
mem[X,0x0000000080008740] -> 0x006F
mem[X,0x0000000080008742] -> 0x2BD0
[962] [M]: 0x0000000080008740 (0x2BD0006F) jal zero, 0xabc
mem[X,0x00000000800091FC] -> 0xB023
mem[X,0x00000000800091FE] -> 0x1C20
[963] [M]: 0x00000000800091FC (0x1C20B023) sd sp, 0x1c0(ra)
mem[0x0000000080048390] <- 0x0000000000000001
mem[X,0x0000000080009200] -> 0x0513
mem[X,0x0000000080009202] -> 0x0010
[964] [M]: 0x0000000080009200 (0x00100513) addi a0, zero, 0x1
x10 <- 0x0000000000000001
mem[X,0x0000000080009204] -> 0x1513
mem[X,0x0000000080009206] -> 0x03C5
[965] [M]: 0x0000000080009204 (0x03C51513) slli a0, a0, 0x3c
x10 <- 0x1000000000000000
mem[X,0x0000000080009208] -> 0x4513
mem[X,0x000000008000920A] -> 0xFFF5
[966] [M]: 0x0000000080009208 (0xFFF54513) xori a0, a0, -0x1
x10 <- 0xEFFFFFFFFFFFFFFF
mem[X,0x000000008000920C] -> 0x0593
mem[X,0x000000008000920E] -> 0x0010
[967] [M]: 0x000000008000920C (0x00100593) addi a1, zero, 0x1
x11 <- 0x0000000000000001
mem[X,0x0000000080009210] -> 0x9593
mem[X,0x0000000080009212] -> 0x00C5
[968] [M]: 0x0000000080009210 (0x00C59593) slli a1, a1, 0xc
x11 <- 0x0000000000001000
mem[X,0x0000000080009214] -> 0xC593
mem[X,0x0000000080009216] -> 0xFFF5
[969] [M]: 0x0000000080009214 (0xFFF5C593) xori a1, a1, -0x1
x11 <- 0xFFFFFFFFFFFFEFFF
mem[X,0x0000000080009218] -> 0x0113
mem[X,0x000000008000921A] -> 0x0000
[970] [M]: 0x0000000080009218 (0x00000113) addi sp, zero, 0x0
x2 <- 0x0000000000000000
mem[X,0x000000008000921C] -> 0x006F
mem[X,0x000000008000921E] -> 0x00C0
[971] [M]: 0x000000008000921C (0x00C0006F) jal zero, 0xc
mem[X,0x0000000080009228] -> 0x5CE3
mem[X,0x000000008000922A] -> 0xFEB5
[972] [M]: 0x0000000080009228 (0xFEB55CE3) bge a0, a1, -0x8
mem[X,0x000000008000922C] -> 0x0113
mem[X,0x000000008000922E] -> 0x0021
[973] [M]: 0x000000008000922C (0x00210113) addi sp, sp, 0x2
x2 <- 0x0000000000000002
mem[X,0x0000000080009230] -> 0x006F
mem[X,0x0000000080009232] -> 0x00C0
[974] [M]: 0x0000000080009230 (0x00C0006F) jal zero, 0xc
mem[X,0x000000008000923C] -> 0xB423
mem[X,0x000000008000923E] -> 0x1C20
[975] [M]: 0x000000008000923C (0x1C20B423) sd sp, 0x1c8(ra)
mem[0x0000000080048398] <- 0x0000000000000002
mem[X,0x0000000080009240] -> 0x0513
mem[X,0x0000000080009242] -> 0x0010
[976] [M]: 0x0000000080009240 (0x00100513) addi a0, zero, 0x1
x10 <- 0x0000000000000001
mem[X,0x0000000080009244] -> 0x1513
mem[X,0x0000000080009246] -> 0x0285
[977] [M]: 0x0000000080009244 (0x02851513) slli a0, a0, 0x28
x10 <- 0x0000010000000000
mem[X,0x0000000080009248] -> 0x0593
mem[X,0x000000008000924A] -> 0x0010
[978] [M]: 0x0000000080009248 (0x00100593) addi a1, zero, 0x1
x11 <- 0x0000000000000001
mem[X,0x000000008000924C] -> 0x9593
mem[X,0x000000008000924E] -> 0x00D5
[979] [M]: 0x000000008000924C (0x00D59593) slli a1, a1, 0xd
x11 <- 0x0000000000002000
mem[X,0x0000000080009250] -> 0xC593
mem[X,0x0000000080009252] -> 0xFFF5
[980] [M]: 0x0000000080009250 (0xFFF5C593) xori a1, a1, -0x1
x11 <- 0xFFFFFFFFFFFFDFFF
mem[X,0x0000000080009254] -> 0x0113
mem[X,0x0000000080009256] -> 0x0000
[981] [M]: 0x0000000080009254 (0x00000113) addi sp, zero, 0x0
x2 <- 0x0000000000000000
mem[X,0x0000000080009258] -> 0x006F
mem[X,0x000000008000925A] -> 0x00C0
[982] [M]: 0x0000000080009258 (0x00C0006F) jal zero, 0xc
mem[X,0x0000000080009264] -> 0x5663
mem[X,0x0000000080009266] -> 0x00B5
[983] [M]: 0x0000000080009264 (0x00B55663) bge a0, a1, 0xc
mem[X,0x0000000080009270] -> 0x0113
mem[X,0x0000000080009272] -> 0x0031
[984] [M]: 0x0000000080009270 (0x00310113) addi sp, sp, 0x3
x2 <- 0x0000000000000003
mem[X,0x0000000080009274] -> 0x006F
mem[X,0x0000000080009276] -> 0x0040
[985] [M]: 0x0000000080009274 (0x0040006F) jal zero, 0x4
mem[X,0x0000000080009278] -> 0xB823
mem[X,0x000000008000927A] -> 0x1C20
[986] [M]: 0x0000000080009278 (0x1C20B823) sd sp, 0x1d0(ra)
mem[0x00000000800483A0] <- 0x0000000000000003
mem[X,0x000000008000927C] -> 0x0513
mem[X,0x000000008000927E] -> 0x0010
[987] [M]: 0x000000008000927C (0x00100513) addi a0, zero, 0x1
x10 <- 0x0000000000000001
mem[X,0x0000000080009280] -> 0x1513
mem[X,0x0000000080009282] -> 0x0175
[988] [M]: 0x0000000080009280 (0x01751513) slli a0, a0, 0x17
x10 <- 0x0000000000800000
mem[X,0x0000000080009284] -> 0x4513
mem[X,0x0000000080009286] -> 0xFFF5
[989] [M]: 0x0000000080009284 (0xFFF54513) xori a0, a0, -0x1
x10 <- 0xFFFFFFFFFF7FFFFF
mem[X,0x0000000080009288] -> 0x0593
mem[X,0x000000008000928A] -> 0x0010
[990] [M]: 0x0000000080009288 (0x00100593) addi a1, zero, 0x1
x11 <- 0x0000000000000001
mem[X,0x000000008000928C] -> 0x9593
mem[X,0x000000008000928E] -> 0x00E5
[991] [M]: 0x000000008000928C (0x00E59593) slli a1, a1, 0xe
x11 <- 0x0000000000004000
mem[X,0x0000000080009290] -> 0xC593
mem[X,0x0000000080009292] -> 0xFFF5
[992] [M]: 0x0000000080009290 (0xFFF5C593) xori a1, a1, -0x1
x11 <- 0xFFFFFFFFFFFFBFFF
mem[X,0x0000000080009294] -> 0x0113
mem[X,0x0000000080009296] -> 0x0000
[993] [M]: 0x0000000080009294 (0x00000113) addi sp, zero, 0x0
x2 <- 0x0000000000000000
mem[X,0x0000000080009298] -> 0x006F
mem[X,0x000000008000929A] -> 0x00C0
[994] [M]: 0x0000000080009298 (0x00C0006F) jal zero, 0xc
mem[X,0x00000000800092A4] -> 0x5CE3
mem[X,0x00000000800092A6] -> 0xFEB5
[995] [M]: 0x00000000800092A4 (0xFEB55CE3) bge a0, a1, -0x8
mem[X,0x00000000800092A8] -> 0x0113
mem[X,0x00000000800092AA] -> 0x0021
[996] [M]: 0x00000000800092A8 (0x00210113) addi sp, sp, 0x2
x2 <- 0x0000000000000002
mem[X,0x00000000800092AC] -> 0x006F
mem[X,0x00000000800092AE] -> 0x00C0
[997] [M]: 0x00000000800092AC (0x00C0006F) jal zero, 0xc
mem[X,0x00000000800092B8] -> 0xBC23
mem[X,0x00000000800092BA] -> 0x1C20
[998] [M]: 0x00000000800092B8 (0x1C20BC23) sd sp, 0x1d8(ra)
mem[0x00000000800483A8] <- 0x0000000000000002
mem[X,0x00000000800092BC] -> 0x0513
mem[X,0x00000000800092BE] -> 0x0010
[999] [M]: 0x00000000800092BC (0x00100513) addi a0, zero, 0x1
x10 <- 0x0000000000000001
clint::tick mtime <- 0x000000000000000A
 clint timer pending at mtime 0x000000000000000A
htif::tick 0x0000000000000000
mem[X,0x00000000800092C0] -> 0x1513
mem[X,0x00000000800092C2] -> 0x0325
[1000] [M]: 0x00000000800092C0 (0x03251513) slli a0, a0, 0x32
x10 <- 0x0004000000000000
mem[X,0x00000000800092C4] -> 0x4513
mem[X,0x00000000800092C6] -> 0xFFF5
[1001] [M]: 0x00000000800092C4 (0xFFF54513) xori a0, a0, -0x1
x10 <- 0xFFFBFFFFFFFFFFFF
mem[X,0x00000000800092C8] -> 0x0593
mem[X,0x00000000800092CA] -> 0x0010
[1002] [M]: 0x00000000800092C8 (0x00100593) addi a1, zero, 0x1
x11 <- 0x0000000000000001
mem[X,0x00000000800092CC] -> 0x9593
mem[X,0x00000000800092CE] -> 0x00F5
[1003] [M]: 0x00000000800092CC (0x00F59593) slli a1, a1, 0xf
x11 <- 0x0000000000008000
mem[X,0x00000000800092D0] -> 0xC593
mem[X,0x00000000800092D2] -> 0xFFF5
[1004] [M]: 0x00000000800092D0 (0xFFF5C593) xori a1, a1, -0x1
x11 <- 0xFFFFFFFFFFFF7FFF
mem[X,0x00000000800092D4] -> 0x0113
mem[X,0x00000000800092D6] -> 0x0000
[1005] [M]: 0x00000000800092D4 (0x00000113) addi sp, zero, 0x0
x2 <- 0x0000000000000000
mem[X,0x00000000800092D8] -> 0x006F
mem[X,0x00000000800092DA] -> 0x00C0
[1006] [M]: 0x00000000800092D8 (0x00C0006F) jal zero, 0xc
mem[X,0x00000000800092E4] -> 0x5863
mem[X,0x00000000800092E6] -> 0x00B5
[1007] [M]: 0x00000000800092E4 (0x00B55863) bge a0, a1, 0x10
mem[X,0x00000000800092E8] -> 0x0113
mem[X,0x00000000800092EA] -> 0x0021
[1008] [M]: 0x00000000800092E8 (0x00210113) addi sp, sp, 0x2
x2 <- 0x0000000000000002
mem[X,0x00000000800092EC] -> 0x006F
mem[X,0x00000000800092EE] -> 0x0100
[1009] [M]: 0x00000000800092EC (0x0100006F) jal zero, 0x10
mem[X,0x00000000800092FC] -> 0xB023
mem[X,0x00000000800092FE] -> 0x1E20
[1010] [M]: 0x00000000800092FC (0x1E20B023) sd sp, 0x1e0(ra)
mem[0x00000000800483B0] <- 0x0000000000000002
mem[X,0x0000000080009300] -> 0x6537
mem[X,0x0000000080009302] -> 0x6666
[1011] [M]: 0x0000000080009300 (0x66666537) lui a0, 0x66666
x10 <- 0x0000000066666000
mem[X,0x0000000080009304] -> 0x0513
mem[X,0x0000000080009306] -> 0x6665
[1012] [M]: 0x0000000080009304 (0x66650513) addi a0, a0, 0x666
x10 <- 0x0000000066666666
mem[X,0x0000000080009308] -> 0x1513
mem[X,0x000000008000930A] -> 0x00B5
[1013] [M]: 0x0000000080009308 (0x00B51513) slli a0, a0, 0xb
x10 <- 0x0000033333333000
mem[X,0x000000008000930C] -> 0x0513
mem[X,0x000000008000930E] -> 0x3335
[1014] [M]: 0x000000008000930C (0x33350513) addi a0, a0, 0x333
x10 <- 0x0000033333333333
mem[X,0x0000000080009310] -> 0x1513
mem[X,0x0000000080009312] -> 0x00B5
[1015] [M]: 0x0000000080009310 (0x00B51513) slli a0, a0, 0xb
x10 <- 0x0019999999999800
mem[X,0x0000000080009314] -> 0x0513
mem[X,0x0000000080009316] -> 0x1995
[1016] [M]: 0x0000000080009314 (0x19950513) addi a0, a0, 0x199
x10 <- 0x0019999999999999
mem[X,0x0000000080009318] -> 0x1513
mem[X,0x000000008000931A] -> 0x00A5
[1017] [M]: 0x0000000080009318 (0x00A51513) slli a0, a0, 0xa
x10 <- 0x6666666666666400
mem[X,0x000000008000931C] -> 0x0513
mem[X,0x000000008000931E] -> 0x2675
[1018] [M]: 0x000000008000931C (0x26750513) addi a0, a0, 0x267
x10 <- 0x6666666666666667
mem[X,0x0000000080009320] -> 0x0593
mem[X,0x0000000080009322] -> 0x0010
[1019] [M]: 0x0000000080009320 (0x00100593) addi a1, zero, 0x1
x11 <- 0x0000000000000001
mem[X,0x0000000080009324] -> 0x9593
mem[X,0x0000000080009326] -> 0x0105
[1020] [M]: 0x0000000080009324 (0x01059593) slli a1, a1, 0x10
x11 <- 0x0000000000010000
mem[X,0x0000000080009328] -> 0xC593
mem[X,0x000000008000932A] -> 0xFFF5
[1021] [M]: 0x0000000080009328 (0xFFF5C593) xori a1, a1, -0x1
x11 <- 0xFFFFFFFFFFFEFFFF
mem[X,0x000000008000932C] -> 0x0113
mem[X,0x000000008000932E] -> 0x0000
[1022] [M]: 0x000000008000932C (0x00000113) addi sp, zero, 0x0
x2 <- 0x0000000000000000
mem[X,0x0000000080009330] -> 0x006F
mem[X,0x0000000080009332] -> 0x00C0
[1023] [M]: 0x0000000080009330 (0x00C0006F) jal zero, 0xc
mem[X,0x000000008000933C] -> 0x5063
mem[X,0x000000008000933E] -> 0x04B5
[1024] [M]: 0x000000008000933C (0x04B55063) bge a0, a1, 0x40
mem[X,0x000000008000937C] -> 0x0113
mem[X,0x000000008000937E] -> 0x0031
[1025] [M]: 0x000000008000937C (0x00310113) addi sp, sp, 0x3
x2 <- 0x0000000000000003
mem[X,0x0000000080009380] -> 0x006F
mem[X,0x0000000080009382] -> 0x0040
[1026] [M]: 0x0000000080009380 (0x0040006F) jal zero, 0x4
mem[X,0x0000000080009384] -> 0xB423
mem[X,0x0000000080009386] -> 0x1E20
[1027] [M]: 0x0000000080009384 (0x1E20B423) sd sp, 0x1e8(ra)
mem[0x00000000800483B8] <- 0x0000000000000003
mem[X,0x0000000080009388] -> 0x0513
mem[X,0x000000008000938A] -> 0x0010
[1028] [M]: 0x0000000080009388 (0x00100513) addi a0, zero, 0x1
x10 <- 0x0000000000000001
mem[X,0x000000008000938C] -> 0x1513
mem[X,0x000000008000938E] -> 0x02E5
[1029] [M]: 0x000000008000938C (0x02E51513) slli a0, a0, 0x2e
x10 <- 0x0000400000000000
mem[X,0x0000000080009390] -> 0x0593
mem[X,0x0000000080009392] -> 0x0010
[1030] [M]: 0x0000000080009390 (0x00100593) addi a1, zero, 0x1
x11 <- 0x0000000000000001
mem[X,0x0000000080009394] -> 0x9593
mem[X,0x0000000080009396] -> 0x0115
[1031] [M]: 0x0000000080009394 (0x01159593) slli a1, a1, 0x11
x11 <- 0x0000000000020000
mem[X,0x0000000080009398] -> 0xC593
mem[X,0x000000008000939A] -> 0xFFF5
[1032] [M]: 0x0000000080009398 (0xFFF5C593) xori a1, a1, -0x1
x11 <- 0xFFFFFFFFFFFDFFFF
mem[X,0x000000008000939C] -> 0x0113
mem[X,0x000000008000939E] -> 0x0000
[1033] [M]: 0x000000008000939C (0x00000113) addi sp, zero, 0x0
x2 <- 0x0000000000000000
mem[X,0x00000000800093A0] -> 0x006F
mem[X,0x00000000800093A2] -> 0x0140
[1034] [M]: 0x00000000800093A0 (0x0140006F) jal zero, 0x14
mem[X,0x00000000800093B4] -> 0x58E3
mem[X,0x00000000800093B6] -> 0xFEB5
[1035] [M]: 0x00000000800093B4 (0xFEB558E3) bge a0, a1, -0x10
mem[X,0x00000000800093A4] -> 0x0113
mem[X,0x00000000800093A6] -> 0x0011
[1036] [M]: 0x00000000800093A4 (0x00110113) addi sp, sp, 0x1
x2 <- 0x0000000000000001
mem[X,0x00000000800093A8] -> 0x006F
mem[X,0x00000000800093AA] -> 0x0200
[1037] [M]: 0x00000000800093A8 (0x0200006F) jal zero, 0x20
mem[X,0x00000000800093C8] -> 0xB823
mem[X,0x00000000800093CA] -> 0x1E20
[1038] [M]: 0x00000000800093C8 (0x1E20B823) sd sp, 0x1f0(ra)
mem[0x00000000800483C0] <- 0x0000000000000001
mem[X,0x00000000800093CC] -> 0x0513
mem[X,0x00000000800093CE] -> 0x0010
[1039] [M]: 0x00000000800093CC (0x00100513) addi a0, zero, 0x1
x10 <- 0x0000000000000001
mem[X,0x00000000800093D0] -> 0x1513
mem[X,0x00000000800093D2] -> 0x0125
[1040] [M]: 0x00000000800093D0 (0x01251513) slli a0, a0, 0x12
x10 <- 0x0000000000040000
mem[X,0x00000000800093D4] -> 0x4513
mem[X,0x00000000800093D6] -> 0xFFF5
[1041] [M]: 0x00000000800093D4 (0xFFF54513) xori a0, a0, -0x1
x10 <- 0xFFFFFFFFFFFBFFFF
mem[X,0x00000000800093D8] -> 0x0593
mem[X,0x00000000800093DA] -> 0x0010
[1042] [M]: 0x00000000800093D8 (0x00100593) addi a1, zero, 0x1
x11 <- 0x0000000000000001
mem[X,0x00000000800093DC] -> 0x9593
mem[X,0x00000000800093DE] -> 0x0125
[1043] [M]: 0x00000000800093DC (0x01259593) slli a1, a1, 0x12
x11 <- 0x0000000000040000
mem[X,0x00000000800093E0] -> 0xC593
mem[X,0x00000000800093E2] -> 0xFFF5
[1044] [M]: 0x00000000800093E0 (0xFFF5C593) xori a1, a1, -0x1
x11 <- 0xFFFFFFFFFFFBFFFF
mem[X,0x00000000800093E4] -> 0x0113
mem[X,0x00000000800093E6] -> 0x0000
[1045] [M]: 0x00000000800093E4 (0x00000113) addi sp, zero, 0x0
x2 <- 0x0000000000000000
mem[X,0x00000000800093E8] -> 0x006F
mem[X,0x00000000800093EA] -> 0x0100
[1046] [M]: 0x00000000800093E8 (0x0100006F) jal zero, 0x10
mem[X,0x00000000800093F8] -> 0x5AE3
mem[X,0x00000000800093FA] -> 0xFEB5
[1047] [M]: 0x00000000800093F8 (0xFEB55AE3) bge a0, a1, -0xc
mem[X,0x00000000800093EC] -> 0x0113
mem[X,0x00000000800093EE] -> 0x0011
[1048] [M]: 0x00000000800093EC (0x00110113) addi sp, sp, 0x1
x2 <- 0x0000000000000001
mem[X,0x00000000800093F0] -> 0x006F
mem[X,0x00000000800093F2] -> 0x01C0
[1049] [M]: 0x00000000800093F0 (0x01C0006F) jal zero, 0x1c
mem[X,0x000000008000940C] -> 0xBC23
mem[X,0x000000008000940E] -> 0x1E20
[1050] [M]: 0x000000008000940C (0x1E20BC23) sd sp, 0x1f8(ra)
mem[0x00000000800483C8] <- 0x0000000000000001
mem[X,0x0000000080009410] -> 0x0513
mem[X,0x0000000080009412] -> 0x0010
[1051] [M]: 0x0000000080009410 (0x00100513) addi a0, zero, 0x1
x10 <- 0x0000000000000001
mem[X,0x0000000080009414] -> 0x1513
mem[X,0x0000000080009416] -> 0x00C5
[1052] [M]: 0x0000000080009414 (0x00C51513) slli a0, a0, 0xc
x10 <- 0x0000000000001000
mem[X,0x0000000080009418] -> 0x4513
mem[X,0x000000008000941A] -> 0xFFF5
[1053] [M]: 0x0000000080009418 (0xFFF54513) xori a0, a0, -0x1
x10 <- 0xFFFFFFFFFFFFEFFF
mem[X,0x000000008000941C] -> 0x0593
mem[X,0x000000008000941E] -> 0x0010
[1054] [M]: 0x000000008000941C (0x00100593) addi a1, zero, 0x1
x11 <- 0x0000000000000001
mem[X,0x0000000080009420] -> 0x9593
mem[X,0x0000000080009422] -> 0x0135
[1055] [M]: 0x0000000080009420 (0x01359593) slli a1, a1, 0x13
x11 <- 0x0000000000080000
mem[X,0x0000000080009424] -> 0xC593
mem[X,0x0000000080009426] -> 0xFFF5
[1056] [M]: 0x0000000080009424 (0xFFF5C593) xori a1, a1, -0x1
x11 <- 0xFFFFFFFFFFF7FFFF
mem[X,0x0000000080009428] -> 0x0113
mem[X,0x000000008000942A] -> 0x0000
[1057] [M]: 0x0000000080009428 (0x00000113) addi sp, zero, 0x0
x2 <- 0x0000000000000000
mem[X,0x000000008000942C] -> 0x006F
mem[X,0x000000008000942E] -> 0x0100
[1058] [M]: 0x000000008000942C (0x0100006F) jal zero, 0x10
mem[X,0x000000008000943C] -> 0x5AE3
mem[X,0x000000008000943E] -> 0xFEB5
[1059] [M]: 0x000000008000943C (0xFEB55AE3) bge a0, a1, -0xc
mem[X,0x0000000080009430] -> 0x0113
mem[X,0x0000000080009432] -> 0x0011
[1060] [M]: 0x0000000080009430 (0x00110113) addi sp, sp, 0x1
x2 <- 0x0000000000000001
mem[X,0x0000000080009434] -> 0x006F
mem[X,0x0000000080009436] -> 0x01C0
[1061] [M]: 0x0000000080009434 (0x01C0006F) jal zero, 0x1c
mem[X,0x0000000080009450] -> 0xB023
mem[X,0x0000000080009452] -> 0x2020
[1062] [M]: 0x0000000080009450 (0x2020B023) sd sp, 0x200(ra)
mem[0x00000000800483D0] <- 0x0000000000000001
mem[X,0x0000000080009454] -> 0x0513
mem[X,0x0000000080009456] -> 0x0010
[1063] [M]: 0x0000000080009454 (0x00100513) addi a0, zero, 0x1
x10 <- 0x0000000000000001
mem[X,0x0000000080009458] -> 0x1513
mem[X,0x000000008000945A] -> 0x0295
[1064] [M]: 0x0000000080009458 (0x02951513) slli a0, a0, 0x29
x10 <- 0x0000020000000000
mem[X,0x000000008000945C] -> 0x4513
mem[X,0x000000008000945E] -> 0xFFF5
[1065] [M]: 0x000000008000945C (0xFFF54513) xori a0, a0, -0x1
x10 <- 0xFFFFFDFFFFFFFFFF
mem[X,0x0000000080009460] -> 0x0593
mem[X,0x0000000080009462] -> 0x0010
[1066] [M]: 0x0000000080009460 (0x00100593) addi a1, zero, 0x1
x11 <- 0x0000000000000001
mem[X,0x0000000080009464] -> 0x9593
mem[X,0x0000000080009466] -> 0x0145
[1067] [M]: 0x0000000080009464 (0x01459593) slli a1, a1, 0x14
x11 <- 0x0000000000100000
mem[X,0x0000000080009468] -> 0xC593
mem[X,0x000000008000946A] -> 0xFFF5
[1068] [M]: 0x0000000080009468 (0xFFF5C593) xori a1, a1, -0x1
x11 <- 0xFFFFFFFFFFEFFFFF
mem[X,0x000000008000946C] -> 0x0113
mem[X,0x000000008000946E] -> 0x0000
[1069] [M]: 0x000000008000946C (0x00000113) addi sp, zero, 0x0
x2 <- 0x0000000000000000
mem[X,0x0000000080009470] -> 0x006F
mem[X,0x0000000080009472] -> 0x00C0
[1070] [M]: 0x0000000080009470 (0x00C0006F) jal zero, 0xc
mem[X,0x000000008000947C] -> 0x5CE3
mem[X,0x000000008000947E] -> 0xFEB5
[1071] [M]: 0x000000008000947C (0xFEB55CE3) bge a0, a1, -0x8
mem[X,0x0000000080009480] -> 0x0113
mem[X,0x0000000080009482] -> 0x0021
[1072] [M]: 0x0000000080009480 (0x00210113) addi sp, sp, 0x2
x2 <- 0x0000000000000002
mem[X,0x0000000080009484] -> 0x006F
mem[X,0x0000000080009486] -> 0x00C0
[1073] [M]: 0x0000000080009484 (0x00C0006F) jal zero, 0xc
mem[X,0x0000000080009490] -> 0xB423
mem[X,0x0000000080009492] -> 0x2020
[1074] [M]: 0x0000000080009490 (0x2020B423) sd sp, 0x208(ra)
mem[0x00000000800483D8] <- 0x0000000000000002
mem[X,0x0000000080009494] -> 0x0513
mem[X,0x0000000080009496] -> 0x0010
[1075] [M]: 0x0000000080009494 (0x00100513) addi a0, zero, 0x1
x10 <- 0x0000000000000001
mem[X,0x0000000080009498] -> 0x1513
mem[X,0x000000008000949A] -> 0x01C5
[1076] [M]: 0x0000000080009498 (0x01C51513) slli a0, a0, 0x1c
x10 <- 0x0000000010000000
mem[X,0x000000008000949C] -> 0x0593
mem[X,0x000000008000949E] -> 0x0010
[1077] [M]: 0x000000008000949C (0x00100593) addi a1, zero, 0x1
x11 <- 0x0000000000000001
mem[X,0x00000000800094A0] -> 0x9593
mem[X,0x00000000800094A2] -> 0x0155
[1078] [M]: 0x00000000800094A0 (0x01559593) slli a1, a1, 0x15
x11 <- 0x0000000000200000
mem[X,0x00000000800094A4] -> 0xC593
mem[X,0x00000000800094A6] -> 0xFFF5
[1079] [M]: 0x00000000800094A4 (0xFFF5C593) xori a1, a1, -0x1
x11 <- 0xFFFFFFFFFFDFFFFF
mem[X,0x00000000800094A8] -> 0x0113
mem[X,0x00000000800094AA] -> 0x0000
[1080] [M]: 0x00000000800094A8 (0x00000113) addi sp, zero, 0x0
x2 <- 0x0000000000000000
mem[X,0x00000000800094AC] -> 0x006F
mem[X,0x00000000800094AE] -> 0x00C0
[1081] [M]: 0x00000000800094AC (0x00C0006F) jal zero, 0xc
mem[X,0x00000000800094B8] -> 0x5CE3
mem[X,0x00000000800094BA] -> 0xFEB5
[1082] [M]: 0x00000000800094B8 (0xFEB55CE3) bge a0, a1, -0x8
mem[X,0x00000000800094B0] -> 0x0113
mem[X,0x00000000800094B2] -> 0x0011
[1083] [M]: 0x00000000800094B0 (0x00110113) addi sp, sp, 0x1
x2 <- 0x0000000000000001
mem[X,0x00000000800094B4] -> 0x006F
mem[X,0x00000000800094B6] -> 0x0180
[1084] [M]: 0x00000000800094B4 (0x0180006F) jal zero, 0x18
mem[X,0x00000000800094CC] -> 0xB823
mem[X,0x00000000800094CE] -> 0x2020
[1085] [M]: 0x00000000800094CC (0x2020B823) sd sp, 0x210(ra)
mem[0x00000000800483E0] <- 0x0000000000000001
mem[X,0x00000000800094D0] -> 0x0513
mem[X,0x00000000800094D2] -> 0x0010
[1086] [M]: 0x00000000800094D0 (0x00100513) addi a0, zero, 0x1
x10 <- 0x0000000000000001
mem[X,0x00000000800094D4] -> 0x1513
mem[X,0x00000000800094D6] -> 0x0265
[1087] [M]: 0x00000000800094D4 (0x02651513) slli a0, a0, 0x26
x10 <- 0x0000004000000000
mem[X,0x00000000800094D8] -> 0x0593
mem[X,0x00000000800094DA] -> 0x0010
[1088] [M]: 0x00000000800094D8 (0x00100593) addi a1, zero, 0x1
x11 <- 0x0000000000000001
mem[X,0x00000000800094DC] -> 0x9593
mem[X,0x00000000800094DE] -> 0x0165
[1089] [M]: 0x00000000800094DC (0x01659593) slli a1, a1, 0x16
x11 <- 0x0000000000400000
mem[X,0x00000000800094E0] -> 0xC593
mem[X,0x00000000800094E2] -> 0xFFF5
[1090] [M]: 0x00000000800094E0 (0xFFF5C593) xori a1, a1, -0x1
x11 <- 0xFFFFFFFFFFBFFFFF
mem[X,0x00000000800094E4] -> 0x0113
mem[X,0x00000000800094E6] -> 0x0000
[1091] [M]: 0x00000000800094E4 (0x00000113) addi sp, zero, 0x0
x2 <- 0x0000000000000000
mem[X,0x00000000800094E8] -> 0x006F
mem[X,0x00000000800094EA] -> 0x0100
[1092] [M]: 0x00000000800094E8 (0x0100006F) jal zero, 0x10
mem[X,0x00000000800094F8] -> 0x5AE3
mem[X,0x00000000800094FA] -> 0xFEB5
[1093] [M]: 0x00000000800094F8 (0xFEB55AE3) bge a0, a1, -0xc
mem[X,0x00000000800094EC] -> 0x0113
mem[X,0x00000000800094EE] -> 0x0011
[1094] [M]: 0x00000000800094EC (0x00110113) addi sp, sp, 0x1
x2 <- 0x0000000000000001
mem[X,0x00000000800094F0] -> 0x006F
mem[X,0x00000000800094F2] -> 0x01C0
[1095] [M]: 0x00000000800094F0 (0x01C0006F) jal zero, 0x1c
mem[X,0x000000008000950C] -> 0xBC23
mem[X,0x000000008000950E] -> 0x2020
[1096] [M]: 0x000000008000950C (0x2020BC23) sd sp, 0x218(ra)
mem[0x00000000800483E8] <- 0x0000000000000001
mem[X,0x0000000080009510] -> 0x0513
mem[X,0x0000000080009512] -> 0xF7F0
[1097] [M]: 0x0000000080009510 (0xF7F00513) addi a0, zero, -0x81
x10 <- 0xFFFFFFFFFFFFFF7F
mem[X,0x0000000080009514] -> 0x0593
mem[X,0x0000000080009516] -> 0x0010
[1098] [M]: 0x0000000080009514 (0x00100593) addi a1, zero, 0x1
x11 <- 0x0000000000000001
mem[X,0x0000000080009518] -> 0x9593
mem[X,0x000000008000951A] -> 0x0175
[1099] [M]: 0x0000000080009518 (0x01759593) slli a1, a1, 0x17
x11 <- 0x0000000000800000
clint::tick mtime <- 0x000000000000000B
 clint timer pending at mtime 0x000000000000000B
htif::tick 0x0000000000000000
mem[X,0x000000008000951C] -> 0xC593
mem[X,0x000000008000951E] -> 0xFFF5
[1100] [M]: 0x000000008000951C (0xFFF5C593) xori a1, a1, -0x1
x11 <- 0xFFFFFFFFFF7FFFFF
mem[X,0x0000000080009520] -> 0x0113
mem[X,0x0000000080009522] -> 0x0000
[1101] [M]: 0x0000000080009520 (0x00000113) addi sp, zero, 0x0
x2 <- 0x0000000000000000
mem[X,0x0000000080009524] -> 0x006F
mem[X,0x0000000080009526] -> 0x00C0
[1102] [M]: 0x0000000080009524 (0x00C0006F) jal zero, 0xc
mem[X,0x0000000080009530] -> 0x5063
mem[X,0x0000000080009532] -> 0x08B5
[1103] [M]: 0x0000000080009530 (0x08B55063) bge a0, a1, 0x80
mem[X,0x00000000800095B0] -> 0x0113
mem[X,0x00000000800095B2] -> 0x0031
[1104] [M]: 0x00000000800095B0 (0x00310113) addi sp, sp, 0x3
x2 <- 0x0000000000000003
mem[X,0x00000000800095B4] -> 0x006F
mem[X,0x00000000800095B6] -> 0x0040
[1105] [M]: 0x00000000800095B4 (0x0040006F) jal zero, 0x4
mem[X,0x00000000800095B8] -> 0xB023
mem[X,0x00000000800095BA] -> 0x2220
[1106] [M]: 0x00000000800095B8 (0x2220B023) sd sp, 0x220(ra)
mem[0x00000000800483F0] <- 0x0000000000000003
mem[X,0x00000000800095BC] -> 0x0513
mem[X,0x00000000800095BE] -> 0x0010
[1107] [M]: 0x00000000800095BC (0x00100513) addi a0, zero, 0x1
x10 <- 0x0000000000000001
mem[X,0x00000000800095C0] -> 0x1513
mem[X,0x00000000800095C2] -> 0x00D5
[1108] [M]: 0x00000000800095C0 (0x00D51513) slli a0, a0, 0xd
x10 <- 0x0000000000002000
mem[X,0x00000000800095C4] -> 0x0593
mem[X,0x00000000800095C6] -> 0x0010
[1109] [M]: 0x00000000800095C4 (0x00100593) addi a1, zero, 0x1
x11 <- 0x0000000000000001
mem[X,0x00000000800095C8] -> 0x9593
mem[X,0x00000000800095CA] -> 0x0185
[1110] [M]: 0x00000000800095C8 (0x01859593) slli a1, a1, 0x18
x11 <- 0x0000000001000000
mem[X,0x00000000800095CC] -> 0xC593
mem[X,0x00000000800095CE] -> 0xFFF5
[1111] [M]: 0x00000000800095CC (0xFFF5C593) xori a1, a1, -0x1
x11 <- 0xFFFFFFFFFEFFFFFF
mem[X,0x00000000800095D0] -> 0x0113
mem[X,0x00000000800095D2] -> 0x0000
[1112] [M]: 0x00000000800095D0 (0x00000113) addi sp, zero, 0x0
x2 <- 0x0000000000000000
mem[X,0x00000000800095D4] -> 0x006F
mem[X,0x00000000800095D6] -> 0x00C0
[1113] [M]: 0x00000000800095D4 (0x00C0006F) jal zero, 0xc
mem[X,0x00000000800095E0] -> 0x5063
mem[X,0x00000000800095E2] -> 0x08B5
[1114] [M]: 0x00000000800095E0 (0x08B55063) bge a0, a1, 0x80
mem[X,0x0000000080009660] -> 0x0113
mem[X,0x0000000080009662] -> 0x0031
[1115] [M]: 0x0000000080009660 (0x00310113) addi sp, sp, 0x3
x2 <- 0x0000000000000003
mem[X,0x0000000080009664] -> 0x006F
mem[X,0x0000000080009666] -> 0x0040
[1116] [M]: 0x0000000080009664 (0x0040006F) jal zero, 0x4
mem[X,0x0000000080009668] -> 0xB423
mem[X,0x000000008000966A] -> 0x2220
[1117] [M]: 0x0000000080009668 (0x2220B423) sd sp, 0x228(ra)
mem[0x00000000800483F8] <- 0x0000000000000003
mem[X,0x000000008000966C] -> 0x0513
mem[X,0x000000008000966E] -> 0xFEF0
[1118] [M]: 0x000000008000966C (0xFEF00513) addi a0, zero, -0x11
x10 <- 0xFFFFFFFFFFFFFFEF
mem[X,0x0000000080009670] -> 0x0593
mem[X,0x0000000080009672] -> 0x0010
[1119] [M]: 0x0000000080009670 (0x00100593) addi a1, zero, 0x1
x11 <- 0x0000000000000001
mem[X,0x0000000080009674] -> 0x9593
mem[X,0x0000000080009676] -> 0x0195
[1120] [M]: 0x0000000080009674 (0x01959593) slli a1, a1, 0x19
x11 <- 0x0000000002000000
mem[X,0x0000000080009678] -> 0xC593
mem[X,0x000000008000967A] -> 0xFFF5
[1121] [M]: 0x0000000080009678 (0xFFF5C593) xori a1, a1, -0x1
x11 <- 0xFFFFFFFFFDFFFFFF
mem[X,0x000000008000967C] -> 0x0113
mem[X,0x000000008000967E] -> 0x0000
[1122] [M]: 0x000000008000967C (0x00000113) addi sp, zero, 0x0
x2 <- 0x0000000000000000
mem[X,0x0000000080009680] -> 0x006F
mem[X,0x0000000080009682] -> 0x00C0
[1123] [M]: 0x0000000080009680 (0x00C0006F) jal zero, 0xc
mem[X,0x000000008000968C] -> 0x5663
mem[X,0x000000008000968E] -> 0x00B5
[1124] [M]: 0x000000008000968C (0x00B55663) bge a0, a1, 0xc
mem[X,0x0000000080009698] -> 0x0113
mem[X,0x000000008000969A] -> 0x0031
[1125] [M]: 0x0000000080009698 (0x00310113) addi sp, sp, 0x3
x2 <- 0x0000000000000003
mem[X,0x000000008000969C] -> 0x006F
mem[X,0x000000008000969E] -> 0x0040
[1126] [M]: 0x000000008000969C (0x0040006F) jal zero, 0x4
mem[X,0x00000000800096A0] -> 0xB823
mem[X,0x00000000800096A2] -> 0x2220
[1127] [M]: 0x00000000800096A0 (0x2220B823) sd sp, 0x230(ra)
mem[0x0000000080048400] <- 0x0000000000000003
mem[X,0x00000000800096A4] -> 0x0513
mem[X,0x00000000800096A6] -> 0x0010
[1128] [M]: 0x00000000800096A4 (0x00100513) addi a0, zero, 0x1
x10 <- 0x0000000000000001
mem[X,0x00000000800096A8] -> 0x1513
mem[X,0x00000000800096AA] -> 0x0105
[1129] [M]: 0x00000000800096A8 (0x01051513) slli a0, a0, 0x10
x10 <- 0x0000000000010000
mem[X,0x00000000800096AC] -> 0x0593
mem[X,0x00000000800096AE] -> 0x0010
[1130] [M]: 0x00000000800096AC (0x00100593) addi a1, zero, 0x1
x11 <- 0x0000000000000001
mem[X,0x00000000800096B0] -> 0x9593
mem[X,0x00000000800096B2] -> 0x01A5
[1131] [M]: 0x00000000800096B0 (0x01A59593) slli a1, a1, 0x1a
x11 <- 0x0000000004000000
mem[X,0x00000000800096B4] -> 0xC593
mem[X,0x00000000800096B6] -> 0xFFF5
[1132] [M]: 0x00000000800096B4 (0xFFF5C593) xori a1, a1, -0x1
x11 <- 0xFFFFFFFFFBFFFFFF
mem[X,0x00000000800096B8] -> 0x0113
mem[X,0x00000000800096BA] -> 0x0000
[1133] [M]: 0x00000000800096B8 (0x00000113) addi sp, zero, 0x0
x2 <- 0x0000000000000000
mem[X,0x00000000800096BC] -> 0x006F
mem[X,0x00000000800096BE] -> 0x0100
[1134] [M]: 0x00000000800096BC (0x0100006F) jal zero, 0x10
mem[X,0x00000000800096CC] -> 0x5AE3
mem[X,0x00000000800096CE] -> 0xFEB5
[1135] [M]: 0x00000000800096CC (0xFEB55AE3) bge a0, a1, -0xc
mem[X,0x00000000800096C0] -> 0x0113
mem[X,0x00000000800096C2] -> 0x0011
[1136] [M]: 0x00000000800096C0 (0x00110113) addi sp, sp, 0x1
x2 <- 0x0000000000000001
mem[X,0x00000000800096C4] -> 0x006F
mem[X,0x00000000800096C6] -> 0x01C0
[1137] [M]: 0x00000000800096C4 (0x01C0006F) jal zero, 0x1c
mem[X,0x00000000800096E0] -> 0xBC23
mem[X,0x00000000800096E2] -> 0x2220
[1138] [M]: 0x00000000800096E0 (0x2220BC23) sd sp, 0x238(ra)
mem[0x0000000080048408] <- 0x0000000000000001
mem[X,0x00000000800096E4] -> 0x0513
mem[X,0x00000000800096E6] -> 0x0010
[1139] [M]: 0x00000000800096E4 (0x00100513) addi a0, zero, 0x1
x10 <- 0x0000000000000001
mem[X,0x00000000800096E8] -> 0x1513
mem[X,0x00000000800096EA] -> 0x0165
[1140] [M]: 0x00000000800096E8 (0x01651513) slli a0, a0, 0x16
x10 <- 0x0000000000400000
mem[X,0x00000000800096EC] -> 0x4513
mem[X,0x00000000800096EE] -> 0xFFF5
[1141] [M]: 0x00000000800096EC (0xFFF54513) xori a0, a0, -0x1
x10 <- 0xFFFFFFFFFFBFFFFF
mem[X,0x00000000800096F0] -> 0x0593
mem[X,0x00000000800096F2] -> 0x0010
[1142] [M]: 0x00000000800096F0 (0x00100593) addi a1, zero, 0x1
x11 <- 0x0000000000000001
mem[X,0x00000000800096F4] -> 0x9593
mem[X,0x00000000800096F6] -> 0x01B5
[1143] [M]: 0x00000000800096F4 (0x01B59593) slli a1, a1, 0x1b
x11 <- 0x0000000008000000
mem[X,0x00000000800096F8] -> 0xC593
mem[X,0x00000000800096FA] -> 0xFFF5
[1144] [M]: 0x00000000800096F8 (0xFFF5C593) xori a1, a1, -0x1
x11 <- 0xFFFFFFFFF7FFFFFF
mem[X,0x00000000800096FC] -> 0x0113
mem[X,0x00000000800096FE] -> 0x0000
[1145] [M]: 0x00000000800096FC (0x00000113) addi sp, zero, 0x0
x2 <- 0x0000000000000000
mem[X,0x0000000080009700] -> 0x006F
mem[X,0x0000000080009702] -> 0x00C0
[1146] [M]: 0x0000000080009700 (0x00C0006F) jal zero, 0xc
mem[X,0x000000008000970C] -> 0x5663
mem[X,0x000000008000970E] -> 0x00B5
[1147] [M]: 0x000000008000970C (0x00B55663) bge a0, a1, 0xc
mem[X,0x0000000080009718] -> 0x0113
mem[X,0x000000008000971A] -> 0x0031
[1148] [M]: 0x0000000080009718 (0x00310113) addi sp, sp, 0x3
x2 <- 0x0000000000000003
mem[X,0x000000008000971C] -> 0x006F
mem[X,0x000000008000971E] -> 0x0040
[1149] [M]: 0x000000008000971C (0x0040006F) jal zero, 0x4
mem[X,0x0000000080009720] -> 0xB023
mem[X,0x0000000080009722] -> 0x2420
[1150] [M]: 0x0000000080009720 (0x2420B023) sd sp, 0x240(ra)
mem[0x0000000080048410] <- 0x0000000000000003
mem[X,0x0000000080009724] -> 0x0513
mem[X,0x0000000080009726] -> 0xF7F0
[1151] [M]: 0x0000000080009724 (0xF7F00513) addi a0, zero, -0x81
x10 <- 0xFFFFFFFFFFFFFF7F
mem[X,0x0000000080009728] -> 0x0593
mem[X,0x000000008000972A] -> 0x0010
[1152] [M]: 0x0000000080009728 (0x00100593) addi a1, zero, 0x1
x11 <- 0x0000000000000001
mem[X,0x000000008000972C] -> 0x9593
mem[X,0x000000008000972E] -> 0x01E5
[1153] [M]: 0x000000008000972C (0x01E59593) slli a1, a1, 0x1e
x11 <- 0x0000000040000000
mem[X,0x0000000080009730] -> 0xC593
mem[X,0x0000000080009732] -> 0xFFF5
[1154] [M]: 0x0000000080009730 (0xFFF5C593) xori a1, a1, -0x1
x11 <- 0xFFFFFFFFBFFFFFFF
mem[X,0x0000000080009734] -> 0x0113
mem[X,0x0000000080009736] -> 0x0000
[1155] [M]: 0x0000000080009734 (0x00000113) addi sp, zero, 0x0
x2 <- 0x0000000000000000
mem[X,0x0000000080009738] -> 0x006F
mem[X,0x000000008000973A] -> 0x0050
[1156] [M]: 0x0000000080009738 (0x0050006F) jal zero, 0x804
mem[X,0x0000000080009F3C] -> 0x50E3
mem[X,0x0000000080009F3E] -> 0x80B5
[1157] [M]: 0x0000000080009F3C (0x80B550E3) bge a0, a1, -0x800
mem[X,0x000000008000973C] -> 0x0113
mem[X,0x000000008000973E] -> 0x0011
[1158] [M]: 0x000000008000973C (0x00110113) addi sp, sp, 0x1
x2 <- 0x0000000000000001
mem[X,0x0000000080009740] -> 0x006F
mem[X,0x0000000080009742] -> 0x0110
[1159] [M]: 0x0000000080009740 (0x0110006F) jal zero, 0x810
mem[X,0x0000000080009F50] -> 0xB423
mem[X,0x0000000080009F52] -> 0x2420
[1160] [M]: 0x0000000080009F50 (0x2420B423) sd sp, 0x248(ra)
mem[0x0000000080048418] <- 0x0000000000000001
mem[X,0x0000000080009F54] -> 0x0513
mem[X,0x0000000080009F56] -> 0x0080
[1161] [M]: 0x0000000080009F54 (0x00800513) addi a0, zero, 0x8
x10 <- 0x0000000000000008
mem[X,0x0000000080009F58] -> 0x0593
mem[X,0x0000000080009F5A] -> 0x0010
[1162] [M]: 0x0000000080009F58 (0x00100593) addi a1, zero, 0x1
x11 <- 0x0000000000000001
mem[X,0x0000000080009F5C] -> 0x9593
mem[X,0x0000000080009F5E] -> 0x01F5
[1163] [M]: 0x0000000080009F5C (0x01F59593) slli a1, a1, 0x1f
x11 <- 0x0000000080000000
mem[X,0x0000000080009F60] -> 0xC593
mem[X,0x0000000080009F62] -> 0xFFF5
[1164] [M]: 0x0000000080009F60 (0xFFF5C593) xori a1, a1, -0x1
x11 <- 0xFFFFFFFF7FFFFFFF
mem[X,0x0000000080009F64] -> 0x0113
mem[X,0x0000000080009F66] -> 0x0000
[1165] [M]: 0x0000000080009F64 (0x00000113) addi sp, zero, 0x0
x2 <- 0x0000000000000000
mem[X,0x0000000080009F68] -> 0x006F
mem[X,0x0000000080009F6A] -> 0x00C0
[1166] [M]: 0x0000000080009F68 (0x00C0006F) jal zero, 0xc
mem[X,0x0000000080009F74] -> 0x5663
mem[X,0x0000000080009F76] -> 0x00B5
[1167] [M]: 0x0000000080009F74 (0x00B55663) bge a0, a1, 0xc
mem[X,0x0000000080009F80] -> 0x0113
mem[X,0x0000000080009F82] -> 0x0031
[1168] [M]: 0x0000000080009F80 (0x00310113) addi sp, sp, 0x3
x2 <- 0x0000000000000003
mem[X,0x0000000080009F84] -> 0x006F
mem[X,0x0000000080009F86] -> 0x0040
[1169] [M]: 0x0000000080009F84 (0x0040006F) jal zero, 0x4
mem[X,0x0000000080009F88] -> 0xB823
mem[X,0x0000000080009F8A] -> 0x2420
[1170] [M]: 0x0000000080009F88 (0x2420B823) sd sp, 0x250(ra)
mem[0x0000000080048420] <- 0x0000000000000003
mem[X,0x0000000080009F8C] -> 0x0513
mem[X,0x0000000080009F8E] -> 0x4000
[1171] [M]: 0x0000000080009F8C (0x40000513) addi a0, zero, 0x400
x10 <- 0x0000000000000400
mem[X,0x0000000080009F90] -> 0x0593
mem[X,0x0000000080009F92] -> 0x0010
[1172] [M]: 0x0000000080009F90 (0x00100593) addi a1, zero, 0x1
x11 <- 0x0000000000000001
mem[X,0x0000000080009F94] -> 0x9593
mem[X,0x0000000080009F96] -> 0x0215
[1173] [M]: 0x0000000080009F94 (0x02159593) slli a1, a1, 0x21
x11 <- 0x0000000200000000
mem[X,0x0000000080009F98] -> 0xC593
mem[X,0x0000000080009F9A] -> 0xFFF5
[1174] [M]: 0x0000000080009F98 (0xFFF5C593) xori a1, a1, -0x1
x11 <- 0xFFFFFFFDFFFFFFFF
mem[X,0x0000000080009F9C] -> 0x0113
mem[X,0x0000000080009F9E] -> 0x0000
[1175] [M]: 0x0000000080009F9C (0x00000113) addi sp, zero, 0x0
x2 <- 0x0000000000000000
mem[X,0x0000000080009FA0] -> 0x006F
mem[X,0x0000000080009FA2] -> 0x00C0
[1176] [M]: 0x0000000080009FA0 (0x00C0006F) jal zero, 0xc
mem[X,0x0000000080009FAC] -> 0x5CE3
mem[X,0x0000000080009FAE] -> 0xFEB5
[1177] [M]: 0x0000000080009FAC (0xFEB55CE3) bge a0, a1, -0x8
mem[X,0x0000000080009FA4] -> 0x0113
mem[X,0x0000000080009FA6] -> 0x0011
[1178] [M]: 0x0000000080009FA4 (0x00110113) addi sp, sp, 0x1
x2 <- 0x0000000000000001
mem[X,0x0000000080009FA8] -> 0x006F
mem[X,0x0000000080009FAA] -> 0x0180
[1179] [M]: 0x0000000080009FA8 (0x0180006F) jal zero, 0x18
mem[X,0x0000000080009FC0] -> 0xBC23
mem[X,0x0000000080009FC2] -> 0x2420
[1180] [M]: 0x0000000080009FC0 (0x2420BC23) sd sp, 0x258(ra)
mem[0x0000000080048428] <- 0x0000000000000001
mem[X,0x0000000080009FC4] -> 0x0513
mem[X,0x0000000080009FC6] -> 0x0010
[1181] [M]: 0x0000000080009FC4 (0x00100513) addi a0, zero, 0x1
x10 <- 0x0000000000000001
mem[X,0x0000000080009FC8] -> 0x0593
mem[X,0x0000000080009FCA] -> 0x0010
[1182] [M]: 0x0000000080009FC8 (0x00100593) addi a1, zero, 0x1
x11 <- 0x0000000000000001
mem[X,0x0000000080009FCC] -> 0x9593
mem[X,0x0000000080009FCE] -> 0x0225
[1183] [M]: 0x0000000080009FCC (0x02259593) slli a1, a1, 0x22
x11 <- 0x0000000400000000
mem[X,0x0000000080009FD0] -> 0xC593
mem[X,0x0000000080009FD2] -> 0xFFF5
[1184] [M]: 0x0000000080009FD0 (0xFFF5C593) xori a1, a1, -0x1
x11 <- 0xFFFFFFFBFFFFFFFF
mem[X,0x0000000080009FD4] -> 0x0113
mem[X,0x0000000080009FD6] -> 0x0000
[1185] [M]: 0x0000000080009FD4 (0x00000113) addi sp, zero, 0x0
x2 <- 0x0000000000000000
mem[X,0x0000000080009FD8] -> 0x006F
mem[X,0x0000000080009FDA] -> 0x00C0
[1186] [M]: 0x0000000080009FD8 (0x00C0006F) jal zero, 0xc
mem[X,0x0000000080009FE4] -> 0x5663
mem[X,0x0000000080009FE6] -> 0x00B5
[1187] [M]: 0x0000000080009FE4 (0x00B55663) bge a0, a1, 0xc
mem[X,0x0000000080009FF0] -> 0x0113
mem[X,0x0000000080009FF2] -> 0x0031
[1188] [M]: 0x0000000080009FF0 (0x00310113) addi sp, sp, 0x3
x2 <- 0x0000000000000003
mem[X,0x0000000080009FF4] -> 0x006F
mem[X,0x0000000080009FF6] -> 0x0040
[1189] [M]: 0x0000000080009FF4 (0x0040006F) jal zero, 0x4
mem[X,0x0000000080009FF8] -> 0xB023
mem[X,0x0000000080009FFA] -> 0x2620
[1190] [M]: 0x0000000080009FF8 (0x2620B023) sd sp, 0x260(ra)
mem[0x0000000080048430] <- 0x0000000000000003
mem[X,0x0000000080009FFC] -> 0x0513
mem[X,0x0000000080009FFE] -> 0x0010
[1191] [M]: 0x0000000080009FFC (0x00100513) addi a0, zero, 0x1
x10 <- 0x0000000000000001
mem[X,0x000000008000A000] -> 0x1513
mem[X,0x000000008000A002] -> 0x0135
[1192] [M]: 0x000000008000A000 (0x01351513) slli a0, a0, 0x13
x10 <- 0x0000000000080000
mem[X,0x000000008000A004] -> 0x4513
mem[X,0x000000008000A006] -> 0xFFF5
[1193] [M]: 0x000000008000A004 (0xFFF54513) xori a0, a0, -0x1
x10 <- 0xFFFFFFFFFFF7FFFF
mem[X,0x000000008000A008] -> 0x0593
mem[X,0x000000008000A00A] -> 0x0010
[1194] [M]: 0x000000008000A008 (0x00100593) addi a1, zero, 0x1
x11 <- 0x0000000000000001
mem[X,0x000000008000A00C] -> 0x9593
mem[X,0x000000008000A00E] -> 0x0235
[1195] [M]: 0x000000008000A00C (0x02359593) slli a1, a1, 0x23
x11 <- 0x0000000800000000
mem[X,0x000000008000A010] -> 0xC593
mem[X,0x000000008000A012] -> 0xFFF5
[1196] [M]: 0x000000008000A010 (0xFFF5C593) xori a1, a1, -0x1
x11 <- 0xFFFFFFF7FFFFFFFF
mem[X,0x000000008000A014] -> 0x0113
mem[X,0x000000008000A016] -> 0x0000
[1197] [M]: 0x000000008000A014 (0x00000113) addi sp, zero, 0x0
x2 <- 0x0000000000000000
mem[X,0x000000008000A018] -> 0x006F
mem[X,0x000000008000A01A] -> 0x00C0
[1198] [M]: 0x000000008000A018 (0x00C0006F) jal zero, 0xc
mem[X,0x000000008000A024] -> 0x5663
mem[X,0x000000008000A026] -> 0x00B5
[1199] [M]: 0x000000008000A024 (0x00B55663) bge a0, a1, 0xc
clint::tick mtime <- 0x000000000000000C
 clint timer pending at mtime 0x000000000000000C
htif::tick 0x0000000000000000
mem[X,0x000000008000A030] -> 0x0113
mem[X,0x000000008000A032] -> 0x0031
[1200] [M]: 0x000000008000A030 (0x00310113) addi sp, sp, 0x3
x2 <- 0x0000000000000003
mem[X,0x000000008000A034] -> 0x006F
mem[X,0x000000008000A036] -> 0x0040
[1201] [M]: 0x000000008000A034 (0x0040006F) jal zero, 0x4
mem[X,0x000000008000A038] -> 0xB423
mem[X,0x000000008000A03A] -> 0x2620
[1202] [M]: 0x000000008000A038 (0x2620B423) sd sp, 0x268(ra)
mem[0x0000000080048438] <- 0x0000000000000003
mem[X,0x000000008000A03C] -> 0xB537
mem[X,0x000000008000A03E] -> 0xAAAA
[1203] [M]: 0x000000008000A03C (0xAAAAB537) lui a0, -0x55555
x10 <- 0xFFFFFFFFAAAAB000
mem[X,0x000000008000A040] -> 0x0513
mem[X,0x000000008000A042] -> 0xAAA5
[1204] [M]: 0x000000008000A040 (0xAAA50513) addi a0, a0, -0x556
x10 <- 0xFFFFFFFFAAAAAAAA
mem[X,0x000000008000A044] -> 0x1513
mem[X,0x000000008000A046] -> 0x00B5
[1205] [M]: 0x000000008000A044 (0x00B51513) slli a0, a0, 0xb
x10 <- 0xFFFFFD5555555000
mem[X,0x000000008000A048] -> 0x0513
mem[X,0x000000008000A04A] -> 0x5555
[1206] [M]: 0x000000008000A048 (0x55550513) addi a0, a0, 0x555
x10 <- 0xFFFFFD5555555555
mem[X,0x000000008000A04C] -> 0x1513
mem[X,0x000000008000A04E] -> 0x00B5
[1207] [M]: 0x000000008000A04C (0x00B51513) slli a0, a0, 0xb
x10 <- 0xFFEAAAAAAAAAA800
mem[X,0x000000008000A050] -> 0x0513
mem[X,0x000000008000A052] -> 0x2AA5
[1208] [M]: 0x000000008000A050 (0x2AA50513) addi a0, a0, 0x2aa
x10 <- 0xFFEAAAAAAAAAAAAA
mem[X,0x000000008000A054] -> 0x1513
mem[X,0x000000008000A056] -> 0x00A5
[1209] [M]: 0x000000008000A054 (0x00A51513) slli a0, a0, 0xa
x10 <- 0xAAAAAAAAAAAAA800
mem[X,0x000000008000A058] -> 0x0513
mem[X,0x000000008000A05A] -> 0x2AA5
[1210] [M]: 0x000000008000A058 (0x2AA50513) addi a0, a0, 0x2aa
x10 <- 0xAAAAAAAAAAAAAAAA
mem[X,0x000000008000A05C] -> 0x0593
mem[X,0x000000008000A05E] -> 0x0010
[1211] [M]: 0x000000008000A05C (0x00100593) addi a1, zero, 0x1
x11 <- 0x0000000000000001
mem[X,0x000000008000A060] -> 0x9593
mem[X,0x000000008000A062] -> 0x0245
[1212] [M]: 0x000000008000A060 (0x02459593) slli a1, a1, 0x24
x11 <- 0x0000001000000000
mem[X,0x000000008000A064] -> 0xC593
mem[X,0x000000008000A066] -> 0xFFF5
[1213] [M]: 0x000000008000A064 (0xFFF5C593) xori a1, a1, -0x1
x11 <- 0xFFFFFFEFFFFFFFFF
mem[X,0x000000008000A068] -> 0x0113
mem[X,0x000000008000A06A] -> 0x0000
[1214] [M]: 0x000000008000A068 (0x00000113) addi sp, zero, 0x0
x2 <- 0x0000000000000000
mem[X,0x000000008000A06C] -> 0x006F
mem[X,0x000000008000A06E] -> 0x00C0
[1215] [M]: 0x000000008000A06C (0x00C0006F) jal zero, 0xc
mem[X,0x000000008000A078] -> 0x5663
mem[X,0x000000008000A07A] -> 0x00B5
[1216] [M]: 0x000000008000A078 (0x00B55663) bge a0, a1, 0xc
mem[X,0x000000008000A07C] -> 0x0113
mem[X,0x000000008000A07E] -> 0x0021
[1217] [M]: 0x000000008000A07C (0x00210113) addi sp, sp, 0x2
x2 <- 0x0000000000000002
mem[X,0x000000008000A080] -> 0x006F
mem[X,0x000000008000A082] -> 0x00C0
[1218] [M]: 0x000000008000A080 (0x00C0006F) jal zero, 0xc
mem[X,0x000000008000A08C] -> 0xB823
mem[X,0x000000008000A08E] -> 0x2620
[1219] [M]: 0x000000008000A08C (0x2620B823) sd sp, 0x270(ra)
mem[0x0000000080048440] <- 0x0000000000000002
mem[X,0x000000008000A090] -> 0x0513
mem[X,0x000000008000A092] -> 0x0010
[1220] [M]: 0x000000008000A090 (0x00100513) addi a0, zero, 0x1
x10 <- 0x0000000000000001
mem[X,0x000000008000A094] -> 0x1513
mem[X,0x000000008000A096] -> 0x0205
[1221] [M]: 0x000000008000A094 (0x02051513) slli a0, a0, 0x20
x10 <- 0x0000000100000000
mem[X,0x000000008000A098] -> 0x0593
mem[X,0x000000008000A09A] -> 0x0010
[1222] [M]: 0x000000008000A098 (0x00100593) addi a1, zero, 0x1
x11 <- 0x0000000000000001
mem[X,0x000000008000A09C] -> 0x9593
mem[X,0x000000008000A09E] -> 0x0255
[1223] [M]: 0x000000008000A09C (0x02559593) slli a1, a1, 0x25
x11 <- 0x0000002000000000
mem[X,0x000000008000A0A0] -> 0xC593
mem[X,0x000000008000A0A2] -> 0xFFF5
[1224] [M]: 0x000000008000A0A0 (0xFFF5C593) xori a1, a1, -0x1
x11 <- 0xFFFFFFDFFFFFFFFF
mem[X,0x000000008000A0A4] -> 0x0113
mem[X,0x000000008000A0A6] -> 0x0000
[1225] [M]: 0x000000008000A0A4 (0x00000113) addi sp, zero, 0x0
x2 <- 0x0000000000000000
mem[X,0x000000008000A0A8] -> 0x006F
mem[X,0x000000008000A0AA] -> 0x00C0
[1226] [M]: 0x000000008000A0A8 (0x00C0006F) jal zero, 0xc
mem[X,0x000000008000A0B4] -> 0x5663
mem[X,0x000000008000A0B6] -> 0x00B5
[1227] [M]: 0x000000008000A0B4 (0x00B55663) bge a0, a1, 0xc
mem[X,0x000000008000A0C0] -> 0x0113
mem[X,0x000000008000A0C2] -> 0x0031
[1228] [M]: 0x000000008000A0C0 (0x00310113) addi sp, sp, 0x3
x2 <- 0x0000000000000003
mem[X,0x000000008000A0C4] -> 0x006F
mem[X,0x000000008000A0C6] -> 0x0040
[1229] [M]: 0x000000008000A0C4 (0x0040006F) jal zero, 0x4
mem[X,0x000000008000A0C8] -> 0xBC23
mem[X,0x000000008000A0CA] -> 0x2620
[1230] [M]: 0x000000008000A0C8 (0x2620BC23) sd sp, 0x278(ra)
mem[0x0000000080048448] <- 0x0000000000000003
mem[X,0x000000008000A0CC] -> 0x0513
mem[X,0x000000008000A0CE] -> 0xF7F0
[1231] [M]: 0x000000008000A0CC (0xF7F00513) addi a0, zero, -0x81
x10 <- 0xFFFFFFFFFFFFFF7F
mem[X,0x000000008000A0D0] -> 0x0593
mem[X,0x000000008000A0D2] -> 0x0010
[1232] [M]: 0x000000008000A0D0 (0x00100593) addi a1, zero, 0x1
x11 <- 0x0000000000000001
mem[X,0x000000008000A0D4] -> 0x9593
mem[X,0x000000008000A0D6] -> 0x0265
[1233] [M]: 0x000000008000A0D4 (0x02659593) slli a1, a1, 0x26
x11 <- 0x0000004000000000
mem[X,0x000000008000A0D8] -> 0xC593
mem[X,0x000000008000A0DA] -> 0xFFF5
[1234] [M]: 0x000000008000A0D8 (0xFFF5C593) xori a1, a1, -0x1
x11 <- 0xFFFFFFBFFFFFFFFF
mem[X,0x000000008000A0DC] -> 0x0113
mem[X,0x000000008000A0DE] -> 0x0000
[1235] [M]: 0x000000008000A0DC (0x00000113) addi sp, zero, 0x0
x2 <- 0x0000000000000000
mem[X,0x000000008000A0E0] -> 0x006F
mem[X,0x000000008000A0E2] -> 0x2B10
[1236] [M]: 0x000000008000A0E0 (0x2B10006F) jal zero, 0xab0
mem[X,0x000000008000AB90] -> 0x5A63
mem[X,0x000000008000AB92] -> 0xD4B5
[1237] [M]: 0x000000008000AB90 (0xD4B55A63) bge a0, a1, -0xaac
mem[X,0x000000008000A0E4] -> 0x0113
mem[X,0x000000008000A0E6] -> 0x0011
[1238] [M]: 0x000000008000A0E4 (0x00110113) addi sp, sp, 0x1
x2 <- 0x0000000000000001
mem[X,0x000000008000A0E8] -> 0x006F
mem[X,0x000000008000A0EA] -> 0x2BD0
[1239] [M]: 0x000000008000A0E8 (0x2BD0006F) jal zero, 0xabc
mem[X,0x000000008000ABA4] -> 0xB023
mem[X,0x000000008000ABA6] -> 0x2820
[1240] [M]: 0x000000008000ABA4 (0x2820B023) sd sp, 0x280(ra)
mem[0x0000000080048450] <- 0x0000000000000001
mem[X,0x000000008000ABA8] -> 0x5537
mem[X,0x000000008000ABAA] -> 0x5555
[1241] [M]: 0x000000008000ABA8 (0x55555537) lui a0, 0x55555
x10 <- 0x0000000055555000
mem[X,0x000000008000ABAC] -> 0x0513
mem[X,0x000000008000ABAE] -> 0x5555
[1242] [M]: 0x000000008000ABAC (0x55550513) addi a0, a0, 0x555
x10 <- 0x0000000055555555
mem[X,0x000000008000ABB0] -> 0x1513
mem[X,0x000000008000ABB2] -> 0x00B5
[1243] [M]: 0x000000008000ABB0 (0x00B51513) slli a0, a0, 0xb
x10 <- 0x000002AAAAAAA800
mem[X,0x000000008000ABB4] -> 0x0513
mem[X,0x000000008000ABB6] -> 0x2AA5
[1244] [M]: 0x000000008000ABB4 (0x2AA50513) addi a0, a0, 0x2aa
x10 <- 0x000002AAAAAAAAAA
mem[X,0x000000008000ABB8] -> 0x1513
mem[X,0x000000008000ABBA] -> 0x00B5
[1245] [M]: 0x000000008000ABB8 (0x00B51513) slli a0, a0, 0xb
x10 <- 0x0015555555555000
mem[X,0x000000008000ABBC] -> 0x0513
mem[X,0x000000008000ABBE] -> 0x5555
[1246] [M]: 0x000000008000ABBC (0x55550513) addi a0, a0, 0x555
x10 <- 0x0015555555555555
mem[X,0x000000008000ABC0] -> 0x1513
mem[X,0x000000008000ABC2] -> 0x00A5
[1247] [M]: 0x000000008000ABC0 (0x00A51513) slli a0, a0, 0xa
x10 <- 0x5555555555555400
mem[X,0x000000008000ABC4] -> 0x0513
mem[X,0x000000008000ABC6] -> 0x1555
[1248] [M]: 0x000000008000ABC4 (0x15550513) addi a0, a0, 0x155
x10 <- 0x5555555555555555
mem[X,0x000000008000ABC8] -> 0x0593
mem[X,0x000000008000ABCA] -> 0x0010
[1249] [M]: 0x000000008000ABC8 (0x00100593) addi a1, zero, 0x1
x11 <- 0x0000000000000001
mem[X,0x000000008000ABCC] -> 0x9593
mem[X,0x000000008000ABCE] -> 0x0275
[1250] [M]: 0x000000008000ABCC (0x02759593) slli a1, a1, 0x27
x11 <- 0x0000008000000000
mem[X,0x000000008000ABD0] -> 0xC593
mem[X,0x000000008000ABD2] -> 0xFFF5
[1251] [M]: 0x000000008000ABD0 (0xFFF5C593) xori a1, a1, -0x1
x11 <- 0xFFFFFF7FFFFFFFFF
mem[X,0x000000008000ABD4] -> 0x0113
mem[X,0x000000008000ABD6] -> 0x0000
[1252] [M]: 0x000000008000ABD4 (0x00000113) addi sp, zero, 0x0
x2 <- 0x0000000000000000
mem[X,0x000000008000ABD8] -> 0x006F
mem[X,0x000000008000ABDA] -> 0x00C0
[1253] [M]: 0x000000008000ABD8 (0x00C0006F) jal zero, 0xc
mem[X,0x000000008000ABE4] -> 0x5CE3
mem[X,0x000000008000ABE6] -> 0xFEB5
[1254] [M]: 0x000000008000ABE4 (0xFEB55CE3) bge a0, a1, -0x8
mem[X,0x000000008000ABDC] -> 0x0113
mem[X,0x000000008000ABDE] -> 0x0011
[1255] [M]: 0x000000008000ABDC (0x00110113) addi sp, sp, 0x1
x2 <- 0x0000000000000001
mem[X,0x000000008000ABE0] -> 0x006F
mem[X,0x000000008000ABE2] -> 0x0180
[1256] [M]: 0x000000008000ABE0 (0x0180006F) jal zero, 0x18
mem[X,0x000000008000ABF8] -> 0xB423
mem[X,0x000000008000ABFA] -> 0x2820
[1257] [M]: 0x000000008000ABF8 (0x2820B423) sd sp, 0x288(ra)
mem[0x0000000080048458] <- 0x0000000000000001
mem[X,0x000000008000ABFC] -> 0x0513
mem[X,0x000000008000ABFE] -> 0x0010
[1258] [M]: 0x000000008000ABFC (0x00100513) addi a0, zero, 0x1
x10 <- 0x0000000000000001
mem[X,0x000000008000AC00] -> 0x1513
mem[X,0x000000008000AC02] -> 0x0145
[1259] [M]: 0x000000008000AC00 (0x01451513) slli a0, a0, 0x14
x10 <- 0x0000000000100000
mem[X,0x000000008000AC04] -> 0x4513
mem[X,0x000000008000AC06] -> 0xFFF5
[1260] [M]: 0x000000008000AC04 (0xFFF54513) xori a0, a0, -0x1
x10 <- 0xFFFFFFFFFFEFFFFF
mem[X,0x000000008000AC08] -> 0x0593
mem[X,0x000000008000AC0A] -> 0x0010
[1261] [M]: 0x000000008000AC08 (0x00100593) addi a1, zero, 0x1
x11 <- 0x0000000000000001
mem[X,0x000000008000AC0C] -> 0x9593
mem[X,0x000000008000AC0E] -> 0x0285
[1262] [M]: 0x000000008000AC0C (0x02859593) slli a1, a1, 0x28
x11 <- 0x0000010000000000
mem[X,0x000000008000AC10] -> 0xC593
mem[X,0x000000008000AC12] -> 0xFFF5
[1263] [M]: 0x000000008000AC10 (0xFFF5C593) xori a1, a1, -0x1
x11 <- 0xFFFFFEFFFFFFFFFF
mem[X,0x000000008000AC14] -> 0x0113
mem[X,0x000000008000AC16] -> 0x0000
[1264] [M]: 0x000000008000AC14 (0x00000113) addi sp, zero, 0x0
x2 <- 0x0000000000000000
mem[X,0x000000008000AC18] -> 0x006F
mem[X,0x000000008000AC1A] -> 0x00C0
[1265] [M]: 0x000000008000AC18 (0x00C0006F) jal zero, 0xc
mem[X,0x000000008000AC24] -> 0x5663
mem[X,0x000000008000AC26] -> 0x00B5
[1266] [M]: 0x000000008000AC24 (0x00B55663) bge a0, a1, 0xc
mem[X,0x000000008000AC30] -> 0x0113
mem[X,0x000000008000AC32] -> 0x0031
[1267] [M]: 0x000000008000AC30 (0x00310113) addi sp, sp, 0x3
x2 <- 0x0000000000000003
mem[X,0x000000008000AC34] -> 0x006F
mem[X,0x000000008000AC36] -> 0x0040
[1268] [M]: 0x000000008000AC34 (0x0040006F) jal zero, 0x4
mem[X,0x000000008000AC38] -> 0xB823
mem[X,0x000000008000AC3A] -> 0x2820
[1269] [M]: 0x000000008000AC38 (0x2820B823) sd sp, 0x290(ra)
mem[0x0000000080048460] <- 0x0000000000000003
mem[X,0x000000008000AC3C] -> 0x0513
mem[X,0x000000008000AC3E] -> 0x0010
[1270] [M]: 0x000000008000AC3C (0x00100513) addi a0, zero, 0x1
x10 <- 0x0000000000000001
mem[X,0x000000008000AC40] -> 0x1513
mem[X,0x000000008000AC42] -> 0x02F5
[1271] [M]: 0x000000008000AC40 (0x02F51513) slli a0, a0, 0x2f
x10 <- 0x0000800000000000
mem[X,0x000000008000AC44] -> 0x0593
mem[X,0x000000008000AC46] -> 0x0010
[1272] [M]: 0x000000008000AC44 (0x00100593) addi a1, zero, 0x1
x11 <- 0x0000000000000001
mem[X,0x000000008000AC48] -> 0x9593
mem[X,0x000000008000AC4A] -> 0x0295
[1273] [M]: 0x000000008000AC48 (0x02959593) slli a1, a1, 0x29
x11 <- 0x0000020000000000
mem[X,0x000000008000AC4C] -> 0xC593
mem[X,0x000000008000AC4E] -> 0xFFF5
[1274] [M]: 0x000000008000AC4C (0xFFF5C593) xori a1, a1, -0x1
x11 <- 0xFFFFFDFFFFFFFFFF
mem[X,0x000000008000AC50] -> 0x0113
mem[X,0x000000008000AC52] -> 0x0000
[1275] [M]: 0x000000008000AC50 (0x00000113) addi sp, zero, 0x0
x2 <- 0x0000000000000000
mem[X,0x000000008000AC54] -> 0x006F
mem[X,0x000000008000AC56] -> 0x00C0
[1276] [M]: 0x000000008000AC54 (0x00C0006F) jal zero, 0xc
mem[X,0x000000008000AC60] -> 0x5CE3
mem[X,0x000000008000AC62] -> 0xFEB5
[1277] [M]: 0x000000008000AC60 (0xFEB55CE3) bge a0, a1, -0x8
mem[X,0x000000008000AC58] -> 0x0113
mem[X,0x000000008000AC5A] -> 0x0011
[1278] [M]: 0x000000008000AC58 (0x00110113) addi sp, sp, 0x1
x2 <- 0x0000000000000001
mem[X,0x000000008000AC5C] -> 0x006F
mem[X,0x000000008000AC5E] -> 0x0180
[1279] [M]: 0x000000008000AC5C (0x0180006F) jal zero, 0x18
mem[X,0x000000008000AC74] -> 0xBC23
mem[X,0x000000008000AC76] -> 0x2820
[1280] [M]: 0x000000008000AC74 (0x2820BC23) sd sp, 0x298(ra)
mem[0x0000000080048468] <- 0x0000000000000001
mem[X,0x000000008000AC78] -> 0x0513
mem[X,0x000000008000AC7A] -> 0x0010
[1281] [M]: 0x000000008000AC78 (0x00100513) addi a0, zero, 0x1
x10 <- 0x0000000000000001
mem[X,0x000000008000AC7C] -> 0x1513
mem[X,0x000000008000AC7E] -> 0x0265
[1282] [M]: 0x000000008000AC7C (0x02651513) slli a0, a0, 0x26
x10 <- 0x0000004000000000
mem[X,0x000000008000AC80] -> 0x4513
mem[X,0x000000008000AC82] -> 0xFFF5
[1283] [M]: 0x000000008000AC80 (0xFFF54513) xori a0, a0, -0x1
x10 <- 0xFFFFFFBFFFFFFFFF
mem[X,0x000000008000AC84] -> 0x0593
mem[X,0x000000008000AC86] -> 0x0010
[1284] [M]: 0x000000008000AC84 (0x00100593) addi a1, zero, 0x1
x11 <- 0x0000000000000001
mem[X,0x000000008000AC88] -> 0x9593
mem[X,0x000000008000AC8A] -> 0x02A5
[1285] [M]: 0x000000008000AC88 (0x02A59593) slli a1, a1, 0x2a
x11 <- 0x0000040000000000
mem[X,0x000000008000AC8C] -> 0xC593
mem[X,0x000000008000AC8E] -> 0xFFF5
[1286] [M]: 0x000000008000AC8C (0xFFF5C593) xori a1, a1, -0x1
x11 <- 0xFFFFFBFFFFFFFFFF
mem[X,0x000000008000AC90] -> 0x0113
mem[X,0x000000008000AC92] -> 0x0000
[1287] [M]: 0x000000008000AC90 (0x00000113) addi sp, zero, 0x0
x2 <- 0x0000000000000000
mem[X,0x000000008000AC94] -> 0x006F
mem[X,0x000000008000AC96] -> 0x00C0
[1288] [M]: 0x000000008000AC94 (0x00C0006F) jal zero, 0xc
mem[X,0x000000008000ACA0] -> 0x5063
mem[X,0x000000008000ACA2] -> 0x04B5
[1289] [M]: 0x000000008000ACA0 (0x04B55063) bge a0, a1, 0x40
mem[X,0x000000008000ACE0] -> 0x0113
mem[X,0x000000008000ACE2] -> 0x0031
[1290] [M]: 0x000000008000ACE0 (0x00310113) addi sp, sp, 0x3
x2 <- 0x0000000000000003
mem[X,0x000000008000ACE4] -> 0x006F
mem[X,0x000000008000ACE6] -> 0x0040
[1291] [M]: 0x000000008000ACE4 (0x0040006F) jal zero, 0x4
mem[X,0x000000008000ACE8] -> 0xB023
mem[X,0x000000008000ACEA] -> 0x2A20
[1292] [M]: 0x000000008000ACE8 (0x2A20B023) sd sp, 0x2a0(ra)
mem[0x0000000080048470] <- 0x0000000000000003
mem[X,0x000000008000ACEC] -> 0x0513
mem[X,0x000000008000ACEE] -> 0x0010
[1293] [M]: 0x000000008000ACEC (0x00100513) addi a0, zero, 0x1
x10 <- 0x0000000000000001
mem[X,0x000000008000ACF0] -> 0x1513
mem[X,0x000000008000ACF2] -> 0x0175
[1294] [M]: 0x000000008000ACF0 (0x01751513) slli a0, a0, 0x17
x10 <- 0x0000000000800000
mem[X,0x000000008000ACF4] -> 0x4513
mem[X,0x000000008000ACF6] -> 0xFFF5
[1295] [M]: 0x000000008000ACF4 (0xFFF54513) xori a0, a0, -0x1
x10 <- 0xFFFFFFFFFF7FFFFF
mem[X,0x000000008000ACF8] -> 0x0593
mem[X,0x000000008000ACFA] -> 0x0010
[1296] [M]: 0x000000008000ACF8 (0x00100593) addi a1, zero, 0x1
x11 <- 0x0000000000000001
mem[X,0x000000008000ACFC] -> 0x9593
mem[X,0x000000008000ACFE] -> 0x02B5
[1297] [M]: 0x000000008000ACFC (0x02B59593) slli a1, a1, 0x2b
x11 <- 0x0000080000000000
mem[X,0x000000008000AD00] -> 0xC593
mem[X,0x000000008000AD02] -> 0xFFF5
[1298] [M]: 0x000000008000AD00 (0xFFF5C593) xori a1, a1, -0x1
x11 <- 0xFFFFF7FFFFFFFFFF
mem[X,0x000000008000AD04] -> 0x0113
mem[X,0x000000008000AD06] -> 0x0000
[1299] [M]: 0x000000008000AD04 (0x00000113) addi sp, zero, 0x0
x2 <- 0x0000000000000000
clint::tick mtime <- 0x000000000000000D
 clint timer pending at mtime 0x000000000000000D
htif::tick 0x0000000000000000
mem[X,0x000000008000AD08] -> 0x006F
mem[X,0x000000008000AD0A] -> 0x00C0
[1300] [M]: 0x000000008000AD08 (0x00C0006F) jal zero, 0xc
mem[X,0x000000008000AD14] -> 0x5063
mem[X,0x000000008000AD16] -> 0x20B5
[1301] [M]: 0x000000008000AD14 (0x20B55063) bge a0, a1, 0x200
mem[X,0x000000008000AF14] -> 0x0113
mem[X,0x000000008000AF16] -> 0x0031
[1302] [M]: 0x000000008000AF14 (0x00310113) addi sp, sp, 0x3
x2 <- 0x0000000000000003
mem[X,0x000000008000AF18] -> 0x006F
mem[X,0x000000008000AF1A] -> 0x0040
[1303] [M]: 0x000000008000AF18 (0x0040006F) jal zero, 0x4
mem[X,0x000000008000AF1C] -> 0xB423
mem[X,0x000000008000AF1E] -> 0x2A20
[1304] [M]: 0x000000008000AF1C (0x2A20B423) sd sp, 0x2a8(ra)
mem[0x0000000080048478] <- 0x0000000000000003
mem[X,0x000000008000AF20] -> 0x0513
mem[X,0x000000008000AF22] -> 0x0010
[1305] [M]: 0x000000008000AF20 (0x00100513) addi a0, zero, 0x1
x10 <- 0x0000000000000001
mem[X,0x000000008000AF24] -> 0x1513
mem[X,0x000000008000AF26] -> 0x0355
[1306] [M]: 0x000000008000AF24 (0x03551513) slli a0, a0, 0x35
x10 <- 0x0020000000000000
mem[X,0x000000008000AF28] -> 0x4513
mem[X,0x000000008000AF2A] -> 0xFFF5
[1307] [M]: 0x000000008000AF28 (0xFFF54513) xori a0, a0, -0x1
x10 <- 0xFFDFFFFFFFFFFFFF
mem[X,0x000000008000AF2C] -> 0x0593
mem[X,0x000000008000AF2E] -> 0x0010
[1308] [M]: 0x000000008000AF2C (0x00100593) addi a1, zero, 0x1
x11 <- 0x0000000000000001
mem[X,0x000000008000AF30] -> 0x9593
mem[X,0x000000008000AF32] -> 0x02C5
[1309] [M]: 0x000000008000AF30 (0x02C59593) slli a1, a1, 0x2c
x11 <- 0x0000100000000000
mem[X,0x000000008000AF34] -> 0xC593
mem[X,0x000000008000AF36] -> 0xFFF5
[1310] [M]: 0x000000008000AF34 (0xFFF5C593) xori a1, a1, -0x1
x11 <- 0xFFFFEFFFFFFFFFFF
mem[X,0x000000008000AF38] -> 0x0113
mem[X,0x000000008000AF3A] -> 0x0000
[1311] [M]: 0x000000008000AF38 (0x00000113) addi sp, zero, 0x0
x2 <- 0x0000000000000000
mem[X,0x000000008000AF3C] -> 0x006F
mem[X,0x000000008000AF3E] -> 0x00C0
[1312] [M]: 0x000000008000AF3C (0x00C0006F) jal zero, 0xc
mem[X,0x000000008000AF48] -> 0x5663
mem[X,0x000000008000AF4A] -> 0x00B5
[1313] [M]: 0x000000008000AF48 (0x00B55663) bge a0, a1, 0xc
mem[X,0x000000008000AF4C] -> 0x0113
mem[X,0x000000008000AF4E] -> 0x0021
[1314] [M]: 0x000000008000AF4C (0x00210113) addi sp, sp, 0x2
x2 <- 0x0000000000000002
mem[X,0x000000008000AF50] -> 0x006F
mem[X,0x000000008000AF52] -> 0x00C0
[1315] [M]: 0x000000008000AF50 (0x00C0006F) jal zero, 0xc
mem[X,0x000000008000AF5C] -> 0xB823
mem[X,0x000000008000AF5E] -> 0x2A20
[1316] [M]: 0x000000008000AF5C (0x2A20B823) sd sp, 0x2b0(ra)
mem[0x0000000080048480] <- 0x0000000000000002
mem[X,0x000000008000AF60] -> 0x0537
mem[X,0x000000008000AF62] -> 0x0000
[1317] [M]: 0x000000008000AF60 (0x00000537) lui a0, 0x0
x10 <- 0x0000000000000000
mem[X,0x000000008000AF64] -> 0x0513
mem[X,0x000000008000AF66] -> 0xFFF5
[1318] [M]: 0x000000008000AF64 (0xFFF50513) addi a0, a0, -0x1
x10 <- 0xFFFFFFFFFFFFFFFF
mem[X,0x000000008000AF68] -> 0x1513
mem[X,0x000000008000AF6A] -> 0x00B5
[1319] [M]: 0x000000008000AF68 (0x00B51513) slli a0, a0, 0xb
x10 <- 0xFFFFFFFFFFFFF800
mem[X,0x000000008000AF6C] -> 0x0513
mem[X,0x000000008000AF6E] -> 0x2575
[1320] [M]: 0x000000008000AF6C (0x25750513) addi a0, a0, 0x257
x10 <- 0xFFFFFFFFFFFFFA57
mem[X,0x000000008000AF70] -> 0x1513
mem[X,0x000000008000AF72] -> 0x00B5
[1321] [M]: 0x000000008000AF70 (0x00B51513) slli a0, a0, 0xb
x10 <- 0xFFFFFFFFFFD2B800
mem[X,0x000000008000AF74] -> 0x0513
mem[X,0x000000008000AF76] -> 0x6C35
[1322] [M]: 0x000000008000AF74 (0x6C350513) addi a0, a0, 0x6c3
x10 <- 0xFFFFFFFFFFD2BEC3
mem[X,0x000000008000AF78] -> 0x1513
mem[X,0x000000008000AF7A] -> 0x00A5
[1323] [M]: 0x000000008000AF78 (0x00A51513) slli a0, a0, 0xa
x10 <- 0xFFFFFFFF4AFB0C00
mem[X,0x000000008000AF7C] -> 0x0513
mem[X,0x000000008000AF7E] -> 0x0CD5
[1324] [M]: 0x000000008000AF7C (0x0CD50513) addi a0, a0, 0xcd
x10 <- 0xFFFFFFFF4AFB0CCD
mem[X,0x000000008000AF80] -> 0x0593
mem[X,0x000000008000AF82] -> 0x0010
[1325] [M]: 0x000000008000AF80 (0x00100593) addi a1, zero, 0x1
x11 <- 0x0000000000000001
mem[X,0x000000008000AF84] -> 0x9593
mem[X,0x000000008000AF86] -> 0x02D5
[1326] [M]: 0x000000008000AF84 (0x02D59593) slli a1, a1, 0x2d
x11 <- 0x0000200000000000
mem[X,0x000000008000AF88] -> 0xC593
mem[X,0x000000008000AF8A] -> 0xFFF5
[1327] [M]: 0x000000008000AF88 (0xFFF5C593) xori a1, a1, -0x1
x11 <- 0xFFFFDFFFFFFFFFFF
mem[X,0x000000008000AF8C] -> 0x0113
mem[X,0x000000008000AF8E] -> 0x0000
[1328] [M]: 0x000000008000AF8C (0x00000113) addi sp, zero, 0x0
x2 <- 0x0000000000000000
mem[X,0x000000008000AF90] -> 0x006F
mem[X,0x000000008000AF92] -> 0x00C0
[1329] [M]: 0x000000008000AF90 (0x00C0006F) jal zero, 0xc
mem[X,0x000000008000AF9C] -> 0x5063
mem[X,0x000000008000AF9E] -> 0x10B5
[1330] [M]: 0x000000008000AF9C (0x10B55063) bge a0, a1, 0x100
mem[X,0x000000008000B09C] -> 0x0113
mem[X,0x000000008000B09E] -> 0x0031
[1331] [M]: 0x000000008000B09C (0x00310113) addi sp, sp, 0x3
x2 <- 0x0000000000000003
mem[X,0x000000008000B0A0] -> 0x006F
mem[X,0x000000008000B0A2] -> 0x0040
[1332] [M]: 0x000000008000B0A0 (0x0040006F) jal zero, 0x4
mem[X,0x000000008000B0A4] -> 0xBC23
mem[X,0x000000008000B0A6] -> 0x2A20
[1333] [M]: 0x000000008000B0A4 (0x2A20BC23) sd sp, 0x2b8(ra)
mem[0x0000000080048488] <- 0x0000000000000003
mem[X,0x000000008000B0A8] -> 0x0513
mem[X,0x000000008000B0AA] -> 0x0010
[1334] [M]: 0x000000008000B0A8 (0x00100513) addi a0, zero, 0x1
x10 <- 0x0000000000000001
mem[X,0x000000008000B0AC] -> 0x1513
mem[X,0x000000008000B0AE] -> 0x03B5
[1335] [M]: 0x000000008000B0AC (0x03B51513) slli a0, a0, 0x3b
x10 <- 0x0800000000000000
mem[X,0x000000008000B0B0] -> 0x4513
mem[X,0x000000008000B0B2] -> 0xFFF5
[1336] [M]: 0x000000008000B0B0 (0xFFF54513) xori a0, a0, -0x1
x10 <- 0xF7FFFFFFFFFFFFFF
mem[X,0x000000008000B0B4] -> 0x0593
mem[X,0x000000008000B0B6] -> 0x0010
[1337] [M]: 0x000000008000B0B4 (0x00100593) addi a1, zero, 0x1
x11 <- 0x0000000000000001
mem[X,0x000000008000B0B8] -> 0x9593
mem[X,0x000000008000B0BA] -> 0x02E5
[1338] [M]: 0x000000008000B0B8 (0x02E59593) slli a1, a1, 0x2e
x11 <- 0x0000400000000000
mem[X,0x000000008000B0BC] -> 0xC593
mem[X,0x000000008000B0BE] -> 0xFFF5
[1339] [M]: 0x000000008000B0BC (0xFFF5C593) xori a1, a1, -0x1
x11 <- 0xFFFFBFFFFFFFFFFF
mem[X,0x000000008000B0C0] -> 0x0113
mem[X,0x000000008000B0C2] -> 0x0000
[1340] [M]: 0x000000008000B0C0 (0x00000113) addi sp, zero, 0x0
x2 <- 0x0000000000000000
mem[X,0x000000008000B0C4] -> 0x006F
mem[X,0x000000008000B0C6] -> 0x00C0
[1341] [M]: 0x000000008000B0C4 (0x00C0006F) jal zero, 0xc
mem[X,0x000000008000B0D0] -> 0x5663
mem[X,0x000000008000B0D2] -> 0x00B5
[1342] [M]: 0x000000008000B0D0 (0x00B55663) bge a0, a1, 0xc
mem[X,0x000000008000B0D4] -> 0x0113
mem[X,0x000000008000B0D6] -> 0x0021
[1343] [M]: 0x000000008000B0D4 (0x00210113) addi sp, sp, 0x2
x2 <- 0x0000000000000002
mem[X,0x000000008000B0D8] -> 0x006F
mem[X,0x000000008000B0DA] -> 0x00C0
[1344] [M]: 0x000000008000B0D8 (0x00C0006F) jal zero, 0xc
mem[X,0x000000008000B0E4] -> 0xB023
mem[X,0x000000008000B0E6] -> 0x2C20
[1345] [M]: 0x000000008000B0E4 (0x2C20B023) sd sp, 0x2c0(ra)
mem[0x0000000080048490] <- 0x0000000000000002
mem[X,0x000000008000B0E8] -> 0x0513
mem[X,0x000000008000B0EA] -> 0x0010
[1346] [M]: 0x000000008000B0E8 (0x00100513) addi a0, zero, 0x1
x10 <- 0x0000000000000001
mem[X,0x000000008000B0EC] -> 0x1513
mem[X,0x000000008000B0EE] -> 0x0245
[1347] [M]: 0x000000008000B0EC (0x02451513) slli a0, a0, 0x24
x10 <- 0x0000001000000000
mem[X,0x000000008000B0F0] -> 0x4513
mem[X,0x000000008000B0F2] -> 0xFFF5
[1348] [M]: 0x000000008000B0F0 (0xFFF54513) xori a0, a0, -0x1
x10 <- 0xFFFFFFEFFFFFFFFF
mem[X,0x000000008000B0F4] -> 0x0593
mem[X,0x000000008000B0F6] -> 0x0010
[1349] [M]: 0x000000008000B0F4 (0x00100593) addi a1, zero, 0x1
x11 <- 0x0000000000000001
mem[X,0x000000008000B0F8] -> 0x9593
mem[X,0x000000008000B0FA] -> 0x02F5
[1350] [M]: 0x000000008000B0F8 (0x02F59593) slli a1, a1, 0x2f
x11 <- 0x0000800000000000
mem[X,0x000000008000B0FC] -> 0xC593
mem[X,0x000000008000B0FE] -> 0xFFF5
[1351] [M]: 0x000000008000B0FC (0xFFF5C593) xori a1, a1, -0x1
x11 <- 0xFFFF7FFFFFFFFFFF
mem[X,0x000000008000B100] -> 0x0113
mem[X,0x000000008000B102] -> 0x0000
[1352] [M]: 0x000000008000B100 (0x00000113) addi sp, zero, 0x0
x2 <- 0x0000000000000000
mem[X,0x000000008000B104] -> 0x006F
mem[X,0x000000008000B106] -> 0x00C0
[1353] [M]: 0x000000008000B104 (0x00C0006F) jal zero, 0xc
mem[X,0x000000008000B110] -> 0x5663
mem[X,0x000000008000B112] -> 0x00B5
[1354] [M]: 0x000000008000B110 (0x00B55663) bge a0, a1, 0xc
mem[X,0x000000008000B11C] -> 0x0113
mem[X,0x000000008000B11E] -> 0x0031
[1355] [M]: 0x000000008000B11C (0x00310113) addi sp, sp, 0x3
x2 <- 0x0000000000000003
mem[X,0x000000008000B120] -> 0x006F
mem[X,0x000000008000B122] -> 0x0040
[1356] [M]: 0x000000008000B120 (0x0040006F) jal zero, 0x4
mem[X,0x000000008000B124] -> 0xB423
mem[X,0x000000008000B126] -> 0x2C20
[1357] [M]: 0x000000008000B124 (0x2C20B423) sd sp, 0x2c8(ra)
mem[0x0000000080048498] <- 0x0000000000000003
mem[X,0x000000008000B128] -> 0x0537
mem[X,0x000000008000B12A] -> 0x0000
[1358] [M]: 0x000000008000B128 (0x00000537) lui a0, 0x0
x10 <- 0x0000000000000000
mem[X,0x000000008000B12C] -> 0x0513
mem[X,0x000000008000B12E] -> 0x0005
[1359] [M]: 0x000000008000B12C (0x00050513) addi a0, a0, 0x0
x10 <- 0x0000000000000000
mem[X,0x000000008000B130] -> 0x1513
mem[X,0x000000008000B132] -> 0x00B5
[1360] [M]: 0x000000008000B130 (0x00B51513) slli a0, a0, 0xb
x10 <- 0x0000000000000000
mem[X,0x000000008000B134] -> 0x0513
mem[X,0x000000008000B136] -> 0x5A85
[1361] [M]: 0x000000008000B134 (0x5A850513) addi a0, a0, 0x5a8
x10 <- 0x00000000000005A8
mem[X,0x000000008000B138] -> 0x1513
mem[X,0x000000008000B13A] -> 0x00B5
[1362] [M]: 0x000000008000B138 (0x00B51513) slli a0, a0, 0xb
x10 <- 0x00000000002D4000
mem[X,0x000000008000B13C] -> 0x0513
mem[X,0x000000008000B13E] -> 0x13C5
[1363] [M]: 0x000000008000B13C (0x13C50513) addi a0, a0, 0x13c
x10 <- 0x00000000002D413C
mem[X,0x000000008000B140] -> 0x1513
mem[X,0x000000008000B142] -> 0x00A5
[1364] [M]: 0x000000008000B140 (0x00A51513) slli a0, a0, 0xa
x10 <- 0x00000000B504F000
mem[X,0x000000008000B144] -> 0x0513
mem[X,0x000000008000B146] -> 0x3325
[1365] [M]: 0x000000008000B144 (0x33250513) addi a0, a0, 0x332
x10 <- 0x00000000B504F332
mem[X,0x000000008000B148] -> 0x0593
mem[X,0x000000008000B14A] -> 0x0010
[1366] [M]: 0x000000008000B148 (0x00100593) addi a1, zero, 0x1
x11 <- 0x0000000000000001
mem[X,0x000000008000B14C] -> 0x9593
mem[X,0x000000008000B14E] -> 0x0305
[1367] [M]: 0x000000008000B14C (0x03059593) slli a1, a1, 0x30
x11 <- 0x0001000000000000
mem[X,0x000000008000B150] -> 0xC593
mem[X,0x000000008000B152] -> 0xFFF5
[1368] [M]: 0x000000008000B150 (0xFFF5C593) xori a1, a1, -0x1
x11 <- 0xFFFEFFFFFFFFFFFF
mem[X,0x000000008000B154] -> 0x0113
mem[X,0x000000008000B156] -> 0x0000
[1369] [M]: 0x000000008000B154 (0x00000113) addi sp, zero, 0x0
x2 <- 0x0000000000000000
mem[X,0x000000008000B158] -> 0x006F
mem[X,0x000000008000B15A] -> 0x00C0
[1370] [M]: 0x000000008000B158 (0x00C0006F) jal zero, 0xc
mem[X,0x000000008000B164] -> 0x5663
mem[X,0x000000008000B166] -> 0x00B5
[1371] [M]: 0x000000008000B164 (0x00B55663) bge a0, a1, 0xc
mem[X,0x000000008000B170] -> 0x0113
mem[X,0x000000008000B172] -> 0x0031
[1372] [M]: 0x000000008000B170 (0x00310113) addi sp, sp, 0x3
x2 <- 0x0000000000000003
mem[X,0x000000008000B174] -> 0x006F
mem[X,0x000000008000B176] -> 0x0040
[1373] [M]: 0x000000008000B174 (0x0040006F) jal zero, 0x4
mem[X,0x000000008000B178] -> 0xB823
mem[X,0x000000008000B17A] -> 0x2C20
[1374] [M]: 0x000000008000B178 (0x2C20B823) sd sp, 0x2d0(ra)
mem[0x00000000800484A0] <- 0x0000000000000003
mem[X,0x000000008000B17C] -> 0x0513
mem[X,0x000000008000B17E] -> 0x0000
[1375] [M]: 0x000000008000B17C (0x00000513) addi a0, zero, 0x0
x10 <- 0x0000000000000000
mem[X,0x000000008000B180] -> 0x0593
mem[X,0x000000008000B182] -> 0x0010
[1376] [M]: 0x000000008000B180 (0x00100593) addi a1, zero, 0x1
x11 <- 0x0000000000000001
mem[X,0x000000008000B184] -> 0x9593
mem[X,0x000000008000B186] -> 0x0315
[1377] [M]: 0x000000008000B184 (0x03159593) slli a1, a1, 0x31
x11 <- 0x0002000000000000
mem[X,0x000000008000B188] -> 0xC593
mem[X,0x000000008000B18A] -> 0xFFF5
[1378] [M]: 0x000000008000B188 (0xFFF5C593) xori a1, a1, -0x1
x11 <- 0xFFFDFFFFFFFFFFFF
mem[X,0x000000008000B18C] -> 0x0113
mem[X,0x000000008000B18E] -> 0x0000
[1379] [M]: 0x000000008000B18C (0x00000113) addi sp, zero, 0x0
x2 <- 0x0000000000000000
mem[X,0x000000008000B190] -> 0x006F
mem[X,0x000000008000B192] -> 0x0140
[1380] [M]: 0x000000008000B190 (0x0140006F) jal zero, 0x14
mem[X,0x000000008000B1A4] -> 0x58E3
mem[X,0x000000008000B1A6] -> 0xFEB5
[1381] [M]: 0x000000008000B1A4 (0xFEB558E3) bge a0, a1, -0x10
mem[X,0x000000008000B194] -> 0x0113
mem[X,0x000000008000B196] -> 0x0011
[1382] [M]: 0x000000008000B194 (0x00110113) addi sp, sp, 0x1
x2 <- 0x0000000000000001
mem[X,0x000000008000B198] -> 0x006F
mem[X,0x000000008000B19A] -> 0x0200
[1383] [M]: 0x000000008000B198 (0x0200006F) jal zero, 0x20
mem[X,0x000000008000B1B8] -> 0xBC23
mem[X,0x000000008000B1BA] -> 0x2C20
[1384] [M]: 0x000000008000B1B8 (0x2C20BC23) sd sp, 0x2d8(ra)
mem[0x00000000800484A8] <- 0x0000000000000001
mem[X,0x000000008000B1BC] -> 0x0513
mem[X,0x000000008000B1BE] -> 0xFF80
[1385] [M]: 0x000000008000B1BC (0xFF800513) addi a0, zero, -0x8
x10 <- 0xFFFFFFFFFFFFFFF8
mem[X,0x000000008000B1C0] -> 0x0593
mem[X,0x000000008000B1C2] -> 0x0010
[1386] [M]: 0x000000008000B1C0 (0x00100593) addi a1, zero, 0x1
x11 <- 0x0000000000000001
mem[X,0x000000008000B1C4] -> 0x9593
mem[X,0x000000008000B1C6] -> 0x0325
[1387] [M]: 0x000000008000B1C4 (0x03259593) slli a1, a1, 0x32
x11 <- 0x0004000000000000
mem[X,0x000000008000B1C8] -> 0xC593
mem[X,0x000000008000B1CA] -> 0xFFF5
[1388] [M]: 0x000000008000B1C8 (0xFFF5C593) xori a1, a1, -0x1
x11 <- 0xFFFBFFFFFFFFFFFF
mem[X,0x000000008000B1CC] -> 0x0113
mem[X,0x000000008000B1CE] -> 0x0000
[1389] [M]: 0x000000008000B1CC (0x00000113) addi sp, zero, 0x0
x2 <- 0x0000000000000000
mem[X,0x000000008000B1D0] -> 0x006F
mem[X,0x000000008000B1D2] -> 0x00C0
[1390] [M]: 0x000000008000B1D0 (0x00C0006F) jal zero, 0xc
mem[X,0x000000008000B1DC] -> 0x5CE3
mem[X,0x000000008000B1DE] -> 0xFEB5
[1391] [M]: 0x000000008000B1DC (0xFEB55CE3) bge a0, a1, -0x8
mem[X,0x000000008000B1D4] -> 0x0113
mem[X,0x000000008000B1D6] -> 0x0011
[1392] [M]: 0x000000008000B1D4 (0x00110113) addi sp, sp, 0x1
x2 <- 0x0000000000000001
mem[X,0x000000008000B1D8] -> 0x006F
mem[X,0x000000008000B1DA] -> 0x0180
[1393] [M]: 0x000000008000B1D8 (0x0180006F) jal zero, 0x18
mem[X,0x000000008000B1F0] -> 0xB023
mem[X,0x000000008000B1F2] -> 0x2E20
[1394] [M]: 0x000000008000B1F0 (0x2E20B023) sd sp, 0x2e0(ra)
mem[0x00000000800484B0] <- 0x0000000000000001
mem[X,0x000000008000B1F4] -> 0x0513
mem[X,0x000000008000B1F6] -> 0xFFD0
[1395] [M]: 0x000000008000B1F4 (0xFFD00513) addi a0, zero, -0x3
x10 <- 0xFFFFFFFFFFFFFFFD
mem[X,0x000000008000B1F8] -> 0x0593
mem[X,0x000000008000B1FA] -> 0x0010
[1396] [M]: 0x000000008000B1F8 (0x00100593) addi a1, zero, 0x1
x11 <- 0x0000000000000001
mem[X,0x000000008000B1FC] -> 0x9593
mem[X,0x000000008000B1FE] -> 0x0335
[1397] [M]: 0x000000008000B1FC (0x03359593) slli a1, a1, 0x33
x11 <- 0x0008000000000000
mem[X,0x000000008000B200] -> 0xC593
mem[X,0x000000008000B202] -> 0xFFF5
[1398] [M]: 0x000000008000B200 (0xFFF5C593) xori a1, a1, -0x1
x11 <- 0xFFF7FFFFFFFFFFFF
mem[X,0x000000008000B204] -> 0x0113
mem[X,0x000000008000B206] -> 0x0000
[1399] [M]: 0x000000008000B204 (0x00000113) addi sp, zero, 0x0
x2 <- 0x0000000000000000
clint::tick mtime <- 0x000000000000000E
 clint timer pending at mtime 0x000000000000000E
htif::tick 0x0000000000000000
mem[X,0x000000008000B208] -> 0x006F
mem[X,0x000000008000B20A] -> 0x00C0
[1400] [M]: 0x000000008000B208 (0x00C0006F) jal zero, 0xc
mem[X,0x000000008000B214] -> 0x5663
mem[X,0x000000008000B216] -> 0x00B5
[1401] [M]: 0x000000008000B214 (0x00B55663) bge a0, a1, 0xc
mem[X,0x000000008000B220] -> 0x0113
mem[X,0x000000008000B222] -> 0x0031
[1402] [M]: 0x000000008000B220 (0x00310113) addi sp, sp, 0x3
x2 <- 0x0000000000000003
mem[X,0x000000008000B224] -> 0x006F
mem[X,0x000000008000B226] -> 0x0040
[1403] [M]: 0x000000008000B224 (0x0040006F) jal zero, 0x4
mem[X,0x000000008000B228] -> 0xB423
mem[X,0x000000008000B22A] -> 0x2E20
[1404] [M]: 0x000000008000B228 (0x2E20B423) sd sp, 0x2e8(ra)
mem[0x00000000800484B8] <- 0x0000000000000003
mem[X,0x000000008000B22C] -> 0x0513
mem[X,0x000000008000B22E] -> 0x0060
[1405] [M]: 0x000000008000B22C (0x00600513) addi a0, zero, 0x6
x10 <- 0x0000000000000006
mem[X,0x000000008000B230] -> 0x0593
mem[X,0x000000008000B232] -> 0x0010
[1406] [M]: 0x000000008000B230 (0x00100593) addi a1, zero, 0x1
x11 <- 0x0000000000000001
mem[X,0x000000008000B234] -> 0x9593
mem[X,0x000000008000B236] -> 0x0345
[1407] [M]: 0x000000008000B234 (0x03459593) slli a1, a1, 0x34
x11 <- 0x0010000000000000
mem[X,0x000000008000B238] -> 0xC593
mem[X,0x000000008000B23A] -> 0xFFF5
[1408] [M]: 0x000000008000B238 (0xFFF5C593) xori a1, a1, -0x1
x11 <- 0xFFEFFFFFFFFFFFFF
mem[X,0x000000008000B23C] -> 0x0113
mem[X,0x000000008000B23E] -> 0x0000
[1409] [M]: 0x000000008000B23C (0x00000113) addi sp, zero, 0x0
x2 <- 0x0000000000000000
mem[X,0x000000008000B240] -> 0x006F
mem[X,0x000000008000B242] -> 0x00C0
[1410] [M]: 0x000000008000B240 (0x00C0006F) jal zero, 0xc
mem[X,0x000000008000B24C] -> 0x5063
mem[X,0x000000008000B24E] -> 0x02B5
[1411] [M]: 0x000000008000B24C (0x02B55063) bge a0, a1, 0x20
mem[X,0x000000008000B26C] -> 0x0113
mem[X,0x000000008000B26E] -> 0x0031
[1412] [M]: 0x000000008000B26C (0x00310113) addi sp, sp, 0x3
x2 <- 0x0000000000000003
mem[X,0x000000008000B270] -> 0x006F
mem[X,0x000000008000B272] -> 0x0040
[1413] [M]: 0x000000008000B270 (0x0040006F) jal zero, 0x4
mem[X,0x000000008000B274] -> 0xB823
mem[X,0x000000008000B276] -> 0x2E20
[1414] [M]: 0x000000008000B274 (0x2E20B823) sd sp, 0x2f0(ra)
mem[0x00000000800484C0] <- 0x0000000000000003
mem[X,0x000000008000B278] -> 0x0513
mem[X,0x000000008000B27A] -> 0x0010
[1415] [M]: 0x000000008000B278 (0x00100513) addi a0, zero, 0x1
x10 <- 0x0000000000000001
mem[X,0x000000008000B27C] -> 0x1513
mem[X,0x000000008000B27E] -> 0x01E5
[1416] [M]: 0x000000008000B27C (0x01E51513) slli a0, a0, 0x1e
x10 <- 0x0000000040000000
mem[X,0x000000008000B280] -> 0x4513
mem[X,0x000000008000B282] -> 0xFFF5
[1417] [M]: 0x000000008000B280 (0xFFF54513) xori a0, a0, -0x1
x10 <- 0xFFFFFFFFBFFFFFFF
mem[X,0x000000008000B284] -> 0x0593
mem[X,0x000000008000B286] -> 0x0010
[1418] [M]: 0x000000008000B284 (0x00100593) addi a1, zero, 0x1
x11 <- 0x0000000000000001
mem[X,0x000000008000B288] -> 0x9593
mem[X,0x000000008000B28A] -> 0x0355
[1419] [M]: 0x000000008000B288 (0x03559593) slli a1, a1, 0x35
x11 <- 0x0020000000000000
mem[X,0x000000008000B28C] -> 0xC593
mem[X,0x000000008000B28E] -> 0xFFF5
[1420] [M]: 0x000000008000B28C (0xFFF5C593) xori a1, a1, -0x1
x11 <- 0xFFDFFFFFFFFFFFFF
mem[X,0x000000008000B290] -> 0x0113
mem[X,0x000000008000B292] -> 0x0000
[1421] [M]: 0x000000008000B290 (0x00000113) addi sp, zero, 0x0
x2 <- 0x0000000000000000
mem[X,0x000000008000B294] -> 0x006F
mem[X,0x000000008000B296] -> 0x00C0
[1422] [M]: 0x000000008000B294 (0x00C0006F) jal zero, 0xc
mem[X,0x000000008000B2A0] -> 0x5063
mem[X,0x000000008000B2A2] -> 0x40B5
[1423] [M]: 0x000000008000B2A0 (0x40B55063) bge a0, a1, 0x400
mem[X,0x000000008000B6A0] -> 0x0113
mem[X,0x000000008000B6A2] -> 0x0031
[1424] [M]: 0x000000008000B6A0 (0x00310113) addi sp, sp, 0x3
x2 <- 0x0000000000000003
mem[X,0x000000008000B6A4] -> 0x006F
mem[X,0x000000008000B6A6] -> 0x0040
[1425] [M]: 0x000000008000B6A4 (0x0040006F) jal zero, 0x4
mem[X,0x000000008000B6A8] -> 0xBC23
mem[X,0x000000008000B6AA] -> 0x2E20
[1426] [M]: 0x000000008000B6A8 (0x2E20BC23) sd sp, 0x2f8(ra)
mem[0x00000000800484C8] <- 0x0000000000000003
mem[X,0x000000008000B6AC] -> 0x0513
mem[X,0x000000008000B6AE] -> 0x0010
[1427] [M]: 0x000000008000B6AC (0x00100513) addi a0, zero, 0x1
x10 <- 0x0000000000000001
mem[X,0x000000008000B6B0] -> 0x1513
mem[X,0x000000008000B6B2] -> 0x0125
[1428] [M]: 0x000000008000B6B0 (0x01251513) slli a0, a0, 0x12
x10 <- 0x0000000000040000
mem[X,0x000000008000B6B4] -> 0x0593
mem[X,0x000000008000B6B6] -> 0x0010
[1429] [M]: 0x000000008000B6B4 (0x00100593) addi a1, zero, 0x1
x11 <- 0x0000000000000001
mem[X,0x000000008000B6B8] -> 0x9593
mem[X,0x000000008000B6BA] -> 0x0365
[1430] [M]: 0x000000008000B6B8 (0x03659593) slli a1, a1, 0x36
x11 <- 0x0040000000000000
mem[X,0x000000008000B6BC] -> 0xC593
mem[X,0x000000008000B6BE] -> 0xFFF5
[1431] [M]: 0x000000008000B6BC (0xFFF5C593) xori a1, a1, -0x1
x11 <- 0xFFBFFFFFFFFFFFFF
mem[X,0x000000008000B6C0] -> 0x0113
mem[X,0x000000008000B6C2] -> 0x0000
[1432] [M]: 0x000000008000B6C0 (0x00000113) addi sp, zero, 0x0
x2 <- 0x0000000000000000
mem[X,0x000000008000B6C4] -> 0x006F
mem[X,0x000000008000B6C6] -> 0x00C0
[1433] [M]: 0x000000008000B6C4 (0x00C0006F) jal zero, 0xc
mem[X,0x000000008000B6D0] -> 0x5063
mem[X,0x000000008000B6D2] -> 0x40B5
[1434] [M]: 0x000000008000B6D0 (0x40B55063) bge a0, a1, 0x400
mem[X,0x000000008000BAD0] -> 0x0113
mem[X,0x000000008000BAD2] -> 0x0031
[1435] [M]: 0x000000008000BAD0 (0x00310113) addi sp, sp, 0x3
x2 <- 0x0000000000000003
mem[X,0x000000008000BAD4] -> 0x006F
mem[X,0x000000008000BAD6] -> 0x0040
[1436] [M]: 0x000000008000BAD4 (0x0040006F) jal zero, 0x4
mem[X,0x000000008000BAD8] -> 0xB023
mem[X,0x000000008000BADA] -> 0x3020
[1437] [M]: 0x000000008000BAD8 (0x3020B023) sd sp, 0x300(ra)
mem[0x00000000800484D0] <- 0x0000000000000003
mem[X,0x000000008000BADC] -> 0x0513
mem[X,0x000000008000BADE] -> 0x0070
[1438] [M]: 0x000000008000BADC (0x00700513) addi a0, zero, 0x7
x10 <- 0x0000000000000007
mem[X,0x000000008000BAE0] -> 0x0593
mem[X,0x000000008000BAE2] -> 0x0010
[1439] [M]: 0x000000008000BAE0 (0x00100593) addi a1, zero, 0x1
x11 <- 0x0000000000000001
mem[X,0x000000008000BAE4] -> 0x9593
mem[X,0x000000008000BAE6] -> 0x0375
[1440] [M]: 0x000000008000BAE4 (0x03759593) slli a1, a1, 0x37
x11 <- 0x0080000000000000
mem[X,0x000000008000BAE8] -> 0xC593
mem[X,0x000000008000BAEA] -> 0xFFF5
[1441] [M]: 0x000000008000BAE8 (0xFFF5C593) xori a1, a1, -0x1
x11 <- 0xFF7FFFFFFFFFFFFF
mem[X,0x000000008000BAEC] -> 0x0113
mem[X,0x000000008000BAEE] -> 0x0000
[1442] [M]: 0x000000008000BAEC (0x00000113) addi sp, zero, 0x0
x2 <- 0x0000000000000000
mem[X,0x000000008000BAF0] -> 0x006F
mem[X,0x000000008000BAF2] -> 0x00C0
[1443] [M]: 0x000000008000BAF0 (0x00C0006F) jal zero, 0xc
mem[X,0x000000008000BAFC] -> 0x5CE3
mem[X,0x000000008000BAFE] -> 0xFEB5
[1444] [M]: 0x000000008000BAFC (0xFEB55CE3) bge a0, a1, -0x8
mem[X,0x000000008000BAF4] -> 0x0113
mem[X,0x000000008000BAF6] -> 0x0011
[1445] [M]: 0x000000008000BAF4 (0x00110113) addi sp, sp, 0x1
x2 <- 0x0000000000000001
mem[X,0x000000008000BAF8] -> 0x006F
mem[X,0x000000008000BAFA] -> 0x0180
[1446] [M]: 0x000000008000BAF8 (0x0180006F) jal zero, 0x18
mem[X,0x000000008000BB10] -> 0xB423
mem[X,0x000000008000BB12] -> 0x3020
[1447] [M]: 0x000000008000BB10 (0x3020B423) sd sp, 0x308(ra)
mem[0x00000000800484D8] <- 0x0000000000000001
mem[X,0x000000008000BB14] -> 0x0513
mem[X,0x000000008000BB16] -> 0x0010
[1448] [M]: 0x000000008000BB14 (0x00100513) addi a0, zero, 0x1
x10 <- 0x0000000000000001
mem[X,0x000000008000BB18] -> 0x1513
mem[X,0x000000008000BB1A] -> 0x02B5
[1449] [M]: 0x000000008000BB18 (0x02B51513) slli a0, a0, 0x2b
x10 <- 0x0000080000000000
mem[X,0x000000008000BB1C] -> 0x0593
mem[X,0x000000008000BB1E] -> 0x0010
[1450] [M]: 0x000000008000BB1C (0x00100593) addi a1, zero, 0x1
x11 <- 0x0000000000000001
mem[X,0x000000008000BB20] -> 0x9593
mem[X,0x000000008000BB22] -> 0x0385
[1451] [M]: 0x000000008000BB20 (0x03859593) slli a1, a1, 0x38
x11 <- 0x0100000000000000
mem[X,0x000000008000BB24] -> 0xC593
mem[X,0x000000008000BB26] -> 0xFFF5
[1452] [M]: 0x000000008000BB24 (0xFFF5C593) xori a1, a1, -0x1
x11 <- 0xFEFFFFFFFFFFFFFF
mem[X,0x000000008000BB28] -> 0x0113
mem[X,0x000000008000BB2A] -> 0x0000
[1453] [M]: 0x000000008000BB28 (0x00000113) addi sp, zero, 0x0
x2 <- 0x0000000000000000
mem[X,0x000000008000BB2C] -> 0x006F
mem[X,0x000000008000BB2E] -> 0x00C0
[1454] [M]: 0x000000008000BB2C (0x00C0006F) jal zero, 0xc
mem[X,0x000000008000BB38] -> 0x5CE3
mem[X,0x000000008000BB3A] -> 0xFEB5
[1455] [M]: 0x000000008000BB38 (0xFEB55CE3) bge a0, a1, -0x8
mem[X,0x000000008000BB30] -> 0x0113
mem[X,0x000000008000BB32] -> 0x0011
[1456] [M]: 0x000000008000BB30 (0x00110113) addi sp, sp, 0x1
x2 <- 0x0000000000000001
mem[X,0x000000008000BB34] -> 0x006F
mem[X,0x000000008000BB36] -> 0x0180
[1457] [M]: 0x000000008000BB34 (0x0180006F) jal zero, 0x18
mem[X,0x000000008000BB4C] -> 0xB823
mem[X,0x000000008000BB4E] -> 0x3020
[1458] [M]: 0x000000008000BB4C (0x3020B823) sd sp, 0x310(ra)
mem[0x00000000800484E0] <- 0x0000000000000001
mem[X,0x000000008000BB50] -> 0x0513
mem[X,0x000000008000BB52] -> 0x0080
[1459] [M]: 0x000000008000BB50 (0x00800513) addi a0, zero, 0x8
x10 <- 0x0000000000000008
mem[X,0x000000008000BB54] -> 0x0593
mem[X,0x000000008000BB56] -> 0x0010
[1460] [M]: 0x000000008000BB54 (0x00100593) addi a1, zero, 0x1
x11 <- 0x0000000000000001
mem[X,0x000000008000BB58] -> 0x9593
mem[X,0x000000008000BB5A] -> 0x03A5
[1461] [M]: 0x000000008000BB58 (0x03A59593) slli a1, a1, 0x3a
x11 <- 0x0400000000000000
mem[X,0x000000008000BB5C] -> 0xC593
mem[X,0x000000008000BB5E] -> 0xFFF5
[1462] [M]: 0x000000008000BB5C (0xFFF5C593) xori a1, a1, -0x1
x11 <- 0xFBFFFFFFFFFFFFFF
mem[X,0x000000008000BB60] -> 0x0113
mem[X,0x000000008000BB62] -> 0x0000
[1463] [M]: 0x000000008000BB60 (0x00000113) addi sp, zero, 0x0
x2 <- 0x0000000000000000
mem[X,0x000000008000BB64] -> 0x006F
mem[X,0x000000008000BB66] -> 0x00C0
[1464] [M]: 0x000000008000BB64 (0x00C0006F) jal zero, 0xc
mem[X,0x000000008000BB70] -> 0x5663
mem[X,0x000000008000BB72] -> 0x00B5
[1465] [M]: 0x000000008000BB70 (0x00B55663) bge a0, a1, 0xc
mem[X,0x000000008000BB7C] -> 0x0113
mem[X,0x000000008000BB7E] -> 0x0031
[1466] [M]: 0x000000008000BB7C (0x00310113) addi sp, sp, 0x3
x2 <- 0x0000000000000003
mem[X,0x000000008000BB80] -> 0x006F
mem[X,0x000000008000BB82] -> 0x0040
[1467] [M]: 0x000000008000BB80 (0x0040006F) jal zero, 0x4
mem[X,0x000000008000BB84] -> 0xBC23
mem[X,0x000000008000BB86] -> 0x3020
[1468] [M]: 0x000000008000BB84 (0x3020BC23) sd sp, 0x318(ra)
mem[0x00000000800484E8] <- 0x0000000000000003
mem[X,0x000000008000BB88] -> 0x0513
mem[X,0x000000008000BB8A] -> 0x0040
[1469] [M]: 0x000000008000BB88 (0x00400513) addi a0, zero, 0x4
x10 <- 0x0000000000000004
mem[X,0x000000008000BB8C] -> 0x0593
mem[X,0x000000008000BB8E] -> 0x0010
[1470] [M]: 0x000000008000BB8C (0x00100593) addi a1, zero, 0x1
x11 <- 0x0000000000000001
mem[X,0x000000008000BB90] -> 0x9593
mem[X,0x000000008000BB92] -> 0x03B5
[1471] [M]: 0x000000008000BB90 (0x03B59593) slli a1, a1, 0x3b
x11 <- 0x0800000000000000
mem[X,0x000000008000BB94] -> 0xC593
mem[X,0x000000008000BB96] -> 0xFFF5
[1472] [M]: 0x000000008000BB94 (0xFFF5C593) xori a1, a1, -0x1
x11 <- 0xF7FFFFFFFFFFFFFF
mem[X,0x000000008000BB98] -> 0x0113
mem[X,0x000000008000BB9A] -> 0x0000
[1473] [M]: 0x000000008000BB98 (0x00000113) addi sp, zero, 0x0
x2 <- 0x0000000000000000
mem[X,0x000000008000BB9C] -> 0x006F
mem[X,0x000000008000BB9E] -> 0x00C0
[1474] [M]: 0x000000008000BB9C (0x00C0006F) jal zero, 0xc
mem[X,0x000000008000BBA8] -> 0x5663
mem[X,0x000000008000BBAA] -> 0x00B5
[1475] [M]: 0x000000008000BBA8 (0x00B55663) bge a0, a1, 0xc
mem[X,0x000000008000BBB4] -> 0x0113
mem[X,0x000000008000BBB6] -> 0x0031
[1476] [M]: 0x000000008000BBB4 (0x00310113) addi sp, sp, 0x3
x2 <- 0x0000000000000003
mem[X,0x000000008000BBB8] -> 0x006F
mem[X,0x000000008000BBBA] -> 0x0040
[1477] [M]: 0x000000008000BBB8 (0x0040006F) jal zero, 0x4
mem[X,0x000000008000BBBC] -> 0xB023
mem[X,0x000000008000BBBE] -> 0x3220
[1478] [M]: 0x000000008000BBBC (0x3220B023) sd sp, 0x320(ra)
mem[0x00000000800484F0] <- 0x0000000000000003
mem[X,0x000000008000BBC0] -> 0x0513
mem[X,0x000000008000BBC2] -> 0x0010
[1479] [M]: 0x000000008000BBC0 (0x00100513) addi a0, zero, 0x1
x10 <- 0x0000000000000001
mem[X,0x000000008000BBC4] -> 0x1513
mem[X,0x000000008000BBC6] -> 0x0335
[1480] [M]: 0x000000008000BBC4 (0x03351513) slli a0, a0, 0x33
x10 <- 0x0008000000000000
mem[X,0x000000008000BBC8] -> 0x4513
mem[X,0x000000008000BBCA] -> 0xFFF5
[1481] [M]: 0x000000008000BBC8 (0xFFF54513) xori a0, a0, -0x1
x10 <- 0xFFF7FFFFFFFFFFFF
mem[X,0x000000008000BBCC] -> 0x0593
mem[X,0x000000008000BBCE] -> 0x0010
[1482] [M]: 0x000000008000BBCC (0x00100593) addi a1, zero, 0x1
x11 <- 0x0000000000000001
mem[X,0x000000008000BBD0] -> 0x9593
mem[X,0x000000008000BBD2] -> 0x03C5
[1483] [M]: 0x000000008000BBD0 (0x03C59593) slli a1, a1, 0x3c
x11 <- 0x1000000000000000
mem[X,0x000000008000BBD4] -> 0xC593
mem[X,0x000000008000BBD6] -> 0xFFF5
[1484] [M]: 0x000000008000BBD4 (0xFFF5C593) xori a1, a1, -0x1
x11 <- 0xEFFFFFFFFFFFFFFF
mem[X,0x000000008000BBD8] -> 0x0113
mem[X,0x000000008000BBDA] -> 0x0000
[1485] [M]: 0x000000008000BBD8 (0x00000113) addi sp, zero, 0x0
x2 <- 0x0000000000000000
mem[X,0x000000008000BBDC] -> 0x006F
mem[X,0x000000008000BBDE] -> 0x00C0
[1486] [M]: 0x000000008000BBDC (0x00C0006F) jal zero, 0xc
mem[X,0x000000008000BBE8] -> 0x5063
mem[X,0x000000008000BBEA] -> 0x20B5
[1487] [M]: 0x000000008000BBE8 (0x20B55063) bge a0, a1, 0x200
mem[X,0x000000008000BDE8] -> 0x0113
mem[X,0x000000008000BDEA] -> 0x0031
[1488] [M]: 0x000000008000BDE8 (0x00310113) addi sp, sp, 0x3
x2 <- 0x0000000000000003
mem[X,0x000000008000BDEC] -> 0x006F
mem[X,0x000000008000BDEE] -> 0x0040
[1489] [M]: 0x000000008000BDEC (0x0040006F) jal zero, 0x4
mem[X,0x000000008000BDF0] -> 0xB423
mem[X,0x000000008000BDF2] -> 0x3220
[1490] [M]: 0x000000008000BDF0 (0x3220B423) sd sp, 0x328(ra)
mem[0x00000000800484F8] <- 0x0000000000000003
mem[X,0x000000008000BDF4] -> 0x0513
mem[X,0x000000008000BDF6] -> 0x0030
[1491] [M]: 0x000000008000BDF4 (0x00300513) addi a0, zero, 0x3
x10 <- 0x0000000000000003
mem[X,0x000000008000BDF8] -> 0x0593
mem[X,0x000000008000BDFA] -> 0x0010
[1492] [M]: 0x000000008000BDF8 (0x00100593) addi a1, zero, 0x1
x11 <- 0x0000000000000001
mem[X,0x000000008000BDFC] -> 0x9593
mem[X,0x000000008000BDFE] -> 0x03D5
[1493] [M]: 0x000000008000BDFC (0x03D59593) slli a1, a1, 0x3d
x11 <- 0x2000000000000000
mem[X,0x000000008000BE00] -> 0xC593
mem[X,0x000000008000BE02] -> 0xFFF5
[1494] [M]: 0x000000008000BE00 (0xFFF5C593) xori a1, a1, -0x1
x11 <- 0xDFFFFFFFFFFFFFFF
mem[X,0x000000008000BE04] -> 0x0113
mem[X,0x000000008000BE06] -> 0x0000
[1495] [M]: 0x000000008000BE04 (0x00000113) addi sp, zero, 0x0
x2 <- 0x0000000000000000
mem[X,0x000000008000BE08] -> 0x006F
mem[X,0x000000008000BE0A] -> 0x0180
[1496] [M]: 0x000000008000BE08 (0x0180006F) jal zero, 0x18
mem[X,0x000000008000BE20] -> 0x56E3
mem[X,0x000000008000BE22] -> 0xFEB5
[1497] [M]: 0x000000008000BE20 (0xFEB556E3) bge a0, a1, -0x14
mem[X,0x000000008000BE0C] -> 0x0113
mem[X,0x000000008000BE0E] -> 0x0011
[1498] [M]: 0x000000008000BE0C (0x00110113) addi sp, sp, 0x1
x2 <- 0x0000000000000001
mem[X,0x000000008000BE10] -> 0x006F
mem[X,0x000000008000BE12] -> 0x0240
[1499] [M]: 0x000000008000BE10 (0x0240006F) jal zero, 0x24
clint::tick mtime <- 0x000000000000000F
 clint timer pending at mtime 0x000000000000000F
htif::tick 0x0000000000000000
mem[X,0x000000008000BE34] -> 0xB823
mem[X,0x000000008000BE36] -> 0x3220
[1500] [M]: 0x000000008000BE34 (0x3220B823) sd sp, 0x330(ra)
mem[0x0000000080048500] <- 0x0000000000000001
mem[X,0x000000008000BE38] -> 0x0513
mem[X,0x000000008000BE3A] -> 0x0010
[1501] [M]: 0x000000008000BE38 (0x00100513) addi a0, zero, 0x1
x10 <- 0x0000000000000001
mem[X,0x000000008000BE3C] -> 0x1513
mem[X,0x000000008000BE3E] -> 0x0275
[1502] [M]: 0x000000008000BE3C (0x02751513) slli a0, a0, 0x27
x10 <- 0x0000008000000000
mem[X,0x000000008000BE40] -> 0x4513
mem[X,0x000000008000BE42] -> 0xFFF5
[1503] [M]: 0x000000008000BE40 (0xFFF54513) xori a0, a0, -0x1
x10 <- 0xFFFFFF7FFFFFFFFF
mem[X,0x000000008000BE44] -> 0x0593
mem[X,0x000000008000BE46] -> 0x0010
[1504] [M]: 0x000000008000BE44 (0x00100593) addi a1, zero, 0x1
x11 <- 0x0000000000000001
mem[X,0x000000008000BE48] -> 0x9593
mem[X,0x000000008000BE4A] -> 0x03E5
[1505] [M]: 0x000000008000BE48 (0x03E59593) slli a1, a1, 0x3e
x11 <- 0x4000000000000000
mem[X,0x000000008000BE4C] -> 0xC593
mem[X,0x000000008000BE4E] -> 0xFFF5
[1506] [M]: 0x000000008000BE4C (0xFFF5C593) xori a1, a1, -0x1
x11 <- 0xBFFFFFFFFFFFFFFF
mem[X,0x000000008000BE50] -> 0x0113
mem[X,0x000000008000BE52] -> 0x0000
[1507] [M]: 0x000000008000BE50 (0x00000113) addi sp, zero, 0x0
x2 <- 0x0000000000000000
mem[X,0x000000008000BE54] -> 0x006F
mem[X,0x000000008000BE56] -> 0x00C0
[1508] [M]: 0x000000008000BE54 (0x00C0006F) jal zero, 0xc
mem[X,0x000000008000BE60] -> 0x5063
mem[X,0x000000008000BE62] -> 0x02B5
[1509] [M]: 0x000000008000BE60 (0x02B55063) bge a0, a1, 0x20
mem[X,0x000000008000BE80] -> 0x0113
mem[X,0x000000008000BE82] -> 0x0031
[1510] [M]: 0x000000008000BE80 (0x00310113) addi sp, sp, 0x3
x2 <- 0x0000000000000003
mem[X,0x000000008000BE84] -> 0x006F
mem[X,0x000000008000BE86] -> 0x0040
[1511] [M]: 0x000000008000BE84 (0x0040006F) jal zero, 0x4
mem[X,0x000000008000BE88] -> 0xBC23
mem[X,0x000000008000BE8A] -> 0x3220
[1512] [M]: 0x000000008000BE88 (0x3220BC23) sd sp, 0x338(ra)
mem[0x0000000080048508] <- 0x0000000000000003
mem[X,0x000000008000BE8C] -> 0x0513
mem[X,0x000000008000BE8E] -> 0x0100
[1513] [M]: 0x000000008000BE8C (0x01000513) addi a0, zero, 0x10
x10 <- 0x0000000000000010
mem[X,0x000000008000BE90] -> 0x0593
mem[X,0x000000008000BE92] -> 0xFFF0
[1514] [M]: 0x000000008000BE90 (0xFFF00593) addi a1, zero, -0x1
x11 <- 0xFFFFFFFFFFFFFFFF
mem[X,0x000000008000BE94] -> 0xD593
mem[X,0x000000008000BE96] -> 0x0015
[1515] [M]: 0x000000008000BE94 (0x0015D593) srli a1, a1, 0x1
x11 <- 0x7FFFFFFFFFFFFFFF
mem[X,0x000000008000BE98] -> 0x0113
mem[X,0x000000008000BE9A] -> 0x0000
[1516] [M]: 0x000000008000BE98 (0x00000113) addi sp, zero, 0x0
x2 <- 0x0000000000000000
mem[X,0x000000008000BE9C] -> 0x006F
mem[X,0x000000008000BE9E] -> 0x00C0
[1517] [M]: 0x000000008000BE9C (0x00C0006F) jal zero, 0xc
mem[X,0x000000008000BEA8] -> 0x5063
mem[X,0x000000008000BEAA] -> 0x20B5
[1518] [M]: 0x000000008000BEA8 (0x20B55063) bge a0, a1, 0x200
mem[X,0x000000008000BEAC] -> 0x0113
mem[X,0x000000008000BEAE] -> 0x0021
[1519] [M]: 0x000000008000BEAC (0x00210113) addi sp, sp, 0x2
x2 <- 0x0000000000000002
mem[X,0x000000008000BEB0] -> 0x006F
mem[X,0x000000008000BEB2] -> 0x2000
[1520] [M]: 0x000000008000BEB0 (0x2000006F) jal zero, 0x200
mem[X,0x000000008000C0B0] -> 0xB023
mem[X,0x000000008000C0B2] -> 0x3420
[1521] [M]: 0x000000008000C0B0 (0x3420B023) sd sp, 0x340(ra)
mem[0x0000000080048510] <- 0x0000000000000002
mem[X,0x000000008000C0B4] -> 0x0513
mem[X,0x000000008000C0B6] -> 0x0010
[1522] [M]: 0x000000008000C0B4 (0x00100513) addi a0, zero, 0x1
x10 <- 0x0000000000000001
mem[X,0x000000008000C0B8] -> 0x1513
mem[X,0x000000008000C0BA] -> 0x01D5
[1523] [M]: 0x000000008000C0B8 (0x01D51513) slli a0, a0, 0x1d
x10 <- 0x0000000020000000
mem[X,0x000000008000C0BC] -> 0x55B7
mem[X,0x000000008000C0BE] -> 0x5555
[1524] [M]: 0x000000008000C0BC (0x555555B7) lui a1, 0x55555
x11 <- 0x0000000055555000
mem[X,0x000000008000C0C0] -> 0x8593
mem[X,0x000000008000C0C2] -> 0x5555
[1525] [M]: 0x000000008000C0C0 (0x55558593) addi a1, a1, 0x555
x11 <- 0x0000000055555555
mem[X,0x000000008000C0C4] -> 0x9593
mem[X,0x000000008000C0C6] -> 0x00B5
[1526] [M]: 0x000000008000C0C4 (0x00B59593) slli a1, a1, 0xb
x11 <- 0x000002AAAAAAA800
mem[X,0x000000008000C0C8] -> 0x8593
mem[X,0x000000008000C0CA] -> 0x2AA5
[1527] [M]: 0x000000008000C0C8 (0x2AA58593) addi a1, a1, 0x2aa
x11 <- 0x000002AAAAAAAAAA
mem[X,0x000000008000C0CC] -> 0x9593
mem[X,0x000000008000C0CE] -> 0x00B5
[1528] [M]: 0x000000008000C0CC (0x00B59593) slli a1, a1, 0xb
x11 <- 0x0015555555555000
mem[X,0x000000008000C0D0] -> 0x8593
mem[X,0x000000008000C0D2] -> 0x5555
[1529] [M]: 0x000000008000C0D0 (0x55558593) addi a1, a1, 0x555
x11 <- 0x0015555555555555
mem[X,0x000000008000C0D4] -> 0x9593
mem[X,0x000000008000C0D6] -> 0x00A5
[1530] [M]: 0x000000008000C0D4 (0x00A59593) slli a1, a1, 0xa
x11 <- 0x5555555555555400
mem[X,0x000000008000C0D8] -> 0x8593
mem[X,0x000000008000C0DA] -> 0x1555
[1531] [M]: 0x000000008000C0D8 (0x15558593) addi a1, a1, 0x155
x11 <- 0x5555555555555555
mem[X,0x000000008000C0DC] -> 0x0113
mem[X,0x000000008000C0DE] -> 0x0000
[1532] [M]: 0x000000008000C0DC (0x00000113) addi sp, zero, 0x0
x2 <- 0x0000000000000000
mem[X,0x000000008000C0E0] -> 0x006F
mem[X,0x000000008000C0E2] -> 0x00C0
[1533] [M]: 0x000000008000C0E0 (0x00C0006F) jal zero, 0xc
mem[X,0x000000008000C0EC] -> 0x5663
mem[X,0x000000008000C0EE] -> 0x00B5
[1534] [M]: 0x000000008000C0EC (0x00B55663) bge a0, a1, 0xc
mem[X,0x000000008000C0F0] -> 0x0113
mem[X,0x000000008000C0F2] -> 0x0021
[1535] [M]: 0x000000008000C0F0 (0x00210113) addi sp, sp, 0x2
x2 <- 0x0000000000000002
mem[X,0x000000008000C0F4] -> 0x006F
mem[X,0x000000008000C0F6] -> 0x00C0
[1536] [M]: 0x000000008000C0F4 (0x00C0006F) jal zero, 0xc
mem[X,0x000000008000C100] -> 0xB423
mem[X,0x000000008000C102] -> 0x3420
[1537] [M]: 0x000000008000C100 (0x3420B423) sd sp, 0x348(ra)
mem[0x0000000080048518] <- 0x0000000000000002
mem[X,0x000000008000C104] -> 0x0513
mem[X,0x000000008000C106] -> 0x0010
[1538] [M]: 0x000000008000C104 (0x00100513) addi a0, zero, 0x1
x10 <- 0x0000000000000001
mem[X,0x000000008000C108] -> 0x1513
mem[X,0x000000008000C10A] -> 0x0155
[1539] [M]: 0x000000008000C108 (0x01551513) slli a0, a0, 0x15
x10 <- 0x0000000000200000
mem[X,0x000000008000C10C] -> 0xB5B7
mem[X,0x000000008000C10E] -> 0xAAAA
[1540] [M]: 0x000000008000C10C (0xAAAAB5B7) lui a1, -0x55555
x11 <- 0xFFFFFFFFAAAAB000
mem[X,0x000000008000C110] -> 0x8593
mem[X,0x000000008000C112] -> 0xAAA5
[1541] [M]: 0x000000008000C110 (0xAAA58593) addi a1, a1, -0x556
x11 <- 0xFFFFFFFFAAAAAAAA
mem[X,0x000000008000C114] -> 0x9593
mem[X,0x000000008000C116] -> 0x00B5
[1542] [M]: 0x000000008000C114 (0x00B59593) slli a1, a1, 0xb
x11 <- 0xFFFFFD5555555000
mem[X,0x000000008000C118] -> 0x8593
mem[X,0x000000008000C11A] -> 0x5555
[1543] [M]: 0x000000008000C118 (0x55558593) addi a1, a1, 0x555
x11 <- 0xFFFFFD5555555555
mem[X,0x000000008000C11C] -> 0x9593
mem[X,0x000000008000C11E] -> 0x00B5
[1544] [M]: 0x000000008000C11C (0x00B59593) slli a1, a1, 0xb
x11 <- 0xFFEAAAAAAAAAA800
mem[X,0x000000008000C120] -> 0x8593
mem[X,0x000000008000C122] -> 0x2AA5
[1545] [M]: 0x000000008000C120 (0x2AA58593) addi a1, a1, 0x2aa
x11 <- 0xFFEAAAAAAAAAAAAA
mem[X,0x000000008000C124] -> 0x9593
mem[X,0x000000008000C126] -> 0x00A5
[1546] [M]: 0x000000008000C124 (0x00A59593) slli a1, a1, 0xa
x11 <- 0xAAAAAAAAAAAAA800
mem[X,0x000000008000C128] -> 0x8593
mem[X,0x000000008000C12A] -> 0x2AA5
[1547] [M]: 0x000000008000C128 (0x2AA58593) addi a1, a1, 0x2aa
x11 <- 0xAAAAAAAAAAAAAAAA
mem[X,0x000000008000C12C] -> 0x0113
mem[X,0x000000008000C12E] -> 0x0000
[1548] [M]: 0x000000008000C12C (0x00000113) addi sp, zero, 0x0
x2 <- 0x0000000000000000
mem[X,0x000000008000C130] -> 0x006F
mem[X,0x000000008000C132] -> 0x0180
[1549] [M]: 0x000000008000C130 (0x0180006F) jal zero, 0x18
mem[X,0x000000008000C148] -> 0x56E3
mem[X,0x000000008000C14A] -> 0xFEB5
[1550] [M]: 0x000000008000C148 (0xFEB556E3) bge a0, a1, -0x14
mem[X,0x000000008000C134] -> 0x0113
mem[X,0x000000008000C136] -> 0x0011
[1551] [M]: 0x000000008000C134 (0x00110113) addi sp, sp, 0x1
x2 <- 0x0000000000000001
mem[X,0x000000008000C138] -> 0x006F
mem[X,0x000000008000C13A] -> 0x0240
[1552] [M]: 0x000000008000C138 (0x0240006F) jal zero, 0x24
mem[X,0x000000008000C15C] -> 0xB823
mem[X,0x000000008000C15E] -> 0x3420
[1553] [M]: 0x000000008000C15C (0x3420B823) sd sp, 0x350(ra)
mem[0x0000000080048520] <- 0x0000000000000001
mem[X,0x000000008000C160] -> 0x0513
mem[X,0x000000008000C162] -> 0x0200
[1554] [M]: 0x000000008000C160 (0x02000513) addi a0, zero, 0x20
x10 <- 0x0000000000000020
mem[X,0x000000008000C164] -> 0x0593
mem[X,0x000000008000C166] -> 0x0010
[1555] [M]: 0x000000008000C164 (0x00100593) addi a1, zero, 0x1
x11 <- 0x0000000000000001
mem[X,0x000000008000C168] -> 0x9593
mem[X,0x000000008000C16A] -> 0x0215
[1556] [M]: 0x000000008000C168 (0x02159593) slli a1, a1, 0x21
x11 <- 0x0000000200000000
mem[X,0x000000008000C16C] -> 0x0113
mem[X,0x000000008000C16E] -> 0x0000
[1557] [M]: 0x000000008000C16C (0x00000113) addi sp, zero, 0x0
x2 <- 0x0000000000000000
mem[X,0x000000008000C170] -> 0x006F
mem[X,0x000000008000C172] -> 0x00C0
[1558] [M]: 0x000000008000C170 (0x00C0006F) jal zero, 0xc
mem[X,0x000000008000C17C] -> 0x5863
mem[X,0x000000008000C17E] -> 0x00B5
[1559] [M]: 0x000000008000C17C (0x00B55863) bge a0, a1, 0x10
mem[X,0x000000008000C180] -> 0x0113
mem[X,0x000000008000C182] -> 0x0021
[1560] [M]: 0x000000008000C180 (0x00210113) addi sp, sp, 0x2
x2 <- 0x0000000000000002
mem[X,0x000000008000C184] -> 0x006F
mem[X,0x000000008000C186] -> 0x0100
[1561] [M]: 0x000000008000C184 (0x0100006F) jal zero, 0x10
mem[X,0x000000008000C194] -> 0xBC23
mem[X,0x000000008000C196] -> 0x3420
[1562] [M]: 0x000000008000C194 (0x3420BC23) sd sp, 0x358(ra)
mem[0x0000000080048528] <- 0x0000000000000002
mem[X,0x000000008000C198] -> 0x0513
mem[X,0x000000008000C19A] -> 0x0400
[1563] [M]: 0x000000008000C198 (0x04000513) addi a0, zero, 0x40
x10 <- 0x0000000000000040
mem[X,0x000000008000C19C] -> 0x0593
mem[X,0x000000008000C19E] -> 0x0010
[1564] [M]: 0x000000008000C19C (0x00100593) addi a1, zero, 0x1
x11 <- 0x0000000000000001
mem[X,0x000000008000C1A0] -> 0x9593
mem[X,0x000000008000C1A2] -> 0x0115
[1565] [M]: 0x000000008000C1A0 (0x01159593) slli a1, a1, 0x11
x11 <- 0x0000000000020000
mem[X,0x000000008000C1A4] -> 0x0113
mem[X,0x000000008000C1A6] -> 0x0000
[1566] [M]: 0x000000008000C1A4 (0x00000113) addi sp, zero, 0x0
x2 <- 0x0000000000000000
mem[X,0x000000008000C1A8] -> 0x006F
mem[X,0x000000008000C1AA] -> 0x0140
[1567] [M]: 0x000000008000C1A8 (0x0140006F) jal zero, 0x14
mem[X,0x000000008000C1BC] -> 0x58E3
mem[X,0x000000008000C1BE] -> 0xFEB5
[1568] [M]: 0x000000008000C1BC (0xFEB558E3) bge a0, a1, -0x10
mem[X,0x000000008000C1C0] -> 0x0113
mem[X,0x000000008000C1C2] -> 0x0021
[1569] [M]: 0x000000008000C1C0 (0x00210113) addi sp, sp, 0x2
x2 <- 0x0000000000000002
mem[X,0x000000008000C1C4] -> 0x006F
mem[X,0x000000008000C1C6] -> 0x00C0
[1570] [M]: 0x000000008000C1C4 (0x00C0006F) jal zero, 0xc
mem[X,0x000000008000C1D0] -> 0xB023
mem[X,0x000000008000C1D2] -> 0x3620
[1571] [M]: 0x000000008000C1D0 (0x3620B023) sd sp, 0x360(ra)
mem[0x0000000080048530] <- 0x0000000000000002
mem[X,0x000000008000C1D4] -> 0x0513
mem[X,0x000000008000C1D6] -> 0x2000
[1572] [M]: 0x000000008000C1D4 (0x20000513) addi a0, zero, 0x200
x10 <- 0x0000000000000200
mem[X,0x000000008000C1D8] -> 0x35B7
mem[X,0x000000008000C1DA] -> 0x3333
[1573] [M]: 0x000000008000C1D8 (0x333335B7) lui a1, 0x33333
x11 <- 0x0000000033333000
mem[X,0x000000008000C1DC] -> 0x8593
mem[X,0x000000008000C1DE] -> 0x3335
[1574] [M]: 0x000000008000C1DC (0x33358593) addi a1, a1, 0x333
x11 <- 0x0000000033333333
mem[X,0x000000008000C1E0] -> 0x9593
mem[X,0x000000008000C1E2] -> 0x00B5
[1575] [M]: 0x000000008000C1E0 (0x00B59593) slli a1, a1, 0xb
x11 <- 0x0000019999999800
mem[X,0x000000008000C1E4] -> 0x8593
mem[X,0x000000008000C1E6] -> 0x1995
[1576] [M]: 0x000000008000C1E4 (0x19958593) addi a1, a1, 0x199
x11 <- 0x0000019999999999
mem[X,0x000000008000C1E8] -> 0x9593
mem[X,0x000000008000C1EA] -> 0x00B5
[1577] [M]: 0x000000008000C1E8 (0x00B59593) slli a1, a1, 0xb
x11 <- 0x000CCCCCCCCCC800
mem[X,0x000000008000C1EC] -> 0x8593
mem[X,0x000000008000C1EE] -> 0x4CC5
[1578] [M]: 0x000000008000C1EC (0x4CC58593) addi a1, a1, 0x4cc
x11 <- 0x000CCCCCCCCCCCCC
mem[X,0x000000008000C1F0] -> 0x9593
mem[X,0x000000008000C1F2] -> 0x00A5
[1579] [M]: 0x000000008000C1F0 (0x00A59593) slli a1, a1, 0xa
x11 <- 0x3333333333333000
mem[X,0x000000008000C1F4] -> 0x8593
mem[X,0x000000008000C1F6] -> 0x3335
[1580] [M]: 0x000000008000C1F4 (0x33358593) addi a1, a1, 0x333
x11 <- 0x3333333333333333
mem[X,0x000000008000C1F8] -> 0x0113
mem[X,0x000000008000C1FA] -> 0x0000
[1581] [M]: 0x000000008000C1F8 (0x00000113) addi sp, zero, 0x0
x2 <- 0x0000000000000000
mem[X,0x000000008000C1FC] -> 0x006F
mem[X,0x000000008000C1FE] -> 0x0050
[1582] [M]: 0x000000008000C1FC (0x0050006F) jal zero, 0x804
mem[X,0x000000008000CA00] -> 0x50E3
mem[X,0x000000008000CA02] -> 0x80B5
[1583] [M]: 0x000000008000CA00 (0x80B550E3) bge a0, a1, -0x800
mem[X,0x000000008000CA04] -> 0x0113
mem[X,0x000000008000CA06] -> 0x0021
[1584] [M]: 0x000000008000CA04 (0x00210113) addi sp, sp, 0x2
x2 <- 0x0000000000000002
mem[X,0x000000008000CA08] -> 0x006F
mem[X,0x000000008000CA0A] -> 0x00C0
[1585] [M]: 0x000000008000CA08 (0x00C0006F) jal zero, 0xc
mem[X,0x000000008000CA14] -> 0xB423
mem[X,0x000000008000CA16] -> 0x3620
[1586] [M]: 0x000000008000CA14 (0x3620B423) sd sp, 0x368(ra)
mem[0x0000000080048538] <- 0x0000000000000002
mem[X,0x000000008000CA18] -> 0x0513
mem[X,0x000000008000CA1A] -> 0x0010
[1587] [M]: 0x000000008000CA18 (0x00100513) addi a0, zero, 0x1
x10 <- 0x0000000000000001
mem[X,0x000000008000CA1C] -> 0x1513
mem[X,0x000000008000CA1E] -> 0x00C5
[1588] [M]: 0x000000008000CA1C (0x00C51513) slli a0, a0, 0xc
x10 <- 0x0000000000001000
mem[X,0x000000008000CA20] -> 0x55B7
mem[X,0x000000008000CA22] -> 0x5555
[1589] [M]: 0x000000008000CA20 (0x555555B7) lui a1, 0x55555
x11 <- 0x0000000055555000
mem[X,0x000000008000CA24] -> 0x8593
mem[X,0x000000008000CA26] -> 0x5555
[1590] [M]: 0x000000008000CA24 (0x55558593) addi a1, a1, 0x555
x11 <- 0x0000000055555555
mem[X,0x000000008000CA28] -> 0x9593
mem[X,0x000000008000CA2A] -> 0x00B5
[1591] [M]: 0x000000008000CA28 (0x00B59593) slli a1, a1, 0xb
x11 <- 0x000002AAAAAAA800
mem[X,0x000000008000CA2C] -> 0x8593
mem[X,0x000000008000CA2E] -> 0x2AA5
[1592] [M]: 0x000000008000CA2C (0x2AA58593) addi a1, a1, 0x2aa
x11 <- 0x000002AAAAAAAAAA
mem[X,0x000000008000CA30] -> 0x9593
mem[X,0x000000008000CA32] -> 0x00B5
[1593] [M]: 0x000000008000CA30 (0x00B59593) slli a1, a1, 0xb
x11 <- 0x0015555555555000
mem[X,0x000000008000CA34] -> 0x8593
mem[X,0x000000008000CA36] -> 0x5555
[1594] [M]: 0x000000008000CA34 (0x55558593) addi a1, a1, 0x555
x11 <- 0x0015555555555555
mem[X,0x000000008000CA38] -> 0x9593
mem[X,0x000000008000CA3A] -> 0x00A5
[1595] [M]: 0x000000008000CA38 (0x00A59593) slli a1, a1, 0xa
x11 <- 0x5555555555555400
mem[X,0x000000008000CA3C] -> 0x8593
mem[X,0x000000008000CA3E] -> 0x1565
[1596] [M]: 0x000000008000CA3C (0x15658593) addi a1, a1, 0x156
x11 <- 0x5555555555555556
mem[X,0x000000008000CA40] -> 0x0113
mem[X,0x000000008000CA42] -> 0x0000
[1597] [M]: 0x000000008000CA40 (0x00000113) addi sp, zero, 0x0
x2 <- 0x0000000000000000
mem[X,0x000000008000CA44] -> 0x006F
mem[X,0x000000008000CA46] -> 0x00C0
[1598] [M]: 0x000000008000CA44 (0x00C0006F) jal zero, 0xc
mem[X,0x000000008000CA50] -> 0x5663
mem[X,0x000000008000CA52] -> 0x00B5
[1599] [M]: 0x000000008000CA50 (0x00B55663) bge a0, a1, 0xc
clint::tick mtime <- 0x0000000000000010
 clint timer pending at mtime 0x0000000000000010
htif::tick 0x0000000000000000
mem[X,0x000000008000CA54] -> 0x0113
mem[X,0x000000008000CA56] -> 0x0021
[1600] [M]: 0x000000008000CA54 (0x00210113) addi sp, sp, 0x2
x2 <- 0x0000000000000002
mem[X,0x000000008000CA58] -> 0x006F
mem[X,0x000000008000CA5A] -> 0x00C0
[1601] [M]: 0x000000008000CA58 (0x00C0006F) jal zero, 0xc
mem[X,0x000000008000CA64] -> 0xB823
mem[X,0x000000008000CA66] -> 0x3620
[1602] [M]: 0x000000008000CA64 (0x3620B823) sd sp, 0x370(ra)
mem[0x0000000080048540] <- 0x0000000000000002
mem[X,0x000000008000CA68] -> 0x0513
mem[X,0x000000008000CA6A] -> 0x0010
[1603] [M]: 0x000000008000CA68 (0x00100513) addi a0, zero, 0x1
x10 <- 0x0000000000000001
mem[X,0x000000008000CA6C] -> 0x1513
mem[X,0x000000008000CA6E] -> 0x00E5
[1604] [M]: 0x000000008000CA6C (0x00E51513) slli a0, a0, 0xe
x10 <- 0x0000000000004000
mem[X,0x000000008000CA70] -> 0x0593
mem[X,0x000000008000CA72] -> 0x0010
[1605] [M]: 0x000000008000CA70 (0x00100593) addi a1, zero, 0x1
x11 <- 0x0000000000000001
mem[X,0x000000008000CA74] -> 0x9593
mem[X,0x000000008000CA76] -> 0x0155
[1606] [M]: 0x000000008000CA74 (0x01559593) slli a1, a1, 0x15
x11 <- 0x0000000000200000
mem[X,0x000000008000CA78] -> 0xC593
mem[X,0x000000008000CA7A] -> 0xFFF5
[1607] [M]: 0x000000008000CA78 (0xFFF5C593) xori a1, a1, -0x1
x11 <- 0xFFFFFFFFFFDFFFFF
mem[X,0x000000008000CA7C] -> 0x0113
mem[X,0x000000008000CA7E] -> 0x0000
[1608] [M]: 0x000000008000CA7C (0x00000113) addi sp, zero, 0x0
x2 <- 0x0000000000000000
mem[X,0x000000008000CA80] -> 0x006F
mem[X,0x000000008000CA82] -> 0x0100
[1609] [M]: 0x000000008000CA80 (0x0100006F) jal zero, 0x10
mem[X,0x000000008000CA90] -> 0x5AE3
mem[X,0x000000008000CA92] -> 0xFEB5
[1610] [M]: 0x000000008000CA90 (0xFEB55AE3) bge a0, a1, -0xc
mem[X,0x000000008000CA84] -> 0x0113
mem[X,0x000000008000CA86] -> 0x0011
[1611] [M]: 0x000000008000CA84 (0x00110113) addi sp, sp, 0x1
x2 <- 0x0000000000000001
mem[X,0x000000008000CA88] -> 0x006F
mem[X,0x000000008000CA8A] -> 0x01C0
[1612] [M]: 0x000000008000CA88 (0x01C0006F) jal zero, 0x1c
mem[X,0x000000008000CAA4] -> 0xBC23
mem[X,0x000000008000CAA6] -> 0x3620
[1613] [M]: 0x000000008000CAA4 (0x3620BC23) sd sp, 0x378(ra)
mem[0x0000000080048548] <- 0x0000000000000001
mem[X,0x000000008000CAA8] -> 0x0513
mem[X,0x000000008000CAAA] -> 0x0010
[1614] [M]: 0x000000008000CAA8 (0x00100513) addi a0, zero, 0x1
x10 <- 0x0000000000000001
mem[X,0x000000008000CAAC] -> 0x1513
mem[X,0x000000008000CAAE] -> 0x00F5
[1615] [M]: 0x000000008000CAAC (0x00F51513) slli a0, a0, 0xf
x10 <- 0x0000000000008000
mem[X,0x000000008000CAB0] -> 0x0593
mem[X,0x000000008000CAB2] -> 0x0010
[1616] [M]: 0x000000008000CAB0 (0x00100593) addi a1, zero, 0x1
x11 <- 0x0000000000000001
mem[X,0x000000008000CAB4] -> 0x9593
mem[X,0x000000008000CAB6] -> 0x0145
[1617] [M]: 0x000000008000CAB4 (0x01459593) slli a1, a1, 0x14
x11 <- 0x0000000000100000
mem[X,0x000000008000CAB8] -> 0x0113
mem[X,0x000000008000CABA] -> 0x0000
[1618] [M]: 0x000000008000CAB8 (0x00000113) addi sp, zero, 0x0
x2 <- 0x0000000000000000
mem[X,0x000000008000CABC] -> 0x006F
mem[X,0x000000008000CABE] -> 0x0100
[1619] [M]: 0x000000008000CABC (0x0100006F) jal zero, 0x10
mem[X,0x000000008000CACC] -> 0x5AE3
mem[X,0x000000008000CACE] -> 0xFEB5
[1620] [M]: 0x000000008000CACC (0xFEB55AE3) bge a0, a1, -0xc
mem[X,0x000000008000CAD0] -> 0x0113
mem[X,0x000000008000CAD2] -> 0x0021
[1621] [M]: 0x000000008000CAD0 (0x00210113) addi sp, sp, 0x2
x2 <- 0x0000000000000002
mem[X,0x000000008000CAD4] -> 0x006F
mem[X,0x000000008000CAD6] -> 0x00C0
[1622] [M]: 0x000000008000CAD4 (0x00C0006F) jal zero, 0xc
mem[X,0x000000008000CAE0] -> 0xB023
mem[X,0x000000008000CAE2] -> 0x3820
[1623] [M]: 0x000000008000CAE0 (0x3820B023) sd sp, 0x380(ra)
mem[0x0000000080048550] <- 0x0000000000000002
mem[X,0x000000008000CAE4] -> 0x0513
mem[X,0x000000008000CAE6] -> 0x0010
[1624] [M]: 0x000000008000CAE4 (0x00100513) addi a0, zero, 0x1
x10 <- 0x0000000000000001
mem[X,0x000000008000CAE8] -> 0x1513
mem[X,0x000000008000CAEA] -> 0x0145
[1625] [M]: 0x000000008000CAE8 (0x01451513) slli a0, a0, 0x14
x10 <- 0x0000000000100000
mem[X,0x000000008000CAEC] -> 0x0593
mem[X,0x000000008000CAEE] -> 0x0010
[1626] [M]: 0x000000008000CAEC (0x00100593) addi a1, zero, 0x1
x11 <- 0x0000000000000001
mem[X,0x000000008000CAF0] -> 0x9593
mem[X,0x000000008000CAF2] -> 0x0185
[1627] [M]: 0x000000008000CAF0 (0x01859593) slli a1, a1, 0x18
x11 <- 0x0000000001000000
mem[X,0x000000008000CAF4] -> 0xC593
mem[X,0x000000008000CAF6] -> 0xFFF5
[1628] [M]: 0x000000008000CAF4 (0xFFF5C593) xori a1, a1, -0x1
x11 <- 0xFFFFFFFFFEFFFFFF
mem[X,0x000000008000CAF8] -> 0x0113
mem[X,0x000000008000CAFA] -> 0x0000
[1629] [M]: 0x000000008000CAF8 (0x00000113) addi sp, zero, 0x0
x2 <- 0x0000000000000000
mem[X,0x000000008000CAFC] -> 0x006F
mem[X,0x000000008000CAFE] -> 0x00C0
[1630] [M]: 0x000000008000CAFC (0x00C0006F) jal zero, 0xc
mem[X,0x000000008000CB08] -> 0x5863
mem[X,0x000000008000CB0A] -> 0x00B5
[1631] [M]: 0x000000008000CB08 (0x00B55863) bge a0, a1, 0x10
mem[X,0x000000008000CB18] -> 0x0113
mem[X,0x000000008000CB1A] -> 0x0031
[1632] [M]: 0x000000008000CB18 (0x00310113) addi sp, sp, 0x3
x2 <- 0x0000000000000003
mem[X,0x000000008000CB1C] -> 0x006F
mem[X,0x000000008000CB1E] -> 0x0040
[1633] [M]: 0x000000008000CB1C (0x0040006F) jal zero, 0x4
mem[X,0x000000008000CB20] -> 0xB423
mem[X,0x000000008000CB22] -> 0x3820
[1634] [M]: 0x000000008000CB20 (0x3820B423) sd sp, 0x388(ra)
mem[0x0000000080048558] <- 0x0000000000000003
mem[X,0x000000008000CB24] -> 0x0513
mem[X,0x000000008000CB26] -> 0x0010
[1635] [M]: 0x000000008000CB24 (0x00100513) addi a0, zero, 0x1
x10 <- 0x0000000000000001
mem[X,0x000000008000CB28] -> 0x1513
mem[X,0x000000008000CB2A] -> 0x0175
[1636] [M]: 0x000000008000CB28 (0x01751513) slli a0, a0, 0x17
x10 <- 0x0000000000800000
mem[X,0x000000008000CB2C] -> 0x55B7
mem[X,0x000000008000CB2E] -> 0x5555
[1637] [M]: 0x000000008000CB2C (0x555555B7) lui a1, 0x55555
x11 <- 0x0000000055555000
mem[X,0x000000008000CB30] -> 0x8593
mem[X,0x000000008000CB32] -> 0x5555
[1638] [M]: 0x000000008000CB30 (0x55558593) addi a1, a1, 0x555
x11 <- 0x0000000055555555
mem[X,0x000000008000CB34] -> 0x9593
mem[X,0x000000008000CB36] -> 0x00B5
[1639] [M]: 0x000000008000CB34 (0x00B59593) slli a1, a1, 0xb
x11 <- 0x000002AAAAAAA800
mem[X,0x000000008000CB38] -> 0x8593
mem[X,0x000000008000CB3A] -> 0x2AA5
[1640] [M]: 0x000000008000CB38 (0x2AA58593) addi a1, a1, 0x2aa
x11 <- 0x000002AAAAAAAAAA
mem[X,0x000000008000CB3C] -> 0x9593
mem[X,0x000000008000CB3E] -> 0x00B5
[1641] [M]: 0x000000008000CB3C (0x00B59593) slli a1, a1, 0xb
x11 <- 0x0015555555555000
mem[X,0x000000008000CB40] -> 0x8593
mem[X,0x000000008000CB42] -> 0x5555
[1642] [M]: 0x000000008000CB40 (0x55558593) addi a1, a1, 0x555
x11 <- 0x0015555555555555
mem[X,0x000000008000CB44] -> 0x9593
mem[X,0x000000008000CB46] -> 0x00A5
[1643] [M]: 0x000000008000CB44 (0x00A59593) slli a1, a1, 0xa
x11 <- 0x5555555555555400
mem[X,0x000000008000CB48] -> 0x8593
mem[X,0x000000008000CB4A] -> 0x1565
[1644] [M]: 0x000000008000CB48 (0x15658593) addi a1, a1, 0x156
x11 <- 0x5555555555555556
mem[X,0x000000008000CB4C] -> 0x0113
mem[X,0x000000008000CB4E] -> 0x0000
[1645] [M]: 0x000000008000CB4C (0x00000113) addi sp, zero, 0x0
x2 <- 0x0000000000000000
mem[X,0x000000008000CB50] -> 0x006F
mem[X,0x000000008000CB52] -> 0x0180
[1646] [M]: 0x000000008000CB50 (0x0180006F) jal zero, 0x18
mem[X,0x000000008000CB68] -> 0x56E3
mem[X,0x000000008000CB6A] -> 0xFEB5
[1647] [M]: 0x000000008000CB68 (0xFEB556E3) bge a0, a1, -0x14
mem[X,0x000000008000CB6C] -> 0x0113
mem[X,0x000000008000CB6E] -> 0x0021
[1648] [M]: 0x000000008000CB6C (0x00210113) addi sp, sp, 0x2
x2 <- 0x0000000000000002
mem[X,0x000000008000CB70] -> 0x006F
mem[X,0x000000008000CB72] -> 0x00C0
[1649] [M]: 0x000000008000CB70 (0x00C0006F) jal zero, 0xc
mem[X,0x000000008000CB7C] -> 0xB823
mem[X,0x000000008000CB7E] -> 0x3820
[1650] [M]: 0x000000008000CB7C (0x3820B823) sd sp, 0x390(ra)
mem[0x0000000080048560] <- 0x0000000000000002
mem[X,0x000000008000CB80] -> 0x0513
mem[X,0x000000008000CB82] -> 0x0010
[1651] [M]: 0x000000008000CB80 (0x00100513) addi a0, zero, 0x1
x10 <- 0x0000000000000001
mem[X,0x000000008000CB84] -> 0x1513
mem[X,0x000000008000CB86] -> 0x0185
[1652] [M]: 0x000000008000CB84 (0x01851513) slli a0, a0, 0x18
x10 <- 0x0000000001000000
mem[X,0x000000008000CB88] -> 0x0593
mem[X,0x000000008000CB8A] -> 0x0010
[1653] [M]: 0x000000008000CB88 (0x00100593) addi a1, zero, 0x1
x11 <- 0x0000000000000001
mem[X,0x000000008000CB8C] -> 0x9593
mem[X,0x000000008000CB8E] -> 0x0175
[1654] [M]: 0x000000008000CB8C (0x01759593) slli a1, a1, 0x17
x11 <- 0x0000000000800000
mem[X,0x000000008000CB90] -> 0x0113
mem[X,0x000000008000CB92] -> 0x0000
[1655] [M]: 0x000000008000CB90 (0x00000113) addi sp, zero, 0x0
x2 <- 0x0000000000000000
mem[X,0x000000008000CB94] -> 0x006F
mem[X,0x000000008000CB96] -> 0x00C0
[1656] [M]: 0x000000008000CB94 (0x00C0006F) jal zero, 0xc
mem[X,0x000000008000CBA0] -> 0x5663
mem[X,0x000000008000CBA2] -> 0x00B5
[1657] [M]: 0x000000008000CBA0 (0x00B55663) bge a0, a1, 0xc
mem[X,0x000000008000CBAC] -> 0x0113
mem[X,0x000000008000CBAE] -> 0x0031
[1658] [M]: 0x000000008000CBAC (0x00310113) addi sp, sp, 0x3
x2 <- 0x0000000000000003
mem[X,0x000000008000CBB0] -> 0x006F
mem[X,0x000000008000CBB2] -> 0x0040
[1659] [M]: 0x000000008000CBB0 (0x0040006F) jal zero, 0x4
mem[X,0x000000008000CBB4] -> 0xBC23
mem[X,0x000000008000CBB6] -> 0x3820
[1660] [M]: 0x000000008000CBB4 (0x3820BC23) sd sp, 0x398(ra)
mem[0x0000000080048568] <- 0x0000000000000003
mem[X,0x000000008000CBB8] -> 0x0513
mem[X,0x000000008000CBBA] -> 0x0010
[1661] [M]: 0x000000008000CBB8 (0x00100513) addi a0, zero, 0x1
x10 <- 0x0000000000000001
mem[X,0x000000008000CBBC] -> 0x1513
mem[X,0x000000008000CBBE] -> 0x0195
[1662] [M]: 0x000000008000CBBC (0x01951513) slli a0, a0, 0x19
x10 <- 0x0000000002000000
mem[X,0x000000008000CBC0] -> 0x0593
mem[X,0x000000008000CBC2] -> 0xFFD0
[1663] [M]: 0x000000008000CBC0 (0xFFD00593) addi a1, zero, -0x3
x11 <- 0xFFFFFFFFFFFFFFFD
mem[X,0x000000008000CBC4] -> 0x0113
mem[X,0x000000008000CBC6] -> 0x0000
[1664] [M]: 0x000000008000CBC4 (0x00000113) addi sp, zero, 0x0
x2 <- 0x0000000000000000
mem[X,0x000000008000CBC8] -> 0x006F
mem[X,0x000000008000CBCA] -> 0x00C0
[1665] [M]: 0x000000008000CBC8 (0x00C0006F) jal zero, 0xc
mem[X,0x000000008000CBD4] -> 0x5063
mem[X,0x000000008000CBD6] -> 0x02B5
[1666] [M]: 0x000000008000CBD4 (0x02B55063) bge a0, a1, 0x20
mem[X,0x000000008000CBF4] -> 0x0113
mem[X,0x000000008000CBF6] -> 0x0031
[1667] [M]: 0x000000008000CBF4 (0x00310113) addi sp, sp, 0x3
x2 <- 0x0000000000000003
mem[X,0x000000008000CBF8] -> 0x006F
mem[X,0x000000008000CBFA] -> 0x0040
[1668] [M]: 0x000000008000CBF8 (0x0040006F) jal zero, 0x4
mem[X,0x000000008000CBFC] -> 0xB023
mem[X,0x000000008000CBFE] -> 0x3A20
[1669] [M]: 0x000000008000CBFC (0x3A20B023) sd sp, 0x3a0(ra)
mem[0x0000000080048570] <- 0x0000000000000003
mem[X,0x000000008000CC00] -> 0x0513
mem[X,0x000000008000CC02] -> 0x0010
[1670] [M]: 0x000000008000CC00 (0x00100513) addi a0, zero, 0x1
x10 <- 0x0000000000000001
mem[X,0x000000008000CC04] -> 0x1513
mem[X,0x000000008000CC06] -> 0x01A5
[1671] [M]: 0x000000008000CC04 (0x01A51513) slli a0, a0, 0x1a
x10 <- 0x0000000004000000
mem[X,0x000000008000CC08] -> 0x0593
mem[X,0x000000008000CC0A] -> 0xFFF0
[1672] [M]: 0x000000008000CC08 (0xFFF00593) addi a1, zero, -0x1
x11 <- 0xFFFFFFFFFFFFFFFF
mem[X,0x000000008000CC0C] -> 0x9593
mem[X,0x000000008000CC0E] -> 0x03E5
[1673] [M]: 0x000000008000CC0C (0x03E59593) slli a1, a1, 0x3e
x11 <- 0xC000000000000000
mem[X,0x000000008000CC10] -> 0x0113
mem[X,0x000000008000CC12] -> 0x0000
[1674] [M]: 0x000000008000CC10 (0x00000113) addi sp, zero, 0x0
x2 <- 0x0000000000000000
mem[X,0x000000008000CC14] -> 0x006F
mem[X,0x000000008000CC16] -> 0x0100
[1675] [M]: 0x000000008000CC14 (0x0100006F) jal zero, 0x10
mem[X,0x000000008000CC24] -> 0x5AE3
mem[X,0x000000008000CC26] -> 0xFEB5
[1676] [M]: 0x000000008000CC24 (0xFEB55AE3) bge a0, a1, -0xc
mem[X,0x000000008000CC18] -> 0x0113
mem[X,0x000000008000CC1A] -> 0x0011
[1677] [M]: 0x000000008000CC18 (0x00110113) addi sp, sp, 0x1
x2 <- 0x0000000000000001
mem[X,0x000000008000CC1C] -> 0x006F
mem[X,0x000000008000CC1E] -> 0x01C0
[1678] [M]: 0x000000008000CC1C (0x01C0006F) jal zero, 0x1c
mem[X,0x000000008000CC38] -> 0xB423
mem[X,0x000000008000CC3A] -> 0x3A20
[1679] [M]: 0x000000008000CC38 (0x3A20B423) sd sp, 0x3a8(ra)
mem[0x0000000080048578] <- 0x0000000000000001
mem[X,0x000000008000CC3C] -> 0x0513
mem[X,0x000000008000CC3E] -> 0x0010
[1680] [M]: 0x000000008000CC3C (0x00100513) addi a0, zero, 0x1
x10 <- 0x0000000000000001
mem[X,0x000000008000CC40] -> 0x1513
mem[X,0x000000008000CC42] -> 0x01E5
[1681] [M]: 0x000000008000CC40 (0x01E51513) slli a0, a0, 0x1e
x10 <- 0x0000000040000000
mem[X,0x000000008000CC44] -> 0x35B7
mem[X,0x000000008000CC46] -> 0x3333
[1682] [M]: 0x000000008000CC44 (0x333335B7) lui a1, 0x33333
x11 <- 0x0000000033333000
mem[X,0x000000008000CC48] -> 0x8593
mem[X,0x000000008000CC4A] -> 0x3335
[1683] [M]: 0x000000008000CC48 (0x33358593) addi a1, a1, 0x333
x11 <- 0x0000000033333333
mem[X,0x000000008000CC4C] -> 0x9593
mem[X,0x000000008000CC4E] -> 0x00B5
[1684] [M]: 0x000000008000CC4C (0x00B59593) slli a1, a1, 0xb
x11 <- 0x0000019999999800
mem[X,0x000000008000CC50] -> 0x8593
mem[X,0x000000008000CC52] -> 0x1995
[1685] [M]: 0x000000008000CC50 (0x19958593) addi a1, a1, 0x199
x11 <- 0x0000019999999999
mem[X,0x000000008000CC54] -> 0x9593
mem[X,0x000000008000CC56] -> 0x00B5
[1686] [M]: 0x000000008000CC54 (0x00B59593) slli a1, a1, 0xb
x11 <- 0x000CCCCCCCCCC800
mem[X,0x000000008000CC58] -> 0x8593
mem[X,0x000000008000CC5A] -> 0x4CC5
[1687] [M]: 0x000000008000CC58 (0x4CC58593) addi a1, a1, 0x4cc
x11 <- 0x000CCCCCCCCCCCCC
mem[X,0x000000008000CC5C] -> 0x9593
mem[X,0x000000008000CC5E] -> 0x00A5
[1688] [M]: 0x000000008000CC5C (0x00A59593) slli a1, a1, 0xa
x11 <- 0x3333333333333000
mem[X,0x000000008000CC60] -> 0x8593
mem[X,0x000000008000CC62] -> 0x3325
[1689] [M]: 0x000000008000CC60 (0x33258593) addi a1, a1, 0x332
x11 <- 0x3333333333333332
mem[X,0x000000008000CC64] -> 0x0113
mem[X,0x000000008000CC66] -> 0x0000
[1690] [M]: 0x000000008000CC64 (0x00000113) addi sp, zero, 0x0
x2 <- 0x0000000000000000
mem[X,0x000000008000CC68] -> 0x006F
mem[X,0x000000008000CC6A] -> 0x00C0
[1691] [M]: 0x000000008000CC68 (0x00C0006F) jal zero, 0xc
mem[X,0x000000008000CC74] -> 0x5863
mem[X,0x000000008000CC76] -> 0x00B5
[1692] [M]: 0x000000008000CC74 (0x00B55863) bge a0, a1, 0x10
mem[X,0x000000008000CC78] -> 0x0113
mem[X,0x000000008000CC7A] -> 0x0021
[1693] [M]: 0x000000008000CC78 (0x00210113) addi sp, sp, 0x2
x2 <- 0x0000000000000002
mem[X,0x000000008000CC7C] -> 0x006F
mem[X,0x000000008000CC7E] -> 0x0100
[1694] [M]: 0x000000008000CC7C (0x0100006F) jal zero, 0x10
mem[X,0x000000008000CC8C] -> 0xB823
mem[X,0x000000008000CC8E] -> 0x3A20
[1695] [M]: 0x000000008000CC8C (0x3A20B823) sd sp, 0x3b0(ra)
mem[0x0000000080048580] <- 0x0000000000000002
mem[X,0x000000008000CC90] -> 0x0513
mem[X,0x000000008000CC92] -> 0x0010
[1696] [M]: 0x000000008000CC90 (0x00100513) addi a0, zero, 0x1
x10 <- 0x0000000000000001
mem[X,0x000000008000CC94] -> 0x1513
mem[X,0x000000008000CC96] -> 0x01F5
[1697] [M]: 0x000000008000CC94 (0x01F51513) slli a0, a0, 0x1f
x10 <- 0x0000000080000000
mem[X,0x000000008000CC98] -> 0x0593
mem[X,0x000000008000CC9A] -> 0x0010
[1698] [M]: 0x000000008000CC98 (0x00100593) addi a1, zero, 0x1
x11 <- 0x0000000000000001
mem[X,0x000000008000CC9C] -> 0x9593
mem[X,0x000000008000CC9E] -> 0x01A5
[1699] [M]: 0x000000008000CC9C (0x01A59593) slli a1, a1, 0x1a
x11 <- 0x0000000004000000
clint::tick mtime <- 0x0000000000000011
 clint timer pending at mtime 0x0000000000000011
htif::tick 0x0000000000000000
mem[X,0x000000008000CCA0] -> 0xC593
mem[X,0x000000008000CCA2] -> 0xFFF5
[1700] [M]: 0x000000008000CCA0 (0xFFF5C593) xori a1, a1, -0x1
x11 <- 0xFFFFFFFFFBFFFFFF
mem[X,0x000000008000CCA4] -> 0x0113
mem[X,0x000000008000CCA6] -> 0x0000
[1701] [M]: 0x000000008000CCA4 (0x00000113) addi sp, zero, 0x0
x2 <- 0x0000000000000000
mem[X,0x000000008000CCA8] -> 0x006F
mem[X,0x000000008000CCAA] -> 0x00C0
[1702] [M]: 0x000000008000CCA8 (0x00C0006F) jal zero, 0xc
mem[X,0x000000008000CCB4] -> 0x5663
mem[X,0x000000008000CCB6] -> 0x00B5
[1703] [M]: 0x000000008000CCB4 (0x00B55663) bge a0, a1, 0xc
mem[X,0x000000008000CCC0] -> 0x0113
mem[X,0x000000008000CCC2] -> 0x0031
[1704] [M]: 0x000000008000CCC0 (0x00310113) addi sp, sp, 0x3
x2 <- 0x0000000000000003
mem[X,0x000000008000CCC4] -> 0x006F
mem[X,0x000000008000CCC6] -> 0x0040
[1705] [M]: 0x000000008000CCC4 (0x0040006F) jal zero, 0x4
mem[X,0x000000008000CCC8] -> 0xBC23
mem[X,0x000000008000CCCA] -> 0x3A20
[1706] [M]: 0x000000008000CCC8 (0x3A20BC23) sd sp, 0x3b8(ra)
mem[0x0000000080048588] <- 0x0000000000000003
mem[X,0x000000008000CCCC] -> 0x0513
mem[X,0x000000008000CCCE] -> 0x0010
[1707] [M]: 0x000000008000CCCC (0x00100513) addi a0, zero, 0x1
x10 <- 0x0000000000000001
mem[X,0x000000008000CCD0] -> 0x1513
mem[X,0x000000008000CCD2] -> 0x0215
[1708] [M]: 0x000000008000CCD0 (0x02151513) slli a0, a0, 0x21
x10 <- 0x0000000200000000
mem[X,0x000000008000CCD4] -> 0x0593
mem[X,0x000000008000CCD6] -> 0x0010
[1709] [M]: 0x000000008000CCD4 (0x00100593) addi a1, zero, 0x1
x11 <- 0x0000000000000001
mem[X,0x000000008000CCD8] -> 0x9593
mem[X,0x000000008000CCDA] -> 0x00C5
[1710] [M]: 0x000000008000CCD8 (0x00C59593) slli a1, a1, 0xc
x11 <- 0x0000000000001000
mem[X,0x000000008000CCDC] -> 0xC593
mem[X,0x000000008000CCDE] -> 0xFFF5
[1711] [M]: 0x000000008000CCDC (0xFFF5C593) xori a1, a1, -0x1
x11 <- 0xFFFFFFFFFFFFEFFF
mem[X,0x000000008000CCE0] -> 0x0113
mem[X,0x000000008000CCE2] -> 0x0000
[1712] [M]: 0x000000008000CCE0 (0x00000113) addi sp, zero, 0x0
x2 <- 0x0000000000000000
mem[X,0x000000008000CCE4] -> 0x006F
mem[X,0x000000008000CCE6] -> 0x00C0
[1713] [M]: 0x000000008000CCE4 (0x00C0006F) jal zero, 0xc
mem[X,0x000000008000CCF0] -> 0x5CE3
mem[X,0x000000008000CCF2] -> 0xFEB5
[1714] [M]: 0x000000008000CCF0 (0xFEB55CE3) bge a0, a1, -0x8
mem[X,0x000000008000CCE8] -> 0x0113
mem[X,0x000000008000CCEA] -> 0x0011
[1715] [M]: 0x000000008000CCE8 (0x00110113) addi sp, sp, 0x1
x2 <- 0x0000000000000001
mem[X,0x000000008000CCEC] -> 0x006F
mem[X,0x000000008000CCEE] -> 0x0180
[1716] [M]: 0x000000008000CCEC (0x0180006F) jal zero, 0x18
mem[X,0x000000008000CD04] -> 0xB023
mem[X,0x000000008000CD06] -> 0x3C20
[1717] [M]: 0x000000008000CD04 (0x3C20B023) sd sp, 0x3c0(ra)
mem[0x0000000080048590] <- 0x0000000000000001
mem[X,0x000000008000CD08] -> 0x0513
mem[X,0x000000008000CD0A] -> 0x0010
[1718] [M]: 0x000000008000CD08 (0x00100513) addi a0, zero, 0x1
x10 <- 0x0000000000000001
mem[X,0x000000008000CD0C] -> 0x1513
mem[X,0x000000008000CD0E] -> 0x0235
[1719] [M]: 0x000000008000CD0C (0x02351513) slli a0, a0, 0x23
x10 <- 0x0000000800000000
mem[X,0x000000008000CD10] -> 0x0593
mem[X,0x000000008000CD12] -> 0x0010
[1720] [M]: 0x000000008000CD10 (0x00100593) addi a1, zero, 0x1
x11 <- 0x0000000000000001
mem[X,0x000000008000CD14] -> 0x9593
mem[X,0x000000008000CD16] -> 0x02B5
[1721] [M]: 0x000000008000CD14 (0x02B59593) slli a1, a1, 0x2b
x11 <- 0x0000080000000000
mem[X,0x000000008000CD18] -> 0x0113
mem[X,0x000000008000CD1A] -> 0x0000
[1722] [M]: 0x000000008000CD18 (0x00000113) addi sp, zero, 0x0
x2 <- 0x0000000000000000
mem[X,0x000000008000CD1C] -> 0x006F
mem[X,0x000000008000CD1E] -> 0x00C0
[1723] [M]: 0x000000008000CD1C (0x00C0006F) jal zero, 0xc
mem[X,0x000000008000CD28] -> 0x5663
mem[X,0x000000008000CD2A] -> 0x00B5
[1724] [M]: 0x000000008000CD28 (0x00B55663) bge a0, a1, 0xc
mem[X,0x000000008000CD2C] -> 0x0113
mem[X,0x000000008000CD2E] -> 0x0021
[1725] [M]: 0x000000008000CD2C (0x00210113) addi sp, sp, 0x2
x2 <- 0x0000000000000002
mem[X,0x000000008000CD30] -> 0x006F
mem[X,0x000000008000CD32] -> 0x00C0
[1726] [M]: 0x000000008000CD30 (0x00C0006F) jal zero, 0xc
mem[X,0x000000008000CD3C] -> 0xB423
mem[X,0x000000008000CD3E] -> 0x3C20
[1727] [M]: 0x000000008000CD3C (0x3C20B423) sd sp, 0x3c8(ra)
mem[0x0000000080048598] <- 0x0000000000000002
mem[X,0x000000008000CD40] -> 0x0513
mem[X,0x000000008000CD42] -> 0x0010
[1728] [M]: 0x000000008000CD40 (0x00100513) addi a0, zero, 0x1
x10 <- 0x0000000000000001
mem[X,0x000000008000CD44] -> 0x1513
mem[X,0x000000008000CD46] -> 0x0255
[1729] [M]: 0x000000008000CD44 (0x02551513) slli a0, a0, 0x25
x10 <- 0x0000002000000000
mem[X,0x000000008000CD48] -> 0x0593
mem[X,0x000000008000CD4A] -> 0x0010
[1730] [M]: 0x000000008000CD48 (0x00100593) addi a1, zero, 0x1
x11 <- 0x0000000000000001
mem[X,0x000000008000CD4C] -> 0x9593
mem[X,0x000000008000CD4E] -> 0x01D5
[1731] [M]: 0x000000008000CD4C (0x01D59593) slli a1, a1, 0x1d
x11 <- 0x0000000020000000
mem[X,0x000000008000CD50] -> 0x0113
mem[X,0x000000008000CD52] -> 0x0000
[1732] [M]: 0x000000008000CD50 (0x00000113) addi sp, zero, 0x0
x2 <- 0x0000000000000000
mem[X,0x000000008000CD54] -> 0x006F
mem[X,0x000000008000CD56] -> 0x00C0
[1733] [M]: 0x000000008000CD54 (0x00C0006F) jal zero, 0xc
mem[X,0x000000008000CD60] -> 0x5063
mem[X,0x000000008000CD62] -> 0x40B5
[1734] [M]: 0x000000008000CD60 (0x40B55063) bge a0, a1, 0x400
mem[X,0x000000008000D160] -> 0x0113
mem[X,0x000000008000D162] -> 0x0031
[1735] [M]: 0x000000008000D160 (0x00310113) addi sp, sp, 0x3
x2 <- 0x0000000000000003
mem[X,0x000000008000D164] -> 0x006F
mem[X,0x000000008000D166] -> 0x0040
[1736] [M]: 0x000000008000D164 (0x0040006F) jal zero, 0x4
mem[X,0x000000008000D168] -> 0xB823
mem[X,0x000000008000D16A] -> 0x3C20
[1737] [M]: 0x000000008000D168 (0x3C20B823) sd sp, 0x3d0(ra)
mem[0x00000000800485A0] <- 0x0000000000000003
mem[X,0x000000008000D16C] -> 0x0513
mem[X,0x000000008000D16E] -> 0x0010
[1738] [M]: 0x000000008000D16C (0x00100513) addi a0, zero, 0x1
x10 <- 0x0000000000000001
mem[X,0x000000008000D170] -> 0x1513
mem[X,0x000000008000D172] -> 0x0275
[1739] [M]: 0x000000008000D170 (0x02751513) slli a0, a0, 0x27
x10 <- 0x0000008000000000
mem[X,0x000000008000D174] -> 0x0593
mem[X,0x000000008000D176] -> 0xFDF0
[1740] [M]: 0x000000008000D174 (0xFDF00593) addi a1, zero, -0x21
x11 <- 0xFFFFFFFFFFFFFFDF
mem[X,0x000000008000D178] -> 0x0113
mem[X,0x000000008000D17A] -> 0x0000
[1741] [M]: 0x000000008000D178 (0x00000113) addi sp, zero, 0x0
x2 <- 0x0000000000000000
mem[X,0x000000008000D17C] -> 0x006F
mem[X,0x000000008000D17E] -> 0x00C0
[1742] [M]: 0x000000008000D17C (0x00C0006F) jal zero, 0xc
mem[X,0x000000008000D188] -> 0x5663
mem[X,0x000000008000D18A] -> 0x00B5
[1743] [M]: 0x000000008000D188 (0x00B55663) bge a0, a1, 0xc
mem[X,0x000000008000D194] -> 0x0113
mem[X,0x000000008000D196] -> 0x0031
[1744] [M]: 0x000000008000D194 (0x00310113) addi sp, sp, 0x3
x2 <- 0x0000000000000003
mem[X,0x000000008000D198] -> 0x006F
mem[X,0x000000008000D19A] -> 0x0040
[1745] [M]: 0x000000008000D198 (0x0040006F) jal zero, 0x4
mem[X,0x000000008000D19C] -> 0xBC23
mem[X,0x000000008000D19E] -> 0x3C20
[1746] [M]: 0x000000008000D19C (0x3C20BC23) sd sp, 0x3d8(ra)
mem[0x00000000800485A8] <- 0x0000000000000003
mem[X,0x000000008000D1A0] -> 0x0513
mem[X,0x000000008000D1A2] -> 0x0010
[1747] [M]: 0x000000008000D1A0 (0x00100513) addi a0, zero, 0x1
x10 <- 0x0000000000000001
mem[X,0x000000008000D1A4] -> 0x1513
mem[X,0x000000008000D1A6] -> 0x0295
[1748] [M]: 0x000000008000D1A4 (0x02951513) slli a0, a0, 0x29
x10 <- 0x0000020000000000
mem[X,0x000000008000D1A8] -> 0x0593
mem[X,0x000000008000D1AA] -> 0x0010
[1749] [M]: 0x000000008000D1A8 (0x00100593) addi a1, zero, 0x1
x11 <- 0x0000000000000001
mem[X,0x000000008000D1AC] -> 0x9593
mem[X,0x000000008000D1AE] -> 0x0395
[1750] [M]: 0x000000008000D1AC (0x03959593) slli a1, a1, 0x39
x11 <- 0x0200000000000000
mem[X,0x000000008000D1B0] -> 0x0113
mem[X,0x000000008000D1B2] -> 0x0000
[1751] [M]: 0x000000008000D1B0 (0x00000113) addi sp, zero, 0x0
x2 <- 0x0000000000000000
mem[X,0x000000008000D1B4] -> 0x006F
mem[X,0x000000008000D1B6] -> 0x00C0
[1752] [M]: 0x000000008000D1B4 (0x00C0006F) jal zero, 0xc
mem[X,0x000000008000D1C0] -> 0x5063
mem[X,0x000000008000D1C2] -> 0x04B5
[1753] [M]: 0x000000008000D1C0 (0x04B55063) bge a0, a1, 0x40
mem[X,0x000000008000D1C4] -> 0x0113
mem[X,0x000000008000D1C6] -> 0x0021
[1754] [M]: 0x000000008000D1C4 (0x00210113) addi sp, sp, 0x2
x2 <- 0x0000000000000002
mem[X,0x000000008000D1C8] -> 0x006F
mem[X,0x000000008000D1CA] -> 0x0400
[1755] [M]: 0x000000008000D1C8 (0x0400006F) jal zero, 0x40
mem[X,0x000000008000D208] -> 0xB023
mem[X,0x000000008000D20A] -> 0x3E20
[1756] [M]: 0x000000008000D208 (0x3E20B023) sd sp, 0x3e0(ra)
mem[0x00000000800485B0] <- 0x0000000000000002
mem[X,0x000000008000D20C] -> 0x0513
mem[X,0x000000008000D20E] -> 0x0010
[1757] [M]: 0x000000008000D20C (0x00100513) addi a0, zero, 0x1
x10 <- 0x0000000000000001
mem[X,0x000000008000D210] -> 0x1513
mem[X,0x000000008000D212] -> 0x02D5
[1758] [M]: 0x000000008000D210 (0x02D51513) slli a0, a0, 0x2d
x10 <- 0x0000200000000000
mem[X,0x000000008000D214] -> 0x0593
mem[X,0x000000008000D216] -> 0x0010
[1759] [M]: 0x000000008000D214 (0x00100593) addi a1, zero, 0x1
x11 <- 0x0000000000000001
mem[X,0x000000008000D218] -> 0x9593
mem[X,0x000000008000D21A] -> 0x0265
[1760] [M]: 0x000000008000D218 (0x02659593) slli a1, a1, 0x26
x11 <- 0x0000004000000000
mem[X,0x000000008000D21C] -> 0x0113
mem[X,0x000000008000D21E] -> 0x0000
[1761] [M]: 0x000000008000D21C (0x00000113) addi sp, zero, 0x0
x2 <- 0x0000000000000000
mem[X,0x000000008000D220] -> 0x006F
mem[X,0x000000008000D222] -> 0x2B10
[1762] [M]: 0x000000008000D220 (0x2B10006F) jal zero, 0xab0
mem[X,0x000000008000DCD0] -> 0x5A63
mem[X,0x000000008000DCD2] -> 0xD4B5
[1763] [M]: 0x000000008000DCD0 (0xD4B55A63) bge a0, a1, -0xaac
mem[X,0x000000008000D224] -> 0x0113
mem[X,0x000000008000D226] -> 0x0011
[1764] [M]: 0x000000008000D224 (0x00110113) addi sp, sp, 0x1
x2 <- 0x0000000000000001
mem[X,0x000000008000D228] -> 0x006F
mem[X,0x000000008000D22A] -> 0x2BD0
[1765] [M]: 0x000000008000D228 (0x2BD0006F) jal zero, 0xabc
mem[X,0x000000008000DCE4] -> 0xB423
mem[X,0x000000008000DCE6] -> 0x3E20
[1766] [M]: 0x000000008000DCE4 (0x3E20B423) sd sp, 0x3e8(ra)
mem[0x00000000800485B8] <- 0x0000000000000001
mem[X,0x000000008000DCE8] -> 0x0513
mem[X,0x000000008000DCEA] -> 0x0010
[1767] [M]: 0x000000008000DCE8 (0x00100513) addi a0, zero, 0x1
x10 <- 0x0000000000000001
mem[X,0x000000008000DCEC] -> 0x1513
mem[X,0x000000008000DCEE] -> 0x0305
[1768] [M]: 0x000000008000DCEC (0x03051513) slli a0, a0, 0x30
x10 <- 0x0001000000000000
mem[X,0x000000008000DCF0] -> 0x0593
mem[X,0x000000008000DCF2] -> 0x0010
[1769] [M]: 0x000000008000DCF0 (0x00100593) addi a1, zero, 0x1
x11 <- 0x0000000000000001
mem[X,0x000000008000DCF4] -> 0x9593
mem[X,0x000000008000DCF6] -> 0x0145
[1770] [M]: 0x000000008000DCF4 (0x01459593) slli a1, a1, 0x14
x11 <- 0x0000000000100000
mem[X,0x000000008000DCF8] -> 0x0113
mem[X,0x000000008000DCFA] -> 0x0000
[1771] [M]: 0x000000008000DCF8 (0x00000113) addi sp, zero, 0x0
x2 <- 0x0000000000000000
mem[X,0x000000008000DCFC] -> 0x006F
mem[X,0x000000008000DCFE] -> 0x2B10
[1772] [M]: 0x000000008000DCFC (0x2B10006F) jal zero, 0xab0
mem[X,0x000000008000E7AC] -> 0x5A63
mem[X,0x000000008000E7AE] -> 0xD4B5
[1773] [M]: 0x000000008000E7AC (0xD4B55A63) bge a0, a1, -0xaac
mem[X,0x000000008000DD00] -> 0x0113
mem[X,0x000000008000DD02] -> 0x0011
[1774] [M]: 0x000000008000DD00 (0x00110113) addi sp, sp, 0x1
x2 <- 0x0000000000000001
mem[X,0x000000008000DD04] -> 0x006F
mem[X,0x000000008000DD06] -> 0x2BD0
[1775] [M]: 0x000000008000DD04 (0x2BD0006F) jal zero, 0xabc
mem[X,0x000000008000E7C0] -> 0xB823
mem[X,0x000000008000E7C2] -> 0x3E20
[1776] [M]: 0x000000008000E7C0 (0x3E20B823) sd sp, 0x3f0(ra)
mem[0x00000000800485C0] <- 0x0000000000000001
mem[X,0x000000008000E7C4] -> 0x0513
mem[X,0x000000008000E7C6] -> 0x0010
[1777] [M]: 0x000000008000E7C4 (0x00100513) addi a0, zero, 0x1
x10 <- 0x0000000000000001
mem[X,0x000000008000E7C8] -> 0x1513
mem[X,0x000000008000E7CA] -> 0x0315
[1778] [M]: 0x000000008000E7C8 (0x03151513) slli a0, a0, 0x31
x10 <- 0x0002000000000000
mem[X,0x000000008000E7CC] -> 0x0593
mem[X,0x000000008000E7CE] -> 0x0010
[1779] [M]: 0x000000008000E7CC (0x00100593) addi a1, zero, 0x1
x11 <- 0x0000000000000001
mem[X,0x000000008000E7D0] -> 0x9593
mem[X,0x000000008000E7D2] -> 0x01C5
[1780] [M]: 0x000000008000E7D0 (0x01C59593) slli a1, a1, 0x1c
x11 <- 0x0000000010000000
mem[X,0x000000008000E7D4] -> 0x0113
mem[X,0x000000008000E7D6] -> 0x0000
[1781] [M]: 0x000000008000E7D4 (0x00000113) addi sp, zero, 0x0
x2 <- 0x0000000000000000
mem[X,0x000000008000E7D8] -> 0x006F
mem[X,0x000000008000E7DA] -> 0x00C0
[1782] [M]: 0x000000008000E7D8 (0x00C0006F) jal zero, 0xc
mem[X,0x000000008000E7E4] -> 0x5063
mem[X,0x000000008000E7E6] -> 0x40B5
[1783] [M]: 0x000000008000E7E4 (0x40B55063) bge a0, a1, 0x400
mem[X,0x000000008000EBE4] -> 0x0113
mem[X,0x000000008000EBE6] -> 0x0031
[1784] [M]: 0x000000008000EBE4 (0x00310113) addi sp, sp, 0x3
x2 <- 0x0000000000000003
mem[X,0x000000008000EBE8] -> 0x006F
mem[X,0x000000008000EBEA] -> 0x0040
[1785] [M]: 0x000000008000EBE8 (0x0040006F) jal zero, 0x4
mem[X,0x000000008000EBEC] -> 0xBC23
mem[X,0x000000008000EBEE] -> 0x3E20
[1786] [M]: 0x000000008000EBEC (0x3E20BC23) sd sp, 0x3f8(ra)
mem[0x00000000800485C8] <- 0x0000000000000003
mem[X,0x000000008000EBF0] -> 0x0513
mem[X,0x000000008000EBF2] -> 0x0010
[1787] [M]: 0x000000008000EBF0 (0x00100513) addi a0, zero, 0x1
x10 <- 0x0000000000000001
mem[X,0x000000008000EBF4] -> 0x1513
mem[X,0x000000008000EBF6] -> 0x0335
[1788] [M]: 0x000000008000EBF4 (0x03351513) slli a0, a0, 0x33
x10 <- 0x0008000000000000
mem[X,0x000000008000EBF8] -> 0x65B7
mem[X,0x000000008000EBFA] -> 0x6666
[1789] [M]: 0x000000008000EBF8 (0x666665B7) lui a1, 0x66666
x11 <- 0x0000000066666000
mem[X,0x000000008000EBFC] -> 0x8593
mem[X,0x000000008000EBFE] -> 0x6665
[1790] [M]: 0x000000008000EBFC (0x66658593) addi a1, a1, 0x666
x11 <- 0x0000000066666666
mem[X,0x000000008000EC00] -> 0x9593
mem[X,0x000000008000EC02] -> 0x00B5
[1791] [M]: 0x000000008000EC00 (0x00B59593) slli a1, a1, 0xb
x11 <- 0x0000033333333000
mem[X,0x000000008000EC04] -> 0x8593
mem[X,0x000000008000EC06] -> 0x3335
[1792] [M]: 0x000000008000EC04 (0x33358593) addi a1, a1, 0x333
x11 <- 0x0000033333333333
mem[X,0x000000008000EC08] -> 0x9593
mem[X,0x000000008000EC0A] -> 0x00B5
[1793] [M]: 0x000000008000EC08 (0x00B59593) slli a1, a1, 0xb
x11 <- 0x0019999999999800
mem[X,0x000000008000EC0C] -> 0x8593
mem[X,0x000000008000EC0E] -> 0x1995
[1794] [M]: 0x000000008000EC0C (0x19958593) addi a1, a1, 0x199
x11 <- 0x0019999999999999
mem[X,0x000000008000EC10] -> 0x9593
mem[X,0x000000008000EC12] -> 0x00A5
[1795] [M]: 0x000000008000EC10 (0x00A59593) slli a1, a1, 0xa
x11 <- 0x6666666666666400
mem[X,0x000000008000EC14] -> 0x8593
mem[X,0x000000008000EC16] -> 0x2655
[1796] [M]: 0x000000008000EC14 (0x26558593) addi a1, a1, 0x265
x11 <- 0x6666666666666665
mem[X,0x000000008000EC18] -> 0x0113
mem[X,0x000000008000EC1A] -> 0x0000
[1797] [M]: 0x000000008000EC18 (0x00000113) addi sp, zero, 0x0
x2 <- 0x0000000000000000
mem[X,0x000000008000EC1C] -> 0x006F
mem[X,0x000000008000EC1E] -> 0x00C0
[1798] [M]: 0x000000008000EC1C (0x00C0006F) jal zero, 0xc
mem[X,0x000000008000EC28] -> 0x5CE3
mem[X,0x000000008000EC2A] -> 0xFEB5
[1799] [M]: 0x000000008000EC28 (0xFEB55CE3) bge a0, a1, -0x8
clint::tick mtime <- 0x0000000000000012
 clint timer pending at mtime 0x0000000000000012
htif::tick 0x0000000000000000
mem[X,0x000000008000EC2C] -> 0x0113
mem[X,0x000000008000EC2E] -> 0x0021
[1800] [M]: 0x000000008000EC2C (0x00210113) addi sp, sp, 0x2
x2 <- 0x0000000000000002
mem[X,0x000000008000EC30] -> 0x006F
mem[X,0x000000008000EC32] -> 0x00C0
[1801] [M]: 0x000000008000EC30 (0x00C0006F) jal zero, 0xc
mem[X,0x000000008000EC3C] -> 0xB023
mem[X,0x000000008000EC3E] -> 0x4020
[1802] [M]: 0x000000008000EC3C (0x4020B023) sd sp, 0x400(ra)
mem[0x00000000800485D0] <- 0x0000000000000002
mem[X,0x000000008000EC40] -> 0x0513
mem[X,0x000000008000EC42] -> 0x0010
[1803] [M]: 0x000000008000EC40 (0x00100513) addi a0, zero, 0x1
x10 <- 0x0000000000000001
mem[X,0x000000008000EC44] -> 0x1513
mem[X,0x000000008000EC46] -> 0x0365
[1804] [M]: 0x000000008000EC44 (0x03651513) slli a0, a0, 0x36
x10 <- 0x0040000000000000
mem[X,0x000000008000EC48] -> 0x0593
mem[X,0x000000008000EC4A] -> 0xFFF0
[1805] [M]: 0x000000008000EC48 (0xFFF00593) addi a1, zero, -0x1
x11 <- 0xFFFFFFFFFFFFFFFF
mem[X,0x000000008000EC4C] -> 0xD593
mem[X,0x000000008000EC4E] -> 0x0015
[1806] [M]: 0x000000008000EC4C (0x0015D593) srli a1, a1, 0x1
x11 <- 0x7FFFFFFFFFFFFFFF
mem[X,0x000000008000EC50] -> 0x0113
mem[X,0x000000008000EC52] -> 0x0000
[1807] [M]: 0x000000008000EC50 (0x00000113) addi sp, zero, 0x0
x2 <- 0x0000000000000000
mem[X,0x000000008000EC54] -> 0x006F
mem[X,0x000000008000EC56] -> 0x00C0
[1808] [M]: 0x000000008000EC54 (0x00C0006F) jal zero, 0xc
mem[X,0x000000008000EC60] -> 0x5063
mem[X,0x000000008000EC62] -> 0x20B5
[1809] [M]: 0x000000008000EC60 (0x20B55063) bge a0, a1, 0x200
mem[X,0x000000008000EC64] -> 0x0113
mem[X,0x000000008000EC66] -> 0x0021
[1810] [M]: 0x000000008000EC64 (0x00210113) addi sp, sp, 0x2
x2 <- 0x0000000000000002
mem[X,0x000000008000EC68] -> 0x006F
mem[X,0x000000008000EC6A] -> 0x2000
[1811] [M]: 0x000000008000EC68 (0x2000006F) jal zero, 0x200
mem[X,0x000000008000EE68] -> 0xB423
mem[X,0x000000008000EE6A] -> 0x4020
[1812] [M]: 0x000000008000EE68 (0x4020B423) sd sp, 0x408(ra)
mem[0x00000000800485D8] <- 0x0000000000000002
mem[X,0x000000008000EE6C] -> 0x0513
mem[X,0x000000008000EE6E] -> 0x0010
[1813] [M]: 0x000000008000EE6C (0x00100513) addi a0, zero, 0x1
x10 <- 0x0000000000000001
mem[X,0x000000008000EE70] -> 0x1513
mem[X,0x000000008000EE72] -> 0x0375
[1814] [M]: 0x000000008000EE70 (0x03751513) slli a0, a0, 0x37
x10 <- 0x0080000000000000
mem[X,0x000000008000EE74] -> 0x35B7
mem[X,0x000000008000EE76] -> 0x3333
[1815] [M]: 0x000000008000EE74 (0x333335B7) lui a1, 0x33333
x11 <- 0x0000000033333000
mem[X,0x000000008000EE78] -> 0x8593
mem[X,0x000000008000EE7A] -> 0x3335
[1816] [M]: 0x000000008000EE78 (0x33358593) addi a1, a1, 0x333
x11 <- 0x0000000033333333
mem[X,0x000000008000EE7C] -> 0x9593
mem[X,0x000000008000EE7E] -> 0x00B5
[1817] [M]: 0x000000008000EE7C (0x00B59593) slli a1, a1, 0xb
x11 <- 0x0000019999999800
mem[X,0x000000008000EE80] -> 0x8593
mem[X,0x000000008000EE82] -> 0x1995
[1818] [M]: 0x000000008000EE80 (0x19958593) addi a1, a1, 0x199
x11 <- 0x0000019999999999
mem[X,0x000000008000EE84] -> 0x9593
mem[X,0x000000008000EE86] -> 0x00B5
[1819] [M]: 0x000000008000EE84 (0x00B59593) slli a1, a1, 0xb
x11 <- 0x000CCCCCCCCCC800
mem[X,0x000000008000EE88] -> 0x8593
mem[X,0x000000008000EE8A] -> 0x4CC5
[1820] [M]: 0x000000008000EE88 (0x4CC58593) addi a1, a1, 0x4cc
x11 <- 0x000CCCCCCCCCCCCC
mem[X,0x000000008000EE8C] -> 0x9593
mem[X,0x000000008000EE8E] -> 0x00A5
[1821] [M]: 0x000000008000EE8C (0x00A59593) slli a1, a1, 0xa
x11 <- 0x3333333333333000
mem[X,0x000000008000EE90] -> 0x8593
mem[X,0x000000008000EE92] -> 0x3345
[1822] [M]: 0x000000008000EE90 (0x33458593) addi a1, a1, 0x334
x11 <- 0x3333333333333334
mem[X,0x000000008000EE94] -> 0x0113
mem[X,0x000000008000EE96] -> 0x0000
[1823] [M]: 0x000000008000EE94 (0x00000113) addi sp, zero, 0x0
x2 <- 0x0000000000000000
mem[X,0x000000008000EE98] -> 0x006F
mem[X,0x000000008000EE9A] -> 0x00C0
[1824] [M]: 0x000000008000EE98 (0x00C0006F) jal zero, 0xc
mem[X,0x000000008000EEA4] -> 0x5063
mem[X,0x000000008000EEA6] -> 0x20B5
[1825] [M]: 0x000000008000EEA4 (0x20B55063) bge a0, a1, 0x200
mem[X,0x000000008000EEA8] -> 0x0113
mem[X,0x000000008000EEAA] -> 0x0021
[1826] [M]: 0x000000008000EEA8 (0x00210113) addi sp, sp, 0x2
x2 <- 0x0000000000000002
mem[X,0x000000008000EEAC] -> 0x006F
mem[X,0x000000008000EEAE] -> 0x2000
[1827] [M]: 0x000000008000EEAC (0x2000006F) jal zero, 0x200
mem[X,0x000000008000F0AC] -> 0xB823
mem[X,0x000000008000F0AE] -> 0x4020
[1828] [M]: 0x000000008000F0AC (0x4020B823) sd sp, 0x410(ra)
mem[0x00000000800485E0] <- 0x0000000000000002
mem[X,0x000000008000F0B0] -> 0x0513
mem[X,0x000000008000F0B2] -> 0x0010
[1829] [M]: 0x000000008000F0B0 (0x00100513) addi a0, zero, 0x1
x10 <- 0x0000000000000001
mem[X,0x000000008000F0B4] -> 0x1513
mem[X,0x000000008000F0B6] -> 0x03B5
[1830] [M]: 0x000000008000F0B4 (0x03B51513) slli a0, a0, 0x3b
x10 <- 0x0800000000000000
mem[X,0x000000008000F0B8] -> 0x0593
mem[X,0x000000008000F0BA] -> 0x0040
[1831] [M]: 0x000000008000F0B8 (0x00400593) addi a1, zero, 0x4
x11 <- 0x0000000000000004
mem[X,0x000000008000F0BC] -> 0x0113
mem[X,0x000000008000F0BE] -> 0x0000
[1832] [M]: 0x000000008000F0BC (0x00000113) addi sp, zero, 0x0
x2 <- 0x0000000000000000
mem[X,0x000000008000F0C0] -> 0x006F
mem[X,0x000000008000F0C2] -> 0x00C0
[1833] [M]: 0x000000008000F0C0 (0x00C0006F) jal zero, 0xc
mem[X,0x000000008000F0CC] -> 0x5663
mem[X,0x000000008000F0CE] -> 0x00B5
[1834] [M]: 0x000000008000F0CC (0x00B55663) bge a0, a1, 0xc
mem[X,0x000000008000F0D8] -> 0x0113
mem[X,0x000000008000F0DA] -> 0x0031
[1835] [M]: 0x000000008000F0D8 (0x00310113) addi sp, sp, 0x3
x2 <- 0x0000000000000003
mem[X,0x000000008000F0DC] -> 0x006F
mem[X,0x000000008000F0DE] -> 0x0040
[1836] [M]: 0x000000008000F0DC (0x0040006F) jal zero, 0x4
mem[X,0x000000008000F0E0] -> 0xBC23
mem[X,0x000000008000F0E2] -> 0x4020
[1837] [M]: 0x000000008000F0E0 (0x4020BC23) sd sp, 0x418(ra)
mem[0x00000000800485E8] <- 0x0000000000000003
mem[X,0x000000008000F0E4] -> 0x0513
mem[X,0x000000008000F0E6] -> 0x0010
[1838] [M]: 0x000000008000F0E4 (0x00100513) addi a0, zero, 0x1
x10 <- 0x0000000000000001
mem[X,0x000000008000F0E8] -> 0x1513
mem[X,0x000000008000F0EA] -> 0x03D5
[1839] [M]: 0x000000008000F0E8 (0x03D51513) slli a0, a0, 0x3d
x10 <- 0x2000000000000000
mem[X,0x000000008000F0EC] -> 0x0593
mem[X,0x000000008000F0EE] -> 0xEFF0
[1840] [M]: 0x000000008000F0EC (0xEFF00593) addi a1, zero, -0x101
x11 <- 0xFFFFFFFFFFFFFEFF
mem[X,0x000000008000F0F0] -> 0x0113
mem[X,0x000000008000F0F2] -> 0x0000
[1841] [M]: 0x000000008000F0F0 (0x00000113) addi sp, zero, 0x0
x2 <- 0x0000000000000000
mem[X,0x000000008000F0F4] -> 0x006F
mem[X,0x000000008000F0F6] -> 0x00C0
[1842] [M]: 0x000000008000F0F4 (0x00C0006F) jal zero, 0xc
mem[X,0x000000008000F100] -> 0x5063
mem[X,0x000000008000F102] -> 0x40B5
[1843] [M]: 0x000000008000F100 (0x40B55063) bge a0, a1, 0x400
mem[X,0x000000008000F500] -> 0x0113
mem[X,0x000000008000F502] -> 0x0031
[1844] [M]: 0x000000008000F500 (0x00310113) addi sp, sp, 0x3
x2 <- 0x0000000000000003
mem[X,0x000000008000F504] -> 0x006F
mem[X,0x000000008000F506] -> 0x0040
[1845] [M]: 0x000000008000F504 (0x0040006F) jal zero, 0x4
mem[X,0x000000008000F508] -> 0xB023
mem[X,0x000000008000F50A] -> 0x4220
[1846] [M]: 0x000000008000F508 (0x4220B023) sd sp, 0x420(ra)
mem[0x00000000800485F0] <- 0x0000000000000003
mem[X,0x000000008000F50C] -> 0x0513
mem[X,0x000000008000F50E] -> 0x0010
[1847] [M]: 0x000000008000F50C (0x00100513) addi a0, zero, 0x1
x10 <- 0x0000000000000001
mem[X,0x000000008000F510] -> 0x1513
mem[X,0x000000008000F512] -> 0x03E5
[1848] [M]: 0x000000008000F510 (0x03E51513) slli a0, a0, 0x3e
x10 <- 0x4000000000000000
mem[X,0x000000008000F514] -> 0x0593
mem[X,0x000000008000F516] -> 0x0010
[1849] [M]: 0x000000008000F514 (0x00100593) addi a1, zero, 0x1
x11 <- 0x0000000000000001
mem[X,0x000000008000F518] -> 0x9593
mem[X,0x000000008000F51A] -> 0x0375
[1850] [M]: 0x000000008000F518 (0x03759593) slli a1, a1, 0x37
x11 <- 0x0080000000000000
mem[X,0x000000008000F51C] -> 0xC593
mem[X,0x000000008000F51E] -> 0xFFF5
[1851] [M]: 0x000000008000F51C (0xFFF5C593) xori a1, a1, -0x1
x11 <- 0xFF7FFFFFFFFFFFFF
mem[X,0x000000008000F520] -> 0x0113
mem[X,0x000000008000F522] -> 0x0000
[1852] [M]: 0x000000008000F520 (0x00000113) addi sp, zero, 0x0
x2 <- 0x0000000000000000
mem[X,0x000000008000F524] -> 0x006F
mem[X,0x000000008000F526] -> 0x00C0
[1853] [M]: 0x000000008000F524 (0x00C0006F) jal zero, 0xc
mem[X,0x000000008000F530] -> 0x5663
mem[X,0x000000008000F532] -> 0x00B5
[1854] [M]: 0x000000008000F530 (0x00B55663) bge a0, a1, 0xc
mem[X,0x000000008000F53C] -> 0x0113
mem[X,0x000000008000F53E] -> 0x0031
[1855] [M]: 0x000000008000F53C (0x00310113) addi sp, sp, 0x3
x2 <- 0x0000000000000003
mem[X,0x000000008000F540] -> 0x006F
mem[X,0x000000008000F542] -> 0x0040
[1856] [M]: 0x000000008000F540 (0x0040006F) jal zero, 0x4
mem[X,0x000000008000F544] -> 0xB423
mem[X,0x000000008000F546] -> 0x4220
[1857] [M]: 0x000000008000F544 (0x4220B423) sd sp, 0x428(ra)
mem[0x00000000800485F8] <- 0x0000000000000003
mem[X,0x000000008000F548] -> 0x0513
mem[X,0x000000008000F54A] -> 0xFFF0
[1858] [M]: 0x000000008000F548 (0xFFF00513) addi a0, zero, -0x1
x10 <- 0xFFFFFFFFFFFFFFFF
mem[X,0x000000008000F54C] -> 0x1513
mem[X,0x000000008000F54E] -> 0x03F5
[1859] [M]: 0x000000008000F54C (0x03F51513) slli a0, a0, 0x3f
x10 <- 0x8000000000000000
mem[X,0x000000008000F550] -> 0x0593
mem[X,0x000000008000F552] -> 0xBFF0
[1860] [M]: 0x000000008000F550 (0xBFF00593) addi a1, zero, -0x401
x11 <- 0xFFFFFFFFFFFFFBFF
mem[X,0x000000008000F554] -> 0x0113
mem[X,0x000000008000F556] -> 0x0000
[1861] [M]: 0x000000008000F554 (0x00000113) addi sp, zero, 0x0
x2 <- 0x0000000000000000
mem[X,0x000000008000F558] -> 0x006F
mem[X,0x000000008000F55A] -> 0x00C0
[1862] [M]: 0x000000008000F558 (0x00C0006F) jal zero, 0xc
mem[X,0x000000008000F564] -> 0x5063
mem[X,0x000000008000F566] -> 0x02B5
[1863] [M]: 0x000000008000F564 (0x02B55063) bge a0, a1, 0x20
mem[X,0x000000008000F568] -> 0x0113
mem[X,0x000000008000F56A] -> 0x0021
[1864] [M]: 0x000000008000F568 (0x00210113) addi sp, sp, 0x2
x2 <- 0x0000000000000002
mem[X,0x000000008000F56C] -> 0x006F
mem[X,0x000000008000F56E] -> 0x0200
[1865] [M]: 0x000000008000F56C (0x0200006F) jal zero, 0x20
mem[X,0x000000008000F58C] -> 0xB823
mem[X,0x000000008000F58E] -> 0x4220
[1866] [M]: 0x000000008000F58C (0x4220B823) sd sp, 0x430(ra)
mem[0x0000000080048600] <- 0x0000000000000002
mem[X,0x000000008000F590] -> 0x0513
mem[X,0x000000008000F592] -> 0xFFE0
[1867] [M]: 0x000000008000F590 (0xFFE00513) addi a0, zero, -0x2
x10 <- 0xFFFFFFFFFFFFFFFE
mem[X,0x000000008000F594] -> 0x05B7
mem[X,0x000000008000F596] -> 0x0000
[1868] [M]: 0x000000008000F594 (0x000005B7) lui a1, 0x0
x11 <- 0x0000000000000000
mem[X,0x000000008000F598] -> 0x8593
mem[X,0x000000008000F59A] -> 0x0005
[1869] [M]: 0x000000008000F598 (0x00058593) addi a1, a1, 0x0
x11 <- 0x0000000000000000
mem[X,0x000000008000F59C] -> 0x9593
mem[X,0x000000008000F59E] -> 0x00B5
[1870] [M]: 0x000000008000F59C (0x00B59593) slli a1, a1, 0xb
x11 <- 0x0000000000000000
mem[X,0x000000008000F5A0] -> 0x8593
mem[X,0x000000008000F5A2] -> 0x5A85
[1871] [M]: 0x000000008000F5A0 (0x5A858593) addi a1, a1, 0x5a8
x11 <- 0x00000000000005A8
mem[X,0x000000008000F5A4] -> 0x9593
mem[X,0x000000008000F5A6] -> 0x00B5
[1872] [M]: 0x000000008000F5A4 (0x00B59593) slli a1, a1, 0xb
x11 <- 0x00000000002D4000
mem[X,0x000000008000F5A8] -> 0x8593
mem[X,0x000000008000F5AA] -> 0x13C5
[1873] [M]: 0x000000008000F5A8 (0x13C58593) addi a1, a1, 0x13c
x11 <- 0x00000000002D413C
mem[X,0x000000008000F5AC] -> 0x9593
mem[X,0x000000008000F5AE] -> 0x00A5
[1874] [M]: 0x000000008000F5AC (0x00A59593) slli a1, a1, 0xa
x11 <- 0x00000000B504F000
mem[X,0x000000008000F5B0] -> 0x8593
mem[X,0x000000008000F5B2] -> 0x3325
[1875] [M]: 0x000000008000F5B0 (0x33258593) addi a1, a1, 0x332
x11 <- 0x00000000B504F332
mem[X,0x000000008000F5B4] -> 0x0113
mem[X,0x000000008000F5B6] -> 0x0000
[1876] [M]: 0x000000008000F5B4 (0x00000113) addi sp, zero, 0x0
x2 <- 0x0000000000000000
mem[X,0x000000008000F5B8] -> 0x006F
mem[X,0x000000008000F5BA] -> 0x00C0
[1877] [M]: 0x000000008000F5B8 (0x00C0006F) jal zero, 0xc
mem[X,0x000000008000F5C4] -> 0x5063
mem[X,0x000000008000F5C6] -> 0x02B5
[1878] [M]: 0x000000008000F5C4 (0x02B55063) bge a0, a1, 0x20
mem[X,0x000000008000F5C8] -> 0x0113
mem[X,0x000000008000F5CA] -> 0x0021
[1879] [M]: 0x000000008000F5C8 (0x00210113) addi sp, sp, 0x2
x2 <- 0x0000000000000002
mem[X,0x000000008000F5CC] -> 0x006F
mem[X,0x000000008000F5CE] -> 0x0200
[1880] [M]: 0x000000008000F5CC (0x0200006F) jal zero, 0x20
mem[X,0x000000008000F5EC] -> 0xBC23
mem[X,0x000000008000F5EE] -> 0x4220
[1881] [M]: 0x000000008000F5EC (0x4220BC23) sd sp, 0x438(ra)
mem[0x0000000080048608] <- 0x0000000000000002
mem[X,0x000000008000F5F0] -> 0x0513
mem[X,0x000000008000F5F2] -> 0xFFB0
[1882] [M]: 0x000000008000F5F0 (0xFFB00513) addi a0, zero, -0x5
x10 <- 0xFFFFFFFFFFFFFFFB
mem[X,0x000000008000F5F4] -> 0x0593
mem[X,0x000000008000F5F6] -> 0x0010
[1883] [M]: 0x000000008000F5F4 (0x00100593) addi a1, zero, 0x1
x11 <- 0x0000000000000001
mem[X,0x000000008000F5F8] -> 0x9593
mem[X,0x000000008000F5FA] -> 0x03C5
[1884] [M]: 0x000000008000F5F8 (0x03C59593) slli a1, a1, 0x3c
x11 <- 0x1000000000000000
mem[X,0x000000008000F5FC] -> 0xC593
mem[X,0x000000008000F5FE] -> 0xFFF5
[1885] [M]: 0x000000008000F5FC (0xFFF5C593) xori a1, a1, -0x1
x11 <- 0xEFFFFFFFFFFFFFFF
mem[X,0x000000008000F600] -> 0x0113
mem[X,0x000000008000F602] -> 0x0000
[1886] [M]: 0x000000008000F600 (0x00000113) addi sp, zero, 0x0
x2 <- 0x0000000000000000
mem[X,0x000000008000F604] -> 0x006F
mem[X,0x000000008000F606] -> 0x00C0
[1887] [M]: 0x000000008000F604 (0x00C0006F) jal zero, 0xc
mem[X,0x000000008000F610] -> 0x5063
mem[X,0x000000008000F612] -> 0x20B5
[1888] [M]: 0x000000008000F610 (0x20B55063) bge a0, a1, 0x200
mem[X,0x000000008000F810] -> 0x0113
mem[X,0x000000008000F812] -> 0x0031
[1889] [M]: 0x000000008000F810 (0x00310113) addi sp, sp, 0x3
x2 <- 0x0000000000000003
mem[X,0x000000008000F814] -> 0x006F
mem[X,0x000000008000F816] -> 0x0040
[1890] [M]: 0x000000008000F814 (0x0040006F) jal zero, 0x4
mem[X,0x000000008000F818] -> 0xB023
mem[X,0x000000008000F81A] -> 0x4420
[1891] [M]: 0x000000008000F818 (0x4420B023) sd sp, 0x440(ra)
mem[0x0000000080048610] <- 0x0000000000000003
mem[X,0x000000008000F81C] -> 0x0513
mem[X,0x000000008000F81E] -> 0xFF70
[1892] [M]: 0x000000008000F81C (0xFF700513) addi a0, zero, -0x9
x10 <- 0xFFFFFFFFFFFFFFF7
mem[X,0x000000008000F820] -> 0x55B7
mem[X,0x000000008000F822] -> 0x5555
[1893] [M]: 0x000000008000F820 (0x555555B7) lui a1, 0x55555
x11 <- 0x0000000055555000
mem[X,0x000000008000F824] -> 0x8593
mem[X,0x000000008000F826] -> 0x5555
[1894] [M]: 0x000000008000F824 (0x55558593) addi a1, a1, 0x555
x11 <- 0x0000000055555555
mem[X,0x000000008000F828] -> 0x9593
mem[X,0x000000008000F82A] -> 0x00B5
[1895] [M]: 0x000000008000F828 (0x00B59593) slli a1, a1, 0xb
x11 <- 0x000002AAAAAAA800
mem[X,0x000000008000F82C] -> 0x8593
mem[X,0x000000008000F82E] -> 0x2AA5
[1896] [M]: 0x000000008000F82C (0x2AA58593) addi a1, a1, 0x2aa
x11 <- 0x000002AAAAAAAAAA
mem[X,0x000000008000F830] -> 0x9593
mem[X,0x000000008000F832] -> 0x00B5
[1897] [M]: 0x000000008000F830 (0x00B59593) slli a1, a1, 0xb
x11 <- 0x0015555555555000
mem[X,0x000000008000F834] -> 0x8593
mem[X,0x000000008000F836] -> 0x5555
[1898] [M]: 0x000000008000F834 (0x55558593) addi a1, a1, 0x555
x11 <- 0x0015555555555555
mem[X,0x000000008000F838] -> 0x9593
mem[X,0x000000008000F83A] -> 0x00A5
[1899] [M]: 0x000000008000F838 (0x00A59593) slli a1, a1, 0xa
x11 <- 0x5555555555555400
clint::tick mtime <- 0x0000000000000013
 clint timer pending at mtime 0x0000000000000013
htif::tick 0x0000000000000000
mem[X,0x000000008000F83C] -> 0x8593
mem[X,0x000000008000F83E] -> 0x1555
[1900] [M]: 0x000000008000F83C (0x15558593) addi a1, a1, 0x155
x11 <- 0x5555555555555555
mem[X,0x000000008000F840] -> 0x0113
mem[X,0x000000008000F842] -> 0x0000
[1901] [M]: 0x000000008000F840 (0x00000113) addi sp, zero, 0x0
x2 <- 0x0000000000000000
mem[X,0x000000008000F844] -> 0x006F
mem[X,0x000000008000F846] -> 0x0180
[1902] [M]: 0x000000008000F844 (0x0180006F) jal zero, 0x18
mem[X,0x000000008000F85C] -> 0x56E3
mem[X,0x000000008000F85E] -> 0xFEB5
[1903] [M]: 0x000000008000F85C (0xFEB556E3) bge a0, a1, -0x14
mem[X,0x000000008000F860] -> 0x0113
mem[X,0x000000008000F862] -> 0x0021
[1904] [M]: 0x000000008000F860 (0x00210113) addi sp, sp, 0x2
x2 <- 0x0000000000000002
mem[X,0x000000008000F864] -> 0x006F
mem[X,0x000000008000F866] -> 0x00C0
[1905] [M]: 0x000000008000F864 (0x00C0006F) jal zero, 0xc
mem[X,0x000000008000F870] -> 0xB423
mem[X,0x000000008000F872] -> 0x4420
[1906] [M]: 0x000000008000F870 (0x4420B423) sd sp, 0x448(ra)
mem[0x0000000080048618] <- 0x0000000000000002
mem[X,0x000000008000F874] -> 0x0513
mem[X,0x000000008000F876] -> 0xFDF0
[1907] [M]: 0x000000008000F874 (0xFDF00513) addi a0, zero, -0x21
x10 <- 0xFFFFFFFFFFFFFFDF
mem[X,0x000000008000F878] -> 0x0593
mem[X,0x000000008000F87A] -> 0x0010
[1908] [M]: 0x000000008000F878 (0x00100593) addi a1, zero, 0x1
x11 <- 0x0000000000000001
mem[X,0x000000008000F87C] -> 0x9593
mem[X,0x000000008000F87E] -> 0x0315
[1909] [M]: 0x000000008000F87C (0x03159593) slli a1, a1, 0x31
x11 <- 0x0002000000000000
mem[X,0x000000008000F880] -> 0x0113
mem[X,0x000000008000F882] -> 0x0000
[1910] [M]: 0x000000008000F880 (0x00000113) addi sp, zero, 0x0
x2 <- 0x0000000000000000
mem[X,0x000000008000F884] -> 0x006F
mem[X,0x000000008000F886] -> 0x00C0
[1911] [M]: 0x000000008000F884 (0x00C0006F) jal zero, 0xc
mem[X,0x000000008000F890] -> 0x5CE3
mem[X,0x000000008000F892] -> 0xFEB5
[1912] [M]: 0x000000008000F890 (0xFEB55CE3) bge a0, a1, -0x8
mem[X,0x000000008000F894] -> 0x0113
mem[X,0x000000008000F896] -> 0x0021
[1913] [M]: 0x000000008000F894 (0x00210113) addi sp, sp, 0x2
x2 <- 0x0000000000000002
mem[X,0x000000008000F898] -> 0x006F
mem[X,0x000000008000F89A] -> 0x00C0
[1914] [M]: 0x000000008000F898 (0x00C0006F) jal zero, 0xc
mem[X,0x000000008000F8A4] -> 0xB823
mem[X,0x000000008000F8A6] -> 0x4420
[1915] [M]: 0x000000008000F8A4 (0x4420B823) sd sp, 0x450(ra)
mem[0x0000000080048620] <- 0x0000000000000002
mem[X,0x000000008000F8A8] -> 0x0513
mem[X,0x000000008000F8AA] -> 0xEFF0
[1916] [M]: 0x000000008000F8A8 (0xEFF00513) addi a0, zero, -0x101
x10 <- 0xFFFFFFFFFFFFFEFF
mem[X,0x000000008000F8AC] -> 0x0593
mem[X,0x000000008000F8AE] -> 0x0010
[1917] [M]: 0x000000008000F8AC (0x00100593) addi a1, zero, 0x1
x11 <- 0x0000000000000001
mem[X,0x000000008000F8B0] -> 0x9593
mem[X,0x000000008000F8B2] -> 0x02F5
[1918] [M]: 0x000000008000F8B0 (0x02F59593) slli a1, a1, 0x2f
x11 <- 0x0000800000000000
mem[X,0x000000008000F8B4] -> 0xC593
mem[X,0x000000008000F8B6] -> 0xFFF5
[1919] [M]: 0x000000008000F8B4 (0xFFF5C593) xori a1, a1, -0x1
x11 <- 0xFFFF7FFFFFFFFFFF
mem[X,0x000000008000F8B8] -> 0x0113
mem[X,0x000000008000F8BA] -> 0x0000
[1920] [M]: 0x000000008000F8B8 (0x00000113) addi sp, zero, 0x0
x2 <- 0x0000000000000000
mem[X,0x000000008000F8BC] -> 0x006F
mem[X,0x000000008000F8BE] -> 0x0180
[1921] [M]: 0x000000008000F8BC (0x0180006F) jal zero, 0x18
mem[X,0x000000008000F8D4] -> 0x56E3
mem[X,0x000000008000F8D6] -> 0xFEB5
[1922] [M]: 0x000000008000F8D4 (0xFEB556E3) bge a0, a1, -0x14
mem[X,0x000000008000F8C0] -> 0x0113
mem[X,0x000000008000F8C2] -> 0x0011
[1923] [M]: 0x000000008000F8C0 (0x00110113) addi sp, sp, 0x1
x2 <- 0x0000000000000001
mem[X,0x000000008000F8C4] -> 0x006F
mem[X,0x000000008000F8C6] -> 0x0240
[1924] [M]: 0x000000008000F8C4 (0x0240006F) jal zero, 0x24
mem[X,0x000000008000F8E8] -> 0xBC23
mem[X,0x000000008000F8EA] -> 0x4420
[1925] [M]: 0x000000008000F8E8 (0x4420BC23) sd sp, 0x458(ra)
mem[0x0000000080048628] <- 0x0000000000000001
mem[X,0x000000008000F8EC] -> 0x0513
mem[X,0x000000008000F8EE] -> 0xBFF0
[1926] [M]: 0x000000008000F8EC (0xBFF00513) addi a0, zero, -0x401
x10 <- 0xFFFFFFFFFFFFFBFF
mem[X,0x000000008000F8F0] -> 0x0593
mem[X,0x000000008000F8F2] -> 0x0010
[1927] [M]: 0x000000008000F8F0 (0x00100593) addi a1, zero, 0x1
x11 <- 0x0000000000000001
mem[X,0x000000008000F8F4] -> 0x9593
mem[X,0x000000008000F8F6] -> 0x0255
[1928] [M]: 0x000000008000F8F4 (0x02559593) slli a1, a1, 0x25
x11 <- 0x0000002000000000
mem[X,0x000000008000F8F8] -> 0x0113
mem[X,0x000000008000F8FA] -> 0x0000
[1929] [M]: 0x000000008000F8F8 (0x00000113) addi sp, zero, 0x0
x2 <- 0x0000000000000000
mem[X,0x000000008000F8FC] -> 0x006F
mem[X,0x000000008000F8FE] -> 0x00C0
[1930] [M]: 0x000000008000F8FC (0x00C0006F) jal zero, 0xc
mem[X,0x000000008000F908] -> 0x5063
mem[X,0x000000008000F90A] -> 0x08B5
[1931] [M]: 0x000000008000F908 (0x08B55063) bge a0, a1, 0x80
mem[X,0x000000008000F90C] -> 0x0113
mem[X,0x000000008000F90E] -> 0x0021
[1932] [M]: 0x000000008000F90C (0x00210113) addi sp, sp, 0x2
x2 <- 0x0000000000000002
mem[X,0x000000008000F910] -> 0x006F
mem[X,0x000000008000F912] -> 0x0800
[1933] [M]: 0x000000008000F910 (0x0800006F) jal zero, 0x80
mem[X,0x000000008000F990] -> 0xB023
mem[X,0x000000008000F992] -> 0x4620
[1934] [M]: 0x000000008000F990 (0x4620B023) sd sp, 0x460(ra)
mem[0x0000000080048630] <- 0x0000000000000002
mem[X,0x000000008000F994] -> 0x0513
mem[X,0x000000008000F996] -> 0x0010
[1935] [M]: 0x000000008000F994 (0x00100513) addi a0, zero, 0x1
x10 <- 0x0000000000000001
mem[X,0x000000008000F998] -> 0x1513
mem[X,0x000000008000F99A] -> 0x00B5
[1936] [M]: 0x000000008000F998 (0x00B51513) slli a0, a0, 0xb
x10 <- 0x0000000000000800
mem[X,0x000000008000F99C] -> 0x4513
mem[X,0x000000008000F99E] -> 0xFFF5
[1937] [M]: 0x000000008000F99C (0xFFF54513) xori a0, a0, -0x1
x10 <- 0xFFFFFFFFFFFFF7FF
mem[X,0x000000008000F9A0] -> 0x0593
mem[X,0x000000008000F9A2] -> 0x0010
[1938] [M]: 0x000000008000F9A0 (0x00100593) addi a1, zero, 0x1
x11 <- 0x0000000000000001
mem[X,0x000000008000F9A4] -> 0x9593
mem[X,0x000000008000F9A6] -> 0x0345
[1939] [M]: 0x000000008000F9A4 (0x03459593) slli a1, a1, 0x34
x11 <- 0x0010000000000000
mem[X,0x000000008000F9A8] -> 0xC593
mem[X,0x000000008000F9AA] -> 0xFFF5
[1940] [M]: 0x000000008000F9A8 (0xFFF5C593) xori a1, a1, -0x1
x11 <- 0xFFEFFFFFFFFFFFFF
mem[X,0x000000008000F9AC] -> 0x0113
mem[X,0x000000008000F9AE] -> 0x0000
[1941] [M]: 0x000000008000F9AC (0x00000113) addi sp, zero, 0x0
x2 <- 0x0000000000000000
mem[X,0x000000008000F9B0] -> 0x006F
mem[X,0x000000008000F9B2] -> 0x00C0
[1942] [M]: 0x000000008000F9B0 (0x00C0006F) jal zero, 0xc
mem[X,0x000000008000F9BC] -> 0x5CE3
mem[X,0x000000008000F9BE] -> 0xFEB5
[1943] [M]: 0x000000008000F9BC (0xFEB55CE3) bge a0, a1, -0x8
mem[X,0x000000008000F9B4] -> 0x0113
mem[X,0x000000008000F9B6] -> 0x0011
[1944] [M]: 0x000000008000F9B4 (0x00110113) addi sp, sp, 0x1
x2 <- 0x0000000000000001
mem[X,0x000000008000F9B8] -> 0x006F
mem[X,0x000000008000F9BA] -> 0x0180
[1945] [M]: 0x000000008000F9B8 (0x0180006F) jal zero, 0x18
mem[X,0x000000008000F9D0] -> 0xB423
mem[X,0x000000008000F9D2] -> 0x4620
[1946] [M]: 0x000000008000F9D0 (0x4620B423) sd sp, 0x468(ra)
mem[0x0000000080048638] <- 0x0000000000000001
mem[X,0x000000008000F9D4] -> 0x0513
mem[X,0x000000008000F9D6] -> 0x0010
[1947] [M]: 0x000000008000F9D4 (0x00100513) addi a0, zero, 0x1
x10 <- 0x0000000000000001
mem[X,0x000000008000F9D8] -> 0x1513
mem[X,0x000000008000F9DA] -> 0x00D5
[1948] [M]: 0x000000008000F9D8 (0x00D51513) slli a0, a0, 0xd
x10 <- 0x0000000000002000
mem[X,0x000000008000F9DC] -> 0x4513
mem[X,0x000000008000F9DE] -> 0xFFF5
[1949] [M]: 0x000000008000F9DC (0xFFF54513) xori a0, a0, -0x1
x10 <- 0xFFFFFFFFFFFFDFFF
mem[X,0x000000008000F9E0] -> 0x0593
mem[X,0x000000008000F9E2] -> 0xEFF0
[1950] [M]: 0x000000008000F9E0 (0xEFF00593) addi a1, zero, -0x101
x11 <- 0xFFFFFFFFFFFFFEFF
mem[X,0x000000008000F9E4] -> 0x0113
mem[X,0x000000008000F9E6] -> 0x0000
[1951] [M]: 0x000000008000F9E4 (0x00000113) addi sp, zero, 0x0
x2 <- 0x0000000000000000
mem[X,0x000000008000F9E8] -> 0x006F
mem[X,0x000000008000F9EA] -> 0x00C0
[1952] [M]: 0x000000008000F9E8 (0x00C0006F) jal zero, 0xc
mem[X,0x000000008000F9F4] -> 0x5663
mem[X,0x000000008000F9F6] -> 0x00B5
[1953] [M]: 0x000000008000F9F4 (0x00B55663) bge a0, a1, 0xc
mem[X,0x000000008000F9F8] -> 0x0113
mem[X,0x000000008000F9FA] -> 0x0021
[1954] [M]: 0x000000008000F9F8 (0x00210113) addi sp, sp, 0x2
x2 <- 0x0000000000000002
mem[X,0x000000008000F9FC] -> 0x006F
mem[X,0x000000008000F9FE] -> 0x00C0
[1955] [M]: 0x000000008000F9FC (0x00C0006F) jal zero, 0xc
mem[X,0x000000008000FA08] -> 0xB823
mem[X,0x000000008000FA0A] -> 0x4620
[1956] [M]: 0x000000008000FA08 (0x4620B823) sd sp, 0x470(ra)
mem[0x0000000080048640] <- 0x0000000000000002
mem[X,0x000000008000FA0C] -> 0x0513
mem[X,0x000000008000FA0E] -> 0x0010
[1957] [M]: 0x000000008000FA0C (0x00100513) addi a0, zero, 0x1
x10 <- 0x0000000000000001
mem[X,0x000000008000FA10] -> 0x1513
mem[X,0x000000008000FA12] -> 0x00F5
[1958] [M]: 0x000000008000FA10 (0x00F51513) slli a0, a0, 0xf
x10 <- 0x0000000000008000
mem[X,0x000000008000FA14] -> 0x4513
mem[X,0x000000008000FA16] -> 0xFFF5
[1959] [M]: 0x000000008000FA14 (0xFFF54513) xori a0, a0, -0x1
x10 <- 0xFFFFFFFFFFFF7FFF
mem[X,0x000000008000FA18] -> 0x0593
mem[X,0x000000008000FA1A] -> 0x0010
[1960] [M]: 0x000000008000FA18 (0x00100593) addi a1, zero, 0x1
x11 <- 0x0000000000000001
mem[X,0x000000008000FA1C] -> 0x9593
mem[X,0x000000008000FA1E] -> 0x0155
[1961] [M]: 0x000000008000FA1C (0x01559593) slli a1, a1, 0x15
x11 <- 0x0000000000200000
mem[X,0x000000008000FA20] -> 0x0113
mem[X,0x000000008000FA22] -> 0x0000
[1962] [M]: 0x000000008000FA20 (0x00000113) addi sp, zero, 0x0
x2 <- 0x0000000000000000
mem[X,0x000000008000FA24] -> 0x006F
mem[X,0x000000008000FA26] -> 0x2B10
[1963] [M]: 0x000000008000FA24 (0x2B10006F) jal zero, 0xab0
mem[X,0x00000000800104D4] -> 0x5A63
mem[X,0x00000000800104D6] -> 0xD4B5
[1964] [M]: 0x00000000800104D4 (0xD4B55A63) bge a0, a1, -0xaac
mem[X,0x00000000800104D8] -> 0x0113
mem[X,0x00000000800104DA] -> 0x0021
[1965] [M]: 0x00000000800104D8 (0x00210113) addi sp, sp, 0x2
x2 <- 0x0000000000000002
mem[X,0x00000000800104DC] -> 0x006F
mem[X,0x00000000800104DE] -> 0x00C0
[1966] [M]: 0x00000000800104DC (0x00C0006F) jal zero, 0xc
mem[X,0x00000000800104E8] -> 0xBC23
mem[X,0x00000000800104EA] -> 0x4620
[1967] [M]: 0x00000000800104E8 (0x4620BC23) sd sp, 0x478(ra)
mem[0x0000000080048648] <- 0x0000000000000002
mem[X,0x00000000800104EC] -> 0x0513
mem[X,0x00000000800104EE] -> 0x0010
[1968] [M]: 0x00000000800104EC (0x00100513) addi a0, zero, 0x1
x10 <- 0x0000000000000001
mem[X,0x00000000800104F0] -> 0x1513
mem[X,0x00000000800104F2] -> 0x0105
[1969] [M]: 0x00000000800104F0 (0x01051513) slli a0, a0, 0x10
x10 <- 0x0000000000010000
mem[X,0x00000000800104F4] -> 0x4513
mem[X,0x00000000800104F6] -> 0xFFF5
[1970] [M]: 0x00000000800104F4 (0xFFF54513) xori a0, a0, -0x1
x10 <- 0xFFFFFFFFFFFEFFFF
mem[X,0x00000000800104F8] -> 0x0593
mem[X,0x00000000800104FA] -> 0x0010
[1971] [M]: 0x00000000800104F8 (0x00100593) addi a1, zero, 0x1
x11 <- 0x0000000000000001
mem[X,0x00000000800104FC] -> 0x9593
mem[X,0x00000000800104FE] -> 0x0195
[1972] [M]: 0x00000000800104FC (0x01959593) slli a1, a1, 0x19
x11 <- 0x0000000002000000
mem[X,0x0000000080010500] -> 0xC593
mem[X,0x0000000080010502] -> 0xFFF5
[1973] [M]: 0x0000000080010500 (0xFFF5C593) xori a1, a1, -0x1
x11 <- 0xFFFFFFFFFDFFFFFF
mem[X,0x0000000080010504] -> 0x0113
mem[X,0x0000000080010506] -> 0x0000
[1974] [M]: 0x0000000080010504 (0x00000113) addi sp, zero, 0x0
x2 <- 0x0000000000000000
mem[X,0x0000000080010508] -> 0x006F
mem[X,0x000000008001050A] -> 0x00C0
[1975] [M]: 0x0000000080010508 (0x00C0006F) jal zero, 0xc
mem[X,0x0000000080010514] -> 0x5063
mem[X,0x0000000080010516] -> 0x10B5
[1976] [M]: 0x0000000080010514 (0x10B55063) bge a0, a1, 0x100
mem[X,0x0000000080010614] -> 0x0113
mem[X,0x0000000080010616] -> 0x0031
[1977] [M]: 0x0000000080010614 (0x00310113) addi sp, sp, 0x3
x2 <- 0x0000000000000003
mem[X,0x0000000080010618] -> 0x006F
mem[X,0x000000008001061A] -> 0x0040
[1978] [M]: 0x0000000080010618 (0x0040006F) jal zero, 0x4
mem[X,0x000000008001061C] -> 0xB023
mem[X,0x000000008001061E] -> 0x4820
[1979] [M]: 0x000000008001061C (0x4820B023) sd sp, 0x480(ra)
mem[0x0000000080048650] <- 0x0000000000000003
mem[X,0x0000000080010620] -> 0x0513
mem[X,0x0000000080010622] -> 0x0010
[1980] [M]: 0x0000000080010620 (0x00100513) addi a0, zero, 0x1
x10 <- 0x0000000000000001
mem[X,0x0000000080010624] -> 0x1513
mem[X,0x0000000080010626] -> 0x0155
[1981] [M]: 0x0000000080010624 (0x01551513) slli a0, a0, 0x15
x10 <- 0x0000000000200000
mem[X,0x0000000080010628] -> 0x4513
mem[X,0x000000008001062A] -> 0xFFF5
[1982] [M]: 0x0000000080010628 (0xFFF54513) xori a0, a0, -0x1
x10 <- 0xFFFFFFFFFFDFFFFF
mem[X,0x000000008001062C] -> 0x0593
mem[X,0x000000008001062E] -> 0xFF60
[1983] [M]: 0x000000008001062C (0xFF600593) addi a1, zero, -0xa
x11 <- 0xFFFFFFFFFFFFFFF6
mem[X,0x0000000080010630] -> 0x0113
mem[X,0x0000000080010632] -> 0x0000
[1984] [M]: 0x0000000080010630 (0x00000113) addi sp, zero, 0x0
x2 <- 0x0000000000000000
mem[X,0x0000000080010634] -> 0x006F
mem[X,0x0000000080010636] -> 0x00C0
[1985] [M]: 0x0000000080010634 (0x00C0006F) jal zero, 0xc
mem[X,0x0000000080010640] -> 0x5063
mem[X,0x0000000080010642] -> 0x04B5
[1986] [M]: 0x0000000080010640 (0x04B55063) bge a0, a1, 0x40
mem[X,0x0000000080010644] -> 0x0113
mem[X,0x0000000080010646] -> 0x0021
[1987] [M]: 0x0000000080010644 (0x00210113) addi sp, sp, 0x2
x2 <- 0x0000000000000002
mem[X,0x0000000080010648] -> 0x006F
mem[X,0x000000008001064A] -> 0x0400
[1988] [M]: 0x0000000080010648 (0x0400006F) jal zero, 0x40
mem[X,0x0000000080010688] -> 0xB423
mem[X,0x000000008001068A] -> 0x4820
[1989] [M]: 0x0000000080010688 (0x4820B423) sd sp, 0x488(ra)
mem[0x0000000080048658] <- 0x0000000000000002
mem[X,0x000000008001068C] -> 0x0513
mem[X,0x000000008001068E] -> 0x0010
[1990] [M]: 0x000000008001068C (0x00100513) addi a0, zero, 0x1
x10 <- 0x0000000000000001
mem[X,0x0000000080010690] -> 0x1513
mem[X,0x0000000080010692] -> 0x0195
[1991] [M]: 0x0000000080010690 (0x01951513) slli a0, a0, 0x19
x10 <- 0x0000000002000000
mem[X,0x0000000080010694] -> 0x4513
mem[X,0x0000000080010696] -> 0xFFF5
[1992] [M]: 0x0000000080010694 (0xFFF54513) xori a0, a0, -0x1
x10 <- 0xFFFFFFFFFDFFFFFF
mem[X,0x0000000080010698] -> 0x0593
mem[X,0x000000008001069A] -> 0xFDF0
[1993] [M]: 0x0000000080010698 (0xFDF00593) addi a1, zero, -0x21
x11 <- 0xFFFFFFFFFFFFFFDF
mem[X,0x000000008001069C] -> 0x0113
mem[X,0x000000008001069E] -> 0x0000
[1994] [M]: 0x000000008001069C (0x00000113) addi sp, zero, 0x0
x2 <- 0x0000000000000000
mem[X,0x00000000800106A0] -> 0x006F
mem[X,0x00000000800106A2] -> 0x00C0
[1995] [M]: 0x00000000800106A0 (0x00C0006F) jal zero, 0xc
mem[X,0x00000000800106AC] -> 0x5063
mem[X,0x00000000800106AE] -> 0x02B5
[1996] [M]: 0x00000000800106AC (0x02B55063) bge a0, a1, 0x20
mem[X,0x00000000800106B0] -> 0x0113
mem[X,0x00000000800106B2] -> 0x0021
[1997] [M]: 0x00000000800106B0 (0x00210113) addi sp, sp, 0x2
x2 <- 0x0000000000000002
mem[X,0x00000000800106B4] -> 0x006F
mem[X,0x00000000800106B6] -> 0x0200
[1998] [M]: 0x00000000800106B4 (0x0200006F) jal zero, 0x20
mem[X,0x00000000800106D4] -> 0xB823
mem[X,0x00000000800106D6] -> 0x4820
[1999] [M]: 0x00000000800106D4 (0x4820B823) sd sp, 0x490(ra)
mem[0x0000000080048660] <- 0x0000000000000002
clint::tick mtime <- 0x0000000000000014
 clint timer pending at mtime 0x0000000000000014
htif::tick 0x0000000000000000
mem[X,0x00000000800106D8] -> 0x0513
mem[X,0x00000000800106DA] -> 0x0010
[2000] [M]: 0x00000000800106D8 (0x00100513) addi a0, zero, 0x1
x10 <- 0x0000000000000001
mem[X,0x00000000800106DC] -> 0x1513
mem[X,0x00000000800106DE] -> 0x01A5
[2001] [M]: 0x00000000800106DC (0x01A51513) slli a0, a0, 0x1a
x10 <- 0x0000000004000000
mem[X,0x00000000800106E0] -> 0x4513
mem[X,0x00000000800106E2] -> 0xFFF5
[2002] [M]: 0x00000000800106E0 (0xFFF54513) xori a0, a0, -0x1
x10 <- 0xFFFFFFFFFBFFFFFF
mem[X,0x00000000800106E4] -> 0x0593
mem[X,0x00000000800106E6] -> 0x0010
[2003] [M]: 0x00000000800106E4 (0x00100593) addi a1, zero, 0x1
x11 <- 0x0000000000000001
mem[X,0x00000000800106E8] -> 0x9593
mem[X,0x00000000800106EA] -> 0x0365
[2004] [M]: 0x00000000800106E8 (0x03659593) slli a1, a1, 0x36
x11 <- 0x0040000000000000
mem[X,0x00000000800106EC] -> 0x0113
mem[X,0x00000000800106EE] -> 0x0000
[2005] [M]: 0x00000000800106EC (0x00000113) addi sp, zero, 0x0
x2 <- 0x0000000000000000
mem[X,0x00000000800106F0] -> 0x006F
mem[X,0x00000000800106F2] -> 0x00C0
[2006] [M]: 0x00000000800106F0 (0x00C0006F) jal zero, 0xc
mem[X,0x00000000800106FC] -> 0x5663
mem[X,0x00000000800106FE] -> 0x00B5
[2007] [M]: 0x00000000800106FC (0x00B55663) bge a0, a1, 0xc
mem[X,0x0000000080010700] -> 0x0113
mem[X,0x0000000080010702] -> 0x0021
[2008] [M]: 0x0000000080010700 (0x00210113) addi sp, sp, 0x2
x2 <- 0x0000000000000002
mem[X,0x0000000080010704] -> 0x006F
mem[X,0x0000000080010706] -> 0x00C0
[2009] [M]: 0x0000000080010704 (0x00C0006F) jal zero, 0xc
mem[X,0x0000000080010710] -> 0xBC23
mem[X,0x0000000080010712] -> 0x4820
[2010] [M]: 0x0000000080010710 (0x4820BC23) sd sp, 0x498(ra)
mem[0x0000000080048668] <- 0x0000000000000002
mem[X,0x0000000080010714] -> 0x0513
mem[X,0x0000000080010716] -> 0x0010
[2011] [M]: 0x0000000080010714 (0x00100513) addi a0, zero, 0x1
x10 <- 0x0000000000000001
mem[X,0x0000000080010718] -> 0x1513
mem[X,0x000000008001071A] -> 0x01B5
[2012] [M]: 0x0000000080010718 (0x01B51513) slli a0, a0, 0x1b
x10 <- 0x0000000008000000
mem[X,0x000000008001071C] -> 0x4513
mem[X,0x000000008001071E] -> 0xFFF5
[2013] [M]: 0x000000008001071C (0xFFF54513) xori a0, a0, -0x1
x10 <- 0xFFFFFFFFF7FFFFFF
mem[X,0x0000000080010720] -> 0x0593
mem[X,0x0000000080010722] -> 0xFF60
[2014] [M]: 0x0000000080010720 (0xFF600593) addi a1, zero, -0xa
x11 <- 0xFFFFFFFFFFFFFFF6
mem[X,0x0000000080010724] -> 0x0113
mem[X,0x0000000080010726] -> 0x0000
[2015] [M]: 0x0000000080010724 (0x00000113) addi sp, zero, 0x0
x2 <- 0x0000000000000000
mem[X,0x0000000080010728] -> 0x006F
mem[X,0x000000008001072A] -> 0x00C0
[2016] [M]: 0x0000000080010728 (0x00C0006F) jal zero, 0xc
mem[X,0x0000000080010734] -> 0x5663
mem[X,0x0000000080010736] -> 0x00B5
[2017] [M]: 0x0000000080010734 (0x00B55663) bge a0, a1, 0xc
mem[X,0x0000000080010738] -> 0x0113
mem[X,0x000000008001073A] -> 0x0021
[2018] [M]: 0x0000000080010738 (0x00210113) addi sp, sp, 0x2
x2 <- 0x0000000000000002
mem[X,0x000000008001073C] -> 0x006F
mem[X,0x000000008001073E] -> 0x00C0
[2019] [M]: 0x000000008001073C (0x00C0006F) jal zero, 0xc
mem[X,0x0000000080010748] -> 0xB023
mem[X,0x000000008001074A] -> 0x4A20
[2020] [M]: 0x0000000080010748 (0x4A20B023) sd sp, 0x4a0(ra)
mem[0x0000000080048670] <- 0x0000000000000002
mem[X,0x000000008001074C] -> 0x0513
mem[X,0x000000008001074E] -> 0x0010
[2021] [M]: 0x000000008001074C (0x00100513) addi a0, zero, 0x1
x10 <- 0x0000000000000001
mem[X,0x0000000080010750] -> 0x1513
mem[X,0x0000000080010752] -> 0x01D5
[2022] [M]: 0x0000000080010750 (0x01D51513) slli a0, a0, 0x1d
x10 <- 0x0000000020000000
mem[X,0x0000000080010754] -> 0x4513
mem[X,0x0000000080010756] -> 0xFFF5
[2023] [M]: 0x0000000080010754 (0xFFF54513) xori a0, a0, -0x1
x10 <- 0xFFFFFFFFDFFFFFFF
mem[X,0x0000000080010758] -> 0x0593
mem[X,0x000000008001075A] -> 0x0010
[2024] [M]: 0x0000000080010758 (0x00100593) addi a1, zero, 0x1
x11 <- 0x0000000000000001
mem[X,0x000000008001075C] -> 0x9593
mem[X,0x000000008001075E] -> 0x0235
[2025] [M]: 0x000000008001075C (0x02359593) slli a1, a1, 0x23
x11 <- 0x0000000800000000
mem[X,0x0000000080010760] -> 0x0113
mem[X,0x0000000080010762] -> 0x0000
[2026] [M]: 0x0000000080010760 (0x00000113) addi sp, zero, 0x0
x2 <- 0x0000000000000000
mem[X,0x0000000080010764] -> 0x006F
mem[X,0x0000000080010766] -> 0x00C0
[2027] [M]: 0x0000000080010764 (0x00C0006F) jal zero, 0xc
mem[X,0x0000000080010770] -> 0x5863
mem[X,0x0000000080010772] -> 0x00B5
[2028] [M]: 0x0000000080010770 (0x00B55863) bge a0, a1, 0x10
mem[X,0x0000000080010774] -> 0x0113
mem[X,0x0000000080010776] -> 0x0021
[2029] [M]: 0x0000000080010774 (0x00210113) addi sp, sp, 0x2
x2 <- 0x0000000000000002
mem[X,0x0000000080010778] -> 0x006F
mem[X,0x000000008001077A] -> 0x0100
[2030] [M]: 0x0000000080010778 (0x0100006F) jal zero, 0x10
mem[X,0x0000000080010788] -> 0xB423
mem[X,0x000000008001078A] -> 0x4A20
[2031] [M]: 0x0000000080010788 (0x4A20B423) sd sp, 0x4a8(ra)
mem[0x0000000080048678] <- 0x0000000000000002
mem[X,0x000000008001078C] -> 0x0513
mem[X,0x000000008001078E] -> 0x0010
[2032] [M]: 0x000000008001078C (0x00100513) addi a0, zero, 0x1
x10 <- 0x0000000000000001
mem[X,0x0000000080010790] -> 0x1513
mem[X,0x0000000080010792] -> 0x01F5
[2033] [M]: 0x0000000080010790 (0x01F51513) slli a0, a0, 0x1f
x10 <- 0x0000000080000000
mem[X,0x0000000080010794] -> 0x4513
mem[X,0x0000000080010796] -> 0xFFF5
[2034] [M]: 0x0000000080010794 (0xFFF54513) xori a0, a0, -0x1
x10 <- 0xFFFFFFFF7FFFFFFF
mem[X,0x0000000080010798] -> 0x0593
mem[X,0x000000008001079A] -> 0x0010
[2035] [M]: 0x0000000080010798 (0x00100593) addi a1, zero, 0x1
x11 <- 0x0000000000000001
mem[X,0x000000008001079C] -> 0x9593
mem[X,0x000000008001079E] -> 0x02C5
[2036] [M]: 0x000000008001079C (0x02C59593) slli a1, a1, 0x2c
x11 <- 0x0000100000000000
mem[X,0x00000000800107A0] -> 0x0113
mem[X,0x00000000800107A2] -> 0x0000
[2037] [M]: 0x00000000800107A0 (0x00000113) addi sp, zero, 0x0
x2 <- 0x0000000000000000
mem[X,0x00000000800107A4] -> 0x006F
mem[X,0x00000000800107A6] -> 0x00C0
[2038] [M]: 0x00000000800107A4 (0x00C0006F) jal zero, 0xc
mem[X,0x00000000800107B0] -> 0x5CE3
mem[X,0x00000000800107B2] -> 0xFEB5
[2039] [M]: 0x00000000800107B0 (0xFEB55CE3) bge a0, a1, -0x8
mem[X,0x00000000800107B4] -> 0x0113
mem[X,0x00000000800107B6] -> 0x0021
[2040] [M]: 0x00000000800107B4 (0x00210113) addi sp, sp, 0x2
x2 <- 0x0000000000000002
mem[X,0x00000000800107B8] -> 0x006F
mem[X,0x00000000800107BA] -> 0x00C0
[2041] [M]: 0x00000000800107B8 (0x00C0006F) jal zero, 0xc
mem[X,0x00000000800107C4] -> 0xB823
mem[X,0x00000000800107C6] -> 0x4A20
[2042] [M]: 0x00000000800107C4 (0x4A20B823) sd sp, 0x4b0(ra)
mem[0x0000000080048680] <- 0x0000000000000002
mem[X,0x00000000800107C8] -> 0x0513
mem[X,0x00000000800107CA] -> 0x0010
[2043] [M]: 0x00000000800107C8 (0x00100513) addi a0, zero, 0x1
x10 <- 0x0000000000000001
mem[X,0x00000000800107CC] -> 0x1513
mem[X,0x00000000800107CE] -> 0x0215
[2044] [M]: 0x00000000800107CC (0x02151513) slli a0, a0, 0x21
x10 <- 0x0000000200000000
mem[X,0x00000000800107D0] -> 0x4513
mem[X,0x00000000800107D2] -> 0xFFF5
[2045] [M]: 0x00000000800107D0 (0xFFF54513) xori a0, a0, -0x1
x10 <- 0xFFFFFFFDFFFFFFFF
mem[X,0x00000000800107D4] -> 0x0593
mem[X,0x00000000800107D6] -> 0x0030
[2046] [M]: 0x00000000800107D4 (0x00300593) addi a1, zero, 0x3
x11 <- 0x0000000000000003
mem[X,0x00000000800107D8] -> 0x0113
mem[X,0x00000000800107DA] -> 0x0000
[2047] [M]: 0x00000000800107D8 (0x00000113) addi sp, zero, 0x0
x2 <- 0x0000000000000000
mem[X,0x00000000800107DC] -> 0x006F
mem[X,0x00000000800107DE] -> 0x00C0
[2048] [M]: 0x00000000800107DC (0x00C0006F) jal zero, 0xc
mem[X,0x00000000800107E8] -> 0x5063
mem[X,0x00000000800107EA] -> 0x08B5
[2049] [M]: 0x00000000800107E8 (0x08B55063) bge a0, a1, 0x80
mem[X,0x00000000800107EC] -> 0x0113
mem[X,0x00000000800107EE] -> 0x0021
[2050] [M]: 0x00000000800107EC (0x00210113) addi sp, sp, 0x2
x2 <- 0x0000000000000002
mem[X,0x00000000800107F0] -> 0x006F
mem[X,0x00000000800107F2] -> 0x0800
[2051] [M]: 0x00000000800107F0 (0x0800006F) jal zero, 0x80
mem[X,0x0000000080010870] -> 0xBC23
mem[X,0x0000000080010872] -> 0x4A20
[2052] [M]: 0x0000000080010870 (0x4A20BC23) sd sp, 0x4b8(ra)
mem[0x0000000080048688] <- 0x0000000000000002
mem[X,0x0000000080010874] -> 0x0513
mem[X,0x0000000080010876] -> 0x0010
[2053] [M]: 0x0000000080010874 (0x00100513) addi a0, zero, 0x1
x10 <- 0x0000000000000001
mem[X,0x0000000080010878] -> 0x1513
mem[X,0x000000008001087A] -> 0x0235
[2054] [M]: 0x0000000080010878 (0x02351513) slli a0, a0, 0x23
x10 <- 0x0000000800000000
mem[X,0x000000008001087C] -> 0x4513
mem[X,0x000000008001087E] -> 0xFFF5
[2055] [M]: 0x000000008001087C (0xFFF54513) xori a0, a0, -0x1
x10 <- 0xFFFFFFF7FFFFFFFF
mem[X,0x0000000080010880] -> 0x0593
mem[X,0x0000000080010882] -> 0x0010
[2056] [M]: 0x0000000080010880 (0x00100593) addi a1, zero, 0x1
x11 <- 0x0000000000000001
mem[X,0x0000000080010884] -> 0x9593
mem[X,0x0000000080010886] -> 0x0295
[2057] [M]: 0x0000000080010884 (0x02959593) slli a1, a1, 0x29
x11 <- 0x0000020000000000
mem[X,0x0000000080010888] -> 0xC593
mem[X,0x000000008001088A] -> 0xFFF5
[2058] [M]: 0x0000000080010888 (0xFFF5C593) xori a1, a1, -0x1
x11 <- 0xFFFFFDFFFFFFFFFF
mem[X,0x000000008001088C] -> 0x0113
mem[X,0x000000008001088E] -> 0x0000
[2059] [M]: 0x000000008001088C (0x00000113) addi sp, zero, 0x0
x2 <- 0x0000000000000000
mem[X,0x0000000080010890] -> 0x006F
mem[X,0x0000000080010892] -> 0x00C0
[2060] [M]: 0x0000000080010890 (0x00C0006F) jal zero, 0xc
mem[X,0x000000008001089C] -> 0x5063
mem[X,0x000000008001089E] -> 0x04B5
[2061] [M]: 0x000000008001089C (0x04B55063) bge a0, a1, 0x40
mem[X,0x00000000800108DC] -> 0x0113
mem[X,0x00000000800108DE] -> 0x0031
[2062] [M]: 0x00000000800108DC (0x00310113) addi sp, sp, 0x3
x2 <- 0x0000000000000003
mem[X,0x00000000800108E0] -> 0x006F
mem[X,0x00000000800108E2] -> 0x0040
[2063] [M]: 0x00000000800108E0 (0x0040006F) jal zero, 0x4
mem[X,0x00000000800108E4] -> 0xB023
mem[X,0x00000000800108E6] -> 0x4C20
[2064] [M]: 0x00000000800108E4 (0x4C20B023) sd sp, 0x4c0(ra)
mem[0x0000000080048690] <- 0x0000000000000003
mem[X,0x00000000800108E8] -> 0x0513
mem[X,0x00000000800108EA] -> 0x0010
[2065] [M]: 0x00000000800108E8 (0x00100513) addi a0, zero, 0x1
x10 <- 0x0000000000000001
mem[X,0x00000000800108EC] -> 0x1513
mem[X,0x00000000800108EE] -> 0x0285
[2066] [M]: 0x00000000800108EC (0x02851513) slli a0, a0, 0x28
x10 <- 0x0000010000000000
mem[X,0x00000000800108F0] -> 0x4513
mem[X,0x00000000800108F2] -> 0xFFF5
[2067] [M]: 0x00000000800108F0 (0xFFF54513) xori a0, a0, -0x1
x10 <- 0xFFFFFEFFFFFFFFFF
mem[X,0x00000000800108F4] -> 0x0593
mem[X,0x00000000800108F6] -> 0xEFF0
[2068] [M]: 0x00000000800108F4 (0xEFF00593) addi a1, zero, -0x101
x11 <- 0xFFFFFFFFFFFFFEFF
mem[X,0x00000000800108F8] -> 0x0113
mem[X,0x00000000800108FA] -> 0x0000
[2069] [M]: 0x00000000800108F8 (0x00000113) addi sp, zero, 0x0
x2 <- 0x0000000000000000
mem[X,0x00000000800108FC] -> 0x006F
mem[X,0x00000000800108FE] -> 0x00C0
[2070] [M]: 0x00000000800108FC (0x00C0006F) jal zero, 0xc
mem[X,0x0000000080010908] -> 0x5063
mem[X,0x000000008001090A] -> 0x10B5
[2071] [M]: 0x0000000080010908 (0x10B55063) bge a0, a1, 0x100
mem[X,0x000000008001090C] -> 0x0113
mem[X,0x000000008001090E] -> 0x0021
[2072] [M]: 0x000000008001090C (0x00210113) addi sp, sp, 0x2
x2 <- 0x0000000000000002
mem[X,0x0000000080010910] -> 0x006F
mem[X,0x0000000080010912] -> 0x1000
[2073] [M]: 0x0000000080010910 (0x1000006F) jal zero, 0x100
mem[X,0x0000000080010A10] -> 0xB423
mem[X,0x0000000080010A12] -> 0x4C20
[2074] [M]: 0x0000000080010A10 (0x4C20B423) sd sp, 0x4c8(ra)
mem[0x0000000080048698] <- 0x0000000000000002
mem[X,0x0000000080010A14] -> 0x0513
mem[X,0x0000000080010A16] -> 0x0010
[2075] [M]: 0x0000000080010A14 (0x00100513) addi a0, zero, 0x1
x10 <- 0x0000000000000001
mem[X,0x0000000080010A18] -> 0x1513
mem[X,0x0000000080010A1A] -> 0x02B5
[2076] [M]: 0x0000000080010A18 (0x02B51513) slli a0, a0, 0x2b
x10 <- 0x0000080000000000
mem[X,0x0000000080010A1C] -> 0x4513
mem[X,0x0000000080010A1E] -> 0xFFF5
[2077] [M]: 0x0000000080010A1C (0xFFF54513) xori a0, a0, -0x1
x10 <- 0xFFFFF7FFFFFFFFFF
mem[X,0x0000000080010A20] -> 0x0593
mem[X,0x0000000080010A22] -> 0x0040
[2078] [M]: 0x0000000080010A20 (0x00400593) addi a1, zero, 0x4
x11 <- 0x0000000000000004
mem[X,0x0000000080010A24] -> 0x0113
mem[X,0x0000000080010A26] -> 0x0000
[2079] [M]: 0x0000000080010A24 (0x00000113) addi sp, zero, 0x0
x2 <- 0x0000000000000000
mem[X,0x0000000080010A28] -> 0x006F
mem[X,0x0000000080010A2A] -> 0x00C0
[2080] [M]: 0x0000000080010A28 (0x00C0006F) jal zero, 0xc
mem[X,0x0000000080010A34] -> 0x5663
mem[X,0x0000000080010A36] -> 0x00B5
[2081] [M]: 0x0000000080010A34 (0x00B55663) bge a0, a1, 0xc
mem[X,0x0000000080010A38] -> 0x0113
mem[X,0x0000000080010A3A] -> 0x0021
[2082] [M]: 0x0000000080010A38 (0x00210113) addi sp, sp, 0x2
x2 <- 0x0000000000000002
mem[X,0x0000000080010A3C] -> 0x006F
mem[X,0x0000000080010A3E] -> 0x00C0
[2083] [M]: 0x0000000080010A3C (0x00C0006F) jal zero, 0xc
mem[X,0x0000000080010A48] -> 0xB823
mem[X,0x0000000080010A4A] -> 0x4C20
[2084] [M]: 0x0000000080010A48 (0x4C20B823) sd sp, 0x4d0(ra)
mem[0x00000000800486A0] <- 0x0000000000000002
mem[X,0x0000000080010A4C] -> 0x0513
mem[X,0x0000000080010A4E] -> 0x0010
[2085] [M]: 0x0000000080010A4C (0x00100513) addi a0, zero, 0x1
x10 <- 0x0000000000000001
mem[X,0x0000000080010A50] -> 0x1513
mem[X,0x0000000080010A52] -> 0x02C5
[2086] [M]: 0x0000000080010A50 (0x02C51513) slli a0, a0, 0x2c
x10 <- 0x0000100000000000
mem[X,0x0000000080010A54] -> 0x4513
mem[X,0x0000000080010A56] -> 0xFFF5
[2087] [M]: 0x0000000080010A54 (0xFFF54513) xori a0, a0, -0x1
x10 <- 0xFFFFEFFFFFFFFFFF
mem[X,0x0000000080010A58] -> 0x0593
mem[X,0x0000000080010A5A] -> 0x0010
[2088] [M]: 0x0000000080010A58 (0x00100593) addi a1, zero, 0x1
x11 <- 0x0000000000000001
mem[X,0x0000000080010A5C] -> 0x9593
mem[X,0x0000000080010A5E] -> 0x01A5
[2089] [M]: 0x0000000080010A5C (0x01A59593) slli a1, a1, 0x1a
x11 <- 0x0000000004000000
mem[X,0x0000000080010A60] -> 0x0113
mem[X,0x0000000080010A62] -> 0x0000
[2090] [M]: 0x0000000080010A60 (0x00000113) addi sp, zero, 0x0
x2 <- 0x0000000000000000
mem[X,0x0000000080010A64] -> 0x006F
mem[X,0x0000000080010A66] -> 0x00C0
[2091] [M]: 0x0000000080010A64 (0x00C0006F) jal zero, 0xc
mem[X,0x0000000080010A70] -> 0x5CE3
mem[X,0x0000000080010A72] -> 0xFEB5
[2092] [M]: 0x0000000080010A70 (0xFEB55CE3) bge a0, a1, -0x8
mem[X,0x0000000080010A74] -> 0x0113
mem[X,0x0000000080010A76] -> 0x0021
[2093] [M]: 0x0000000080010A74 (0x00210113) addi sp, sp, 0x2
x2 <- 0x0000000000000002
mem[X,0x0000000080010A78] -> 0x006F
mem[X,0x0000000080010A7A] -> 0x00C0
[2094] [M]: 0x0000000080010A78 (0x00C0006F) jal zero, 0xc
mem[X,0x0000000080010A84] -> 0xBC23
mem[X,0x0000000080010A86] -> 0x4C20
[2095] [M]: 0x0000000080010A84 (0x4C20BC23) sd sp, 0x4d8(ra)
mem[0x00000000800486A8] <- 0x0000000000000002
mem[X,0x0000000080010A88] -> 0x0513
mem[X,0x0000000080010A8A] -> 0x0010
[2096] [M]: 0x0000000080010A88 (0x00100513) addi a0, zero, 0x1
x10 <- 0x0000000000000001
mem[X,0x0000000080010A8C] -> 0x1513
mem[X,0x0000000080010A8E] -> 0x02E5
[2097] [M]: 0x0000000080010A8C (0x02E51513) slli a0, a0, 0x2e
x10 <- 0x0000400000000000
mem[X,0x0000000080010A90] -> 0x4513
mem[X,0x0000000080010A92] -> 0xFFF5
[2098] [M]: 0x0000000080010A90 (0xFFF54513) xori a0, a0, -0x1
x10 <- 0xFFFFBFFFFFFFFFFF
mem[X,0x0000000080010A94] -> 0x0593
mem[X,0x0000000080010A96] -> 0x0050
[2099] [M]: 0x0000000080010A94 (0x00500593) addi a1, zero, 0x5
x11 <- 0x0000000000000005
clint::tick mtime <- 0x0000000000000015
 clint timer pending at mtime 0x0000000000000015
htif::tick 0x0000000000000000
mem[X,0x0000000080010A98] -> 0x0113
mem[X,0x0000000080010A9A] -> 0x0000
[2100] [M]: 0x0000000080010A98 (0x00000113) addi sp, zero, 0x0
x2 <- 0x0000000000000000
mem[X,0x0000000080010A9C] -> 0x006F
mem[X,0x0000000080010A9E] -> 0x2B10
[2101] [M]: 0x0000000080010A9C (0x2B10006F) jal zero, 0xab0
mem[X,0x000000008001154C] -> 0x5A63
mem[X,0x000000008001154E] -> 0xD4B5
[2102] [M]: 0x000000008001154C (0xD4B55A63) bge a0, a1, -0xaac
mem[X,0x0000000080011550] -> 0x0113
mem[X,0x0000000080011552] -> 0x0021
[2103] [M]: 0x0000000080011550 (0x00210113) addi sp, sp, 0x2
x2 <- 0x0000000000000002
mem[X,0x0000000080011554] -> 0x006F
mem[X,0x0000000080011556] -> 0x00C0
[2104] [M]: 0x0000000080011554 (0x00C0006F) jal zero, 0xc
mem[X,0x0000000080011560] -> 0xB023
mem[X,0x0000000080011562] -> 0x4E20
[2105] [M]: 0x0000000080011560 (0x4E20B023) sd sp, 0x4e0(ra)
mem[0x00000000800486B0] <- 0x0000000000000002
mem[X,0x0000000080011564] -> 0x0513
mem[X,0x0000000080011566] -> 0x0010
[2106] [M]: 0x0000000080011564 (0x00100513) addi a0, zero, 0x1
x10 <- 0x0000000000000001
mem[X,0x0000000080011568] -> 0x1513
mem[X,0x000000008001156A] -> 0x0305
[2107] [M]: 0x0000000080011568 (0x03051513) slli a0, a0, 0x30
x10 <- 0x0001000000000000
mem[X,0x000000008001156C] -> 0x4513
mem[X,0x000000008001156E] -> 0xFFF5
[2108] [M]: 0x000000008001156C (0xFFF54513) xori a0, a0, -0x1
x10 <- 0xFFFEFFFFFFFFFFFF
mem[X,0x0000000080011570] -> 0x0593
mem[X,0x0000000080011572] -> 0x0030
[2109] [M]: 0x0000000080011570 (0x00300593) addi a1, zero, 0x3
x11 <- 0x0000000000000003
mem[X,0x0000000080011574] -> 0x0113
mem[X,0x0000000080011576] -> 0x0000
[2110] [M]: 0x0000000080011574 (0x00000113) addi sp, zero, 0x0
x2 <- 0x0000000000000000
mem[X,0x0000000080011578] -> 0x006F
mem[X,0x000000008001157A] -> 0x00C0
[2111] [M]: 0x0000000080011578 (0x00C0006F) jal zero, 0xc
mem[X,0x0000000080011584] -> 0x5063
mem[X,0x0000000080011586] -> 0x40B5
[2112] [M]: 0x0000000080011584 (0x40B55063) bge a0, a1, 0x400
mem[X,0x0000000080011588] -> 0x0113
mem[X,0x000000008001158A] -> 0x0021
[2113] [M]: 0x0000000080011588 (0x00210113) addi sp, sp, 0x2
x2 <- 0x0000000000000002
mem[X,0x000000008001158C] -> 0x006F
mem[X,0x000000008001158E] -> 0x4000
[2114] [M]: 0x000000008001158C (0x4000006F) jal zero, 0x400
mem[X,0x000000008001198C] -> 0xB423
mem[X,0x000000008001198E] -> 0x4E20
[2115] [M]: 0x000000008001198C (0x4E20B423) sd sp, 0x4e8(ra)
mem[0x00000000800486B8] <- 0x0000000000000002
mem[X,0x0000000080011990] -> 0x0513
mem[X,0x0000000080011992] -> 0x0010
[2116] [M]: 0x0000000080011990 (0x00100513) addi a0, zero, 0x1
x10 <- 0x0000000000000001
mem[X,0x0000000080011994] -> 0x1513
mem[X,0x0000000080011996] -> 0x0315
[2117] [M]: 0x0000000080011994 (0x03151513) slli a0, a0, 0x31
x10 <- 0x0002000000000000
mem[X,0x0000000080011998] -> 0x4513
mem[X,0x000000008001199A] -> 0xFFF5
[2118] [M]: 0x0000000080011998 (0xFFF54513) xori a0, a0, -0x1
x10 <- 0xFFFDFFFFFFFFFFFF
mem[X,0x000000008001199C] -> 0x65B7
mem[X,0x000000008001199E] -> 0x6666
[2119] [M]: 0x000000008001199C (0x666665B7) lui a1, 0x66666
x11 <- 0x0000000066666000
mem[X,0x00000000800119A0] -> 0x8593
mem[X,0x00000000800119A2] -> 0x6665
[2120] [M]: 0x00000000800119A0 (0x66658593) addi a1, a1, 0x666
x11 <- 0x0000000066666666
mem[X,0x00000000800119A4] -> 0x9593
mem[X,0x00000000800119A6] -> 0x00B5
[2121] [M]: 0x00000000800119A4 (0x00B59593) slli a1, a1, 0xb
x11 <- 0x0000033333333000
mem[X,0x00000000800119A8] -> 0x8593
mem[X,0x00000000800119AA] -> 0x3335
[2122] [M]: 0x00000000800119A8 (0x33358593) addi a1, a1, 0x333
x11 <- 0x0000033333333333
mem[X,0x00000000800119AC] -> 0x9593
mem[X,0x00000000800119AE] -> 0x00B5
[2123] [M]: 0x00000000800119AC (0x00B59593) slli a1, a1, 0xb
x11 <- 0x0019999999999800
mem[X,0x00000000800119B0] -> 0x8593
mem[X,0x00000000800119B2] -> 0x1995
[2124] [M]: 0x00000000800119B0 (0x19958593) addi a1, a1, 0x199
x11 <- 0x0019999999999999
mem[X,0x00000000800119B4] -> 0x9593
mem[X,0x00000000800119B6] -> 0x00A5
[2125] [M]: 0x00000000800119B4 (0x00A59593) slli a1, a1, 0xa
x11 <- 0x6666666666666400
mem[X,0x00000000800119B8] -> 0x8593
mem[X,0x00000000800119BA] -> 0x2655
[2126] [M]: 0x00000000800119B8 (0x26558593) addi a1, a1, 0x265
x11 <- 0x6666666666666665
mem[X,0x00000000800119BC] -> 0x0113
mem[X,0x00000000800119BE] -> 0x0000
[2127] [M]: 0x00000000800119BC (0x00000113) addi sp, zero, 0x0
x2 <- 0x0000000000000000
mem[X,0x00000000800119C0] -> 0x006F
mem[X,0x00000000800119C2] -> 0x00C0
[2128] [M]: 0x00000000800119C0 (0x00C0006F) jal zero, 0xc
mem[X,0x00000000800119CC] -> 0x5063
mem[X,0x00000000800119CE] -> 0x08B5
[2129] [M]: 0x00000000800119CC (0x08B55063) bge a0, a1, 0x80
mem[X,0x00000000800119D0] -> 0x0113
mem[X,0x00000000800119D2] -> 0x0021
[2130] [M]: 0x00000000800119D0 (0x00210113) addi sp, sp, 0x2
x2 <- 0x0000000000000002
mem[X,0x00000000800119D4] -> 0x006F
mem[X,0x00000000800119D6] -> 0x0800
[2131] [M]: 0x00000000800119D4 (0x0800006F) jal zero, 0x80
mem[X,0x0000000080011A54] -> 0xB823
mem[X,0x0000000080011A56] -> 0x4E20
[2132] [M]: 0x0000000080011A54 (0x4E20B823) sd sp, 0x4f0(ra)
mem[0x00000000800486C0] <- 0x0000000000000002
mem[X,0x0000000080011A58] -> 0x0513
mem[X,0x0000000080011A5A] -> 0x0010
[2133] [M]: 0x0000000080011A58 (0x00100513) addi a0, zero, 0x1
x10 <- 0x0000000000000001
mem[X,0x0000000080011A5C] -> 0x1513
mem[X,0x0000000080011A5E] -> 0x0345
[2134] [M]: 0x0000000080011A5C (0x03451513) slli a0, a0, 0x34
x10 <- 0x0010000000000000
mem[X,0x0000000080011A60] -> 0x4513
mem[X,0x0000000080011A62] -> 0xFFF5
[2135] [M]: 0x0000000080011A60 (0xFFF54513) xori a0, a0, -0x1
x10 <- 0xFFEFFFFFFFFFFFFF
mem[X,0x0000000080011A64] -> 0x05B7
mem[X,0x0000000080011A66] -> 0x0000
[2136] [M]: 0x0000000080011A64 (0x000005B7) lui a1, 0x0
x11 <- 0x0000000000000000
mem[X,0x0000000080011A68] -> 0x8593
mem[X,0x0000000080011A6A] -> 0xFFF5
[2137] [M]: 0x0000000080011A68 (0xFFF58593) addi a1, a1, -0x1
x11 <- 0xFFFFFFFFFFFFFFFF
mem[X,0x0000000080011A6C] -> 0x9593
mem[X,0x0000000080011A6E] -> 0x00B5
[2138] [M]: 0x0000000080011A6C (0x00B59593) slli a1, a1, 0xb
x11 <- 0xFFFFFFFFFFFFF800
mem[X,0x0000000080011A70] -> 0x8593
mem[X,0x0000000080011A72] -> 0x2575
[2139] [M]: 0x0000000080011A70 (0x25758593) addi a1, a1, 0x257
x11 <- 0xFFFFFFFFFFFFFA57
mem[X,0x0000000080011A74] -> 0x9593
mem[X,0x0000000080011A76] -> 0x00B5
[2140] [M]: 0x0000000080011A74 (0x00B59593) slli a1, a1, 0xb
x11 <- 0xFFFFFFFFFFD2B800
mem[X,0x0000000080011A78] -> 0x8593
mem[X,0x0000000080011A7A] -> 0x6C35
[2141] [M]: 0x0000000080011A78 (0x6C358593) addi a1, a1, 0x6c3
x11 <- 0xFFFFFFFFFFD2BEC3
mem[X,0x0000000080011A7C] -> 0x9593
mem[X,0x0000000080011A7E] -> 0x00A5
[2142] [M]: 0x0000000080011A7C (0x00A59593) slli a1, a1, 0xa
x11 <- 0xFFFFFFFF4AFB0C00
mem[X,0x0000000080011A80] -> 0x8593
mem[X,0x0000000080011A82] -> 0x0CE5
[2143] [M]: 0x0000000080011A80 (0x0CE58593) addi a1, a1, 0xce
x11 <- 0xFFFFFFFF4AFB0CCE
mem[X,0x0000000080011A84] -> 0x0113
mem[X,0x0000000080011A86] -> 0x0000
[2144] [M]: 0x0000000080011A84 (0x00000113) addi sp, zero, 0x0
x2 <- 0x0000000000000000
mem[X,0x0000000080011A88] -> 0x006F
mem[X,0x0000000080011A8A] -> 0x0180
[2145] [M]: 0x0000000080011A88 (0x0180006F) jal zero, 0x18
mem[X,0x0000000080011AA0] -> 0x56E3
mem[X,0x0000000080011AA2] -> 0xFEB5
[2146] [M]: 0x0000000080011AA0 (0xFEB556E3) bge a0, a1, -0x14
mem[X,0x0000000080011AA4] -> 0x0113
mem[X,0x0000000080011AA6] -> 0x0021
[2147] [M]: 0x0000000080011AA4 (0x00210113) addi sp, sp, 0x2
x2 <- 0x0000000000000002
mem[X,0x0000000080011AA8] -> 0x006F
mem[X,0x0000000080011AAA] -> 0x00C0
[2148] [M]: 0x0000000080011AA8 (0x00C0006F) jal zero, 0xc
mem[X,0x0000000080011AB4] -> 0xBC23
mem[X,0x0000000080011AB6] -> 0x4E20
[2149] [M]: 0x0000000080011AB4 (0x4E20BC23) sd sp, 0x4f8(ra)
mem[0x00000000800486C8] <- 0x0000000000000002
mem[X,0x0000000080011AB8] -> 0x0513
mem[X,0x0000000080011ABA] -> 0x0010
[2150] [M]: 0x0000000080011AB8 (0x00100513) addi a0, zero, 0x1
x10 <- 0x0000000000000001
mem[X,0x0000000080011ABC] -> 0x1513
mem[X,0x0000000080011ABE] -> 0x0385
[2151] [M]: 0x0000000080011ABC (0x03851513) slli a0, a0, 0x38
x10 <- 0x0100000000000000
mem[X,0x0000000080011AC0] -> 0x4513
mem[X,0x0000000080011AC2] -> 0xFFF5
[2152] [M]: 0x0000000080011AC0 (0xFFF54513) xori a0, a0, -0x1
x10 <- 0xFEFFFFFFFFFFFFFF
mem[X,0x0000000080011AC4] -> 0x0593
mem[X,0x0000000080011AC6] -> 0x0200
[2153] [M]: 0x0000000080011AC4 (0x02000593) addi a1, zero, 0x20
x11 <- 0x0000000000000020
mem[X,0x0000000080011AC8] -> 0x0113
mem[X,0x0000000080011ACA] -> 0x0000
[2154] [M]: 0x0000000080011AC8 (0x00000113) addi sp, zero, 0x0
x2 <- 0x0000000000000000
mem[X,0x0000000080011ACC] -> 0x006F
mem[X,0x0000000080011ACE] -> 0x00C0
[2155] [M]: 0x0000000080011ACC (0x00C0006F) jal zero, 0xc
mem[X,0x0000000080011AD8] -> 0x5CE3
mem[X,0x0000000080011ADA] -> 0xFEB5
[2156] [M]: 0x0000000080011AD8 (0xFEB55CE3) bge a0, a1, -0x8
mem[X,0x0000000080011ADC] -> 0x0113
mem[X,0x0000000080011ADE] -> 0x0021
[2157] [M]: 0x0000000080011ADC (0x00210113) addi sp, sp, 0x2
x2 <- 0x0000000000000002
mem[X,0x0000000080011AE0] -> 0x006F
mem[X,0x0000000080011AE2] -> 0x00C0
[2158] [M]: 0x0000000080011AE0 (0x00C0006F) jal zero, 0xc
mem[X,0x0000000080011AEC] -> 0xB023
mem[X,0x0000000080011AEE] -> 0x5020
[2159] [M]: 0x0000000080011AEC (0x5020B023) sd sp, 0x500(ra)
mem[0x00000000800486D0] <- 0x0000000000000002
mem[X,0x0000000080011AF0] -> 0x0513
mem[X,0x0000000080011AF2] -> 0x0010
[2160] [M]: 0x0000000080011AF0 (0x00100513) addi a0, zero, 0x1
x10 <- 0x0000000000000001
mem[X,0x0000000080011AF4] -> 0x1513
mem[X,0x0000000080011AF6] -> 0x03D5
[2161] [M]: 0x0000000080011AF4 (0x03D51513) slli a0, a0, 0x3d
x10 <- 0x2000000000000000
mem[X,0x0000000080011AF8] -> 0x4513
mem[X,0x0000000080011AFA] -> 0xFFF5
[2162] [M]: 0x0000000080011AF8 (0xFFF54513) xori a0, a0, -0x1
x10 <- 0xDFFFFFFFFFFFFFFF
mem[X,0x0000000080011AFC] -> 0xB5B7
mem[X,0x0000000080011AFE] -> 0xAAAA
[2163] [M]: 0x0000000080011AFC (0xAAAAB5B7) lui a1, -0x55555
x11 <- 0xFFFFFFFFAAAAB000
mem[X,0x0000000080011B00] -> 0x8593
mem[X,0x0000000080011B02] -> 0xAAA5
[2164] [M]: 0x0000000080011B00 (0xAAA58593) addi a1, a1, -0x556
x11 <- 0xFFFFFFFFAAAAAAAA
mem[X,0x0000000080011B04] -> 0x9593
mem[X,0x0000000080011B06] -> 0x00B5
[2165] [M]: 0x0000000080011B04 (0x00B59593) slli a1, a1, 0xb
x11 <- 0xFFFFFD5555555000
mem[X,0x0000000080011B08] -> 0x8593
mem[X,0x0000000080011B0A] -> 0x5555
[2166] [M]: 0x0000000080011B08 (0x55558593) addi a1, a1, 0x555
x11 <- 0xFFFFFD5555555555
mem[X,0x0000000080011B0C] -> 0x9593
mem[X,0x0000000080011B0E] -> 0x00B5
[2167] [M]: 0x0000000080011B0C (0x00B59593) slli a1, a1, 0xb
x11 <- 0xFFEAAAAAAAAAA800
mem[X,0x0000000080011B10] -> 0x8593
mem[X,0x0000000080011B12] -> 0x2AA5
[2168] [M]: 0x0000000080011B10 (0x2AA58593) addi a1, a1, 0x2aa
x11 <- 0xFFEAAAAAAAAAAAAA
mem[X,0x0000000080011B14] -> 0x9593
mem[X,0x0000000080011B16] -> 0x00A5
[2169] [M]: 0x0000000080011B14 (0x00A59593) slli a1, a1, 0xa
x11 <- 0xAAAAAAAAAAAAA800
mem[X,0x0000000080011B18] -> 0x8593
mem[X,0x0000000080011B1A] -> 0x2AA5
[2170] [M]: 0x0000000080011B18 (0x2AA58593) addi a1, a1, 0x2aa
x11 <- 0xAAAAAAAAAAAAAAAA
mem[X,0x0000000080011B1C] -> 0x0113
mem[X,0x0000000080011B1E] -> 0x0000
[2171] [M]: 0x0000000080011B1C (0x00000113) addi sp, zero, 0x0
x2 <- 0x0000000000000000
mem[X,0x0000000080011B20] -> 0x006F
mem[X,0x0000000080011B22] -> 0x00C0
[2172] [M]: 0x0000000080011B20 (0x00C0006F) jal zero, 0xc
mem[X,0x0000000080011B2C] -> 0x5663
mem[X,0x0000000080011B2E] -> 0x00B5
[2173] [M]: 0x0000000080011B2C (0x00B55663) bge a0, a1, 0xc
mem[X,0x0000000080011B38] -> 0x0113
mem[X,0x0000000080011B3A] -> 0x0031
[2174] [M]: 0x0000000080011B38 (0x00310113) addi sp, sp, 0x3
x2 <- 0x0000000000000003
mem[X,0x0000000080011B3C] -> 0x006F
mem[X,0x0000000080011B3E] -> 0x0040
[2175] [M]: 0x0000000080011B3C (0x0040006F) jal zero, 0x4
mem[X,0x0000000080011B40] -> 0xB423
mem[X,0x0000000080011B42] -> 0x5020
[2176] [M]: 0x0000000080011B40 (0x5020B423) sd sp, 0x508(ra)
mem[0x00000000800486D8] <- 0x0000000000000003
mem[X,0x0000000080011B44] -> 0x0513
mem[X,0x0000000080011B46] -> 0x0010
[2177] [M]: 0x0000000080011B44 (0x00100513) addi a0, zero, 0x1
x10 <- 0x0000000000000001
mem[X,0x0000000080011B48] -> 0x1513
mem[X,0x0000000080011B4A] -> 0x03E5
[2178] [M]: 0x0000000080011B48 (0x03E51513) slli a0, a0, 0x3e
x10 <- 0x4000000000000000
mem[X,0x0000000080011B4C] -> 0x4513
mem[X,0x0000000080011B4E] -> 0xFFF5
[2179] [M]: 0x0000000080011B4C (0xFFF54513) xori a0, a0, -0x1
x10 <- 0xBFFFFFFFFFFFFFFF
mem[X,0x0000000080011B50] -> 0x0593
mem[X,0x0000000080011B52] -> 0x0010
[2180] [M]: 0x0000000080011B50 (0x00100593) addi a1, zero, 0x1
x11 <- 0x0000000000000001
mem[X,0x0000000080011B54] -> 0x9593
mem[X,0x0000000080011B56] -> 0x0235
[2181] [M]: 0x0000000080011B54 (0x02359593) slli a1, a1, 0x23
x11 <- 0x0000000800000000
mem[X,0x0000000080011B58] -> 0x0113
mem[X,0x0000000080011B5A] -> 0x0000
[2182] [M]: 0x0000000080011B58 (0x00000113) addi sp, zero, 0x0
x2 <- 0x0000000000000000
mem[X,0x0000000080011B5C] -> 0x006F
mem[X,0x0000000080011B5E] -> 0x0100
[2183] [M]: 0x0000000080011B5C (0x0100006F) jal zero, 0x10
mem[X,0x0000000080011B6C] -> 0x5AE3
mem[X,0x0000000080011B6E] -> 0xFEB5
[2184] [M]: 0x0000000080011B6C (0xFEB55AE3) bge a0, a1, -0xc
mem[X,0x0000000080011B70] -> 0x0113
mem[X,0x0000000080011B72] -> 0x0021
[2185] [M]: 0x0000000080011B70 (0x00210113) addi sp, sp, 0x2
x2 <- 0x0000000000000002
mem[X,0x0000000080011B74] -> 0x006F
mem[X,0x0000000080011B76] -> 0x00C0
[2186] [M]: 0x0000000080011B74 (0x00C0006F) jal zero, 0xc
mem[X,0x0000000080011B80] -> 0xB823
mem[X,0x0000000080011B82] -> 0x5020
[2187] [M]: 0x0000000080011B80 (0x5020B823) sd sp, 0x510(ra)
mem[0x00000000800486E0] <- 0x0000000000000002
mem[X,0x0000000080011B84] -> 0x0513
mem[X,0x0000000080011B86] -> 0xFFF0
[2188] [M]: 0x0000000080011B84 (0xFFF00513) addi a0, zero, -0x1
x10 <- 0xFFFFFFFFFFFFFFFF
mem[X,0x0000000080011B88] -> 0x5513
mem[X,0x0000000080011B8A] -> 0x0015
[2189] [M]: 0x0000000080011B88 (0x00155513) srli a0, a0, 0x1
x10 <- 0x7FFFFFFFFFFFFFFF
mem[X,0x0000000080011B8C] -> 0x0593
mem[X,0x0000000080011B8E] -> 0x0010
[2190] [M]: 0x0000000080011B8C (0x00100593) addi a1, zero, 0x1
x11 <- 0x0000000000000001
mem[X,0x0000000080011B90] -> 0x9593
mem[X,0x0000000080011B92] -> 0x0135
[2191] [M]: 0x0000000080011B90 (0x01359593) slli a1, a1, 0x13
x11 <- 0x0000000000080000
mem[X,0x0000000080011B94] -> 0xC593
mem[X,0x0000000080011B96] -> 0xFFF5
[2192] [M]: 0x0000000080011B94 (0xFFF5C593) xori a1, a1, -0x1
x11 <- 0xFFFFFFFFFFF7FFFF
mem[X,0x0000000080011B98] -> 0x0113
mem[X,0x0000000080011B9A] -> 0x0000
[2193] [M]: 0x0000000080011B98 (0x00000113) addi sp, zero, 0x0
x2 <- 0x0000000000000000
mem[X,0x0000000080011B9C] -> 0x006F
mem[X,0x0000000080011B9E] -> 0x00C0
[2194] [M]: 0x0000000080011B9C (0x00C0006F) jal zero, 0xc
mem[X,0x0000000080011BA8] -> 0x5663
mem[X,0x0000000080011BAA] -> 0x00B5
[2195] [M]: 0x0000000080011BA8 (0x00B55663) bge a0, a1, 0xc
mem[X,0x0000000080011BB4] -> 0x0113
mem[X,0x0000000080011BB6] -> 0x0031
[2196] [M]: 0x0000000080011BB4 (0x00310113) addi sp, sp, 0x3
x2 <- 0x0000000000000003
mem[X,0x0000000080011BB8] -> 0x006F
mem[X,0x0000000080011BBA] -> 0x0040
[2197] [M]: 0x0000000080011BB8 (0x0040006F) jal zero, 0x4
mem[X,0x0000000080011BBC] -> 0xBC23
mem[X,0x0000000080011BBE] -> 0x5020
[2198] [M]: 0x0000000080011BBC (0x5020BC23) sd sp, 0x518(ra)
mem[0x00000000800486E8] <- 0x0000000000000003
mem[X,0x0000000080011BC0] -> 0x0513
mem[X,0x0000000080011BC2] -> 0x0030
[2199] [M]: 0x0000000080011BC0 (0x00300513) addi a0, zero, 0x3
x10 <- 0x0000000000000003
clint::tick mtime <- 0x0000000000000016
 clint timer pending at mtime 0x0000000000000016
htif::tick 0x0000000000000000
mem[X,0x0000000080011BC4] -> 0x0593
mem[X,0x0000000080011BC6] -> 0x0030
[2200] [M]: 0x0000000080011BC4 (0x00300593) addi a1, zero, 0x3
x11 <- 0x0000000000000003
mem[X,0x0000000080011BC8] -> 0x0113
mem[X,0x0000000080011BCA] -> 0x0000
[2201] [M]: 0x0000000080011BC8 (0x00000113) addi sp, zero, 0x0
x2 <- 0x0000000000000000
mem[X,0x0000000080011BCC] -> 0x006F
mem[X,0x0000000080011BCE] -> 0x00C0
[2202] [M]: 0x0000000080011BCC (0x00C0006F) jal zero, 0xc
mem[X,0x0000000080011BD8] -> 0x5063
mem[X,0x0000000080011BDA] -> 0x02B5
[2203] [M]: 0x0000000080011BD8 (0x02B55063) bge a0, a1, 0x20
mem[X,0x0000000080011BF8] -> 0x0113
mem[X,0x0000000080011BFA] -> 0x0031
[2204] [M]: 0x0000000080011BF8 (0x00310113) addi sp, sp, 0x3
x2 <- 0x0000000000000003
mem[X,0x0000000080011BFC] -> 0x006F
mem[X,0x0000000080011BFE] -> 0x0040
[2205] [M]: 0x0000000080011BFC (0x0040006F) jal zero, 0x4
mem[X,0x0000000080011C00] -> 0xB023
mem[X,0x0000000080011C02] -> 0x5220
[2206] [M]: 0x0000000080011C00 (0x5220B023) sd sp, 0x520(ra)
mem[0x00000000800486F0] <- 0x0000000000000003
mem[X,0x0000000080011C04] -> 0x0513
mem[X,0x0000000080011C06] -> 0x0030
[2207] [M]: 0x0000000080011C04 (0x00300513) addi a0, zero, 0x3
x10 <- 0x0000000000000003
mem[X,0x0000000080011C08] -> 0x55B7
mem[X,0x0000000080011C0A] -> 0x5555
[2208] [M]: 0x0000000080011C08 (0x555555B7) lui a1, 0x55555
x11 <- 0x0000000055555000
mem[X,0x0000000080011C0C] -> 0x8593
mem[X,0x0000000080011C0E] -> 0x5555
[2209] [M]: 0x0000000080011C0C (0x55558593) addi a1, a1, 0x555
x11 <- 0x0000000055555555
mem[X,0x0000000080011C10] -> 0x9593
mem[X,0x0000000080011C12] -> 0x00B5
[2210] [M]: 0x0000000080011C10 (0x00B59593) slli a1, a1, 0xb
x11 <- 0x000002AAAAAAA800
mem[X,0x0000000080011C14] -> 0x8593
mem[X,0x0000000080011C16] -> 0x2AA5
[2211] [M]: 0x0000000080011C14 (0x2AA58593) addi a1, a1, 0x2aa
x11 <- 0x000002AAAAAAAAAA
mem[X,0x0000000080011C18] -> 0x9593
mem[X,0x0000000080011C1A] -> 0x00B5
[2212] [M]: 0x0000000080011C18 (0x00B59593) slli a1, a1, 0xb
x11 <- 0x0015555555555000
mem[X,0x0000000080011C1C] -> 0x8593
mem[X,0x0000000080011C1E] -> 0x5555
[2213] [M]: 0x0000000080011C1C (0x55558593) addi a1, a1, 0x555
x11 <- 0x0015555555555555
mem[X,0x0000000080011C20] -> 0x9593
mem[X,0x0000000080011C22] -> 0x00A5
[2214] [M]: 0x0000000080011C20 (0x00A59593) slli a1, a1, 0xa
x11 <- 0x5555555555555400
mem[X,0x0000000080011C24] -> 0x8593
mem[X,0x0000000080011C26] -> 0x1555
[2215] [M]: 0x0000000080011C24 (0x15558593) addi a1, a1, 0x155
x11 <- 0x5555555555555555
mem[X,0x0000000080011C28] -> 0x0113
mem[X,0x0000000080011C2A] -> 0x0000
[2216] [M]: 0x0000000080011C28 (0x00000113) addi sp, zero, 0x0
x2 <- 0x0000000000000000
mem[X,0x0000000080011C2C] -> 0x006F
mem[X,0x0000000080011C2E] -> 0x2B10
[2217] [M]: 0x0000000080011C2C (0x2B10006F) jal zero, 0xab0
mem[X,0x00000000800126DC] -> 0x5A63
mem[X,0x00000000800126DE] -> 0xD4B5
[2218] [M]: 0x00000000800126DC (0xD4B55A63) bge a0, a1, -0xaac
mem[X,0x00000000800126E0] -> 0x0113
mem[X,0x00000000800126E2] -> 0x0021
[2219] [M]: 0x00000000800126E0 (0x00210113) addi sp, sp, 0x2
x2 <- 0x0000000000000002
mem[X,0x00000000800126E4] -> 0x006F
mem[X,0x00000000800126E6] -> 0x00C0
[2220] [M]: 0x00000000800126E4 (0x00C0006F) jal zero, 0xc
mem[X,0x00000000800126F0] -> 0xB423
mem[X,0x00000000800126F2] -> 0x5220
[2221] [M]: 0x00000000800126F0 (0x5220B423) sd sp, 0x528(ra)
mem[0x00000000800486F8] <- 0x0000000000000002
mem[X,0x00000000800126F4] -> 0x0513
mem[X,0x00000000800126F6] -> 0x0030
[2222] [M]: 0x00000000800126F4 (0x00300513) addi a0, zero, 0x3
x10 <- 0x0000000000000003
mem[X,0x00000000800126F8] -> 0xB5B7
mem[X,0x00000000800126FA] -> 0xAAAA
[2223] [M]: 0x00000000800126F8 (0xAAAAB5B7) lui a1, -0x55555
x11 <- 0xFFFFFFFFAAAAB000
mem[X,0x00000000800126FC] -> 0x8593
mem[X,0x00000000800126FE] -> 0xAAA5
[2224] [M]: 0x00000000800126FC (0xAAA58593) addi a1, a1, -0x556
x11 <- 0xFFFFFFFFAAAAAAAA
mem[X,0x0000000080012700] -> 0x9593
mem[X,0x0000000080012702] -> 0x00B5
[2225] [M]: 0x0000000080012700 (0x00B59593) slli a1, a1, 0xb
x11 <- 0xFFFFFD5555555000
mem[X,0x0000000080012704] -> 0x8593
mem[X,0x0000000080012706] -> 0x5555
[2226] [M]: 0x0000000080012704 (0x55558593) addi a1, a1, 0x555
x11 <- 0xFFFFFD5555555555
mem[X,0x0000000080012708] -> 0x9593
mem[X,0x000000008001270A] -> 0x00B5
[2227] [M]: 0x0000000080012708 (0x00B59593) slli a1, a1, 0xb
x11 <- 0xFFEAAAAAAAAAA800
mem[X,0x000000008001270C] -> 0x8593
mem[X,0x000000008001270E] -> 0x2AA5
[2228] [M]: 0x000000008001270C (0x2AA58593) addi a1, a1, 0x2aa
x11 <- 0xFFEAAAAAAAAAAAAA
mem[X,0x0000000080012710] -> 0x9593
mem[X,0x0000000080012712] -> 0x00A5
[2229] [M]: 0x0000000080012710 (0x00A59593) slli a1, a1, 0xa
x11 <- 0xAAAAAAAAAAAAA800
mem[X,0x0000000080012714] -> 0x8593
mem[X,0x0000000080012716] -> 0x2AA5
[2230] [M]: 0x0000000080012714 (0x2AA58593) addi a1, a1, 0x2aa
x11 <- 0xAAAAAAAAAAAAAAAA
mem[X,0x0000000080012718] -> 0x0113
mem[X,0x000000008001271A] -> 0x0000
[2231] [M]: 0x0000000080012718 (0x00000113) addi sp, zero, 0x0
x2 <- 0x0000000000000000
mem[X,0x000000008001271C] -> 0x006F
mem[X,0x000000008001271E] -> 0x0050
[2232] [M]: 0x000000008001271C (0x0050006F) jal zero, 0x804
mem[X,0x0000000080012F20] -> 0x50E3
mem[X,0x0000000080012F22] -> 0x80B5
[2233] [M]: 0x0000000080012F20 (0x80B550E3) bge a0, a1, -0x800
mem[X,0x0000000080012720] -> 0x0113
mem[X,0x0000000080012722] -> 0x0011
[2234] [M]: 0x0000000080012720 (0x00110113) addi sp, sp, 0x1
x2 <- 0x0000000000000001
mem[X,0x0000000080012724] -> 0x006F
mem[X,0x0000000080012726] -> 0x0110
[2235] [M]: 0x0000000080012724 (0x0110006F) jal zero, 0x810
mem[X,0x0000000080012F34] -> 0xB823
mem[X,0x0000000080012F36] -> 0x5220
[2236] [M]: 0x0000000080012F34 (0x5220B823) sd sp, 0x530(ra)
mem[0x0000000080048700] <- 0x0000000000000001
mem[X,0x0000000080012F38] -> 0x0513
mem[X,0x0000000080012F3A] -> 0x0030
[2237] [M]: 0x0000000080012F38 (0x00300513) addi a0, zero, 0x3
x10 <- 0x0000000000000003
mem[X,0x0000000080012F3C] -> 0x0593
mem[X,0x0000000080012F3E] -> 0x0050
[2238] [M]: 0x0000000080012F3C (0x00500593) addi a1, zero, 0x5
x11 <- 0x0000000000000005
mem[X,0x0000000080012F40] -> 0x0113
mem[X,0x0000000080012F42] -> 0x0000
[2239] [M]: 0x0000000080012F40 (0x00000113) addi sp, zero, 0x0
x2 <- 0x0000000000000000
mem[X,0x0000000080012F44] -> 0x006F
mem[X,0x0000000080012F46] -> 0x00C0
[2240] [M]: 0x0000000080012F44 (0x00C0006F) jal zero, 0xc
mem[X,0x0000000080012F50] -> 0x5063
mem[X,0x0000000080012F52] -> 0x04B5
[2241] [M]: 0x0000000080012F50 (0x04B55063) bge a0, a1, 0x40
mem[X,0x0000000080012F54] -> 0x0113
mem[X,0x0000000080012F56] -> 0x0021
[2242] [M]: 0x0000000080012F54 (0x00210113) addi sp, sp, 0x2
x2 <- 0x0000000000000002
mem[X,0x0000000080012F58] -> 0x006F
mem[X,0x0000000080012F5A] -> 0x0400
[2243] [M]: 0x0000000080012F58 (0x0400006F) jal zero, 0x40
mem[X,0x0000000080012F98] -> 0xBC23
mem[X,0x0000000080012F9A] -> 0x5220
[2244] [M]: 0x0000000080012F98 (0x5220BC23) sd sp, 0x538(ra)
mem[0x0000000080048708] <- 0x0000000000000002
mem[X,0x0000000080012F9C] -> 0x0513
mem[X,0x0000000080012F9E] -> 0x0030
[2245] [M]: 0x0000000080012F9C (0x00300513) addi a0, zero, 0x3
x10 <- 0x0000000000000003
mem[X,0x0000000080012FA0] -> 0x35B7
mem[X,0x0000000080012FA2] -> 0x3333
[2246] [M]: 0x0000000080012FA0 (0x333335B7) lui a1, 0x33333
x11 <- 0x0000000033333000
mem[X,0x0000000080012FA4] -> 0x8593
mem[X,0x0000000080012FA6] -> 0x3335
[2247] [M]: 0x0000000080012FA4 (0x33358593) addi a1, a1, 0x333
x11 <- 0x0000000033333333
mem[X,0x0000000080012FA8] -> 0x9593
mem[X,0x0000000080012FAA] -> 0x00B5
[2248] [M]: 0x0000000080012FA8 (0x00B59593) slli a1, a1, 0xb
x11 <- 0x0000019999999800
mem[X,0x0000000080012FAC] -> 0x8593
mem[X,0x0000000080012FAE] -> 0x1995
[2249] [M]: 0x0000000080012FAC (0x19958593) addi a1, a1, 0x199
x11 <- 0x0000019999999999
mem[X,0x0000000080012FB0] -> 0x9593
mem[X,0x0000000080012FB2] -> 0x00B5
[2250] [M]: 0x0000000080012FB0 (0x00B59593) slli a1, a1, 0xb
x11 <- 0x000CCCCCCCCCC800
mem[X,0x0000000080012FB4] -> 0x8593
mem[X,0x0000000080012FB6] -> 0x4CC5
[2251] [M]: 0x0000000080012FB4 (0x4CC58593) addi a1, a1, 0x4cc
x11 <- 0x000CCCCCCCCCCCCC
mem[X,0x0000000080012FB8] -> 0x9593
mem[X,0x0000000080012FBA] -> 0x00A5
[2252] [M]: 0x0000000080012FB8 (0x00A59593) slli a1, a1, 0xa
x11 <- 0x3333333333333000
mem[X,0x0000000080012FBC] -> 0x8593
mem[X,0x0000000080012FBE] -> 0x3335
[2253] [M]: 0x0000000080012FBC (0x33358593) addi a1, a1, 0x333
x11 <- 0x3333333333333333
mem[X,0x0000000080012FC0] -> 0x0113
mem[X,0x0000000080012FC2] -> 0x0000
[2254] [M]: 0x0000000080012FC0 (0x00000113) addi sp, zero, 0x0
x2 <- 0x0000000000000000
mem[X,0x0000000080012FC4] -> 0x006F
mem[X,0x0000000080012FC6] -> 0x00C0
[2255] [M]: 0x0000000080012FC4 (0x00C0006F) jal zero, 0xc
mem[X,0x0000000080012FD0] -> 0x5863
mem[X,0x0000000080012FD2] -> 0x00B5
[2256] [M]: 0x0000000080012FD0 (0x00B55863) bge a0, a1, 0x10
mem[X,0x0000000080012FD4] -> 0x0113
mem[X,0x0000000080012FD6] -> 0x0021
[2257] [M]: 0x0000000080012FD4 (0x00210113) addi sp, sp, 0x2
x2 <- 0x0000000000000002
mem[X,0x0000000080012FD8] -> 0x006F
mem[X,0x0000000080012FDA] -> 0x0100
[2258] [M]: 0x0000000080012FD8 (0x0100006F) jal zero, 0x10
mem[X,0x0000000080012FE8] -> 0xB023
mem[X,0x0000000080012FEA] -> 0x5420
[2259] [M]: 0x0000000080012FE8 (0x5420B023) sd sp, 0x540(ra)
mem[0x0000000080048710] <- 0x0000000000000002
mem[X,0x0000000080012FEC] -> 0x0513
mem[X,0x0000000080012FEE] -> 0x0030
[2260] [M]: 0x0000000080012FEC (0x00300513) addi a0, zero, 0x3
x10 <- 0x0000000000000003
mem[X,0x0000000080012FF0] -> 0x65B7
mem[X,0x0000000080012FF2] -> 0x6666
[2261] [M]: 0x0000000080012FF0 (0x666665B7) lui a1, 0x66666
x11 <- 0x0000000066666000
mem[X,0x0000000080012FF4] -> 0x8593
mem[X,0x0000000080012FF6] -> 0x6665
[2262] [M]: 0x0000000080012FF4 (0x66658593) addi a1, a1, 0x666
x11 <- 0x0000000066666666
mem[X,0x0000000080012FF8] -> 0x9593
mem[X,0x0000000080012FFA] -> 0x00B5
[2263] [M]: 0x0000000080012FF8 (0x00B59593) slli a1, a1, 0xb
x11 <- 0x0000033333333000
mem[X,0x0000000080012FFC] -> 0x8593
mem[X,0x0000000080012FFE] -> 0x3335
[2264] [M]: 0x0000000080012FFC (0x33358593) addi a1, a1, 0x333
x11 <- 0x0000033333333333
mem[X,0x0000000080013000] -> 0x9593
mem[X,0x0000000080013002] -> 0x00B5
[2265] [M]: 0x0000000080013000 (0x00B59593) slli a1, a1, 0xb
x11 <- 0x0019999999999800
mem[X,0x0000000080013004] -> 0x8593
mem[X,0x0000000080013006] -> 0x1995
[2266] [M]: 0x0000000080013004 (0x19958593) addi a1, a1, 0x199
x11 <- 0x0019999999999999
mem[X,0x0000000080013008] -> 0x9593
mem[X,0x000000008001300A] -> 0x00A5
[2267] [M]: 0x0000000080013008 (0x00A59593) slli a1, a1, 0xa
x11 <- 0x6666666666666400
mem[X,0x000000008001300C] -> 0x8593
mem[X,0x000000008001300E] -> 0x2665
[2268] [M]: 0x000000008001300C (0x26658593) addi a1, a1, 0x266
x11 <- 0x6666666666666666
mem[X,0x0000000080013010] -> 0x0113
mem[X,0x0000000080013012] -> 0x0000
[2269] [M]: 0x0000000080013010 (0x00000113) addi sp, zero, 0x0
x2 <- 0x0000000000000000
mem[X,0x0000000080013014] -> 0x006F
mem[X,0x0000000080013016] -> 0x00C0
[2270] [M]: 0x0000000080013014 (0x00C0006F) jal zero, 0xc
mem[X,0x0000000080013020] -> 0x5063
mem[X,0x0000000080013022] -> 0x20B5
[2271] [M]: 0x0000000080013020 (0x20B55063) bge a0, a1, 0x200
mem[X,0x0000000080013024] -> 0x0113
mem[X,0x0000000080013026] -> 0x0021
[2272] [M]: 0x0000000080013024 (0x00210113) addi sp, sp, 0x2
x2 <- 0x0000000000000002
mem[X,0x0000000080013028] -> 0x006F
mem[X,0x000000008001302A] -> 0x2000
[2273] [M]: 0x0000000080013028 (0x2000006F) jal zero, 0x200
mem[X,0x0000000080013228] -> 0xB423
mem[X,0x000000008001322A] -> 0x5420
[2274] [M]: 0x0000000080013228 (0x5420B423) sd sp, 0x548(ra)
mem[0x0000000080048718] <- 0x0000000000000002
mem[X,0x000000008001322C] -> 0x0513
mem[X,0x000000008001322E] -> 0x0030
[2275] [M]: 0x000000008001322C (0x00300513) addi a0, zero, 0x3
x10 <- 0x0000000000000003
mem[X,0x0000000080013230] -> 0x05B7
mem[X,0x0000000080013232] -> 0x0000
[2276] [M]: 0x0000000080013230 (0x000005B7) lui a1, 0x0
x11 <- 0x0000000000000000
mem[X,0x0000000080013234] -> 0x8593
mem[X,0x0000000080013236] -> 0xFFF5
[2277] [M]: 0x0000000080013234 (0xFFF58593) addi a1, a1, -0x1
x11 <- 0xFFFFFFFFFFFFFFFF
mem[X,0x0000000080013238] -> 0x9593
mem[X,0x000000008001323A] -> 0x00B5
[2278] [M]: 0x0000000080013238 (0x00B59593) slli a1, a1, 0xb
x11 <- 0xFFFFFFFFFFFFF800
mem[X,0x000000008001323C] -> 0x8593
mem[X,0x000000008001323E] -> 0x2575
[2279] [M]: 0x000000008001323C (0x25758593) addi a1, a1, 0x257
x11 <- 0xFFFFFFFFFFFFFA57
mem[X,0x0000000080013240] -> 0x9593
mem[X,0x0000000080013242] -> 0x00B5
[2280] [M]: 0x0000000080013240 (0x00B59593) slli a1, a1, 0xb
x11 <- 0xFFFFFFFFFFD2B800
mem[X,0x0000000080013244] -> 0x8593
mem[X,0x0000000080013246] -> 0x6C35
[2281] [M]: 0x0000000080013244 (0x6C358593) addi a1, a1, 0x6c3
x11 <- 0xFFFFFFFFFFD2BEC3
mem[X,0x0000000080013248] -> 0x9593
mem[X,0x000000008001324A] -> 0x00A5
[2282] [M]: 0x0000000080013248 (0x00A59593) slli a1, a1, 0xa
x11 <- 0xFFFFFFFF4AFB0C00
mem[X,0x000000008001324C] -> 0x8593
mem[X,0x000000008001324E] -> 0x0CD5
[2283] [M]: 0x000000008001324C (0x0CD58593) addi a1, a1, 0xcd
x11 <- 0xFFFFFFFF4AFB0CCD
mem[X,0x0000000080013250] -> 0x0113
mem[X,0x0000000080013252] -> 0x0000
[2284] [M]: 0x0000000080013250 (0x00000113) addi sp, zero, 0x0
x2 <- 0x0000000000000000
mem[X,0x0000000080013254] -> 0x006F
mem[X,0x0000000080013256] -> 0x00C0
[2285] [M]: 0x0000000080013254 (0x00C0006F) jal zero, 0xc
mem[X,0x0000000080013260] -> 0x5063
mem[X,0x0000000080013262] -> 0x02B5
[2286] [M]: 0x0000000080013260 (0x02B55063) bge a0, a1, 0x20
mem[X,0x0000000080013280] -> 0x0113
mem[X,0x0000000080013282] -> 0x0031
[2287] [M]: 0x0000000080013280 (0x00310113) addi sp, sp, 0x3
x2 <- 0x0000000000000003
mem[X,0x0000000080013284] -> 0x006F
mem[X,0x0000000080013286] -> 0x0040
[2288] [M]: 0x0000000080013284 (0x0040006F) jal zero, 0x4
mem[X,0x0000000080013288] -> 0xB823
mem[X,0x000000008001328A] -> 0x5420
[2289] [M]: 0x0000000080013288 (0x5420B823) sd sp, 0x550(ra)
mem[0x0000000080048720] <- 0x0000000000000003
mem[X,0x000000008001328C] -> 0x0513
mem[X,0x000000008001328E] -> 0x0030
[2290] [M]: 0x000000008001328C (0x00300513) addi a0, zero, 0x3
x10 <- 0x0000000000000003
mem[X,0x0000000080013290] -> 0x05B7
mem[X,0x0000000080013292] -> 0x0000
[2291] [M]: 0x0000000080013290 (0x000005B7) lui a1, 0x0
x11 <- 0x0000000000000000
mem[X,0x0000000080013294] -> 0x8593
mem[X,0x0000000080013296] -> 0x0005
[2292] [M]: 0x0000000080013294 (0x00058593) addi a1, a1, 0x0
x11 <- 0x0000000000000000
mem[X,0x0000000080013298] -> 0x9593
mem[X,0x000000008001329A] -> 0x00B5
[2293] [M]: 0x0000000080013298 (0x00B59593) slli a1, a1, 0xb
x11 <- 0x0000000000000000
mem[X,0x000000008001329C] -> 0x8593
mem[X,0x000000008001329E] -> 0x5A85
[2294] [M]: 0x000000008001329C (0x5A858593) addi a1, a1, 0x5a8
x11 <- 0x00000000000005A8
mem[X,0x00000000800132A0] -> 0x9593
mem[X,0x00000000800132A2] -> 0x00B5
[2295] [M]: 0x00000000800132A0 (0x00B59593) slli a1, a1, 0xb
x11 <- 0x00000000002D4000
mem[X,0x00000000800132A4] -> 0x8593
mem[X,0x00000000800132A6] -> 0x13C5
[2296] [M]: 0x00000000800132A4 (0x13C58593) addi a1, a1, 0x13c
x11 <- 0x00000000002D413C
mem[X,0x00000000800132A8] -> 0x9593
mem[X,0x00000000800132AA] -> 0x00A5
[2297] [M]: 0x00000000800132A8 (0x00A59593) slli a1, a1, 0xa
x11 <- 0x00000000B504F000
mem[X,0x00000000800132AC] -> 0x8593
mem[X,0x00000000800132AE] -> 0x3335
[2298] [M]: 0x00000000800132AC (0x33358593) addi a1, a1, 0x333
x11 <- 0x00000000B504F333
mem[X,0x00000000800132B0] -> 0x0113
mem[X,0x00000000800132B2] -> 0x0000
[2299] [M]: 0x00000000800132B0 (0x00000113) addi sp, zero, 0x0
x2 <- 0x0000000000000000
clint::tick mtime <- 0x0000000000000017
 clint timer pending at mtime 0x0000000000000017
htif::tick 0x0000000000000000
mem[X,0x00000000800132B4] -> 0x006F
mem[X,0x00000000800132B6] -> 0x00C0
[2300] [M]: 0x00000000800132B4 (0x00C0006F) jal zero, 0xc
mem[X,0x00000000800132C0] -> 0x5063
mem[X,0x00000000800132C2] -> 0x08B5
[2301] [M]: 0x00000000800132C0 (0x08B55063) bge a0, a1, 0x80
mem[X,0x00000000800132C4] -> 0x0113
mem[X,0x00000000800132C6] -> 0x0021
[2302] [M]: 0x00000000800132C4 (0x00210113) addi sp, sp, 0x2
x2 <- 0x0000000000000002
mem[X,0x00000000800132C8] -> 0x006F
mem[X,0x00000000800132CA] -> 0x0800
[2303] [M]: 0x00000000800132C8 (0x0800006F) jal zero, 0x80
mem[X,0x0000000080013348] -> 0xBC23
mem[X,0x000000008001334A] -> 0x5420
[2304] [M]: 0x0000000080013348 (0x5420BC23) sd sp, 0x558(ra)
mem[0x0000000080048728] <- 0x0000000000000002
mem[X,0x000000008001334C] -> 0x0513
mem[X,0x000000008001334E] -> 0x0030
[2305] [M]: 0x000000008001334C (0x00300513) addi a0, zero, 0x3
x10 <- 0x0000000000000003
mem[X,0x0000000080013350] -> 0x0593
mem[X,0x0000000080013352] -> 0x0020
[2306] [M]: 0x0000000080013350 (0x00200593) addi a1, zero, 0x2
x11 <- 0x0000000000000002
mem[X,0x0000000080013354] -> 0x0113
mem[X,0x0000000080013356] -> 0x0000
[2307] [M]: 0x0000000080013354 (0x00000113) addi sp, zero, 0x0
x2 <- 0x0000000000000000
mem[X,0x0000000080013358] -> 0x006F
mem[X,0x000000008001335A] -> 0x0050
[2308] [M]: 0x0000000080013358 (0x0050006F) jal zero, 0x804
mem[X,0x0000000080013B5C] -> 0x50E3
mem[X,0x0000000080013B5E] -> 0x80B5
[2309] [M]: 0x0000000080013B5C (0x80B550E3) bge a0, a1, -0x800
mem[X,0x000000008001335C] -> 0x0113
mem[X,0x000000008001335E] -> 0x0011
[2310] [M]: 0x000000008001335C (0x00110113) addi sp, sp, 0x1
x2 <- 0x0000000000000001
mem[X,0x0000000080013360] -> 0x006F
mem[X,0x0000000080013362] -> 0x0110
[2311] [M]: 0x0000000080013360 (0x0110006F) jal zero, 0x810
mem[X,0x0000000080013B70] -> 0xB023
mem[X,0x0000000080013B72] -> 0x5620
[2312] [M]: 0x0000000080013B70 (0x5620B023) sd sp, 0x560(ra)
mem[0x0000000080048730] <- 0x0000000000000001
mem[X,0x0000000080013B74] -> 0x0513
mem[X,0x0000000080013B76] -> 0x0030
[2313] [M]: 0x0000000080013B74 (0x00300513) addi a0, zero, 0x3
x10 <- 0x0000000000000003
mem[X,0x0000000080013B78] -> 0x55B7
mem[X,0x0000000080013B7A] -> 0x5555
[2314] [M]: 0x0000000080013B78 (0x555555B7) lui a1, 0x55555
x11 <- 0x0000000055555000
mem[X,0x0000000080013B7C] -> 0x8593
mem[X,0x0000000080013B7E] -> 0x5555
[2315] [M]: 0x0000000080013B7C (0x55558593) addi a1, a1, 0x555
x11 <- 0x0000000055555555
mem[X,0x0000000080013B80] -> 0x9593
mem[X,0x0000000080013B82] -> 0x00B5
[2316] [M]: 0x0000000080013B80 (0x00B59593) slli a1, a1, 0xb
x11 <- 0x000002AAAAAAA800
mem[X,0x0000000080013B84] -> 0x8593
mem[X,0x0000000080013B86] -> 0x2AA5
[2317] [M]: 0x0000000080013B84 (0x2AA58593) addi a1, a1, 0x2aa
x11 <- 0x000002AAAAAAAAAA
mem[X,0x0000000080013B88] -> 0x9593
mem[X,0x0000000080013B8A] -> 0x00B5
[2318] [M]: 0x0000000080013B88 (0x00B59593) slli a1, a1, 0xb
x11 <- 0x0015555555555000
mem[X,0x0000000080013B8C] -> 0x8593
mem[X,0x0000000080013B8E] -> 0x5555
[2319] [M]: 0x0000000080013B8C (0x55558593) addi a1, a1, 0x555
x11 <- 0x0015555555555555
mem[X,0x0000000080013B90] -> 0x9593
mem[X,0x0000000080013B92] -> 0x00A5
[2320] [M]: 0x0000000080013B90 (0x00A59593) slli a1, a1, 0xa
x11 <- 0x5555555555555400
mem[X,0x0000000080013B94] -> 0x8593
mem[X,0x0000000080013B96] -> 0x1545
[2321] [M]: 0x0000000080013B94 (0x15458593) addi a1, a1, 0x154
x11 <- 0x5555555555555554
mem[X,0x0000000080013B98] -> 0x0113
mem[X,0x0000000080013B9A] -> 0x0000
[2322] [M]: 0x0000000080013B98 (0x00000113) addi sp, zero, 0x0
x2 <- 0x0000000000000000
mem[X,0x0000000080013B9C] -> 0x006F
mem[X,0x0000000080013B9E] -> 0x00C0
[2323] [M]: 0x0000000080013B9C (0x00C0006F) jal zero, 0xc
mem[X,0x0000000080013BA8] -> 0x5063
mem[X,0x0000000080013BAA] -> 0x04B5
[2324] [M]: 0x0000000080013BA8 (0x04B55063) bge a0, a1, 0x40
mem[X,0x0000000080013BAC] -> 0x0113
mem[X,0x0000000080013BAE] -> 0x0021
[2325] [M]: 0x0000000080013BAC (0x00210113) addi sp, sp, 0x2
x2 <- 0x0000000000000002
mem[X,0x0000000080013BB0] -> 0x006F
mem[X,0x0000000080013BB2] -> 0x0400
[2326] [M]: 0x0000000080013BB0 (0x0400006F) jal zero, 0x40
mem[X,0x0000000080013BF0] -> 0xB423
mem[X,0x0000000080013BF2] -> 0x5620
[2327] [M]: 0x0000000080013BF0 (0x5620B423) sd sp, 0x568(ra)
mem[0x0000000080048738] <- 0x0000000000000002
mem[X,0x0000000080013BF4] -> 0x0513
mem[X,0x0000000080013BF6] -> 0x0030
[2328] [M]: 0x0000000080013BF4 (0x00300513) addi a0, zero, 0x3
x10 <- 0x0000000000000003
mem[X,0x0000000080013BF8] -> 0x0593
mem[X,0x0000000080013BFA] -> 0x0000
[2329] [M]: 0x0000000080013BF8 (0x00000593) addi a1, zero, 0x0
x11 <- 0x0000000000000000
mem[X,0x0000000080013BFC] -> 0x0113
mem[X,0x0000000080013BFE] -> 0x0000
[2330] [M]: 0x0000000080013BFC (0x00000113) addi sp, zero, 0x0
x2 <- 0x0000000000000000
mem[X,0x0000000080013C00] -> 0x006F
mem[X,0x0000000080013C02] -> 0x2B10
[2331] [M]: 0x0000000080013C00 (0x2B10006F) jal zero, 0xab0
mem[X,0x00000000800146B0] -> 0x5A63
mem[X,0x00000000800146B2] -> 0xD4B5
[2332] [M]: 0x00000000800146B0 (0xD4B55A63) bge a0, a1, -0xaac
mem[X,0x0000000080013C04] -> 0x0113
mem[X,0x0000000080013C06] -> 0x0011
[2333] [M]: 0x0000000080013C04 (0x00110113) addi sp, sp, 0x1
x2 <- 0x0000000000000001
mem[X,0x0000000080013C08] -> 0x006F
mem[X,0x0000000080013C0A] -> 0x2BD0
[2334] [M]: 0x0000000080013C08 (0x2BD0006F) jal zero, 0xabc
mem[X,0x00000000800146C4] -> 0xB823
mem[X,0x00000000800146C6] -> 0x5620
[2335] [M]: 0x00000000800146C4 (0x5620B823) sd sp, 0x570(ra)
mem[0x0000000080048740] <- 0x0000000000000001
mem[X,0x00000000800146C8] -> 0x0513
mem[X,0x00000000800146CA] -> 0x0030
[2336] [M]: 0x00000000800146C8 (0x00300513) addi a0, zero, 0x3
x10 <- 0x0000000000000003
mem[X,0x00000000800146CC] -> 0x0593
mem[X,0x00000000800146CE] -> 0x0040
[2337] [M]: 0x00000000800146CC (0x00400593) addi a1, zero, 0x4
x11 <- 0x0000000000000004
mem[X,0x00000000800146D0] -> 0x0113
mem[X,0x00000000800146D2] -> 0x0000
[2338] [M]: 0x00000000800146D0 (0x00000113) addi sp, zero, 0x0
x2 <- 0x0000000000000000
mem[X,0x00000000800146D4] -> 0x006F
mem[X,0x00000000800146D6] -> 0x2B10
[2339] [M]: 0x00000000800146D4 (0x2B10006F) jal zero, 0xab0
mem[X,0x0000000080015184] -> 0x5A63
mem[X,0x0000000080015186] -> 0xD4B5
[2340] [M]: 0x0000000080015184 (0xD4B55A63) bge a0, a1, -0xaac
mem[X,0x0000000080015188] -> 0x0113
mem[X,0x000000008001518A] -> 0x0021
[2341] [M]: 0x0000000080015188 (0x00210113) addi sp, sp, 0x2
x2 <- 0x0000000000000002
mem[X,0x000000008001518C] -> 0x006F
mem[X,0x000000008001518E] -> 0x00C0
[2342] [M]: 0x000000008001518C (0x00C0006F) jal zero, 0xc
mem[X,0x0000000080015198] -> 0xBC23
mem[X,0x000000008001519A] -> 0x5620
[2343] [M]: 0x0000000080015198 (0x5620BC23) sd sp, 0x578(ra)
mem[0x0000000080048748] <- 0x0000000000000002
mem[X,0x000000008001519C] -> 0x0513
mem[X,0x000000008001519E] -> 0x0030
[2344] [M]: 0x000000008001519C (0x00300513) addi a0, zero, 0x3
x10 <- 0x0000000000000003
mem[X,0x00000000800151A0] -> 0x35B7
mem[X,0x00000000800151A2] -> 0x3333
[2345] [M]: 0x00000000800151A0 (0x333335B7) lui a1, 0x33333
x11 <- 0x0000000033333000
mem[X,0x00000000800151A4] -> 0x8593
mem[X,0x00000000800151A6] -> 0x3335
[2346] [M]: 0x00000000800151A4 (0x33358593) addi a1, a1, 0x333
x11 <- 0x0000000033333333
mem[X,0x00000000800151A8] -> 0x9593
mem[X,0x00000000800151AA] -> 0x00B5
[2347] [M]: 0x00000000800151A8 (0x00B59593) slli a1, a1, 0xb
x11 <- 0x0000019999999800
mem[X,0x00000000800151AC] -> 0x8593
mem[X,0x00000000800151AE] -> 0x1995
[2348] [M]: 0x00000000800151AC (0x19958593) addi a1, a1, 0x199
x11 <- 0x0000019999999999
mem[X,0x00000000800151B0] -> 0x9593
mem[X,0x00000000800151B2] -> 0x00B5
[2349] [M]: 0x00000000800151B0 (0x00B59593) slli a1, a1, 0xb
x11 <- 0x000CCCCCCCCCC800
mem[X,0x00000000800151B4] -> 0x8593
mem[X,0x00000000800151B6] -> 0x4CC5
[2350] [M]: 0x00000000800151B4 (0x4CC58593) addi a1, a1, 0x4cc
x11 <- 0x000CCCCCCCCCCCCC
mem[X,0x00000000800151B8] -> 0x9593
mem[X,0x00000000800151BA] -> 0x00A5
[2351] [M]: 0x00000000800151B8 (0x00A59593) slli a1, a1, 0xa
x11 <- 0x3333333333333000
mem[X,0x00000000800151BC] -> 0x8593
mem[X,0x00000000800151BE] -> 0x3325
[2352] [M]: 0x00000000800151BC (0x33258593) addi a1, a1, 0x332
x11 <- 0x3333333333333332
mem[X,0x00000000800151C0] -> 0x0113
mem[X,0x00000000800151C2] -> 0x0000
[2353] [M]: 0x00000000800151C0 (0x00000113) addi sp, zero, 0x0
x2 <- 0x0000000000000000
mem[X,0x00000000800151C4] -> 0x006F
mem[X,0x00000000800151C6] -> 0x0100
[2354] [M]: 0x00000000800151C4 (0x0100006F) jal zero, 0x10
mem[X,0x00000000800151D4] -> 0x5AE3
mem[X,0x00000000800151D6] -> 0xFEB5
[2355] [M]: 0x00000000800151D4 (0xFEB55AE3) bge a0, a1, -0xc
mem[X,0x00000000800151D8] -> 0x0113
mem[X,0x00000000800151DA] -> 0x0021
[2356] [M]: 0x00000000800151D8 (0x00210113) addi sp, sp, 0x2
x2 <- 0x0000000000000002
mem[X,0x00000000800151DC] -> 0x006F
mem[X,0x00000000800151DE] -> 0x00C0
[2357] [M]: 0x00000000800151DC (0x00C0006F) jal zero, 0xc
mem[X,0x00000000800151E8] -> 0xB023
mem[X,0x00000000800151EA] -> 0x5820
[2358] [M]: 0x00000000800151E8 (0x5820B023) sd sp, 0x580(ra)
mem[0x0000000080048750] <- 0x0000000000000002
mem[X,0x00000000800151EC] -> 0x0513
mem[X,0x00000000800151EE] -> 0x0030
[2359] [M]: 0x00000000800151EC (0x00300513) addi a0, zero, 0x3
x10 <- 0x0000000000000003
mem[X,0x00000000800151F0] -> 0x65B7
mem[X,0x00000000800151F2] -> 0x6666
[2360] [M]: 0x00000000800151F0 (0x666665B7) lui a1, 0x66666
x11 <- 0x0000000066666000
mem[X,0x00000000800151F4] -> 0x8593
mem[X,0x00000000800151F6] -> 0x6665
[2361] [M]: 0x00000000800151F4 (0x66658593) addi a1, a1, 0x666
x11 <- 0x0000000066666666
mem[X,0x00000000800151F8] -> 0x9593
mem[X,0x00000000800151FA] -> 0x00B5
[2362] [M]: 0x00000000800151F8 (0x00B59593) slli a1, a1, 0xb
x11 <- 0x0000033333333000
mem[X,0x00000000800151FC] -> 0x8593
mem[X,0x00000000800151FE] -> 0x3335
[2363] [M]: 0x00000000800151FC (0x33358593) addi a1, a1, 0x333
x11 <- 0x0000033333333333
mem[X,0x0000000080015200] -> 0x9593
mem[X,0x0000000080015202] -> 0x00B5
[2364] [M]: 0x0000000080015200 (0x00B59593) slli a1, a1, 0xb
x11 <- 0x0019999999999800
mem[X,0x0000000080015204] -> 0x8593
mem[X,0x0000000080015206] -> 0x1995
[2365] [M]: 0x0000000080015204 (0x19958593) addi a1, a1, 0x199
x11 <- 0x0019999999999999
mem[X,0x0000000080015208] -> 0x9593
mem[X,0x000000008001520A] -> 0x00A5
[2366] [M]: 0x0000000080015208 (0x00A59593) slli a1, a1, 0xa
x11 <- 0x6666666666666400
mem[X,0x000000008001520C] -> 0x8593
mem[X,0x000000008001520E] -> 0x2655
[2367] [M]: 0x000000008001520C (0x26558593) addi a1, a1, 0x265
x11 <- 0x6666666666666665
mem[X,0x0000000080015210] -> 0x0113
mem[X,0x0000000080015212] -> 0x0000
[2368] [M]: 0x0000000080015210 (0x00000113) addi sp, zero, 0x0
x2 <- 0x0000000000000000
mem[X,0x0000000080015214] -> 0x006F
mem[X,0x0000000080015216] -> 0x00C0
[2369] [M]: 0x0000000080015214 (0x00C0006F) jal zero, 0xc
mem[X,0x0000000080015220] -> 0x5CE3
mem[X,0x0000000080015222] -> 0xFEB5
[2370] [M]: 0x0000000080015220 (0xFEB55CE3) bge a0, a1, -0x8
mem[X,0x0000000080015224] -> 0x0113
mem[X,0x0000000080015226] -> 0x0021
[2371] [M]: 0x0000000080015224 (0x00210113) addi sp, sp, 0x2
x2 <- 0x0000000000000002
mem[X,0x0000000080015228] -> 0x006F
mem[X,0x000000008001522A] -> 0x00C0
[2372] [M]: 0x0000000080015228 (0x00C0006F) jal zero, 0xc
mem[X,0x0000000080015234] -> 0xB423
mem[X,0x0000000080015236] -> 0x5820
[2373] [M]: 0x0000000080015234 (0x5820B423) sd sp, 0x588(ra)
mem[0x0000000080048758] <- 0x0000000000000002
mem[X,0x0000000080015238] -> 0x0513
mem[X,0x000000008001523A] -> 0x0030
[2374] [M]: 0x0000000080015238 (0x00300513) addi a0, zero, 0x3
x10 <- 0x0000000000000003
mem[X,0x000000008001523C] -> 0x05B7
mem[X,0x000000008001523E] -> 0x0000
[2375] [M]: 0x000000008001523C (0x000005B7) lui a1, 0x0
x11 <- 0x0000000000000000
mem[X,0x0000000080015240] -> 0x8593
mem[X,0x0000000080015242] -> 0x0005
[2376] [M]: 0x0000000080015240 (0x00058593) addi a1, a1, 0x0
x11 <- 0x0000000000000000
mem[X,0x0000000080015244] -> 0x9593
mem[X,0x0000000080015246] -> 0x00B5
[2377] [M]: 0x0000000080015244 (0x00B59593) slli a1, a1, 0xb
x11 <- 0x0000000000000000
mem[X,0x0000000080015248] -> 0x8593
mem[X,0x000000008001524A] -> 0x5A85
[2378] [M]: 0x0000000080015248 (0x5A858593) addi a1, a1, 0x5a8
x11 <- 0x00000000000005A8
mem[X,0x000000008001524C] -> 0x9593
mem[X,0x000000008001524E] -> 0x00B5
[2379] [M]: 0x000000008001524C (0x00B59593) slli a1, a1, 0xb
x11 <- 0x00000000002D4000
mem[X,0x0000000080015250] -> 0x8593
mem[X,0x0000000080015252] -> 0x13C5
[2380] [M]: 0x0000000080015250 (0x13C58593) addi a1, a1, 0x13c
x11 <- 0x00000000002D413C
mem[X,0x0000000080015254] -> 0x9593
mem[X,0x0000000080015256] -> 0x00A5
[2381] [M]: 0x0000000080015254 (0x00A59593) slli a1, a1, 0xa
x11 <- 0x00000000B504F000
mem[X,0x0000000080015258] -> 0x8593
mem[X,0x000000008001525A] -> 0x3325
[2382] [M]: 0x0000000080015258 (0x33258593) addi a1, a1, 0x332
x11 <- 0x00000000B504F332
mem[X,0x000000008001525C] -> 0x0113
mem[X,0x000000008001525E] -> 0x0000
[2383] [M]: 0x000000008001525C (0x00000113) addi sp, zero, 0x0
x2 <- 0x0000000000000000
mem[X,0x0000000080015260] -> 0x006F
mem[X,0x0000000080015262] -> 0x00C0
[2384] [M]: 0x0000000080015260 (0x00C0006F) jal zero, 0xc
mem[X,0x000000008001526C] -> 0x5063
mem[X,0x000000008001526E] -> 0x10B5
[2385] [M]: 0x000000008001526C (0x10B55063) bge a0, a1, 0x100
mem[X,0x0000000080015270] -> 0x0113
mem[X,0x0000000080015272] -> 0x0021
[2386] [M]: 0x0000000080015270 (0x00210113) addi sp, sp, 0x2
x2 <- 0x0000000000000002
mem[X,0x0000000080015274] -> 0x006F
mem[X,0x0000000080015276] -> 0x1000
[2387] [M]: 0x0000000080015274 (0x1000006F) jal zero, 0x100
mem[X,0x0000000080015374] -> 0xB823
mem[X,0x0000000080015376] -> 0x5820
[2388] [M]: 0x0000000080015374 (0x5820B823) sd sp, 0x590(ra)
mem[0x0000000080048760] <- 0x0000000000000002
mem[X,0x0000000080015378] -> 0x0513
mem[X,0x000000008001537A] -> 0x0030
[2389] [M]: 0x0000000080015378 (0x00300513) addi a0, zero, 0x3
x10 <- 0x0000000000000003
mem[X,0x000000008001537C] -> 0x55B7
mem[X,0x000000008001537E] -> 0x5555
[2390] [M]: 0x000000008001537C (0x555555B7) lui a1, 0x55555
x11 <- 0x0000000055555000
mem[X,0x0000000080015380] -> 0x8593
mem[X,0x0000000080015382] -> 0x5555
[2391] [M]: 0x0000000080015380 (0x55558593) addi a1, a1, 0x555
x11 <- 0x0000000055555555
mem[X,0x0000000080015384] -> 0x9593
mem[X,0x0000000080015386] -> 0x00B5
[2392] [M]: 0x0000000080015384 (0x00B59593) slli a1, a1, 0xb
x11 <- 0x000002AAAAAAA800
mem[X,0x0000000080015388] -> 0x8593
mem[X,0x000000008001538A] -> 0x2AA5
[2393] [M]: 0x0000000080015388 (0x2AA58593) addi a1, a1, 0x2aa
x11 <- 0x000002AAAAAAAAAA
mem[X,0x000000008001538C] -> 0x9593
mem[X,0x000000008001538E] -> 0x00B5
[2394] [M]: 0x000000008001538C (0x00B59593) slli a1, a1, 0xb
x11 <- 0x0015555555555000
mem[X,0x0000000080015390] -> 0x8593
mem[X,0x0000000080015392] -> 0x5555
[2395] [M]: 0x0000000080015390 (0x55558593) addi a1, a1, 0x555
x11 <- 0x0015555555555555
mem[X,0x0000000080015394] -> 0x9593
mem[X,0x0000000080015396] -> 0x00A5
[2396] [M]: 0x0000000080015394 (0x00A59593) slli a1, a1, 0xa
x11 <- 0x5555555555555400
mem[X,0x0000000080015398] -> 0x8593
mem[X,0x000000008001539A] -> 0x1565
[2397] [M]: 0x0000000080015398 (0x15658593) addi a1, a1, 0x156
x11 <- 0x5555555555555556
mem[X,0x000000008001539C] -> 0x0113
mem[X,0x000000008001539E] -> 0x0000
[2398] [M]: 0x000000008001539C (0x00000113) addi sp, zero, 0x0
x2 <- 0x0000000000000000
mem[X,0x00000000800153A0] -> 0x006F
mem[X,0x00000000800153A2] -> 0x00C0
[2399] [M]: 0x00000000800153A0 (0x00C0006F) jal zero, 0xc
clint::tick mtime <- 0x0000000000000018
 clint timer pending at mtime 0x0000000000000018
htif::tick 0x0000000000000000
mem[X,0x00000000800153AC] -> 0x5CE3
mem[X,0x00000000800153AE] -> 0xFEB5
[2400] [M]: 0x00000000800153AC (0xFEB55CE3) bge a0, a1, -0x8
mem[X,0x00000000800153B0] -> 0x0113
mem[X,0x00000000800153B2] -> 0x0021
[2401] [M]: 0x00000000800153B0 (0x00210113) addi sp, sp, 0x2
x2 <- 0x0000000000000002
mem[X,0x00000000800153B4] -> 0x006F
mem[X,0x00000000800153B6] -> 0x00C0
[2402] [M]: 0x00000000800153B4 (0x00C0006F) jal zero, 0xc
mem[X,0x00000000800153C0] -> 0xBC23
mem[X,0x00000000800153C2] -> 0x5820
[2403] [M]: 0x00000000800153C0 (0x5820BC23) sd sp, 0x598(ra)
mem[0x0000000080048768] <- 0x0000000000000002
mem[X,0x00000000800153C4] -> 0x0513
mem[X,0x00000000800153C6] -> 0x0030
[2404] [M]: 0x00000000800153C4 (0x00300513) addi a0, zero, 0x3
x10 <- 0x0000000000000003
mem[X,0x00000000800153C8] -> 0xB5B7
mem[X,0x00000000800153CA] -> 0xAAAA
[2405] [M]: 0x00000000800153C8 (0xAAAAB5B7) lui a1, -0x55555
x11 <- 0xFFFFFFFFAAAAB000
mem[X,0x00000000800153CC] -> 0x8593
mem[X,0x00000000800153CE] -> 0xAAA5
[2406] [M]: 0x00000000800153CC (0xAAA58593) addi a1, a1, -0x556
x11 <- 0xFFFFFFFFAAAAAAAA
mem[X,0x00000000800153D0] -> 0x9593
mem[X,0x00000000800153D2] -> 0x00B5
[2407] [M]: 0x00000000800153D0 (0x00B59593) slli a1, a1, 0xb
x11 <- 0xFFFFFD5555555000
mem[X,0x00000000800153D4] -> 0x8593
mem[X,0x00000000800153D6] -> 0x5555
[2408] [M]: 0x00000000800153D4 (0x55558593) addi a1, a1, 0x555
x11 <- 0xFFFFFD5555555555
mem[X,0x00000000800153D8] -> 0x9593
mem[X,0x00000000800153DA] -> 0x00B5
[2409] [M]: 0x00000000800153D8 (0x00B59593) slli a1, a1, 0xb
x11 <- 0xFFEAAAAAAAAAA800
mem[X,0x00000000800153DC] -> 0x8593
mem[X,0x00000000800153DE] -> 0x2AA5
[2410] [M]: 0x00000000800153DC (0x2AA58593) addi a1, a1, 0x2aa
x11 <- 0xFFEAAAAAAAAAAAAA
mem[X,0x00000000800153E0] -> 0x9593
mem[X,0x00000000800153E2] -> 0x00A5
[2411] [M]: 0x00000000800153E0 (0x00A59593) slli a1, a1, 0xa
x11 <- 0xAAAAAAAAAAAAA800
mem[X,0x00000000800153E4] -> 0x8593
mem[X,0x00000000800153E6] -> 0x2AB5
[2412] [M]: 0x00000000800153E4 (0x2AB58593) addi a1, a1, 0x2ab
x11 <- 0xAAAAAAAAAAAAAAAB
mem[X,0x00000000800153E8] -> 0x0113
mem[X,0x00000000800153EA] -> 0x0000
[2413] [M]: 0x00000000800153E8 (0x00000113) addi sp, zero, 0x0
x2 <- 0x0000000000000000
mem[X,0x00000000800153EC] -> 0x006F
mem[X,0x00000000800153EE] -> 0x00C0
[2414] [M]: 0x00000000800153EC (0x00C0006F) jal zero, 0xc
mem[X,0x00000000800153F8] -> 0x5063
mem[X,0x00000000800153FA] -> 0x04B5
[2415] [M]: 0x00000000800153F8 (0x04B55063) bge a0, a1, 0x40
mem[X,0x0000000080015438] -> 0x0113
mem[X,0x000000008001543A] -> 0x0031
[2416] [M]: 0x0000000080015438 (0x00310113) addi sp, sp, 0x3
x2 <- 0x0000000000000003
mem[X,0x000000008001543C] -> 0x006F
mem[X,0x000000008001543E] -> 0x0040
[2417] [M]: 0x000000008001543C (0x0040006F) jal zero, 0x4
mem[X,0x0000000080015440] -> 0xB023
mem[X,0x0000000080015442] -> 0x5A20
[2418] [M]: 0x0000000080015440 (0x5A20B023) sd sp, 0x5a0(ra)
mem[0x0000000080048770] <- 0x0000000000000003
mem[X,0x0000000080015444] -> 0x0513
mem[X,0x0000000080015446] -> 0x0030
[2419] [M]: 0x0000000080015444 (0x00300513) addi a0, zero, 0x3
x10 <- 0x0000000000000003
mem[X,0x0000000080015448] -> 0x0593
mem[X,0x000000008001544A] -> 0x0060
[2420] [M]: 0x0000000080015448 (0x00600593) addi a1, zero, 0x6
x11 <- 0x0000000000000006
mem[X,0x000000008001544C] -> 0x0113
mem[X,0x000000008001544E] -> 0x0000
[2421] [M]: 0x000000008001544C (0x00000113) addi sp, zero, 0x0
x2 <- 0x0000000000000000
mem[X,0x0000000080015450] -> 0x006F
mem[X,0x0000000080015452] -> 0x00C0
[2422] [M]: 0x0000000080015450 (0x00C0006F) jal zero, 0xc
mem[X,0x000000008001545C] -> 0x5063
mem[X,0x000000008001545E] -> 0x02B5
[2423] [M]: 0x000000008001545C (0x02B55063) bge a0, a1, 0x20
mem[X,0x0000000080015460] -> 0x0113
mem[X,0x0000000080015462] -> 0x0021
[2424] [M]: 0x0000000080015460 (0x00210113) addi sp, sp, 0x2
x2 <- 0x0000000000000002
mem[X,0x0000000080015464] -> 0x006F
mem[X,0x0000000080015466] -> 0x0200
[2425] [M]: 0x0000000080015464 (0x0200006F) jal zero, 0x20
mem[X,0x0000000080015484] -> 0xB423
mem[X,0x0000000080015486] -> 0x5A20
[2426] [M]: 0x0000000080015484 (0x5A20B423) sd sp, 0x5a8(ra)
mem[0x0000000080048778] <- 0x0000000000000002
mem[X,0x0000000080015488] -> 0x0513
mem[X,0x000000008001548A] -> 0x0030
[2427] [M]: 0x0000000080015488 (0x00300513) addi a0, zero, 0x3
x10 <- 0x0000000000000003
mem[X,0x000000008001548C] -> 0x35B7
mem[X,0x000000008001548E] -> 0x3333
[2428] [M]: 0x000000008001548C (0x333335B7) lui a1, 0x33333
x11 <- 0x0000000033333000
mem[X,0x0000000080015490] -> 0x8593
mem[X,0x0000000080015492] -> 0x3335
[2429] [M]: 0x0000000080015490 (0x33358593) addi a1, a1, 0x333
x11 <- 0x0000000033333333
mem[X,0x0000000080015494] -> 0x9593
mem[X,0x0000000080015496] -> 0x00B5
[2430] [M]: 0x0000000080015494 (0x00B59593) slli a1, a1, 0xb
x11 <- 0x0000019999999800
mem[X,0x0000000080015498] -> 0x8593
mem[X,0x000000008001549A] -> 0x1995
[2431] [M]: 0x0000000080015498 (0x19958593) addi a1, a1, 0x199
x11 <- 0x0000019999999999
mem[X,0x000000008001549C] -> 0x9593
mem[X,0x000000008001549E] -> 0x00B5
[2432] [M]: 0x000000008001549C (0x00B59593) slli a1, a1, 0xb
x11 <- 0x000CCCCCCCCCC800
mem[X,0x00000000800154A0] -> 0x8593
mem[X,0x00000000800154A2] -> 0x4CC5
[2433] [M]: 0x00000000800154A0 (0x4CC58593) addi a1, a1, 0x4cc
x11 <- 0x000CCCCCCCCCCCCC
mem[X,0x00000000800154A4] -> 0x9593
mem[X,0x00000000800154A6] -> 0x00A5
[2434] [M]: 0x00000000800154A4 (0x00A59593) slli a1, a1, 0xa
x11 <- 0x3333333333333000
mem[X,0x00000000800154A8] -> 0x8593
mem[X,0x00000000800154AA] -> 0x3345
[2435] [M]: 0x00000000800154A8 (0x33458593) addi a1, a1, 0x334
x11 <- 0x3333333333333334
mem[X,0x00000000800154AC] -> 0x0113
mem[X,0x00000000800154AE] -> 0x0000
[2436] [M]: 0x00000000800154AC (0x00000113) addi sp, zero, 0x0
x2 <- 0x0000000000000000
mem[X,0x00000000800154B0] -> 0x006F
mem[X,0x00000000800154B2] -> 0x00C0
[2437] [M]: 0x00000000800154B0 (0x00C0006F) jal zero, 0xc
mem[X,0x00000000800154BC] -> 0x5663
mem[X,0x00000000800154BE] -> 0x00B5
[2438] [M]: 0x00000000800154BC (0x00B55663) bge a0, a1, 0xc
mem[X,0x00000000800154C0] -> 0x0113
mem[X,0x00000000800154C2] -> 0x0021
[2439] [M]: 0x00000000800154C0 (0x00210113) addi sp, sp, 0x2
x2 <- 0x0000000000000002
mem[X,0x00000000800154C4] -> 0x006F
mem[X,0x00000000800154C6] -> 0x00C0
[2440] [M]: 0x00000000800154C4 (0x00C0006F) jal zero, 0xc
mem[X,0x00000000800154D0] -> 0xB823
mem[X,0x00000000800154D2] -> 0x5A20
[2441] [M]: 0x00000000800154D0 (0x5A20B823) sd sp, 0x5b0(ra)
mem[0x0000000080048780] <- 0x0000000000000002
mem[X,0x00000000800154D4] -> 0x0513
mem[X,0x00000000800154D6] -> 0x0030
[2442] [M]: 0x00000000800154D4 (0x00300513) addi a0, zero, 0x3
x10 <- 0x0000000000000003
mem[X,0x00000000800154D8] -> 0x65B7
mem[X,0x00000000800154DA] -> 0x6666
[2443] [M]: 0x00000000800154D8 (0x666665B7) lui a1, 0x66666
x11 <- 0x0000000066666000
mem[X,0x00000000800154DC] -> 0x8593
mem[X,0x00000000800154DE] -> 0x6665
[2444] [M]: 0x00000000800154DC (0x66658593) addi a1, a1, 0x666
x11 <- 0x0000000066666666
mem[X,0x00000000800154E0] -> 0x9593
mem[X,0x00000000800154E2] -> 0x00B5
[2445] [M]: 0x00000000800154E0 (0x00B59593) slli a1, a1, 0xb
x11 <- 0x0000033333333000
mem[X,0x00000000800154E4] -> 0x8593
mem[X,0x00000000800154E6] -> 0x3335
[2446] [M]: 0x00000000800154E4 (0x33358593) addi a1, a1, 0x333
x11 <- 0x0000033333333333
mem[X,0x00000000800154E8] -> 0x9593
mem[X,0x00000000800154EA] -> 0x00B5
[2447] [M]: 0x00000000800154E8 (0x00B59593) slli a1, a1, 0xb
x11 <- 0x0019999999999800
mem[X,0x00000000800154EC] -> 0x8593
mem[X,0x00000000800154EE] -> 0x1995
[2448] [M]: 0x00000000800154EC (0x19958593) addi a1, a1, 0x199
x11 <- 0x0019999999999999
mem[X,0x00000000800154F0] -> 0x9593
mem[X,0x00000000800154F2] -> 0x00A5
[2449] [M]: 0x00000000800154F0 (0x00A59593) slli a1, a1, 0xa
x11 <- 0x6666666666666400
mem[X,0x00000000800154F4] -> 0x8593
mem[X,0x00000000800154F6] -> 0x2675
[2450] [M]: 0x00000000800154F4 (0x26758593) addi a1, a1, 0x267
x11 <- 0x6666666666666667
mem[X,0x00000000800154F8] -> 0x0113
mem[X,0x00000000800154FA] -> 0x0000
[2451] [M]: 0x00000000800154F8 (0x00000113) addi sp, zero, 0x0
x2 <- 0x0000000000000000
mem[X,0x00000000800154FC] -> 0x006F
mem[X,0x00000000800154FE] -> 0x00C0
[2452] [M]: 0x00000000800154FC (0x00C0006F) jal zero, 0xc
mem[X,0x0000000080015508] -> 0x5663
mem[X,0x000000008001550A] -> 0x00B5
[2453] [M]: 0x0000000080015508 (0x00B55663) bge a0, a1, 0xc
mem[X,0x000000008001550C] -> 0x0113
mem[X,0x000000008001550E] -> 0x0021
[2454] [M]: 0x000000008001550C (0x00210113) addi sp, sp, 0x2
x2 <- 0x0000000000000002
mem[X,0x0000000080015510] -> 0x006F
mem[X,0x0000000080015512] -> 0x00C0
[2455] [M]: 0x0000000080015510 (0x00C0006F) jal zero, 0xc
mem[X,0x000000008001551C] -> 0xBC23
mem[X,0x000000008001551E] -> 0x5A20
[2456] [M]: 0x000000008001551C (0x5A20BC23) sd sp, 0x5b8(ra)
mem[0x0000000080048788] <- 0x0000000000000002
mem[X,0x0000000080015520] -> 0x0513
mem[X,0x0000000080015522] -> 0x0030
[2457] [M]: 0x0000000080015520 (0x00300513) addi a0, zero, 0x3
x10 <- 0x0000000000000003
mem[X,0x0000000080015524] -> 0x05B7
mem[X,0x0000000080015526] -> 0x0000
[2458] [M]: 0x0000000080015524 (0x000005B7) lui a1, 0x0
x11 <- 0x0000000000000000
mem[X,0x0000000080015528] -> 0x8593
mem[X,0x000000008001552A] -> 0xFFF5
[2459] [M]: 0x0000000080015528 (0xFFF58593) addi a1, a1, -0x1
x11 <- 0xFFFFFFFFFFFFFFFF
mem[X,0x000000008001552C] -> 0x9593
mem[X,0x000000008001552E] -> 0x00B5
[2460] [M]: 0x000000008001552C (0x00B59593) slli a1, a1, 0xb
x11 <- 0xFFFFFFFFFFFFF800
mem[X,0x0000000080015530] -> 0x8593
mem[X,0x0000000080015532] -> 0x2575
[2461] [M]: 0x0000000080015530 (0x25758593) addi a1, a1, 0x257
x11 <- 0xFFFFFFFFFFFFFA57
mem[X,0x0000000080015534] -> 0x9593
mem[X,0x0000000080015536] -> 0x00B5
[2462] [M]: 0x0000000080015534 (0x00B59593) slli a1, a1, 0xb
x11 <- 0xFFFFFFFFFFD2B800
mem[X,0x0000000080015538] -> 0x8593
mem[X,0x000000008001553A] -> 0x6C35
[2463] [M]: 0x0000000080015538 (0x6C358593) addi a1, a1, 0x6c3
x11 <- 0xFFFFFFFFFFD2BEC3
mem[X,0x000000008001553C] -> 0x9593
mem[X,0x000000008001553E] -> 0x00A5
[2464] [M]: 0x000000008001553C (0x00A59593) slli a1, a1, 0xa
x11 <- 0xFFFFFFFF4AFB0C00
mem[X,0x0000000080015540] -> 0x8593
mem[X,0x0000000080015542] -> 0x0CE5
[2465] [M]: 0x0000000080015540 (0x0CE58593) addi a1, a1, 0xce
x11 <- 0xFFFFFFFF4AFB0CCE
mem[X,0x0000000080015544] -> 0x0113
mem[X,0x0000000080015546] -> 0x0000
[2466] [M]: 0x0000000080015544 (0x00000113) addi sp, zero, 0x0
x2 <- 0x0000000000000000
mem[X,0x0000000080015548] -> 0x006F
mem[X,0x000000008001554A] -> 0x00C0
[2467] [M]: 0x0000000080015548 (0x00C0006F) jal zero, 0xc
mem[X,0x0000000080015554] -> 0x5CE3
mem[X,0x0000000080015556] -> 0xFEB5
[2468] [M]: 0x0000000080015554 (0xFEB55CE3) bge a0, a1, -0x8
mem[X,0x000000008001554C] -> 0x0113
mem[X,0x000000008001554E] -> 0x0011
[2469] [M]: 0x000000008001554C (0x00110113) addi sp, sp, 0x1
x2 <- 0x0000000000000001
mem[X,0x0000000080015550] -> 0x006F
mem[X,0x0000000080015552] -> 0x0180
[2470] [M]: 0x0000000080015550 (0x0180006F) jal zero, 0x18
mem[X,0x0000000080015568] -> 0xB023
mem[X,0x000000008001556A] -> 0x5C20
[2471] [M]: 0x0000000080015568 (0x5C20B023) sd sp, 0x5c0(ra)
mem[0x0000000080048790] <- 0x0000000000000001
mem[X,0x000000008001556C] -> 0x0513
mem[X,0x000000008001556E] -> 0x0030
[2472] [M]: 0x000000008001556C (0x00300513) addi a0, zero, 0x3
x10 <- 0x0000000000000003
mem[X,0x0000000080015570] -> 0x05B7
mem[X,0x0000000080015572] -> 0x0000
[2473] [M]: 0x0000000080015570 (0x000005B7) lui a1, 0x0
x11 <- 0x0000000000000000
mem[X,0x0000000080015574] -> 0x8593
mem[X,0x0000000080015576] -> 0x0005
[2474] [M]: 0x0000000080015574 (0x00058593) addi a1, a1, 0x0
x11 <- 0x0000000000000000
mem[X,0x0000000080015578] -> 0x9593
mem[X,0x000000008001557A] -> 0x00B5
[2475] [M]: 0x0000000080015578 (0x00B59593) slli a1, a1, 0xb
x11 <- 0x0000000000000000
mem[X,0x000000008001557C] -> 0x8593
mem[X,0x000000008001557E] -> 0x5A85
[2476] [M]: 0x000000008001557C (0x5A858593) addi a1, a1, 0x5a8
x11 <- 0x00000000000005A8
mem[X,0x0000000080015580] -> 0x9593
mem[X,0x0000000080015582] -> 0x00B5
[2477] [M]: 0x0000000080015580 (0x00B59593) slli a1, a1, 0xb
x11 <- 0x00000000002D4000
mem[X,0x0000000080015584] -> 0x8593
mem[X,0x0000000080015586] -> 0x13C5
[2478] [M]: 0x0000000080015584 (0x13C58593) addi a1, a1, 0x13c
x11 <- 0x00000000002D413C
mem[X,0x0000000080015588] -> 0x9593
mem[X,0x000000008001558A] -> 0x00A5
[2479] [M]: 0x0000000080015588 (0x00A59593) slli a1, a1, 0xa
x11 <- 0x00000000B504F000
mem[X,0x000000008001558C] -> 0x8593
mem[X,0x000000008001558E] -> 0x3345
[2480] [M]: 0x000000008001558C (0x33458593) addi a1, a1, 0x334
x11 <- 0x00000000B504F334
mem[X,0x0000000080015590] -> 0x0113
mem[X,0x0000000080015592] -> 0x0000
[2481] [M]: 0x0000000080015590 (0x00000113) addi sp, zero, 0x0
x2 <- 0x0000000000000000
mem[X,0x0000000080015594] -> 0x006F
mem[X,0x0000000080015596] -> 0x00C0
[2482] [M]: 0x0000000080015594 (0x00C0006F) jal zero, 0xc
mem[X,0x00000000800155A0] -> 0x5063
mem[X,0x00000000800155A2] -> 0x04B5
[2483] [M]: 0x00000000800155A0 (0x04B55063) bge a0, a1, 0x40
mem[X,0x00000000800155A4] -> 0x0113
mem[X,0x00000000800155A6] -> 0x0021
[2484] [M]: 0x00000000800155A4 (0x00210113) addi sp, sp, 0x2
x2 <- 0x0000000000000002
mem[X,0x00000000800155A8] -> 0x006F
mem[X,0x00000000800155AA] -> 0x0400
[2485] [M]: 0x00000000800155A8 (0x0400006F) jal zero, 0x40
mem[X,0x00000000800155E8] -> 0xB423
mem[X,0x00000000800155EA] -> 0x5C20
[2486] [M]: 0x00000000800155E8 (0x5C20B423) sd sp, 0x5c8(ra)
mem[0x0000000080048798] <- 0x0000000000000002
mem[X,0x00000000800155EC] -> 0x5537
mem[X,0x00000000800155EE] -> 0x5555
[2487] [M]: 0x00000000800155EC (0x55555537) lui a0, 0x55555
x10 <- 0x0000000055555000
mem[X,0x00000000800155F0] -> 0x0513
mem[X,0x00000000800155F2] -> 0x5555
[2488] [M]: 0x00000000800155F0 (0x55550513) addi a0, a0, 0x555
x10 <- 0x0000000055555555
mem[X,0x00000000800155F4] -> 0x1513
mem[X,0x00000000800155F6] -> 0x00B5
[2489] [M]: 0x00000000800155F4 (0x00B51513) slli a0, a0, 0xb
x10 <- 0x000002AAAAAAA800
mem[X,0x00000000800155F8] -> 0x0513
mem[X,0x00000000800155FA] -> 0x2AA5
[2490] [M]: 0x00000000800155F8 (0x2AA50513) addi a0, a0, 0x2aa
x10 <- 0x000002AAAAAAAAAA
mem[X,0x00000000800155FC] -> 0x1513
mem[X,0x00000000800155FE] -> 0x00B5
[2491] [M]: 0x00000000800155FC (0x00B51513) slli a0, a0, 0xb
x10 <- 0x0015555555555000
mem[X,0x0000000080015600] -> 0x0513
mem[X,0x0000000080015602] -> 0x5555
[2492] [M]: 0x0000000080015600 (0x55550513) addi a0, a0, 0x555
x10 <- 0x0015555555555555
mem[X,0x0000000080015604] -> 0x1513
mem[X,0x0000000080015606] -> 0x00A5
[2493] [M]: 0x0000000080015604 (0x00A51513) slli a0, a0, 0xa
x10 <- 0x5555555555555400
mem[X,0x0000000080015608] -> 0x0513
mem[X,0x000000008001560A] -> 0x1555
[2494] [M]: 0x0000000080015608 (0x15550513) addi a0, a0, 0x155
x10 <- 0x5555555555555555
mem[X,0x000000008001560C] -> 0x0593
mem[X,0x000000008001560E] -> 0x0030
[2495] [M]: 0x000000008001560C (0x00300593) addi a1, zero, 0x3
x11 <- 0x0000000000000003
mem[X,0x0000000080015610] -> 0x0113
mem[X,0x0000000080015612] -> 0x0000
[2496] [M]: 0x0000000080015610 (0x00000113) addi sp, zero, 0x0
x2 <- 0x0000000000000000
mem[X,0x0000000080015614] -> 0x006F
mem[X,0x0000000080015616] -> 0x00C0
[2497] [M]: 0x0000000080015614 (0x00C0006F) jal zero, 0xc
mem[X,0x0000000080015620] -> 0x5863
mem[X,0x0000000080015622] -> 0x00B5
[2498] [M]: 0x0000000080015620 (0x00B55863) bge a0, a1, 0x10
mem[X,0x0000000080015630] -> 0x0113
mem[X,0x0000000080015632] -> 0x0031
[2499] [M]: 0x0000000080015630 (0x00310113) addi sp, sp, 0x3
x2 <- 0x0000000000000003
clint::tick mtime <- 0x0000000000000019
 clint timer pending at mtime 0x0000000000000019
htif::tick 0x0000000000000000
mem[X,0x0000000080015634] -> 0x006F
mem[X,0x0000000080015636] -> 0x0040
[2500] [M]: 0x0000000080015634 (0x0040006F) jal zero, 0x4
mem[X,0x0000000080015638] -> 0xB823
mem[X,0x000000008001563A] -> 0x5C20
[2501] [M]: 0x0000000080015638 (0x5C20B823) sd sp, 0x5d0(ra)
mem[0x00000000800487A0] <- 0x0000000000000003
mem[X,0x000000008001563C] -> 0x5537
mem[X,0x000000008001563E] -> 0x5555
[2502] [M]: 0x000000008001563C (0x55555537) lui a0, 0x55555
x10 <- 0x0000000055555000
mem[X,0x0000000080015640] -> 0x0513
mem[X,0x0000000080015642] -> 0x5555
[2503] [M]: 0x0000000080015640 (0x55550513) addi a0, a0, 0x555
x10 <- 0x0000000055555555
mem[X,0x0000000080015644] -> 0x1513
mem[X,0x0000000080015646] -> 0x00B5
[2504] [M]: 0x0000000080015644 (0x00B51513) slli a0, a0, 0xb
x10 <- 0x000002AAAAAAA800
mem[X,0x0000000080015648] -> 0x0513
mem[X,0x000000008001564A] -> 0x2AA5
[2505] [M]: 0x0000000080015648 (0x2AA50513) addi a0, a0, 0x2aa
x10 <- 0x000002AAAAAAAAAA
mem[X,0x000000008001564C] -> 0x1513
mem[X,0x000000008001564E] -> 0x00B5
[2506] [M]: 0x000000008001564C (0x00B51513) slli a0, a0, 0xb
x10 <- 0x0015555555555000
mem[X,0x0000000080015650] -> 0x0513
mem[X,0x0000000080015652] -> 0x5555
[2507] [M]: 0x0000000080015650 (0x55550513) addi a0, a0, 0x555
x10 <- 0x0015555555555555
mem[X,0x0000000080015654] -> 0x1513
mem[X,0x0000000080015656] -> 0x00A5
[2508] [M]: 0x0000000080015654 (0x00A51513) slli a0, a0, 0xa
x10 <- 0x5555555555555400
mem[X,0x0000000080015658] -> 0x0513
mem[X,0x000000008001565A] -> 0x1555
[2509] [M]: 0x0000000080015658 (0x15550513) addi a0, a0, 0x155
x10 <- 0x5555555555555555
mem[X,0x000000008001565C] -> 0x55B7
mem[X,0x000000008001565E] -> 0x5555
[2510] [M]: 0x000000008001565C (0x555555B7) lui a1, 0x55555
x11 <- 0x0000000055555000
mem[X,0x0000000080015660] -> 0x8593
mem[X,0x0000000080015662] -> 0x5555
[2511] [M]: 0x0000000080015660 (0x55558593) addi a1, a1, 0x555
x11 <- 0x0000000055555555
mem[X,0x0000000080015664] -> 0x9593
mem[X,0x0000000080015666] -> 0x00B5
[2512] [M]: 0x0000000080015664 (0x00B59593) slli a1, a1, 0xb
x11 <- 0x000002AAAAAAA800
mem[X,0x0000000080015668] -> 0x8593
mem[X,0x000000008001566A] -> 0x2AA5
[2513] [M]: 0x0000000080015668 (0x2AA58593) addi a1, a1, 0x2aa
x11 <- 0x000002AAAAAAAAAA
mem[X,0x000000008001566C] -> 0x9593
mem[X,0x000000008001566E] -> 0x00B5
[2514] [M]: 0x000000008001566C (0x00B59593) slli a1, a1, 0xb
x11 <- 0x0015555555555000
mem[X,0x0000000080015670] -> 0x8593
mem[X,0x0000000080015672] -> 0x5555
[2515] [M]: 0x0000000080015670 (0x55558593) addi a1, a1, 0x555
x11 <- 0x0015555555555555
mem[X,0x0000000080015674] -> 0x9593
mem[X,0x0000000080015676] -> 0x00A5
[2516] [M]: 0x0000000080015674 (0x00A59593) slli a1, a1, 0xa
x11 <- 0x5555555555555400
mem[X,0x0000000080015678] -> 0x8593
mem[X,0x000000008001567A] -> 0x1555
[2517] [M]: 0x0000000080015678 (0x15558593) addi a1, a1, 0x155
x11 <- 0x5555555555555555
mem[X,0x000000008001567C] -> 0x0113
mem[X,0x000000008001567E] -> 0x0000
[2518] [M]: 0x000000008001567C (0x00000113) addi sp, zero, 0x0
x2 <- 0x0000000000000000
mem[X,0x0000000080015680] -> 0x006F
mem[X,0x0000000080015682] -> 0x0050
[2519] [M]: 0x0000000080015680 (0x0050006F) jal zero, 0x804
mem[X,0x0000000080015E84] -> 0x50E3
mem[X,0x0000000080015E86] -> 0x80B5
[2520] [M]: 0x0000000080015E84 (0x80B550E3) bge a0, a1, -0x800
mem[X,0x0000000080015684] -> 0x0113
mem[X,0x0000000080015686] -> 0x0011
[2521] [M]: 0x0000000080015684 (0x00110113) addi sp, sp, 0x1
x2 <- 0x0000000000000001
mem[X,0x0000000080015688] -> 0x006F
mem[X,0x000000008001568A] -> 0x0110
[2522] [M]: 0x0000000080015688 (0x0110006F) jal zero, 0x810
mem[X,0x0000000080015E98] -> 0xBC23
mem[X,0x0000000080015E9A] -> 0x5C20
[2523] [M]: 0x0000000080015E98 (0x5C20BC23) sd sp, 0x5d8(ra)
mem[0x00000000800487A8] <- 0x0000000000000001
mem[X,0x0000000080015E9C] -> 0x5537
mem[X,0x0000000080015E9E] -> 0x5555
[2524] [M]: 0x0000000080015E9C (0x55555537) lui a0, 0x55555
x10 <- 0x0000000055555000
mem[X,0x0000000080015EA0] -> 0x0513
mem[X,0x0000000080015EA2] -> 0x5555
[2525] [M]: 0x0000000080015EA0 (0x55550513) addi a0, a0, 0x555
x10 <- 0x0000000055555555
mem[X,0x0000000080015EA4] -> 0x1513
mem[X,0x0000000080015EA6] -> 0x00B5
[2526] [M]: 0x0000000080015EA4 (0x00B51513) slli a0, a0, 0xb
x10 <- 0x000002AAAAAAA800
mem[X,0x0000000080015EA8] -> 0x0513
mem[X,0x0000000080015EAA] -> 0x2AA5
[2527] [M]: 0x0000000080015EA8 (0x2AA50513) addi a0, a0, 0x2aa
x10 <- 0x000002AAAAAAAAAA
mem[X,0x0000000080015EAC] -> 0x1513
mem[X,0x0000000080015EAE] -> 0x00B5
[2528] [M]: 0x0000000080015EAC (0x00B51513) slli a0, a0, 0xb
x10 <- 0x0015555555555000
mem[X,0x0000000080015EB0] -> 0x0513
mem[X,0x0000000080015EB2] -> 0x5555
[2529] [M]: 0x0000000080015EB0 (0x55550513) addi a0, a0, 0x555
x10 <- 0x0015555555555555
mem[X,0x0000000080015EB4] -> 0x1513
mem[X,0x0000000080015EB6] -> 0x00A5
[2530] [M]: 0x0000000080015EB4 (0x00A51513) slli a0, a0, 0xa
x10 <- 0x5555555555555400
mem[X,0x0000000080015EB8] -> 0x0513
mem[X,0x0000000080015EBA] -> 0x1555
[2531] [M]: 0x0000000080015EB8 (0x15550513) addi a0, a0, 0x155
x10 <- 0x5555555555555555
mem[X,0x0000000080015EBC] -> 0xB5B7
mem[X,0x0000000080015EBE] -> 0xAAAA
[2532] [M]: 0x0000000080015EBC (0xAAAAB5B7) lui a1, -0x55555
x11 <- 0xFFFFFFFFAAAAB000
mem[X,0x0000000080015EC0] -> 0x8593
mem[X,0x0000000080015EC2] -> 0xAAA5
[2533] [M]: 0x0000000080015EC0 (0xAAA58593) addi a1, a1, -0x556
x11 <- 0xFFFFFFFFAAAAAAAA
mem[X,0x0000000080015EC4] -> 0x9593
mem[X,0x0000000080015EC6] -> 0x00B5
[2534] [M]: 0x0000000080015EC4 (0x00B59593) slli a1, a1, 0xb
x11 <- 0xFFFFFD5555555000
mem[X,0x0000000080015EC8] -> 0x8593
mem[X,0x0000000080015ECA] -> 0x5555
[2535] [M]: 0x0000000080015EC8 (0x55558593) addi a1, a1, 0x555
x11 <- 0xFFFFFD5555555555
mem[X,0x0000000080015ECC] -> 0x9593
mem[X,0x0000000080015ECE] -> 0x00B5
[2536] [M]: 0x0000000080015ECC (0x00B59593) slli a1, a1, 0xb
x11 <- 0xFFEAAAAAAAAAA800
mem[X,0x0000000080015ED0] -> 0x8593
mem[X,0x0000000080015ED2] -> 0x2AA5
[2537] [M]: 0x0000000080015ED0 (0x2AA58593) addi a1, a1, 0x2aa
x11 <- 0xFFEAAAAAAAAAAAAA
mem[X,0x0000000080015ED4] -> 0x9593
mem[X,0x0000000080015ED6] -> 0x00A5
[2538] [M]: 0x0000000080015ED4 (0x00A59593) slli a1, a1, 0xa
x11 <- 0xAAAAAAAAAAAAA800
mem[X,0x0000000080015ED8] -> 0x8593
mem[X,0x0000000080015EDA] -> 0x2AA5
[2539] [M]: 0x0000000080015ED8 (0x2AA58593) addi a1, a1, 0x2aa
x11 <- 0xAAAAAAAAAAAAAAAA
mem[X,0x0000000080015EDC] -> 0x0113
mem[X,0x0000000080015EDE] -> 0x0000
[2540] [M]: 0x0000000080015EDC (0x00000113) addi sp, zero, 0x0
x2 <- 0x0000000000000000
mem[X,0x0000000080015EE0] -> 0x006F
mem[X,0x0000000080015EE2] -> 0x0050
[2541] [M]: 0x0000000080015EE0 (0x0050006F) jal zero, 0x804
mem[X,0x00000000800166E4] -> 0x50E3
mem[X,0x00000000800166E6] -> 0x80B5
[2542] [M]: 0x00000000800166E4 (0x80B550E3) bge a0, a1, -0x800
mem[X,0x0000000080015EE4] -> 0x0113
mem[X,0x0000000080015EE6] -> 0x0011
[2543] [M]: 0x0000000080015EE4 (0x00110113) addi sp, sp, 0x1
x2 <- 0x0000000000000001
mem[X,0x0000000080015EE8] -> 0x006F
mem[X,0x0000000080015EEA] -> 0x0110
[2544] [M]: 0x0000000080015EE8 (0x0110006F) jal zero, 0x810
mem[X,0x00000000800166F8] -> 0xB023
mem[X,0x00000000800166FA] -> 0x5E20
[2545] [M]: 0x00000000800166F8 (0x5E20B023) sd sp, 0x5e0(ra)
mem[0x00000000800487B0] <- 0x0000000000000001
mem[X,0x00000000800166FC] -> 0x5537
mem[X,0x00000000800166FE] -> 0x5555
[2546] [M]: 0x00000000800166FC (0x55555537) lui a0, 0x55555
x10 <- 0x0000000055555000
mem[X,0x0000000080016700] -> 0x0513
mem[X,0x0000000080016702] -> 0x5555
[2547] [M]: 0x0000000080016700 (0x55550513) addi a0, a0, 0x555
x10 <- 0x0000000055555555
mem[X,0x0000000080016704] -> 0x1513
mem[X,0x0000000080016706] -> 0x00B5
[2548] [M]: 0x0000000080016704 (0x00B51513) slli a0, a0, 0xb
x10 <- 0x000002AAAAAAA800
mem[X,0x0000000080016708] -> 0x0513
mem[X,0x000000008001670A] -> 0x2AA5
[2549] [M]: 0x0000000080016708 (0x2AA50513) addi a0, a0, 0x2aa
x10 <- 0x000002AAAAAAAAAA
mem[X,0x000000008001670C] -> 0x1513
mem[X,0x000000008001670E] -> 0x00B5
[2550] [M]: 0x000000008001670C (0x00B51513) slli a0, a0, 0xb
x10 <- 0x0015555555555000
mem[X,0x0000000080016710] -> 0x0513
mem[X,0x0000000080016712] -> 0x5555
[2551] [M]: 0x0000000080016710 (0x55550513) addi a0, a0, 0x555
x10 <- 0x0015555555555555
mem[X,0x0000000080016714] -> 0x1513
mem[X,0x0000000080016716] -> 0x00A5
[2552] [M]: 0x0000000080016714 (0x00A51513) slli a0, a0, 0xa
x10 <- 0x5555555555555400
mem[X,0x0000000080016718] -> 0x0513
mem[X,0x000000008001671A] -> 0x1555
[2553] [M]: 0x0000000080016718 (0x15550513) addi a0, a0, 0x155
x10 <- 0x5555555555555555
mem[X,0x000000008001671C] -> 0x0593
mem[X,0x000000008001671E] -> 0x0050
[2554] [M]: 0x000000008001671C (0x00500593) addi a1, zero, 0x5
x11 <- 0x0000000000000005
mem[X,0x0000000080016720] -> 0x0113
mem[X,0x0000000080016722] -> 0x0000
[2555] [M]: 0x0000000080016720 (0x00000113) addi sp, zero, 0x0
x2 <- 0x0000000000000000
mem[X,0x0000000080016724] -> 0x006F
mem[X,0x0000000080016726] -> 0x0140
[2556] [M]: 0x0000000080016724 (0x0140006F) jal zero, 0x14
mem[X,0x0000000080016738] -> 0x58E3
mem[X,0x000000008001673A] -> 0xFEB5
[2557] [M]: 0x0000000080016738 (0xFEB558E3) bge a0, a1, -0x10
mem[X,0x0000000080016728] -> 0x0113
mem[X,0x000000008001672A] -> 0x0011
[2558] [M]: 0x0000000080016728 (0x00110113) addi sp, sp, 0x1
x2 <- 0x0000000000000001
mem[X,0x000000008001672C] -> 0x006F
mem[X,0x000000008001672E] -> 0x0200
[2559] [M]: 0x000000008001672C (0x0200006F) jal zero, 0x20
mem[X,0x000000008001674C] -> 0xB423
mem[X,0x000000008001674E] -> 0x5E20
[2560] [M]: 0x000000008001674C (0x5E20B423) sd sp, 0x5e8(ra)
mem[0x00000000800487B8] <- 0x0000000000000001
mem[X,0x0000000080016750] -> 0x5537
mem[X,0x0000000080016752] -> 0x5555
[2561] [M]: 0x0000000080016750 (0x55555537) lui a0, 0x55555
x10 <- 0x0000000055555000
mem[X,0x0000000080016754] -> 0x0513
mem[X,0x0000000080016756] -> 0x5555
[2562] [M]: 0x0000000080016754 (0x55550513) addi a0, a0, 0x555
x10 <- 0x0000000055555555
mem[X,0x0000000080016758] -> 0x1513
mem[X,0x000000008001675A] -> 0x00B5
[2563] [M]: 0x0000000080016758 (0x00B51513) slli a0, a0, 0xb
x10 <- 0x000002AAAAAAA800
mem[X,0x000000008001675C] -> 0x0513
mem[X,0x000000008001675E] -> 0x2AA5
[2564] [M]: 0x000000008001675C (0x2AA50513) addi a0, a0, 0x2aa
x10 <- 0x000002AAAAAAAAAA
mem[X,0x0000000080016760] -> 0x1513
mem[X,0x0000000080016762] -> 0x00B5
[2565] [M]: 0x0000000080016760 (0x00B51513) slli a0, a0, 0xb
x10 <- 0x0015555555555000
mem[X,0x0000000080016764] -> 0x0513
mem[X,0x0000000080016766] -> 0x5555
[2566] [M]: 0x0000000080016764 (0x55550513) addi a0, a0, 0x555
x10 <- 0x0015555555555555
mem[X,0x0000000080016768] -> 0x1513
mem[X,0x000000008001676A] -> 0x00A5
[2567] [M]: 0x0000000080016768 (0x00A51513) slli a0, a0, 0xa
x10 <- 0x5555555555555400
mem[X,0x000000008001676C] -> 0x0513
mem[X,0x000000008001676E] -> 0x1555
[2568] [M]: 0x000000008001676C (0x15550513) addi a0, a0, 0x155
x10 <- 0x5555555555555555
mem[X,0x0000000080016770] -> 0x35B7
mem[X,0x0000000080016772] -> 0x3333
[2569] [M]: 0x0000000080016770 (0x333335B7) lui a1, 0x33333
x11 <- 0x0000000033333000
mem[X,0x0000000080016774] -> 0x8593
mem[X,0x0000000080016776] -> 0x3335
[2570] [M]: 0x0000000080016774 (0x33358593) addi a1, a1, 0x333
x11 <- 0x0000000033333333
mem[X,0x0000000080016778] -> 0x9593
mem[X,0x000000008001677A] -> 0x00B5
[2571] [M]: 0x0000000080016778 (0x00B59593) slli a1, a1, 0xb
x11 <- 0x0000019999999800
mem[X,0x000000008001677C] -> 0x8593
mem[X,0x000000008001677E] -> 0x1995
[2572] [M]: 0x000000008001677C (0x19958593) addi a1, a1, 0x199
x11 <- 0x0000019999999999
mem[X,0x0000000080016780] -> 0x9593
mem[X,0x0000000080016782] -> 0x00B5
[2573] [M]: 0x0000000080016780 (0x00B59593) slli a1, a1, 0xb
x11 <- 0x000CCCCCCCCCC800
mem[X,0x0000000080016784] -> 0x8593
mem[X,0x0000000080016786] -> 0x4CC5
[2574] [M]: 0x0000000080016784 (0x4CC58593) addi a1, a1, 0x4cc
x11 <- 0x000CCCCCCCCCCCCC
mem[X,0x0000000080016788] -> 0x9593
mem[X,0x000000008001678A] -> 0x00A5
[2575] [M]: 0x0000000080016788 (0x00A59593) slli a1, a1, 0xa
x11 <- 0x3333333333333000
mem[X,0x000000008001678C] -> 0x8593
mem[X,0x000000008001678E] -> 0x3335
[2576] [M]: 0x000000008001678C (0x33358593) addi a1, a1, 0x333
x11 <- 0x3333333333333333
mem[X,0x0000000080016790] -> 0x0113
mem[X,0x0000000080016792] -> 0x0000
[2577] [M]: 0x0000000080016790 (0x00000113) addi sp, zero, 0x0
x2 <- 0x0000000000000000
mem[X,0x0000000080016794] -> 0x006F
mem[X,0x0000000080016796] -> 0x00C0
[2578] [M]: 0x0000000080016794 (0x00C0006F) jal zero, 0xc
mem[X,0x00000000800167A0] -> 0x5063
mem[X,0x00000000800167A2] -> 0x40B5
[2579] [M]: 0x00000000800167A0 (0x40B55063) bge a0, a1, 0x400
mem[X,0x0000000080016BA0] -> 0x0113
mem[X,0x0000000080016BA2] -> 0x0031
[2580] [M]: 0x0000000080016BA0 (0x00310113) addi sp, sp, 0x3
x2 <- 0x0000000000000003
mem[X,0x0000000080016BA4] -> 0x006F
mem[X,0x0000000080016BA6] -> 0x0040
[2581] [M]: 0x0000000080016BA4 (0x0040006F) jal zero, 0x4
mem[X,0x0000000080016BA8] -> 0xB823
mem[X,0x0000000080016BAA] -> 0x5E20
[2582] [M]: 0x0000000080016BA8 (0x5E20B823) sd sp, 0x5f0(ra)
mem[0x00000000800487C0] <- 0x0000000000000003
mem[X,0x0000000080016BAC] -> 0x5537
mem[X,0x0000000080016BAE] -> 0x5555
[2583] [M]: 0x0000000080016BAC (0x55555537) lui a0, 0x55555
x10 <- 0x0000000055555000
mem[X,0x0000000080016BB0] -> 0x0513
mem[X,0x0000000080016BB2] -> 0x5555
[2584] [M]: 0x0000000080016BB0 (0x55550513) addi a0, a0, 0x555
x10 <- 0x0000000055555555
mem[X,0x0000000080016BB4] -> 0x1513
mem[X,0x0000000080016BB6] -> 0x00B5
[2585] [M]: 0x0000000080016BB4 (0x00B51513) slli a0, a0, 0xb
x10 <- 0x000002AAAAAAA800
mem[X,0x0000000080016BB8] -> 0x0513
mem[X,0x0000000080016BBA] -> 0x2AA5
[2586] [M]: 0x0000000080016BB8 (0x2AA50513) addi a0, a0, 0x2aa
x10 <- 0x000002AAAAAAAAAA
mem[X,0x0000000080016BBC] -> 0x1513
mem[X,0x0000000080016BBE] -> 0x00B5
[2587] [M]: 0x0000000080016BBC (0x00B51513) slli a0, a0, 0xb
x10 <- 0x0015555555555000
mem[X,0x0000000080016BC0] -> 0x0513
mem[X,0x0000000080016BC2] -> 0x5555
[2588] [M]: 0x0000000080016BC0 (0x55550513) addi a0, a0, 0x555
x10 <- 0x0015555555555555
mem[X,0x0000000080016BC4] -> 0x1513
mem[X,0x0000000080016BC6] -> 0x00A5
[2589] [M]: 0x0000000080016BC4 (0x00A51513) slli a0, a0, 0xa
x10 <- 0x5555555555555400
mem[X,0x0000000080016BC8] -> 0x0513
mem[X,0x0000000080016BCA] -> 0x1555
[2590] [M]: 0x0000000080016BC8 (0x15550513) addi a0, a0, 0x155
x10 <- 0x5555555555555555
mem[X,0x0000000080016BCC] -> 0x65B7
mem[X,0x0000000080016BCE] -> 0x6666
[2591] [M]: 0x0000000080016BCC (0x666665B7) lui a1, 0x66666
x11 <- 0x0000000066666000
mem[X,0x0000000080016BD0] -> 0x8593
mem[X,0x0000000080016BD2] -> 0x6665
[2592] [M]: 0x0000000080016BD0 (0x66658593) addi a1, a1, 0x666
x11 <- 0x0000000066666666
mem[X,0x0000000080016BD4] -> 0x9593
mem[X,0x0000000080016BD6] -> 0x00B5
[2593] [M]: 0x0000000080016BD4 (0x00B59593) slli a1, a1, 0xb
x11 <- 0x0000033333333000
mem[X,0x0000000080016BD8] -> 0x8593
mem[X,0x0000000080016BDA] -> 0x3335
[2594] [M]: 0x0000000080016BD8 (0x33358593) addi a1, a1, 0x333
x11 <- 0x0000033333333333
mem[X,0x0000000080016BDC] -> 0x9593
mem[X,0x0000000080016BDE] -> 0x00B5
[2595] [M]: 0x0000000080016BDC (0x00B59593) slli a1, a1, 0xb
x11 <- 0x0019999999999800
mem[X,0x0000000080016BE0] -> 0x8593
mem[X,0x0000000080016BE2] -> 0x1995
[2596] [M]: 0x0000000080016BE0 (0x19958593) addi a1, a1, 0x199
x11 <- 0x0019999999999999
mem[X,0x0000000080016BE4] -> 0x9593
mem[X,0x0000000080016BE6] -> 0x00A5
[2597] [M]: 0x0000000080016BE4 (0x00A59593) slli a1, a1, 0xa
x11 <- 0x6666666666666400
mem[X,0x0000000080016BE8] -> 0x8593
mem[X,0x0000000080016BEA] -> 0x2665
[2598] [M]: 0x0000000080016BE8 (0x26658593) addi a1, a1, 0x266
x11 <- 0x6666666666666666
mem[X,0x0000000080016BEC] -> 0x0113
mem[X,0x0000000080016BEE] -> 0x0000
[2599] [M]: 0x0000000080016BEC (0x00000113) addi sp, zero, 0x0
x2 <- 0x0000000000000000
clint::tick mtime <- 0x000000000000001A
 clint timer pending at mtime 0x000000000000001A
htif::tick 0x0000000000000000
mem[X,0x0000000080016BF0] -> 0x006F
mem[X,0x0000000080016BF2] -> 0x00C0
[2600] [M]: 0x0000000080016BF0 (0x00C0006F) jal zero, 0xc
mem[X,0x0000000080016BFC] -> 0x5CE3
mem[X,0x0000000080016BFE] -> 0xFEB5
[2601] [M]: 0x0000000080016BFC (0xFEB55CE3) bge a0, a1, -0x8
mem[X,0x0000000080016C00] -> 0x0113
mem[X,0x0000000080016C02] -> 0x0021
[2602] [M]: 0x0000000080016C00 (0x00210113) addi sp, sp, 0x2
x2 <- 0x0000000000000002
mem[X,0x0000000080016C04] -> 0x006F
mem[X,0x0000000080016C06] -> 0x00C0
[2603] [M]: 0x0000000080016C04 (0x00C0006F) jal zero, 0xc
mem[X,0x0000000080016C10] -> 0xBC23
mem[X,0x0000000080016C12] -> 0x5E20
[2604] [M]: 0x0000000080016C10 (0x5E20BC23) sd sp, 0x5f8(ra)
mem[0x00000000800487C8] <- 0x0000000000000002
mem[X,0x0000000080016C14] -> 0x5537
mem[X,0x0000000080016C16] -> 0x5555
[2605] [M]: 0x0000000080016C14 (0x55555537) lui a0, 0x55555
x10 <- 0x0000000055555000
mem[X,0x0000000080016C18] -> 0x0513
mem[X,0x0000000080016C1A] -> 0x5555
[2606] [M]: 0x0000000080016C18 (0x55550513) addi a0, a0, 0x555
x10 <- 0x0000000055555555
mem[X,0x0000000080016C1C] -> 0x1513
mem[X,0x0000000080016C1E] -> 0x00B5
[2607] [M]: 0x0000000080016C1C (0x00B51513) slli a0, a0, 0xb
x10 <- 0x000002AAAAAAA800
mem[X,0x0000000080016C20] -> 0x0513
mem[X,0x0000000080016C22] -> 0x2AA5
[2608] [M]: 0x0000000080016C20 (0x2AA50513) addi a0, a0, 0x2aa
x10 <- 0x000002AAAAAAAAAA
mem[X,0x0000000080016C24] -> 0x1513
mem[X,0x0000000080016C26] -> 0x00B5
[2609] [M]: 0x0000000080016C24 (0x00B51513) slli a0, a0, 0xb
x10 <- 0x0015555555555000
mem[X,0x0000000080016C28] -> 0x0513
mem[X,0x0000000080016C2A] -> 0x5555
[2610] [M]: 0x0000000080016C28 (0x55550513) addi a0, a0, 0x555
x10 <- 0x0015555555555555
mem[X,0x0000000080016C2C] -> 0x1513
mem[X,0x0000000080016C2E] -> 0x00A5
[2611] [M]: 0x0000000080016C2C (0x00A51513) slli a0, a0, 0xa
x10 <- 0x5555555555555400
mem[X,0x0000000080016C30] -> 0x0513
mem[X,0x0000000080016C32] -> 0x1555
[2612] [M]: 0x0000000080016C30 (0x15550513) addi a0, a0, 0x155
x10 <- 0x5555555555555555
mem[X,0x0000000080016C34] -> 0x05B7
mem[X,0x0000000080016C36] -> 0x0000
[2613] [M]: 0x0000000080016C34 (0x000005B7) lui a1, 0x0
x11 <- 0x0000000000000000
mem[X,0x0000000080016C38] -> 0x8593
mem[X,0x0000000080016C3A] -> 0xFFF5
[2614] [M]: 0x0000000080016C38 (0xFFF58593) addi a1, a1, -0x1
x11 <- 0xFFFFFFFFFFFFFFFF
mem[X,0x0000000080016C3C] -> 0x9593
mem[X,0x0000000080016C3E] -> 0x00B5
[2615] [M]: 0x0000000080016C3C (0x00B59593) slli a1, a1, 0xb
x11 <- 0xFFFFFFFFFFFFF800
mem[X,0x0000000080016C40] -> 0x8593
mem[X,0x0000000080016C42] -> 0x2575
[2616] [M]: 0x0000000080016C40 (0x25758593) addi a1, a1, 0x257
x11 <- 0xFFFFFFFFFFFFFA57
mem[X,0x0000000080016C44] -> 0x9593
mem[X,0x0000000080016C46] -> 0x00B5
[2617] [M]: 0x0000000080016C44 (0x00B59593) slli a1, a1, 0xb
x11 <- 0xFFFFFFFFFFD2B800
mem[X,0x0000000080016C48] -> 0x8593
mem[X,0x0000000080016C4A] -> 0x6C35
[2618] [M]: 0x0000000080016C48 (0x6C358593) addi a1, a1, 0x6c3
x11 <- 0xFFFFFFFFFFD2BEC3
mem[X,0x0000000080016C4C] -> 0x9593
mem[X,0x0000000080016C4E] -> 0x00A5
[2619] [M]: 0x0000000080016C4C (0x00A59593) slli a1, a1, 0xa
x11 <- 0xFFFFFFFF4AFB0C00
mem[X,0x0000000080016C50] -> 0x8593
mem[X,0x0000000080016C52] -> 0x0CD5
[2620] [M]: 0x0000000080016C50 (0x0CD58593) addi a1, a1, 0xcd
x11 <- 0xFFFFFFFF4AFB0CCD
mem[X,0x0000000080016C54] -> 0x0113
mem[X,0x0000000080016C56] -> 0x0000
[2621] [M]: 0x0000000080016C54 (0x00000113) addi sp, zero, 0x0
x2 <- 0x0000000000000000
mem[X,0x0000000080016C58] -> 0x006F
mem[X,0x0000000080016C5A] -> 0x00C0
[2622] [M]: 0x0000000080016C58 (0x00C0006F) jal zero, 0xc
mem[X,0x0000000080016C64] -> 0x5CE3
mem[X,0x0000000080016C66] -> 0xFEB5
[2623] [M]: 0x0000000080016C64 (0xFEB55CE3) bge a0, a1, -0x8
mem[X,0x0000000080016C5C] -> 0x0113
mem[X,0x0000000080016C5E] -> 0x0011
[2624] [M]: 0x0000000080016C5C (0x00110113) addi sp, sp, 0x1
x2 <- 0x0000000000000001
mem[X,0x0000000080016C60] -> 0x006F
mem[X,0x0000000080016C62] -> 0x0180
[2625] [M]: 0x0000000080016C60 (0x0180006F) jal zero, 0x18
mem[X,0x0000000080016C78] -> 0xB023
mem[X,0x0000000080016C7A] -> 0x6020
[2626] [M]: 0x0000000080016C78 (0x6020B023) sd sp, 0x600(ra)
mem[0x00000000800487D0] <- 0x0000000000000001
mem[X,0x0000000080016C7C] -> 0x5537
mem[X,0x0000000080016C7E] -> 0x5555
[2627] [M]: 0x0000000080016C7C (0x55555537) lui a0, 0x55555
x10 <- 0x0000000055555000
mem[X,0x0000000080016C80] -> 0x0513
mem[X,0x0000000080016C82] -> 0x5555
[2628] [M]: 0x0000000080016C80 (0x55550513) addi a0, a0, 0x555
x10 <- 0x0000000055555555
mem[X,0x0000000080016C84] -> 0x1513
mem[X,0x0000000080016C86] -> 0x00B5
[2629] [M]: 0x0000000080016C84 (0x00B51513) slli a0, a0, 0xb
x10 <- 0x000002AAAAAAA800
mem[X,0x0000000080016C88] -> 0x0513
mem[X,0x0000000080016C8A] -> 0x2AA5
[2630] [M]: 0x0000000080016C88 (0x2AA50513) addi a0, a0, 0x2aa
x10 <- 0x000002AAAAAAAAAA
mem[X,0x0000000080016C8C] -> 0x1513
mem[X,0x0000000080016C8E] -> 0x00B5
[2631] [M]: 0x0000000080016C8C (0x00B51513) slli a0, a0, 0xb
x10 <- 0x0015555555555000
mem[X,0x0000000080016C90] -> 0x0513
mem[X,0x0000000080016C92] -> 0x5555
[2632] [M]: 0x0000000080016C90 (0x55550513) addi a0, a0, 0x555
x10 <- 0x0015555555555555
mem[X,0x0000000080016C94] -> 0x1513
mem[X,0x0000000080016C96] -> 0x00A5
[2633] [M]: 0x0000000080016C94 (0x00A51513) slli a0, a0, 0xa
x10 <- 0x5555555555555400
mem[X,0x0000000080016C98] -> 0x0513
mem[X,0x0000000080016C9A] -> 0x1555
[2634] [M]: 0x0000000080016C98 (0x15550513) addi a0, a0, 0x155
x10 <- 0x5555555555555555
mem[X,0x0000000080016C9C] -> 0x05B7
mem[X,0x0000000080016C9E] -> 0x0000
[2635] [M]: 0x0000000080016C9C (0x000005B7) lui a1, 0x0
x11 <- 0x0000000000000000
mem[X,0x0000000080016CA0] -> 0x8593
mem[X,0x0000000080016CA2] -> 0x0005
[2636] [M]: 0x0000000080016CA0 (0x00058593) addi a1, a1, 0x0
x11 <- 0x0000000000000000
mem[X,0x0000000080016CA4] -> 0x9593
mem[X,0x0000000080016CA6] -> 0x00B5
[2637] [M]: 0x0000000080016CA4 (0x00B59593) slli a1, a1, 0xb
x11 <- 0x0000000000000000
mem[X,0x0000000080016CA8] -> 0x8593
mem[X,0x0000000080016CAA] -> 0x5A85
[2638] [M]: 0x0000000080016CA8 (0x5A858593) addi a1, a1, 0x5a8
x11 <- 0x00000000000005A8
mem[X,0x0000000080016CAC] -> 0x9593
mem[X,0x0000000080016CAE] -> 0x00B5
[2639] [M]: 0x0000000080016CAC (0x00B59593) slli a1, a1, 0xb
x11 <- 0x00000000002D4000
mem[X,0x0000000080016CB0] -> 0x8593
mem[X,0x0000000080016CB2] -> 0x13C5
[2640] [M]: 0x0000000080016CB0 (0x13C58593) addi a1, a1, 0x13c
x11 <- 0x00000000002D413C
mem[X,0x0000000080016CB4] -> 0x9593
mem[X,0x0000000080016CB6] -> 0x00A5
[2641] [M]: 0x0000000080016CB4 (0x00A59593) slli a1, a1, 0xa
x11 <- 0x00000000B504F000
mem[X,0x0000000080016CB8] -> 0x8593
mem[X,0x0000000080016CBA] -> 0x3335
[2642] [M]: 0x0000000080016CB8 (0x33358593) addi a1, a1, 0x333
x11 <- 0x00000000B504F333
mem[X,0x0000000080016CBC] -> 0x0113
mem[X,0x0000000080016CBE] -> 0x0000
[2643] [M]: 0x0000000080016CBC (0x00000113) addi sp, zero, 0x0
x2 <- 0x0000000000000000
mem[X,0x0000000080016CC0] -> 0x006F
mem[X,0x0000000080016CC2] -> 0x00C0
[2644] [M]: 0x0000000080016CC0 (0x00C0006F) jal zero, 0xc
mem[X,0x0000000080016CCC] -> 0x5663
mem[X,0x0000000080016CCE] -> 0x00B5
[2645] [M]: 0x0000000080016CCC (0x00B55663) bge a0, a1, 0xc
mem[X,0x0000000080016CD8] -> 0x0113
mem[X,0x0000000080016CDA] -> 0x0031
[2646] [M]: 0x0000000080016CD8 (0x00310113) addi sp, sp, 0x3
x2 <- 0x0000000000000003
mem[X,0x0000000080016CDC] -> 0x006F
mem[X,0x0000000080016CDE] -> 0x0040
[2647] [M]: 0x0000000080016CDC (0x0040006F) jal zero, 0x4
mem[X,0x0000000080016CE0] -> 0xB423
mem[X,0x0000000080016CE2] -> 0x6020
[2648] [M]: 0x0000000080016CE0 (0x6020B423) sd sp, 0x608(ra)
mem[0x00000000800487D8] <- 0x0000000000000003
mem[X,0x0000000080016CE4] -> 0x5537
mem[X,0x0000000080016CE6] -> 0x5555
[2649] [M]: 0x0000000080016CE4 (0x55555537) lui a0, 0x55555
x10 <- 0x0000000055555000
mem[X,0x0000000080016CE8] -> 0x0513
mem[X,0x0000000080016CEA] -> 0x5555
[2650] [M]: 0x0000000080016CE8 (0x55550513) addi a0, a0, 0x555
x10 <- 0x0000000055555555
mem[X,0x0000000080016CEC] -> 0x1513
mem[X,0x0000000080016CEE] -> 0x00B5
[2651] [M]: 0x0000000080016CEC (0x00B51513) slli a0, a0, 0xb
x10 <- 0x000002AAAAAAA800
mem[X,0x0000000080016CF0] -> 0x0513
mem[X,0x0000000080016CF2] -> 0x2AA5
[2652] [M]: 0x0000000080016CF0 (0x2AA50513) addi a0, a0, 0x2aa
x10 <- 0x000002AAAAAAAAAA
mem[X,0x0000000080016CF4] -> 0x1513
mem[X,0x0000000080016CF6] -> 0x00B5
[2653] [M]: 0x0000000080016CF4 (0x00B51513) slli a0, a0, 0xb
x10 <- 0x0015555555555000
mem[X,0x0000000080016CF8] -> 0x0513
mem[X,0x0000000080016CFA] -> 0x5555
[2654] [M]: 0x0000000080016CF8 (0x55550513) addi a0, a0, 0x555
x10 <- 0x0015555555555555
mem[X,0x0000000080016CFC] -> 0x1513
mem[X,0x0000000080016CFE] -> 0x00A5
[2655] [M]: 0x0000000080016CFC (0x00A51513) slli a0, a0, 0xa
x10 <- 0x5555555555555400
mem[X,0x0000000080016D00] -> 0x0513
mem[X,0x0000000080016D02] -> 0x1555
[2656] [M]: 0x0000000080016D00 (0x15550513) addi a0, a0, 0x155
x10 <- 0x5555555555555555
mem[X,0x0000000080016D04] -> 0x0593
mem[X,0x0000000080016D06] -> 0x0020
[2657] [M]: 0x0000000080016D04 (0x00200593) addi a1, zero, 0x2
x11 <- 0x0000000000000002
mem[X,0x0000000080016D08] -> 0x0113
mem[X,0x0000000080016D0A] -> 0x0000
[2658] [M]: 0x0000000080016D08 (0x00000113) addi sp, zero, 0x0
x2 <- 0x0000000000000000
mem[X,0x0000000080016D0C] -> 0x006F
mem[X,0x0000000080016D0E] -> 0x00C0
[2659] [M]: 0x0000000080016D0C (0x00C0006F) jal zero, 0xc
mem[X,0x0000000080016D18] -> 0x5063
mem[X,0x0000000080016D1A] -> 0x04B5
[2660] [M]: 0x0000000080016D18 (0x04B55063) bge a0, a1, 0x40
mem[X,0x0000000080016D58] -> 0x0113
mem[X,0x0000000080016D5A] -> 0x0031
[2661] [M]: 0x0000000080016D58 (0x00310113) addi sp, sp, 0x3
x2 <- 0x0000000000000003
mem[X,0x0000000080016D5C] -> 0x006F
mem[X,0x0000000080016D5E] -> 0x0040
[2662] [M]: 0x0000000080016D5C (0x0040006F) jal zero, 0x4
mem[X,0x0000000080016D60] -> 0xB823
mem[X,0x0000000080016D62] -> 0x6020
[2663] [M]: 0x0000000080016D60 (0x6020B823) sd sp, 0x610(ra)
mem[0x00000000800487E0] <- 0x0000000000000003
mem[X,0x0000000080016D64] -> 0x5537
mem[X,0x0000000080016D66] -> 0x5555
[2664] [M]: 0x0000000080016D64 (0x55555537) lui a0, 0x55555
x10 <- 0x0000000055555000
mem[X,0x0000000080016D68] -> 0x0513
mem[X,0x0000000080016D6A] -> 0x5555
[2665] [M]: 0x0000000080016D68 (0x55550513) addi a0, a0, 0x555
x10 <- 0x0000000055555555
mem[X,0x0000000080016D6C] -> 0x1513
mem[X,0x0000000080016D6E] -> 0x00B5
[2666] [M]: 0x0000000080016D6C (0x00B51513) slli a0, a0, 0xb
x10 <- 0x000002AAAAAAA800
mem[X,0x0000000080016D70] -> 0x0513
mem[X,0x0000000080016D72] -> 0x2AA5
[2667] [M]: 0x0000000080016D70 (0x2AA50513) addi a0, a0, 0x2aa
x10 <- 0x000002AAAAAAAAAA
mem[X,0x0000000080016D74] -> 0x1513
mem[X,0x0000000080016D76] -> 0x00B5
[2668] [M]: 0x0000000080016D74 (0x00B51513) slli a0, a0, 0xb
x10 <- 0x0015555555555000
mem[X,0x0000000080016D78] -> 0x0513
mem[X,0x0000000080016D7A] -> 0x5555
[2669] [M]: 0x0000000080016D78 (0x55550513) addi a0, a0, 0x555
x10 <- 0x0015555555555555
mem[X,0x0000000080016D7C] -> 0x1513
mem[X,0x0000000080016D7E] -> 0x00A5
[2670] [M]: 0x0000000080016D7C (0x00A51513) slli a0, a0, 0xa
x10 <- 0x5555555555555400
mem[X,0x0000000080016D80] -> 0x0513
mem[X,0x0000000080016D82] -> 0x1555
[2671] [M]: 0x0000000080016D80 (0x15550513) addi a0, a0, 0x155
x10 <- 0x5555555555555555
mem[X,0x0000000080016D84] -> 0x55B7
mem[X,0x0000000080016D86] -> 0x5555
[2672] [M]: 0x0000000080016D84 (0x555555B7) lui a1, 0x55555
x11 <- 0x0000000055555000
mem[X,0x0000000080016D88] -> 0x8593
mem[X,0x0000000080016D8A] -> 0x5555
[2673] [M]: 0x0000000080016D88 (0x55558593) addi a1, a1, 0x555
x11 <- 0x0000000055555555
mem[X,0x0000000080016D8C] -> 0x9593
mem[X,0x0000000080016D8E] -> 0x00B5
[2674] [M]: 0x0000000080016D8C (0x00B59593) slli a1, a1, 0xb
x11 <- 0x000002AAAAAAA800
mem[X,0x0000000080016D90] -> 0x8593
mem[X,0x0000000080016D92] -> 0x2AA5
[2675] [M]: 0x0000000080016D90 (0x2AA58593) addi a1, a1, 0x2aa
x11 <- 0x000002AAAAAAAAAA
mem[X,0x0000000080016D94] -> 0x9593
mem[X,0x0000000080016D96] -> 0x00B5
[2676] [M]: 0x0000000080016D94 (0x00B59593) slli a1, a1, 0xb
x11 <- 0x0015555555555000
mem[X,0x0000000080016D98] -> 0x8593
mem[X,0x0000000080016D9A] -> 0x5555
[2677] [M]: 0x0000000080016D98 (0x55558593) addi a1, a1, 0x555
x11 <- 0x0015555555555555
mem[X,0x0000000080016D9C] -> 0x9593
mem[X,0x0000000080016D9E] -> 0x00A5
[2678] [M]: 0x0000000080016D9C (0x00A59593) slli a1, a1, 0xa
x11 <- 0x5555555555555400
mem[X,0x0000000080016DA0] -> 0x8593
mem[X,0x0000000080016DA2] -> 0x1545
[2679] [M]: 0x0000000080016DA0 (0x15458593) addi a1, a1, 0x154
x11 <- 0x5555555555555554
mem[X,0x0000000080016DA4] -> 0x0113
mem[X,0x0000000080016DA6] -> 0x0000
[2680] [M]: 0x0000000080016DA4 (0x00000113) addi sp, zero, 0x0
x2 <- 0x0000000000000000
mem[X,0x0000000080016DA8] -> 0x006F
mem[X,0x0000000080016DAA] -> 0x0140
[2681] [M]: 0x0000000080016DA8 (0x0140006F) jal zero, 0x14
mem[X,0x0000000080016DBC] -> 0x58E3
mem[X,0x0000000080016DBE] -> 0xFEB5
[2682] [M]: 0x0000000080016DBC (0xFEB558E3) bge a0, a1, -0x10
mem[X,0x0000000080016DAC] -> 0x0113
mem[X,0x0000000080016DAE] -> 0x0011
[2683] [M]: 0x0000000080016DAC (0x00110113) addi sp, sp, 0x1
x2 <- 0x0000000000000001
mem[X,0x0000000080016DB0] -> 0x006F
mem[X,0x0000000080016DB2] -> 0x0200
[2684] [M]: 0x0000000080016DB0 (0x0200006F) jal zero, 0x20
mem[X,0x0000000080016DD0] -> 0xBC23
mem[X,0x0000000080016DD2] -> 0x6020
[2685] [M]: 0x0000000080016DD0 (0x6020BC23) sd sp, 0x618(ra)
mem[0x00000000800487E8] <- 0x0000000000000001
mem[X,0x0000000080016DD4] -> 0x5537
mem[X,0x0000000080016DD6] -> 0x5555
[2686] [M]: 0x0000000080016DD4 (0x55555537) lui a0, 0x55555
x10 <- 0x0000000055555000
mem[X,0x0000000080016DD8] -> 0x0513
mem[X,0x0000000080016DDA] -> 0x5555
[2687] [M]: 0x0000000080016DD8 (0x55550513) addi a0, a0, 0x555
x10 <- 0x0000000055555555
mem[X,0x0000000080016DDC] -> 0x1513
mem[X,0x0000000080016DDE] -> 0x00B5
[2688] [M]: 0x0000000080016DDC (0x00B51513) slli a0, a0, 0xb
x10 <- 0x000002AAAAAAA800
mem[X,0x0000000080016DE0] -> 0x0513
mem[X,0x0000000080016DE2] -> 0x2AA5
[2689] [M]: 0x0000000080016DE0 (0x2AA50513) addi a0, a0, 0x2aa
x10 <- 0x000002AAAAAAAAAA
mem[X,0x0000000080016DE4] -> 0x1513
mem[X,0x0000000080016DE6] -> 0x00B5
[2690] [M]: 0x0000000080016DE4 (0x00B51513) slli a0, a0, 0xb
x10 <- 0x0015555555555000
mem[X,0x0000000080016DE8] -> 0x0513
mem[X,0x0000000080016DEA] -> 0x5555
[2691] [M]: 0x0000000080016DE8 (0x55550513) addi a0, a0, 0x555
x10 <- 0x0015555555555555
mem[X,0x0000000080016DEC] -> 0x1513
mem[X,0x0000000080016DEE] -> 0x00A5
[2692] [M]: 0x0000000080016DEC (0x00A51513) slli a0, a0, 0xa
x10 <- 0x5555555555555400
mem[X,0x0000000080016DF0] -> 0x0513
mem[X,0x0000000080016DF2] -> 0x1555
[2693] [M]: 0x0000000080016DF0 (0x15550513) addi a0, a0, 0x155
x10 <- 0x5555555555555555
mem[X,0x0000000080016DF4] -> 0x0593
mem[X,0x0000000080016DF6] -> 0x0000
[2694] [M]: 0x0000000080016DF4 (0x00000593) addi a1, zero, 0x0
x11 <- 0x0000000000000000
mem[X,0x0000000080016DF8] -> 0x0113
mem[X,0x0000000080016DFA] -> 0x0000
[2695] [M]: 0x0000000080016DF8 (0x00000113) addi sp, zero, 0x0
x2 <- 0x0000000000000000
mem[X,0x0000000080016DFC] -> 0x006F
mem[X,0x0000000080016DFE] -> 0x00C0
[2696] [M]: 0x0000000080016DFC (0x00C0006F) jal zero, 0xc
mem[X,0x0000000080016E08] -> 0x5CE3
mem[X,0x0000000080016E0A] -> 0xFEB5
[2697] [M]: 0x0000000080016E08 (0xFEB55CE3) bge a0, a1, -0x8
mem[X,0x0000000080016E00] -> 0x0113
mem[X,0x0000000080016E02] -> 0x0011
[2698] [M]: 0x0000000080016E00 (0x00110113) addi sp, sp, 0x1
x2 <- 0x0000000000000001
mem[X,0x0000000080016E04] -> 0x006F
mem[X,0x0000000080016E06] -> 0x0180
[2699] [M]: 0x0000000080016E04 (0x0180006F) jal zero, 0x18
clint::tick mtime <- 0x000000000000001B
 clint timer pending at mtime 0x000000000000001B
htif::tick 0x0000000000000000
mem[X,0x0000000080016E1C] -> 0xB023
mem[X,0x0000000080016E1E] -> 0x6220
[2700] [M]: 0x0000000080016E1C (0x6220B023) sd sp, 0x620(ra)
mem[0x00000000800487F0] <- 0x0000000000000001
mem[X,0x0000000080016E20] -> 0x5537
mem[X,0x0000000080016E22] -> 0x5555
[2701] [M]: 0x0000000080016E20 (0x55555537) lui a0, 0x55555
x10 <- 0x0000000055555000
mem[X,0x0000000080016E24] -> 0x0513
mem[X,0x0000000080016E26] -> 0x5555
[2702] [M]: 0x0000000080016E24 (0x55550513) addi a0, a0, 0x555
x10 <- 0x0000000055555555
mem[X,0x0000000080016E28] -> 0x1513
mem[X,0x0000000080016E2A] -> 0x00B5
[2703] [M]: 0x0000000080016E28 (0x00B51513) slli a0, a0, 0xb
x10 <- 0x000002AAAAAAA800
mem[X,0x0000000080016E2C] -> 0x0513
mem[X,0x0000000080016E2E] -> 0x2AA5
[2704] [M]: 0x0000000080016E2C (0x2AA50513) addi a0, a0, 0x2aa
x10 <- 0x000002AAAAAAAAAA
mem[X,0x0000000080016E30] -> 0x1513
mem[X,0x0000000080016E32] -> 0x00B5
[2705] [M]: 0x0000000080016E30 (0x00B51513) slli a0, a0, 0xb
x10 <- 0x0015555555555000
mem[X,0x0000000080016E34] -> 0x0513
mem[X,0x0000000080016E36] -> 0x5555
[2706] [M]: 0x0000000080016E34 (0x55550513) addi a0, a0, 0x555
x10 <- 0x0015555555555555
mem[X,0x0000000080016E38] -> 0x1513
mem[X,0x0000000080016E3A] -> 0x00A5
[2707] [M]: 0x0000000080016E38 (0x00A51513) slli a0, a0, 0xa
x10 <- 0x5555555555555400
mem[X,0x0000000080016E3C] -> 0x0513
mem[X,0x0000000080016E3E] -> 0x1555
[2708] [M]: 0x0000000080016E3C (0x15550513) addi a0, a0, 0x155
x10 <- 0x5555555555555555
mem[X,0x0000000080016E40] -> 0x0593
mem[X,0x0000000080016E42] -> 0x0040
[2709] [M]: 0x0000000080016E40 (0x00400593) addi a1, zero, 0x4
x11 <- 0x0000000000000004
mem[X,0x0000000080016E44] -> 0x0113
mem[X,0x0000000080016E46] -> 0x0000
[2710] [M]: 0x0000000080016E44 (0x00000113) addi sp, zero, 0x0
x2 <- 0x0000000000000000
mem[X,0x0000000080016E48] -> 0x006F
mem[X,0x0000000080016E4A] -> 0x0180
[2711] [M]: 0x0000000080016E48 (0x0180006F) jal zero, 0x18
mem[X,0x0000000080016E60] -> 0x56E3
mem[X,0x0000000080016E62] -> 0xFEB5
[2712] [M]: 0x0000000080016E60 (0xFEB556E3) bge a0, a1, -0x14
mem[X,0x0000000080016E4C] -> 0x0113
mem[X,0x0000000080016E4E] -> 0x0011
[2713] [M]: 0x0000000080016E4C (0x00110113) addi sp, sp, 0x1
x2 <- 0x0000000000000001
mem[X,0x0000000080016E50] -> 0x006F
mem[X,0x0000000080016E52] -> 0x0240
[2714] [M]: 0x0000000080016E50 (0x0240006F) jal zero, 0x24
mem[X,0x0000000080016E74] -> 0xB423
mem[X,0x0000000080016E76] -> 0x6220
[2715] [M]: 0x0000000080016E74 (0x6220B423) sd sp, 0x628(ra)
mem[0x00000000800487F8] <- 0x0000000000000001
mem[X,0x0000000080016E78] -> 0x5537
mem[X,0x0000000080016E7A] -> 0x5555
[2716] [M]: 0x0000000080016E78 (0x55555537) lui a0, 0x55555
x10 <- 0x0000000055555000
mem[X,0x0000000080016E7C] -> 0x0513
mem[X,0x0000000080016E7E] -> 0x5555
[2717] [M]: 0x0000000080016E7C (0x55550513) addi a0, a0, 0x555
x10 <- 0x0000000055555555
mem[X,0x0000000080016E80] -> 0x1513
mem[X,0x0000000080016E82] -> 0x00B5
[2718] [M]: 0x0000000080016E80 (0x00B51513) slli a0, a0, 0xb
x10 <- 0x000002AAAAAAA800
mem[X,0x0000000080016E84] -> 0x0513
mem[X,0x0000000080016E86] -> 0x2AA5
[2719] [M]: 0x0000000080016E84 (0x2AA50513) addi a0, a0, 0x2aa
x10 <- 0x000002AAAAAAAAAA
mem[X,0x0000000080016E88] -> 0x1513
mem[X,0x0000000080016E8A] -> 0x00B5
[2720] [M]: 0x0000000080016E88 (0x00B51513) slli a0, a0, 0xb
x10 <- 0x0015555555555000
mem[X,0x0000000080016E8C] -> 0x0513
mem[X,0x0000000080016E8E] -> 0x5555
[2721] [M]: 0x0000000080016E8C (0x55550513) addi a0, a0, 0x555
x10 <- 0x0015555555555555
mem[X,0x0000000080016E90] -> 0x1513
mem[X,0x0000000080016E92] -> 0x00A5
[2722] [M]: 0x0000000080016E90 (0x00A51513) slli a0, a0, 0xa
x10 <- 0x5555555555555400
mem[X,0x0000000080016E94] -> 0x0513
mem[X,0x0000000080016E96] -> 0x1555
[2723] [M]: 0x0000000080016E94 (0x15550513) addi a0, a0, 0x155
x10 <- 0x5555555555555555
mem[X,0x0000000080016E98] -> 0x35B7
mem[X,0x0000000080016E9A] -> 0x3333
[2724] [M]: 0x0000000080016E98 (0x333335B7) lui a1, 0x33333
x11 <- 0x0000000033333000
mem[X,0x0000000080016E9C] -> 0x8593
mem[X,0x0000000080016E9E] -> 0x3335
[2725] [M]: 0x0000000080016E9C (0x33358593) addi a1, a1, 0x333
x11 <- 0x0000000033333333
mem[X,0x0000000080016EA0] -> 0x9593
mem[X,0x0000000080016EA2] -> 0x00B5
[2726] [M]: 0x0000000080016EA0 (0x00B59593) slli a1, a1, 0xb
x11 <- 0x0000019999999800
mem[X,0x0000000080016EA4] -> 0x8593
mem[X,0x0000000080016EA6] -> 0x1995
[2727] [M]: 0x0000000080016EA4 (0x19958593) addi a1, a1, 0x199
x11 <- 0x0000019999999999
mem[X,0x0000000080016EA8] -> 0x9593
mem[X,0x0000000080016EAA] -> 0x00B5
[2728] [M]: 0x0000000080016EA8 (0x00B59593) slli a1, a1, 0xb
x11 <- 0x000CCCCCCCCCC800
mem[X,0x0000000080016EAC] -> 0x8593
mem[X,0x0000000080016EAE] -> 0x4CC5
[2729] [M]: 0x0000000080016EAC (0x4CC58593) addi a1, a1, 0x4cc
x11 <- 0x000CCCCCCCCCCCCC
mem[X,0x0000000080016EB0] -> 0x9593
mem[X,0x0000000080016EB2] -> 0x00A5
[2730] [M]: 0x0000000080016EB0 (0x00A59593) slli a1, a1, 0xa
x11 <- 0x3333333333333000
mem[X,0x0000000080016EB4] -> 0x8593
mem[X,0x0000000080016EB6] -> 0x3325
[2731] [M]: 0x0000000080016EB4 (0x33258593) addi a1, a1, 0x332
x11 <- 0x3333333333333332
mem[X,0x0000000080016EB8] -> 0x0113
mem[X,0x0000000080016EBA] -> 0x0000
[2732] [M]: 0x0000000080016EB8 (0x00000113) addi sp, zero, 0x0
x2 <- 0x0000000000000000
mem[X,0x0000000080016EBC] -> 0x006F
mem[X,0x0000000080016EBE] -> 0x00C0
[2733] [M]: 0x0000000080016EBC (0x00C0006F) jal zero, 0xc
mem[X,0x0000000080016EC8] -> 0x5663
mem[X,0x0000000080016ECA] -> 0x00B5
[2734] [M]: 0x0000000080016EC8 (0x00B55663) bge a0, a1, 0xc
mem[X,0x0000000080016ED4] -> 0x0113
mem[X,0x0000000080016ED6] -> 0x0031
[2735] [M]: 0x0000000080016ED4 (0x00310113) addi sp, sp, 0x3
x2 <- 0x0000000000000003
mem[X,0x0000000080016ED8] -> 0x006F
mem[X,0x0000000080016EDA] -> 0x0040
[2736] [M]: 0x0000000080016ED8 (0x0040006F) jal zero, 0x4
mem[X,0x0000000080016EDC] -> 0xB823
mem[X,0x0000000080016EDE] -> 0x6220
[2737] [M]: 0x0000000080016EDC (0x6220B823) sd sp, 0x630(ra)
mem[0x0000000080048800] <- 0x0000000000000003
mem[X,0x0000000080016EE0] -> 0x5537
mem[X,0x0000000080016EE2] -> 0x5555
[2738] [M]: 0x0000000080016EE0 (0x55555537) lui a0, 0x55555
x10 <- 0x0000000055555000
mem[X,0x0000000080016EE4] -> 0x0513
mem[X,0x0000000080016EE6] -> 0x5555
[2739] [M]: 0x0000000080016EE4 (0x55550513) addi a0, a0, 0x555
x10 <- 0x0000000055555555
mem[X,0x0000000080016EE8] -> 0x1513
mem[X,0x0000000080016EEA] -> 0x00B5
[2740] [M]: 0x0000000080016EE8 (0x00B51513) slli a0, a0, 0xb
x10 <- 0x000002AAAAAAA800
mem[X,0x0000000080016EEC] -> 0x0513
mem[X,0x0000000080016EEE] -> 0x2AA5
[2741] [M]: 0x0000000080016EEC (0x2AA50513) addi a0, a0, 0x2aa
x10 <- 0x000002AAAAAAAAAA
mem[X,0x0000000080016EF0] -> 0x1513
mem[X,0x0000000080016EF2] -> 0x00B5
[2742] [M]: 0x0000000080016EF0 (0x00B51513) slli a0, a0, 0xb
x10 <- 0x0015555555555000
mem[X,0x0000000080016EF4] -> 0x0513
mem[X,0x0000000080016EF6] -> 0x5555
[2743] [M]: 0x0000000080016EF4 (0x55550513) addi a0, a0, 0x555
x10 <- 0x0015555555555555
mem[X,0x0000000080016EF8] -> 0x1513
mem[X,0x0000000080016EFA] -> 0x00A5
[2744] [M]: 0x0000000080016EF8 (0x00A51513) slli a0, a0, 0xa
x10 <- 0x5555555555555400
mem[X,0x0000000080016EFC] -> 0x0513
mem[X,0x0000000080016EFE] -> 0x1555
[2745] [M]: 0x0000000080016EFC (0x15550513) addi a0, a0, 0x155
x10 <- 0x5555555555555555
mem[X,0x0000000080016F00] -> 0x65B7
mem[X,0x0000000080016F02] -> 0x6666
[2746] [M]: 0x0000000080016F00 (0x666665B7) lui a1, 0x66666
x11 <- 0x0000000066666000
mem[X,0x0000000080016F04] -> 0x8593
mem[X,0x0000000080016F06] -> 0x6665
[2747] [M]: 0x0000000080016F04 (0x66658593) addi a1, a1, 0x666
x11 <- 0x0000000066666666
mem[X,0x0000000080016F08] -> 0x9593
mem[X,0x0000000080016F0A] -> 0x00B5
[2748] [M]: 0x0000000080016F08 (0x00B59593) slli a1, a1, 0xb
x11 <- 0x0000033333333000
mem[X,0x0000000080016F0C] -> 0x8593
mem[X,0x0000000080016F0E] -> 0x3335
[2749] [M]: 0x0000000080016F0C (0x33358593) addi a1, a1, 0x333
x11 <- 0x0000033333333333
mem[X,0x0000000080016F10] -> 0x9593
mem[X,0x0000000080016F12] -> 0x00B5
[2750] [M]: 0x0000000080016F10 (0x00B59593) slli a1, a1, 0xb
x11 <- 0x0019999999999800
mem[X,0x0000000080016F14] -> 0x8593
mem[X,0x0000000080016F16] -> 0x1995
[2751] [M]: 0x0000000080016F14 (0x19958593) addi a1, a1, 0x199
x11 <- 0x0019999999999999
mem[X,0x0000000080016F18] -> 0x9593
mem[X,0x0000000080016F1A] -> 0x00A5
[2752] [M]: 0x0000000080016F18 (0x00A59593) slli a1, a1, 0xa
x11 <- 0x6666666666666400
mem[X,0x0000000080016F1C] -> 0x8593
mem[X,0x0000000080016F1E] -> 0x2655
[2753] [M]: 0x0000000080016F1C (0x26558593) addi a1, a1, 0x265
x11 <- 0x6666666666666665
mem[X,0x0000000080016F20] -> 0x0113
mem[X,0x0000000080016F22] -> 0x0000
[2754] [M]: 0x0000000080016F20 (0x00000113) addi sp, zero, 0x0
x2 <- 0x0000000000000000
mem[X,0x0000000080016F24] -> 0x006F
mem[X,0x0000000080016F26] -> 0x0140
[2755] [M]: 0x0000000080016F24 (0x0140006F) jal zero, 0x14
mem[X,0x0000000080016F38] -> 0x58E3
mem[X,0x0000000080016F3A] -> 0xFEB5
[2756] [M]: 0x0000000080016F38 (0xFEB558E3) bge a0, a1, -0x10
mem[X,0x0000000080016F3C] -> 0x0113
mem[X,0x0000000080016F3E] -> 0x0021
[2757] [M]: 0x0000000080016F3C (0x00210113) addi sp, sp, 0x2
x2 <- 0x0000000000000002
mem[X,0x0000000080016F40] -> 0x006F
mem[X,0x0000000080016F42] -> 0x00C0
[2758] [M]: 0x0000000080016F40 (0x00C0006F) jal zero, 0xc
mem[X,0x0000000080016F4C] -> 0xBC23
mem[X,0x0000000080016F4E] -> 0x6220
[2759] [M]: 0x0000000080016F4C (0x6220BC23) sd sp, 0x638(ra)
mem[0x0000000080048808] <- 0x0000000000000002
mem[X,0x0000000080016F50] -> 0x5537
mem[X,0x0000000080016F52] -> 0x5555
[2760] [M]: 0x0000000080016F50 (0x55555537) lui a0, 0x55555
x10 <- 0x0000000055555000
mem[X,0x0000000080016F54] -> 0x0513
mem[X,0x0000000080016F56] -> 0x5555
[2761] [M]: 0x0000000080016F54 (0x55550513) addi a0, a0, 0x555
x10 <- 0x0000000055555555
mem[X,0x0000000080016F58] -> 0x1513
mem[X,0x0000000080016F5A] -> 0x00B5
[2762] [M]: 0x0000000080016F58 (0x00B51513) slli a0, a0, 0xb
x10 <- 0x000002AAAAAAA800
mem[X,0x0000000080016F5C] -> 0x0513
mem[X,0x0000000080016F5E] -> 0x2AA5
[2763] [M]: 0x0000000080016F5C (0x2AA50513) addi a0, a0, 0x2aa
x10 <- 0x000002AAAAAAAAAA
mem[X,0x0000000080016F60] -> 0x1513
mem[X,0x0000000080016F62] -> 0x00B5
[2764] [M]: 0x0000000080016F60 (0x00B51513) slli a0, a0, 0xb
x10 <- 0x0015555555555000
mem[X,0x0000000080016F64] -> 0x0513
mem[X,0x0000000080016F66] -> 0x5555
[2765] [M]: 0x0000000080016F64 (0x55550513) addi a0, a0, 0x555
x10 <- 0x0015555555555555
mem[X,0x0000000080016F68] -> 0x1513
mem[X,0x0000000080016F6A] -> 0x00A5
[2766] [M]: 0x0000000080016F68 (0x00A51513) slli a0, a0, 0xa
x10 <- 0x5555555555555400
mem[X,0x0000000080016F6C] -> 0x0513
mem[X,0x0000000080016F6E] -> 0x1555
[2767] [M]: 0x0000000080016F6C (0x15550513) addi a0, a0, 0x155
x10 <- 0x5555555555555555
mem[X,0x0000000080016F70] -> 0x05B7
mem[X,0x0000000080016F72] -> 0x0000
[2768] [M]: 0x0000000080016F70 (0x000005B7) lui a1, 0x0
x11 <- 0x0000000000000000
mem[X,0x0000000080016F74] -> 0x8593
mem[X,0x0000000080016F76] -> 0x0005
[2769] [M]: 0x0000000080016F74 (0x00058593) addi a1, a1, 0x0
x11 <- 0x0000000000000000
mem[X,0x0000000080016F78] -> 0x9593
mem[X,0x0000000080016F7A] -> 0x00B5
[2770] [M]: 0x0000000080016F78 (0x00B59593) slli a1, a1, 0xb
x11 <- 0x0000000000000000
mem[X,0x0000000080016F7C] -> 0x8593
mem[X,0x0000000080016F7E] -> 0x5A85
[2771] [M]: 0x0000000080016F7C (0x5A858593) addi a1, a1, 0x5a8
x11 <- 0x00000000000005A8
mem[X,0x0000000080016F80] -> 0x9593
mem[X,0x0000000080016F82] -> 0x00B5
[2772] [M]: 0x0000000080016F80 (0x00B59593) slli a1, a1, 0xb
x11 <- 0x00000000002D4000
mem[X,0x0000000080016F84] -> 0x8593
mem[X,0x0000000080016F86] -> 0x13C5
[2773] [M]: 0x0000000080016F84 (0x13C58593) addi a1, a1, 0x13c
x11 <- 0x00000000002D413C
mem[X,0x0000000080016F88] -> 0x9593
mem[X,0x0000000080016F8A] -> 0x00A5
[2774] [M]: 0x0000000080016F88 (0x00A59593) slli a1, a1, 0xa
x11 <- 0x00000000B504F000
mem[X,0x0000000080016F8C] -> 0x8593
mem[X,0x0000000080016F8E] -> 0x3325
[2775] [M]: 0x0000000080016F8C (0x33258593) addi a1, a1, 0x332
x11 <- 0x00000000B504F332
mem[X,0x0000000080016F90] -> 0x0113
mem[X,0x0000000080016F92] -> 0x0000
[2776] [M]: 0x0000000080016F90 (0x00000113) addi sp, zero, 0x0
x2 <- 0x0000000000000000
mem[X,0x0000000080016F94] -> 0x006F
mem[X,0x0000000080016F96] -> 0x00C0
[2777] [M]: 0x0000000080016F94 (0x00C0006F) jal zero, 0xc
mem[X,0x0000000080016FA0] -> 0x5CE3
mem[X,0x0000000080016FA2] -> 0xFEB5
[2778] [M]: 0x0000000080016FA0 (0xFEB55CE3) bge a0, a1, -0x8
mem[X,0x0000000080016F98] -> 0x0113
mem[X,0x0000000080016F9A] -> 0x0011
[2779] [M]: 0x0000000080016F98 (0x00110113) addi sp, sp, 0x1
x2 <- 0x0000000000000001
mem[X,0x0000000080016F9C] -> 0x006F
mem[X,0x0000000080016F9E] -> 0x0180
[2780] [M]: 0x0000000080016F9C (0x0180006F) jal zero, 0x18
mem[X,0x0000000080016FB4] -> 0xB023
mem[X,0x0000000080016FB6] -> 0x6420
[2781] [M]: 0x0000000080016FB4 (0x6420B023) sd sp, 0x640(ra)
mem[0x0000000080048810] <- 0x0000000000000001
mem[X,0x0000000080016FB8] -> 0x5537
mem[X,0x0000000080016FBA] -> 0x5555
[2782] [M]: 0x0000000080016FB8 (0x55555537) lui a0, 0x55555
x10 <- 0x0000000055555000
mem[X,0x0000000080016FBC] -> 0x0513
mem[X,0x0000000080016FBE] -> 0x5555
[2783] [M]: 0x0000000080016FBC (0x55550513) addi a0, a0, 0x555
x10 <- 0x0000000055555555
mem[X,0x0000000080016FC0] -> 0x1513
mem[X,0x0000000080016FC2] -> 0x00B5
[2784] [M]: 0x0000000080016FC0 (0x00B51513) slli a0, a0, 0xb
x10 <- 0x000002AAAAAAA800
mem[X,0x0000000080016FC4] -> 0x0513
mem[X,0x0000000080016FC6] -> 0x2AA5
[2785] [M]: 0x0000000080016FC4 (0x2AA50513) addi a0, a0, 0x2aa
x10 <- 0x000002AAAAAAAAAA
mem[X,0x0000000080016FC8] -> 0x1513
mem[X,0x0000000080016FCA] -> 0x00B5
[2786] [M]: 0x0000000080016FC8 (0x00B51513) slli a0, a0, 0xb
x10 <- 0x0015555555555000
mem[X,0x0000000080016FCC] -> 0x0513
mem[X,0x0000000080016FCE] -> 0x5555
[2787] [M]: 0x0000000080016FCC (0x55550513) addi a0, a0, 0x555
x10 <- 0x0015555555555555
mem[X,0x0000000080016FD0] -> 0x1513
mem[X,0x0000000080016FD2] -> 0x00A5
[2788] [M]: 0x0000000080016FD0 (0x00A51513) slli a0, a0, 0xa
x10 <- 0x5555555555555400
mem[X,0x0000000080016FD4] -> 0x0513
mem[X,0x0000000080016FD6] -> 0x1555
[2789] [M]: 0x0000000080016FD4 (0x15550513) addi a0, a0, 0x155
x10 <- 0x5555555555555555
mem[X,0x0000000080016FD8] -> 0x55B7
mem[X,0x0000000080016FDA] -> 0x5555
[2790] [M]: 0x0000000080016FD8 (0x555555B7) lui a1, 0x55555
x11 <- 0x0000000055555000
mem[X,0x0000000080016FDC] -> 0x8593
mem[X,0x0000000080016FDE] -> 0x5555
[2791] [M]: 0x0000000080016FDC (0x55558593) addi a1, a1, 0x555
x11 <- 0x0000000055555555
mem[X,0x0000000080016FE0] -> 0x9593
mem[X,0x0000000080016FE2] -> 0x00B5
[2792] [M]: 0x0000000080016FE0 (0x00B59593) slli a1, a1, 0xb
x11 <- 0x000002AAAAAAA800
mem[X,0x0000000080016FE4] -> 0x8593
mem[X,0x0000000080016FE6] -> 0x2AA5
[2793] [M]: 0x0000000080016FE4 (0x2AA58593) addi a1, a1, 0x2aa
x11 <- 0x000002AAAAAAAAAA
mem[X,0x0000000080016FE8] -> 0x9593
mem[X,0x0000000080016FEA] -> 0x00B5
[2794] [M]: 0x0000000080016FE8 (0x00B59593) slli a1, a1, 0xb
x11 <- 0x0015555555555000
mem[X,0x0000000080016FEC] -> 0x8593
mem[X,0x0000000080016FEE] -> 0x5555
[2795] [M]: 0x0000000080016FEC (0x55558593) addi a1, a1, 0x555
x11 <- 0x0015555555555555
mem[X,0x0000000080016FF0] -> 0x9593
mem[X,0x0000000080016FF2] -> 0x00A5
[2796] [M]: 0x0000000080016FF0 (0x00A59593) slli a1, a1, 0xa
x11 <- 0x5555555555555400
mem[X,0x0000000080016FF4] -> 0x8593
mem[X,0x0000000080016FF6] -> 0x1565
[2797] [M]: 0x0000000080016FF4 (0x15658593) addi a1, a1, 0x156
x11 <- 0x5555555555555556
mem[X,0x0000000080016FF8] -> 0x0113
mem[X,0x0000000080016FFA] -> 0x0000
[2798] [M]: 0x0000000080016FF8 (0x00000113) addi sp, zero, 0x0
x2 <- 0x0000000000000000
mem[X,0x0000000080016FFC] -> 0x006F
mem[X,0x0000000080016FFE] -> 0x00C0
[2799] [M]: 0x0000000080016FFC (0x00C0006F) jal zero, 0xc
clint::tick mtime <- 0x000000000000001C
 clint timer pending at mtime 0x000000000000001C
htif::tick 0x0000000000000000
mem[X,0x0000000080017008] -> 0x5663
mem[X,0x000000008001700A] -> 0x00B5
[2800] [M]: 0x0000000080017008 (0x00B55663) bge a0, a1, 0xc
mem[X,0x000000008001700C] -> 0x0113
mem[X,0x000000008001700E] -> 0x0021
[2801] [M]: 0x000000008001700C (0x00210113) addi sp, sp, 0x2
x2 <- 0x0000000000000002
mem[X,0x0000000080017010] -> 0x006F
mem[X,0x0000000080017012] -> 0x00C0
[2802] [M]: 0x0000000080017010 (0x00C0006F) jal zero, 0xc
mem[X,0x000000008001701C] -> 0xB423
mem[X,0x000000008001701E] -> 0x6420
[2803] [M]: 0x000000008001701C (0x6420B423) sd sp, 0x648(ra)
mem[0x0000000080048818] <- 0x0000000000000002
mem[X,0x0000000080017020] -> 0x5537
mem[X,0x0000000080017022] -> 0x5555
[2804] [M]: 0x0000000080017020 (0x55555537) lui a0, 0x55555
x10 <- 0x0000000055555000
mem[X,0x0000000080017024] -> 0x0513
mem[X,0x0000000080017026] -> 0x5555
[2805] [M]: 0x0000000080017024 (0x55550513) addi a0, a0, 0x555
x10 <- 0x0000000055555555
mem[X,0x0000000080017028] -> 0x1513
mem[X,0x000000008001702A] -> 0x00B5
[2806] [M]: 0x0000000080017028 (0x00B51513) slli a0, a0, 0xb
x10 <- 0x000002AAAAAAA800
mem[X,0x000000008001702C] -> 0x0513
mem[X,0x000000008001702E] -> 0x2AA5
[2807] [M]: 0x000000008001702C (0x2AA50513) addi a0, a0, 0x2aa
x10 <- 0x000002AAAAAAAAAA
mem[X,0x0000000080017030] -> 0x1513
mem[X,0x0000000080017032] -> 0x00B5
[2808] [M]: 0x0000000080017030 (0x00B51513) slli a0, a0, 0xb
x10 <- 0x0015555555555000
mem[X,0x0000000080017034] -> 0x0513
mem[X,0x0000000080017036] -> 0x5555
[2809] [M]: 0x0000000080017034 (0x55550513) addi a0, a0, 0x555
x10 <- 0x0015555555555555
mem[X,0x0000000080017038] -> 0x1513
mem[X,0x000000008001703A] -> 0x00A5
[2810] [M]: 0x0000000080017038 (0x00A51513) slli a0, a0, 0xa
x10 <- 0x5555555555555400
mem[X,0x000000008001703C] -> 0x0513
mem[X,0x000000008001703E] -> 0x1555
[2811] [M]: 0x000000008001703C (0x15550513) addi a0, a0, 0x155
x10 <- 0x5555555555555555
mem[X,0x0000000080017040] -> 0xB5B7
mem[X,0x0000000080017042] -> 0xAAAA
[2812] [M]: 0x0000000080017040 (0xAAAAB5B7) lui a1, -0x55555
x11 <- 0xFFFFFFFFAAAAB000
mem[X,0x0000000080017044] -> 0x8593
mem[X,0x0000000080017046] -> 0xAAA5
[2813] [M]: 0x0000000080017044 (0xAAA58593) addi a1, a1, -0x556
x11 <- 0xFFFFFFFFAAAAAAAA
mem[X,0x0000000080017048] -> 0x9593
mem[X,0x000000008001704A] -> 0x00B5
[2814] [M]: 0x0000000080017048 (0x00B59593) slli a1, a1, 0xb
x11 <- 0xFFFFFD5555555000
mem[X,0x000000008001704C] -> 0x8593
mem[X,0x000000008001704E] -> 0x5555
[2815] [M]: 0x000000008001704C (0x55558593) addi a1, a1, 0x555
x11 <- 0xFFFFFD5555555555
mem[X,0x0000000080017050] -> 0x9593
mem[X,0x0000000080017052] -> 0x00B5
[2816] [M]: 0x0000000080017050 (0x00B59593) slli a1, a1, 0xb
x11 <- 0xFFEAAAAAAAAAA800
mem[X,0x0000000080017054] -> 0x8593
mem[X,0x0000000080017056] -> 0x2AA5
[2817] [M]: 0x0000000080017054 (0x2AA58593) addi a1, a1, 0x2aa
x11 <- 0xFFEAAAAAAAAAAAAA
mem[X,0x0000000080017058] -> 0x9593
mem[X,0x000000008001705A] -> 0x00A5
[2818] [M]: 0x0000000080017058 (0x00A59593) slli a1, a1, 0xa
x11 <- 0xAAAAAAAAAAAAA800
mem[X,0x000000008001705C] -> 0x8593
mem[X,0x000000008001705E] -> 0x2AB5
[2819] [M]: 0x000000008001705C (0x2AB58593) addi a1, a1, 0x2ab
x11 <- 0xAAAAAAAAAAAAAAAB
mem[X,0x0000000080017060] -> 0x0113
mem[X,0x0000000080017062] -> 0x0000
[2820] [M]: 0x0000000080017060 (0x00000113) addi sp, zero, 0x0
x2 <- 0x0000000000000000
mem[X,0x0000000080017064] -> 0x006F
mem[X,0x0000000080017066] -> 0x0140
[2821] [M]: 0x0000000080017064 (0x0140006F) jal zero, 0x14
mem[X,0x0000000080017078] -> 0x58E3
mem[X,0x000000008001707A] -> 0xFEB5
[2822] [M]: 0x0000000080017078 (0xFEB558E3) bge a0, a1, -0x10
mem[X,0x0000000080017068] -> 0x0113
mem[X,0x000000008001706A] -> 0x0011
[2823] [M]: 0x0000000080017068 (0x00110113) addi sp, sp, 0x1
x2 <- 0x0000000000000001
mem[X,0x000000008001706C] -> 0x006F
mem[X,0x000000008001706E] -> 0x0200
[2824] [M]: 0x000000008001706C (0x0200006F) jal zero, 0x20
mem[X,0x000000008001708C] -> 0xB823
mem[X,0x000000008001708E] -> 0x6420
[2825] [M]: 0x000000008001708C (0x6420B823) sd sp, 0x650(ra)
mem[0x0000000080048820] <- 0x0000000000000001
mem[X,0x0000000080017090] -> 0x5537
mem[X,0x0000000080017092] -> 0x5555
[2826] [M]: 0x0000000080017090 (0x55555537) lui a0, 0x55555
x10 <- 0x0000000055555000
mem[X,0x0000000080017094] -> 0x0513
mem[X,0x0000000080017096] -> 0x5555
[2827] [M]: 0x0000000080017094 (0x55550513) addi a0, a0, 0x555
x10 <- 0x0000000055555555
mem[X,0x0000000080017098] -> 0x1513
mem[X,0x000000008001709A] -> 0x00B5
[2828] [M]: 0x0000000080017098 (0x00B51513) slli a0, a0, 0xb
x10 <- 0x000002AAAAAAA800
mem[X,0x000000008001709C] -> 0x0513
mem[X,0x000000008001709E] -> 0x2AA5
[2829] [M]: 0x000000008001709C (0x2AA50513) addi a0, a0, 0x2aa
x10 <- 0x000002AAAAAAAAAA
mem[X,0x00000000800170A0] -> 0x1513
mem[X,0x00000000800170A2] -> 0x00B5
[2830] [M]: 0x00000000800170A0 (0x00B51513) slli a0, a0, 0xb
x10 <- 0x0015555555555000
mem[X,0x00000000800170A4] -> 0x0513
mem[X,0x00000000800170A6] -> 0x5555
[2831] [M]: 0x00000000800170A4 (0x55550513) addi a0, a0, 0x555
x10 <- 0x0015555555555555
mem[X,0x00000000800170A8] -> 0x1513
mem[X,0x00000000800170AA] -> 0x00A5
[2832] [M]: 0x00000000800170A8 (0x00A51513) slli a0, a0, 0xa
x10 <- 0x5555555555555400
mem[X,0x00000000800170AC] -> 0x0513
mem[X,0x00000000800170AE] -> 0x1555
[2833] [M]: 0x00000000800170AC (0x15550513) addi a0, a0, 0x155
x10 <- 0x5555555555555555
mem[X,0x00000000800170B0] -> 0x0593
mem[X,0x00000000800170B2] -> 0x0060
[2834] [M]: 0x00000000800170B0 (0x00600593) addi a1, zero, 0x6
x11 <- 0x0000000000000006
mem[X,0x00000000800170B4] -> 0x0113
mem[X,0x00000000800170B6] -> 0x0000
[2835] [M]: 0x00000000800170B4 (0x00000113) addi sp, zero, 0x0
x2 <- 0x0000000000000000
mem[X,0x00000000800170B8] -> 0x006F
mem[X,0x00000000800170BA] -> 0x00C0
[2836] [M]: 0x00000000800170B8 (0x00C0006F) jal zero, 0xc
mem[X,0x00000000800170C4] -> 0x5663
mem[X,0x00000000800170C6] -> 0x00B5
[2837] [M]: 0x00000000800170C4 (0x00B55663) bge a0, a1, 0xc
mem[X,0x00000000800170D0] -> 0x0113
mem[X,0x00000000800170D2] -> 0x0031
[2838] [M]: 0x00000000800170D0 (0x00310113) addi sp, sp, 0x3
x2 <- 0x0000000000000003
mem[X,0x00000000800170D4] -> 0x006F
mem[X,0x00000000800170D6] -> 0x0040
[2839] [M]: 0x00000000800170D4 (0x0040006F) jal zero, 0x4
mem[X,0x00000000800170D8] -> 0xBC23
mem[X,0x00000000800170DA] -> 0x6420
[2840] [M]: 0x00000000800170D8 (0x6420BC23) sd sp, 0x658(ra)
mem[0x0000000080048828] <- 0x0000000000000003
mem[X,0x00000000800170DC] -> 0x5537
mem[X,0x00000000800170DE] -> 0x5555
[2841] [M]: 0x00000000800170DC (0x55555537) lui a0, 0x55555
x10 <- 0x0000000055555000
mem[X,0x00000000800170E0] -> 0x0513
mem[X,0x00000000800170E2] -> 0x5555
[2842] [M]: 0x00000000800170E0 (0x55550513) addi a0, a0, 0x555
x10 <- 0x0000000055555555
mem[X,0x00000000800170E4] -> 0x1513
mem[X,0x00000000800170E6] -> 0x00B5
[2843] [M]: 0x00000000800170E4 (0x00B51513) slli a0, a0, 0xb
x10 <- 0x000002AAAAAAA800
mem[X,0x00000000800170E8] -> 0x0513
mem[X,0x00000000800170EA] -> 0x2AA5
[2844] [M]: 0x00000000800170E8 (0x2AA50513) addi a0, a0, 0x2aa
x10 <- 0x000002AAAAAAAAAA
mem[X,0x00000000800170EC] -> 0x1513
mem[X,0x00000000800170EE] -> 0x00B5
[2845] [M]: 0x00000000800170EC (0x00B51513) slli a0, a0, 0xb
x10 <- 0x0015555555555000
mem[X,0x00000000800170F0] -> 0x0513
mem[X,0x00000000800170F2] -> 0x5555
[2846] [M]: 0x00000000800170F0 (0x55550513) addi a0, a0, 0x555
x10 <- 0x0015555555555555
mem[X,0x00000000800170F4] -> 0x1513
mem[X,0x00000000800170F6] -> 0x00A5
[2847] [M]: 0x00000000800170F4 (0x00A51513) slli a0, a0, 0xa
x10 <- 0x5555555555555400
mem[X,0x00000000800170F8] -> 0x0513
mem[X,0x00000000800170FA] -> 0x1555
[2848] [M]: 0x00000000800170F8 (0x15550513) addi a0, a0, 0x155
x10 <- 0x5555555555555555
mem[X,0x00000000800170FC] -> 0x35B7
mem[X,0x00000000800170FE] -> 0x3333
[2849] [M]: 0x00000000800170FC (0x333335B7) lui a1, 0x33333
x11 <- 0x0000000033333000
mem[X,0x0000000080017100] -> 0x8593
mem[X,0x0000000080017102] -> 0x3335
[2850] [M]: 0x0000000080017100 (0x33358593) addi a1, a1, 0x333
x11 <- 0x0000000033333333
mem[X,0x0000000080017104] -> 0x9593
mem[X,0x0000000080017106] -> 0x00B5
[2851] [M]: 0x0000000080017104 (0x00B59593) slli a1, a1, 0xb
x11 <- 0x0000019999999800
mem[X,0x0000000080017108] -> 0x8593
mem[X,0x000000008001710A] -> 0x1995
[2852] [M]: 0x0000000080017108 (0x19958593) addi a1, a1, 0x199
x11 <- 0x0000019999999999
mem[X,0x000000008001710C] -> 0x9593
mem[X,0x000000008001710E] -> 0x00B5
[2853] [M]: 0x000000008001710C (0x00B59593) slli a1, a1, 0xb
x11 <- 0x000CCCCCCCCCC800
mem[X,0x0000000080017110] -> 0x8593
mem[X,0x0000000080017112] -> 0x4CC5
[2854] [M]: 0x0000000080017110 (0x4CC58593) addi a1, a1, 0x4cc
x11 <- 0x000CCCCCCCCCCCCC
mem[X,0x0000000080017114] -> 0x9593
mem[X,0x0000000080017116] -> 0x00A5
[2855] [M]: 0x0000000080017114 (0x00A59593) slli a1, a1, 0xa
x11 <- 0x3333333333333000
mem[X,0x0000000080017118] -> 0x8593
mem[X,0x000000008001711A] -> 0x3345
[2856] [M]: 0x0000000080017118 (0x33458593) addi a1, a1, 0x334
x11 <- 0x3333333333333334
mem[X,0x000000008001711C] -> 0x0113
mem[X,0x000000008001711E] -> 0x0000
[2857] [M]: 0x000000008001711C (0x00000113) addi sp, zero, 0x0
x2 <- 0x0000000000000000
mem[X,0x0000000080017120] -> 0x006F
mem[X,0x0000000080017122] -> 0x00C0
[2858] [M]: 0x0000000080017120 (0x00C0006F) jal zero, 0xc
mem[X,0x000000008001712C] -> 0x5063
mem[X,0x000000008001712E] -> 0x02B5
[2859] [M]: 0x000000008001712C (0x02B55063) bge a0, a1, 0x20
mem[X,0x000000008001714C] -> 0x0113
mem[X,0x000000008001714E] -> 0x0031
[2860] [M]: 0x000000008001714C (0x00310113) addi sp, sp, 0x3
x2 <- 0x0000000000000003
mem[X,0x0000000080017150] -> 0x006F
mem[X,0x0000000080017152] -> 0x0040
[2861] [M]: 0x0000000080017150 (0x0040006F) jal zero, 0x4
mem[X,0x0000000080017154] -> 0xB023
mem[X,0x0000000080017156] -> 0x6620
[2862] [M]: 0x0000000080017154 (0x6620B023) sd sp, 0x660(ra)
mem[0x0000000080048830] <- 0x0000000000000003
mem[X,0x0000000080017158] -> 0x5537
mem[X,0x000000008001715A] -> 0x5555
[2863] [M]: 0x0000000080017158 (0x55555537) lui a0, 0x55555
x10 <- 0x0000000055555000
mem[X,0x000000008001715C] -> 0x0513
mem[X,0x000000008001715E] -> 0x5555
[2864] [M]: 0x000000008001715C (0x55550513) addi a0, a0, 0x555
x10 <- 0x0000000055555555
mem[X,0x0000000080017160] -> 0x1513
mem[X,0x0000000080017162] -> 0x00B5
[2865] [M]: 0x0000000080017160 (0x00B51513) slli a0, a0, 0xb
x10 <- 0x000002AAAAAAA800
mem[X,0x0000000080017164] -> 0x0513
mem[X,0x0000000080017166] -> 0x2AA5
[2866] [M]: 0x0000000080017164 (0x2AA50513) addi a0, a0, 0x2aa
x10 <- 0x000002AAAAAAAAAA
mem[X,0x0000000080017168] -> 0x1513
mem[X,0x000000008001716A] -> 0x00B5
[2867] [M]: 0x0000000080017168 (0x00B51513) slli a0, a0, 0xb
x10 <- 0x0015555555555000
mem[X,0x000000008001716C] -> 0x0513
mem[X,0x000000008001716E] -> 0x5555
[2868] [M]: 0x000000008001716C (0x55550513) addi a0, a0, 0x555
x10 <- 0x0015555555555555
mem[X,0x0000000080017170] -> 0x1513
mem[X,0x0000000080017172] -> 0x00A5
[2869] [M]: 0x0000000080017170 (0x00A51513) slli a0, a0, 0xa
x10 <- 0x5555555555555400
mem[X,0x0000000080017174] -> 0x0513
mem[X,0x0000000080017176] -> 0x1555
[2870] [M]: 0x0000000080017174 (0x15550513) addi a0, a0, 0x155
x10 <- 0x5555555555555555
mem[X,0x0000000080017178] -> 0x65B7
mem[X,0x000000008001717A] -> 0x6666
[2871] [M]: 0x0000000080017178 (0x666665B7) lui a1, 0x66666
x11 <- 0x0000000066666000
mem[X,0x000000008001717C] -> 0x8593
mem[X,0x000000008001717E] -> 0x6665
[2872] [M]: 0x000000008001717C (0x66658593) addi a1, a1, 0x666
x11 <- 0x0000000066666666
mem[X,0x0000000080017180] -> 0x9593
mem[X,0x0000000080017182] -> 0x00B5
[2873] [M]: 0x0000000080017180 (0x00B59593) slli a1, a1, 0xb
x11 <- 0x0000033333333000
mem[X,0x0000000080017184] -> 0x8593
mem[X,0x0000000080017186] -> 0x3335
[2874] [M]: 0x0000000080017184 (0x33358593) addi a1, a1, 0x333
x11 <- 0x0000033333333333
mem[X,0x0000000080017188] -> 0x9593
mem[X,0x000000008001718A] -> 0x00B5
[2875] [M]: 0x0000000080017188 (0x00B59593) slli a1, a1, 0xb
x11 <- 0x0019999999999800
mem[X,0x000000008001718C] -> 0x8593
mem[X,0x000000008001718E] -> 0x1995
[2876] [M]: 0x000000008001718C (0x19958593) addi a1, a1, 0x199
x11 <- 0x0019999999999999
mem[X,0x0000000080017190] -> 0x9593
mem[X,0x0000000080017192] -> 0x00A5
[2877] [M]: 0x0000000080017190 (0x00A59593) slli a1, a1, 0xa
x11 <- 0x6666666666666400
mem[X,0x0000000080017194] -> 0x8593
mem[X,0x0000000080017196] -> 0x2675
[2878] [M]: 0x0000000080017194 (0x26758593) addi a1, a1, 0x267
x11 <- 0x6666666666666667
mem[X,0x0000000080017198] -> 0x0113
mem[X,0x000000008001719A] -> 0x0000
[2879] [M]: 0x0000000080017198 (0x00000113) addi sp, zero, 0x0
x2 <- 0x0000000000000000
mem[X,0x000000008001719C] -> 0x006F
mem[X,0x000000008001719E] -> 0x0140
[2880] [M]: 0x000000008001719C (0x0140006F) jal zero, 0x14
mem[X,0x00000000800171B0] -> 0x58E3
mem[X,0x00000000800171B2] -> 0xFEB5
[2881] [M]: 0x00000000800171B0 (0xFEB558E3) bge a0, a1, -0x10
mem[X,0x00000000800171B4] -> 0x0113
mem[X,0x00000000800171B6] -> 0x0021
[2882] [M]: 0x00000000800171B4 (0x00210113) addi sp, sp, 0x2
x2 <- 0x0000000000000002
mem[X,0x00000000800171B8] -> 0x006F
mem[X,0x00000000800171BA] -> 0x00C0
[2883] [M]: 0x00000000800171B8 (0x00C0006F) jal zero, 0xc
mem[X,0x00000000800171C4] -> 0xB423
mem[X,0x00000000800171C6] -> 0x6620
[2884] [M]: 0x00000000800171C4 (0x6620B423) sd sp, 0x668(ra)
mem[0x0000000080048838] <- 0x0000000000000002
mem[X,0x00000000800171C8] -> 0x5537
mem[X,0x00000000800171CA] -> 0x5555
[2885] [M]: 0x00000000800171C8 (0x55555537) lui a0, 0x55555
x10 <- 0x0000000055555000
mem[X,0x00000000800171CC] -> 0x0513
mem[X,0x00000000800171CE] -> 0x5555
[2886] [M]: 0x00000000800171CC (0x55550513) addi a0, a0, 0x555
x10 <- 0x0000000055555555
mem[X,0x00000000800171D0] -> 0x1513
mem[X,0x00000000800171D2] -> 0x00B5
[2887] [M]: 0x00000000800171D0 (0x00B51513) slli a0, a0, 0xb
x10 <- 0x000002AAAAAAA800
mem[X,0x00000000800171D4] -> 0x0513
mem[X,0x00000000800171D6] -> 0x2AA5
[2888] [M]: 0x00000000800171D4 (0x2AA50513) addi a0, a0, 0x2aa
x10 <- 0x000002AAAAAAAAAA
mem[X,0x00000000800171D8] -> 0x1513
mem[X,0x00000000800171DA] -> 0x00B5
[2889] [M]: 0x00000000800171D8 (0x00B51513) slli a0, a0, 0xb
x10 <- 0x0015555555555000
mem[X,0x00000000800171DC] -> 0x0513
mem[X,0x00000000800171DE] -> 0x5555
[2890] [M]: 0x00000000800171DC (0x55550513) addi a0, a0, 0x555
x10 <- 0x0015555555555555
mem[X,0x00000000800171E0] -> 0x1513
mem[X,0x00000000800171E2] -> 0x00A5
[2891] [M]: 0x00000000800171E0 (0x00A51513) slli a0, a0, 0xa
x10 <- 0x5555555555555400
mem[X,0x00000000800171E4] -> 0x0513
mem[X,0x00000000800171E6] -> 0x1555
[2892] [M]: 0x00000000800171E4 (0x15550513) addi a0, a0, 0x155
x10 <- 0x5555555555555555
mem[X,0x00000000800171E8] -> 0x05B7
mem[X,0x00000000800171EA] -> 0x0000
[2893] [M]: 0x00000000800171E8 (0x000005B7) lui a1, 0x0
x11 <- 0x0000000000000000
mem[X,0x00000000800171EC] -> 0x8593
mem[X,0x00000000800171EE] -> 0xFFF5
[2894] [M]: 0x00000000800171EC (0xFFF58593) addi a1, a1, -0x1
x11 <- 0xFFFFFFFFFFFFFFFF
mem[X,0x00000000800171F0] -> 0x9593
mem[X,0x00000000800171F2] -> 0x00B5
[2895] [M]: 0x00000000800171F0 (0x00B59593) slli a1, a1, 0xb
x11 <- 0xFFFFFFFFFFFFF800
mem[X,0x00000000800171F4] -> 0x8593
mem[X,0x00000000800171F6] -> 0x2575
[2896] [M]: 0x00000000800171F4 (0x25758593) addi a1, a1, 0x257
x11 <- 0xFFFFFFFFFFFFFA57
mem[X,0x00000000800171F8] -> 0x9593
mem[X,0x00000000800171FA] -> 0x00B5
[2897] [M]: 0x00000000800171F8 (0x00B59593) slli a1, a1, 0xb
x11 <- 0xFFFFFFFFFFD2B800
mem[X,0x00000000800171FC] -> 0x8593
mem[X,0x00000000800171FE] -> 0x6C35
[2898] [M]: 0x00000000800171FC (0x6C358593) addi a1, a1, 0x6c3
x11 <- 0xFFFFFFFFFFD2BEC3
mem[X,0x0000000080017200] -> 0x9593
mem[X,0x0000000080017202] -> 0x00A5
[2899] [M]: 0x0000000080017200 (0x00A59593) slli a1, a1, 0xa
x11 <- 0xFFFFFFFF4AFB0C00
clint::tick mtime <- 0x000000000000001D
 clint timer pending at mtime 0x000000000000001D
htif::tick 0x0000000000000000
mem[X,0x0000000080017204] -> 0x8593
mem[X,0x0000000080017206] -> 0x0CE5
[2900] [M]: 0x0000000080017204 (0x0CE58593) addi a1, a1, 0xce
x11 <- 0xFFFFFFFF4AFB0CCE
mem[X,0x0000000080017208] -> 0x0113
mem[X,0x000000008001720A] -> 0x0000
[2901] [M]: 0x0000000080017208 (0x00000113) addi sp, zero, 0x0
x2 <- 0x0000000000000000
mem[X,0x000000008001720C] -> 0x006F
mem[X,0x000000008001720E] -> 0x00C0
[2902] [M]: 0x000000008001720C (0x00C0006F) jal zero, 0xc
mem[X,0x0000000080017218] -> 0x5CE3
mem[X,0x000000008001721A] -> 0xFEB5
[2903] [M]: 0x0000000080017218 (0xFEB55CE3) bge a0, a1, -0x8
mem[X,0x0000000080017210] -> 0x0113
mem[X,0x0000000080017212] -> 0x0011
[2904] [M]: 0x0000000080017210 (0x00110113) addi sp, sp, 0x1
x2 <- 0x0000000000000001
mem[X,0x0000000080017214] -> 0x006F
mem[X,0x0000000080017216] -> 0x0180
[2905] [M]: 0x0000000080017214 (0x0180006F) jal zero, 0x18
mem[X,0x000000008001722C] -> 0xB823
mem[X,0x000000008001722E] -> 0x6620
[2906] [M]: 0x000000008001722C (0x6620B823) sd sp, 0x670(ra)
mem[0x0000000080048840] <- 0x0000000000000001
mem[X,0x0000000080017230] -> 0x5537
mem[X,0x0000000080017232] -> 0x5555
[2907] [M]: 0x0000000080017230 (0x55555537) lui a0, 0x55555
x10 <- 0x0000000055555000
mem[X,0x0000000080017234] -> 0x0513
mem[X,0x0000000080017236] -> 0x5555
[2908] [M]: 0x0000000080017234 (0x55550513) addi a0, a0, 0x555
x10 <- 0x0000000055555555
mem[X,0x0000000080017238] -> 0x1513
mem[X,0x000000008001723A] -> 0x00B5
[2909] [M]: 0x0000000080017238 (0x00B51513) slli a0, a0, 0xb
x10 <- 0x000002AAAAAAA800
mem[X,0x000000008001723C] -> 0x0513
mem[X,0x000000008001723E] -> 0x2AA5
[2910] [M]: 0x000000008001723C (0x2AA50513) addi a0, a0, 0x2aa
x10 <- 0x000002AAAAAAAAAA
mem[X,0x0000000080017240] -> 0x1513
mem[X,0x0000000080017242] -> 0x00B5
[2911] [M]: 0x0000000080017240 (0x00B51513) slli a0, a0, 0xb
x10 <- 0x0015555555555000
mem[X,0x0000000080017244] -> 0x0513
mem[X,0x0000000080017246] -> 0x5555
[2912] [M]: 0x0000000080017244 (0x55550513) addi a0, a0, 0x555
x10 <- 0x0015555555555555
mem[X,0x0000000080017248] -> 0x1513
mem[X,0x000000008001724A] -> 0x00A5
[2913] [M]: 0x0000000080017248 (0x00A51513) slli a0, a0, 0xa
x10 <- 0x5555555555555400
mem[X,0x000000008001724C] -> 0x0513
mem[X,0x000000008001724E] -> 0x1555
[2914] [M]: 0x000000008001724C (0x15550513) addi a0, a0, 0x155
x10 <- 0x5555555555555555
mem[X,0x0000000080017250] -> 0x05B7
mem[X,0x0000000080017252] -> 0x0000
[2915] [M]: 0x0000000080017250 (0x000005B7) lui a1, 0x0
x11 <- 0x0000000000000000
mem[X,0x0000000080017254] -> 0x8593
mem[X,0x0000000080017256] -> 0x0005
[2916] [M]: 0x0000000080017254 (0x00058593) addi a1, a1, 0x0
x11 <- 0x0000000000000000
mem[X,0x0000000080017258] -> 0x9593
mem[X,0x000000008001725A] -> 0x00B5
[2917] [M]: 0x0000000080017258 (0x00B59593) slli a1, a1, 0xb
x11 <- 0x0000000000000000
mem[X,0x000000008001725C] -> 0x8593
mem[X,0x000000008001725E] -> 0x5A85
[2918] [M]: 0x000000008001725C (0x5A858593) addi a1, a1, 0x5a8
x11 <- 0x00000000000005A8
mem[X,0x0000000080017260] -> 0x9593
mem[X,0x0000000080017262] -> 0x00B5
[2919] [M]: 0x0000000080017260 (0x00B59593) slli a1, a1, 0xb
x11 <- 0x00000000002D4000
mem[X,0x0000000080017264] -> 0x8593
mem[X,0x0000000080017266] -> 0x13C5
[2920] [M]: 0x0000000080017264 (0x13C58593) addi a1, a1, 0x13c
x11 <- 0x00000000002D413C
mem[X,0x0000000080017268] -> 0x9593
mem[X,0x000000008001726A] -> 0x00A5
[2921] [M]: 0x0000000080017268 (0x00A59593) slli a1, a1, 0xa
x11 <- 0x00000000B504F000
mem[X,0x000000008001726C] -> 0x8593
mem[X,0x000000008001726E] -> 0x3345
[2922] [M]: 0x000000008001726C (0x33458593) addi a1, a1, 0x334
x11 <- 0x00000000B504F334
mem[X,0x0000000080017270] -> 0x0113
mem[X,0x0000000080017272] -> 0x0000
[2923] [M]: 0x0000000080017270 (0x00000113) addi sp, zero, 0x0
x2 <- 0x0000000000000000
mem[X,0x0000000080017274] -> 0x006F
mem[X,0x0000000080017276] -> 0x2B10
[2924] [M]: 0x0000000080017274 (0x2B10006F) jal zero, 0xab0
mem[X,0x0000000080017D24] -> 0x5A63
mem[X,0x0000000080017D26] -> 0xD4B5
[2925] [M]: 0x0000000080017D24 (0xD4B55A63) bge a0, a1, -0xaac
mem[X,0x0000000080017278] -> 0x0113
mem[X,0x000000008001727A] -> 0x0011
[2926] [M]: 0x0000000080017278 (0x00110113) addi sp, sp, 0x1
x2 <- 0x0000000000000001
mem[X,0x000000008001727C] -> 0x006F
mem[X,0x000000008001727E] -> 0x2BD0
[2927] [M]: 0x000000008001727C (0x2BD0006F) jal zero, 0xabc
mem[X,0x0000000080017D38] -> 0xBC23
mem[X,0x0000000080017D3A] -> 0x6620
[2928] [M]: 0x0000000080017D38 (0x6620BC23) sd sp, 0x678(ra)
mem[0x0000000080048848] <- 0x0000000000000001
mem[X,0x0000000080017D3C] -> 0xB537
mem[X,0x0000000080017D3E] -> 0xAAAA
[2929] [M]: 0x0000000080017D3C (0xAAAAB537) lui a0, -0x55555
x10 <- 0xFFFFFFFFAAAAB000
mem[X,0x0000000080017D40] -> 0x0513
mem[X,0x0000000080017D42] -> 0xAAA5
[2930] [M]: 0x0000000080017D40 (0xAAA50513) addi a0, a0, -0x556
x10 <- 0xFFFFFFFFAAAAAAAA
mem[X,0x0000000080017D44] -> 0x1513
mem[X,0x0000000080017D46] -> 0x00B5
[2931] [M]: 0x0000000080017D44 (0x00B51513) slli a0, a0, 0xb
x10 <- 0xFFFFFD5555555000
mem[X,0x0000000080017D48] -> 0x0513
mem[X,0x0000000080017D4A] -> 0x5555
[2932] [M]: 0x0000000080017D48 (0x55550513) addi a0, a0, 0x555
x10 <- 0xFFFFFD5555555555
mem[X,0x0000000080017D4C] -> 0x1513
mem[X,0x0000000080017D4E] -> 0x00B5
[2933] [M]: 0x0000000080017D4C (0x00B51513) slli a0, a0, 0xb
x10 <- 0xFFEAAAAAAAAAA800
mem[X,0x0000000080017D50] -> 0x0513
mem[X,0x0000000080017D52] -> 0x2AA5
[2934] [M]: 0x0000000080017D50 (0x2AA50513) addi a0, a0, 0x2aa
x10 <- 0xFFEAAAAAAAAAAAAA
mem[X,0x0000000080017D54] -> 0x1513
mem[X,0x0000000080017D56] -> 0x00A5
[2935] [M]: 0x0000000080017D54 (0x00A51513) slli a0, a0, 0xa
x10 <- 0xAAAAAAAAAAAAA800
mem[X,0x0000000080017D58] -> 0x0513
mem[X,0x0000000080017D5A] -> 0x2AA5
[2936] [M]: 0x0000000080017D58 (0x2AA50513) addi a0, a0, 0x2aa
x10 <- 0xAAAAAAAAAAAAAAAA
mem[X,0x0000000080017D5C] -> 0x0593
mem[X,0x0000000080017D5E] -> 0x0030
[2937] [M]: 0x0000000080017D5C (0x00300593) addi a1, zero, 0x3
x11 <- 0x0000000000000003
mem[X,0x0000000080017D60] -> 0x0113
mem[X,0x0000000080017D62] -> 0x0000
[2938] [M]: 0x0000000080017D60 (0x00000113) addi sp, zero, 0x0
x2 <- 0x0000000000000000
mem[X,0x0000000080017D64] -> 0x006F
mem[X,0x0000000080017D66] -> 0x00C0
[2939] [M]: 0x0000000080017D64 (0x00C0006F) jal zero, 0xc
mem[X,0x0000000080017D70] -> 0x5063
mem[X,0x0000000080017D72] -> 0x20B5
[2940] [M]: 0x0000000080017D70 (0x20B55063) bge a0, a1, 0x200
mem[X,0x0000000080017D74] -> 0x0113
mem[X,0x0000000080017D76] -> 0x0021
[2941] [M]: 0x0000000080017D74 (0x00210113) addi sp, sp, 0x2
x2 <- 0x0000000000000002
mem[X,0x0000000080017D78] -> 0x006F
mem[X,0x0000000080017D7A] -> 0x2000
[2942] [M]: 0x0000000080017D78 (0x2000006F) jal zero, 0x200
mem[X,0x0000000080017F78] -> 0xB023
mem[X,0x0000000080017F7A] -> 0x6820
[2943] [M]: 0x0000000080017F78 (0x6820B023) sd sp, 0x680(ra)
mem[0x0000000080048850] <- 0x0000000000000002
mem[X,0x0000000080017F7C] -> 0xB537
mem[X,0x0000000080017F7E] -> 0xAAAA
[2944] [M]: 0x0000000080017F7C (0xAAAAB537) lui a0, -0x55555
x10 <- 0xFFFFFFFFAAAAB000
mem[X,0x0000000080017F80] -> 0x0513
mem[X,0x0000000080017F82] -> 0xAAA5
[2945] [M]: 0x0000000080017F80 (0xAAA50513) addi a0, a0, -0x556
x10 <- 0xFFFFFFFFAAAAAAAA
mem[X,0x0000000080017F84] -> 0x1513
mem[X,0x0000000080017F86] -> 0x00B5
[2946] [M]: 0x0000000080017F84 (0x00B51513) slli a0, a0, 0xb
x10 <- 0xFFFFFD5555555000
mem[X,0x0000000080017F88] -> 0x0513
mem[X,0x0000000080017F8A] -> 0x5555
[2947] [M]: 0x0000000080017F88 (0x55550513) addi a0, a0, 0x555
x10 <- 0xFFFFFD5555555555
mem[X,0x0000000080017F8C] -> 0x1513
mem[X,0x0000000080017F8E] -> 0x00B5
[2948] [M]: 0x0000000080017F8C (0x00B51513) slli a0, a0, 0xb
x10 <- 0xFFEAAAAAAAAAA800
mem[X,0x0000000080017F90] -> 0x0513
mem[X,0x0000000080017F92] -> 0x2AA5
[2949] [M]: 0x0000000080017F90 (0x2AA50513) addi a0, a0, 0x2aa
x10 <- 0xFFEAAAAAAAAAAAAA
mem[X,0x0000000080017F94] -> 0x1513
mem[X,0x0000000080017F96] -> 0x00A5
[2950] [M]: 0x0000000080017F94 (0x00A51513) slli a0, a0, 0xa
x10 <- 0xAAAAAAAAAAAAA800
mem[X,0x0000000080017F98] -> 0x0513
mem[X,0x0000000080017F9A] -> 0x2AA5
[2951] [M]: 0x0000000080017F98 (0x2AA50513) addi a0, a0, 0x2aa
x10 <- 0xAAAAAAAAAAAAAAAA
mem[X,0x0000000080017F9C] -> 0x55B7
mem[X,0x0000000080017F9E] -> 0x5555
[2952] [M]: 0x0000000080017F9C (0x555555B7) lui a1, 0x55555
x11 <- 0x0000000055555000
mem[X,0x0000000080017FA0] -> 0x8593
mem[X,0x0000000080017FA2] -> 0x5555
[2953] [M]: 0x0000000080017FA0 (0x55558593) addi a1, a1, 0x555
x11 <- 0x0000000055555555
mem[X,0x0000000080017FA4] -> 0x9593
mem[X,0x0000000080017FA6] -> 0x00B5
[2954] [M]: 0x0000000080017FA4 (0x00B59593) slli a1, a1, 0xb
x11 <- 0x000002AAAAAAA800
mem[X,0x0000000080017FA8] -> 0x8593
mem[X,0x0000000080017FAA] -> 0x2AA5
[2955] [M]: 0x0000000080017FA8 (0x2AA58593) addi a1, a1, 0x2aa
x11 <- 0x000002AAAAAAAAAA
mem[X,0x0000000080017FAC] -> 0x9593
mem[X,0x0000000080017FAE] -> 0x00B5
[2956] [M]: 0x0000000080017FAC (0x00B59593) slli a1, a1, 0xb
x11 <- 0x0015555555555000
mem[X,0x0000000080017FB0] -> 0x8593
mem[X,0x0000000080017FB2] -> 0x5555
[2957] [M]: 0x0000000080017FB0 (0x55558593) addi a1, a1, 0x555
x11 <- 0x0015555555555555
mem[X,0x0000000080017FB4] -> 0x9593
mem[X,0x0000000080017FB6] -> 0x00A5
[2958] [M]: 0x0000000080017FB4 (0x00A59593) slli a1, a1, 0xa
x11 <- 0x5555555555555400
mem[X,0x0000000080017FB8] -> 0x8593
mem[X,0x0000000080017FBA] -> 0x1555
[2959] [M]: 0x0000000080017FB8 (0x15558593) addi a1, a1, 0x155
x11 <- 0x5555555555555555
mem[X,0x0000000080017FBC] -> 0x0113
mem[X,0x0000000080017FBE] -> 0x0000
[2960] [M]: 0x0000000080017FBC (0x00000113) addi sp, zero, 0x0
x2 <- 0x0000000000000000
mem[X,0x0000000080017FC0] -> 0x006F
mem[X,0x0000000080017FC2] -> 0x00C0
[2961] [M]: 0x0000000080017FC0 (0x00C0006F) jal zero, 0xc
mem[X,0x0000000080017FCC] -> 0x5663
mem[X,0x0000000080017FCE] -> 0x00B5
[2962] [M]: 0x0000000080017FCC (0x00B55663) bge a0, a1, 0xc
mem[X,0x0000000080017FD0] -> 0x0113
mem[X,0x0000000080017FD2] -> 0x0021
[2963] [M]: 0x0000000080017FD0 (0x00210113) addi sp, sp, 0x2
x2 <- 0x0000000000000002
mem[X,0x0000000080017FD4] -> 0x006F
mem[X,0x0000000080017FD6] -> 0x00C0
[2964] [M]: 0x0000000080017FD4 (0x00C0006F) jal zero, 0xc
mem[X,0x0000000080017FE0] -> 0xB423
mem[X,0x0000000080017FE2] -> 0x6820
[2965] [M]: 0x0000000080017FE0 (0x6820B423) sd sp, 0x688(ra)
mem[0x0000000080048858] <- 0x0000000000000002
mem[X,0x0000000080017FE4] -> 0xB537
mem[X,0x0000000080017FE6] -> 0xAAAA
[2966] [M]: 0x0000000080017FE4 (0xAAAAB537) lui a0, -0x55555
x10 <- 0xFFFFFFFFAAAAB000
mem[X,0x0000000080017FE8] -> 0x0513
mem[X,0x0000000080017FEA] -> 0xAAA5
[2967] [M]: 0x0000000080017FE8 (0xAAA50513) addi a0, a0, -0x556
x10 <- 0xFFFFFFFFAAAAAAAA
mem[X,0x0000000080017FEC] -> 0x1513
mem[X,0x0000000080017FEE] -> 0x00B5
[2968] [M]: 0x0000000080017FEC (0x00B51513) slli a0, a0, 0xb
x10 <- 0xFFFFFD5555555000
mem[X,0x0000000080017FF0] -> 0x0513
mem[X,0x0000000080017FF2] -> 0x5555
[2969] [M]: 0x0000000080017FF0 (0x55550513) addi a0, a0, 0x555
x10 <- 0xFFFFFD5555555555
mem[X,0x0000000080017FF4] -> 0x1513
mem[X,0x0000000080017FF6] -> 0x00B5
[2970] [M]: 0x0000000080017FF4 (0x00B51513) slli a0, a0, 0xb
x10 <- 0xFFEAAAAAAAAAA800
mem[X,0x0000000080017FF8] -> 0x0513
mem[X,0x0000000080017FFA] -> 0x2AA5
[2971] [M]: 0x0000000080017FF8 (0x2AA50513) addi a0, a0, 0x2aa
x10 <- 0xFFEAAAAAAAAAAAAA
mem[X,0x0000000080017FFC] -> 0x1513
mem[X,0x0000000080017FFE] -> 0x00A5
[2972] [M]: 0x0000000080017FFC (0x00A51513) slli a0, a0, 0xa
x10 <- 0xAAAAAAAAAAAAA800
mem[X,0x0000000080018000] -> 0x0513
mem[X,0x0000000080018002] -> 0x2AA5
[2973] [M]: 0x0000000080018000 (0x2AA50513) addi a0, a0, 0x2aa
x10 <- 0xAAAAAAAAAAAAAAAA
mem[X,0x0000000080018004] -> 0xB5B7
mem[X,0x0000000080018006] -> 0xAAAA
[2974] [M]: 0x0000000080018004 (0xAAAAB5B7) lui a1, -0x55555
x11 <- 0xFFFFFFFFAAAAB000
mem[X,0x0000000080018008] -> 0x8593
mem[X,0x000000008001800A] -> 0xAAA5
[2975] [M]: 0x0000000080018008 (0xAAA58593) addi a1, a1, -0x556
x11 <- 0xFFFFFFFFAAAAAAAA
mem[X,0x000000008001800C] -> 0x9593
mem[X,0x000000008001800E] -> 0x00B5
[2976] [M]: 0x000000008001800C (0x00B59593) slli a1, a1, 0xb
x11 <- 0xFFFFFD5555555000
mem[X,0x0000000080018010] -> 0x8593
mem[X,0x0000000080018012] -> 0x5555
[2977] [M]: 0x0000000080018010 (0x55558593) addi a1, a1, 0x555
x11 <- 0xFFFFFD5555555555
mem[X,0x0000000080018014] -> 0x9593
mem[X,0x0000000080018016] -> 0x00B5
[2978] [M]: 0x0000000080018014 (0x00B59593) slli a1, a1, 0xb
x11 <- 0xFFEAAAAAAAAAA800
mem[X,0x0000000080018018] -> 0x8593
mem[X,0x000000008001801A] -> 0x2AA5
[2979] [M]: 0x0000000080018018 (0x2AA58593) addi a1, a1, 0x2aa
x11 <- 0xFFEAAAAAAAAAAAAA
mem[X,0x000000008001801C] -> 0x9593
mem[X,0x000000008001801E] -> 0x00A5
[2980] [M]: 0x000000008001801C (0x00A59593) slli a1, a1, 0xa
x11 <- 0xAAAAAAAAAAAAA800
mem[X,0x0000000080018020] -> 0x8593
mem[X,0x0000000080018022] -> 0x2AA5
[2981] [M]: 0x0000000080018020 (0x2AA58593) addi a1, a1, 0x2aa
x11 <- 0xAAAAAAAAAAAAAAAA
mem[X,0x0000000080018024] -> 0x0113
mem[X,0x0000000080018026] -> 0x0000
[2982] [M]: 0x0000000080018024 (0x00000113) addi sp, zero, 0x0
x2 <- 0x0000000000000000
mem[X,0x0000000080018028] -> 0x006F
mem[X,0x000000008001802A] -> 0x00C0
[2983] [M]: 0x0000000080018028 (0x00C0006F) jal zero, 0xc
mem[X,0x0000000080018034] -> 0x5663
mem[X,0x0000000080018036] -> 0x00B5
[2984] [M]: 0x0000000080018034 (0x00B55663) bge a0, a1, 0xc
mem[X,0x0000000080018040] -> 0x0113
mem[X,0x0000000080018042] -> 0x0031
[2985] [M]: 0x0000000080018040 (0x00310113) addi sp, sp, 0x3
x2 <- 0x0000000000000003
mem[X,0x0000000080018044] -> 0x006F
mem[X,0x0000000080018046] -> 0x0040
[2986] [M]: 0x0000000080018044 (0x0040006F) jal zero, 0x4
mem[X,0x0000000080018048] -> 0xB823
mem[X,0x000000008001804A] -> 0x6820
[2987] [M]: 0x0000000080018048 (0x6820B823) sd sp, 0x690(ra)
mem[0x0000000080048860] <- 0x0000000000000003
mem[X,0x000000008001804C] -> 0xB537
mem[X,0x000000008001804E] -> 0xAAAA
[2988] [M]: 0x000000008001804C (0xAAAAB537) lui a0, -0x55555
x10 <- 0xFFFFFFFFAAAAB000
mem[X,0x0000000080018050] -> 0x0513
mem[X,0x0000000080018052] -> 0xAAA5
[2989] [M]: 0x0000000080018050 (0xAAA50513) addi a0, a0, -0x556
x10 <- 0xFFFFFFFFAAAAAAAA
mem[X,0x0000000080018054] -> 0x1513
mem[X,0x0000000080018056] -> 0x00B5
[2990] [M]: 0x0000000080018054 (0x00B51513) slli a0, a0, 0xb
x10 <- 0xFFFFFD5555555000
mem[X,0x0000000080018058] -> 0x0513
mem[X,0x000000008001805A] -> 0x5555
[2991] [M]: 0x0000000080018058 (0x55550513) addi a0, a0, 0x555
x10 <- 0xFFFFFD5555555555
mem[X,0x000000008001805C] -> 0x1513
mem[X,0x000000008001805E] -> 0x00B5
[2992] [M]: 0x000000008001805C (0x00B51513) slli a0, a0, 0xb
x10 <- 0xFFEAAAAAAAAAA800
mem[X,0x0000000080018060] -> 0x0513
mem[X,0x0000000080018062] -> 0x2AA5
[2993] [M]: 0x0000000080018060 (0x2AA50513) addi a0, a0, 0x2aa
x10 <- 0xFFEAAAAAAAAAAAAA
mem[X,0x0000000080018064] -> 0x1513
mem[X,0x0000000080018066] -> 0x00A5
[2994] [M]: 0x0000000080018064 (0x00A51513) slli a0, a0, 0xa
x10 <- 0xAAAAAAAAAAAAA800
mem[X,0x0000000080018068] -> 0x0513
mem[X,0x000000008001806A] -> 0x2AA5
[2995] [M]: 0x0000000080018068 (0x2AA50513) addi a0, a0, 0x2aa
x10 <- 0xAAAAAAAAAAAAAAAA
mem[X,0x000000008001806C] -> 0x0593
mem[X,0x000000008001806E] -> 0x0050
[2996] [M]: 0x000000008001806C (0x00500593) addi a1, zero, 0x5
x11 <- 0x0000000000000005
mem[X,0x0000000080018070] -> 0x0113
mem[X,0x0000000080018072] -> 0x0000
[2997] [M]: 0x0000000080018070 (0x00000113) addi sp, zero, 0x0
x2 <- 0x0000000000000000
mem[X,0x0000000080018074] -> 0x006F
mem[X,0x0000000080018076] -> 0x00C0
[2998] [M]: 0x0000000080018074 (0x00C0006F) jal zero, 0xc
mem[X,0x0000000080018080] -> 0x5CE3
mem[X,0x0000000080018082] -> 0xFEB5
[2999] [M]: 0x0000000080018080 (0xFEB55CE3) bge a0, a1, -0x8
clint::tick mtime <- 0x000000000000001E
 clint timer pending at mtime 0x000000000000001E
htif::tick 0x0000000000000000
mem[X,0x0000000080018084] -> 0x0113
mem[X,0x0000000080018086] -> 0x0021
[3000] [M]: 0x0000000080018084 (0x00210113) addi sp, sp, 0x2
x2 <- 0x0000000000000002
mem[X,0x0000000080018088] -> 0x006F
mem[X,0x000000008001808A] -> 0x00C0
[3001] [M]: 0x0000000080018088 (0x00C0006F) jal zero, 0xc
mem[X,0x0000000080018094] -> 0xBC23
mem[X,0x0000000080018096] -> 0x6820
[3002] [M]: 0x0000000080018094 (0x6820BC23) sd sp, 0x698(ra)
mem[0x0000000080048868] <- 0x0000000000000002
mem[X,0x0000000080018098] -> 0xB537
mem[X,0x000000008001809A] -> 0xAAAA
[3003] [M]: 0x0000000080018098 (0xAAAAB537) lui a0, -0x55555
x10 <- 0xFFFFFFFFAAAAB000
mem[X,0x000000008001809C] -> 0x0513
mem[X,0x000000008001809E] -> 0xAAA5
[3004] [M]: 0x000000008001809C (0xAAA50513) addi a0, a0, -0x556
x10 <- 0xFFFFFFFFAAAAAAAA
mem[X,0x00000000800180A0] -> 0x1513
mem[X,0x00000000800180A2] -> 0x00B5
[3005] [M]: 0x00000000800180A0 (0x00B51513) slli a0, a0, 0xb
x10 <- 0xFFFFFD5555555000
mem[X,0x00000000800180A4] -> 0x0513
mem[X,0x00000000800180A6] -> 0x5555
[3006] [M]: 0x00000000800180A4 (0x55550513) addi a0, a0, 0x555
x10 <- 0xFFFFFD5555555555
mem[X,0x00000000800180A8] -> 0x1513
mem[X,0x00000000800180AA] -> 0x00B5
[3007] [M]: 0x00000000800180A8 (0x00B51513) slli a0, a0, 0xb
x10 <- 0xFFEAAAAAAAAAA800
mem[X,0x00000000800180AC] -> 0x0513
mem[X,0x00000000800180AE] -> 0x2AA5
[3008] [M]: 0x00000000800180AC (0x2AA50513) addi a0, a0, 0x2aa
x10 <- 0xFFEAAAAAAAAAAAAA
mem[X,0x00000000800180B0] -> 0x1513
mem[X,0x00000000800180B2] -> 0x00A5
[3009] [M]: 0x00000000800180B0 (0x00A51513) slli a0, a0, 0xa
x10 <- 0xAAAAAAAAAAAAA800
mem[X,0x00000000800180B4] -> 0x0513
mem[X,0x00000000800180B6] -> 0x2AA5
[3010] [M]: 0x00000000800180B4 (0x2AA50513) addi a0, a0, 0x2aa
x10 <- 0xAAAAAAAAAAAAAAAA
mem[X,0x00000000800180B8] -> 0x35B7
mem[X,0x00000000800180BA] -> 0x3333
[3011] [M]: 0x00000000800180B8 (0x333335B7) lui a1, 0x33333
x11 <- 0x0000000033333000
mem[X,0x00000000800180BC] -> 0x8593
mem[X,0x00000000800180BE] -> 0x3335
[3012] [M]: 0x00000000800180BC (0x33358593) addi a1, a1, 0x333
x11 <- 0x0000000033333333
mem[X,0x00000000800180C0] -> 0x9593
mem[X,0x00000000800180C2] -> 0x00B5
[3013] [M]: 0x00000000800180C0 (0x00B59593) slli a1, a1, 0xb
x11 <- 0x0000019999999800
mem[X,0x00000000800180C4] -> 0x8593
mem[X,0x00000000800180C6] -> 0x1995
[3014] [M]: 0x00000000800180C4 (0x19958593) addi a1, a1, 0x199
x11 <- 0x0000019999999999
mem[X,0x00000000800180C8] -> 0x9593
mem[X,0x00000000800180CA] -> 0x00B5
[3015] [M]: 0x00000000800180C8 (0x00B59593) slli a1, a1, 0xb
x11 <- 0x000CCCCCCCCCC800
mem[X,0x00000000800180CC] -> 0x8593
mem[X,0x00000000800180CE] -> 0x4CC5
[3016] [M]: 0x00000000800180CC (0x4CC58593) addi a1, a1, 0x4cc
x11 <- 0x000CCCCCCCCCCCCC
mem[X,0x00000000800180D0] -> 0x9593
mem[X,0x00000000800180D2] -> 0x00A5
[3017] [M]: 0x00000000800180D0 (0x00A59593) slli a1, a1, 0xa
x11 <- 0x3333333333333000
mem[X,0x00000000800180D4] -> 0x8593
mem[X,0x00000000800180D6] -> 0x3335
[3018] [M]: 0x00000000800180D4 (0x33358593) addi a1, a1, 0x333
x11 <- 0x3333333333333333
mem[X,0x00000000800180D8] -> 0x0113
mem[X,0x00000000800180DA] -> 0x0000
[3019] [M]: 0x00000000800180D8 (0x00000113) addi sp, zero, 0x0
x2 <- 0x0000000000000000
mem[X,0x00000000800180DC] -> 0x006F
mem[X,0x00000000800180DE] -> 0x2B10
[3020] [M]: 0x00000000800180DC (0x2B10006F) jal zero, 0xab0
mem[X,0x0000000080018B8C] -> 0x5A63
mem[X,0x0000000080018B8E] -> 0xD4B5
[3021] [M]: 0x0000000080018B8C (0xD4B55A63) bge a0, a1, -0xaac
mem[X,0x0000000080018B90] -> 0x0113
mem[X,0x0000000080018B92] -> 0x0021
[3022] [M]: 0x0000000080018B90 (0x00210113) addi sp, sp, 0x2
x2 <- 0x0000000000000002
mem[X,0x0000000080018B94] -> 0x006F
mem[X,0x0000000080018B96] -> 0x00C0
[3023] [M]: 0x0000000080018B94 (0x00C0006F) jal zero, 0xc
mem[X,0x0000000080018BA0] -> 0xB023
mem[X,0x0000000080018BA2] -> 0x6A20
[3024] [M]: 0x0000000080018BA0 (0x6A20B023) sd sp, 0x6a0(ra)
mem[0x0000000080048870] <- 0x0000000000000002
mem[X,0x0000000080018BA4] -> 0xB537
mem[X,0x0000000080018BA6] -> 0xAAAA
[3025] [M]: 0x0000000080018BA4 (0xAAAAB537) lui a0, -0x55555
x10 <- 0xFFFFFFFFAAAAB000
mem[X,0x0000000080018BA8] -> 0x0513
mem[X,0x0000000080018BAA] -> 0xAAA5
[3026] [M]: 0x0000000080018BA8 (0xAAA50513) addi a0, a0, -0x556
x10 <- 0xFFFFFFFFAAAAAAAA
mem[X,0x0000000080018BAC] -> 0x1513
mem[X,0x0000000080018BAE] -> 0x00B5
[3027] [M]: 0x0000000080018BAC (0x00B51513) slli a0, a0, 0xb
x10 <- 0xFFFFFD5555555000
mem[X,0x0000000080018BB0] -> 0x0513
mem[X,0x0000000080018BB2] -> 0x5555
[3028] [M]: 0x0000000080018BB0 (0x55550513) addi a0, a0, 0x555
x10 <- 0xFFFFFD5555555555
mem[X,0x0000000080018BB4] -> 0x1513
mem[X,0x0000000080018BB6] -> 0x00B5
[3029] [M]: 0x0000000080018BB4 (0x00B51513) slli a0, a0, 0xb
x10 <- 0xFFEAAAAAAAAAA800
mem[X,0x0000000080018BB8] -> 0x0513
mem[X,0x0000000080018BBA] -> 0x2AA5
[3030] [M]: 0x0000000080018BB8 (0x2AA50513) addi a0, a0, 0x2aa
x10 <- 0xFFEAAAAAAAAAAAAA
mem[X,0x0000000080018BBC] -> 0x1513
mem[X,0x0000000080018BBE] -> 0x00A5
[3031] [M]: 0x0000000080018BBC (0x00A51513) slli a0, a0, 0xa
x10 <- 0xAAAAAAAAAAAAA800
mem[X,0x0000000080018BC0] -> 0x0513
mem[X,0x0000000080018BC2] -> 0x2AA5
[3032] [M]: 0x0000000080018BC0 (0x2AA50513) addi a0, a0, 0x2aa
x10 <- 0xAAAAAAAAAAAAAAAA
mem[X,0x0000000080018BC4] -> 0x65B7
mem[X,0x0000000080018BC6] -> 0x6666
[3033] [M]: 0x0000000080018BC4 (0x666665B7) lui a1, 0x66666
x11 <- 0x0000000066666000
mem[X,0x0000000080018BC8] -> 0x8593
mem[X,0x0000000080018BCA] -> 0x6665
[3034] [M]: 0x0000000080018BC8 (0x66658593) addi a1, a1, 0x666
x11 <- 0x0000000066666666
mem[X,0x0000000080018BCC] -> 0x9593
mem[X,0x0000000080018BCE] -> 0x00B5
[3035] [M]: 0x0000000080018BCC (0x00B59593) slli a1, a1, 0xb
x11 <- 0x0000033333333000
mem[X,0x0000000080018BD0] -> 0x8593
mem[X,0x0000000080018BD2] -> 0x3335
[3036] [M]: 0x0000000080018BD0 (0x33358593) addi a1, a1, 0x333
x11 <- 0x0000033333333333
mem[X,0x0000000080018BD4] -> 0x9593
mem[X,0x0000000080018BD6] -> 0x00B5
[3037] [M]: 0x0000000080018BD4 (0x00B59593) slli a1, a1, 0xb
x11 <- 0x0019999999999800
mem[X,0x0000000080018BD8] -> 0x8593
mem[X,0x0000000080018BDA] -> 0x1995
[3038] [M]: 0x0000000080018BD8 (0x19958593) addi a1, a1, 0x199
x11 <- 0x0019999999999999
mem[X,0x0000000080018BDC] -> 0x9593
mem[X,0x0000000080018BDE] -> 0x00A5
[3039] [M]: 0x0000000080018BDC (0x00A59593) slli a1, a1, 0xa
x11 <- 0x6666666666666400
mem[X,0x0000000080018BE0] -> 0x8593
mem[X,0x0000000080018BE2] -> 0x2665
[3040] [M]: 0x0000000080018BE0 (0x26658593) addi a1, a1, 0x266
x11 <- 0x6666666666666666
mem[X,0x0000000080018BE4] -> 0x0113
mem[X,0x0000000080018BE6] -> 0x0000
[3041] [M]: 0x0000000080018BE4 (0x00000113) addi sp, zero, 0x0
x2 <- 0x0000000000000000
mem[X,0x0000000080018BE8] -> 0x006F
mem[X,0x0000000080018BEA] -> 0x00C0
[3042] [M]: 0x0000000080018BE8 (0x00C0006F) jal zero, 0xc
mem[X,0x0000000080018BF4] -> 0x5CE3
mem[X,0x0000000080018BF6] -> 0xFEB5
[3043] [M]: 0x0000000080018BF4 (0xFEB55CE3) bge a0, a1, -0x8
mem[X,0x0000000080018BF8] -> 0x0113
mem[X,0x0000000080018BFA] -> 0x0021
[3044] [M]: 0x0000000080018BF8 (0x00210113) addi sp, sp, 0x2
x2 <- 0x0000000000000002
mem[X,0x0000000080018BFC] -> 0x006F
mem[X,0x0000000080018BFE] -> 0x00C0
[3045] [M]: 0x0000000080018BFC (0x00C0006F) jal zero, 0xc
mem[X,0x0000000080018C08] -> 0xB423
mem[X,0x0000000080018C0A] -> 0x6A20
[3046] [M]: 0x0000000080018C08 (0x6A20B423) sd sp, 0x6a8(ra)
mem[0x0000000080048878] <- 0x0000000000000002
mem[X,0x0000000080018C0C] -> 0xB537
mem[X,0x0000000080018C0E] -> 0xAAAA
[3047] [M]: 0x0000000080018C0C (0xAAAAB537) lui a0, -0x55555
x10 <- 0xFFFFFFFFAAAAB000
mem[X,0x0000000080018C10] -> 0x0513
mem[X,0x0000000080018C12] -> 0xAAA5
[3048] [M]: 0x0000000080018C10 (0xAAA50513) addi a0, a0, -0x556
x10 <- 0xFFFFFFFFAAAAAAAA
mem[X,0x0000000080018C14] -> 0x1513
mem[X,0x0000000080018C16] -> 0x00B5
[3049] [M]: 0x0000000080018C14 (0x00B51513) slli a0, a0, 0xb
x10 <- 0xFFFFFD5555555000
mem[X,0x0000000080018C18] -> 0x0513
mem[X,0x0000000080018C1A] -> 0x5555
[3050] [M]: 0x0000000080018C18 (0x55550513) addi a0, a0, 0x555
x10 <- 0xFFFFFD5555555555
mem[X,0x0000000080018C1C] -> 0x1513
mem[X,0x0000000080018C1E] -> 0x00B5
[3051] [M]: 0x0000000080018C1C (0x00B51513) slli a0, a0, 0xb
x10 <- 0xFFEAAAAAAAAAA800
mem[X,0x0000000080018C20] -> 0x0513
mem[X,0x0000000080018C22] -> 0x2AA5
[3052] [M]: 0x0000000080018C20 (0x2AA50513) addi a0, a0, 0x2aa
x10 <- 0xFFEAAAAAAAAAAAAA
mem[X,0x0000000080018C24] -> 0x1513
mem[X,0x0000000080018C26] -> 0x00A5
[3053] [M]: 0x0000000080018C24 (0x00A51513) slli a0, a0, 0xa
x10 <- 0xAAAAAAAAAAAAA800
mem[X,0x0000000080018C28] -> 0x0513
mem[X,0x0000000080018C2A] -> 0x2AA5
[3054] [M]: 0x0000000080018C28 (0x2AA50513) addi a0, a0, 0x2aa
x10 <- 0xAAAAAAAAAAAAAAAA
mem[X,0x0000000080018C2C] -> 0x05B7
mem[X,0x0000000080018C2E] -> 0x0000
[3055] [M]: 0x0000000080018C2C (0x000005B7) lui a1, 0x0
x11 <- 0x0000000000000000
mem[X,0x0000000080018C30] -> 0x8593
mem[X,0x0000000080018C32] -> 0xFFF5
[3056] [M]: 0x0000000080018C30 (0xFFF58593) addi a1, a1, -0x1
x11 <- 0xFFFFFFFFFFFFFFFF
mem[X,0x0000000080018C34] -> 0x9593
mem[X,0x0000000080018C36] -> 0x00B5
[3057] [M]: 0x0000000080018C34 (0x00B59593) slli a1, a1, 0xb
x11 <- 0xFFFFFFFFFFFFF800
mem[X,0x0000000080018C38] -> 0x8593
mem[X,0x0000000080018C3A] -> 0x2575
[3058] [M]: 0x0000000080018C38 (0x25758593) addi a1, a1, 0x257
x11 <- 0xFFFFFFFFFFFFFA57
mem[X,0x0000000080018C3C] -> 0x9593
mem[X,0x0000000080018C3E] -> 0x00B5
[3059] [M]: 0x0000000080018C3C (0x00B59593) slli a1, a1, 0xb
x11 <- 0xFFFFFFFFFFD2B800
mem[X,0x0000000080018C40] -> 0x8593
mem[X,0x0000000080018C42] -> 0x6C35
[3060] [M]: 0x0000000080018C40 (0x6C358593) addi a1, a1, 0x6c3
x11 <- 0xFFFFFFFFFFD2BEC3
mem[X,0x0000000080018C44] -> 0x9593
mem[X,0x0000000080018C46] -> 0x00A5
[3061] [M]: 0x0000000080018C44 (0x00A59593) slli a1, a1, 0xa
x11 <- 0xFFFFFFFF4AFB0C00
mem[X,0x0000000080018C48] -> 0x8593
mem[X,0x0000000080018C4A] -> 0x0CD5
[3062] [M]: 0x0000000080018C48 (0x0CD58593) addi a1, a1, 0xcd
x11 <- 0xFFFFFFFF4AFB0CCD
mem[X,0x0000000080018C4C] -> 0x0113
mem[X,0x0000000080018C4E] -> 0x0000
[3063] [M]: 0x0000000080018C4C (0x00000113) addi sp, zero, 0x0
x2 <- 0x0000000000000000
mem[X,0x0000000080018C50] -> 0x006F
mem[X,0x0000000080018C52] -> 0x2B10
[3064] [M]: 0x0000000080018C50 (0x2B10006F) jal zero, 0xab0
mem[X,0x0000000080019700] -> 0x5A63
mem[X,0x0000000080019702] -> 0xD4B5
[3065] [M]: 0x0000000080019700 (0xD4B55A63) bge a0, a1, -0xaac
mem[X,0x0000000080019704] -> 0x0113
mem[X,0x0000000080019706] -> 0x0021
[3066] [M]: 0x0000000080019704 (0x00210113) addi sp, sp, 0x2
x2 <- 0x0000000000000002
mem[X,0x0000000080019708] -> 0x006F
mem[X,0x000000008001970A] -> 0x00C0
[3067] [M]: 0x0000000080019708 (0x00C0006F) jal zero, 0xc
mem[X,0x0000000080019714] -> 0xB823
mem[X,0x0000000080019716] -> 0x6A20
[3068] [M]: 0x0000000080019714 (0x6A20B823) sd sp, 0x6b0(ra)
mem[0x0000000080048880] <- 0x0000000000000002
mem[X,0x0000000080019718] -> 0xB537
mem[X,0x000000008001971A] -> 0xAAAA
[3069] [M]: 0x0000000080019718 (0xAAAAB537) lui a0, -0x55555
x10 <- 0xFFFFFFFFAAAAB000
mem[X,0x000000008001971C] -> 0x0513
mem[X,0x000000008001971E] -> 0xAAA5
[3070] [M]: 0x000000008001971C (0xAAA50513) addi a0, a0, -0x556
x10 <- 0xFFFFFFFFAAAAAAAA
mem[X,0x0000000080019720] -> 0x1513
mem[X,0x0000000080019722] -> 0x00B5
[3071] [M]: 0x0000000080019720 (0x00B51513) slli a0, a0, 0xb
x10 <- 0xFFFFFD5555555000
mem[X,0x0000000080019724] -> 0x0513
mem[X,0x0000000080019726] -> 0x5555
[3072] [M]: 0x0000000080019724 (0x55550513) addi a0, a0, 0x555
x10 <- 0xFFFFFD5555555555
mem[X,0x0000000080019728] -> 0x1513
mem[X,0x000000008001972A] -> 0x00B5
[3073] [M]: 0x0000000080019728 (0x00B51513) slli a0, a0, 0xb
x10 <- 0xFFEAAAAAAAAAA800
mem[X,0x000000008001972C] -> 0x0513
mem[X,0x000000008001972E] -> 0x2AA5
[3074] [M]: 0x000000008001972C (0x2AA50513) addi a0, a0, 0x2aa
x10 <- 0xFFEAAAAAAAAAAAAA
mem[X,0x0000000080019730] -> 0x1513
mem[X,0x0000000080019732] -> 0x00A5
[3075] [M]: 0x0000000080019730 (0x00A51513) slli a0, a0, 0xa
x10 <- 0xAAAAAAAAAAAAA800
mem[X,0x0000000080019734] -> 0x0513
mem[X,0x0000000080019736] -> 0x2AA5
[3076] [M]: 0x0000000080019734 (0x2AA50513) addi a0, a0, 0x2aa
x10 <- 0xAAAAAAAAAAAAAAAA
mem[X,0x0000000080019738] -> 0x05B7
mem[X,0x000000008001973A] -> 0x0000
[3077] [M]: 0x0000000080019738 (0x000005B7) lui a1, 0x0
x11 <- 0x0000000000000000
mem[X,0x000000008001973C] -> 0x8593
mem[X,0x000000008001973E] -> 0x0005
[3078] [M]: 0x000000008001973C (0x00058593) addi a1, a1, 0x0
x11 <- 0x0000000000000000
mem[X,0x0000000080019740] -> 0x9593
mem[X,0x0000000080019742] -> 0x00B5
[3079] [M]: 0x0000000080019740 (0x00B59593) slli a1, a1, 0xb
x11 <- 0x0000000000000000
mem[X,0x0000000080019744] -> 0x8593
mem[X,0x0000000080019746] -> 0x5A85
[3080] [M]: 0x0000000080019744 (0x5A858593) addi a1, a1, 0x5a8
x11 <- 0x00000000000005A8
mem[X,0x0000000080019748] -> 0x9593
mem[X,0x000000008001974A] -> 0x00B5
[3081] [M]: 0x0000000080019748 (0x00B59593) slli a1, a1, 0xb
x11 <- 0x00000000002D4000
mem[X,0x000000008001974C] -> 0x8593
mem[X,0x000000008001974E] -> 0x13C5
[3082] [M]: 0x000000008001974C (0x13C58593) addi a1, a1, 0x13c
x11 <- 0x00000000002D413C
mem[X,0x0000000080019750] -> 0x9593
mem[X,0x0000000080019752] -> 0x00A5
[3083] [M]: 0x0000000080019750 (0x00A59593) slli a1, a1, 0xa
x11 <- 0x00000000B504F000
mem[X,0x0000000080019754] -> 0x8593
mem[X,0x0000000080019756] -> 0x3335
[3084] [M]: 0x0000000080019754 (0x33358593) addi a1, a1, 0x333
x11 <- 0x00000000B504F333
mem[X,0x0000000080019758] -> 0x0113
mem[X,0x000000008001975A] -> 0x0000
[3085] [M]: 0x0000000080019758 (0x00000113) addi sp, zero, 0x0
x2 <- 0x0000000000000000
mem[X,0x000000008001975C] -> 0x006F
mem[X,0x000000008001975E] -> 0x00C0
[3086] [M]: 0x000000008001975C (0x00C0006F) jal zero, 0xc
mem[X,0x0000000080019768] -> 0x5663
mem[X,0x000000008001976A] -> 0x00B5
[3087] [M]: 0x0000000080019768 (0x00B55663) bge a0, a1, 0xc
mem[X,0x000000008001976C] -> 0x0113
mem[X,0x000000008001976E] -> 0x0021
[3088] [M]: 0x000000008001976C (0x00210113) addi sp, sp, 0x2
x2 <- 0x0000000000000002
mem[X,0x0000000080019770] -> 0x006F
mem[X,0x0000000080019772] -> 0x00C0
[3089] [M]: 0x0000000080019770 (0x00C0006F) jal zero, 0xc
mem[X,0x000000008001977C] -> 0xBC23
mem[X,0x000000008001977E] -> 0x6A20
[3090] [M]: 0x000000008001977C (0x6A20BC23) sd sp, 0x6b8(ra)
mem[0x0000000080048888] <- 0x0000000000000002
mem[X,0x0000000080019780] -> 0xB537
mem[X,0x0000000080019782] -> 0xAAAA
[3091] [M]: 0x0000000080019780 (0xAAAAB537) lui a0, -0x55555
x10 <- 0xFFFFFFFFAAAAB000
mem[X,0x0000000080019784] -> 0x0513
mem[X,0x0000000080019786] -> 0xAAA5
[3092] [M]: 0x0000000080019784 (0xAAA50513) addi a0, a0, -0x556
x10 <- 0xFFFFFFFFAAAAAAAA
mem[X,0x0000000080019788] -> 0x1513
mem[X,0x000000008001978A] -> 0x00B5
[3093] [M]: 0x0000000080019788 (0x00B51513) slli a0, a0, 0xb
x10 <- 0xFFFFFD5555555000
mem[X,0x000000008001978C] -> 0x0513
mem[X,0x000000008001978E] -> 0x5555
[3094] [M]: 0x000000008001978C (0x55550513) addi a0, a0, 0x555
x10 <- 0xFFFFFD5555555555
mem[X,0x0000000080019790] -> 0x1513
mem[X,0x0000000080019792] -> 0x00B5
[3095] [M]: 0x0000000080019790 (0x00B51513) slli a0, a0, 0xb
x10 <- 0xFFEAAAAAAAAAA800
mem[X,0x0000000080019794] -> 0x0513
mem[X,0x0000000080019796] -> 0x2AA5
[3096] [M]: 0x0000000080019794 (0x2AA50513) addi a0, a0, 0x2aa
x10 <- 0xFFEAAAAAAAAAAAAA
mem[X,0x0000000080019798] -> 0x1513
mem[X,0x000000008001979A] -> 0x00A5
[3097] [M]: 0x0000000080019798 (0x00A51513) slli a0, a0, 0xa
x10 <- 0xAAAAAAAAAAAAA800
mem[X,0x000000008001979C] -> 0x0513
mem[X,0x000000008001979E] -> 0x2AA5
[3098] [M]: 0x000000008001979C (0x2AA50513) addi a0, a0, 0x2aa
x10 <- 0xAAAAAAAAAAAAAAAA
mem[X,0x00000000800197A0] -> 0x0593
mem[X,0x00000000800197A2] -> 0x0020
[3099] [M]: 0x00000000800197A0 (0x00200593) addi a1, zero, 0x2
x11 <- 0x0000000000000002
clint::tick mtime <- 0x000000000000001F
 clint timer pending at mtime 0x000000000000001F
htif::tick 0x0000000000000000
mem[X,0x00000000800197A4] -> 0x0113
mem[X,0x00000000800197A6] -> 0x0000
[3100] [M]: 0x00000000800197A4 (0x00000113) addi sp, zero, 0x0
x2 <- 0x0000000000000000
mem[X,0x00000000800197A8] -> 0x006F
mem[X,0x00000000800197AA] -> 0x00C0
[3101] [M]: 0x00000000800197A8 (0x00C0006F) jal zero, 0xc
mem[X,0x00000000800197B4] -> 0x5063
mem[X,0x00000000800197B6] -> 0x40B5
[3102] [M]: 0x00000000800197B4 (0x40B55063) bge a0, a1, 0x400
mem[X,0x00000000800197B8] -> 0x0113
mem[X,0x00000000800197BA] -> 0x0021
[3103] [M]: 0x00000000800197B8 (0x00210113) addi sp, sp, 0x2
x2 <- 0x0000000000000002
mem[X,0x00000000800197BC] -> 0x006F
mem[X,0x00000000800197BE] -> 0x4000
[3104] [M]: 0x00000000800197BC (0x4000006F) jal zero, 0x400
mem[X,0x0000000080019BBC] -> 0xB023
mem[X,0x0000000080019BBE] -> 0x6C20
[3105] [M]: 0x0000000080019BBC (0x6C20B023) sd sp, 0x6c0(ra)
mem[0x0000000080048890] <- 0x0000000000000002
mem[X,0x0000000080019BC0] -> 0xB537
mem[X,0x0000000080019BC2] -> 0xAAAA
[3106] [M]: 0x0000000080019BC0 (0xAAAAB537) lui a0, -0x55555
x10 <- 0xFFFFFFFFAAAAB000
mem[X,0x0000000080019BC4] -> 0x0513
mem[X,0x0000000080019BC6] -> 0xAAA5
[3107] [M]: 0x0000000080019BC4 (0xAAA50513) addi a0, a0, -0x556
x10 <- 0xFFFFFFFFAAAAAAAA
mem[X,0x0000000080019BC8] -> 0x1513
mem[X,0x0000000080019BCA] -> 0x00B5
[3108] [M]: 0x0000000080019BC8 (0x00B51513) slli a0, a0, 0xb
x10 <- 0xFFFFFD5555555000
mem[X,0x0000000080019BCC] -> 0x0513
mem[X,0x0000000080019BCE] -> 0x5555
[3109] [M]: 0x0000000080019BCC (0x55550513) addi a0, a0, 0x555
x10 <- 0xFFFFFD5555555555
mem[X,0x0000000080019BD0] -> 0x1513
mem[X,0x0000000080019BD2] -> 0x00B5
[3110] [M]: 0x0000000080019BD0 (0x00B51513) slli a0, a0, 0xb
x10 <- 0xFFEAAAAAAAAAA800
mem[X,0x0000000080019BD4] -> 0x0513
mem[X,0x0000000080019BD6] -> 0x2AA5
[3111] [M]: 0x0000000080019BD4 (0x2AA50513) addi a0, a0, 0x2aa
x10 <- 0xFFEAAAAAAAAAAAAA
mem[X,0x0000000080019BD8] -> 0x1513
mem[X,0x0000000080019BDA] -> 0x00A5
[3112] [M]: 0x0000000080019BD8 (0x00A51513) slli a0, a0, 0xa
x10 <- 0xAAAAAAAAAAAAA800
mem[X,0x0000000080019BDC] -> 0x0513
mem[X,0x0000000080019BDE] -> 0x2AA5
[3113] [M]: 0x0000000080019BDC (0x2AA50513) addi a0, a0, 0x2aa
x10 <- 0xAAAAAAAAAAAAAAAA
mem[X,0x0000000080019BE0] -> 0x55B7
mem[X,0x0000000080019BE2] -> 0x5555
[3114] [M]: 0x0000000080019BE0 (0x555555B7) lui a1, 0x55555
x11 <- 0x0000000055555000
mem[X,0x0000000080019BE4] -> 0x8593
mem[X,0x0000000080019BE6] -> 0x5555
[3115] [M]: 0x0000000080019BE4 (0x55558593) addi a1, a1, 0x555
x11 <- 0x0000000055555555
mem[X,0x0000000080019BE8] -> 0x9593
mem[X,0x0000000080019BEA] -> 0x00B5
[3116] [M]: 0x0000000080019BE8 (0x00B59593) slli a1, a1, 0xb
x11 <- 0x000002AAAAAAA800
mem[X,0x0000000080019BEC] -> 0x8593
mem[X,0x0000000080019BEE] -> 0x2AA5
[3117] [M]: 0x0000000080019BEC (0x2AA58593) addi a1, a1, 0x2aa
x11 <- 0x000002AAAAAAAAAA
mem[X,0x0000000080019BF0] -> 0x9593
mem[X,0x0000000080019BF2] -> 0x00B5
[3118] [M]: 0x0000000080019BF0 (0x00B59593) slli a1, a1, 0xb
x11 <- 0x0015555555555000
mem[X,0x0000000080019BF4] -> 0x8593
mem[X,0x0000000080019BF6] -> 0x5555
[3119] [M]: 0x0000000080019BF4 (0x55558593) addi a1, a1, 0x555
x11 <- 0x0015555555555555
mem[X,0x0000000080019BF8] -> 0x9593
mem[X,0x0000000080019BFA] -> 0x00A5
[3120] [M]: 0x0000000080019BF8 (0x00A59593) slli a1, a1, 0xa
x11 <- 0x5555555555555400
mem[X,0x0000000080019BFC] -> 0x8593
mem[X,0x0000000080019BFE] -> 0x1545
[3121] [M]: 0x0000000080019BFC (0x15458593) addi a1, a1, 0x154
x11 <- 0x5555555555555554
mem[X,0x0000000080019C00] -> 0x0113
mem[X,0x0000000080019C02] -> 0x0000
[3122] [M]: 0x0000000080019C00 (0x00000113) addi sp, zero, 0x0
x2 <- 0x0000000000000000
mem[X,0x0000000080019C04] -> 0x006F
mem[X,0x0000000080019C06] -> 0x00C0
[3123] [M]: 0x0000000080019C04 (0x00C0006F) jal zero, 0xc
mem[X,0x0000000080019C10] -> 0x5063
mem[X,0x0000000080019C12] -> 0x40B5
[3124] [M]: 0x0000000080019C10 (0x40B55063) bge a0, a1, 0x400
mem[X,0x0000000080019C14] -> 0x0113
mem[X,0x0000000080019C16] -> 0x0021
[3125] [M]: 0x0000000080019C14 (0x00210113) addi sp, sp, 0x2
x2 <- 0x0000000000000002
mem[X,0x0000000080019C18] -> 0x006F
mem[X,0x0000000080019C1A] -> 0x4000
[3126] [M]: 0x0000000080019C18 (0x4000006F) jal zero, 0x400
mem[X,0x000000008001A018] -> 0xB423
mem[X,0x000000008001A01A] -> 0x6C20
[3127] [M]: 0x000000008001A018 (0x6C20B423) sd sp, 0x6c8(ra)
mem[0x0000000080048898] <- 0x0000000000000002
mem[X,0x000000008001A01C] -> 0xB537
mem[X,0x000000008001A01E] -> 0xAAAA
[3128] [M]: 0x000000008001A01C (0xAAAAB537) lui a0, -0x55555
x10 <- 0xFFFFFFFFAAAAB000
mem[X,0x000000008001A020] -> 0x0513
mem[X,0x000000008001A022] -> 0xAAA5
[3129] [M]: 0x000000008001A020 (0xAAA50513) addi a0, a0, -0x556
x10 <- 0xFFFFFFFFAAAAAAAA
mem[X,0x000000008001A024] -> 0x1513
mem[X,0x000000008001A026] -> 0x00B5
[3130] [M]: 0x000000008001A024 (0x00B51513) slli a0, a0, 0xb
x10 <- 0xFFFFFD5555555000
mem[X,0x000000008001A028] -> 0x0513
mem[X,0x000000008001A02A] -> 0x5555
[3131] [M]: 0x000000008001A028 (0x55550513) addi a0, a0, 0x555
x10 <- 0xFFFFFD5555555555
mem[X,0x000000008001A02C] -> 0x1513
mem[X,0x000000008001A02E] -> 0x00B5
[3132] [M]: 0x000000008001A02C (0x00B51513) slli a0, a0, 0xb
x10 <- 0xFFEAAAAAAAAAA800
mem[X,0x000000008001A030] -> 0x0513
mem[X,0x000000008001A032] -> 0x2AA5
[3133] [M]: 0x000000008001A030 (0x2AA50513) addi a0, a0, 0x2aa
x10 <- 0xFFEAAAAAAAAAAAAA
mem[X,0x000000008001A034] -> 0x1513
mem[X,0x000000008001A036] -> 0x00A5
[3134] [M]: 0x000000008001A034 (0x00A51513) slli a0, a0, 0xa
x10 <- 0xAAAAAAAAAAAAA800
mem[X,0x000000008001A038] -> 0x0513
mem[X,0x000000008001A03A] -> 0x2AA5
[3135] [M]: 0x000000008001A038 (0x2AA50513) addi a0, a0, 0x2aa
x10 <- 0xAAAAAAAAAAAAAAAA
mem[X,0x000000008001A03C] -> 0x0593
mem[X,0x000000008001A03E] -> 0x0000
[3136] [M]: 0x000000008001A03C (0x00000593) addi a1, zero, 0x0
x11 <- 0x0000000000000000
mem[X,0x000000008001A040] -> 0x0113
mem[X,0x000000008001A042] -> 0x0000
[3137] [M]: 0x000000008001A040 (0x00000113) addi sp, zero, 0x0
x2 <- 0x0000000000000000
mem[X,0x000000008001A044] -> 0x006F
mem[X,0x000000008001A046] -> 0x00C0
[3138] [M]: 0x000000008001A044 (0x00C0006F) jal zero, 0xc
mem[X,0x000000008001A050] -> 0x5063
mem[X,0x000000008001A052] -> 0x04B5
[3139] [M]: 0x000000008001A050 (0x04B55063) bge a0, a1, 0x40
mem[X,0x000000008001A054] -> 0x0113
mem[X,0x000000008001A056] -> 0x0021
[3140] [M]: 0x000000008001A054 (0x00210113) addi sp, sp, 0x2
x2 <- 0x0000000000000002
mem[X,0x000000008001A058] -> 0x006F
mem[X,0x000000008001A05A] -> 0x0400
[3141] [M]: 0x000000008001A058 (0x0400006F) jal zero, 0x40
mem[X,0x000000008001A098] -> 0xB823
mem[X,0x000000008001A09A] -> 0x6C20
[3142] [M]: 0x000000008001A098 (0x6C20B823) sd sp, 0x6d0(ra)
mem[0x00000000800488A0] <- 0x0000000000000002
mem[X,0x000000008001A09C] -> 0xB537
mem[X,0x000000008001A09E] -> 0xAAAA
[3143] [M]: 0x000000008001A09C (0xAAAAB537) lui a0, -0x55555
x10 <- 0xFFFFFFFFAAAAB000
mem[X,0x000000008001A0A0] -> 0x0513
mem[X,0x000000008001A0A2] -> 0xAAA5
[3144] [M]: 0x000000008001A0A0 (0xAAA50513) addi a0, a0, -0x556
x10 <- 0xFFFFFFFFAAAAAAAA
mem[X,0x000000008001A0A4] -> 0x1513
mem[X,0x000000008001A0A6] -> 0x00B5
[3145] [M]: 0x000000008001A0A4 (0x00B51513) slli a0, a0, 0xb
x10 <- 0xFFFFFD5555555000
mem[X,0x000000008001A0A8] -> 0x0513
mem[X,0x000000008001A0AA] -> 0x5555
[3146] [M]: 0x000000008001A0A8 (0x55550513) addi a0, a0, 0x555
x10 <- 0xFFFFFD5555555555
mem[X,0x000000008001A0AC] -> 0x1513
mem[X,0x000000008001A0AE] -> 0x00B5
[3147] [M]: 0x000000008001A0AC (0x00B51513) slli a0, a0, 0xb
x10 <- 0xFFEAAAAAAAAAA800
mem[X,0x000000008001A0B0] -> 0x0513
mem[X,0x000000008001A0B2] -> 0x2AA5
[3148] [M]: 0x000000008001A0B0 (0x2AA50513) addi a0, a0, 0x2aa
x10 <- 0xFFEAAAAAAAAAAAAA
mem[X,0x000000008001A0B4] -> 0x1513
mem[X,0x000000008001A0B6] -> 0x00A5
[3149] [M]: 0x000000008001A0B4 (0x00A51513) slli a0, a0, 0xa
x10 <- 0xAAAAAAAAAAAAA800
mem[X,0x000000008001A0B8] -> 0x0513
mem[X,0x000000008001A0BA] -> 0x2AA5
[3150] [M]: 0x000000008001A0B8 (0x2AA50513) addi a0, a0, 0x2aa
x10 <- 0xAAAAAAAAAAAAAAAA
mem[X,0x000000008001A0BC] -> 0x0593
mem[X,0x000000008001A0BE] -> 0x0040
[3151] [M]: 0x000000008001A0BC (0x00400593) addi a1, zero, 0x4
x11 <- 0x0000000000000004
mem[X,0x000000008001A0C0] -> 0x0113
mem[X,0x000000008001A0C2] -> 0x0000
[3152] [M]: 0x000000008001A0C0 (0x00000113) addi sp, zero, 0x0
x2 <- 0x0000000000000000
mem[X,0x000000008001A0C4] -> 0x006F
mem[X,0x000000008001A0C6] -> 0x00C0
[3153] [M]: 0x000000008001A0C4 (0x00C0006F) jal zero, 0xc
mem[X,0x000000008001A0D0] -> 0x5CE3
mem[X,0x000000008001A0D2] -> 0xFEB5
[3154] [M]: 0x000000008001A0D0 (0xFEB55CE3) bge a0, a1, -0x8
mem[X,0x000000008001A0D4] -> 0x0113
mem[X,0x000000008001A0D6] -> 0x0021
[3155] [M]: 0x000000008001A0D4 (0x00210113) addi sp, sp, 0x2
x2 <- 0x0000000000000002
mem[X,0x000000008001A0D8] -> 0x006F
mem[X,0x000000008001A0DA] -> 0x00C0
[3156] [M]: 0x000000008001A0D8 (0x00C0006F) jal zero, 0xc
mem[X,0x000000008001A0E4] -> 0xBC23
mem[X,0x000000008001A0E6] -> 0x6C20
[3157] [M]: 0x000000008001A0E4 (0x6C20BC23) sd sp, 0x6d8(ra)
mem[0x00000000800488A8] <- 0x0000000000000002
mem[X,0x000000008001A0E8] -> 0xB537
mem[X,0x000000008001A0EA] -> 0xAAAA
[3158] [M]: 0x000000008001A0E8 (0xAAAAB537) lui a0, -0x55555
x10 <- 0xFFFFFFFFAAAAB000
mem[X,0x000000008001A0EC] -> 0x0513
mem[X,0x000000008001A0EE] -> 0xAAA5
[3159] [M]: 0x000000008001A0EC (0xAAA50513) addi a0, a0, -0x556
x10 <- 0xFFFFFFFFAAAAAAAA
mem[X,0x000000008001A0F0] -> 0x1513
mem[X,0x000000008001A0F2] -> 0x00B5
[3160] [M]: 0x000000008001A0F0 (0x00B51513) slli a0, a0, 0xb
x10 <- 0xFFFFFD5555555000
mem[X,0x000000008001A0F4] -> 0x0513
mem[X,0x000000008001A0F6] -> 0x5555
[3161] [M]: 0x000000008001A0F4 (0x55550513) addi a0, a0, 0x555
x10 <- 0xFFFFFD5555555555
mem[X,0x000000008001A0F8] -> 0x1513
mem[X,0x000000008001A0FA] -> 0x00B5
[3162] [M]: 0x000000008001A0F8 (0x00B51513) slli a0, a0, 0xb
x10 <- 0xFFEAAAAAAAAAA800
mem[X,0x000000008001A0FC] -> 0x0513
mem[X,0x000000008001A0FE] -> 0x2AA5
[3163] [M]: 0x000000008001A0FC (0x2AA50513) addi a0, a0, 0x2aa
x10 <- 0xFFEAAAAAAAAAAAAA
mem[X,0x000000008001A100] -> 0x1513
mem[X,0x000000008001A102] -> 0x00A5
[3164] [M]: 0x000000008001A100 (0x00A51513) slli a0, a0, 0xa
x10 <- 0xAAAAAAAAAAAAA800
mem[X,0x000000008001A104] -> 0x0513
mem[X,0x000000008001A106] -> 0x2AA5
[3165] [M]: 0x000000008001A104 (0x2AA50513) addi a0, a0, 0x2aa
x10 <- 0xAAAAAAAAAAAAAAAA
mem[X,0x000000008001A108] -> 0x35B7
mem[X,0x000000008001A10A] -> 0x3333
[3166] [M]: 0x000000008001A108 (0x333335B7) lui a1, 0x33333
x11 <- 0x0000000033333000
mem[X,0x000000008001A10C] -> 0x8593
mem[X,0x000000008001A10E] -> 0x3335
[3167] [M]: 0x000000008001A10C (0x33358593) addi a1, a1, 0x333
x11 <- 0x0000000033333333
mem[X,0x000000008001A110] -> 0x9593
mem[X,0x000000008001A112] -> 0x00B5
[3168] [M]: 0x000000008001A110 (0x00B59593) slli a1, a1, 0xb
x11 <- 0x0000019999999800
mem[X,0x000000008001A114] -> 0x8593
mem[X,0x000000008001A116] -> 0x1995
[3169] [M]: 0x000000008001A114 (0x19958593) addi a1, a1, 0x199
x11 <- 0x0000019999999999
mem[X,0x000000008001A118] -> 0x9593
mem[X,0x000000008001A11A] -> 0x00B5
[3170] [M]: 0x000000008001A118 (0x00B59593) slli a1, a1, 0xb
x11 <- 0x000CCCCCCCCCC800
mem[X,0x000000008001A11C] -> 0x8593
mem[X,0x000000008001A11E] -> 0x4CC5
[3171] [M]: 0x000000008001A11C (0x4CC58593) addi a1, a1, 0x4cc
x11 <- 0x000CCCCCCCCCCCCC
mem[X,0x000000008001A120] -> 0x9593
mem[X,0x000000008001A122] -> 0x00A5
[3172] [M]: 0x000000008001A120 (0x00A59593) slli a1, a1, 0xa
x11 <- 0x3333333333333000
mem[X,0x000000008001A124] -> 0x8593
mem[X,0x000000008001A126] -> 0x3325
[3173] [M]: 0x000000008001A124 (0x33258593) addi a1, a1, 0x332
x11 <- 0x3333333333333332
mem[X,0x000000008001A128] -> 0x0113
mem[X,0x000000008001A12A] -> 0x0000
[3174] [M]: 0x000000008001A128 (0x00000113) addi sp, zero, 0x0
x2 <- 0x0000000000000000
mem[X,0x000000008001A12C] -> 0x006F
mem[X,0x000000008001A12E] -> 0x0050
[3175] [M]: 0x000000008001A12C (0x0050006F) jal zero, 0x804
mem[X,0x000000008001A930] -> 0x50E3
mem[X,0x000000008001A932] -> 0x80B5
[3176] [M]: 0x000000008001A930 (0x80B550E3) bge a0, a1, -0x800
mem[X,0x000000008001A934] -> 0x0113
mem[X,0x000000008001A936] -> 0x0021
[3177] [M]: 0x000000008001A934 (0x00210113) addi sp, sp, 0x2
x2 <- 0x0000000000000002
mem[X,0x000000008001A938] -> 0x006F
mem[X,0x000000008001A93A] -> 0x00C0
[3178] [M]: 0x000000008001A938 (0x00C0006F) jal zero, 0xc
mem[X,0x000000008001A944] -> 0xB023
mem[X,0x000000008001A946] -> 0x6E20
[3179] [M]: 0x000000008001A944 (0x6E20B023) sd sp, 0x6e0(ra)
mem[0x00000000800488B0] <- 0x0000000000000002
mem[X,0x000000008001A948] -> 0xB537
mem[X,0x000000008001A94A] -> 0xAAAA
[3180] [M]: 0x000000008001A948 (0xAAAAB537) lui a0, -0x55555
x10 <- 0xFFFFFFFFAAAAB000
mem[X,0x000000008001A94C] -> 0x0513
mem[X,0x000000008001A94E] -> 0xAAA5
[3181] [M]: 0x000000008001A94C (0xAAA50513) addi a0, a0, -0x556
x10 <- 0xFFFFFFFFAAAAAAAA
mem[X,0x000000008001A950] -> 0x1513
mem[X,0x000000008001A952] -> 0x00B5
[3182] [M]: 0x000000008001A950 (0x00B51513) slli a0, a0, 0xb
x10 <- 0xFFFFFD5555555000
mem[X,0x000000008001A954] -> 0x0513
mem[X,0x000000008001A956] -> 0x5555
[3183] [M]: 0x000000008001A954 (0x55550513) addi a0, a0, 0x555
x10 <- 0xFFFFFD5555555555
mem[X,0x000000008001A958] -> 0x1513
mem[X,0x000000008001A95A] -> 0x00B5
[3184] [M]: 0x000000008001A958 (0x00B51513) slli a0, a0, 0xb
x10 <- 0xFFEAAAAAAAAAA800
mem[X,0x000000008001A95C] -> 0x0513
mem[X,0x000000008001A95E] -> 0x2AA5
[3185] [M]: 0x000000008001A95C (0x2AA50513) addi a0, a0, 0x2aa
x10 <- 0xFFEAAAAAAAAAAAAA
mem[X,0x000000008001A960] -> 0x1513
mem[X,0x000000008001A962] -> 0x00A5
[3186] [M]: 0x000000008001A960 (0x00A51513) slli a0, a0, 0xa
x10 <- 0xAAAAAAAAAAAAA800
mem[X,0x000000008001A964] -> 0x0513
mem[X,0x000000008001A966] -> 0x2AA5
[3187] [M]: 0x000000008001A964 (0x2AA50513) addi a0, a0, 0x2aa
x10 <- 0xAAAAAAAAAAAAAAAA
mem[X,0x000000008001A968] -> 0x65B7
mem[X,0x000000008001A96A] -> 0x6666
[3188] [M]: 0x000000008001A968 (0x666665B7) lui a1, 0x66666
x11 <- 0x0000000066666000
mem[X,0x000000008001A96C] -> 0x8593
mem[X,0x000000008001A96E] -> 0x6665
[3189] [M]: 0x000000008001A96C (0x66658593) addi a1, a1, 0x666
x11 <- 0x0000000066666666
mem[X,0x000000008001A970] -> 0x9593
mem[X,0x000000008001A972] -> 0x00B5
[3190] [M]: 0x000000008001A970 (0x00B59593) slli a1, a1, 0xb
x11 <- 0x0000033333333000
mem[X,0x000000008001A974] -> 0x8593
mem[X,0x000000008001A976] -> 0x3335
[3191] [M]: 0x000000008001A974 (0x33358593) addi a1, a1, 0x333
x11 <- 0x0000033333333333
mem[X,0x000000008001A978] -> 0x9593
mem[X,0x000000008001A97A] -> 0x00B5
[3192] [M]: 0x000000008001A978 (0x00B59593) slli a1, a1, 0xb
x11 <- 0x0019999999999800
mem[X,0x000000008001A97C] -> 0x8593
mem[X,0x000000008001A97E] -> 0x1995
[3193] [M]: 0x000000008001A97C (0x19958593) addi a1, a1, 0x199
x11 <- 0x0019999999999999
mem[X,0x000000008001A980] -> 0x9593
mem[X,0x000000008001A982] -> 0x00A5
[3194] [M]: 0x000000008001A980 (0x00A59593) slli a1, a1, 0xa
x11 <- 0x6666666666666400
mem[X,0x000000008001A984] -> 0x8593
mem[X,0x000000008001A986] -> 0x2655
[3195] [M]: 0x000000008001A984 (0x26558593) addi a1, a1, 0x265
x11 <- 0x6666666666666665
mem[X,0x000000008001A988] -> 0x0113
mem[X,0x000000008001A98A] -> 0x0000
[3196] [M]: 0x000000008001A988 (0x00000113) addi sp, zero, 0x0
x2 <- 0x0000000000000000
mem[X,0x000000008001A98C] -> 0x006F
mem[X,0x000000008001A98E] -> 0x00C0
[3197] [M]: 0x000000008001A98C (0x00C0006F) jal zero, 0xc
mem[X,0x000000008001A998] -> 0x5CE3
mem[X,0x000000008001A99A] -> 0xFEB5
[3198] [M]: 0x000000008001A998 (0xFEB55CE3) bge a0, a1, -0x8
mem[X,0x000000008001A99C] -> 0x0113
mem[X,0x000000008001A99E] -> 0x0021
[3199] [M]: 0x000000008001A99C (0x00210113) addi sp, sp, 0x2
x2 <- 0x0000000000000002
clint::tick mtime <- 0x0000000000000020
 clint timer pending at mtime 0x0000000000000020
htif::tick 0x0000000000000000
mem[X,0x000000008001A9A0] -> 0x006F
mem[X,0x000000008001A9A2] -> 0x00C0
[3200] [M]: 0x000000008001A9A0 (0x00C0006F) jal zero, 0xc
mem[X,0x000000008001A9AC] -> 0xB423
mem[X,0x000000008001A9AE] -> 0x6E20
[3201] [M]: 0x000000008001A9AC (0x6E20B423) sd sp, 0x6e8(ra)
mem[0x00000000800488B8] <- 0x0000000000000002
mem[X,0x000000008001A9B0] -> 0xB537
mem[X,0x000000008001A9B2] -> 0xAAAA
[3202] [M]: 0x000000008001A9B0 (0xAAAAB537) lui a0, -0x55555
x10 <- 0xFFFFFFFFAAAAB000
mem[X,0x000000008001A9B4] -> 0x0513
mem[X,0x000000008001A9B6] -> 0xAAA5
[3203] [M]: 0x000000008001A9B4 (0xAAA50513) addi a0, a0, -0x556
x10 <- 0xFFFFFFFFAAAAAAAA
mem[X,0x000000008001A9B8] -> 0x1513
mem[X,0x000000008001A9BA] -> 0x00B5
[3204] [M]: 0x000000008001A9B8 (0x00B51513) slli a0, a0, 0xb
x10 <- 0xFFFFFD5555555000
mem[X,0x000000008001A9BC] -> 0x0513
mem[X,0x000000008001A9BE] -> 0x5555
[3205] [M]: 0x000000008001A9BC (0x55550513) addi a0, a0, 0x555
x10 <- 0xFFFFFD5555555555
mem[X,0x000000008001A9C0] -> 0x1513
mem[X,0x000000008001A9C2] -> 0x00B5
[3206] [M]: 0x000000008001A9C0 (0x00B51513) slli a0, a0, 0xb
x10 <- 0xFFEAAAAAAAAAA800
mem[X,0x000000008001A9C4] -> 0x0513
mem[X,0x000000008001A9C6] -> 0x2AA5
[3207] [M]: 0x000000008001A9C4 (0x2AA50513) addi a0, a0, 0x2aa
x10 <- 0xFFEAAAAAAAAAAAAA
mem[X,0x000000008001A9C8] -> 0x1513
mem[X,0x000000008001A9CA] -> 0x00A5
[3208] [M]: 0x000000008001A9C8 (0x00A51513) slli a0, a0, 0xa
x10 <- 0xAAAAAAAAAAAAA800
mem[X,0x000000008001A9CC] -> 0x0513
mem[X,0x000000008001A9CE] -> 0x2AA5
[3209] [M]: 0x000000008001A9CC (0x2AA50513) addi a0, a0, 0x2aa
x10 <- 0xAAAAAAAAAAAAAAAA
mem[X,0x000000008001A9D0] -> 0x05B7
mem[X,0x000000008001A9D2] -> 0x0000
[3210] [M]: 0x000000008001A9D0 (0x000005B7) lui a1, 0x0
x11 <- 0x0000000000000000
mem[X,0x000000008001A9D4] -> 0x8593
mem[X,0x000000008001A9D6] -> 0x0005
[3211] [M]: 0x000000008001A9D4 (0x00058593) addi a1, a1, 0x0
x11 <- 0x0000000000000000
mem[X,0x000000008001A9D8] -> 0x9593
mem[X,0x000000008001A9DA] -> 0x00B5
[3212] [M]: 0x000000008001A9D8 (0x00B59593) slli a1, a1, 0xb
x11 <- 0x0000000000000000
mem[X,0x000000008001A9DC] -> 0x8593
mem[X,0x000000008001A9DE] -> 0x5A85
[3213] [M]: 0x000000008001A9DC (0x5A858593) addi a1, a1, 0x5a8
x11 <- 0x00000000000005A8
mem[X,0x000000008001A9E0] -> 0x9593
mem[X,0x000000008001A9E2] -> 0x00B5
[3214] [M]: 0x000000008001A9E0 (0x00B59593) slli a1, a1, 0xb
x11 <- 0x00000000002D4000
mem[X,0x000000008001A9E4] -> 0x8593
mem[X,0x000000008001A9E6] -> 0x13C5
[3215] [M]: 0x000000008001A9E4 (0x13C58593) addi a1, a1, 0x13c
x11 <- 0x00000000002D413C
mem[X,0x000000008001A9E8] -> 0x9593
mem[X,0x000000008001A9EA] -> 0x00A5
[3216] [M]: 0x000000008001A9E8 (0x00A59593) slli a1, a1, 0xa
x11 <- 0x00000000B504F000
mem[X,0x000000008001A9EC] -> 0x8593
mem[X,0x000000008001A9EE] -> 0x3325
[3217] [M]: 0x000000008001A9EC (0x33258593) addi a1, a1, 0x332
x11 <- 0x00000000B504F332
mem[X,0x000000008001A9F0] -> 0x0113
mem[X,0x000000008001A9F2] -> 0x0000
[3218] [M]: 0x000000008001A9F0 (0x00000113) addi sp, zero, 0x0
x2 <- 0x0000000000000000
mem[X,0x000000008001A9F4] -> 0x006F
mem[X,0x000000008001A9F6] -> 0x00C0
[3219] [M]: 0x000000008001A9F4 (0x00C0006F) jal zero, 0xc
mem[X,0x000000008001AA00] -> 0x5CE3
mem[X,0x000000008001AA02] -> 0xFEB5
[3220] [M]: 0x000000008001AA00 (0xFEB55CE3) bge a0, a1, -0x8
mem[X,0x000000008001AA04] -> 0x0113
mem[X,0x000000008001AA06] -> 0x0021
[3221] [M]: 0x000000008001AA04 (0x00210113) addi sp, sp, 0x2
x2 <- 0x0000000000000002
mem[X,0x000000008001AA08] -> 0x006F
mem[X,0x000000008001AA0A] -> 0x00C0
[3222] [M]: 0x000000008001AA08 (0x00C0006F) jal zero, 0xc
mem[X,0x000000008001AA14] -> 0xB823
mem[X,0x000000008001AA16] -> 0x6E20
[3223] [M]: 0x000000008001AA14 (0x6E20B823) sd sp, 0x6f0(ra)
mem[0x00000000800488C0] <- 0x0000000000000002
mem[X,0x000000008001AA18] -> 0xB537
mem[X,0x000000008001AA1A] -> 0xAAAA
[3224] [M]: 0x000000008001AA18 (0xAAAAB537) lui a0, -0x55555
x10 <- 0xFFFFFFFFAAAAB000
mem[X,0x000000008001AA1C] -> 0x0513
mem[X,0x000000008001AA1E] -> 0xAAA5
[3225] [M]: 0x000000008001AA1C (0xAAA50513) addi a0, a0, -0x556
x10 <- 0xFFFFFFFFAAAAAAAA
mem[X,0x000000008001AA20] -> 0x1513
mem[X,0x000000008001AA22] -> 0x00B5
[3226] [M]: 0x000000008001AA20 (0x00B51513) slli a0, a0, 0xb
x10 <- 0xFFFFFD5555555000
mem[X,0x000000008001AA24] -> 0x0513
mem[X,0x000000008001AA26] -> 0x5555
[3227] [M]: 0x000000008001AA24 (0x55550513) addi a0, a0, 0x555
x10 <- 0xFFFFFD5555555555
mem[X,0x000000008001AA28] -> 0x1513
mem[X,0x000000008001AA2A] -> 0x00B5
[3228] [M]: 0x000000008001AA28 (0x00B51513) slli a0, a0, 0xb
x10 <- 0xFFEAAAAAAAAAA800
mem[X,0x000000008001AA2C] -> 0x0513
mem[X,0x000000008001AA2E] -> 0x2AA5
[3229] [M]: 0x000000008001AA2C (0x2AA50513) addi a0, a0, 0x2aa
x10 <- 0xFFEAAAAAAAAAAAAA
mem[X,0x000000008001AA30] -> 0x1513
mem[X,0x000000008001AA32] -> 0x00A5
[3230] [M]: 0x000000008001AA30 (0x00A51513) slli a0, a0, 0xa
x10 <- 0xAAAAAAAAAAAAA800
mem[X,0x000000008001AA34] -> 0x0513
mem[X,0x000000008001AA36] -> 0x2AA5
[3231] [M]: 0x000000008001AA34 (0x2AA50513) addi a0, a0, 0x2aa
x10 <- 0xAAAAAAAAAAAAAAAA
mem[X,0x000000008001AA38] -> 0x55B7
mem[X,0x000000008001AA3A] -> 0x5555
[3232] [M]: 0x000000008001AA38 (0x555555B7) lui a1, 0x55555
x11 <- 0x0000000055555000
mem[X,0x000000008001AA3C] -> 0x8593
mem[X,0x000000008001AA3E] -> 0x5555
[3233] [M]: 0x000000008001AA3C (0x55558593) addi a1, a1, 0x555
x11 <- 0x0000000055555555
mem[X,0x000000008001AA40] -> 0x9593
mem[X,0x000000008001AA42] -> 0x00B5
[3234] [M]: 0x000000008001AA40 (0x00B59593) slli a1, a1, 0xb
x11 <- 0x000002AAAAAAA800
mem[X,0x000000008001AA44] -> 0x8593
mem[X,0x000000008001AA46] -> 0x2AA5
[3235] [M]: 0x000000008001AA44 (0x2AA58593) addi a1, a1, 0x2aa
x11 <- 0x000002AAAAAAAAAA
mem[X,0x000000008001AA48] -> 0x9593
mem[X,0x000000008001AA4A] -> 0x00B5
[3236] [M]: 0x000000008001AA48 (0x00B59593) slli a1, a1, 0xb
x11 <- 0x0015555555555000
mem[X,0x000000008001AA4C] -> 0x8593
mem[X,0x000000008001AA4E] -> 0x5555
[3237] [M]: 0x000000008001AA4C (0x55558593) addi a1, a1, 0x555
x11 <- 0x0015555555555555
mem[X,0x000000008001AA50] -> 0x9593
mem[X,0x000000008001AA52] -> 0x00A5
[3238] [M]: 0x000000008001AA50 (0x00A59593) slli a1, a1, 0xa
x11 <- 0x5555555555555400
mem[X,0x000000008001AA54] -> 0x8593
mem[X,0x000000008001AA56] -> 0x1565
[3239] [M]: 0x000000008001AA54 (0x15658593) addi a1, a1, 0x156
x11 <- 0x5555555555555556
mem[X,0x000000008001AA58] -> 0x0113
mem[X,0x000000008001AA5A] -> 0x0000
[3240] [M]: 0x000000008001AA58 (0x00000113) addi sp, zero, 0x0
x2 <- 0x0000000000000000
mem[X,0x000000008001AA5C] -> 0x006F
mem[X,0x000000008001AA5E] -> 0x00C0
[3241] [M]: 0x000000008001AA5C (0x00C0006F) jal zero, 0xc
mem[X,0x000000008001AA68] -> 0x5663
mem[X,0x000000008001AA6A] -> 0x00B5
[3242] [M]: 0x000000008001AA68 (0x00B55663) bge a0, a1, 0xc
mem[X,0x000000008001AA6C] -> 0x0113
mem[X,0x000000008001AA6E] -> 0x0021
[3243] [M]: 0x000000008001AA6C (0x00210113) addi sp, sp, 0x2
x2 <- 0x0000000000000002
mem[X,0x000000008001AA70] -> 0x006F
mem[X,0x000000008001AA72] -> 0x00C0
[3244] [M]: 0x000000008001AA70 (0x00C0006F) jal zero, 0xc
mem[X,0x000000008001AA7C] -> 0xBC23
mem[X,0x000000008001AA7E] -> 0x6E20
[3245] [M]: 0x000000008001AA7C (0x6E20BC23) sd sp, 0x6f8(ra)
mem[0x00000000800488C8] <- 0x0000000000000002
mem[X,0x000000008001AA80] -> 0xB537
mem[X,0x000000008001AA82] -> 0xAAAA
[3246] [M]: 0x000000008001AA80 (0xAAAAB537) lui a0, -0x55555
x10 <- 0xFFFFFFFFAAAAB000
mem[X,0x000000008001AA84] -> 0x0513
mem[X,0x000000008001AA86] -> 0xAAA5
[3247] [M]: 0x000000008001AA84 (0xAAA50513) addi a0, a0, -0x556
x10 <- 0xFFFFFFFFAAAAAAAA
mem[X,0x000000008001AA88] -> 0x1513
mem[X,0x000000008001AA8A] -> 0x00B5
[3248] [M]: 0x000000008001AA88 (0x00B51513) slli a0, a0, 0xb
x10 <- 0xFFFFFD5555555000
mem[X,0x000000008001AA8C] -> 0x0513
mem[X,0x000000008001AA8E] -> 0x5555
[3249] [M]: 0x000000008001AA8C (0x55550513) addi a0, a0, 0x555
x10 <- 0xFFFFFD5555555555
mem[X,0x000000008001AA90] -> 0x1513
mem[X,0x000000008001AA92] -> 0x00B5
[3250] [M]: 0x000000008001AA90 (0x00B51513) slli a0, a0, 0xb
x10 <- 0xFFEAAAAAAAAAA800
mem[X,0x000000008001AA94] -> 0x0513
mem[X,0x000000008001AA96] -> 0x2AA5
[3251] [M]: 0x000000008001AA94 (0x2AA50513) addi a0, a0, 0x2aa
x10 <- 0xFFEAAAAAAAAAAAAA
mem[X,0x000000008001AA98] -> 0x1513
mem[X,0x000000008001AA9A] -> 0x00A5
[3252] [M]: 0x000000008001AA98 (0x00A51513) slli a0, a0, 0xa
x10 <- 0xAAAAAAAAAAAAA800
mem[X,0x000000008001AA9C] -> 0x0513
mem[X,0x000000008001AA9E] -> 0x2AA5
[3253] [M]: 0x000000008001AA9C (0x2AA50513) addi a0, a0, 0x2aa
x10 <- 0xAAAAAAAAAAAAAAAA
mem[X,0x000000008001AAA0] -> 0xB5B7
mem[X,0x000000008001AAA2] -> 0xAAAA
[3254] [M]: 0x000000008001AAA0 (0xAAAAB5B7) lui a1, -0x55555
x11 <- 0xFFFFFFFFAAAAB000
mem[X,0x000000008001AAA4] -> 0x8593
mem[X,0x000000008001AAA6] -> 0xAAA5
[3255] [M]: 0x000000008001AAA4 (0xAAA58593) addi a1, a1, -0x556
x11 <- 0xFFFFFFFFAAAAAAAA
mem[X,0x000000008001AAA8] -> 0x9593
mem[X,0x000000008001AAAA] -> 0x00B5
[3256] [M]: 0x000000008001AAA8 (0x00B59593) slli a1, a1, 0xb
x11 <- 0xFFFFFD5555555000
mem[X,0x000000008001AAAC] -> 0x8593
mem[X,0x000000008001AAAE] -> 0x5555
[3257] [M]: 0x000000008001AAAC (0x55558593) addi a1, a1, 0x555
x11 <- 0xFFFFFD5555555555
mem[X,0x000000008001AAB0] -> 0x9593
mem[X,0x000000008001AAB2] -> 0x00B5
[3258] [M]: 0x000000008001AAB0 (0x00B59593) slli a1, a1, 0xb
x11 <- 0xFFEAAAAAAAAAA800
mem[X,0x000000008001AAB4] -> 0x8593
mem[X,0x000000008001AAB6] -> 0x2AA5
[3259] [M]: 0x000000008001AAB4 (0x2AA58593) addi a1, a1, 0x2aa
x11 <- 0xFFEAAAAAAAAAAAAA
mem[X,0x000000008001AAB8] -> 0x9593
mem[X,0x000000008001AABA] -> 0x00A5
[3260] [M]: 0x000000008001AAB8 (0x00A59593) slli a1, a1, 0xa
x11 <- 0xAAAAAAAAAAAAA800
mem[X,0x000000008001AABC] -> 0x8593
mem[X,0x000000008001AABE] -> 0x2AB5
[3261] [M]: 0x000000008001AABC (0x2AB58593) addi a1, a1, 0x2ab
x11 <- 0xAAAAAAAAAAAAAAAB
mem[X,0x000000008001AAC0] -> 0x0113
mem[X,0x000000008001AAC2] -> 0x0000
[3262] [M]: 0x000000008001AAC0 (0x00000113) addi sp, zero, 0x0
x2 <- 0x0000000000000000
mem[X,0x000000008001AAC4] -> 0x006F
mem[X,0x000000008001AAC6] -> 0x00C0
[3263] [M]: 0x000000008001AAC4 (0x00C0006F) jal zero, 0xc
mem[X,0x000000008001AAD0] -> 0x5063
mem[X,0x000000008001AAD2] -> 0x10B5
[3264] [M]: 0x000000008001AAD0 (0x10B55063) bge a0, a1, 0x100
mem[X,0x000000008001AAD4] -> 0x0113
mem[X,0x000000008001AAD6] -> 0x0021
[3265] [M]: 0x000000008001AAD4 (0x00210113) addi sp, sp, 0x2
x2 <- 0x0000000000000002
mem[X,0x000000008001AAD8] -> 0x006F
mem[X,0x000000008001AADA] -> 0x1000
[3266] [M]: 0x000000008001AAD8 (0x1000006F) jal zero, 0x100
mem[X,0x000000008001ABD8] -> 0xB023
mem[X,0x000000008001ABDA] -> 0x7020
[3267] [M]: 0x000000008001ABD8 (0x7020B023) sd sp, 0x700(ra)
mem[0x00000000800488D0] <- 0x0000000000000002
mem[X,0x000000008001ABDC] -> 0xB537
mem[X,0x000000008001ABDE] -> 0xAAAA
[3268] [M]: 0x000000008001ABDC (0xAAAAB537) lui a0, -0x55555
x10 <- 0xFFFFFFFFAAAAB000
mem[X,0x000000008001ABE0] -> 0x0513
mem[X,0x000000008001ABE2] -> 0xAAA5
[3269] [M]: 0x000000008001ABE0 (0xAAA50513) addi a0, a0, -0x556
x10 <- 0xFFFFFFFFAAAAAAAA
mem[X,0x000000008001ABE4] -> 0x1513
mem[X,0x000000008001ABE6] -> 0x00B5
[3270] [M]: 0x000000008001ABE4 (0x00B51513) slli a0, a0, 0xb
x10 <- 0xFFFFFD5555555000
mem[X,0x000000008001ABE8] -> 0x0513
mem[X,0x000000008001ABEA] -> 0x5555
[3271] [M]: 0x000000008001ABE8 (0x55550513) addi a0, a0, 0x555
x10 <- 0xFFFFFD5555555555
mem[X,0x000000008001ABEC] -> 0x1513
mem[X,0x000000008001ABEE] -> 0x00B5
[3272] [M]: 0x000000008001ABEC (0x00B51513) slli a0, a0, 0xb
x10 <- 0xFFEAAAAAAAAAA800
mem[X,0x000000008001ABF0] -> 0x0513
mem[X,0x000000008001ABF2] -> 0x2AA5
[3273] [M]: 0x000000008001ABF0 (0x2AA50513) addi a0, a0, 0x2aa
x10 <- 0xFFEAAAAAAAAAAAAA
mem[X,0x000000008001ABF4] -> 0x1513
mem[X,0x000000008001ABF6] -> 0x00A5
[3274] [M]: 0x000000008001ABF4 (0x00A51513) slli a0, a0, 0xa
x10 <- 0xAAAAAAAAAAAAA800
mem[X,0x000000008001ABF8] -> 0x0513
mem[X,0x000000008001ABFA] -> 0x2AA5
[3275] [M]: 0x000000008001ABF8 (0x2AA50513) addi a0, a0, 0x2aa
x10 <- 0xAAAAAAAAAAAAAAAA
mem[X,0x000000008001ABFC] -> 0x0593
mem[X,0x000000008001ABFE] -> 0x0060
[3276] [M]: 0x000000008001ABFC (0x00600593) addi a1, zero, 0x6
x11 <- 0x0000000000000006
mem[X,0x000000008001AC00] -> 0x0113
mem[X,0x000000008001AC02] -> 0x0000
[3277] [M]: 0x000000008001AC00 (0x00000113) addi sp, zero, 0x0
x2 <- 0x0000000000000000
mem[X,0x000000008001AC04] -> 0x006F
mem[X,0x000000008001AC06] -> 0x00C0
[3278] [M]: 0x000000008001AC04 (0x00C0006F) jal zero, 0xc
mem[X,0x000000008001AC10] -> 0x5663
mem[X,0x000000008001AC12] -> 0x00B5
[3279] [M]: 0x000000008001AC10 (0x00B55663) bge a0, a1, 0xc
mem[X,0x000000008001AC14] -> 0x0113
mem[X,0x000000008001AC16] -> 0x0021
[3280] [M]: 0x000000008001AC14 (0x00210113) addi sp, sp, 0x2
x2 <- 0x0000000000000002
mem[X,0x000000008001AC18] -> 0x006F
mem[X,0x000000008001AC1A] -> 0x00C0
[3281] [M]: 0x000000008001AC18 (0x00C0006F) jal zero, 0xc
mem[X,0x000000008001AC24] -> 0xB423
mem[X,0x000000008001AC26] -> 0x7020
[3282] [M]: 0x000000008001AC24 (0x7020B423) sd sp, 0x708(ra)
mem[0x00000000800488D8] <- 0x0000000000000002
mem[X,0x000000008001AC28] -> 0xB537
mem[X,0x000000008001AC2A] -> 0xAAAA
[3283] [M]: 0x000000008001AC28 (0xAAAAB537) lui a0, -0x55555
x10 <- 0xFFFFFFFFAAAAB000
mem[X,0x000000008001AC2C] -> 0x0513
mem[X,0x000000008001AC2E] -> 0xAAA5
[3284] [M]: 0x000000008001AC2C (0xAAA50513) addi a0, a0, -0x556
x10 <- 0xFFFFFFFFAAAAAAAA
mem[X,0x000000008001AC30] -> 0x1513
mem[X,0x000000008001AC32] -> 0x00B5
[3285] [M]: 0x000000008001AC30 (0x00B51513) slli a0, a0, 0xb
x10 <- 0xFFFFFD5555555000
mem[X,0x000000008001AC34] -> 0x0513
mem[X,0x000000008001AC36] -> 0x5555
[3286] [M]: 0x000000008001AC34 (0x55550513) addi a0, a0, 0x555
x10 <- 0xFFFFFD5555555555
mem[X,0x000000008001AC38] -> 0x1513
mem[X,0x000000008001AC3A] -> 0x00B5
[3287] [M]: 0x000000008001AC38 (0x00B51513) slli a0, a0, 0xb
x10 <- 0xFFEAAAAAAAAAA800
mem[X,0x000000008001AC3C] -> 0x0513
mem[X,0x000000008001AC3E] -> 0x2AA5
[3288] [M]: 0x000000008001AC3C (0x2AA50513) addi a0, a0, 0x2aa
x10 <- 0xFFEAAAAAAAAAAAAA
mem[X,0x000000008001AC40] -> 0x1513
mem[X,0x000000008001AC42] -> 0x00A5
[3289] [M]: 0x000000008001AC40 (0x00A51513) slli a0, a0, 0xa
x10 <- 0xAAAAAAAAAAAAA800
mem[X,0x000000008001AC44] -> 0x0513
mem[X,0x000000008001AC46] -> 0x2AA5
[3290] [M]: 0x000000008001AC44 (0x2AA50513) addi a0, a0, 0x2aa
x10 <- 0xAAAAAAAAAAAAAAAA
mem[X,0x000000008001AC48] -> 0x35B7
mem[X,0x000000008001AC4A] -> 0x3333
[3291] [M]: 0x000000008001AC48 (0x333335B7) lui a1, 0x33333
x11 <- 0x0000000033333000
mem[X,0x000000008001AC4C] -> 0x8593
mem[X,0x000000008001AC4E] -> 0x3335
[3292] [M]: 0x000000008001AC4C (0x33358593) addi a1, a1, 0x333
x11 <- 0x0000000033333333
mem[X,0x000000008001AC50] -> 0x9593
mem[X,0x000000008001AC52] -> 0x00B5
[3293] [M]: 0x000000008001AC50 (0x00B59593) slli a1, a1, 0xb
x11 <- 0x0000019999999800
mem[X,0x000000008001AC54] -> 0x8593
mem[X,0x000000008001AC56] -> 0x1995
[3294] [M]: 0x000000008001AC54 (0x19958593) addi a1, a1, 0x199
x11 <- 0x0000019999999999
mem[X,0x000000008001AC58] -> 0x9593
mem[X,0x000000008001AC5A] -> 0x00B5
[3295] [M]: 0x000000008001AC58 (0x00B59593) slli a1, a1, 0xb
x11 <- 0x000CCCCCCCCCC800
mem[X,0x000000008001AC5C] -> 0x8593
mem[X,0x000000008001AC5E] -> 0x4CC5
[3296] [M]: 0x000000008001AC5C (0x4CC58593) addi a1, a1, 0x4cc
x11 <- 0x000CCCCCCCCCCCCC
mem[X,0x000000008001AC60] -> 0x9593
mem[X,0x000000008001AC62] -> 0x00A5
[3297] [M]: 0x000000008001AC60 (0x00A59593) slli a1, a1, 0xa
x11 <- 0x3333333333333000
mem[X,0x000000008001AC64] -> 0x8593
mem[X,0x000000008001AC66] -> 0x3345
[3298] [M]: 0x000000008001AC64 (0x33458593) addi a1, a1, 0x334
x11 <- 0x3333333333333334
mem[X,0x000000008001AC68] -> 0x0113
mem[X,0x000000008001AC6A] -> 0x0000
[3299] [M]: 0x000000008001AC68 (0x00000113) addi sp, zero, 0x0
x2 <- 0x0000000000000000
clint::tick mtime <- 0x0000000000000021
 clint timer pending at mtime 0x0000000000000021
htif::tick 0x0000000000000000
mem[X,0x000000008001AC6C] -> 0x006F
mem[X,0x000000008001AC6E] -> 0x0050
[3300] [M]: 0x000000008001AC6C (0x0050006F) jal zero, 0x804
mem[X,0x000000008001B470] -> 0x50E3
mem[X,0x000000008001B472] -> 0x80B5
[3301] [M]: 0x000000008001B470 (0x80B550E3) bge a0, a1, -0x800
mem[X,0x000000008001B474] -> 0x0113
mem[X,0x000000008001B476] -> 0x0021
[3302] [M]: 0x000000008001B474 (0x00210113) addi sp, sp, 0x2
x2 <- 0x0000000000000002
mem[X,0x000000008001B478] -> 0x006F
mem[X,0x000000008001B47A] -> 0x00C0
[3303] [M]: 0x000000008001B478 (0x00C0006F) jal zero, 0xc
mem[X,0x000000008001B484] -> 0xB823
mem[X,0x000000008001B486] -> 0x7020
[3304] [M]: 0x000000008001B484 (0x7020B823) sd sp, 0x710(ra)
mem[0x00000000800488E0] <- 0x0000000000000002
mem[X,0x000000008001B488] -> 0xB537
mem[X,0x000000008001B48A] -> 0xAAAA
[3305] [M]: 0x000000008001B488 (0xAAAAB537) lui a0, -0x55555
x10 <- 0xFFFFFFFFAAAAB000
mem[X,0x000000008001B48C] -> 0x0513
mem[X,0x000000008001B48E] -> 0xAAA5
[3306] [M]: 0x000000008001B48C (0xAAA50513) addi a0, a0, -0x556
x10 <- 0xFFFFFFFFAAAAAAAA
mem[X,0x000000008001B490] -> 0x1513
mem[X,0x000000008001B492] -> 0x00B5
[3307] [M]: 0x000000008001B490 (0x00B51513) slli a0, a0, 0xb
x10 <- 0xFFFFFD5555555000
mem[X,0x000000008001B494] -> 0x0513
mem[X,0x000000008001B496] -> 0x5555
[3308] [M]: 0x000000008001B494 (0x55550513) addi a0, a0, 0x555
x10 <- 0xFFFFFD5555555555
mem[X,0x000000008001B498] -> 0x1513
mem[X,0x000000008001B49A] -> 0x00B5
[3309] [M]: 0x000000008001B498 (0x00B51513) slli a0, a0, 0xb
x10 <- 0xFFEAAAAAAAAAA800
mem[X,0x000000008001B49C] -> 0x0513
mem[X,0x000000008001B49E] -> 0x2AA5
[3310] [M]: 0x000000008001B49C (0x2AA50513) addi a0, a0, 0x2aa
x10 <- 0xFFEAAAAAAAAAAAAA
mem[X,0x000000008001B4A0] -> 0x1513
mem[X,0x000000008001B4A2] -> 0x00A5
[3311] [M]: 0x000000008001B4A0 (0x00A51513) slli a0, a0, 0xa
x10 <- 0xAAAAAAAAAAAAA800
mem[X,0x000000008001B4A4] -> 0x0513
mem[X,0x000000008001B4A6] -> 0x2AA5
[3312] [M]: 0x000000008001B4A4 (0x2AA50513) addi a0, a0, 0x2aa
x10 <- 0xAAAAAAAAAAAAAAAA
mem[X,0x000000008001B4A8] -> 0x65B7
mem[X,0x000000008001B4AA] -> 0x6666
[3313] [M]: 0x000000008001B4A8 (0x666665B7) lui a1, 0x66666
x11 <- 0x0000000066666000
mem[X,0x000000008001B4AC] -> 0x8593
mem[X,0x000000008001B4AE] -> 0x6665
[3314] [M]: 0x000000008001B4AC (0x66658593) addi a1, a1, 0x666
x11 <- 0x0000000066666666
mem[X,0x000000008001B4B0] -> 0x9593
mem[X,0x000000008001B4B2] -> 0x00B5
[3315] [M]: 0x000000008001B4B0 (0x00B59593) slli a1, a1, 0xb
x11 <- 0x0000033333333000
mem[X,0x000000008001B4B4] -> 0x8593
mem[X,0x000000008001B4B6] -> 0x3335
[3316] [M]: 0x000000008001B4B4 (0x33358593) addi a1, a1, 0x333
x11 <- 0x0000033333333333
mem[X,0x000000008001B4B8] -> 0x9593
mem[X,0x000000008001B4BA] -> 0x00B5
[3317] [M]: 0x000000008001B4B8 (0x00B59593) slli a1, a1, 0xb
x11 <- 0x0019999999999800
mem[X,0x000000008001B4BC] -> 0x8593
mem[X,0x000000008001B4BE] -> 0x1995
[3318] [M]: 0x000000008001B4BC (0x19958593) addi a1, a1, 0x199
x11 <- 0x0019999999999999
mem[X,0x000000008001B4C0] -> 0x9593
mem[X,0x000000008001B4C2] -> 0x00A5
[3319] [M]: 0x000000008001B4C0 (0x00A59593) slli a1, a1, 0xa
x11 <- 0x6666666666666400
mem[X,0x000000008001B4C4] -> 0x8593
mem[X,0x000000008001B4C6] -> 0x2675
[3320] [M]: 0x000000008001B4C4 (0x26758593) addi a1, a1, 0x267
x11 <- 0x6666666666666667
mem[X,0x000000008001B4C8] -> 0x0113
mem[X,0x000000008001B4CA] -> 0x0000
[3321] [M]: 0x000000008001B4C8 (0x00000113) addi sp, zero, 0x0
x2 <- 0x0000000000000000
mem[X,0x000000008001B4CC] -> 0x006F
mem[X,0x000000008001B4CE] -> 0x00C0
[3322] [M]: 0x000000008001B4CC (0x00C0006F) jal zero, 0xc
mem[X,0x000000008001B4D8] -> 0x5663
mem[X,0x000000008001B4DA] -> 0x00B5
[3323] [M]: 0x000000008001B4D8 (0x00B55663) bge a0, a1, 0xc
mem[X,0x000000008001B4DC] -> 0x0113
mem[X,0x000000008001B4DE] -> 0x0021
[3324] [M]: 0x000000008001B4DC (0x00210113) addi sp, sp, 0x2
x2 <- 0x0000000000000002
mem[X,0x000000008001B4E0] -> 0x006F
mem[X,0x000000008001B4E2] -> 0x00C0
[3325] [M]: 0x000000008001B4E0 (0x00C0006F) jal zero, 0xc
mem[X,0x000000008001B4EC] -> 0xBC23
mem[X,0x000000008001B4EE] -> 0x7020
[3326] [M]: 0x000000008001B4EC (0x7020BC23) sd sp, 0x718(ra)
mem[0x00000000800488E8] <- 0x0000000000000002
mem[X,0x000000008001B4F0] -> 0xB537
mem[X,0x000000008001B4F2] -> 0xAAAA
[3327] [M]: 0x000000008001B4F0 (0xAAAAB537) lui a0, -0x55555
x10 <- 0xFFFFFFFFAAAAB000
mem[X,0x000000008001B4F4] -> 0x0513
mem[X,0x000000008001B4F6] -> 0xAAA5
[3328] [M]: 0x000000008001B4F4 (0xAAA50513) addi a0, a0, -0x556
x10 <- 0xFFFFFFFFAAAAAAAA
mem[X,0x000000008001B4F8] -> 0x1513
mem[X,0x000000008001B4FA] -> 0x00B5
[3329] [M]: 0x000000008001B4F8 (0x00B51513) slli a0, a0, 0xb
x10 <- 0xFFFFFD5555555000
mem[X,0x000000008001B4FC] -> 0x0513
mem[X,0x000000008001B4FE] -> 0x5555
[3330] [M]: 0x000000008001B4FC (0x55550513) addi a0, a0, 0x555
x10 <- 0xFFFFFD5555555555
mem[X,0x000000008001B500] -> 0x1513
mem[X,0x000000008001B502] -> 0x00B5
[3331] [M]: 0x000000008001B500 (0x00B51513) slli a0, a0, 0xb
x10 <- 0xFFEAAAAAAAAAA800
mem[X,0x000000008001B504] -> 0x0513
mem[X,0x000000008001B506] -> 0x2AA5
[3332] [M]: 0x000000008001B504 (0x2AA50513) addi a0, a0, 0x2aa
x10 <- 0xFFEAAAAAAAAAAAAA
mem[X,0x000000008001B508] -> 0x1513
mem[X,0x000000008001B50A] -> 0x00A5
[3333] [M]: 0x000000008001B508 (0x00A51513) slli a0, a0, 0xa
x10 <- 0xAAAAAAAAAAAAA800
mem[X,0x000000008001B50C] -> 0x0513
mem[X,0x000000008001B50E] -> 0x2AA5
[3334] [M]: 0x000000008001B50C (0x2AA50513) addi a0, a0, 0x2aa
x10 <- 0xAAAAAAAAAAAAAAAA
mem[X,0x000000008001B510] -> 0x05B7
mem[X,0x000000008001B512] -> 0x0000
[3335] [M]: 0x000000008001B510 (0x000005B7) lui a1, 0x0
x11 <- 0x0000000000000000
mem[X,0x000000008001B514] -> 0x8593
mem[X,0x000000008001B516] -> 0xFFF5
[3336] [M]: 0x000000008001B514 (0xFFF58593) addi a1, a1, -0x1
x11 <- 0xFFFFFFFFFFFFFFFF
mem[X,0x000000008001B518] -> 0x9593
mem[X,0x000000008001B51A] -> 0x00B5
[3337] [M]: 0x000000008001B518 (0x00B59593) slli a1, a1, 0xb
x11 <- 0xFFFFFFFFFFFFF800
mem[X,0x000000008001B51C] -> 0x8593
mem[X,0x000000008001B51E] -> 0x2575
[3338] [M]: 0x000000008001B51C (0x25758593) addi a1, a1, 0x257
x11 <- 0xFFFFFFFFFFFFFA57
mem[X,0x000000008001B520] -> 0x9593
mem[X,0x000000008001B522] -> 0x00B5
[3339] [M]: 0x000000008001B520 (0x00B59593) slli a1, a1, 0xb
x11 <- 0xFFFFFFFFFFD2B800
mem[X,0x000000008001B524] -> 0x8593
mem[X,0x000000008001B526] -> 0x6C35
[3340] [M]: 0x000000008001B524 (0x6C358593) addi a1, a1, 0x6c3
x11 <- 0xFFFFFFFFFFD2BEC3
mem[X,0x000000008001B528] -> 0x9593
mem[X,0x000000008001B52A] -> 0x00A5
[3341] [M]: 0x000000008001B528 (0x00A59593) slli a1, a1, 0xa
x11 <- 0xFFFFFFFF4AFB0C00
mem[X,0x000000008001B52C] -> 0x8593
mem[X,0x000000008001B52E] -> 0x0CE5
[3342] [M]: 0x000000008001B52C (0x0CE58593) addi a1, a1, 0xce
x11 <- 0xFFFFFFFF4AFB0CCE
mem[X,0x000000008001B530] -> 0x0113
mem[X,0x000000008001B532] -> 0x0000
[3343] [M]: 0x000000008001B530 (0x00000113) addi sp, zero, 0x0
x2 <- 0x0000000000000000
mem[X,0x000000008001B534] -> 0x006F
mem[X,0x000000008001B536] -> 0x00C0
[3344] [M]: 0x000000008001B534 (0x00C0006F) jal zero, 0xc
mem[X,0x000000008001B540] -> 0x5663
mem[X,0x000000008001B542] -> 0x00B5
[3345] [M]: 0x000000008001B540 (0x00B55663) bge a0, a1, 0xc
mem[X,0x000000008001B544] -> 0x0113
mem[X,0x000000008001B546] -> 0x0021
[3346] [M]: 0x000000008001B544 (0x00210113) addi sp, sp, 0x2
x2 <- 0x0000000000000002
mem[X,0x000000008001B548] -> 0x006F
mem[X,0x000000008001B54A] -> 0x00C0
[3347] [M]: 0x000000008001B548 (0x00C0006F) jal zero, 0xc
mem[X,0x000000008001B554] -> 0xB023
mem[X,0x000000008001B556] -> 0x7220
[3348] [M]: 0x000000008001B554 (0x7220B023) sd sp, 0x720(ra)
mem[0x00000000800488F0] <- 0x0000000000000002
mem[X,0x000000008001B558] -> 0xB537
mem[X,0x000000008001B55A] -> 0xAAAA
[3349] [M]: 0x000000008001B558 (0xAAAAB537) lui a0, -0x55555
x10 <- 0xFFFFFFFFAAAAB000
mem[X,0x000000008001B55C] -> 0x0513
mem[X,0x000000008001B55E] -> 0xAAA5
[3350] [M]: 0x000000008001B55C (0xAAA50513) addi a0, a0, -0x556
x10 <- 0xFFFFFFFFAAAAAAAA
mem[X,0x000000008001B560] -> 0x1513
mem[X,0x000000008001B562] -> 0x00B5
[3351] [M]: 0x000000008001B560 (0x00B51513) slli a0, a0, 0xb
x10 <- 0xFFFFFD5555555000
mem[X,0x000000008001B564] -> 0x0513
mem[X,0x000000008001B566] -> 0x5555
[3352] [M]: 0x000000008001B564 (0x55550513) addi a0, a0, 0x555
x10 <- 0xFFFFFD5555555555
mem[X,0x000000008001B568] -> 0x1513
mem[X,0x000000008001B56A] -> 0x00B5
[3353] [M]: 0x000000008001B568 (0x00B51513) slli a0, a0, 0xb
x10 <- 0xFFEAAAAAAAAAA800
mem[X,0x000000008001B56C] -> 0x0513
mem[X,0x000000008001B56E] -> 0x2AA5
[3354] [M]: 0x000000008001B56C (0x2AA50513) addi a0, a0, 0x2aa
x10 <- 0xFFEAAAAAAAAAAAAA
mem[X,0x000000008001B570] -> 0x1513
mem[X,0x000000008001B572] -> 0x00A5
[3355] [M]: 0x000000008001B570 (0x00A51513) slli a0, a0, 0xa
x10 <- 0xAAAAAAAAAAAAA800
mem[X,0x000000008001B574] -> 0x0513
mem[X,0x000000008001B576] -> 0x2AA5
[3356] [M]: 0x000000008001B574 (0x2AA50513) addi a0, a0, 0x2aa
x10 <- 0xAAAAAAAAAAAAAAAA
mem[X,0x000000008001B578] -> 0x05B7
mem[X,0x000000008001B57A] -> 0x0000
[3357] [M]: 0x000000008001B578 (0x000005B7) lui a1, 0x0
x11 <- 0x0000000000000000
mem[X,0x000000008001B57C] -> 0x8593
mem[X,0x000000008001B57E] -> 0x0005
[3358] [M]: 0x000000008001B57C (0x00058593) addi a1, a1, 0x0
x11 <- 0x0000000000000000
mem[X,0x000000008001B580] -> 0x9593
mem[X,0x000000008001B582] -> 0x00B5
[3359] [M]: 0x000000008001B580 (0x00B59593) slli a1, a1, 0xb
x11 <- 0x0000000000000000
mem[X,0x000000008001B584] -> 0x8593
mem[X,0x000000008001B586] -> 0x5A85
[3360] [M]: 0x000000008001B584 (0x5A858593) addi a1, a1, 0x5a8
x11 <- 0x00000000000005A8
mem[X,0x000000008001B588] -> 0x9593
mem[X,0x000000008001B58A] -> 0x00B5
[3361] [M]: 0x000000008001B588 (0x00B59593) slli a1, a1, 0xb
x11 <- 0x00000000002D4000
mem[X,0x000000008001B58C] -> 0x8593
mem[X,0x000000008001B58E] -> 0x13C5
[3362] [M]: 0x000000008001B58C (0x13C58593) addi a1, a1, 0x13c
x11 <- 0x00000000002D413C
mem[X,0x000000008001B590] -> 0x9593
mem[X,0x000000008001B592] -> 0x00A5
[3363] [M]: 0x000000008001B590 (0x00A59593) slli a1, a1, 0xa
x11 <- 0x00000000B504F000
mem[X,0x000000008001B594] -> 0x8593
mem[X,0x000000008001B596] -> 0x3345
[3364] [M]: 0x000000008001B594 (0x33458593) addi a1, a1, 0x334
x11 <- 0x00000000B504F334
mem[X,0x000000008001B598] -> 0x0113
mem[X,0x000000008001B59A] -> 0x0000
[3365] [M]: 0x000000008001B598 (0x00000113) addi sp, zero, 0x0
x2 <- 0x0000000000000000
mem[X,0x000000008001B59C] -> 0x006F
mem[X,0x000000008001B59E] -> 0x00C0
[3366] [M]: 0x000000008001B59C (0x00C0006F) jal zero, 0xc
mem[X,0x000000008001B5A8] -> 0x5063
mem[X,0x000000008001B5AA] -> 0x20B5
[3367] [M]: 0x000000008001B5A8 (0x20B55063) bge a0, a1, 0x200
mem[X,0x000000008001B5AC] -> 0x0113
mem[X,0x000000008001B5AE] -> 0x0021
[3368] [M]: 0x000000008001B5AC (0x00210113) addi sp, sp, 0x2
x2 <- 0x0000000000000002
mem[X,0x000000008001B5B0] -> 0x006F
mem[X,0x000000008001B5B2] -> 0x2000
[3369] [M]: 0x000000008001B5B0 (0x2000006F) jal zero, 0x200
mem[X,0x000000008001B7B0] -> 0xB423
mem[X,0x000000008001B7B2] -> 0x7220
[3370] [M]: 0x000000008001B7B0 (0x7220B423) sd sp, 0x728(ra)
mem[0x00000000800488F8] <- 0x0000000000000002
mem[X,0x000000008001B7B4] -> 0x0513
mem[X,0x000000008001B7B6] -> 0x0050
[3371] [M]: 0x000000008001B7B4 (0x00500513) addi a0, zero, 0x5
x10 <- 0x0000000000000005
mem[X,0x000000008001B7B8] -> 0x0593
mem[X,0x000000008001B7BA] -> 0x0030
[3372] [M]: 0x000000008001B7B8 (0x00300593) addi a1, zero, 0x3
x11 <- 0x0000000000000003
mem[X,0x000000008001B7BC] -> 0x0113
mem[X,0x000000008001B7BE] -> 0x0000
[3373] [M]: 0x000000008001B7BC (0x00000113) addi sp, zero, 0x0
x2 <- 0x0000000000000000
mem[X,0x000000008001B7C0] -> 0x006F
mem[X,0x000000008001B7C2] -> 0x0140
[3374] [M]: 0x000000008001B7C0 (0x0140006F) jal zero, 0x14
mem[X,0x000000008001B7D4] -> 0x58E3
mem[X,0x000000008001B7D6] -> 0xFEB5
[3375] [M]: 0x000000008001B7D4 (0xFEB558E3) bge a0, a1, -0x10
mem[X,0x000000008001B7C4] -> 0x0113
mem[X,0x000000008001B7C6] -> 0x0011
[3376] [M]: 0x000000008001B7C4 (0x00110113) addi sp, sp, 0x1
x2 <- 0x0000000000000001
mem[X,0x000000008001B7C8] -> 0x006F
mem[X,0x000000008001B7CA] -> 0x0200
[3377] [M]: 0x000000008001B7C8 (0x0200006F) jal zero, 0x20
mem[X,0x000000008001B7E8] -> 0xB823
mem[X,0x000000008001B7EA] -> 0x7220
[3378] [M]: 0x000000008001B7E8 (0x7220B823) sd sp, 0x730(ra)
mem[0x0000000080048900] <- 0x0000000000000001
mem[X,0x000000008001B7EC] -> 0x0513
mem[X,0x000000008001B7EE] -> 0x0050
[3379] [M]: 0x000000008001B7EC (0x00500513) addi a0, zero, 0x5
x10 <- 0x0000000000000005
mem[X,0x000000008001B7F0] -> 0x55B7
mem[X,0x000000008001B7F2] -> 0x5555
[3380] [M]: 0x000000008001B7F0 (0x555555B7) lui a1, 0x55555
x11 <- 0x0000000055555000
mem[X,0x000000008001B7F4] -> 0x8593
mem[X,0x000000008001B7F6] -> 0x5555
[3381] [M]: 0x000000008001B7F4 (0x55558593) addi a1, a1, 0x555
x11 <- 0x0000000055555555
mem[X,0x000000008001B7F8] -> 0x9593
mem[X,0x000000008001B7FA] -> 0x00B5
[3382] [M]: 0x000000008001B7F8 (0x00B59593) slli a1, a1, 0xb
x11 <- 0x000002AAAAAAA800
mem[X,0x000000008001B7FC] -> 0x8593
mem[X,0x000000008001B7FE] -> 0x2AA5
[3383] [M]: 0x000000008001B7FC (0x2AA58593) addi a1, a1, 0x2aa
x11 <- 0x000002AAAAAAAAAA
mem[X,0x000000008001B800] -> 0x9593
mem[X,0x000000008001B802] -> 0x00B5
[3384] [M]: 0x000000008001B800 (0x00B59593) slli a1, a1, 0xb
x11 <- 0x0015555555555000
mem[X,0x000000008001B804] -> 0x8593
mem[X,0x000000008001B806] -> 0x5555
[3385] [M]: 0x000000008001B804 (0x55558593) addi a1, a1, 0x555
x11 <- 0x0015555555555555
mem[X,0x000000008001B808] -> 0x9593
mem[X,0x000000008001B80A] -> 0x00A5
[3386] [M]: 0x000000008001B808 (0x00A59593) slli a1, a1, 0xa
x11 <- 0x5555555555555400
mem[X,0x000000008001B80C] -> 0x8593
mem[X,0x000000008001B80E] -> 0x1555
[3387] [M]: 0x000000008001B80C (0x15558593) addi a1, a1, 0x155
x11 <- 0x5555555555555555
mem[X,0x000000008001B810] -> 0x0113
mem[X,0x000000008001B812] -> 0x0000
[3388] [M]: 0x000000008001B810 (0x00000113) addi sp, zero, 0x0
x2 <- 0x0000000000000000
mem[X,0x000000008001B814] -> 0x006F
mem[X,0x000000008001B816] -> 0x00C0
[3389] [M]: 0x000000008001B814 (0x00C0006F) jal zero, 0xc
mem[X,0x000000008001B820] -> 0x5CE3
mem[X,0x000000008001B822] -> 0xFEB5
[3390] [M]: 0x000000008001B820 (0xFEB55CE3) bge a0, a1, -0x8
mem[X,0x000000008001B824] -> 0x0113
mem[X,0x000000008001B826] -> 0x0021
[3391] [M]: 0x000000008001B824 (0x00210113) addi sp, sp, 0x2
x2 <- 0x0000000000000002
mem[X,0x000000008001B828] -> 0x006F
mem[X,0x000000008001B82A] -> 0x00C0
[3392] [M]: 0x000000008001B828 (0x00C0006F) jal zero, 0xc
mem[X,0x000000008001B834] -> 0xBC23
mem[X,0x000000008001B836] -> 0x7220
[3393] [M]: 0x000000008001B834 (0x7220BC23) sd sp, 0x738(ra)
mem[0x0000000080048908] <- 0x0000000000000002
mem[X,0x000000008001B838] -> 0x0513
mem[X,0x000000008001B83A] -> 0x0050
[3394] [M]: 0x000000008001B838 (0x00500513) addi a0, zero, 0x5
x10 <- 0x0000000000000005
mem[X,0x000000008001B83C] -> 0xB5B7
mem[X,0x000000008001B83E] -> 0xAAAA
[3395] [M]: 0x000000008001B83C (0xAAAAB5B7) lui a1, -0x55555
x11 <- 0xFFFFFFFFAAAAB000
mem[X,0x000000008001B840] -> 0x8593
mem[X,0x000000008001B842] -> 0xAAA5
[3396] [M]: 0x000000008001B840 (0xAAA58593) addi a1, a1, -0x556
x11 <- 0xFFFFFFFFAAAAAAAA
mem[X,0x000000008001B844] -> 0x9593
mem[X,0x000000008001B846] -> 0x00B5
[3397] [M]: 0x000000008001B844 (0x00B59593) slli a1, a1, 0xb
x11 <- 0xFFFFFD5555555000
mem[X,0x000000008001B848] -> 0x8593
mem[X,0x000000008001B84A] -> 0x5555
[3398] [M]: 0x000000008001B848 (0x55558593) addi a1, a1, 0x555
x11 <- 0xFFFFFD5555555555
mem[X,0x000000008001B84C] -> 0x9593
mem[X,0x000000008001B84E] -> 0x00B5
[3399] [M]: 0x000000008001B84C (0x00B59593) slli a1, a1, 0xb
x11 <- 0xFFEAAAAAAAAAA800
clint::tick mtime <- 0x0000000000000022
 clint timer pending at mtime 0x0000000000000022
htif::tick 0x0000000000000000
mem[X,0x000000008001B850] -> 0x8593
mem[X,0x000000008001B852] -> 0x2AA5
[3400] [M]: 0x000000008001B850 (0x2AA58593) addi a1, a1, 0x2aa
x11 <- 0xFFEAAAAAAAAAAAAA
mem[X,0x000000008001B854] -> 0x9593
mem[X,0x000000008001B856] -> 0x00A5
[3401] [M]: 0x000000008001B854 (0x00A59593) slli a1, a1, 0xa
x11 <- 0xAAAAAAAAAAAAA800
mem[X,0x000000008001B858] -> 0x8593
mem[X,0x000000008001B85A] -> 0x2AA5
[3402] [M]: 0x000000008001B858 (0x2AA58593) addi a1, a1, 0x2aa
x11 <- 0xAAAAAAAAAAAAAAAA
mem[X,0x000000008001B85C] -> 0x0113
mem[X,0x000000008001B85E] -> 0x0000
[3403] [M]: 0x000000008001B85C (0x00000113) addi sp, zero, 0x0
x2 <- 0x0000000000000000
mem[X,0x000000008001B860] -> 0x006F
mem[X,0x000000008001B862] -> 0x2B10
[3404] [M]: 0x000000008001B860 (0x2B10006F) jal zero, 0xab0
mem[X,0x000000008001C310] -> 0x5A63
mem[X,0x000000008001C312] -> 0xD4B5
[3405] [M]: 0x000000008001C310 (0xD4B55A63) bge a0, a1, -0xaac
mem[X,0x000000008001B864] -> 0x0113
mem[X,0x000000008001B866] -> 0x0011
[3406] [M]: 0x000000008001B864 (0x00110113) addi sp, sp, 0x1
x2 <- 0x0000000000000001
mem[X,0x000000008001B868] -> 0x006F
mem[X,0x000000008001B86A] -> 0x2BD0
[3407] [M]: 0x000000008001B868 (0x2BD0006F) jal zero, 0xabc
mem[X,0x000000008001C324] -> 0xB023
mem[X,0x000000008001C326] -> 0x7420
[3408] [M]: 0x000000008001C324 (0x7420B023) sd sp, 0x740(ra)
mem[0x0000000080048910] <- 0x0000000000000001
mem[X,0x000000008001C328] -> 0x0513
mem[X,0x000000008001C32A] -> 0x0050
[3409] [M]: 0x000000008001C328 (0x00500513) addi a0, zero, 0x5
x10 <- 0x0000000000000005
mem[X,0x000000008001C32C] -> 0x0593
mem[X,0x000000008001C32E] -> 0x0050
[3410] [M]: 0x000000008001C32C (0x00500593) addi a1, zero, 0x5
x11 <- 0x0000000000000005
mem[X,0x000000008001C330] -> 0x0113
mem[X,0x000000008001C332] -> 0x0000
[3411] [M]: 0x000000008001C330 (0x00000113) addi sp, zero, 0x0
x2 <- 0x0000000000000000
mem[X,0x000000008001C334] -> 0x006F
mem[X,0x000000008001C336] -> 0x00C0
[3412] [M]: 0x000000008001C334 (0x00C0006F) jal zero, 0xc
mem[X,0x000000008001C340] -> 0x5CE3
mem[X,0x000000008001C342] -> 0xFEB5
[3413] [M]: 0x000000008001C340 (0xFEB55CE3) bge a0, a1, -0x8
mem[X,0x000000008001C338] -> 0x0113
mem[X,0x000000008001C33A] -> 0x0011
[3414] [M]: 0x000000008001C338 (0x00110113) addi sp, sp, 0x1
x2 <- 0x0000000000000001
mem[X,0x000000008001C33C] -> 0x006F
mem[X,0x000000008001C33E] -> 0x0180
[3415] [M]: 0x000000008001C33C (0x0180006F) jal zero, 0x18
mem[X,0x000000008001C354] -> 0xB423
mem[X,0x000000008001C356] -> 0x7420
[3416] [M]: 0x000000008001C354 (0x7420B423) sd sp, 0x748(ra)
mem[0x0000000080048918] <- 0x0000000000000001
mem[X,0x000000008001C358] -> 0x0513
mem[X,0x000000008001C35A] -> 0x0050
[3417] [M]: 0x000000008001C358 (0x00500513) addi a0, zero, 0x5
x10 <- 0x0000000000000005
mem[X,0x000000008001C35C] -> 0x35B7
mem[X,0x000000008001C35E] -> 0x3333
[3418] [M]: 0x000000008001C35C (0x333335B7) lui a1, 0x33333
x11 <- 0x0000000033333000
mem[X,0x000000008001C360] -> 0x8593
mem[X,0x000000008001C362] -> 0x3335
[3419] [M]: 0x000000008001C360 (0x33358593) addi a1, a1, 0x333
x11 <- 0x0000000033333333
mem[X,0x000000008001C364] -> 0x9593
mem[X,0x000000008001C366] -> 0x00B5
[3420] [M]: 0x000000008001C364 (0x00B59593) slli a1, a1, 0xb
x11 <- 0x0000019999999800
mem[X,0x000000008001C368] -> 0x8593
mem[X,0x000000008001C36A] -> 0x1995
[3421] [M]: 0x000000008001C368 (0x19958593) addi a1, a1, 0x199
x11 <- 0x0000019999999999
mem[X,0x000000008001C36C] -> 0x9593
mem[X,0x000000008001C36E] -> 0x00B5
[3422] [M]: 0x000000008001C36C (0x00B59593) slli a1, a1, 0xb
x11 <- 0x000CCCCCCCCCC800
mem[X,0x000000008001C370] -> 0x8593
mem[X,0x000000008001C372] -> 0x4CC5
[3423] [M]: 0x000000008001C370 (0x4CC58593) addi a1, a1, 0x4cc
x11 <- 0x000CCCCCCCCCCCCC
mem[X,0x000000008001C374] -> 0x9593
mem[X,0x000000008001C376] -> 0x00A5
[3424] [M]: 0x000000008001C374 (0x00A59593) slli a1, a1, 0xa
x11 <- 0x3333333333333000
mem[X,0x000000008001C378] -> 0x8593
mem[X,0x000000008001C37A] -> 0x3335
[3425] [M]: 0x000000008001C378 (0x33358593) addi a1, a1, 0x333
x11 <- 0x3333333333333333
mem[X,0x000000008001C37C] -> 0x0113
mem[X,0x000000008001C37E] -> 0x0000
[3426] [M]: 0x000000008001C37C (0x00000113) addi sp, zero, 0x0
x2 <- 0x0000000000000000
mem[X,0x000000008001C380] -> 0x006F
mem[X,0x000000008001C382] -> 0x00C0
[3427] [M]: 0x000000008001C380 (0x00C0006F) jal zero, 0xc
mem[X,0x000000008001C38C] -> 0x5663
mem[X,0x000000008001C38E] -> 0x00B5
[3428] [M]: 0x000000008001C38C (0x00B55663) bge a0, a1, 0xc
mem[X,0x000000008001C390] -> 0x0113
mem[X,0x000000008001C392] -> 0x0021
[3429] [M]: 0x000000008001C390 (0x00210113) addi sp, sp, 0x2
x2 <- 0x0000000000000002
mem[X,0x000000008001C394] -> 0x006F
mem[X,0x000000008001C396] -> 0x00C0
[3430] [M]: 0x000000008001C394 (0x00C0006F) jal zero, 0xc
mem[X,0x000000008001C3A0] -> 0xB823
mem[X,0x000000008001C3A2] -> 0x7420
[3431] [M]: 0x000000008001C3A0 (0x7420B823) sd sp, 0x750(ra)
mem[0x0000000080048920] <- 0x0000000000000002
mem[X,0x000000008001C3A4] -> 0x0513
mem[X,0x000000008001C3A6] -> 0x0050
[3432] [M]: 0x000000008001C3A4 (0x00500513) addi a0, zero, 0x5
x10 <- 0x0000000000000005
mem[X,0x000000008001C3A8] -> 0x65B7
mem[X,0x000000008001C3AA] -> 0x6666
[3433] [M]: 0x000000008001C3A8 (0x666665B7) lui a1, 0x66666
x11 <- 0x0000000066666000
mem[X,0x000000008001C3AC] -> 0x8593
mem[X,0x000000008001C3AE] -> 0x6665
[3434] [M]: 0x000000008001C3AC (0x66658593) addi a1, a1, 0x666
x11 <- 0x0000000066666666
mem[X,0x000000008001C3B0] -> 0x9593
mem[X,0x000000008001C3B2] -> 0x00B5
[3435] [M]: 0x000000008001C3B0 (0x00B59593) slli a1, a1, 0xb
x11 <- 0x0000033333333000
mem[X,0x000000008001C3B4] -> 0x8593
mem[X,0x000000008001C3B6] -> 0x3335
[3436] [M]: 0x000000008001C3B4 (0x33358593) addi a1, a1, 0x333
x11 <- 0x0000033333333333
mem[X,0x000000008001C3B8] -> 0x9593
mem[X,0x000000008001C3BA] -> 0x00B5
[3437] [M]: 0x000000008001C3B8 (0x00B59593) slli a1, a1, 0xb
x11 <- 0x0019999999999800
mem[X,0x000000008001C3BC] -> 0x8593
mem[X,0x000000008001C3BE] -> 0x1995
[3438] [M]: 0x000000008001C3BC (0x19958593) addi a1, a1, 0x199
x11 <- 0x0019999999999999
mem[X,0x000000008001C3C0] -> 0x9593
mem[X,0x000000008001C3C2] -> 0x00A5
[3439] [M]: 0x000000008001C3C0 (0x00A59593) slli a1, a1, 0xa
x11 <- 0x6666666666666400
mem[X,0x000000008001C3C4] -> 0x8593
mem[X,0x000000008001C3C6] -> 0x2665
[3440] [M]: 0x000000008001C3C4 (0x26658593) addi a1, a1, 0x266
x11 <- 0x6666666666666666
mem[X,0x000000008001C3C8] -> 0x0113
mem[X,0x000000008001C3CA] -> 0x0000
[3441] [M]: 0x000000008001C3C8 (0x00000113) addi sp, zero, 0x0
x2 <- 0x0000000000000000
mem[X,0x000000008001C3CC] -> 0x006F
mem[X,0x000000008001C3CE] -> 0x00C0
[3442] [M]: 0x000000008001C3CC (0x00C0006F) jal zero, 0xc
mem[X,0x000000008001C3D8] -> 0x5063
mem[X,0x000000008001C3DA] -> 0x04B5
[3443] [M]: 0x000000008001C3D8 (0x04B55063) bge a0, a1, 0x40
mem[X,0x000000008001C3DC] -> 0x0113
mem[X,0x000000008001C3DE] -> 0x0021
[3444] [M]: 0x000000008001C3DC (0x00210113) addi sp, sp, 0x2
x2 <- 0x0000000000000002
mem[X,0x000000008001C3E0] -> 0x006F
mem[X,0x000000008001C3E2] -> 0x0400
[3445] [M]: 0x000000008001C3E0 (0x0400006F) jal zero, 0x40
mem[X,0x000000008001C420] -> 0xBC23
mem[X,0x000000008001C422] -> 0x7420
[3446] [M]: 0x000000008001C420 (0x7420BC23) sd sp, 0x758(ra)
mem[0x0000000080048928] <- 0x0000000000000002
mem[X,0x000000008001C424] -> 0x0513
mem[X,0x000000008001C426] -> 0x0050
[3447] [M]: 0x000000008001C424 (0x00500513) addi a0, zero, 0x5
x10 <- 0x0000000000000005
mem[X,0x000000008001C428] -> 0x05B7
mem[X,0x000000008001C42A] -> 0x0000
[3448] [M]: 0x000000008001C428 (0x000005B7) lui a1, 0x0
x11 <- 0x0000000000000000
mem[X,0x000000008001C42C] -> 0x8593
mem[X,0x000000008001C42E] -> 0xFFF5
[3449] [M]: 0x000000008001C42C (0xFFF58593) addi a1, a1, -0x1
x11 <- 0xFFFFFFFFFFFFFFFF
mem[X,0x000000008001C430] -> 0x9593
mem[X,0x000000008001C432] -> 0x00B5
[3450] [M]: 0x000000008001C430 (0x00B59593) slli a1, a1, 0xb
x11 <- 0xFFFFFFFFFFFFF800
mem[X,0x000000008001C434] -> 0x8593
mem[X,0x000000008001C436] -> 0x2575
[3451] [M]: 0x000000008001C434 (0x25758593) addi a1, a1, 0x257
x11 <- 0xFFFFFFFFFFFFFA57
mem[X,0x000000008001C438] -> 0x9593
mem[X,0x000000008001C43A] -> 0x00B5
[3452] [M]: 0x000000008001C438 (0x00B59593) slli a1, a1, 0xb
x11 <- 0xFFFFFFFFFFD2B800
mem[X,0x000000008001C43C] -> 0x8593
mem[X,0x000000008001C43E] -> 0x6C35
[3453] [M]: 0x000000008001C43C (0x6C358593) addi a1, a1, 0x6c3
x11 <- 0xFFFFFFFFFFD2BEC3
mem[X,0x000000008001C440] -> 0x9593
mem[X,0x000000008001C442] -> 0x00A5
[3454] [M]: 0x000000008001C440 (0x00A59593) slli a1, a1, 0xa
x11 <- 0xFFFFFFFF4AFB0C00
mem[X,0x000000008001C444] -> 0x8593
mem[X,0x000000008001C446] -> 0x0CD5
[3455] [M]: 0x000000008001C444 (0x0CD58593) addi a1, a1, 0xcd
x11 <- 0xFFFFFFFF4AFB0CCD
mem[X,0x000000008001C448] -> 0x0113
mem[X,0x000000008001C44A] -> 0x0000
[3456] [M]: 0x000000008001C448 (0x00000113) addi sp, zero, 0x0
x2 <- 0x0000000000000000
mem[X,0x000000008001C44C] -> 0x006F
mem[X,0x000000008001C44E] -> 0x00C0
[3457] [M]: 0x000000008001C44C (0x00C0006F) jal zero, 0xc
mem[X,0x000000008001C458] -> 0x5863
mem[X,0x000000008001C45A] -> 0x00B5
[3458] [M]: 0x000000008001C458 (0x00B55863) bge a0, a1, 0x10
mem[X,0x000000008001C468] -> 0x0113
mem[X,0x000000008001C46A] -> 0x0031
[3459] [M]: 0x000000008001C468 (0x00310113) addi sp, sp, 0x3
x2 <- 0x0000000000000003
mem[X,0x000000008001C46C] -> 0x006F
mem[X,0x000000008001C46E] -> 0x0040
[3460] [M]: 0x000000008001C46C (0x0040006F) jal zero, 0x4
mem[X,0x000000008001C470] -> 0xB023
mem[X,0x000000008001C472] -> 0x7620
[3461] [M]: 0x000000008001C470 (0x7620B023) sd sp, 0x760(ra)
mem[0x0000000080048930] <- 0x0000000000000003
mem[X,0x000000008001C474] -> 0x0513
mem[X,0x000000008001C476] -> 0x0050
[3462] [M]: 0x000000008001C474 (0x00500513) addi a0, zero, 0x5
x10 <- 0x0000000000000005
mem[X,0x000000008001C478] -> 0x05B7
mem[X,0x000000008001C47A] -> 0x0000
[3463] [M]: 0x000000008001C478 (0x000005B7) lui a1, 0x0
x11 <- 0x0000000000000000
mem[X,0x000000008001C47C] -> 0x8593
mem[X,0x000000008001C47E] -> 0x0005
[3464] [M]: 0x000000008001C47C (0x00058593) addi a1, a1, 0x0
x11 <- 0x0000000000000000
mem[X,0x000000008001C480] -> 0x9593
mem[X,0x000000008001C482] -> 0x00B5
[3465] [M]: 0x000000008001C480 (0x00B59593) slli a1, a1, 0xb
x11 <- 0x0000000000000000
mem[X,0x000000008001C484] -> 0x8593
mem[X,0x000000008001C486] -> 0x5A85
[3466] [M]: 0x000000008001C484 (0x5A858593) addi a1, a1, 0x5a8
x11 <- 0x00000000000005A8
mem[X,0x000000008001C488] -> 0x9593
mem[X,0x000000008001C48A] -> 0x00B5
[3467] [M]: 0x000000008001C488 (0x00B59593) slli a1, a1, 0xb
x11 <- 0x00000000002D4000
mem[X,0x000000008001C48C] -> 0x8593
mem[X,0x000000008001C48E] -> 0x13C5
[3468] [M]: 0x000000008001C48C (0x13C58593) addi a1, a1, 0x13c
x11 <- 0x00000000002D413C
mem[X,0x000000008001C490] -> 0x9593
mem[X,0x000000008001C492] -> 0x00A5
[3469] [M]: 0x000000008001C490 (0x00A59593) slli a1, a1, 0xa
x11 <- 0x00000000B504F000
mem[X,0x000000008001C494] -> 0x8593
mem[X,0x000000008001C496] -> 0x3335
[3470] [M]: 0x000000008001C494 (0x33358593) addi a1, a1, 0x333
x11 <- 0x00000000B504F333
mem[X,0x000000008001C498] -> 0x0113
mem[X,0x000000008001C49A] -> 0x0000
[3471] [M]: 0x000000008001C498 (0x00000113) addi sp, zero, 0x0
x2 <- 0x0000000000000000
mem[X,0x000000008001C49C] -> 0x006F
mem[X,0x000000008001C49E] -> 0x00C0
[3472] [M]: 0x000000008001C49C (0x00C0006F) jal zero, 0xc
mem[X,0x000000008001C4A8] -> 0x5663
mem[X,0x000000008001C4AA] -> 0x00B5
[3473] [M]: 0x000000008001C4A8 (0x00B55663) bge a0, a1, 0xc
mem[X,0x000000008001C4AC] -> 0x0113
mem[X,0x000000008001C4AE] -> 0x0021
[3474] [M]: 0x000000008001C4AC (0x00210113) addi sp, sp, 0x2
x2 <- 0x0000000000000002
mem[X,0x000000008001C4B0] -> 0x006F
mem[X,0x000000008001C4B2] -> 0x00C0
[3475] [M]: 0x000000008001C4B0 (0x00C0006F) jal zero, 0xc
mem[X,0x000000008001C4BC] -> 0xB423
mem[X,0x000000008001C4BE] -> 0x7620
[3476] [M]: 0x000000008001C4BC (0x7620B423) sd sp, 0x768(ra)
mem[0x0000000080048938] <- 0x0000000000000002
mem[X,0x000000008001C4C0] -> 0x0513
mem[X,0x000000008001C4C2] -> 0x0050
[3477] [M]: 0x000000008001C4C0 (0x00500513) addi a0, zero, 0x5
x10 <- 0x0000000000000005
mem[X,0x000000008001C4C4] -> 0x0593
mem[X,0x000000008001C4C6] -> 0x0020
[3478] [M]: 0x000000008001C4C4 (0x00200593) addi a1, zero, 0x2
x11 <- 0x0000000000000002
mem[X,0x000000008001C4C8] -> 0x0113
mem[X,0x000000008001C4CA] -> 0x0000
[3479] [M]: 0x000000008001C4C8 (0x00000113) addi sp, zero, 0x0
x2 <- 0x0000000000000000
mem[X,0x000000008001C4CC] -> 0x006F
mem[X,0x000000008001C4CE] -> 0x0140
[3480] [M]: 0x000000008001C4CC (0x0140006F) jal zero, 0x14
mem[X,0x000000008001C4E0] -> 0x58E3
mem[X,0x000000008001C4E2] -> 0xFEB5
[3481] [M]: 0x000000008001C4E0 (0xFEB558E3) bge a0, a1, -0x10
mem[X,0x000000008001C4D0] -> 0x0113
mem[X,0x000000008001C4D2] -> 0x0011
[3482] [M]: 0x000000008001C4D0 (0x00110113) addi sp, sp, 0x1
x2 <- 0x0000000000000001
mem[X,0x000000008001C4D4] -> 0x006F
mem[X,0x000000008001C4D6] -> 0x0200
[3483] [M]: 0x000000008001C4D4 (0x0200006F) jal zero, 0x20
mem[X,0x000000008001C4F4] -> 0xB823
mem[X,0x000000008001C4F6] -> 0x7620
[3484] [M]: 0x000000008001C4F4 (0x7620B823) sd sp, 0x770(ra)
mem[0x0000000080048940] <- 0x0000000000000001
mem[X,0x000000008001C4F8] -> 0x0513
mem[X,0x000000008001C4FA] -> 0x0050
[3485] [M]: 0x000000008001C4F8 (0x00500513) addi a0, zero, 0x5
x10 <- 0x0000000000000005
mem[X,0x000000008001C4FC] -> 0x55B7
mem[X,0x000000008001C4FE] -> 0x5555
[3486] [M]: 0x000000008001C4FC (0x555555B7) lui a1, 0x55555
x11 <- 0x0000000055555000
mem[X,0x000000008001C500] -> 0x8593
mem[X,0x000000008001C502] -> 0x5555
[3487] [M]: 0x000000008001C500 (0x55558593) addi a1, a1, 0x555
x11 <- 0x0000000055555555
mem[X,0x000000008001C504] -> 0x9593
mem[X,0x000000008001C506] -> 0x00B5
[3488] [M]: 0x000000008001C504 (0x00B59593) slli a1, a1, 0xb
x11 <- 0x000002AAAAAAA800
mem[X,0x000000008001C508] -> 0x8593
mem[X,0x000000008001C50A] -> 0x2AA5
[3489] [M]: 0x000000008001C508 (0x2AA58593) addi a1, a1, 0x2aa
x11 <- 0x000002AAAAAAAAAA
mem[X,0x000000008001C50C] -> 0x9593
mem[X,0x000000008001C50E] -> 0x00B5
[3490] [M]: 0x000000008001C50C (0x00B59593) slli a1, a1, 0xb
x11 <- 0x0015555555555000
mem[X,0x000000008001C510] -> 0x8593
mem[X,0x000000008001C512] -> 0x5555
[3491] [M]: 0x000000008001C510 (0x55558593) addi a1, a1, 0x555
x11 <- 0x0015555555555555
mem[X,0x000000008001C514] -> 0x9593
mem[X,0x000000008001C516] -> 0x00A5
[3492] [M]: 0x000000008001C514 (0x00A59593) slli a1, a1, 0xa
x11 <- 0x5555555555555400
mem[X,0x000000008001C518] -> 0x8593
mem[X,0x000000008001C51A] -> 0x1545
[3493] [M]: 0x000000008001C518 (0x15458593) addi a1, a1, 0x154
x11 <- 0x5555555555555554
mem[X,0x000000008001C51C] -> 0x0113
mem[X,0x000000008001C51E] -> 0x0000
[3494] [M]: 0x000000008001C51C (0x00000113) addi sp, zero, 0x0
x2 <- 0x0000000000000000
mem[X,0x000000008001C520] -> 0x006F
mem[X,0x000000008001C522] -> 0x00C0
[3495] [M]: 0x000000008001C520 (0x00C0006F) jal zero, 0xc
mem[X,0x000000008001C52C] -> 0x5063
mem[X,0x000000008001C52E] -> 0x40B5
[3496] [M]: 0x000000008001C52C (0x40B55063) bge a0, a1, 0x400
mem[X,0x000000008001C530] -> 0x0113
mem[X,0x000000008001C532] -> 0x0021
[3497] [M]: 0x000000008001C530 (0x00210113) addi sp, sp, 0x2
x2 <- 0x0000000000000002
mem[X,0x000000008001C534] -> 0x006F
mem[X,0x000000008001C536] -> 0x4000
[3498] [M]: 0x000000008001C534 (0x4000006F) jal zero, 0x400
mem[X,0x000000008001C934] -> 0xBC23
mem[X,0x000000008001C936] -> 0x7620
[3499] [M]: 0x000000008001C934 (0x7620BC23) sd sp, 0x778(ra)
mem[0x0000000080048948] <- 0x0000000000000002
clint::tick mtime <- 0x0000000000000023
 clint timer pending at mtime 0x0000000000000023
htif::tick 0x0000000000000000
mem[X,0x000000008001C938] -> 0x0513
mem[X,0x000000008001C93A] -> 0x0050
[3500] [M]: 0x000000008001C938 (0x00500513) addi a0, zero, 0x5
x10 <- 0x0000000000000005
mem[X,0x000000008001C93C] -> 0x0593
mem[X,0x000000008001C93E] -> 0x0000
[3501] [M]: 0x000000008001C93C (0x00000593) addi a1, zero, 0x0
x11 <- 0x0000000000000000
mem[X,0x000000008001C940] -> 0x0113
mem[X,0x000000008001C942] -> 0x0000
[3502] [M]: 0x000000008001C940 (0x00000113) addi sp, zero, 0x0
x2 <- 0x0000000000000000
mem[X,0x000000008001C944] -> 0x006F
mem[X,0x000000008001C946] -> 0x00C0
[3503] [M]: 0x000000008001C944 (0x00C0006F) jal zero, 0xc
mem[X,0x000000008001C950] -> 0x5663
mem[X,0x000000008001C952] -> 0x00B5
[3504] [M]: 0x000000008001C950 (0x00B55663) bge a0, a1, 0xc
mem[X,0x000000008001C95C] -> 0x0113
mem[X,0x000000008001C95E] -> 0x0031
[3505] [M]: 0x000000008001C95C (0x00310113) addi sp, sp, 0x3
x2 <- 0x0000000000000003
mem[X,0x000000008001C960] -> 0x006F
mem[X,0x000000008001C962] -> 0x0040
[3506] [M]: 0x000000008001C960 (0x0040006F) jal zero, 0x4
mem[X,0x000000008001C964] -> 0xB023
mem[X,0x000000008001C966] -> 0x7820
[3507] [M]: 0x000000008001C964 (0x7820B023) sd sp, 0x780(ra)
mem[0x0000000080048950] <- 0x0000000000000003
mem[X,0x000000008001C968] -> 0x0513
mem[X,0x000000008001C96A] -> 0x0050
[3508] [M]: 0x000000008001C968 (0x00500513) addi a0, zero, 0x5
x10 <- 0x0000000000000005
mem[X,0x000000008001C96C] -> 0x0593
mem[X,0x000000008001C96E] -> 0x0040
[3509] [M]: 0x000000008001C96C (0x00400593) addi a1, zero, 0x4
x11 <- 0x0000000000000004
mem[X,0x000000008001C970] -> 0x0113
mem[X,0x000000008001C972] -> 0x0000
[3510] [M]: 0x000000008001C970 (0x00000113) addi sp, zero, 0x0
x2 <- 0x0000000000000000
mem[X,0x000000008001C974] -> 0x006F
mem[X,0x000000008001C976] -> 0x00C0
[3511] [M]: 0x000000008001C974 (0x00C0006F) jal zero, 0xc
mem[X,0x000000008001C980] -> 0x5663
mem[X,0x000000008001C982] -> 0x00B5
[3512] [M]: 0x000000008001C980 (0x00B55663) bge a0, a1, 0xc
mem[X,0x000000008001C98C] -> 0x0113
mem[X,0x000000008001C98E] -> 0x0031
[3513] [M]: 0x000000008001C98C (0x00310113) addi sp, sp, 0x3
x2 <- 0x0000000000000003
mem[X,0x000000008001C990] -> 0x006F
mem[X,0x000000008001C992] -> 0x0040
[3514] [M]: 0x000000008001C990 (0x0040006F) jal zero, 0x4
mem[X,0x000000008001C994] -> 0xB423
mem[X,0x000000008001C996] -> 0x7820
[3515] [M]: 0x000000008001C994 (0x7820B423) sd sp, 0x788(ra)
mem[0x0000000080048958] <- 0x0000000000000003
mem[X,0x000000008001C998] -> 0x0513
mem[X,0x000000008001C99A] -> 0x0050
[3516] [M]: 0x000000008001C998 (0x00500513) addi a0, zero, 0x5
x10 <- 0x0000000000000005
mem[X,0x000000008001C99C] -> 0x35B7
mem[X,0x000000008001C99E] -> 0x3333
[3517] [M]: 0x000000008001C99C (0x333335B7) lui a1, 0x33333
x11 <- 0x0000000033333000
mem[X,0x000000008001C9A0] -> 0x8593
mem[X,0x000000008001C9A2] -> 0x3335
[3518] [M]: 0x000000008001C9A0 (0x33358593) addi a1, a1, 0x333
x11 <- 0x0000000033333333
mem[X,0x000000008001C9A4] -> 0x9593
mem[X,0x000000008001C9A6] -> 0x00B5
[3519] [M]: 0x000000008001C9A4 (0x00B59593) slli a1, a1, 0xb
x11 <- 0x0000019999999800
mem[X,0x000000008001C9A8] -> 0x8593
mem[X,0x000000008001C9AA] -> 0x1995
[3520] [M]: 0x000000008001C9A8 (0x19958593) addi a1, a1, 0x199
x11 <- 0x0000019999999999
mem[X,0x000000008001C9AC] -> 0x9593
mem[X,0x000000008001C9AE] -> 0x00B5
[3521] [M]: 0x000000008001C9AC (0x00B59593) slli a1, a1, 0xb
x11 <- 0x000CCCCCCCCCC800
mem[X,0x000000008001C9B0] -> 0x8593
mem[X,0x000000008001C9B2] -> 0x4CC5
[3522] [M]: 0x000000008001C9B0 (0x4CC58593) addi a1, a1, 0x4cc
x11 <- 0x000CCCCCCCCCCCCC
mem[X,0x000000008001C9B4] -> 0x9593
mem[X,0x000000008001C9B6] -> 0x00A5
[3523] [M]: 0x000000008001C9B4 (0x00A59593) slli a1, a1, 0xa
x11 <- 0x3333333333333000
mem[X,0x000000008001C9B8] -> 0x8593
mem[X,0x000000008001C9BA] -> 0x3325
[3524] [M]: 0x000000008001C9B8 (0x33258593) addi a1, a1, 0x332
x11 <- 0x3333333333333332
mem[X,0x000000008001C9BC] -> 0x0113
mem[X,0x000000008001C9BE] -> 0x0000
[3525] [M]: 0x000000008001C9BC (0x00000113) addi sp, zero, 0x0
x2 <- 0x0000000000000000
mem[X,0x000000008001C9C0] -> 0x006F
mem[X,0x000000008001C9C2] -> 0x00C0
[3526] [M]: 0x000000008001C9C0 (0x00C0006F) jal zero, 0xc
mem[X,0x000000008001C9CC] -> 0x5063
mem[X,0x000000008001C9CE] -> 0x04B5
[3527] [M]: 0x000000008001C9CC (0x04B55063) bge a0, a1, 0x40
mem[X,0x000000008001C9D0] -> 0x0113
mem[X,0x000000008001C9D2] -> 0x0021
[3528] [M]: 0x000000008001C9D0 (0x00210113) addi sp, sp, 0x2
x2 <- 0x0000000000000002
mem[X,0x000000008001C9D4] -> 0x006F
mem[X,0x000000008001C9D6] -> 0x0400
[3529] [M]: 0x000000008001C9D4 (0x0400006F) jal zero, 0x40
mem[X,0x000000008001CA14] -> 0xB823
mem[X,0x000000008001CA16] -> 0x7820
[3530] [M]: 0x000000008001CA14 (0x7820B823) sd sp, 0x790(ra)
mem[0x0000000080048960] <- 0x0000000000000002
mem[X,0x000000008001CA18] -> 0x0513
mem[X,0x000000008001CA1A] -> 0x0050
[3531] [M]: 0x000000008001CA18 (0x00500513) addi a0, zero, 0x5
x10 <- 0x0000000000000005
mem[X,0x000000008001CA1C] -> 0x65B7
mem[X,0x000000008001CA1E] -> 0x6666
[3532] [M]: 0x000000008001CA1C (0x666665B7) lui a1, 0x66666
x11 <- 0x0000000066666000
mem[X,0x000000008001CA20] -> 0x8593
mem[X,0x000000008001CA22] -> 0x6665
[3533] [M]: 0x000000008001CA20 (0x66658593) addi a1, a1, 0x666
x11 <- 0x0000000066666666
mem[X,0x000000008001CA24] -> 0x9593
mem[X,0x000000008001CA26] -> 0x00B5
[3534] [M]: 0x000000008001CA24 (0x00B59593) slli a1, a1, 0xb
x11 <- 0x0000033333333000
mem[X,0x000000008001CA28] -> 0x8593
mem[X,0x000000008001CA2A] -> 0x3335
[3535] [M]: 0x000000008001CA28 (0x33358593) addi a1, a1, 0x333
x11 <- 0x0000033333333333
mem[X,0x000000008001CA2C] -> 0x9593
mem[X,0x000000008001CA2E] -> 0x00B5
[3536] [M]: 0x000000008001CA2C (0x00B59593) slli a1, a1, 0xb
x11 <- 0x0019999999999800
mem[X,0x000000008001CA30] -> 0x8593
mem[X,0x000000008001CA32] -> 0x1995
[3537] [M]: 0x000000008001CA30 (0x19958593) addi a1, a1, 0x199
x11 <- 0x0019999999999999
mem[X,0x000000008001CA34] -> 0x9593
mem[X,0x000000008001CA36] -> 0x00A5
[3538] [M]: 0x000000008001CA34 (0x00A59593) slli a1, a1, 0xa
x11 <- 0x6666666666666400
mem[X,0x000000008001CA38] -> 0x8593
mem[X,0x000000008001CA3A] -> 0x2655
[3539] [M]: 0x000000008001CA38 (0x26558593) addi a1, a1, 0x265
x11 <- 0x6666666666666665
mem[X,0x000000008001CA3C] -> 0x0113
mem[X,0x000000008001CA3E] -> 0x0000
[3540] [M]: 0x000000008001CA3C (0x00000113) addi sp, zero, 0x0
x2 <- 0x0000000000000000
mem[X,0x000000008001CA40] -> 0x006F
mem[X,0x000000008001CA42] -> 0x00C0
[3541] [M]: 0x000000008001CA40 (0x00C0006F) jal zero, 0xc
mem[X,0x000000008001CA4C] -> 0x5863
mem[X,0x000000008001CA4E] -> 0x00B5
[3542] [M]: 0x000000008001CA4C (0x00B55863) bge a0, a1, 0x10
mem[X,0x000000008001CA50] -> 0x0113
mem[X,0x000000008001CA52] -> 0x0021
[3543] [M]: 0x000000008001CA50 (0x00210113) addi sp, sp, 0x2
x2 <- 0x0000000000000002
mem[X,0x000000008001CA54] -> 0x006F
mem[X,0x000000008001CA56] -> 0x0100
[3544] [M]: 0x000000008001CA54 (0x0100006F) jal zero, 0x10
mem[X,0x000000008001CA64] -> 0xBC23
mem[X,0x000000008001CA66] -> 0x7820
[3545] [M]: 0x000000008001CA64 (0x7820BC23) sd sp, 0x798(ra)
mem[0x0000000080048968] <- 0x0000000000000002
mem[X,0x000000008001CA68] -> 0x0513
mem[X,0x000000008001CA6A] -> 0x0050
[3546] [M]: 0x000000008001CA68 (0x00500513) addi a0, zero, 0x5
x10 <- 0x0000000000000005
mem[X,0x000000008001CA6C] -> 0x05B7
mem[X,0x000000008001CA6E] -> 0x0000
[3547] [M]: 0x000000008001CA6C (0x000005B7) lui a1, 0x0
x11 <- 0x0000000000000000
mem[X,0x000000008001CA70] -> 0x8593
mem[X,0x000000008001CA72] -> 0x0005
[3548] [M]: 0x000000008001CA70 (0x00058593) addi a1, a1, 0x0
x11 <- 0x0000000000000000
mem[X,0x000000008001CA74] -> 0x9593
mem[X,0x000000008001CA76] -> 0x00B5
[3549] [M]: 0x000000008001CA74 (0x00B59593) slli a1, a1, 0xb
x11 <- 0x0000000000000000
mem[X,0x000000008001CA78] -> 0x8593
mem[X,0x000000008001CA7A] -> 0x5A85
[3550] [M]: 0x000000008001CA78 (0x5A858593) addi a1, a1, 0x5a8
x11 <- 0x00000000000005A8
mem[X,0x000000008001CA7C] -> 0x9593
mem[X,0x000000008001CA7E] -> 0x00B5
[3551] [M]: 0x000000008001CA7C (0x00B59593) slli a1, a1, 0xb
x11 <- 0x00000000002D4000
mem[X,0x000000008001CA80] -> 0x8593
mem[X,0x000000008001CA82] -> 0x13C5
[3552] [M]: 0x000000008001CA80 (0x13C58593) addi a1, a1, 0x13c
x11 <- 0x00000000002D413C
mem[X,0x000000008001CA84] -> 0x9593
mem[X,0x000000008001CA86] -> 0x00A5
[3553] [M]: 0x000000008001CA84 (0x00A59593) slli a1, a1, 0xa
x11 <- 0x00000000B504F000
mem[X,0x000000008001CA88] -> 0x8593
mem[X,0x000000008001CA8A] -> 0x3325
[3554] [M]: 0x000000008001CA88 (0x33258593) addi a1, a1, 0x332
x11 <- 0x00000000B504F332
mem[X,0x000000008001CA8C] -> 0x0113
mem[X,0x000000008001CA8E] -> 0x0000
[3555] [M]: 0x000000008001CA8C (0x00000113) addi sp, zero, 0x0
x2 <- 0x0000000000000000
mem[X,0x000000008001CA90] -> 0x006F
mem[X,0x000000008001CA92] -> 0x00C0
[3556] [M]: 0x000000008001CA90 (0x00C0006F) jal zero, 0xc
mem[X,0x000000008001CA9C] -> 0x5063
mem[X,0x000000008001CA9E] -> 0x20B5
[3557] [M]: 0x000000008001CA9C (0x20B55063) bge a0, a1, 0x200
mem[X,0x000000008001CAA0] -> 0x0113
mem[X,0x000000008001CAA2] -> 0x0021
[3558] [M]: 0x000000008001CAA0 (0x00210113) addi sp, sp, 0x2
x2 <- 0x0000000000000002
mem[X,0x000000008001CAA4] -> 0x006F
mem[X,0x000000008001CAA6] -> 0x2000
[3559] [M]: 0x000000008001CAA4 (0x2000006F) jal zero, 0x200
mem[X,0x000000008001CCA4] -> 0xB023
mem[X,0x000000008001CCA6] -> 0x7A20
[3560] [M]: 0x000000008001CCA4 (0x7A20B023) sd sp, 0x7a0(ra)
mem[0x0000000080048970] <- 0x0000000000000002
mem[X,0x000000008001CCA8] -> 0x0513
mem[X,0x000000008001CCAA] -> 0x0050
[3561] [M]: 0x000000008001CCA8 (0x00500513) addi a0, zero, 0x5
x10 <- 0x0000000000000005
mem[X,0x000000008001CCAC] -> 0x55B7
mem[X,0x000000008001CCAE] -> 0x5555
[3562] [M]: 0x000000008001CCAC (0x555555B7) lui a1, 0x55555
x11 <- 0x0000000055555000
mem[X,0x000000008001CCB0] -> 0x8593
mem[X,0x000000008001CCB2] -> 0x5555
[3563] [M]: 0x000000008001CCB0 (0x55558593) addi a1, a1, 0x555
x11 <- 0x0000000055555555
mem[X,0x000000008001CCB4] -> 0x9593
mem[X,0x000000008001CCB6] -> 0x00B5
[3564] [M]: 0x000000008001CCB4 (0x00B59593) slli a1, a1, 0xb
x11 <- 0x000002AAAAAAA800
mem[X,0x000000008001CCB8] -> 0x8593
mem[X,0x000000008001CCBA] -> 0x2AA5
[3565] [M]: 0x000000008001CCB8 (0x2AA58593) addi a1, a1, 0x2aa
x11 <- 0x000002AAAAAAAAAA
mem[X,0x000000008001CCBC] -> 0x9593
mem[X,0x000000008001CCBE] -> 0x00B5
[3566] [M]: 0x000000008001CCBC (0x00B59593) slli a1, a1, 0xb
x11 <- 0x0015555555555000
mem[X,0x000000008001CCC0] -> 0x8593
mem[X,0x000000008001CCC2] -> 0x5555
[3567] [M]: 0x000000008001CCC0 (0x55558593) addi a1, a1, 0x555
x11 <- 0x0015555555555555
mem[X,0x000000008001CCC4] -> 0x9593
mem[X,0x000000008001CCC6] -> 0x00A5
[3568] [M]: 0x000000008001CCC4 (0x00A59593) slli a1, a1, 0xa
x11 <- 0x5555555555555400
mem[X,0x000000008001CCC8] -> 0x8593
mem[X,0x000000008001CCCA] -> 0x1565
[3569] [M]: 0x000000008001CCC8 (0x15658593) addi a1, a1, 0x156
x11 <- 0x5555555555555556
mem[X,0x000000008001CCCC] -> 0x0113
mem[X,0x000000008001CCCE] -> 0x0000
[3570] [M]: 0x000000008001CCCC (0x00000113) addi sp, zero, 0x0
x2 <- 0x0000000000000000
mem[X,0x000000008001CCD0] -> 0x006F
mem[X,0x000000008001CCD2] -> 0x00C0
[3571] [M]: 0x000000008001CCD0 (0x00C0006F) jal zero, 0xc
mem[X,0x000000008001CCDC] -> 0x5063
mem[X,0x000000008001CCDE] -> 0x08B5
[3572] [M]: 0x000000008001CCDC (0x08B55063) bge a0, a1, 0x80
mem[X,0x000000008001CCE0] -> 0x0113
mem[X,0x000000008001CCE2] -> 0x0021
[3573] [M]: 0x000000008001CCE0 (0x00210113) addi sp, sp, 0x2
x2 <- 0x0000000000000002
mem[X,0x000000008001CCE4] -> 0x006F
mem[X,0x000000008001CCE6] -> 0x0800
[3574] [M]: 0x000000008001CCE4 (0x0800006F) jal zero, 0x80
mem[X,0x000000008001CD64] -> 0xB423
mem[X,0x000000008001CD66] -> 0x7A20
[3575] [M]: 0x000000008001CD64 (0x7A20B423) sd sp, 0x7a8(ra)
mem[0x0000000080048978] <- 0x0000000000000002
mem[X,0x000000008001CD68] -> 0x0513
mem[X,0x000000008001CD6A] -> 0x0050
[3576] [M]: 0x000000008001CD68 (0x00500513) addi a0, zero, 0x5
x10 <- 0x0000000000000005
mem[X,0x000000008001CD6C] -> 0xB5B7
mem[X,0x000000008001CD6E] -> 0xAAAA
[3577] [M]: 0x000000008001CD6C (0xAAAAB5B7) lui a1, -0x55555
x11 <- 0xFFFFFFFFAAAAB000
mem[X,0x000000008001CD70] -> 0x8593
mem[X,0x000000008001CD72] -> 0xAAA5
[3578] [M]: 0x000000008001CD70 (0xAAA58593) addi a1, a1, -0x556
x11 <- 0xFFFFFFFFAAAAAAAA
mem[X,0x000000008001CD74] -> 0x9593
mem[X,0x000000008001CD76] -> 0x00B5
[3579] [M]: 0x000000008001CD74 (0x00B59593) slli a1, a1, 0xb
x11 <- 0xFFFFFD5555555000
mem[X,0x000000008001CD78] -> 0x8593
mem[X,0x000000008001CD7A] -> 0x5555
[3580] [M]: 0x000000008001CD78 (0x55558593) addi a1, a1, 0x555
x11 <- 0xFFFFFD5555555555
mem[X,0x000000008001CD7C] -> 0x9593
mem[X,0x000000008001CD7E] -> 0x00B5
[3581] [M]: 0x000000008001CD7C (0x00B59593) slli a1, a1, 0xb
x11 <- 0xFFEAAAAAAAAAA800
mem[X,0x000000008001CD80] -> 0x8593
mem[X,0x000000008001CD82] -> 0x2AA5
[3582] [M]: 0x000000008001CD80 (0x2AA58593) addi a1, a1, 0x2aa
x11 <- 0xFFEAAAAAAAAAAAAA
mem[X,0x000000008001CD84] -> 0x9593
mem[X,0x000000008001CD86] -> 0x00A5
[3583] [M]: 0x000000008001CD84 (0x00A59593) slli a1, a1, 0xa
x11 <- 0xAAAAAAAAAAAAA800
mem[X,0x000000008001CD88] -> 0x8593
mem[X,0x000000008001CD8A] -> 0x2AB5
[3584] [M]: 0x000000008001CD88 (0x2AB58593) addi a1, a1, 0x2ab
x11 <- 0xAAAAAAAAAAAAAAAB
mem[X,0x000000008001CD8C] -> 0x0113
mem[X,0x000000008001CD8E] -> 0x0000
[3585] [M]: 0x000000008001CD8C (0x00000113) addi sp, zero, 0x0
x2 <- 0x0000000000000000
mem[X,0x000000008001CD90] -> 0x006F
mem[X,0x000000008001CD92] -> 0x00C0
[3586] [M]: 0x000000008001CD90 (0x00C0006F) jal zero, 0xc
mem[X,0x000000008001CD9C] -> 0x5663
mem[X,0x000000008001CD9E] -> 0x00B5
[3587] [M]: 0x000000008001CD9C (0x00B55663) bge a0, a1, 0xc
mem[X,0x000000008001CDA8] -> 0x0113
mem[X,0x000000008001CDAA] -> 0x0031
[3588] [M]: 0x000000008001CDA8 (0x00310113) addi sp, sp, 0x3
x2 <- 0x0000000000000003
mem[X,0x000000008001CDAC] -> 0x006F
mem[X,0x000000008001CDAE] -> 0x0040
[3589] [M]: 0x000000008001CDAC (0x0040006F) jal zero, 0x4
mem[X,0x000000008001CDB0] -> 0xB823
mem[X,0x000000008001CDB2] -> 0x7A20
[3590] [M]: 0x000000008001CDB0 (0x7A20B823) sd sp, 0x7b0(ra)
mem[0x0000000080048980] <- 0x0000000000000003
mem[X,0x000000008001CDB4] -> 0x0513
mem[X,0x000000008001CDB6] -> 0x0050
[3591] [M]: 0x000000008001CDB4 (0x00500513) addi a0, zero, 0x5
x10 <- 0x0000000000000005
mem[X,0x000000008001CDB8] -> 0x0593
mem[X,0x000000008001CDBA] -> 0x0060
[3592] [M]: 0x000000008001CDB8 (0x00600593) addi a1, zero, 0x6
x11 <- 0x0000000000000006
mem[X,0x000000008001CDBC] -> 0x0113
mem[X,0x000000008001CDBE] -> 0x0000
[3593] [M]: 0x000000008001CDBC (0x00000113) addi sp, zero, 0x0
x2 <- 0x0000000000000000
mem[X,0x000000008001CDC0] -> 0x006F
mem[X,0x000000008001CDC2] -> 0x00C0
[3594] [M]: 0x000000008001CDC0 (0x00C0006F) jal zero, 0xc
mem[X,0x000000008001CDCC] -> 0x5063
mem[X,0x000000008001CDCE] -> 0x20B5
[3595] [M]: 0x000000008001CDCC (0x20B55063) bge a0, a1, 0x200
mem[X,0x000000008001CDD0] -> 0x0113
mem[X,0x000000008001CDD2] -> 0x0021
[3596] [M]: 0x000000008001CDD0 (0x00210113) addi sp, sp, 0x2
x2 <- 0x0000000000000002
mem[X,0x000000008001CDD4] -> 0x006F
mem[X,0x000000008001CDD6] -> 0x2000
[3597] [M]: 0x000000008001CDD4 (0x2000006F) jal zero, 0x200
mem[X,0x000000008001CFD4] -> 0xBC23
mem[X,0x000000008001CFD6] -> 0x7A20
[3598] [M]: 0x000000008001CFD4 (0x7A20BC23) sd sp, 0x7b8(ra)
mem[0x0000000080048988] <- 0x0000000000000002
mem[X,0x000000008001CFD8] -> 0x0513
mem[X,0x000000008001CFDA] -> 0x0050
[3599] [M]: 0x000000008001CFD8 (0x00500513) addi a0, zero, 0x5
x10 <- 0x0000000000000005
clint::tick mtime <- 0x0000000000000024
 clint timer pending at mtime 0x0000000000000024
htif::tick 0x0000000000000000
mem[X,0x000000008001CFDC] -> 0x35B7
mem[X,0x000000008001CFDE] -> 0x3333
[3600] [M]: 0x000000008001CFDC (0x333335B7) lui a1, 0x33333
x11 <- 0x0000000033333000
mem[X,0x000000008001CFE0] -> 0x8593
mem[X,0x000000008001CFE2] -> 0x3335
[3601] [M]: 0x000000008001CFE0 (0x33358593) addi a1, a1, 0x333
x11 <- 0x0000000033333333
mem[X,0x000000008001CFE4] -> 0x9593
mem[X,0x000000008001CFE6] -> 0x00B5
[3602] [M]: 0x000000008001CFE4 (0x00B59593) slli a1, a1, 0xb
x11 <- 0x0000019999999800
mem[X,0x000000008001CFE8] -> 0x8593
mem[X,0x000000008001CFEA] -> 0x1995
[3603] [M]: 0x000000008001CFE8 (0x19958593) addi a1, a1, 0x199
x11 <- 0x0000019999999999
mem[X,0x000000008001CFEC] -> 0x9593
mem[X,0x000000008001CFEE] -> 0x00B5
[3604] [M]: 0x000000008001CFEC (0x00B59593) slli a1, a1, 0xb
x11 <- 0x000CCCCCCCCCC800
mem[X,0x000000008001CFF0] -> 0x8593
mem[X,0x000000008001CFF2] -> 0x4CC5
[3605] [M]: 0x000000008001CFF0 (0x4CC58593) addi a1, a1, 0x4cc
x11 <- 0x000CCCCCCCCCCCCC
mem[X,0x000000008001CFF4] -> 0x9593
mem[X,0x000000008001CFF6] -> 0x00A5
[3606] [M]: 0x000000008001CFF4 (0x00A59593) slli a1, a1, 0xa
x11 <- 0x3333333333333000
mem[X,0x000000008001CFF8] -> 0x8593
mem[X,0x000000008001CFFA] -> 0x3345
[3607] [M]: 0x000000008001CFF8 (0x33458593) addi a1, a1, 0x334
x11 <- 0x3333333333333334
mem[X,0x000000008001CFFC] -> 0x0113
mem[X,0x000000008001CFFE] -> 0x0000
[3608] [M]: 0x000000008001CFFC (0x00000113) addi sp, zero, 0x0
x2 <- 0x0000000000000000
mem[X,0x000000008001D000] -> 0x006F
mem[X,0x000000008001D002] -> 0x00C0
[3609] [M]: 0x000000008001D000 (0x00C0006F) jal zero, 0xc
mem[X,0x000000008001D00C] -> 0x5663
mem[X,0x000000008001D00E] -> 0x00B5
[3610] [M]: 0x000000008001D00C (0x00B55663) bge a0, a1, 0xc
mem[X,0x000000008001D010] -> 0x0113
mem[X,0x000000008001D012] -> 0x0021
[3611] [M]: 0x000000008001D010 (0x00210113) addi sp, sp, 0x2
x2 <- 0x0000000000000002
mem[X,0x000000008001D014] -> 0x006F
mem[X,0x000000008001D016] -> 0x00C0
[3612] [M]: 0x000000008001D014 (0x00C0006F) jal zero, 0xc
mem[X,0x000000008001D020] -> 0xB023
mem[X,0x000000008001D022] -> 0x7C20
[3613] [M]: 0x000000008001D020 (0x7C20B023) sd sp, 0x7c0(ra)
mem[0x0000000080048990] <- 0x0000000000000002
mem[X,0x000000008001D024] -> 0x0513
mem[X,0x000000008001D026] -> 0x0050
[3614] [M]: 0x000000008001D024 (0x00500513) addi a0, zero, 0x5
x10 <- 0x0000000000000005
mem[X,0x000000008001D028] -> 0x65B7
mem[X,0x000000008001D02A] -> 0x6666
[3615] [M]: 0x000000008001D028 (0x666665B7) lui a1, 0x66666
x11 <- 0x0000000066666000
mem[X,0x000000008001D02C] -> 0x8593
mem[X,0x000000008001D02E] -> 0x6665
[3616] [M]: 0x000000008001D02C (0x66658593) addi a1, a1, 0x666
x11 <- 0x0000000066666666
mem[X,0x000000008001D030] -> 0x9593
mem[X,0x000000008001D032] -> 0x00B5
[3617] [M]: 0x000000008001D030 (0x00B59593) slli a1, a1, 0xb
x11 <- 0x0000033333333000
mem[X,0x000000008001D034] -> 0x8593
mem[X,0x000000008001D036] -> 0x3335
[3618] [M]: 0x000000008001D034 (0x33358593) addi a1, a1, 0x333
x11 <- 0x0000033333333333
mem[X,0x000000008001D038] -> 0x9593
mem[X,0x000000008001D03A] -> 0x00B5
[3619] [M]: 0x000000008001D038 (0x00B59593) slli a1, a1, 0xb
x11 <- 0x0019999999999800
mem[X,0x000000008001D03C] -> 0x8593
mem[X,0x000000008001D03E] -> 0x1995
[3620] [M]: 0x000000008001D03C (0x19958593) addi a1, a1, 0x199
x11 <- 0x0019999999999999
mem[X,0x000000008001D040] -> 0x9593
mem[X,0x000000008001D042] -> 0x00A5
[3621] [M]: 0x000000008001D040 (0x00A59593) slli a1, a1, 0xa
x11 <- 0x6666666666666400
mem[X,0x000000008001D044] -> 0x8593
mem[X,0x000000008001D046] -> 0x2675
[3622] [M]: 0x000000008001D044 (0x26758593) addi a1, a1, 0x267
x11 <- 0x6666666666666667
mem[X,0x000000008001D048] -> 0x0113
mem[X,0x000000008001D04A] -> 0x0000
[3623] [M]: 0x000000008001D048 (0x00000113) addi sp, zero, 0x0
x2 <- 0x0000000000000000
mem[X,0x000000008001D04C] -> 0x006F
mem[X,0x000000008001D04E] -> 0x00C0
[3624] [M]: 0x000000008001D04C (0x00C0006F) jal zero, 0xc
mem[X,0x000000008001D058] -> 0x5063
mem[X,0x000000008001D05A] -> 0x04B5
[3625] [M]: 0x000000008001D058 (0x04B55063) bge a0, a1, 0x40
mem[X,0x000000008001D05C] -> 0x0113
mem[X,0x000000008001D05E] -> 0x0021
[3626] [M]: 0x000000008001D05C (0x00210113) addi sp, sp, 0x2
x2 <- 0x0000000000000002
mem[X,0x000000008001D060] -> 0x006F
mem[X,0x000000008001D062] -> 0x0400
[3627] [M]: 0x000000008001D060 (0x0400006F) jal zero, 0x40
mem[X,0x000000008001D0A0] -> 0xB423
mem[X,0x000000008001D0A2] -> 0x7C20
[3628] [M]: 0x000000008001D0A0 (0x7C20B423) sd sp, 0x7c8(ra)
mem[0x0000000080048998] <- 0x0000000000000002
mem[X,0x000000008001D0A4] -> 0x0513
mem[X,0x000000008001D0A6] -> 0x0050
[3629] [M]: 0x000000008001D0A4 (0x00500513) addi a0, zero, 0x5
x10 <- 0x0000000000000005
mem[X,0x000000008001D0A8] -> 0x05B7
mem[X,0x000000008001D0AA] -> 0x0000
[3630] [M]: 0x000000008001D0A8 (0x000005B7) lui a1, 0x0
x11 <- 0x0000000000000000
mem[X,0x000000008001D0AC] -> 0x8593
mem[X,0x000000008001D0AE] -> 0xFFF5
[3631] [M]: 0x000000008001D0AC (0xFFF58593) addi a1, a1, -0x1
x11 <- 0xFFFFFFFFFFFFFFFF
mem[X,0x000000008001D0B0] -> 0x9593
mem[X,0x000000008001D0B2] -> 0x00B5
[3632] [M]: 0x000000008001D0B0 (0x00B59593) slli a1, a1, 0xb
x11 <- 0xFFFFFFFFFFFFF800
mem[X,0x000000008001D0B4] -> 0x8593
mem[X,0x000000008001D0B6] -> 0x2575
[3633] [M]: 0x000000008001D0B4 (0x25758593) addi a1, a1, 0x257
x11 <- 0xFFFFFFFFFFFFFA57
mem[X,0x000000008001D0B8] -> 0x9593
mem[X,0x000000008001D0BA] -> 0x00B5
[3634] [M]: 0x000000008001D0B8 (0x00B59593) slli a1, a1, 0xb
x11 <- 0xFFFFFFFFFFD2B800
mem[X,0x000000008001D0BC] -> 0x8593
mem[X,0x000000008001D0BE] -> 0x6C35
[3635] [M]: 0x000000008001D0BC (0x6C358593) addi a1, a1, 0x6c3
x11 <- 0xFFFFFFFFFFD2BEC3
mem[X,0x000000008001D0C0] -> 0x9593
mem[X,0x000000008001D0C2] -> 0x00A5
[3636] [M]: 0x000000008001D0C0 (0x00A59593) slli a1, a1, 0xa
x11 <- 0xFFFFFFFF4AFB0C00
mem[X,0x000000008001D0C4] -> 0x8593
mem[X,0x000000008001D0C6] -> 0x0CE5
[3637] [M]: 0x000000008001D0C4 (0x0CE58593) addi a1, a1, 0xce
x11 <- 0xFFFFFFFF4AFB0CCE
mem[X,0x000000008001D0C8] -> 0x0113
mem[X,0x000000008001D0CA] -> 0x0000
[3638] [M]: 0x000000008001D0C8 (0x00000113) addi sp, zero, 0x0
x2 <- 0x0000000000000000
mem[X,0x000000008001D0CC] -> 0x006F
mem[X,0x000000008001D0CE] -> 0x0180
[3639] [M]: 0x000000008001D0CC (0x0180006F) jal zero, 0x18
mem[X,0x000000008001D0E4] -> 0x56E3
mem[X,0x000000008001D0E6] -> 0xFEB5
[3640] [M]: 0x000000008001D0E4 (0xFEB556E3) bge a0, a1, -0x14
mem[X,0x000000008001D0D0] -> 0x0113
mem[X,0x000000008001D0D2] -> 0x0011
[3641] [M]: 0x000000008001D0D0 (0x00110113) addi sp, sp, 0x1
x2 <- 0x0000000000000001
mem[X,0x000000008001D0D4] -> 0x006F
mem[X,0x000000008001D0D6] -> 0x0240
[3642] [M]: 0x000000008001D0D4 (0x0240006F) jal zero, 0x24
mem[X,0x000000008001D0F8] -> 0xB823
mem[X,0x000000008001D0FA] -> 0x7C20
[3643] [M]: 0x000000008001D0F8 (0x7C20B823) sd sp, 0x7d0(ra)
mem[0x00000000800489A0] <- 0x0000000000000001
mem[X,0x000000008001D0FC] -> 0x0513
mem[X,0x000000008001D0FE] -> 0x0050
[3644] [M]: 0x000000008001D0FC (0x00500513) addi a0, zero, 0x5
x10 <- 0x0000000000000005
mem[X,0x000000008001D100] -> 0x05B7
mem[X,0x000000008001D102] -> 0x0000
[3645] [M]: 0x000000008001D100 (0x000005B7) lui a1, 0x0
x11 <- 0x0000000000000000
mem[X,0x000000008001D104] -> 0x8593
mem[X,0x000000008001D106] -> 0x0005
[3646] [M]: 0x000000008001D104 (0x00058593) addi a1, a1, 0x0
x11 <- 0x0000000000000000
mem[X,0x000000008001D108] -> 0x9593
mem[X,0x000000008001D10A] -> 0x00B5
[3647] [M]: 0x000000008001D108 (0x00B59593) slli a1, a1, 0xb
x11 <- 0x0000000000000000
mem[X,0x000000008001D10C] -> 0x8593
mem[X,0x000000008001D10E] -> 0x5A85
[3648] [M]: 0x000000008001D10C (0x5A858593) addi a1, a1, 0x5a8
x11 <- 0x00000000000005A8
mem[X,0x000000008001D110] -> 0x9593
mem[X,0x000000008001D112] -> 0x00B5
[3649] [M]: 0x000000008001D110 (0x00B59593) slli a1, a1, 0xb
x11 <- 0x00000000002D4000
mem[X,0x000000008001D114] -> 0x8593
mem[X,0x000000008001D116] -> 0x13C5
[3650] [M]: 0x000000008001D114 (0x13C58593) addi a1, a1, 0x13c
x11 <- 0x00000000002D413C
mem[X,0x000000008001D118] -> 0x9593
mem[X,0x000000008001D11A] -> 0x00A5
[3651] [M]: 0x000000008001D118 (0x00A59593) slli a1, a1, 0xa
x11 <- 0x00000000B504F000
mem[X,0x000000008001D11C] -> 0x8593
mem[X,0x000000008001D11E] -> 0x3345
[3652] [M]: 0x000000008001D11C (0x33458593) addi a1, a1, 0x334
x11 <- 0x00000000B504F334
mem[X,0x000000008001D120] -> 0x0113
mem[X,0x000000008001D122] -> 0x0000
[3653] [M]: 0x000000008001D120 (0x00000113) addi sp, zero, 0x0
x2 <- 0x0000000000000000
mem[X,0x000000008001D124] -> 0x006F
mem[X,0x000000008001D126] -> 0x00C0
[3654] [M]: 0x000000008001D124 (0x00C0006F) jal zero, 0xc
mem[X,0x000000008001D130] -> 0x5063
mem[X,0x000000008001D132] -> 0x04B5
[3655] [M]: 0x000000008001D130 (0x04B55063) bge a0, a1, 0x40
mem[X,0x000000008001D134] -> 0x0113
mem[X,0x000000008001D136] -> 0x0021
[3656] [M]: 0x000000008001D134 (0x00210113) addi sp, sp, 0x2
x2 <- 0x0000000000000002
mem[X,0x000000008001D138] -> 0x006F
mem[X,0x000000008001D13A] -> 0x0400
[3657] [M]: 0x000000008001D138 (0x0400006F) jal zero, 0x40
mem[X,0x000000008001D178] -> 0xBC23
mem[X,0x000000008001D17A] -> 0x7C20
[3658] [M]: 0x000000008001D178 (0x7C20BC23) sd sp, 0x7d8(ra)
mem[0x00000000800489A8] <- 0x0000000000000002
mem[X,0x000000008001D17C] -> 0x3537
mem[X,0x000000008001D17E] -> 0x3333
[3659] [M]: 0x000000008001D17C (0x33333537) lui a0, 0x33333
x10 <- 0x0000000033333000
mem[X,0x000000008001D180] -> 0x0513
mem[X,0x000000008001D182] -> 0x3335
[3660] [M]: 0x000000008001D180 (0x33350513) addi a0, a0, 0x333
x10 <- 0x0000000033333333
mem[X,0x000000008001D184] -> 0x1513
mem[X,0x000000008001D186] -> 0x00B5
[3661] [M]: 0x000000008001D184 (0x00B51513) slli a0, a0, 0xb
x10 <- 0x0000019999999800
mem[X,0x000000008001D188] -> 0x0513
mem[X,0x000000008001D18A] -> 0x1995
[3662] [M]: 0x000000008001D188 (0x19950513) addi a0, a0, 0x199
x10 <- 0x0000019999999999
mem[X,0x000000008001D18C] -> 0x1513
mem[X,0x000000008001D18E] -> 0x00B5
[3663] [M]: 0x000000008001D18C (0x00B51513) slli a0, a0, 0xb
x10 <- 0x000CCCCCCCCCC800
mem[X,0x000000008001D190] -> 0x0513
mem[X,0x000000008001D192] -> 0x4CC5
[3664] [M]: 0x000000008001D190 (0x4CC50513) addi a0, a0, 0x4cc
x10 <- 0x000CCCCCCCCCCCCC
mem[X,0x000000008001D194] -> 0x1513
mem[X,0x000000008001D196] -> 0x00A5
[3665] [M]: 0x000000008001D194 (0x00A51513) slli a0, a0, 0xa
x10 <- 0x3333333333333000
mem[X,0x000000008001D198] -> 0x0513
mem[X,0x000000008001D19A] -> 0x3335
[3666] [M]: 0x000000008001D198 (0x33350513) addi a0, a0, 0x333
x10 <- 0x3333333333333333
mem[X,0x000000008001D19C] -> 0x0593
mem[X,0x000000008001D19E] -> 0x0030
[3667] [M]: 0x000000008001D19C (0x00300593) addi a1, zero, 0x3
x11 <- 0x0000000000000003
mem[X,0x000000008001D1A0] -> 0x0113
mem[X,0x000000008001D1A2] -> 0x0000
[3668] [M]: 0x000000008001D1A0 (0x00000113) addi sp, zero, 0x0
x2 <- 0x0000000000000000
mem[X,0x000000008001D1A4] -> 0x006F
mem[X,0x000000008001D1A6] -> 0x00C0
[3669] [M]: 0x000000008001D1A4 (0x00C0006F) jal zero, 0xc
mem[X,0x000000008001D1B0] -> 0x5CE3
mem[X,0x000000008001D1B2] -> 0xFEB5
[3670] [M]: 0x000000008001D1B0 (0xFEB55CE3) bge a0, a1, -0x8
mem[X,0x000000008001D1A8] -> 0x0113
mem[X,0x000000008001D1AA] -> 0x0011
[3671] [M]: 0x000000008001D1A8 (0x00110113) addi sp, sp, 0x1
x2 <- 0x0000000000000001
mem[X,0x000000008001D1AC] -> 0x006F
mem[X,0x000000008001D1AE] -> 0x0180
[3672] [M]: 0x000000008001D1AC (0x0180006F) jal zero, 0x18
mem[X,0x000000008001D1C4] -> 0xB023
mem[X,0x000000008001D1C6] -> 0x7E20
[3673] [M]: 0x000000008001D1C4 (0x7E20B023) sd sp, 0x7e0(ra)
mem[0x00000000800489B0] <- 0x0000000000000001
mem[X,0x000000008001D1C8] -> 0x3537
mem[X,0x000000008001D1CA] -> 0x3333
[3674] [M]: 0x000000008001D1C8 (0x33333537) lui a0, 0x33333
x10 <- 0x0000000033333000
mem[X,0x000000008001D1CC] -> 0x0513
mem[X,0x000000008001D1CE] -> 0x3335
[3675] [M]: 0x000000008001D1CC (0x33350513) addi a0, a0, 0x333
x10 <- 0x0000000033333333
mem[X,0x000000008001D1D0] -> 0x1513
mem[X,0x000000008001D1D2] -> 0x00B5
[3676] [M]: 0x000000008001D1D0 (0x00B51513) slli a0, a0, 0xb
x10 <- 0x0000019999999800
mem[X,0x000000008001D1D4] -> 0x0513
mem[X,0x000000008001D1D6] -> 0x1995
[3677] [M]: 0x000000008001D1D4 (0x19950513) addi a0, a0, 0x199
x10 <- 0x0000019999999999
mem[X,0x000000008001D1D8] -> 0x1513
mem[X,0x000000008001D1DA] -> 0x00B5
[3678] [M]: 0x000000008001D1D8 (0x00B51513) slli a0, a0, 0xb
x10 <- 0x000CCCCCCCCCC800
mem[X,0x000000008001D1DC] -> 0x0513
mem[X,0x000000008001D1DE] -> 0x4CC5
[3679] [M]: 0x000000008001D1DC (0x4CC50513) addi a0, a0, 0x4cc
x10 <- 0x000CCCCCCCCCCCCC
mem[X,0x000000008001D1E0] -> 0x1513
mem[X,0x000000008001D1E2] -> 0x00A5
[3680] [M]: 0x000000008001D1E0 (0x00A51513) slli a0, a0, 0xa
x10 <- 0x3333333333333000
mem[X,0x000000008001D1E4] -> 0x0513
mem[X,0x000000008001D1E6] -> 0x3335
[3681] [M]: 0x000000008001D1E4 (0x33350513) addi a0, a0, 0x333
x10 <- 0x3333333333333333
mem[X,0x000000008001D1E8] -> 0x55B7
mem[X,0x000000008001D1EA] -> 0x5555
[3682] [M]: 0x000000008001D1E8 (0x555555B7) lui a1, 0x55555
x11 <- 0x0000000055555000
mem[X,0x000000008001D1EC] -> 0x8593
mem[X,0x000000008001D1EE] -> 0x5555
[3683] [M]: 0x000000008001D1EC (0x55558593) addi a1, a1, 0x555
x11 <- 0x0000000055555555
mem[X,0x000000008001D1F0] -> 0x9593
mem[X,0x000000008001D1F2] -> 0x00B5
[3684] [M]: 0x000000008001D1F0 (0x00B59593) slli a1, a1, 0xb
x11 <- 0x000002AAAAAAA800
mem[X,0x000000008001D1F4] -> 0x8593
mem[X,0x000000008001D1F6] -> 0x2AA5
[3685] [M]: 0x000000008001D1F4 (0x2AA58593) addi a1, a1, 0x2aa
x11 <- 0x000002AAAAAAAAAA
mem[X,0x000000008001D1F8] -> 0x9593
mem[X,0x000000008001D1FA] -> 0x00B5
[3686] [M]: 0x000000008001D1F8 (0x00B59593) slli a1, a1, 0xb
x11 <- 0x0015555555555000
mem[X,0x000000008001D1FC] -> 0x8593
mem[X,0x000000008001D1FE] -> 0x5555
[3687] [M]: 0x000000008001D1FC (0x55558593) addi a1, a1, 0x555
x11 <- 0x0015555555555555
mem[X,0x000000008001D200] -> 0x9593
mem[X,0x000000008001D202] -> 0x00A5
[3688] [M]: 0x000000008001D200 (0x00A59593) slli a1, a1, 0xa
x11 <- 0x5555555555555400
mem[X,0x000000008001D204] -> 0x8593
mem[X,0x000000008001D206] -> 0x1555
[3689] [M]: 0x000000008001D204 (0x15558593) addi a1, a1, 0x155
x11 <- 0x5555555555555555
mem[X,0x000000008001D208] -> 0x0113
mem[X,0x000000008001D20A] -> 0x0000
[3690] [M]: 0x000000008001D208 (0x00000113) addi sp, zero, 0x0
x2 <- 0x0000000000000000
mem[X,0x000000008001D20C] -> 0x006F
mem[X,0x000000008001D20E] -> 0x00C0
[3691] [M]: 0x000000008001D20C (0x00C0006F) jal zero, 0xc
mem[X,0x000000008001D218] -> 0x5863
mem[X,0x000000008001D21A] -> 0x00B5
[3692] [M]: 0x000000008001D218 (0x00B55863) bge a0, a1, 0x10
mem[X,0x000000008001D21C] -> 0x0113
mem[X,0x000000008001D21E] -> 0x0021
[3693] [M]: 0x000000008001D21C (0x00210113) addi sp, sp, 0x2
x2 <- 0x0000000000000002
mem[X,0x000000008001D220] -> 0x006F
mem[X,0x000000008001D222] -> 0x0100
[3694] [M]: 0x000000008001D220 (0x0100006F) jal zero, 0x10
mem[X,0x000000008001D230] -> 0xB423
mem[X,0x000000008001D232] -> 0x7E20
[3695] [M]: 0x000000008001D230 (0x7E20B423) sd sp, 0x7e8(ra)
mem[0x00000000800489B8] <- 0x0000000000000002
mem[X,0x000000008001D234] -> 0x3537
mem[X,0x000000008001D236] -> 0x3333
[3696] [M]: 0x000000008001D234 (0x33333537) lui a0, 0x33333
x10 <- 0x0000000033333000
mem[X,0x000000008001D238] -> 0x0513
mem[X,0x000000008001D23A] -> 0x3335
[3697] [M]: 0x000000008001D238 (0x33350513) addi a0, a0, 0x333
x10 <- 0x0000000033333333
mem[X,0x000000008001D23C] -> 0x1513
mem[X,0x000000008001D23E] -> 0x00B5
[3698] [M]: 0x000000008001D23C (0x00B51513) slli a0, a0, 0xb
x10 <- 0x0000019999999800
mem[X,0x000000008001D240] -> 0x0513
mem[X,0x000000008001D242] -> 0x1995
[3699] [M]: 0x000000008001D240 (0x19950513) addi a0, a0, 0x199
x10 <- 0x0000019999999999
clint::tick mtime <- 0x0000000000000025
 clint timer pending at mtime 0x0000000000000025
htif::tick 0x0000000000000000
mem[X,0x000000008001D244] -> 0x1513
mem[X,0x000000008001D246] -> 0x00B5
[3700] [M]: 0x000000008001D244 (0x00B51513) slli a0, a0, 0xb
x10 <- 0x000CCCCCCCCCC800
mem[X,0x000000008001D248] -> 0x0513
mem[X,0x000000008001D24A] -> 0x4CC5
[3701] [M]: 0x000000008001D248 (0x4CC50513) addi a0, a0, 0x4cc
x10 <- 0x000CCCCCCCCCCCCC
mem[X,0x000000008001D24C] -> 0x1513
mem[X,0x000000008001D24E] -> 0x00A5
[3702] [M]: 0x000000008001D24C (0x00A51513) slli a0, a0, 0xa
x10 <- 0x3333333333333000
mem[X,0x000000008001D250] -> 0x0513
mem[X,0x000000008001D252] -> 0x3335
[3703] [M]: 0x000000008001D250 (0x33350513) addi a0, a0, 0x333
x10 <- 0x3333333333333333
mem[X,0x000000008001D254] -> 0xB5B7
mem[X,0x000000008001D256] -> 0xAAAA
[3704] [M]: 0x000000008001D254 (0xAAAAB5B7) lui a1, -0x55555
x11 <- 0xFFFFFFFFAAAAB000
mem[X,0x000000008001D258] -> 0x8593
mem[X,0x000000008001D25A] -> 0xAAA5
[3705] [M]: 0x000000008001D258 (0xAAA58593) addi a1, a1, -0x556
x11 <- 0xFFFFFFFFAAAAAAAA
mem[X,0x000000008001D25C] -> 0x9593
mem[X,0x000000008001D25E] -> 0x00B5
[3706] [M]: 0x000000008001D25C (0x00B59593) slli a1, a1, 0xb
x11 <- 0xFFFFFD5555555000
mem[X,0x000000008001D260] -> 0x8593
mem[X,0x000000008001D262] -> 0x5555
[3707] [M]: 0x000000008001D260 (0x55558593) addi a1, a1, 0x555
x11 <- 0xFFFFFD5555555555
mem[X,0x000000008001D264] -> 0x9593
mem[X,0x000000008001D266] -> 0x00B5
[3708] [M]: 0x000000008001D264 (0x00B59593) slli a1, a1, 0xb
x11 <- 0xFFEAAAAAAAAAA800
mem[X,0x000000008001D268] -> 0x8593
mem[X,0x000000008001D26A] -> 0x2AA5
[3709] [M]: 0x000000008001D268 (0x2AA58593) addi a1, a1, 0x2aa
x11 <- 0xFFEAAAAAAAAAAAAA
mem[X,0x000000008001D26C] -> 0x9593
mem[X,0x000000008001D26E] -> 0x00A5
[3710] [M]: 0x000000008001D26C (0x00A59593) slli a1, a1, 0xa
x11 <- 0xAAAAAAAAAAAAA800
mem[X,0x000000008001D270] -> 0x8593
mem[X,0x000000008001D272] -> 0x2AA5
[3711] [M]: 0x000000008001D270 (0x2AA58593) addi a1, a1, 0x2aa
x11 <- 0xAAAAAAAAAAAAAAAA
mem[X,0x000000008001D274] -> 0x0113
mem[X,0x000000008001D276] -> 0x0000
[3712] [M]: 0x000000008001D274 (0x00000113) addi sp, zero, 0x0
x2 <- 0x0000000000000000
mem[X,0x000000008001D278] -> 0x006F
mem[X,0x000000008001D27A] -> 0x00C0
[3713] [M]: 0x000000008001D278 (0x00C0006F) jal zero, 0xc
mem[X,0x000000008001D284] -> 0x5063
mem[X,0x000000008001D286] -> 0x10B5
[3714] [M]: 0x000000008001D284 (0x10B55063) bge a0, a1, 0x100
mem[X,0x000000008001D384] -> 0x0113
mem[X,0x000000008001D386] -> 0x0031
[3715] [M]: 0x000000008001D384 (0x00310113) addi sp, sp, 0x3
x2 <- 0x0000000000000003
mem[X,0x000000008001D388] -> 0x006F
mem[X,0x000000008001D38A] -> 0x0040
[3716] [M]: 0x000000008001D388 (0x0040006F) jal zero, 0x4
mem[X,0x000000008001D38C] -> 0xB823
mem[X,0x000000008001D38E] -> 0x7E20
[3717] [M]: 0x000000008001D38C (0x7E20B823) sd sp, 0x7f0(ra)
mem[0x00000000800489C0] <- 0x0000000000000003
mem[X,0x000000008001D390] -> 0x3537
mem[X,0x000000008001D392] -> 0x3333
[3718] [M]: 0x000000008001D390 (0x33333537) lui a0, 0x33333
x10 <- 0x0000000033333000
mem[X,0x000000008001D394] -> 0x0513
mem[X,0x000000008001D396] -> 0x3335
[3719] [M]: 0x000000008001D394 (0x33350513) addi a0, a0, 0x333
x10 <- 0x0000000033333333
mem[X,0x000000008001D398] -> 0x1513
mem[X,0x000000008001D39A] -> 0x00B5
[3720] [M]: 0x000000008001D398 (0x00B51513) slli a0, a0, 0xb
x10 <- 0x0000019999999800
mem[X,0x000000008001D39C] -> 0x0513
mem[X,0x000000008001D39E] -> 0x1995
[3721] [M]: 0x000000008001D39C (0x19950513) addi a0, a0, 0x199
x10 <- 0x0000019999999999
mem[X,0x000000008001D3A0] -> 0x1513
mem[X,0x000000008001D3A2] -> 0x00B5
[3722] [M]: 0x000000008001D3A0 (0x00B51513) slli a0, a0, 0xb
x10 <- 0x000CCCCCCCCCC800
mem[X,0x000000008001D3A4] -> 0x0513
mem[X,0x000000008001D3A6] -> 0x4CC5
[3723] [M]: 0x000000008001D3A4 (0x4CC50513) addi a0, a0, 0x4cc
x10 <- 0x000CCCCCCCCCCCCC
mem[X,0x000000008001D3A8] -> 0x1513
mem[X,0x000000008001D3AA] -> 0x00A5
[3724] [M]: 0x000000008001D3A8 (0x00A51513) slli a0, a0, 0xa
x10 <- 0x3333333333333000
mem[X,0x000000008001D3AC] -> 0x0513
mem[X,0x000000008001D3AE] -> 0x3335
[3725] [M]: 0x000000008001D3AC (0x33350513) addi a0, a0, 0x333
x10 <- 0x3333333333333333
mem[X,0x000000008001D3B0] -> 0x0593
mem[X,0x000000008001D3B2] -> 0x0050
[3726] [M]: 0x000000008001D3B0 (0x00500593) addi a1, zero, 0x5
x11 <- 0x0000000000000005
mem[X,0x000000008001D3B4] -> 0x0113
mem[X,0x000000008001D3B6] -> 0x0000
[3727] [M]: 0x000000008001D3B4 (0x00000113) addi sp, zero, 0x0
x2 <- 0x0000000000000000
mem[X,0x000000008001D3B8] -> 0x006F
mem[X,0x000000008001D3BA] -> 0x2B10
[3728] [M]: 0x000000008001D3B8 (0x2B10006F) jal zero, 0xab0
mem[X,0x000000008001DE68] -> 0x5A63
mem[X,0x000000008001DE6A] -> 0xD4B5
[3729] [M]: 0x000000008001DE68 (0xD4B55A63) bge a0, a1, -0xaac
mem[X,0x000000008001D3BC] -> 0x0113
mem[X,0x000000008001D3BE] -> 0x0011
[3730] [M]: 0x000000008001D3BC (0x00110113) addi sp, sp, 0x1
x2 <- 0x0000000000000001
mem[X,0x000000008001D3C0] -> 0x006F
mem[X,0x000000008001D3C2] -> 0x2BD0
[3731] [M]: 0x000000008001D3C0 (0x2BD0006F) jal zero, 0xabc
mem[X,0x000000008001DE7C] -> 0xBC23
mem[X,0x000000008001DE7E] -> 0x7E20
[3732] [M]: 0x000000008001DE7C (0x7E20BC23) sd sp, 0x7f8(ra)
mem[0x00000000800489C8] <- 0x0000000000000001
mem[X,0x000000008001DE80] -> 0xB097
mem[X,0x000000008001DE82] -> 0x0002
[3733] [M]: 0x000000008001DE80 (0x0002B097) auipc ra, 0x2b
x1 <- 0x0000000080048E80
mem[X,0x000000008001DE84] -> 0x8093
mem[X,0x000000008001DE86] -> 0xB500
[3734] [M]: 0x000000008001DE84 (0xB5008093) addi ra, ra, -0x4b0
x1 <- 0x00000000800489D0
mem[X,0x000000008001DE88] -> 0x0013
mem[X,0x000000008001DE8A] -> 0x0000
[3735] [M]: 0x000000008001DE88 (0x00000013) addi zero, zero, 0x0
mem[X,0x000000008001DE8C] -> 0x0013
mem[X,0x000000008001DE8E] -> 0x0000
[3736] [M]: 0x000000008001DE8C (0x00000013) addi zero, zero, 0x0
mem[X,0x000000008001DE90] -> 0x0013
mem[X,0x000000008001DE92] -> 0x0000
[3737] [M]: 0x000000008001DE90 (0x00000013) addi zero, zero, 0x0
mem[X,0x000000008001DE94] -> 0x0013
mem[X,0x000000008001DE96] -> 0x0000
[3738] [M]: 0x000000008001DE94 (0x00000013) addi zero, zero, 0x0
mem[X,0x000000008001DE98] -> 0x0013
mem[X,0x000000008001DE9A] -> 0x0000
[3739] [M]: 0x000000008001DE98 (0x00000013) addi zero, zero, 0x0
mem[X,0x000000008001DE9C] -> 0x0013
mem[X,0x000000008001DE9E] -> 0x0000
[3740] [M]: 0x000000008001DE9C (0x00000013) addi zero, zero, 0x0
mem[X,0x000000008001DEA0] -> 0x3537
mem[X,0x000000008001DEA2] -> 0x3333
[3741] [M]: 0x000000008001DEA0 (0x33333537) lui a0, 0x33333
x10 <- 0x0000000033333000
mem[X,0x000000008001DEA4] -> 0x0513
mem[X,0x000000008001DEA6] -> 0x3335
[3742] [M]: 0x000000008001DEA4 (0x33350513) addi a0, a0, 0x333
x10 <- 0x0000000033333333
mem[X,0x000000008001DEA8] -> 0x1513
mem[X,0x000000008001DEAA] -> 0x00B5
[3743] [M]: 0x000000008001DEA8 (0x00B51513) slli a0, a0, 0xb
x10 <- 0x0000019999999800
mem[X,0x000000008001DEAC] -> 0x0513
mem[X,0x000000008001DEAE] -> 0x1995
[3744] [M]: 0x000000008001DEAC (0x19950513) addi a0, a0, 0x199
x10 <- 0x0000019999999999
mem[X,0x000000008001DEB0] -> 0x1513
mem[X,0x000000008001DEB2] -> 0x00B5
[3745] [M]: 0x000000008001DEB0 (0x00B51513) slli a0, a0, 0xb
x10 <- 0x000CCCCCCCCCC800
mem[X,0x000000008001DEB4] -> 0x0513
mem[X,0x000000008001DEB6] -> 0x4CC5
[3746] [M]: 0x000000008001DEB4 (0x4CC50513) addi a0, a0, 0x4cc
x10 <- 0x000CCCCCCCCCCCCC
mem[X,0x000000008001DEB8] -> 0x1513
mem[X,0x000000008001DEBA] -> 0x00A5
[3747] [M]: 0x000000008001DEB8 (0x00A51513) slli a0, a0, 0xa
x10 <- 0x3333333333333000
mem[X,0x000000008001DEBC] -> 0x0513
mem[X,0x000000008001DEBE] -> 0x3335
[3748] [M]: 0x000000008001DEBC (0x33350513) addi a0, a0, 0x333
x10 <- 0x3333333333333333
mem[X,0x000000008001DEC0] -> 0x35B7
mem[X,0x000000008001DEC2] -> 0x3333
[3749] [M]: 0x000000008001DEC0 (0x333335B7) lui a1, 0x33333
x11 <- 0x0000000033333000
mem[X,0x000000008001DEC4] -> 0x8593
mem[X,0x000000008001DEC6] -> 0x3335
[3750] [M]: 0x000000008001DEC4 (0x33358593) addi a1, a1, 0x333
x11 <- 0x0000000033333333
mem[X,0x000000008001DEC8] -> 0x9593
mem[X,0x000000008001DECA] -> 0x00B5
[3751] [M]: 0x000000008001DEC8 (0x00B59593) slli a1, a1, 0xb
x11 <- 0x0000019999999800
mem[X,0x000000008001DECC] -> 0x8593
mem[X,0x000000008001DECE] -> 0x1995
[3752] [M]: 0x000000008001DECC (0x19958593) addi a1, a1, 0x199
x11 <- 0x0000019999999999
mem[X,0x000000008001DED0] -> 0x9593
mem[X,0x000000008001DED2] -> 0x00B5
[3753] [M]: 0x000000008001DED0 (0x00B59593) slli a1, a1, 0xb
x11 <- 0x000CCCCCCCCCC800
mem[X,0x000000008001DED4] -> 0x8593
mem[X,0x000000008001DED6] -> 0x4CC5
[3754] [M]: 0x000000008001DED4 (0x4CC58593) addi a1, a1, 0x4cc
x11 <- 0x000CCCCCCCCCCCCC
mem[X,0x000000008001DED8] -> 0x9593
mem[X,0x000000008001DEDA] -> 0x00A5
[3755] [M]: 0x000000008001DED8 (0x00A59593) slli a1, a1, 0xa
x11 <- 0x3333333333333000
mem[X,0x000000008001DEDC] -> 0x8593
mem[X,0x000000008001DEDE] -> 0x3335
[3756] [M]: 0x000000008001DEDC (0x33358593) addi a1, a1, 0x333
x11 <- 0x3333333333333333
mem[X,0x000000008001DEE0] -> 0x0113
mem[X,0x000000008001DEE2] -> 0x0000
[3757] [M]: 0x000000008001DEE0 (0x00000113) addi sp, zero, 0x0
x2 <- 0x0000000000000000
mem[X,0x000000008001DEE4] -> 0x006F
mem[X,0x000000008001DEE6] -> 0x00C0
[3758] [M]: 0x000000008001DEE4 (0x00C0006F) jal zero, 0xc
mem[X,0x000000008001DEF0] -> 0x5663
mem[X,0x000000008001DEF2] -> 0x00B5
[3759] [M]: 0x000000008001DEF0 (0x00B55663) bge a0, a1, 0xc
mem[X,0x000000008001DEFC] -> 0x0113
mem[X,0x000000008001DEFE] -> 0x0031
[3760] [M]: 0x000000008001DEFC (0x00310113) addi sp, sp, 0x3
x2 <- 0x0000000000000003
mem[X,0x000000008001DF00] -> 0x006F
mem[X,0x000000008001DF02] -> 0x0040
[3761] [M]: 0x000000008001DF00 (0x0040006F) jal zero, 0x4
mem[X,0x000000008001DF04] -> 0xB023
mem[X,0x000000008001DF06] -> 0x0020
[3762] [M]: 0x000000008001DF04 (0x0020B023) sd sp, 0x0(ra)
mem[0x00000000800489D0] <- 0x0000000000000003
mem[X,0x000000008001DF08] -> 0x3537
mem[X,0x000000008001DF0A] -> 0x3333
[3763] [M]: 0x000000008001DF08 (0x33333537) lui a0, 0x33333
x10 <- 0x0000000033333000
mem[X,0x000000008001DF0C] -> 0x0513
mem[X,0x000000008001DF0E] -> 0x3335
[3764] [M]: 0x000000008001DF0C (0x33350513) addi a0, a0, 0x333
x10 <- 0x0000000033333333
mem[X,0x000000008001DF10] -> 0x1513
mem[X,0x000000008001DF12] -> 0x00B5
[3765] [M]: 0x000000008001DF10 (0x00B51513) slli a0, a0, 0xb
x10 <- 0x0000019999999800
mem[X,0x000000008001DF14] -> 0x0513
mem[X,0x000000008001DF16] -> 0x1995
[3766] [M]: 0x000000008001DF14 (0x19950513) addi a0, a0, 0x199
x10 <- 0x0000019999999999
mem[X,0x000000008001DF18] -> 0x1513
mem[X,0x000000008001DF1A] -> 0x00B5
[3767] [M]: 0x000000008001DF18 (0x00B51513) slli a0, a0, 0xb
x10 <- 0x000CCCCCCCCCC800
mem[X,0x000000008001DF1C] -> 0x0513
mem[X,0x000000008001DF1E] -> 0x4CC5
[3768] [M]: 0x000000008001DF1C (0x4CC50513) addi a0, a0, 0x4cc
x10 <- 0x000CCCCCCCCCCCCC
mem[X,0x000000008001DF20] -> 0x1513
mem[X,0x000000008001DF22] -> 0x00A5
[3769] [M]: 0x000000008001DF20 (0x00A51513) slli a0, a0, 0xa
x10 <- 0x3333333333333000
mem[X,0x000000008001DF24] -> 0x0513
mem[X,0x000000008001DF26] -> 0x3335
[3770] [M]: 0x000000008001DF24 (0x33350513) addi a0, a0, 0x333
x10 <- 0x3333333333333333
mem[X,0x000000008001DF28] -> 0x65B7
mem[X,0x000000008001DF2A] -> 0x6666
[3771] [M]: 0x000000008001DF28 (0x666665B7) lui a1, 0x66666
x11 <- 0x0000000066666000
mem[X,0x000000008001DF2C] -> 0x8593
mem[X,0x000000008001DF2E] -> 0x6665
[3772] [M]: 0x000000008001DF2C (0x66658593) addi a1, a1, 0x666
x11 <- 0x0000000066666666
mem[X,0x000000008001DF30] -> 0x9593
mem[X,0x000000008001DF32] -> 0x00B5
[3773] [M]: 0x000000008001DF30 (0x00B59593) slli a1, a1, 0xb
x11 <- 0x0000033333333000
mem[X,0x000000008001DF34] -> 0x8593
mem[X,0x000000008001DF36] -> 0x3335
[3774] [M]: 0x000000008001DF34 (0x33358593) addi a1, a1, 0x333
x11 <- 0x0000033333333333
mem[X,0x000000008001DF38] -> 0x9593
mem[X,0x000000008001DF3A] -> 0x00B5
[3775] [M]: 0x000000008001DF38 (0x00B59593) slli a1, a1, 0xb
x11 <- 0x0019999999999800
mem[X,0x000000008001DF3C] -> 0x8593
mem[X,0x000000008001DF3E] -> 0x1995
[3776] [M]: 0x000000008001DF3C (0x19958593) addi a1, a1, 0x199
x11 <- 0x0019999999999999
mem[X,0x000000008001DF40] -> 0x9593
mem[X,0x000000008001DF42] -> 0x00A5
[3777] [M]: 0x000000008001DF40 (0x00A59593) slli a1, a1, 0xa
x11 <- 0x6666666666666400
mem[X,0x000000008001DF44] -> 0x8593
mem[X,0x000000008001DF46] -> 0x2665
[3778] [M]: 0x000000008001DF44 (0x26658593) addi a1, a1, 0x266
x11 <- 0x6666666666666666
mem[X,0x000000008001DF48] -> 0x0113
mem[X,0x000000008001DF4A] -> 0x0000
[3779] [M]: 0x000000008001DF48 (0x00000113) addi sp, zero, 0x0
x2 <- 0x0000000000000000
mem[X,0x000000008001DF4C] -> 0x006F
mem[X,0x000000008001DF4E] -> 0x2B10
[3780] [M]: 0x000000008001DF4C (0x2B10006F) jal zero, 0xab0
mem[X,0x000000008001E9FC] -> 0x5A63
mem[X,0x000000008001E9FE] -> 0xD4B5
[3781] [M]: 0x000000008001E9FC (0xD4B55A63) bge a0, a1, -0xaac
mem[X,0x000000008001EA00] -> 0x0113
mem[X,0x000000008001EA02] -> 0x0021
[3782] [M]: 0x000000008001EA00 (0x00210113) addi sp, sp, 0x2
x2 <- 0x0000000000000002
mem[X,0x000000008001EA04] -> 0x006F
mem[X,0x000000008001EA06] -> 0x00C0
[3783] [M]: 0x000000008001EA04 (0x00C0006F) jal zero, 0xc
mem[X,0x000000008001EA10] -> 0xB423
mem[X,0x000000008001EA12] -> 0x0020
[3784] [M]: 0x000000008001EA10 (0x0020B423) sd sp, 0x8(ra)
mem[0x00000000800489D8] <- 0x0000000000000002
mem[X,0x000000008001EA14] -> 0x3537
mem[X,0x000000008001EA16] -> 0x3333
[3785] [M]: 0x000000008001EA14 (0x33333537) lui a0, 0x33333
x10 <- 0x0000000033333000
mem[X,0x000000008001EA18] -> 0x0513
mem[X,0x000000008001EA1A] -> 0x3335
[3786] [M]: 0x000000008001EA18 (0x33350513) addi a0, a0, 0x333
x10 <- 0x0000000033333333
mem[X,0x000000008001EA1C] -> 0x1513
mem[X,0x000000008001EA1E] -> 0x00B5
[3787] [M]: 0x000000008001EA1C (0x00B51513) slli a0, a0, 0xb
x10 <- 0x0000019999999800
mem[X,0x000000008001EA20] -> 0x0513
mem[X,0x000000008001EA22] -> 0x1995
[3788] [M]: 0x000000008001EA20 (0x19950513) addi a0, a0, 0x199
x10 <- 0x0000019999999999
mem[X,0x000000008001EA24] -> 0x1513
mem[X,0x000000008001EA26] -> 0x00B5
[3789] [M]: 0x000000008001EA24 (0x00B51513) slli a0, a0, 0xb
x10 <- 0x000CCCCCCCCCC800
mem[X,0x000000008001EA28] -> 0x0513
mem[X,0x000000008001EA2A] -> 0x4CC5
[3790] [M]: 0x000000008001EA28 (0x4CC50513) addi a0, a0, 0x4cc
x10 <- 0x000CCCCCCCCCCCCC
mem[X,0x000000008001EA2C] -> 0x1513
mem[X,0x000000008001EA2E] -> 0x00A5
[3791] [M]: 0x000000008001EA2C (0x00A51513) slli a0, a0, 0xa
x10 <- 0x3333333333333000
mem[X,0x000000008001EA30] -> 0x0513
mem[X,0x000000008001EA32] -> 0x3335
[3792] [M]: 0x000000008001EA30 (0x33350513) addi a0, a0, 0x333
x10 <- 0x3333333333333333
mem[X,0x000000008001EA34] -> 0x05B7
mem[X,0x000000008001EA36] -> 0x0000
[3793] [M]: 0x000000008001EA34 (0x000005B7) lui a1, 0x0
x11 <- 0x0000000000000000
mem[X,0x000000008001EA38] -> 0x8593
mem[X,0x000000008001EA3A] -> 0xFFF5
[3794] [M]: 0x000000008001EA38 (0xFFF58593) addi a1, a1, -0x1
x11 <- 0xFFFFFFFFFFFFFFFF
mem[X,0x000000008001EA3C] -> 0x9593
mem[X,0x000000008001EA3E] -> 0x00B5
[3795] [M]: 0x000000008001EA3C (0x00B59593) slli a1, a1, 0xb
x11 <- 0xFFFFFFFFFFFFF800
mem[X,0x000000008001EA40] -> 0x8593
mem[X,0x000000008001EA42] -> 0x2575
[3796] [M]: 0x000000008001EA40 (0x25758593) addi a1, a1, 0x257
x11 <- 0xFFFFFFFFFFFFFA57
mem[X,0x000000008001EA44] -> 0x9593
mem[X,0x000000008001EA46] -> 0x00B5
[3797] [M]: 0x000000008001EA44 (0x00B59593) slli a1, a1, 0xb
x11 <- 0xFFFFFFFFFFD2B800
mem[X,0x000000008001EA48] -> 0x8593
mem[X,0x000000008001EA4A] -> 0x6C35
[3798] [M]: 0x000000008001EA48 (0x6C358593) addi a1, a1, 0x6c3
x11 <- 0xFFFFFFFFFFD2BEC3
mem[X,0x000000008001EA4C] -> 0x9593
mem[X,0x000000008001EA4E] -> 0x00A5
[3799] [M]: 0x000000008001EA4C (0x00A59593) slli a1, a1, 0xa
x11 <- 0xFFFFFFFF4AFB0C00
clint::tick mtime <- 0x0000000000000026
 clint timer pending at mtime 0x0000000000000026
htif::tick 0x0000000000000000
mem[X,0x000000008001EA50] -> 0x8593
mem[X,0x000000008001EA52] -> 0x0CD5
[3800] [M]: 0x000000008001EA50 (0x0CD58593) addi a1, a1, 0xcd
x11 <- 0xFFFFFFFF4AFB0CCD
mem[X,0x000000008001EA54] -> 0x0113
mem[X,0x000000008001EA56] -> 0x0000
[3801] [M]: 0x000000008001EA54 (0x00000113) addi sp, zero, 0x0
x2 <- 0x0000000000000000
mem[X,0x000000008001EA58] -> 0x006F
mem[X,0x000000008001EA5A] -> 0x00C0
[3802] [M]: 0x000000008001EA58 (0x00C0006F) jal zero, 0xc
mem[X,0x000000008001EA64] -> 0x5063
mem[X,0x000000008001EA66] -> 0x08B5
[3803] [M]: 0x000000008001EA64 (0x08B55063) bge a0, a1, 0x80
mem[X,0x000000008001EAE4] -> 0x0113
mem[X,0x000000008001EAE6] -> 0x0031
[3804] [M]: 0x000000008001EAE4 (0x00310113) addi sp, sp, 0x3
x2 <- 0x0000000000000003
mem[X,0x000000008001EAE8] -> 0x006F
mem[X,0x000000008001EAEA] -> 0x0040
[3805] [M]: 0x000000008001EAE8 (0x0040006F) jal zero, 0x4
mem[X,0x000000008001EAEC] -> 0xB823
mem[X,0x000000008001EAEE] -> 0x0020
[3806] [M]: 0x000000008001EAEC (0x0020B823) sd sp, 0x10(ra)
mem[0x00000000800489E0] <- 0x0000000000000003
mem[X,0x000000008001EAF0] -> 0x3537
mem[X,0x000000008001EAF2] -> 0x3333
[3807] [M]: 0x000000008001EAF0 (0x33333537) lui a0, 0x33333
x10 <- 0x0000000033333000
mem[X,0x000000008001EAF4] -> 0x0513
mem[X,0x000000008001EAF6] -> 0x3335
[3808] [M]: 0x000000008001EAF4 (0x33350513) addi a0, a0, 0x333
x10 <- 0x0000000033333333
mem[X,0x000000008001EAF8] -> 0x1513
mem[X,0x000000008001EAFA] -> 0x00B5
[3809] [M]: 0x000000008001EAF8 (0x00B51513) slli a0, a0, 0xb
x10 <- 0x0000019999999800
mem[X,0x000000008001EAFC] -> 0x0513
mem[X,0x000000008001EAFE] -> 0x1995
[3810] [M]: 0x000000008001EAFC (0x19950513) addi a0, a0, 0x199
x10 <- 0x0000019999999999
mem[X,0x000000008001EB00] -> 0x1513
mem[X,0x000000008001EB02] -> 0x00B5
[3811] [M]: 0x000000008001EB00 (0x00B51513) slli a0, a0, 0xb
x10 <- 0x000CCCCCCCCCC800
mem[X,0x000000008001EB04] -> 0x0513
mem[X,0x000000008001EB06] -> 0x4CC5
[3812] [M]: 0x000000008001EB04 (0x4CC50513) addi a0, a0, 0x4cc
x10 <- 0x000CCCCCCCCCCCCC
mem[X,0x000000008001EB08] -> 0x1513
mem[X,0x000000008001EB0A] -> 0x00A5
[3813] [M]: 0x000000008001EB08 (0x00A51513) slli a0, a0, 0xa
x10 <- 0x3333333333333000
mem[X,0x000000008001EB0C] -> 0x0513
mem[X,0x000000008001EB0E] -> 0x3335
[3814] [M]: 0x000000008001EB0C (0x33350513) addi a0, a0, 0x333
x10 <- 0x3333333333333333
mem[X,0x000000008001EB10] -> 0x05B7
mem[X,0x000000008001EB12] -> 0x0000
[3815] [M]: 0x000000008001EB10 (0x000005B7) lui a1, 0x0
x11 <- 0x0000000000000000
mem[X,0x000000008001EB14] -> 0x8593
mem[X,0x000000008001EB16] -> 0x0005
[3816] [M]: 0x000000008001EB14 (0x00058593) addi a1, a1, 0x0
x11 <- 0x0000000000000000
mem[X,0x000000008001EB18] -> 0x9593
mem[X,0x000000008001EB1A] -> 0x00B5
[3817] [M]: 0x000000008001EB18 (0x00B59593) slli a1, a1, 0xb
x11 <- 0x0000000000000000
mem[X,0x000000008001EB1C] -> 0x8593
mem[X,0x000000008001EB1E] -> 0x5A85
[3818] [M]: 0x000000008001EB1C (0x5A858593) addi a1, a1, 0x5a8
x11 <- 0x00000000000005A8
mem[X,0x000000008001EB20] -> 0x9593
mem[X,0x000000008001EB22] -> 0x00B5
[3819] [M]: 0x000000008001EB20 (0x00B59593) slli a1, a1, 0xb
x11 <- 0x00000000002D4000
mem[X,0x000000008001EB24] -> 0x8593
mem[X,0x000000008001EB26] -> 0x13C5
[3820] [M]: 0x000000008001EB24 (0x13C58593) addi a1, a1, 0x13c
x11 <- 0x00000000002D413C
mem[X,0x000000008001EB28] -> 0x9593
mem[X,0x000000008001EB2A] -> 0x00A5
[3821] [M]: 0x000000008001EB28 (0x00A59593) slli a1, a1, 0xa
x11 <- 0x00000000B504F000
mem[X,0x000000008001EB2C] -> 0x8593
mem[X,0x000000008001EB2E] -> 0x3335
[3822] [M]: 0x000000008001EB2C (0x33358593) addi a1, a1, 0x333
x11 <- 0x00000000B504F333
mem[X,0x000000008001EB30] -> 0x0113
mem[X,0x000000008001EB32] -> 0x0000
[3823] [M]: 0x000000008001EB30 (0x00000113) addi sp, zero, 0x0
x2 <- 0x0000000000000000
mem[X,0x000000008001EB34] -> 0x006F
mem[X,0x000000008001EB36] -> 0x00C0
[3824] [M]: 0x000000008001EB34 (0x00C0006F) jal zero, 0xc
mem[X,0x000000008001EB40] -> 0x5663
mem[X,0x000000008001EB42] -> 0x00B5
[3825] [M]: 0x000000008001EB40 (0x00B55663) bge a0, a1, 0xc
mem[X,0x000000008001EB4C] -> 0x0113
mem[X,0x000000008001EB4E] -> 0x0031
[3826] [M]: 0x000000008001EB4C (0x00310113) addi sp, sp, 0x3
x2 <- 0x0000000000000003
mem[X,0x000000008001EB50] -> 0x006F
mem[X,0x000000008001EB52] -> 0x0040
[3827] [M]: 0x000000008001EB50 (0x0040006F) jal zero, 0x4
mem[X,0x000000008001EB54] -> 0xBC23
mem[X,0x000000008001EB56] -> 0x0020
[3828] [M]: 0x000000008001EB54 (0x0020BC23) sd sp, 0x18(ra)
mem[0x00000000800489E8] <- 0x0000000000000003
mem[X,0x000000008001EB58] -> 0x3537
mem[X,0x000000008001EB5A] -> 0x3333
[3829] [M]: 0x000000008001EB58 (0x33333537) lui a0, 0x33333
x10 <- 0x0000000033333000
mem[X,0x000000008001EB5C] -> 0x0513
mem[X,0x000000008001EB5E] -> 0x3335
[3830] [M]: 0x000000008001EB5C (0x33350513) addi a0, a0, 0x333
x10 <- 0x0000000033333333
mem[X,0x000000008001EB60] -> 0x1513
mem[X,0x000000008001EB62] -> 0x00B5
[3831] [M]: 0x000000008001EB60 (0x00B51513) slli a0, a0, 0xb
x10 <- 0x0000019999999800
mem[X,0x000000008001EB64] -> 0x0513
mem[X,0x000000008001EB66] -> 0x1995
[3832] [M]: 0x000000008001EB64 (0x19950513) addi a0, a0, 0x199
x10 <- 0x0000019999999999
mem[X,0x000000008001EB68] -> 0x1513
mem[X,0x000000008001EB6A] -> 0x00B5
[3833] [M]: 0x000000008001EB68 (0x00B51513) slli a0, a0, 0xb
x10 <- 0x000CCCCCCCCCC800
mem[X,0x000000008001EB6C] -> 0x0513
mem[X,0x000000008001EB6E] -> 0x4CC5
[3834] [M]: 0x000000008001EB6C (0x4CC50513) addi a0, a0, 0x4cc
x10 <- 0x000CCCCCCCCCCCCC
mem[X,0x000000008001EB70] -> 0x1513
mem[X,0x000000008001EB72] -> 0x00A5
[3835] [M]: 0x000000008001EB70 (0x00A51513) slli a0, a0, 0xa
x10 <- 0x3333333333333000
mem[X,0x000000008001EB74] -> 0x0513
mem[X,0x000000008001EB76] -> 0x3335
[3836] [M]: 0x000000008001EB74 (0x33350513) addi a0, a0, 0x333
x10 <- 0x3333333333333333
mem[X,0x000000008001EB78] -> 0x0593
mem[X,0x000000008001EB7A] -> 0x0020
[3837] [M]: 0x000000008001EB78 (0x00200593) addi a1, zero, 0x2
x11 <- 0x0000000000000002
mem[X,0x000000008001EB7C] -> 0x0113
mem[X,0x000000008001EB7E] -> 0x0000
[3838] [M]: 0x000000008001EB7C (0x00000113) addi sp, zero, 0x0
x2 <- 0x0000000000000000
mem[X,0x000000008001EB80] -> 0x006F
mem[X,0x000000008001EB82] -> 0x00C0
[3839] [M]: 0x000000008001EB80 (0x00C0006F) jal zero, 0xc
mem[X,0x000000008001EB8C] -> 0x5063
mem[X,0x000000008001EB8E] -> 0x08B5
[3840] [M]: 0x000000008001EB8C (0x08B55063) bge a0, a1, 0x80
mem[X,0x000000008001EC0C] -> 0x0113
mem[X,0x000000008001EC0E] -> 0x0031
[3841] [M]: 0x000000008001EC0C (0x00310113) addi sp, sp, 0x3
x2 <- 0x0000000000000003
mem[X,0x000000008001EC10] -> 0x006F
mem[X,0x000000008001EC12] -> 0x0040
[3842] [M]: 0x000000008001EC10 (0x0040006F) jal zero, 0x4
mem[X,0x000000008001EC14] -> 0xB023
mem[X,0x000000008001EC16] -> 0x0220
[3843] [M]: 0x000000008001EC14 (0x0220B023) sd sp, 0x20(ra)
mem[0x00000000800489F0] <- 0x0000000000000003
mem[X,0x000000008001EC18] -> 0x3537
mem[X,0x000000008001EC1A] -> 0x3333
[3844] [M]: 0x000000008001EC18 (0x33333537) lui a0, 0x33333
x10 <- 0x0000000033333000
mem[X,0x000000008001EC1C] -> 0x0513
mem[X,0x000000008001EC1E] -> 0x3335
[3845] [M]: 0x000000008001EC1C (0x33350513) addi a0, a0, 0x333
x10 <- 0x0000000033333333
mem[X,0x000000008001EC20] -> 0x1513
mem[X,0x000000008001EC22] -> 0x00B5
[3846] [M]: 0x000000008001EC20 (0x00B51513) slli a0, a0, 0xb
x10 <- 0x0000019999999800
mem[X,0x000000008001EC24] -> 0x0513
mem[X,0x000000008001EC26] -> 0x1995
[3847] [M]: 0x000000008001EC24 (0x19950513) addi a0, a0, 0x199
x10 <- 0x0000019999999999
mem[X,0x000000008001EC28] -> 0x1513
mem[X,0x000000008001EC2A] -> 0x00B5
[3848] [M]: 0x000000008001EC28 (0x00B51513) slli a0, a0, 0xb
x10 <- 0x000CCCCCCCCCC800
mem[X,0x000000008001EC2C] -> 0x0513
mem[X,0x000000008001EC2E] -> 0x4CC5
[3849] [M]: 0x000000008001EC2C (0x4CC50513) addi a0, a0, 0x4cc
x10 <- 0x000CCCCCCCCCCCCC
mem[X,0x000000008001EC30] -> 0x1513
mem[X,0x000000008001EC32] -> 0x00A5
[3850] [M]: 0x000000008001EC30 (0x00A51513) slli a0, a0, 0xa
x10 <- 0x3333333333333000
mem[X,0x000000008001EC34] -> 0x0513
mem[X,0x000000008001EC36] -> 0x3335
[3851] [M]: 0x000000008001EC34 (0x33350513) addi a0, a0, 0x333
x10 <- 0x3333333333333333
mem[X,0x000000008001EC38] -> 0x55B7
mem[X,0x000000008001EC3A] -> 0x5555
[3852] [M]: 0x000000008001EC38 (0x555555B7) lui a1, 0x55555
x11 <- 0x0000000055555000
mem[X,0x000000008001EC3C] -> 0x8593
mem[X,0x000000008001EC3E] -> 0x5555
[3853] [M]: 0x000000008001EC3C (0x55558593) addi a1, a1, 0x555
x11 <- 0x0000000055555555
mem[X,0x000000008001EC40] -> 0x9593
mem[X,0x000000008001EC42] -> 0x00B5
[3854] [M]: 0x000000008001EC40 (0x00B59593) slli a1, a1, 0xb
x11 <- 0x000002AAAAAAA800
mem[X,0x000000008001EC44] -> 0x8593
mem[X,0x000000008001EC46] -> 0x2AA5
[3855] [M]: 0x000000008001EC44 (0x2AA58593) addi a1, a1, 0x2aa
x11 <- 0x000002AAAAAAAAAA
mem[X,0x000000008001EC48] -> 0x9593
mem[X,0x000000008001EC4A] -> 0x00B5
[3856] [M]: 0x000000008001EC48 (0x00B59593) slli a1, a1, 0xb
x11 <- 0x0015555555555000
mem[X,0x000000008001EC4C] -> 0x8593
mem[X,0x000000008001EC4E] -> 0x5555
[3857] [M]: 0x000000008001EC4C (0x55558593) addi a1, a1, 0x555
x11 <- 0x0015555555555555
mem[X,0x000000008001EC50] -> 0x9593
mem[X,0x000000008001EC52] -> 0x00A5
[3858] [M]: 0x000000008001EC50 (0x00A59593) slli a1, a1, 0xa
x11 <- 0x5555555555555400
mem[X,0x000000008001EC54] -> 0x8593
mem[X,0x000000008001EC56] -> 0x1545
[3859] [M]: 0x000000008001EC54 (0x15458593) addi a1, a1, 0x154
x11 <- 0x5555555555555554
mem[X,0x000000008001EC58] -> 0x0113
mem[X,0x000000008001EC5A] -> 0x0000
[3860] [M]: 0x000000008001EC58 (0x00000113) addi sp, zero, 0x0
x2 <- 0x0000000000000000
mem[X,0x000000008001EC5C] -> 0x006F
mem[X,0x000000008001EC5E] -> 0x00C0
[3861] [M]: 0x000000008001EC5C (0x00C0006F) jal zero, 0xc
mem[X,0x000000008001EC68] -> 0x5063
mem[X,0x000000008001EC6A] -> 0x08B5
[3862] [M]: 0x000000008001EC68 (0x08B55063) bge a0, a1, 0x80
mem[X,0x000000008001EC6C] -> 0x0113
mem[X,0x000000008001EC6E] -> 0x0021
[3863] [M]: 0x000000008001EC6C (0x00210113) addi sp, sp, 0x2
x2 <- 0x0000000000000002
mem[X,0x000000008001EC70] -> 0x006F
mem[X,0x000000008001EC72] -> 0x0800
[3864] [M]: 0x000000008001EC70 (0x0800006F) jal zero, 0x80
mem[X,0x000000008001ECF0] -> 0xB423
mem[X,0x000000008001ECF2] -> 0x0220
[3865] [M]: 0x000000008001ECF0 (0x0220B423) sd sp, 0x28(ra)
mem[0x00000000800489F8] <- 0x0000000000000002
mem[X,0x000000008001ECF4] -> 0x3537
mem[X,0x000000008001ECF6] -> 0x3333
[3866] [M]: 0x000000008001ECF4 (0x33333537) lui a0, 0x33333
x10 <- 0x0000000033333000
mem[X,0x000000008001ECF8] -> 0x0513
mem[X,0x000000008001ECFA] -> 0x3335
[3867] [M]: 0x000000008001ECF8 (0x33350513) addi a0, a0, 0x333
x10 <- 0x0000000033333333
mem[X,0x000000008001ECFC] -> 0x1513
mem[X,0x000000008001ECFE] -> 0x00B5
[3868] [M]: 0x000000008001ECFC (0x00B51513) slli a0, a0, 0xb
x10 <- 0x0000019999999800
mem[X,0x000000008001ED00] -> 0x0513
mem[X,0x000000008001ED02] -> 0x1995
[3869] [M]: 0x000000008001ED00 (0x19950513) addi a0, a0, 0x199
x10 <- 0x0000019999999999
mem[X,0x000000008001ED04] -> 0x1513
mem[X,0x000000008001ED06] -> 0x00B5
[3870] [M]: 0x000000008001ED04 (0x00B51513) slli a0, a0, 0xb
x10 <- 0x000CCCCCCCCCC800
mem[X,0x000000008001ED08] -> 0x0513
mem[X,0x000000008001ED0A] -> 0x4CC5
[3871] [M]: 0x000000008001ED08 (0x4CC50513) addi a0, a0, 0x4cc
x10 <- 0x000CCCCCCCCCCCCC
mem[X,0x000000008001ED0C] -> 0x1513
mem[X,0x000000008001ED0E] -> 0x00A5
[3872] [M]: 0x000000008001ED0C (0x00A51513) slli a0, a0, 0xa
x10 <- 0x3333333333333000
mem[X,0x000000008001ED10] -> 0x0513
mem[X,0x000000008001ED12] -> 0x3335
[3873] [M]: 0x000000008001ED10 (0x33350513) addi a0, a0, 0x333
x10 <- 0x3333333333333333
mem[X,0x000000008001ED14] -> 0x0593
mem[X,0x000000008001ED16] -> 0x0000
[3874] [M]: 0x000000008001ED14 (0x00000593) addi a1, zero, 0x0
x11 <- 0x0000000000000000
mem[X,0x000000008001ED18] -> 0x0113
mem[X,0x000000008001ED1A] -> 0x0000
[3875] [M]: 0x000000008001ED18 (0x00000113) addi sp, zero, 0x0
x2 <- 0x0000000000000000
mem[X,0x000000008001ED1C] -> 0x006F
mem[X,0x000000008001ED1E] -> 0x00C0
[3876] [M]: 0x000000008001ED1C (0x00C0006F) jal zero, 0xc
mem[X,0x000000008001ED28] -> 0x5CE3
mem[X,0x000000008001ED2A] -> 0xFEB5
[3877] [M]: 0x000000008001ED28 (0xFEB55CE3) bge a0, a1, -0x8
mem[X,0x000000008001ED20] -> 0x0113
mem[X,0x000000008001ED22] -> 0x0011
[3878] [M]: 0x000000008001ED20 (0x00110113) addi sp, sp, 0x1
x2 <- 0x0000000000000001
mem[X,0x000000008001ED24] -> 0x006F
mem[X,0x000000008001ED26] -> 0x0180
[3879] [M]: 0x000000008001ED24 (0x0180006F) jal zero, 0x18
mem[X,0x000000008001ED3C] -> 0xB823
mem[X,0x000000008001ED3E] -> 0x0220
[3880] [M]: 0x000000008001ED3C (0x0220B823) sd sp, 0x30(ra)
mem[0x0000000080048A00] <- 0x0000000000000001
mem[X,0x000000008001ED40] -> 0x3537
mem[X,0x000000008001ED42] -> 0x3333
[3881] [M]: 0x000000008001ED40 (0x33333537) lui a0, 0x33333
x10 <- 0x0000000033333000
mem[X,0x000000008001ED44] -> 0x0513
mem[X,0x000000008001ED46] -> 0x3335
[3882] [M]: 0x000000008001ED44 (0x33350513) addi a0, a0, 0x333
x10 <- 0x0000000033333333
mem[X,0x000000008001ED48] -> 0x1513
mem[X,0x000000008001ED4A] -> 0x00B5
[3883] [M]: 0x000000008001ED48 (0x00B51513) slli a0, a0, 0xb
x10 <- 0x0000019999999800
mem[X,0x000000008001ED4C] -> 0x0513
mem[X,0x000000008001ED4E] -> 0x1995
[3884] [M]: 0x000000008001ED4C (0x19950513) addi a0, a0, 0x199
x10 <- 0x0000019999999999
mem[X,0x000000008001ED50] -> 0x1513
mem[X,0x000000008001ED52] -> 0x00B5
[3885] [M]: 0x000000008001ED50 (0x00B51513) slli a0, a0, 0xb
x10 <- 0x000CCCCCCCCCC800
mem[X,0x000000008001ED54] -> 0x0513
mem[X,0x000000008001ED56] -> 0x4CC5
[3886] [M]: 0x000000008001ED54 (0x4CC50513) addi a0, a0, 0x4cc
x10 <- 0x000CCCCCCCCCCCCC
mem[X,0x000000008001ED58] -> 0x1513
mem[X,0x000000008001ED5A] -> 0x00A5
[3887] [M]: 0x000000008001ED58 (0x00A51513) slli a0, a0, 0xa
x10 <- 0x3333333333333000
mem[X,0x000000008001ED5C] -> 0x0513
mem[X,0x000000008001ED5E] -> 0x3335
[3888] [M]: 0x000000008001ED5C (0x33350513) addi a0, a0, 0x333
x10 <- 0x3333333333333333
mem[X,0x000000008001ED60] -> 0x0593
mem[X,0x000000008001ED62] -> 0x0040
[3889] [M]: 0x000000008001ED60 (0x00400593) addi a1, zero, 0x4
x11 <- 0x0000000000000004
mem[X,0x000000008001ED64] -> 0x0113
mem[X,0x000000008001ED66] -> 0x0000
[3890] [M]: 0x000000008001ED64 (0x00000113) addi sp, zero, 0x0
x2 <- 0x0000000000000000
mem[X,0x000000008001ED68] -> 0x006F
mem[X,0x000000008001ED6A] -> 0x00C0
[3891] [M]: 0x000000008001ED68 (0x00C0006F) jal zero, 0xc
mem[X,0x000000008001ED74] -> 0x5063
mem[X,0x000000008001ED76] -> 0x08B5
[3892] [M]: 0x000000008001ED74 (0x08B55063) bge a0, a1, 0x80
mem[X,0x000000008001EDF4] -> 0x0113
mem[X,0x000000008001EDF6] -> 0x0031
[3893] [M]: 0x000000008001EDF4 (0x00310113) addi sp, sp, 0x3
x2 <- 0x0000000000000003
mem[X,0x000000008001EDF8] -> 0x006F
mem[X,0x000000008001EDFA] -> 0x0040
[3894] [M]: 0x000000008001EDF8 (0x0040006F) jal zero, 0x4
mem[X,0x000000008001EDFC] -> 0xBC23
mem[X,0x000000008001EDFE] -> 0x0220
[3895] [M]: 0x000000008001EDFC (0x0220BC23) sd sp, 0x38(ra)
mem[0x0000000080048A08] <- 0x0000000000000003
mem[X,0x000000008001EE00] -> 0x3537
mem[X,0x000000008001EE02] -> 0x3333
[3896] [M]: 0x000000008001EE00 (0x33333537) lui a0, 0x33333
x10 <- 0x0000000033333000
mem[X,0x000000008001EE04] -> 0x0513
mem[X,0x000000008001EE06] -> 0x3335
[3897] [M]: 0x000000008001EE04 (0x33350513) addi a0, a0, 0x333
x10 <- 0x0000000033333333
mem[X,0x000000008001EE08] -> 0x1513
mem[X,0x000000008001EE0A] -> 0x00B5
[3898] [M]: 0x000000008001EE08 (0x00B51513) slli a0, a0, 0xb
x10 <- 0x0000019999999800
mem[X,0x000000008001EE0C] -> 0x0513
mem[X,0x000000008001EE0E] -> 0x1995
[3899] [M]: 0x000000008001EE0C (0x19950513) addi a0, a0, 0x199
x10 <- 0x0000019999999999
clint::tick mtime <- 0x0000000000000027
 clint timer pending at mtime 0x0000000000000027
htif::tick 0x0000000000000000
mem[X,0x000000008001EE10] -> 0x1513
mem[X,0x000000008001EE12] -> 0x00B5
[3900] [M]: 0x000000008001EE10 (0x00B51513) slli a0, a0, 0xb
x10 <- 0x000CCCCCCCCCC800
mem[X,0x000000008001EE14] -> 0x0513
mem[X,0x000000008001EE16] -> 0x4CC5
[3901] [M]: 0x000000008001EE14 (0x4CC50513) addi a0, a0, 0x4cc
x10 <- 0x000CCCCCCCCCCCCC
mem[X,0x000000008001EE18] -> 0x1513
mem[X,0x000000008001EE1A] -> 0x00A5
[3902] [M]: 0x000000008001EE18 (0x00A51513) slli a0, a0, 0xa
x10 <- 0x3333333333333000
mem[X,0x000000008001EE1C] -> 0x0513
mem[X,0x000000008001EE1E] -> 0x3335
[3903] [M]: 0x000000008001EE1C (0x33350513) addi a0, a0, 0x333
x10 <- 0x3333333333333333
mem[X,0x000000008001EE20] -> 0x35B7
mem[X,0x000000008001EE22] -> 0x3333
[3904] [M]: 0x000000008001EE20 (0x333335B7) lui a1, 0x33333
x11 <- 0x0000000033333000
mem[X,0x000000008001EE24] -> 0x8593
mem[X,0x000000008001EE26] -> 0x3335
[3905] [M]: 0x000000008001EE24 (0x33358593) addi a1, a1, 0x333
x11 <- 0x0000000033333333
mem[X,0x000000008001EE28] -> 0x9593
mem[X,0x000000008001EE2A] -> 0x00B5
[3906] [M]: 0x000000008001EE28 (0x00B59593) slli a1, a1, 0xb
x11 <- 0x0000019999999800
mem[X,0x000000008001EE2C] -> 0x8593
mem[X,0x000000008001EE2E] -> 0x1995
[3907] [M]: 0x000000008001EE2C (0x19958593) addi a1, a1, 0x199
x11 <- 0x0000019999999999
mem[X,0x000000008001EE30] -> 0x9593
mem[X,0x000000008001EE32] -> 0x00B5
[3908] [M]: 0x000000008001EE30 (0x00B59593) slli a1, a1, 0xb
x11 <- 0x000CCCCCCCCCC800
mem[X,0x000000008001EE34] -> 0x8593
mem[X,0x000000008001EE36] -> 0x4CC5
[3909] [M]: 0x000000008001EE34 (0x4CC58593) addi a1, a1, 0x4cc
x11 <- 0x000CCCCCCCCCCCCC
mem[X,0x000000008001EE38] -> 0x9593
mem[X,0x000000008001EE3A] -> 0x00A5
[3910] [M]: 0x000000008001EE38 (0x00A59593) slli a1, a1, 0xa
x11 <- 0x3333333333333000
mem[X,0x000000008001EE3C] -> 0x8593
mem[X,0x000000008001EE3E] -> 0x3325
[3911] [M]: 0x000000008001EE3C (0x33258593) addi a1, a1, 0x332
x11 <- 0x3333333333333332
mem[X,0x000000008001EE40] -> 0x0113
mem[X,0x000000008001EE42] -> 0x0000
[3912] [M]: 0x000000008001EE40 (0x00000113) addi sp, zero, 0x0
x2 <- 0x0000000000000000
mem[X,0x000000008001EE44] -> 0x006F
mem[X,0x000000008001EE46] -> 0x00C0
[3913] [M]: 0x000000008001EE44 (0x00C0006F) jal zero, 0xc
mem[X,0x000000008001EE50] -> 0x5063
mem[X,0x000000008001EE52] -> 0x10B5
[3914] [M]: 0x000000008001EE50 (0x10B55063) bge a0, a1, 0x100
mem[X,0x000000008001EF50] -> 0x0113
mem[X,0x000000008001EF52] -> 0x0031
[3915] [M]: 0x000000008001EF50 (0x00310113) addi sp, sp, 0x3
x2 <- 0x0000000000000003
mem[X,0x000000008001EF54] -> 0x006F
mem[X,0x000000008001EF56] -> 0x0040
[3916] [M]: 0x000000008001EF54 (0x0040006F) jal zero, 0x4
mem[X,0x000000008001EF58] -> 0xB023
mem[X,0x000000008001EF5A] -> 0x0420
[3917] [M]: 0x000000008001EF58 (0x0420B023) sd sp, 0x40(ra)
mem[0x0000000080048A10] <- 0x0000000000000003
mem[X,0x000000008001EF5C] -> 0x3537
mem[X,0x000000008001EF5E] -> 0x3333
[3918] [M]: 0x000000008001EF5C (0x33333537) lui a0, 0x33333
x10 <- 0x0000000033333000
mem[X,0x000000008001EF60] -> 0x0513
mem[X,0x000000008001EF62] -> 0x3335
[3919] [M]: 0x000000008001EF60 (0x33350513) addi a0, a0, 0x333
x10 <- 0x0000000033333333
mem[X,0x000000008001EF64] -> 0x1513
mem[X,0x000000008001EF66] -> 0x00B5
[3920] [M]: 0x000000008001EF64 (0x00B51513) slli a0, a0, 0xb
x10 <- 0x0000019999999800
mem[X,0x000000008001EF68] -> 0x0513
mem[X,0x000000008001EF6A] -> 0x1995
[3921] [M]: 0x000000008001EF68 (0x19950513) addi a0, a0, 0x199
x10 <- 0x0000019999999999
mem[X,0x000000008001EF6C] -> 0x1513
mem[X,0x000000008001EF6E] -> 0x00B5
[3922] [M]: 0x000000008001EF6C (0x00B51513) slli a0, a0, 0xb
x10 <- 0x000CCCCCCCCCC800
mem[X,0x000000008001EF70] -> 0x0513
mem[X,0x000000008001EF72] -> 0x4CC5
[3923] [M]: 0x000000008001EF70 (0x4CC50513) addi a0, a0, 0x4cc
x10 <- 0x000CCCCCCCCCCCCC
mem[X,0x000000008001EF74] -> 0x1513
mem[X,0x000000008001EF76] -> 0x00A5
[3924] [M]: 0x000000008001EF74 (0x00A51513) slli a0, a0, 0xa
x10 <- 0x3333333333333000
mem[X,0x000000008001EF78] -> 0x0513
mem[X,0x000000008001EF7A] -> 0x3335
[3925] [M]: 0x000000008001EF78 (0x33350513) addi a0, a0, 0x333
x10 <- 0x3333333333333333
mem[X,0x000000008001EF7C] -> 0x65B7
mem[X,0x000000008001EF7E] -> 0x6666
[3926] [M]: 0x000000008001EF7C (0x666665B7) lui a1, 0x66666
x11 <- 0x0000000066666000
mem[X,0x000000008001EF80] -> 0x8593
mem[X,0x000000008001EF82] -> 0x6665
[3927] [M]: 0x000000008001EF80 (0x66658593) addi a1, a1, 0x666
x11 <- 0x0000000066666666
mem[X,0x000000008001EF84] -> 0x9593
mem[X,0x000000008001EF86] -> 0x00B5
[3928] [M]: 0x000000008001EF84 (0x00B59593) slli a1, a1, 0xb
x11 <- 0x0000033333333000
mem[X,0x000000008001EF88] -> 0x8593
mem[X,0x000000008001EF8A] -> 0x3335
[3929] [M]: 0x000000008001EF88 (0x33358593) addi a1, a1, 0x333
x11 <- 0x0000033333333333
mem[X,0x000000008001EF8C] -> 0x9593
mem[X,0x000000008001EF8E] -> 0x00B5
[3930] [M]: 0x000000008001EF8C (0x00B59593) slli a1, a1, 0xb
x11 <- 0x0019999999999800
mem[X,0x000000008001EF90] -> 0x8593
mem[X,0x000000008001EF92] -> 0x1995
[3931] [M]: 0x000000008001EF90 (0x19958593) addi a1, a1, 0x199
x11 <- 0x0019999999999999
mem[X,0x000000008001EF94] -> 0x9593
mem[X,0x000000008001EF96] -> 0x00A5
[3932] [M]: 0x000000008001EF94 (0x00A59593) slli a1, a1, 0xa
x11 <- 0x6666666666666400
mem[X,0x000000008001EF98] -> 0x8593
mem[X,0x000000008001EF9A] -> 0x2655
[3933] [M]: 0x000000008001EF98 (0x26558593) addi a1, a1, 0x265
x11 <- 0x6666666666666665
mem[X,0x000000008001EF9C] -> 0x0113
mem[X,0x000000008001EF9E] -> 0x0000
[3934] [M]: 0x000000008001EF9C (0x00000113) addi sp, zero, 0x0
x2 <- 0x0000000000000000
mem[X,0x000000008001EFA0] -> 0x006F
mem[X,0x000000008001EFA2] -> 0x0100
[3935] [M]: 0x000000008001EFA0 (0x0100006F) jal zero, 0x10
mem[X,0x000000008001EFB0] -> 0x5AE3
mem[X,0x000000008001EFB2] -> 0xFEB5
[3936] [M]: 0x000000008001EFB0 (0xFEB55AE3) bge a0, a1, -0xc
mem[X,0x000000008001EFB4] -> 0x0113
mem[X,0x000000008001EFB6] -> 0x0021
[3937] [M]: 0x000000008001EFB4 (0x00210113) addi sp, sp, 0x2
x2 <- 0x0000000000000002
mem[X,0x000000008001EFB8] -> 0x006F
mem[X,0x000000008001EFBA] -> 0x00C0
[3938] [M]: 0x000000008001EFB8 (0x00C0006F) jal zero, 0xc
mem[X,0x000000008001EFC4] -> 0xB423
mem[X,0x000000008001EFC6] -> 0x0420
[3939] [M]: 0x000000008001EFC4 (0x0420B423) sd sp, 0x48(ra)
mem[0x0000000080048A18] <- 0x0000000000000002
mem[X,0x000000008001EFC8] -> 0x3537
mem[X,0x000000008001EFCA] -> 0x3333
[3940] [M]: 0x000000008001EFC8 (0x33333537) lui a0, 0x33333
x10 <- 0x0000000033333000
mem[X,0x000000008001EFCC] -> 0x0513
mem[X,0x000000008001EFCE] -> 0x3335
[3941] [M]: 0x000000008001EFCC (0x33350513) addi a0, a0, 0x333
x10 <- 0x0000000033333333
mem[X,0x000000008001EFD0] -> 0x1513
mem[X,0x000000008001EFD2] -> 0x00B5
[3942] [M]: 0x000000008001EFD0 (0x00B51513) slli a0, a0, 0xb
x10 <- 0x0000019999999800
mem[X,0x000000008001EFD4] -> 0x0513
mem[X,0x000000008001EFD6] -> 0x1995
[3943] [M]: 0x000000008001EFD4 (0x19950513) addi a0, a0, 0x199
x10 <- 0x0000019999999999
mem[X,0x000000008001EFD8] -> 0x1513
mem[X,0x000000008001EFDA] -> 0x00B5
[3944] [M]: 0x000000008001EFD8 (0x00B51513) slli a0, a0, 0xb
x10 <- 0x000CCCCCCCCCC800
mem[X,0x000000008001EFDC] -> 0x0513
mem[X,0x000000008001EFDE] -> 0x4CC5
[3945] [M]: 0x000000008001EFDC (0x4CC50513) addi a0, a0, 0x4cc
x10 <- 0x000CCCCCCCCCCCCC
mem[X,0x000000008001EFE0] -> 0x1513
mem[X,0x000000008001EFE2] -> 0x00A5
[3946] [M]: 0x000000008001EFE0 (0x00A51513) slli a0, a0, 0xa
x10 <- 0x3333333333333000
mem[X,0x000000008001EFE4] -> 0x0513
mem[X,0x000000008001EFE6] -> 0x3335
[3947] [M]: 0x000000008001EFE4 (0x33350513) addi a0, a0, 0x333
x10 <- 0x3333333333333333
mem[X,0x000000008001EFE8] -> 0x05B7
mem[X,0x000000008001EFEA] -> 0x0000
[3948] [M]: 0x000000008001EFE8 (0x000005B7) lui a1, 0x0
x11 <- 0x0000000000000000
mem[X,0x000000008001EFEC] -> 0x8593
mem[X,0x000000008001EFEE] -> 0x0005
[3949] [M]: 0x000000008001EFEC (0x00058593) addi a1, a1, 0x0
x11 <- 0x0000000000000000
mem[X,0x000000008001EFF0] -> 0x9593
mem[X,0x000000008001EFF2] -> 0x00B5
[3950] [M]: 0x000000008001EFF0 (0x00B59593) slli a1, a1, 0xb
x11 <- 0x0000000000000000
mem[X,0x000000008001EFF4] -> 0x8593
mem[X,0x000000008001EFF6] -> 0x5A85
[3951] [M]: 0x000000008001EFF4 (0x5A858593) addi a1, a1, 0x5a8
x11 <- 0x00000000000005A8
mem[X,0x000000008001EFF8] -> 0x9593
mem[X,0x000000008001EFFA] -> 0x00B5
[3952] [M]: 0x000000008001EFF8 (0x00B59593) slli a1, a1, 0xb
x11 <- 0x00000000002D4000
mem[X,0x000000008001EFFC] -> 0x8593
mem[X,0x000000008001EFFE] -> 0x13C5
[3953] [M]: 0x000000008001EFFC (0x13C58593) addi a1, a1, 0x13c
x11 <- 0x00000000002D413C
mem[X,0x000000008001F000] -> 0x9593
mem[X,0x000000008001F002] -> 0x00A5
[3954] [M]: 0x000000008001F000 (0x00A59593) slli a1, a1, 0xa
x11 <- 0x00000000B504F000
mem[X,0x000000008001F004] -> 0x8593
mem[X,0x000000008001F006] -> 0x3325
[3955] [M]: 0x000000008001F004 (0x33258593) addi a1, a1, 0x332
x11 <- 0x00000000B504F332
mem[X,0x000000008001F008] -> 0x0113
mem[X,0x000000008001F00A] -> 0x0000
[3956] [M]: 0x000000008001F008 (0x00000113) addi sp, zero, 0x0
x2 <- 0x0000000000000000
mem[X,0x000000008001F00C] -> 0x006F
mem[X,0x000000008001F00E] -> 0x0140
[3957] [M]: 0x000000008001F00C (0x0140006F) jal zero, 0x14
mem[X,0x000000008001F020] -> 0x58E3
mem[X,0x000000008001F022] -> 0xFEB5
[3958] [M]: 0x000000008001F020 (0xFEB558E3) bge a0, a1, -0x10
mem[X,0x000000008001F010] -> 0x0113
mem[X,0x000000008001F012] -> 0x0011
[3959] [M]: 0x000000008001F010 (0x00110113) addi sp, sp, 0x1
x2 <- 0x0000000000000001
mem[X,0x000000008001F014] -> 0x006F
mem[X,0x000000008001F016] -> 0x0200
[3960] [M]: 0x000000008001F014 (0x0200006F) jal zero, 0x20
mem[X,0x000000008001F034] -> 0xB823
mem[X,0x000000008001F036] -> 0x0420
[3961] [M]: 0x000000008001F034 (0x0420B823) sd sp, 0x50(ra)
mem[0x0000000080048A20] <- 0x0000000000000001
mem[X,0x000000008001F038] -> 0x3537
mem[X,0x000000008001F03A] -> 0x3333
[3962] [M]: 0x000000008001F038 (0x33333537) lui a0, 0x33333
x10 <- 0x0000000033333000
mem[X,0x000000008001F03C] -> 0x0513
mem[X,0x000000008001F03E] -> 0x3335
[3963] [M]: 0x000000008001F03C (0x33350513) addi a0, a0, 0x333
x10 <- 0x0000000033333333
mem[X,0x000000008001F040] -> 0x1513
mem[X,0x000000008001F042] -> 0x00B5
[3964] [M]: 0x000000008001F040 (0x00B51513) slli a0, a0, 0xb
x10 <- 0x0000019999999800
mem[X,0x000000008001F044] -> 0x0513
mem[X,0x000000008001F046] -> 0x1995
[3965] [M]: 0x000000008001F044 (0x19950513) addi a0, a0, 0x199
x10 <- 0x0000019999999999
mem[X,0x000000008001F048] -> 0x1513
mem[X,0x000000008001F04A] -> 0x00B5
[3966] [M]: 0x000000008001F048 (0x00B51513) slli a0, a0, 0xb
x10 <- 0x000CCCCCCCCCC800
mem[X,0x000000008001F04C] -> 0x0513
mem[X,0x000000008001F04E] -> 0x4CC5
[3967] [M]: 0x000000008001F04C (0x4CC50513) addi a0, a0, 0x4cc
x10 <- 0x000CCCCCCCCCCCCC
mem[X,0x000000008001F050] -> 0x1513
mem[X,0x000000008001F052] -> 0x00A5
[3968] [M]: 0x000000008001F050 (0x00A51513) slli a0, a0, 0xa
x10 <- 0x3333333333333000
mem[X,0x000000008001F054] -> 0x0513
mem[X,0x000000008001F056] -> 0x3335
[3969] [M]: 0x000000008001F054 (0x33350513) addi a0, a0, 0x333
x10 <- 0x3333333333333333
mem[X,0x000000008001F058] -> 0x55B7
mem[X,0x000000008001F05A] -> 0x5555
[3970] [M]: 0x000000008001F058 (0x555555B7) lui a1, 0x55555
x11 <- 0x0000000055555000
mem[X,0x000000008001F05C] -> 0x8593
mem[X,0x000000008001F05E] -> 0x5555
[3971] [M]: 0x000000008001F05C (0x55558593) addi a1, a1, 0x555
x11 <- 0x0000000055555555
mem[X,0x000000008001F060] -> 0x9593
mem[X,0x000000008001F062] -> 0x00B5
[3972] [M]: 0x000000008001F060 (0x00B59593) slli a1, a1, 0xb
x11 <- 0x000002AAAAAAA800
mem[X,0x000000008001F064] -> 0x8593
mem[X,0x000000008001F066] -> 0x2AA5
[3973] [M]: 0x000000008001F064 (0x2AA58593) addi a1, a1, 0x2aa
x11 <- 0x000002AAAAAAAAAA
mem[X,0x000000008001F068] -> 0x9593
mem[X,0x000000008001F06A] -> 0x00B5
[3974] [M]: 0x000000008001F068 (0x00B59593) slli a1, a1, 0xb
x11 <- 0x0015555555555000
mem[X,0x000000008001F06C] -> 0x8593
mem[X,0x000000008001F06E] -> 0x5555
[3975] [M]: 0x000000008001F06C (0x55558593) addi a1, a1, 0x555
x11 <- 0x0015555555555555
mem[X,0x000000008001F070] -> 0x9593
mem[X,0x000000008001F072] -> 0x00A5
[3976] [M]: 0x000000008001F070 (0x00A59593) slli a1, a1, 0xa
x11 <- 0x5555555555555400
mem[X,0x000000008001F074] -> 0x8593
mem[X,0x000000008001F076] -> 0x1565
[3977] [M]: 0x000000008001F074 (0x15658593) addi a1, a1, 0x156
x11 <- 0x5555555555555556
mem[X,0x000000008001F078] -> 0x0113
mem[X,0x000000008001F07A] -> 0x0000
[3978] [M]: 0x000000008001F078 (0x00000113) addi sp, zero, 0x0
x2 <- 0x0000000000000000
mem[X,0x000000008001F07C] -> 0x006F
mem[X,0x000000008001F07E] -> 0x00C0
[3979] [M]: 0x000000008001F07C (0x00C0006F) jal zero, 0xc
mem[X,0x000000008001F088] -> 0x5663
mem[X,0x000000008001F08A] -> 0x00B5
[3980] [M]: 0x000000008001F088 (0x00B55663) bge a0, a1, 0xc
mem[X,0x000000008001F08C] -> 0x0113
mem[X,0x000000008001F08E] -> 0x0021
[3981] [M]: 0x000000008001F08C (0x00210113) addi sp, sp, 0x2
x2 <- 0x0000000000000002
mem[X,0x000000008001F090] -> 0x006F
mem[X,0x000000008001F092] -> 0x00C0
[3982] [M]: 0x000000008001F090 (0x00C0006F) jal zero, 0xc
mem[X,0x000000008001F09C] -> 0xBC23
mem[X,0x000000008001F09E] -> 0x0420
[3983] [M]: 0x000000008001F09C (0x0420BC23) sd sp, 0x58(ra)
mem[0x0000000080048A28] <- 0x0000000000000002
mem[X,0x000000008001F0A0] -> 0x3537
mem[X,0x000000008001F0A2] -> 0x3333
[3984] [M]: 0x000000008001F0A0 (0x33333537) lui a0, 0x33333
x10 <- 0x0000000033333000
mem[X,0x000000008001F0A4] -> 0x0513
mem[X,0x000000008001F0A6] -> 0x3335
[3985] [M]: 0x000000008001F0A4 (0x33350513) addi a0, a0, 0x333
x10 <- 0x0000000033333333
mem[X,0x000000008001F0A8] -> 0x1513
mem[X,0x000000008001F0AA] -> 0x00B5
[3986] [M]: 0x000000008001F0A8 (0x00B51513) slli a0, a0, 0xb
x10 <- 0x0000019999999800
mem[X,0x000000008001F0AC] -> 0x0513
mem[X,0x000000008001F0AE] -> 0x1995
[3987] [M]: 0x000000008001F0AC (0x19950513) addi a0, a0, 0x199
x10 <- 0x0000019999999999
mem[X,0x000000008001F0B0] -> 0x1513
mem[X,0x000000008001F0B2] -> 0x00B5
[3988] [M]: 0x000000008001F0B0 (0x00B51513) slli a0, a0, 0xb
x10 <- 0x000CCCCCCCCCC800
mem[X,0x000000008001F0B4] -> 0x0513
mem[X,0x000000008001F0B6] -> 0x4CC5
[3989] [M]: 0x000000008001F0B4 (0x4CC50513) addi a0, a0, 0x4cc
x10 <- 0x000CCCCCCCCCCCCC
mem[X,0x000000008001F0B8] -> 0x1513
mem[X,0x000000008001F0BA] -> 0x00A5
[3990] [M]: 0x000000008001F0B8 (0x00A51513) slli a0, a0, 0xa
x10 <- 0x3333333333333000
mem[X,0x000000008001F0BC] -> 0x0513
mem[X,0x000000008001F0BE] -> 0x3335
[3991] [M]: 0x000000008001F0BC (0x33350513) addi a0, a0, 0x333
x10 <- 0x3333333333333333
mem[X,0x000000008001F0C0] -> 0xB5B7
mem[X,0x000000008001F0C2] -> 0xAAAA
[3992] [M]: 0x000000008001F0C0 (0xAAAAB5B7) lui a1, -0x55555
x11 <- 0xFFFFFFFFAAAAB000
mem[X,0x000000008001F0C4] -> 0x8593
mem[X,0x000000008001F0C6] -> 0xAAA5
[3993] [M]: 0x000000008001F0C4 (0xAAA58593) addi a1, a1, -0x556
x11 <- 0xFFFFFFFFAAAAAAAA
mem[X,0x000000008001F0C8] -> 0x9593
mem[X,0x000000008001F0CA] -> 0x00B5
[3994] [M]: 0x000000008001F0C8 (0x00B59593) slli a1, a1, 0xb
x11 <- 0xFFFFFD5555555000
mem[X,0x000000008001F0CC] -> 0x8593
mem[X,0x000000008001F0CE] -> 0x5555
[3995] [M]: 0x000000008001F0CC (0x55558593) addi a1, a1, 0x555
x11 <- 0xFFFFFD5555555555
mem[X,0x000000008001F0D0] -> 0x9593
mem[X,0x000000008001F0D2] -> 0x00B5
[3996] [M]: 0x000000008001F0D0 (0x00B59593) slli a1, a1, 0xb
x11 <- 0xFFEAAAAAAAAAA800
mem[X,0x000000008001F0D4] -> 0x8593
mem[X,0x000000008001F0D6] -> 0x2AA5
[3997] [M]: 0x000000008001F0D4 (0x2AA58593) addi a1, a1, 0x2aa
x11 <- 0xFFEAAAAAAAAAAAAA
mem[X,0x000000008001F0D8] -> 0x9593
mem[X,0x000000008001F0DA] -> 0x00A5
[3998] [M]: 0x000000008001F0D8 (0x00A59593) slli a1, a1, 0xa
x11 <- 0xAAAAAAAAAAAAA800
mem[X,0x000000008001F0DC] -> 0x8593
mem[X,0x000000008001F0DE] -> 0x2AB5
[3999] [M]: 0x000000008001F0DC (0x2AB58593) addi a1, a1, 0x2ab
x11 <- 0xAAAAAAAAAAAAAAAB
clint::tick mtime <- 0x0000000000000028
 clint timer pending at mtime 0x0000000000000028
htif::tick 0x0000000000000000
mem[X,0x000000008001F0E0] -> 0x0113
mem[X,0x000000008001F0E2] -> 0x0000
[4000] [M]: 0x000000008001F0E0 (0x00000113) addi sp, zero, 0x0
x2 <- 0x0000000000000000
mem[X,0x000000008001F0E4] -> 0x006F
mem[X,0x000000008001F0E6] -> 0x2B10
[4001] [M]: 0x000000008001F0E4 (0x2B10006F) jal zero, 0xab0
mem[X,0x000000008001FB94] -> 0x5A63
mem[X,0x000000008001FB96] -> 0xD4B5
[4002] [M]: 0x000000008001FB94 (0xD4B55A63) bge a0, a1, -0xaac
mem[X,0x000000008001F0E8] -> 0x0113
mem[X,0x000000008001F0EA] -> 0x0011
[4003] [M]: 0x000000008001F0E8 (0x00110113) addi sp, sp, 0x1
x2 <- 0x0000000000000001
mem[X,0x000000008001F0EC] -> 0x006F
mem[X,0x000000008001F0EE] -> 0x2BD0
[4004] [M]: 0x000000008001F0EC (0x2BD0006F) jal zero, 0xabc
mem[X,0x000000008001FBA8] -> 0xB023
mem[X,0x000000008001FBAA] -> 0x0620
[4005] [M]: 0x000000008001FBA8 (0x0620B023) sd sp, 0x60(ra)
mem[0x0000000080048A30] <- 0x0000000000000001
mem[X,0x000000008001FBAC] -> 0x3537
mem[X,0x000000008001FBAE] -> 0x3333
[4006] [M]: 0x000000008001FBAC (0x33333537) lui a0, 0x33333
x10 <- 0x0000000033333000
mem[X,0x000000008001FBB0] -> 0x0513
mem[X,0x000000008001FBB2] -> 0x3335
[4007] [M]: 0x000000008001FBB0 (0x33350513) addi a0, a0, 0x333
x10 <- 0x0000000033333333
mem[X,0x000000008001FBB4] -> 0x1513
mem[X,0x000000008001FBB6] -> 0x00B5
[4008] [M]: 0x000000008001FBB4 (0x00B51513) slli a0, a0, 0xb
x10 <- 0x0000019999999800
mem[X,0x000000008001FBB8] -> 0x0513
mem[X,0x000000008001FBBA] -> 0x1995
[4009] [M]: 0x000000008001FBB8 (0x19950513) addi a0, a0, 0x199
x10 <- 0x0000019999999999
mem[X,0x000000008001FBBC] -> 0x1513
mem[X,0x000000008001FBBE] -> 0x00B5
[4010] [M]: 0x000000008001FBBC (0x00B51513) slli a0, a0, 0xb
x10 <- 0x000CCCCCCCCCC800
mem[X,0x000000008001FBC0] -> 0x0513
mem[X,0x000000008001FBC2] -> 0x4CC5
[4011] [M]: 0x000000008001FBC0 (0x4CC50513) addi a0, a0, 0x4cc
x10 <- 0x000CCCCCCCCCCCCC
mem[X,0x000000008001FBC4] -> 0x1513
mem[X,0x000000008001FBC6] -> 0x00A5
[4012] [M]: 0x000000008001FBC4 (0x00A51513) slli a0, a0, 0xa
x10 <- 0x3333333333333000
mem[X,0x000000008001FBC8] -> 0x0513
mem[X,0x000000008001FBCA] -> 0x3335
[4013] [M]: 0x000000008001FBC8 (0x33350513) addi a0, a0, 0x333
x10 <- 0x3333333333333333
mem[X,0x000000008001FBCC] -> 0x0593
mem[X,0x000000008001FBCE] -> 0x0060
[4014] [M]: 0x000000008001FBCC (0x00600593) addi a1, zero, 0x6
x11 <- 0x0000000000000006
mem[X,0x000000008001FBD0] -> 0x0113
mem[X,0x000000008001FBD2] -> 0x0000
[4015] [M]: 0x000000008001FBD0 (0x00000113) addi sp, zero, 0x0
x2 <- 0x0000000000000000
mem[X,0x000000008001FBD4] -> 0x006F
mem[X,0x000000008001FBD6] -> 0x00C0
[4016] [M]: 0x000000008001FBD4 (0x00C0006F) jal zero, 0xc
mem[X,0x000000008001FBE0] -> 0x5063
mem[X,0x000000008001FBE2] -> 0x10B5
[4017] [M]: 0x000000008001FBE0 (0x10B55063) bge a0, a1, 0x100
mem[X,0x000000008001FCE0] -> 0x0113
mem[X,0x000000008001FCE2] -> 0x0031
[4018] [M]: 0x000000008001FCE0 (0x00310113) addi sp, sp, 0x3
x2 <- 0x0000000000000003
mem[X,0x000000008001FCE4] -> 0x006F
mem[X,0x000000008001FCE6] -> 0x0040
[4019] [M]: 0x000000008001FCE4 (0x0040006F) jal zero, 0x4
mem[X,0x000000008001FCE8] -> 0xB423
mem[X,0x000000008001FCEA] -> 0x0620
[4020] [M]: 0x000000008001FCE8 (0x0620B423) sd sp, 0x68(ra)
mem[0x0000000080048A38] <- 0x0000000000000003
mem[X,0x000000008001FCEC] -> 0x3537
mem[X,0x000000008001FCEE] -> 0x3333
[4021] [M]: 0x000000008001FCEC (0x33333537) lui a0, 0x33333
x10 <- 0x0000000033333000
mem[X,0x000000008001FCF0] -> 0x0513
mem[X,0x000000008001FCF2] -> 0x3335
[4022] [M]: 0x000000008001FCF0 (0x33350513) addi a0, a0, 0x333
x10 <- 0x0000000033333333
mem[X,0x000000008001FCF4] -> 0x1513
mem[X,0x000000008001FCF6] -> 0x00B5
[4023] [M]: 0x000000008001FCF4 (0x00B51513) slli a0, a0, 0xb
x10 <- 0x0000019999999800
mem[X,0x000000008001FCF8] -> 0x0513
mem[X,0x000000008001FCFA] -> 0x1995
[4024] [M]: 0x000000008001FCF8 (0x19950513) addi a0, a0, 0x199
x10 <- 0x0000019999999999
mem[X,0x000000008001FCFC] -> 0x1513
mem[X,0x000000008001FCFE] -> 0x00B5
[4025] [M]: 0x000000008001FCFC (0x00B51513) slli a0, a0, 0xb
x10 <- 0x000CCCCCCCCCC800
mem[X,0x000000008001FD00] -> 0x0513
mem[X,0x000000008001FD02] -> 0x4CC5
[4026] [M]: 0x000000008001FD00 (0x4CC50513) addi a0, a0, 0x4cc
x10 <- 0x000CCCCCCCCCCCCC
mem[X,0x000000008001FD04] -> 0x1513
mem[X,0x000000008001FD06] -> 0x00A5
[4027] [M]: 0x000000008001FD04 (0x00A51513) slli a0, a0, 0xa
x10 <- 0x3333333333333000
mem[X,0x000000008001FD08] -> 0x0513
mem[X,0x000000008001FD0A] -> 0x3335
[4028] [M]: 0x000000008001FD08 (0x33350513) addi a0, a0, 0x333
x10 <- 0x3333333333333333
mem[X,0x000000008001FD0C] -> 0x35B7
mem[X,0x000000008001FD0E] -> 0x3333
[4029] [M]: 0x000000008001FD0C (0x333335B7) lui a1, 0x33333
x11 <- 0x0000000033333000
mem[X,0x000000008001FD10] -> 0x8593
mem[X,0x000000008001FD12] -> 0x3335
[4030] [M]: 0x000000008001FD10 (0x33358593) addi a1, a1, 0x333
x11 <- 0x0000000033333333
mem[X,0x000000008001FD14] -> 0x9593
mem[X,0x000000008001FD16] -> 0x00B5
[4031] [M]: 0x000000008001FD14 (0x00B59593) slli a1, a1, 0xb
x11 <- 0x0000019999999800
mem[X,0x000000008001FD18] -> 0x8593
mem[X,0x000000008001FD1A] -> 0x1995
[4032] [M]: 0x000000008001FD18 (0x19958593) addi a1, a1, 0x199
x11 <- 0x0000019999999999
mem[X,0x000000008001FD1C] -> 0x9593
mem[X,0x000000008001FD1E] -> 0x00B5
[4033] [M]: 0x000000008001FD1C (0x00B59593) slli a1, a1, 0xb
x11 <- 0x000CCCCCCCCCC800
mem[X,0x000000008001FD20] -> 0x8593
mem[X,0x000000008001FD22] -> 0x4CC5
[4034] [M]: 0x000000008001FD20 (0x4CC58593) addi a1, a1, 0x4cc
x11 <- 0x000CCCCCCCCCCCCC
mem[X,0x000000008001FD24] -> 0x9593
mem[X,0x000000008001FD26] -> 0x00A5
[4035] [M]: 0x000000008001FD24 (0x00A59593) slli a1, a1, 0xa
x11 <- 0x3333333333333000
mem[X,0x000000008001FD28] -> 0x8593
mem[X,0x000000008001FD2A] -> 0x3345
[4036] [M]: 0x000000008001FD28 (0x33458593) addi a1, a1, 0x334
x11 <- 0x3333333333333334
mem[X,0x000000008001FD2C] -> 0x0113
mem[X,0x000000008001FD2E] -> 0x0000
[4037] [M]: 0x000000008001FD2C (0x00000113) addi sp, zero, 0x0
x2 <- 0x0000000000000000
mem[X,0x000000008001FD30] -> 0x006F
mem[X,0x000000008001FD32] -> 0x00C0
[4038] [M]: 0x000000008001FD30 (0x00C0006F) jal zero, 0xc
mem[X,0x000000008001FD3C] -> 0x5663
mem[X,0x000000008001FD3E] -> 0x00B5
[4039] [M]: 0x000000008001FD3C (0x00B55663) bge a0, a1, 0xc
mem[X,0x000000008001FD40] -> 0x0113
mem[X,0x000000008001FD42] -> 0x0021
[4040] [M]: 0x000000008001FD40 (0x00210113) addi sp, sp, 0x2
x2 <- 0x0000000000000002
mem[X,0x000000008001FD44] -> 0x006F
mem[X,0x000000008001FD46] -> 0x00C0
[4041] [M]: 0x000000008001FD44 (0x00C0006F) jal zero, 0xc
mem[X,0x000000008001FD50] -> 0xB823
mem[X,0x000000008001FD52] -> 0x0620
[4042] [M]: 0x000000008001FD50 (0x0620B823) sd sp, 0x70(ra)
mem[0x0000000080048A40] <- 0x0000000000000002
mem[X,0x000000008001FD54] -> 0x3537
mem[X,0x000000008001FD56] -> 0x3333
[4043] [M]: 0x000000008001FD54 (0x33333537) lui a0, 0x33333
x10 <- 0x0000000033333000
mem[X,0x000000008001FD58] -> 0x0513
mem[X,0x000000008001FD5A] -> 0x3335
[4044] [M]: 0x000000008001FD58 (0x33350513) addi a0, a0, 0x333
x10 <- 0x0000000033333333
mem[X,0x000000008001FD5C] -> 0x1513
mem[X,0x000000008001FD5E] -> 0x00B5
[4045] [M]: 0x000000008001FD5C (0x00B51513) slli a0, a0, 0xb
x10 <- 0x0000019999999800
mem[X,0x000000008001FD60] -> 0x0513
mem[X,0x000000008001FD62] -> 0x1995
[4046] [M]: 0x000000008001FD60 (0x19950513) addi a0, a0, 0x199
x10 <- 0x0000019999999999
mem[X,0x000000008001FD64] -> 0x1513
mem[X,0x000000008001FD66] -> 0x00B5
[4047] [M]: 0x000000008001FD64 (0x00B51513) slli a0, a0, 0xb
x10 <- 0x000CCCCCCCCCC800
mem[X,0x000000008001FD68] -> 0x0513
mem[X,0x000000008001FD6A] -> 0x4CC5
[4048] [M]: 0x000000008001FD68 (0x4CC50513) addi a0, a0, 0x4cc
x10 <- 0x000CCCCCCCCCCCCC
mem[X,0x000000008001FD6C] -> 0x1513
mem[X,0x000000008001FD6E] -> 0x00A5
[4049] [M]: 0x000000008001FD6C (0x00A51513) slli a0, a0, 0xa
x10 <- 0x3333333333333000
mem[X,0x000000008001FD70] -> 0x0513
mem[X,0x000000008001FD72] -> 0x3335
[4050] [M]: 0x000000008001FD70 (0x33350513) addi a0, a0, 0x333
x10 <- 0x3333333333333333
mem[X,0x000000008001FD74] -> 0x65B7
mem[X,0x000000008001FD76] -> 0x6666
[4051] [M]: 0x000000008001FD74 (0x666665B7) lui a1, 0x66666
x11 <- 0x0000000066666000
mem[X,0x000000008001FD78] -> 0x8593
mem[X,0x000000008001FD7A] -> 0x6665
[4052] [M]: 0x000000008001FD78 (0x66658593) addi a1, a1, 0x666
x11 <- 0x0000000066666666
mem[X,0x000000008001FD7C] -> 0x9593
mem[X,0x000000008001FD7E] -> 0x00B5
[4053] [M]: 0x000000008001FD7C (0x00B59593) slli a1, a1, 0xb
x11 <- 0x0000033333333000
mem[X,0x000000008001FD80] -> 0x8593
mem[X,0x000000008001FD82] -> 0x3335
[4054] [M]: 0x000000008001FD80 (0x33358593) addi a1, a1, 0x333
x11 <- 0x0000033333333333
mem[X,0x000000008001FD84] -> 0x9593
mem[X,0x000000008001FD86] -> 0x00B5
[4055] [M]: 0x000000008001FD84 (0x00B59593) slli a1, a1, 0xb
x11 <- 0x0019999999999800
mem[X,0x000000008001FD88] -> 0x8593
mem[X,0x000000008001FD8A] -> 0x1995
[4056] [M]: 0x000000008001FD88 (0x19958593) addi a1, a1, 0x199
x11 <- 0x0019999999999999
mem[X,0x000000008001FD8C] -> 0x9593
mem[X,0x000000008001FD8E] -> 0x00A5
[4057] [M]: 0x000000008001FD8C (0x00A59593) slli a1, a1, 0xa
x11 <- 0x6666666666666400
mem[X,0x000000008001FD90] -> 0x8593
mem[X,0x000000008001FD92] -> 0x2675
[4058] [M]: 0x000000008001FD90 (0x26758593) addi a1, a1, 0x267
x11 <- 0x6666666666666667
mem[X,0x000000008001FD94] -> 0x0113
mem[X,0x000000008001FD96] -> 0x0000
[4059] [M]: 0x000000008001FD94 (0x00000113) addi sp, zero, 0x0
x2 <- 0x0000000000000000
mem[X,0x000000008001FD98] -> 0x006F
mem[X,0x000000008001FD9A] -> 0x00C0
[4060] [M]: 0x000000008001FD98 (0x00C0006F) jal zero, 0xc
mem[X,0x000000008001FDA4] -> 0x5063
mem[X,0x000000008001FDA6] -> 0x10B5
[4061] [M]: 0x000000008001FDA4 (0x10B55063) bge a0, a1, 0x100
mem[X,0x000000008001FDA8] -> 0x0113
mem[X,0x000000008001FDAA] -> 0x0021
[4062] [M]: 0x000000008001FDA8 (0x00210113) addi sp, sp, 0x2
x2 <- 0x0000000000000002
mem[X,0x000000008001FDAC] -> 0x006F
mem[X,0x000000008001FDAE] -> 0x1000
[4063] [M]: 0x000000008001FDAC (0x1000006F) jal zero, 0x100
mem[X,0x000000008001FEAC] -> 0xBC23
mem[X,0x000000008001FEAE] -> 0x0620
[4064] [M]: 0x000000008001FEAC (0x0620BC23) sd sp, 0x78(ra)
mem[0x0000000080048A48] <- 0x0000000000000002
mem[X,0x000000008001FEB0] -> 0x3537
mem[X,0x000000008001FEB2] -> 0x3333
[4065] [M]: 0x000000008001FEB0 (0x33333537) lui a0, 0x33333
x10 <- 0x0000000033333000
mem[X,0x000000008001FEB4] -> 0x0513
mem[X,0x000000008001FEB6] -> 0x3335
[4066] [M]: 0x000000008001FEB4 (0x33350513) addi a0, a0, 0x333
x10 <- 0x0000000033333333
mem[X,0x000000008001FEB8] -> 0x1513
mem[X,0x000000008001FEBA] -> 0x00B5
[4067] [M]: 0x000000008001FEB8 (0x00B51513) slli a0, a0, 0xb
x10 <- 0x0000019999999800
mem[X,0x000000008001FEBC] -> 0x0513
mem[X,0x000000008001FEBE] -> 0x1995
[4068] [M]: 0x000000008001FEBC (0x19950513) addi a0, a0, 0x199
x10 <- 0x0000019999999999
mem[X,0x000000008001FEC0] -> 0x1513
mem[X,0x000000008001FEC2] -> 0x00B5
[4069] [M]: 0x000000008001FEC0 (0x00B51513) slli a0, a0, 0xb
x10 <- 0x000CCCCCCCCCC800
mem[X,0x000000008001FEC4] -> 0x0513
mem[X,0x000000008001FEC6] -> 0x4CC5
[4070] [M]: 0x000000008001FEC4 (0x4CC50513) addi a0, a0, 0x4cc
x10 <- 0x000CCCCCCCCCCCCC
mem[X,0x000000008001FEC8] -> 0x1513
mem[X,0x000000008001FECA] -> 0x00A5
[4071] [M]: 0x000000008001FEC8 (0x00A51513) slli a0, a0, 0xa
x10 <- 0x3333333333333000
mem[X,0x000000008001FECC] -> 0x0513
mem[X,0x000000008001FECE] -> 0x3335
[4072] [M]: 0x000000008001FECC (0x33350513) addi a0, a0, 0x333
x10 <- 0x3333333333333333
mem[X,0x000000008001FED0] -> 0x05B7
mem[X,0x000000008001FED2] -> 0x0000
[4073] [M]: 0x000000008001FED0 (0x000005B7) lui a1, 0x0
x11 <- 0x0000000000000000
mem[X,0x000000008001FED4] -> 0x8593
mem[X,0x000000008001FED6] -> 0xFFF5
[4074] [M]: 0x000000008001FED4 (0xFFF58593) addi a1, a1, -0x1
x11 <- 0xFFFFFFFFFFFFFFFF
mem[X,0x000000008001FED8] -> 0x9593
mem[X,0x000000008001FEDA] -> 0x00B5
[4075] [M]: 0x000000008001FED8 (0x00B59593) slli a1, a1, 0xb
x11 <- 0xFFFFFFFFFFFFF800
mem[X,0x000000008001FEDC] -> 0x8593
mem[X,0x000000008001FEDE] -> 0x2575
[4076] [M]: 0x000000008001FEDC (0x25758593) addi a1, a1, 0x257
x11 <- 0xFFFFFFFFFFFFFA57
mem[X,0x000000008001FEE0] -> 0x9593
mem[X,0x000000008001FEE2] -> 0x00B5
[4077] [M]: 0x000000008001FEE0 (0x00B59593) slli a1, a1, 0xb
x11 <- 0xFFFFFFFFFFD2B800
mem[X,0x000000008001FEE4] -> 0x8593
mem[X,0x000000008001FEE6] -> 0x6C35
[4078] [M]: 0x000000008001FEE4 (0x6C358593) addi a1, a1, 0x6c3
x11 <- 0xFFFFFFFFFFD2BEC3
mem[X,0x000000008001FEE8] -> 0x9593
mem[X,0x000000008001FEEA] -> 0x00A5
[4079] [M]: 0x000000008001FEE8 (0x00A59593) slli a1, a1, 0xa
x11 <- 0xFFFFFFFF4AFB0C00
mem[X,0x000000008001FEEC] -> 0x8593
mem[X,0x000000008001FEEE] -> 0x0CE5
[4080] [M]: 0x000000008001FEEC (0x0CE58593) addi a1, a1, 0xce
x11 <- 0xFFFFFFFF4AFB0CCE
mem[X,0x000000008001FEF0] -> 0x0113
mem[X,0x000000008001FEF2] -> 0x0000
[4081] [M]: 0x000000008001FEF0 (0x00000113) addi sp, zero, 0x0
x2 <- 0x0000000000000000
mem[X,0x000000008001FEF4] -> 0x006F
mem[X,0x000000008001FEF6] -> 0x00C0
[4082] [M]: 0x000000008001FEF4 (0x00C0006F) jal zero, 0xc
mem[X,0x000000008001FF00] -> 0x5063
mem[X,0x000000008001FF02] -> 0x08B5
[4083] [M]: 0x000000008001FF00 (0x08B55063) bge a0, a1, 0x80
mem[X,0x000000008001FF80] -> 0x0113
mem[X,0x000000008001FF82] -> 0x0031
[4084] [M]: 0x000000008001FF80 (0x00310113) addi sp, sp, 0x3
x2 <- 0x0000000000000003
mem[X,0x000000008001FF84] -> 0x006F
mem[X,0x000000008001FF86] -> 0x0040
[4085] [M]: 0x000000008001FF84 (0x0040006F) jal zero, 0x4
mem[X,0x000000008001FF88] -> 0xB023
mem[X,0x000000008001FF8A] -> 0x0820
[4086] [M]: 0x000000008001FF88 (0x0820B023) sd sp, 0x80(ra)
mem[0x0000000080048A50] <- 0x0000000000000003
mem[X,0x000000008001FF8C] -> 0x3537
mem[X,0x000000008001FF8E] -> 0x3333
[4087] [M]: 0x000000008001FF8C (0x33333537) lui a0, 0x33333
x10 <- 0x0000000033333000
mem[X,0x000000008001FF90] -> 0x0513
mem[X,0x000000008001FF92] -> 0x3335
[4088] [M]: 0x000000008001FF90 (0x33350513) addi a0, a0, 0x333
x10 <- 0x0000000033333333
mem[X,0x000000008001FF94] -> 0x1513
mem[X,0x000000008001FF96] -> 0x00B5
[4089] [M]: 0x000000008001FF94 (0x00B51513) slli a0, a0, 0xb
x10 <- 0x0000019999999800
mem[X,0x000000008001FF98] -> 0x0513
mem[X,0x000000008001FF9A] -> 0x1995
[4090] [M]: 0x000000008001FF98 (0x19950513) addi a0, a0, 0x199
x10 <- 0x0000019999999999
mem[X,0x000000008001FF9C] -> 0x1513
mem[X,0x000000008001FF9E] -> 0x00B5
[4091] [M]: 0x000000008001FF9C (0x00B51513) slli a0, a0, 0xb
x10 <- 0x000CCCCCCCCCC800
mem[X,0x000000008001FFA0] -> 0x0513
mem[X,0x000000008001FFA2] -> 0x4CC5
[4092] [M]: 0x000000008001FFA0 (0x4CC50513) addi a0, a0, 0x4cc
x10 <- 0x000CCCCCCCCCCCCC
mem[X,0x000000008001FFA4] -> 0x1513
mem[X,0x000000008001FFA6] -> 0x00A5
[4093] [M]: 0x000000008001FFA4 (0x00A51513) slli a0, a0, 0xa
x10 <- 0x3333333333333000
mem[X,0x000000008001FFA8] -> 0x0513
mem[X,0x000000008001FFAA] -> 0x3335
[4094] [M]: 0x000000008001FFA8 (0x33350513) addi a0, a0, 0x333
x10 <- 0x3333333333333333
mem[X,0x000000008001FFAC] -> 0x05B7
mem[X,0x000000008001FFAE] -> 0x0000
[4095] [M]: 0x000000008001FFAC (0x000005B7) lui a1, 0x0
x11 <- 0x0000000000000000
mem[X,0x000000008001FFB0] -> 0x8593
mem[X,0x000000008001FFB2] -> 0x0005
[4096] [M]: 0x000000008001FFB0 (0x00058593) addi a1, a1, 0x0
x11 <- 0x0000000000000000
mem[X,0x000000008001FFB4] -> 0x9593
mem[X,0x000000008001FFB6] -> 0x00B5
[4097] [M]: 0x000000008001FFB4 (0x00B59593) slli a1, a1, 0xb
x11 <- 0x0000000000000000
mem[X,0x000000008001FFB8] -> 0x8593
mem[X,0x000000008001FFBA] -> 0x5A85
[4098] [M]: 0x000000008001FFB8 (0x5A858593) addi a1, a1, 0x5a8
x11 <- 0x00000000000005A8
mem[X,0x000000008001FFBC] -> 0x9593
mem[X,0x000000008001FFBE] -> 0x00B5
[4099] [M]: 0x000000008001FFBC (0x00B59593) slli a1, a1, 0xb
x11 <- 0x00000000002D4000
clint::tick mtime <- 0x0000000000000029
 clint timer pending at mtime 0x0000000000000029
htif::tick 0x0000000000000000
mem[X,0x000000008001FFC0] -> 0x8593
mem[X,0x000000008001FFC2] -> 0x13C5
[4100] [M]: 0x000000008001FFC0 (0x13C58593) addi a1, a1, 0x13c
x11 <- 0x00000000002D413C
mem[X,0x000000008001FFC4] -> 0x9593
mem[X,0x000000008001FFC6] -> 0x00A5
[4101] [M]: 0x000000008001FFC4 (0x00A59593) slli a1, a1, 0xa
x11 <- 0x00000000B504F000
mem[X,0x000000008001FFC8] -> 0x8593
mem[X,0x000000008001FFCA] -> 0x3345
[4102] [M]: 0x000000008001FFC8 (0x33458593) addi a1, a1, 0x334
x11 <- 0x00000000B504F334
mem[X,0x000000008001FFCC] -> 0x0113
mem[X,0x000000008001FFCE] -> 0x0000
[4103] [M]: 0x000000008001FFCC (0x00000113) addi sp, zero, 0x0
x2 <- 0x0000000000000000
mem[X,0x000000008001FFD0] -> 0x006F
mem[X,0x000000008001FFD2] -> 0x00C0
[4104] [M]: 0x000000008001FFD0 (0x00C0006F) jal zero, 0xc
mem[X,0x000000008001FFDC] -> 0x5663
mem[X,0x000000008001FFDE] -> 0x00B5
[4105] [M]: 0x000000008001FFDC (0x00B55663) bge a0, a1, 0xc
mem[X,0x000000008001FFE8] -> 0x0113
mem[X,0x000000008001FFEA] -> 0x0031
[4106] [M]: 0x000000008001FFE8 (0x00310113) addi sp, sp, 0x3
x2 <- 0x0000000000000003
mem[X,0x000000008001FFEC] -> 0x006F
mem[X,0x000000008001FFEE] -> 0x0040
[4107] [M]: 0x000000008001FFEC (0x0040006F) jal zero, 0x4
mem[X,0x000000008001FFF0] -> 0xB423
mem[X,0x000000008001FFF2] -> 0x0820
[4108] [M]: 0x000000008001FFF0 (0x0820B423) sd sp, 0x88(ra)
mem[0x0000000080048A58] <- 0x0000000000000003
mem[X,0x000000008001FFF4] -> 0x6537
mem[X,0x000000008001FFF6] -> 0x6666
[4109] [M]: 0x000000008001FFF4 (0x66666537) lui a0, 0x66666
x10 <- 0x0000000066666000
mem[X,0x000000008001FFF8] -> 0x0513
mem[X,0x000000008001FFFA] -> 0x6665
[4110] [M]: 0x000000008001FFF8 (0x66650513) addi a0, a0, 0x666
x10 <- 0x0000000066666666
mem[X,0x000000008001FFFC] -> 0x1513
mem[X,0x000000008001FFFE] -> 0x00B5
[4111] [M]: 0x000000008001FFFC (0x00B51513) slli a0, a0, 0xb
x10 <- 0x0000033333333000
mem[X,0x0000000080020000] -> 0x0513
mem[X,0x0000000080020002] -> 0x3335
[4112] [M]: 0x0000000080020000 (0x33350513) addi a0, a0, 0x333
x10 <- 0x0000033333333333
mem[X,0x0000000080020004] -> 0x1513
mem[X,0x0000000080020006] -> 0x00B5
[4113] [M]: 0x0000000080020004 (0x00B51513) slli a0, a0, 0xb
x10 <- 0x0019999999999800
mem[X,0x0000000080020008] -> 0x0513
mem[X,0x000000008002000A] -> 0x1995
[4114] [M]: 0x0000000080020008 (0x19950513) addi a0, a0, 0x199
x10 <- 0x0019999999999999
mem[X,0x000000008002000C] -> 0x1513
mem[X,0x000000008002000E] -> 0x00A5
[4115] [M]: 0x000000008002000C (0x00A51513) slli a0, a0, 0xa
x10 <- 0x6666666666666400
mem[X,0x0000000080020010] -> 0x0513
mem[X,0x0000000080020012] -> 0x2665
[4116] [M]: 0x0000000080020010 (0x26650513) addi a0, a0, 0x266
x10 <- 0x6666666666666666
mem[X,0x0000000080020014] -> 0x0593
mem[X,0x0000000080020016] -> 0x0030
[4117] [M]: 0x0000000080020014 (0x00300593) addi a1, zero, 0x3
x11 <- 0x0000000000000003
mem[X,0x0000000080020018] -> 0x0113
mem[X,0x000000008002001A] -> 0x0000
[4118] [M]: 0x0000000080020018 (0x00000113) addi sp, zero, 0x0
x2 <- 0x0000000000000000
mem[X,0x000000008002001C] -> 0x006F
mem[X,0x000000008002001E] -> 0x00C0
[4119] [M]: 0x000000008002001C (0x00C0006F) jal zero, 0xc
mem[X,0x0000000080020028] -> 0x5063
mem[X,0x000000008002002A] -> 0x04B5
[4120] [M]: 0x0000000080020028 (0x04B55063) bge a0, a1, 0x40
mem[X,0x0000000080020068] -> 0x0113
mem[X,0x000000008002006A] -> 0x0031
[4121] [M]: 0x0000000080020068 (0x00310113) addi sp, sp, 0x3
x2 <- 0x0000000000000003
mem[X,0x000000008002006C] -> 0x006F
mem[X,0x000000008002006E] -> 0x0040
[4122] [M]: 0x000000008002006C (0x0040006F) jal zero, 0x4
mem[X,0x0000000080020070] -> 0xB823
mem[X,0x0000000080020072] -> 0x0820
[4123] [M]: 0x0000000080020070 (0x0820B823) sd sp, 0x90(ra)
mem[0x0000000080048A60] <- 0x0000000000000003
mem[X,0x0000000080020074] -> 0x6537
mem[X,0x0000000080020076] -> 0x6666
[4124] [M]: 0x0000000080020074 (0x66666537) lui a0, 0x66666
x10 <- 0x0000000066666000
mem[X,0x0000000080020078] -> 0x0513
mem[X,0x000000008002007A] -> 0x6665
[4125] [M]: 0x0000000080020078 (0x66650513) addi a0, a0, 0x666
x10 <- 0x0000000066666666
mem[X,0x000000008002007C] -> 0x1513
mem[X,0x000000008002007E] -> 0x00B5
[4126] [M]: 0x000000008002007C (0x00B51513) slli a0, a0, 0xb
x10 <- 0x0000033333333000
mem[X,0x0000000080020080] -> 0x0513
mem[X,0x0000000080020082] -> 0x3335
[4127] [M]: 0x0000000080020080 (0x33350513) addi a0, a0, 0x333
x10 <- 0x0000033333333333
mem[X,0x0000000080020084] -> 0x1513
mem[X,0x0000000080020086] -> 0x00B5
[4128] [M]: 0x0000000080020084 (0x00B51513) slli a0, a0, 0xb
x10 <- 0x0019999999999800
mem[X,0x0000000080020088] -> 0x0513
mem[X,0x000000008002008A] -> 0x1995
[4129] [M]: 0x0000000080020088 (0x19950513) addi a0, a0, 0x199
x10 <- 0x0019999999999999
mem[X,0x000000008002008C] -> 0x1513
mem[X,0x000000008002008E] -> 0x00A5
[4130] [M]: 0x000000008002008C (0x00A51513) slli a0, a0, 0xa
x10 <- 0x6666666666666400
mem[X,0x0000000080020090] -> 0x0513
mem[X,0x0000000080020092] -> 0x2665
[4131] [M]: 0x0000000080020090 (0x26650513) addi a0, a0, 0x266
x10 <- 0x6666666666666666
mem[X,0x0000000080020094] -> 0x55B7
mem[X,0x0000000080020096] -> 0x5555
[4132] [M]: 0x0000000080020094 (0x555555B7) lui a1, 0x55555
x11 <- 0x0000000055555000
mem[X,0x0000000080020098] -> 0x8593
mem[X,0x000000008002009A] -> 0x5555
[4133] [M]: 0x0000000080020098 (0x55558593) addi a1, a1, 0x555
x11 <- 0x0000000055555555
mem[X,0x000000008002009C] -> 0x9593
mem[X,0x000000008002009E] -> 0x00B5
[4134] [M]: 0x000000008002009C (0x00B59593) slli a1, a1, 0xb
x11 <- 0x000002AAAAAAA800
mem[X,0x00000000800200A0] -> 0x8593
mem[X,0x00000000800200A2] -> 0x2AA5
[4135] [M]: 0x00000000800200A0 (0x2AA58593) addi a1, a1, 0x2aa
x11 <- 0x000002AAAAAAAAAA
mem[X,0x00000000800200A4] -> 0x9593
mem[X,0x00000000800200A6] -> 0x00B5
[4136] [M]: 0x00000000800200A4 (0x00B59593) slli a1, a1, 0xb
x11 <- 0x0015555555555000
mem[X,0x00000000800200A8] -> 0x8593
mem[X,0x00000000800200AA] -> 0x5555
[4137] [M]: 0x00000000800200A8 (0x55558593) addi a1, a1, 0x555
x11 <- 0x0015555555555555
mem[X,0x00000000800200AC] -> 0x9593
mem[X,0x00000000800200AE] -> 0x00A5
[4138] [M]: 0x00000000800200AC (0x00A59593) slli a1, a1, 0xa
x11 <- 0x5555555555555400
mem[X,0x00000000800200B0] -> 0x8593
mem[X,0x00000000800200B2] -> 0x1555
[4139] [M]: 0x00000000800200B0 (0x15558593) addi a1, a1, 0x155
x11 <- 0x5555555555555555
mem[X,0x00000000800200B4] -> 0x0113
mem[X,0x00000000800200B6] -> 0x0000
[4140] [M]: 0x00000000800200B4 (0x00000113) addi sp, zero, 0x0
x2 <- 0x0000000000000000
mem[X,0x00000000800200B8] -> 0x006F
mem[X,0x00000000800200BA] -> 0x00C0
[4141] [M]: 0x00000000800200B8 (0x00C0006F) jal zero, 0xc
mem[X,0x00000000800200C4] -> 0x5CE3
mem[X,0x00000000800200C6] -> 0xFEB5
[4142] [M]: 0x00000000800200C4 (0xFEB55CE3) bge a0, a1, -0x8
mem[X,0x00000000800200BC] -> 0x0113
mem[X,0x00000000800200BE] -> 0x0011
[4143] [M]: 0x00000000800200BC (0x00110113) addi sp, sp, 0x1
x2 <- 0x0000000000000001
mem[X,0x00000000800200C0] -> 0x006F
mem[X,0x00000000800200C2] -> 0x0180
[4144] [M]: 0x00000000800200C0 (0x0180006F) jal zero, 0x18
mem[X,0x00000000800200D8] -> 0xBC23
mem[X,0x00000000800200DA] -> 0x0820
[4145] [M]: 0x00000000800200D8 (0x0820BC23) sd sp, 0x98(ra)
mem[0x0000000080048A68] <- 0x0000000000000001
mem[X,0x00000000800200DC] -> 0x6537
mem[X,0x00000000800200DE] -> 0x6666
[4146] [M]: 0x00000000800200DC (0x66666537) lui a0, 0x66666
x10 <- 0x0000000066666000
mem[X,0x00000000800200E0] -> 0x0513
mem[X,0x00000000800200E2] -> 0x6665
[4147] [M]: 0x00000000800200E0 (0x66650513) addi a0, a0, 0x666
x10 <- 0x0000000066666666
mem[X,0x00000000800200E4] -> 0x1513
mem[X,0x00000000800200E6] -> 0x00B5
[4148] [M]: 0x00000000800200E4 (0x00B51513) slli a0, a0, 0xb
x10 <- 0x0000033333333000
mem[X,0x00000000800200E8] -> 0x0513
mem[X,0x00000000800200EA] -> 0x3335
[4149] [M]: 0x00000000800200E8 (0x33350513) addi a0, a0, 0x333
x10 <- 0x0000033333333333
mem[X,0x00000000800200EC] -> 0x1513
mem[X,0x00000000800200EE] -> 0x00B5
[4150] [M]: 0x00000000800200EC (0x00B51513) slli a0, a0, 0xb
x10 <- 0x0019999999999800
mem[X,0x00000000800200F0] -> 0x0513
mem[X,0x00000000800200F2] -> 0x1995
[4151] [M]: 0x00000000800200F0 (0x19950513) addi a0, a0, 0x199
x10 <- 0x0019999999999999
mem[X,0x00000000800200F4] -> 0x1513
mem[X,0x00000000800200F6] -> 0x00A5
[4152] [M]: 0x00000000800200F4 (0x00A51513) slli a0, a0, 0xa
x10 <- 0x6666666666666400
mem[X,0x00000000800200F8] -> 0x0513
mem[X,0x00000000800200FA] -> 0x2665
[4153] [M]: 0x00000000800200F8 (0x26650513) addi a0, a0, 0x266
x10 <- 0x6666666666666666
mem[X,0x00000000800200FC] -> 0xB5B7
mem[X,0x00000000800200FE] -> 0xAAAA
[4154] [M]: 0x00000000800200FC (0xAAAAB5B7) lui a1, -0x55555
x11 <- 0xFFFFFFFFAAAAB000
mem[X,0x0000000080020100] -> 0x8593
mem[X,0x0000000080020102] -> 0xAAA5
[4155] [M]: 0x0000000080020100 (0xAAA58593) addi a1, a1, -0x556
x11 <- 0xFFFFFFFFAAAAAAAA
mem[X,0x0000000080020104] -> 0x9593
mem[X,0x0000000080020106] -> 0x00B5
[4156] [M]: 0x0000000080020104 (0x00B59593) slli a1, a1, 0xb
x11 <- 0xFFFFFD5555555000
mem[X,0x0000000080020108] -> 0x8593
mem[X,0x000000008002010A] -> 0x5555
[4157] [M]: 0x0000000080020108 (0x55558593) addi a1, a1, 0x555
x11 <- 0xFFFFFD5555555555
mem[X,0x000000008002010C] -> 0x9593
mem[X,0x000000008002010E] -> 0x00B5
[4158] [M]: 0x000000008002010C (0x00B59593) slli a1, a1, 0xb
x11 <- 0xFFEAAAAAAAAAA800
mem[X,0x0000000080020110] -> 0x8593
mem[X,0x0000000080020112] -> 0x2AA5
[4159] [M]: 0x0000000080020110 (0x2AA58593) addi a1, a1, 0x2aa
x11 <- 0xFFEAAAAAAAAAAAAA
mem[X,0x0000000080020114] -> 0x9593
mem[X,0x0000000080020116] -> 0x00A5
[4160] [M]: 0x0000000080020114 (0x00A59593) slli a1, a1, 0xa
x11 <- 0xAAAAAAAAAAAAA800
mem[X,0x0000000080020118] -> 0x8593
mem[X,0x000000008002011A] -> 0x2AA5
[4161] [M]: 0x0000000080020118 (0x2AA58593) addi a1, a1, 0x2aa
x11 <- 0xAAAAAAAAAAAAAAAA
mem[X,0x000000008002011C] -> 0x0113
mem[X,0x000000008002011E] -> 0x0000
[4162] [M]: 0x000000008002011C (0x00000113) addi sp, zero, 0x0
x2 <- 0x0000000000000000
mem[X,0x0000000080020120] -> 0x006F
mem[X,0x0000000080020122] -> 0x00C0
[4163] [M]: 0x0000000080020120 (0x00C0006F) jal zero, 0xc
mem[X,0x000000008002012C] -> 0x5663
mem[X,0x000000008002012E] -> 0x00B5
[4164] [M]: 0x000000008002012C (0x00B55663) bge a0, a1, 0xc
mem[X,0x0000000080020138] -> 0x0113
mem[X,0x000000008002013A] -> 0x0031
[4165] [M]: 0x0000000080020138 (0x00310113) addi sp, sp, 0x3
x2 <- 0x0000000000000003
mem[X,0x000000008002013C] -> 0x006F
mem[X,0x000000008002013E] -> 0x0040
[4166] [M]: 0x000000008002013C (0x0040006F) jal zero, 0x4
mem[X,0x0000000080020140] -> 0xB023
mem[X,0x0000000080020142] -> 0x0A20
[4167] [M]: 0x0000000080020140 (0x0A20B023) sd sp, 0xa0(ra)
mem[0x0000000080048A70] <- 0x0000000000000003
mem[X,0x0000000080020144] -> 0x6537
mem[X,0x0000000080020146] -> 0x6666
[4168] [M]: 0x0000000080020144 (0x66666537) lui a0, 0x66666
x10 <- 0x0000000066666000
mem[X,0x0000000080020148] -> 0x0513
mem[X,0x000000008002014A] -> 0x6665
[4169] [M]: 0x0000000080020148 (0x66650513) addi a0, a0, 0x666
x10 <- 0x0000000066666666
mem[X,0x000000008002014C] -> 0x1513
mem[X,0x000000008002014E] -> 0x00B5
[4170] [M]: 0x000000008002014C (0x00B51513) slli a0, a0, 0xb
x10 <- 0x0000033333333000
mem[X,0x0000000080020150] -> 0x0513
mem[X,0x0000000080020152] -> 0x3335
[4171] [M]: 0x0000000080020150 (0x33350513) addi a0, a0, 0x333
x10 <- 0x0000033333333333
mem[X,0x0000000080020154] -> 0x1513
mem[X,0x0000000080020156] -> 0x00B5
[4172] [M]: 0x0000000080020154 (0x00B51513) slli a0, a0, 0xb
x10 <- 0x0019999999999800
mem[X,0x0000000080020158] -> 0x0513
mem[X,0x000000008002015A] -> 0x1995
[4173] [M]: 0x0000000080020158 (0x19950513) addi a0, a0, 0x199
x10 <- 0x0019999999999999
mem[X,0x000000008002015C] -> 0x1513
mem[X,0x000000008002015E] -> 0x00A5
[4174] [M]: 0x000000008002015C (0x00A51513) slli a0, a0, 0xa
x10 <- 0x6666666666666400
mem[X,0x0000000080020160] -> 0x0513
mem[X,0x0000000080020162] -> 0x2665
[4175] [M]: 0x0000000080020160 (0x26650513) addi a0, a0, 0x266
x10 <- 0x6666666666666666
mem[X,0x0000000080020164] -> 0x0593
mem[X,0x0000000080020166] -> 0x0050
[4176] [M]: 0x0000000080020164 (0x00500593) addi a1, zero, 0x5
x11 <- 0x0000000000000005
mem[X,0x0000000080020168] -> 0x0113
mem[X,0x000000008002016A] -> 0x0000
[4177] [M]: 0x0000000080020168 (0x00000113) addi sp, zero, 0x0
x2 <- 0x0000000000000000
mem[X,0x000000008002016C] -> 0x006F
mem[X,0x000000008002016E] -> 0x00C0
[4178] [M]: 0x000000008002016C (0x00C0006F) jal zero, 0xc
mem[X,0x0000000080020178] -> 0x5063
mem[X,0x000000008002017A] -> 0x10B5
[4179] [M]: 0x0000000080020178 (0x10B55063) bge a0, a1, 0x100
mem[X,0x0000000080020278] -> 0x0113
mem[X,0x000000008002027A] -> 0x0031
[4180] [M]: 0x0000000080020278 (0x00310113) addi sp, sp, 0x3
x2 <- 0x0000000000000003
mem[X,0x000000008002027C] -> 0x006F
mem[X,0x000000008002027E] -> 0x0040
[4181] [M]: 0x000000008002027C (0x0040006F) jal zero, 0x4
mem[X,0x0000000080020280] -> 0xB423
mem[X,0x0000000080020282] -> 0x0A20
[4182] [M]: 0x0000000080020280 (0x0A20B423) sd sp, 0xa8(ra)
mem[0x0000000080048A78] <- 0x0000000000000003
mem[X,0x0000000080020284] -> 0x6537
mem[X,0x0000000080020286] -> 0x6666
[4183] [M]: 0x0000000080020284 (0x66666537) lui a0, 0x66666
x10 <- 0x0000000066666000
mem[X,0x0000000080020288] -> 0x0513
mem[X,0x000000008002028A] -> 0x6665
[4184] [M]: 0x0000000080020288 (0x66650513) addi a0, a0, 0x666
x10 <- 0x0000000066666666
mem[X,0x000000008002028C] -> 0x1513
mem[X,0x000000008002028E] -> 0x00B5
[4185] [M]: 0x000000008002028C (0x00B51513) slli a0, a0, 0xb
x10 <- 0x0000033333333000
mem[X,0x0000000080020290] -> 0x0513
mem[X,0x0000000080020292] -> 0x3335
[4186] [M]: 0x0000000080020290 (0x33350513) addi a0, a0, 0x333
x10 <- 0x0000033333333333
mem[X,0x0000000080020294] -> 0x1513
mem[X,0x0000000080020296] -> 0x00B5
[4187] [M]: 0x0000000080020294 (0x00B51513) slli a0, a0, 0xb
x10 <- 0x0019999999999800
mem[X,0x0000000080020298] -> 0x0513
mem[X,0x000000008002029A] -> 0x1995
[4188] [M]: 0x0000000080020298 (0x19950513) addi a0, a0, 0x199
x10 <- 0x0019999999999999
mem[X,0x000000008002029C] -> 0x1513
mem[X,0x000000008002029E] -> 0x00A5
[4189] [M]: 0x000000008002029C (0x00A51513) slli a0, a0, 0xa
x10 <- 0x6666666666666400
mem[X,0x00000000800202A0] -> 0x0513
mem[X,0x00000000800202A2] -> 0x2665
[4190] [M]: 0x00000000800202A0 (0x26650513) addi a0, a0, 0x266
x10 <- 0x6666666666666666
mem[X,0x00000000800202A4] -> 0x35B7
mem[X,0x00000000800202A6] -> 0x3333
[4191] [M]: 0x00000000800202A4 (0x333335B7) lui a1, 0x33333
x11 <- 0x0000000033333000
mem[X,0x00000000800202A8] -> 0x8593
mem[X,0x00000000800202AA] -> 0x3335
[4192] [M]: 0x00000000800202A8 (0x33358593) addi a1, a1, 0x333
x11 <- 0x0000000033333333
mem[X,0x00000000800202AC] -> 0x9593
mem[X,0x00000000800202AE] -> 0x00B5
[4193] [M]: 0x00000000800202AC (0x00B59593) slli a1, a1, 0xb
x11 <- 0x0000019999999800
mem[X,0x00000000800202B0] -> 0x8593
mem[X,0x00000000800202B2] -> 0x1995
[4194] [M]: 0x00000000800202B0 (0x19958593) addi a1, a1, 0x199
x11 <- 0x0000019999999999
mem[X,0x00000000800202B4] -> 0x9593
mem[X,0x00000000800202B6] -> 0x00B5
[4195] [M]: 0x00000000800202B4 (0x00B59593) slli a1, a1, 0xb
x11 <- 0x000CCCCCCCCCC800
mem[X,0x00000000800202B8] -> 0x8593
mem[X,0x00000000800202BA] -> 0x4CC5
[4196] [M]: 0x00000000800202B8 (0x4CC58593) addi a1, a1, 0x4cc
x11 <- 0x000CCCCCCCCCCCCC
mem[X,0x00000000800202BC] -> 0x9593
mem[X,0x00000000800202BE] -> 0x00A5
[4197] [M]: 0x00000000800202BC (0x00A59593) slli a1, a1, 0xa
x11 <- 0x3333333333333000
mem[X,0x00000000800202C0] -> 0x8593
mem[X,0x00000000800202C2] -> 0x3335
[4198] [M]: 0x00000000800202C0 (0x33358593) addi a1, a1, 0x333
x11 <- 0x3333333333333333
mem[X,0x00000000800202C4] -> 0x0113
mem[X,0x00000000800202C6] -> 0x0000
[4199] [M]: 0x00000000800202C4 (0x00000113) addi sp, zero, 0x0
x2 <- 0x0000000000000000
clint::tick mtime <- 0x000000000000002A
 clint timer pending at mtime 0x000000000000002A
htif::tick 0x0000000000000000
mem[X,0x00000000800202C8] -> 0x006F
mem[X,0x00000000800202CA] -> 0x00C0
[4200] [M]: 0x00000000800202C8 (0x00C0006F) jal zero, 0xc
mem[X,0x00000000800202D4] -> 0x5063
mem[X,0x00000000800202D6] -> 0x20B5
[4201] [M]: 0x00000000800202D4 (0x20B55063) bge a0, a1, 0x200
mem[X,0x00000000800204D4] -> 0x0113
mem[X,0x00000000800204D6] -> 0x0031
[4202] [M]: 0x00000000800204D4 (0x00310113) addi sp, sp, 0x3
x2 <- 0x0000000000000003
mem[X,0x00000000800204D8] -> 0x006F
mem[X,0x00000000800204DA] -> 0x0040
[4203] [M]: 0x00000000800204D8 (0x0040006F) jal zero, 0x4
mem[X,0x00000000800204DC] -> 0xB823
mem[X,0x00000000800204DE] -> 0x0A20
[4204] [M]: 0x00000000800204DC (0x0A20B823) sd sp, 0xb0(ra)
mem[0x0000000080048A80] <- 0x0000000000000003
mem[X,0x00000000800204E0] -> 0x6537
mem[X,0x00000000800204E2] -> 0x6666
[4205] [M]: 0x00000000800204E0 (0x66666537) lui a0, 0x66666
x10 <- 0x0000000066666000
mem[X,0x00000000800204E4] -> 0x0513
mem[X,0x00000000800204E6] -> 0x6665
[4206] [M]: 0x00000000800204E4 (0x66650513) addi a0, a0, 0x666
x10 <- 0x0000000066666666
mem[X,0x00000000800204E8] -> 0x1513
mem[X,0x00000000800204EA] -> 0x00B5
[4207] [M]: 0x00000000800204E8 (0x00B51513) slli a0, a0, 0xb
x10 <- 0x0000033333333000
mem[X,0x00000000800204EC] -> 0x0513
mem[X,0x00000000800204EE] -> 0x3335
[4208] [M]: 0x00000000800204EC (0x33350513) addi a0, a0, 0x333
x10 <- 0x0000033333333333
mem[X,0x00000000800204F0] -> 0x1513
mem[X,0x00000000800204F2] -> 0x00B5
[4209] [M]: 0x00000000800204F0 (0x00B51513) slli a0, a0, 0xb
x10 <- 0x0019999999999800
mem[X,0x00000000800204F4] -> 0x0513
mem[X,0x00000000800204F6] -> 0x1995
[4210] [M]: 0x00000000800204F4 (0x19950513) addi a0, a0, 0x199
x10 <- 0x0019999999999999
mem[X,0x00000000800204F8] -> 0x1513
mem[X,0x00000000800204FA] -> 0x00A5
[4211] [M]: 0x00000000800204F8 (0x00A51513) slli a0, a0, 0xa
x10 <- 0x6666666666666400
mem[X,0x00000000800204FC] -> 0x0513
mem[X,0x00000000800204FE] -> 0x2665
[4212] [M]: 0x00000000800204FC (0x26650513) addi a0, a0, 0x266
x10 <- 0x6666666666666666
mem[X,0x0000000080020500] -> 0x65B7
mem[X,0x0000000080020502] -> 0x6666
[4213] [M]: 0x0000000080020500 (0x666665B7) lui a1, 0x66666
x11 <- 0x0000000066666000
mem[X,0x0000000080020504] -> 0x8593
mem[X,0x0000000080020506] -> 0x6665
[4214] [M]: 0x0000000080020504 (0x66658593) addi a1, a1, 0x666
x11 <- 0x0000000066666666
mem[X,0x0000000080020508] -> 0x9593
mem[X,0x000000008002050A] -> 0x00B5
[4215] [M]: 0x0000000080020508 (0x00B59593) slli a1, a1, 0xb
x11 <- 0x0000033333333000
mem[X,0x000000008002050C] -> 0x8593
mem[X,0x000000008002050E] -> 0x3335
[4216] [M]: 0x000000008002050C (0x33358593) addi a1, a1, 0x333
x11 <- 0x0000033333333333
mem[X,0x0000000080020510] -> 0x9593
mem[X,0x0000000080020512] -> 0x00B5
[4217] [M]: 0x0000000080020510 (0x00B59593) slli a1, a1, 0xb
x11 <- 0x0019999999999800
mem[X,0x0000000080020514] -> 0x8593
mem[X,0x0000000080020516] -> 0x1995
[4218] [M]: 0x0000000080020514 (0x19958593) addi a1, a1, 0x199
x11 <- 0x0019999999999999
mem[X,0x0000000080020518] -> 0x9593
mem[X,0x000000008002051A] -> 0x00A5
[4219] [M]: 0x0000000080020518 (0x00A59593) slli a1, a1, 0xa
x11 <- 0x6666666666666400
mem[X,0x000000008002051C] -> 0x8593
mem[X,0x000000008002051E] -> 0x2665
[4220] [M]: 0x000000008002051C (0x26658593) addi a1, a1, 0x266
x11 <- 0x6666666666666666
mem[X,0x0000000080020520] -> 0x0113
mem[X,0x0000000080020522] -> 0x0000
[4221] [M]: 0x0000000080020520 (0x00000113) addi sp, zero, 0x0
x2 <- 0x0000000000000000
mem[X,0x0000000080020524] -> 0x006F
mem[X,0x0000000080020526] -> 0x00C0
[4222] [M]: 0x0000000080020524 (0x00C0006F) jal zero, 0xc
mem[X,0x0000000080020530] -> 0x5663
mem[X,0x0000000080020532] -> 0x00B5
[4223] [M]: 0x0000000080020530 (0x00B55663) bge a0, a1, 0xc
mem[X,0x000000008002053C] -> 0x0113
mem[X,0x000000008002053E] -> 0x0031
[4224] [M]: 0x000000008002053C (0x00310113) addi sp, sp, 0x3
x2 <- 0x0000000000000003
mem[X,0x0000000080020540] -> 0x006F
mem[X,0x0000000080020542] -> 0x0040
[4225] [M]: 0x0000000080020540 (0x0040006F) jal zero, 0x4
mem[X,0x0000000080020544] -> 0xBC23
mem[X,0x0000000080020546] -> 0x0A20
[4226] [M]: 0x0000000080020544 (0x0A20BC23) sd sp, 0xb8(ra)
mem[0x0000000080048A88] <- 0x0000000000000003
mem[X,0x0000000080020548] -> 0x6537
mem[X,0x000000008002054A] -> 0x6666
[4227] [M]: 0x0000000080020548 (0x66666537) lui a0, 0x66666
x10 <- 0x0000000066666000
mem[X,0x000000008002054C] -> 0x0513
mem[X,0x000000008002054E] -> 0x6665
[4228] [M]: 0x000000008002054C (0x66650513) addi a0, a0, 0x666
x10 <- 0x0000000066666666
mem[X,0x0000000080020550] -> 0x1513
mem[X,0x0000000080020552] -> 0x00B5
[4229] [M]: 0x0000000080020550 (0x00B51513) slli a0, a0, 0xb
x10 <- 0x0000033333333000
mem[X,0x0000000080020554] -> 0x0513
mem[X,0x0000000080020556] -> 0x3335
[4230] [M]: 0x0000000080020554 (0x33350513) addi a0, a0, 0x333
x10 <- 0x0000033333333333
mem[X,0x0000000080020558] -> 0x1513
mem[X,0x000000008002055A] -> 0x00B5
[4231] [M]: 0x0000000080020558 (0x00B51513) slli a0, a0, 0xb
x10 <- 0x0019999999999800
mem[X,0x000000008002055C] -> 0x0513
mem[X,0x000000008002055E] -> 0x1995
[4232] [M]: 0x000000008002055C (0x19950513) addi a0, a0, 0x199
x10 <- 0x0019999999999999
mem[X,0x0000000080020560] -> 0x1513
mem[X,0x0000000080020562] -> 0x00A5
[4233] [M]: 0x0000000080020560 (0x00A51513) slli a0, a0, 0xa
x10 <- 0x6666666666666400
mem[X,0x0000000080020564] -> 0x0513
mem[X,0x0000000080020566] -> 0x2665
[4234] [M]: 0x0000000080020564 (0x26650513) addi a0, a0, 0x266
x10 <- 0x6666666666666666
mem[X,0x0000000080020568] -> 0x05B7
mem[X,0x000000008002056A] -> 0x0000
[4235] [M]: 0x0000000080020568 (0x000005B7) lui a1, 0x0
x11 <- 0x0000000000000000
mem[X,0x000000008002056C] -> 0x8593
mem[X,0x000000008002056E] -> 0xFFF5
[4236] [M]: 0x000000008002056C (0xFFF58593) addi a1, a1, -0x1
x11 <- 0xFFFFFFFFFFFFFFFF
mem[X,0x0000000080020570] -> 0x9593
mem[X,0x0000000080020572] -> 0x00B5
[4237] [M]: 0x0000000080020570 (0x00B59593) slli a1, a1, 0xb
x11 <- 0xFFFFFFFFFFFFF800
mem[X,0x0000000080020574] -> 0x8593
mem[X,0x0000000080020576] -> 0x2575
[4238] [M]: 0x0000000080020574 (0x25758593) addi a1, a1, 0x257
x11 <- 0xFFFFFFFFFFFFFA57
mem[X,0x0000000080020578] -> 0x9593
mem[X,0x000000008002057A] -> 0x00B5
[4239] [M]: 0x0000000080020578 (0x00B59593) slli a1, a1, 0xb
x11 <- 0xFFFFFFFFFFD2B800
mem[X,0x000000008002057C] -> 0x8593
mem[X,0x000000008002057E] -> 0x6C35
[4240] [M]: 0x000000008002057C (0x6C358593) addi a1, a1, 0x6c3
x11 <- 0xFFFFFFFFFFD2BEC3
mem[X,0x0000000080020580] -> 0x9593
mem[X,0x0000000080020582] -> 0x00A5
[4241] [M]: 0x0000000080020580 (0x00A59593) slli a1, a1, 0xa
x11 <- 0xFFFFFFFF4AFB0C00
mem[X,0x0000000080020584] -> 0x8593
mem[X,0x0000000080020586] -> 0x0CD5
[4242] [M]: 0x0000000080020584 (0x0CD58593) addi a1, a1, 0xcd
x11 <- 0xFFFFFFFF4AFB0CCD
mem[X,0x0000000080020588] -> 0x0113
mem[X,0x000000008002058A] -> 0x0000
[4243] [M]: 0x0000000080020588 (0x00000113) addi sp, zero, 0x0
x2 <- 0x0000000000000000
mem[X,0x000000008002058C] -> 0x006F
mem[X,0x000000008002058E] -> 0x2B10
[4244] [M]: 0x000000008002058C (0x2B10006F) jal zero, 0xab0
mem[X,0x000000008002103C] -> 0x5A63
mem[X,0x000000008002103E] -> 0xD4B5
[4245] [M]: 0x000000008002103C (0xD4B55A63) bge a0, a1, -0xaac
mem[X,0x0000000080020590] -> 0x0113
mem[X,0x0000000080020592] -> 0x0011
[4246] [M]: 0x0000000080020590 (0x00110113) addi sp, sp, 0x1
x2 <- 0x0000000000000001
mem[X,0x0000000080020594] -> 0x006F
mem[X,0x0000000080020596] -> 0x2BD0
[4247] [M]: 0x0000000080020594 (0x2BD0006F) jal zero, 0xabc
mem[X,0x0000000080021050] -> 0xB023
mem[X,0x0000000080021052] -> 0x0C20
[4248] [M]: 0x0000000080021050 (0x0C20B023) sd sp, 0xc0(ra)
mem[0x0000000080048A90] <- 0x0000000000000001
mem[X,0x0000000080021054] -> 0x6537
mem[X,0x0000000080021056] -> 0x6666
[4249] [M]: 0x0000000080021054 (0x66666537) lui a0, 0x66666
x10 <- 0x0000000066666000
mem[X,0x0000000080021058] -> 0x0513
mem[X,0x000000008002105A] -> 0x6665
[4250] [M]: 0x0000000080021058 (0x66650513) addi a0, a0, 0x666
x10 <- 0x0000000066666666
mem[X,0x000000008002105C] -> 0x1513
mem[X,0x000000008002105E] -> 0x00B5
[4251] [M]: 0x000000008002105C (0x00B51513) slli a0, a0, 0xb
x10 <- 0x0000033333333000
mem[X,0x0000000080021060] -> 0x0513
mem[X,0x0000000080021062] -> 0x3335
[4252] [M]: 0x0000000080021060 (0x33350513) addi a0, a0, 0x333
x10 <- 0x0000033333333333
mem[X,0x0000000080021064] -> 0x1513
mem[X,0x0000000080021066] -> 0x00B5
[4253] [M]: 0x0000000080021064 (0x00B51513) slli a0, a0, 0xb
x10 <- 0x0019999999999800
mem[X,0x0000000080021068] -> 0x0513
mem[X,0x000000008002106A] -> 0x1995
[4254] [M]: 0x0000000080021068 (0x19950513) addi a0, a0, 0x199
x10 <- 0x0019999999999999
mem[X,0x000000008002106C] -> 0x1513
mem[X,0x000000008002106E] -> 0x00A5
[4255] [M]: 0x000000008002106C (0x00A51513) slli a0, a0, 0xa
x10 <- 0x6666666666666400
mem[X,0x0000000080021070] -> 0x0513
mem[X,0x0000000080021072] -> 0x2665
[4256] [M]: 0x0000000080021070 (0x26650513) addi a0, a0, 0x266
x10 <- 0x6666666666666666
mem[X,0x0000000080021074] -> 0x05B7
mem[X,0x0000000080021076] -> 0x0000
[4257] [M]: 0x0000000080021074 (0x000005B7) lui a1, 0x0
x11 <- 0x0000000000000000
mem[X,0x0000000080021078] -> 0x8593
mem[X,0x000000008002107A] -> 0x0005
[4258] [M]: 0x0000000080021078 (0x00058593) addi a1, a1, 0x0
x11 <- 0x0000000000000000
mem[X,0x000000008002107C] -> 0x9593
mem[X,0x000000008002107E] -> 0x00B5
[4259] [M]: 0x000000008002107C (0x00B59593) slli a1, a1, 0xb
x11 <- 0x0000000000000000
mem[X,0x0000000080021080] -> 0x8593
mem[X,0x0000000080021082] -> 0x5A85
[4260] [M]: 0x0000000080021080 (0x5A858593) addi a1, a1, 0x5a8
x11 <- 0x00000000000005A8
mem[X,0x0000000080021084] -> 0x9593
mem[X,0x0000000080021086] -> 0x00B5
[4261] [M]: 0x0000000080021084 (0x00B59593) slli a1, a1, 0xb
x11 <- 0x00000000002D4000
mem[X,0x0000000080021088] -> 0x8593
mem[X,0x000000008002108A] -> 0x13C5
[4262] [M]: 0x0000000080021088 (0x13C58593) addi a1, a1, 0x13c
x11 <- 0x00000000002D413C
mem[X,0x000000008002108C] -> 0x9593
mem[X,0x000000008002108E] -> 0x00A5
[4263] [M]: 0x000000008002108C (0x00A59593) slli a1, a1, 0xa
x11 <- 0x00000000B504F000
mem[X,0x0000000080021090] -> 0x8593
mem[X,0x0000000080021092] -> 0x3335
[4264] [M]: 0x0000000080021090 (0x33358593) addi a1, a1, 0x333
x11 <- 0x00000000B504F333
mem[X,0x0000000080021094] -> 0x0113
mem[X,0x0000000080021096] -> 0x0000
[4265] [M]: 0x0000000080021094 (0x00000113) addi sp, zero, 0x0
x2 <- 0x0000000000000000
mem[X,0x0000000080021098] -> 0x006F
mem[X,0x000000008002109A] -> 0x00C0
[4266] [M]: 0x0000000080021098 (0x00C0006F) jal zero, 0xc
mem[X,0x00000000800210A4] -> 0x5063
mem[X,0x00000000800210A6] -> 0x08B5
[4267] [M]: 0x00000000800210A4 (0x08B55063) bge a0, a1, 0x80
mem[X,0x0000000080021124] -> 0x0113
mem[X,0x0000000080021126] -> 0x0031
[4268] [M]: 0x0000000080021124 (0x00310113) addi sp, sp, 0x3
x2 <- 0x0000000000000003
mem[X,0x0000000080021128] -> 0x006F
mem[X,0x000000008002112A] -> 0x0040
[4269] [M]: 0x0000000080021128 (0x0040006F) jal zero, 0x4
mem[X,0x000000008002112C] -> 0xB423
mem[X,0x000000008002112E] -> 0x0C20
[4270] [M]: 0x000000008002112C (0x0C20B423) sd sp, 0xc8(ra)
mem[0x0000000080048A98] <- 0x0000000000000003
mem[X,0x0000000080021130] -> 0x6537
mem[X,0x0000000080021132] -> 0x6666
[4271] [M]: 0x0000000080021130 (0x66666537) lui a0, 0x66666
x10 <- 0x0000000066666000
mem[X,0x0000000080021134] -> 0x0513
mem[X,0x0000000080021136] -> 0x6665
[4272] [M]: 0x0000000080021134 (0x66650513) addi a0, a0, 0x666
x10 <- 0x0000000066666666
mem[X,0x0000000080021138] -> 0x1513
mem[X,0x000000008002113A] -> 0x00B5
[4273] [M]: 0x0000000080021138 (0x00B51513) slli a0, a0, 0xb
x10 <- 0x0000033333333000
mem[X,0x000000008002113C] -> 0x0513
mem[X,0x000000008002113E] -> 0x3335
[4274] [M]: 0x000000008002113C (0x33350513) addi a0, a0, 0x333
x10 <- 0x0000033333333333
mem[X,0x0000000080021140] -> 0x1513
mem[X,0x0000000080021142] -> 0x00B5
[4275] [M]: 0x0000000080021140 (0x00B51513) slli a0, a0, 0xb
x10 <- 0x0019999999999800
mem[X,0x0000000080021144] -> 0x0513
mem[X,0x0000000080021146] -> 0x1995
[4276] [M]: 0x0000000080021144 (0x19950513) addi a0, a0, 0x199
x10 <- 0x0019999999999999
mem[X,0x0000000080021148] -> 0x1513
mem[X,0x000000008002114A] -> 0x00A5
[4277] [M]: 0x0000000080021148 (0x00A51513) slli a0, a0, 0xa
x10 <- 0x6666666666666400
mem[X,0x000000008002114C] -> 0x0513
mem[X,0x000000008002114E] -> 0x2665
[4278] [M]: 0x000000008002114C (0x26650513) addi a0, a0, 0x266
x10 <- 0x6666666666666666
mem[X,0x0000000080021150] -> 0x0593
mem[X,0x0000000080021152] -> 0x0020
[4279] [M]: 0x0000000080021150 (0x00200593) addi a1, zero, 0x2
x11 <- 0x0000000000000002
mem[X,0x0000000080021154] -> 0x0113
mem[X,0x0000000080021156] -> 0x0000
[4280] [M]: 0x0000000080021154 (0x00000113) addi sp, zero, 0x0
x2 <- 0x0000000000000000
mem[X,0x0000000080021158] -> 0x006F
mem[X,0x000000008002115A] -> 0x00C0
[4281] [M]: 0x0000000080021158 (0x00C0006F) jal zero, 0xc
mem[X,0x0000000080021164] -> 0x5663
mem[X,0x0000000080021166] -> 0x00B5
[4282] [M]: 0x0000000080021164 (0x00B55663) bge a0, a1, 0xc
mem[X,0x0000000080021170] -> 0x0113
mem[X,0x0000000080021172] -> 0x0031
[4283] [M]: 0x0000000080021170 (0x00310113) addi sp, sp, 0x3
x2 <- 0x0000000000000003
mem[X,0x0000000080021174] -> 0x006F
mem[X,0x0000000080021176] -> 0x0040
[4284] [M]: 0x0000000080021174 (0x0040006F) jal zero, 0x4
mem[X,0x0000000080021178] -> 0xB823
mem[X,0x000000008002117A] -> 0x0C20
[4285] [M]: 0x0000000080021178 (0x0C20B823) sd sp, 0xd0(ra)
mem[0x0000000080048AA0] <- 0x0000000000000003
mem[X,0x000000008002117C] -> 0x6537
mem[X,0x000000008002117E] -> 0x6666
[4286] [M]: 0x000000008002117C (0x66666537) lui a0, 0x66666
x10 <- 0x0000000066666000
mem[X,0x0000000080021180] -> 0x0513
mem[X,0x0000000080021182] -> 0x6665
[4287] [M]: 0x0000000080021180 (0x66650513) addi a0, a0, 0x666
x10 <- 0x0000000066666666
mem[X,0x0000000080021184] -> 0x1513
mem[X,0x0000000080021186] -> 0x00B5
[4288] [M]: 0x0000000080021184 (0x00B51513) slli a0, a0, 0xb
x10 <- 0x0000033333333000
mem[X,0x0000000080021188] -> 0x0513
mem[X,0x000000008002118A] -> 0x3335
[4289] [M]: 0x0000000080021188 (0x33350513) addi a0, a0, 0x333
x10 <- 0x0000033333333333
mem[X,0x000000008002118C] -> 0x1513
mem[X,0x000000008002118E] -> 0x00B5
[4290] [M]: 0x000000008002118C (0x00B51513) slli a0, a0, 0xb
x10 <- 0x0019999999999800
mem[X,0x0000000080021190] -> 0x0513
mem[X,0x0000000080021192] -> 0x1995
[4291] [M]: 0x0000000080021190 (0x19950513) addi a0, a0, 0x199
x10 <- 0x0019999999999999
mem[X,0x0000000080021194] -> 0x1513
mem[X,0x0000000080021196] -> 0x00A5
[4292] [M]: 0x0000000080021194 (0x00A51513) slli a0, a0, 0xa
x10 <- 0x6666666666666400
mem[X,0x0000000080021198] -> 0x0513
mem[X,0x000000008002119A] -> 0x2665
[4293] [M]: 0x0000000080021198 (0x26650513) addi a0, a0, 0x266
x10 <- 0x6666666666666666
mem[X,0x000000008002119C] -> 0x55B7
mem[X,0x000000008002119E] -> 0x5555
[4294] [M]: 0x000000008002119C (0x555555B7) lui a1, 0x55555
x11 <- 0x0000000055555000
mem[X,0x00000000800211A0] -> 0x8593
mem[X,0x00000000800211A2] -> 0x5555
[4295] [M]: 0x00000000800211A0 (0x55558593) addi a1, a1, 0x555
x11 <- 0x0000000055555555
mem[X,0x00000000800211A4] -> 0x9593
mem[X,0x00000000800211A6] -> 0x00B5
[4296] [M]: 0x00000000800211A4 (0x00B59593) slli a1, a1, 0xb
x11 <- 0x000002AAAAAAA800
mem[X,0x00000000800211A8] -> 0x8593
mem[X,0x00000000800211AA] -> 0x2AA5
[4297] [M]: 0x00000000800211A8 (0x2AA58593) addi a1, a1, 0x2aa
x11 <- 0x000002AAAAAAAAAA
mem[X,0x00000000800211AC] -> 0x9593
mem[X,0x00000000800211AE] -> 0x00B5
[4298] [M]: 0x00000000800211AC (0x00B59593) slli a1, a1, 0xb
x11 <- 0x0015555555555000
mem[X,0x00000000800211B0] -> 0x8593
mem[X,0x00000000800211B2] -> 0x5555
[4299] [M]: 0x00000000800211B0 (0x55558593) addi a1, a1, 0x555
x11 <- 0x0015555555555555
clint::tick mtime <- 0x000000000000002B
 clint timer pending at mtime 0x000000000000002B
htif::tick 0x0000000000000000
mem[X,0x00000000800211B4] -> 0x9593
mem[X,0x00000000800211B6] -> 0x00A5
[4300] [M]: 0x00000000800211B4 (0x00A59593) slli a1, a1, 0xa
x11 <- 0x5555555555555400
mem[X,0x00000000800211B8] -> 0x8593
mem[X,0x00000000800211BA] -> 0x1545
[4301] [M]: 0x00000000800211B8 (0x15458593) addi a1, a1, 0x154
x11 <- 0x5555555555555554
mem[X,0x00000000800211BC] -> 0x0113
mem[X,0x00000000800211BE] -> 0x0000
[4302] [M]: 0x00000000800211BC (0x00000113) addi sp, zero, 0x0
x2 <- 0x0000000000000000
mem[X,0x00000000800211C0] -> 0x006F
mem[X,0x00000000800211C2] -> 0x00C0
[4303] [M]: 0x00000000800211C0 (0x00C0006F) jal zero, 0xc
mem[X,0x00000000800211CC] -> 0x5663
mem[X,0x00000000800211CE] -> 0x00B5
[4304] [M]: 0x00000000800211CC (0x00B55663) bge a0, a1, 0xc
mem[X,0x00000000800211D8] -> 0x0113
mem[X,0x00000000800211DA] -> 0x0031
[4305] [M]: 0x00000000800211D8 (0x00310113) addi sp, sp, 0x3
x2 <- 0x0000000000000003
mem[X,0x00000000800211DC] -> 0x006F
mem[X,0x00000000800211DE] -> 0x0040
[4306] [M]: 0x00000000800211DC (0x0040006F) jal zero, 0x4
mem[X,0x00000000800211E0] -> 0xBC23
mem[X,0x00000000800211E2] -> 0x0C20
[4307] [M]: 0x00000000800211E0 (0x0C20BC23) sd sp, 0xd8(ra)
mem[0x0000000080048AA8] <- 0x0000000000000003
mem[X,0x00000000800211E4] -> 0x6537
mem[X,0x00000000800211E6] -> 0x6666
[4308] [M]: 0x00000000800211E4 (0x66666537) lui a0, 0x66666
x10 <- 0x0000000066666000
mem[X,0x00000000800211E8] -> 0x0513
mem[X,0x00000000800211EA] -> 0x6665
[4309] [M]: 0x00000000800211E8 (0x66650513) addi a0, a0, 0x666
x10 <- 0x0000000066666666
mem[X,0x00000000800211EC] -> 0x1513
mem[X,0x00000000800211EE] -> 0x00B5
[4310] [M]: 0x00000000800211EC (0x00B51513) slli a0, a0, 0xb
x10 <- 0x0000033333333000
mem[X,0x00000000800211F0] -> 0x0513
mem[X,0x00000000800211F2] -> 0x3335
[4311] [M]: 0x00000000800211F0 (0x33350513) addi a0, a0, 0x333
x10 <- 0x0000033333333333
mem[X,0x00000000800211F4] -> 0x1513
mem[X,0x00000000800211F6] -> 0x00B5
[4312] [M]: 0x00000000800211F4 (0x00B51513) slli a0, a0, 0xb
x10 <- 0x0019999999999800
mem[X,0x00000000800211F8] -> 0x0513
mem[X,0x00000000800211FA] -> 0x1995
[4313] [M]: 0x00000000800211F8 (0x19950513) addi a0, a0, 0x199
x10 <- 0x0019999999999999
mem[X,0x00000000800211FC] -> 0x1513
mem[X,0x00000000800211FE] -> 0x00A5
[4314] [M]: 0x00000000800211FC (0x00A51513) slli a0, a0, 0xa
x10 <- 0x6666666666666400
mem[X,0x0000000080021200] -> 0x0513
mem[X,0x0000000080021202] -> 0x2665
[4315] [M]: 0x0000000080021200 (0x26650513) addi a0, a0, 0x266
x10 <- 0x6666666666666666
mem[X,0x0000000080021204] -> 0x0593
mem[X,0x0000000080021206] -> 0x0000
[4316] [M]: 0x0000000080021204 (0x00000593) addi a1, zero, 0x0
x11 <- 0x0000000000000000
mem[X,0x0000000080021208] -> 0x0113
mem[X,0x000000008002120A] -> 0x0000
[4317] [M]: 0x0000000080021208 (0x00000113) addi sp, zero, 0x0
x2 <- 0x0000000000000000
mem[X,0x000000008002120C] -> 0x006F
mem[X,0x000000008002120E] -> 0x0180
[4318] [M]: 0x000000008002120C (0x0180006F) jal zero, 0x18
mem[X,0x0000000080021224] -> 0x56E3
mem[X,0x0000000080021226] -> 0xFEB5
[4319] [M]: 0x0000000080021224 (0xFEB556E3) bge a0, a1, -0x14
mem[X,0x0000000080021210] -> 0x0113
mem[X,0x0000000080021212] -> 0x0011
[4320] [M]: 0x0000000080021210 (0x00110113) addi sp, sp, 0x1
x2 <- 0x0000000000000001
mem[X,0x0000000080021214] -> 0x006F
mem[X,0x0000000080021216] -> 0x0240
[4321] [M]: 0x0000000080021214 (0x0240006F) jal zero, 0x24
mem[X,0x0000000080021238] -> 0xB023
mem[X,0x000000008002123A] -> 0x0E20
[4322] [M]: 0x0000000080021238 (0x0E20B023) sd sp, 0xe0(ra)
mem[0x0000000080048AB0] <- 0x0000000000000001
mem[X,0x000000008002123C] -> 0x6537
mem[X,0x000000008002123E] -> 0x6666
[4323] [M]: 0x000000008002123C (0x66666537) lui a0, 0x66666
x10 <- 0x0000000066666000
mem[X,0x0000000080021240] -> 0x0513
mem[X,0x0000000080021242] -> 0x6665
[4324] [M]: 0x0000000080021240 (0x66650513) addi a0, a0, 0x666
x10 <- 0x0000000066666666
mem[X,0x0000000080021244] -> 0x1513
mem[X,0x0000000080021246] -> 0x00B5
[4325] [M]: 0x0000000080021244 (0x00B51513) slli a0, a0, 0xb
x10 <- 0x0000033333333000
mem[X,0x0000000080021248] -> 0x0513
mem[X,0x000000008002124A] -> 0x3335
[4326] [M]: 0x0000000080021248 (0x33350513) addi a0, a0, 0x333
x10 <- 0x0000033333333333
mem[X,0x000000008002124C] -> 0x1513
mem[X,0x000000008002124E] -> 0x00B5
[4327] [M]: 0x000000008002124C (0x00B51513) slli a0, a0, 0xb
x10 <- 0x0019999999999800
mem[X,0x0000000080021250] -> 0x0513
mem[X,0x0000000080021252] -> 0x1995
[4328] [M]: 0x0000000080021250 (0x19950513) addi a0, a0, 0x199
x10 <- 0x0019999999999999
mem[X,0x0000000080021254] -> 0x1513
mem[X,0x0000000080021256] -> 0x00A5
[4329] [M]: 0x0000000080021254 (0x00A51513) slli a0, a0, 0xa
x10 <- 0x6666666666666400
mem[X,0x0000000080021258] -> 0x0513
mem[X,0x000000008002125A] -> 0x2665
[4330] [M]: 0x0000000080021258 (0x26650513) addi a0, a0, 0x266
x10 <- 0x6666666666666666
mem[X,0x000000008002125C] -> 0x0593
mem[X,0x000000008002125E] -> 0x0040
[4331] [M]: 0x000000008002125C (0x00400593) addi a1, zero, 0x4
x11 <- 0x0000000000000004
mem[X,0x0000000080021260] -> 0x0113
mem[X,0x0000000080021262] -> 0x0000
[4332] [M]: 0x0000000080021260 (0x00000113) addi sp, zero, 0x0
x2 <- 0x0000000000000000
mem[X,0x0000000080021264] -> 0x006F
mem[X,0x0000000080021266] -> 0x00C0
[4333] [M]: 0x0000000080021264 (0x00C0006F) jal zero, 0xc
mem[X,0x0000000080021270] -> 0x5063
mem[X,0x0000000080021272] -> 0x40B5
[4334] [M]: 0x0000000080021270 (0x40B55063) bge a0, a1, 0x400
mem[X,0x0000000080021670] -> 0x0113
mem[X,0x0000000080021672] -> 0x0031
[4335] [M]: 0x0000000080021670 (0x00310113) addi sp, sp, 0x3
x2 <- 0x0000000000000003
mem[X,0x0000000080021674] -> 0x006F
mem[X,0x0000000080021676] -> 0x0040
[4336] [M]: 0x0000000080021674 (0x0040006F) jal zero, 0x4
mem[X,0x0000000080021678] -> 0xB423
mem[X,0x000000008002167A] -> 0x0E20
[4337] [M]: 0x0000000080021678 (0x0E20B423) sd sp, 0xe8(ra)
mem[0x0000000080048AB8] <- 0x0000000000000003
mem[X,0x000000008002167C] -> 0x6537
mem[X,0x000000008002167E] -> 0x6666
[4338] [M]: 0x000000008002167C (0x66666537) lui a0, 0x66666
x10 <- 0x0000000066666000
mem[X,0x0000000080021680] -> 0x0513
mem[X,0x0000000080021682] -> 0x6665
[4339] [M]: 0x0000000080021680 (0x66650513) addi a0, a0, 0x666
x10 <- 0x0000000066666666
mem[X,0x0000000080021684] -> 0x1513
mem[X,0x0000000080021686] -> 0x00B5
[4340] [M]: 0x0000000080021684 (0x00B51513) slli a0, a0, 0xb
x10 <- 0x0000033333333000
mem[X,0x0000000080021688] -> 0x0513
mem[X,0x000000008002168A] -> 0x3335
[4341] [M]: 0x0000000080021688 (0x33350513) addi a0, a0, 0x333
x10 <- 0x0000033333333333
mem[X,0x000000008002168C] -> 0x1513
mem[X,0x000000008002168E] -> 0x00B5
[4342] [M]: 0x000000008002168C (0x00B51513) slli a0, a0, 0xb
x10 <- 0x0019999999999800
mem[X,0x0000000080021690] -> 0x0513
mem[X,0x0000000080021692] -> 0x1995
[4343] [M]: 0x0000000080021690 (0x19950513) addi a0, a0, 0x199
x10 <- 0x0019999999999999
mem[X,0x0000000080021694] -> 0x1513
mem[X,0x0000000080021696] -> 0x00A5
[4344] [M]: 0x0000000080021694 (0x00A51513) slli a0, a0, 0xa
x10 <- 0x6666666666666400
mem[X,0x0000000080021698] -> 0x0513
mem[X,0x000000008002169A] -> 0x2665
[4345] [M]: 0x0000000080021698 (0x26650513) addi a0, a0, 0x266
x10 <- 0x6666666666666666
mem[X,0x000000008002169C] -> 0x35B7
mem[X,0x000000008002169E] -> 0x3333
[4346] [M]: 0x000000008002169C (0x333335B7) lui a1, 0x33333
x11 <- 0x0000000033333000
mem[X,0x00000000800216A0] -> 0x8593
mem[X,0x00000000800216A2] -> 0x3335
[4347] [M]: 0x00000000800216A0 (0x33358593) addi a1, a1, 0x333
x11 <- 0x0000000033333333
mem[X,0x00000000800216A4] -> 0x9593
mem[X,0x00000000800216A6] -> 0x00B5
[4348] [M]: 0x00000000800216A4 (0x00B59593) slli a1, a1, 0xb
x11 <- 0x0000019999999800
mem[X,0x00000000800216A8] -> 0x8593
mem[X,0x00000000800216AA] -> 0x1995
[4349] [M]: 0x00000000800216A8 (0x19958593) addi a1, a1, 0x199
x11 <- 0x0000019999999999
mem[X,0x00000000800216AC] -> 0x9593
mem[X,0x00000000800216AE] -> 0x00B5
[4350] [M]: 0x00000000800216AC (0x00B59593) slli a1, a1, 0xb
x11 <- 0x000CCCCCCCCCC800
mem[X,0x00000000800216B0] -> 0x8593
mem[X,0x00000000800216B2] -> 0x4CC5
[4351] [M]: 0x00000000800216B0 (0x4CC58593) addi a1, a1, 0x4cc
x11 <- 0x000CCCCCCCCCCCCC
mem[X,0x00000000800216B4] -> 0x9593
mem[X,0x00000000800216B6] -> 0x00A5
[4352] [M]: 0x00000000800216B4 (0x00A59593) slli a1, a1, 0xa
x11 <- 0x3333333333333000
mem[X,0x00000000800216B8] -> 0x8593
mem[X,0x00000000800216BA] -> 0x3325
[4353] [M]: 0x00000000800216B8 (0x33258593) addi a1, a1, 0x332
x11 <- 0x3333333333333332
mem[X,0x00000000800216BC] -> 0x0113
mem[X,0x00000000800216BE] -> 0x0000
[4354] [M]: 0x00000000800216BC (0x00000113) addi sp, zero, 0x0
x2 <- 0x0000000000000000
mem[X,0x00000000800216C0] -> 0x006F
mem[X,0x00000000800216C2] -> 0x00C0
[4355] [M]: 0x00000000800216C0 (0x00C0006F) jal zero, 0xc
mem[X,0x00000000800216CC] -> 0x5CE3
mem[X,0x00000000800216CE] -> 0xFEB5
[4356] [M]: 0x00000000800216CC (0xFEB55CE3) bge a0, a1, -0x8
mem[X,0x00000000800216C4] -> 0x0113
mem[X,0x00000000800216C6] -> 0x0011
[4357] [M]: 0x00000000800216C4 (0x00110113) addi sp, sp, 0x1
x2 <- 0x0000000000000001
mem[X,0x00000000800216C8] -> 0x006F
mem[X,0x00000000800216CA] -> 0x0180
[4358] [M]: 0x00000000800216C8 (0x0180006F) jal zero, 0x18
mem[X,0x00000000800216E0] -> 0xB823
mem[X,0x00000000800216E2] -> 0x0E20
[4359] [M]: 0x00000000800216E0 (0x0E20B823) sd sp, 0xf0(ra)
mem[0x0000000080048AC0] <- 0x0000000000000001
mem[X,0x00000000800216E4] -> 0x6537
mem[X,0x00000000800216E6] -> 0x6666
[4360] [M]: 0x00000000800216E4 (0x66666537) lui a0, 0x66666
x10 <- 0x0000000066666000
mem[X,0x00000000800216E8] -> 0x0513
mem[X,0x00000000800216EA] -> 0x6665
[4361] [M]: 0x00000000800216E8 (0x66650513) addi a0, a0, 0x666
x10 <- 0x0000000066666666
mem[X,0x00000000800216EC] -> 0x1513
mem[X,0x00000000800216EE] -> 0x00B5
[4362] [M]: 0x00000000800216EC (0x00B51513) slli a0, a0, 0xb
x10 <- 0x0000033333333000
mem[X,0x00000000800216F0] -> 0x0513
mem[X,0x00000000800216F2] -> 0x3335
[4363] [M]: 0x00000000800216F0 (0x33350513) addi a0, a0, 0x333
x10 <- 0x0000033333333333
mem[X,0x00000000800216F4] -> 0x1513
mem[X,0x00000000800216F6] -> 0x00B5
[4364] [M]: 0x00000000800216F4 (0x00B51513) slli a0, a0, 0xb
x10 <- 0x0019999999999800
mem[X,0x00000000800216F8] -> 0x0513
mem[X,0x00000000800216FA] -> 0x1995
[4365] [M]: 0x00000000800216F8 (0x19950513) addi a0, a0, 0x199
x10 <- 0x0019999999999999
mem[X,0x00000000800216FC] -> 0x1513
mem[X,0x00000000800216FE] -> 0x00A5
[4366] [M]: 0x00000000800216FC (0x00A51513) slli a0, a0, 0xa
x10 <- 0x6666666666666400
mem[X,0x0000000080021700] -> 0x0513
mem[X,0x0000000080021702] -> 0x2665
[4367] [M]: 0x0000000080021700 (0x26650513) addi a0, a0, 0x266
x10 <- 0x6666666666666666
mem[X,0x0000000080021704] -> 0x65B7
mem[X,0x0000000080021706] -> 0x6666
[4368] [M]: 0x0000000080021704 (0x666665B7) lui a1, 0x66666
x11 <- 0x0000000066666000
mem[X,0x0000000080021708] -> 0x8593
mem[X,0x000000008002170A] -> 0x6665
[4369] [M]: 0x0000000080021708 (0x66658593) addi a1, a1, 0x666
x11 <- 0x0000000066666666
mem[X,0x000000008002170C] -> 0x9593
mem[X,0x000000008002170E] -> 0x00B5
[4370] [M]: 0x000000008002170C (0x00B59593) slli a1, a1, 0xb
x11 <- 0x0000033333333000
mem[X,0x0000000080021710] -> 0x8593
mem[X,0x0000000080021712] -> 0x3335
[4371] [M]: 0x0000000080021710 (0x33358593) addi a1, a1, 0x333
x11 <- 0x0000033333333333
mem[X,0x0000000080021714] -> 0x9593
mem[X,0x0000000080021716] -> 0x00B5
[4372] [M]: 0x0000000080021714 (0x00B59593) slli a1, a1, 0xb
x11 <- 0x0019999999999800
mem[X,0x0000000080021718] -> 0x8593
mem[X,0x000000008002171A] -> 0x1995
[4373] [M]: 0x0000000080021718 (0x19958593) addi a1, a1, 0x199
x11 <- 0x0019999999999999
mem[X,0x000000008002171C] -> 0x9593
mem[X,0x000000008002171E] -> 0x00A5
[4374] [M]: 0x000000008002171C (0x00A59593) slli a1, a1, 0xa
x11 <- 0x6666666666666400
mem[X,0x0000000080021720] -> 0x8593
mem[X,0x0000000080021722] -> 0x2655
[4375] [M]: 0x0000000080021720 (0x26558593) addi a1, a1, 0x265
x11 <- 0x6666666666666665
mem[X,0x0000000080021724] -> 0x0113
mem[X,0x0000000080021726] -> 0x0000
[4376] [M]: 0x0000000080021724 (0x00000113) addi sp, zero, 0x0
x2 <- 0x0000000000000000
mem[X,0x0000000080021728] -> 0x006F
mem[X,0x000000008002172A] -> 0x0100
[4377] [M]: 0x0000000080021728 (0x0100006F) jal zero, 0x10
mem[X,0x0000000080021738] -> 0x5AE3
mem[X,0x000000008002173A] -> 0xFEB5
[4378] [M]: 0x0000000080021738 (0xFEB55AE3) bge a0, a1, -0xc
mem[X,0x000000008002172C] -> 0x0113
mem[X,0x000000008002172E] -> 0x0011
[4379] [M]: 0x000000008002172C (0x00110113) addi sp, sp, 0x1
x2 <- 0x0000000000000001
mem[X,0x0000000080021730] -> 0x006F
mem[X,0x0000000080021732] -> 0x01C0
[4380] [M]: 0x0000000080021730 (0x01C0006F) jal zero, 0x1c
mem[X,0x000000008002174C] -> 0xBC23
mem[X,0x000000008002174E] -> 0x0E20
[4381] [M]: 0x000000008002174C (0x0E20BC23) sd sp, 0xf8(ra)
mem[0x0000000080048AC8] <- 0x0000000000000001
mem[X,0x0000000080021750] -> 0x6537
mem[X,0x0000000080021752] -> 0x6666
[4382] [M]: 0x0000000080021750 (0x66666537) lui a0, 0x66666
x10 <- 0x0000000066666000
mem[X,0x0000000080021754] -> 0x0513
mem[X,0x0000000080021756] -> 0x6665
[4383] [M]: 0x0000000080021754 (0x66650513) addi a0, a0, 0x666
x10 <- 0x0000000066666666
mem[X,0x0000000080021758] -> 0x1513
mem[X,0x000000008002175A] -> 0x00B5
[4384] [M]: 0x0000000080021758 (0x00B51513) slli a0, a0, 0xb
x10 <- 0x0000033333333000
mem[X,0x000000008002175C] -> 0x0513
mem[X,0x000000008002175E] -> 0x3335
[4385] [M]: 0x000000008002175C (0x33350513) addi a0, a0, 0x333
x10 <- 0x0000033333333333
mem[X,0x0000000080021760] -> 0x1513
mem[X,0x0000000080021762] -> 0x00B5
[4386] [M]: 0x0000000080021760 (0x00B51513) slli a0, a0, 0xb
x10 <- 0x0019999999999800
mem[X,0x0000000080021764] -> 0x0513
mem[X,0x0000000080021766] -> 0x1995
[4387] [M]: 0x0000000080021764 (0x19950513) addi a0, a0, 0x199
x10 <- 0x0019999999999999
mem[X,0x0000000080021768] -> 0x1513
mem[X,0x000000008002176A] -> 0x00A5
[4388] [M]: 0x0000000080021768 (0x00A51513) slli a0, a0, 0xa
x10 <- 0x6666666666666400
mem[X,0x000000008002176C] -> 0x0513
mem[X,0x000000008002176E] -> 0x2665
[4389] [M]: 0x000000008002176C (0x26650513) addi a0, a0, 0x266
x10 <- 0x6666666666666666
mem[X,0x0000000080021770] -> 0x05B7
mem[X,0x0000000080021772] -> 0x0000
[4390] [M]: 0x0000000080021770 (0x000005B7) lui a1, 0x0
x11 <- 0x0000000000000000
mem[X,0x0000000080021774] -> 0x8593
mem[X,0x0000000080021776] -> 0x0005
[4391] [M]: 0x0000000080021774 (0x00058593) addi a1, a1, 0x0
x11 <- 0x0000000000000000
mem[X,0x0000000080021778] -> 0x9593
mem[X,0x000000008002177A] -> 0x00B5
[4392] [M]: 0x0000000080021778 (0x00B59593) slli a1, a1, 0xb
x11 <- 0x0000000000000000
mem[X,0x000000008002177C] -> 0x8593
mem[X,0x000000008002177E] -> 0x5A85
[4393] [M]: 0x000000008002177C (0x5A858593) addi a1, a1, 0x5a8
x11 <- 0x00000000000005A8
mem[X,0x0000000080021780] -> 0x9593
mem[X,0x0000000080021782] -> 0x00B5
[4394] [M]: 0x0000000080021780 (0x00B59593) slli a1, a1, 0xb
x11 <- 0x00000000002D4000
mem[X,0x0000000080021784] -> 0x8593
mem[X,0x0000000080021786] -> 0x13C5
[4395] [M]: 0x0000000080021784 (0x13C58593) addi a1, a1, 0x13c
x11 <- 0x00000000002D413C
mem[X,0x0000000080021788] -> 0x9593
mem[X,0x000000008002178A] -> 0x00A5
[4396] [M]: 0x0000000080021788 (0x00A59593) slli a1, a1, 0xa
x11 <- 0x00000000B504F000
mem[X,0x000000008002178C] -> 0x8593
mem[X,0x000000008002178E] -> 0x3325
[4397] [M]: 0x000000008002178C (0x33258593) addi a1, a1, 0x332
x11 <- 0x00000000B504F332
mem[X,0x0000000080021790] -> 0x0113
mem[X,0x0000000080021792] -> 0x0000
[4398] [M]: 0x0000000080021790 (0x00000113) addi sp, zero, 0x0
x2 <- 0x0000000000000000
mem[X,0x0000000080021794] -> 0x006F
mem[X,0x0000000080021796] -> 0x00C0
[4399] [M]: 0x0000000080021794 (0x00C0006F) jal zero, 0xc
clint::tick mtime <- 0x000000000000002C
 clint timer pending at mtime 0x000000000000002C
htif::tick 0x0000000000000000
mem[X,0x00000000800217A0] -> 0x5CE3
mem[X,0x00000000800217A2] -> 0xFEB5
[4400] [M]: 0x00000000800217A0 (0xFEB55CE3) bge a0, a1, -0x8
mem[X,0x0000000080021798] -> 0x0113
mem[X,0x000000008002179A] -> 0x0011
[4401] [M]: 0x0000000080021798 (0x00110113) addi sp, sp, 0x1
x2 <- 0x0000000000000001
mem[X,0x000000008002179C] -> 0x006F
mem[X,0x000000008002179E] -> 0x0180
[4402] [M]: 0x000000008002179C (0x0180006F) jal zero, 0x18
mem[X,0x00000000800217B4] -> 0xB023
mem[X,0x00000000800217B6] -> 0x1020
[4403] [M]: 0x00000000800217B4 (0x1020B023) sd sp, 0x100(ra)
mem[0x0000000080048AD0] <- 0x0000000000000001
mem[X,0x00000000800217B8] -> 0x6537
mem[X,0x00000000800217BA] -> 0x6666
[4404] [M]: 0x00000000800217B8 (0x66666537) lui a0, 0x66666
x10 <- 0x0000000066666000
mem[X,0x00000000800217BC] -> 0x0513
mem[X,0x00000000800217BE] -> 0x6665
[4405] [M]: 0x00000000800217BC (0x66650513) addi a0, a0, 0x666
x10 <- 0x0000000066666666
mem[X,0x00000000800217C0] -> 0x1513
mem[X,0x00000000800217C2] -> 0x00B5
[4406] [M]: 0x00000000800217C0 (0x00B51513) slli a0, a0, 0xb
x10 <- 0x0000033333333000
mem[X,0x00000000800217C4] -> 0x0513
mem[X,0x00000000800217C6] -> 0x3335
[4407] [M]: 0x00000000800217C4 (0x33350513) addi a0, a0, 0x333
x10 <- 0x0000033333333333
mem[X,0x00000000800217C8] -> 0x1513
mem[X,0x00000000800217CA] -> 0x00B5
[4408] [M]: 0x00000000800217C8 (0x00B51513) slli a0, a0, 0xb
x10 <- 0x0019999999999800
mem[X,0x00000000800217CC] -> 0x0513
mem[X,0x00000000800217CE] -> 0x1995
[4409] [M]: 0x00000000800217CC (0x19950513) addi a0, a0, 0x199
x10 <- 0x0019999999999999
mem[X,0x00000000800217D0] -> 0x1513
mem[X,0x00000000800217D2] -> 0x00A5
[4410] [M]: 0x00000000800217D0 (0x00A51513) slli a0, a0, 0xa
x10 <- 0x6666666666666400
mem[X,0x00000000800217D4] -> 0x0513
mem[X,0x00000000800217D6] -> 0x2665
[4411] [M]: 0x00000000800217D4 (0x26650513) addi a0, a0, 0x266
x10 <- 0x6666666666666666
mem[X,0x00000000800217D8] -> 0x55B7
mem[X,0x00000000800217DA] -> 0x5555
[4412] [M]: 0x00000000800217D8 (0x555555B7) lui a1, 0x55555
x11 <- 0x0000000055555000
mem[X,0x00000000800217DC] -> 0x8593
mem[X,0x00000000800217DE] -> 0x5555
[4413] [M]: 0x00000000800217DC (0x55558593) addi a1, a1, 0x555
x11 <- 0x0000000055555555
mem[X,0x00000000800217E0] -> 0x9593
mem[X,0x00000000800217E2] -> 0x00B5
[4414] [M]: 0x00000000800217E0 (0x00B59593) slli a1, a1, 0xb
x11 <- 0x000002AAAAAAA800
mem[X,0x00000000800217E4] -> 0x8593
mem[X,0x00000000800217E6] -> 0x2AA5
[4415] [M]: 0x00000000800217E4 (0x2AA58593) addi a1, a1, 0x2aa
x11 <- 0x000002AAAAAAAAAA
mem[X,0x00000000800217E8] -> 0x9593
mem[X,0x00000000800217EA] -> 0x00B5
[4416] [M]: 0x00000000800217E8 (0x00B59593) slli a1, a1, 0xb
x11 <- 0x0015555555555000
mem[X,0x00000000800217EC] -> 0x8593
mem[X,0x00000000800217EE] -> 0x5555
[4417] [M]: 0x00000000800217EC (0x55558593) addi a1, a1, 0x555
x11 <- 0x0015555555555555
mem[X,0x00000000800217F0] -> 0x9593
mem[X,0x00000000800217F2] -> 0x00A5
[4418] [M]: 0x00000000800217F0 (0x00A59593) slli a1, a1, 0xa
x11 <- 0x5555555555555400
mem[X,0x00000000800217F4] -> 0x8593
mem[X,0x00000000800217F6] -> 0x1565
[4419] [M]: 0x00000000800217F4 (0x15658593) addi a1, a1, 0x156
x11 <- 0x5555555555555556
mem[X,0x00000000800217F8] -> 0x0113
mem[X,0x00000000800217FA] -> 0x0000
[4420] [M]: 0x00000000800217F8 (0x00000113) addi sp, zero, 0x0
x2 <- 0x0000000000000000
mem[X,0x00000000800217FC] -> 0x006F
mem[X,0x00000000800217FE] -> 0x00C0
[4421] [M]: 0x00000000800217FC (0x00C0006F) jal zero, 0xc
mem[X,0x0000000080021808] -> 0x5CE3
mem[X,0x000000008002180A] -> 0xFEB5
[4422] [M]: 0x0000000080021808 (0xFEB55CE3) bge a0, a1, -0x8
mem[X,0x0000000080021800] -> 0x0113
mem[X,0x0000000080021802] -> 0x0011
[4423] [M]: 0x0000000080021800 (0x00110113) addi sp, sp, 0x1
x2 <- 0x0000000000000001
mem[X,0x0000000080021804] -> 0x006F
mem[X,0x0000000080021806] -> 0x0180
[4424] [M]: 0x0000000080021804 (0x0180006F) jal zero, 0x18
mem[X,0x000000008002181C] -> 0xB423
mem[X,0x000000008002181E] -> 0x1020
[4425] [M]: 0x000000008002181C (0x1020B423) sd sp, 0x108(ra)
mem[0x0000000080048AD8] <- 0x0000000000000001
mem[X,0x0000000080021820] -> 0x6537
mem[X,0x0000000080021822] -> 0x6666
[4426] [M]: 0x0000000080021820 (0x66666537) lui a0, 0x66666
x10 <- 0x0000000066666000
mem[X,0x0000000080021824] -> 0x0513
mem[X,0x0000000080021826] -> 0x6665
[4427] [M]: 0x0000000080021824 (0x66650513) addi a0, a0, 0x666
x10 <- 0x0000000066666666
mem[X,0x0000000080021828] -> 0x1513
mem[X,0x000000008002182A] -> 0x00B5
[4428] [M]: 0x0000000080021828 (0x00B51513) slli a0, a0, 0xb
x10 <- 0x0000033333333000
mem[X,0x000000008002182C] -> 0x0513
mem[X,0x000000008002182E] -> 0x3335
[4429] [M]: 0x000000008002182C (0x33350513) addi a0, a0, 0x333
x10 <- 0x0000033333333333
mem[X,0x0000000080021830] -> 0x1513
mem[X,0x0000000080021832] -> 0x00B5
[4430] [M]: 0x0000000080021830 (0x00B51513) slli a0, a0, 0xb
x10 <- 0x0019999999999800
mem[X,0x0000000080021834] -> 0x0513
mem[X,0x0000000080021836] -> 0x1995
[4431] [M]: 0x0000000080021834 (0x19950513) addi a0, a0, 0x199
x10 <- 0x0019999999999999
mem[X,0x0000000080021838] -> 0x1513
mem[X,0x000000008002183A] -> 0x00A5
[4432] [M]: 0x0000000080021838 (0x00A51513) slli a0, a0, 0xa
x10 <- 0x6666666666666400
mem[X,0x000000008002183C] -> 0x0513
mem[X,0x000000008002183E] -> 0x2665
[4433] [M]: 0x000000008002183C (0x26650513) addi a0, a0, 0x266
x10 <- 0x6666666666666666
mem[X,0x0000000080021840] -> 0xB5B7
mem[X,0x0000000080021842] -> 0xAAAA
[4434] [M]: 0x0000000080021840 (0xAAAAB5B7) lui a1, -0x55555
x11 <- 0xFFFFFFFFAAAAB000
mem[X,0x0000000080021844] -> 0x8593
mem[X,0x0000000080021846] -> 0xAAA5
[4435] [M]: 0x0000000080021844 (0xAAA58593) addi a1, a1, -0x556
x11 <- 0xFFFFFFFFAAAAAAAA
mem[X,0x0000000080021848] -> 0x9593
mem[X,0x000000008002184A] -> 0x00B5
[4436] [M]: 0x0000000080021848 (0x00B59593) slli a1, a1, 0xb
x11 <- 0xFFFFFD5555555000
mem[X,0x000000008002184C] -> 0x8593
mem[X,0x000000008002184E] -> 0x5555
[4437] [M]: 0x000000008002184C (0x55558593) addi a1, a1, 0x555
x11 <- 0xFFFFFD5555555555
mem[X,0x0000000080021850] -> 0x9593
mem[X,0x0000000080021852] -> 0x00B5
[4438] [M]: 0x0000000080021850 (0x00B59593) slli a1, a1, 0xb
x11 <- 0xFFEAAAAAAAAAA800
mem[X,0x0000000080021854] -> 0x8593
mem[X,0x0000000080021856] -> 0x2AA5
[4439] [M]: 0x0000000080021854 (0x2AA58593) addi a1, a1, 0x2aa
x11 <- 0xFFEAAAAAAAAAAAAA
mem[X,0x0000000080021858] -> 0x9593
mem[X,0x000000008002185A] -> 0x00A5
[4440] [M]: 0x0000000080021858 (0x00A59593) slli a1, a1, 0xa
x11 <- 0xAAAAAAAAAAAAA800
mem[X,0x000000008002185C] -> 0x8593
mem[X,0x000000008002185E] -> 0x2AB5
[4441] [M]: 0x000000008002185C (0x2AB58593) addi a1, a1, 0x2ab
x11 <- 0xAAAAAAAAAAAAAAAB
mem[X,0x0000000080021860] -> 0x0113
mem[X,0x0000000080021862] -> 0x0000
[4442] [M]: 0x0000000080021860 (0x00000113) addi sp, zero, 0x0
x2 <- 0x0000000000000000
mem[X,0x0000000080021864] -> 0x006F
mem[X,0x0000000080021866] -> 0x00C0
[4443] [M]: 0x0000000080021864 (0x00C0006F) jal zero, 0xc
mem[X,0x0000000080021870] -> 0x5663
mem[X,0x0000000080021872] -> 0x00B5
[4444] [M]: 0x0000000080021870 (0x00B55663) bge a0, a1, 0xc
mem[X,0x000000008002187C] -> 0x0113
mem[X,0x000000008002187E] -> 0x0031
[4445] [M]: 0x000000008002187C (0x00310113) addi sp, sp, 0x3
x2 <- 0x0000000000000003
mem[X,0x0000000080021880] -> 0x006F
mem[X,0x0000000080021882] -> 0x0040
[4446] [M]: 0x0000000080021880 (0x0040006F) jal zero, 0x4
mem[X,0x0000000080021884] -> 0xB823
mem[X,0x0000000080021886] -> 0x1020
[4447] [M]: 0x0000000080021884 (0x1020B823) sd sp, 0x110(ra)
mem[0x0000000080048AE0] <- 0x0000000000000003
mem[X,0x0000000080021888] -> 0x6537
mem[X,0x000000008002188A] -> 0x6666
[4448] [M]: 0x0000000080021888 (0x66666537) lui a0, 0x66666
x10 <- 0x0000000066666000
mem[X,0x000000008002188C] -> 0x0513
mem[X,0x000000008002188E] -> 0x6665
[4449] [M]: 0x000000008002188C (0x66650513) addi a0, a0, 0x666
x10 <- 0x0000000066666666
mem[X,0x0000000080021890] -> 0x1513
mem[X,0x0000000080021892] -> 0x00B5
[4450] [M]: 0x0000000080021890 (0x00B51513) slli a0, a0, 0xb
x10 <- 0x0000033333333000
mem[X,0x0000000080021894] -> 0x0513
mem[X,0x0000000080021896] -> 0x3335
[4451] [M]: 0x0000000080021894 (0x33350513) addi a0, a0, 0x333
x10 <- 0x0000033333333333
mem[X,0x0000000080021898] -> 0x1513
mem[X,0x000000008002189A] -> 0x00B5
[4452] [M]: 0x0000000080021898 (0x00B51513) slli a0, a0, 0xb
x10 <- 0x0019999999999800
mem[X,0x000000008002189C] -> 0x0513
mem[X,0x000000008002189E] -> 0x1995
[4453] [M]: 0x000000008002189C (0x19950513) addi a0, a0, 0x199
x10 <- 0x0019999999999999
mem[X,0x00000000800218A0] -> 0x1513
mem[X,0x00000000800218A2] -> 0x00A5
[4454] [M]: 0x00000000800218A0 (0x00A51513) slli a0, a0, 0xa
x10 <- 0x6666666666666400
mem[X,0x00000000800218A4] -> 0x0513
mem[X,0x00000000800218A6] -> 0x2665
[4455] [M]: 0x00000000800218A4 (0x26650513) addi a0, a0, 0x266
x10 <- 0x6666666666666666
mem[X,0x00000000800218A8] -> 0x0593
mem[X,0x00000000800218AA] -> 0x0060
[4456] [M]: 0x00000000800218A8 (0x00600593) addi a1, zero, 0x6
x11 <- 0x0000000000000006
mem[X,0x00000000800218AC] -> 0x0113
mem[X,0x00000000800218AE] -> 0x0000
[4457] [M]: 0x00000000800218AC (0x00000113) addi sp, zero, 0x0
x2 <- 0x0000000000000000
mem[X,0x00000000800218B0] -> 0x006F
mem[X,0x00000000800218B2] -> 0x00C0
[4458] [M]: 0x00000000800218B0 (0x00C0006F) jal zero, 0xc
mem[X,0x00000000800218BC] -> 0x5CE3
mem[X,0x00000000800218BE] -> 0xFEB5
[4459] [M]: 0x00000000800218BC (0xFEB55CE3) bge a0, a1, -0x8
mem[X,0x00000000800218B4] -> 0x0113
mem[X,0x00000000800218B6] -> 0x0011
[4460] [M]: 0x00000000800218B4 (0x00110113) addi sp, sp, 0x1
x2 <- 0x0000000000000001
mem[X,0x00000000800218B8] -> 0x006F
mem[X,0x00000000800218BA] -> 0x0180
[4461] [M]: 0x00000000800218B8 (0x0180006F) jal zero, 0x18
mem[X,0x00000000800218D0] -> 0xBC23
mem[X,0x00000000800218D2] -> 0x1020
[4462] [M]: 0x00000000800218D0 (0x1020BC23) sd sp, 0x118(ra)
mem[0x0000000080048AE8] <- 0x0000000000000001
mem[X,0x00000000800218D4] -> 0x6537
mem[X,0x00000000800218D6] -> 0x6666
[4463] [M]: 0x00000000800218D4 (0x66666537) lui a0, 0x66666
x10 <- 0x0000000066666000
mem[X,0x00000000800218D8] -> 0x0513
mem[X,0x00000000800218DA] -> 0x6665
[4464] [M]: 0x00000000800218D8 (0x66650513) addi a0, a0, 0x666
x10 <- 0x0000000066666666
mem[X,0x00000000800218DC] -> 0x1513
mem[X,0x00000000800218DE] -> 0x00B5
[4465] [M]: 0x00000000800218DC (0x00B51513) slli a0, a0, 0xb
x10 <- 0x0000033333333000
mem[X,0x00000000800218E0] -> 0x0513
mem[X,0x00000000800218E2] -> 0x3335
[4466] [M]: 0x00000000800218E0 (0x33350513) addi a0, a0, 0x333
x10 <- 0x0000033333333333
mem[X,0x00000000800218E4] -> 0x1513
mem[X,0x00000000800218E6] -> 0x00B5
[4467] [M]: 0x00000000800218E4 (0x00B51513) slli a0, a0, 0xb
x10 <- 0x0019999999999800
mem[X,0x00000000800218E8] -> 0x0513
mem[X,0x00000000800218EA] -> 0x1995
[4468] [M]: 0x00000000800218E8 (0x19950513) addi a0, a0, 0x199
x10 <- 0x0019999999999999
mem[X,0x00000000800218EC] -> 0x1513
mem[X,0x00000000800218EE] -> 0x00A5
[4469] [M]: 0x00000000800218EC (0x00A51513) slli a0, a0, 0xa
x10 <- 0x6666666666666400
mem[X,0x00000000800218F0] -> 0x0513
mem[X,0x00000000800218F2] -> 0x2665
[4470] [M]: 0x00000000800218F0 (0x26650513) addi a0, a0, 0x266
x10 <- 0x6666666666666666
mem[X,0x00000000800218F4] -> 0x35B7
mem[X,0x00000000800218F6] -> 0x3333
[4471] [M]: 0x00000000800218F4 (0x333335B7) lui a1, 0x33333
x11 <- 0x0000000033333000
mem[X,0x00000000800218F8] -> 0x8593
mem[X,0x00000000800218FA] -> 0x3335
[4472] [M]: 0x00000000800218F8 (0x33358593) addi a1, a1, 0x333
x11 <- 0x0000000033333333
mem[X,0x00000000800218FC] -> 0x9593
mem[X,0x00000000800218FE] -> 0x00B5
[4473] [M]: 0x00000000800218FC (0x00B59593) slli a1, a1, 0xb
x11 <- 0x0000019999999800
mem[X,0x0000000080021900] -> 0x8593
mem[X,0x0000000080021902] -> 0x1995
[4474] [M]: 0x0000000080021900 (0x19958593) addi a1, a1, 0x199
x11 <- 0x0000019999999999
mem[X,0x0000000080021904] -> 0x9593
mem[X,0x0000000080021906] -> 0x00B5
[4475] [M]: 0x0000000080021904 (0x00B59593) slli a1, a1, 0xb
x11 <- 0x000CCCCCCCCCC800
mem[X,0x0000000080021908] -> 0x8593
mem[X,0x000000008002190A] -> 0x4CC5
[4476] [M]: 0x0000000080021908 (0x4CC58593) addi a1, a1, 0x4cc
x11 <- 0x000CCCCCCCCCCCCC
mem[X,0x000000008002190C] -> 0x9593
mem[X,0x000000008002190E] -> 0x00A5
[4477] [M]: 0x000000008002190C (0x00A59593) slli a1, a1, 0xa
x11 <- 0x3333333333333000
mem[X,0x0000000080021910] -> 0x8593
mem[X,0x0000000080021912] -> 0x3345
[4478] [M]: 0x0000000080021910 (0x33458593) addi a1, a1, 0x334
x11 <- 0x3333333333333334
mem[X,0x0000000080021914] -> 0x0113
mem[X,0x0000000080021916] -> 0x0000
[4479] [M]: 0x0000000080021914 (0x00000113) addi sp, zero, 0x0
x2 <- 0x0000000000000000
mem[X,0x0000000080021918] -> 0x006F
mem[X,0x000000008002191A] -> 0x00C0
[4480] [M]: 0x0000000080021918 (0x00C0006F) jal zero, 0xc
mem[X,0x0000000080021924] -> 0x5063
mem[X,0x0000000080021926] -> 0x02B5
[4481] [M]: 0x0000000080021924 (0x02B55063) bge a0, a1, 0x20
mem[X,0x0000000080021944] -> 0x0113
mem[X,0x0000000080021946] -> 0x0031
[4482] [M]: 0x0000000080021944 (0x00310113) addi sp, sp, 0x3
x2 <- 0x0000000000000003
mem[X,0x0000000080021948] -> 0x006F
mem[X,0x000000008002194A] -> 0x0040
[4483] [M]: 0x0000000080021948 (0x0040006F) jal zero, 0x4
mem[X,0x000000008002194C] -> 0xB023
mem[X,0x000000008002194E] -> 0x1220
[4484] [M]: 0x000000008002194C (0x1220B023) sd sp, 0x120(ra)
mem[0x0000000080048AF0] <- 0x0000000000000003
mem[X,0x0000000080021950] -> 0x6537
mem[X,0x0000000080021952] -> 0x6666
[4485] [M]: 0x0000000080021950 (0x66666537) lui a0, 0x66666
x10 <- 0x0000000066666000
mem[X,0x0000000080021954] -> 0x0513
mem[X,0x0000000080021956] -> 0x6665
[4486] [M]: 0x0000000080021954 (0x66650513) addi a0, a0, 0x666
x10 <- 0x0000000066666666
mem[X,0x0000000080021958] -> 0x1513
mem[X,0x000000008002195A] -> 0x00B5
[4487] [M]: 0x0000000080021958 (0x00B51513) slli a0, a0, 0xb
x10 <- 0x0000033333333000
mem[X,0x000000008002195C] -> 0x0513
mem[X,0x000000008002195E] -> 0x3335
[4488] [M]: 0x000000008002195C (0x33350513) addi a0, a0, 0x333
x10 <- 0x0000033333333333
mem[X,0x0000000080021960] -> 0x1513
mem[X,0x0000000080021962] -> 0x00B5
[4489] [M]: 0x0000000080021960 (0x00B51513) slli a0, a0, 0xb
x10 <- 0x0019999999999800
mem[X,0x0000000080021964] -> 0x0513
mem[X,0x0000000080021966] -> 0x1995
[4490] [M]: 0x0000000080021964 (0x19950513) addi a0, a0, 0x199
x10 <- 0x0019999999999999
mem[X,0x0000000080021968] -> 0x1513
mem[X,0x000000008002196A] -> 0x00A5
[4491] [M]: 0x0000000080021968 (0x00A51513) slli a0, a0, 0xa
x10 <- 0x6666666666666400
mem[X,0x000000008002196C] -> 0x0513
mem[X,0x000000008002196E] -> 0x2665
[4492] [M]: 0x000000008002196C (0x26650513) addi a0, a0, 0x266
x10 <- 0x6666666666666666
mem[X,0x0000000080021970] -> 0x65B7
mem[X,0x0000000080021972] -> 0x6666
[4493] [M]: 0x0000000080021970 (0x666665B7) lui a1, 0x66666
x11 <- 0x0000000066666000
mem[X,0x0000000080021974] -> 0x8593
mem[X,0x0000000080021976] -> 0x6665
[4494] [M]: 0x0000000080021974 (0x66658593) addi a1, a1, 0x666
x11 <- 0x0000000066666666
mem[X,0x0000000080021978] -> 0x9593
mem[X,0x000000008002197A] -> 0x00B5
[4495] [M]: 0x0000000080021978 (0x00B59593) slli a1, a1, 0xb
x11 <- 0x0000033333333000
mem[X,0x000000008002197C] -> 0x8593
mem[X,0x000000008002197E] -> 0x3335
[4496] [M]: 0x000000008002197C (0x33358593) addi a1, a1, 0x333
x11 <- 0x0000033333333333
mem[X,0x0000000080021980] -> 0x9593
mem[X,0x0000000080021982] -> 0x00B5
[4497] [M]: 0x0000000080021980 (0x00B59593) slli a1, a1, 0xb
x11 <- 0x0019999999999800
mem[X,0x0000000080021984] -> 0x8593
mem[X,0x0000000080021986] -> 0x1995
[4498] [M]: 0x0000000080021984 (0x19958593) addi a1, a1, 0x199
x11 <- 0x0019999999999999
mem[X,0x0000000080021988] -> 0x9593
mem[X,0x000000008002198A] -> 0x00A5
[4499] [M]: 0x0000000080021988 (0x00A59593) slli a1, a1, 0xa
x11 <- 0x6666666666666400
clint::tick mtime <- 0x000000000000002D
 clint timer pending at mtime 0x000000000000002D
htif::tick 0x0000000000000000
mem[X,0x000000008002198C] -> 0x8593
mem[X,0x000000008002198E] -> 0x2675
[4500] [M]: 0x000000008002198C (0x26758593) addi a1, a1, 0x267
x11 <- 0x6666666666666667
mem[X,0x0000000080021990] -> 0x0113
mem[X,0x0000000080021992] -> 0x0000
[4501] [M]: 0x0000000080021990 (0x00000113) addi sp, zero, 0x0
x2 <- 0x0000000000000000
mem[X,0x0000000080021994] -> 0x006F
mem[X,0x0000000080021996] -> 0x00C0
[4502] [M]: 0x0000000080021994 (0x00C0006F) jal zero, 0xc
mem[X,0x00000000800219A0] -> 0x5663
mem[X,0x00000000800219A2] -> 0x00B5
[4503] [M]: 0x00000000800219A0 (0x00B55663) bge a0, a1, 0xc
mem[X,0x00000000800219A4] -> 0x0113
mem[X,0x00000000800219A6] -> 0x0021
[4504] [M]: 0x00000000800219A4 (0x00210113) addi sp, sp, 0x2
x2 <- 0x0000000000000002
mem[X,0x00000000800219A8] -> 0x006F
mem[X,0x00000000800219AA] -> 0x00C0
[4505] [M]: 0x00000000800219A8 (0x00C0006F) jal zero, 0xc
mem[X,0x00000000800219B4] -> 0xB423
mem[X,0x00000000800219B6] -> 0x1220
[4506] [M]: 0x00000000800219B4 (0x1220B423) sd sp, 0x128(ra)
mem[0x0000000080048AF8] <- 0x0000000000000002
mem[X,0x00000000800219B8] -> 0x6537
mem[X,0x00000000800219BA] -> 0x6666
[4507] [M]: 0x00000000800219B8 (0x66666537) lui a0, 0x66666
x10 <- 0x0000000066666000
mem[X,0x00000000800219BC] -> 0x0513
mem[X,0x00000000800219BE] -> 0x6665
[4508] [M]: 0x00000000800219BC (0x66650513) addi a0, a0, 0x666
x10 <- 0x0000000066666666
mem[X,0x00000000800219C0] -> 0x1513
mem[X,0x00000000800219C2] -> 0x00B5
[4509] [M]: 0x00000000800219C0 (0x00B51513) slli a0, a0, 0xb
x10 <- 0x0000033333333000
mem[X,0x00000000800219C4] -> 0x0513
mem[X,0x00000000800219C6] -> 0x3335
[4510] [M]: 0x00000000800219C4 (0x33350513) addi a0, a0, 0x333
x10 <- 0x0000033333333333
mem[X,0x00000000800219C8] -> 0x1513
mem[X,0x00000000800219CA] -> 0x00B5
[4511] [M]: 0x00000000800219C8 (0x00B51513) slli a0, a0, 0xb
x10 <- 0x0019999999999800
mem[X,0x00000000800219CC] -> 0x0513
mem[X,0x00000000800219CE] -> 0x1995
[4512] [M]: 0x00000000800219CC (0x19950513) addi a0, a0, 0x199
x10 <- 0x0019999999999999
mem[X,0x00000000800219D0] -> 0x1513
mem[X,0x00000000800219D2] -> 0x00A5
[4513] [M]: 0x00000000800219D0 (0x00A51513) slli a0, a0, 0xa
x10 <- 0x6666666666666400
mem[X,0x00000000800219D4] -> 0x0513
mem[X,0x00000000800219D6] -> 0x2665
[4514] [M]: 0x00000000800219D4 (0x26650513) addi a0, a0, 0x266
x10 <- 0x6666666666666666
mem[X,0x00000000800219D8] -> 0x05B7
mem[X,0x00000000800219DA] -> 0x0000
[4515] [M]: 0x00000000800219D8 (0x000005B7) lui a1, 0x0
x11 <- 0x0000000000000000
mem[X,0x00000000800219DC] -> 0x8593
mem[X,0x00000000800219DE] -> 0xFFF5
[4516] [M]: 0x00000000800219DC (0xFFF58593) addi a1, a1, -0x1
x11 <- 0xFFFFFFFFFFFFFFFF
mem[X,0x00000000800219E0] -> 0x9593
mem[X,0x00000000800219E2] -> 0x00B5
[4517] [M]: 0x00000000800219E0 (0x00B59593) slli a1, a1, 0xb
x11 <- 0xFFFFFFFFFFFFF800
mem[X,0x00000000800219E4] -> 0x8593
mem[X,0x00000000800219E6] -> 0x2575
[4518] [M]: 0x00000000800219E4 (0x25758593) addi a1, a1, 0x257
x11 <- 0xFFFFFFFFFFFFFA57
mem[X,0x00000000800219E8] -> 0x9593
mem[X,0x00000000800219EA] -> 0x00B5
[4519] [M]: 0x00000000800219E8 (0x00B59593) slli a1, a1, 0xb
x11 <- 0xFFFFFFFFFFD2B800
mem[X,0x00000000800219EC] -> 0x8593
mem[X,0x00000000800219EE] -> 0x6C35
[4520] [M]: 0x00000000800219EC (0x6C358593) addi a1, a1, 0x6c3
x11 <- 0xFFFFFFFFFFD2BEC3
mem[X,0x00000000800219F0] -> 0x9593
mem[X,0x00000000800219F2] -> 0x00A5
[4521] [M]: 0x00000000800219F0 (0x00A59593) slli a1, a1, 0xa
x11 <- 0xFFFFFFFF4AFB0C00
mem[X,0x00000000800219F4] -> 0x8593
mem[X,0x00000000800219F6] -> 0x0CE5
[4522] [M]: 0x00000000800219F4 (0x0CE58593) addi a1, a1, 0xce
x11 <- 0xFFFFFFFF4AFB0CCE
mem[X,0x00000000800219F8] -> 0x0113
mem[X,0x00000000800219FA] -> 0x0000
[4523] [M]: 0x00000000800219F8 (0x00000113) addi sp, zero, 0x0
x2 <- 0x0000000000000000
mem[X,0x00000000800219FC] -> 0x006F
mem[X,0x00000000800219FE] -> 0x0140
[4524] [M]: 0x00000000800219FC (0x0140006F) jal zero, 0x14
mem[X,0x0000000080021A10] -> 0x58E3
mem[X,0x0000000080021A12] -> 0xFEB5
[4525] [M]: 0x0000000080021A10 (0xFEB558E3) bge a0, a1, -0x10
mem[X,0x0000000080021A00] -> 0x0113
mem[X,0x0000000080021A02] -> 0x0011
[4526] [M]: 0x0000000080021A00 (0x00110113) addi sp, sp, 0x1
x2 <- 0x0000000000000001
mem[X,0x0000000080021A04] -> 0x006F
mem[X,0x0000000080021A06] -> 0x0200
[4527] [M]: 0x0000000080021A04 (0x0200006F) jal zero, 0x20
mem[X,0x0000000080021A24] -> 0xB823
mem[X,0x0000000080021A26] -> 0x1220
[4528] [M]: 0x0000000080021A24 (0x1220B823) sd sp, 0x130(ra)
mem[0x0000000080048B00] <- 0x0000000000000001
mem[X,0x0000000080021A28] -> 0x6537
mem[X,0x0000000080021A2A] -> 0x6666
[4529] [M]: 0x0000000080021A28 (0x66666537) lui a0, 0x66666
x10 <- 0x0000000066666000
mem[X,0x0000000080021A2C] -> 0x0513
mem[X,0x0000000080021A2E] -> 0x6665
[4530] [M]: 0x0000000080021A2C (0x66650513) addi a0, a0, 0x666
x10 <- 0x0000000066666666
mem[X,0x0000000080021A30] -> 0x1513
mem[X,0x0000000080021A32] -> 0x00B5
[4531] [M]: 0x0000000080021A30 (0x00B51513) slli a0, a0, 0xb
x10 <- 0x0000033333333000
mem[X,0x0000000080021A34] -> 0x0513
mem[X,0x0000000080021A36] -> 0x3335
[4532] [M]: 0x0000000080021A34 (0x33350513) addi a0, a0, 0x333
x10 <- 0x0000033333333333
mem[X,0x0000000080021A38] -> 0x1513
mem[X,0x0000000080021A3A] -> 0x00B5
[4533] [M]: 0x0000000080021A38 (0x00B51513) slli a0, a0, 0xb
x10 <- 0x0019999999999800
mem[X,0x0000000080021A3C] -> 0x0513
mem[X,0x0000000080021A3E] -> 0x1995
[4534] [M]: 0x0000000080021A3C (0x19950513) addi a0, a0, 0x199
x10 <- 0x0019999999999999
mem[X,0x0000000080021A40] -> 0x1513
mem[X,0x0000000080021A42] -> 0x00A5
[4535] [M]: 0x0000000080021A40 (0x00A51513) slli a0, a0, 0xa
x10 <- 0x6666666666666400
mem[X,0x0000000080021A44] -> 0x0513
mem[X,0x0000000080021A46] -> 0x2665
[4536] [M]: 0x0000000080021A44 (0x26650513) addi a0, a0, 0x266
x10 <- 0x6666666666666666
mem[X,0x0000000080021A48] -> 0x05B7
mem[X,0x0000000080021A4A] -> 0x0000
[4537] [M]: 0x0000000080021A48 (0x000005B7) lui a1, 0x0
x11 <- 0x0000000000000000
mem[X,0x0000000080021A4C] -> 0x8593
mem[X,0x0000000080021A4E] -> 0x0005
[4538] [M]: 0x0000000080021A4C (0x00058593) addi a1, a1, 0x0
x11 <- 0x0000000000000000
mem[X,0x0000000080021A50] -> 0x9593
mem[X,0x0000000080021A52] -> 0x00B5
[4539] [M]: 0x0000000080021A50 (0x00B59593) slli a1, a1, 0xb
x11 <- 0x0000000000000000
mem[X,0x0000000080021A54] -> 0x8593
mem[X,0x0000000080021A56] -> 0x5A85
[4540] [M]: 0x0000000080021A54 (0x5A858593) addi a1, a1, 0x5a8
x11 <- 0x00000000000005A8
mem[X,0x0000000080021A58] -> 0x9593
mem[X,0x0000000080021A5A] -> 0x00B5
[4541] [M]: 0x0000000080021A58 (0x00B59593) slli a1, a1, 0xb
x11 <- 0x00000000002D4000
mem[X,0x0000000080021A5C] -> 0x8593
mem[X,0x0000000080021A5E] -> 0x13C5
[4542] [M]: 0x0000000080021A5C (0x13C58593) addi a1, a1, 0x13c
x11 <- 0x00000000002D413C
mem[X,0x0000000080021A60] -> 0x9593
mem[X,0x0000000080021A62] -> 0x00A5
[4543] [M]: 0x0000000080021A60 (0x00A59593) slli a1, a1, 0xa
x11 <- 0x00000000B504F000
mem[X,0x0000000080021A64] -> 0x8593
mem[X,0x0000000080021A66] -> 0x3345
[4544] [M]: 0x0000000080021A64 (0x33458593) addi a1, a1, 0x334
x11 <- 0x00000000B504F334
mem[X,0x0000000080021A68] -> 0x0113
mem[X,0x0000000080021A6A] -> 0x0000
[4545] [M]: 0x0000000080021A68 (0x00000113) addi sp, zero, 0x0
x2 <- 0x0000000000000000
mem[X,0x0000000080021A6C] -> 0x006F
mem[X,0x0000000080021A6E] -> 0x00C0
[4546] [M]: 0x0000000080021A6C (0x00C0006F) jal zero, 0xc
mem[X,0x0000000080021A78] -> 0x5063
mem[X,0x0000000080021A7A] -> 0x20B5
[4547] [M]: 0x0000000080021A78 (0x20B55063) bge a0, a1, 0x200
mem[X,0x0000000080021C78] -> 0x0113
mem[X,0x0000000080021C7A] -> 0x0031
[4548] [M]: 0x0000000080021C78 (0x00310113) addi sp, sp, 0x3
x2 <- 0x0000000000000003
mem[X,0x0000000080021C7C] -> 0x006F
mem[X,0x0000000080021C7E] -> 0x0040
[4549] [M]: 0x0000000080021C7C (0x0040006F) jal zero, 0x4
mem[X,0x0000000080021C80] -> 0xBC23
mem[X,0x0000000080021C82] -> 0x1220
[4550] [M]: 0x0000000080021C80 (0x1220BC23) sd sp, 0x138(ra)
mem[0x0000000080048B08] <- 0x0000000000000003
mem[X,0x0000000080021C84] -> 0x0537
mem[X,0x0000000080021C86] -> 0x0000
[4551] [M]: 0x0000000080021C84 (0x00000537) lui a0, 0x0
x10 <- 0x0000000000000000
mem[X,0x0000000080021C88] -> 0x0513
mem[X,0x0000000080021C8A] -> 0xFFF5
[4552] [M]: 0x0000000080021C88 (0xFFF50513) addi a0, a0, -0x1
x10 <- 0xFFFFFFFFFFFFFFFF
mem[X,0x0000000080021C8C] -> 0x1513
mem[X,0x0000000080021C8E] -> 0x00B5
[4553] [M]: 0x0000000080021C8C (0x00B51513) slli a0, a0, 0xb
x10 <- 0xFFFFFFFFFFFFF800
mem[X,0x0000000080021C90] -> 0x0513
mem[X,0x0000000080021C92] -> 0x2575
[4554] [M]: 0x0000000080021C90 (0x25750513) addi a0, a0, 0x257
x10 <- 0xFFFFFFFFFFFFFA57
mem[X,0x0000000080021C94] -> 0x1513
mem[X,0x0000000080021C96] -> 0x00B5
[4555] [M]: 0x0000000080021C94 (0x00B51513) slli a0, a0, 0xb
x10 <- 0xFFFFFFFFFFD2B800
mem[X,0x0000000080021C98] -> 0x0513
mem[X,0x0000000080021C9A] -> 0x6C35
[4556] [M]: 0x0000000080021C98 (0x6C350513) addi a0, a0, 0x6c3
x10 <- 0xFFFFFFFFFFD2BEC3
mem[X,0x0000000080021C9C] -> 0x1513
mem[X,0x0000000080021C9E] -> 0x00A5
[4557] [M]: 0x0000000080021C9C (0x00A51513) slli a0, a0, 0xa
x10 <- 0xFFFFFFFF4AFB0C00
mem[X,0x0000000080021CA0] -> 0x0513
mem[X,0x0000000080021CA2] -> 0x0CD5
[4558] [M]: 0x0000000080021CA0 (0x0CD50513) addi a0, a0, 0xcd
x10 <- 0xFFFFFFFF4AFB0CCD
mem[X,0x0000000080021CA4] -> 0x0593
mem[X,0x0000000080021CA6] -> 0x0030
[4559] [M]: 0x0000000080021CA4 (0x00300593) addi a1, zero, 0x3
x11 <- 0x0000000000000003
mem[X,0x0000000080021CA8] -> 0x0113
mem[X,0x0000000080021CAA] -> 0x0000
[4560] [M]: 0x0000000080021CA8 (0x00000113) addi sp, zero, 0x0
x2 <- 0x0000000000000000
mem[X,0x0000000080021CAC] -> 0x006F
mem[X,0x0000000080021CAE] -> 0x2B10
[4561] [M]: 0x0000000080021CAC (0x2B10006F) jal zero, 0xab0
mem[X,0x000000008002275C] -> 0x5A63
mem[X,0x000000008002275E] -> 0xD4B5
[4562] [M]: 0x000000008002275C (0xD4B55A63) bge a0, a1, -0xaac
mem[X,0x0000000080022760] -> 0x0113
mem[X,0x0000000080022762] -> 0x0021
[4563] [M]: 0x0000000080022760 (0x00210113) addi sp, sp, 0x2
x2 <- 0x0000000000000002
mem[X,0x0000000080022764] -> 0x006F
mem[X,0x0000000080022766] -> 0x00C0
[4564] [M]: 0x0000000080022764 (0x00C0006F) jal zero, 0xc
mem[X,0x0000000080022770] -> 0xB023
mem[X,0x0000000080022772] -> 0x1420
[4565] [M]: 0x0000000080022770 (0x1420B023) sd sp, 0x140(ra)
mem[0x0000000080048B10] <- 0x0000000000000002
mem[X,0x0000000080022774] -> 0x0537
mem[X,0x0000000080022776] -> 0x0000
[4566] [M]: 0x0000000080022774 (0x00000537) lui a0, 0x0
x10 <- 0x0000000000000000
mem[X,0x0000000080022778] -> 0x0513
mem[X,0x000000008002277A] -> 0xFFF5
[4567] [M]: 0x0000000080022778 (0xFFF50513) addi a0, a0, -0x1
x10 <- 0xFFFFFFFFFFFFFFFF
mem[X,0x000000008002277C] -> 0x1513
mem[X,0x000000008002277E] -> 0x00B5
[4568] [M]: 0x000000008002277C (0x00B51513) slli a0, a0, 0xb
x10 <- 0xFFFFFFFFFFFFF800
mem[X,0x0000000080022780] -> 0x0513
mem[X,0x0000000080022782] -> 0x2575
[4569] [M]: 0x0000000080022780 (0x25750513) addi a0, a0, 0x257
x10 <- 0xFFFFFFFFFFFFFA57
mem[X,0x0000000080022784] -> 0x1513
mem[X,0x0000000080022786] -> 0x00B5
[4570] [M]: 0x0000000080022784 (0x00B51513) slli a0, a0, 0xb
x10 <- 0xFFFFFFFFFFD2B800
mem[X,0x0000000080022788] -> 0x0513
mem[X,0x000000008002278A] -> 0x6C35
[4571] [M]: 0x0000000080022788 (0x6C350513) addi a0, a0, 0x6c3
x10 <- 0xFFFFFFFFFFD2BEC3
mem[X,0x000000008002278C] -> 0x1513
mem[X,0x000000008002278E] -> 0x00A5
[4572] [M]: 0x000000008002278C (0x00A51513) slli a0, a0, 0xa
x10 <- 0xFFFFFFFF4AFB0C00
mem[X,0x0000000080022790] -> 0x0513
mem[X,0x0000000080022792] -> 0x0CD5
[4573] [M]: 0x0000000080022790 (0x0CD50513) addi a0, a0, 0xcd
x10 <- 0xFFFFFFFF4AFB0CCD
mem[X,0x0000000080022794] -> 0x55B7
mem[X,0x0000000080022796] -> 0x5555
[4574] [M]: 0x0000000080022794 (0x555555B7) lui a1, 0x55555
x11 <- 0x0000000055555000
mem[X,0x0000000080022798] -> 0x8593
mem[X,0x000000008002279A] -> 0x5555
[4575] [M]: 0x0000000080022798 (0x55558593) addi a1, a1, 0x555
x11 <- 0x0000000055555555
mem[X,0x000000008002279C] -> 0x9593
mem[X,0x000000008002279E] -> 0x00B5
[4576] [M]: 0x000000008002279C (0x00B59593) slli a1, a1, 0xb
x11 <- 0x000002AAAAAAA800
mem[X,0x00000000800227A0] -> 0x8593
mem[X,0x00000000800227A2] -> 0x2AA5
[4577] [M]: 0x00000000800227A0 (0x2AA58593) addi a1, a1, 0x2aa
x11 <- 0x000002AAAAAAAAAA
mem[X,0x00000000800227A4] -> 0x9593
mem[X,0x00000000800227A6] -> 0x00B5
[4578] [M]: 0x00000000800227A4 (0x00B59593) slli a1, a1, 0xb
x11 <- 0x0015555555555000
mem[X,0x00000000800227A8] -> 0x8593
mem[X,0x00000000800227AA] -> 0x5555
[4579] [M]: 0x00000000800227A8 (0x55558593) addi a1, a1, 0x555
x11 <- 0x0015555555555555
mem[X,0x00000000800227AC] -> 0x9593
mem[X,0x00000000800227AE] -> 0x00A5
[4580] [M]: 0x00000000800227AC (0x00A59593) slli a1, a1, 0xa
x11 <- 0x5555555555555400
mem[X,0x00000000800227B0] -> 0x8593
mem[X,0x00000000800227B2] -> 0x1555
[4581] [M]: 0x00000000800227B0 (0x15558593) addi a1, a1, 0x155
x11 <- 0x5555555555555555
mem[X,0x00000000800227B4] -> 0x0113
mem[X,0x00000000800227B6] -> 0x0000
[4582] [M]: 0x00000000800227B4 (0x00000113) addi sp, zero, 0x0
x2 <- 0x0000000000000000
mem[X,0x00000000800227B8] -> 0x006F
mem[X,0x00000000800227BA] -> 0x00C0
[4583] [M]: 0x00000000800227B8 (0x00C0006F) jal zero, 0xc
mem[X,0x00000000800227C4] -> 0x5CE3
mem[X,0x00000000800227C6] -> 0xFEB5
[4584] [M]: 0x00000000800227C4 (0xFEB55CE3) bge a0, a1, -0x8
mem[X,0x00000000800227C8] -> 0x0113
mem[X,0x00000000800227CA] -> 0x0021
[4585] [M]: 0x00000000800227C8 (0x00210113) addi sp, sp, 0x2
x2 <- 0x0000000000000002
mem[X,0x00000000800227CC] -> 0x006F
mem[X,0x00000000800227CE] -> 0x00C0
[4586] [M]: 0x00000000800227CC (0x00C0006F) jal zero, 0xc
mem[X,0x00000000800227D8] -> 0xB423
mem[X,0x00000000800227DA] -> 0x1420
[4587] [M]: 0x00000000800227D8 (0x1420B423) sd sp, 0x148(ra)
mem[0x0000000080048B18] <- 0x0000000000000002
mem[X,0x00000000800227DC] -> 0x0537
mem[X,0x00000000800227DE] -> 0x0000
[4588] [M]: 0x00000000800227DC (0x00000537) lui a0, 0x0
x10 <- 0x0000000000000000
mem[X,0x00000000800227E0] -> 0x0513
mem[X,0x00000000800227E2] -> 0xFFF5
[4589] [M]: 0x00000000800227E0 (0xFFF50513) addi a0, a0, -0x1
x10 <- 0xFFFFFFFFFFFFFFFF
mem[X,0x00000000800227E4] -> 0x1513
mem[X,0x00000000800227E6] -> 0x00B5
[4590] [M]: 0x00000000800227E4 (0x00B51513) slli a0, a0, 0xb
x10 <- 0xFFFFFFFFFFFFF800
mem[X,0x00000000800227E8] -> 0x0513
mem[X,0x00000000800227EA] -> 0x2575
[4591] [M]: 0x00000000800227E8 (0x25750513) addi a0, a0, 0x257
x10 <- 0xFFFFFFFFFFFFFA57
mem[X,0x00000000800227EC] -> 0x1513
mem[X,0x00000000800227EE] -> 0x00B5
[4592] [M]: 0x00000000800227EC (0x00B51513) slli a0, a0, 0xb
x10 <- 0xFFFFFFFFFFD2B800
mem[X,0x00000000800227F0] -> 0x0513
mem[X,0x00000000800227F2] -> 0x6C35
[4593] [M]: 0x00000000800227F0 (0x6C350513) addi a0, a0, 0x6c3
x10 <- 0xFFFFFFFFFFD2BEC3
mem[X,0x00000000800227F4] -> 0x1513
mem[X,0x00000000800227F6] -> 0x00A5
[4594] [M]: 0x00000000800227F4 (0x00A51513) slli a0, a0, 0xa
x10 <- 0xFFFFFFFF4AFB0C00
mem[X,0x00000000800227F8] -> 0x0513
mem[X,0x00000000800227FA] -> 0x0CD5
[4595] [M]: 0x00000000800227F8 (0x0CD50513) addi a0, a0, 0xcd
x10 <- 0xFFFFFFFF4AFB0CCD
mem[X,0x00000000800227FC] -> 0xB5B7
mem[X,0x00000000800227FE] -> 0xAAAA
[4596] [M]: 0x00000000800227FC (0xAAAAB5B7) lui a1, -0x55555
x11 <- 0xFFFFFFFFAAAAB000
mem[X,0x0000000080022800] -> 0x8593
mem[X,0x0000000080022802] -> 0xAAA5
[4597] [M]: 0x0000000080022800 (0xAAA58593) addi a1, a1, -0x556
x11 <- 0xFFFFFFFFAAAAAAAA
mem[X,0x0000000080022804] -> 0x9593
mem[X,0x0000000080022806] -> 0x00B5
[4598] [M]: 0x0000000080022804 (0x00B59593) slli a1, a1, 0xb
x11 <- 0xFFFFFD5555555000
mem[X,0x0000000080022808] -> 0x8593
mem[X,0x000000008002280A] -> 0x5555
[4599] [M]: 0x0000000080022808 (0x55558593) addi a1, a1, 0x555
x11 <- 0xFFFFFD5555555555
clint::tick mtime <- 0x000000000000002E
 clint timer pending at mtime 0x000000000000002E
htif::tick 0x0000000000000000
mem[X,0x000000008002280C] -> 0x9593
mem[X,0x000000008002280E] -> 0x00B5
[4600] [M]: 0x000000008002280C (0x00B59593) slli a1, a1, 0xb
x11 <- 0xFFEAAAAAAAAAA800
mem[X,0x0000000080022810] -> 0x8593
mem[X,0x0000000080022812] -> 0x2AA5
[4601] [M]: 0x0000000080022810 (0x2AA58593) addi a1, a1, 0x2aa
x11 <- 0xFFEAAAAAAAAAAAAA
mem[X,0x0000000080022814] -> 0x9593
mem[X,0x0000000080022816] -> 0x00A5
[4602] [M]: 0x0000000080022814 (0x00A59593) slli a1, a1, 0xa
x11 <- 0xAAAAAAAAAAAAA800
mem[X,0x0000000080022818] -> 0x8593
mem[X,0x000000008002281A] -> 0x2AA5
[4603] [M]: 0x0000000080022818 (0x2AA58593) addi a1, a1, 0x2aa
x11 <- 0xAAAAAAAAAAAAAAAA
mem[X,0x000000008002281C] -> 0x0113
mem[X,0x000000008002281E] -> 0x0000
[4604] [M]: 0x000000008002281C (0x00000113) addi sp, zero, 0x0
x2 <- 0x0000000000000000
mem[X,0x0000000080022820] -> 0x006F
mem[X,0x0000000080022822] -> 0x00C0
[4605] [M]: 0x0000000080022820 (0x00C0006F) jal zero, 0xc
mem[X,0x000000008002282C] -> 0x5863
mem[X,0x000000008002282E] -> 0x00B5
[4606] [M]: 0x000000008002282C (0x00B55863) bge a0, a1, 0x10
mem[X,0x000000008002283C] -> 0x0113
mem[X,0x000000008002283E] -> 0x0031
[4607] [M]: 0x000000008002283C (0x00310113) addi sp, sp, 0x3
x2 <- 0x0000000000000003
mem[X,0x0000000080022840] -> 0x006F
mem[X,0x0000000080022842] -> 0x0040
[4608] [M]: 0x0000000080022840 (0x0040006F) jal zero, 0x4
mem[X,0x0000000080022844] -> 0xB823
mem[X,0x0000000080022846] -> 0x1420
[4609] [M]: 0x0000000080022844 (0x1420B823) sd sp, 0x150(ra)
mem[0x0000000080048B20] <- 0x0000000000000003
mem[X,0x0000000080022848] -> 0x0537
mem[X,0x000000008002284A] -> 0x0000
[4610] [M]: 0x0000000080022848 (0x00000537) lui a0, 0x0
x10 <- 0x0000000000000000
mem[X,0x000000008002284C] -> 0x0513
mem[X,0x000000008002284E] -> 0xFFF5
[4611] [M]: 0x000000008002284C (0xFFF50513) addi a0, a0, -0x1
x10 <- 0xFFFFFFFFFFFFFFFF
mem[X,0x0000000080022850] -> 0x1513
mem[X,0x0000000080022852] -> 0x00B5
[4612] [M]: 0x0000000080022850 (0x00B51513) slli a0, a0, 0xb
x10 <- 0xFFFFFFFFFFFFF800
mem[X,0x0000000080022854] -> 0x0513
mem[X,0x0000000080022856] -> 0x2575
[4613] [M]: 0x0000000080022854 (0x25750513) addi a0, a0, 0x257
x10 <- 0xFFFFFFFFFFFFFA57
mem[X,0x0000000080022858] -> 0x1513
mem[X,0x000000008002285A] -> 0x00B5
[4614] [M]: 0x0000000080022858 (0x00B51513) slli a0, a0, 0xb
x10 <- 0xFFFFFFFFFFD2B800
mem[X,0x000000008002285C] -> 0x0513
mem[X,0x000000008002285E] -> 0x6C35
[4615] [M]: 0x000000008002285C (0x6C350513) addi a0, a0, 0x6c3
x10 <- 0xFFFFFFFFFFD2BEC3
mem[X,0x0000000080022860] -> 0x1513
mem[X,0x0000000080022862] -> 0x00A5
[4616] [M]: 0x0000000080022860 (0x00A51513) slli a0, a0, 0xa
x10 <- 0xFFFFFFFF4AFB0C00
mem[X,0x0000000080022864] -> 0x0513
mem[X,0x0000000080022866] -> 0x0CD5
[4617] [M]: 0x0000000080022864 (0x0CD50513) addi a0, a0, 0xcd
x10 <- 0xFFFFFFFF4AFB0CCD
mem[X,0x0000000080022868] -> 0x0593
mem[X,0x000000008002286A] -> 0x0050
[4618] [M]: 0x0000000080022868 (0x00500593) addi a1, zero, 0x5
x11 <- 0x0000000000000005
mem[X,0x000000008002286C] -> 0x0113
mem[X,0x000000008002286E] -> 0x0000
[4619] [M]: 0x000000008002286C (0x00000113) addi sp, zero, 0x0
x2 <- 0x0000000000000000
mem[X,0x0000000080022870] -> 0x006F
mem[X,0x0000000080022872] -> 0x00C0
[4620] [M]: 0x0000000080022870 (0x00C0006F) jal zero, 0xc
mem[X,0x000000008002287C] -> 0x5663
mem[X,0x000000008002287E] -> 0x00B5
[4621] [M]: 0x000000008002287C (0x00B55663) bge a0, a1, 0xc
mem[X,0x0000000080022880] -> 0x0113
mem[X,0x0000000080022882] -> 0x0021
[4622] [M]: 0x0000000080022880 (0x00210113) addi sp, sp, 0x2
x2 <- 0x0000000000000002
mem[X,0x0000000080022884] -> 0x006F
mem[X,0x0000000080022886] -> 0x00C0
[4623] [M]: 0x0000000080022884 (0x00C0006F) jal zero, 0xc
mem[X,0x0000000080022890] -> 0xBC23
mem[X,0x0000000080022892] -> 0x1420
[4624] [M]: 0x0000000080022890 (0x1420BC23) sd sp, 0x158(ra)
mem[0x0000000080048B28] <- 0x0000000000000002
mem[X,0x0000000080022894] -> 0x0537
mem[X,0x0000000080022896] -> 0x0000
[4625] [M]: 0x0000000080022894 (0x00000537) lui a0, 0x0
x10 <- 0x0000000000000000
mem[X,0x0000000080022898] -> 0x0513
mem[X,0x000000008002289A] -> 0xFFF5
[4626] [M]: 0x0000000080022898 (0xFFF50513) addi a0, a0, -0x1
x10 <- 0xFFFFFFFFFFFFFFFF
mem[X,0x000000008002289C] -> 0x1513
mem[X,0x000000008002289E] -> 0x00B5
[4627] [M]: 0x000000008002289C (0x00B51513) slli a0, a0, 0xb
x10 <- 0xFFFFFFFFFFFFF800
mem[X,0x00000000800228A0] -> 0x0513
mem[X,0x00000000800228A2] -> 0x2575
[4628] [M]: 0x00000000800228A0 (0x25750513) addi a0, a0, 0x257
x10 <- 0xFFFFFFFFFFFFFA57
mem[X,0x00000000800228A4] -> 0x1513
mem[X,0x00000000800228A6] -> 0x00B5
[4629] [M]: 0x00000000800228A4 (0x00B51513) slli a0, a0, 0xb
x10 <- 0xFFFFFFFFFFD2B800
mem[X,0x00000000800228A8] -> 0x0513
mem[X,0x00000000800228AA] -> 0x6C35
[4630] [M]: 0x00000000800228A8 (0x6C350513) addi a0, a0, 0x6c3
x10 <- 0xFFFFFFFFFFD2BEC3
mem[X,0x00000000800228AC] -> 0x1513
mem[X,0x00000000800228AE] -> 0x00A5
[4631] [M]: 0x00000000800228AC (0x00A51513) slli a0, a0, 0xa
x10 <- 0xFFFFFFFF4AFB0C00
mem[X,0x00000000800228B0] -> 0x0513
mem[X,0x00000000800228B2] -> 0x0CD5
[4632] [M]: 0x00000000800228B0 (0x0CD50513) addi a0, a0, 0xcd
x10 <- 0xFFFFFFFF4AFB0CCD
mem[X,0x00000000800228B4] -> 0x35B7
mem[X,0x00000000800228B6] -> 0x3333
[4633] [M]: 0x00000000800228B4 (0x333335B7) lui a1, 0x33333
x11 <- 0x0000000033333000
mem[X,0x00000000800228B8] -> 0x8593
mem[X,0x00000000800228BA] -> 0x3335
[4634] [M]: 0x00000000800228B8 (0x33358593) addi a1, a1, 0x333
x11 <- 0x0000000033333333
mem[X,0x00000000800228BC] -> 0x9593
mem[X,0x00000000800228BE] -> 0x00B5
[4635] [M]: 0x00000000800228BC (0x00B59593) slli a1, a1, 0xb
x11 <- 0x0000019999999800
mem[X,0x00000000800228C0] -> 0x8593
mem[X,0x00000000800228C2] -> 0x1995
[4636] [M]: 0x00000000800228C0 (0x19958593) addi a1, a1, 0x199
x11 <- 0x0000019999999999
mem[X,0x00000000800228C4] -> 0x9593
mem[X,0x00000000800228C6] -> 0x00B5
[4637] [M]: 0x00000000800228C4 (0x00B59593) slli a1, a1, 0xb
x11 <- 0x000CCCCCCCCCC800
mem[X,0x00000000800228C8] -> 0x8593
mem[X,0x00000000800228CA] -> 0x4CC5
[4638] [M]: 0x00000000800228C8 (0x4CC58593) addi a1, a1, 0x4cc
x11 <- 0x000CCCCCCCCCCCCC
mem[X,0x00000000800228CC] -> 0x9593
mem[X,0x00000000800228CE] -> 0x00A5
[4639] [M]: 0x00000000800228CC (0x00A59593) slli a1, a1, 0xa
x11 <- 0x3333333333333000
mem[X,0x00000000800228D0] -> 0x8593
mem[X,0x00000000800228D2] -> 0x3335
[4640] [M]: 0x00000000800228D0 (0x33358593) addi a1, a1, 0x333
x11 <- 0x3333333333333333
mem[X,0x00000000800228D4] -> 0x0113
mem[X,0x00000000800228D6] -> 0x0000
[4641] [M]: 0x00000000800228D4 (0x00000113) addi sp, zero, 0x0
x2 <- 0x0000000000000000
mem[X,0x00000000800228D8] -> 0x006F
mem[X,0x00000000800228DA] -> 0x0050
[4642] [M]: 0x00000000800228D8 (0x0050006F) jal zero, 0x804
mem[X,0x00000000800230DC] -> 0x50E3
mem[X,0x00000000800230DE] -> 0x80B5
[4643] [M]: 0x00000000800230DC (0x80B550E3) bge a0, a1, -0x800
mem[X,0x00000000800230E0] -> 0x0113
mem[X,0x00000000800230E2] -> 0x0021
[4644] [M]: 0x00000000800230E0 (0x00210113) addi sp, sp, 0x2
x2 <- 0x0000000000000002
mem[X,0x00000000800230E4] -> 0x006F
mem[X,0x00000000800230E6] -> 0x00C0
[4645] [M]: 0x00000000800230E4 (0x00C0006F) jal zero, 0xc
mem[X,0x00000000800230F0] -> 0xB023
mem[X,0x00000000800230F2] -> 0x1620
[4646] [M]: 0x00000000800230F0 (0x1620B023) sd sp, 0x160(ra)
mem[0x0000000080048B30] <- 0x0000000000000002
mem[X,0x00000000800230F4] -> 0x0537
mem[X,0x00000000800230F6] -> 0x0000
[4647] [M]: 0x00000000800230F4 (0x00000537) lui a0, 0x0
x10 <- 0x0000000000000000
mem[X,0x00000000800230F8] -> 0x0513
mem[X,0x00000000800230FA] -> 0xFFF5
[4648] [M]: 0x00000000800230F8 (0xFFF50513) addi a0, a0, -0x1
x10 <- 0xFFFFFFFFFFFFFFFF
mem[X,0x00000000800230FC] -> 0x1513
mem[X,0x00000000800230FE] -> 0x00B5
[4649] [M]: 0x00000000800230FC (0x00B51513) slli a0, a0, 0xb
x10 <- 0xFFFFFFFFFFFFF800
mem[X,0x0000000080023100] -> 0x0513
mem[X,0x0000000080023102] -> 0x2575
[4650] [M]: 0x0000000080023100 (0x25750513) addi a0, a0, 0x257
x10 <- 0xFFFFFFFFFFFFFA57
mem[X,0x0000000080023104] -> 0x1513
mem[X,0x0000000080023106] -> 0x00B5
[4651] [M]: 0x0000000080023104 (0x00B51513) slli a0, a0, 0xb
x10 <- 0xFFFFFFFFFFD2B800
mem[X,0x0000000080023108] -> 0x0513
mem[X,0x000000008002310A] -> 0x6C35
[4652] [M]: 0x0000000080023108 (0x6C350513) addi a0, a0, 0x6c3
x10 <- 0xFFFFFFFFFFD2BEC3
mem[X,0x000000008002310C] -> 0x1513
mem[X,0x000000008002310E] -> 0x00A5
[4653] [M]: 0x000000008002310C (0x00A51513) slli a0, a0, 0xa
x10 <- 0xFFFFFFFF4AFB0C00
mem[X,0x0000000080023110] -> 0x0513
mem[X,0x0000000080023112] -> 0x0CD5
[4654] [M]: 0x0000000080023110 (0x0CD50513) addi a0, a0, 0xcd
x10 <- 0xFFFFFFFF4AFB0CCD
mem[X,0x0000000080023114] -> 0x65B7
mem[X,0x0000000080023116] -> 0x6666
[4655] [M]: 0x0000000080023114 (0x666665B7) lui a1, 0x66666
x11 <- 0x0000000066666000
mem[X,0x0000000080023118] -> 0x8593
mem[X,0x000000008002311A] -> 0x6665
[4656] [M]: 0x0000000080023118 (0x66658593) addi a1, a1, 0x666
x11 <- 0x0000000066666666
mem[X,0x000000008002311C] -> 0x9593
mem[X,0x000000008002311E] -> 0x00B5
[4657] [M]: 0x000000008002311C (0x00B59593) slli a1, a1, 0xb
x11 <- 0x0000033333333000
mem[X,0x0000000080023120] -> 0x8593
mem[X,0x0000000080023122] -> 0x3335
[4658] [M]: 0x0000000080023120 (0x33358593) addi a1, a1, 0x333
x11 <- 0x0000033333333333
mem[X,0x0000000080023124] -> 0x9593
mem[X,0x0000000080023126] -> 0x00B5
[4659] [M]: 0x0000000080023124 (0x00B59593) slli a1, a1, 0xb
x11 <- 0x0019999999999800
mem[X,0x0000000080023128] -> 0x8593
mem[X,0x000000008002312A] -> 0x1995
[4660] [M]: 0x0000000080023128 (0x19958593) addi a1, a1, 0x199
x11 <- 0x0019999999999999
mem[X,0x000000008002312C] -> 0x9593
mem[X,0x000000008002312E] -> 0x00A5
[4661] [M]: 0x000000008002312C (0x00A59593) slli a1, a1, 0xa
x11 <- 0x6666666666666400
mem[X,0x0000000080023130] -> 0x8593
mem[X,0x0000000080023132] -> 0x2665
[4662] [M]: 0x0000000080023130 (0x26658593) addi a1, a1, 0x266
x11 <- 0x6666666666666666
mem[X,0x0000000080023134] -> 0x0113
mem[X,0x0000000080023136] -> 0x0000
[4663] [M]: 0x0000000080023134 (0x00000113) addi sp, zero, 0x0
x2 <- 0x0000000000000000
mem[X,0x0000000080023138] -> 0x006F
mem[X,0x000000008002313A] -> 0x00C0
[4664] [M]: 0x0000000080023138 (0x00C0006F) jal zero, 0xc
mem[X,0x0000000080023144] -> 0x5CE3
mem[X,0x0000000080023146] -> 0xFEB5
[4665] [M]: 0x0000000080023144 (0xFEB55CE3) bge a0, a1, -0x8
mem[X,0x0000000080023148] -> 0x0113
mem[X,0x000000008002314A] -> 0x0021
[4666] [M]: 0x0000000080023148 (0x00210113) addi sp, sp, 0x2
x2 <- 0x0000000000000002
mem[X,0x000000008002314C] -> 0x006F
mem[X,0x000000008002314E] -> 0x00C0
[4667] [M]: 0x000000008002314C (0x00C0006F) jal zero, 0xc
mem[X,0x0000000080023158] -> 0xB423
mem[X,0x000000008002315A] -> 0x1620
[4668] [M]: 0x0000000080023158 (0x1620B423) sd sp, 0x168(ra)
mem[0x0000000080048B38] <- 0x0000000000000002
mem[X,0x000000008002315C] -> 0x0537
mem[X,0x000000008002315E] -> 0x0000
[4669] [M]: 0x000000008002315C (0x00000537) lui a0, 0x0
x10 <- 0x0000000000000000
mem[X,0x0000000080023160] -> 0x0513
mem[X,0x0000000080023162] -> 0xFFF5
[4670] [M]: 0x0000000080023160 (0xFFF50513) addi a0, a0, -0x1
x10 <- 0xFFFFFFFFFFFFFFFF
mem[X,0x0000000080023164] -> 0x1513
mem[X,0x0000000080023166] -> 0x00B5
[4671] [M]: 0x0000000080023164 (0x00B51513) slli a0, a0, 0xb
x10 <- 0xFFFFFFFFFFFFF800
mem[X,0x0000000080023168] -> 0x0513
mem[X,0x000000008002316A] -> 0x2575
[4672] [M]: 0x0000000080023168 (0x25750513) addi a0, a0, 0x257
x10 <- 0xFFFFFFFFFFFFFA57
mem[X,0x000000008002316C] -> 0x1513
mem[X,0x000000008002316E] -> 0x00B5
[4673] [M]: 0x000000008002316C (0x00B51513) slli a0, a0, 0xb
x10 <- 0xFFFFFFFFFFD2B800
mem[X,0x0000000080023170] -> 0x0513
mem[X,0x0000000080023172] -> 0x6C35
[4674] [M]: 0x0000000080023170 (0x6C350513) addi a0, a0, 0x6c3
x10 <- 0xFFFFFFFFFFD2BEC3
mem[X,0x0000000080023174] -> 0x1513
mem[X,0x0000000080023176] -> 0x00A5
[4675] [M]: 0x0000000080023174 (0x00A51513) slli a0, a0, 0xa
x10 <- 0xFFFFFFFF4AFB0C00
mem[X,0x0000000080023178] -> 0x0513
mem[X,0x000000008002317A] -> 0x0CD5
[4676] [M]: 0x0000000080023178 (0x0CD50513) addi a0, a0, 0xcd
x10 <- 0xFFFFFFFF4AFB0CCD
mem[X,0x000000008002317C] -> 0x05B7
mem[X,0x000000008002317E] -> 0x0000
[4677] [M]: 0x000000008002317C (0x000005B7) lui a1, 0x0
x11 <- 0x0000000000000000
mem[X,0x0000000080023180] -> 0x8593
mem[X,0x0000000080023182] -> 0xFFF5
[4678] [M]: 0x0000000080023180 (0xFFF58593) addi a1, a1, -0x1
x11 <- 0xFFFFFFFFFFFFFFFF
mem[X,0x0000000080023184] -> 0x9593
mem[X,0x0000000080023186] -> 0x00B5
[4679] [M]: 0x0000000080023184 (0x00B59593) slli a1, a1, 0xb
x11 <- 0xFFFFFFFFFFFFF800
mem[X,0x0000000080023188] -> 0x8593
mem[X,0x000000008002318A] -> 0x2575
[4680] [M]: 0x0000000080023188 (0x25758593) addi a1, a1, 0x257
x11 <- 0xFFFFFFFFFFFFFA57
mem[X,0x000000008002318C] -> 0x9593
mem[X,0x000000008002318E] -> 0x00B5
[4681] [M]: 0x000000008002318C (0x00B59593) slli a1, a1, 0xb
x11 <- 0xFFFFFFFFFFD2B800
mem[X,0x0000000080023190] -> 0x8593
mem[X,0x0000000080023192] -> 0x6C35
[4682] [M]: 0x0000000080023190 (0x6C358593) addi a1, a1, 0x6c3
x11 <- 0xFFFFFFFFFFD2BEC3
mem[X,0x0000000080023194] -> 0x9593
mem[X,0x0000000080023196] -> 0x00A5
[4683] [M]: 0x0000000080023194 (0x00A59593) slli a1, a1, 0xa
x11 <- 0xFFFFFFFF4AFB0C00
mem[X,0x0000000080023198] -> 0x8593
mem[X,0x000000008002319A] -> 0x0CD5
[4684] [M]: 0x0000000080023198 (0x0CD58593) addi a1, a1, 0xcd
x11 <- 0xFFFFFFFF4AFB0CCD
mem[X,0x000000008002319C] -> 0x0113
mem[X,0x000000008002319E] -> 0x0000
[4685] [M]: 0x000000008002319C (0x00000113) addi sp, zero, 0x0
x2 <- 0x0000000000000000
mem[X,0x00000000800231A0] -> 0x006F
mem[X,0x00000000800231A2] -> 0x00C0
[4686] [M]: 0x00000000800231A0 (0x00C0006F) jal zero, 0xc
mem[X,0x00000000800231AC] -> 0x5063
mem[X,0x00000000800231AE] -> 0x08B5
[4687] [M]: 0x00000000800231AC (0x08B55063) bge a0, a1, 0x80
mem[X,0x000000008002322C] -> 0x0113
mem[X,0x000000008002322E] -> 0x0031
[4688] [M]: 0x000000008002322C (0x00310113) addi sp, sp, 0x3
x2 <- 0x0000000000000003
mem[X,0x0000000080023230] -> 0x006F
mem[X,0x0000000080023232] -> 0x0040
[4689] [M]: 0x0000000080023230 (0x0040006F) jal zero, 0x4
mem[X,0x0000000080023234] -> 0xB823
mem[X,0x0000000080023236] -> 0x1620
[4690] [M]: 0x0000000080023234 (0x1620B823) sd sp, 0x170(ra)
mem[0x0000000080048B40] <- 0x0000000000000003
mem[X,0x0000000080023238] -> 0x0537
mem[X,0x000000008002323A] -> 0x0000
[4691] [M]: 0x0000000080023238 (0x00000537) lui a0, 0x0
x10 <- 0x0000000000000000
mem[X,0x000000008002323C] -> 0x0513
mem[X,0x000000008002323E] -> 0xFFF5
[4692] [M]: 0x000000008002323C (0xFFF50513) addi a0, a0, -0x1
x10 <- 0xFFFFFFFFFFFFFFFF
mem[X,0x0000000080023240] -> 0x1513
mem[X,0x0000000080023242] -> 0x00B5
[4693] [M]: 0x0000000080023240 (0x00B51513) slli a0, a0, 0xb
x10 <- 0xFFFFFFFFFFFFF800
mem[X,0x0000000080023244] -> 0x0513
mem[X,0x0000000080023246] -> 0x2575
[4694] [M]: 0x0000000080023244 (0x25750513) addi a0, a0, 0x257
x10 <- 0xFFFFFFFFFFFFFA57
mem[X,0x0000000080023248] -> 0x1513
mem[X,0x000000008002324A] -> 0x00B5
[4695] [M]: 0x0000000080023248 (0x00B51513) slli a0, a0, 0xb
x10 <- 0xFFFFFFFFFFD2B800
mem[X,0x000000008002324C] -> 0x0513
mem[X,0x000000008002324E] -> 0x6C35
[4696] [M]: 0x000000008002324C (0x6C350513) addi a0, a0, 0x6c3
x10 <- 0xFFFFFFFFFFD2BEC3
mem[X,0x0000000080023250] -> 0x1513
mem[X,0x0000000080023252] -> 0x00A5
[4697] [M]: 0x0000000080023250 (0x00A51513) slli a0, a0, 0xa
x10 <- 0xFFFFFFFF4AFB0C00
mem[X,0x0000000080023254] -> 0x0513
mem[X,0x0000000080023256] -> 0x0CD5
[4698] [M]: 0x0000000080023254 (0x0CD50513) addi a0, a0, 0xcd
x10 <- 0xFFFFFFFF4AFB0CCD
mem[X,0x0000000080023258] -> 0x05B7
mem[X,0x000000008002325A] -> 0x0000
[4699] [M]: 0x0000000080023258 (0x000005B7) lui a1, 0x0
x11 <- 0x0000000000000000
clint::tick mtime <- 0x000000000000002F
 clint timer pending at mtime 0x000000000000002F
htif::tick 0x0000000000000000
mem[X,0x000000008002325C] -> 0x8593
mem[X,0x000000008002325E] -> 0x0005
[4700] [M]: 0x000000008002325C (0x00058593) addi a1, a1, 0x0
x11 <- 0x0000000000000000
mem[X,0x0000000080023260] -> 0x9593
mem[X,0x0000000080023262] -> 0x00B5
[4701] [M]: 0x0000000080023260 (0x00B59593) slli a1, a1, 0xb
x11 <- 0x0000000000000000
mem[X,0x0000000080023264] -> 0x8593
mem[X,0x0000000080023266] -> 0x5A85
[4702] [M]: 0x0000000080023264 (0x5A858593) addi a1, a1, 0x5a8
x11 <- 0x00000000000005A8
mem[X,0x0000000080023268] -> 0x9593
mem[X,0x000000008002326A] -> 0x00B5
[4703] [M]: 0x0000000080023268 (0x00B59593) slli a1, a1, 0xb
x11 <- 0x00000000002D4000
mem[X,0x000000008002326C] -> 0x8593
mem[X,0x000000008002326E] -> 0x13C5
[4704] [M]: 0x000000008002326C (0x13C58593) addi a1, a1, 0x13c
x11 <- 0x00000000002D413C
mem[X,0x0000000080023270] -> 0x9593
mem[X,0x0000000080023272] -> 0x00A5
[4705] [M]: 0x0000000080023270 (0x00A59593) slli a1, a1, 0xa
x11 <- 0x00000000B504F000
mem[X,0x0000000080023274] -> 0x8593
mem[X,0x0000000080023276] -> 0x3335
[4706] [M]: 0x0000000080023274 (0x33358593) addi a1, a1, 0x333
x11 <- 0x00000000B504F333
mem[X,0x0000000080023278] -> 0x0113
mem[X,0x000000008002327A] -> 0x0000
[4707] [M]: 0x0000000080023278 (0x00000113) addi sp, zero, 0x0
x2 <- 0x0000000000000000
mem[X,0x000000008002327C] -> 0x006F
mem[X,0x000000008002327E] -> 0x00C0
[4708] [M]: 0x000000008002327C (0x00C0006F) jal zero, 0xc
mem[X,0x0000000080023288] -> 0x5CE3
mem[X,0x000000008002328A] -> 0xFEB5
[4709] [M]: 0x0000000080023288 (0xFEB55CE3) bge a0, a1, -0x8
mem[X,0x000000008002328C] -> 0x0113
mem[X,0x000000008002328E] -> 0x0021
[4710] [M]: 0x000000008002328C (0x00210113) addi sp, sp, 0x2
x2 <- 0x0000000000000002
mem[X,0x0000000080023290] -> 0x006F
mem[X,0x0000000080023292] -> 0x00C0
[4711] [M]: 0x0000000080023290 (0x00C0006F) jal zero, 0xc
mem[X,0x000000008002329C] -> 0xBC23
mem[X,0x000000008002329E] -> 0x1620
[4712] [M]: 0x000000008002329C (0x1620BC23) sd sp, 0x178(ra)
mem[0x0000000080048B48] <- 0x0000000000000002
mem[X,0x00000000800232A0] -> 0x0537
mem[X,0x00000000800232A2] -> 0x0000
[4713] [M]: 0x00000000800232A0 (0x00000537) lui a0, 0x0
x10 <- 0x0000000000000000
mem[X,0x00000000800232A4] -> 0x0513
mem[X,0x00000000800232A6] -> 0xFFF5
[4714] [M]: 0x00000000800232A4 (0xFFF50513) addi a0, a0, -0x1
x10 <- 0xFFFFFFFFFFFFFFFF
mem[X,0x00000000800232A8] -> 0x1513
mem[X,0x00000000800232AA] -> 0x00B5
[4715] [M]: 0x00000000800232A8 (0x00B51513) slli a0, a0, 0xb
x10 <- 0xFFFFFFFFFFFFF800
mem[X,0x00000000800232AC] -> 0x0513
mem[X,0x00000000800232AE] -> 0x2575
[4716] [M]: 0x00000000800232AC (0x25750513) addi a0, a0, 0x257
x10 <- 0xFFFFFFFFFFFFFA57
mem[X,0x00000000800232B0] -> 0x1513
mem[X,0x00000000800232B2] -> 0x00B5
[4717] [M]: 0x00000000800232B0 (0x00B51513) slli a0, a0, 0xb
x10 <- 0xFFFFFFFFFFD2B800
mem[X,0x00000000800232B4] -> 0x0513
mem[X,0x00000000800232B6] -> 0x6C35
[4718] [M]: 0x00000000800232B4 (0x6C350513) addi a0, a0, 0x6c3
x10 <- 0xFFFFFFFFFFD2BEC3
mem[X,0x00000000800232B8] -> 0x1513
mem[X,0x00000000800232BA] -> 0x00A5
[4719] [M]: 0x00000000800232B8 (0x00A51513) slli a0, a0, 0xa
x10 <- 0xFFFFFFFF4AFB0C00
mem[X,0x00000000800232BC] -> 0x0513
mem[X,0x00000000800232BE] -> 0x0CD5
[4720] [M]: 0x00000000800232BC (0x0CD50513) addi a0, a0, 0xcd
x10 <- 0xFFFFFFFF4AFB0CCD
mem[X,0x00000000800232C0] -> 0x0593
mem[X,0x00000000800232C2] -> 0x0020
[4721] [M]: 0x00000000800232C0 (0x00200593) addi a1, zero, 0x2
x11 <- 0x0000000000000002
mem[X,0x00000000800232C4] -> 0x0113
mem[X,0x00000000800232C6] -> 0x0000
[4722] [M]: 0x00000000800232C4 (0x00000113) addi sp, zero, 0x0
x2 <- 0x0000000000000000
mem[X,0x00000000800232C8] -> 0x006F
mem[X,0x00000000800232CA] -> 0x00C0
[4723] [M]: 0x00000000800232C8 (0x00C0006F) jal zero, 0xc
mem[X,0x00000000800232D4] -> 0x5CE3
mem[X,0x00000000800232D6] -> 0xFEB5
[4724] [M]: 0x00000000800232D4 (0xFEB55CE3) bge a0, a1, -0x8
mem[X,0x00000000800232D8] -> 0x0113
mem[X,0x00000000800232DA] -> 0x0021
[4725] [M]: 0x00000000800232D8 (0x00210113) addi sp, sp, 0x2
x2 <- 0x0000000000000002
mem[X,0x00000000800232DC] -> 0x006F
mem[X,0x00000000800232DE] -> 0x00C0
[4726] [M]: 0x00000000800232DC (0x00C0006F) jal zero, 0xc
mem[X,0x00000000800232E8] -> 0xB023
mem[X,0x00000000800232EA] -> 0x1820
[4727] [M]: 0x00000000800232E8 (0x1820B023) sd sp, 0x180(ra)
mem[0x0000000080048B50] <- 0x0000000000000002
mem[X,0x00000000800232EC] -> 0x0537
mem[X,0x00000000800232EE] -> 0x0000
[4728] [M]: 0x00000000800232EC (0x00000537) lui a0, 0x0
x10 <- 0x0000000000000000
mem[X,0x00000000800232F0] -> 0x0513
mem[X,0x00000000800232F2] -> 0xFFF5
[4729] [M]: 0x00000000800232F0 (0xFFF50513) addi a0, a0, -0x1
x10 <- 0xFFFFFFFFFFFFFFFF
mem[X,0x00000000800232F4] -> 0x1513
mem[X,0x00000000800232F6] -> 0x00B5
[4730] [M]: 0x00000000800232F4 (0x00B51513) slli a0, a0, 0xb
x10 <- 0xFFFFFFFFFFFFF800
mem[X,0x00000000800232F8] -> 0x0513
mem[X,0x00000000800232FA] -> 0x2575
[4731] [M]: 0x00000000800232F8 (0x25750513) addi a0, a0, 0x257
x10 <- 0xFFFFFFFFFFFFFA57
mem[X,0x00000000800232FC] -> 0x1513
mem[X,0x00000000800232FE] -> 0x00B5
[4732] [M]: 0x00000000800232FC (0x00B51513) slli a0, a0, 0xb
x10 <- 0xFFFFFFFFFFD2B800
mem[X,0x0000000080023300] -> 0x0513
mem[X,0x0000000080023302] -> 0x6C35
[4733] [M]: 0x0000000080023300 (0x6C350513) addi a0, a0, 0x6c3
x10 <- 0xFFFFFFFFFFD2BEC3
mem[X,0x0000000080023304] -> 0x1513
mem[X,0x0000000080023306] -> 0x00A5
[4734] [M]: 0x0000000080023304 (0x00A51513) slli a0, a0, 0xa
x10 <- 0xFFFFFFFF4AFB0C00
mem[X,0x0000000080023308] -> 0x0513
mem[X,0x000000008002330A] -> 0x0CD5
[4735] [M]: 0x0000000080023308 (0x0CD50513) addi a0, a0, 0xcd
x10 <- 0xFFFFFFFF4AFB0CCD
mem[X,0x000000008002330C] -> 0x55B7
mem[X,0x000000008002330E] -> 0x5555
[4736] [M]: 0x000000008002330C (0x555555B7) lui a1, 0x55555
x11 <- 0x0000000055555000
mem[X,0x0000000080023310] -> 0x8593
mem[X,0x0000000080023312] -> 0x5555
[4737] [M]: 0x0000000080023310 (0x55558593) addi a1, a1, 0x555
x11 <- 0x0000000055555555
mem[X,0x0000000080023314] -> 0x9593
mem[X,0x0000000080023316] -> 0x00B5
[4738] [M]: 0x0000000080023314 (0x00B59593) slli a1, a1, 0xb
x11 <- 0x000002AAAAAAA800
mem[X,0x0000000080023318] -> 0x8593
mem[X,0x000000008002331A] -> 0x2AA5
[4739] [M]: 0x0000000080023318 (0x2AA58593) addi a1, a1, 0x2aa
x11 <- 0x000002AAAAAAAAAA
mem[X,0x000000008002331C] -> 0x9593
mem[X,0x000000008002331E] -> 0x00B5
[4740] [M]: 0x000000008002331C (0x00B59593) slli a1, a1, 0xb
x11 <- 0x0015555555555000
mem[X,0x0000000080023320] -> 0x8593
mem[X,0x0000000080023322] -> 0x5555
[4741] [M]: 0x0000000080023320 (0x55558593) addi a1, a1, 0x555
x11 <- 0x0015555555555555
mem[X,0x0000000080023324] -> 0x9593
mem[X,0x0000000080023326] -> 0x00A5
[4742] [M]: 0x0000000080023324 (0x00A59593) slli a1, a1, 0xa
x11 <- 0x5555555555555400
mem[X,0x0000000080023328] -> 0x8593
mem[X,0x000000008002332A] -> 0x1545
[4743] [M]: 0x0000000080023328 (0x15458593) addi a1, a1, 0x154
x11 <- 0x5555555555555554
mem[X,0x000000008002332C] -> 0x0113
mem[X,0x000000008002332E] -> 0x0000
[4744] [M]: 0x000000008002332C (0x00000113) addi sp, zero, 0x0
x2 <- 0x0000000000000000
mem[X,0x0000000080023330] -> 0x006F
mem[X,0x0000000080023332] -> 0x00C0
[4745] [M]: 0x0000000080023330 (0x00C0006F) jal zero, 0xc
mem[X,0x000000008002333C] -> 0x5063
mem[X,0x000000008002333E] -> 0x40B5
[4746] [M]: 0x000000008002333C (0x40B55063) bge a0, a1, 0x400
mem[X,0x0000000080023340] -> 0x0113
mem[X,0x0000000080023342] -> 0x0021
[4747] [M]: 0x0000000080023340 (0x00210113) addi sp, sp, 0x2
x2 <- 0x0000000000000002
mem[X,0x0000000080023344] -> 0x006F
mem[X,0x0000000080023346] -> 0x4000
[4748] [M]: 0x0000000080023344 (0x4000006F) jal zero, 0x400
mem[X,0x0000000080023744] -> 0xB423
mem[X,0x0000000080023746] -> 0x1820
[4749] [M]: 0x0000000080023744 (0x1820B423) sd sp, 0x188(ra)
mem[0x0000000080048B58] <- 0x0000000000000002
mem[X,0x0000000080023748] -> 0x0537
mem[X,0x000000008002374A] -> 0x0000
[4750] [M]: 0x0000000080023748 (0x00000537) lui a0, 0x0
x10 <- 0x0000000000000000
mem[X,0x000000008002374C] -> 0x0513
mem[X,0x000000008002374E] -> 0xFFF5
[4751] [M]: 0x000000008002374C (0xFFF50513) addi a0, a0, -0x1
x10 <- 0xFFFFFFFFFFFFFFFF
mem[X,0x0000000080023750] -> 0x1513
mem[X,0x0000000080023752] -> 0x00B5
[4752] [M]: 0x0000000080023750 (0x00B51513) slli a0, a0, 0xb
x10 <- 0xFFFFFFFFFFFFF800
mem[X,0x0000000080023754] -> 0x0513
mem[X,0x0000000080023756] -> 0x2575
[4753] [M]: 0x0000000080023754 (0x25750513) addi a0, a0, 0x257
x10 <- 0xFFFFFFFFFFFFFA57
mem[X,0x0000000080023758] -> 0x1513
mem[X,0x000000008002375A] -> 0x00B5
[4754] [M]: 0x0000000080023758 (0x00B51513) slli a0, a0, 0xb
x10 <- 0xFFFFFFFFFFD2B800
mem[X,0x000000008002375C] -> 0x0513
mem[X,0x000000008002375E] -> 0x6C35
[4755] [M]: 0x000000008002375C (0x6C350513) addi a0, a0, 0x6c3
x10 <- 0xFFFFFFFFFFD2BEC3
mem[X,0x0000000080023760] -> 0x1513
mem[X,0x0000000080023762] -> 0x00A5
[4756] [M]: 0x0000000080023760 (0x00A51513) slli a0, a0, 0xa
x10 <- 0xFFFFFFFF4AFB0C00
mem[X,0x0000000080023764] -> 0x0513
mem[X,0x0000000080023766] -> 0x0CD5
[4757] [M]: 0x0000000080023764 (0x0CD50513) addi a0, a0, 0xcd
x10 <- 0xFFFFFFFF4AFB0CCD
mem[X,0x0000000080023768] -> 0x0593
mem[X,0x000000008002376A] -> 0x0000
[4758] [M]: 0x0000000080023768 (0x00000593) addi a1, zero, 0x0
x11 <- 0x0000000000000000
mem[X,0x000000008002376C] -> 0x0113
mem[X,0x000000008002376E] -> 0x0000
[4759] [M]: 0x000000008002376C (0x00000113) addi sp, zero, 0x0
x2 <- 0x0000000000000000
mem[X,0x0000000080023770] -> 0x006F
mem[X,0x0000000080023772] -> 0x00C0
[4760] [M]: 0x0000000080023770 (0x00C0006F) jal zero, 0xc
mem[X,0x000000008002377C] -> 0x5063
mem[X,0x000000008002377E] -> 0x08B5
[4761] [M]: 0x000000008002377C (0x08B55063) bge a0, a1, 0x80
mem[X,0x0000000080023780] -> 0x0113
mem[X,0x0000000080023782] -> 0x0021
[4762] [M]: 0x0000000080023780 (0x00210113) addi sp, sp, 0x2
x2 <- 0x0000000000000002
mem[X,0x0000000080023784] -> 0x006F
mem[X,0x0000000080023786] -> 0x0800
[4763] [M]: 0x0000000080023784 (0x0800006F) jal zero, 0x80
mem[X,0x0000000080023804] -> 0xB823
mem[X,0x0000000080023806] -> 0x1820
[4764] [M]: 0x0000000080023804 (0x1820B823) sd sp, 0x190(ra)
mem[0x0000000080048B60] <- 0x0000000000000002
mem[X,0x0000000080023808] -> 0x0537
mem[X,0x000000008002380A] -> 0x0000
[4765] [M]: 0x0000000080023808 (0x00000537) lui a0, 0x0
x10 <- 0x0000000000000000
mem[X,0x000000008002380C] -> 0x0513
mem[X,0x000000008002380E] -> 0xFFF5
[4766] [M]: 0x000000008002380C (0xFFF50513) addi a0, a0, -0x1
x10 <- 0xFFFFFFFFFFFFFFFF
mem[X,0x0000000080023810] -> 0x1513
mem[X,0x0000000080023812] -> 0x00B5
[4767] [M]: 0x0000000080023810 (0x00B51513) slli a0, a0, 0xb
x10 <- 0xFFFFFFFFFFFFF800
mem[X,0x0000000080023814] -> 0x0513
mem[X,0x0000000080023816] -> 0x2575
[4768] [M]: 0x0000000080023814 (0x25750513) addi a0, a0, 0x257
x10 <- 0xFFFFFFFFFFFFFA57
mem[X,0x0000000080023818] -> 0x1513
mem[X,0x000000008002381A] -> 0x00B5
[4769] [M]: 0x0000000080023818 (0x00B51513) slli a0, a0, 0xb
x10 <- 0xFFFFFFFFFFD2B800
mem[X,0x000000008002381C] -> 0x0513
mem[X,0x000000008002381E] -> 0x6C35
[4770] [M]: 0x000000008002381C (0x6C350513) addi a0, a0, 0x6c3
x10 <- 0xFFFFFFFFFFD2BEC3
mem[X,0x0000000080023820] -> 0x1513
mem[X,0x0000000080023822] -> 0x00A5
[4771] [M]: 0x0000000080023820 (0x00A51513) slli a0, a0, 0xa
x10 <- 0xFFFFFFFF4AFB0C00
mem[X,0x0000000080023824] -> 0x0513
mem[X,0x0000000080023826] -> 0x0CD5
[4772] [M]: 0x0000000080023824 (0x0CD50513) addi a0, a0, 0xcd
x10 <- 0xFFFFFFFF4AFB0CCD
mem[X,0x0000000080023828] -> 0x0593
mem[X,0x000000008002382A] -> 0x0040
[4773] [M]: 0x0000000080023828 (0x00400593) addi a1, zero, 0x4
x11 <- 0x0000000000000004
mem[X,0x000000008002382C] -> 0x0113
mem[X,0x000000008002382E] -> 0x0000
[4774] [M]: 0x000000008002382C (0x00000113) addi sp, zero, 0x0
x2 <- 0x0000000000000000
mem[X,0x0000000080023830] -> 0x006F
mem[X,0x0000000080023832] -> 0x00C0
[4775] [M]: 0x0000000080023830 (0x00C0006F) jal zero, 0xc
mem[X,0x000000008002383C] -> 0x5063
mem[X,0x000000008002383E] -> 0x02B5
[4776] [M]: 0x000000008002383C (0x02B55063) bge a0, a1, 0x20
mem[X,0x0000000080023840] -> 0x0113
mem[X,0x0000000080023842] -> 0x0021
[4777] [M]: 0x0000000080023840 (0x00210113) addi sp, sp, 0x2
x2 <- 0x0000000000000002
mem[X,0x0000000080023844] -> 0x006F
mem[X,0x0000000080023846] -> 0x0200
[4778] [M]: 0x0000000080023844 (0x0200006F) jal zero, 0x20
mem[X,0x0000000080023864] -> 0xBC23
mem[X,0x0000000080023866] -> 0x1820
[4779] [M]: 0x0000000080023864 (0x1820BC23) sd sp, 0x198(ra)
mem[0x0000000080048B68] <- 0x0000000000000002
mem[X,0x0000000080023868] -> 0x0537
mem[X,0x000000008002386A] -> 0x0000
[4780] [M]: 0x0000000080023868 (0x00000537) lui a0, 0x0
x10 <- 0x0000000000000000
mem[X,0x000000008002386C] -> 0x0513
mem[X,0x000000008002386E] -> 0xFFF5
[4781] [M]: 0x000000008002386C (0xFFF50513) addi a0, a0, -0x1
x10 <- 0xFFFFFFFFFFFFFFFF
mem[X,0x0000000080023870] -> 0x1513
mem[X,0x0000000080023872] -> 0x00B5
[4782] [M]: 0x0000000080023870 (0x00B51513) slli a0, a0, 0xb
x10 <- 0xFFFFFFFFFFFFF800
mem[X,0x0000000080023874] -> 0x0513
mem[X,0x0000000080023876] -> 0x2575
[4783] [M]: 0x0000000080023874 (0x25750513) addi a0, a0, 0x257
x10 <- 0xFFFFFFFFFFFFFA57
mem[X,0x0000000080023878] -> 0x1513
mem[X,0x000000008002387A] -> 0x00B5
[4784] [M]: 0x0000000080023878 (0x00B51513) slli a0, a0, 0xb
x10 <- 0xFFFFFFFFFFD2B800
mem[X,0x000000008002387C] -> 0x0513
mem[X,0x000000008002387E] -> 0x6C35
[4785] [M]: 0x000000008002387C (0x6C350513) addi a0, a0, 0x6c3
x10 <- 0xFFFFFFFFFFD2BEC3
mem[X,0x0000000080023880] -> 0x1513
mem[X,0x0000000080023882] -> 0x00A5
[4786] [M]: 0x0000000080023880 (0x00A51513) slli a0, a0, 0xa
x10 <- 0xFFFFFFFF4AFB0C00
mem[X,0x0000000080023884] -> 0x0513
mem[X,0x0000000080023886] -> 0x0CD5
[4787] [M]: 0x0000000080023884 (0x0CD50513) addi a0, a0, 0xcd
x10 <- 0xFFFFFFFF4AFB0CCD
mem[X,0x0000000080023888] -> 0x35B7
mem[X,0x000000008002388A] -> 0x3333
[4788] [M]: 0x0000000080023888 (0x333335B7) lui a1, 0x33333
x11 <- 0x0000000033333000
mem[X,0x000000008002388C] -> 0x8593
mem[X,0x000000008002388E] -> 0x3335
[4789] [M]: 0x000000008002388C (0x33358593) addi a1, a1, 0x333
x11 <- 0x0000000033333333
mem[X,0x0000000080023890] -> 0x9593
mem[X,0x0000000080023892] -> 0x00B5
[4790] [M]: 0x0000000080023890 (0x00B59593) slli a1, a1, 0xb
x11 <- 0x0000019999999800
mem[X,0x0000000080023894] -> 0x8593
mem[X,0x0000000080023896] -> 0x1995
[4791] [M]: 0x0000000080023894 (0x19958593) addi a1, a1, 0x199
x11 <- 0x0000019999999999
mem[X,0x0000000080023898] -> 0x9593
mem[X,0x000000008002389A] -> 0x00B5
[4792] [M]: 0x0000000080023898 (0x00B59593) slli a1, a1, 0xb
x11 <- 0x000CCCCCCCCCC800
mem[X,0x000000008002389C] -> 0x8593
mem[X,0x000000008002389E] -> 0x4CC5
[4793] [M]: 0x000000008002389C (0x4CC58593) addi a1, a1, 0x4cc
x11 <- 0x000CCCCCCCCCCCCC
mem[X,0x00000000800238A0] -> 0x9593
mem[X,0x00000000800238A2] -> 0x00A5
[4794] [M]: 0x00000000800238A0 (0x00A59593) slli a1, a1, 0xa
x11 <- 0x3333333333333000
mem[X,0x00000000800238A4] -> 0x8593
mem[X,0x00000000800238A6] -> 0x3325
[4795] [M]: 0x00000000800238A4 (0x33258593) addi a1, a1, 0x332
x11 <- 0x3333333333333332
mem[X,0x00000000800238A8] -> 0x0113
mem[X,0x00000000800238AA] -> 0x0000
[4796] [M]: 0x00000000800238A8 (0x00000113) addi sp, zero, 0x0
x2 <- 0x0000000000000000
mem[X,0x00000000800238AC] -> 0x006F
mem[X,0x00000000800238AE] -> 0x00C0
[4797] [M]: 0x00000000800238AC (0x00C0006F) jal zero, 0xc
mem[X,0x00000000800238B8] -> 0x5CE3
mem[X,0x00000000800238BA] -> 0xFEB5
[4798] [M]: 0x00000000800238B8 (0xFEB55CE3) bge a0, a1, -0x8
mem[X,0x00000000800238BC] -> 0x0113
mem[X,0x00000000800238BE] -> 0x0021
[4799] [M]: 0x00000000800238BC (0x00210113) addi sp, sp, 0x2
x2 <- 0x0000000000000002
clint::tick mtime <- 0x0000000000000030
 clint timer pending at mtime 0x0000000000000030
htif::tick 0x0000000000000000
mem[X,0x00000000800238C0] -> 0x006F
mem[X,0x00000000800238C2] -> 0x00C0
[4800] [M]: 0x00000000800238C0 (0x00C0006F) jal zero, 0xc
mem[X,0x00000000800238CC] -> 0xB023
mem[X,0x00000000800238CE] -> 0x1A20
[4801] [M]: 0x00000000800238CC (0x1A20B023) sd sp, 0x1a0(ra)
mem[0x0000000080048B70] <- 0x0000000000000002
mem[X,0x00000000800238D0] -> 0x0537
mem[X,0x00000000800238D2] -> 0x0000
[4802] [M]: 0x00000000800238D0 (0x00000537) lui a0, 0x0
x10 <- 0x0000000000000000
mem[X,0x00000000800238D4] -> 0x0513
mem[X,0x00000000800238D6] -> 0xFFF5
[4803] [M]: 0x00000000800238D4 (0xFFF50513) addi a0, a0, -0x1
x10 <- 0xFFFFFFFFFFFFFFFF
mem[X,0x00000000800238D8] -> 0x1513
mem[X,0x00000000800238DA] -> 0x00B5
[4804] [M]: 0x00000000800238D8 (0x00B51513) slli a0, a0, 0xb
x10 <- 0xFFFFFFFFFFFFF800
mem[X,0x00000000800238DC] -> 0x0513
mem[X,0x00000000800238DE] -> 0x2575
[4805] [M]: 0x00000000800238DC (0x25750513) addi a0, a0, 0x257
x10 <- 0xFFFFFFFFFFFFFA57
mem[X,0x00000000800238E0] -> 0x1513
mem[X,0x00000000800238E2] -> 0x00B5
[4806] [M]: 0x00000000800238E0 (0x00B51513) slli a0, a0, 0xb
x10 <- 0xFFFFFFFFFFD2B800
mem[X,0x00000000800238E4] -> 0x0513
mem[X,0x00000000800238E6] -> 0x6C35
[4807] [M]: 0x00000000800238E4 (0x6C350513) addi a0, a0, 0x6c3
x10 <- 0xFFFFFFFFFFD2BEC3
mem[X,0x00000000800238E8] -> 0x1513
mem[X,0x00000000800238EA] -> 0x00A5
[4808] [M]: 0x00000000800238E8 (0x00A51513) slli a0, a0, 0xa
x10 <- 0xFFFFFFFF4AFB0C00
mem[X,0x00000000800238EC] -> 0x0513
mem[X,0x00000000800238EE] -> 0x0CD5
[4809] [M]: 0x00000000800238EC (0x0CD50513) addi a0, a0, 0xcd
x10 <- 0xFFFFFFFF4AFB0CCD
mem[X,0x00000000800238F0] -> 0x65B7
mem[X,0x00000000800238F2] -> 0x6666
[4810] [M]: 0x00000000800238F0 (0x666665B7) lui a1, 0x66666
x11 <- 0x0000000066666000
mem[X,0x00000000800238F4] -> 0x8593
mem[X,0x00000000800238F6] -> 0x6665
[4811] [M]: 0x00000000800238F4 (0x66658593) addi a1, a1, 0x666
x11 <- 0x0000000066666666
mem[X,0x00000000800238F8] -> 0x9593
mem[X,0x00000000800238FA] -> 0x00B5
[4812] [M]: 0x00000000800238F8 (0x00B59593) slli a1, a1, 0xb
x11 <- 0x0000033333333000
mem[X,0x00000000800238FC] -> 0x8593
mem[X,0x00000000800238FE] -> 0x3335
[4813] [M]: 0x00000000800238FC (0x33358593) addi a1, a1, 0x333
x11 <- 0x0000033333333333
mem[X,0x0000000080023900] -> 0x9593
mem[X,0x0000000080023902] -> 0x00B5
[4814] [M]: 0x0000000080023900 (0x00B59593) slli a1, a1, 0xb
x11 <- 0x0019999999999800
mem[X,0x0000000080023904] -> 0x8593
mem[X,0x0000000080023906] -> 0x1995
[4815] [M]: 0x0000000080023904 (0x19958593) addi a1, a1, 0x199
x11 <- 0x0019999999999999
mem[X,0x0000000080023908] -> 0x9593
mem[X,0x000000008002390A] -> 0x00A5
[4816] [M]: 0x0000000080023908 (0x00A59593) slli a1, a1, 0xa
x11 <- 0x6666666666666400
mem[X,0x000000008002390C] -> 0x8593
mem[X,0x000000008002390E] -> 0x2655
[4817] [M]: 0x000000008002390C (0x26558593) addi a1, a1, 0x265
x11 <- 0x6666666666666665
mem[X,0x0000000080023910] -> 0x0113
mem[X,0x0000000080023912] -> 0x0000
[4818] [M]: 0x0000000080023910 (0x00000113) addi sp, zero, 0x0
x2 <- 0x0000000000000000
mem[X,0x0000000080023914] -> 0x006F
mem[X,0x0000000080023916] -> 0x00C0
[4819] [M]: 0x0000000080023914 (0x00C0006F) jal zero, 0xc
mem[X,0x0000000080023920] -> 0x5663
mem[X,0x0000000080023922] -> 0x00B5
[4820] [M]: 0x0000000080023920 (0x00B55663) bge a0, a1, 0xc
mem[X,0x0000000080023924] -> 0x0113
mem[X,0x0000000080023926] -> 0x0021
[4821] [M]: 0x0000000080023924 (0x00210113) addi sp, sp, 0x2
x2 <- 0x0000000000000002
mem[X,0x0000000080023928] -> 0x006F
mem[X,0x000000008002392A] -> 0x00C0
[4822] [M]: 0x0000000080023928 (0x00C0006F) jal zero, 0xc
mem[X,0x0000000080023934] -> 0xB423
mem[X,0x0000000080023936] -> 0x1A20
[4823] [M]: 0x0000000080023934 (0x1A20B423) sd sp, 0x1a8(ra)
mem[0x0000000080048B78] <- 0x0000000000000002
mem[X,0x0000000080023938] -> 0x0537
mem[X,0x000000008002393A] -> 0x0000
[4824] [M]: 0x0000000080023938 (0x00000537) lui a0, 0x0
x10 <- 0x0000000000000000
mem[X,0x000000008002393C] -> 0x0513
mem[X,0x000000008002393E] -> 0xFFF5
[4825] [M]: 0x000000008002393C (0xFFF50513) addi a0, a0, -0x1
x10 <- 0xFFFFFFFFFFFFFFFF
mem[X,0x0000000080023940] -> 0x1513
mem[X,0x0000000080023942] -> 0x00B5
[4826] [M]: 0x0000000080023940 (0x00B51513) slli a0, a0, 0xb
x10 <- 0xFFFFFFFFFFFFF800
mem[X,0x0000000080023944] -> 0x0513
mem[X,0x0000000080023946] -> 0x2575
[4827] [M]: 0x0000000080023944 (0x25750513) addi a0, a0, 0x257
x10 <- 0xFFFFFFFFFFFFFA57
mem[X,0x0000000080023948] -> 0x1513
mem[X,0x000000008002394A] -> 0x00B5
[4828] [M]: 0x0000000080023948 (0x00B51513) slli a0, a0, 0xb
x10 <- 0xFFFFFFFFFFD2B800
mem[X,0x000000008002394C] -> 0x0513
mem[X,0x000000008002394E] -> 0x6C35
[4829] [M]: 0x000000008002394C (0x6C350513) addi a0, a0, 0x6c3
x10 <- 0xFFFFFFFFFFD2BEC3
mem[X,0x0000000080023950] -> 0x1513
mem[X,0x0000000080023952] -> 0x00A5
[4830] [M]: 0x0000000080023950 (0x00A51513) slli a0, a0, 0xa
x10 <- 0xFFFFFFFF4AFB0C00
mem[X,0x0000000080023954] -> 0x0513
mem[X,0x0000000080023956] -> 0x0CD5
[4831] [M]: 0x0000000080023954 (0x0CD50513) addi a0, a0, 0xcd
x10 <- 0xFFFFFFFF4AFB0CCD
mem[X,0x0000000080023958] -> 0x05B7
mem[X,0x000000008002395A] -> 0x0000
[4832] [M]: 0x0000000080023958 (0x000005B7) lui a1, 0x0
x11 <- 0x0000000000000000
mem[X,0x000000008002395C] -> 0x8593
mem[X,0x000000008002395E] -> 0x0005
[4833] [M]: 0x000000008002395C (0x00058593) addi a1, a1, 0x0
x11 <- 0x0000000000000000
mem[X,0x0000000080023960] -> 0x9593
mem[X,0x0000000080023962] -> 0x00B5
[4834] [M]: 0x0000000080023960 (0x00B59593) slli a1, a1, 0xb
x11 <- 0x0000000000000000
mem[X,0x0000000080023964] -> 0x8593
mem[X,0x0000000080023966] -> 0x5A85
[4835] [M]: 0x0000000080023964 (0x5A858593) addi a1, a1, 0x5a8
x11 <- 0x00000000000005A8
mem[X,0x0000000080023968] -> 0x9593
mem[X,0x000000008002396A] -> 0x00B5
[4836] [M]: 0x0000000080023968 (0x00B59593) slli a1, a1, 0xb
x11 <- 0x00000000002D4000
mem[X,0x000000008002396C] -> 0x8593
mem[X,0x000000008002396E] -> 0x13C5
[4837] [M]: 0x000000008002396C (0x13C58593) addi a1, a1, 0x13c
x11 <- 0x00000000002D413C
mem[X,0x0000000080023970] -> 0x9593
mem[X,0x0000000080023972] -> 0x00A5
[4838] [M]: 0x0000000080023970 (0x00A59593) slli a1, a1, 0xa
x11 <- 0x00000000B504F000
mem[X,0x0000000080023974] -> 0x8593
mem[X,0x0000000080023976] -> 0x3325
[4839] [M]: 0x0000000080023974 (0x33258593) addi a1, a1, 0x332
x11 <- 0x00000000B504F332
mem[X,0x0000000080023978] -> 0x0113
mem[X,0x000000008002397A] -> 0x0000
[4840] [M]: 0x0000000080023978 (0x00000113) addi sp, zero, 0x0
x2 <- 0x0000000000000000
mem[X,0x000000008002397C] -> 0x006F
mem[X,0x000000008002397E] -> 0x0100
[4841] [M]: 0x000000008002397C (0x0100006F) jal zero, 0x10
mem[X,0x000000008002398C] -> 0x5AE3
mem[X,0x000000008002398E] -> 0xFEB5
[4842] [M]: 0x000000008002398C (0xFEB55AE3) bge a0, a1, -0xc
mem[X,0x0000000080023990] -> 0x0113
mem[X,0x0000000080023992] -> 0x0021
[4843] [M]: 0x0000000080023990 (0x00210113) addi sp, sp, 0x2
x2 <- 0x0000000000000002
mem[X,0x0000000080023994] -> 0x006F
mem[X,0x0000000080023996] -> 0x00C0
[4844] [M]: 0x0000000080023994 (0x00C0006F) jal zero, 0xc
mem[X,0x00000000800239A0] -> 0xB823
mem[X,0x00000000800239A2] -> 0x1A20
[4845] [M]: 0x00000000800239A0 (0x1A20B823) sd sp, 0x1b0(ra)
mem[0x0000000080048B80] <- 0x0000000000000002
mem[X,0x00000000800239A4] -> 0x0537
mem[X,0x00000000800239A6] -> 0x0000
[4846] [M]: 0x00000000800239A4 (0x00000537) lui a0, 0x0
x10 <- 0x0000000000000000
mem[X,0x00000000800239A8] -> 0x0513
mem[X,0x00000000800239AA] -> 0xFFF5
[4847] [M]: 0x00000000800239A8 (0xFFF50513) addi a0, a0, -0x1
x10 <- 0xFFFFFFFFFFFFFFFF
mem[X,0x00000000800239AC] -> 0x1513
mem[X,0x00000000800239AE] -> 0x00B5
[4848] [M]: 0x00000000800239AC (0x00B51513) slli a0, a0, 0xb
x10 <- 0xFFFFFFFFFFFFF800
mem[X,0x00000000800239B0] -> 0x0513
mem[X,0x00000000800239B2] -> 0x2575
[4849] [M]: 0x00000000800239B0 (0x25750513) addi a0, a0, 0x257
x10 <- 0xFFFFFFFFFFFFFA57
mem[X,0x00000000800239B4] -> 0x1513
mem[X,0x00000000800239B6] -> 0x00B5
[4850] [M]: 0x00000000800239B4 (0x00B51513) slli a0, a0, 0xb
x10 <- 0xFFFFFFFFFFD2B800
mem[X,0x00000000800239B8] -> 0x0513
mem[X,0x00000000800239BA] -> 0x6C35
[4851] [M]: 0x00000000800239B8 (0x6C350513) addi a0, a0, 0x6c3
x10 <- 0xFFFFFFFFFFD2BEC3
mem[X,0x00000000800239BC] -> 0x1513
mem[X,0x00000000800239BE] -> 0x00A5
[4852] [M]: 0x00000000800239BC (0x00A51513) slli a0, a0, 0xa
x10 <- 0xFFFFFFFF4AFB0C00
mem[X,0x00000000800239C0] -> 0x0513
mem[X,0x00000000800239C2] -> 0x0CD5
[4853] [M]: 0x00000000800239C0 (0x0CD50513) addi a0, a0, 0xcd
x10 <- 0xFFFFFFFF4AFB0CCD
mem[X,0x00000000800239C4] -> 0x55B7
mem[X,0x00000000800239C6] -> 0x5555
[4854] [M]: 0x00000000800239C4 (0x555555B7) lui a1, 0x55555
x11 <- 0x0000000055555000
mem[X,0x00000000800239C8] -> 0x8593
mem[X,0x00000000800239CA] -> 0x5555
[4855] [M]: 0x00000000800239C8 (0x55558593) addi a1, a1, 0x555
x11 <- 0x0000000055555555
mem[X,0x00000000800239CC] -> 0x9593
mem[X,0x00000000800239CE] -> 0x00B5
[4856] [M]: 0x00000000800239CC (0x00B59593) slli a1, a1, 0xb
x11 <- 0x000002AAAAAAA800
mem[X,0x00000000800239D0] -> 0x8593
mem[X,0x00000000800239D2] -> 0x2AA5
[4857] [M]: 0x00000000800239D0 (0x2AA58593) addi a1, a1, 0x2aa
x11 <- 0x000002AAAAAAAAAA
mem[X,0x00000000800239D4] -> 0x9593
mem[X,0x00000000800239D6] -> 0x00B5
[4858] [M]: 0x00000000800239D4 (0x00B59593) slli a1, a1, 0xb
x11 <- 0x0015555555555000
mem[X,0x00000000800239D8] -> 0x8593
mem[X,0x00000000800239DA] -> 0x5555
[4859] [M]: 0x00000000800239D8 (0x55558593) addi a1, a1, 0x555
x11 <- 0x0015555555555555
mem[X,0x00000000800239DC] -> 0x9593
mem[X,0x00000000800239DE] -> 0x00A5
[4860] [M]: 0x00000000800239DC (0x00A59593) slli a1, a1, 0xa
x11 <- 0x5555555555555400
mem[X,0x00000000800239E0] -> 0x8593
mem[X,0x00000000800239E2] -> 0x1565
[4861] [M]: 0x00000000800239E0 (0x15658593) addi a1, a1, 0x156
x11 <- 0x5555555555555556
mem[X,0x00000000800239E4] -> 0x0113
mem[X,0x00000000800239E6] -> 0x0000
[4862] [M]: 0x00000000800239E4 (0x00000113) addi sp, zero, 0x0
x2 <- 0x0000000000000000
mem[X,0x00000000800239E8] -> 0x006F
mem[X,0x00000000800239EA] -> 0x00C0
[4863] [M]: 0x00000000800239E8 (0x00C0006F) jal zero, 0xc
mem[X,0x00000000800239F4] -> 0x5663
mem[X,0x00000000800239F6] -> 0x00B5
[4864] [M]: 0x00000000800239F4 (0x00B55663) bge a0, a1, 0xc
mem[X,0x00000000800239F8] -> 0x0113
mem[X,0x00000000800239FA] -> 0x0021
[4865] [M]: 0x00000000800239F8 (0x00210113) addi sp, sp, 0x2
x2 <- 0x0000000000000002
mem[X,0x00000000800239FC] -> 0x006F
mem[X,0x00000000800239FE] -> 0x00C0
[4866] [M]: 0x00000000800239FC (0x00C0006F) jal zero, 0xc
mem[X,0x0000000080023A08] -> 0xBC23
mem[X,0x0000000080023A0A] -> 0x1A20
[4867] [M]: 0x0000000080023A08 (0x1A20BC23) sd sp, 0x1b8(ra)
mem[0x0000000080048B88] <- 0x0000000000000002
mem[X,0x0000000080023A0C] -> 0x0537
mem[X,0x0000000080023A0E] -> 0x0000
[4868] [M]: 0x0000000080023A0C (0x00000537) lui a0, 0x0
x10 <- 0x0000000000000000
mem[X,0x0000000080023A10] -> 0x0513
mem[X,0x0000000080023A12] -> 0xFFF5
[4869] [M]: 0x0000000080023A10 (0xFFF50513) addi a0, a0, -0x1
x10 <- 0xFFFFFFFFFFFFFFFF
mem[X,0x0000000080023A14] -> 0x1513
mem[X,0x0000000080023A16] -> 0x00B5
[4870] [M]: 0x0000000080023A14 (0x00B51513) slli a0, a0, 0xb
x10 <- 0xFFFFFFFFFFFFF800
mem[X,0x0000000080023A18] -> 0x0513
mem[X,0x0000000080023A1A] -> 0x2575
[4871] [M]: 0x0000000080023A18 (0x25750513) addi a0, a0, 0x257
x10 <- 0xFFFFFFFFFFFFFA57
mem[X,0x0000000080023A1C] -> 0x1513
mem[X,0x0000000080023A1E] -> 0x00B5
[4872] [M]: 0x0000000080023A1C (0x00B51513) slli a0, a0, 0xb
x10 <- 0xFFFFFFFFFFD2B800
mem[X,0x0000000080023A20] -> 0x0513
mem[X,0x0000000080023A22] -> 0x6C35
[4873] [M]: 0x0000000080023A20 (0x6C350513) addi a0, a0, 0x6c3
x10 <- 0xFFFFFFFFFFD2BEC3
mem[X,0x0000000080023A24] -> 0x1513
mem[X,0x0000000080023A26] -> 0x00A5
[4874] [M]: 0x0000000080023A24 (0x00A51513) slli a0, a0, 0xa
x10 <- 0xFFFFFFFF4AFB0C00
mem[X,0x0000000080023A28] -> 0x0513
mem[X,0x0000000080023A2A] -> 0x0CD5
[4875] [M]: 0x0000000080023A28 (0x0CD50513) addi a0, a0, 0xcd
x10 <- 0xFFFFFFFF4AFB0CCD
mem[X,0x0000000080023A2C] -> 0xB5B7
mem[X,0x0000000080023A2E] -> 0xAAAA
[4876] [M]: 0x0000000080023A2C (0xAAAAB5B7) lui a1, -0x55555
x11 <- 0xFFFFFFFFAAAAB000
mem[X,0x0000000080023A30] -> 0x8593
mem[X,0x0000000080023A32] -> 0xAAA5
[4877] [M]: 0x0000000080023A30 (0xAAA58593) addi a1, a1, -0x556
x11 <- 0xFFFFFFFFAAAAAAAA
mem[X,0x0000000080023A34] -> 0x9593
mem[X,0x0000000080023A36] -> 0x00B5
[4878] [M]: 0x0000000080023A34 (0x00B59593) slli a1, a1, 0xb
x11 <- 0xFFFFFD5555555000
mem[X,0x0000000080023A38] -> 0x8593
mem[X,0x0000000080023A3A] -> 0x5555
[4879] [M]: 0x0000000080023A38 (0x55558593) addi a1, a1, 0x555
x11 <- 0xFFFFFD5555555555
mem[X,0x0000000080023A3C] -> 0x9593
mem[X,0x0000000080023A3E] -> 0x00B5
[4880] [M]: 0x0000000080023A3C (0x00B59593) slli a1, a1, 0xb
x11 <- 0xFFEAAAAAAAAAA800
mem[X,0x0000000080023A40] -> 0x8593
mem[X,0x0000000080023A42] -> 0x2AA5
[4881] [M]: 0x0000000080023A40 (0x2AA58593) addi a1, a1, 0x2aa
x11 <- 0xFFEAAAAAAAAAAAAA
mem[X,0x0000000080023A44] -> 0x9593
mem[X,0x0000000080023A46] -> 0x00A5
[4882] [M]: 0x0000000080023A44 (0x00A59593) slli a1, a1, 0xa
x11 <- 0xAAAAAAAAAAAAA800
mem[X,0x0000000080023A48] -> 0x8593
mem[X,0x0000000080023A4A] -> 0x2AB5
[4883] [M]: 0x0000000080023A48 (0x2AB58593) addi a1, a1, 0x2ab
x11 <- 0xAAAAAAAAAAAAAAAB
mem[X,0x0000000080023A4C] -> 0x0113
mem[X,0x0000000080023A4E] -> 0x0000
[4884] [M]: 0x0000000080023A4C (0x00000113) addi sp, zero, 0x0
x2 <- 0x0000000000000000
mem[X,0x0000000080023A50] -> 0x006F
mem[X,0x0000000080023A52] -> 0x00C0
[4885] [M]: 0x0000000080023A50 (0x00C0006F) jal zero, 0xc
mem[X,0x0000000080023A5C] -> 0x5063
mem[X,0x0000000080023A5E] -> 0x02B5
[4886] [M]: 0x0000000080023A5C (0x02B55063) bge a0, a1, 0x20
mem[X,0x0000000080023A7C] -> 0x0113
mem[X,0x0000000080023A7E] -> 0x0031
[4887] [M]: 0x0000000080023A7C (0x00310113) addi sp, sp, 0x3
x2 <- 0x0000000000000003
mem[X,0x0000000080023A80] -> 0x006F
mem[X,0x0000000080023A82] -> 0x0040
[4888] [M]: 0x0000000080023A80 (0x0040006F) jal zero, 0x4
mem[X,0x0000000080023A84] -> 0xB023
mem[X,0x0000000080023A86] -> 0x1C20
[4889] [M]: 0x0000000080023A84 (0x1C20B023) sd sp, 0x1c0(ra)
mem[0x0000000080048B90] <- 0x0000000000000003
mem[X,0x0000000080023A88] -> 0x0537
mem[X,0x0000000080023A8A] -> 0x0000
[4890] [M]: 0x0000000080023A88 (0x00000537) lui a0, 0x0
x10 <- 0x0000000000000000
mem[X,0x0000000080023A8C] -> 0x0513
mem[X,0x0000000080023A8E] -> 0xFFF5
[4891] [M]: 0x0000000080023A8C (0xFFF50513) addi a0, a0, -0x1
x10 <- 0xFFFFFFFFFFFFFFFF
mem[X,0x0000000080023A90] -> 0x1513
mem[X,0x0000000080023A92] -> 0x00B5
[4892] [M]: 0x0000000080023A90 (0x00B51513) slli a0, a0, 0xb
x10 <- 0xFFFFFFFFFFFFF800
mem[X,0x0000000080023A94] -> 0x0513
mem[X,0x0000000080023A96] -> 0x2575
[4893] [M]: 0x0000000080023A94 (0x25750513) addi a0, a0, 0x257
x10 <- 0xFFFFFFFFFFFFFA57
mem[X,0x0000000080023A98] -> 0x1513
mem[X,0x0000000080023A9A] -> 0x00B5
[4894] [M]: 0x0000000080023A98 (0x00B51513) slli a0, a0, 0xb
x10 <- 0xFFFFFFFFFFD2B800
mem[X,0x0000000080023A9C] -> 0x0513
mem[X,0x0000000080023A9E] -> 0x6C35
[4895] [M]: 0x0000000080023A9C (0x6C350513) addi a0, a0, 0x6c3
x10 <- 0xFFFFFFFFFFD2BEC3
mem[X,0x0000000080023AA0] -> 0x1513
mem[X,0x0000000080023AA2] -> 0x00A5
[4896] [M]: 0x0000000080023AA0 (0x00A51513) slli a0, a0, 0xa
x10 <- 0xFFFFFFFF4AFB0C00
mem[X,0x0000000080023AA4] -> 0x0513
mem[X,0x0000000080023AA6] -> 0x0CD5
[4897] [M]: 0x0000000080023AA4 (0x0CD50513) addi a0, a0, 0xcd
x10 <- 0xFFFFFFFF4AFB0CCD
mem[X,0x0000000080023AA8] -> 0x0593
mem[X,0x0000000080023AAA] -> 0x0060
[4898] [M]: 0x0000000080023AA8 (0x00600593) addi a1, zero, 0x6
x11 <- 0x0000000000000006
mem[X,0x0000000080023AAC] -> 0x0113
mem[X,0x0000000080023AAE] -> 0x0000
[4899] [M]: 0x0000000080023AAC (0x00000113) addi sp, zero, 0x0
x2 <- 0x0000000000000000
clint::tick mtime <- 0x0000000000000031
 clint timer pending at mtime 0x0000000000000031
htif::tick 0x0000000000000000
mem[X,0x0000000080023AB0] -> 0x006F
mem[X,0x0000000080023AB2] -> 0x00C0
[4900] [M]: 0x0000000080023AB0 (0x00C0006F) jal zero, 0xc
mem[X,0x0000000080023ABC] -> 0x5063
mem[X,0x0000000080023ABE] -> 0x40B5
[4901] [M]: 0x0000000080023ABC (0x40B55063) bge a0, a1, 0x400
mem[X,0x0000000080023AC0] -> 0x0113
mem[X,0x0000000080023AC2] -> 0x0021
[4902] [M]: 0x0000000080023AC0 (0x00210113) addi sp, sp, 0x2
x2 <- 0x0000000000000002
mem[X,0x0000000080023AC4] -> 0x006F
mem[X,0x0000000080023AC6] -> 0x4000
[4903] [M]: 0x0000000080023AC4 (0x4000006F) jal zero, 0x400
mem[X,0x0000000080023EC4] -> 0xB423
mem[X,0x0000000080023EC6] -> 0x1C20
[4904] [M]: 0x0000000080023EC4 (0x1C20B423) sd sp, 0x1c8(ra)
mem[0x0000000080048B98] <- 0x0000000000000002
mem[X,0x0000000080023EC8] -> 0x0537
mem[X,0x0000000080023ECA] -> 0x0000
[4905] [M]: 0x0000000080023EC8 (0x00000537) lui a0, 0x0
x10 <- 0x0000000000000000
mem[X,0x0000000080023ECC] -> 0x0513
mem[X,0x0000000080023ECE] -> 0xFFF5
[4906] [M]: 0x0000000080023ECC (0xFFF50513) addi a0, a0, -0x1
x10 <- 0xFFFFFFFFFFFFFFFF
mem[X,0x0000000080023ED0] -> 0x1513
mem[X,0x0000000080023ED2] -> 0x00B5
[4907] [M]: 0x0000000080023ED0 (0x00B51513) slli a0, a0, 0xb
x10 <- 0xFFFFFFFFFFFFF800
mem[X,0x0000000080023ED4] -> 0x0513
mem[X,0x0000000080023ED6] -> 0x2575
[4908] [M]: 0x0000000080023ED4 (0x25750513) addi a0, a0, 0x257
x10 <- 0xFFFFFFFFFFFFFA57
mem[X,0x0000000080023ED8] -> 0x1513
mem[X,0x0000000080023EDA] -> 0x00B5
[4909] [M]: 0x0000000080023ED8 (0x00B51513) slli a0, a0, 0xb
x10 <- 0xFFFFFFFFFFD2B800
mem[X,0x0000000080023EDC] -> 0x0513
mem[X,0x0000000080023EDE] -> 0x6C35
[4910] [M]: 0x0000000080023EDC (0x6C350513) addi a0, a0, 0x6c3
x10 <- 0xFFFFFFFFFFD2BEC3
mem[X,0x0000000080023EE0] -> 0x1513
mem[X,0x0000000080023EE2] -> 0x00A5
[4911] [M]: 0x0000000080023EE0 (0x00A51513) slli a0, a0, 0xa
x10 <- 0xFFFFFFFF4AFB0C00
mem[X,0x0000000080023EE4] -> 0x0513
mem[X,0x0000000080023EE6] -> 0x0CD5
[4912] [M]: 0x0000000080023EE4 (0x0CD50513) addi a0, a0, 0xcd
x10 <- 0xFFFFFFFF4AFB0CCD
mem[X,0x0000000080023EE8] -> 0x35B7
mem[X,0x0000000080023EEA] -> 0x3333
[4913] [M]: 0x0000000080023EE8 (0x333335B7) lui a1, 0x33333
x11 <- 0x0000000033333000
mem[X,0x0000000080023EEC] -> 0x8593
mem[X,0x0000000080023EEE] -> 0x3335
[4914] [M]: 0x0000000080023EEC (0x33358593) addi a1, a1, 0x333
x11 <- 0x0000000033333333
mem[X,0x0000000080023EF0] -> 0x9593
mem[X,0x0000000080023EF2] -> 0x00B5
[4915] [M]: 0x0000000080023EF0 (0x00B59593) slli a1, a1, 0xb
x11 <- 0x0000019999999800
mem[X,0x0000000080023EF4] -> 0x8593
mem[X,0x0000000080023EF6] -> 0x1995
[4916] [M]: 0x0000000080023EF4 (0x19958593) addi a1, a1, 0x199
x11 <- 0x0000019999999999
mem[X,0x0000000080023EF8] -> 0x9593
mem[X,0x0000000080023EFA] -> 0x00B5
[4917] [M]: 0x0000000080023EF8 (0x00B59593) slli a1, a1, 0xb
x11 <- 0x000CCCCCCCCCC800
mem[X,0x0000000080023EFC] -> 0x8593
mem[X,0x0000000080023EFE] -> 0x4CC5
[4918] [M]: 0x0000000080023EFC (0x4CC58593) addi a1, a1, 0x4cc
x11 <- 0x000CCCCCCCCCCCCC
mem[X,0x0000000080023F00] -> 0x9593
mem[X,0x0000000080023F02] -> 0x00A5
[4919] [M]: 0x0000000080023F00 (0x00A59593) slli a1, a1, 0xa
x11 <- 0x3333333333333000
mem[X,0x0000000080023F04] -> 0x8593
mem[X,0x0000000080023F06] -> 0x3345
[4920] [M]: 0x0000000080023F04 (0x33458593) addi a1, a1, 0x334
x11 <- 0x3333333333333334
mem[X,0x0000000080023F08] -> 0x0113
mem[X,0x0000000080023F0A] -> 0x0000
[4921] [M]: 0x0000000080023F08 (0x00000113) addi sp, zero, 0x0
x2 <- 0x0000000000000000
mem[X,0x0000000080023F0C] -> 0x006F
mem[X,0x0000000080023F0E] -> 0x00C0
[4922] [M]: 0x0000000080023F0C (0x00C0006F) jal zero, 0xc
mem[X,0x0000000080023F18] -> 0x5663
mem[X,0x0000000080023F1A] -> 0x00B5
[4923] [M]: 0x0000000080023F18 (0x00B55663) bge a0, a1, 0xc
mem[X,0x0000000080023F1C] -> 0x0113
mem[X,0x0000000080023F1E] -> 0x0021
[4924] [M]: 0x0000000080023F1C (0x00210113) addi sp, sp, 0x2
x2 <- 0x0000000000000002
mem[X,0x0000000080023F20] -> 0x006F
mem[X,0x0000000080023F22] -> 0x00C0
[4925] [M]: 0x0000000080023F20 (0x00C0006F) jal zero, 0xc
mem[X,0x0000000080023F2C] -> 0xB823
mem[X,0x0000000080023F2E] -> 0x1C20
[4926] [M]: 0x0000000080023F2C (0x1C20B823) sd sp, 0x1d0(ra)
mem[0x0000000080048BA0] <- 0x0000000000000002
mem[X,0x0000000080023F30] -> 0x0537
mem[X,0x0000000080023F32] -> 0x0000
[4927] [M]: 0x0000000080023F30 (0x00000537) lui a0, 0x0
x10 <- 0x0000000000000000
mem[X,0x0000000080023F34] -> 0x0513
mem[X,0x0000000080023F36] -> 0xFFF5
[4928] [M]: 0x0000000080023F34 (0xFFF50513) addi a0, a0, -0x1
x10 <- 0xFFFFFFFFFFFFFFFF
mem[X,0x0000000080023F38] -> 0x1513
mem[X,0x0000000080023F3A] -> 0x00B5
[4929] [M]: 0x0000000080023F38 (0x00B51513) slli a0, a0, 0xb
x10 <- 0xFFFFFFFFFFFFF800
mem[X,0x0000000080023F3C] -> 0x0513
mem[X,0x0000000080023F3E] -> 0x2575
[4930] [M]: 0x0000000080023F3C (0x25750513) addi a0, a0, 0x257
x10 <- 0xFFFFFFFFFFFFFA57
mem[X,0x0000000080023F40] -> 0x1513
mem[X,0x0000000080023F42] -> 0x00B5
[4931] [M]: 0x0000000080023F40 (0x00B51513) slli a0, a0, 0xb
x10 <- 0xFFFFFFFFFFD2B800
mem[X,0x0000000080023F44] -> 0x0513
mem[X,0x0000000080023F46] -> 0x6C35
[4932] [M]: 0x0000000080023F44 (0x6C350513) addi a0, a0, 0x6c3
x10 <- 0xFFFFFFFFFFD2BEC3
mem[X,0x0000000080023F48] -> 0x1513
mem[X,0x0000000080023F4A] -> 0x00A5
[4933] [M]: 0x0000000080023F48 (0x00A51513) slli a0, a0, 0xa
x10 <- 0xFFFFFFFF4AFB0C00
mem[X,0x0000000080023F4C] -> 0x0513
mem[X,0x0000000080023F4E] -> 0x0CD5
[4934] [M]: 0x0000000080023F4C (0x0CD50513) addi a0, a0, 0xcd
x10 <- 0xFFFFFFFF4AFB0CCD
mem[X,0x0000000080023F50] -> 0x65B7
mem[X,0x0000000080023F52] -> 0x6666
[4935] [M]: 0x0000000080023F50 (0x666665B7) lui a1, 0x66666
x11 <- 0x0000000066666000
mem[X,0x0000000080023F54] -> 0x8593
mem[X,0x0000000080023F56] -> 0x6665
[4936] [M]: 0x0000000080023F54 (0x66658593) addi a1, a1, 0x666
x11 <- 0x0000000066666666
mem[X,0x0000000080023F58] -> 0x9593
mem[X,0x0000000080023F5A] -> 0x00B5
[4937] [M]: 0x0000000080023F58 (0x00B59593) slli a1, a1, 0xb
x11 <- 0x0000033333333000
mem[X,0x0000000080023F5C] -> 0x8593
mem[X,0x0000000080023F5E] -> 0x3335
[4938] [M]: 0x0000000080023F5C (0x33358593) addi a1, a1, 0x333
x11 <- 0x0000033333333333
mem[X,0x0000000080023F60] -> 0x9593
mem[X,0x0000000080023F62] -> 0x00B5
[4939] [M]: 0x0000000080023F60 (0x00B59593) slli a1, a1, 0xb
x11 <- 0x0019999999999800
mem[X,0x0000000080023F64] -> 0x8593
mem[X,0x0000000080023F66] -> 0x1995
[4940] [M]: 0x0000000080023F64 (0x19958593) addi a1, a1, 0x199
x11 <- 0x0019999999999999
mem[X,0x0000000080023F68] -> 0x9593
mem[X,0x0000000080023F6A] -> 0x00A5
[4941] [M]: 0x0000000080023F68 (0x00A59593) slli a1, a1, 0xa
x11 <- 0x6666666666666400
mem[X,0x0000000080023F6C] -> 0x8593
mem[X,0x0000000080023F6E] -> 0x2675
[4942] [M]: 0x0000000080023F6C (0x26758593) addi a1, a1, 0x267
x11 <- 0x6666666666666667
mem[X,0x0000000080023F70] -> 0x0113
mem[X,0x0000000080023F72] -> 0x0000
[4943] [M]: 0x0000000080023F70 (0x00000113) addi sp, zero, 0x0
x2 <- 0x0000000000000000
mem[X,0x0000000080023F74] -> 0x006F
mem[X,0x0000000080023F76] -> 0x00C0
[4944] [M]: 0x0000000080023F74 (0x00C0006F) jal zero, 0xc
mem[X,0x0000000080023F80] -> 0x5CE3
mem[X,0x0000000080023F82] -> 0xFEB5
[4945] [M]: 0x0000000080023F80 (0xFEB55CE3) bge a0, a1, -0x8
mem[X,0x0000000080023F84] -> 0x0113
mem[X,0x0000000080023F86] -> 0x0021
[4946] [M]: 0x0000000080023F84 (0x00210113) addi sp, sp, 0x2
x2 <- 0x0000000000000002
mem[X,0x0000000080023F88] -> 0x006F
mem[X,0x0000000080023F8A] -> 0x00C0
[4947] [M]: 0x0000000080023F88 (0x00C0006F) jal zero, 0xc
mem[X,0x0000000080023F94] -> 0xBC23
mem[X,0x0000000080023F96] -> 0x1C20
[4948] [M]: 0x0000000080023F94 (0x1C20BC23) sd sp, 0x1d8(ra)
mem[0x0000000080048BA8] <- 0x0000000000000002
mem[X,0x0000000080023F98] -> 0x0537
mem[X,0x0000000080023F9A] -> 0x0000
[4949] [M]: 0x0000000080023F98 (0x00000537) lui a0, 0x0
x10 <- 0x0000000000000000
mem[X,0x0000000080023F9C] -> 0x0513
mem[X,0x0000000080023F9E] -> 0xFFF5
[4950] [M]: 0x0000000080023F9C (0xFFF50513) addi a0, a0, -0x1
x10 <- 0xFFFFFFFFFFFFFFFF
mem[X,0x0000000080023FA0] -> 0x1513
mem[X,0x0000000080023FA2] -> 0x00B5
[4951] [M]: 0x0000000080023FA0 (0x00B51513) slli a0, a0, 0xb
x10 <- 0xFFFFFFFFFFFFF800
mem[X,0x0000000080023FA4] -> 0x0513
mem[X,0x0000000080023FA6] -> 0x2575
[4952] [M]: 0x0000000080023FA4 (0x25750513) addi a0, a0, 0x257
x10 <- 0xFFFFFFFFFFFFFA57
mem[X,0x0000000080023FA8] -> 0x1513
mem[X,0x0000000080023FAA] -> 0x00B5
[4953] [M]: 0x0000000080023FA8 (0x00B51513) slli a0, a0, 0xb
x10 <- 0xFFFFFFFFFFD2B800
mem[X,0x0000000080023FAC] -> 0x0513
mem[X,0x0000000080023FAE] -> 0x6C35
[4954] [M]: 0x0000000080023FAC (0x6C350513) addi a0, a0, 0x6c3
x10 <- 0xFFFFFFFFFFD2BEC3
mem[X,0x0000000080023FB0] -> 0x1513
mem[X,0x0000000080023FB2] -> 0x00A5
[4955] [M]: 0x0000000080023FB0 (0x00A51513) slli a0, a0, 0xa
x10 <- 0xFFFFFFFF4AFB0C00
mem[X,0x0000000080023FB4] -> 0x0513
mem[X,0x0000000080023FB6] -> 0x0CD5
[4956] [M]: 0x0000000080023FB4 (0x0CD50513) addi a0, a0, 0xcd
x10 <- 0xFFFFFFFF4AFB0CCD
mem[X,0x0000000080023FB8] -> 0x05B7
mem[X,0x0000000080023FBA] -> 0x0000
[4957] [M]: 0x0000000080023FB8 (0x000005B7) lui a1, 0x0
x11 <- 0x0000000000000000
mem[X,0x0000000080023FBC] -> 0x8593
mem[X,0x0000000080023FBE] -> 0xFFF5
[4958] [M]: 0x0000000080023FBC (0xFFF58593) addi a1, a1, -0x1
x11 <- 0xFFFFFFFFFFFFFFFF
mem[X,0x0000000080023FC0] -> 0x9593
mem[X,0x0000000080023FC2] -> 0x00B5
[4959] [M]: 0x0000000080023FC0 (0x00B59593) slli a1, a1, 0xb
x11 <- 0xFFFFFFFFFFFFF800
mem[X,0x0000000080023FC4] -> 0x8593
mem[X,0x0000000080023FC6] -> 0x2575
[4960] [M]: 0x0000000080023FC4 (0x25758593) addi a1, a1, 0x257
x11 <- 0xFFFFFFFFFFFFFA57
mem[X,0x0000000080023FC8] -> 0x9593
mem[X,0x0000000080023FCA] -> 0x00B5
[4961] [M]: 0x0000000080023FC8 (0x00B59593) slli a1, a1, 0xb
x11 <- 0xFFFFFFFFFFD2B800
mem[X,0x0000000080023FCC] -> 0x8593
mem[X,0x0000000080023FCE] -> 0x6C35
[4962] [M]: 0x0000000080023FCC (0x6C358593) addi a1, a1, 0x6c3
x11 <- 0xFFFFFFFFFFD2BEC3
mem[X,0x0000000080023FD0] -> 0x9593
mem[X,0x0000000080023FD2] -> 0x00A5
[4963] [M]: 0x0000000080023FD0 (0x00A59593) slli a1, a1, 0xa
x11 <- 0xFFFFFFFF4AFB0C00
mem[X,0x0000000080023FD4] -> 0x8593
mem[X,0x0000000080023FD6] -> 0x0CE5
[4964] [M]: 0x0000000080023FD4 (0x0CE58593) addi a1, a1, 0xce
x11 <- 0xFFFFFFFF4AFB0CCE
mem[X,0x0000000080023FD8] -> 0x0113
mem[X,0x0000000080023FDA] -> 0x0000
[4965] [M]: 0x0000000080023FD8 (0x00000113) addi sp, zero, 0x0
x2 <- 0x0000000000000000
mem[X,0x0000000080023FDC] -> 0x006F
mem[X,0x0000000080023FDE] -> 0x00C0
[4966] [M]: 0x0000000080023FDC (0x00C0006F) jal zero, 0xc
mem[X,0x0000000080023FE8] -> 0x5CE3
mem[X,0x0000000080023FEA] -> 0xFEB5
[4967] [M]: 0x0000000080023FE8 (0xFEB55CE3) bge a0, a1, -0x8
mem[X,0x0000000080023FEC] -> 0x0113
mem[X,0x0000000080023FEE] -> 0x0021
[4968] [M]: 0x0000000080023FEC (0x00210113) addi sp, sp, 0x2
x2 <- 0x0000000000000002
mem[X,0x0000000080023FF0] -> 0x006F
mem[X,0x0000000080023FF2] -> 0x00C0
[4969] [M]: 0x0000000080023FF0 (0x00C0006F) jal zero, 0xc
mem[X,0x0000000080023FFC] -> 0xB023
mem[X,0x0000000080023FFE] -> 0x1E20
[4970] [M]: 0x0000000080023FFC (0x1E20B023) sd sp, 0x1e0(ra)
mem[0x0000000080048BB0] <- 0x0000000000000002
mem[X,0x0000000080024000] -> 0x0537
mem[X,0x0000000080024002] -> 0x0000
[4971] [M]: 0x0000000080024000 (0x00000537) lui a0, 0x0
x10 <- 0x0000000000000000
mem[X,0x0000000080024004] -> 0x0513
mem[X,0x0000000080024006] -> 0xFFF5
[4972] [M]: 0x0000000080024004 (0xFFF50513) addi a0, a0, -0x1
x10 <- 0xFFFFFFFFFFFFFFFF
mem[X,0x0000000080024008] -> 0x1513
mem[X,0x000000008002400A] -> 0x00B5
[4973] [M]: 0x0000000080024008 (0x00B51513) slli a0, a0, 0xb
x10 <- 0xFFFFFFFFFFFFF800
mem[X,0x000000008002400C] -> 0x0513
mem[X,0x000000008002400E] -> 0x2575
[4974] [M]: 0x000000008002400C (0x25750513) addi a0, a0, 0x257
x10 <- 0xFFFFFFFFFFFFFA57
mem[X,0x0000000080024010] -> 0x1513
mem[X,0x0000000080024012] -> 0x00B5
[4975] [M]: 0x0000000080024010 (0x00B51513) slli a0, a0, 0xb
x10 <- 0xFFFFFFFFFFD2B800
mem[X,0x0000000080024014] -> 0x0513
mem[X,0x0000000080024016] -> 0x6C35
[4976] [M]: 0x0000000080024014 (0x6C350513) addi a0, a0, 0x6c3
x10 <- 0xFFFFFFFFFFD2BEC3
mem[X,0x0000000080024018] -> 0x1513
mem[X,0x000000008002401A] -> 0x00A5
[4977] [M]: 0x0000000080024018 (0x00A51513) slli a0, a0, 0xa
x10 <- 0xFFFFFFFF4AFB0C00
mem[X,0x000000008002401C] -> 0x0513
mem[X,0x000000008002401E] -> 0x0CD5
[4978] [M]: 0x000000008002401C (0x0CD50513) addi a0, a0, 0xcd
x10 <- 0xFFFFFFFF4AFB0CCD
mem[X,0x0000000080024020] -> 0x05B7
mem[X,0x0000000080024022] -> 0x0000
[4979] [M]: 0x0000000080024020 (0x000005B7) lui a1, 0x0
x11 <- 0x0000000000000000
mem[X,0x0000000080024024] -> 0x8593
mem[X,0x0000000080024026] -> 0x0005
[4980] [M]: 0x0000000080024024 (0x00058593) addi a1, a1, 0x0
x11 <- 0x0000000000000000
mem[X,0x0000000080024028] -> 0x9593
mem[X,0x000000008002402A] -> 0x00B5
[4981] [M]: 0x0000000080024028 (0x00B59593) slli a1, a1, 0xb
x11 <- 0x0000000000000000
mem[X,0x000000008002402C] -> 0x8593
mem[X,0x000000008002402E] -> 0x5A85
[4982] [M]: 0x000000008002402C (0x5A858593) addi a1, a1, 0x5a8
x11 <- 0x00000000000005A8
mem[X,0x0000000080024030] -> 0x9593
mem[X,0x0000000080024032] -> 0x00B5
[4983] [M]: 0x0000000080024030 (0x00B59593) slli a1, a1, 0xb
x11 <- 0x00000000002D4000
mem[X,0x0000000080024034] -> 0x8593
mem[X,0x0000000080024036] -> 0x13C5
[4984] [M]: 0x0000000080024034 (0x13C58593) addi a1, a1, 0x13c
x11 <- 0x00000000002D413C
mem[X,0x0000000080024038] -> 0x9593
mem[X,0x000000008002403A] -> 0x00A5
[4985] [M]: 0x0000000080024038 (0x00A59593) slli a1, a1, 0xa
x11 <- 0x00000000B504F000
mem[X,0x000000008002403C] -> 0x8593
mem[X,0x000000008002403E] -> 0x3345
[4986] [M]: 0x000000008002403C (0x33458593) addi a1, a1, 0x334
x11 <- 0x00000000B504F334
mem[X,0x0000000080024040] -> 0x0113
mem[X,0x0000000080024042] -> 0x0000
[4987] [M]: 0x0000000080024040 (0x00000113) addi sp, zero, 0x0
x2 <- 0x0000000000000000
mem[X,0x0000000080024044] -> 0x006F
mem[X,0x0000000080024046] -> 0x0050
[4988] [M]: 0x0000000080024044 (0x0050006F) jal zero, 0x804
mem[X,0x0000000080024848] -> 0x50E3
mem[X,0x000000008002484A] -> 0x80B5
[4989] [M]: 0x0000000080024848 (0x80B550E3) bge a0, a1, -0x800
mem[X,0x000000008002484C] -> 0x0113
mem[X,0x000000008002484E] -> 0x0021
[4990] [M]: 0x000000008002484C (0x00210113) addi sp, sp, 0x2
x2 <- 0x0000000000000002
mem[X,0x0000000080024850] -> 0x006F
mem[X,0x0000000080024852] -> 0x00C0
[4991] [M]: 0x0000000080024850 (0x00C0006F) jal zero, 0xc
mem[X,0x000000008002485C] -> 0xB423
mem[X,0x000000008002485E] -> 0x1E20
[4992] [M]: 0x000000008002485C (0x1E20B423) sd sp, 0x1e8(ra)
mem[0x0000000080048BB8] <- 0x0000000000000002
mem[X,0x0000000080024860] -> 0x0537
mem[X,0x0000000080024862] -> 0x0000
[4993] [M]: 0x0000000080024860 (0x00000537) lui a0, 0x0
x10 <- 0x0000000000000000
mem[X,0x0000000080024864] -> 0x0513
mem[X,0x0000000080024866] -> 0x0005
[4994] [M]: 0x0000000080024864 (0x00050513) addi a0, a0, 0x0
x10 <- 0x0000000000000000
mem[X,0x0000000080024868] -> 0x1513
mem[X,0x000000008002486A] -> 0x00B5
[4995] [M]: 0x0000000080024868 (0x00B51513) slli a0, a0, 0xb
x10 <- 0x0000000000000000
mem[X,0x000000008002486C] -> 0x0513
mem[X,0x000000008002486E] -> 0x5A85
[4996] [M]: 0x000000008002486C (0x5A850513) addi a0, a0, 0x5a8
x10 <- 0x00000000000005A8
mem[X,0x0000000080024870] -> 0x1513
mem[X,0x0000000080024872] -> 0x00B5
[4997] [M]: 0x0000000080024870 (0x00B51513) slli a0, a0, 0xb
x10 <- 0x00000000002D4000
mem[X,0x0000000080024874] -> 0x0513
mem[X,0x0000000080024876] -> 0x13C5
[4998] [M]: 0x0000000080024874 (0x13C50513) addi a0, a0, 0x13c
x10 <- 0x00000000002D413C
mem[X,0x0000000080024878] -> 0x1513
mem[X,0x000000008002487A] -> 0x00A5
[4999] [M]: 0x0000000080024878 (0x00A51513) slli a0, a0, 0xa
x10 <- 0x00000000B504F000
clint::tick mtime <- 0x0000000000000032
 clint timer pending at mtime 0x0000000000000032
htif::tick 0x0000000000000000
mem[X,0x000000008002487C] -> 0x0513
mem[X,0x000000008002487E] -> 0x3335
[5000] [M]: 0x000000008002487C (0x33350513) addi a0, a0, 0x333
x10 <- 0x00000000B504F333
mem[X,0x0000000080024880] -> 0x0593
mem[X,0x0000000080024882] -> 0x0030
[5001] [M]: 0x0000000080024880 (0x00300593) addi a1, zero, 0x3
x11 <- 0x0000000000000003
mem[X,0x0000000080024884] -> 0x0113
mem[X,0x0000000080024886] -> 0x0000
[5002] [M]: 0x0000000080024884 (0x00000113) addi sp, zero, 0x0
x2 <- 0x0000000000000000
mem[X,0x0000000080024888] -> 0x006F
mem[X,0x000000008002488A] -> 0x0050
[5003] [M]: 0x0000000080024888 (0x0050006F) jal zero, 0x804
mem[X,0x000000008002508C] -> 0x50E3
mem[X,0x000000008002508E] -> 0x80B5
[5004] [M]: 0x000000008002508C (0x80B550E3) bge a0, a1, -0x800
mem[X,0x000000008002488C] -> 0x0113
mem[X,0x000000008002488E] -> 0x0011
[5005] [M]: 0x000000008002488C (0x00110113) addi sp, sp, 0x1
x2 <- 0x0000000000000001
mem[X,0x0000000080024890] -> 0x006F
mem[X,0x0000000080024892] -> 0x0110
[5006] [M]: 0x0000000080024890 (0x0110006F) jal zero, 0x810
mem[X,0x00000000800250A0] -> 0xB823
mem[X,0x00000000800250A2] -> 0x1E20
[5007] [M]: 0x00000000800250A0 (0x1E20B823) sd sp, 0x1f0(ra)
mem[0x0000000080048BC0] <- 0x0000000000000001
mem[X,0x00000000800250A4] -> 0x0537
mem[X,0x00000000800250A6] -> 0x0000
[5008] [M]: 0x00000000800250A4 (0x00000537) lui a0, 0x0
x10 <- 0x0000000000000000
mem[X,0x00000000800250A8] -> 0x0513
mem[X,0x00000000800250AA] -> 0x0005
[5009] [M]: 0x00000000800250A8 (0x00050513) addi a0, a0, 0x0
x10 <- 0x0000000000000000
mem[X,0x00000000800250AC] -> 0x1513
mem[X,0x00000000800250AE] -> 0x00B5
[5010] [M]: 0x00000000800250AC (0x00B51513) slli a0, a0, 0xb
x10 <- 0x0000000000000000
mem[X,0x00000000800250B0] -> 0x0513
mem[X,0x00000000800250B2] -> 0x5A85
[5011] [M]: 0x00000000800250B0 (0x5A850513) addi a0, a0, 0x5a8
x10 <- 0x00000000000005A8
mem[X,0x00000000800250B4] -> 0x1513
mem[X,0x00000000800250B6] -> 0x00B5
[5012] [M]: 0x00000000800250B4 (0x00B51513) slli a0, a0, 0xb
x10 <- 0x00000000002D4000
mem[X,0x00000000800250B8] -> 0x0513
mem[X,0x00000000800250BA] -> 0x13C5
[5013] [M]: 0x00000000800250B8 (0x13C50513) addi a0, a0, 0x13c
x10 <- 0x00000000002D413C
mem[X,0x00000000800250BC] -> 0x1513
mem[X,0x00000000800250BE] -> 0x00A5
[5014] [M]: 0x00000000800250BC (0x00A51513) slli a0, a0, 0xa
x10 <- 0x00000000B504F000
mem[X,0x00000000800250C0] -> 0x0513
mem[X,0x00000000800250C2] -> 0x3335
[5015] [M]: 0x00000000800250C0 (0x33350513) addi a0, a0, 0x333
x10 <- 0x00000000B504F333
mem[X,0x00000000800250C4] -> 0x55B7
mem[X,0x00000000800250C6] -> 0x5555
[5016] [M]: 0x00000000800250C4 (0x555555B7) lui a1, 0x55555
x11 <- 0x0000000055555000
mem[X,0x00000000800250C8] -> 0x8593
mem[X,0x00000000800250CA] -> 0x5555
[5017] [M]: 0x00000000800250C8 (0x55558593) addi a1, a1, 0x555
x11 <- 0x0000000055555555
mem[X,0x00000000800250CC] -> 0x9593
mem[X,0x00000000800250CE] -> 0x00B5
[5018] [M]: 0x00000000800250CC (0x00B59593) slli a1, a1, 0xb
x11 <- 0x000002AAAAAAA800
mem[X,0x00000000800250D0] -> 0x8593
mem[X,0x00000000800250D2] -> 0x2AA5
[5019] [M]: 0x00000000800250D0 (0x2AA58593) addi a1, a1, 0x2aa
x11 <- 0x000002AAAAAAAAAA
mem[X,0x00000000800250D4] -> 0x9593
mem[X,0x00000000800250D6] -> 0x00B5
[5020] [M]: 0x00000000800250D4 (0x00B59593) slli a1, a1, 0xb
x11 <- 0x0015555555555000
mem[X,0x00000000800250D8] -> 0x8593
mem[X,0x00000000800250DA] -> 0x5555
[5021] [M]: 0x00000000800250D8 (0x55558593) addi a1, a1, 0x555
x11 <- 0x0015555555555555
mem[X,0x00000000800250DC] -> 0x9593
mem[X,0x00000000800250DE] -> 0x00A5
[5022] [M]: 0x00000000800250DC (0x00A59593) slli a1, a1, 0xa
x11 <- 0x5555555555555400
mem[X,0x00000000800250E0] -> 0x8593
mem[X,0x00000000800250E2] -> 0x1555
[5023] [M]: 0x00000000800250E0 (0x15558593) addi a1, a1, 0x155
x11 <- 0x5555555555555555
mem[X,0x00000000800250E4] -> 0x0113
mem[X,0x00000000800250E6] -> 0x0000
[5024] [M]: 0x00000000800250E4 (0x00000113) addi sp, zero, 0x0
x2 <- 0x0000000000000000
mem[X,0x00000000800250E8] -> 0x006F
mem[X,0x00000000800250EA] -> 0x00C0
[5025] [M]: 0x00000000800250E8 (0x00C0006F) jal zero, 0xc
mem[X,0x00000000800250F4] -> 0x5063
mem[X,0x00000000800250F6] -> 0x20B5
[5026] [M]: 0x00000000800250F4 (0x20B55063) bge a0, a1, 0x200
mem[X,0x00000000800250F8] -> 0x0113
mem[X,0x00000000800250FA] -> 0x0021
[5027] [M]: 0x00000000800250F8 (0x00210113) addi sp, sp, 0x2
x2 <- 0x0000000000000002
mem[X,0x00000000800250FC] -> 0x006F
mem[X,0x00000000800250FE] -> 0x2000
[5028] [M]: 0x00000000800250FC (0x2000006F) jal zero, 0x200
mem[X,0x00000000800252FC] -> 0xBC23
mem[X,0x00000000800252FE] -> 0x1E20
[5029] [M]: 0x00000000800252FC (0x1E20BC23) sd sp, 0x1f8(ra)
mem[0x0000000080048BC8] <- 0x0000000000000002
mem[X,0x0000000080025300] -> 0x0537
mem[X,0x0000000080025302] -> 0x0000
[5030] [M]: 0x0000000080025300 (0x00000537) lui a0, 0x0
x10 <- 0x0000000000000000
mem[X,0x0000000080025304] -> 0x0513
mem[X,0x0000000080025306] -> 0x0005
[5031] [M]: 0x0000000080025304 (0x00050513) addi a0, a0, 0x0
x10 <- 0x0000000000000000
mem[X,0x0000000080025308] -> 0x1513
mem[X,0x000000008002530A] -> 0x00B5
[5032] [M]: 0x0000000080025308 (0x00B51513) slli a0, a0, 0xb
x10 <- 0x0000000000000000
mem[X,0x000000008002530C] -> 0x0513
mem[X,0x000000008002530E] -> 0x5A85
[5033] [M]: 0x000000008002530C (0x5A850513) addi a0, a0, 0x5a8
x10 <- 0x00000000000005A8
mem[X,0x0000000080025310] -> 0x1513
mem[X,0x0000000080025312] -> 0x00B5
[5034] [M]: 0x0000000080025310 (0x00B51513) slli a0, a0, 0xb
x10 <- 0x00000000002D4000
mem[X,0x0000000080025314] -> 0x0513
mem[X,0x0000000080025316] -> 0x13C5
[5035] [M]: 0x0000000080025314 (0x13C50513) addi a0, a0, 0x13c
x10 <- 0x00000000002D413C
mem[X,0x0000000080025318] -> 0x1513
mem[X,0x000000008002531A] -> 0x00A5
[5036] [M]: 0x0000000080025318 (0x00A51513) slli a0, a0, 0xa
x10 <- 0x00000000B504F000
mem[X,0x000000008002531C] -> 0x0513
mem[X,0x000000008002531E] -> 0x3335
[5037] [M]: 0x000000008002531C (0x33350513) addi a0, a0, 0x333
x10 <- 0x00000000B504F333
mem[X,0x0000000080025320] -> 0xB5B7
mem[X,0x0000000080025322] -> 0xAAAA
[5038] [M]: 0x0000000080025320 (0xAAAAB5B7) lui a1, -0x55555
x11 <- 0xFFFFFFFFAAAAB000
mem[X,0x0000000080025324] -> 0x8593
mem[X,0x0000000080025326] -> 0xAAA5
[5039] [M]: 0x0000000080025324 (0xAAA58593) addi a1, a1, -0x556
x11 <- 0xFFFFFFFFAAAAAAAA
mem[X,0x0000000080025328] -> 0x9593
mem[X,0x000000008002532A] -> 0x00B5
[5040] [M]: 0x0000000080025328 (0x00B59593) slli a1, a1, 0xb
x11 <- 0xFFFFFD5555555000
mem[X,0x000000008002532C] -> 0x8593
mem[X,0x000000008002532E] -> 0x5555
[5041] [M]: 0x000000008002532C (0x55558593) addi a1, a1, 0x555
x11 <- 0xFFFFFD5555555555
mem[X,0x0000000080025330] -> 0x9593
mem[X,0x0000000080025332] -> 0x00B5
[5042] [M]: 0x0000000080025330 (0x00B59593) slli a1, a1, 0xb
x11 <- 0xFFEAAAAAAAAAA800
mem[X,0x0000000080025334] -> 0x8593
mem[X,0x0000000080025336] -> 0x2AA5
[5043] [M]: 0x0000000080025334 (0x2AA58593) addi a1, a1, 0x2aa
x11 <- 0xFFEAAAAAAAAAAAAA
mem[X,0x0000000080025338] -> 0x9593
mem[X,0x000000008002533A] -> 0x00A5
[5044] [M]: 0x0000000080025338 (0x00A59593) slli a1, a1, 0xa
x11 <- 0xAAAAAAAAAAAAA800
mem[X,0x000000008002533C] -> 0x8593
mem[X,0x000000008002533E] -> 0x2AA5
[5045] [M]: 0x000000008002533C (0x2AA58593) addi a1, a1, 0x2aa
x11 <- 0xAAAAAAAAAAAAAAAA
mem[X,0x0000000080025340] -> 0x0113
mem[X,0x0000000080025342] -> 0x0000
[5046] [M]: 0x0000000080025340 (0x00000113) addi sp, zero, 0x0
x2 <- 0x0000000000000000
mem[X,0x0000000080025344] -> 0x006F
mem[X,0x0000000080025346] -> 0x00C0
[5047] [M]: 0x0000000080025344 (0x00C0006F) jal zero, 0xc
mem[X,0x0000000080025350] -> 0x5063
mem[X,0x0000000080025352] -> 0x04B5
[5048] [M]: 0x0000000080025350 (0x04B55063) bge a0, a1, 0x40
mem[X,0x0000000080025390] -> 0x0113
mem[X,0x0000000080025392] -> 0x0031
[5049] [M]: 0x0000000080025390 (0x00310113) addi sp, sp, 0x3
x2 <- 0x0000000000000003
mem[X,0x0000000080025394] -> 0x006F
mem[X,0x0000000080025396] -> 0x0040
[5050] [M]: 0x0000000080025394 (0x0040006F) jal zero, 0x4
mem[X,0x0000000080025398] -> 0xB023
mem[X,0x000000008002539A] -> 0x2020
[5051] [M]: 0x0000000080025398 (0x2020B023) sd sp, 0x200(ra)
mem[0x0000000080048BD0] <- 0x0000000000000003
mem[X,0x000000008002539C] -> 0x0537
mem[X,0x000000008002539E] -> 0x0000
[5052] [M]: 0x000000008002539C (0x00000537) lui a0, 0x0
x10 <- 0x0000000000000000
mem[X,0x00000000800253A0] -> 0x0513
mem[X,0x00000000800253A2] -> 0x0005
[5053] [M]: 0x00000000800253A0 (0x00050513) addi a0, a0, 0x0
x10 <- 0x0000000000000000
mem[X,0x00000000800253A4] -> 0x1513
mem[X,0x00000000800253A6] -> 0x00B5
[5054] [M]: 0x00000000800253A4 (0x00B51513) slli a0, a0, 0xb
x10 <- 0x0000000000000000
mem[X,0x00000000800253A8] -> 0x0513
mem[X,0x00000000800253AA] -> 0x5A85
[5055] [M]: 0x00000000800253A8 (0x5A850513) addi a0, a0, 0x5a8
x10 <- 0x00000000000005A8
mem[X,0x00000000800253AC] -> 0x1513
mem[X,0x00000000800253AE] -> 0x00B5
[5056] [M]: 0x00000000800253AC (0x00B51513) slli a0, a0, 0xb
x10 <- 0x00000000002D4000
mem[X,0x00000000800253B0] -> 0x0513
mem[X,0x00000000800253B2] -> 0x13C5
[5057] [M]: 0x00000000800253B0 (0x13C50513) addi a0, a0, 0x13c
x10 <- 0x00000000002D413C
mem[X,0x00000000800253B4] -> 0x1513
mem[X,0x00000000800253B6] -> 0x00A5
[5058] [M]: 0x00000000800253B4 (0x00A51513) slli a0, a0, 0xa
x10 <- 0x00000000B504F000
mem[X,0x00000000800253B8] -> 0x0513
mem[X,0x00000000800253BA] -> 0x3335
[5059] [M]: 0x00000000800253B8 (0x33350513) addi a0, a0, 0x333
x10 <- 0x00000000B504F333
mem[X,0x00000000800253BC] -> 0x0593
mem[X,0x00000000800253BE] -> 0x0050
[5060] [M]: 0x00000000800253BC (0x00500593) addi a1, zero, 0x5
x11 <- 0x0000000000000005
mem[X,0x00000000800253C0] -> 0x0113
mem[X,0x00000000800253C2] -> 0x0000
[5061] [M]: 0x00000000800253C0 (0x00000113) addi sp, zero, 0x0
x2 <- 0x0000000000000000
mem[X,0x00000000800253C4] -> 0x006F
mem[X,0x00000000800253C6] -> 0x00C0
[5062] [M]: 0x00000000800253C4 (0x00C0006F) jal zero, 0xc
mem[X,0x00000000800253D0] -> 0x5063
mem[X,0x00000000800253D2] -> 0x02B5
[5063] [M]: 0x00000000800253D0 (0x02B55063) bge a0, a1, 0x20
mem[X,0x00000000800253F0] -> 0x0113
mem[X,0x00000000800253F2] -> 0x0031
[5064] [M]: 0x00000000800253F0 (0x00310113) addi sp, sp, 0x3
x2 <- 0x0000000000000003
mem[X,0x00000000800253F4] -> 0x006F
mem[X,0x00000000800253F6] -> 0x0040
[5065] [M]: 0x00000000800253F4 (0x0040006F) jal zero, 0x4
mem[X,0x00000000800253F8] -> 0xB423
mem[X,0x00000000800253FA] -> 0x2020
[5066] [M]: 0x00000000800253F8 (0x2020B423) sd sp, 0x208(ra)
mem[0x0000000080048BD8] <- 0x0000000000000003
mem[X,0x00000000800253FC] -> 0x0537
mem[X,0x00000000800253FE] -> 0x0000
[5067] [M]: 0x00000000800253FC (0x00000537) lui a0, 0x0
x10 <- 0x0000000000000000
mem[X,0x0000000080025400] -> 0x0513
mem[X,0x0000000080025402] -> 0x0005
[5068] [M]: 0x0000000080025400 (0x00050513) addi a0, a0, 0x0
x10 <- 0x0000000000000000
mem[X,0x0000000080025404] -> 0x1513
mem[X,0x0000000080025406] -> 0x00B5
[5069] [M]: 0x0000000080025404 (0x00B51513) slli a0, a0, 0xb
x10 <- 0x0000000000000000
mem[X,0x0000000080025408] -> 0x0513
mem[X,0x000000008002540A] -> 0x5A85
[5070] [M]: 0x0000000080025408 (0x5A850513) addi a0, a0, 0x5a8
x10 <- 0x00000000000005A8
mem[X,0x000000008002540C] -> 0x1513
mem[X,0x000000008002540E] -> 0x00B5
[5071] [M]: 0x000000008002540C (0x00B51513) slli a0, a0, 0xb
x10 <- 0x00000000002D4000
mem[X,0x0000000080025410] -> 0x0513
mem[X,0x0000000080025412] -> 0x13C5
[5072] [M]: 0x0000000080025410 (0x13C50513) addi a0, a0, 0x13c
x10 <- 0x00000000002D413C
mem[X,0x0000000080025414] -> 0x1513
mem[X,0x0000000080025416] -> 0x00A5
[5073] [M]: 0x0000000080025414 (0x00A51513) slli a0, a0, 0xa
x10 <- 0x00000000B504F000
mem[X,0x0000000080025418] -> 0x0513
mem[X,0x000000008002541A] -> 0x3335
[5074] [M]: 0x0000000080025418 (0x33350513) addi a0, a0, 0x333
x10 <- 0x00000000B504F333
mem[X,0x000000008002541C] -> 0x35B7
mem[X,0x000000008002541E] -> 0x3333
[5075] [M]: 0x000000008002541C (0x333335B7) lui a1, 0x33333
x11 <- 0x0000000033333000
mem[X,0x0000000080025420] -> 0x8593
mem[X,0x0000000080025422] -> 0x3335
[5076] [M]: 0x0000000080025420 (0x33358593) addi a1, a1, 0x333
x11 <- 0x0000000033333333
mem[X,0x0000000080025424] -> 0x9593
mem[X,0x0000000080025426] -> 0x00B5
[5077] [M]: 0x0000000080025424 (0x00B59593) slli a1, a1, 0xb
x11 <- 0x0000019999999800
mem[X,0x0000000080025428] -> 0x8593
mem[X,0x000000008002542A] -> 0x1995
[5078] [M]: 0x0000000080025428 (0x19958593) addi a1, a1, 0x199
x11 <- 0x0000019999999999
mem[X,0x000000008002542C] -> 0x9593
mem[X,0x000000008002542E] -> 0x00B5
[5079] [M]: 0x000000008002542C (0x00B59593) slli a1, a1, 0xb
x11 <- 0x000CCCCCCCCCC800
mem[X,0x0000000080025430] -> 0x8593
mem[X,0x0000000080025432] -> 0x4CC5
[5080] [M]: 0x0000000080025430 (0x4CC58593) addi a1, a1, 0x4cc
x11 <- 0x000CCCCCCCCCCCCC
mem[X,0x0000000080025434] -> 0x9593
mem[X,0x0000000080025436] -> 0x00A5
[5081] [M]: 0x0000000080025434 (0x00A59593) slli a1, a1, 0xa
x11 <- 0x3333333333333000
mem[X,0x0000000080025438] -> 0x8593
mem[X,0x000000008002543A] -> 0x3335
[5082] [M]: 0x0000000080025438 (0x33358593) addi a1, a1, 0x333
x11 <- 0x3333333333333333
mem[X,0x000000008002543C] -> 0x0113
mem[X,0x000000008002543E] -> 0x0000
[5083] [M]: 0x000000008002543C (0x00000113) addi sp, zero, 0x0
x2 <- 0x0000000000000000
mem[X,0x0000000080025440] -> 0x006F
mem[X,0x0000000080025442] -> 0x00C0
[5084] [M]: 0x0000000080025440 (0x00C0006F) jal zero, 0xc
mem[X,0x000000008002544C] -> 0x5CE3
mem[X,0x000000008002544E] -> 0xFEB5
[5085] [M]: 0x000000008002544C (0xFEB55CE3) bge a0, a1, -0x8
mem[X,0x0000000080025450] -> 0x0113
mem[X,0x0000000080025452] -> 0x0021
[5086] [M]: 0x0000000080025450 (0x00210113) addi sp, sp, 0x2
x2 <- 0x0000000000000002
mem[X,0x0000000080025454] -> 0x006F
mem[X,0x0000000080025456] -> 0x00C0
[5087] [M]: 0x0000000080025454 (0x00C0006F) jal zero, 0xc
mem[X,0x0000000080025460] -> 0xB823
mem[X,0x0000000080025462] -> 0x2020
[5088] [M]: 0x0000000080025460 (0x2020B823) sd sp, 0x210(ra)
mem[0x0000000080048BE0] <- 0x0000000000000002
mem[X,0x0000000080025464] -> 0x0537
mem[X,0x0000000080025466] -> 0x0000
[5089] [M]: 0x0000000080025464 (0x00000537) lui a0, 0x0
x10 <- 0x0000000000000000
mem[X,0x0000000080025468] -> 0x0513
mem[X,0x000000008002546A] -> 0x0005
[5090] [M]: 0x0000000080025468 (0x00050513) addi a0, a0, 0x0
x10 <- 0x0000000000000000
mem[X,0x000000008002546C] -> 0x1513
mem[X,0x000000008002546E] -> 0x00B5
[5091] [M]: 0x000000008002546C (0x00B51513) slli a0, a0, 0xb
x10 <- 0x0000000000000000
mem[X,0x0000000080025470] -> 0x0513
mem[X,0x0000000080025472] -> 0x5A85
[5092] [M]: 0x0000000080025470 (0x5A850513) addi a0, a0, 0x5a8
x10 <- 0x00000000000005A8
mem[X,0x0000000080025474] -> 0x1513
mem[X,0x0000000080025476] -> 0x00B5
[5093] [M]: 0x0000000080025474 (0x00B51513) slli a0, a0, 0xb
x10 <- 0x00000000002D4000
mem[X,0x0000000080025478] -> 0x0513
mem[X,0x000000008002547A] -> 0x13C5
[5094] [M]: 0x0000000080025478 (0x13C50513) addi a0, a0, 0x13c
x10 <- 0x00000000002D413C
mem[X,0x000000008002547C] -> 0x1513
mem[X,0x000000008002547E] -> 0x00A5
[5095] [M]: 0x000000008002547C (0x00A51513) slli a0, a0, 0xa
x10 <- 0x00000000B504F000
mem[X,0x0000000080025480] -> 0x0513
mem[X,0x0000000080025482] -> 0x3335
[5096] [M]: 0x0000000080025480 (0x33350513) addi a0, a0, 0x333
x10 <- 0x00000000B504F333
mem[X,0x0000000080025484] -> 0x65B7
mem[X,0x0000000080025486] -> 0x6666
[5097] [M]: 0x0000000080025484 (0x666665B7) lui a1, 0x66666
x11 <- 0x0000000066666000
mem[X,0x0000000080025488] -> 0x8593
mem[X,0x000000008002548A] -> 0x6665
[5098] [M]: 0x0000000080025488 (0x66658593) addi a1, a1, 0x666
x11 <- 0x0000000066666666
mem[X,0x000000008002548C] -> 0x9593
mem[X,0x000000008002548E] -> 0x00B5
[5099] [M]: 0x000000008002548C (0x00B59593) slli a1, a1, 0xb
x11 <- 0x0000033333333000
clint::tick mtime <- 0x0000000000000033
 clint timer pending at mtime 0x0000000000000033
htif::tick 0x0000000000000000
mem[X,0x0000000080025490] -> 0x8593
mem[X,0x0000000080025492] -> 0x3335
[5100] [M]: 0x0000000080025490 (0x33358593) addi a1, a1, 0x333
x11 <- 0x0000033333333333
mem[X,0x0000000080025494] -> 0x9593
mem[X,0x0000000080025496] -> 0x00B5
[5101] [M]: 0x0000000080025494 (0x00B59593) slli a1, a1, 0xb
x11 <- 0x0019999999999800
mem[X,0x0000000080025498] -> 0x8593
mem[X,0x000000008002549A] -> 0x1995
[5102] [M]: 0x0000000080025498 (0x19958593) addi a1, a1, 0x199
x11 <- 0x0019999999999999
mem[X,0x000000008002549C] -> 0x9593
mem[X,0x000000008002549E] -> 0x00A5
[5103] [M]: 0x000000008002549C (0x00A59593) slli a1, a1, 0xa
x11 <- 0x6666666666666400
mem[X,0x00000000800254A0] -> 0x8593
mem[X,0x00000000800254A2] -> 0x2665
[5104] [M]: 0x00000000800254A0 (0x26658593) addi a1, a1, 0x266
x11 <- 0x6666666666666666
mem[X,0x00000000800254A4] -> 0x0113
mem[X,0x00000000800254A6] -> 0x0000
[5105] [M]: 0x00000000800254A4 (0x00000113) addi sp, zero, 0x0
x2 <- 0x0000000000000000
mem[X,0x00000000800254A8] -> 0x006F
mem[X,0x00000000800254AA] -> 0x00C0
[5106] [M]: 0x00000000800254A8 (0x00C0006F) jal zero, 0xc
mem[X,0x00000000800254B4] -> 0x5063
mem[X,0x00000000800254B6] -> 0x02B5
[5107] [M]: 0x00000000800254B4 (0x02B55063) bge a0, a1, 0x20
mem[X,0x00000000800254B8] -> 0x0113
mem[X,0x00000000800254BA] -> 0x0021
[5108] [M]: 0x00000000800254B8 (0x00210113) addi sp, sp, 0x2
x2 <- 0x0000000000000002
mem[X,0x00000000800254BC] -> 0x006F
mem[X,0x00000000800254BE] -> 0x0200
[5109] [M]: 0x00000000800254BC (0x0200006F) jal zero, 0x20
mem[X,0x00000000800254DC] -> 0xBC23
mem[X,0x00000000800254DE] -> 0x2020
[5110] [M]: 0x00000000800254DC (0x2020BC23) sd sp, 0x218(ra)
mem[0x0000000080048BE8] <- 0x0000000000000002
mem[X,0x00000000800254E0] -> 0x0537
mem[X,0x00000000800254E2] -> 0x0000
[5111] [M]: 0x00000000800254E0 (0x00000537) lui a0, 0x0
x10 <- 0x0000000000000000
mem[X,0x00000000800254E4] -> 0x0513
mem[X,0x00000000800254E6] -> 0x0005
[5112] [M]: 0x00000000800254E4 (0x00050513) addi a0, a0, 0x0
x10 <- 0x0000000000000000
mem[X,0x00000000800254E8] -> 0x1513
mem[X,0x00000000800254EA] -> 0x00B5
[5113] [M]: 0x00000000800254E8 (0x00B51513) slli a0, a0, 0xb
x10 <- 0x0000000000000000
mem[X,0x00000000800254EC] -> 0x0513
mem[X,0x00000000800254EE] -> 0x5A85
[5114] [M]: 0x00000000800254EC (0x5A850513) addi a0, a0, 0x5a8
x10 <- 0x00000000000005A8
mem[X,0x00000000800254F0] -> 0x1513
mem[X,0x00000000800254F2] -> 0x00B5
[5115] [M]: 0x00000000800254F0 (0x00B51513) slli a0, a0, 0xb
x10 <- 0x00000000002D4000
mem[X,0x00000000800254F4] -> 0x0513
mem[X,0x00000000800254F6] -> 0x13C5
[5116] [M]: 0x00000000800254F4 (0x13C50513) addi a0, a0, 0x13c
x10 <- 0x00000000002D413C
mem[X,0x00000000800254F8] -> 0x1513
mem[X,0x00000000800254FA] -> 0x00A5
[5117] [M]: 0x00000000800254F8 (0x00A51513) slli a0, a0, 0xa
x10 <- 0x00000000B504F000
mem[X,0x00000000800254FC] -> 0x0513
mem[X,0x00000000800254FE] -> 0x3335
[5118] [M]: 0x00000000800254FC (0x33350513) addi a0, a0, 0x333
x10 <- 0x00000000B504F333
mem[X,0x0000000080025500] -> 0x05B7
mem[X,0x0000000080025502] -> 0x0000
[5119] [M]: 0x0000000080025500 (0x000005B7) lui a1, 0x0
x11 <- 0x0000000000000000
mem[X,0x0000000080025504] -> 0x8593
mem[X,0x0000000080025506] -> 0xFFF5
[5120] [M]: 0x0000000080025504 (0xFFF58593) addi a1, a1, -0x1
x11 <- 0xFFFFFFFFFFFFFFFF
mem[X,0x0000000080025508] -> 0x9593
mem[X,0x000000008002550A] -> 0x00B5
[5121] [M]: 0x0000000080025508 (0x00B59593) slli a1, a1, 0xb
x11 <- 0xFFFFFFFFFFFFF800
mem[X,0x000000008002550C] -> 0x8593
mem[X,0x000000008002550E] -> 0x2575
[5122] [M]: 0x000000008002550C (0x25758593) addi a1, a1, 0x257
x11 <- 0xFFFFFFFFFFFFFA57
mem[X,0x0000000080025510] -> 0x9593
mem[X,0x0000000080025512] -> 0x00B5
[5123] [M]: 0x0000000080025510 (0x00B59593) slli a1, a1, 0xb
x11 <- 0xFFFFFFFFFFD2B800
mem[X,0x0000000080025514] -> 0x8593
mem[X,0x0000000080025516] -> 0x6C35
[5124] [M]: 0x0000000080025514 (0x6C358593) addi a1, a1, 0x6c3
x11 <- 0xFFFFFFFFFFD2BEC3
mem[X,0x0000000080025518] -> 0x9593
mem[X,0x000000008002551A] -> 0x00A5
[5125] [M]: 0x0000000080025518 (0x00A59593) slli a1, a1, 0xa
x11 <- 0xFFFFFFFF4AFB0C00
mem[X,0x000000008002551C] -> 0x8593
mem[X,0x000000008002551E] -> 0x0CD5
[5126] [M]: 0x000000008002551C (0x0CD58593) addi a1, a1, 0xcd
x11 <- 0xFFFFFFFF4AFB0CCD
mem[X,0x0000000080025520] -> 0x0113
mem[X,0x0000000080025522] -> 0x0000
[5127] [M]: 0x0000000080025520 (0x00000113) addi sp, zero, 0x0
x2 <- 0x0000000000000000
mem[X,0x0000000080025524] -> 0x006F
mem[X,0x0000000080025526] -> 0x00C0
[5128] [M]: 0x0000000080025524 (0x00C0006F) jal zero, 0xc
mem[X,0x0000000080025530] -> 0x5CE3
mem[X,0x0000000080025532] -> 0xFEB5
[5129] [M]: 0x0000000080025530 (0xFEB55CE3) bge a0, a1, -0x8
mem[X,0x0000000080025528] -> 0x0113
mem[X,0x000000008002552A] -> 0x0011
[5130] [M]: 0x0000000080025528 (0x00110113) addi sp, sp, 0x1
x2 <- 0x0000000000000001
mem[X,0x000000008002552C] -> 0x006F
mem[X,0x000000008002552E] -> 0x0180
[5131] [M]: 0x000000008002552C (0x0180006F) jal zero, 0x18
mem[X,0x0000000080025544] -> 0xB023
mem[X,0x0000000080025546] -> 0x2220
[5132] [M]: 0x0000000080025544 (0x2220B023) sd sp, 0x220(ra)
mem[0x0000000080048BF0] <- 0x0000000000000001
mem[X,0x0000000080025548] -> 0x0537
mem[X,0x000000008002554A] -> 0x0000
[5133] [M]: 0x0000000080025548 (0x00000537) lui a0, 0x0
x10 <- 0x0000000000000000
mem[X,0x000000008002554C] -> 0x0513
mem[X,0x000000008002554E] -> 0x0005
[5134] [M]: 0x000000008002554C (0x00050513) addi a0, a0, 0x0
x10 <- 0x0000000000000000
mem[X,0x0000000080025550] -> 0x1513
mem[X,0x0000000080025552] -> 0x00B5
[5135] [M]: 0x0000000080025550 (0x00B51513) slli a0, a0, 0xb
x10 <- 0x0000000000000000
mem[X,0x0000000080025554] -> 0x0513
mem[X,0x0000000080025556] -> 0x5A85
[5136] [M]: 0x0000000080025554 (0x5A850513) addi a0, a0, 0x5a8
x10 <- 0x00000000000005A8
mem[X,0x0000000080025558] -> 0x1513
mem[X,0x000000008002555A] -> 0x00B5
[5137] [M]: 0x0000000080025558 (0x00B51513) slli a0, a0, 0xb
x10 <- 0x00000000002D4000
mem[X,0x000000008002555C] -> 0x0513
mem[X,0x000000008002555E] -> 0x13C5
[5138] [M]: 0x000000008002555C (0x13C50513) addi a0, a0, 0x13c
x10 <- 0x00000000002D413C
mem[X,0x0000000080025560] -> 0x1513
mem[X,0x0000000080025562] -> 0x00A5
[5139] [M]: 0x0000000080025560 (0x00A51513) slli a0, a0, 0xa
x10 <- 0x00000000B504F000
mem[X,0x0000000080025564] -> 0x0513
mem[X,0x0000000080025566] -> 0x3335
[5140] [M]: 0x0000000080025564 (0x33350513) addi a0, a0, 0x333
x10 <- 0x00000000B504F333
mem[X,0x0000000080025568] -> 0x05B7
mem[X,0x000000008002556A] -> 0x0000
[5141] [M]: 0x0000000080025568 (0x000005B7) lui a1, 0x0
x11 <- 0x0000000000000000
mem[X,0x000000008002556C] -> 0x8593
mem[X,0x000000008002556E] -> 0x0005
[5142] [M]: 0x000000008002556C (0x00058593) addi a1, a1, 0x0
x11 <- 0x0000000000000000
mem[X,0x0000000080025570] -> 0x9593
mem[X,0x0000000080025572] -> 0x00B5
[5143] [M]: 0x0000000080025570 (0x00B59593) slli a1, a1, 0xb
x11 <- 0x0000000000000000
mem[X,0x0000000080025574] -> 0x8593
mem[X,0x0000000080025576] -> 0x5A85
[5144] [M]: 0x0000000080025574 (0x5A858593) addi a1, a1, 0x5a8
x11 <- 0x00000000000005A8
mem[X,0x0000000080025578] -> 0x9593
mem[X,0x000000008002557A] -> 0x00B5
[5145] [M]: 0x0000000080025578 (0x00B59593) slli a1, a1, 0xb
x11 <- 0x00000000002D4000
mem[X,0x000000008002557C] -> 0x8593
mem[X,0x000000008002557E] -> 0x13C5
[5146] [M]: 0x000000008002557C (0x13C58593) addi a1, a1, 0x13c
x11 <- 0x00000000002D413C
mem[X,0x0000000080025580] -> 0x9593
mem[X,0x0000000080025582] -> 0x00A5
[5147] [M]: 0x0000000080025580 (0x00A59593) slli a1, a1, 0xa
x11 <- 0x00000000B504F000
mem[X,0x0000000080025584] -> 0x8593
mem[X,0x0000000080025586] -> 0x3335
[5148] [M]: 0x0000000080025584 (0x33358593) addi a1, a1, 0x333
x11 <- 0x00000000B504F333
mem[X,0x0000000080025588] -> 0x0113
mem[X,0x000000008002558A] -> 0x0000
[5149] [M]: 0x0000000080025588 (0x00000113) addi sp, zero, 0x0
x2 <- 0x0000000000000000
mem[X,0x000000008002558C] -> 0x006F
mem[X,0x000000008002558E] -> 0x00C0
[5150] [M]: 0x000000008002558C (0x00C0006F) jal zero, 0xc
mem[X,0x0000000080025598] -> 0x5CE3
mem[X,0x000000008002559A] -> 0xFEB5
[5151] [M]: 0x0000000080025598 (0xFEB55CE3) bge a0, a1, -0x8
mem[X,0x0000000080025590] -> 0x0113
mem[X,0x0000000080025592] -> 0x0011
[5152] [M]: 0x0000000080025590 (0x00110113) addi sp, sp, 0x1
x2 <- 0x0000000000000001
mem[X,0x0000000080025594] -> 0x006F
mem[X,0x0000000080025596] -> 0x0180
[5153] [M]: 0x0000000080025594 (0x0180006F) jal zero, 0x18
mem[X,0x00000000800255AC] -> 0xB423
mem[X,0x00000000800255AE] -> 0x2220
[5154] [M]: 0x00000000800255AC (0x2220B423) sd sp, 0x228(ra)
mem[0x0000000080048BF8] <- 0x0000000000000001
mem[X,0x00000000800255B0] -> 0x0537
mem[X,0x00000000800255B2] -> 0x0000
[5155] [M]: 0x00000000800255B0 (0x00000537) lui a0, 0x0
x10 <- 0x0000000000000000
mem[X,0x00000000800255B4] -> 0x0513
mem[X,0x00000000800255B6] -> 0x0005
[5156] [M]: 0x00000000800255B4 (0x00050513) addi a0, a0, 0x0
x10 <- 0x0000000000000000
mem[X,0x00000000800255B8] -> 0x1513
mem[X,0x00000000800255BA] -> 0x00B5
[5157] [M]: 0x00000000800255B8 (0x00B51513) slli a0, a0, 0xb
x10 <- 0x0000000000000000
mem[X,0x00000000800255BC] -> 0x0513
mem[X,0x00000000800255BE] -> 0x5A85
[5158] [M]: 0x00000000800255BC (0x5A850513) addi a0, a0, 0x5a8
x10 <- 0x00000000000005A8
mem[X,0x00000000800255C0] -> 0x1513
mem[X,0x00000000800255C2] -> 0x00B5
[5159] [M]: 0x00000000800255C0 (0x00B51513) slli a0, a0, 0xb
x10 <- 0x00000000002D4000
mem[X,0x00000000800255C4] -> 0x0513
mem[X,0x00000000800255C6] -> 0x13C5
[5160] [M]: 0x00000000800255C4 (0x13C50513) addi a0, a0, 0x13c
x10 <- 0x00000000002D413C
mem[X,0x00000000800255C8] -> 0x1513
mem[X,0x00000000800255CA] -> 0x00A5
[5161] [M]: 0x00000000800255C8 (0x00A51513) slli a0, a0, 0xa
x10 <- 0x00000000B504F000
mem[X,0x00000000800255CC] -> 0x0513
mem[X,0x00000000800255CE] -> 0x3335
[5162] [M]: 0x00000000800255CC (0x33350513) addi a0, a0, 0x333
x10 <- 0x00000000B504F333
mem[X,0x00000000800255D0] -> 0x0593
mem[X,0x00000000800255D2] -> 0x0020
[5163] [M]: 0x00000000800255D0 (0x00200593) addi a1, zero, 0x2
x11 <- 0x0000000000000002
mem[X,0x00000000800255D4] -> 0x0113
mem[X,0x00000000800255D6] -> 0x0000
[5164] [M]: 0x00000000800255D4 (0x00000113) addi sp, zero, 0x0
x2 <- 0x0000000000000000
mem[X,0x00000000800255D8] -> 0x006F
mem[X,0x00000000800255DA] -> 0x00C0
[5165] [M]: 0x00000000800255D8 (0x00C0006F) jal zero, 0xc
mem[X,0x00000000800255E4] -> 0x5063
mem[X,0x00000000800255E6] -> 0x10B5
[5166] [M]: 0x00000000800255E4 (0x10B55063) bge a0, a1, 0x100
mem[X,0x00000000800256E4] -> 0x0113
mem[X,0x00000000800256E6] -> 0x0031
[5167] [M]: 0x00000000800256E4 (0x00310113) addi sp, sp, 0x3
x2 <- 0x0000000000000003
mem[X,0x00000000800256E8] -> 0x006F
mem[X,0x00000000800256EA] -> 0x0040
[5168] [M]: 0x00000000800256E8 (0x0040006F) jal zero, 0x4
mem[X,0x00000000800256EC] -> 0xB823
mem[X,0x00000000800256EE] -> 0x2220
[5169] [M]: 0x00000000800256EC (0x2220B823) sd sp, 0x230(ra)
mem[0x0000000080048C00] <- 0x0000000000000003
mem[X,0x00000000800256F0] -> 0x0537
mem[X,0x00000000800256F2] -> 0x0000
[5170] [M]: 0x00000000800256F0 (0x00000537) lui a0, 0x0
x10 <- 0x0000000000000000
mem[X,0x00000000800256F4] -> 0x0513
mem[X,0x00000000800256F6] -> 0x0005
[5171] [M]: 0x00000000800256F4 (0x00050513) addi a0, a0, 0x0
x10 <- 0x0000000000000000
mem[X,0x00000000800256F8] -> 0x1513
mem[X,0x00000000800256FA] -> 0x00B5
[5172] [M]: 0x00000000800256F8 (0x00B51513) slli a0, a0, 0xb
x10 <- 0x0000000000000000
mem[X,0x00000000800256FC] -> 0x0513
mem[X,0x00000000800256FE] -> 0x5A85
[5173] [M]: 0x00000000800256FC (0x5A850513) addi a0, a0, 0x5a8
x10 <- 0x00000000000005A8
mem[X,0x0000000080025700] -> 0x1513
mem[X,0x0000000080025702] -> 0x00B5
[5174] [M]: 0x0000000080025700 (0x00B51513) slli a0, a0, 0xb
x10 <- 0x00000000002D4000
mem[X,0x0000000080025704] -> 0x0513
mem[X,0x0000000080025706] -> 0x13C5
[5175] [M]: 0x0000000080025704 (0x13C50513) addi a0, a0, 0x13c
x10 <- 0x00000000002D413C
mem[X,0x0000000080025708] -> 0x1513
mem[X,0x000000008002570A] -> 0x00A5
[5176] [M]: 0x0000000080025708 (0x00A51513) slli a0, a0, 0xa
x10 <- 0x00000000B504F000
mem[X,0x000000008002570C] -> 0x0513
mem[X,0x000000008002570E] -> 0x3335
[5177] [M]: 0x000000008002570C (0x33350513) addi a0, a0, 0x333
x10 <- 0x00000000B504F333
mem[X,0x0000000080025710] -> 0x55B7
mem[X,0x0000000080025712] -> 0x5555
[5178] [M]: 0x0000000080025710 (0x555555B7) lui a1, 0x55555
x11 <- 0x0000000055555000
mem[X,0x0000000080025714] -> 0x8593
mem[X,0x0000000080025716] -> 0x5555
[5179] [M]: 0x0000000080025714 (0x55558593) addi a1, a1, 0x555
x11 <- 0x0000000055555555
mem[X,0x0000000080025718] -> 0x9593
mem[X,0x000000008002571A] -> 0x00B5
[5180] [M]: 0x0000000080025718 (0x00B59593) slli a1, a1, 0xb
x11 <- 0x000002AAAAAAA800
mem[X,0x000000008002571C] -> 0x8593
mem[X,0x000000008002571E] -> 0x2AA5
[5181] [M]: 0x000000008002571C (0x2AA58593) addi a1, a1, 0x2aa
x11 <- 0x000002AAAAAAAAAA
mem[X,0x0000000080025720] -> 0x9593
mem[X,0x0000000080025722] -> 0x00B5
[5182] [M]: 0x0000000080025720 (0x00B59593) slli a1, a1, 0xb
x11 <- 0x0015555555555000
mem[X,0x0000000080025724] -> 0x8593
mem[X,0x0000000080025726] -> 0x5555
[5183] [M]: 0x0000000080025724 (0x55558593) addi a1, a1, 0x555
x11 <- 0x0015555555555555
mem[X,0x0000000080025728] -> 0x9593
mem[X,0x000000008002572A] -> 0x00A5
[5184] [M]: 0x0000000080025728 (0x00A59593) slli a1, a1, 0xa
x11 <- 0x5555555555555400
mem[X,0x000000008002572C] -> 0x8593
mem[X,0x000000008002572E] -> 0x1545
[5185] [M]: 0x000000008002572C (0x15458593) addi a1, a1, 0x154
x11 <- 0x5555555555555554
mem[X,0x0000000080025730] -> 0x0113
mem[X,0x0000000080025732] -> 0x0000
[5186] [M]: 0x0000000080025730 (0x00000113) addi sp, zero, 0x0
x2 <- 0x0000000000000000
mem[X,0x0000000080025734] -> 0x006F
mem[X,0x0000000080025736] -> 0x00C0
[5187] [M]: 0x0000000080025734 (0x00C0006F) jal zero, 0xc
mem[X,0x0000000080025740] -> 0x5063
mem[X,0x0000000080025742] -> 0x40B5
[5188] [M]: 0x0000000080025740 (0x40B55063) bge a0, a1, 0x400
mem[X,0x0000000080025744] -> 0x0113
mem[X,0x0000000080025746] -> 0x0021
[5189] [M]: 0x0000000080025744 (0x00210113) addi sp, sp, 0x2
x2 <- 0x0000000000000002
mem[X,0x0000000080025748] -> 0x006F
mem[X,0x000000008002574A] -> 0x4000
[5190] [M]: 0x0000000080025748 (0x4000006F) jal zero, 0x400
mem[X,0x0000000080025B48] -> 0xBC23
mem[X,0x0000000080025B4A] -> 0x2220
[5191] [M]: 0x0000000080025B48 (0x2220BC23) sd sp, 0x238(ra)
mem[0x0000000080048C08] <- 0x0000000000000002
mem[X,0x0000000080025B4C] -> 0x0537
mem[X,0x0000000080025B4E] -> 0x0000
[5192] [M]: 0x0000000080025B4C (0x00000537) lui a0, 0x0
x10 <- 0x0000000000000000
mem[X,0x0000000080025B50] -> 0x0513
mem[X,0x0000000080025B52] -> 0x0005
[5193] [M]: 0x0000000080025B50 (0x00050513) addi a0, a0, 0x0
x10 <- 0x0000000000000000
mem[X,0x0000000080025B54] -> 0x1513
mem[X,0x0000000080025B56] -> 0x00B5
[5194] [M]: 0x0000000080025B54 (0x00B51513) slli a0, a0, 0xb
x10 <- 0x0000000000000000
mem[X,0x0000000080025B58] -> 0x0513
mem[X,0x0000000080025B5A] -> 0x5A85
[5195] [M]: 0x0000000080025B58 (0x5A850513) addi a0, a0, 0x5a8
x10 <- 0x00000000000005A8
mem[X,0x0000000080025B5C] -> 0x1513
mem[X,0x0000000080025B5E] -> 0x00B5
[5196] [M]: 0x0000000080025B5C (0x00B51513) slli a0, a0, 0xb
x10 <- 0x00000000002D4000
mem[X,0x0000000080025B60] -> 0x0513
mem[X,0x0000000080025B62] -> 0x13C5
[5197] [M]: 0x0000000080025B60 (0x13C50513) addi a0, a0, 0x13c
x10 <- 0x00000000002D413C
mem[X,0x0000000080025B64] -> 0x1513
mem[X,0x0000000080025B66] -> 0x00A5
[5198] [M]: 0x0000000080025B64 (0x00A51513) slli a0, a0, 0xa
x10 <- 0x00000000B504F000
mem[X,0x0000000080025B68] -> 0x0513
mem[X,0x0000000080025B6A] -> 0x3335
[5199] [M]: 0x0000000080025B68 (0x33350513) addi a0, a0, 0x333
x10 <- 0x00000000B504F333
clint::tick mtime <- 0x0000000000000034
 clint timer pending at mtime 0x0000000000000034
htif::tick 0x0000000000000000
mem[X,0x0000000080025B6C] -> 0x0593
mem[X,0x0000000080025B6E] -> 0x0000
[5200] [M]: 0x0000000080025B6C (0x00000593) addi a1, zero, 0x0
x11 <- 0x0000000000000000
mem[X,0x0000000080025B70] -> 0x0113
mem[X,0x0000000080025B72] -> 0x0000
[5201] [M]: 0x0000000080025B70 (0x00000113) addi sp, zero, 0x0
x2 <- 0x0000000000000000
mem[X,0x0000000080025B74] -> 0x006F
mem[X,0x0000000080025B76] -> 0x00C0
[5202] [M]: 0x0000000080025B74 (0x00C0006F) jal zero, 0xc
mem[X,0x0000000080025B80] -> 0x5663
mem[X,0x0000000080025B82] -> 0x00B5
[5203] [M]: 0x0000000080025B80 (0x00B55663) bge a0, a1, 0xc
mem[X,0x0000000080025B8C] -> 0x0113
mem[X,0x0000000080025B8E] -> 0x0031
[5204] [M]: 0x0000000080025B8C (0x00310113) addi sp, sp, 0x3
x2 <- 0x0000000000000003
mem[X,0x0000000080025B90] -> 0x006F
mem[X,0x0000000080025B92] -> 0x0040
[5205] [M]: 0x0000000080025B90 (0x0040006F) jal zero, 0x4
mem[X,0x0000000080025B94] -> 0xB023
mem[X,0x0000000080025B96] -> 0x2420
[5206] [M]: 0x0000000080025B94 (0x2420B023) sd sp, 0x240(ra)
mem[0x0000000080048C10] <- 0x0000000000000003
mem[X,0x0000000080025B98] -> 0x0537
mem[X,0x0000000080025B9A] -> 0x0000
[5207] [M]: 0x0000000080025B98 (0x00000537) lui a0, 0x0
x10 <- 0x0000000000000000
mem[X,0x0000000080025B9C] -> 0x0513
mem[X,0x0000000080025B9E] -> 0x0005
[5208] [M]: 0x0000000080025B9C (0x00050513) addi a0, a0, 0x0
x10 <- 0x0000000000000000
mem[X,0x0000000080025BA0] -> 0x1513
mem[X,0x0000000080025BA2] -> 0x00B5
[5209] [M]: 0x0000000080025BA0 (0x00B51513) slli a0, a0, 0xb
x10 <- 0x0000000000000000
mem[X,0x0000000080025BA4] -> 0x0513
mem[X,0x0000000080025BA6] -> 0x5A85
[5210] [M]: 0x0000000080025BA4 (0x5A850513) addi a0, a0, 0x5a8
x10 <- 0x00000000000005A8
mem[X,0x0000000080025BA8] -> 0x1513
mem[X,0x0000000080025BAA] -> 0x00B5
[5211] [M]: 0x0000000080025BA8 (0x00B51513) slli a0, a0, 0xb
x10 <- 0x00000000002D4000
mem[X,0x0000000080025BAC] -> 0x0513
mem[X,0x0000000080025BAE] -> 0x13C5
[5212] [M]: 0x0000000080025BAC (0x13C50513) addi a0, a0, 0x13c
x10 <- 0x00000000002D413C
mem[X,0x0000000080025BB0] -> 0x1513
mem[X,0x0000000080025BB2] -> 0x00A5
[5213] [M]: 0x0000000080025BB0 (0x00A51513) slli a0, a0, 0xa
x10 <- 0x00000000B504F000
mem[X,0x0000000080025BB4] -> 0x0513
mem[X,0x0000000080025BB6] -> 0x3335
[5214] [M]: 0x0000000080025BB4 (0x33350513) addi a0, a0, 0x333
x10 <- 0x00000000B504F333
mem[X,0x0000000080025BB8] -> 0x0593
mem[X,0x0000000080025BBA] -> 0x0040
[5215] [M]: 0x0000000080025BB8 (0x00400593) addi a1, zero, 0x4
x11 <- 0x0000000000000004
mem[X,0x0000000080025BBC] -> 0x0113
mem[X,0x0000000080025BBE] -> 0x0000
[5216] [M]: 0x0000000080025BBC (0x00000113) addi sp, zero, 0x0
x2 <- 0x0000000000000000
mem[X,0x0000000080025BC0] -> 0x006F
mem[X,0x0000000080025BC2] -> 0x00C0
[5217] [M]: 0x0000000080025BC0 (0x00C0006F) jal zero, 0xc
mem[X,0x0000000080025BCC] -> 0x5063
mem[X,0x0000000080025BCE] -> 0x20B5
[5218] [M]: 0x0000000080025BCC (0x20B55063) bge a0, a1, 0x200
mem[X,0x0000000080025DCC] -> 0x0113
mem[X,0x0000000080025DCE] -> 0x0031
[5219] [M]: 0x0000000080025DCC (0x00310113) addi sp, sp, 0x3
x2 <- 0x0000000000000003
mem[X,0x0000000080025DD0] -> 0x006F
mem[X,0x0000000080025DD2] -> 0x0040
[5220] [M]: 0x0000000080025DD0 (0x0040006F) jal zero, 0x4
mem[X,0x0000000080025DD4] -> 0xB423
mem[X,0x0000000080025DD6] -> 0x2420
[5221] [M]: 0x0000000080025DD4 (0x2420B423) sd sp, 0x248(ra)
mem[0x0000000080048C18] <- 0x0000000000000003
mem[X,0x0000000080025DD8] -> 0x0537
mem[X,0x0000000080025DDA] -> 0x0000
[5222] [M]: 0x0000000080025DD8 (0x00000537) lui a0, 0x0
x10 <- 0x0000000000000000
mem[X,0x0000000080025DDC] -> 0x0513
mem[X,0x0000000080025DDE] -> 0x0005
[5223] [M]: 0x0000000080025DDC (0x00050513) addi a0, a0, 0x0
x10 <- 0x0000000000000000
mem[X,0x0000000080025DE0] -> 0x1513
mem[X,0x0000000080025DE2] -> 0x00B5
[5224] [M]: 0x0000000080025DE0 (0x00B51513) slli a0, a0, 0xb
x10 <- 0x0000000000000000
mem[X,0x0000000080025DE4] -> 0x0513
mem[X,0x0000000080025DE6] -> 0x5A85
[5225] [M]: 0x0000000080025DE4 (0x5A850513) addi a0, a0, 0x5a8
x10 <- 0x00000000000005A8
mem[X,0x0000000080025DE8] -> 0x1513
mem[X,0x0000000080025DEA] -> 0x00B5
[5226] [M]: 0x0000000080025DE8 (0x00B51513) slli a0, a0, 0xb
x10 <- 0x00000000002D4000
mem[X,0x0000000080025DEC] -> 0x0513
mem[X,0x0000000080025DEE] -> 0x13C5
[5227] [M]: 0x0000000080025DEC (0x13C50513) addi a0, a0, 0x13c
x10 <- 0x00000000002D413C
mem[X,0x0000000080025DF0] -> 0x1513
mem[X,0x0000000080025DF2] -> 0x00A5
[5228] [M]: 0x0000000080025DF0 (0x00A51513) slli a0, a0, 0xa
x10 <- 0x00000000B504F000
mem[X,0x0000000080025DF4] -> 0x0513
mem[X,0x0000000080025DF6] -> 0x3335
[5229] [M]: 0x0000000080025DF4 (0x33350513) addi a0, a0, 0x333
x10 <- 0x00000000B504F333
mem[X,0x0000000080025DF8] -> 0x35B7
mem[X,0x0000000080025DFA] -> 0x3333
[5230] [M]: 0x0000000080025DF8 (0x333335B7) lui a1, 0x33333
x11 <- 0x0000000033333000
mem[X,0x0000000080025DFC] -> 0x8593
mem[X,0x0000000080025DFE] -> 0x3335
[5231] [M]: 0x0000000080025DFC (0x33358593) addi a1, a1, 0x333
x11 <- 0x0000000033333333
mem[X,0x0000000080025E00] -> 0x9593
mem[X,0x0000000080025E02] -> 0x00B5
[5232] [M]: 0x0000000080025E00 (0x00B59593) slli a1, a1, 0xb
x11 <- 0x0000019999999800
mem[X,0x0000000080025E04] -> 0x8593
mem[X,0x0000000080025E06] -> 0x1995
[5233] [M]: 0x0000000080025E04 (0x19958593) addi a1, a1, 0x199
x11 <- 0x0000019999999999
mem[X,0x0000000080025E08] -> 0x9593
mem[X,0x0000000080025E0A] -> 0x00B5
[5234] [M]: 0x0000000080025E08 (0x00B59593) slli a1, a1, 0xb
x11 <- 0x000CCCCCCCCCC800
mem[X,0x0000000080025E0C] -> 0x8593
mem[X,0x0000000080025E0E] -> 0x4CC5
[5235] [M]: 0x0000000080025E0C (0x4CC58593) addi a1, a1, 0x4cc
x11 <- 0x000CCCCCCCCCCCCC
mem[X,0x0000000080025E10] -> 0x9593
mem[X,0x0000000080025E12] -> 0x00A5
[5236] [M]: 0x0000000080025E10 (0x00A59593) slli a1, a1, 0xa
x11 <- 0x3333333333333000
mem[X,0x0000000080025E14] -> 0x8593
mem[X,0x0000000080025E16] -> 0x3325
[5237] [M]: 0x0000000080025E14 (0x33258593) addi a1, a1, 0x332
x11 <- 0x3333333333333332
mem[X,0x0000000080025E18] -> 0x0113
mem[X,0x0000000080025E1A] -> 0x0000
[5238] [M]: 0x0000000080025E18 (0x00000113) addi sp, zero, 0x0
x2 <- 0x0000000000000000
mem[X,0x0000000080025E1C] -> 0x006F
mem[X,0x0000000080025E1E] -> 0x00C0
[5239] [M]: 0x0000000080025E1C (0x00C0006F) jal zero, 0xc
mem[X,0x0000000080025E28] -> 0x5063
mem[X,0x0000000080025E2A] -> 0x20B5
[5240] [M]: 0x0000000080025E28 (0x20B55063) bge a0, a1, 0x200
mem[X,0x0000000080025E2C] -> 0x0113
mem[X,0x0000000080025E2E] -> 0x0021
[5241] [M]: 0x0000000080025E2C (0x00210113) addi sp, sp, 0x2
x2 <- 0x0000000000000002
mem[X,0x0000000080025E30] -> 0x006F
mem[X,0x0000000080025E32] -> 0x2000
[5242] [M]: 0x0000000080025E30 (0x2000006F) jal zero, 0x200
mem[X,0x0000000080026030] -> 0xB823
mem[X,0x0000000080026032] -> 0x2420
[5243] [M]: 0x0000000080026030 (0x2420B823) sd sp, 0x250(ra)
mem[0x0000000080048C20] <- 0x0000000000000002
mem[X,0x0000000080026034] -> 0x0537
mem[X,0x0000000080026036] -> 0x0000
[5244] [M]: 0x0000000080026034 (0x00000537) lui a0, 0x0
x10 <- 0x0000000000000000
mem[X,0x0000000080026038] -> 0x0513
mem[X,0x000000008002603A] -> 0x0005
[5245] [M]: 0x0000000080026038 (0x00050513) addi a0, a0, 0x0
x10 <- 0x0000000000000000
mem[X,0x000000008002603C] -> 0x1513
mem[X,0x000000008002603E] -> 0x00B5
[5246] [M]: 0x000000008002603C (0x00B51513) slli a0, a0, 0xb
x10 <- 0x0000000000000000
mem[X,0x0000000080026040] -> 0x0513
mem[X,0x0000000080026042] -> 0x5A85
[5247] [M]: 0x0000000080026040 (0x5A850513) addi a0, a0, 0x5a8
x10 <- 0x00000000000005A8
mem[X,0x0000000080026044] -> 0x1513
mem[X,0x0000000080026046] -> 0x00B5
[5248] [M]: 0x0000000080026044 (0x00B51513) slli a0, a0, 0xb
x10 <- 0x00000000002D4000
mem[X,0x0000000080026048] -> 0x0513
mem[X,0x000000008002604A] -> 0x13C5
[5249] [M]: 0x0000000080026048 (0x13C50513) addi a0, a0, 0x13c
x10 <- 0x00000000002D413C
mem[X,0x000000008002604C] -> 0x1513
mem[X,0x000000008002604E] -> 0x00A5
[5250] [M]: 0x000000008002604C (0x00A51513) slli a0, a0, 0xa
x10 <- 0x00000000B504F000
mem[X,0x0000000080026050] -> 0x0513
mem[X,0x0000000080026052] -> 0x3335
[5251] [M]: 0x0000000080026050 (0x33350513) addi a0, a0, 0x333
x10 <- 0x00000000B504F333
mem[X,0x0000000080026054] -> 0x65B7
mem[X,0x0000000080026056] -> 0x6666
[5252] [M]: 0x0000000080026054 (0x666665B7) lui a1, 0x66666
x11 <- 0x0000000066666000
mem[X,0x0000000080026058] -> 0x8593
mem[X,0x000000008002605A] -> 0x6665
[5253] [M]: 0x0000000080026058 (0x66658593) addi a1, a1, 0x666
x11 <- 0x0000000066666666
mem[X,0x000000008002605C] -> 0x9593
mem[X,0x000000008002605E] -> 0x00B5
[5254] [M]: 0x000000008002605C (0x00B59593) slli a1, a1, 0xb
x11 <- 0x0000033333333000
mem[X,0x0000000080026060] -> 0x8593
mem[X,0x0000000080026062] -> 0x3335
[5255] [M]: 0x0000000080026060 (0x33358593) addi a1, a1, 0x333
x11 <- 0x0000033333333333
mem[X,0x0000000080026064] -> 0x9593
mem[X,0x0000000080026066] -> 0x00B5
[5256] [M]: 0x0000000080026064 (0x00B59593) slli a1, a1, 0xb
x11 <- 0x0019999999999800
mem[X,0x0000000080026068] -> 0x8593
mem[X,0x000000008002606A] -> 0x1995
[5257] [M]: 0x0000000080026068 (0x19958593) addi a1, a1, 0x199
x11 <- 0x0019999999999999
mem[X,0x000000008002606C] -> 0x9593
mem[X,0x000000008002606E] -> 0x00A5
[5258] [M]: 0x000000008002606C (0x00A59593) slli a1, a1, 0xa
x11 <- 0x6666666666666400
mem[X,0x0000000080026070] -> 0x8593
mem[X,0x0000000080026072] -> 0x2655
[5259] [M]: 0x0000000080026070 (0x26558593) addi a1, a1, 0x265
x11 <- 0x6666666666666665
mem[X,0x0000000080026074] -> 0x0113
mem[X,0x0000000080026076] -> 0x0000
[5260] [M]: 0x0000000080026074 (0x00000113) addi sp, zero, 0x0
x2 <- 0x0000000000000000
mem[X,0x0000000080026078] -> 0x006F
mem[X,0x000000008002607A] -> 0x00C0
[5261] [M]: 0x0000000080026078 (0x00C0006F) jal zero, 0xc
mem[X,0x0000000080026084] -> 0x5063
mem[X,0x0000000080026086] -> 0x02B5
[5262] [M]: 0x0000000080026084 (0x02B55063) bge a0, a1, 0x20
mem[X,0x0000000080026088] -> 0x0113
mem[X,0x000000008002608A] -> 0x0021
[5263] [M]: 0x0000000080026088 (0x00210113) addi sp, sp, 0x2
x2 <- 0x0000000000000002
mem[X,0x000000008002608C] -> 0x006F
mem[X,0x000000008002608E] -> 0x0200
[5264] [M]: 0x000000008002608C (0x0200006F) jal zero, 0x20
mem[X,0x00000000800260AC] -> 0xBC23
mem[X,0x00000000800260AE] -> 0x2420
[5265] [M]: 0x00000000800260AC (0x2420BC23) sd sp, 0x258(ra)
mem[0x0000000080048C28] <- 0x0000000000000002
mem[X,0x00000000800260B0] -> 0x0537
mem[X,0x00000000800260B2] -> 0x0000
[5266] [M]: 0x00000000800260B0 (0x00000537) lui a0, 0x0
x10 <- 0x0000000000000000
mem[X,0x00000000800260B4] -> 0x0513
mem[X,0x00000000800260B6] -> 0x0005
[5267] [M]: 0x00000000800260B4 (0x00050513) addi a0, a0, 0x0
x10 <- 0x0000000000000000
mem[X,0x00000000800260B8] -> 0x1513
mem[X,0x00000000800260BA] -> 0x00B5
[5268] [M]: 0x00000000800260B8 (0x00B51513) slli a0, a0, 0xb
x10 <- 0x0000000000000000
mem[X,0x00000000800260BC] -> 0x0513
mem[X,0x00000000800260BE] -> 0x5A85
[5269] [M]: 0x00000000800260BC (0x5A850513) addi a0, a0, 0x5a8
x10 <- 0x00000000000005A8
mem[X,0x00000000800260C0] -> 0x1513
mem[X,0x00000000800260C2] -> 0x00B5
[5270] [M]: 0x00000000800260C0 (0x00B51513) slli a0, a0, 0xb
x10 <- 0x00000000002D4000
mem[X,0x00000000800260C4] -> 0x0513
mem[X,0x00000000800260C6] -> 0x13C5
[5271] [M]: 0x00000000800260C4 (0x13C50513) addi a0, a0, 0x13c
x10 <- 0x00000000002D413C
mem[X,0x00000000800260C8] -> 0x1513
mem[X,0x00000000800260CA] -> 0x00A5
[5272] [M]: 0x00000000800260C8 (0x00A51513) slli a0, a0, 0xa
x10 <- 0x00000000B504F000
mem[X,0x00000000800260CC] -> 0x0513
mem[X,0x00000000800260CE] -> 0x3335
[5273] [M]: 0x00000000800260CC (0x33350513) addi a0, a0, 0x333
x10 <- 0x00000000B504F333
mem[X,0x00000000800260D0] -> 0x05B7
mem[X,0x00000000800260D2] -> 0x0000
[5274] [M]: 0x00000000800260D0 (0x000005B7) lui a1, 0x0
x11 <- 0x0000000000000000
mem[X,0x00000000800260D4] -> 0x8593
mem[X,0x00000000800260D6] -> 0x0005
[5275] [M]: 0x00000000800260D4 (0x00058593) addi a1, a1, 0x0
x11 <- 0x0000000000000000
mem[X,0x00000000800260D8] -> 0x9593
mem[X,0x00000000800260DA] -> 0x00B5
[5276] [M]: 0x00000000800260D8 (0x00B59593) slli a1, a1, 0xb
x11 <- 0x0000000000000000
mem[X,0x00000000800260DC] -> 0x8593
mem[X,0x00000000800260DE] -> 0x5A85
[5277] [M]: 0x00000000800260DC (0x5A858593) addi a1, a1, 0x5a8
x11 <- 0x00000000000005A8
mem[X,0x00000000800260E0] -> 0x9593
mem[X,0x00000000800260E2] -> 0x00B5
[5278] [M]: 0x00000000800260E0 (0x00B59593) slli a1, a1, 0xb
x11 <- 0x00000000002D4000
mem[X,0x00000000800260E4] -> 0x8593
mem[X,0x00000000800260E6] -> 0x13C5
[5279] [M]: 0x00000000800260E4 (0x13C58593) addi a1, a1, 0x13c
x11 <- 0x00000000002D413C
mem[X,0x00000000800260E8] -> 0x9593
mem[X,0x00000000800260EA] -> 0x00A5
[5280] [M]: 0x00000000800260E8 (0x00A59593) slli a1, a1, 0xa
x11 <- 0x00000000B504F000
mem[X,0x00000000800260EC] -> 0x8593
mem[X,0x00000000800260EE] -> 0x3325
[5281] [M]: 0x00000000800260EC (0x33258593) addi a1, a1, 0x332
x11 <- 0x00000000B504F332
mem[X,0x00000000800260F0] -> 0x0113
mem[X,0x00000000800260F2] -> 0x0000
[5282] [M]: 0x00000000800260F0 (0x00000113) addi sp, zero, 0x0
x2 <- 0x0000000000000000
mem[X,0x00000000800260F4] -> 0x006F
mem[X,0x00000000800260F6] -> 0x0180
[5283] [M]: 0x00000000800260F4 (0x0180006F) jal zero, 0x18
mem[X,0x000000008002610C] -> 0x56E3
mem[X,0x000000008002610E] -> 0xFEB5
[5284] [M]: 0x000000008002610C (0xFEB556E3) bge a0, a1, -0x14
mem[X,0x00000000800260F8] -> 0x0113
mem[X,0x00000000800260FA] -> 0x0011
[5285] [M]: 0x00000000800260F8 (0x00110113) addi sp, sp, 0x1
x2 <- 0x0000000000000001
mem[X,0x00000000800260FC] -> 0x006F
mem[X,0x00000000800260FE] -> 0x0240
[5286] [M]: 0x00000000800260FC (0x0240006F) jal zero, 0x24
mem[X,0x0000000080026120] -> 0xB023
mem[X,0x0000000080026122] -> 0x2620
[5287] [M]: 0x0000000080026120 (0x2620B023) sd sp, 0x260(ra)
mem[0x0000000080048C30] <- 0x0000000000000001
mem[X,0x0000000080026124] -> 0x0537
mem[X,0x0000000080026126] -> 0x0000
[5288] [M]: 0x0000000080026124 (0x00000537) lui a0, 0x0
x10 <- 0x0000000000000000
mem[X,0x0000000080026128] -> 0x0513
mem[X,0x000000008002612A] -> 0x0005
[5289] [M]: 0x0000000080026128 (0x00050513) addi a0, a0, 0x0
x10 <- 0x0000000000000000
mem[X,0x000000008002612C] -> 0x1513
mem[X,0x000000008002612E] -> 0x00B5
[5290] [M]: 0x000000008002612C (0x00B51513) slli a0, a0, 0xb
x10 <- 0x0000000000000000
mem[X,0x0000000080026130] -> 0x0513
mem[X,0x0000000080026132] -> 0x5A85
[5291] [M]: 0x0000000080026130 (0x5A850513) addi a0, a0, 0x5a8
x10 <- 0x00000000000005A8
mem[X,0x0000000080026134] -> 0x1513
mem[X,0x0000000080026136] -> 0x00B5
[5292] [M]: 0x0000000080026134 (0x00B51513) slli a0, a0, 0xb
x10 <- 0x00000000002D4000
mem[X,0x0000000080026138] -> 0x0513
mem[X,0x000000008002613A] -> 0x13C5
[5293] [M]: 0x0000000080026138 (0x13C50513) addi a0, a0, 0x13c
x10 <- 0x00000000002D413C
mem[X,0x000000008002613C] -> 0x1513
mem[X,0x000000008002613E] -> 0x00A5
[5294] [M]: 0x000000008002613C (0x00A51513) slli a0, a0, 0xa
x10 <- 0x00000000B504F000
mem[X,0x0000000080026140] -> 0x0513
mem[X,0x0000000080026142] -> 0x3335
[5295] [M]: 0x0000000080026140 (0x33350513) addi a0, a0, 0x333
x10 <- 0x00000000B504F333
mem[X,0x0000000080026144] -> 0x55B7
mem[X,0x0000000080026146] -> 0x5555
[5296] [M]: 0x0000000080026144 (0x555555B7) lui a1, 0x55555
x11 <- 0x0000000055555000
mem[X,0x0000000080026148] -> 0x8593
mem[X,0x000000008002614A] -> 0x5555
[5297] [M]: 0x0000000080026148 (0x55558593) addi a1, a1, 0x555
x11 <- 0x0000000055555555
mem[X,0x000000008002614C] -> 0x9593
mem[X,0x000000008002614E] -> 0x00B5
[5298] [M]: 0x000000008002614C (0x00B59593) slli a1, a1, 0xb
x11 <- 0x000002AAAAAAA800
mem[X,0x0000000080026150] -> 0x8593
mem[X,0x0000000080026152] -> 0x2AA5
[5299] [M]: 0x0000000080026150 (0x2AA58593) addi a1, a1, 0x2aa
x11 <- 0x000002AAAAAAAAAA
clint::tick mtime <- 0x0000000000000035
 clint timer pending at mtime 0x0000000000000035
htif::tick 0x0000000000000000
mem[X,0x0000000080026154] -> 0x9593
mem[X,0x0000000080026156] -> 0x00B5
[5300] [M]: 0x0000000080026154 (0x00B59593) slli a1, a1, 0xb
x11 <- 0x0015555555555000
mem[X,0x0000000080026158] -> 0x8593
mem[X,0x000000008002615A] -> 0x5555
[5301] [M]: 0x0000000080026158 (0x55558593) addi a1, a1, 0x555
x11 <- 0x0015555555555555
mem[X,0x000000008002615C] -> 0x9593
mem[X,0x000000008002615E] -> 0x00A5
[5302] [M]: 0x000000008002615C (0x00A59593) slli a1, a1, 0xa
x11 <- 0x5555555555555400
mem[X,0x0000000080026160] -> 0x8593
mem[X,0x0000000080026162] -> 0x1565
[5303] [M]: 0x0000000080026160 (0x15658593) addi a1, a1, 0x156
x11 <- 0x5555555555555556
mem[X,0x0000000080026164] -> 0x0113
mem[X,0x0000000080026166] -> 0x0000
[5304] [M]: 0x0000000080026164 (0x00000113) addi sp, zero, 0x0
x2 <- 0x0000000000000000
mem[X,0x0000000080026168] -> 0x006F
mem[X,0x000000008002616A] -> 0x00C0
[5305] [M]: 0x0000000080026168 (0x00C0006F) jal zero, 0xc
mem[X,0x0000000080026174] -> 0x5063
mem[X,0x0000000080026176] -> 0x08B5
[5306] [M]: 0x0000000080026174 (0x08B55063) bge a0, a1, 0x80
mem[X,0x0000000080026178] -> 0x0113
mem[X,0x000000008002617A] -> 0x0021
[5307] [M]: 0x0000000080026178 (0x00210113) addi sp, sp, 0x2
x2 <- 0x0000000000000002
mem[X,0x000000008002617C] -> 0x006F
mem[X,0x000000008002617E] -> 0x0800
[5308] [M]: 0x000000008002617C (0x0800006F) jal zero, 0x80
mem[X,0x00000000800261FC] -> 0xB423
mem[X,0x00000000800261FE] -> 0x2620
[5309] [M]: 0x00000000800261FC (0x2620B423) sd sp, 0x268(ra)
mem[0x0000000080048C38] <- 0x0000000000000002
mem[X,0x0000000080026200] -> 0x0537
mem[X,0x0000000080026202] -> 0x0000
[5310] [M]: 0x0000000080026200 (0x00000537) lui a0, 0x0
x10 <- 0x0000000000000000
mem[X,0x0000000080026204] -> 0x0513
mem[X,0x0000000080026206] -> 0x0005
[5311] [M]: 0x0000000080026204 (0x00050513) addi a0, a0, 0x0
x10 <- 0x0000000000000000
mem[X,0x0000000080026208] -> 0x1513
mem[X,0x000000008002620A] -> 0x00B5
[5312] [M]: 0x0000000080026208 (0x00B51513) slli a0, a0, 0xb
x10 <- 0x0000000000000000
mem[X,0x000000008002620C] -> 0x0513
mem[X,0x000000008002620E] -> 0x5A85
[5313] [M]: 0x000000008002620C (0x5A850513) addi a0, a0, 0x5a8
x10 <- 0x00000000000005A8
mem[X,0x0000000080026210] -> 0x1513
mem[X,0x0000000080026212] -> 0x00B5
[5314] [M]: 0x0000000080026210 (0x00B51513) slli a0, a0, 0xb
x10 <- 0x00000000002D4000
mem[X,0x0000000080026214] -> 0x0513
mem[X,0x0000000080026216] -> 0x13C5
[5315] [M]: 0x0000000080026214 (0x13C50513) addi a0, a0, 0x13c
x10 <- 0x00000000002D413C
mem[X,0x0000000080026218] -> 0x1513
mem[X,0x000000008002621A] -> 0x00A5
[5316] [M]: 0x0000000080026218 (0x00A51513) slli a0, a0, 0xa
x10 <- 0x00000000B504F000
mem[X,0x000000008002621C] -> 0x0513
mem[X,0x000000008002621E] -> 0x3335
[5317] [M]: 0x000000008002621C (0x33350513) addi a0, a0, 0x333
x10 <- 0x00000000B504F333
mem[X,0x0000000080026220] -> 0xB5B7
mem[X,0x0000000080026222] -> 0xAAAA
[5318] [M]: 0x0000000080026220 (0xAAAAB5B7) lui a1, -0x55555
x11 <- 0xFFFFFFFFAAAAB000
mem[X,0x0000000080026224] -> 0x8593
mem[X,0x0000000080026226] -> 0xAAA5
[5319] [M]: 0x0000000080026224 (0xAAA58593) addi a1, a1, -0x556
x11 <- 0xFFFFFFFFAAAAAAAA
mem[X,0x0000000080026228] -> 0x9593
mem[X,0x000000008002622A] -> 0x00B5
[5320] [M]: 0x0000000080026228 (0x00B59593) slli a1, a1, 0xb
x11 <- 0xFFFFFD5555555000
mem[X,0x000000008002622C] -> 0x8593
mem[X,0x000000008002622E] -> 0x5555
[5321] [M]: 0x000000008002622C (0x55558593) addi a1, a1, 0x555
x11 <- 0xFFFFFD5555555555
mem[X,0x0000000080026230] -> 0x9593
mem[X,0x0000000080026232] -> 0x00B5
[5322] [M]: 0x0000000080026230 (0x00B59593) slli a1, a1, 0xb
x11 <- 0xFFEAAAAAAAAAA800
mem[X,0x0000000080026234] -> 0x8593
mem[X,0x0000000080026236] -> 0x2AA5
[5323] [M]: 0x0000000080026234 (0x2AA58593) addi a1, a1, 0x2aa
x11 <- 0xFFEAAAAAAAAAAAAA
mem[X,0x0000000080026238] -> 0x9593
mem[X,0x000000008002623A] -> 0x00A5
[5324] [M]: 0x0000000080026238 (0x00A59593) slli a1, a1, 0xa
x11 <- 0xAAAAAAAAAAAAA800
mem[X,0x000000008002623C] -> 0x8593
mem[X,0x000000008002623E] -> 0x2AB5
[5325] [M]: 0x000000008002623C (0x2AB58593) addi a1, a1, 0x2ab
x11 <- 0xAAAAAAAAAAAAAAAB
mem[X,0x0000000080026240] -> 0x0113
mem[X,0x0000000080026242] -> 0x0000
[5326] [M]: 0x0000000080026240 (0x00000113) addi sp, zero, 0x0
x2 <- 0x0000000000000000
mem[X,0x0000000080026244] -> 0x006F
mem[X,0x0000000080026246] -> 0x00C0
[5327] [M]: 0x0000000080026244 (0x00C0006F) jal zero, 0xc
mem[X,0x0000000080026250] -> 0x5063
mem[X,0x0000000080026252] -> 0x02B5
[5328] [M]: 0x0000000080026250 (0x02B55063) bge a0, a1, 0x20
mem[X,0x0000000080026270] -> 0x0113
mem[X,0x0000000080026272] -> 0x0031
[5329] [M]: 0x0000000080026270 (0x00310113) addi sp, sp, 0x3
x2 <- 0x0000000000000003
mem[X,0x0000000080026274] -> 0x006F
mem[X,0x0000000080026276] -> 0x0040
[5330] [M]: 0x0000000080026274 (0x0040006F) jal zero, 0x4
mem[X,0x0000000080026278] -> 0xB823
mem[X,0x000000008002627A] -> 0x2620
[5331] [M]: 0x0000000080026278 (0x2620B823) sd sp, 0x270(ra)
mem[0x0000000080048C40] <- 0x0000000000000003
mem[X,0x000000008002627C] -> 0x0537
mem[X,0x000000008002627E] -> 0x0000
[5332] [M]: 0x000000008002627C (0x00000537) lui a0, 0x0
x10 <- 0x0000000000000000
mem[X,0x0000000080026280] -> 0x0513
mem[X,0x0000000080026282] -> 0x0005
[5333] [M]: 0x0000000080026280 (0x00050513) addi a0, a0, 0x0
x10 <- 0x0000000000000000
mem[X,0x0000000080026284] -> 0x1513
mem[X,0x0000000080026286] -> 0x00B5
[5334] [M]: 0x0000000080026284 (0x00B51513) slli a0, a0, 0xb
x10 <- 0x0000000000000000
mem[X,0x0000000080026288] -> 0x0513
mem[X,0x000000008002628A] -> 0x5A85
[5335] [M]: 0x0000000080026288 (0x5A850513) addi a0, a0, 0x5a8
x10 <- 0x00000000000005A8
mem[X,0x000000008002628C] -> 0x1513
mem[X,0x000000008002628E] -> 0x00B5
[5336] [M]: 0x000000008002628C (0x00B51513) slli a0, a0, 0xb
x10 <- 0x00000000002D4000
mem[X,0x0000000080026290] -> 0x0513
mem[X,0x0000000080026292] -> 0x13C5
[5337] [M]: 0x0000000080026290 (0x13C50513) addi a0, a0, 0x13c
x10 <- 0x00000000002D413C
mem[X,0x0000000080026294] -> 0x1513
mem[X,0x0000000080026296] -> 0x00A5
[5338] [M]: 0x0000000080026294 (0x00A51513) slli a0, a0, 0xa
x10 <- 0x00000000B504F000
mem[X,0x0000000080026298] -> 0x0513
mem[X,0x000000008002629A] -> 0x3335
[5339] [M]: 0x0000000080026298 (0x33350513) addi a0, a0, 0x333
x10 <- 0x00000000B504F333
mem[X,0x000000008002629C] -> 0x0593
mem[X,0x000000008002629E] -> 0x0060
[5340] [M]: 0x000000008002629C (0x00600593) addi a1, zero, 0x6
x11 <- 0x0000000000000006
mem[X,0x00000000800262A0] -> 0x0113
mem[X,0x00000000800262A2] -> 0x0000
[5341] [M]: 0x00000000800262A0 (0x00000113) addi sp, zero, 0x0
x2 <- 0x0000000000000000
mem[X,0x00000000800262A4] -> 0x006F
mem[X,0x00000000800262A6] -> 0x0180
[5342] [M]: 0x00000000800262A4 (0x0180006F) jal zero, 0x18
mem[X,0x00000000800262BC] -> 0x56E3
mem[X,0x00000000800262BE] -> 0xFEB5
[5343] [M]: 0x00000000800262BC (0xFEB556E3) bge a0, a1, -0x14
mem[X,0x00000000800262A8] -> 0x0113
mem[X,0x00000000800262AA] -> 0x0011
[5344] [M]: 0x00000000800262A8 (0x00110113) addi sp, sp, 0x1
x2 <- 0x0000000000000001
mem[X,0x00000000800262AC] -> 0x006F
mem[X,0x00000000800262AE] -> 0x0240
[5345] [M]: 0x00000000800262AC (0x0240006F) jal zero, 0x24
mem[X,0x00000000800262D0] -> 0xBC23
mem[X,0x00000000800262D2] -> 0x2620
[5346] [M]: 0x00000000800262D0 (0x2620BC23) sd sp, 0x278(ra)
mem[0x0000000080048C48] <- 0x0000000000000001
mem[X,0x00000000800262D4] -> 0x0537
mem[X,0x00000000800262D6] -> 0x0000
[5347] [M]: 0x00000000800262D4 (0x00000537) lui a0, 0x0
x10 <- 0x0000000000000000
mem[X,0x00000000800262D8] -> 0x0513
mem[X,0x00000000800262DA] -> 0x0005
[5348] [M]: 0x00000000800262D8 (0x00050513) addi a0, a0, 0x0
x10 <- 0x0000000000000000
mem[X,0x00000000800262DC] -> 0x1513
mem[X,0x00000000800262DE] -> 0x00B5
[5349] [M]: 0x00000000800262DC (0x00B51513) slli a0, a0, 0xb
x10 <- 0x0000000000000000
mem[X,0x00000000800262E0] -> 0x0513
mem[X,0x00000000800262E2] -> 0x5A85
[5350] [M]: 0x00000000800262E0 (0x5A850513) addi a0, a0, 0x5a8
x10 <- 0x00000000000005A8
mem[X,0x00000000800262E4] -> 0x1513
mem[X,0x00000000800262E6] -> 0x00B5
[5351] [M]: 0x00000000800262E4 (0x00B51513) slli a0, a0, 0xb
x10 <- 0x00000000002D4000
mem[X,0x00000000800262E8] -> 0x0513
mem[X,0x00000000800262EA] -> 0x13C5
[5352] [M]: 0x00000000800262E8 (0x13C50513) addi a0, a0, 0x13c
x10 <- 0x00000000002D413C
mem[X,0x00000000800262EC] -> 0x1513
mem[X,0x00000000800262EE] -> 0x00A5
[5353] [M]: 0x00000000800262EC (0x00A51513) slli a0, a0, 0xa
x10 <- 0x00000000B504F000
mem[X,0x00000000800262F0] -> 0x0513
mem[X,0x00000000800262F2] -> 0x3335
[5354] [M]: 0x00000000800262F0 (0x33350513) addi a0, a0, 0x333
x10 <- 0x00000000B504F333
mem[X,0x00000000800262F4] -> 0x35B7
mem[X,0x00000000800262F6] -> 0x3333
[5355] [M]: 0x00000000800262F4 (0x333335B7) lui a1, 0x33333
x11 <- 0x0000000033333000
mem[X,0x00000000800262F8] -> 0x8593
mem[X,0x00000000800262FA] -> 0x3335
[5356] [M]: 0x00000000800262F8 (0x33358593) addi a1, a1, 0x333
x11 <- 0x0000000033333333
mem[X,0x00000000800262FC] -> 0x9593
mem[X,0x00000000800262FE] -> 0x00B5
[5357] [M]: 0x00000000800262FC (0x00B59593) slli a1, a1, 0xb
x11 <- 0x0000019999999800
mem[X,0x0000000080026300] -> 0x8593
mem[X,0x0000000080026302] -> 0x1995
[5358] [M]: 0x0000000080026300 (0x19958593) addi a1, a1, 0x199
x11 <- 0x0000019999999999
mem[X,0x0000000080026304] -> 0x9593
mem[X,0x0000000080026306] -> 0x00B5
[5359] [M]: 0x0000000080026304 (0x00B59593) slli a1, a1, 0xb
x11 <- 0x000CCCCCCCCCC800
mem[X,0x0000000080026308] -> 0x8593
mem[X,0x000000008002630A] -> 0x4CC5
[5360] [M]: 0x0000000080026308 (0x4CC58593) addi a1, a1, 0x4cc
x11 <- 0x000CCCCCCCCCCCCC
mem[X,0x000000008002630C] -> 0x9593
mem[X,0x000000008002630E] -> 0x00A5
[5361] [M]: 0x000000008002630C (0x00A59593) slli a1, a1, 0xa
x11 <- 0x3333333333333000
mem[X,0x0000000080026310] -> 0x8593
mem[X,0x0000000080026312] -> 0x3345
[5362] [M]: 0x0000000080026310 (0x33458593) addi a1, a1, 0x334
x11 <- 0x3333333333333334
mem[X,0x0000000080026314] -> 0x0113
mem[X,0x0000000080026316] -> 0x0000
[5363] [M]: 0x0000000080026314 (0x00000113) addi sp, zero, 0x0
x2 <- 0x0000000000000000
mem[X,0x0000000080026318] -> 0x006F
mem[X,0x000000008002631A] -> 0x00C0
[5364] [M]: 0x0000000080026318 (0x00C0006F) jal zero, 0xc
mem[X,0x0000000080026324] -> 0x5063
mem[X,0x0000000080026326] -> 0x04B5
[5365] [M]: 0x0000000080026324 (0x04B55063) bge a0, a1, 0x40
mem[X,0x0000000080026328] -> 0x0113
mem[X,0x000000008002632A] -> 0x0021
[5366] [M]: 0x0000000080026328 (0x00210113) addi sp, sp, 0x2
x2 <- 0x0000000000000002
mem[X,0x000000008002632C] -> 0x006F
mem[X,0x000000008002632E] -> 0x0400
[5367] [M]: 0x000000008002632C (0x0400006F) jal zero, 0x40
mem[X,0x000000008002636C] -> 0xB023
mem[X,0x000000008002636E] -> 0x2820
[5368] [M]: 0x000000008002636C (0x2820B023) sd sp, 0x280(ra)
mem[0x0000000080048C50] <- 0x0000000000000002
mem[X,0x0000000080026370] -> 0x0537
mem[X,0x0000000080026372] -> 0x0000
[5369] [M]: 0x0000000080026370 (0x00000537) lui a0, 0x0
x10 <- 0x0000000000000000
mem[X,0x0000000080026374] -> 0x0513
mem[X,0x0000000080026376] -> 0x0005
[5370] [M]: 0x0000000080026374 (0x00050513) addi a0, a0, 0x0
x10 <- 0x0000000000000000
mem[X,0x0000000080026378] -> 0x1513
mem[X,0x000000008002637A] -> 0x00B5
[5371] [M]: 0x0000000080026378 (0x00B51513) slli a0, a0, 0xb
x10 <- 0x0000000000000000
mem[X,0x000000008002637C] -> 0x0513
mem[X,0x000000008002637E] -> 0x5A85
[5372] [M]: 0x000000008002637C (0x5A850513) addi a0, a0, 0x5a8
x10 <- 0x00000000000005A8
mem[X,0x0000000080026380] -> 0x1513
mem[X,0x0000000080026382] -> 0x00B5
[5373] [M]: 0x0000000080026380 (0x00B51513) slli a0, a0, 0xb
x10 <- 0x00000000002D4000
mem[X,0x0000000080026384] -> 0x0513
mem[X,0x0000000080026386] -> 0x13C5
[5374] [M]: 0x0000000080026384 (0x13C50513) addi a0, a0, 0x13c
x10 <- 0x00000000002D413C
mem[X,0x0000000080026388] -> 0x1513
mem[X,0x000000008002638A] -> 0x00A5
[5375] [M]: 0x0000000080026388 (0x00A51513) slli a0, a0, 0xa
x10 <- 0x00000000B504F000
mem[X,0x000000008002638C] -> 0x0513
mem[X,0x000000008002638E] -> 0x3335
[5376] [M]: 0x000000008002638C (0x33350513) addi a0, a0, 0x333
x10 <- 0x00000000B504F333
mem[X,0x0000000080026390] -> 0x65B7
mem[X,0x0000000080026392] -> 0x6666
[5377] [M]: 0x0000000080026390 (0x666665B7) lui a1, 0x66666
x11 <- 0x0000000066666000
mem[X,0x0000000080026394] -> 0x8593
mem[X,0x0000000080026396] -> 0x6665
[5378] [M]: 0x0000000080026394 (0x66658593) addi a1, a1, 0x666
x11 <- 0x0000000066666666
mem[X,0x0000000080026398] -> 0x9593
mem[X,0x000000008002639A] -> 0x00B5
[5379] [M]: 0x0000000080026398 (0x00B59593) slli a1, a1, 0xb
x11 <- 0x0000033333333000
mem[X,0x000000008002639C] -> 0x8593
mem[X,0x000000008002639E] -> 0x3335
[5380] [M]: 0x000000008002639C (0x33358593) addi a1, a1, 0x333
x11 <- 0x0000033333333333
mem[X,0x00000000800263A0] -> 0x9593
mem[X,0x00000000800263A2] -> 0x00B5
[5381] [M]: 0x00000000800263A0 (0x00B59593) slli a1, a1, 0xb
x11 <- 0x0019999999999800
mem[X,0x00000000800263A4] -> 0x8593
mem[X,0x00000000800263A6] -> 0x1995
[5382] [M]: 0x00000000800263A4 (0x19958593) addi a1, a1, 0x199
x11 <- 0x0019999999999999
mem[X,0x00000000800263A8] -> 0x9593
mem[X,0x00000000800263AA] -> 0x00A5
[5383] [M]: 0x00000000800263A8 (0x00A59593) slli a1, a1, 0xa
x11 <- 0x6666666666666400
mem[X,0x00000000800263AC] -> 0x8593
mem[X,0x00000000800263AE] -> 0x2675
[5384] [M]: 0x00000000800263AC (0x26758593) addi a1, a1, 0x267
x11 <- 0x6666666666666667
mem[X,0x00000000800263B0] -> 0x0113
mem[X,0x00000000800263B2] -> 0x0000
[5385] [M]: 0x00000000800263B0 (0x00000113) addi sp, zero, 0x0
x2 <- 0x0000000000000000
mem[X,0x00000000800263B4] -> 0x006F
mem[X,0x00000000800263B6] -> 0x00C0
[5386] [M]: 0x00000000800263B4 (0x00C0006F) jal zero, 0xc
mem[X,0x00000000800263C0] -> 0x5063
mem[X,0x00000000800263C2] -> 0x20B5
[5387] [M]: 0x00000000800263C0 (0x20B55063) bge a0, a1, 0x200
mem[X,0x00000000800263C4] -> 0x0113
mem[X,0x00000000800263C6] -> 0x0021
[5388] [M]: 0x00000000800263C4 (0x00210113) addi sp, sp, 0x2
x2 <- 0x0000000000000002
mem[X,0x00000000800263C8] -> 0x006F
mem[X,0x00000000800263CA] -> 0x2000
[5389] [M]: 0x00000000800263C8 (0x2000006F) jal zero, 0x200
mem[X,0x00000000800265C8] -> 0xB423
mem[X,0x00000000800265CA] -> 0x2820
[5390] [M]: 0x00000000800265C8 (0x2820B423) sd sp, 0x288(ra)
mem[0x0000000080048C58] <- 0x0000000000000002
mem[X,0x00000000800265CC] -> 0x0537
mem[X,0x00000000800265CE] -> 0x0000
[5391] [M]: 0x00000000800265CC (0x00000537) lui a0, 0x0
x10 <- 0x0000000000000000
mem[X,0x00000000800265D0] -> 0x0513
mem[X,0x00000000800265D2] -> 0x0005
[5392] [M]: 0x00000000800265D0 (0x00050513) addi a0, a0, 0x0
x10 <- 0x0000000000000000
mem[X,0x00000000800265D4] -> 0x1513
mem[X,0x00000000800265D6] -> 0x00B5
[5393] [M]: 0x00000000800265D4 (0x00B51513) slli a0, a0, 0xb
x10 <- 0x0000000000000000
mem[X,0x00000000800265D8] -> 0x0513
mem[X,0x00000000800265DA] -> 0x5A85
[5394] [M]: 0x00000000800265D8 (0x5A850513) addi a0, a0, 0x5a8
x10 <- 0x00000000000005A8
mem[X,0x00000000800265DC] -> 0x1513
mem[X,0x00000000800265DE] -> 0x00B5
[5395] [M]: 0x00000000800265DC (0x00B51513) slli a0, a0, 0xb
x10 <- 0x00000000002D4000
mem[X,0x00000000800265E0] -> 0x0513
mem[X,0x00000000800265E2] -> 0x13C5
[5396] [M]: 0x00000000800265E0 (0x13C50513) addi a0, a0, 0x13c
x10 <- 0x00000000002D413C
mem[X,0x00000000800265E4] -> 0x1513
mem[X,0x00000000800265E6] -> 0x00A5
[5397] [M]: 0x00000000800265E4 (0x00A51513) slli a0, a0, 0xa
x10 <- 0x00000000B504F000
mem[X,0x00000000800265E8] -> 0x0513
mem[X,0x00000000800265EA] -> 0x3335
[5398] [M]: 0x00000000800265E8 (0x33350513) addi a0, a0, 0x333
x10 <- 0x00000000B504F333
mem[X,0x00000000800265EC] -> 0x05B7
mem[X,0x00000000800265EE] -> 0x0000
[5399] [M]: 0x00000000800265EC (0x000005B7) lui a1, 0x0
x11 <- 0x0000000000000000
clint::tick mtime <- 0x0000000000000036
 clint timer pending at mtime 0x0000000000000036
htif::tick 0x0000000000000000
mem[X,0x00000000800265F0] -> 0x8593
mem[X,0x00000000800265F2] -> 0xFFF5
[5400] [M]: 0x00000000800265F0 (0xFFF58593) addi a1, a1, -0x1
x11 <- 0xFFFFFFFFFFFFFFFF
mem[X,0x00000000800265F4] -> 0x9593
mem[X,0x00000000800265F6] -> 0x00B5
[5401] [M]: 0x00000000800265F4 (0x00B59593) slli a1, a1, 0xb
x11 <- 0xFFFFFFFFFFFFF800
mem[X,0x00000000800265F8] -> 0x8593
mem[X,0x00000000800265FA] -> 0x2575
[5402] [M]: 0x00000000800265F8 (0x25758593) addi a1, a1, 0x257
x11 <- 0xFFFFFFFFFFFFFA57
mem[X,0x00000000800265FC] -> 0x9593
mem[X,0x00000000800265FE] -> 0x00B5
[5403] [M]: 0x00000000800265FC (0x00B59593) slli a1, a1, 0xb
x11 <- 0xFFFFFFFFFFD2B800
mem[X,0x0000000080026600] -> 0x8593
mem[X,0x0000000080026602] -> 0x6C35
[5404] [M]: 0x0000000080026600 (0x6C358593) addi a1, a1, 0x6c3
x11 <- 0xFFFFFFFFFFD2BEC3
mem[X,0x0000000080026604] -> 0x9593
mem[X,0x0000000080026606] -> 0x00A5
[5405] [M]: 0x0000000080026604 (0x00A59593) slli a1, a1, 0xa
x11 <- 0xFFFFFFFF4AFB0C00
mem[X,0x0000000080026608] -> 0x8593
mem[X,0x000000008002660A] -> 0x0CE5
[5406] [M]: 0x0000000080026608 (0x0CE58593) addi a1, a1, 0xce
x11 <- 0xFFFFFFFF4AFB0CCE
mem[X,0x000000008002660C] -> 0x0113
mem[X,0x000000008002660E] -> 0x0000
[5407] [M]: 0x000000008002660C (0x00000113) addi sp, zero, 0x0
x2 <- 0x0000000000000000
mem[X,0x0000000080026610] -> 0x006F
mem[X,0x0000000080026612] -> 0x00C0
[5408] [M]: 0x0000000080026610 (0x00C0006F) jal zero, 0xc
mem[X,0x000000008002661C] -> 0x5CE3
mem[X,0x000000008002661E] -> 0xFEB5
[5409] [M]: 0x000000008002661C (0xFEB55CE3) bge a0, a1, -0x8
mem[X,0x0000000080026614] -> 0x0113
mem[X,0x0000000080026616] -> 0x0011
[5410] [M]: 0x0000000080026614 (0x00110113) addi sp, sp, 0x1
x2 <- 0x0000000000000001
mem[X,0x0000000080026618] -> 0x006F
mem[X,0x000000008002661A] -> 0x0180
[5411] [M]: 0x0000000080026618 (0x0180006F) jal zero, 0x18
mem[X,0x0000000080026630] -> 0xB823
mem[X,0x0000000080026632] -> 0x2820
[5412] [M]: 0x0000000080026630 (0x2820B823) sd sp, 0x290(ra)
mem[0x0000000080048C60] <- 0x0000000000000001
mem[X,0x0000000080026634] -> 0x0537
mem[X,0x0000000080026636] -> 0x0000
[5413] [M]: 0x0000000080026634 (0x00000537) lui a0, 0x0
x10 <- 0x0000000000000000
mem[X,0x0000000080026638] -> 0x0513
mem[X,0x000000008002663A] -> 0x0005
[5414] [M]: 0x0000000080026638 (0x00050513) addi a0, a0, 0x0
x10 <- 0x0000000000000000
mem[X,0x000000008002663C] -> 0x1513
mem[X,0x000000008002663E] -> 0x00B5
[5415] [M]: 0x000000008002663C (0x00B51513) slli a0, a0, 0xb
x10 <- 0x0000000000000000
mem[X,0x0000000080026640] -> 0x0513
mem[X,0x0000000080026642] -> 0x5A85
[5416] [M]: 0x0000000080026640 (0x5A850513) addi a0, a0, 0x5a8
x10 <- 0x00000000000005A8
mem[X,0x0000000080026644] -> 0x1513
mem[X,0x0000000080026646] -> 0x00B5
[5417] [M]: 0x0000000080026644 (0x00B51513) slli a0, a0, 0xb
x10 <- 0x00000000002D4000
mem[X,0x0000000080026648] -> 0x0513
mem[X,0x000000008002664A] -> 0x13C5
[5418] [M]: 0x0000000080026648 (0x13C50513) addi a0, a0, 0x13c
x10 <- 0x00000000002D413C
mem[X,0x000000008002664C] -> 0x1513
mem[X,0x000000008002664E] -> 0x00A5
[5419] [M]: 0x000000008002664C (0x00A51513) slli a0, a0, 0xa
x10 <- 0x00000000B504F000
mem[X,0x0000000080026650] -> 0x0513
mem[X,0x0000000080026652] -> 0x3335
[5420] [M]: 0x0000000080026650 (0x33350513) addi a0, a0, 0x333
x10 <- 0x00000000B504F333
mem[X,0x0000000080026654] -> 0x05B7
mem[X,0x0000000080026656] -> 0x0000
[5421] [M]: 0x0000000080026654 (0x000005B7) lui a1, 0x0
x11 <- 0x0000000000000000
mem[X,0x0000000080026658] -> 0x8593
mem[X,0x000000008002665A] -> 0x0005
[5422] [M]: 0x0000000080026658 (0x00058593) addi a1, a1, 0x0
x11 <- 0x0000000000000000
mem[X,0x000000008002665C] -> 0x9593
mem[X,0x000000008002665E] -> 0x00B5
[5423] [M]: 0x000000008002665C (0x00B59593) slli a1, a1, 0xb
x11 <- 0x0000000000000000
mem[X,0x0000000080026660] -> 0x8593
mem[X,0x0000000080026662] -> 0x5A85
[5424] [M]: 0x0000000080026660 (0x5A858593) addi a1, a1, 0x5a8
x11 <- 0x00000000000005A8
mem[X,0x0000000080026664] -> 0x9593
mem[X,0x0000000080026666] -> 0x00B5
[5425] [M]: 0x0000000080026664 (0x00B59593) slli a1, a1, 0xb
x11 <- 0x00000000002D4000
mem[X,0x0000000080026668] -> 0x8593
mem[X,0x000000008002666A] -> 0x13C5
[5426] [M]: 0x0000000080026668 (0x13C58593) addi a1, a1, 0x13c
x11 <- 0x00000000002D413C
mem[X,0x000000008002666C] -> 0x9593
mem[X,0x000000008002666E] -> 0x00A5
[5427] [M]: 0x000000008002666C (0x00A59593) slli a1, a1, 0xa
x11 <- 0x00000000B504F000
mem[X,0x0000000080026670] -> 0x8593
mem[X,0x0000000080026672] -> 0x3345
[5428] [M]: 0x0000000080026670 (0x33458593) addi a1, a1, 0x334
x11 <- 0x00000000B504F334
mem[X,0x0000000080026674] -> 0x0113
mem[X,0x0000000080026676] -> 0x0000
[5429] [M]: 0x0000000080026674 (0x00000113) addi sp, zero, 0x0
x2 <- 0x0000000000000000
mem[X,0x0000000080026678] -> 0x006F
mem[X,0x000000008002667A] -> 0x00C0
[5430] [M]: 0x0000000080026678 (0x00C0006F) jal zero, 0xc
mem[X,0x0000000080026684] -> 0x5063
mem[X,0x0000000080026686] -> 0x10B5
[5431] [M]: 0x0000000080026684 (0x10B55063) bge a0, a1, 0x100
mem[X,0x0000000080026688] -> 0x0113
mem[X,0x000000008002668A] -> 0x0021
[5432] [M]: 0x0000000080026688 (0x00210113) addi sp, sp, 0x2
x2 <- 0x0000000000000002
mem[X,0x000000008002668C] -> 0x006F
mem[X,0x000000008002668E] -> 0x1000
[5433] [M]: 0x000000008002668C (0x1000006F) jal zero, 0x100
mem[X,0x000000008002678C] -> 0xBC23
mem[X,0x000000008002678E] -> 0x2820
[5434] [M]: 0x000000008002678C (0x2820BC23) sd sp, 0x298(ra)
mem[0x0000000080048C68] <- 0x0000000000000002
mem[X,0x0000000080026790] -> 0x0513
mem[X,0x0000000080026792] -> 0x0020
[5435] [M]: 0x0000000080026790 (0x00200513) addi a0, zero, 0x2
x10 <- 0x0000000000000002
mem[X,0x0000000080026794] -> 0x0593
mem[X,0x0000000080026796] -> 0x0030
[5436] [M]: 0x0000000080026794 (0x00300593) addi a1, zero, 0x3
x11 <- 0x0000000000000003
mem[X,0x0000000080026798] -> 0x0113
mem[X,0x000000008002679A] -> 0x0000
[5437] [M]: 0x0000000080026798 (0x00000113) addi sp, zero, 0x0
x2 <- 0x0000000000000000
mem[X,0x000000008002679C] -> 0x006F
mem[X,0x000000008002679E] -> 0x0180
[5438] [M]: 0x000000008002679C (0x0180006F) jal zero, 0x18
mem[X,0x00000000800267B4] -> 0x56E3
mem[X,0x00000000800267B6] -> 0xFEB5
[5439] [M]: 0x00000000800267B4 (0xFEB556E3) bge a0, a1, -0x14
mem[X,0x00000000800267B8] -> 0x0113
mem[X,0x00000000800267BA] -> 0x0021
[5440] [M]: 0x00000000800267B8 (0x00210113) addi sp, sp, 0x2
x2 <- 0x0000000000000002
mem[X,0x00000000800267BC] -> 0x006F
mem[X,0x00000000800267BE] -> 0x00C0
[5441] [M]: 0x00000000800267BC (0x00C0006F) jal zero, 0xc
mem[X,0x00000000800267C8] -> 0xB023
mem[X,0x00000000800267CA] -> 0x2A20
[5442] [M]: 0x00000000800267C8 (0x2A20B023) sd sp, 0x2a0(ra)
mem[0x0000000080048C70] <- 0x0000000000000002
mem[X,0x00000000800267CC] -> 0x0513
mem[X,0x00000000800267CE] -> 0x0020
[5443] [M]: 0x00000000800267CC (0x00200513) addi a0, zero, 0x2
x10 <- 0x0000000000000002
mem[X,0x00000000800267D0] -> 0x55B7
mem[X,0x00000000800267D2] -> 0x5555
[5444] [M]: 0x00000000800267D0 (0x555555B7) lui a1, 0x55555
x11 <- 0x0000000055555000
mem[X,0x00000000800267D4] -> 0x8593
mem[X,0x00000000800267D6] -> 0x5555
[5445] [M]: 0x00000000800267D4 (0x55558593) addi a1, a1, 0x555
x11 <- 0x0000000055555555
mem[X,0x00000000800267D8] -> 0x9593
mem[X,0x00000000800267DA] -> 0x00B5
[5446] [M]: 0x00000000800267D8 (0x00B59593) slli a1, a1, 0xb
x11 <- 0x000002AAAAAAA800
mem[X,0x00000000800267DC] -> 0x8593
mem[X,0x00000000800267DE] -> 0x2AA5
[5447] [M]: 0x00000000800267DC (0x2AA58593) addi a1, a1, 0x2aa
x11 <- 0x000002AAAAAAAAAA
mem[X,0x00000000800267E0] -> 0x9593
mem[X,0x00000000800267E2] -> 0x00B5
[5448] [M]: 0x00000000800267E0 (0x00B59593) slli a1, a1, 0xb
x11 <- 0x0015555555555000
mem[X,0x00000000800267E4] -> 0x8593
mem[X,0x00000000800267E6] -> 0x5555
[5449] [M]: 0x00000000800267E4 (0x55558593) addi a1, a1, 0x555
x11 <- 0x0015555555555555
mem[X,0x00000000800267E8] -> 0x9593
mem[X,0x00000000800267EA] -> 0x00A5
[5450] [M]: 0x00000000800267E8 (0x00A59593) slli a1, a1, 0xa
x11 <- 0x5555555555555400
mem[X,0x00000000800267EC] -> 0x8593
mem[X,0x00000000800267EE] -> 0x1555
[5451] [M]: 0x00000000800267EC (0x15558593) addi a1, a1, 0x155
x11 <- 0x5555555555555555
mem[X,0x00000000800267F0] -> 0x0113
mem[X,0x00000000800267F2] -> 0x0000
[5452] [M]: 0x00000000800267F0 (0x00000113) addi sp, zero, 0x0
x2 <- 0x0000000000000000
mem[X,0x00000000800267F4] -> 0x006F
mem[X,0x00000000800267F6] -> 0x00C0
[5453] [M]: 0x00000000800267F4 (0x00C0006F) jal zero, 0xc
mem[X,0x0000000080026800] -> 0x5CE3
mem[X,0x0000000080026802] -> 0xFEB5
[5454] [M]: 0x0000000080026800 (0xFEB55CE3) bge a0, a1, -0x8
mem[X,0x0000000080026804] -> 0x0113
mem[X,0x0000000080026806] -> 0x0021
[5455] [M]: 0x0000000080026804 (0x00210113) addi sp, sp, 0x2
x2 <- 0x0000000000000002
mem[X,0x0000000080026808] -> 0x006F
mem[X,0x000000008002680A] -> 0x00C0
[5456] [M]: 0x0000000080026808 (0x00C0006F) jal zero, 0xc
mem[X,0x0000000080026814] -> 0xB423
mem[X,0x0000000080026816] -> 0x2A20
[5457] [M]: 0x0000000080026814 (0x2A20B423) sd sp, 0x2a8(ra)
mem[0x0000000080048C78] <- 0x0000000000000002
mem[X,0x0000000080026818] -> 0x0513
mem[X,0x000000008002681A] -> 0x0020
[5458] [M]: 0x0000000080026818 (0x00200513) addi a0, zero, 0x2
x10 <- 0x0000000000000002
mem[X,0x000000008002681C] -> 0xB5B7
mem[X,0x000000008002681E] -> 0xAAAA
[5459] [M]: 0x000000008002681C (0xAAAAB5B7) lui a1, -0x55555
x11 <- 0xFFFFFFFFAAAAB000
mem[X,0x0000000080026820] -> 0x8593
mem[X,0x0000000080026822] -> 0xAAA5
[5460] [M]: 0x0000000080026820 (0xAAA58593) addi a1, a1, -0x556
x11 <- 0xFFFFFFFFAAAAAAAA
mem[X,0x0000000080026824] -> 0x9593
mem[X,0x0000000080026826] -> 0x00B5
[5461] [M]: 0x0000000080026824 (0x00B59593) slli a1, a1, 0xb
x11 <- 0xFFFFFD5555555000
mem[X,0x0000000080026828] -> 0x8593
mem[X,0x000000008002682A] -> 0x5555
[5462] [M]: 0x0000000080026828 (0x55558593) addi a1, a1, 0x555
x11 <- 0xFFFFFD5555555555
mem[X,0x000000008002682C] -> 0x9593
mem[X,0x000000008002682E] -> 0x00B5
[5463] [M]: 0x000000008002682C (0x00B59593) slli a1, a1, 0xb
x11 <- 0xFFEAAAAAAAAAA800
mem[X,0x0000000080026830] -> 0x8593
mem[X,0x0000000080026832] -> 0x2AA5
[5464] [M]: 0x0000000080026830 (0x2AA58593) addi a1, a1, 0x2aa
x11 <- 0xFFEAAAAAAAAAAAAA
mem[X,0x0000000080026834] -> 0x9593
mem[X,0x0000000080026836] -> 0x00A5
[5465] [M]: 0x0000000080026834 (0x00A59593) slli a1, a1, 0xa
x11 <- 0xAAAAAAAAAAAAA800
mem[X,0x0000000080026838] -> 0x8593
mem[X,0x000000008002683A] -> 0x2AA5
[5466] [M]: 0x0000000080026838 (0x2AA58593) addi a1, a1, 0x2aa
x11 <- 0xAAAAAAAAAAAAAAAA
mem[X,0x000000008002683C] -> 0x0113
mem[X,0x000000008002683E] -> 0x0000
[5467] [M]: 0x000000008002683C (0x00000113) addi sp, zero, 0x0
x2 <- 0x0000000000000000
mem[X,0x0000000080026840] -> 0x006F
mem[X,0x0000000080026842] -> 0x00C0
[5468] [M]: 0x0000000080026840 (0x00C0006F) jal zero, 0xc
mem[X,0x000000008002684C] -> 0x5663
mem[X,0x000000008002684E] -> 0x00B5
[5469] [M]: 0x000000008002684C (0x00B55663) bge a0, a1, 0xc
mem[X,0x0000000080026858] -> 0x0113
mem[X,0x000000008002685A] -> 0x0031
[5470] [M]: 0x0000000080026858 (0x00310113) addi sp, sp, 0x3
x2 <- 0x0000000000000003
mem[X,0x000000008002685C] -> 0x006F
mem[X,0x000000008002685E] -> 0x0040
[5471] [M]: 0x000000008002685C (0x0040006F) jal zero, 0x4
mem[X,0x0000000080026860] -> 0xB823
mem[X,0x0000000080026862] -> 0x2A20
[5472] [M]: 0x0000000080026860 (0x2A20B823) sd sp, 0x2b0(ra)
mem[0x0000000080048C80] <- 0x0000000000000003
mem[X,0x0000000080026864] -> 0x0513
mem[X,0x0000000080026866] -> 0x0020
[5473] [M]: 0x0000000080026864 (0x00200513) addi a0, zero, 0x2
x10 <- 0x0000000000000002
mem[X,0x0000000080026868] -> 0x0593
mem[X,0x000000008002686A] -> 0x0050
[5474] [M]: 0x0000000080026868 (0x00500593) addi a1, zero, 0x5
x11 <- 0x0000000000000005
mem[X,0x000000008002686C] -> 0x0113
mem[X,0x000000008002686E] -> 0x0000
[5475] [M]: 0x000000008002686C (0x00000113) addi sp, zero, 0x0
x2 <- 0x0000000000000000
mem[X,0x0000000080026870] -> 0x006F
mem[X,0x0000000080026872] -> 0x00C0
[5476] [M]: 0x0000000080026870 (0x00C0006F) jal zero, 0xc
mem[X,0x000000008002687C] -> 0x5863
mem[X,0x000000008002687E] -> 0x00B5
[5477] [M]: 0x000000008002687C (0x00B55863) bge a0, a1, 0x10
mem[X,0x0000000080026880] -> 0x0113
mem[X,0x0000000080026882] -> 0x0021
[5478] [M]: 0x0000000080026880 (0x00210113) addi sp, sp, 0x2
x2 <- 0x0000000000000002
mem[X,0x0000000080026884] -> 0x006F
mem[X,0x0000000080026886] -> 0x0100
[5479] [M]: 0x0000000080026884 (0x0100006F) jal zero, 0x10
mem[X,0x0000000080026894] -> 0xBC23
mem[X,0x0000000080026896] -> 0x2A20
[5480] [M]: 0x0000000080026894 (0x2A20BC23) sd sp, 0x2b8(ra)
mem[0x0000000080048C88] <- 0x0000000000000002
mem[X,0x0000000080026898] -> 0x0513
mem[X,0x000000008002689A] -> 0x0020
[5481] [M]: 0x0000000080026898 (0x00200513) addi a0, zero, 0x2
x10 <- 0x0000000000000002
mem[X,0x000000008002689C] -> 0x35B7
mem[X,0x000000008002689E] -> 0x3333
[5482] [M]: 0x000000008002689C (0x333335B7) lui a1, 0x33333
x11 <- 0x0000000033333000
mem[X,0x00000000800268A0] -> 0x8593
mem[X,0x00000000800268A2] -> 0x3335
[5483] [M]: 0x00000000800268A0 (0x33358593) addi a1, a1, 0x333
x11 <- 0x0000000033333333
mem[X,0x00000000800268A4] -> 0x9593
mem[X,0x00000000800268A6] -> 0x00B5
[5484] [M]: 0x00000000800268A4 (0x00B59593) slli a1, a1, 0xb
x11 <- 0x0000019999999800
mem[X,0x00000000800268A8] -> 0x8593
mem[X,0x00000000800268AA] -> 0x1995
[5485] [M]: 0x00000000800268A8 (0x19958593) addi a1, a1, 0x199
x11 <- 0x0000019999999999
mem[X,0x00000000800268AC] -> 0x9593
mem[X,0x00000000800268AE] -> 0x00B5
[5486] [M]: 0x00000000800268AC (0x00B59593) slli a1, a1, 0xb
x11 <- 0x000CCCCCCCCCC800
mem[X,0x00000000800268B0] -> 0x8593
mem[X,0x00000000800268B2] -> 0x4CC5
[5487] [M]: 0x00000000800268B0 (0x4CC58593) addi a1, a1, 0x4cc
x11 <- 0x000CCCCCCCCCCCCC
mem[X,0x00000000800268B4] -> 0x9593
mem[X,0x00000000800268B6] -> 0x00A5
[5488] [M]: 0x00000000800268B4 (0x00A59593) slli a1, a1, 0xa
x11 <- 0x3333333333333000
mem[X,0x00000000800268B8] -> 0x8593
mem[X,0x00000000800268BA] -> 0x3335
[5489] [M]: 0x00000000800268B8 (0x33358593) addi a1, a1, 0x333
x11 <- 0x3333333333333333
mem[X,0x00000000800268BC] -> 0x0113
mem[X,0x00000000800268BE] -> 0x0000
[5490] [M]: 0x00000000800268BC (0x00000113) addi sp, zero, 0x0
x2 <- 0x0000000000000000
mem[X,0x00000000800268C0] -> 0x006F
mem[X,0x00000000800268C2] -> 0x00C0
[5491] [M]: 0x00000000800268C0 (0x00C0006F) jal zero, 0xc
mem[X,0x00000000800268CC] -> 0x5663
mem[X,0x00000000800268CE] -> 0x00B5
[5492] [M]: 0x00000000800268CC (0x00B55663) bge a0, a1, 0xc
mem[X,0x00000000800268D0] -> 0x0113
mem[X,0x00000000800268D2] -> 0x0021
[5493] [M]: 0x00000000800268D0 (0x00210113) addi sp, sp, 0x2
x2 <- 0x0000000000000002
mem[X,0x00000000800268D4] -> 0x006F
mem[X,0x00000000800268D6] -> 0x00C0
[5494] [M]: 0x00000000800268D4 (0x00C0006F) jal zero, 0xc
mem[X,0x00000000800268E0] -> 0xB023
mem[X,0x00000000800268E2] -> 0x2C20
[5495] [M]: 0x00000000800268E0 (0x2C20B023) sd sp, 0x2c0(ra)
mem[0x0000000080048C90] <- 0x0000000000000002
mem[X,0x00000000800268E4] -> 0x0513
mem[X,0x00000000800268E6] -> 0x0020
[5496] [M]: 0x00000000800268E4 (0x00200513) addi a0, zero, 0x2
x10 <- 0x0000000000000002
mem[X,0x00000000800268E8] -> 0x65B7
mem[X,0x00000000800268EA] -> 0x6666
[5497] [M]: 0x00000000800268E8 (0x666665B7) lui a1, 0x66666
x11 <- 0x0000000066666000
mem[X,0x00000000800268EC] -> 0x8593
mem[X,0x00000000800268EE] -> 0x6665
[5498] [M]: 0x00000000800268EC (0x66658593) addi a1, a1, 0x666
x11 <- 0x0000000066666666
mem[X,0x00000000800268F0] -> 0x9593
mem[X,0x00000000800268F2] -> 0x00B5
[5499] [M]: 0x00000000800268F0 (0x00B59593) slli a1, a1, 0xb
x11 <- 0x0000033333333000
clint::tick mtime <- 0x0000000000000037
 clint timer pending at mtime 0x0000000000000037
htif::tick 0x0000000000000000
mem[X,0x00000000800268F4] -> 0x8593
mem[X,0x00000000800268F6] -> 0x3335
[5500] [M]: 0x00000000800268F4 (0x33358593) addi a1, a1, 0x333
x11 <- 0x0000033333333333
mem[X,0x00000000800268F8] -> 0x9593
mem[X,0x00000000800268FA] -> 0x00B5
[5501] [M]: 0x00000000800268F8 (0x00B59593) slli a1, a1, 0xb
x11 <- 0x0019999999999800
mem[X,0x00000000800268FC] -> 0x8593
mem[X,0x00000000800268FE] -> 0x1995
[5502] [M]: 0x00000000800268FC (0x19958593) addi a1, a1, 0x199
x11 <- 0x0019999999999999
mem[X,0x0000000080026900] -> 0x9593
mem[X,0x0000000080026902] -> 0x00A5
[5503] [M]: 0x0000000080026900 (0x00A59593) slli a1, a1, 0xa
x11 <- 0x6666666666666400
mem[X,0x0000000080026904] -> 0x8593
mem[X,0x0000000080026906] -> 0x2665
[5504] [M]: 0x0000000080026904 (0x26658593) addi a1, a1, 0x266
x11 <- 0x6666666666666666
mem[X,0x0000000080026908] -> 0x0113
mem[X,0x000000008002690A] -> 0x0000
[5505] [M]: 0x0000000080026908 (0x00000113) addi sp, zero, 0x0
x2 <- 0x0000000000000000
mem[X,0x000000008002690C] -> 0x006F
mem[X,0x000000008002690E] -> 0x00C0
[5506] [M]: 0x000000008002690C (0x00C0006F) jal zero, 0xc
mem[X,0x0000000080026918] -> 0x5063
mem[X,0x000000008002691A] -> 0x02B5
[5507] [M]: 0x0000000080026918 (0x02B55063) bge a0, a1, 0x20
mem[X,0x000000008002691C] -> 0x0113
mem[X,0x000000008002691E] -> 0x0021
[5508] [M]: 0x000000008002691C (0x00210113) addi sp, sp, 0x2
x2 <- 0x0000000000000002
mem[X,0x0000000080026920] -> 0x006F
mem[X,0x0000000080026922] -> 0x0200
[5509] [M]: 0x0000000080026920 (0x0200006F) jal zero, 0x20
mem[X,0x0000000080026940] -> 0xB423
mem[X,0x0000000080026942] -> 0x2C20
[5510] [M]: 0x0000000080026940 (0x2C20B423) sd sp, 0x2c8(ra)
mem[0x0000000080048C98] <- 0x0000000000000002
mem[X,0x0000000080026944] -> 0x0513
mem[X,0x0000000080026946] -> 0x0020
[5511] [M]: 0x0000000080026944 (0x00200513) addi a0, zero, 0x2
x10 <- 0x0000000000000002
mem[X,0x0000000080026948] -> 0x05B7
mem[X,0x000000008002694A] -> 0x0000
[5512] [M]: 0x0000000080026948 (0x000005B7) lui a1, 0x0
x11 <- 0x0000000000000000
mem[X,0x000000008002694C] -> 0x8593
mem[X,0x000000008002694E] -> 0xFFF5
[5513] [M]: 0x000000008002694C (0xFFF58593) addi a1, a1, -0x1
x11 <- 0xFFFFFFFFFFFFFFFF
mem[X,0x0000000080026950] -> 0x9593
mem[X,0x0000000080026952] -> 0x00B5
[5514] [M]: 0x0000000080026950 (0x00B59593) slli a1, a1, 0xb
x11 <- 0xFFFFFFFFFFFFF800
mem[X,0x0000000080026954] -> 0x8593
mem[X,0x0000000080026956] -> 0x2575
[5515] [M]: 0x0000000080026954 (0x25758593) addi a1, a1, 0x257
x11 <- 0xFFFFFFFFFFFFFA57
mem[X,0x0000000080026958] -> 0x9593
mem[X,0x000000008002695A] -> 0x00B5
[5516] [M]: 0x0000000080026958 (0x00B59593) slli a1, a1, 0xb
x11 <- 0xFFFFFFFFFFD2B800
mem[X,0x000000008002695C] -> 0x8593
mem[X,0x000000008002695E] -> 0x6C35
[5517] [M]: 0x000000008002695C (0x6C358593) addi a1, a1, 0x6c3
x11 <- 0xFFFFFFFFFFD2BEC3
mem[X,0x0000000080026960] -> 0x9593
mem[X,0x0000000080026962] -> 0x00A5
[5518] [M]: 0x0000000080026960 (0x00A59593) slli a1, a1, 0xa
x11 <- 0xFFFFFFFF4AFB0C00
mem[X,0x0000000080026964] -> 0x8593
mem[X,0x0000000080026966] -> 0x0CD5
[5519] [M]: 0x0000000080026964 (0x0CD58593) addi a1, a1, 0xcd
x11 <- 0xFFFFFFFF4AFB0CCD
mem[X,0x0000000080026968] -> 0x0113
mem[X,0x000000008002696A] -> 0x0000
[5520] [M]: 0x0000000080026968 (0x00000113) addi sp, zero, 0x0
x2 <- 0x0000000000000000
mem[X,0x000000008002696C] -> 0x006F
mem[X,0x000000008002696E] -> 0x0100
[5521] [M]: 0x000000008002696C (0x0100006F) jal zero, 0x10
mem[X,0x000000008002697C] -> 0x5AE3
mem[X,0x000000008002697E] -> 0xFEB5
[5522] [M]: 0x000000008002697C (0xFEB55AE3) bge a0, a1, -0xc
mem[X,0x0000000080026970] -> 0x0113
mem[X,0x0000000080026972] -> 0x0011
[5523] [M]: 0x0000000080026970 (0x00110113) addi sp, sp, 0x1
x2 <- 0x0000000000000001
mem[X,0x0000000080026974] -> 0x006F
mem[X,0x0000000080026976] -> 0x01C0
[5524] [M]: 0x0000000080026974 (0x01C0006F) jal zero, 0x1c
mem[X,0x0000000080026990] -> 0xB823
mem[X,0x0000000080026992] -> 0x2C20
[5525] [M]: 0x0000000080026990 (0x2C20B823) sd sp, 0x2d0(ra)
mem[0x0000000080048CA0] <- 0x0000000000000001
mem[X,0x0000000080026994] -> 0x0513
mem[X,0x0000000080026996] -> 0x0020
[5526] [M]: 0x0000000080026994 (0x00200513) addi a0, zero, 0x2
x10 <- 0x0000000000000002
mem[X,0x0000000080026998] -> 0x05B7
mem[X,0x000000008002699A] -> 0x0000
[5527] [M]: 0x0000000080026998 (0x000005B7) lui a1, 0x0
x11 <- 0x0000000000000000
mem[X,0x000000008002699C] -> 0x8593
mem[X,0x000000008002699E] -> 0x0005
[5528] [M]: 0x000000008002699C (0x00058593) addi a1, a1, 0x0
x11 <- 0x0000000000000000
mem[X,0x00000000800269A0] -> 0x9593
mem[X,0x00000000800269A2] -> 0x00B5
[5529] [M]: 0x00000000800269A0 (0x00B59593) slli a1, a1, 0xb
x11 <- 0x0000000000000000
mem[X,0x00000000800269A4] -> 0x8593
mem[X,0x00000000800269A6] -> 0x5A85
[5530] [M]: 0x00000000800269A4 (0x5A858593) addi a1, a1, 0x5a8
x11 <- 0x00000000000005A8
mem[X,0x00000000800269A8] -> 0x9593
mem[X,0x00000000800269AA] -> 0x00B5
[5531] [M]: 0x00000000800269A8 (0x00B59593) slli a1, a1, 0xb
x11 <- 0x00000000002D4000
mem[X,0x00000000800269AC] -> 0x8593
mem[X,0x00000000800269AE] -> 0x13C5
[5532] [M]: 0x00000000800269AC (0x13C58593) addi a1, a1, 0x13c
x11 <- 0x00000000002D413C
mem[X,0x00000000800269B0] -> 0x9593
mem[X,0x00000000800269B2] -> 0x00A5
[5533] [M]: 0x00000000800269B0 (0x00A59593) slli a1, a1, 0xa
x11 <- 0x00000000B504F000
mem[X,0x00000000800269B4] -> 0x8593
mem[X,0x00000000800269B6] -> 0x3335
[5534] [M]: 0x00000000800269B4 (0x33358593) addi a1, a1, 0x333
x11 <- 0x00000000B504F333
mem[X,0x00000000800269B8] -> 0x0113
mem[X,0x00000000800269BA] -> 0x0000
[5535] [M]: 0x00000000800269B8 (0x00000113) addi sp, zero, 0x0
x2 <- 0x0000000000000000
mem[X,0x00000000800269BC] -> 0x006F
mem[X,0x00000000800269BE] -> 0x0050
[5536] [M]: 0x00000000800269BC (0x0050006F) jal zero, 0x804
mem[X,0x00000000800271C0] -> 0x50E3
mem[X,0x00000000800271C2] -> 0x80B5
[5537] [M]: 0x00000000800271C0 (0x80B550E3) bge a0, a1, -0x800
mem[X,0x00000000800271C4] -> 0x0113
mem[X,0x00000000800271C6] -> 0x0021
[5538] [M]: 0x00000000800271C4 (0x00210113) addi sp, sp, 0x2
x2 <- 0x0000000000000002
mem[X,0x00000000800271C8] -> 0x006F
mem[X,0x00000000800271CA] -> 0x00C0
[5539] [M]: 0x00000000800271C8 (0x00C0006F) jal zero, 0xc
mem[X,0x00000000800271D4] -> 0xBC23
mem[X,0x00000000800271D6] -> 0x2C20
[5540] [M]: 0x00000000800271D4 (0x2C20BC23) sd sp, 0x2d8(ra)
mem[0x0000000080048CA8] <- 0x0000000000000002
mem[X,0x00000000800271D8] -> 0x0513
mem[X,0x00000000800271DA] -> 0x0020
[5541] [M]: 0x00000000800271D8 (0x00200513) addi a0, zero, 0x2
x10 <- 0x0000000000000002
mem[X,0x00000000800271DC] -> 0x0593
mem[X,0x00000000800271DE] -> 0x0020
[5542] [M]: 0x00000000800271DC (0x00200593) addi a1, zero, 0x2
x11 <- 0x0000000000000002
mem[X,0x00000000800271E0] -> 0x0113
mem[X,0x00000000800271E2] -> 0x0000
[5543] [M]: 0x00000000800271E0 (0x00000113) addi sp, zero, 0x0
x2 <- 0x0000000000000000
mem[X,0x00000000800271E4] -> 0x006F
mem[X,0x00000000800271E6] -> 0x00C0
[5544] [M]: 0x00000000800271E4 (0x00C0006F) jal zero, 0xc
mem[X,0x00000000800271F0] -> 0x5663
mem[X,0x00000000800271F2] -> 0x00B5
[5545] [M]: 0x00000000800271F0 (0x00B55663) bge a0, a1, 0xc
mem[X,0x00000000800271FC] -> 0x0113
mem[X,0x00000000800271FE] -> 0x0031
[5546] [M]: 0x00000000800271FC (0x00310113) addi sp, sp, 0x3
x2 <- 0x0000000000000003
mem[X,0x0000000080027200] -> 0x006F
mem[X,0x0000000080027202] -> 0x0040
[5547] [M]: 0x0000000080027200 (0x0040006F) jal zero, 0x4
mem[X,0x0000000080027204] -> 0xB023
mem[X,0x0000000080027206] -> 0x2E20
[5548] [M]: 0x0000000080027204 (0x2E20B023) sd sp, 0x2e0(ra)
mem[0x0000000080048CB0] <- 0x0000000000000003
mem[X,0x0000000080027208] -> 0x0513
mem[X,0x000000008002720A] -> 0x0020
[5549] [M]: 0x0000000080027208 (0x00200513) addi a0, zero, 0x2
x10 <- 0x0000000000000002
mem[X,0x000000008002720C] -> 0x55B7
mem[X,0x000000008002720E] -> 0x5555
[5550] [M]: 0x000000008002720C (0x555555B7) lui a1, 0x55555
x11 <- 0x0000000055555000
mem[X,0x0000000080027210] -> 0x8593
mem[X,0x0000000080027212] -> 0x5555
[5551] [M]: 0x0000000080027210 (0x55558593) addi a1, a1, 0x555
x11 <- 0x0000000055555555
mem[X,0x0000000080027214] -> 0x9593
mem[X,0x0000000080027216] -> 0x00B5
[5552] [M]: 0x0000000080027214 (0x00B59593) slli a1, a1, 0xb
x11 <- 0x000002AAAAAAA800
mem[X,0x0000000080027218] -> 0x8593
mem[X,0x000000008002721A] -> 0x2AA5
[5553] [M]: 0x0000000080027218 (0x2AA58593) addi a1, a1, 0x2aa
x11 <- 0x000002AAAAAAAAAA
mem[X,0x000000008002721C] -> 0x9593
mem[X,0x000000008002721E] -> 0x00B5
[5554] [M]: 0x000000008002721C (0x00B59593) slli a1, a1, 0xb
x11 <- 0x0015555555555000
mem[X,0x0000000080027220] -> 0x8593
mem[X,0x0000000080027222] -> 0x5555
[5555] [M]: 0x0000000080027220 (0x55558593) addi a1, a1, 0x555
x11 <- 0x0015555555555555
mem[X,0x0000000080027224] -> 0x9593
mem[X,0x0000000080027226] -> 0x00A5
[5556] [M]: 0x0000000080027224 (0x00A59593) slli a1, a1, 0xa
x11 <- 0x5555555555555400
mem[X,0x0000000080027228] -> 0x8593
mem[X,0x000000008002722A] -> 0x1545
[5557] [M]: 0x0000000080027228 (0x15458593) addi a1, a1, 0x154
x11 <- 0x5555555555555554
mem[X,0x000000008002722C] -> 0x0113
mem[X,0x000000008002722E] -> 0x0000
[5558] [M]: 0x000000008002722C (0x00000113) addi sp, zero, 0x0
x2 <- 0x0000000000000000
mem[X,0x0000000080027230] -> 0x006F
mem[X,0x0000000080027232] -> 0x00C0
[5559] [M]: 0x0000000080027230 (0x00C0006F) jal zero, 0xc
mem[X,0x000000008002723C] -> 0x5063
mem[X,0x000000008002723E] -> 0x08B5
[5560] [M]: 0x000000008002723C (0x08B55063) bge a0, a1, 0x80
mem[X,0x0000000080027240] -> 0x0113
mem[X,0x0000000080027242] -> 0x0021
[5561] [M]: 0x0000000080027240 (0x00210113) addi sp, sp, 0x2
x2 <- 0x0000000000000002
mem[X,0x0000000080027244] -> 0x006F
mem[X,0x0000000080027246] -> 0x0800
[5562] [M]: 0x0000000080027244 (0x0800006F) jal zero, 0x80
mem[X,0x00000000800272C4] -> 0xB423
mem[X,0x00000000800272C6] -> 0x2E20
[5563] [M]: 0x00000000800272C4 (0x2E20B423) sd sp, 0x2e8(ra)
mem[0x0000000080048CB8] <- 0x0000000000000002
mem[X,0x00000000800272C8] -> 0x0513
mem[X,0x00000000800272CA] -> 0x0020
[5564] [M]: 0x00000000800272C8 (0x00200513) addi a0, zero, 0x2
x10 <- 0x0000000000000002
mem[X,0x00000000800272CC] -> 0x0593
mem[X,0x00000000800272CE] -> 0x0000
[5565] [M]: 0x00000000800272CC (0x00000593) addi a1, zero, 0x0
x11 <- 0x0000000000000000
mem[X,0x00000000800272D0] -> 0x0113
mem[X,0x00000000800272D2] -> 0x0000
[5566] [M]: 0x00000000800272D0 (0x00000113) addi sp, zero, 0x0
x2 <- 0x0000000000000000
mem[X,0x00000000800272D4] -> 0x006F
mem[X,0x00000000800272D6] -> 0x00C0
[5567] [M]: 0x00000000800272D4 (0x00C0006F) jal zero, 0xc
mem[X,0x00000000800272E0] -> 0x5663
mem[X,0x00000000800272E2] -> 0x00B5
[5568] [M]: 0x00000000800272E0 (0x00B55663) bge a0, a1, 0xc
mem[X,0x00000000800272EC] -> 0x0113
mem[X,0x00000000800272EE] -> 0x0031
[5569] [M]: 0x00000000800272EC (0x00310113) addi sp, sp, 0x3
x2 <- 0x0000000000000003
mem[X,0x00000000800272F0] -> 0x006F
mem[X,0x00000000800272F2] -> 0x0040
[5570] [M]: 0x00000000800272F0 (0x0040006F) jal zero, 0x4
mem[X,0x00000000800272F4] -> 0xB823
mem[X,0x00000000800272F6] -> 0x2E20
[5571] [M]: 0x00000000800272F4 (0x2E20B823) sd sp, 0x2f0(ra)
mem[0x0000000080048CC0] <- 0x0000000000000003
mem[X,0x00000000800272F8] -> 0x0513
mem[X,0x00000000800272FA] -> 0x0020
[5572] [M]: 0x00000000800272F8 (0x00200513) addi a0, zero, 0x2
x10 <- 0x0000000000000002
mem[X,0x00000000800272FC] -> 0x0593
mem[X,0x00000000800272FE] -> 0x0040
[5573] [M]: 0x00000000800272FC (0x00400593) addi a1, zero, 0x4
x11 <- 0x0000000000000004
mem[X,0x0000000080027300] -> 0x0113
mem[X,0x0000000080027302] -> 0x0000
[5574] [M]: 0x0000000080027300 (0x00000113) addi sp, zero, 0x0
x2 <- 0x0000000000000000
mem[X,0x0000000080027304] -> 0x006F
mem[X,0x0000000080027306] -> 0x00C0
[5575] [M]: 0x0000000080027304 (0x00C0006F) jal zero, 0xc
mem[X,0x0000000080027310] -> 0x5CE3
mem[X,0x0000000080027312] -> 0xFEB5
[5576] [M]: 0x0000000080027310 (0xFEB55CE3) bge a0, a1, -0x8
mem[X,0x0000000080027314] -> 0x0113
mem[X,0x0000000080027316] -> 0x0021
[5577] [M]: 0x0000000080027314 (0x00210113) addi sp, sp, 0x2
x2 <- 0x0000000000000002
mem[X,0x0000000080027318] -> 0x006F
mem[X,0x000000008002731A] -> 0x00C0
[5578] [M]: 0x0000000080027318 (0x00C0006F) jal zero, 0xc
mem[X,0x0000000080027324] -> 0xBC23
mem[X,0x0000000080027326] -> 0x2E20
[5579] [M]: 0x0000000080027324 (0x2E20BC23) sd sp, 0x2f8(ra)
mem[0x0000000080048CC8] <- 0x0000000000000002
mem[X,0x0000000080027328] -> 0x0513
mem[X,0x000000008002732A] -> 0x0020
[5580] [M]: 0x0000000080027328 (0x00200513) addi a0, zero, 0x2
x10 <- 0x0000000000000002
mem[X,0x000000008002732C] -> 0x35B7
mem[X,0x000000008002732E] -> 0x3333
[5581] [M]: 0x000000008002732C (0x333335B7) lui a1, 0x33333
x11 <- 0x0000000033333000
mem[X,0x0000000080027330] -> 0x8593
mem[X,0x0000000080027332] -> 0x3335
[5582] [M]: 0x0000000080027330 (0x33358593) addi a1, a1, 0x333
x11 <- 0x0000000033333333
mem[X,0x0000000080027334] -> 0x9593
mem[X,0x0000000080027336] -> 0x00B5
[5583] [M]: 0x0000000080027334 (0x00B59593) slli a1, a1, 0xb
x11 <- 0x0000019999999800
mem[X,0x0000000080027338] -> 0x8593
mem[X,0x000000008002733A] -> 0x1995
[5584] [M]: 0x0000000080027338 (0x19958593) addi a1, a1, 0x199
x11 <- 0x0000019999999999
mem[X,0x000000008002733C] -> 0x9593
mem[X,0x000000008002733E] -> 0x00B5
[5585] [M]: 0x000000008002733C (0x00B59593) slli a1, a1, 0xb
x11 <- 0x000CCCCCCCCCC800
mem[X,0x0000000080027340] -> 0x8593
mem[X,0x0000000080027342] -> 0x4CC5
[5586] [M]: 0x0000000080027340 (0x4CC58593) addi a1, a1, 0x4cc
x11 <- 0x000CCCCCCCCCCCCC
mem[X,0x0000000080027344] -> 0x9593
mem[X,0x0000000080027346] -> 0x00A5
[5587] [M]: 0x0000000080027344 (0x00A59593) slli a1, a1, 0xa
x11 <- 0x3333333333333000
mem[X,0x0000000080027348] -> 0x8593
mem[X,0x000000008002734A] -> 0x3325
[5588] [M]: 0x0000000080027348 (0x33258593) addi a1, a1, 0x332
x11 <- 0x3333333333333332
mem[X,0x000000008002734C] -> 0x0113
mem[X,0x000000008002734E] -> 0x0000
[5589] [M]: 0x000000008002734C (0x00000113) addi sp, zero, 0x0
x2 <- 0x0000000000000000
mem[X,0x0000000080027350] -> 0x006F
mem[X,0x0000000080027352] -> 0x0050
[5590] [M]: 0x0000000080027350 (0x0050006F) jal zero, 0x804
mem[X,0x0000000080027B54] -> 0x50E3
mem[X,0x0000000080027B56] -> 0x80B5
[5591] [M]: 0x0000000080027B54 (0x80B550E3) bge a0, a1, -0x800
mem[X,0x0000000080027B58] -> 0x0113
mem[X,0x0000000080027B5A] -> 0x0021
[5592] [M]: 0x0000000080027B58 (0x00210113) addi sp, sp, 0x2
x2 <- 0x0000000000000002
mem[X,0x0000000080027B5C] -> 0x006F
mem[X,0x0000000080027B5E] -> 0x00C0
[5593] [M]: 0x0000000080027B5C (0x00C0006F) jal zero, 0xc
mem[X,0x0000000080027B68] -> 0xB023
mem[X,0x0000000080027B6A] -> 0x3020
[5594] [M]: 0x0000000080027B68 (0x3020B023) sd sp, 0x300(ra)
mem[0x0000000080048CD0] <- 0x0000000000000002
mem[X,0x0000000080027B6C] -> 0x0513
mem[X,0x0000000080027B6E] -> 0x0020
[5595] [M]: 0x0000000080027B6C (0x00200513) addi a0, zero, 0x2
x10 <- 0x0000000000000002
mem[X,0x0000000080027B70] -> 0x65B7
mem[X,0x0000000080027B72] -> 0x6666
[5596] [M]: 0x0000000080027B70 (0x666665B7) lui a1, 0x66666
x11 <- 0x0000000066666000
mem[X,0x0000000080027B74] -> 0x8593
mem[X,0x0000000080027B76] -> 0x6665
[5597] [M]: 0x0000000080027B74 (0x66658593) addi a1, a1, 0x666
x11 <- 0x0000000066666666
mem[X,0x0000000080027B78] -> 0x9593
mem[X,0x0000000080027B7A] -> 0x00B5
[5598] [M]: 0x0000000080027B78 (0x00B59593) slli a1, a1, 0xb
x11 <- 0x0000033333333000
mem[X,0x0000000080027B7C] -> 0x8593
mem[X,0x0000000080027B7E] -> 0x3335
[5599] [M]: 0x0000000080027B7C (0x33358593) addi a1, a1, 0x333
x11 <- 0x0000033333333333
clint::tick mtime <- 0x0000000000000038
 clint timer pending at mtime 0x0000000000000038
htif::tick 0x0000000000000000
mem[X,0x0000000080027B80] -> 0x9593
mem[X,0x0000000080027B82] -> 0x00B5
[5600] [M]: 0x0000000080027B80 (0x00B59593) slli a1, a1, 0xb
x11 <- 0x0019999999999800
mem[X,0x0000000080027B84] -> 0x8593
mem[X,0x0000000080027B86] -> 0x1995
[5601] [M]: 0x0000000080027B84 (0x19958593) addi a1, a1, 0x199
x11 <- 0x0019999999999999
mem[X,0x0000000080027B88] -> 0x9593
mem[X,0x0000000080027B8A] -> 0x00A5
[5602] [M]: 0x0000000080027B88 (0x00A59593) slli a1, a1, 0xa
x11 <- 0x6666666666666400
mem[X,0x0000000080027B8C] -> 0x8593
mem[X,0x0000000080027B8E] -> 0x2655
[5603] [M]: 0x0000000080027B8C (0x26558593) addi a1, a1, 0x265
x11 <- 0x6666666666666665
mem[X,0x0000000080027B90] -> 0x0113
mem[X,0x0000000080027B92] -> 0x0000
[5604] [M]: 0x0000000080027B90 (0x00000113) addi sp, zero, 0x0
x2 <- 0x0000000000000000
mem[X,0x0000000080027B94] -> 0x006F
mem[X,0x0000000080027B96] -> 0x00C0
[5605] [M]: 0x0000000080027B94 (0x00C0006F) jal zero, 0xc
mem[X,0x0000000080027BA0] -> 0x5863
mem[X,0x0000000080027BA2] -> 0x00B5
[5606] [M]: 0x0000000080027BA0 (0x00B55863) bge a0, a1, 0x10
mem[X,0x0000000080027BA4] -> 0x0113
mem[X,0x0000000080027BA6] -> 0x0021
[5607] [M]: 0x0000000080027BA4 (0x00210113) addi sp, sp, 0x2
x2 <- 0x0000000000000002
mem[X,0x0000000080027BA8] -> 0x006F
mem[X,0x0000000080027BAA] -> 0x0100
[5608] [M]: 0x0000000080027BA8 (0x0100006F) jal zero, 0x10
mem[X,0x0000000080027BB8] -> 0xB423
mem[X,0x0000000080027BBA] -> 0x3020
[5609] [M]: 0x0000000080027BB8 (0x3020B423) sd sp, 0x308(ra)
mem[0x0000000080048CD8] <- 0x0000000000000002
mem[X,0x0000000080027BBC] -> 0x0513
mem[X,0x0000000080027BBE] -> 0x0020
[5610] [M]: 0x0000000080027BBC (0x00200513) addi a0, zero, 0x2
x10 <- 0x0000000000000002
mem[X,0x0000000080027BC0] -> 0x05B7
mem[X,0x0000000080027BC2] -> 0x0000
[5611] [M]: 0x0000000080027BC0 (0x000005B7) lui a1, 0x0
x11 <- 0x0000000000000000
mem[X,0x0000000080027BC4] -> 0x8593
mem[X,0x0000000080027BC6] -> 0x0005
[5612] [M]: 0x0000000080027BC4 (0x00058593) addi a1, a1, 0x0
x11 <- 0x0000000000000000
mem[X,0x0000000080027BC8] -> 0x9593
mem[X,0x0000000080027BCA] -> 0x00B5
[5613] [M]: 0x0000000080027BC8 (0x00B59593) slli a1, a1, 0xb
x11 <- 0x0000000000000000
mem[X,0x0000000080027BCC] -> 0x8593
mem[X,0x0000000080027BCE] -> 0x5A85
[5614] [M]: 0x0000000080027BCC (0x5A858593) addi a1, a1, 0x5a8
x11 <- 0x00000000000005A8
mem[X,0x0000000080027BD0] -> 0x9593
mem[X,0x0000000080027BD2] -> 0x00B5
[5615] [M]: 0x0000000080027BD0 (0x00B59593) slli a1, a1, 0xb
x11 <- 0x00000000002D4000
mem[X,0x0000000080027BD4] -> 0x8593
mem[X,0x0000000080027BD6] -> 0x13C5
[5616] [M]: 0x0000000080027BD4 (0x13C58593) addi a1, a1, 0x13c
x11 <- 0x00000000002D413C
mem[X,0x0000000080027BD8] -> 0x9593
mem[X,0x0000000080027BDA] -> 0x00A5
[5617] [M]: 0x0000000080027BD8 (0x00A59593) slli a1, a1, 0xa
x11 <- 0x00000000B504F000
mem[X,0x0000000080027BDC] -> 0x8593
mem[X,0x0000000080027BDE] -> 0x3325
[5618] [M]: 0x0000000080027BDC (0x33258593) addi a1, a1, 0x332
x11 <- 0x00000000B504F332
mem[X,0x0000000080027BE0] -> 0x0113
mem[X,0x0000000080027BE2] -> 0x0000
[5619] [M]: 0x0000000080027BE0 (0x00000113) addi sp, zero, 0x0
x2 <- 0x0000000000000000
mem[X,0x0000000080027BE4] -> 0x006F
mem[X,0x0000000080027BE6] -> 0x00C0
[5620] [M]: 0x0000000080027BE4 (0x00C0006F) jal zero, 0xc
mem[X,0x0000000080027BF0] -> 0x5663
mem[X,0x0000000080027BF2] -> 0x00B5
[5621] [M]: 0x0000000080027BF0 (0x00B55663) bge a0, a1, 0xc
mem[X,0x0000000080027BF4] -> 0x0113
mem[X,0x0000000080027BF6] -> 0x0021
[5622] [M]: 0x0000000080027BF4 (0x00210113) addi sp, sp, 0x2
x2 <- 0x0000000000000002
mem[X,0x0000000080027BF8] -> 0x006F
mem[X,0x0000000080027BFA] -> 0x00C0
[5623] [M]: 0x0000000080027BF8 (0x00C0006F) jal zero, 0xc
mem[X,0x0000000080027C04] -> 0xB823
mem[X,0x0000000080027C06] -> 0x3020
[5624] [M]: 0x0000000080027C04 (0x3020B823) sd sp, 0x310(ra)
mem[0x0000000080048CE0] <- 0x0000000000000002
mem[X,0x0000000080027C08] -> 0x0513
mem[X,0x0000000080027C0A] -> 0x0020
[5625] [M]: 0x0000000080027C08 (0x00200513) addi a0, zero, 0x2
x10 <- 0x0000000000000002
mem[X,0x0000000080027C0C] -> 0x55B7
mem[X,0x0000000080027C0E] -> 0x5555
[5626] [M]: 0x0000000080027C0C (0x555555B7) lui a1, 0x55555
x11 <- 0x0000000055555000
mem[X,0x0000000080027C10] -> 0x8593
mem[X,0x0000000080027C12] -> 0x5555
[5627] [M]: 0x0000000080027C10 (0x55558593) addi a1, a1, 0x555
x11 <- 0x0000000055555555
mem[X,0x0000000080027C14] -> 0x9593
mem[X,0x0000000080027C16] -> 0x00B5
[5628] [M]: 0x0000000080027C14 (0x00B59593) slli a1, a1, 0xb
x11 <- 0x000002AAAAAAA800
mem[X,0x0000000080027C18] -> 0x8593
mem[X,0x0000000080027C1A] -> 0x2AA5
[5629] [M]: 0x0000000080027C18 (0x2AA58593) addi a1, a1, 0x2aa
x11 <- 0x000002AAAAAAAAAA
mem[X,0x0000000080027C1C] -> 0x9593
mem[X,0x0000000080027C1E] -> 0x00B5
[5630] [M]: 0x0000000080027C1C (0x00B59593) slli a1, a1, 0xb
x11 <- 0x0015555555555000
mem[X,0x0000000080027C20] -> 0x8593
mem[X,0x0000000080027C22] -> 0x5555
[5631] [M]: 0x0000000080027C20 (0x55558593) addi a1, a1, 0x555
x11 <- 0x0015555555555555
mem[X,0x0000000080027C24] -> 0x9593
mem[X,0x0000000080027C26] -> 0x00A5
[5632] [M]: 0x0000000080027C24 (0x00A59593) slli a1, a1, 0xa
x11 <- 0x5555555555555400
mem[X,0x0000000080027C28] -> 0x8593
mem[X,0x0000000080027C2A] -> 0x1565
[5633] [M]: 0x0000000080027C28 (0x15658593) addi a1, a1, 0x156
x11 <- 0x5555555555555556
mem[X,0x0000000080027C2C] -> 0x0113
mem[X,0x0000000080027C2E] -> 0x0000
[5634] [M]: 0x0000000080027C2C (0x00000113) addi sp, zero, 0x0
x2 <- 0x0000000000000000
mem[X,0x0000000080027C30] -> 0x006F
mem[X,0x0000000080027C32] -> 0x00C0
[5635] [M]: 0x0000000080027C30 (0x00C0006F) jal zero, 0xc
mem[X,0x0000000080027C3C] -> 0x5063
mem[X,0x0000000080027C3E] -> 0x10B5
[5636] [M]: 0x0000000080027C3C (0x10B55063) bge a0, a1, 0x100
mem[X,0x0000000080027C40] -> 0x0113
mem[X,0x0000000080027C42] -> 0x0021
[5637] [M]: 0x0000000080027C40 (0x00210113) addi sp, sp, 0x2
x2 <- 0x0000000000000002
mem[X,0x0000000080027C44] -> 0x006F
mem[X,0x0000000080027C46] -> 0x1000
[5638] [M]: 0x0000000080027C44 (0x1000006F) jal zero, 0x100
mem[X,0x0000000080027D44] -> 0xBC23
mem[X,0x0000000080027D46] -> 0x3020
[5639] [M]: 0x0000000080027D44 (0x3020BC23) sd sp, 0x318(ra)
mem[0x0000000080048CE8] <- 0x0000000000000002
mem[X,0x0000000080027D48] -> 0x0513
mem[X,0x0000000080027D4A] -> 0x0020
[5640] [M]: 0x0000000080027D48 (0x00200513) addi a0, zero, 0x2
x10 <- 0x0000000000000002
mem[X,0x0000000080027D4C] -> 0xB5B7
mem[X,0x0000000080027D4E] -> 0xAAAA
[5641] [M]: 0x0000000080027D4C (0xAAAAB5B7) lui a1, -0x55555
x11 <- 0xFFFFFFFFAAAAB000
mem[X,0x0000000080027D50] -> 0x8593
mem[X,0x0000000080027D52] -> 0xAAA5
[5642] [M]: 0x0000000080027D50 (0xAAA58593) addi a1, a1, -0x556
x11 <- 0xFFFFFFFFAAAAAAAA
mem[X,0x0000000080027D54] -> 0x9593
mem[X,0x0000000080027D56] -> 0x00B5
[5643] [M]: 0x0000000080027D54 (0x00B59593) slli a1, a1, 0xb
x11 <- 0xFFFFFD5555555000
mem[X,0x0000000080027D58] -> 0x8593
mem[X,0x0000000080027D5A] -> 0x5555
[5644] [M]: 0x0000000080027D58 (0x55558593) addi a1, a1, 0x555
x11 <- 0xFFFFFD5555555555
mem[X,0x0000000080027D5C] -> 0x9593
mem[X,0x0000000080027D5E] -> 0x00B5
[5645] [M]: 0x0000000080027D5C (0x00B59593) slli a1, a1, 0xb
x11 <- 0xFFEAAAAAAAAAA800
mem[X,0x0000000080027D60] -> 0x8593
mem[X,0x0000000080027D62] -> 0x2AA5
[5646] [M]: 0x0000000080027D60 (0x2AA58593) addi a1, a1, 0x2aa
x11 <- 0xFFEAAAAAAAAAAAAA
mem[X,0x0000000080027D64] -> 0x9593
mem[X,0x0000000080027D66] -> 0x00A5
[5647] [M]: 0x0000000080027D64 (0x00A59593) slli a1, a1, 0xa
x11 <- 0xAAAAAAAAAAAAA800
mem[X,0x0000000080027D68] -> 0x8593
mem[X,0x0000000080027D6A] -> 0x2AB5
[5648] [M]: 0x0000000080027D68 (0x2AB58593) addi a1, a1, 0x2ab
x11 <- 0xAAAAAAAAAAAAAAAB
mem[X,0x0000000080027D6C] -> 0x0113
mem[X,0x0000000080027D6E] -> 0x0000
[5649] [M]: 0x0000000080027D6C (0x00000113) addi sp, zero, 0x0
x2 <- 0x0000000000000000
mem[X,0x0000000080027D70] -> 0x006F
mem[X,0x0000000080027D72] -> 0x00C0
[5650] [M]: 0x0000000080027D70 (0x00C0006F) jal zero, 0xc
mem[X,0x0000000080027D7C] -> 0x5663
mem[X,0x0000000080027D7E] -> 0x00B5
[5651] [M]: 0x0000000080027D7C (0x00B55663) bge a0, a1, 0xc
mem[X,0x0000000080027D88] -> 0x0113
mem[X,0x0000000080027D8A] -> 0x0031
[5652] [M]: 0x0000000080027D88 (0x00310113) addi sp, sp, 0x3
x2 <- 0x0000000000000003
mem[X,0x0000000080027D8C] -> 0x006F
mem[X,0x0000000080027D8E] -> 0x0040
[5653] [M]: 0x0000000080027D8C (0x0040006F) jal zero, 0x4
mem[X,0x0000000080027D90] -> 0xB023
mem[X,0x0000000080027D92] -> 0x3220
[5654] [M]: 0x0000000080027D90 (0x3220B023) sd sp, 0x320(ra)
mem[0x0000000080048CF0] <- 0x0000000000000003
mem[X,0x0000000080027D94] -> 0x0513
mem[X,0x0000000080027D96] -> 0x0020
[5655] [M]: 0x0000000080027D94 (0x00200513) addi a0, zero, 0x2
x10 <- 0x0000000000000002
mem[X,0x0000000080027D98] -> 0x0593
mem[X,0x0000000080027D9A] -> 0x0060
[5656] [M]: 0x0000000080027D98 (0x00600593) addi a1, zero, 0x6
x11 <- 0x0000000000000006
mem[X,0x0000000080027D9C] -> 0x0113
mem[X,0x0000000080027D9E] -> 0x0000
[5657] [M]: 0x0000000080027D9C (0x00000113) addi sp, zero, 0x0
x2 <- 0x0000000000000000
mem[X,0x0000000080027DA0] -> 0x006F
mem[X,0x0000000080027DA2] -> 0x00C0
[5658] [M]: 0x0000000080027DA0 (0x00C0006F) jal zero, 0xc
mem[X,0x0000000080027DAC] -> 0x5863
mem[X,0x0000000080027DAE] -> 0x00B5
[5659] [M]: 0x0000000080027DAC (0x00B55863) bge a0, a1, 0x10
mem[X,0x0000000080027DB0] -> 0x0113
mem[X,0x0000000080027DB2] -> 0x0021
[5660] [M]: 0x0000000080027DB0 (0x00210113) addi sp, sp, 0x2
x2 <- 0x0000000000000002
mem[X,0x0000000080027DB4] -> 0x006F
mem[X,0x0000000080027DB6] -> 0x0100
[5661] [M]: 0x0000000080027DB4 (0x0100006F) jal zero, 0x10
mem[X,0x0000000080027DC4] -> 0xB423
mem[X,0x0000000080027DC6] -> 0x3220
[5662] [M]: 0x0000000080027DC4 (0x3220B423) sd sp, 0x328(ra)
mem[0x0000000080048CF8] <- 0x0000000000000002
mem[X,0x0000000080027DC8] -> 0x0513
mem[X,0x0000000080027DCA] -> 0x0020
[5663] [M]: 0x0000000080027DC8 (0x00200513) addi a0, zero, 0x2
x10 <- 0x0000000000000002
mem[X,0x0000000080027DCC] -> 0x35B7
mem[X,0x0000000080027DCE] -> 0x3333
[5664] [M]: 0x0000000080027DCC (0x333335B7) lui a1, 0x33333
x11 <- 0x0000000033333000
mem[X,0x0000000080027DD0] -> 0x8593
mem[X,0x0000000080027DD2] -> 0x3335
[5665] [M]: 0x0000000080027DD0 (0x33358593) addi a1, a1, 0x333
x11 <- 0x0000000033333333
mem[X,0x0000000080027DD4] -> 0x9593
mem[X,0x0000000080027DD6] -> 0x00B5
[5666] [M]: 0x0000000080027DD4 (0x00B59593) slli a1, a1, 0xb
x11 <- 0x0000019999999800
mem[X,0x0000000080027DD8] -> 0x8593
mem[X,0x0000000080027DDA] -> 0x1995
[5667] [M]: 0x0000000080027DD8 (0x19958593) addi a1, a1, 0x199
x11 <- 0x0000019999999999
mem[X,0x0000000080027DDC] -> 0x9593
mem[X,0x0000000080027DDE] -> 0x00B5
[5668] [M]: 0x0000000080027DDC (0x00B59593) slli a1, a1, 0xb
x11 <- 0x000CCCCCCCCCC800
mem[X,0x0000000080027DE0] -> 0x8593
mem[X,0x0000000080027DE2] -> 0x4CC5
[5669] [M]: 0x0000000080027DE0 (0x4CC58593) addi a1, a1, 0x4cc
x11 <- 0x000CCCCCCCCCCCCC
mem[X,0x0000000080027DE4] -> 0x9593
mem[X,0x0000000080027DE6] -> 0x00A5
[5670] [M]: 0x0000000080027DE4 (0x00A59593) slli a1, a1, 0xa
x11 <- 0x3333333333333000
mem[X,0x0000000080027DE8] -> 0x8593
mem[X,0x0000000080027DEA] -> 0x3345
[5671] [M]: 0x0000000080027DE8 (0x33458593) addi a1, a1, 0x334
x11 <- 0x3333333333333334
mem[X,0x0000000080027DEC] -> 0x0113
mem[X,0x0000000080027DEE] -> 0x0000
[5672] [M]: 0x0000000080027DEC (0x00000113) addi sp, zero, 0x0
x2 <- 0x0000000000000000
mem[X,0x0000000080027DF0] -> 0x006F
mem[X,0x0000000080027DF2] -> 0x00C0
[5673] [M]: 0x0000000080027DF0 (0x00C0006F) jal zero, 0xc
mem[X,0x0000000080027DFC] -> 0x5063
mem[X,0x0000000080027DFE] -> 0x10B5
[5674] [M]: 0x0000000080027DFC (0x10B55063) bge a0, a1, 0x100
mem[X,0x0000000080027E00] -> 0x0113
mem[X,0x0000000080027E02] -> 0x0021
[5675] [M]: 0x0000000080027E00 (0x00210113) addi sp, sp, 0x2
x2 <- 0x0000000000000002
mem[X,0x0000000080027E04] -> 0x006F
mem[X,0x0000000080027E06] -> 0x1000
[5676] [M]: 0x0000000080027E04 (0x1000006F) jal zero, 0x100
mem[X,0x0000000080027F04] -> 0xB823
mem[X,0x0000000080027F06] -> 0x3220
[5677] [M]: 0x0000000080027F04 (0x3220B823) sd sp, 0x330(ra)
mem[0x0000000080048D00] <- 0x0000000000000002
mem[X,0x0000000080027F08] -> 0x0513
mem[X,0x0000000080027F0A] -> 0x0020
[5678] [M]: 0x0000000080027F08 (0x00200513) addi a0, zero, 0x2
x10 <- 0x0000000000000002
mem[X,0x0000000080027F0C] -> 0x65B7
mem[X,0x0000000080027F0E] -> 0x6666
[5679] [M]: 0x0000000080027F0C (0x666665B7) lui a1, 0x66666
x11 <- 0x0000000066666000
mem[X,0x0000000080027F10] -> 0x8593
mem[X,0x0000000080027F12] -> 0x6665
[5680] [M]: 0x0000000080027F10 (0x66658593) addi a1, a1, 0x666
x11 <- 0x0000000066666666
mem[X,0x0000000080027F14] -> 0x9593
mem[X,0x0000000080027F16] -> 0x00B5
[5681] [M]: 0x0000000080027F14 (0x00B59593) slli a1, a1, 0xb
x11 <- 0x0000033333333000
mem[X,0x0000000080027F18] -> 0x8593
mem[X,0x0000000080027F1A] -> 0x3335
[5682] [M]: 0x0000000080027F18 (0x33358593) addi a1, a1, 0x333
x11 <- 0x0000033333333333
mem[X,0x0000000080027F1C] -> 0x9593
mem[X,0x0000000080027F1E] -> 0x00B5
[5683] [M]: 0x0000000080027F1C (0x00B59593) slli a1, a1, 0xb
x11 <- 0x0019999999999800
mem[X,0x0000000080027F20] -> 0x8593
mem[X,0x0000000080027F22] -> 0x1995
[5684] [M]: 0x0000000080027F20 (0x19958593) addi a1, a1, 0x199
x11 <- 0x0019999999999999
mem[X,0x0000000080027F24] -> 0x9593
mem[X,0x0000000080027F26] -> 0x00A5
[5685] [M]: 0x0000000080027F24 (0x00A59593) slli a1, a1, 0xa
x11 <- 0x6666666666666400
mem[X,0x0000000080027F28] -> 0x8593
mem[X,0x0000000080027F2A] -> 0x2675
[5686] [M]: 0x0000000080027F28 (0x26758593) addi a1, a1, 0x267
x11 <- 0x6666666666666667
mem[X,0x0000000080027F2C] -> 0x0113
mem[X,0x0000000080027F2E] -> 0x0000
[5687] [M]: 0x0000000080027F2C (0x00000113) addi sp, zero, 0x0
x2 <- 0x0000000000000000
mem[X,0x0000000080027F30] -> 0x006F
mem[X,0x0000000080027F32] -> 0x00C0
[5688] [M]: 0x0000000080027F30 (0x00C0006F) jal zero, 0xc
mem[X,0x0000000080027F3C] -> 0x5063
mem[X,0x0000000080027F3E] -> 0x04B5
[5689] [M]: 0x0000000080027F3C (0x04B55063) bge a0, a1, 0x40
mem[X,0x0000000080027F40] -> 0x0113
mem[X,0x0000000080027F42] -> 0x0021
[5690] [M]: 0x0000000080027F40 (0x00210113) addi sp, sp, 0x2
x2 <- 0x0000000000000002
mem[X,0x0000000080027F44] -> 0x006F
mem[X,0x0000000080027F46] -> 0x0400
[5691] [M]: 0x0000000080027F44 (0x0400006F) jal zero, 0x40
mem[X,0x0000000080027F84] -> 0xBC23
mem[X,0x0000000080027F86] -> 0x3220
[5692] [M]: 0x0000000080027F84 (0x3220BC23) sd sp, 0x338(ra)
mem[0x0000000080048D08] <- 0x0000000000000002
mem[X,0x0000000080027F88] -> 0x0513
mem[X,0x0000000080027F8A] -> 0x0020
[5693] [M]: 0x0000000080027F88 (0x00200513) addi a0, zero, 0x2
x10 <- 0x0000000000000002
mem[X,0x0000000080027F8C] -> 0x05B7
mem[X,0x0000000080027F8E] -> 0x0000
[5694] [M]: 0x0000000080027F8C (0x000005B7) lui a1, 0x0
x11 <- 0x0000000000000000
mem[X,0x0000000080027F90] -> 0x8593
mem[X,0x0000000080027F92] -> 0xFFF5
[5695] [M]: 0x0000000080027F90 (0xFFF58593) addi a1, a1, -0x1
x11 <- 0xFFFFFFFFFFFFFFFF
mem[X,0x0000000080027F94] -> 0x9593
mem[X,0x0000000080027F96] -> 0x00B5
[5696] [M]: 0x0000000080027F94 (0x00B59593) slli a1, a1, 0xb
x11 <- 0xFFFFFFFFFFFFF800
mem[X,0x0000000080027F98] -> 0x8593
mem[X,0x0000000080027F9A] -> 0x2575
[5697] [M]: 0x0000000080027F98 (0x25758593) addi a1, a1, 0x257
x11 <- 0xFFFFFFFFFFFFFA57
mem[X,0x0000000080027F9C] -> 0x9593
mem[X,0x0000000080027F9E] -> 0x00B5
[5698] [M]: 0x0000000080027F9C (0x00B59593) slli a1, a1, 0xb
x11 <- 0xFFFFFFFFFFD2B800
mem[X,0x0000000080027FA0] -> 0x8593
mem[X,0x0000000080027FA2] -> 0x6C35
[5699] [M]: 0x0000000080027FA0 (0x6C358593) addi a1, a1, 0x6c3
x11 <- 0xFFFFFFFFFFD2BEC3
clint::tick mtime <- 0x0000000000000039
 clint timer pending at mtime 0x0000000000000039
htif::tick 0x0000000000000000
mem[X,0x0000000080027FA4] -> 0x9593
mem[X,0x0000000080027FA6] -> 0x00A5
[5700] [M]: 0x0000000080027FA4 (0x00A59593) slli a1, a1, 0xa
x11 <- 0xFFFFFFFF4AFB0C00
mem[X,0x0000000080027FA8] -> 0x8593
mem[X,0x0000000080027FAA] -> 0x0CE5
[5701] [M]: 0x0000000080027FA8 (0x0CE58593) addi a1, a1, 0xce
x11 <- 0xFFFFFFFF4AFB0CCE
mem[X,0x0000000080027FAC] -> 0x0113
mem[X,0x0000000080027FAE] -> 0x0000
[5702] [M]: 0x0000000080027FAC (0x00000113) addi sp, zero, 0x0
x2 <- 0x0000000000000000
mem[X,0x0000000080027FB0] -> 0x006F
mem[X,0x0000000080027FB2] -> 0x0100
[5703] [M]: 0x0000000080027FB0 (0x0100006F) jal zero, 0x10
mem[X,0x0000000080027FC0] -> 0x5AE3
mem[X,0x0000000080027FC2] -> 0xFEB5
[5704] [M]: 0x0000000080027FC0 (0xFEB55AE3) bge a0, a1, -0xc
mem[X,0x0000000080027FB4] -> 0x0113
mem[X,0x0000000080027FB6] -> 0x0011
[5705] [M]: 0x0000000080027FB4 (0x00110113) addi sp, sp, 0x1
x2 <- 0x0000000000000001
mem[X,0x0000000080027FB8] -> 0x006F
mem[X,0x0000000080027FBA] -> 0x01C0
[5706] [M]: 0x0000000080027FB8 (0x01C0006F) jal zero, 0x1c
mem[X,0x0000000080027FD4] -> 0xB023
mem[X,0x0000000080027FD6] -> 0x3420
[5707] [M]: 0x0000000080027FD4 (0x3420B023) sd sp, 0x340(ra)
mem[0x0000000080048D10] <- 0x0000000000000001
mem[X,0x0000000080027FD8] -> 0x0513
mem[X,0x0000000080027FDA] -> 0x0020
[5708] [M]: 0x0000000080027FD8 (0x00200513) addi a0, zero, 0x2
x10 <- 0x0000000000000002
mem[X,0x0000000080027FDC] -> 0x05B7
mem[X,0x0000000080027FDE] -> 0x0000
[5709] [M]: 0x0000000080027FDC (0x000005B7) lui a1, 0x0
x11 <- 0x0000000000000000
mem[X,0x0000000080027FE0] -> 0x8593
mem[X,0x0000000080027FE2] -> 0x0005
[5710] [M]: 0x0000000080027FE0 (0x00058593) addi a1, a1, 0x0
x11 <- 0x0000000000000000
mem[X,0x0000000080027FE4] -> 0x9593
mem[X,0x0000000080027FE6] -> 0x00B5
[5711] [M]: 0x0000000080027FE4 (0x00B59593) slli a1, a1, 0xb
x11 <- 0x0000000000000000
mem[X,0x0000000080027FE8] -> 0x8593
mem[X,0x0000000080027FEA] -> 0x5A85
[5712] [M]: 0x0000000080027FE8 (0x5A858593) addi a1, a1, 0x5a8
x11 <- 0x00000000000005A8
mem[X,0x0000000080027FEC] -> 0x9593
mem[X,0x0000000080027FEE] -> 0x00B5
[5713] [M]: 0x0000000080027FEC (0x00B59593) slli a1, a1, 0xb
x11 <- 0x00000000002D4000
mem[X,0x0000000080027FF0] -> 0x8593
mem[X,0x0000000080027FF2] -> 0x13C5
[5714] [M]: 0x0000000080027FF0 (0x13C58593) addi a1, a1, 0x13c
x11 <- 0x00000000002D413C
mem[X,0x0000000080027FF4] -> 0x9593
mem[X,0x0000000080027FF6] -> 0x00A5
[5715] [M]: 0x0000000080027FF4 (0x00A59593) slli a1, a1, 0xa
x11 <- 0x00000000B504F000
mem[X,0x0000000080027FF8] -> 0x8593
mem[X,0x0000000080027FFA] -> 0x3345
[5716] [M]: 0x0000000080027FF8 (0x33458593) addi a1, a1, 0x334
x11 <- 0x00000000B504F334
mem[X,0x0000000080027FFC] -> 0x0113
mem[X,0x0000000080027FFE] -> 0x0000
[5717] [M]: 0x0000000080027FFC (0x00000113) addi sp, zero, 0x0
x2 <- 0x0000000000000000
mem[X,0x0000000080028000] -> 0x006F
mem[X,0x0000000080028002] -> 0x00C0
[5718] [M]: 0x0000000080028000 (0x00C0006F) jal zero, 0xc
mem[X,0x000000008002800C] -> 0x5CE3
mem[X,0x000000008002800E] -> 0xFEB5
[5719] [M]: 0x000000008002800C (0xFEB55CE3) bge a0, a1, -0x8
mem[X,0x0000000080028010] -> 0x0113
mem[X,0x0000000080028012] -> 0x0021
[5720] [M]: 0x0000000080028010 (0x00210113) addi sp, sp, 0x2
x2 <- 0x0000000000000002
mem[X,0x0000000080028014] -> 0x006F
mem[X,0x0000000080028016] -> 0x00C0
[5721] [M]: 0x0000000080028014 (0x00C0006F) jal zero, 0xc
mem[X,0x0000000080028020] -> 0xB423
mem[X,0x0000000080028022] -> 0x3420
[5722] [M]: 0x0000000080028020 (0x3420B423) sd sp, 0x348(ra)
mem[0x0000000080048D18] <- 0x0000000000000002
mem[X,0x0000000080028024] -> 0x5537
mem[X,0x0000000080028026] -> 0x5555
[5723] [M]: 0x0000000080028024 (0x55555537) lui a0, 0x55555
x10 <- 0x0000000055555000
mem[X,0x0000000080028028] -> 0x0513
mem[X,0x000000008002802A] -> 0x5555
[5724] [M]: 0x0000000080028028 (0x55550513) addi a0, a0, 0x555
x10 <- 0x0000000055555555
mem[X,0x000000008002802C] -> 0x1513
mem[X,0x000000008002802E] -> 0x00B5
[5725] [M]: 0x000000008002802C (0x00B51513) slli a0, a0, 0xb
x10 <- 0x000002AAAAAAA800
mem[X,0x0000000080028030] -> 0x0513
mem[X,0x0000000080028032] -> 0x2AA5
[5726] [M]: 0x0000000080028030 (0x2AA50513) addi a0, a0, 0x2aa
x10 <- 0x000002AAAAAAAAAA
mem[X,0x0000000080028034] -> 0x1513
mem[X,0x0000000080028036] -> 0x00B5
[5727] [M]: 0x0000000080028034 (0x00B51513) slli a0, a0, 0xb
x10 <- 0x0015555555555000
mem[X,0x0000000080028038] -> 0x0513
mem[X,0x000000008002803A] -> 0x5555
[5728] [M]: 0x0000000080028038 (0x55550513) addi a0, a0, 0x555
x10 <- 0x0015555555555555
mem[X,0x000000008002803C] -> 0x1513
mem[X,0x000000008002803E] -> 0x00A5
[5729] [M]: 0x000000008002803C (0x00A51513) slli a0, a0, 0xa
x10 <- 0x5555555555555400
mem[X,0x0000000080028040] -> 0x0513
mem[X,0x0000000080028042] -> 0x1545
[5730] [M]: 0x0000000080028040 (0x15450513) addi a0, a0, 0x154
x10 <- 0x5555555555555554
mem[X,0x0000000080028044] -> 0x0593
mem[X,0x0000000080028046] -> 0x0030
[5731] [M]: 0x0000000080028044 (0x00300593) addi a1, zero, 0x3
x11 <- 0x0000000000000003
mem[X,0x0000000080028048] -> 0x0113
mem[X,0x000000008002804A] -> 0x0000
[5732] [M]: 0x0000000080028048 (0x00000113) addi sp, zero, 0x0
x2 <- 0x0000000000000000
mem[X,0x000000008002804C] -> 0x006F
mem[X,0x000000008002804E] -> 0x00C0
[5733] [M]: 0x000000008002804C (0x00C0006F) jal zero, 0xc
mem[X,0x0000000080028058] -> 0x5663
mem[X,0x000000008002805A] -> 0x00B5
[5734] [M]: 0x0000000080028058 (0x00B55663) bge a0, a1, 0xc
mem[X,0x0000000080028064] -> 0x0113
mem[X,0x0000000080028066] -> 0x0031
[5735] [M]: 0x0000000080028064 (0x00310113) addi sp, sp, 0x3
x2 <- 0x0000000000000003
mem[X,0x0000000080028068] -> 0x006F
mem[X,0x000000008002806A] -> 0x0040
[5736] [M]: 0x0000000080028068 (0x0040006F) jal zero, 0x4
mem[X,0x000000008002806C] -> 0xB823
mem[X,0x000000008002806E] -> 0x3420
[5737] [M]: 0x000000008002806C (0x3420B823) sd sp, 0x350(ra)
mem[0x0000000080048D20] <- 0x0000000000000003
mem[X,0x0000000080028070] -> 0x5537
mem[X,0x0000000080028072] -> 0x5555
[5738] [M]: 0x0000000080028070 (0x55555537) lui a0, 0x55555
x10 <- 0x0000000055555000
mem[X,0x0000000080028074] -> 0x0513
mem[X,0x0000000080028076] -> 0x5555
[5739] [M]: 0x0000000080028074 (0x55550513) addi a0, a0, 0x555
x10 <- 0x0000000055555555
mem[X,0x0000000080028078] -> 0x1513
mem[X,0x000000008002807A] -> 0x00B5
[5740] [M]: 0x0000000080028078 (0x00B51513) slli a0, a0, 0xb
x10 <- 0x000002AAAAAAA800
mem[X,0x000000008002807C] -> 0x0513
mem[X,0x000000008002807E] -> 0x2AA5
[5741] [M]: 0x000000008002807C (0x2AA50513) addi a0, a0, 0x2aa
x10 <- 0x000002AAAAAAAAAA
mem[X,0x0000000080028080] -> 0x1513
mem[X,0x0000000080028082] -> 0x00B5
[5742] [M]: 0x0000000080028080 (0x00B51513) slli a0, a0, 0xb
x10 <- 0x0015555555555000
mem[X,0x0000000080028084] -> 0x0513
mem[X,0x0000000080028086] -> 0x5555
[5743] [M]: 0x0000000080028084 (0x55550513) addi a0, a0, 0x555
x10 <- 0x0015555555555555
mem[X,0x0000000080028088] -> 0x1513
mem[X,0x000000008002808A] -> 0x00A5
[5744] [M]: 0x0000000080028088 (0x00A51513) slli a0, a0, 0xa
x10 <- 0x5555555555555400
mem[X,0x000000008002808C] -> 0x0513
mem[X,0x000000008002808E] -> 0x1545
[5745] [M]: 0x000000008002808C (0x15450513) addi a0, a0, 0x154
x10 <- 0x5555555555555554
mem[X,0x0000000080028090] -> 0x55B7
mem[X,0x0000000080028092] -> 0x5555
[5746] [M]: 0x0000000080028090 (0x555555B7) lui a1, 0x55555
x11 <- 0x0000000055555000
mem[X,0x0000000080028094] -> 0x8593
mem[X,0x0000000080028096] -> 0x5555
[5747] [M]: 0x0000000080028094 (0x55558593) addi a1, a1, 0x555
x11 <- 0x0000000055555555
mem[X,0x0000000080028098] -> 0x9593
mem[X,0x000000008002809A] -> 0x00B5
[5748] [M]: 0x0000000080028098 (0x00B59593) slli a1, a1, 0xb
x11 <- 0x000002AAAAAAA800
mem[X,0x000000008002809C] -> 0x8593
mem[X,0x000000008002809E] -> 0x2AA5
[5749] [M]: 0x000000008002809C (0x2AA58593) addi a1, a1, 0x2aa
x11 <- 0x000002AAAAAAAAAA
mem[X,0x00000000800280A0] -> 0x9593
mem[X,0x00000000800280A2] -> 0x00B5
[5750] [M]: 0x00000000800280A0 (0x00B59593) slli a1, a1, 0xb
x11 <- 0x0015555555555000
mem[X,0x00000000800280A4] -> 0x8593
mem[X,0x00000000800280A6] -> 0x5555
[5751] [M]: 0x00000000800280A4 (0x55558593) addi a1, a1, 0x555
x11 <- 0x0015555555555555
mem[X,0x00000000800280A8] -> 0x9593
mem[X,0x00000000800280AA] -> 0x00A5
[5752] [M]: 0x00000000800280A8 (0x00A59593) slli a1, a1, 0xa
x11 <- 0x5555555555555400
mem[X,0x00000000800280AC] -> 0x8593
mem[X,0x00000000800280AE] -> 0x1555
[5753] [M]: 0x00000000800280AC (0x15558593) addi a1, a1, 0x155
x11 <- 0x5555555555555555
mem[X,0x00000000800280B0] -> 0x0113
mem[X,0x00000000800280B2] -> 0x0000
[5754] [M]: 0x00000000800280B0 (0x00000113) addi sp, zero, 0x0
x2 <- 0x0000000000000000
mem[X,0x00000000800280B4] -> 0x006F
mem[X,0x00000000800280B6] -> 0x00C0
[5755] [M]: 0x00000000800280B4 (0x00C0006F) jal zero, 0xc
mem[X,0x00000000800280C0] -> 0x5663
mem[X,0x00000000800280C2] -> 0x00B5
[5756] [M]: 0x00000000800280C0 (0x00B55663) bge a0, a1, 0xc
mem[X,0x00000000800280C4] -> 0x0113
mem[X,0x00000000800280C6] -> 0x0021
[5757] [M]: 0x00000000800280C4 (0x00210113) addi sp, sp, 0x2
x2 <- 0x0000000000000002
mem[X,0x00000000800280C8] -> 0x006F
mem[X,0x00000000800280CA] -> 0x00C0
[5758] [M]: 0x00000000800280C8 (0x00C0006F) jal zero, 0xc
mem[X,0x00000000800280D4] -> 0xBC23
mem[X,0x00000000800280D6] -> 0x3420
[5759] [M]: 0x00000000800280D4 (0x3420BC23) sd sp, 0x358(ra)
mem[0x0000000080048D28] <- 0x0000000000000002
mem[X,0x00000000800280D8] -> 0x5537
mem[X,0x00000000800280DA] -> 0x5555
[5760] [M]: 0x00000000800280D8 (0x55555537) lui a0, 0x55555
x10 <- 0x0000000055555000
mem[X,0x00000000800280DC] -> 0x0513
mem[X,0x00000000800280DE] -> 0x5555
[5761] [M]: 0x00000000800280DC (0x55550513) addi a0, a0, 0x555
x10 <- 0x0000000055555555
mem[X,0x00000000800280E0] -> 0x1513
mem[X,0x00000000800280E2] -> 0x00B5
[5762] [M]: 0x00000000800280E0 (0x00B51513) slli a0, a0, 0xb
x10 <- 0x000002AAAAAAA800
mem[X,0x00000000800280E4] -> 0x0513
mem[X,0x00000000800280E6] -> 0x2AA5
[5763] [M]: 0x00000000800280E4 (0x2AA50513) addi a0, a0, 0x2aa
x10 <- 0x000002AAAAAAAAAA
mem[X,0x00000000800280E8] -> 0x1513
mem[X,0x00000000800280EA] -> 0x00B5
[5764] [M]: 0x00000000800280E8 (0x00B51513) slli a0, a0, 0xb
x10 <- 0x0015555555555000
mem[X,0x00000000800280EC] -> 0x0513
mem[X,0x00000000800280EE] -> 0x5555
[5765] [M]: 0x00000000800280EC (0x55550513) addi a0, a0, 0x555
x10 <- 0x0015555555555555
mem[X,0x00000000800280F0] -> 0x1513
mem[X,0x00000000800280F2] -> 0x00A5
[5766] [M]: 0x00000000800280F0 (0x00A51513) slli a0, a0, 0xa
x10 <- 0x5555555555555400
mem[X,0x00000000800280F4] -> 0x0513
mem[X,0x00000000800280F6] -> 0x1545
[5767] [M]: 0x00000000800280F4 (0x15450513) addi a0, a0, 0x154
x10 <- 0x5555555555555554
mem[X,0x00000000800280F8] -> 0xB5B7
mem[X,0x00000000800280FA] -> 0xAAAA
[5768] [M]: 0x00000000800280F8 (0xAAAAB5B7) lui a1, -0x55555
x11 <- 0xFFFFFFFFAAAAB000
mem[X,0x00000000800280FC] -> 0x8593
mem[X,0x00000000800280FE] -> 0xAAA5
[5769] [M]: 0x00000000800280FC (0xAAA58593) addi a1, a1, -0x556
x11 <- 0xFFFFFFFFAAAAAAAA
mem[X,0x0000000080028100] -> 0x9593
mem[X,0x0000000080028102] -> 0x00B5
[5770] [M]: 0x0000000080028100 (0x00B59593) slli a1, a1, 0xb
x11 <- 0xFFFFFD5555555000
mem[X,0x0000000080028104] -> 0x8593
mem[X,0x0000000080028106] -> 0x5555
[5771] [M]: 0x0000000080028104 (0x55558593) addi a1, a1, 0x555
x11 <- 0xFFFFFD5555555555
mem[X,0x0000000080028108] -> 0x9593
mem[X,0x000000008002810A] -> 0x00B5
[5772] [M]: 0x0000000080028108 (0x00B59593) slli a1, a1, 0xb
x11 <- 0xFFEAAAAAAAAAA800
mem[X,0x000000008002810C] -> 0x8593
mem[X,0x000000008002810E] -> 0x2AA5
[5773] [M]: 0x000000008002810C (0x2AA58593) addi a1, a1, 0x2aa
x11 <- 0xFFEAAAAAAAAAAAAA
mem[X,0x0000000080028110] -> 0x9593
mem[X,0x0000000080028112] -> 0x00A5
[5774] [M]: 0x0000000080028110 (0x00A59593) slli a1, a1, 0xa
x11 <- 0xAAAAAAAAAAAAA800
mem[X,0x0000000080028114] -> 0x8593
mem[X,0x0000000080028116] -> 0x2AA5
[5775] [M]: 0x0000000080028114 (0x2AA58593) addi a1, a1, 0x2aa
x11 <- 0xAAAAAAAAAAAAAAAA
mem[X,0x0000000080028118] -> 0x0113
mem[X,0x000000008002811A] -> 0x0000
[5776] [M]: 0x0000000080028118 (0x00000113) addi sp, zero, 0x0
x2 <- 0x0000000000000000
mem[X,0x000000008002811C] -> 0x006F
mem[X,0x000000008002811E] -> 0x00C0
[5777] [M]: 0x000000008002811C (0x00C0006F) jal zero, 0xc
mem[X,0x0000000080028128] -> 0x5063
mem[X,0x000000008002812A] -> 0x02B5
[5778] [M]: 0x0000000080028128 (0x02B55063) bge a0, a1, 0x20
mem[X,0x0000000080028148] -> 0x0113
mem[X,0x000000008002814A] -> 0x0031
[5779] [M]: 0x0000000080028148 (0x00310113) addi sp, sp, 0x3
x2 <- 0x0000000000000003
mem[X,0x000000008002814C] -> 0x006F
mem[X,0x000000008002814E] -> 0x0040
[5780] [M]: 0x000000008002814C (0x0040006F) jal zero, 0x4
mem[X,0x0000000080028150] -> 0xB023
mem[X,0x0000000080028152] -> 0x3620
[5781] [M]: 0x0000000080028150 (0x3620B023) sd sp, 0x360(ra)
mem[0x0000000080048D30] <- 0x0000000000000003
mem[X,0x0000000080028154] -> 0x5537
mem[X,0x0000000080028156] -> 0x5555
[5782] [M]: 0x0000000080028154 (0x55555537) lui a0, 0x55555
x10 <- 0x0000000055555000
mem[X,0x0000000080028158] -> 0x0513
mem[X,0x000000008002815A] -> 0x5555
[5783] [M]: 0x0000000080028158 (0x55550513) addi a0, a0, 0x555
x10 <- 0x0000000055555555
mem[X,0x000000008002815C] -> 0x1513
mem[X,0x000000008002815E] -> 0x00B5
[5784] [M]: 0x000000008002815C (0x00B51513) slli a0, a0, 0xb
x10 <- 0x000002AAAAAAA800
mem[X,0x0000000080028160] -> 0x0513
mem[X,0x0000000080028162] -> 0x2AA5
[5785] [M]: 0x0000000080028160 (0x2AA50513) addi a0, a0, 0x2aa
x10 <- 0x000002AAAAAAAAAA
mem[X,0x0000000080028164] -> 0x1513
mem[X,0x0000000080028166] -> 0x00B5
[5786] [M]: 0x0000000080028164 (0x00B51513) slli a0, a0, 0xb
x10 <- 0x0015555555555000
mem[X,0x0000000080028168] -> 0x0513
mem[X,0x000000008002816A] -> 0x5555
[5787] [M]: 0x0000000080028168 (0x55550513) addi a0, a0, 0x555
x10 <- 0x0015555555555555
mem[X,0x000000008002816C] -> 0x1513
mem[X,0x000000008002816E] -> 0x00A5
[5788] [M]: 0x000000008002816C (0x00A51513) slli a0, a0, 0xa
x10 <- 0x5555555555555400
mem[X,0x0000000080028170] -> 0x0513
mem[X,0x0000000080028172] -> 0x1545
[5789] [M]: 0x0000000080028170 (0x15450513) addi a0, a0, 0x154
x10 <- 0x5555555555555554
mem[X,0x0000000080028174] -> 0x0593
mem[X,0x0000000080028176] -> 0x0050
[5790] [M]: 0x0000000080028174 (0x00500593) addi a1, zero, 0x5
x11 <- 0x0000000000000005
mem[X,0x0000000080028178] -> 0x0113
mem[X,0x000000008002817A] -> 0x0000
[5791] [M]: 0x0000000080028178 (0x00000113) addi sp, zero, 0x0
x2 <- 0x0000000000000000
mem[X,0x000000008002817C] -> 0x006F
mem[X,0x000000008002817E] -> 0x00C0
[5792] [M]: 0x000000008002817C (0x00C0006F) jal zero, 0xc
mem[X,0x0000000080028188] -> 0x5663
mem[X,0x000000008002818A] -> 0x00B5
[5793] [M]: 0x0000000080028188 (0x00B55663) bge a0, a1, 0xc
mem[X,0x0000000080028194] -> 0x0113
mem[X,0x0000000080028196] -> 0x0031
[5794] [M]: 0x0000000080028194 (0x00310113) addi sp, sp, 0x3
x2 <- 0x0000000000000003
mem[X,0x0000000080028198] -> 0x006F
mem[X,0x000000008002819A] -> 0x0040
[5795] [M]: 0x0000000080028198 (0x0040006F) jal zero, 0x4
mem[X,0x000000008002819C] -> 0xB423
mem[X,0x000000008002819E] -> 0x3620
[5796] [M]: 0x000000008002819C (0x3620B423) sd sp, 0x368(ra)
mem[0x0000000080048D38] <- 0x0000000000000003
mem[X,0x00000000800281A0] -> 0x5537
mem[X,0x00000000800281A2] -> 0x5555
[5797] [M]: 0x00000000800281A0 (0x55555537) lui a0, 0x55555
x10 <- 0x0000000055555000
mem[X,0x00000000800281A4] -> 0x0513
mem[X,0x00000000800281A6] -> 0x5555
[5798] [M]: 0x00000000800281A4 (0x55550513) addi a0, a0, 0x555
x10 <- 0x0000000055555555
mem[X,0x00000000800281A8] -> 0x1513
mem[X,0x00000000800281AA] -> 0x00B5
[5799] [M]: 0x00000000800281A8 (0x00B51513) slli a0, a0, 0xb
x10 <- 0x000002AAAAAAA800
clint::tick mtime <- 0x000000000000003A
 clint timer pending at mtime 0x000000000000003A
htif::tick 0x0000000000000000
mem[X,0x00000000800281AC] -> 0x0513
mem[X,0x00000000800281AE] -> 0x2AA5
[5800] [M]: 0x00000000800281AC (0x2AA50513) addi a0, a0, 0x2aa
x10 <- 0x000002AAAAAAAAAA
mem[X,0x00000000800281B0] -> 0x1513
mem[X,0x00000000800281B2] -> 0x00B5
[5801] [M]: 0x00000000800281B0 (0x00B51513) slli a0, a0, 0xb
x10 <- 0x0015555555555000
mem[X,0x00000000800281B4] -> 0x0513
mem[X,0x00000000800281B6] -> 0x5555
[5802] [M]: 0x00000000800281B4 (0x55550513) addi a0, a0, 0x555
x10 <- 0x0015555555555555
mem[X,0x00000000800281B8] -> 0x1513
mem[X,0x00000000800281BA] -> 0x00A5
[5803] [M]: 0x00000000800281B8 (0x00A51513) slli a0, a0, 0xa
x10 <- 0x5555555555555400
mem[X,0x00000000800281BC] -> 0x0513
mem[X,0x00000000800281BE] -> 0x1545
[5804] [M]: 0x00000000800281BC (0x15450513) addi a0, a0, 0x154
x10 <- 0x5555555555555554
mem[X,0x00000000800281C0] -> 0x35B7
mem[X,0x00000000800281C2] -> 0x3333
[5805] [M]: 0x00000000800281C0 (0x333335B7) lui a1, 0x33333
x11 <- 0x0000000033333000
mem[X,0x00000000800281C4] -> 0x8593
mem[X,0x00000000800281C6] -> 0x3335
[5806] [M]: 0x00000000800281C4 (0x33358593) addi a1, a1, 0x333
x11 <- 0x0000000033333333
mem[X,0x00000000800281C8] -> 0x9593
mem[X,0x00000000800281CA] -> 0x00B5
[5807] [M]: 0x00000000800281C8 (0x00B59593) slli a1, a1, 0xb
x11 <- 0x0000019999999800
mem[X,0x00000000800281CC] -> 0x8593
mem[X,0x00000000800281CE] -> 0x1995
[5808] [M]: 0x00000000800281CC (0x19958593) addi a1, a1, 0x199
x11 <- 0x0000019999999999
mem[X,0x00000000800281D0] -> 0x9593
mem[X,0x00000000800281D2] -> 0x00B5
[5809] [M]: 0x00000000800281D0 (0x00B59593) slli a1, a1, 0xb
x11 <- 0x000CCCCCCCCCC800
mem[X,0x00000000800281D4] -> 0x8593
mem[X,0x00000000800281D6] -> 0x4CC5
[5810] [M]: 0x00000000800281D4 (0x4CC58593) addi a1, a1, 0x4cc
x11 <- 0x000CCCCCCCCCCCCC
mem[X,0x00000000800281D8] -> 0x9593
mem[X,0x00000000800281DA] -> 0x00A5
[5811] [M]: 0x00000000800281D8 (0x00A59593) slli a1, a1, 0xa
x11 <- 0x3333333333333000
mem[X,0x00000000800281DC] -> 0x8593
mem[X,0x00000000800281DE] -> 0x3335
[5812] [M]: 0x00000000800281DC (0x33358593) addi a1, a1, 0x333
x11 <- 0x3333333333333333
mem[X,0x00000000800281E0] -> 0x0113
mem[X,0x00000000800281E2] -> 0x0000
[5813] [M]: 0x00000000800281E0 (0x00000113) addi sp, zero, 0x0
x2 <- 0x0000000000000000
mem[X,0x00000000800281E4] -> 0x006F
mem[X,0x00000000800281E6] -> 0x0100
[5814] [M]: 0x00000000800281E4 (0x0100006F) jal zero, 0x10
mem[X,0x00000000800281F4] -> 0x5AE3
mem[X,0x00000000800281F6] -> 0xFEB5
[5815] [M]: 0x00000000800281F4 (0xFEB55AE3) bge a0, a1, -0xc
mem[X,0x00000000800281E8] -> 0x0113
mem[X,0x00000000800281EA] -> 0x0011
[5816] [M]: 0x00000000800281E8 (0x00110113) addi sp, sp, 0x1
x2 <- 0x0000000000000001
mem[X,0x00000000800281EC] -> 0x006F
mem[X,0x00000000800281EE] -> 0x01C0
[5817] [M]: 0x00000000800281EC (0x01C0006F) jal zero, 0x1c
mem[X,0x0000000080028208] -> 0xB823
mem[X,0x000000008002820A] -> 0x3620
[5818] [M]: 0x0000000080028208 (0x3620B823) sd sp, 0x370(ra)
mem[0x0000000080048D40] <- 0x0000000000000001
mem[X,0x000000008002820C] -> 0x5537
mem[X,0x000000008002820E] -> 0x5555
[5819] [M]: 0x000000008002820C (0x55555537) lui a0, 0x55555
x10 <- 0x0000000055555000
mem[X,0x0000000080028210] -> 0x0513
mem[X,0x0000000080028212] -> 0x5555
[5820] [M]: 0x0000000080028210 (0x55550513) addi a0, a0, 0x555
x10 <- 0x0000000055555555
mem[X,0x0000000080028214] -> 0x1513
mem[X,0x0000000080028216] -> 0x00B5
[5821] [M]: 0x0000000080028214 (0x00B51513) slli a0, a0, 0xb
x10 <- 0x000002AAAAAAA800
mem[X,0x0000000080028218] -> 0x0513
mem[X,0x000000008002821A] -> 0x2AA5
[5822] [M]: 0x0000000080028218 (0x2AA50513) addi a0, a0, 0x2aa
x10 <- 0x000002AAAAAAAAAA
mem[X,0x000000008002821C] -> 0x1513
mem[X,0x000000008002821E] -> 0x00B5
[5823] [M]: 0x000000008002821C (0x00B51513) slli a0, a0, 0xb
x10 <- 0x0015555555555000
mem[X,0x0000000080028220] -> 0x0513
mem[X,0x0000000080028222] -> 0x5555
[5824] [M]: 0x0000000080028220 (0x55550513) addi a0, a0, 0x555
x10 <- 0x0015555555555555
mem[X,0x0000000080028224] -> 0x1513
mem[X,0x0000000080028226] -> 0x00A5
[5825] [M]: 0x0000000080028224 (0x00A51513) slli a0, a0, 0xa
x10 <- 0x5555555555555400
mem[X,0x0000000080028228] -> 0x0513
mem[X,0x000000008002822A] -> 0x1545
[5826] [M]: 0x0000000080028228 (0x15450513) addi a0, a0, 0x154
x10 <- 0x5555555555555554
mem[X,0x000000008002822C] -> 0x65B7
mem[X,0x000000008002822E] -> 0x6666
[5827] [M]: 0x000000008002822C (0x666665B7) lui a1, 0x66666
x11 <- 0x0000000066666000
mem[X,0x0000000080028230] -> 0x8593
mem[X,0x0000000080028232] -> 0x6665
[5828] [M]: 0x0000000080028230 (0x66658593) addi a1, a1, 0x666
x11 <- 0x0000000066666666
mem[X,0x0000000080028234] -> 0x9593
mem[X,0x0000000080028236] -> 0x00B5
[5829] [M]: 0x0000000080028234 (0x00B59593) slli a1, a1, 0xb
x11 <- 0x0000033333333000
mem[X,0x0000000080028238] -> 0x8593
mem[X,0x000000008002823A] -> 0x3335
[5830] [M]: 0x0000000080028238 (0x33358593) addi a1, a1, 0x333
x11 <- 0x0000033333333333
mem[X,0x000000008002823C] -> 0x9593
mem[X,0x000000008002823E] -> 0x00B5
[5831] [M]: 0x000000008002823C (0x00B59593) slli a1, a1, 0xb
x11 <- 0x0019999999999800
mem[X,0x0000000080028240] -> 0x8593
mem[X,0x0000000080028242] -> 0x1995
[5832] [M]: 0x0000000080028240 (0x19958593) addi a1, a1, 0x199
x11 <- 0x0019999999999999
mem[X,0x0000000080028244] -> 0x9593
mem[X,0x0000000080028246] -> 0x00A5
[5833] [M]: 0x0000000080028244 (0x00A59593) slli a1, a1, 0xa
x11 <- 0x6666666666666400
mem[X,0x0000000080028248] -> 0x8593
mem[X,0x000000008002824A] -> 0x2665
[5834] [M]: 0x0000000080028248 (0x26658593) addi a1, a1, 0x266
x11 <- 0x6666666666666666
mem[X,0x000000008002824C] -> 0x0113
mem[X,0x000000008002824E] -> 0x0000
[5835] [M]: 0x000000008002824C (0x00000113) addi sp, zero, 0x0
x2 <- 0x0000000000000000
mem[X,0x0000000080028250] -> 0x006F
mem[X,0x0000000080028252] -> 0x00C0
[5836] [M]: 0x0000000080028250 (0x00C0006F) jal zero, 0xc
mem[X,0x000000008002825C] -> 0x5663
mem[X,0x000000008002825E] -> 0x00B5
[5837] [M]: 0x000000008002825C (0x00B55663) bge a0, a1, 0xc
mem[X,0x0000000080028260] -> 0x0113
mem[X,0x0000000080028262] -> 0x0021
[5838] [M]: 0x0000000080028260 (0x00210113) addi sp, sp, 0x2
x2 <- 0x0000000000000002
mem[X,0x0000000080028264] -> 0x006F
mem[X,0x0000000080028266] -> 0x00C0
[5839] [M]: 0x0000000080028264 (0x00C0006F) jal zero, 0xc
mem[X,0x0000000080028270] -> 0xBC23
mem[X,0x0000000080028272] -> 0x3620
[5840] [M]: 0x0000000080028270 (0x3620BC23) sd sp, 0x378(ra)
mem[0x0000000080048D48] <- 0x0000000000000002
mem[X,0x0000000080028274] -> 0x5537
mem[X,0x0000000080028276] -> 0x5555
[5841] [M]: 0x0000000080028274 (0x55555537) lui a0, 0x55555
x10 <- 0x0000000055555000
mem[X,0x0000000080028278] -> 0x0513
mem[X,0x000000008002827A] -> 0x5555
[5842] [M]: 0x0000000080028278 (0x55550513) addi a0, a0, 0x555
x10 <- 0x0000000055555555
mem[X,0x000000008002827C] -> 0x1513
mem[X,0x000000008002827E] -> 0x00B5
[5843] [M]: 0x000000008002827C (0x00B51513) slli a0, a0, 0xb
x10 <- 0x000002AAAAAAA800
mem[X,0x0000000080028280] -> 0x0513
mem[X,0x0000000080028282] -> 0x2AA5
[5844] [M]: 0x0000000080028280 (0x2AA50513) addi a0, a0, 0x2aa
x10 <- 0x000002AAAAAAAAAA
mem[X,0x0000000080028284] -> 0x1513
mem[X,0x0000000080028286] -> 0x00B5
[5845] [M]: 0x0000000080028284 (0x00B51513) slli a0, a0, 0xb
x10 <- 0x0015555555555000
mem[X,0x0000000080028288] -> 0x0513
mem[X,0x000000008002828A] -> 0x5555
[5846] [M]: 0x0000000080028288 (0x55550513) addi a0, a0, 0x555
x10 <- 0x0015555555555555
mem[X,0x000000008002828C] -> 0x1513
mem[X,0x000000008002828E] -> 0x00A5
[5847] [M]: 0x000000008002828C (0x00A51513) slli a0, a0, 0xa
x10 <- 0x5555555555555400
mem[X,0x0000000080028290] -> 0x0513
mem[X,0x0000000080028292] -> 0x1545
[5848] [M]: 0x0000000080028290 (0x15450513) addi a0, a0, 0x154
x10 <- 0x5555555555555554
mem[X,0x0000000080028294] -> 0x05B7
mem[X,0x0000000080028296] -> 0x0000
[5849] [M]: 0x0000000080028294 (0x000005B7) lui a1, 0x0
x11 <- 0x0000000000000000
mem[X,0x0000000080028298] -> 0x8593
mem[X,0x000000008002829A] -> 0xFFF5
[5850] [M]: 0x0000000080028298 (0xFFF58593) addi a1, a1, -0x1
x11 <- 0xFFFFFFFFFFFFFFFF
mem[X,0x000000008002829C] -> 0x9593
mem[X,0x000000008002829E] -> 0x00B5
[5851] [M]: 0x000000008002829C (0x00B59593) slli a1, a1, 0xb
x11 <- 0xFFFFFFFFFFFFF800
mem[X,0x00000000800282A0] -> 0x8593
mem[X,0x00000000800282A2] -> 0x2575
[5852] [M]: 0x00000000800282A0 (0x25758593) addi a1, a1, 0x257
x11 <- 0xFFFFFFFFFFFFFA57
mem[X,0x00000000800282A4] -> 0x9593
mem[X,0x00000000800282A6] -> 0x00B5
[5853] [M]: 0x00000000800282A4 (0x00B59593) slli a1, a1, 0xb
x11 <- 0xFFFFFFFFFFD2B800
mem[X,0x00000000800282A8] -> 0x8593
mem[X,0x00000000800282AA] -> 0x6C35
[5854] [M]: 0x00000000800282A8 (0x6C358593) addi a1, a1, 0x6c3
x11 <- 0xFFFFFFFFFFD2BEC3
mem[X,0x00000000800282AC] -> 0x9593
mem[X,0x00000000800282AE] -> 0x00A5
[5855] [M]: 0x00000000800282AC (0x00A59593) slli a1, a1, 0xa
x11 <- 0xFFFFFFFF4AFB0C00
mem[X,0x00000000800282B0] -> 0x8593
mem[X,0x00000000800282B2] -> 0x0CD5
[5856] [M]: 0x00000000800282B0 (0x0CD58593) addi a1, a1, 0xcd
x11 <- 0xFFFFFFFF4AFB0CCD
mem[X,0x00000000800282B4] -> 0x0113
mem[X,0x00000000800282B6] -> 0x0000
[5857] [M]: 0x00000000800282B4 (0x00000113) addi sp, zero, 0x0
x2 <- 0x0000000000000000
mem[X,0x00000000800282B8] -> 0x006F
mem[X,0x00000000800282BA] -> 0x00C0
[5858] [M]: 0x00000000800282B8 (0x00C0006F) jal zero, 0xc
mem[X,0x00000000800282C4] -> 0x5CE3
mem[X,0x00000000800282C6] -> 0xFEB5
[5859] [M]: 0x00000000800282C4 (0xFEB55CE3) bge a0, a1, -0x8
mem[X,0x00000000800282BC] -> 0x0113
mem[X,0x00000000800282BE] -> 0x0011
[5860] [M]: 0x00000000800282BC (0x00110113) addi sp, sp, 0x1
x2 <- 0x0000000000000001
mem[X,0x00000000800282C0] -> 0x006F
mem[X,0x00000000800282C2] -> 0x0180
[5861] [M]: 0x00000000800282C0 (0x0180006F) jal zero, 0x18
mem[X,0x00000000800282D8] -> 0xB023
mem[X,0x00000000800282DA] -> 0x3820
[5862] [M]: 0x00000000800282D8 (0x3820B023) sd sp, 0x380(ra)
mem[0x0000000080048D50] <- 0x0000000000000001
mem[X,0x00000000800282DC] -> 0x5537
mem[X,0x00000000800282DE] -> 0x5555
[5863] [M]: 0x00000000800282DC (0x55555537) lui a0, 0x55555
x10 <- 0x0000000055555000
mem[X,0x00000000800282E0] -> 0x0513
mem[X,0x00000000800282E2] -> 0x5555
[5864] [M]: 0x00000000800282E0 (0x55550513) addi a0, a0, 0x555
x10 <- 0x0000000055555555
mem[X,0x00000000800282E4] -> 0x1513
mem[X,0x00000000800282E6] -> 0x00B5
[5865] [M]: 0x00000000800282E4 (0x00B51513) slli a0, a0, 0xb
x10 <- 0x000002AAAAAAA800
mem[X,0x00000000800282E8] -> 0x0513
mem[X,0x00000000800282EA] -> 0x2AA5
[5866] [M]: 0x00000000800282E8 (0x2AA50513) addi a0, a0, 0x2aa
x10 <- 0x000002AAAAAAAAAA
mem[X,0x00000000800282EC] -> 0x1513
mem[X,0x00000000800282EE] -> 0x00B5
[5867] [M]: 0x00000000800282EC (0x00B51513) slli a0, a0, 0xb
x10 <- 0x0015555555555000
mem[X,0x00000000800282F0] -> 0x0513
mem[X,0x00000000800282F2] -> 0x5555
[5868] [M]: 0x00000000800282F0 (0x55550513) addi a0, a0, 0x555
x10 <- 0x0015555555555555
mem[X,0x00000000800282F4] -> 0x1513
mem[X,0x00000000800282F6] -> 0x00A5
[5869] [M]: 0x00000000800282F4 (0x00A51513) slli a0, a0, 0xa
x10 <- 0x5555555555555400
mem[X,0x00000000800282F8] -> 0x0513
mem[X,0x00000000800282FA] -> 0x1545
[5870] [M]: 0x00000000800282F8 (0x15450513) addi a0, a0, 0x154
x10 <- 0x5555555555555554
mem[X,0x00000000800282FC] -> 0x05B7
mem[X,0x00000000800282FE] -> 0x0000
[5871] [M]: 0x00000000800282FC (0x000005B7) lui a1, 0x0
x11 <- 0x0000000000000000
mem[X,0x0000000080028300] -> 0x8593
mem[X,0x0000000080028302] -> 0x0005
[5872] [M]: 0x0000000080028300 (0x00058593) addi a1, a1, 0x0
x11 <- 0x0000000000000000
mem[X,0x0000000080028304] -> 0x9593
mem[X,0x0000000080028306] -> 0x00B5
[5873] [M]: 0x0000000080028304 (0x00B59593) slli a1, a1, 0xb
x11 <- 0x0000000000000000
mem[X,0x0000000080028308] -> 0x8593
mem[X,0x000000008002830A] -> 0x5A85
[5874] [M]: 0x0000000080028308 (0x5A858593) addi a1, a1, 0x5a8
x11 <- 0x00000000000005A8
mem[X,0x000000008002830C] -> 0x9593
mem[X,0x000000008002830E] -> 0x00B5
[5875] [M]: 0x000000008002830C (0x00B59593) slli a1, a1, 0xb
x11 <- 0x00000000002D4000
mem[X,0x0000000080028310] -> 0x8593
mem[X,0x0000000080028312] -> 0x13C5
[5876] [M]: 0x0000000080028310 (0x13C58593) addi a1, a1, 0x13c
x11 <- 0x00000000002D413C
mem[X,0x0000000080028314] -> 0x9593
mem[X,0x0000000080028316] -> 0x00A5
[5877] [M]: 0x0000000080028314 (0x00A59593) slli a1, a1, 0xa
x11 <- 0x00000000B504F000
mem[X,0x0000000080028318] -> 0x8593
mem[X,0x000000008002831A] -> 0x3335
[5878] [M]: 0x0000000080028318 (0x33358593) addi a1, a1, 0x333
x11 <- 0x00000000B504F333
mem[X,0x000000008002831C] -> 0x0113
mem[X,0x000000008002831E] -> 0x0000
[5879] [M]: 0x000000008002831C (0x00000113) addi sp, zero, 0x0
x2 <- 0x0000000000000000
mem[X,0x0000000080028320] -> 0x006F
mem[X,0x0000000080028322] -> 0x00C0
[5880] [M]: 0x0000000080028320 (0x00C0006F) jal zero, 0xc
mem[X,0x000000008002832C] -> 0x5CE3
mem[X,0x000000008002832E] -> 0xFEB5
[5881] [M]: 0x000000008002832C (0xFEB55CE3) bge a0, a1, -0x8
mem[X,0x0000000080028324] -> 0x0113
mem[X,0x0000000080028326] -> 0x0011
[5882] [M]: 0x0000000080028324 (0x00110113) addi sp, sp, 0x1
x2 <- 0x0000000000000001
mem[X,0x0000000080028328] -> 0x006F
mem[X,0x000000008002832A] -> 0x0180
[5883] [M]: 0x0000000080028328 (0x0180006F) jal zero, 0x18
mem[X,0x0000000080028340] -> 0xB423
mem[X,0x0000000080028342] -> 0x3820
[5884] [M]: 0x0000000080028340 (0x3820B423) sd sp, 0x388(ra)
mem[0x0000000080048D58] <- 0x0000000000000001
mem[X,0x0000000080028344] -> 0x5537
mem[X,0x0000000080028346] -> 0x5555
[5885] [M]: 0x0000000080028344 (0x55555537) lui a0, 0x55555
x10 <- 0x0000000055555000
mem[X,0x0000000080028348] -> 0x0513
mem[X,0x000000008002834A] -> 0x5555
[5886] [M]: 0x0000000080028348 (0x55550513) addi a0, a0, 0x555
x10 <- 0x0000000055555555
mem[X,0x000000008002834C] -> 0x1513
mem[X,0x000000008002834E] -> 0x00B5
[5887] [M]: 0x000000008002834C (0x00B51513) slli a0, a0, 0xb
x10 <- 0x000002AAAAAAA800
mem[X,0x0000000080028350] -> 0x0513
mem[X,0x0000000080028352] -> 0x2AA5
[5888] [M]: 0x0000000080028350 (0x2AA50513) addi a0, a0, 0x2aa
x10 <- 0x000002AAAAAAAAAA
mem[X,0x0000000080028354] -> 0x1513
mem[X,0x0000000080028356] -> 0x00B5
[5889] [M]: 0x0000000080028354 (0x00B51513) slli a0, a0, 0xb
x10 <- 0x0015555555555000
mem[X,0x0000000080028358] -> 0x0513
mem[X,0x000000008002835A] -> 0x5555
[5890] [M]: 0x0000000080028358 (0x55550513) addi a0, a0, 0x555
x10 <- 0x0015555555555555
mem[X,0x000000008002835C] -> 0x1513
mem[X,0x000000008002835E] -> 0x00A5
[5891] [M]: 0x000000008002835C (0x00A51513) slli a0, a0, 0xa
x10 <- 0x5555555555555400
mem[X,0x0000000080028360] -> 0x0513
mem[X,0x0000000080028362] -> 0x1545
[5892] [M]: 0x0000000080028360 (0x15450513) addi a0, a0, 0x154
x10 <- 0x5555555555555554
mem[X,0x0000000080028364] -> 0x0593
mem[X,0x0000000080028366] -> 0x0020
[5893] [M]: 0x0000000080028364 (0x00200593) addi a1, zero, 0x2
x11 <- 0x0000000000000002
mem[X,0x0000000080028368] -> 0x0113
mem[X,0x000000008002836A] -> 0x0000
[5894] [M]: 0x0000000080028368 (0x00000113) addi sp, zero, 0x0
x2 <- 0x0000000000000000
mem[X,0x000000008002836C] -> 0x006F
mem[X,0x000000008002836E] -> 0x00C0
[5895] [M]: 0x000000008002836C (0x00C0006F) jal zero, 0xc
mem[X,0x0000000080028378] -> 0x5063
mem[X,0x000000008002837A] -> 0x02B5
[5896] [M]: 0x0000000080028378 (0x02B55063) bge a0, a1, 0x20
mem[X,0x0000000080028398] -> 0x0113
mem[X,0x000000008002839A] -> 0x0031
[5897] [M]: 0x0000000080028398 (0x00310113) addi sp, sp, 0x3
x2 <- 0x0000000000000003
mem[X,0x000000008002839C] -> 0x006F
mem[X,0x000000008002839E] -> 0x0040
[5898] [M]: 0x000000008002839C (0x0040006F) jal zero, 0x4
mem[X,0x00000000800283A0] -> 0xB823
mem[X,0x00000000800283A2] -> 0x3820
[5899] [M]: 0x00000000800283A0 (0x3820B823) sd sp, 0x390(ra)
mem[0x0000000080048D60] <- 0x0000000000000003
clint::tick mtime <- 0x000000000000003B
 clint timer pending at mtime 0x000000000000003B
htif::tick 0x0000000000000000
mem[X,0x00000000800283A4] -> 0x5537
mem[X,0x00000000800283A6] -> 0x5555
[5900] [M]: 0x00000000800283A4 (0x55555537) lui a0, 0x55555
x10 <- 0x0000000055555000
mem[X,0x00000000800283A8] -> 0x0513
mem[X,0x00000000800283AA] -> 0x5555
[5901] [M]: 0x00000000800283A8 (0x55550513) addi a0, a0, 0x555
x10 <- 0x0000000055555555
mem[X,0x00000000800283AC] -> 0x1513
mem[X,0x00000000800283AE] -> 0x00B5
[5902] [M]: 0x00000000800283AC (0x00B51513) slli a0, a0, 0xb
x10 <- 0x000002AAAAAAA800
mem[X,0x00000000800283B0] -> 0x0513
mem[X,0x00000000800283B2] -> 0x2AA5
[5903] [M]: 0x00000000800283B0 (0x2AA50513) addi a0, a0, 0x2aa
x10 <- 0x000002AAAAAAAAAA
mem[X,0x00000000800283B4] -> 0x1513
mem[X,0x00000000800283B6] -> 0x00B5
[5904] [M]: 0x00000000800283B4 (0x00B51513) slli a0, a0, 0xb
x10 <- 0x0015555555555000
mem[X,0x00000000800283B8] -> 0x0513
mem[X,0x00000000800283BA] -> 0x5555
[5905] [M]: 0x00000000800283B8 (0x55550513) addi a0, a0, 0x555
x10 <- 0x0015555555555555
mem[X,0x00000000800283BC] -> 0x1513
mem[X,0x00000000800283BE] -> 0x00A5
[5906] [M]: 0x00000000800283BC (0x00A51513) slli a0, a0, 0xa
x10 <- 0x5555555555555400
mem[X,0x00000000800283C0] -> 0x0513
mem[X,0x00000000800283C2] -> 0x1545
[5907] [M]: 0x00000000800283C0 (0x15450513) addi a0, a0, 0x154
x10 <- 0x5555555555555554
mem[X,0x00000000800283C4] -> 0x55B7
mem[X,0x00000000800283C6] -> 0x5555
[5908] [M]: 0x00000000800283C4 (0x555555B7) lui a1, 0x55555
x11 <- 0x0000000055555000
mem[X,0x00000000800283C8] -> 0x8593
mem[X,0x00000000800283CA] -> 0x5555
[5909] [M]: 0x00000000800283C8 (0x55558593) addi a1, a1, 0x555
x11 <- 0x0000000055555555
mem[X,0x00000000800283CC] -> 0x9593
mem[X,0x00000000800283CE] -> 0x00B5
[5910] [M]: 0x00000000800283CC (0x00B59593) slli a1, a1, 0xb
x11 <- 0x000002AAAAAAA800
mem[X,0x00000000800283D0] -> 0x8593
mem[X,0x00000000800283D2] -> 0x2AA5
[5911] [M]: 0x00000000800283D0 (0x2AA58593) addi a1, a1, 0x2aa
x11 <- 0x000002AAAAAAAAAA
mem[X,0x00000000800283D4] -> 0x9593
mem[X,0x00000000800283D6] -> 0x00B5
[5912] [M]: 0x00000000800283D4 (0x00B59593) slli a1, a1, 0xb
x11 <- 0x0015555555555000
mem[X,0x00000000800283D8] -> 0x8593
mem[X,0x00000000800283DA] -> 0x5555
[5913] [M]: 0x00000000800283D8 (0x55558593) addi a1, a1, 0x555
x11 <- 0x0015555555555555
mem[X,0x00000000800283DC] -> 0x9593
mem[X,0x00000000800283DE] -> 0x00A5
[5914] [M]: 0x00000000800283DC (0x00A59593) slli a1, a1, 0xa
x11 <- 0x5555555555555400
mem[X,0x00000000800283E0] -> 0x8593
mem[X,0x00000000800283E2] -> 0x1545
[5915] [M]: 0x00000000800283E0 (0x15458593) addi a1, a1, 0x154
x11 <- 0x5555555555555554
mem[X,0x00000000800283E4] -> 0x0113
mem[X,0x00000000800283E6] -> 0x0000
[5916] [M]: 0x00000000800283E4 (0x00000113) addi sp, zero, 0x0
x2 <- 0x0000000000000000
mem[X,0x00000000800283E8] -> 0x006F
mem[X,0x00000000800283EA] -> 0x0050
[5917] [M]: 0x00000000800283E8 (0x0050006F) jal zero, 0x804
mem[X,0x0000000080028BEC] -> 0x50E3
mem[X,0x0000000080028BEE] -> 0x80B5
[5918] [M]: 0x0000000080028BEC (0x80B550E3) bge a0, a1, -0x800
mem[X,0x00000000800283EC] -> 0x0113
mem[X,0x00000000800283EE] -> 0x0011
[5919] [M]: 0x00000000800283EC (0x00110113) addi sp, sp, 0x1
x2 <- 0x0000000000000001
mem[X,0x00000000800283F0] -> 0x006F
mem[X,0x00000000800283F2] -> 0x0110
[5920] [M]: 0x00000000800283F0 (0x0110006F) jal zero, 0x810
mem[X,0x0000000080028C00] -> 0xBC23
mem[X,0x0000000080028C02] -> 0x3820
[5921] [M]: 0x0000000080028C00 (0x3820BC23) sd sp, 0x398(ra)
mem[0x0000000080048D68] <- 0x0000000000000001
mem[X,0x0000000080028C04] -> 0x5537
mem[X,0x0000000080028C06] -> 0x5555
[5922] [M]: 0x0000000080028C04 (0x55555537) lui a0, 0x55555
x10 <- 0x0000000055555000
mem[X,0x0000000080028C08] -> 0x0513
mem[X,0x0000000080028C0A] -> 0x5555
[5923] [M]: 0x0000000080028C08 (0x55550513) addi a0, a0, 0x555
x10 <- 0x0000000055555555
mem[X,0x0000000080028C0C] -> 0x1513
mem[X,0x0000000080028C0E] -> 0x00B5
[5924] [M]: 0x0000000080028C0C (0x00B51513) slli a0, a0, 0xb
x10 <- 0x000002AAAAAAA800
mem[X,0x0000000080028C10] -> 0x0513
mem[X,0x0000000080028C12] -> 0x2AA5
[5925] [M]: 0x0000000080028C10 (0x2AA50513) addi a0, a0, 0x2aa
x10 <- 0x000002AAAAAAAAAA
mem[X,0x0000000080028C14] -> 0x1513
mem[X,0x0000000080028C16] -> 0x00B5
[5926] [M]: 0x0000000080028C14 (0x00B51513) slli a0, a0, 0xb
x10 <- 0x0015555555555000
mem[X,0x0000000080028C18] -> 0x0513
mem[X,0x0000000080028C1A] -> 0x5555
[5927] [M]: 0x0000000080028C18 (0x55550513) addi a0, a0, 0x555
x10 <- 0x0015555555555555
mem[X,0x0000000080028C1C] -> 0x1513
mem[X,0x0000000080028C1E] -> 0x00A5
[5928] [M]: 0x0000000080028C1C (0x00A51513) slli a0, a0, 0xa
x10 <- 0x5555555555555400
mem[X,0x0000000080028C20] -> 0x0513
mem[X,0x0000000080028C22] -> 0x1545
[5929] [M]: 0x0000000080028C20 (0x15450513) addi a0, a0, 0x154
x10 <- 0x5555555555555554
mem[X,0x0000000080028C24] -> 0x0593
mem[X,0x0000000080028C26] -> 0x0000
[5930] [M]: 0x0000000080028C24 (0x00000593) addi a1, zero, 0x0
x11 <- 0x0000000000000000
mem[X,0x0000000080028C28] -> 0x0113
mem[X,0x0000000080028C2A] -> 0x0000
[5931] [M]: 0x0000000080028C28 (0x00000113) addi sp, zero, 0x0
x2 <- 0x0000000000000000
mem[X,0x0000000080028C2C] -> 0x006F
mem[X,0x0000000080028C2E] -> 0x00C0
[5932] [M]: 0x0000000080028C2C (0x00C0006F) jal zero, 0xc
mem[X,0x0000000080028C38] -> 0x5863
mem[X,0x0000000080028C3A] -> 0x00B5
[5933] [M]: 0x0000000080028C38 (0x00B55863) bge a0, a1, 0x10
mem[X,0x0000000080028C48] -> 0x0113
mem[X,0x0000000080028C4A] -> 0x0031
[5934] [M]: 0x0000000080028C48 (0x00310113) addi sp, sp, 0x3
x2 <- 0x0000000000000003
mem[X,0x0000000080028C4C] -> 0x006F
mem[X,0x0000000080028C4E] -> 0x0040
[5935] [M]: 0x0000000080028C4C (0x0040006F) jal zero, 0x4
mem[X,0x0000000080028C50] -> 0xB023
mem[X,0x0000000080028C52] -> 0x3A20
[5936] [M]: 0x0000000080028C50 (0x3A20B023) sd sp, 0x3a0(ra)
mem[0x0000000080048D70] <- 0x0000000000000003
mem[X,0x0000000080028C54] -> 0x5537
mem[X,0x0000000080028C56] -> 0x5555
[5937] [M]: 0x0000000080028C54 (0x55555537) lui a0, 0x55555
x10 <- 0x0000000055555000
mem[X,0x0000000080028C58] -> 0x0513
mem[X,0x0000000080028C5A] -> 0x5555
[5938] [M]: 0x0000000080028C58 (0x55550513) addi a0, a0, 0x555
x10 <- 0x0000000055555555
mem[X,0x0000000080028C5C] -> 0x1513
mem[X,0x0000000080028C5E] -> 0x00B5
[5939] [M]: 0x0000000080028C5C (0x00B51513) slli a0, a0, 0xb
x10 <- 0x000002AAAAAAA800
mem[X,0x0000000080028C60] -> 0x0513
mem[X,0x0000000080028C62] -> 0x2AA5
[5940] [M]: 0x0000000080028C60 (0x2AA50513) addi a0, a0, 0x2aa
x10 <- 0x000002AAAAAAAAAA
mem[X,0x0000000080028C64] -> 0x1513
mem[X,0x0000000080028C66] -> 0x00B5
[5941] [M]: 0x0000000080028C64 (0x00B51513) slli a0, a0, 0xb
x10 <- 0x0015555555555000
mem[X,0x0000000080028C68] -> 0x0513
mem[X,0x0000000080028C6A] -> 0x5555
[5942] [M]: 0x0000000080028C68 (0x55550513) addi a0, a0, 0x555
x10 <- 0x0015555555555555
mem[X,0x0000000080028C6C] -> 0x1513
mem[X,0x0000000080028C6E] -> 0x00A5
[5943] [M]: 0x0000000080028C6C (0x00A51513) slli a0, a0, 0xa
x10 <- 0x5555555555555400
mem[X,0x0000000080028C70] -> 0x0513
mem[X,0x0000000080028C72] -> 0x1545
[5944] [M]: 0x0000000080028C70 (0x15450513) addi a0, a0, 0x154
x10 <- 0x5555555555555554
mem[X,0x0000000080028C74] -> 0x0593
mem[X,0x0000000080028C76] -> 0x0040
[5945] [M]: 0x0000000080028C74 (0x00400593) addi a1, zero, 0x4
x11 <- 0x0000000000000004
mem[X,0x0000000080028C78] -> 0x0113
mem[X,0x0000000080028C7A] -> 0x0000
[5946] [M]: 0x0000000080028C78 (0x00000113) addi sp, zero, 0x0
x2 <- 0x0000000000000000
mem[X,0x0000000080028C7C] -> 0x006F
mem[X,0x0000000080028C7E] -> 0x00C0
[5947] [M]: 0x0000000080028C7C (0x00C0006F) jal zero, 0xc
mem[X,0x0000000080028C88] -> 0x5CE3
mem[X,0x0000000080028C8A] -> 0xFEB5
[5948] [M]: 0x0000000080028C88 (0xFEB55CE3) bge a0, a1, -0x8
mem[X,0x0000000080028C80] -> 0x0113
mem[X,0x0000000080028C82] -> 0x0011
[5949] [M]: 0x0000000080028C80 (0x00110113) addi sp, sp, 0x1
x2 <- 0x0000000000000001
mem[X,0x0000000080028C84] -> 0x006F
mem[X,0x0000000080028C86] -> 0x0180
[5950] [M]: 0x0000000080028C84 (0x0180006F) jal zero, 0x18
mem[X,0x0000000080028C9C] -> 0xB423
mem[X,0x0000000080028C9E] -> 0x3A20
[5951] [M]: 0x0000000080028C9C (0x3A20B423) sd sp, 0x3a8(ra)
mem[0x0000000080048D78] <- 0x0000000000000001
mem[X,0x0000000080028CA0] -> 0x5537
mem[X,0x0000000080028CA2] -> 0x5555
[5952] [M]: 0x0000000080028CA0 (0x55555537) lui a0, 0x55555
x10 <- 0x0000000055555000
mem[X,0x0000000080028CA4] -> 0x0513
mem[X,0x0000000080028CA6] -> 0x5555
[5953] [M]: 0x0000000080028CA4 (0x55550513) addi a0, a0, 0x555
x10 <- 0x0000000055555555
mem[X,0x0000000080028CA8] -> 0x1513
mem[X,0x0000000080028CAA] -> 0x00B5
[5954] [M]: 0x0000000080028CA8 (0x00B51513) slli a0, a0, 0xb
x10 <- 0x000002AAAAAAA800
mem[X,0x0000000080028CAC] -> 0x0513
mem[X,0x0000000080028CAE] -> 0x2AA5
[5955] [M]: 0x0000000080028CAC (0x2AA50513) addi a0, a0, 0x2aa
x10 <- 0x000002AAAAAAAAAA
mem[X,0x0000000080028CB0] -> 0x1513
mem[X,0x0000000080028CB2] -> 0x00B5
[5956] [M]: 0x0000000080028CB0 (0x00B51513) slli a0, a0, 0xb
x10 <- 0x0015555555555000
mem[X,0x0000000080028CB4] -> 0x0513
mem[X,0x0000000080028CB6] -> 0x5555
[5957] [M]: 0x0000000080028CB4 (0x55550513) addi a0, a0, 0x555
x10 <- 0x0015555555555555
mem[X,0x0000000080028CB8] -> 0x1513
mem[X,0x0000000080028CBA] -> 0x00A5
[5958] [M]: 0x0000000080028CB8 (0x00A51513) slli a0, a0, 0xa
x10 <- 0x5555555555555400
mem[X,0x0000000080028CBC] -> 0x0513
mem[X,0x0000000080028CBE] -> 0x1545
[5959] [M]: 0x0000000080028CBC (0x15450513) addi a0, a0, 0x154
x10 <- 0x5555555555555554
mem[X,0x0000000080028CC0] -> 0x35B7
mem[X,0x0000000080028CC2] -> 0x3333
[5960] [M]: 0x0000000080028CC0 (0x333335B7) lui a1, 0x33333
x11 <- 0x0000000033333000
mem[X,0x0000000080028CC4] -> 0x8593
mem[X,0x0000000080028CC6] -> 0x3335
[5961] [M]: 0x0000000080028CC4 (0x33358593) addi a1, a1, 0x333
x11 <- 0x0000000033333333
mem[X,0x0000000080028CC8] -> 0x9593
mem[X,0x0000000080028CCA] -> 0x00B5
[5962] [M]: 0x0000000080028CC8 (0x00B59593) slli a1, a1, 0xb
x11 <- 0x0000019999999800
mem[X,0x0000000080028CCC] -> 0x8593
mem[X,0x0000000080028CCE] -> 0x1995
[5963] [M]: 0x0000000080028CCC (0x19958593) addi a1, a1, 0x199
x11 <- 0x0000019999999999
mem[X,0x0000000080028CD0] -> 0x9593
mem[X,0x0000000080028CD2] -> 0x00B5
[5964] [M]: 0x0000000080028CD0 (0x00B59593) slli a1, a1, 0xb
x11 <- 0x000CCCCCCCCCC800
mem[X,0x0000000080028CD4] -> 0x8593
mem[X,0x0000000080028CD6] -> 0x4CC5
[5965] [M]: 0x0000000080028CD4 (0x4CC58593) addi a1, a1, 0x4cc
x11 <- 0x000CCCCCCCCCCCCC
mem[X,0x0000000080028CD8] -> 0x9593
mem[X,0x0000000080028CDA] -> 0x00A5
[5966] [M]: 0x0000000080028CD8 (0x00A59593) slli a1, a1, 0xa
x11 <- 0x3333333333333000
mem[X,0x0000000080028CDC] -> 0x8593
mem[X,0x0000000080028CDE] -> 0x3325
[5967] [M]: 0x0000000080028CDC (0x33258593) addi a1, a1, 0x332
x11 <- 0x3333333333333332
mem[X,0x0000000080028CE0] -> 0x0113
mem[X,0x0000000080028CE2] -> 0x0000
[5968] [M]: 0x0000000080028CE0 (0x00000113) addi sp, zero, 0x0
x2 <- 0x0000000000000000
mem[X,0x0000000080028CE4] -> 0x006F
mem[X,0x0000000080028CE6] -> 0x00C0
[5969] [M]: 0x0000000080028CE4 (0x00C0006F) jal zero, 0xc
mem[X,0x0000000080028CF0] -> 0x5663
mem[X,0x0000000080028CF2] -> 0x00B5
[5970] [M]: 0x0000000080028CF0 (0x00B55663) bge a0, a1, 0xc
mem[X,0x0000000080028CFC] -> 0x0113
mem[X,0x0000000080028CFE] -> 0x0031
[5971] [M]: 0x0000000080028CFC (0x00310113) addi sp, sp, 0x3
x2 <- 0x0000000000000003
mem[X,0x0000000080028D00] -> 0x006F
mem[X,0x0000000080028D02] -> 0x0040
[5972] [M]: 0x0000000080028D00 (0x0040006F) jal zero, 0x4
mem[X,0x0000000080028D04] -> 0xB823
mem[X,0x0000000080028D06] -> 0x3A20
[5973] [M]: 0x0000000080028D04 (0x3A20B823) sd sp, 0x3b0(ra)
mem[0x0000000080048D80] <- 0x0000000000000003
mem[X,0x0000000080028D08] -> 0x5537
mem[X,0x0000000080028D0A] -> 0x5555
[5974] [M]: 0x0000000080028D08 (0x55555537) lui a0, 0x55555
x10 <- 0x0000000055555000
mem[X,0x0000000080028D0C] -> 0x0513
mem[X,0x0000000080028D0E] -> 0x5555
[5975] [M]: 0x0000000080028D0C (0x55550513) addi a0, a0, 0x555
x10 <- 0x0000000055555555
mem[X,0x0000000080028D10] -> 0x1513
mem[X,0x0000000080028D12] -> 0x00B5
[5976] [M]: 0x0000000080028D10 (0x00B51513) slli a0, a0, 0xb
x10 <- 0x000002AAAAAAA800
mem[X,0x0000000080028D14] -> 0x0513
mem[X,0x0000000080028D16] -> 0x2AA5
[5977] [M]: 0x0000000080028D14 (0x2AA50513) addi a0, a0, 0x2aa
x10 <- 0x000002AAAAAAAAAA
mem[X,0x0000000080028D18] -> 0x1513
mem[X,0x0000000080028D1A] -> 0x00B5
[5978] [M]: 0x0000000080028D18 (0x00B51513) slli a0, a0, 0xb
x10 <- 0x0015555555555000
mem[X,0x0000000080028D1C] -> 0x0513
mem[X,0x0000000080028D1E] -> 0x5555
[5979] [M]: 0x0000000080028D1C (0x55550513) addi a0, a0, 0x555
x10 <- 0x0015555555555555
mem[X,0x0000000080028D20] -> 0x1513
mem[X,0x0000000080028D22] -> 0x00A5
[5980] [M]: 0x0000000080028D20 (0x00A51513) slli a0, a0, 0xa
x10 <- 0x5555555555555400
mem[X,0x0000000080028D24] -> 0x0513
mem[X,0x0000000080028D26] -> 0x1545
[5981] [M]: 0x0000000080028D24 (0x15450513) addi a0, a0, 0x154
x10 <- 0x5555555555555554
mem[X,0x0000000080028D28] -> 0x65B7
mem[X,0x0000000080028D2A] -> 0x6666
[5982] [M]: 0x0000000080028D28 (0x666665B7) lui a1, 0x66666
x11 <- 0x0000000066666000
mem[X,0x0000000080028D2C] -> 0x8593
mem[X,0x0000000080028D2E] -> 0x6665
[5983] [M]: 0x0000000080028D2C (0x66658593) addi a1, a1, 0x666
x11 <- 0x0000000066666666
mem[X,0x0000000080028D30] -> 0x9593
mem[X,0x0000000080028D32] -> 0x00B5
[5984] [M]: 0x0000000080028D30 (0x00B59593) slli a1, a1, 0xb
x11 <- 0x0000033333333000
mem[X,0x0000000080028D34] -> 0x8593
mem[X,0x0000000080028D36] -> 0x3335
[5985] [M]: 0x0000000080028D34 (0x33358593) addi a1, a1, 0x333
x11 <- 0x0000033333333333
mem[X,0x0000000080028D38] -> 0x9593
mem[X,0x0000000080028D3A] -> 0x00B5
[5986] [M]: 0x0000000080028D38 (0x00B59593) slli a1, a1, 0xb
x11 <- 0x0019999999999800
mem[X,0x0000000080028D3C] -> 0x8593
mem[X,0x0000000080028D3E] -> 0x1995
[5987] [M]: 0x0000000080028D3C (0x19958593) addi a1, a1, 0x199
x11 <- 0x0019999999999999
mem[X,0x0000000080028D40] -> 0x9593
mem[X,0x0000000080028D42] -> 0x00A5
[5988] [M]: 0x0000000080028D40 (0x00A59593) slli a1, a1, 0xa
x11 <- 0x6666666666666400
mem[X,0x0000000080028D44] -> 0x8593
mem[X,0x0000000080028D46] -> 0x2655
[5989] [M]: 0x0000000080028D44 (0x26558593) addi a1, a1, 0x265
x11 <- 0x6666666666666665
mem[X,0x0000000080028D48] -> 0x0113
mem[X,0x0000000080028D4A] -> 0x0000
[5990] [M]: 0x0000000080028D48 (0x00000113) addi sp, zero, 0x0
x2 <- 0x0000000000000000
mem[X,0x0000000080028D4C] -> 0x006F
mem[X,0x0000000080028D4E] -> 0x00C0
[5991] [M]: 0x0000000080028D4C (0x00C0006F) jal zero, 0xc
mem[X,0x0000000080028D58] -> 0x5063
mem[X,0x0000000080028D5A] -> 0x04B5
[5992] [M]: 0x0000000080028D58 (0x04B55063) bge a0, a1, 0x40
mem[X,0x0000000080028D5C] -> 0x0113
mem[X,0x0000000080028D5E] -> 0x0021
[5993] [M]: 0x0000000080028D5C (0x00210113) addi sp, sp, 0x2
x2 <- 0x0000000000000002
mem[X,0x0000000080028D60] -> 0x006F
mem[X,0x0000000080028D62] -> 0x0400
[5994] [M]: 0x0000000080028D60 (0x0400006F) jal zero, 0x40
mem[X,0x0000000080028DA0] -> 0xBC23
mem[X,0x0000000080028DA2] -> 0x3A20
[5995] [M]: 0x0000000080028DA0 (0x3A20BC23) sd sp, 0x3b8(ra)
mem[0x0000000080048D88] <- 0x0000000000000002
mem[X,0x0000000080028DA4] -> 0x5537
mem[X,0x0000000080028DA6] -> 0x5555
[5996] [M]: 0x0000000080028DA4 (0x55555537) lui a0, 0x55555
x10 <- 0x0000000055555000
mem[X,0x0000000080028DA8] -> 0x0513
mem[X,0x0000000080028DAA] -> 0x5555
[5997] [M]: 0x0000000080028DA8 (0x55550513) addi a0, a0, 0x555
x10 <- 0x0000000055555555
mem[X,0x0000000080028DAC] -> 0x1513
mem[X,0x0000000080028DAE] -> 0x00B5
[5998] [M]: 0x0000000080028DAC (0x00B51513) slli a0, a0, 0xb
x10 <- 0x000002AAAAAAA800
mem[X,0x0000000080028DB0] -> 0x0513
mem[X,0x0000000080028DB2] -> 0x2AA5
[5999] [M]: 0x0000000080028DB0 (0x2AA50513) addi a0, a0, 0x2aa
x10 <- 0x000002AAAAAAAAAA
clint::tick mtime <- 0x000000000000003C
 clint timer pending at mtime 0x000000000000003C
htif::tick 0x0000000000000000
mem[X,0x0000000080028DB4] -> 0x1513
mem[X,0x0000000080028DB6] -> 0x00B5
[6000] [M]: 0x0000000080028DB4 (0x00B51513) slli a0, a0, 0xb
x10 <- 0x0015555555555000
mem[X,0x0000000080028DB8] -> 0x0513
mem[X,0x0000000080028DBA] -> 0x5555
[6001] [M]: 0x0000000080028DB8 (0x55550513) addi a0, a0, 0x555
x10 <- 0x0015555555555555
mem[X,0x0000000080028DBC] -> 0x1513
mem[X,0x0000000080028DBE] -> 0x00A5
[6002] [M]: 0x0000000080028DBC (0x00A51513) slli a0, a0, 0xa
x10 <- 0x5555555555555400
mem[X,0x0000000080028DC0] -> 0x0513
mem[X,0x0000000080028DC2] -> 0x1545
[6003] [M]: 0x0000000080028DC0 (0x15450513) addi a0, a0, 0x154
x10 <- 0x5555555555555554
mem[X,0x0000000080028DC4] -> 0x05B7
mem[X,0x0000000080028DC6] -> 0x0000
[6004] [M]: 0x0000000080028DC4 (0x000005B7) lui a1, 0x0
x11 <- 0x0000000000000000
mem[X,0x0000000080028DC8] -> 0x8593
mem[X,0x0000000080028DCA] -> 0x0005
[6005] [M]: 0x0000000080028DC8 (0x00058593) addi a1, a1, 0x0
x11 <- 0x0000000000000000
mem[X,0x0000000080028DCC] -> 0x9593
mem[X,0x0000000080028DCE] -> 0x00B5
[6006] [M]: 0x0000000080028DCC (0x00B59593) slli a1, a1, 0xb
x11 <- 0x0000000000000000
mem[X,0x0000000080028DD0] -> 0x8593
mem[X,0x0000000080028DD2] -> 0x5A85
[6007] [M]: 0x0000000080028DD0 (0x5A858593) addi a1, a1, 0x5a8
x11 <- 0x00000000000005A8
mem[X,0x0000000080028DD4] -> 0x9593
mem[X,0x0000000080028DD6] -> 0x00B5
[6008] [M]: 0x0000000080028DD4 (0x00B59593) slli a1, a1, 0xb
x11 <- 0x00000000002D4000
mem[X,0x0000000080028DD8] -> 0x8593
mem[X,0x0000000080028DDA] -> 0x13C5
[6009] [M]: 0x0000000080028DD8 (0x13C58593) addi a1, a1, 0x13c
x11 <- 0x00000000002D413C
mem[X,0x0000000080028DDC] -> 0x9593
mem[X,0x0000000080028DDE] -> 0x00A5
[6010] [M]: 0x0000000080028DDC (0x00A59593) slli a1, a1, 0xa
x11 <- 0x00000000B504F000
mem[X,0x0000000080028DE0] -> 0x8593
mem[X,0x0000000080028DE2] -> 0x3325
[6011] [M]: 0x0000000080028DE0 (0x33258593) addi a1, a1, 0x332
x11 <- 0x00000000B504F332
mem[X,0x0000000080028DE4] -> 0x0113
mem[X,0x0000000080028DE6] -> 0x0000
[6012] [M]: 0x0000000080028DE4 (0x00000113) addi sp, zero, 0x0
x2 <- 0x0000000000000000
mem[X,0x0000000080028DE8] -> 0x006F
mem[X,0x0000000080028DEA] -> 0x0100
[6013] [M]: 0x0000000080028DE8 (0x0100006F) jal zero, 0x10
mem[X,0x0000000080028DF8] -> 0x5AE3
mem[X,0x0000000080028DFA] -> 0xFEB5
[6014] [M]: 0x0000000080028DF8 (0xFEB55AE3) bge a0, a1, -0xc
mem[X,0x0000000080028DEC] -> 0x0113
mem[X,0x0000000080028DEE] -> 0x0011
[6015] [M]: 0x0000000080028DEC (0x00110113) addi sp, sp, 0x1
x2 <- 0x0000000000000001
mem[X,0x0000000080028DF0] -> 0x006F
mem[X,0x0000000080028DF2] -> 0x01C0
[6016] [M]: 0x0000000080028DF0 (0x01C0006F) jal zero, 0x1c
mem[X,0x0000000080028E0C] -> 0xB023
mem[X,0x0000000080028E0E] -> 0x3C20
[6017] [M]: 0x0000000080028E0C (0x3C20B023) sd sp, 0x3c0(ra)
mem[0x0000000080048D90] <- 0x0000000000000001
mem[X,0x0000000080028E10] -> 0x5537
mem[X,0x0000000080028E12] -> 0x5555
[6018] [M]: 0x0000000080028E10 (0x55555537) lui a0, 0x55555
x10 <- 0x0000000055555000
mem[X,0x0000000080028E14] -> 0x0513
mem[X,0x0000000080028E16] -> 0x5555
[6019] [M]: 0x0000000080028E14 (0x55550513) addi a0, a0, 0x555
x10 <- 0x0000000055555555
mem[X,0x0000000080028E18] -> 0x1513
mem[X,0x0000000080028E1A] -> 0x00B5
[6020] [M]: 0x0000000080028E18 (0x00B51513) slli a0, a0, 0xb
x10 <- 0x000002AAAAAAA800
mem[X,0x0000000080028E1C] -> 0x0513
mem[X,0x0000000080028E1E] -> 0x2AA5
[6021] [M]: 0x0000000080028E1C (0x2AA50513) addi a0, a0, 0x2aa
x10 <- 0x000002AAAAAAAAAA
mem[X,0x0000000080028E20] -> 0x1513
mem[X,0x0000000080028E22] -> 0x00B5
[6022] [M]: 0x0000000080028E20 (0x00B51513) slli a0, a0, 0xb
x10 <- 0x0015555555555000
mem[X,0x0000000080028E24] -> 0x0513
mem[X,0x0000000080028E26] -> 0x5555
[6023] [M]: 0x0000000080028E24 (0x55550513) addi a0, a0, 0x555
x10 <- 0x0015555555555555
mem[X,0x0000000080028E28] -> 0x1513
mem[X,0x0000000080028E2A] -> 0x00A5
[6024] [M]: 0x0000000080028E28 (0x00A51513) slli a0, a0, 0xa
x10 <- 0x5555555555555400
mem[X,0x0000000080028E2C] -> 0x0513
mem[X,0x0000000080028E2E] -> 0x1545
[6025] [M]: 0x0000000080028E2C (0x15450513) addi a0, a0, 0x154
x10 <- 0x5555555555555554
mem[X,0x0000000080028E30] -> 0x55B7
mem[X,0x0000000080028E32] -> 0x5555
[6026] [M]: 0x0000000080028E30 (0x555555B7) lui a1, 0x55555
x11 <- 0x0000000055555000
mem[X,0x0000000080028E34] -> 0x8593
mem[X,0x0000000080028E36] -> 0x5555
[6027] [M]: 0x0000000080028E34 (0x55558593) addi a1, a1, 0x555
x11 <- 0x0000000055555555
mem[X,0x0000000080028E38] -> 0x9593
mem[X,0x0000000080028E3A] -> 0x00B5
[6028] [M]: 0x0000000080028E38 (0x00B59593) slli a1, a1, 0xb
x11 <- 0x000002AAAAAAA800
mem[X,0x0000000080028E3C] -> 0x8593
mem[X,0x0000000080028E3E] -> 0x2AA5
[6029] [M]: 0x0000000080028E3C (0x2AA58593) addi a1, a1, 0x2aa
x11 <- 0x000002AAAAAAAAAA
mem[X,0x0000000080028E40] -> 0x9593
mem[X,0x0000000080028E42] -> 0x00B5
[6030] [M]: 0x0000000080028E40 (0x00B59593) slli a1, a1, 0xb
x11 <- 0x0015555555555000
mem[X,0x0000000080028E44] -> 0x8593
mem[X,0x0000000080028E46] -> 0x5555
[6031] [M]: 0x0000000080028E44 (0x55558593) addi a1, a1, 0x555
x11 <- 0x0015555555555555
mem[X,0x0000000080028E48] -> 0x9593
mem[X,0x0000000080028E4A] -> 0x00A5
[6032] [M]: 0x0000000080028E48 (0x00A59593) slli a1, a1, 0xa
x11 <- 0x5555555555555400
mem[X,0x0000000080028E4C] -> 0x8593
mem[X,0x0000000080028E4E] -> 0x1565
[6033] [M]: 0x0000000080028E4C (0x15658593) addi a1, a1, 0x156
x11 <- 0x5555555555555556
mem[X,0x0000000080028E50] -> 0x0113
mem[X,0x0000000080028E52] -> 0x0000
[6034] [M]: 0x0000000080028E50 (0x00000113) addi sp, zero, 0x0
x2 <- 0x0000000000000000
mem[X,0x0000000080028E54] -> 0x006F
mem[X,0x0000000080028E56] -> 0x00C0
[6035] [M]: 0x0000000080028E54 (0x00C0006F) jal zero, 0xc
mem[X,0x0000000080028E60] -> 0x5063
mem[X,0x0000000080028E62] -> 0x40B5
[6036] [M]: 0x0000000080028E60 (0x40B55063) bge a0, a1, 0x400
mem[X,0x0000000080028E64] -> 0x0113
mem[X,0x0000000080028E66] -> 0x0021
[6037] [M]: 0x0000000080028E64 (0x00210113) addi sp, sp, 0x2
x2 <- 0x0000000000000002
mem[X,0x0000000080028E68] -> 0x006F
mem[X,0x0000000080028E6A] -> 0x4000
[6038] [M]: 0x0000000080028E68 (0x4000006F) jal zero, 0x400
mem[X,0x0000000080029268] -> 0xB423
mem[X,0x000000008002926A] -> 0x3C20
[6039] [M]: 0x0000000080029268 (0x3C20B423) sd sp, 0x3c8(ra)
mem[0x0000000080048D98] <- 0x0000000000000002
mem[X,0x000000008002926C] -> 0x5537
mem[X,0x000000008002926E] -> 0x5555
[6040] [M]: 0x000000008002926C (0x55555537) lui a0, 0x55555
x10 <- 0x0000000055555000
mem[X,0x0000000080029270] -> 0x0513
mem[X,0x0000000080029272] -> 0x5555
[6041] [M]: 0x0000000080029270 (0x55550513) addi a0, a0, 0x555
x10 <- 0x0000000055555555
mem[X,0x0000000080029274] -> 0x1513
mem[X,0x0000000080029276] -> 0x00B5
[6042] [M]: 0x0000000080029274 (0x00B51513) slli a0, a0, 0xb
x10 <- 0x000002AAAAAAA800
mem[X,0x0000000080029278] -> 0x0513
mem[X,0x000000008002927A] -> 0x2AA5
[6043] [M]: 0x0000000080029278 (0x2AA50513) addi a0, a0, 0x2aa
x10 <- 0x000002AAAAAAAAAA
mem[X,0x000000008002927C] -> 0x1513
mem[X,0x000000008002927E] -> 0x00B5
[6044] [M]: 0x000000008002927C (0x00B51513) slli a0, a0, 0xb
x10 <- 0x0015555555555000
mem[X,0x0000000080029280] -> 0x0513
mem[X,0x0000000080029282] -> 0x5555
[6045] [M]: 0x0000000080029280 (0x55550513) addi a0, a0, 0x555
x10 <- 0x0015555555555555
mem[X,0x0000000080029284] -> 0x1513
mem[X,0x0000000080029286] -> 0x00A5
[6046] [M]: 0x0000000080029284 (0x00A51513) slli a0, a0, 0xa
x10 <- 0x5555555555555400
mem[X,0x0000000080029288] -> 0x0513
mem[X,0x000000008002928A] -> 0x1545
[6047] [M]: 0x0000000080029288 (0x15450513) addi a0, a0, 0x154
x10 <- 0x5555555555555554
mem[X,0x000000008002928C] -> 0xB5B7
mem[X,0x000000008002928E] -> 0xAAAA
[6048] [M]: 0x000000008002928C (0xAAAAB5B7) lui a1, -0x55555
x11 <- 0xFFFFFFFFAAAAB000
mem[X,0x0000000080029290] -> 0x8593
mem[X,0x0000000080029292] -> 0xAAA5
[6049] [M]: 0x0000000080029290 (0xAAA58593) addi a1, a1, -0x556
x11 <- 0xFFFFFFFFAAAAAAAA
mem[X,0x0000000080029294] -> 0x9593
mem[X,0x0000000080029296] -> 0x00B5
[6050] [M]: 0x0000000080029294 (0x00B59593) slli a1, a1, 0xb
x11 <- 0xFFFFFD5555555000
mem[X,0x0000000080029298] -> 0x8593
mem[X,0x000000008002929A] -> 0x5555
[6051] [M]: 0x0000000080029298 (0x55558593) addi a1, a1, 0x555
x11 <- 0xFFFFFD5555555555
mem[X,0x000000008002929C] -> 0x9593
mem[X,0x000000008002929E] -> 0x00B5
[6052] [M]: 0x000000008002929C (0x00B59593) slli a1, a1, 0xb
x11 <- 0xFFEAAAAAAAAAA800
mem[X,0x00000000800292A0] -> 0x8593
mem[X,0x00000000800292A2] -> 0x2AA5
[6053] [M]: 0x00000000800292A0 (0x2AA58593) addi a1, a1, 0x2aa
x11 <- 0xFFEAAAAAAAAAAAAA
mem[X,0x00000000800292A4] -> 0x9593
mem[X,0x00000000800292A6] -> 0x00A5
[6054] [M]: 0x00000000800292A4 (0x00A59593) slli a1, a1, 0xa
x11 <- 0xAAAAAAAAAAAAA800
mem[X,0x00000000800292A8] -> 0x8593
mem[X,0x00000000800292AA] -> 0x2AB5
[6055] [M]: 0x00000000800292A8 (0x2AB58593) addi a1, a1, 0x2ab
x11 <- 0xAAAAAAAAAAAAAAAB
mem[X,0x00000000800292AC] -> 0x0113
mem[X,0x00000000800292AE] -> 0x0000
[6056] [M]: 0x00000000800292AC (0x00000113) addi sp, zero, 0x0
x2 <- 0x0000000000000000
mem[X,0x00000000800292B0] -> 0x006F
mem[X,0x00000000800292B2] -> 0x00C0
[6057] [M]: 0x00000000800292B0 (0x00C0006F) jal zero, 0xc
mem[X,0x00000000800292BC] -> 0x5063
mem[X,0x00000000800292BE] -> 0x10B5
[6058] [M]: 0x00000000800292BC (0x10B55063) bge a0, a1, 0x100
mem[X,0x00000000800293BC] -> 0x0113
mem[X,0x00000000800293BE] -> 0x0031
[6059] [M]: 0x00000000800293BC (0x00310113) addi sp, sp, 0x3
x2 <- 0x0000000000000003
mem[X,0x00000000800293C0] -> 0x006F
mem[X,0x00000000800293C2] -> 0x0040
[6060] [M]: 0x00000000800293C0 (0x0040006F) jal zero, 0x4
mem[X,0x00000000800293C4] -> 0xB823
mem[X,0x00000000800293C6] -> 0x3C20
[6061] [M]: 0x00000000800293C4 (0x3C20B823) sd sp, 0x3d0(ra)
mem[0x0000000080048DA0] <- 0x0000000000000003
mem[X,0x00000000800293C8] -> 0x5537
mem[X,0x00000000800293CA] -> 0x5555
[6062] [M]: 0x00000000800293C8 (0x55555537) lui a0, 0x55555
x10 <- 0x0000000055555000
mem[X,0x00000000800293CC] -> 0x0513
mem[X,0x00000000800293CE] -> 0x5555
[6063] [M]: 0x00000000800293CC (0x55550513) addi a0, a0, 0x555
x10 <- 0x0000000055555555
mem[X,0x00000000800293D0] -> 0x1513
mem[X,0x00000000800293D2] -> 0x00B5
[6064] [M]: 0x00000000800293D0 (0x00B51513) slli a0, a0, 0xb
x10 <- 0x000002AAAAAAA800
mem[X,0x00000000800293D4] -> 0x0513
mem[X,0x00000000800293D6] -> 0x2AA5
[6065] [M]: 0x00000000800293D4 (0x2AA50513) addi a0, a0, 0x2aa
x10 <- 0x000002AAAAAAAAAA
mem[X,0x00000000800293D8] -> 0x1513
mem[X,0x00000000800293DA] -> 0x00B5
[6066] [M]: 0x00000000800293D8 (0x00B51513) slli a0, a0, 0xb
x10 <- 0x0015555555555000
mem[X,0x00000000800293DC] -> 0x0513
mem[X,0x00000000800293DE] -> 0x5555
[6067] [M]: 0x00000000800293DC (0x55550513) addi a0, a0, 0x555
x10 <- 0x0015555555555555
mem[X,0x00000000800293E0] -> 0x1513
mem[X,0x00000000800293E2] -> 0x00A5
[6068] [M]: 0x00000000800293E0 (0x00A51513) slli a0, a0, 0xa
x10 <- 0x5555555555555400
mem[X,0x00000000800293E4] -> 0x0513
mem[X,0x00000000800293E6] -> 0x1545
[6069] [M]: 0x00000000800293E4 (0x15450513) addi a0, a0, 0x154
x10 <- 0x5555555555555554
mem[X,0x00000000800293E8] -> 0x0593
mem[X,0x00000000800293EA] -> 0x0060
[6070] [M]: 0x00000000800293E8 (0x00600593) addi a1, zero, 0x6
x11 <- 0x0000000000000006
mem[X,0x00000000800293EC] -> 0x0113
mem[X,0x00000000800293EE] -> 0x0000
[6071] [M]: 0x00000000800293EC (0x00000113) addi sp, zero, 0x0
x2 <- 0x0000000000000000
mem[X,0x00000000800293F0] -> 0x006F
mem[X,0x00000000800293F2] -> 0x00C0
[6072] [M]: 0x00000000800293F0 (0x00C0006F) jal zero, 0xc
mem[X,0x00000000800293FC] -> 0x5863
mem[X,0x00000000800293FE] -> 0x00B5
[6073] [M]: 0x00000000800293FC (0x00B55863) bge a0, a1, 0x10
mem[X,0x000000008002940C] -> 0x0113
mem[X,0x000000008002940E] -> 0x0031
[6074] [M]: 0x000000008002940C (0x00310113) addi sp, sp, 0x3
x2 <- 0x0000000000000003
mem[X,0x0000000080029410] -> 0x006F
mem[X,0x0000000080029412] -> 0x0040
[6075] [M]: 0x0000000080029410 (0x0040006F) jal zero, 0x4
mem[X,0x0000000080029414] -> 0xBC23
mem[X,0x0000000080029416] -> 0x3C20
[6076] [M]: 0x0000000080029414 (0x3C20BC23) sd sp, 0x3d8(ra)
mem[0x0000000080048DA8] <- 0x0000000000000003
mem[X,0x0000000080029418] -> 0x5537
mem[X,0x000000008002941A] -> 0x5555
[6077] [M]: 0x0000000080029418 (0x55555537) lui a0, 0x55555
x10 <- 0x0000000055555000
mem[X,0x000000008002941C] -> 0x0513
mem[X,0x000000008002941E] -> 0x5555
[6078] [M]: 0x000000008002941C (0x55550513) addi a0, a0, 0x555
x10 <- 0x0000000055555555
mem[X,0x0000000080029420] -> 0x1513
mem[X,0x0000000080029422] -> 0x00B5
[6079] [M]: 0x0000000080029420 (0x00B51513) slli a0, a0, 0xb
x10 <- 0x000002AAAAAAA800
mem[X,0x0000000080029424] -> 0x0513
mem[X,0x0000000080029426] -> 0x2AA5
[6080] [M]: 0x0000000080029424 (0x2AA50513) addi a0, a0, 0x2aa
x10 <- 0x000002AAAAAAAAAA
mem[X,0x0000000080029428] -> 0x1513
mem[X,0x000000008002942A] -> 0x00B5
[6081] [M]: 0x0000000080029428 (0x00B51513) slli a0, a0, 0xb
x10 <- 0x0015555555555000
mem[X,0x000000008002942C] -> 0x0513
mem[X,0x000000008002942E] -> 0x5555
[6082] [M]: 0x000000008002942C (0x55550513) addi a0, a0, 0x555
x10 <- 0x0015555555555555
mem[X,0x0000000080029430] -> 0x1513
mem[X,0x0000000080029432] -> 0x00A5
[6083] [M]: 0x0000000080029430 (0x00A51513) slli a0, a0, 0xa
x10 <- 0x5555555555555400
mem[X,0x0000000080029434] -> 0x0513
mem[X,0x0000000080029436] -> 0x1545
[6084] [M]: 0x0000000080029434 (0x15450513) addi a0, a0, 0x154
x10 <- 0x5555555555555554
mem[X,0x0000000080029438] -> 0x35B7
mem[X,0x000000008002943A] -> 0x3333
[6085] [M]: 0x0000000080029438 (0x333335B7) lui a1, 0x33333
x11 <- 0x0000000033333000
mem[X,0x000000008002943C] -> 0x8593
mem[X,0x000000008002943E] -> 0x3335
[6086] [M]: 0x000000008002943C (0x33358593) addi a1, a1, 0x333
x11 <- 0x0000000033333333
mem[X,0x0000000080029440] -> 0x9593
mem[X,0x0000000080029442] -> 0x00B5
[6087] [M]: 0x0000000080029440 (0x00B59593) slli a1, a1, 0xb
x11 <- 0x0000019999999800
mem[X,0x0000000080029444] -> 0x8593
mem[X,0x0000000080029446] -> 0x1995
[6088] [M]: 0x0000000080029444 (0x19958593) addi a1, a1, 0x199
x11 <- 0x0000019999999999
mem[X,0x0000000080029448] -> 0x9593
mem[X,0x000000008002944A] -> 0x00B5
[6089] [M]: 0x0000000080029448 (0x00B59593) slli a1, a1, 0xb
x11 <- 0x000CCCCCCCCCC800
mem[X,0x000000008002944C] -> 0x8593
mem[X,0x000000008002944E] -> 0x4CC5
[6090] [M]: 0x000000008002944C (0x4CC58593) addi a1, a1, 0x4cc
x11 <- 0x000CCCCCCCCCCCCC
mem[X,0x0000000080029450] -> 0x9593
mem[X,0x0000000080029452] -> 0x00A5
[6091] [M]: 0x0000000080029450 (0x00A59593) slli a1, a1, 0xa
x11 <- 0x3333333333333000
mem[X,0x0000000080029454] -> 0x8593
mem[X,0x0000000080029456] -> 0x3345
[6092] [M]: 0x0000000080029454 (0x33458593) addi a1, a1, 0x334
x11 <- 0x3333333333333334
mem[X,0x0000000080029458] -> 0x0113
mem[X,0x000000008002945A] -> 0x0000
[6093] [M]: 0x0000000080029458 (0x00000113) addi sp, zero, 0x0
x2 <- 0x0000000000000000
mem[X,0x000000008002945C] -> 0x006F
mem[X,0x000000008002945E] -> 0x0180
[6094] [M]: 0x000000008002945C (0x0180006F) jal zero, 0x18
mem[X,0x0000000080029474] -> 0x56E3
mem[X,0x0000000080029476] -> 0xFEB5
[6095] [M]: 0x0000000080029474 (0xFEB556E3) bge a0, a1, -0x14
mem[X,0x0000000080029460] -> 0x0113
mem[X,0x0000000080029462] -> 0x0011
[6096] [M]: 0x0000000080029460 (0x00110113) addi sp, sp, 0x1
x2 <- 0x0000000000000001
mem[X,0x0000000080029464] -> 0x006F
mem[X,0x0000000080029466] -> 0x0240
[6097] [M]: 0x0000000080029464 (0x0240006F) jal zero, 0x24
mem[X,0x0000000080029488] -> 0xB023
mem[X,0x000000008002948A] -> 0x3E20
[6098] [M]: 0x0000000080029488 (0x3E20B023) sd sp, 0x3e0(ra)
mem[0x0000000080048DB0] <- 0x0000000000000001
mem[X,0x000000008002948C] -> 0x5537
mem[X,0x000000008002948E] -> 0x5555
[6099] [M]: 0x000000008002948C (0x55555537) lui a0, 0x55555
x10 <- 0x0000000055555000
clint::tick mtime <- 0x000000000000003D
 clint timer pending at mtime 0x000000000000003D
htif::tick 0x0000000000000000
mem[X,0x0000000080029490] -> 0x0513
mem[X,0x0000000080029492] -> 0x5555
[6100] [M]: 0x0000000080029490 (0x55550513) addi a0, a0, 0x555
x10 <- 0x0000000055555555
mem[X,0x0000000080029494] -> 0x1513
mem[X,0x0000000080029496] -> 0x00B5
[6101] [M]: 0x0000000080029494 (0x00B51513) slli a0, a0, 0xb
x10 <- 0x000002AAAAAAA800
mem[X,0x0000000080029498] -> 0x0513
mem[X,0x000000008002949A] -> 0x2AA5
[6102] [M]: 0x0000000080029498 (0x2AA50513) addi a0, a0, 0x2aa
x10 <- 0x000002AAAAAAAAAA
mem[X,0x000000008002949C] -> 0x1513
mem[X,0x000000008002949E] -> 0x00B5
[6103] [M]: 0x000000008002949C (0x00B51513) slli a0, a0, 0xb
x10 <- 0x0015555555555000
mem[X,0x00000000800294A0] -> 0x0513
mem[X,0x00000000800294A2] -> 0x5555
[6104] [M]: 0x00000000800294A0 (0x55550513) addi a0, a0, 0x555
x10 <- 0x0015555555555555
mem[X,0x00000000800294A4] -> 0x1513
mem[X,0x00000000800294A6] -> 0x00A5
[6105] [M]: 0x00000000800294A4 (0x00A51513) slli a0, a0, 0xa
x10 <- 0x5555555555555400
mem[X,0x00000000800294A8] -> 0x0513
mem[X,0x00000000800294AA] -> 0x1545
[6106] [M]: 0x00000000800294A8 (0x15450513) addi a0, a0, 0x154
x10 <- 0x5555555555555554
mem[X,0x00000000800294AC] -> 0x65B7
mem[X,0x00000000800294AE] -> 0x6666
[6107] [M]: 0x00000000800294AC (0x666665B7) lui a1, 0x66666
x11 <- 0x0000000066666000
mem[X,0x00000000800294B0] -> 0x8593
mem[X,0x00000000800294B2] -> 0x6665
[6108] [M]: 0x00000000800294B0 (0x66658593) addi a1, a1, 0x666
x11 <- 0x0000000066666666
mem[X,0x00000000800294B4] -> 0x9593
mem[X,0x00000000800294B6] -> 0x00B5
[6109] [M]: 0x00000000800294B4 (0x00B59593) slli a1, a1, 0xb
x11 <- 0x0000033333333000
mem[X,0x00000000800294B8] -> 0x8593
mem[X,0x00000000800294BA] -> 0x3335
[6110] [M]: 0x00000000800294B8 (0x33358593) addi a1, a1, 0x333
x11 <- 0x0000033333333333
mem[X,0x00000000800294BC] -> 0x9593
mem[X,0x00000000800294BE] -> 0x00B5
[6111] [M]: 0x00000000800294BC (0x00B59593) slli a1, a1, 0xb
x11 <- 0x0019999999999800
mem[X,0x00000000800294C0] -> 0x8593
mem[X,0x00000000800294C2] -> 0x1995
[6112] [M]: 0x00000000800294C0 (0x19958593) addi a1, a1, 0x199
x11 <- 0x0019999999999999
mem[X,0x00000000800294C4] -> 0x9593
mem[X,0x00000000800294C6] -> 0x00A5
[6113] [M]: 0x00000000800294C4 (0x00A59593) slli a1, a1, 0xa
x11 <- 0x6666666666666400
mem[X,0x00000000800294C8] -> 0x8593
mem[X,0x00000000800294CA] -> 0x2675
[6114] [M]: 0x00000000800294C8 (0x26758593) addi a1, a1, 0x267
x11 <- 0x6666666666666667
mem[X,0x00000000800294CC] -> 0x0113
mem[X,0x00000000800294CE] -> 0x0000
[6115] [M]: 0x00000000800294CC (0x00000113) addi sp, zero, 0x0
x2 <- 0x0000000000000000
mem[X,0x00000000800294D0] -> 0x006F
mem[X,0x00000000800294D2] -> 0x00C0
[6116] [M]: 0x00000000800294D0 (0x00C0006F) jal zero, 0xc
mem[X,0x00000000800294DC] -> 0x5CE3
mem[X,0x00000000800294DE] -> 0xFEB5
[6117] [M]: 0x00000000800294DC (0xFEB55CE3) bge a0, a1, -0x8
mem[X,0x00000000800294E0] -> 0x0113
mem[X,0x00000000800294E2] -> 0x0021
[6118] [M]: 0x00000000800294E0 (0x00210113) addi sp, sp, 0x2
x2 <- 0x0000000000000002
mem[X,0x00000000800294E4] -> 0x006F
mem[X,0x00000000800294E6] -> 0x00C0
[6119] [M]: 0x00000000800294E4 (0x00C0006F) jal zero, 0xc
mem[X,0x00000000800294F0] -> 0xB423
mem[X,0x00000000800294F2] -> 0x3E20
[6120] [M]: 0x00000000800294F0 (0x3E20B423) sd sp, 0x3e8(ra)
mem[0x0000000080048DB8] <- 0x0000000000000002
mem[X,0x00000000800294F4] -> 0x5537
mem[X,0x00000000800294F6] -> 0x5555
[6121] [M]: 0x00000000800294F4 (0x55555537) lui a0, 0x55555
x10 <- 0x0000000055555000
mem[X,0x00000000800294F8] -> 0x0513
mem[X,0x00000000800294FA] -> 0x5555
[6122] [M]: 0x00000000800294F8 (0x55550513) addi a0, a0, 0x555
x10 <- 0x0000000055555555
mem[X,0x00000000800294FC] -> 0x1513
mem[X,0x00000000800294FE] -> 0x00B5
[6123] [M]: 0x00000000800294FC (0x00B51513) slli a0, a0, 0xb
x10 <- 0x000002AAAAAAA800
mem[X,0x0000000080029500] -> 0x0513
mem[X,0x0000000080029502] -> 0x2AA5
[6124] [M]: 0x0000000080029500 (0x2AA50513) addi a0, a0, 0x2aa
x10 <- 0x000002AAAAAAAAAA
mem[X,0x0000000080029504] -> 0x1513
mem[X,0x0000000080029506] -> 0x00B5
[6125] [M]: 0x0000000080029504 (0x00B51513) slli a0, a0, 0xb
x10 <- 0x0015555555555000
mem[X,0x0000000080029508] -> 0x0513
mem[X,0x000000008002950A] -> 0x5555
[6126] [M]: 0x0000000080029508 (0x55550513) addi a0, a0, 0x555
x10 <- 0x0015555555555555
mem[X,0x000000008002950C] -> 0x1513
mem[X,0x000000008002950E] -> 0x00A5
[6127] [M]: 0x000000008002950C (0x00A51513) slli a0, a0, 0xa
x10 <- 0x5555555555555400
mem[X,0x0000000080029510] -> 0x0513
mem[X,0x0000000080029512] -> 0x1545
[6128] [M]: 0x0000000080029510 (0x15450513) addi a0, a0, 0x154
x10 <- 0x5555555555555554
mem[X,0x0000000080029514] -> 0x05B7
mem[X,0x0000000080029516] -> 0x0000
[6129] [M]: 0x0000000080029514 (0x000005B7) lui a1, 0x0
x11 <- 0x0000000000000000
mem[X,0x0000000080029518] -> 0x8593
mem[X,0x000000008002951A] -> 0xFFF5
[6130] [M]: 0x0000000080029518 (0xFFF58593) addi a1, a1, -0x1
x11 <- 0xFFFFFFFFFFFFFFFF
mem[X,0x000000008002951C] -> 0x9593
mem[X,0x000000008002951E] -> 0x00B5
[6131] [M]: 0x000000008002951C (0x00B59593) slli a1, a1, 0xb
x11 <- 0xFFFFFFFFFFFFF800
mem[X,0x0000000080029520] -> 0x8593
mem[X,0x0000000080029522] -> 0x2575
[6132] [M]: 0x0000000080029520 (0x25758593) addi a1, a1, 0x257
x11 <- 0xFFFFFFFFFFFFFA57
mem[X,0x0000000080029524] -> 0x9593
mem[X,0x0000000080029526] -> 0x00B5
[6133] [M]: 0x0000000080029524 (0x00B59593) slli a1, a1, 0xb
x11 <- 0xFFFFFFFFFFD2B800
mem[X,0x0000000080029528] -> 0x8593
mem[X,0x000000008002952A] -> 0x6C35
[6134] [M]: 0x0000000080029528 (0x6C358593) addi a1, a1, 0x6c3
x11 <- 0xFFFFFFFFFFD2BEC3
mem[X,0x000000008002952C] -> 0x9593
mem[X,0x000000008002952E] -> 0x00A5
[6135] [M]: 0x000000008002952C (0x00A59593) slli a1, a1, 0xa
x11 <- 0xFFFFFFFF4AFB0C00
mem[X,0x0000000080029530] -> 0x8593
mem[X,0x0000000080029532] -> 0x0CE5
[6136] [M]: 0x0000000080029530 (0x0CE58593) addi a1, a1, 0xce
x11 <- 0xFFFFFFFF4AFB0CCE
mem[X,0x0000000080029534] -> 0x0113
mem[X,0x0000000080029536] -> 0x0000
[6137] [M]: 0x0000000080029534 (0x00000113) addi sp, zero, 0x0
x2 <- 0x0000000000000000
mem[X,0x0000000080029538] -> 0x006F
mem[X,0x000000008002953A] -> 0x00C0
[6138] [M]: 0x0000000080029538 (0x00C0006F) jal zero, 0xc
mem[X,0x0000000080029544] -> 0x5063
mem[X,0x0000000080029546] -> 0x04B5
[6139] [M]: 0x0000000080029544 (0x04B55063) bge a0, a1, 0x40
mem[X,0x0000000080029584] -> 0x0113
mem[X,0x0000000080029586] -> 0x0031
[6140] [M]: 0x0000000080029584 (0x00310113) addi sp, sp, 0x3
x2 <- 0x0000000000000003
mem[X,0x0000000080029588] -> 0x006F
mem[X,0x000000008002958A] -> 0x0040
[6141] [M]: 0x0000000080029588 (0x0040006F) jal zero, 0x4
mem[X,0x000000008002958C] -> 0xB823
mem[X,0x000000008002958E] -> 0x3E20
[6142] [M]: 0x000000008002958C (0x3E20B823) sd sp, 0x3f0(ra)
mem[0x0000000080048DC0] <- 0x0000000000000003
mem[X,0x0000000080029590] -> 0x5537
mem[X,0x0000000080029592] -> 0x5555
[6143] [M]: 0x0000000080029590 (0x55555537) lui a0, 0x55555
x10 <- 0x0000000055555000
mem[X,0x0000000080029594] -> 0x0513
mem[X,0x0000000080029596] -> 0x5555
[6144] [M]: 0x0000000080029594 (0x55550513) addi a0, a0, 0x555
x10 <- 0x0000000055555555
mem[X,0x0000000080029598] -> 0x1513
mem[X,0x000000008002959A] -> 0x00B5
[6145] [M]: 0x0000000080029598 (0x00B51513) slli a0, a0, 0xb
x10 <- 0x000002AAAAAAA800
mem[X,0x000000008002959C] -> 0x0513
mem[X,0x000000008002959E] -> 0x2AA5
[6146] [M]: 0x000000008002959C (0x2AA50513) addi a0, a0, 0x2aa
x10 <- 0x000002AAAAAAAAAA
mem[X,0x00000000800295A0] -> 0x1513
mem[X,0x00000000800295A2] -> 0x00B5
[6147] [M]: 0x00000000800295A0 (0x00B51513) slli a0, a0, 0xb
x10 <- 0x0015555555555000
mem[X,0x00000000800295A4] -> 0x0513
mem[X,0x00000000800295A6] -> 0x5555
[6148] [M]: 0x00000000800295A4 (0x55550513) addi a0, a0, 0x555
x10 <- 0x0015555555555555
mem[X,0x00000000800295A8] -> 0x1513
mem[X,0x00000000800295AA] -> 0x00A5
[6149] [M]: 0x00000000800295A8 (0x00A51513) slli a0, a0, 0xa
x10 <- 0x5555555555555400
mem[X,0x00000000800295AC] -> 0x0513
mem[X,0x00000000800295AE] -> 0x1545
[6150] [M]: 0x00000000800295AC (0x15450513) addi a0, a0, 0x154
x10 <- 0x5555555555555554
mem[X,0x00000000800295B0] -> 0x05B7
mem[X,0x00000000800295B2] -> 0x0000
[6151] [M]: 0x00000000800295B0 (0x000005B7) lui a1, 0x0
x11 <- 0x0000000000000000
mem[X,0x00000000800295B4] -> 0x8593
mem[X,0x00000000800295B6] -> 0x0005
[6152] [M]: 0x00000000800295B4 (0x00058593) addi a1, a1, 0x0
x11 <- 0x0000000000000000
mem[X,0x00000000800295B8] -> 0x9593
mem[X,0x00000000800295BA] -> 0x00B5
[6153] [M]: 0x00000000800295B8 (0x00B59593) slli a1, a1, 0xb
x11 <- 0x0000000000000000
mem[X,0x00000000800295BC] -> 0x8593
mem[X,0x00000000800295BE] -> 0x5A85
[6154] [M]: 0x00000000800295BC (0x5A858593) addi a1, a1, 0x5a8
x11 <- 0x00000000000005A8
mem[X,0x00000000800295C0] -> 0x9593
mem[X,0x00000000800295C2] -> 0x00B5
[6155] [M]: 0x00000000800295C0 (0x00B59593) slli a1, a1, 0xb
x11 <- 0x00000000002D4000
mem[X,0x00000000800295C4] -> 0x8593
mem[X,0x00000000800295C6] -> 0x13C5
[6156] [M]: 0x00000000800295C4 (0x13C58593) addi a1, a1, 0x13c
x11 <- 0x00000000002D413C
mem[X,0x00000000800295C8] -> 0x9593
mem[X,0x00000000800295CA] -> 0x00A5
[6157] [M]: 0x00000000800295C8 (0x00A59593) slli a1, a1, 0xa
x11 <- 0x00000000B504F000
mem[X,0x00000000800295CC] -> 0x8593
mem[X,0x00000000800295CE] -> 0x3345
[6158] [M]: 0x00000000800295CC (0x33458593) addi a1, a1, 0x334
x11 <- 0x00000000B504F334
mem[X,0x00000000800295D0] -> 0x0113
mem[X,0x00000000800295D2] -> 0x0000
[6159] [M]: 0x00000000800295D0 (0x00000113) addi sp, zero, 0x0
x2 <- 0x0000000000000000
mem[X,0x00000000800295D4] -> 0x006F
mem[X,0x00000000800295D6] -> 0x00C0
[6160] [M]: 0x00000000800295D4 (0x00C0006F) jal zero, 0xc
mem[X,0x00000000800295E0] -> 0x5CE3
mem[X,0x00000000800295E2] -> 0xFEB5
[6161] [M]: 0x00000000800295E0 (0xFEB55CE3) bge a0, a1, -0x8
mem[X,0x00000000800295D8] -> 0x0113
mem[X,0x00000000800295DA] -> 0x0011
[6162] [M]: 0x00000000800295D8 (0x00110113) addi sp, sp, 0x1
x2 <- 0x0000000000000001
mem[X,0x00000000800295DC] -> 0x006F
mem[X,0x00000000800295DE] -> 0x0180
[6163] [M]: 0x00000000800295DC (0x0180006F) jal zero, 0x18
mem[X,0x00000000800295F4] -> 0xBC23
mem[X,0x00000000800295F6] -> 0x3E20
[6164] [M]: 0x00000000800295F4 (0x3E20BC23) sd sp, 0x3f8(ra)
mem[0x0000000080048DC8] <- 0x0000000000000001
mem[X,0x00000000800295F8] -> 0x0513
mem[X,0x00000000800295FA] -> 0x0000
[6165] [M]: 0x00000000800295F8 (0x00000513) addi a0, zero, 0x0
x10 <- 0x0000000000000000
mem[X,0x00000000800295FC] -> 0x0593
mem[X,0x00000000800295FE] -> 0x0030
[6166] [M]: 0x00000000800295FC (0x00300593) addi a1, zero, 0x3
x11 <- 0x0000000000000003
mem[X,0x0000000080029600] -> 0x0113
mem[X,0x0000000080029602] -> 0x0000
[6167] [M]: 0x0000000080029600 (0x00000113) addi sp, zero, 0x0
x2 <- 0x0000000000000000
mem[X,0x0000000080029604] -> 0x006F
mem[X,0x0000000080029606] -> 0x00C0
[6168] [M]: 0x0000000080029604 (0x00C0006F) jal zero, 0xc
mem[X,0x0000000080029610] -> 0x5663
mem[X,0x0000000080029612] -> 0x00B5
[6169] [M]: 0x0000000080029610 (0x00B55663) bge a0, a1, 0xc
mem[X,0x0000000080029614] -> 0x0113
mem[X,0x0000000080029616] -> 0x0021
[6170] [M]: 0x0000000080029614 (0x00210113) addi sp, sp, 0x2
x2 <- 0x0000000000000002
mem[X,0x0000000080029618] -> 0x006F
mem[X,0x000000008002961A] -> 0x00C0
[6171] [M]: 0x0000000080029618 (0x00C0006F) jal zero, 0xc
mem[X,0x0000000080029624] -> 0xB023
mem[X,0x0000000080029626] -> 0x4020
[6172] [M]: 0x0000000080029624 (0x4020B023) sd sp, 0x400(ra)
mem[0x0000000080048DD0] <- 0x0000000000000002
mem[X,0x0000000080029628] -> 0x0513
mem[X,0x000000008002962A] -> 0x0000
[6173] [M]: 0x0000000080029628 (0x00000513) addi a0, zero, 0x0
x10 <- 0x0000000000000000
mem[X,0x000000008002962C] -> 0x55B7
mem[X,0x000000008002962E] -> 0x5555
[6174] [M]: 0x000000008002962C (0x555555B7) lui a1, 0x55555
x11 <- 0x0000000055555000
mem[X,0x0000000080029630] -> 0x8593
mem[X,0x0000000080029632] -> 0x5555
[6175] [M]: 0x0000000080029630 (0x55558593) addi a1, a1, 0x555
x11 <- 0x0000000055555555
mem[X,0x0000000080029634] -> 0x9593
mem[X,0x0000000080029636] -> 0x00B5
[6176] [M]: 0x0000000080029634 (0x00B59593) slli a1, a1, 0xb
x11 <- 0x000002AAAAAAA800
mem[X,0x0000000080029638] -> 0x8593
mem[X,0x000000008002963A] -> 0x2AA5
[6177] [M]: 0x0000000080029638 (0x2AA58593) addi a1, a1, 0x2aa
x11 <- 0x000002AAAAAAAAAA
mem[X,0x000000008002963C] -> 0x9593
mem[X,0x000000008002963E] -> 0x00B5
[6178] [M]: 0x000000008002963C (0x00B59593) slli a1, a1, 0xb
x11 <- 0x0015555555555000
mem[X,0x0000000080029640] -> 0x8593
mem[X,0x0000000080029642] -> 0x5555
[6179] [M]: 0x0000000080029640 (0x55558593) addi a1, a1, 0x555
x11 <- 0x0015555555555555
mem[X,0x0000000080029644] -> 0x9593
mem[X,0x0000000080029646] -> 0x00A5
[6180] [M]: 0x0000000080029644 (0x00A59593) slli a1, a1, 0xa
x11 <- 0x5555555555555400
mem[X,0x0000000080029648] -> 0x8593
mem[X,0x000000008002964A] -> 0x1555
[6181] [M]: 0x0000000080029648 (0x15558593) addi a1, a1, 0x155
x11 <- 0x5555555555555555
mem[X,0x000000008002964C] -> 0x0113
mem[X,0x000000008002964E] -> 0x0000
[6182] [M]: 0x000000008002964C (0x00000113) addi sp, zero, 0x0
x2 <- 0x0000000000000000
mem[X,0x0000000080029650] -> 0x006F
mem[X,0x0000000080029652] -> 0x00C0
[6183] [M]: 0x0000000080029650 (0x00C0006F) jal zero, 0xc
mem[X,0x000000008002965C] -> 0x5063
mem[X,0x000000008002965E] -> 0x20B5
[6184] [M]: 0x000000008002965C (0x20B55063) bge a0, a1, 0x200
mem[X,0x0000000080029660] -> 0x0113
mem[X,0x0000000080029662] -> 0x0021
[6185] [M]: 0x0000000080029660 (0x00210113) addi sp, sp, 0x2
x2 <- 0x0000000000000002
mem[X,0x0000000080029664] -> 0x006F
mem[X,0x0000000080029666] -> 0x2000
[6186] [M]: 0x0000000080029664 (0x2000006F) jal zero, 0x200
mem[X,0x0000000080029864] -> 0xB423
mem[X,0x0000000080029866] -> 0x4020
[6187] [M]: 0x0000000080029864 (0x4020B423) sd sp, 0x408(ra)
mem[0x0000000080048DD8] <- 0x0000000000000002
mem[X,0x0000000080029868] -> 0x0513
mem[X,0x000000008002986A] -> 0x0000
[6188] [M]: 0x0000000080029868 (0x00000513) addi a0, zero, 0x0
x10 <- 0x0000000000000000
mem[X,0x000000008002986C] -> 0xB5B7
mem[X,0x000000008002986E] -> 0xAAAA
[6189] [M]: 0x000000008002986C (0xAAAAB5B7) lui a1, -0x55555
x11 <- 0xFFFFFFFFAAAAB000
mem[X,0x0000000080029870] -> 0x8593
mem[X,0x0000000080029872] -> 0xAAA5
[6190] [M]: 0x0000000080029870 (0xAAA58593) addi a1, a1, -0x556
x11 <- 0xFFFFFFFFAAAAAAAA
mem[X,0x0000000080029874] -> 0x9593
mem[X,0x0000000080029876] -> 0x00B5
[6191] [M]: 0x0000000080029874 (0x00B59593) slli a1, a1, 0xb
x11 <- 0xFFFFFD5555555000
mem[X,0x0000000080029878] -> 0x8593
mem[X,0x000000008002987A] -> 0x5555
[6192] [M]: 0x0000000080029878 (0x55558593) addi a1, a1, 0x555
x11 <- 0xFFFFFD5555555555
mem[X,0x000000008002987C] -> 0x9593
mem[X,0x000000008002987E] -> 0x00B5
[6193] [M]: 0x000000008002987C (0x00B59593) slli a1, a1, 0xb
x11 <- 0xFFEAAAAAAAAAA800
mem[X,0x0000000080029880] -> 0x8593
mem[X,0x0000000080029882] -> 0x2AA5
[6194] [M]: 0x0000000080029880 (0x2AA58593) addi a1, a1, 0x2aa
x11 <- 0xFFEAAAAAAAAAAAAA
mem[X,0x0000000080029884] -> 0x9593
mem[X,0x0000000080029886] -> 0x00A5
[6195] [M]: 0x0000000080029884 (0x00A59593) slli a1, a1, 0xa
x11 <- 0xAAAAAAAAAAAAA800
mem[X,0x0000000080029888] -> 0x8593
mem[X,0x000000008002988A] -> 0x2AA5
[6196] [M]: 0x0000000080029888 (0x2AA58593) addi a1, a1, 0x2aa
x11 <- 0xAAAAAAAAAAAAAAAA
mem[X,0x000000008002988C] -> 0x0113
mem[X,0x000000008002988E] -> 0x0000
[6197] [M]: 0x000000008002988C (0x00000113) addi sp, zero, 0x0
x2 <- 0x0000000000000000
mem[X,0x0000000080029890] -> 0x006F
mem[X,0x0000000080029892] -> 0x00C0
[6198] [M]: 0x0000000080029890 (0x00C0006F) jal zero, 0xc
mem[X,0x000000008002989C] -> 0x5663
mem[X,0x000000008002989E] -> 0x00B5
[6199] [M]: 0x000000008002989C (0x00B55663) bge a0, a1, 0xc
clint::tick mtime <- 0x000000000000003E
 clint timer pending at mtime 0x000000000000003E
htif::tick 0x0000000000000000
mem[X,0x00000000800298A8] -> 0x0113
mem[X,0x00000000800298AA] -> 0x0031
[6200] [M]: 0x00000000800298A8 (0x00310113) addi sp, sp, 0x3
x2 <- 0x0000000000000003
mem[X,0x00000000800298AC] -> 0x006F
mem[X,0x00000000800298AE] -> 0x0040
[6201] [M]: 0x00000000800298AC (0x0040006F) jal zero, 0x4
mem[X,0x00000000800298B0] -> 0xB823
mem[X,0x00000000800298B2] -> 0x4020
[6202] [M]: 0x00000000800298B0 (0x4020B823) sd sp, 0x410(ra)
mem[0x0000000080048DE0] <- 0x0000000000000003
mem[X,0x00000000800298B4] -> 0x0513
mem[X,0x00000000800298B6] -> 0x0000
[6203] [M]: 0x00000000800298B4 (0x00000513) addi a0, zero, 0x0
x10 <- 0x0000000000000000
mem[X,0x00000000800298B8] -> 0x0593
mem[X,0x00000000800298BA] -> 0x0050
[6204] [M]: 0x00000000800298B8 (0x00500593) addi a1, zero, 0x5
x11 <- 0x0000000000000005
mem[X,0x00000000800298BC] -> 0x0113
mem[X,0x00000000800298BE] -> 0x0000
[6205] [M]: 0x00000000800298BC (0x00000113) addi sp, zero, 0x0
x2 <- 0x0000000000000000
mem[X,0x00000000800298C0] -> 0x006F
mem[X,0x00000000800298C2] -> 0x00C0
[6206] [M]: 0x00000000800298C0 (0x00C0006F) jal zero, 0xc
mem[X,0x00000000800298CC] -> 0x5663
mem[X,0x00000000800298CE] -> 0x00B5
[6207] [M]: 0x00000000800298CC (0x00B55663) bge a0, a1, 0xc
mem[X,0x00000000800298D0] -> 0x0113
mem[X,0x00000000800298D2] -> 0x0021
[6208] [M]: 0x00000000800298D0 (0x00210113) addi sp, sp, 0x2
x2 <- 0x0000000000000002
mem[X,0x00000000800298D4] -> 0x006F
mem[X,0x00000000800298D6] -> 0x00C0
[6209] [M]: 0x00000000800298D4 (0x00C0006F) jal zero, 0xc
mem[X,0x00000000800298E0] -> 0xBC23
mem[X,0x00000000800298E2] -> 0x4020
[6210] [M]: 0x00000000800298E0 (0x4020BC23) sd sp, 0x418(ra)
mem[0x0000000080048DE8] <- 0x0000000000000002
mem[X,0x00000000800298E4] -> 0x0513
mem[X,0x00000000800298E6] -> 0x0000
[6211] [M]: 0x00000000800298E4 (0x00000513) addi a0, zero, 0x0
x10 <- 0x0000000000000000
mem[X,0x00000000800298E8] -> 0x35B7
mem[X,0x00000000800298EA] -> 0x3333
[6212] [M]: 0x00000000800298E8 (0x333335B7) lui a1, 0x33333
x11 <- 0x0000000033333000
mem[X,0x00000000800298EC] -> 0x8593
mem[X,0x00000000800298EE] -> 0x3335
[6213] [M]: 0x00000000800298EC (0x33358593) addi a1, a1, 0x333
x11 <- 0x0000000033333333
mem[X,0x00000000800298F0] -> 0x9593
mem[X,0x00000000800298F2] -> 0x00B5
[6214] [M]: 0x00000000800298F0 (0x00B59593) slli a1, a1, 0xb
x11 <- 0x0000019999999800
mem[X,0x00000000800298F4] -> 0x8593
mem[X,0x00000000800298F6] -> 0x1995
[6215] [M]: 0x00000000800298F4 (0x19958593) addi a1, a1, 0x199
x11 <- 0x0000019999999999
mem[X,0x00000000800298F8] -> 0x9593
mem[X,0x00000000800298FA] -> 0x00B5
[6216] [M]: 0x00000000800298F8 (0x00B59593) slli a1, a1, 0xb
x11 <- 0x000CCCCCCCCCC800
mem[X,0x00000000800298FC] -> 0x8593
mem[X,0x00000000800298FE] -> 0x4CC5
[6217] [M]: 0x00000000800298FC (0x4CC58593) addi a1, a1, 0x4cc
x11 <- 0x000CCCCCCCCCCCCC
mem[X,0x0000000080029900] -> 0x9593
mem[X,0x0000000080029902] -> 0x00A5
[6218] [M]: 0x0000000080029900 (0x00A59593) slli a1, a1, 0xa
x11 <- 0x3333333333333000
mem[X,0x0000000080029904] -> 0x8593
mem[X,0x0000000080029906] -> 0x3335
[6219] [M]: 0x0000000080029904 (0x33358593) addi a1, a1, 0x333
x11 <- 0x3333333333333333
mem[X,0x0000000080029908] -> 0x0113
mem[X,0x000000008002990A] -> 0x0000
[6220] [M]: 0x0000000080029908 (0x00000113) addi sp, zero, 0x0
x2 <- 0x0000000000000000
mem[X,0x000000008002990C] -> 0x006F
mem[X,0x000000008002990E] -> 0x00C0
[6221] [M]: 0x000000008002990C (0x00C0006F) jal zero, 0xc
mem[X,0x0000000080029918] -> 0x5063
mem[X,0x000000008002991A] -> 0x04B5
[6222] [M]: 0x0000000080029918 (0x04B55063) bge a0, a1, 0x40
mem[X,0x000000008002991C] -> 0x0113
mem[X,0x000000008002991E] -> 0x0021
[6223] [M]: 0x000000008002991C (0x00210113) addi sp, sp, 0x2
x2 <- 0x0000000000000002
mem[X,0x0000000080029920] -> 0x006F
mem[X,0x0000000080029922] -> 0x0400
[6224] [M]: 0x0000000080029920 (0x0400006F) jal zero, 0x40
mem[X,0x0000000080029960] -> 0xB023
mem[X,0x0000000080029962] -> 0x4220
[6225] [M]: 0x0000000080029960 (0x4220B023) sd sp, 0x420(ra)
mem[0x0000000080048DF0] <- 0x0000000000000002
mem[X,0x0000000080029964] -> 0x0513
mem[X,0x0000000080029966] -> 0x0000
[6226] [M]: 0x0000000080029964 (0x00000513) addi a0, zero, 0x0
x10 <- 0x0000000000000000
mem[X,0x0000000080029968] -> 0x65B7
mem[X,0x000000008002996A] -> 0x6666
[6227] [M]: 0x0000000080029968 (0x666665B7) lui a1, 0x66666
x11 <- 0x0000000066666000
mem[X,0x000000008002996C] -> 0x8593
mem[X,0x000000008002996E] -> 0x6665
[6228] [M]: 0x000000008002996C (0x66658593) addi a1, a1, 0x666
x11 <- 0x0000000066666666
mem[X,0x0000000080029970] -> 0x9593
mem[X,0x0000000080029972] -> 0x00B5
[6229] [M]: 0x0000000080029970 (0x00B59593) slli a1, a1, 0xb
x11 <- 0x0000033333333000
mem[X,0x0000000080029974] -> 0x8593
mem[X,0x0000000080029976] -> 0x3335
[6230] [M]: 0x0000000080029974 (0x33358593) addi a1, a1, 0x333
x11 <- 0x0000033333333333
mem[X,0x0000000080029978] -> 0x9593
mem[X,0x000000008002997A] -> 0x00B5
[6231] [M]: 0x0000000080029978 (0x00B59593) slli a1, a1, 0xb
x11 <- 0x0019999999999800
mem[X,0x000000008002997C] -> 0x8593
mem[X,0x000000008002997E] -> 0x1995
[6232] [M]: 0x000000008002997C (0x19958593) addi a1, a1, 0x199
x11 <- 0x0019999999999999
mem[X,0x0000000080029980] -> 0x9593
mem[X,0x0000000080029982] -> 0x00A5
[6233] [M]: 0x0000000080029980 (0x00A59593) slli a1, a1, 0xa
x11 <- 0x6666666666666400
mem[X,0x0000000080029984] -> 0x8593
mem[X,0x0000000080029986] -> 0x2665
[6234] [M]: 0x0000000080029984 (0x26658593) addi a1, a1, 0x266
x11 <- 0x6666666666666666
mem[X,0x0000000080029988] -> 0x0113
mem[X,0x000000008002998A] -> 0x0000
[6235] [M]: 0x0000000080029988 (0x00000113) addi sp, zero, 0x0
x2 <- 0x0000000000000000
mem[X,0x000000008002998C] -> 0x006F
mem[X,0x000000008002998E] -> 0x0180
[6236] [M]: 0x000000008002998C (0x0180006F) jal zero, 0x18
mem[X,0x00000000800299A4] -> 0x56E3
mem[X,0x00000000800299A6] -> 0xFEB5
[6237] [M]: 0x00000000800299A4 (0xFEB556E3) bge a0, a1, -0x14
mem[X,0x00000000800299A8] -> 0x0113
mem[X,0x00000000800299AA] -> 0x0021
[6238] [M]: 0x00000000800299A8 (0x00210113) addi sp, sp, 0x2
x2 <- 0x0000000000000002
mem[X,0x00000000800299AC] -> 0x006F
mem[X,0x00000000800299AE] -> 0x00C0
[6239] [M]: 0x00000000800299AC (0x00C0006F) jal zero, 0xc
mem[X,0x00000000800299B8] -> 0xB423
mem[X,0x00000000800299BA] -> 0x4220
[6240] [M]: 0x00000000800299B8 (0x4220B423) sd sp, 0x428(ra)
mem[0x0000000080048DF8] <- 0x0000000000000002
mem[X,0x00000000800299BC] -> 0x0513
mem[X,0x00000000800299BE] -> 0x0000
[6241] [M]: 0x00000000800299BC (0x00000513) addi a0, zero, 0x0
x10 <- 0x0000000000000000
mem[X,0x00000000800299C0] -> 0x05B7
mem[X,0x00000000800299C2] -> 0x0000
[6242] [M]: 0x00000000800299C0 (0x000005B7) lui a1, 0x0
x11 <- 0x0000000000000000
mem[X,0x00000000800299C4] -> 0x8593
mem[X,0x00000000800299C6] -> 0xFFF5
[6243] [M]: 0x00000000800299C4 (0xFFF58593) addi a1, a1, -0x1
x11 <- 0xFFFFFFFFFFFFFFFF
mem[X,0x00000000800299C8] -> 0x9593
mem[X,0x00000000800299CA] -> 0x00B5
[6244] [M]: 0x00000000800299C8 (0x00B59593) slli a1, a1, 0xb
x11 <- 0xFFFFFFFFFFFFF800
mem[X,0x00000000800299CC] -> 0x8593
mem[X,0x00000000800299CE] -> 0x2575
[6245] [M]: 0x00000000800299CC (0x25758593) addi a1, a1, 0x257
x11 <- 0xFFFFFFFFFFFFFA57
mem[X,0x00000000800299D0] -> 0x9593
mem[X,0x00000000800299D2] -> 0x00B5
[6246] [M]: 0x00000000800299D0 (0x00B59593) slli a1, a1, 0xb
x11 <- 0xFFFFFFFFFFD2B800
mem[X,0x00000000800299D4] -> 0x8593
mem[X,0x00000000800299D6] -> 0x6C35
[6247] [M]: 0x00000000800299D4 (0x6C358593) addi a1, a1, 0x6c3
x11 <- 0xFFFFFFFFFFD2BEC3
mem[X,0x00000000800299D8] -> 0x9593
mem[X,0x00000000800299DA] -> 0x00A5
[6248] [M]: 0x00000000800299D8 (0x00A59593) slli a1, a1, 0xa
x11 <- 0xFFFFFFFF4AFB0C00
mem[X,0x00000000800299DC] -> 0x8593
mem[X,0x00000000800299DE] -> 0x0CD5
[6249] [M]: 0x00000000800299DC (0x0CD58593) addi a1, a1, 0xcd
x11 <- 0xFFFFFFFF4AFB0CCD
mem[X,0x00000000800299E0] -> 0x0113
mem[X,0x00000000800299E2] -> 0x0000
[6250] [M]: 0x00000000800299E0 (0x00000113) addi sp, zero, 0x0
x2 <- 0x0000000000000000
mem[X,0x00000000800299E4] -> 0x006F
mem[X,0x00000000800299E6] -> 0x00C0
[6251] [M]: 0x00000000800299E4 (0x00C0006F) jal zero, 0xc
mem[X,0x00000000800299F0] -> 0x5CE3
mem[X,0x00000000800299F2] -> 0xFEB5
[6252] [M]: 0x00000000800299F0 (0xFEB55CE3) bge a0, a1, -0x8
mem[X,0x00000000800299E8] -> 0x0113
mem[X,0x00000000800299EA] -> 0x0011
[6253] [M]: 0x00000000800299E8 (0x00110113) addi sp, sp, 0x1
x2 <- 0x0000000000000001
mem[X,0x00000000800299EC] -> 0x006F
mem[X,0x00000000800299EE] -> 0x0180
[6254] [M]: 0x00000000800299EC (0x0180006F) jal zero, 0x18
mem[X,0x0000000080029A04] -> 0xB823
mem[X,0x0000000080029A06] -> 0x4220
[6255] [M]: 0x0000000080029A04 (0x4220B823) sd sp, 0x430(ra)
mem[0x0000000080048E00] <- 0x0000000000000001
mem[X,0x0000000080029A08] -> 0x0513
mem[X,0x0000000080029A0A] -> 0x0000
[6256] [M]: 0x0000000080029A08 (0x00000513) addi a0, zero, 0x0
x10 <- 0x0000000000000000
mem[X,0x0000000080029A0C] -> 0x05B7
mem[X,0x0000000080029A0E] -> 0x0000
[6257] [M]: 0x0000000080029A0C (0x000005B7) lui a1, 0x0
x11 <- 0x0000000000000000
mem[X,0x0000000080029A10] -> 0x8593
mem[X,0x0000000080029A12] -> 0x0005
[6258] [M]: 0x0000000080029A10 (0x00058593) addi a1, a1, 0x0
x11 <- 0x0000000000000000
mem[X,0x0000000080029A14] -> 0x9593
mem[X,0x0000000080029A16] -> 0x00B5
[6259] [M]: 0x0000000080029A14 (0x00B59593) slli a1, a1, 0xb
x11 <- 0x0000000000000000
mem[X,0x0000000080029A18] -> 0x8593
mem[X,0x0000000080029A1A] -> 0x5A85
[6260] [M]: 0x0000000080029A18 (0x5A858593) addi a1, a1, 0x5a8
x11 <- 0x00000000000005A8
mem[X,0x0000000080029A1C] -> 0x9593
mem[X,0x0000000080029A1E] -> 0x00B5
[6261] [M]: 0x0000000080029A1C (0x00B59593) slli a1, a1, 0xb
x11 <- 0x00000000002D4000
mem[X,0x0000000080029A20] -> 0x8593
mem[X,0x0000000080029A22] -> 0x13C5
[6262] [M]: 0x0000000080029A20 (0x13C58593) addi a1, a1, 0x13c
x11 <- 0x00000000002D413C
mem[X,0x0000000080029A24] -> 0x9593
mem[X,0x0000000080029A26] -> 0x00A5
[6263] [M]: 0x0000000080029A24 (0x00A59593) slli a1, a1, 0xa
x11 <- 0x00000000B504F000
mem[X,0x0000000080029A28] -> 0x8593
mem[X,0x0000000080029A2A] -> 0x3335
[6264] [M]: 0x0000000080029A28 (0x33358593) addi a1, a1, 0x333
x11 <- 0x00000000B504F333
mem[X,0x0000000080029A2C] -> 0x0113
mem[X,0x0000000080029A2E] -> 0x0000
[6265] [M]: 0x0000000080029A2C (0x00000113) addi sp, zero, 0x0
x2 <- 0x0000000000000000
mem[X,0x0000000080029A30] -> 0x006F
mem[X,0x0000000080029A32] -> 0x00C0
[6266] [M]: 0x0000000080029A30 (0x00C0006F) jal zero, 0xc
mem[X,0x0000000080029A3C] -> 0x5663
mem[X,0x0000000080029A3E] -> 0x00B5
[6267] [M]: 0x0000000080029A3C (0x00B55663) bge a0, a1, 0xc
mem[X,0x0000000080029A40] -> 0x0113
mem[X,0x0000000080029A42] -> 0x0021
[6268] [M]: 0x0000000080029A40 (0x00210113) addi sp, sp, 0x2
x2 <- 0x0000000000000002
mem[X,0x0000000080029A44] -> 0x006F
mem[X,0x0000000080029A46] -> 0x00C0
[6269] [M]: 0x0000000080029A44 (0x00C0006F) jal zero, 0xc
mem[X,0x0000000080029A50] -> 0xBC23
mem[X,0x0000000080029A52] -> 0x4220
[6270] [M]: 0x0000000080029A50 (0x4220BC23) sd sp, 0x438(ra)
mem[0x0000000080048E08] <- 0x0000000000000002
mem[X,0x0000000080029A54] -> 0x0513
mem[X,0x0000000080029A56] -> 0x0000
[6271] [M]: 0x0000000080029A54 (0x00000513) addi a0, zero, 0x0
x10 <- 0x0000000000000000
mem[X,0x0000000080029A58] -> 0x0593
mem[X,0x0000000080029A5A] -> 0x0020
[6272] [M]: 0x0000000080029A58 (0x00200593) addi a1, zero, 0x2
x11 <- 0x0000000000000002
mem[X,0x0000000080029A5C] -> 0x0113
mem[X,0x0000000080029A5E] -> 0x0000
[6273] [M]: 0x0000000080029A5C (0x00000113) addi sp, zero, 0x0
x2 <- 0x0000000000000000
mem[X,0x0000000080029A60] -> 0x006F
mem[X,0x0000000080029A62] -> 0x00C0
[6274] [M]: 0x0000000080029A60 (0x00C0006F) jal zero, 0xc
mem[X,0x0000000080029A6C] -> 0x5663
mem[X,0x0000000080029A6E] -> 0x00B5
[6275] [M]: 0x0000000080029A6C (0x00B55663) bge a0, a1, 0xc
mem[X,0x0000000080029A70] -> 0x0113
mem[X,0x0000000080029A72] -> 0x0021
[6276] [M]: 0x0000000080029A70 (0x00210113) addi sp, sp, 0x2
x2 <- 0x0000000000000002
mem[X,0x0000000080029A74] -> 0x006F
mem[X,0x0000000080029A76] -> 0x00C0
[6277] [M]: 0x0000000080029A74 (0x00C0006F) jal zero, 0xc
mem[X,0x0000000080029A80] -> 0xB023
mem[X,0x0000000080029A82] -> 0x4420
[6278] [M]: 0x0000000080029A80 (0x4420B023) sd sp, 0x440(ra)
mem[0x0000000080048E10] <- 0x0000000000000002
mem[X,0x0000000080029A84] -> 0x0513
mem[X,0x0000000080029A86] -> 0x0040
[6279] [M]: 0x0000000080029A84 (0x00400513) addi a0, zero, 0x4
x10 <- 0x0000000000000004
mem[X,0x0000000080029A88] -> 0x0593
mem[X,0x0000000080029A8A] -> 0x0030
[6280] [M]: 0x0000000080029A88 (0x00300593) addi a1, zero, 0x3
x11 <- 0x0000000000000003
mem[X,0x0000000080029A8C] -> 0x0113
mem[X,0x0000000080029A8E] -> 0x0000
[6281] [M]: 0x0000000080029A8C (0x00000113) addi sp, zero, 0x0
x2 <- 0x0000000000000000
mem[X,0x0000000080029A90] -> 0x006F
mem[X,0x0000000080029A92] -> 0x00C0
[6282] [M]: 0x0000000080029A90 (0x00C0006F) jal zero, 0xc
mem[X,0x0000000080029A9C] -> 0x5663
mem[X,0x0000000080029A9E] -> 0x00B5
[6283] [M]: 0x0000000080029A9C (0x00B55663) bge a0, a1, 0xc
mem[X,0x0000000080029AA8] -> 0x0113
mem[X,0x0000000080029AAA] -> 0x0031
[6284] [M]: 0x0000000080029AA8 (0x00310113) addi sp, sp, 0x3
x2 <- 0x0000000000000003
mem[X,0x0000000080029AAC] -> 0x006F
mem[X,0x0000000080029AAE] -> 0x0040
[6285] [M]: 0x0000000080029AAC (0x0040006F) jal zero, 0x4
mem[X,0x0000000080029AB0] -> 0xB423
mem[X,0x0000000080029AB2] -> 0x4420
[6286] [M]: 0x0000000080029AB0 (0x4420B423) sd sp, 0x448(ra)
mem[0x0000000080048E18] <- 0x0000000000000003
mem[X,0x0000000080029AB4] -> 0x0513
mem[X,0x0000000080029AB6] -> 0x0040
[6287] [M]: 0x0000000080029AB4 (0x00400513) addi a0, zero, 0x4
x10 <- 0x0000000000000004
mem[X,0x0000000080029AB8] -> 0x55B7
mem[X,0x0000000080029ABA] -> 0x5555
[6288] [M]: 0x0000000080029AB8 (0x555555B7) lui a1, 0x55555
x11 <- 0x0000000055555000
mem[X,0x0000000080029ABC] -> 0x8593
mem[X,0x0000000080029ABE] -> 0x5555
[6289] [M]: 0x0000000080029ABC (0x55558593) addi a1, a1, 0x555
x11 <- 0x0000000055555555
mem[X,0x0000000080029AC0] -> 0x9593
mem[X,0x0000000080029AC2] -> 0x00B5
[6290] [M]: 0x0000000080029AC0 (0x00B59593) slli a1, a1, 0xb
x11 <- 0x000002AAAAAAA800
mem[X,0x0000000080029AC4] -> 0x8593
mem[X,0x0000000080029AC6] -> 0x2AA5
[6291] [M]: 0x0000000080029AC4 (0x2AA58593) addi a1, a1, 0x2aa
x11 <- 0x000002AAAAAAAAAA
mem[X,0x0000000080029AC8] -> 0x9593
mem[X,0x0000000080029ACA] -> 0x00B5
[6292] [M]: 0x0000000080029AC8 (0x00B59593) slli a1, a1, 0xb
x11 <- 0x0015555555555000
mem[X,0x0000000080029ACC] -> 0x8593
mem[X,0x0000000080029ACE] -> 0x5555
[6293] [M]: 0x0000000080029ACC (0x55558593) addi a1, a1, 0x555
x11 <- 0x0015555555555555
mem[X,0x0000000080029AD0] -> 0x9593
mem[X,0x0000000080029AD2] -> 0x00A5
[6294] [M]: 0x0000000080029AD0 (0x00A59593) slli a1, a1, 0xa
x11 <- 0x5555555555555400
mem[X,0x0000000080029AD4] -> 0x8593
mem[X,0x0000000080029AD6] -> 0x1555
[6295] [M]: 0x0000000080029AD4 (0x15558593) addi a1, a1, 0x155
x11 <- 0x5555555555555555
mem[X,0x0000000080029AD8] -> 0x0113
mem[X,0x0000000080029ADA] -> 0x0000
[6296] [M]: 0x0000000080029AD8 (0x00000113) addi sp, zero, 0x0
x2 <- 0x0000000000000000
mem[X,0x0000000080029ADC] -> 0x006F
mem[X,0x0000000080029ADE] -> 0x00C0
[6297] [M]: 0x0000000080029ADC (0x00C0006F) jal zero, 0xc
mem[X,0x0000000080029AE8] -> 0x5663
mem[X,0x0000000080029AEA] -> 0x00B5
[6298] [M]: 0x0000000080029AE8 (0x00B55663) bge a0, a1, 0xc
mem[X,0x0000000080029AEC] -> 0x0113
mem[X,0x0000000080029AEE] -> 0x0021
[6299] [M]: 0x0000000080029AEC (0x00210113) addi sp, sp, 0x2
x2 <- 0x0000000000000002
clint::tick mtime <- 0x000000000000003F
 clint timer pending at mtime 0x000000000000003F
htif::tick 0x0000000000000000
mem[X,0x0000000080029AF0] -> 0x006F
mem[X,0x0000000080029AF2] -> 0x00C0
[6300] [M]: 0x0000000080029AF0 (0x00C0006F) jal zero, 0xc
mem[X,0x0000000080029AFC] -> 0xB823
mem[X,0x0000000080029AFE] -> 0x4420
[6301] [M]: 0x0000000080029AFC (0x4420B823) sd sp, 0x450(ra)
mem[0x0000000080048E20] <- 0x0000000000000002
mem[X,0x0000000080029B00] -> 0x0513
mem[X,0x0000000080029B02] -> 0x0040
[6302] [M]: 0x0000000080029B00 (0x00400513) addi a0, zero, 0x4
x10 <- 0x0000000000000004
mem[X,0x0000000080029B04] -> 0xB5B7
mem[X,0x0000000080029B06] -> 0xAAAA
[6303] [M]: 0x0000000080029B04 (0xAAAAB5B7) lui a1, -0x55555
x11 <- 0xFFFFFFFFAAAAB000
mem[X,0x0000000080029B08] -> 0x8593
mem[X,0x0000000080029B0A] -> 0xAAA5
[6304] [M]: 0x0000000080029B08 (0xAAA58593) addi a1, a1, -0x556
x11 <- 0xFFFFFFFFAAAAAAAA
mem[X,0x0000000080029B0C] -> 0x9593
mem[X,0x0000000080029B0E] -> 0x00B5
[6305] [M]: 0x0000000080029B0C (0x00B59593) slli a1, a1, 0xb
x11 <- 0xFFFFFD5555555000
mem[X,0x0000000080029B10] -> 0x8593
mem[X,0x0000000080029B12] -> 0x5555
[6306] [M]: 0x0000000080029B10 (0x55558593) addi a1, a1, 0x555
x11 <- 0xFFFFFD5555555555
mem[X,0x0000000080029B14] -> 0x9593
mem[X,0x0000000080029B16] -> 0x00B5
[6307] [M]: 0x0000000080029B14 (0x00B59593) slli a1, a1, 0xb
x11 <- 0xFFEAAAAAAAAAA800
mem[X,0x0000000080029B18] -> 0x8593
mem[X,0x0000000080029B1A] -> 0x2AA5
[6308] [M]: 0x0000000080029B18 (0x2AA58593) addi a1, a1, 0x2aa
x11 <- 0xFFEAAAAAAAAAAAAA
mem[X,0x0000000080029B1C] -> 0x9593
mem[X,0x0000000080029B1E] -> 0x00A5
[6309] [M]: 0x0000000080029B1C (0x00A59593) slli a1, a1, 0xa
x11 <- 0xAAAAAAAAAAAAA800
mem[X,0x0000000080029B20] -> 0x8593
mem[X,0x0000000080029B22] -> 0x2AA5
[6310] [M]: 0x0000000080029B20 (0x2AA58593) addi a1, a1, 0x2aa
x11 <- 0xAAAAAAAAAAAAAAAA
mem[X,0x0000000080029B24] -> 0x0113
mem[X,0x0000000080029B26] -> 0x0000
[6311] [M]: 0x0000000080029B24 (0x00000113) addi sp, zero, 0x0
x2 <- 0x0000000000000000
mem[X,0x0000000080029B28] -> 0x006F
mem[X,0x0000000080029B2A] -> 0x0050
[6312] [M]: 0x0000000080029B28 (0x0050006F) jal zero, 0x804
mem[X,0x000000008002A32C] -> 0x50E3
mem[X,0x000000008002A32E] -> 0x80B5
[6313] [M]: 0x000000008002A32C (0x80B550E3) bge a0, a1, -0x800
mem[X,0x0000000080029B2C] -> 0x0113
mem[X,0x0000000080029B2E] -> 0x0011
[6314] [M]: 0x0000000080029B2C (0x00110113) addi sp, sp, 0x1
x2 <- 0x0000000000000001
mem[X,0x0000000080029B30] -> 0x006F
mem[X,0x0000000080029B32] -> 0x0110
[6315] [M]: 0x0000000080029B30 (0x0110006F) jal zero, 0x810
mem[X,0x000000008002A340] -> 0xBC23
mem[X,0x000000008002A342] -> 0x4420
[6316] [M]: 0x000000008002A340 (0x4420BC23) sd sp, 0x458(ra)
mem[0x0000000080048E28] <- 0x0000000000000001
mem[X,0x000000008002A344] -> 0x0513
mem[X,0x000000008002A346] -> 0x0040
[6317] [M]: 0x000000008002A344 (0x00400513) addi a0, zero, 0x4
x10 <- 0x0000000000000004
mem[X,0x000000008002A348] -> 0x0593
mem[X,0x000000008002A34A] -> 0x0050
[6318] [M]: 0x000000008002A348 (0x00500593) addi a1, zero, 0x5
x11 <- 0x0000000000000005
mem[X,0x000000008002A34C] -> 0x0113
mem[X,0x000000008002A34E] -> 0x0000
[6319] [M]: 0x000000008002A34C (0x00000113) addi sp, zero, 0x0
x2 <- 0x0000000000000000
mem[X,0x000000008002A350] -> 0x006F
mem[X,0x000000008002A352] -> 0x00C0
[6320] [M]: 0x000000008002A350 (0x00C0006F) jal zero, 0xc
mem[X,0x000000008002A35C] -> 0x5063
mem[X,0x000000008002A35E] -> 0x08B5
[6321] [M]: 0x000000008002A35C (0x08B55063) bge a0, a1, 0x80
mem[X,0x000000008002A360] -> 0x0113
mem[X,0x000000008002A362] -> 0x0021
[6322] [M]: 0x000000008002A360 (0x00210113) addi sp, sp, 0x2
x2 <- 0x0000000000000002
mem[X,0x000000008002A364] -> 0x006F
mem[X,0x000000008002A366] -> 0x0800
[6323] [M]: 0x000000008002A364 (0x0800006F) jal zero, 0x80
mem[X,0x000000008002A3E4] -> 0xB023
mem[X,0x000000008002A3E6] -> 0x4620
[6324] [M]: 0x000000008002A3E4 (0x4620B023) sd sp, 0x460(ra)
mem[0x0000000080048E30] <- 0x0000000000000002
mem[X,0x000000008002A3E8] -> 0x0513
mem[X,0x000000008002A3EA] -> 0x0040
[6325] [M]: 0x000000008002A3E8 (0x00400513) addi a0, zero, 0x4
x10 <- 0x0000000000000004
mem[X,0x000000008002A3EC] -> 0x35B7
mem[X,0x000000008002A3EE] -> 0x3333
[6326] [M]: 0x000000008002A3EC (0x333335B7) lui a1, 0x33333
x11 <- 0x0000000033333000
mem[X,0x000000008002A3F0] -> 0x8593
mem[X,0x000000008002A3F2] -> 0x3335
[6327] [M]: 0x000000008002A3F0 (0x33358593) addi a1, a1, 0x333
x11 <- 0x0000000033333333
mem[X,0x000000008002A3F4] -> 0x9593
mem[X,0x000000008002A3F6] -> 0x00B5
[6328] [M]: 0x000000008002A3F4 (0x00B59593) slli a1, a1, 0xb
x11 <- 0x0000019999999800
mem[X,0x000000008002A3F8] -> 0x8593
mem[X,0x000000008002A3FA] -> 0x1995
[6329] [M]: 0x000000008002A3F8 (0x19958593) addi a1, a1, 0x199
x11 <- 0x0000019999999999
mem[X,0x000000008002A3FC] -> 0x9593
mem[X,0x000000008002A3FE] -> 0x00B5
[6330] [M]: 0x000000008002A3FC (0x00B59593) slli a1, a1, 0xb
x11 <- 0x000CCCCCCCCCC800
mem[X,0x000000008002A400] -> 0x8593
mem[X,0x000000008002A402] -> 0x4CC5
[6331] [M]: 0x000000008002A400 (0x4CC58593) addi a1, a1, 0x4cc
x11 <- 0x000CCCCCCCCCCCCC
mem[X,0x000000008002A404] -> 0x9593
mem[X,0x000000008002A406] -> 0x00A5
[6332] [M]: 0x000000008002A404 (0x00A59593) slli a1, a1, 0xa
x11 <- 0x3333333333333000
mem[X,0x000000008002A408] -> 0x8593
mem[X,0x000000008002A40A] -> 0x3335
[6333] [M]: 0x000000008002A408 (0x33358593) addi a1, a1, 0x333
x11 <- 0x3333333333333333
mem[X,0x000000008002A40C] -> 0x0113
mem[X,0x000000008002A40E] -> 0x0000
[6334] [M]: 0x000000008002A40C (0x00000113) addi sp, zero, 0x0
x2 <- 0x0000000000000000
mem[X,0x000000008002A410] -> 0x006F
mem[X,0x000000008002A412] -> 0x00C0
[6335] [M]: 0x000000008002A410 (0x00C0006F) jal zero, 0xc
mem[X,0x000000008002A41C] -> 0x5663
mem[X,0x000000008002A41E] -> 0x00B5
[6336] [M]: 0x000000008002A41C (0x00B55663) bge a0, a1, 0xc
mem[X,0x000000008002A420] -> 0x0113
mem[X,0x000000008002A422] -> 0x0021
[6337] [M]: 0x000000008002A420 (0x00210113) addi sp, sp, 0x2
x2 <- 0x0000000000000002
mem[X,0x000000008002A424] -> 0x006F
mem[X,0x000000008002A426] -> 0x00C0
[6338] [M]: 0x000000008002A424 (0x00C0006F) jal zero, 0xc
mem[X,0x000000008002A430] -> 0xB423
mem[X,0x000000008002A432] -> 0x4620
[6339] [M]: 0x000000008002A430 (0x4620B423) sd sp, 0x468(ra)
mem[0x0000000080048E38] <- 0x0000000000000002
mem[X,0x000000008002A434] -> 0x0513
mem[X,0x000000008002A436] -> 0x0040
[6340] [M]: 0x000000008002A434 (0x00400513) addi a0, zero, 0x4
x10 <- 0x0000000000000004
mem[X,0x000000008002A438] -> 0x65B7
mem[X,0x000000008002A43A] -> 0x6666
[6341] [M]: 0x000000008002A438 (0x666665B7) lui a1, 0x66666
x11 <- 0x0000000066666000
mem[X,0x000000008002A43C] -> 0x8593
mem[X,0x000000008002A43E] -> 0x6665
[6342] [M]: 0x000000008002A43C (0x66658593) addi a1, a1, 0x666
x11 <- 0x0000000066666666
mem[X,0x000000008002A440] -> 0x9593
mem[X,0x000000008002A442] -> 0x00B5
[6343] [M]: 0x000000008002A440 (0x00B59593) slli a1, a1, 0xb
x11 <- 0x0000033333333000
mem[X,0x000000008002A444] -> 0x8593
mem[X,0x000000008002A446] -> 0x3335
[6344] [M]: 0x000000008002A444 (0x33358593) addi a1, a1, 0x333
x11 <- 0x0000033333333333
mem[X,0x000000008002A448] -> 0x9593
mem[X,0x000000008002A44A] -> 0x00B5
[6345] [M]: 0x000000008002A448 (0x00B59593) slli a1, a1, 0xb
x11 <- 0x0019999999999800
mem[X,0x000000008002A44C] -> 0x8593
mem[X,0x000000008002A44E] -> 0x1995
[6346] [M]: 0x000000008002A44C (0x19958593) addi a1, a1, 0x199
x11 <- 0x0019999999999999
mem[X,0x000000008002A450] -> 0x9593
mem[X,0x000000008002A452] -> 0x00A5
[6347] [M]: 0x000000008002A450 (0x00A59593) slli a1, a1, 0xa
x11 <- 0x6666666666666400
mem[X,0x000000008002A454] -> 0x8593
mem[X,0x000000008002A456] -> 0x2665
[6348] [M]: 0x000000008002A454 (0x26658593) addi a1, a1, 0x266
x11 <- 0x6666666666666666
mem[X,0x000000008002A458] -> 0x0113
mem[X,0x000000008002A45A] -> 0x0000
[6349] [M]: 0x000000008002A458 (0x00000113) addi sp, zero, 0x0
x2 <- 0x0000000000000000
mem[X,0x000000008002A45C] -> 0x006F
mem[X,0x000000008002A45E] -> 0x00C0
[6350] [M]: 0x000000008002A45C (0x00C0006F) jal zero, 0xc
mem[X,0x000000008002A468] -> 0x5063
mem[X,0x000000008002A46A] -> 0x08B5
[6351] [M]: 0x000000008002A468 (0x08B55063) bge a0, a1, 0x80
mem[X,0x000000008002A46C] -> 0x0113
mem[X,0x000000008002A46E] -> 0x0021
[6352] [M]: 0x000000008002A46C (0x00210113) addi sp, sp, 0x2
x2 <- 0x0000000000000002
mem[X,0x000000008002A470] -> 0x006F
mem[X,0x000000008002A472] -> 0x0800
[6353] [M]: 0x000000008002A470 (0x0800006F) jal zero, 0x80
mem[X,0x000000008002A4F0] -> 0xB823
mem[X,0x000000008002A4F2] -> 0x4620
[6354] [M]: 0x000000008002A4F0 (0x4620B823) sd sp, 0x470(ra)
mem[0x0000000080048E40] <- 0x0000000000000002
mem[X,0x000000008002A4F4] -> 0x0513
mem[X,0x000000008002A4F6] -> 0x0040
[6355] [M]: 0x000000008002A4F4 (0x00400513) addi a0, zero, 0x4
x10 <- 0x0000000000000004
mem[X,0x000000008002A4F8] -> 0x05B7
mem[X,0x000000008002A4FA] -> 0x0000
[6356] [M]: 0x000000008002A4F8 (0x000005B7) lui a1, 0x0
x11 <- 0x0000000000000000
mem[X,0x000000008002A4FC] -> 0x8593
mem[X,0x000000008002A4FE] -> 0xFFF5
[6357] [M]: 0x000000008002A4FC (0xFFF58593) addi a1, a1, -0x1
x11 <- 0xFFFFFFFFFFFFFFFF
mem[X,0x000000008002A500] -> 0x9593
mem[X,0x000000008002A502] -> 0x00B5
[6358] [M]: 0x000000008002A500 (0x00B59593) slli a1, a1, 0xb
x11 <- 0xFFFFFFFFFFFFF800
mem[X,0x000000008002A504] -> 0x8593
mem[X,0x000000008002A506] -> 0x2575
[6359] [M]: 0x000000008002A504 (0x25758593) addi a1, a1, 0x257
x11 <- 0xFFFFFFFFFFFFFA57
mem[X,0x000000008002A508] -> 0x9593
mem[X,0x000000008002A50A] -> 0x00B5
[6360] [M]: 0x000000008002A508 (0x00B59593) slli a1, a1, 0xb
x11 <- 0xFFFFFFFFFFD2B800
mem[X,0x000000008002A50C] -> 0x8593
mem[X,0x000000008002A50E] -> 0x6C35
[6361] [M]: 0x000000008002A50C (0x6C358593) addi a1, a1, 0x6c3
x11 <- 0xFFFFFFFFFFD2BEC3
mem[X,0x000000008002A510] -> 0x9593
mem[X,0x000000008002A512] -> 0x00A5
[6362] [M]: 0x000000008002A510 (0x00A59593) slli a1, a1, 0xa
x11 <- 0xFFFFFFFF4AFB0C00
mem[X,0x000000008002A514] -> 0x8593
mem[X,0x000000008002A516] -> 0x0CD5
[6363] [M]: 0x000000008002A514 (0x0CD58593) addi a1, a1, 0xcd
x11 <- 0xFFFFFFFF4AFB0CCD
mem[X,0x000000008002A518] -> 0x0113
mem[X,0x000000008002A51A] -> 0x0000
[6364] [M]: 0x000000008002A518 (0x00000113) addi sp, zero, 0x0
x2 <- 0x0000000000000000
mem[X,0x000000008002A51C] -> 0x006F
mem[X,0x000000008002A51E] -> 0x00C0
[6365] [M]: 0x000000008002A51C (0x00C0006F) jal zero, 0xc
mem[X,0x000000008002A528] -> 0x5CE3
mem[X,0x000000008002A52A] -> 0xFEB5
[6366] [M]: 0x000000008002A528 (0xFEB55CE3) bge a0, a1, -0x8
mem[X,0x000000008002A520] -> 0x0113
mem[X,0x000000008002A522] -> 0x0011
[6367] [M]: 0x000000008002A520 (0x00110113) addi sp, sp, 0x1
x2 <- 0x0000000000000001
mem[X,0x000000008002A524] -> 0x006F
mem[X,0x000000008002A526] -> 0x0180
[6368] [M]: 0x000000008002A524 (0x0180006F) jal zero, 0x18
mem[X,0x000000008002A53C] -> 0xBC23
mem[X,0x000000008002A53E] -> 0x4620
[6369] [M]: 0x000000008002A53C (0x4620BC23) sd sp, 0x478(ra)
mem[0x0000000080048E48] <- 0x0000000000000001
mem[X,0x000000008002A540] -> 0x0513
mem[X,0x000000008002A542] -> 0x0040
[6370] [M]: 0x000000008002A540 (0x00400513) addi a0, zero, 0x4
x10 <- 0x0000000000000004
mem[X,0x000000008002A544] -> 0x05B7
mem[X,0x000000008002A546] -> 0x0000
[6371] [M]: 0x000000008002A544 (0x000005B7) lui a1, 0x0
x11 <- 0x0000000000000000
mem[X,0x000000008002A548] -> 0x8593
mem[X,0x000000008002A54A] -> 0x0005
[6372] [M]: 0x000000008002A548 (0x00058593) addi a1, a1, 0x0
x11 <- 0x0000000000000000
mem[X,0x000000008002A54C] -> 0x9593
mem[X,0x000000008002A54E] -> 0x00B5
[6373] [M]: 0x000000008002A54C (0x00B59593) slli a1, a1, 0xb
x11 <- 0x0000000000000000
mem[X,0x000000008002A550] -> 0x8593
mem[X,0x000000008002A552] -> 0x5A85
[6374] [M]: 0x000000008002A550 (0x5A858593) addi a1, a1, 0x5a8
x11 <- 0x00000000000005A8
mem[X,0x000000008002A554] -> 0x9593
mem[X,0x000000008002A556] -> 0x00B5
[6375] [M]: 0x000000008002A554 (0x00B59593) slli a1, a1, 0xb
x11 <- 0x00000000002D4000
mem[X,0x000000008002A558] -> 0x8593
mem[X,0x000000008002A55A] -> 0x13C5
[6376] [M]: 0x000000008002A558 (0x13C58593) addi a1, a1, 0x13c
x11 <- 0x00000000002D413C
mem[X,0x000000008002A55C] -> 0x9593
mem[X,0x000000008002A55E] -> 0x00A5
[6377] [M]: 0x000000008002A55C (0x00A59593) slli a1, a1, 0xa
x11 <- 0x00000000B504F000
mem[X,0x000000008002A560] -> 0x8593
mem[X,0x000000008002A562] -> 0x3335
[6378] [M]: 0x000000008002A560 (0x33358593) addi a1, a1, 0x333
x11 <- 0x00000000B504F333
mem[X,0x000000008002A564] -> 0x0113
mem[X,0x000000008002A566] -> 0x0000
[6379] [M]: 0x000000008002A564 (0x00000113) addi sp, zero, 0x0
x2 <- 0x0000000000000000
mem[X,0x000000008002A568] -> 0x006F
mem[X,0x000000008002A56A] -> 0x00C0
[6380] [M]: 0x000000008002A568 (0x00C0006F) jal zero, 0xc
mem[X,0x000000008002A574] -> 0x5063
mem[X,0x000000008002A576] -> 0x40B5
[6381] [M]: 0x000000008002A574 (0x40B55063) bge a0, a1, 0x400
mem[X,0x000000008002A578] -> 0x0113
mem[X,0x000000008002A57A] -> 0x0021
[6382] [M]: 0x000000008002A578 (0x00210113) addi sp, sp, 0x2
x2 <- 0x0000000000000002
mem[X,0x000000008002A57C] -> 0x006F
mem[X,0x000000008002A57E] -> 0x4000
[6383] [M]: 0x000000008002A57C (0x4000006F) jal zero, 0x400
mem[X,0x000000008002A97C] -> 0xB023
mem[X,0x000000008002A97E] -> 0x4820
[6384] [M]: 0x000000008002A97C (0x4820B023) sd sp, 0x480(ra)
mem[0x0000000080048E50] <- 0x0000000000000002
mem[X,0x000000008002A980] -> 0x0513
mem[X,0x000000008002A982] -> 0x0040
[6385] [M]: 0x000000008002A980 (0x00400513) addi a0, zero, 0x4
x10 <- 0x0000000000000004
mem[X,0x000000008002A984] -> 0x0593
mem[X,0x000000008002A986] -> 0x0020
[6386] [M]: 0x000000008002A984 (0x00200593) addi a1, zero, 0x2
x11 <- 0x0000000000000002
mem[X,0x000000008002A988] -> 0x0113
mem[X,0x000000008002A98A] -> 0x0000
[6387] [M]: 0x000000008002A988 (0x00000113) addi sp, zero, 0x0
x2 <- 0x0000000000000000
mem[X,0x000000008002A98C] -> 0x006F
mem[X,0x000000008002A98E] -> 0x00C0
[6388] [M]: 0x000000008002A98C (0x00C0006F) jal zero, 0xc
mem[X,0x000000008002A998] -> 0x5063
mem[X,0x000000008002A99A] -> 0x04B5
[6389] [M]: 0x000000008002A998 (0x04B55063) bge a0, a1, 0x40
mem[X,0x000000008002A9D8] -> 0x0113
mem[X,0x000000008002A9DA] -> 0x0031
[6390] [M]: 0x000000008002A9D8 (0x00310113) addi sp, sp, 0x3
x2 <- 0x0000000000000003
mem[X,0x000000008002A9DC] -> 0x006F
mem[X,0x000000008002A9DE] -> 0x0040
[6391] [M]: 0x000000008002A9DC (0x0040006F) jal zero, 0x4
mem[X,0x000000008002A9E0] -> 0xB423
mem[X,0x000000008002A9E2] -> 0x4820
[6392] [M]: 0x000000008002A9E0 (0x4820B423) sd sp, 0x488(ra)
mem[0x0000000080048E58] <- 0x0000000000000003
mem[X,0x000000008002A9E4] -> 0x0513
mem[X,0x000000008002A9E6] -> 0x0040
[6393] [M]: 0x000000008002A9E4 (0x00400513) addi a0, zero, 0x4
x10 <- 0x0000000000000004
mem[X,0x000000008002A9E8] -> 0x55B7
mem[X,0x000000008002A9EA] -> 0x5555
[6394] [M]: 0x000000008002A9E8 (0x555555B7) lui a1, 0x55555
x11 <- 0x0000000055555000
mem[X,0x000000008002A9EC] -> 0x8593
mem[X,0x000000008002A9EE] -> 0x5555
[6395] [M]: 0x000000008002A9EC (0x55558593) addi a1, a1, 0x555
x11 <- 0x0000000055555555
mem[X,0x000000008002A9F0] -> 0x9593
mem[X,0x000000008002A9F2] -> 0x00B5
[6396] [M]: 0x000000008002A9F0 (0x00B59593) slli a1, a1, 0xb
x11 <- 0x000002AAAAAAA800
mem[X,0x000000008002A9F4] -> 0x8593
mem[X,0x000000008002A9F6] -> 0x2AA5
[6397] [M]: 0x000000008002A9F4 (0x2AA58593) addi a1, a1, 0x2aa
x11 <- 0x000002AAAAAAAAAA
mem[X,0x000000008002A9F8] -> 0x9593
mem[X,0x000000008002A9FA] -> 0x00B5
[6398] [M]: 0x000000008002A9F8 (0x00B59593) slli a1, a1, 0xb
x11 <- 0x0015555555555000
mem[X,0x000000008002A9FC] -> 0x8593
mem[X,0x000000008002A9FE] -> 0x5555
[6399] [M]: 0x000000008002A9FC (0x55558593) addi a1, a1, 0x555
x11 <- 0x0015555555555555
clint::tick mtime <- 0x0000000000000040
 clint timer pending at mtime 0x0000000000000040
htif::tick 0x0000000000000000
mem[X,0x000000008002AA00] -> 0x9593
mem[X,0x000000008002AA02] -> 0x00A5
[6400] [M]: 0x000000008002AA00 (0x00A59593) slli a1, a1, 0xa
x11 <- 0x5555555555555400
mem[X,0x000000008002AA04] -> 0x8593
mem[X,0x000000008002AA06] -> 0x1545
[6401] [M]: 0x000000008002AA04 (0x15458593) addi a1, a1, 0x154
x11 <- 0x5555555555555554
mem[X,0x000000008002AA08] -> 0x0113
mem[X,0x000000008002AA0A] -> 0x0000
[6402] [M]: 0x000000008002AA08 (0x00000113) addi sp, zero, 0x0
x2 <- 0x0000000000000000
mem[X,0x000000008002AA0C] -> 0x006F
mem[X,0x000000008002AA0E] -> 0x0140
[6403] [M]: 0x000000008002AA0C (0x0140006F) jal zero, 0x14
mem[X,0x000000008002AA20] -> 0x58E3
mem[X,0x000000008002AA22] -> 0xFEB5
[6404] [M]: 0x000000008002AA20 (0xFEB558E3) bge a0, a1, -0x10
mem[X,0x000000008002AA24] -> 0x0113
mem[X,0x000000008002AA26] -> 0x0021
[6405] [M]: 0x000000008002AA24 (0x00210113) addi sp, sp, 0x2
x2 <- 0x0000000000000002
mem[X,0x000000008002AA28] -> 0x006F
mem[X,0x000000008002AA2A] -> 0x00C0
[6406] [M]: 0x000000008002AA28 (0x00C0006F) jal zero, 0xc
mem[X,0x000000008002AA34] -> 0xB823
mem[X,0x000000008002AA36] -> 0x4820
[6407] [M]: 0x000000008002AA34 (0x4820B823) sd sp, 0x490(ra)
mem[0x0000000080048E60] <- 0x0000000000000002
mem[X,0x000000008002AA38] -> 0x0513
mem[X,0x000000008002AA3A] -> 0x0040
[6408] [M]: 0x000000008002AA38 (0x00400513) addi a0, zero, 0x4
x10 <- 0x0000000000000004
mem[X,0x000000008002AA3C] -> 0x0593
mem[X,0x000000008002AA3E] -> 0x0000
[6409] [M]: 0x000000008002AA3C (0x00000593) addi a1, zero, 0x0
x11 <- 0x0000000000000000
mem[X,0x000000008002AA40] -> 0x0113
mem[X,0x000000008002AA42] -> 0x0000
[6410] [M]: 0x000000008002AA40 (0x00000113) addi sp, zero, 0x0
x2 <- 0x0000000000000000
mem[X,0x000000008002AA44] -> 0x006F
mem[X,0x000000008002AA46] -> 0x00C0
[6411] [M]: 0x000000008002AA44 (0x00C0006F) jal zero, 0xc
mem[X,0x000000008002AA50] -> 0x5663
mem[X,0x000000008002AA52] -> 0x00B5
[6412] [M]: 0x000000008002AA50 (0x00B55663) bge a0, a1, 0xc
mem[X,0x000000008002AA5C] -> 0x0113
mem[X,0x000000008002AA5E] -> 0x0031
[6413] [M]: 0x000000008002AA5C (0x00310113) addi sp, sp, 0x3
x2 <- 0x0000000000000003
mem[X,0x000000008002AA60] -> 0x006F
mem[X,0x000000008002AA62] -> 0x0040
[6414] [M]: 0x000000008002AA60 (0x0040006F) jal zero, 0x4
mem[X,0x000000008002AA64] -> 0xBC23
mem[X,0x000000008002AA66] -> 0x4820
[6415] [M]: 0x000000008002AA64 (0x4820BC23) sd sp, 0x498(ra)
mem[0x0000000080048E68] <- 0x0000000000000003
mem[X,0x000000008002AA68] -> 0x0513
mem[X,0x000000008002AA6A] -> 0x0040
[6416] [M]: 0x000000008002AA68 (0x00400513) addi a0, zero, 0x4
x10 <- 0x0000000000000004
mem[X,0x000000008002AA6C] -> 0x0593
mem[X,0x000000008002AA6E] -> 0x0040
[6417] [M]: 0x000000008002AA6C (0x00400593) addi a1, zero, 0x4
x11 <- 0x0000000000000004
mem[X,0x000000008002AA70] -> 0x0113
mem[X,0x000000008002AA72] -> 0x0000
[6418] [M]: 0x000000008002AA70 (0x00000113) addi sp, zero, 0x0
x2 <- 0x0000000000000000
mem[X,0x000000008002AA74] -> 0x006F
mem[X,0x000000008002AA76] -> 0x00C0
[6419] [M]: 0x000000008002AA74 (0x00C0006F) jal zero, 0xc
mem[X,0x000000008002AA80] -> 0x5663
mem[X,0x000000008002AA82] -> 0x00B5
[6420] [M]: 0x000000008002AA80 (0x00B55663) bge a0, a1, 0xc
mem[X,0x000000008002AA8C] -> 0x0113
mem[X,0x000000008002AA8E] -> 0x0031
[6421] [M]: 0x000000008002AA8C (0x00310113) addi sp, sp, 0x3
x2 <- 0x0000000000000003
mem[X,0x000000008002AA90] -> 0x006F
mem[X,0x000000008002AA92] -> 0x0040
[6422] [M]: 0x000000008002AA90 (0x0040006F) jal zero, 0x4
mem[X,0x000000008002AA94] -> 0xB023
mem[X,0x000000008002AA96] -> 0x4A20
[6423] [M]: 0x000000008002AA94 (0x4A20B023) sd sp, 0x4a0(ra)
mem[0x0000000080048E70] <- 0x0000000000000003
mem[X,0x000000008002AA98] -> 0x0513
mem[X,0x000000008002AA9A] -> 0x0040
[6424] [M]: 0x000000008002AA98 (0x00400513) addi a0, zero, 0x4
x10 <- 0x0000000000000004
mem[X,0x000000008002AA9C] -> 0x35B7
mem[X,0x000000008002AA9E] -> 0x3333
[6425] [M]: 0x000000008002AA9C (0x333335B7) lui a1, 0x33333
x11 <- 0x0000000033333000
mem[X,0x000000008002AAA0] -> 0x8593
mem[X,0x000000008002AAA2] -> 0x3335
[6426] [M]: 0x000000008002AAA0 (0x33358593) addi a1, a1, 0x333
x11 <- 0x0000000033333333
mem[X,0x000000008002AAA4] -> 0x9593
mem[X,0x000000008002AAA6] -> 0x00B5
[6427] [M]: 0x000000008002AAA4 (0x00B59593) slli a1, a1, 0xb
x11 <- 0x0000019999999800
mem[X,0x000000008002AAA8] -> 0x8593
mem[X,0x000000008002AAAA] -> 0x1995
[6428] [M]: 0x000000008002AAA8 (0x19958593) addi a1, a1, 0x199
x11 <- 0x0000019999999999
mem[X,0x000000008002AAAC] -> 0x9593
mem[X,0x000000008002AAAE] -> 0x00B5
[6429] [M]: 0x000000008002AAAC (0x00B59593) slli a1, a1, 0xb
x11 <- 0x000CCCCCCCCCC800
mem[X,0x000000008002AAB0] -> 0x8593
mem[X,0x000000008002AAB2] -> 0x4CC5
[6430] [M]: 0x000000008002AAB0 (0x4CC58593) addi a1, a1, 0x4cc
x11 <- 0x000CCCCCCCCCCCCC
mem[X,0x000000008002AAB4] -> 0x9593
mem[X,0x000000008002AAB6] -> 0x00A5
[6431] [M]: 0x000000008002AAB4 (0x00A59593) slli a1, a1, 0xa
x11 <- 0x3333333333333000
mem[X,0x000000008002AAB8] -> 0x8593
mem[X,0x000000008002AABA] -> 0x3325
[6432] [M]: 0x000000008002AAB8 (0x33258593) addi a1, a1, 0x332
x11 <- 0x3333333333333332
mem[X,0x000000008002AABC] -> 0x0113
mem[X,0x000000008002AABE] -> 0x0000
[6433] [M]: 0x000000008002AABC (0x00000113) addi sp, zero, 0x0
x2 <- 0x0000000000000000
mem[X,0x000000008002AAC0] -> 0x006F
mem[X,0x000000008002AAC2] -> 0x00C0
[6434] [M]: 0x000000008002AAC0 (0x00C0006F) jal zero, 0xc
mem[X,0x000000008002AACC] -> 0x5CE3
mem[X,0x000000008002AACE] -> 0xFEB5
[6435] [M]: 0x000000008002AACC (0xFEB55CE3) bge a0, a1, -0x8
mem[X,0x000000008002AAD0] -> 0x0113
mem[X,0x000000008002AAD2] -> 0x0021
[6436] [M]: 0x000000008002AAD0 (0x00210113) addi sp, sp, 0x2
x2 <- 0x0000000000000002
mem[X,0x000000008002AAD4] -> 0x006F
mem[X,0x000000008002AAD6] -> 0x00C0
[6437] [M]: 0x000000008002AAD4 (0x00C0006F) jal zero, 0xc
mem[X,0x000000008002AAE0] -> 0xB423
mem[X,0x000000008002AAE2] -> 0x4A20
[6438] [M]: 0x000000008002AAE0 (0x4A20B423) sd sp, 0x4a8(ra)
mem[0x0000000080048E78] <- 0x0000000000000002
mem[X,0x000000008002AAE4] -> 0x0513
mem[X,0x000000008002AAE6] -> 0x0040
[6439] [M]: 0x000000008002AAE4 (0x00400513) addi a0, zero, 0x4
x10 <- 0x0000000000000004
mem[X,0x000000008002AAE8] -> 0x65B7
mem[X,0x000000008002AAEA] -> 0x6666
[6440] [M]: 0x000000008002AAE8 (0x666665B7) lui a1, 0x66666
x11 <- 0x0000000066666000
mem[X,0x000000008002AAEC] -> 0x8593
mem[X,0x000000008002AAEE] -> 0x6665
[6441] [M]: 0x000000008002AAEC (0x66658593) addi a1, a1, 0x666
x11 <- 0x0000000066666666
mem[X,0x000000008002AAF0] -> 0x9593
mem[X,0x000000008002AAF2] -> 0x00B5
[6442] [M]: 0x000000008002AAF0 (0x00B59593) slli a1, a1, 0xb
x11 <- 0x0000033333333000
mem[X,0x000000008002AAF4] -> 0x8593
mem[X,0x000000008002AAF6] -> 0x3335
[6443] [M]: 0x000000008002AAF4 (0x33358593) addi a1, a1, 0x333
x11 <- 0x0000033333333333
mem[X,0x000000008002AAF8] -> 0x9593
mem[X,0x000000008002AAFA] -> 0x00B5
[6444] [M]: 0x000000008002AAF8 (0x00B59593) slli a1, a1, 0xb
x11 <- 0x0019999999999800
mem[X,0x000000008002AAFC] -> 0x8593
mem[X,0x000000008002AAFE] -> 0x1995
[6445] [M]: 0x000000008002AAFC (0x19958593) addi a1, a1, 0x199
x11 <- 0x0019999999999999
mem[X,0x000000008002AB00] -> 0x9593
mem[X,0x000000008002AB02] -> 0x00A5
[6446] [M]: 0x000000008002AB00 (0x00A59593) slli a1, a1, 0xa
x11 <- 0x6666666666666400
mem[X,0x000000008002AB04] -> 0x8593
mem[X,0x000000008002AB06] -> 0x2655
[6447] [M]: 0x000000008002AB04 (0x26558593) addi a1, a1, 0x265
x11 <- 0x6666666666666665
mem[X,0x000000008002AB08] -> 0x0113
mem[X,0x000000008002AB0A] -> 0x0000
[6448] [M]: 0x000000008002AB08 (0x00000113) addi sp, zero, 0x0
x2 <- 0x0000000000000000
mem[X,0x000000008002AB0C] -> 0x006F
mem[X,0x000000008002AB0E] -> 0x0180
[6449] [M]: 0x000000008002AB0C (0x0180006F) jal zero, 0x18
mem[X,0x000000008002AB24] -> 0x56E3
mem[X,0x000000008002AB26] -> 0xFEB5
[6450] [M]: 0x000000008002AB24 (0xFEB556E3) bge a0, a1, -0x14
mem[X,0x000000008002AB28] -> 0x0113
mem[X,0x000000008002AB2A] -> 0x0021
[6451] [M]: 0x000000008002AB28 (0x00210113) addi sp, sp, 0x2
x2 <- 0x0000000000000002
mem[X,0x000000008002AB2C] -> 0x006F
mem[X,0x000000008002AB2E] -> 0x00C0
[6452] [M]: 0x000000008002AB2C (0x00C0006F) jal zero, 0xc
mem[X,0x000000008002AB38] -> 0xB823
mem[X,0x000000008002AB3A] -> 0x4A20
[6453] [M]: 0x000000008002AB38 (0x4A20B823) sd sp, 0x4b0(ra)
mem[0x0000000080048E80] <- 0x0000000000000002
mem[X,0x000000008002AB3C] -> 0x0513
mem[X,0x000000008002AB3E] -> 0x0040
[6454] [M]: 0x000000008002AB3C (0x00400513) addi a0, zero, 0x4
x10 <- 0x0000000000000004
mem[X,0x000000008002AB40] -> 0x05B7
mem[X,0x000000008002AB42] -> 0x0000
[6455] [M]: 0x000000008002AB40 (0x000005B7) lui a1, 0x0
x11 <- 0x0000000000000000
mem[X,0x000000008002AB44] -> 0x8593
mem[X,0x000000008002AB46] -> 0x0005
[6456] [M]: 0x000000008002AB44 (0x00058593) addi a1, a1, 0x0
x11 <- 0x0000000000000000
mem[X,0x000000008002AB48] -> 0x9593
mem[X,0x000000008002AB4A] -> 0x00B5
[6457] [M]: 0x000000008002AB48 (0x00B59593) slli a1, a1, 0xb
x11 <- 0x0000000000000000
mem[X,0x000000008002AB4C] -> 0x8593
mem[X,0x000000008002AB4E] -> 0x5A85
[6458] [M]: 0x000000008002AB4C (0x5A858593) addi a1, a1, 0x5a8
x11 <- 0x00000000000005A8
mem[X,0x000000008002AB50] -> 0x9593
mem[X,0x000000008002AB52] -> 0x00B5
[6459] [M]: 0x000000008002AB50 (0x00B59593) slli a1, a1, 0xb
x11 <- 0x00000000002D4000
mem[X,0x000000008002AB54] -> 0x8593
mem[X,0x000000008002AB56] -> 0x13C5
[6460] [M]: 0x000000008002AB54 (0x13C58593) addi a1, a1, 0x13c
x11 <- 0x00000000002D413C
mem[X,0x000000008002AB58] -> 0x9593
mem[X,0x000000008002AB5A] -> 0x00A5
[6461] [M]: 0x000000008002AB58 (0x00A59593) slli a1, a1, 0xa
x11 <- 0x00000000B504F000
mem[X,0x000000008002AB5C] -> 0x8593
mem[X,0x000000008002AB5E] -> 0x3325
[6462] [M]: 0x000000008002AB5C (0x33258593) addi a1, a1, 0x332
x11 <- 0x00000000B504F332
mem[X,0x000000008002AB60] -> 0x0113
mem[X,0x000000008002AB62] -> 0x0000
[6463] [M]: 0x000000008002AB60 (0x00000113) addi sp, zero, 0x0
x2 <- 0x0000000000000000
mem[X,0x000000008002AB64] -> 0x006F
mem[X,0x000000008002AB66] -> 0x0140
[6464] [M]: 0x000000008002AB64 (0x0140006F) jal zero, 0x14
mem[X,0x000000008002AB78] -> 0x58E3
mem[X,0x000000008002AB7A] -> 0xFEB5
[6465] [M]: 0x000000008002AB78 (0xFEB558E3) bge a0, a1, -0x10
mem[X,0x000000008002AB7C] -> 0x0113
mem[X,0x000000008002AB7E] -> 0x0021
[6466] [M]: 0x000000008002AB7C (0x00210113) addi sp, sp, 0x2
x2 <- 0x0000000000000002
mem[X,0x000000008002AB80] -> 0x006F
mem[X,0x000000008002AB82] -> 0x00C0
[6467] [M]: 0x000000008002AB80 (0x00C0006F) jal zero, 0xc
mem[X,0x000000008002AB8C] -> 0xBC23
mem[X,0x000000008002AB8E] -> 0x4A20
[6468] [M]: 0x000000008002AB8C (0x4A20BC23) sd sp, 0x4b8(ra)
mem[0x0000000080048E88] <- 0x0000000000000002
mem[X,0x000000008002AB90] -> 0x0513
mem[X,0x000000008002AB92] -> 0x0040
[6469] [M]: 0x000000008002AB90 (0x00400513) addi a0, zero, 0x4
x10 <- 0x0000000000000004
mem[X,0x000000008002AB94] -> 0x55B7
mem[X,0x000000008002AB96] -> 0x5555
[6470] [M]: 0x000000008002AB94 (0x555555B7) lui a1, 0x55555
x11 <- 0x0000000055555000
mem[X,0x000000008002AB98] -> 0x8593
mem[X,0x000000008002AB9A] -> 0x5555
[6471] [M]: 0x000000008002AB98 (0x55558593) addi a1, a1, 0x555
x11 <- 0x0000000055555555
mem[X,0x000000008002AB9C] -> 0x9593
mem[X,0x000000008002AB9E] -> 0x00B5
[6472] [M]: 0x000000008002AB9C (0x00B59593) slli a1, a1, 0xb
x11 <- 0x000002AAAAAAA800
mem[X,0x000000008002ABA0] -> 0x8593
mem[X,0x000000008002ABA2] -> 0x2AA5
[6473] [M]: 0x000000008002ABA0 (0x2AA58593) addi a1, a1, 0x2aa
x11 <- 0x000002AAAAAAAAAA
mem[X,0x000000008002ABA4] -> 0x9593
mem[X,0x000000008002ABA6] -> 0x00B5
[6474] [M]: 0x000000008002ABA4 (0x00B59593) slli a1, a1, 0xb
x11 <- 0x0015555555555000
mem[X,0x000000008002ABA8] -> 0x8593
mem[X,0x000000008002ABAA] -> 0x5555
[6475] [M]: 0x000000008002ABA8 (0x55558593) addi a1, a1, 0x555
x11 <- 0x0015555555555555
mem[X,0x000000008002ABAC] -> 0x9593
mem[X,0x000000008002ABAE] -> 0x00A5
[6476] [M]: 0x000000008002ABAC (0x00A59593) slli a1, a1, 0xa
x11 <- 0x5555555555555400
mem[X,0x000000008002ABB0] -> 0x8593
mem[X,0x000000008002ABB2] -> 0x1565
[6477] [M]: 0x000000008002ABB0 (0x15658593) addi a1, a1, 0x156
x11 <- 0x5555555555555556
mem[X,0x000000008002ABB4] -> 0x0113
mem[X,0x000000008002ABB6] -> 0x0000
[6478] [M]: 0x000000008002ABB4 (0x00000113) addi sp, zero, 0x0
x2 <- 0x0000000000000000
mem[X,0x000000008002ABB8] -> 0x006F
mem[X,0x000000008002ABBA] -> 0x00C0
[6479] [M]: 0x000000008002ABB8 (0x00C0006F) jal zero, 0xc
mem[X,0x000000008002ABC4] -> 0x5863
mem[X,0x000000008002ABC6] -> 0x00B5
[6480] [M]: 0x000000008002ABC4 (0x00B55863) bge a0, a1, 0x10
mem[X,0x000000008002ABC8] -> 0x0113
mem[X,0x000000008002ABCA] -> 0x0021
[6481] [M]: 0x000000008002ABC8 (0x00210113) addi sp, sp, 0x2
x2 <- 0x0000000000000002
mem[X,0x000000008002ABCC] -> 0x006F
mem[X,0x000000008002ABCE] -> 0x0100
[6482] [M]: 0x000000008002ABCC (0x0100006F) jal zero, 0x10
mem[X,0x000000008002ABDC] -> 0xB023
mem[X,0x000000008002ABDE] -> 0x4C20
[6483] [M]: 0x000000008002ABDC (0x4C20B023) sd sp, 0x4c0(ra)
mem[0x0000000080048E90] <- 0x0000000000000002
mem[X,0x000000008002ABE0] -> 0x0513
mem[X,0x000000008002ABE2] -> 0x0040
[6484] [M]: 0x000000008002ABE0 (0x00400513) addi a0, zero, 0x4
x10 <- 0x0000000000000004
mem[X,0x000000008002ABE4] -> 0xB5B7
mem[X,0x000000008002ABE6] -> 0xAAAA
[6485] [M]: 0x000000008002ABE4 (0xAAAAB5B7) lui a1, -0x55555
x11 <- 0xFFFFFFFFAAAAB000
mem[X,0x000000008002ABE8] -> 0x8593
mem[X,0x000000008002ABEA] -> 0xAAA5
[6486] [M]: 0x000000008002ABE8 (0xAAA58593) addi a1, a1, -0x556
x11 <- 0xFFFFFFFFAAAAAAAA
mem[X,0x000000008002ABEC] -> 0x9593
mem[X,0x000000008002ABEE] -> 0x00B5
[6487] [M]: 0x000000008002ABEC (0x00B59593) slli a1, a1, 0xb
x11 <- 0xFFFFFD5555555000
mem[X,0x000000008002ABF0] -> 0x8593
mem[X,0x000000008002ABF2] -> 0x5555
[6488] [M]: 0x000000008002ABF0 (0x55558593) addi a1, a1, 0x555
x11 <- 0xFFFFFD5555555555
mem[X,0x000000008002ABF4] -> 0x9593
mem[X,0x000000008002ABF6] -> 0x00B5
[6489] [M]: 0x000000008002ABF4 (0x00B59593) slli a1, a1, 0xb
x11 <- 0xFFEAAAAAAAAAA800
mem[X,0x000000008002ABF8] -> 0x8593
mem[X,0x000000008002ABFA] -> 0x2AA5
[6490] [M]: 0x000000008002ABF8 (0x2AA58593) addi a1, a1, 0x2aa
x11 <- 0xFFEAAAAAAAAAAAAA
mem[X,0x000000008002ABFC] -> 0x9593
mem[X,0x000000008002ABFE] -> 0x00A5
[6491] [M]: 0x000000008002ABFC (0x00A59593) slli a1, a1, 0xa
x11 <- 0xAAAAAAAAAAAAA800
mem[X,0x000000008002AC00] -> 0x8593
mem[X,0x000000008002AC02] -> 0x2AB5
[6492] [M]: 0x000000008002AC00 (0x2AB58593) addi a1, a1, 0x2ab
x11 <- 0xAAAAAAAAAAAAAAAB
mem[X,0x000000008002AC04] -> 0x0113
mem[X,0x000000008002AC06] -> 0x0000
[6493] [M]: 0x000000008002AC04 (0x00000113) addi sp, zero, 0x0
x2 <- 0x0000000000000000
mem[X,0x000000008002AC08] -> 0x006F
mem[X,0x000000008002AC0A] -> 0x0050
[6494] [M]: 0x000000008002AC08 (0x0050006F) jal zero, 0x804
mem[X,0x000000008002B40C] -> 0x50E3
mem[X,0x000000008002B40E] -> 0x80B5
[6495] [M]: 0x000000008002B40C (0x80B550E3) bge a0, a1, -0x800
mem[X,0x000000008002AC0C] -> 0x0113
mem[X,0x000000008002AC0E] -> 0x0011
[6496] [M]: 0x000000008002AC0C (0x00110113) addi sp, sp, 0x1
x2 <- 0x0000000000000001
mem[X,0x000000008002AC10] -> 0x006F
mem[X,0x000000008002AC12] -> 0x0110
[6497] [M]: 0x000000008002AC10 (0x0110006F) jal zero, 0x810
mem[X,0x000000008002B420] -> 0xB423
mem[X,0x000000008002B422] -> 0x4C20
[6498] [M]: 0x000000008002B420 (0x4C20B423) sd sp, 0x4c8(ra)
mem[0x0000000080048E98] <- 0x0000000000000001
mem[X,0x000000008002B424] -> 0x0513
mem[X,0x000000008002B426] -> 0x0040
[6499] [M]: 0x000000008002B424 (0x00400513) addi a0, zero, 0x4
x10 <- 0x0000000000000004
clint::tick mtime <- 0x0000000000000041
 clint timer pending at mtime 0x0000000000000041
htif::tick 0x0000000000000000
mem[X,0x000000008002B428] -> 0x0593
mem[X,0x000000008002B42A] -> 0x0060
[6500] [M]: 0x000000008002B428 (0x00600593) addi a1, zero, 0x6
x11 <- 0x0000000000000006
mem[X,0x000000008002B42C] -> 0x0113
mem[X,0x000000008002B42E] -> 0x0000
[6501] [M]: 0x000000008002B42C (0x00000113) addi sp, zero, 0x0
x2 <- 0x0000000000000000
mem[X,0x000000008002B430] -> 0x006F
mem[X,0x000000008002B432] -> 0x00C0
[6502] [M]: 0x000000008002B430 (0x00C0006F) jal zero, 0xc
mem[X,0x000000008002B43C] -> 0x5663
mem[X,0x000000008002B43E] -> 0x00B5
[6503] [M]: 0x000000008002B43C (0x00B55663) bge a0, a1, 0xc
mem[X,0x000000008002B440] -> 0x0113
mem[X,0x000000008002B442] -> 0x0021
[6504] [M]: 0x000000008002B440 (0x00210113) addi sp, sp, 0x2
x2 <- 0x0000000000000002
mem[X,0x000000008002B444] -> 0x006F
mem[X,0x000000008002B446] -> 0x00C0
[6505] [M]: 0x000000008002B444 (0x00C0006F) jal zero, 0xc
mem[X,0x000000008002B450] -> 0xB823
mem[X,0x000000008002B452] -> 0x4C20
[6506] [M]: 0x000000008002B450 (0x4C20B823) sd sp, 0x4d0(ra)
mem[0x0000000080048EA0] <- 0x0000000000000002
mem[X,0x000000008002B454] -> 0x0513
mem[X,0x000000008002B456] -> 0x0040
[6507] [M]: 0x000000008002B454 (0x00400513) addi a0, zero, 0x4
x10 <- 0x0000000000000004
mem[X,0x000000008002B458] -> 0x35B7
mem[X,0x000000008002B45A] -> 0x3333
[6508] [M]: 0x000000008002B458 (0x333335B7) lui a1, 0x33333
x11 <- 0x0000000033333000
mem[X,0x000000008002B45C] -> 0x8593
mem[X,0x000000008002B45E] -> 0x3335
[6509] [M]: 0x000000008002B45C (0x33358593) addi a1, a1, 0x333
x11 <- 0x0000000033333333
mem[X,0x000000008002B460] -> 0x9593
mem[X,0x000000008002B462] -> 0x00B5
[6510] [M]: 0x000000008002B460 (0x00B59593) slli a1, a1, 0xb
x11 <- 0x0000019999999800
mem[X,0x000000008002B464] -> 0x8593
mem[X,0x000000008002B466] -> 0x1995
[6511] [M]: 0x000000008002B464 (0x19958593) addi a1, a1, 0x199
x11 <- 0x0000019999999999
mem[X,0x000000008002B468] -> 0x9593
mem[X,0x000000008002B46A] -> 0x00B5
[6512] [M]: 0x000000008002B468 (0x00B59593) slli a1, a1, 0xb
x11 <- 0x000CCCCCCCCCC800
mem[X,0x000000008002B46C] -> 0x8593
mem[X,0x000000008002B46E] -> 0x4CC5
[6513] [M]: 0x000000008002B46C (0x4CC58593) addi a1, a1, 0x4cc
x11 <- 0x000CCCCCCCCCCCCC
mem[X,0x000000008002B470] -> 0x9593
mem[X,0x000000008002B472] -> 0x00A5
[6514] [M]: 0x000000008002B470 (0x00A59593) slli a1, a1, 0xa
x11 <- 0x3333333333333000
mem[X,0x000000008002B474] -> 0x8593
mem[X,0x000000008002B476] -> 0x3345
[6515] [M]: 0x000000008002B474 (0x33458593) addi a1, a1, 0x334
x11 <- 0x3333333333333334
mem[X,0x000000008002B478] -> 0x0113
mem[X,0x000000008002B47A] -> 0x0000
[6516] [M]: 0x000000008002B478 (0x00000113) addi sp, zero, 0x0
x2 <- 0x0000000000000000
mem[X,0x000000008002B47C] -> 0x006F
mem[X,0x000000008002B47E] -> 0x0050
[6517] [M]: 0x000000008002B47C (0x0050006F) jal zero, 0x804
mem[X,0x000000008002BC80] -> 0x50E3
mem[X,0x000000008002BC82] -> 0x80B5
[6518] [M]: 0x000000008002BC80 (0x80B550E3) bge a0, a1, -0x800
mem[X,0x000000008002BC84] -> 0x0113
mem[X,0x000000008002BC86] -> 0x0021
[6519] [M]: 0x000000008002BC84 (0x00210113) addi sp, sp, 0x2
x2 <- 0x0000000000000002
mem[X,0x000000008002BC88] -> 0x006F
mem[X,0x000000008002BC8A] -> 0x00C0
[6520] [M]: 0x000000008002BC88 (0x00C0006F) jal zero, 0xc
mem[X,0x000000008002BC94] -> 0xBC23
mem[X,0x000000008002BC96] -> 0x4C20
[6521] [M]: 0x000000008002BC94 (0x4C20BC23) sd sp, 0x4d8(ra)
mem[0x0000000080048EA8] <- 0x0000000000000002
mem[X,0x000000008002BC98] -> 0x0513
mem[X,0x000000008002BC9A] -> 0x0040
[6522] [M]: 0x000000008002BC98 (0x00400513) addi a0, zero, 0x4
x10 <- 0x0000000000000004
mem[X,0x000000008002BC9C] -> 0x65B7
mem[X,0x000000008002BC9E] -> 0x6666
[6523] [M]: 0x000000008002BC9C (0x666665B7) lui a1, 0x66666
x11 <- 0x0000000066666000
mem[X,0x000000008002BCA0] -> 0x8593
mem[X,0x000000008002BCA2] -> 0x6665
[6524] [M]: 0x000000008002BCA0 (0x66658593) addi a1, a1, 0x666
x11 <- 0x0000000066666666
mem[X,0x000000008002BCA4] -> 0x9593
mem[X,0x000000008002BCA6] -> 0x00B5
[6525] [M]: 0x000000008002BCA4 (0x00B59593) slli a1, a1, 0xb
x11 <- 0x0000033333333000
mem[X,0x000000008002BCA8] -> 0x8593
mem[X,0x000000008002BCAA] -> 0x3335
[6526] [M]: 0x000000008002BCA8 (0x33358593) addi a1, a1, 0x333
x11 <- 0x0000033333333333
mem[X,0x000000008002BCAC] -> 0x9593
mem[X,0x000000008002BCAE] -> 0x00B5
[6527] [M]: 0x000000008002BCAC (0x00B59593) slli a1, a1, 0xb
x11 <- 0x0019999999999800
mem[X,0x000000008002BCB0] -> 0x8593
mem[X,0x000000008002BCB2] -> 0x1995
[6528] [M]: 0x000000008002BCB0 (0x19958593) addi a1, a1, 0x199
x11 <- 0x0019999999999999
mem[X,0x000000008002BCB4] -> 0x9593
mem[X,0x000000008002BCB6] -> 0x00A5
[6529] [M]: 0x000000008002BCB4 (0x00A59593) slli a1, a1, 0xa
x11 <- 0x6666666666666400
mem[X,0x000000008002BCB8] -> 0x8593
mem[X,0x000000008002BCBA] -> 0x2675
[6530] [M]: 0x000000008002BCB8 (0x26758593) addi a1, a1, 0x267
x11 <- 0x6666666666666667
mem[X,0x000000008002BCBC] -> 0x0113
mem[X,0x000000008002BCBE] -> 0x0000
[6531] [M]: 0x000000008002BCBC (0x00000113) addi sp, zero, 0x0
x2 <- 0x0000000000000000
mem[X,0x000000008002BCC0] -> 0x006F
mem[X,0x000000008002BCC2] -> 0x00C0
[6532] [M]: 0x000000008002BCC0 (0x00C0006F) jal zero, 0xc
mem[X,0x000000008002BCCC] -> 0x5CE3
mem[X,0x000000008002BCCE] -> 0xFEB5
[6533] [M]: 0x000000008002BCCC (0xFEB55CE3) bge a0, a1, -0x8
mem[X,0x000000008002BCD0] -> 0x0113
mem[X,0x000000008002BCD2] -> 0x0021
[6534] [M]: 0x000000008002BCD0 (0x00210113) addi sp, sp, 0x2
x2 <- 0x0000000000000002
mem[X,0x000000008002BCD4] -> 0x006F
mem[X,0x000000008002BCD6] -> 0x00C0
[6535] [M]: 0x000000008002BCD4 (0x00C0006F) jal zero, 0xc
mem[X,0x000000008002BCE0] -> 0xB023
mem[X,0x000000008002BCE2] -> 0x4E20
[6536] [M]: 0x000000008002BCE0 (0x4E20B023) sd sp, 0x4e0(ra)
mem[0x0000000080048EB0] <- 0x0000000000000002
mem[X,0x000000008002BCE4] -> 0x0513
mem[X,0x000000008002BCE6] -> 0x0040
[6537] [M]: 0x000000008002BCE4 (0x00400513) addi a0, zero, 0x4
x10 <- 0x0000000000000004
mem[X,0x000000008002BCE8] -> 0x05B7
mem[X,0x000000008002BCEA] -> 0x0000
[6538] [M]: 0x000000008002BCE8 (0x000005B7) lui a1, 0x0
x11 <- 0x0000000000000000
mem[X,0x000000008002BCEC] -> 0x8593
mem[X,0x000000008002BCEE] -> 0xFFF5
[6539] [M]: 0x000000008002BCEC (0xFFF58593) addi a1, a1, -0x1
x11 <- 0xFFFFFFFFFFFFFFFF
mem[X,0x000000008002BCF0] -> 0x9593
mem[X,0x000000008002BCF2] -> 0x00B5
[6540] [M]: 0x000000008002BCF0 (0x00B59593) slli a1, a1, 0xb
x11 <- 0xFFFFFFFFFFFFF800
mem[X,0x000000008002BCF4] -> 0x8593
mem[X,0x000000008002BCF6] -> 0x2575
[6541] [M]: 0x000000008002BCF4 (0x25758593) addi a1, a1, 0x257
x11 <- 0xFFFFFFFFFFFFFA57
mem[X,0x000000008002BCF8] -> 0x9593
mem[X,0x000000008002BCFA] -> 0x00B5
[6542] [M]: 0x000000008002BCF8 (0x00B59593) slli a1, a1, 0xb
x11 <- 0xFFFFFFFFFFD2B800
mem[X,0x000000008002BCFC] -> 0x8593
mem[X,0x000000008002BCFE] -> 0x6C35
[6543] [M]: 0x000000008002BCFC (0x6C358593) addi a1, a1, 0x6c3
x11 <- 0xFFFFFFFFFFD2BEC3
mem[X,0x000000008002BD00] -> 0x9593
mem[X,0x000000008002BD02] -> 0x00A5
[6544] [M]: 0x000000008002BD00 (0x00A59593) slli a1, a1, 0xa
x11 <- 0xFFFFFFFF4AFB0C00
mem[X,0x000000008002BD04] -> 0x8593
mem[X,0x000000008002BD06] -> 0x0CE5
[6545] [M]: 0x000000008002BD04 (0x0CE58593) addi a1, a1, 0xce
x11 <- 0xFFFFFFFF4AFB0CCE
mem[X,0x000000008002BD08] -> 0x0113
mem[X,0x000000008002BD0A] -> 0x0000
[6546] [M]: 0x000000008002BD08 (0x00000113) addi sp, zero, 0x0
x2 <- 0x0000000000000000
mem[X,0x000000008002BD0C] -> 0x006F
mem[X,0x000000008002BD0E] -> 0x00C0
[6547] [M]: 0x000000008002BD0C (0x00C0006F) jal zero, 0xc
mem[X,0x000000008002BD18] -> 0x5663
mem[X,0x000000008002BD1A] -> 0x00B5
[6548] [M]: 0x000000008002BD18 (0x00B55663) bge a0, a1, 0xc
mem[X,0x000000008002BD24] -> 0x0113
mem[X,0x000000008002BD26] -> 0x0031
[6549] [M]: 0x000000008002BD24 (0x00310113) addi sp, sp, 0x3
x2 <- 0x0000000000000003
mem[X,0x000000008002BD28] -> 0x006F
mem[X,0x000000008002BD2A] -> 0x0040
[6550] [M]: 0x000000008002BD28 (0x0040006F) jal zero, 0x4
mem[X,0x000000008002BD2C] -> 0xB423
mem[X,0x000000008002BD2E] -> 0x4E20
[6551] [M]: 0x000000008002BD2C (0x4E20B423) sd sp, 0x4e8(ra)
mem[0x0000000080048EB8] <- 0x0000000000000003
mem[X,0x000000008002BD30] -> 0x0513
mem[X,0x000000008002BD32] -> 0x0040
[6552] [M]: 0x000000008002BD30 (0x00400513) addi a0, zero, 0x4
x10 <- 0x0000000000000004
mem[X,0x000000008002BD34] -> 0x05B7
mem[X,0x000000008002BD36] -> 0x0000
[6553] [M]: 0x000000008002BD34 (0x000005B7) lui a1, 0x0
x11 <- 0x0000000000000000
mem[X,0x000000008002BD38] -> 0x8593
mem[X,0x000000008002BD3A] -> 0x0005
[6554] [M]: 0x000000008002BD38 (0x00058593) addi a1, a1, 0x0
x11 <- 0x0000000000000000
mem[X,0x000000008002BD3C] -> 0x9593
mem[X,0x000000008002BD3E] -> 0x00B5
[6555] [M]: 0x000000008002BD3C (0x00B59593) slli a1, a1, 0xb
x11 <- 0x0000000000000000
mem[X,0x000000008002BD40] -> 0x8593
mem[X,0x000000008002BD42] -> 0x5A85
[6556] [M]: 0x000000008002BD40 (0x5A858593) addi a1, a1, 0x5a8
x11 <- 0x00000000000005A8
mem[X,0x000000008002BD44] -> 0x9593
mem[X,0x000000008002BD46] -> 0x00B5
[6557] [M]: 0x000000008002BD44 (0x00B59593) slli a1, a1, 0xb
x11 <- 0x00000000002D4000
mem[X,0x000000008002BD48] -> 0x8593
mem[X,0x000000008002BD4A] -> 0x13C5
[6558] [M]: 0x000000008002BD48 (0x13C58593) addi a1, a1, 0x13c
x11 <- 0x00000000002D413C
mem[X,0x000000008002BD4C] -> 0x9593
mem[X,0x000000008002BD4E] -> 0x00A5
[6559] [M]: 0x000000008002BD4C (0x00A59593) slli a1, a1, 0xa
x11 <- 0x00000000B504F000
mem[X,0x000000008002BD50] -> 0x8593
mem[X,0x000000008002BD52] -> 0x3345
[6560] [M]: 0x000000008002BD50 (0x33458593) addi a1, a1, 0x334
x11 <- 0x00000000B504F334
mem[X,0x000000008002BD54] -> 0x0113
mem[X,0x000000008002BD56] -> 0x0000
[6561] [M]: 0x000000008002BD54 (0x00000113) addi sp, zero, 0x0
x2 <- 0x0000000000000000
mem[X,0x000000008002BD58] -> 0x006F
mem[X,0x000000008002BD5A] -> 0x00C0
[6562] [M]: 0x000000008002BD58 (0x00C0006F) jal zero, 0xc
mem[X,0x000000008002BD64] -> 0x5063
mem[X,0x000000008002BD66] -> 0x40B5
[6563] [M]: 0x000000008002BD64 (0x40B55063) bge a0, a1, 0x400
mem[X,0x000000008002BD68] -> 0x0113
mem[X,0x000000008002BD6A] -> 0x0021
[6564] [M]: 0x000000008002BD68 (0x00210113) addi sp, sp, 0x2
x2 <- 0x0000000000000002
mem[X,0x000000008002BD6C] -> 0x006F
mem[X,0x000000008002BD6E] -> 0x4000
[6565] [M]: 0x000000008002BD6C (0x4000006F) jal zero, 0x400
mem[X,0x000000008002C16C] -> 0xB823
mem[X,0x000000008002C16E] -> 0x4E20
[6566] [M]: 0x000000008002C16C (0x4E20B823) sd sp, 0x4f0(ra)
mem[0x0000000080048EC0] <- 0x0000000000000002
mem[X,0x000000008002C170] -> 0x3537
mem[X,0x000000008002C172] -> 0x3333
[6567] [M]: 0x000000008002C170 (0x33333537) lui a0, 0x33333
x10 <- 0x0000000033333000
mem[X,0x000000008002C174] -> 0x0513
mem[X,0x000000008002C176] -> 0x3335
[6568] [M]: 0x000000008002C174 (0x33350513) addi a0, a0, 0x333
x10 <- 0x0000000033333333
mem[X,0x000000008002C178] -> 0x1513
mem[X,0x000000008002C17A] -> 0x00B5
[6569] [M]: 0x000000008002C178 (0x00B51513) slli a0, a0, 0xb
x10 <- 0x0000019999999800
mem[X,0x000000008002C17C] -> 0x0513
mem[X,0x000000008002C17E] -> 0x1995
[6570] [M]: 0x000000008002C17C (0x19950513) addi a0, a0, 0x199
x10 <- 0x0000019999999999
mem[X,0x000000008002C180] -> 0x1513
mem[X,0x000000008002C182] -> 0x00B5
[6571] [M]: 0x000000008002C180 (0x00B51513) slli a0, a0, 0xb
x10 <- 0x000CCCCCCCCCC800
mem[X,0x000000008002C184] -> 0x0513
mem[X,0x000000008002C186] -> 0x4CC5
[6572] [M]: 0x000000008002C184 (0x4CC50513) addi a0, a0, 0x4cc
x10 <- 0x000CCCCCCCCCCCCC
mem[X,0x000000008002C188] -> 0x1513
mem[X,0x000000008002C18A] -> 0x00A5
[6573] [M]: 0x000000008002C188 (0x00A51513) slli a0, a0, 0xa
x10 <- 0x3333333333333000
mem[X,0x000000008002C18C] -> 0x0513
mem[X,0x000000008002C18E] -> 0x3325
[6574] [M]: 0x000000008002C18C (0x33250513) addi a0, a0, 0x332
x10 <- 0x3333333333333332
mem[X,0x000000008002C190] -> 0x0593
mem[X,0x000000008002C192] -> 0x0030
[6575] [M]: 0x000000008002C190 (0x00300593) addi a1, zero, 0x3
x11 <- 0x0000000000000003
mem[X,0x000000008002C194] -> 0x0113
mem[X,0x000000008002C196] -> 0x0000
[6576] [M]: 0x000000008002C194 (0x00000113) addi sp, zero, 0x0
x2 <- 0x0000000000000000
mem[X,0x000000008002C198] -> 0x006F
mem[X,0x000000008002C19A] -> 0x0100
[6577] [M]: 0x000000008002C198 (0x0100006F) jal zero, 0x10
mem[X,0x000000008002C1A8] -> 0x5AE3
mem[X,0x000000008002C1AA] -> 0xFEB5
[6578] [M]: 0x000000008002C1A8 (0xFEB55AE3) bge a0, a1, -0xc
mem[X,0x000000008002C19C] -> 0x0113
mem[X,0x000000008002C19E] -> 0x0011
[6579] [M]: 0x000000008002C19C (0x00110113) addi sp, sp, 0x1
x2 <- 0x0000000000000001
mem[X,0x000000008002C1A0] -> 0x006F
mem[X,0x000000008002C1A2] -> 0x01C0
[6580] [M]: 0x000000008002C1A0 (0x01C0006F) jal zero, 0x1c
mem[X,0x000000008002C1BC] -> 0xBC23
mem[X,0x000000008002C1BE] -> 0x4E20
[6581] [M]: 0x000000008002C1BC (0x4E20BC23) sd sp, 0x4f8(ra)
mem[0x0000000080048EC8] <- 0x0000000000000001
mem[X,0x000000008002C1C0] -> 0x3537
mem[X,0x000000008002C1C2] -> 0x3333
[6582] [M]: 0x000000008002C1C0 (0x33333537) lui a0, 0x33333
x10 <- 0x0000000033333000
mem[X,0x000000008002C1C4] -> 0x0513
mem[X,0x000000008002C1C6] -> 0x3335
[6583] [M]: 0x000000008002C1C4 (0x33350513) addi a0, a0, 0x333
x10 <- 0x0000000033333333
mem[X,0x000000008002C1C8] -> 0x1513
mem[X,0x000000008002C1CA] -> 0x00B5
[6584] [M]: 0x000000008002C1C8 (0x00B51513) slli a0, a0, 0xb
x10 <- 0x0000019999999800
mem[X,0x000000008002C1CC] -> 0x0513
mem[X,0x000000008002C1CE] -> 0x1995
[6585] [M]: 0x000000008002C1CC (0x19950513) addi a0, a0, 0x199
x10 <- 0x0000019999999999
mem[X,0x000000008002C1D0] -> 0x1513
mem[X,0x000000008002C1D2] -> 0x00B5
[6586] [M]: 0x000000008002C1D0 (0x00B51513) slli a0, a0, 0xb
x10 <- 0x000CCCCCCCCCC800
mem[X,0x000000008002C1D4] -> 0x0513
mem[X,0x000000008002C1D6] -> 0x4CC5
[6587] [M]: 0x000000008002C1D4 (0x4CC50513) addi a0, a0, 0x4cc
x10 <- 0x000CCCCCCCCCCCCC
mem[X,0x000000008002C1D8] -> 0x1513
mem[X,0x000000008002C1DA] -> 0x00A5
[6588] [M]: 0x000000008002C1D8 (0x00A51513) slli a0, a0, 0xa
x10 <- 0x3333333333333000
mem[X,0x000000008002C1DC] -> 0x0513
mem[X,0x000000008002C1DE] -> 0x3325
[6589] [M]: 0x000000008002C1DC (0x33250513) addi a0, a0, 0x332
x10 <- 0x3333333333333332
mem[X,0x000000008002C1E0] -> 0x55B7
mem[X,0x000000008002C1E2] -> 0x5555
[6590] [M]: 0x000000008002C1E0 (0x555555B7) lui a1, 0x55555
x11 <- 0x0000000055555000
mem[X,0x000000008002C1E4] -> 0x8593
mem[X,0x000000008002C1E6] -> 0x5555
[6591] [M]: 0x000000008002C1E4 (0x55558593) addi a1, a1, 0x555
x11 <- 0x0000000055555555
mem[X,0x000000008002C1E8] -> 0x9593
mem[X,0x000000008002C1EA] -> 0x00B5
[6592] [M]: 0x000000008002C1E8 (0x00B59593) slli a1, a1, 0xb
x11 <- 0x000002AAAAAAA800
mem[X,0x000000008002C1EC] -> 0x8593
mem[X,0x000000008002C1EE] -> 0x2AA5
[6593] [M]: 0x000000008002C1EC (0x2AA58593) addi a1, a1, 0x2aa
x11 <- 0x000002AAAAAAAAAA
mem[X,0x000000008002C1F0] -> 0x9593
mem[X,0x000000008002C1F2] -> 0x00B5
[6594] [M]: 0x000000008002C1F0 (0x00B59593) slli a1, a1, 0xb
x11 <- 0x0015555555555000
mem[X,0x000000008002C1F4] -> 0x8593
mem[X,0x000000008002C1F6] -> 0x5555
[6595] [M]: 0x000000008002C1F4 (0x55558593) addi a1, a1, 0x555
x11 <- 0x0015555555555555
mem[X,0x000000008002C1F8] -> 0x9593
mem[X,0x000000008002C1FA] -> 0x00A5
[6596] [M]: 0x000000008002C1F8 (0x00A59593) slli a1, a1, 0xa
x11 <- 0x5555555555555400
mem[X,0x000000008002C1FC] -> 0x8593
mem[X,0x000000008002C1FE] -> 0x1555
[6597] [M]: 0x000000008002C1FC (0x15558593) addi a1, a1, 0x155
x11 <- 0x5555555555555555
mem[X,0x000000008002C200] -> 0x0113
mem[X,0x000000008002C202] -> 0x0000
[6598] [M]: 0x000000008002C200 (0x00000113) addi sp, zero, 0x0
x2 <- 0x0000000000000000
mem[X,0x000000008002C204] -> 0x006F
mem[X,0x000000008002C206] -> 0x00C0
[6599] [M]: 0x000000008002C204 (0x00C0006F) jal zero, 0xc
clint::tick mtime <- 0x0000000000000042
 clint timer pending at mtime 0x0000000000000042
htif::tick 0x0000000000000000
mem[X,0x000000008002C210] -> 0x5CE3
mem[X,0x000000008002C212] -> 0xFEB5
[6600] [M]: 0x000000008002C210 (0xFEB55CE3) bge a0, a1, -0x8
mem[X,0x000000008002C214] -> 0x0113
mem[X,0x000000008002C216] -> 0x0021
[6601] [M]: 0x000000008002C214 (0x00210113) addi sp, sp, 0x2
x2 <- 0x0000000000000002
mem[X,0x000000008002C218] -> 0x006F
mem[X,0x000000008002C21A] -> 0x00C0
[6602] [M]: 0x000000008002C218 (0x00C0006F) jal zero, 0xc
mem[X,0x000000008002C224] -> 0xB023
mem[X,0x000000008002C226] -> 0x5020
[6603] [M]: 0x000000008002C224 (0x5020B023) sd sp, 0x500(ra)
mem[0x0000000080048ED0] <- 0x0000000000000002
mem[X,0x000000008002C228] -> 0x3537
mem[X,0x000000008002C22A] -> 0x3333
[6604] [M]: 0x000000008002C228 (0x33333537) lui a0, 0x33333
x10 <- 0x0000000033333000
mem[X,0x000000008002C22C] -> 0x0513
mem[X,0x000000008002C22E] -> 0x3335
[6605] [M]: 0x000000008002C22C (0x33350513) addi a0, a0, 0x333
x10 <- 0x0000000033333333
mem[X,0x000000008002C230] -> 0x1513
mem[X,0x000000008002C232] -> 0x00B5
[6606] [M]: 0x000000008002C230 (0x00B51513) slli a0, a0, 0xb
x10 <- 0x0000019999999800
mem[X,0x000000008002C234] -> 0x0513
mem[X,0x000000008002C236] -> 0x1995
[6607] [M]: 0x000000008002C234 (0x19950513) addi a0, a0, 0x199
x10 <- 0x0000019999999999
mem[X,0x000000008002C238] -> 0x1513
mem[X,0x000000008002C23A] -> 0x00B5
[6608] [M]: 0x000000008002C238 (0x00B51513) slli a0, a0, 0xb
x10 <- 0x000CCCCCCCCCC800
mem[X,0x000000008002C23C] -> 0x0513
mem[X,0x000000008002C23E] -> 0x4CC5
[6609] [M]: 0x000000008002C23C (0x4CC50513) addi a0, a0, 0x4cc
x10 <- 0x000CCCCCCCCCCCCC
mem[X,0x000000008002C240] -> 0x1513
mem[X,0x000000008002C242] -> 0x00A5
[6610] [M]: 0x000000008002C240 (0x00A51513) slli a0, a0, 0xa
x10 <- 0x3333333333333000
mem[X,0x000000008002C244] -> 0x0513
mem[X,0x000000008002C246] -> 0x3325
[6611] [M]: 0x000000008002C244 (0x33250513) addi a0, a0, 0x332
x10 <- 0x3333333333333332
mem[X,0x000000008002C248] -> 0xB5B7
mem[X,0x000000008002C24A] -> 0xAAAA
[6612] [M]: 0x000000008002C248 (0xAAAAB5B7) lui a1, -0x55555
x11 <- 0xFFFFFFFFAAAAB000
mem[X,0x000000008002C24C] -> 0x8593
mem[X,0x000000008002C24E] -> 0xAAA5
[6613] [M]: 0x000000008002C24C (0xAAA58593) addi a1, a1, -0x556
x11 <- 0xFFFFFFFFAAAAAAAA
mem[X,0x000000008002C250] -> 0x9593
mem[X,0x000000008002C252] -> 0x00B5
[6614] [M]: 0x000000008002C250 (0x00B59593) slli a1, a1, 0xb
x11 <- 0xFFFFFD5555555000
mem[X,0x000000008002C254] -> 0x8593
mem[X,0x000000008002C256] -> 0x5555
[6615] [M]: 0x000000008002C254 (0x55558593) addi a1, a1, 0x555
x11 <- 0xFFFFFD5555555555
mem[X,0x000000008002C258] -> 0x9593
mem[X,0x000000008002C25A] -> 0x00B5
[6616] [M]: 0x000000008002C258 (0x00B59593) slli a1, a1, 0xb
x11 <- 0xFFEAAAAAAAAAA800
mem[X,0x000000008002C25C] -> 0x8593
mem[X,0x000000008002C25E] -> 0x2AA5
[6617] [M]: 0x000000008002C25C (0x2AA58593) addi a1, a1, 0x2aa
x11 <- 0xFFEAAAAAAAAAAAAA
mem[X,0x000000008002C260] -> 0x9593
mem[X,0x000000008002C262] -> 0x00A5
[6618] [M]: 0x000000008002C260 (0x00A59593) slli a1, a1, 0xa
x11 <- 0xAAAAAAAAAAAAA800
mem[X,0x000000008002C264] -> 0x8593
mem[X,0x000000008002C266] -> 0x2AA5
[6619] [M]: 0x000000008002C264 (0x2AA58593) addi a1, a1, 0x2aa
x11 <- 0xAAAAAAAAAAAAAAAA
mem[X,0x000000008002C268] -> 0x0113
mem[X,0x000000008002C26A] -> 0x0000
[6620] [M]: 0x000000008002C268 (0x00000113) addi sp, zero, 0x0
x2 <- 0x0000000000000000
mem[X,0x000000008002C26C] -> 0x006F
mem[X,0x000000008002C26E] -> 0x2B10
[6621] [M]: 0x000000008002C26C (0x2B10006F) jal zero, 0xab0
mem[X,0x000000008002CD1C] -> 0x5A63
mem[X,0x000000008002CD1E] -> 0xD4B5
[6622] [M]: 0x000000008002CD1C (0xD4B55A63) bge a0, a1, -0xaac
mem[X,0x000000008002C270] -> 0x0113
mem[X,0x000000008002C272] -> 0x0011
[6623] [M]: 0x000000008002C270 (0x00110113) addi sp, sp, 0x1
x2 <- 0x0000000000000001
mem[X,0x000000008002C274] -> 0x006F
mem[X,0x000000008002C276] -> 0x2BD0
[6624] [M]: 0x000000008002C274 (0x2BD0006F) jal zero, 0xabc
mem[X,0x000000008002CD30] -> 0xB423
mem[X,0x000000008002CD32] -> 0x5020
[6625] [M]: 0x000000008002CD30 (0x5020B423) sd sp, 0x508(ra)
mem[0x0000000080048ED8] <- 0x0000000000000001
mem[X,0x000000008002CD34] -> 0x3537
mem[X,0x000000008002CD36] -> 0x3333
[6626] [M]: 0x000000008002CD34 (0x33333537) lui a0, 0x33333
x10 <- 0x0000000033333000
mem[X,0x000000008002CD38] -> 0x0513
mem[X,0x000000008002CD3A] -> 0x3335
[6627] [M]: 0x000000008002CD38 (0x33350513) addi a0, a0, 0x333
x10 <- 0x0000000033333333
mem[X,0x000000008002CD3C] -> 0x1513
mem[X,0x000000008002CD3E] -> 0x00B5
[6628] [M]: 0x000000008002CD3C (0x00B51513) slli a0, a0, 0xb
x10 <- 0x0000019999999800
mem[X,0x000000008002CD40] -> 0x0513
mem[X,0x000000008002CD42] -> 0x1995
[6629] [M]: 0x000000008002CD40 (0x19950513) addi a0, a0, 0x199
x10 <- 0x0000019999999999
mem[X,0x000000008002CD44] -> 0x1513
mem[X,0x000000008002CD46] -> 0x00B5
[6630] [M]: 0x000000008002CD44 (0x00B51513) slli a0, a0, 0xb
x10 <- 0x000CCCCCCCCCC800
mem[X,0x000000008002CD48] -> 0x0513
mem[X,0x000000008002CD4A] -> 0x4CC5
[6631] [M]: 0x000000008002CD48 (0x4CC50513) addi a0, a0, 0x4cc
x10 <- 0x000CCCCCCCCCCCCC
mem[X,0x000000008002CD4C] -> 0x1513
mem[X,0x000000008002CD4E] -> 0x00A5
[6632] [M]: 0x000000008002CD4C (0x00A51513) slli a0, a0, 0xa
x10 <- 0x3333333333333000
mem[X,0x000000008002CD50] -> 0x0513
mem[X,0x000000008002CD52] -> 0x3325
[6633] [M]: 0x000000008002CD50 (0x33250513) addi a0, a0, 0x332
x10 <- 0x3333333333333332
mem[X,0x000000008002CD54] -> 0x0593
mem[X,0x000000008002CD56] -> 0x0050
[6634] [M]: 0x000000008002CD54 (0x00500593) addi a1, zero, 0x5
x11 <- 0x0000000000000005
mem[X,0x000000008002CD58] -> 0x0113
mem[X,0x000000008002CD5A] -> 0x0000
[6635] [M]: 0x000000008002CD58 (0x00000113) addi sp, zero, 0x0
x2 <- 0x0000000000000000
mem[X,0x000000008002CD5C] -> 0x006F
mem[X,0x000000008002CD5E] -> 0x0180
[6636] [M]: 0x000000008002CD5C (0x0180006F) jal zero, 0x18
mem[X,0x000000008002CD74] -> 0x56E3
mem[X,0x000000008002CD76] -> 0xFEB5
[6637] [M]: 0x000000008002CD74 (0xFEB556E3) bge a0, a1, -0x14
mem[X,0x000000008002CD60] -> 0x0113
mem[X,0x000000008002CD62] -> 0x0011
[6638] [M]: 0x000000008002CD60 (0x00110113) addi sp, sp, 0x1
x2 <- 0x0000000000000001
mem[X,0x000000008002CD64] -> 0x006F
mem[X,0x000000008002CD66] -> 0x0240
[6639] [M]: 0x000000008002CD64 (0x0240006F) jal zero, 0x24
mem[X,0x000000008002CD88] -> 0xB823
mem[X,0x000000008002CD8A] -> 0x5020
[6640] [M]: 0x000000008002CD88 (0x5020B823) sd sp, 0x510(ra)
mem[0x0000000080048EE0] <- 0x0000000000000001
mem[X,0x000000008002CD8C] -> 0x3537
mem[X,0x000000008002CD8E] -> 0x3333
[6641] [M]: 0x000000008002CD8C (0x33333537) lui a0, 0x33333
x10 <- 0x0000000033333000
mem[X,0x000000008002CD90] -> 0x0513
mem[X,0x000000008002CD92] -> 0x3335
[6642] [M]: 0x000000008002CD90 (0x33350513) addi a0, a0, 0x333
x10 <- 0x0000000033333333
mem[X,0x000000008002CD94] -> 0x1513
mem[X,0x000000008002CD96] -> 0x00B5
[6643] [M]: 0x000000008002CD94 (0x00B51513) slli a0, a0, 0xb
x10 <- 0x0000019999999800
mem[X,0x000000008002CD98] -> 0x0513
mem[X,0x000000008002CD9A] -> 0x1995
[6644] [M]: 0x000000008002CD98 (0x19950513) addi a0, a0, 0x199
x10 <- 0x0000019999999999
mem[X,0x000000008002CD9C] -> 0x1513
mem[X,0x000000008002CD9E] -> 0x00B5
[6645] [M]: 0x000000008002CD9C (0x00B51513) slli a0, a0, 0xb
x10 <- 0x000CCCCCCCCCC800
mem[X,0x000000008002CDA0] -> 0x0513
mem[X,0x000000008002CDA2] -> 0x4CC5
[6646] [M]: 0x000000008002CDA0 (0x4CC50513) addi a0, a0, 0x4cc
x10 <- 0x000CCCCCCCCCCCCC
mem[X,0x000000008002CDA4] -> 0x1513
mem[X,0x000000008002CDA6] -> 0x00A5
[6647] [M]: 0x000000008002CDA4 (0x00A51513) slli a0, a0, 0xa
x10 <- 0x3333333333333000
mem[X,0x000000008002CDA8] -> 0x0513
mem[X,0x000000008002CDAA] -> 0x3325
[6648] [M]: 0x000000008002CDA8 (0x33250513) addi a0, a0, 0x332
x10 <- 0x3333333333333332
mem[X,0x000000008002CDAC] -> 0x35B7
mem[X,0x000000008002CDAE] -> 0x3333
[6649] [M]: 0x000000008002CDAC (0x333335B7) lui a1, 0x33333
x11 <- 0x0000000033333000
mem[X,0x000000008002CDB0] -> 0x8593
mem[X,0x000000008002CDB2] -> 0x3335
[6650] [M]: 0x000000008002CDB0 (0x33358593) addi a1, a1, 0x333
x11 <- 0x0000000033333333
mem[X,0x000000008002CDB4] -> 0x9593
mem[X,0x000000008002CDB6] -> 0x00B5
[6651] [M]: 0x000000008002CDB4 (0x00B59593) slli a1, a1, 0xb
x11 <- 0x0000019999999800
mem[X,0x000000008002CDB8] -> 0x8593
mem[X,0x000000008002CDBA] -> 0x1995
[6652] [M]: 0x000000008002CDB8 (0x19958593) addi a1, a1, 0x199
x11 <- 0x0000019999999999
mem[X,0x000000008002CDBC] -> 0x9593
mem[X,0x000000008002CDBE] -> 0x00B5
[6653] [M]: 0x000000008002CDBC (0x00B59593) slli a1, a1, 0xb
x11 <- 0x000CCCCCCCCCC800
mem[X,0x000000008002CDC0] -> 0x8593
mem[X,0x000000008002CDC2] -> 0x4CC5
[6654] [M]: 0x000000008002CDC0 (0x4CC58593) addi a1, a1, 0x4cc
x11 <- 0x000CCCCCCCCCCCCC
mem[X,0x000000008002CDC4] -> 0x9593
mem[X,0x000000008002CDC6] -> 0x00A5
[6655] [M]: 0x000000008002CDC4 (0x00A59593) slli a1, a1, 0xa
x11 <- 0x3333333333333000
mem[X,0x000000008002CDC8] -> 0x8593
mem[X,0x000000008002CDCA] -> 0x3335
[6656] [M]: 0x000000008002CDC8 (0x33358593) addi a1, a1, 0x333
x11 <- 0x3333333333333333
mem[X,0x000000008002CDCC] -> 0x0113
mem[X,0x000000008002CDCE] -> 0x0000
[6657] [M]: 0x000000008002CDCC (0x00000113) addi sp, zero, 0x0
x2 <- 0x0000000000000000
mem[X,0x000000008002CDD0] -> 0x006F
mem[X,0x000000008002CDD2] -> 0x00C0
[6658] [M]: 0x000000008002CDD0 (0x00C0006F) jal zero, 0xc
mem[X,0x000000008002CDDC] -> 0x5CE3
mem[X,0x000000008002CDDE] -> 0xFEB5
[6659] [M]: 0x000000008002CDDC (0xFEB55CE3) bge a0, a1, -0x8
mem[X,0x000000008002CDE0] -> 0x0113
mem[X,0x000000008002CDE2] -> 0x0021
[6660] [M]: 0x000000008002CDE0 (0x00210113) addi sp, sp, 0x2
x2 <- 0x0000000000000002
mem[X,0x000000008002CDE4] -> 0x006F
mem[X,0x000000008002CDE6] -> 0x00C0
[6661] [M]: 0x000000008002CDE4 (0x00C0006F) jal zero, 0xc
mem[X,0x000000008002CDF0] -> 0xBC23
mem[X,0x000000008002CDF2] -> 0x5020
[6662] [M]: 0x000000008002CDF0 (0x5020BC23) sd sp, 0x518(ra)
mem[0x0000000080048EE8] <- 0x0000000000000002
mem[X,0x000000008002CDF4] -> 0x3537
mem[X,0x000000008002CDF6] -> 0x3333
[6663] [M]: 0x000000008002CDF4 (0x33333537) lui a0, 0x33333
x10 <- 0x0000000033333000
mem[X,0x000000008002CDF8] -> 0x0513
mem[X,0x000000008002CDFA] -> 0x3335
[6664] [M]: 0x000000008002CDF8 (0x33350513) addi a0, a0, 0x333
x10 <- 0x0000000033333333
mem[X,0x000000008002CDFC] -> 0x1513
mem[X,0x000000008002CDFE] -> 0x00B5
[6665] [M]: 0x000000008002CDFC (0x00B51513) slli a0, a0, 0xb
x10 <- 0x0000019999999800
mem[X,0x000000008002CE00] -> 0x0513
mem[X,0x000000008002CE02] -> 0x1995
[6666] [M]: 0x000000008002CE00 (0x19950513) addi a0, a0, 0x199
x10 <- 0x0000019999999999
mem[X,0x000000008002CE04] -> 0x1513
mem[X,0x000000008002CE06] -> 0x00B5
[6667] [M]: 0x000000008002CE04 (0x00B51513) slli a0, a0, 0xb
x10 <- 0x000CCCCCCCCCC800
mem[X,0x000000008002CE08] -> 0x0513
mem[X,0x000000008002CE0A] -> 0x4CC5
[6668] [M]: 0x000000008002CE08 (0x4CC50513) addi a0, a0, 0x4cc
x10 <- 0x000CCCCCCCCCCCCC
mem[X,0x000000008002CE0C] -> 0x1513
mem[X,0x000000008002CE0E] -> 0x00A5
[6669] [M]: 0x000000008002CE0C (0x00A51513) slli a0, a0, 0xa
x10 <- 0x3333333333333000
mem[X,0x000000008002CE10] -> 0x0513
mem[X,0x000000008002CE12] -> 0x3325
[6670] [M]: 0x000000008002CE10 (0x33250513) addi a0, a0, 0x332
x10 <- 0x3333333333333332
mem[X,0x000000008002CE14] -> 0x65B7
mem[X,0x000000008002CE16] -> 0x6666
[6671] [M]: 0x000000008002CE14 (0x666665B7) lui a1, 0x66666
x11 <- 0x0000000066666000
mem[X,0x000000008002CE18] -> 0x8593
mem[X,0x000000008002CE1A] -> 0x6665
[6672] [M]: 0x000000008002CE18 (0x66658593) addi a1, a1, 0x666
x11 <- 0x0000000066666666
mem[X,0x000000008002CE1C] -> 0x9593
mem[X,0x000000008002CE1E] -> 0x00B5
[6673] [M]: 0x000000008002CE1C (0x00B59593) slli a1, a1, 0xb
x11 <- 0x0000033333333000
mem[X,0x000000008002CE20] -> 0x8593
mem[X,0x000000008002CE22] -> 0x3335
[6674] [M]: 0x000000008002CE20 (0x33358593) addi a1, a1, 0x333
x11 <- 0x0000033333333333
mem[X,0x000000008002CE24] -> 0x9593
mem[X,0x000000008002CE26] -> 0x00B5
[6675] [M]: 0x000000008002CE24 (0x00B59593) slli a1, a1, 0xb
x11 <- 0x0019999999999800
mem[X,0x000000008002CE28] -> 0x8593
mem[X,0x000000008002CE2A] -> 0x1995
[6676] [M]: 0x000000008002CE28 (0x19958593) addi a1, a1, 0x199
x11 <- 0x0019999999999999
mem[X,0x000000008002CE2C] -> 0x9593
mem[X,0x000000008002CE2E] -> 0x00A5
[6677] [M]: 0x000000008002CE2C (0x00A59593) slli a1, a1, 0xa
x11 <- 0x6666666666666400
mem[X,0x000000008002CE30] -> 0x8593
mem[X,0x000000008002CE32] -> 0x2665
[6678] [M]: 0x000000008002CE30 (0x26658593) addi a1, a1, 0x266
x11 <- 0x6666666666666666
mem[X,0x000000008002CE34] -> 0x0113
mem[X,0x000000008002CE36] -> 0x0000
[6679] [M]: 0x000000008002CE34 (0x00000113) addi sp, zero, 0x0
x2 <- 0x0000000000000000
mem[X,0x000000008002CE38] -> 0x006F
mem[X,0x000000008002CE3A] -> 0x00C0
[6680] [M]: 0x000000008002CE38 (0x00C0006F) jal zero, 0xc
mem[X,0x000000008002CE44] -> 0x5063
mem[X,0x000000008002CE46] -> 0x20B5
[6681] [M]: 0x000000008002CE44 (0x20B55063) bge a0, a1, 0x200
mem[X,0x000000008002CE48] -> 0x0113
mem[X,0x000000008002CE4A] -> 0x0021
[6682] [M]: 0x000000008002CE48 (0x00210113) addi sp, sp, 0x2
x2 <- 0x0000000000000002
mem[X,0x000000008002CE4C] -> 0x006F
mem[X,0x000000008002CE4E] -> 0x2000
[6683] [M]: 0x000000008002CE4C (0x2000006F) jal zero, 0x200
mem[X,0x000000008002D04C] -> 0xB023
mem[X,0x000000008002D04E] -> 0x5220
[6684] [M]: 0x000000008002D04C (0x5220B023) sd sp, 0x520(ra)
mem[0x0000000080048EF0] <- 0x0000000000000002
mem[X,0x000000008002D050] -> 0x3537
mem[X,0x000000008002D052] -> 0x3333
[6685] [M]: 0x000000008002D050 (0x33333537) lui a0, 0x33333
x10 <- 0x0000000033333000
mem[X,0x000000008002D054] -> 0x0513
mem[X,0x000000008002D056] -> 0x3335
[6686] [M]: 0x000000008002D054 (0x33350513) addi a0, a0, 0x333
x10 <- 0x0000000033333333
mem[X,0x000000008002D058] -> 0x1513
mem[X,0x000000008002D05A] -> 0x00B5
[6687] [M]: 0x000000008002D058 (0x00B51513) slli a0, a0, 0xb
x10 <- 0x0000019999999800
mem[X,0x000000008002D05C] -> 0x0513
mem[X,0x000000008002D05E] -> 0x1995
[6688] [M]: 0x000000008002D05C (0x19950513) addi a0, a0, 0x199
x10 <- 0x0000019999999999
mem[X,0x000000008002D060] -> 0x1513
mem[X,0x000000008002D062] -> 0x00B5
[6689] [M]: 0x000000008002D060 (0x00B51513) slli a0, a0, 0xb
x10 <- 0x000CCCCCCCCCC800
mem[X,0x000000008002D064] -> 0x0513
mem[X,0x000000008002D066] -> 0x4CC5
[6690] [M]: 0x000000008002D064 (0x4CC50513) addi a0, a0, 0x4cc
x10 <- 0x000CCCCCCCCCCCCC
mem[X,0x000000008002D068] -> 0x1513
mem[X,0x000000008002D06A] -> 0x00A5
[6691] [M]: 0x000000008002D068 (0x00A51513) slli a0, a0, 0xa
x10 <- 0x3333333333333000
mem[X,0x000000008002D06C] -> 0x0513
mem[X,0x000000008002D06E] -> 0x3325
[6692] [M]: 0x000000008002D06C (0x33250513) addi a0, a0, 0x332
x10 <- 0x3333333333333332
mem[X,0x000000008002D070] -> 0x05B7
mem[X,0x000000008002D072] -> 0x0000
[6693] [M]: 0x000000008002D070 (0x000005B7) lui a1, 0x0
x11 <- 0x0000000000000000
mem[X,0x000000008002D074] -> 0x8593
mem[X,0x000000008002D076] -> 0xFFF5
[6694] [M]: 0x000000008002D074 (0xFFF58593) addi a1, a1, -0x1
x11 <- 0xFFFFFFFFFFFFFFFF
mem[X,0x000000008002D078] -> 0x9593
mem[X,0x000000008002D07A] -> 0x00B5
[6695] [M]: 0x000000008002D078 (0x00B59593) slli a1, a1, 0xb
x11 <- 0xFFFFFFFFFFFFF800
mem[X,0x000000008002D07C] -> 0x8593
mem[X,0x000000008002D07E] -> 0x2575
[6696] [M]: 0x000000008002D07C (0x25758593) addi a1, a1, 0x257
x11 <- 0xFFFFFFFFFFFFFA57
mem[X,0x000000008002D080] -> 0x9593
mem[X,0x000000008002D082] -> 0x00B5
[6697] [M]: 0x000000008002D080 (0x00B59593) slli a1, a1, 0xb
x11 <- 0xFFFFFFFFFFD2B800
mem[X,0x000000008002D084] -> 0x8593
mem[X,0x000000008002D086] -> 0x6C35
[6698] [M]: 0x000000008002D084 (0x6C358593) addi a1, a1, 0x6c3
x11 <- 0xFFFFFFFFFFD2BEC3
mem[X,0x000000008002D088] -> 0x9593
mem[X,0x000000008002D08A] -> 0x00A5
[6699] [M]: 0x000000008002D088 (0x00A59593) slli a1, a1, 0xa
x11 <- 0xFFFFFFFF4AFB0C00
clint::tick mtime <- 0x0000000000000043
 clint timer pending at mtime 0x0000000000000043
htif::tick 0x0000000000000000
mem[X,0x000000008002D08C] -> 0x8593
mem[X,0x000000008002D08E] -> 0x0CD5
[6700] [M]: 0x000000008002D08C (0x0CD58593) addi a1, a1, 0xcd
x11 <- 0xFFFFFFFF4AFB0CCD
mem[X,0x000000008002D090] -> 0x0113
mem[X,0x000000008002D092] -> 0x0000
[6701] [M]: 0x000000008002D090 (0x00000113) addi sp, zero, 0x0
x2 <- 0x0000000000000000
mem[X,0x000000008002D094] -> 0x006F
mem[X,0x000000008002D096] -> 0x00C0
[6702] [M]: 0x000000008002D094 (0x00C0006F) jal zero, 0xc
mem[X,0x000000008002D0A0] -> 0x5063
mem[X,0x000000008002D0A2] -> 0x08B5
[6703] [M]: 0x000000008002D0A0 (0x08B55063) bge a0, a1, 0x80
mem[X,0x000000008002D120] -> 0x0113
mem[X,0x000000008002D122] -> 0x0031
[6704] [M]: 0x000000008002D120 (0x00310113) addi sp, sp, 0x3
x2 <- 0x0000000000000003
mem[X,0x000000008002D124] -> 0x006F
mem[X,0x000000008002D126] -> 0x0040
[6705] [M]: 0x000000008002D124 (0x0040006F) jal zero, 0x4
mem[X,0x000000008002D128] -> 0xB423
mem[X,0x000000008002D12A] -> 0x5220
[6706] [M]: 0x000000008002D128 (0x5220B423) sd sp, 0x528(ra)
mem[0x0000000080048EF8] <- 0x0000000000000003
mem[X,0x000000008002D12C] -> 0x3537
mem[X,0x000000008002D12E] -> 0x3333
[6707] [M]: 0x000000008002D12C (0x33333537) lui a0, 0x33333
x10 <- 0x0000000033333000
mem[X,0x000000008002D130] -> 0x0513
mem[X,0x000000008002D132] -> 0x3335
[6708] [M]: 0x000000008002D130 (0x33350513) addi a0, a0, 0x333
x10 <- 0x0000000033333333
mem[X,0x000000008002D134] -> 0x1513
mem[X,0x000000008002D136] -> 0x00B5
[6709] [M]: 0x000000008002D134 (0x00B51513) slli a0, a0, 0xb
x10 <- 0x0000019999999800
mem[X,0x000000008002D138] -> 0x0513
mem[X,0x000000008002D13A] -> 0x1995
[6710] [M]: 0x000000008002D138 (0x19950513) addi a0, a0, 0x199
x10 <- 0x0000019999999999
mem[X,0x000000008002D13C] -> 0x1513
mem[X,0x000000008002D13E] -> 0x00B5
[6711] [M]: 0x000000008002D13C (0x00B51513) slli a0, a0, 0xb
x10 <- 0x000CCCCCCCCCC800
mem[X,0x000000008002D140] -> 0x0513
mem[X,0x000000008002D142] -> 0x4CC5
[6712] [M]: 0x000000008002D140 (0x4CC50513) addi a0, a0, 0x4cc
x10 <- 0x000CCCCCCCCCCCCC
mem[X,0x000000008002D144] -> 0x1513
mem[X,0x000000008002D146] -> 0x00A5
[6713] [M]: 0x000000008002D144 (0x00A51513) slli a0, a0, 0xa
x10 <- 0x3333333333333000
mem[X,0x000000008002D148] -> 0x0513
mem[X,0x000000008002D14A] -> 0x3325
[6714] [M]: 0x000000008002D148 (0x33250513) addi a0, a0, 0x332
x10 <- 0x3333333333333332
mem[X,0x000000008002D14C] -> 0x05B7
mem[X,0x000000008002D14E] -> 0x0000
[6715] [M]: 0x000000008002D14C (0x000005B7) lui a1, 0x0
x11 <- 0x0000000000000000
mem[X,0x000000008002D150] -> 0x8593
mem[X,0x000000008002D152] -> 0x0005
[6716] [M]: 0x000000008002D150 (0x00058593) addi a1, a1, 0x0
x11 <- 0x0000000000000000
mem[X,0x000000008002D154] -> 0x9593
mem[X,0x000000008002D156] -> 0x00B5
[6717] [M]: 0x000000008002D154 (0x00B59593) slli a1, a1, 0xb
x11 <- 0x0000000000000000
mem[X,0x000000008002D158] -> 0x8593
mem[X,0x000000008002D15A] -> 0x5A85
[6718] [M]: 0x000000008002D158 (0x5A858593) addi a1, a1, 0x5a8
x11 <- 0x00000000000005A8
mem[X,0x000000008002D15C] -> 0x9593
mem[X,0x000000008002D15E] -> 0x00B5
[6719] [M]: 0x000000008002D15C (0x00B59593) slli a1, a1, 0xb
x11 <- 0x00000000002D4000
mem[X,0x000000008002D160] -> 0x8593
mem[X,0x000000008002D162] -> 0x13C5
[6720] [M]: 0x000000008002D160 (0x13C58593) addi a1, a1, 0x13c
x11 <- 0x00000000002D413C
mem[X,0x000000008002D164] -> 0x9593
mem[X,0x000000008002D166] -> 0x00A5
[6721] [M]: 0x000000008002D164 (0x00A59593) slli a1, a1, 0xa
x11 <- 0x00000000B504F000
mem[X,0x000000008002D168] -> 0x8593
mem[X,0x000000008002D16A] -> 0x3335
[6722] [M]: 0x000000008002D168 (0x33358593) addi a1, a1, 0x333
x11 <- 0x00000000B504F333
mem[X,0x000000008002D16C] -> 0x0113
mem[X,0x000000008002D16E] -> 0x0000
[6723] [M]: 0x000000008002D16C (0x00000113) addi sp, zero, 0x0
x2 <- 0x0000000000000000
mem[X,0x000000008002D170] -> 0x006F
mem[X,0x000000008002D172] -> 0x00C0
[6724] [M]: 0x000000008002D170 (0x00C0006F) jal zero, 0xc
mem[X,0x000000008002D17C] -> 0x5663
mem[X,0x000000008002D17E] -> 0x00B5
[6725] [M]: 0x000000008002D17C (0x00B55663) bge a0, a1, 0xc
mem[X,0x000000008002D188] -> 0x0113
mem[X,0x000000008002D18A] -> 0x0031
[6726] [M]: 0x000000008002D188 (0x00310113) addi sp, sp, 0x3
x2 <- 0x0000000000000003
mem[X,0x000000008002D18C] -> 0x006F
mem[X,0x000000008002D18E] -> 0x0040
[6727] [M]: 0x000000008002D18C (0x0040006F) jal zero, 0x4
mem[X,0x000000008002D190] -> 0xB823
mem[X,0x000000008002D192] -> 0x5220
[6728] [M]: 0x000000008002D190 (0x5220B823) sd sp, 0x530(ra)
mem[0x0000000080048F00] <- 0x0000000000000003
mem[X,0x000000008002D194] -> 0x3537
mem[X,0x000000008002D196] -> 0x3333
[6729] [M]: 0x000000008002D194 (0x33333537) lui a0, 0x33333
x10 <- 0x0000000033333000
mem[X,0x000000008002D198] -> 0x0513
mem[X,0x000000008002D19A] -> 0x3335
[6730] [M]: 0x000000008002D198 (0x33350513) addi a0, a0, 0x333
x10 <- 0x0000000033333333
mem[X,0x000000008002D19C] -> 0x1513
mem[X,0x000000008002D19E] -> 0x00B5
[6731] [M]: 0x000000008002D19C (0x00B51513) slli a0, a0, 0xb
x10 <- 0x0000019999999800
mem[X,0x000000008002D1A0] -> 0x0513
mem[X,0x000000008002D1A2] -> 0x1995
[6732] [M]: 0x000000008002D1A0 (0x19950513) addi a0, a0, 0x199
x10 <- 0x0000019999999999
mem[X,0x000000008002D1A4] -> 0x1513
mem[X,0x000000008002D1A6] -> 0x00B5
[6733] [M]: 0x000000008002D1A4 (0x00B51513) slli a0, a0, 0xb
x10 <- 0x000CCCCCCCCCC800
mem[X,0x000000008002D1A8] -> 0x0513
mem[X,0x000000008002D1AA] -> 0x4CC5
[6734] [M]: 0x000000008002D1A8 (0x4CC50513) addi a0, a0, 0x4cc
x10 <- 0x000CCCCCCCCCCCCC
mem[X,0x000000008002D1AC] -> 0x1513
mem[X,0x000000008002D1AE] -> 0x00A5
[6735] [M]: 0x000000008002D1AC (0x00A51513) slli a0, a0, 0xa
x10 <- 0x3333333333333000
mem[X,0x000000008002D1B0] -> 0x0513
mem[X,0x000000008002D1B2] -> 0x3325
[6736] [M]: 0x000000008002D1B0 (0x33250513) addi a0, a0, 0x332
x10 <- 0x3333333333333332
mem[X,0x000000008002D1B4] -> 0x0593
mem[X,0x000000008002D1B6] -> 0x0020
[6737] [M]: 0x000000008002D1B4 (0x00200593) addi a1, zero, 0x2
x11 <- 0x0000000000000002
mem[X,0x000000008002D1B8] -> 0x0113
mem[X,0x000000008002D1BA] -> 0x0000
[6738] [M]: 0x000000008002D1B8 (0x00000113) addi sp, zero, 0x0
x2 <- 0x0000000000000000
mem[X,0x000000008002D1BC] -> 0x006F
mem[X,0x000000008002D1BE] -> 0x00C0
[6739] [M]: 0x000000008002D1BC (0x00C0006F) jal zero, 0xc
mem[X,0x000000008002D1C8] -> 0x5CE3
mem[X,0x000000008002D1CA] -> 0xFEB5
[6740] [M]: 0x000000008002D1C8 (0xFEB55CE3) bge a0, a1, -0x8
mem[X,0x000000008002D1C0] -> 0x0113
mem[X,0x000000008002D1C2] -> 0x0011
[6741] [M]: 0x000000008002D1C0 (0x00110113) addi sp, sp, 0x1
x2 <- 0x0000000000000001
mem[X,0x000000008002D1C4] -> 0x006F
mem[X,0x000000008002D1C6] -> 0x0180
[6742] [M]: 0x000000008002D1C4 (0x0180006F) jal zero, 0x18
mem[X,0x000000008002D1DC] -> 0xBC23
mem[X,0x000000008002D1DE] -> 0x5220
[6743] [M]: 0x000000008002D1DC (0x5220BC23) sd sp, 0x538(ra)
mem[0x0000000080048F08] <- 0x0000000000000001
mem[X,0x000000008002D1E0] -> 0x3537
mem[X,0x000000008002D1E2] -> 0x3333
[6744] [M]: 0x000000008002D1E0 (0x33333537) lui a0, 0x33333
x10 <- 0x0000000033333000
mem[X,0x000000008002D1E4] -> 0x0513
mem[X,0x000000008002D1E6] -> 0x3335
[6745] [M]: 0x000000008002D1E4 (0x33350513) addi a0, a0, 0x333
x10 <- 0x0000000033333333
mem[X,0x000000008002D1E8] -> 0x1513
mem[X,0x000000008002D1EA] -> 0x00B5
[6746] [M]: 0x000000008002D1E8 (0x00B51513) slli a0, a0, 0xb
x10 <- 0x0000019999999800
mem[X,0x000000008002D1EC] -> 0x0513
mem[X,0x000000008002D1EE] -> 0x1995
[6747] [M]: 0x000000008002D1EC (0x19950513) addi a0, a0, 0x199
x10 <- 0x0000019999999999
mem[X,0x000000008002D1F0] -> 0x1513
mem[X,0x000000008002D1F2] -> 0x00B5
[6748] [M]: 0x000000008002D1F0 (0x00B51513) slli a0, a0, 0xb
x10 <- 0x000CCCCCCCCCC800
mem[X,0x000000008002D1F4] -> 0x0513
mem[X,0x000000008002D1F6] -> 0x4CC5
[6749] [M]: 0x000000008002D1F4 (0x4CC50513) addi a0, a0, 0x4cc
x10 <- 0x000CCCCCCCCCCCCC
mem[X,0x000000008002D1F8] -> 0x1513
mem[X,0x000000008002D1FA] -> 0x00A5
[6750] [M]: 0x000000008002D1F8 (0x00A51513) slli a0, a0, 0xa
x10 <- 0x3333333333333000
mem[X,0x000000008002D1FC] -> 0x0513
mem[X,0x000000008002D1FE] -> 0x3325
[6751] [M]: 0x000000008002D1FC (0x33250513) addi a0, a0, 0x332
x10 <- 0x3333333333333332
mem[X,0x000000008002D200] -> 0x55B7
mem[X,0x000000008002D202] -> 0x5555
[6752] [M]: 0x000000008002D200 (0x555555B7) lui a1, 0x55555
x11 <- 0x0000000055555000
mem[X,0x000000008002D204] -> 0x8593
mem[X,0x000000008002D206] -> 0x5555
[6753] [M]: 0x000000008002D204 (0x55558593) addi a1, a1, 0x555
x11 <- 0x0000000055555555
mem[X,0x000000008002D208] -> 0x9593
mem[X,0x000000008002D20A] -> 0x00B5
[6754] [M]: 0x000000008002D208 (0x00B59593) slli a1, a1, 0xb
x11 <- 0x000002AAAAAAA800
mem[X,0x000000008002D20C] -> 0x8593
mem[X,0x000000008002D20E] -> 0x2AA5
[6755] [M]: 0x000000008002D20C (0x2AA58593) addi a1, a1, 0x2aa
x11 <- 0x000002AAAAAAAAAA
mem[X,0x000000008002D210] -> 0x9593
mem[X,0x000000008002D212] -> 0x00B5
[6756] [M]: 0x000000008002D210 (0x00B59593) slli a1, a1, 0xb
x11 <- 0x0015555555555000
mem[X,0x000000008002D214] -> 0x8593
mem[X,0x000000008002D216] -> 0x5555
[6757] [M]: 0x000000008002D214 (0x55558593) addi a1, a1, 0x555
x11 <- 0x0015555555555555
mem[X,0x000000008002D218] -> 0x9593
mem[X,0x000000008002D21A] -> 0x00A5
[6758] [M]: 0x000000008002D218 (0x00A59593) slli a1, a1, 0xa
x11 <- 0x5555555555555400
mem[X,0x000000008002D21C] -> 0x8593
mem[X,0x000000008002D21E] -> 0x1545
[6759] [M]: 0x000000008002D21C (0x15458593) addi a1, a1, 0x154
x11 <- 0x5555555555555554
mem[X,0x000000008002D220] -> 0x0113
mem[X,0x000000008002D222] -> 0x0000
[6760] [M]: 0x000000008002D220 (0x00000113) addi sp, zero, 0x0
x2 <- 0x0000000000000000
mem[X,0x000000008002D224] -> 0x006F
mem[X,0x000000008002D226] -> 0x00C0
[6761] [M]: 0x000000008002D224 (0x00C0006F) jal zero, 0xc
mem[X,0x000000008002D230] -> 0x5663
mem[X,0x000000008002D232] -> 0x00B5
[6762] [M]: 0x000000008002D230 (0x00B55663) bge a0, a1, 0xc
mem[X,0x000000008002D234] -> 0x0113
mem[X,0x000000008002D236] -> 0x0021
[6763] [M]: 0x000000008002D234 (0x00210113) addi sp, sp, 0x2
x2 <- 0x0000000000000002
mem[X,0x000000008002D238] -> 0x006F
mem[X,0x000000008002D23A] -> 0x00C0
[6764] [M]: 0x000000008002D238 (0x00C0006F) jal zero, 0xc
mem[X,0x000000008002D244] -> 0xB023
mem[X,0x000000008002D246] -> 0x5420
[6765] [M]: 0x000000008002D244 (0x5420B023) sd sp, 0x540(ra)
mem[0x0000000080048F10] <- 0x0000000000000002
mem[X,0x000000008002D248] -> 0x3537
mem[X,0x000000008002D24A] -> 0x3333
[6766] [M]: 0x000000008002D248 (0x33333537) lui a0, 0x33333
x10 <- 0x0000000033333000
mem[X,0x000000008002D24C] -> 0x0513
mem[X,0x000000008002D24E] -> 0x3335
[6767] [M]: 0x000000008002D24C (0x33350513) addi a0, a0, 0x333
x10 <- 0x0000000033333333
mem[X,0x000000008002D250] -> 0x1513
mem[X,0x000000008002D252] -> 0x00B5
[6768] [M]: 0x000000008002D250 (0x00B51513) slli a0, a0, 0xb
x10 <- 0x0000019999999800
mem[X,0x000000008002D254] -> 0x0513
mem[X,0x000000008002D256] -> 0x1995
[6769] [M]: 0x000000008002D254 (0x19950513) addi a0, a0, 0x199
x10 <- 0x0000019999999999
mem[X,0x000000008002D258] -> 0x1513
mem[X,0x000000008002D25A] -> 0x00B5
[6770] [M]: 0x000000008002D258 (0x00B51513) slli a0, a0, 0xb
x10 <- 0x000CCCCCCCCCC800
mem[X,0x000000008002D25C] -> 0x0513
mem[X,0x000000008002D25E] -> 0x4CC5
[6771] [M]: 0x000000008002D25C (0x4CC50513) addi a0, a0, 0x4cc
x10 <- 0x000CCCCCCCCCCCCC
mem[X,0x000000008002D260] -> 0x1513
mem[X,0x000000008002D262] -> 0x00A5
[6772] [M]: 0x000000008002D260 (0x00A51513) slli a0, a0, 0xa
x10 <- 0x3333333333333000
mem[X,0x000000008002D264] -> 0x0513
mem[X,0x000000008002D266] -> 0x3325
[6773] [M]: 0x000000008002D264 (0x33250513) addi a0, a0, 0x332
x10 <- 0x3333333333333332
mem[X,0x000000008002D268] -> 0x0593
mem[X,0x000000008002D26A] -> 0x0000
[6774] [M]: 0x000000008002D268 (0x00000593) addi a1, zero, 0x0
x11 <- 0x0000000000000000
mem[X,0x000000008002D26C] -> 0x0113
mem[X,0x000000008002D26E] -> 0x0000
[6775] [M]: 0x000000008002D26C (0x00000113) addi sp, zero, 0x0
x2 <- 0x0000000000000000
mem[X,0x000000008002D270] -> 0x006F
mem[X,0x000000008002D272] -> 0x00C0
[6776] [M]: 0x000000008002D270 (0x00C0006F) jal zero, 0xc
mem[X,0x000000008002D27C] -> 0x5063
mem[X,0x000000008002D27E] -> 0x08B5
[6777] [M]: 0x000000008002D27C (0x08B55063) bge a0, a1, 0x80
mem[X,0x000000008002D2FC] -> 0x0113
mem[X,0x000000008002D2FE] -> 0x0031
[6778] [M]: 0x000000008002D2FC (0x00310113) addi sp, sp, 0x3
x2 <- 0x0000000000000003
mem[X,0x000000008002D300] -> 0x006F
mem[X,0x000000008002D302] -> 0x0040
[6779] [M]: 0x000000008002D300 (0x0040006F) jal zero, 0x4
mem[X,0x000000008002D304] -> 0xB423
mem[X,0x000000008002D306] -> 0x5420
[6780] [M]: 0x000000008002D304 (0x5420B423) sd sp, 0x548(ra)
mem[0x0000000080048F18] <- 0x0000000000000003
mem[X,0x000000008002D308] -> 0x3537
mem[X,0x000000008002D30A] -> 0x3333
[6781] [M]: 0x000000008002D308 (0x33333537) lui a0, 0x33333
x10 <- 0x0000000033333000
mem[X,0x000000008002D30C] -> 0x0513
mem[X,0x000000008002D30E] -> 0x3335
[6782] [M]: 0x000000008002D30C (0x33350513) addi a0, a0, 0x333
x10 <- 0x0000000033333333
mem[X,0x000000008002D310] -> 0x1513
mem[X,0x000000008002D312] -> 0x00B5
[6783] [M]: 0x000000008002D310 (0x00B51513) slli a0, a0, 0xb
x10 <- 0x0000019999999800
mem[X,0x000000008002D314] -> 0x0513
mem[X,0x000000008002D316] -> 0x1995
[6784] [M]: 0x000000008002D314 (0x19950513) addi a0, a0, 0x199
x10 <- 0x0000019999999999
mem[X,0x000000008002D318] -> 0x1513
mem[X,0x000000008002D31A] -> 0x00B5
[6785] [M]: 0x000000008002D318 (0x00B51513) slli a0, a0, 0xb
x10 <- 0x000CCCCCCCCCC800
mem[X,0x000000008002D31C] -> 0x0513
mem[X,0x000000008002D31E] -> 0x4CC5
[6786] [M]: 0x000000008002D31C (0x4CC50513) addi a0, a0, 0x4cc
x10 <- 0x000CCCCCCCCCCCCC
mem[X,0x000000008002D320] -> 0x1513
mem[X,0x000000008002D322] -> 0x00A5
[6787] [M]: 0x000000008002D320 (0x00A51513) slli a0, a0, 0xa
x10 <- 0x3333333333333000
mem[X,0x000000008002D324] -> 0x0513
mem[X,0x000000008002D326] -> 0x3325
[6788] [M]: 0x000000008002D324 (0x33250513) addi a0, a0, 0x332
x10 <- 0x3333333333333332
mem[X,0x000000008002D328] -> 0x0593
mem[X,0x000000008002D32A] -> 0x0040
[6789] [M]: 0x000000008002D328 (0x00400593) addi a1, zero, 0x4
x11 <- 0x0000000000000004
mem[X,0x000000008002D32C] -> 0x0113
mem[X,0x000000008002D32E] -> 0x0000
[6790] [M]: 0x000000008002D32C (0x00000113) addi sp, zero, 0x0
x2 <- 0x0000000000000000
mem[X,0x000000008002D330] -> 0x006F
mem[X,0x000000008002D332] -> 0x2B10
[6791] [M]: 0x000000008002D330 (0x2B10006F) jal zero, 0xab0
mem[X,0x000000008002DDE0] -> 0x5A63
mem[X,0x000000008002DDE2] -> 0xD4B5
[6792] [M]: 0x000000008002DDE0 (0xD4B55A63) bge a0, a1, -0xaac
mem[X,0x000000008002D334] -> 0x0113
mem[X,0x000000008002D336] -> 0x0011
[6793] [M]: 0x000000008002D334 (0x00110113) addi sp, sp, 0x1
x2 <- 0x0000000000000001
mem[X,0x000000008002D338] -> 0x006F
mem[X,0x000000008002D33A] -> 0x2BD0
[6794] [M]: 0x000000008002D338 (0x2BD0006F) jal zero, 0xabc
mem[X,0x000000008002DDF4] -> 0xB823
mem[X,0x000000008002DDF6] -> 0x5420
[6795] [M]: 0x000000008002DDF4 (0x5420B823) sd sp, 0x550(ra)
mem[0x0000000080048F20] <- 0x0000000000000001
mem[X,0x000000008002DDF8] -> 0x3537
mem[X,0x000000008002DDFA] -> 0x3333
[6796] [M]: 0x000000008002DDF8 (0x33333537) lui a0, 0x33333
x10 <- 0x0000000033333000
mem[X,0x000000008002DDFC] -> 0x0513
mem[X,0x000000008002DDFE] -> 0x3335
[6797] [M]: 0x000000008002DDFC (0x33350513) addi a0, a0, 0x333
x10 <- 0x0000000033333333
mem[X,0x000000008002DE00] -> 0x1513
mem[X,0x000000008002DE02] -> 0x00B5
[6798] [M]: 0x000000008002DE00 (0x00B51513) slli a0, a0, 0xb
x10 <- 0x0000019999999800
mem[X,0x000000008002DE04] -> 0x0513
mem[X,0x000000008002DE06] -> 0x1995
[6799] [M]: 0x000000008002DE04 (0x19950513) addi a0, a0, 0x199
x10 <- 0x0000019999999999
clint::tick mtime <- 0x0000000000000044
 clint timer pending at mtime 0x0000000000000044
htif::tick 0x0000000000000000
mem[X,0x000000008002DE08] -> 0x1513
mem[X,0x000000008002DE0A] -> 0x00B5
[6800] [M]: 0x000000008002DE08 (0x00B51513) slli a0, a0, 0xb
x10 <- 0x000CCCCCCCCCC800
mem[X,0x000000008002DE0C] -> 0x0513
mem[X,0x000000008002DE0E] -> 0x4CC5
[6801] [M]: 0x000000008002DE0C (0x4CC50513) addi a0, a0, 0x4cc
x10 <- 0x000CCCCCCCCCCCCC
mem[X,0x000000008002DE10] -> 0x1513
mem[X,0x000000008002DE12] -> 0x00A5
[6802] [M]: 0x000000008002DE10 (0x00A51513) slli a0, a0, 0xa
x10 <- 0x3333333333333000
mem[X,0x000000008002DE14] -> 0x0513
mem[X,0x000000008002DE16] -> 0x3325
[6803] [M]: 0x000000008002DE14 (0x33250513) addi a0, a0, 0x332
x10 <- 0x3333333333333332
mem[X,0x000000008002DE18] -> 0x35B7
mem[X,0x000000008002DE1A] -> 0x3333
[6804] [M]: 0x000000008002DE18 (0x333335B7) lui a1, 0x33333
x11 <- 0x0000000033333000
mem[X,0x000000008002DE1C] -> 0x8593
mem[X,0x000000008002DE1E] -> 0x3335
[6805] [M]: 0x000000008002DE1C (0x33358593) addi a1, a1, 0x333
x11 <- 0x0000000033333333
mem[X,0x000000008002DE20] -> 0x9593
mem[X,0x000000008002DE22] -> 0x00B5
[6806] [M]: 0x000000008002DE20 (0x00B59593) slli a1, a1, 0xb
x11 <- 0x0000019999999800
mem[X,0x000000008002DE24] -> 0x8593
mem[X,0x000000008002DE26] -> 0x1995
[6807] [M]: 0x000000008002DE24 (0x19958593) addi a1, a1, 0x199
x11 <- 0x0000019999999999
mem[X,0x000000008002DE28] -> 0x9593
mem[X,0x000000008002DE2A] -> 0x00B5
[6808] [M]: 0x000000008002DE28 (0x00B59593) slli a1, a1, 0xb
x11 <- 0x000CCCCCCCCCC800
mem[X,0x000000008002DE2C] -> 0x8593
mem[X,0x000000008002DE2E] -> 0x4CC5
[6809] [M]: 0x000000008002DE2C (0x4CC58593) addi a1, a1, 0x4cc
x11 <- 0x000CCCCCCCCCCCCC
mem[X,0x000000008002DE30] -> 0x9593
mem[X,0x000000008002DE32] -> 0x00A5
[6810] [M]: 0x000000008002DE30 (0x00A59593) slli a1, a1, 0xa
x11 <- 0x3333333333333000
mem[X,0x000000008002DE34] -> 0x8593
mem[X,0x000000008002DE36] -> 0x3325
[6811] [M]: 0x000000008002DE34 (0x33258593) addi a1, a1, 0x332
x11 <- 0x3333333333333332
mem[X,0x000000008002DE38] -> 0x0113
mem[X,0x000000008002DE3A] -> 0x0000
[6812] [M]: 0x000000008002DE38 (0x00000113) addi sp, zero, 0x0
x2 <- 0x0000000000000000
mem[X,0x000000008002DE3C] -> 0x006F
mem[X,0x000000008002DE3E] -> 0x00C0
[6813] [M]: 0x000000008002DE3C (0x00C0006F) jal zero, 0xc
mem[X,0x000000008002DE48] -> 0x5663
mem[X,0x000000008002DE4A] -> 0x00B5
[6814] [M]: 0x000000008002DE48 (0x00B55663) bge a0, a1, 0xc
mem[X,0x000000008002DE54] -> 0x0113
mem[X,0x000000008002DE56] -> 0x0031
[6815] [M]: 0x000000008002DE54 (0x00310113) addi sp, sp, 0x3
x2 <- 0x0000000000000003
mem[X,0x000000008002DE58] -> 0x006F
mem[X,0x000000008002DE5A] -> 0x0040
[6816] [M]: 0x000000008002DE58 (0x0040006F) jal zero, 0x4
mem[X,0x000000008002DE5C] -> 0xBC23
mem[X,0x000000008002DE5E] -> 0x5420
[6817] [M]: 0x000000008002DE5C (0x5420BC23) sd sp, 0x558(ra)
mem[0x0000000080048F28] <- 0x0000000000000003
mem[X,0x000000008002DE60] -> 0x3537
mem[X,0x000000008002DE62] -> 0x3333
[6818] [M]: 0x000000008002DE60 (0x33333537) lui a0, 0x33333
x10 <- 0x0000000033333000
mem[X,0x000000008002DE64] -> 0x0513
mem[X,0x000000008002DE66] -> 0x3335
[6819] [M]: 0x000000008002DE64 (0x33350513) addi a0, a0, 0x333
x10 <- 0x0000000033333333
mem[X,0x000000008002DE68] -> 0x1513
mem[X,0x000000008002DE6A] -> 0x00B5
[6820] [M]: 0x000000008002DE68 (0x00B51513) slli a0, a0, 0xb
x10 <- 0x0000019999999800
mem[X,0x000000008002DE6C] -> 0x0513
mem[X,0x000000008002DE6E] -> 0x1995
[6821] [M]: 0x000000008002DE6C (0x19950513) addi a0, a0, 0x199
x10 <- 0x0000019999999999
mem[X,0x000000008002DE70] -> 0x1513
mem[X,0x000000008002DE72] -> 0x00B5
[6822] [M]: 0x000000008002DE70 (0x00B51513) slli a0, a0, 0xb
x10 <- 0x000CCCCCCCCCC800
mem[X,0x000000008002DE74] -> 0x0513
mem[X,0x000000008002DE76] -> 0x4CC5
[6823] [M]: 0x000000008002DE74 (0x4CC50513) addi a0, a0, 0x4cc
x10 <- 0x000CCCCCCCCCCCCC
mem[X,0x000000008002DE78] -> 0x1513
mem[X,0x000000008002DE7A] -> 0x00A5
[6824] [M]: 0x000000008002DE78 (0x00A51513) slli a0, a0, 0xa
x10 <- 0x3333333333333000
mem[X,0x000000008002DE7C] -> 0x0513
mem[X,0x000000008002DE7E] -> 0x3325
[6825] [M]: 0x000000008002DE7C (0x33250513) addi a0, a0, 0x332
x10 <- 0x3333333333333332
mem[X,0x000000008002DE80] -> 0x65B7
mem[X,0x000000008002DE82] -> 0x6666
[6826] [M]: 0x000000008002DE80 (0x666665B7) lui a1, 0x66666
x11 <- 0x0000000066666000
mem[X,0x000000008002DE84] -> 0x8593
mem[X,0x000000008002DE86] -> 0x6665
[6827] [M]: 0x000000008002DE84 (0x66658593) addi a1, a1, 0x666
x11 <- 0x0000000066666666
mem[X,0x000000008002DE88] -> 0x9593
mem[X,0x000000008002DE8A] -> 0x00B5
[6828] [M]: 0x000000008002DE88 (0x00B59593) slli a1, a1, 0xb
x11 <- 0x0000033333333000
mem[X,0x000000008002DE8C] -> 0x8593
mem[X,0x000000008002DE8E] -> 0x3335
[6829] [M]: 0x000000008002DE8C (0x33358593) addi a1, a1, 0x333
x11 <- 0x0000033333333333
mem[X,0x000000008002DE90] -> 0x9593
mem[X,0x000000008002DE92] -> 0x00B5
[6830] [M]: 0x000000008002DE90 (0x00B59593) slli a1, a1, 0xb
x11 <- 0x0019999999999800
mem[X,0x000000008002DE94] -> 0x8593
mem[X,0x000000008002DE96] -> 0x1995
[6831] [M]: 0x000000008002DE94 (0x19958593) addi a1, a1, 0x199
x11 <- 0x0019999999999999
mem[X,0x000000008002DE98] -> 0x9593
mem[X,0x000000008002DE9A] -> 0x00A5
[6832] [M]: 0x000000008002DE98 (0x00A59593) slli a1, a1, 0xa
x11 <- 0x6666666666666400
mem[X,0x000000008002DE9C] -> 0x8593
mem[X,0x000000008002DE9E] -> 0x2655
[6833] [M]: 0x000000008002DE9C (0x26558593) addi a1, a1, 0x265
x11 <- 0x6666666666666665
mem[X,0x000000008002DEA0] -> 0x0113
mem[X,0x000000008002DEA2] -> 0x0000
[6834] [M]: 0x000000008002DEA0 (0x00000113) addi sp, zero, 0x0
x2 <- 0x0000000000000000
mem[X,0x000000008002DEA4] -> 0x006F
mem[X,0x000000008002DEA6] -> 0x00C0
[6835] [M]: 0x000000008002DEA4 (0x00C0006F) jal zero, 0xc
mem[X,0x000000008002DEB0] -> 0x5CE3
mem[X,0x000000008002DEB2] -> 0xFEB5
[6836] [M]: 0x000000008002DEB0 (0xFEB55CE3) bge a0, a1, -0x8
mem[X,0x000000008002DEB4] -> 0x0113
mem[X,0x000000008002DEB6] -> 0x0021
[6837] [M]: 0x000000008002DEB4 (0x00210113) addi sp, sp, 0x2
x2 <- 0x0000000000000002
mem[X,0x000000008002DEB8] -> 0x006F
mem[X,0x000000008002DEBA] -> 0x00C0
[6838] [M]: 0x000000008002DEB8 (0x00C0006F) jal zero, 0xc
mem[X,0x000000008002DEC4] -> 0xB023
mem[X,0x000000008002DEC6] -> 0x5620
[6839] [M]: 0x000000008002DEC4 (0x5620B023) sd sp, 0x560(ra)
mem[0x0000000080048F30] <- 0x0000000000000002
mem[X,0x000000008002DEC8] -> 0x3537
mem[X,0x000000008002DECA] -> 0x3333
[6840] [M]: 0x000000008002DEC8 (0x33333537) lui a0, 0x33333
x10 <- 0x0000000033333000
mem[X,0x000000008002DECC] -> 0x0513
mem[X,0x000000008002DECE] -> 0x3335
[6841] [M]: 0x000000008002DECC (0x33350513) addi a0, a0, 0x333
x10 <- 0x0000000033333333
mem[X,0x000000008002DED0] -> 0x1513
mem[X,0x000000008002DED2] -> 0x00B5
[6842] [M]: 0x000000008002DED0 (0x00B51513) slli a0, a0, 0xb
x10 <- 0x0000019999999800
mem[X,0x000000008002DED4] -> 0x0513
mem[X,0x000000008002DED6] -> 0x1995
[6843] [M]: 0x000000008002DED4 (0x19950513) addi a0, a0, 0x199
x10 <- 0x0000019999999999
mem[X,0x000000008002DED8] -> 0x1513
mem[X,0x000000008002DEDA] -> 0x00B5
[6844] [M]: 0x000000008002DED8 (0x00B51513) slli a0, a0, 0xb
x10 <- 0x000CCCCCCCCCC800
mem[X,0x000000008002DEDC] -> 0x0513
mem[X,0x000000008002DEDE] -> 0x4CC5
[6845] [M]: 0x000000008002DEDC (0x4CC50513) addi a0, a0, 0x4cc
x10 <- 0x000CCCCCCCCCCCCC
mem[X,0x000000008002DEE0] -> 0x1513
mem[X,0x000000008002DEE2] -> 0x00A5
[6846] [M]: 0x000000008002DEE0 (0x00A51513) slli a0, a0, 0xa
x10 <- 0x3333333333333000
mem[X,0x000000008002DEE4] -> 0x0513
mem[X,0x000000008002DEE6] -> 0x3325
[6847] [M]: 0x000000008002DEE4 (0x33250513) addi a0, a0, 0x332
x10 <- 0x3333333333333332
mem[X,0x000000008002DEE8] -> 0x05B7
mem[X,0x000000008002DEEA] -> 0x0000
[6848] [M]: 0x000000008002DEE8 (0x000005B7) lui a1, 0x0
x11 <- 0x0000000000000000
mem[X,0x000000008002DEEC] -> 0x8593
mem[X,0x000000008002DEEE] -> 0x0005
[6849] [M]: 0x000000008002DEEC (0x00058593) addi a1, a1, 0x0
x11 <- 0x0000000000000000
mem[X,0x000000008002DEF0] -> 0x9593
mem[X,0x000000008002DEF2] -> 0x00B5
[6850] [M]: 0x000000008002DEF0 (0x00B59593) slli a1, a1, 0xb
x11 <- 0x0000000000000000
mem[X,0x000000008002DEF4] -> 0x8593
mem[X,0x000000008002DEF6] -> 0x5A85
[6851] [M]: 0x000000008002DEF4 (0x5A858593) addi a1, a1, 0x5a8
x11 <- 0x00000000000005A8
mem[X,0x000000008002DEF8] -> 0x9593
mem[X,0x000000008002DEFA] -> 0x00B5
[6852] [M]: 0x000000008002DEF8 (0x00B59593) slli a1, a1, 0xb
x11 <- 0x00000000002D4000
mem[X,0x000000008002DEFC] -> 0x8593
mem[X,0x000000008002DEFE] -> 0x13C5
[6853] [M]: 0x000000008002DEFC (0x13C58593) addi a1, a1, 0x13c
x11 <- 0x00000000002D413C
mem[X,0x000000008002DF00] -> 0x9593
mem[X,0x000000008002DF02] -> 0x00A5
[6854] [M]: 0x000000008002DF00 (0x00A59593) slli a1, a1, 0xa
x11 <- 0x00000000B504F000
mem[X,0x000000008002DF04] -> 0x8593
mem[X,0x000000008002DF06] -> 0x3325
[6855] [M]: 0x000000008002DF04 (0x33258593) addi a1, a1, 0x332
x11 <- 0x00000000B504F332
mem[X,0x000000008002DF08] -> 0x0113
mem[X,0x000000008002DF0A] -> 0x0000
[6856] [M]: 0x000000008002DF08 (0x00000113) addi sp, zero, 0x0
x2 <- 0x0000000000000000
mem[X,0x000000008002DF0C] -> 0x006F
mem[X,0x000000008002DF0E] -> 0x00C0
[6857] [M]: 0x000000008002DF0C (0x00C0006F) jal zero, 0xc
mem[X,0x000000008002DF18] -> 0x5063
mem[X,0x000000008002DF1A] -> 0x08B5
[6858] [M]: 0x000000008002DF18 (0x08B55063) bge a0, a1, 0x80
mem[X,0x000000008002DF98] -> 0x0113
mem[X,0x000000008002DF9A] -> 0x0031
[6859] [M]: 0x000000008002DF98 (0x00310113) addi sp, sp, 0x3
x2 <- 0x0000000000000003
mem[X,0x000000008002DF9C] -> 0x006F
mem[X,0x000000008002DF9E] -> 0x0040
[6860] [M]: 0x000000008002DF9C (0x0040006F) jal zero, 0x4
mem[X,0x000000008002DFA0] -> 0xB423
mem[X,0x000000008002DFA2] -> 0x5620
[6861] [M]: 0x000000008002DFA0 (0x5620B423) sd sp, 0x568(ra)
mem[0x0000000080048F38] <- 0x0000000000000003
mem[X,0x000000008002DFA4] -> 0x3537
mem[X,0x000000008002DFA6] -> 0x3333
[6862] [M]: 0x000000008002DFA4 (0x33333537) lui a0, 0x33333
x10 <- 0x0000000033333000
mem[X,0x000000008002DFA8] -> 0x0513
mem[X,0x000000008002DFAA] -> 0x3335
[6863] [M]: 0x000000008002DFA8 (0x33350513) addi a0, a0, 0x333
x10 <- 0x0000000033333333
mem[X,0x000000008002DFAC] -> 0x1513
mem[X,0x000000008002DFAE] -> 0x00B5
[6864] [M]: 0x000000008002DFAC (0x00B51513) slli a0, a0, 0xb
x10 <- 0x0000019999999800
mem[X,0x000000008002DFB0] -> 0x0513
mem[X,0x000000008002DFB2] -> 0x1995
[6865] [M]: 0x000000008002DFB0 (0x19950513) addi a0, a0, 0x199
x10 <- 0x0000019999999999
mem[X,0x000000008002DFB4] -> 0x1513
mem[X,0x000000008002DFB6] -> 0x00B5
[6866] [M]: 0x000000008002DFB4 (0x00B51513) slli a0, a0, 0xb
x10 <- 0x000CCCCCCCCCC800
mem[X,0x000000008002DFB8] -> 0x0513
mem[X,0x000000008002DFBA] -> 0x4CC5
[6867] [M]: 0x000000008002DFB8 (0x4CC50513) addi a0, a0, 0x4cc
x10 <- 0x000CCCCCCCCCCCCC
mem[X,0x000000008002DFBC] -> 0x1513
mem[X,0x000000008002DFBE] -> 0x00A5
[6868] [M]: 0x000000008002DFBC (0x00A51513) slli a0, a0, 0xa
x10 <- 0x3333333333333000
mem[X,0x000000008002DFC0] -> 0x0513
mem[X,0x000000008002DFC2] -> 0x3325
[6869] [M]: 0x000000008002DFC0 (0x33250513) addi a0, a0, 0x332
x10 <- 0x3333333333333332
mem[X,0x000000008002DFC4] -> 0x55B7
mem[X,0x000000008002DFC6] -> 0x5555
[6870] [M]: 0x000000008002DFC4 (0x555555B7) lui a1, 0x55555
x11 <- 0x0000000055555000
mem[X,0x000000008002DFC8] -> 0x8593
mem[X,0x000000008002DFCA] -> 0x5555
[6871] [M]: 0x000000008002DFC8 (0x55558593) addi a1, a1, 0x555
x11 <- 0x0000000055555555
mem[X,0x000000008002DFCC] -> 0x9593
mem[X,0x000000008002DFCE] -> 0x00B5
[6872] [M]: 0x000000008002DFCC (0x00B59593) slli a1, a1, 0xb
x11 <- 0x000002AAAAAAA800
mem[X,0x000000008002DFD0] -> 0x8593
mem[X,0x000000008002DFD2] -> 0x2AA5
[6873] [M]: 0x000000008002DFD0 (0x2AA58593) addi a1, a1, 0x2aa
x11 <- 0x000002AAAAAAAAAA
mem[X,0x000000008002DFD4] -> 0x9593
mem[X,0x000000008002DFD6] -> 0x00B5
[6874] [M]: 0x000000008002DFD4 (0x00B59593) slli a1, a1, 0xb
x11 <- 0x0015555555555000
mem[X,0x000000008002DFD8] -> 0x8593
mem[X,0x000000008002DFDA] -> 0x5555
[6875] [M]: 0x000000008002DFD8 (0x55558593) addi a1, a1, 0x555
x11 <- 0x0015555555555555
mem[X,0x000000008002DFDC] -> 0x9593
mem[X,0x000000008002DFDE] -> 0x00A5
[6876] [M]: 0x000000008002DFDC (0x00A59593) slli a1, a1, 0xa
x11 <- 0x5555555555555400
mem[X,0x000000008002DFE0] -> 0x8593
mem[X,0x000000008002DFE2] -> 0x1565
[6877] [M]: 0x000000008002DFE0 (0x15658593) addi a1, a1, 0x156
x11 <- 0x5555555555555556
mem[X,0x000000008002DFE4] -> 0x0113
mem[X,0x000000008002DFE6] -> 0x0000
[6878] [M]: 0x000000008002DFE4 (0x00000113) addi sp, zero, 0x0
x2 <- 0x0000000000000000
mem[X,0x000000008002DFE8] -> 0x006F
mem[X,0x000000008002DFEA] -> 0x00C0
[6879] [M]: 0x000000008002DFE8 (0x00C0006F) jal zero, 0xc
mem[X,0x000000008002DFF4] -> 0x5663
mem[X,0x000000008002DFF6] -> 0x00B5
[6880] [M]: 0x000000008002DFF4 (0x00B55663) bge a0, a1, 0xc
mem[X,0x000000008002DFF8] -> 0x0113
mem[X,0x000000008002DFFA] -> 0x0021
[6881] [M]: 0x000000008002DFF8 (0x00210113) addi sp, sp, 0x2
x2 <- 0x0000000000000002
mem[X,0x000000008002DFFC] -> 0x006F
mem[X,0x000000008002DFFE] -> 0x00C0
[6882] [M]: 0x000000008002DFFC (0x00C0006F) jal zero, 0xc
mem[X,0x000000008002E008] -> 0xB823
mem[X,0x000000008002E00A] -> 0x5620
[6883] [M]: 0x000000008002E008 (0x5620B823) sd sp, 0x570(ra)
mem[0x0000000080048F40] <- 0x0000000000000002
mem[X,0x000000008002E00C] -> 0x3537
mem[X,0x000000008002E00E] -> 0x3333
[6884] [M]: 0x000000008002E00C (0x33333537) lui a0, 0x33333
x10 <- 0x0000000033333000
mem[X,0x000000008002E010] -> 0x0513
mem[X,0x000000008002E012] -> 0x3335
[6885] [M]: 0x000000008002E010 (0x33350513) addi a0, a0, 0x333
x10 <- 0x0000000033333333
mem[X,0x000000008002E014] -> 0x1513
mem[X,0x000000008002E016] -> 0x00B5
[6886] [M]: 0x000000008002E014 (0x00B51513) slli a0, a0, 0xb
x10 <- 0x0000019999999800
mem[X,0x000000008002E018] -> 0x0513
mem[X,0x000000008002E01A] -> 0x1995
[6887] [M]: 0x000000008002E018 (0x19950513) addi a0, a0, 0x199
x10 <- 0x0000019999999999
mem[X,0x000000008002E01C] -> 0x1513
mem[X,0x000000008002E01E] -> 0x00B5
[6888] [M]: 0x000000008002E01C (0x00B51513) slli a0, a0, 0xb
x10 <- 0x000CCCCCCCCCC800
mem[X,0x000000008002E020] -> 0x0513
mem[X,0x000000008002E022] -> 0x4CC5
[6889] [M]: 0x000000008002E020 (0x4CC50513) addi a0, a0, 0x4cc
x10 <- 0x000CCCCCCCCCCCCC
mem[X,0x000000008002E024] -> 0x1513
mem[X,0x000000008002E026] -> 0x00A5
[6890] [M]: 0x000000008002E024 (0x00A51513) slli a0, a0, 0xa
x10 <- 0x3333333333333000
mem[X,0x000000008002E028] -> 0x0513
mem[X,0x000000008002E02A] -> 0x3325
[6891] [M]: 0x000000008002E028 (0x33250513) addi a0, a0, 0x332
x10 <- 0x3333333333333332
mem[X,0x000000008002E02C] -> 0xB5B7
mem[X,0x000000008002E02E] -> 0xAAAA
[6892] [M]: 0x000000008002E02C (0xAAAAB5B7) lui a1, -0x55555
x11 <- 0xFFFFFFFFAAAAB000
mem[X,0x000000008002E030] -> 0x8593
mem[X,0x000000008002E032] -> 0xAAA5
[6893] [M]: 0x000000008002E030 (0xAAA58593) addi a1, a1, -0x556
x11 <- 0xFFFFFFFFAAAAAAAA
mem[X,0x000000008002E034] -> 0x9593
mem[X,0x000000008002E036] -> 0x00B5
[6894] [M]: 0x000000008002E034 (0x00B59593) slli a1, a1, 0xb
x11 <- 0xFFFFFD5555555000
mem[X,0x000000008002E038] -> 0x8593
mem[X,0x000000008002E03A] -> 0x5555
[6895] [M]: 0x000000008002E038 (0x55558593) addi a1, a1, 0x555
x11 <- 0xFFFFFD5555555555
mem[X,0x000000008002E03C] -> 0x9593
mem[X,0x000000008002E03E] -> 0x00B5
[6896] [M]: 0x000000008002E03C (0x00B59593) slli a1, a1, 0xb
x11 <- 0xFFEAAAAAAAAAA800
mem[X,0x000000008002E040] -> 0x8593
mem[X,0x000000008002E042] -> 0x2AA5
[6897] [M]: 0x000000008002E040 (0x2AA58593) addi a1, a1, 0x2aa
x11 <- 0xFFEAAAAAAAAAAAAA
mem[X,0x000000008002E044] -> 0x9593
mem[X,0x000000008002E046] -> 0x00A5
[6898] [M]: 0x000000008002E044 (0x00A59593) slli a1, a1, 0xa
x11 <- 0xAAAAAAAAAAAAA800
mem[X,0x000000008002E048] -> 0x8593
mem[X,0x000000008002E04A] -> 0x2AB5
[6899] [M]: 0x000000008002E048 (0x2AB58593) addi a1, a1, 0x2ab
x11 <- 0xAAAAAAAAAAAAAAAB
clint::tick mtime <- 0x0000000000000045
 clint timer pending at mtime 0x0000000000000045
htif::tick 0x0000000000000000
mem[X,0x000000008002E04C] -> 0x0113
mem[X,0x000000008002E04E] -> 0x0000
[6900] [M]: 0x000000008002E04C (0x00000113) addi sp, zero, 0x0
x2 <- 0x0000000000000000
mem[X,0x000000008002E050] -> 0x006F
mem[X,0x000000008002E052] -> 0x00C0
[6901] [M]: 0x000000008002E050 (0x00C0006F) jal zero, 0xc
mem[X,0x000000008002E05C] -> 0x5663
mem[X,0x000000008002E05E] -> 0x00B5
[6902] [M]: 0x000000008002E05C (0x00B55663) bge a0, a1, 0xc
mem[X,0x000000008002E068] -> 0x0113
mem[X,0x000000008002E06A] -> 0x0031
[6903] [M]: 0x000000008002E068 (0x00310113) addi sp, sp, 0x3
x2 <- 0x0000000000000003
mem[X,0x000000008002E06C] -> 0x006F
mem[X,0x000000008002E06E] -> 0x0040
[6904] [M]: 0x000000008002E06C (0x0040006F) jal zero, 0x4
mem[X,0x000000008002E070] -> 0xBC23
mem[X,0x000000008002E072] -> 0x5620
[6905] [M]: 0x000000008002E070 (0x5620BC23) sd sp, 0x578(ra)
mem[0x0000000080048F48] <- 0x0000000000000003
mem[X,0x000000008002E074] -> 0x3537
mem[X,0x000000008002E076] -> 0x3333
[6906] [M]: 0x000000008002E074 (0x33333537) lui a0, 0x33333
x10 <- 0x0000000033333000
mem[X,0x000000008002E078] -> 0x0513
mem[X,0x000000008002E07A] -> 0x3335
[6907] [M]: 0x000000008002E078 (0x33350513) addi a0, a0, 0x333
x10 <- 0x0000000033333333
mem[X,0x000000008002E07C] -> 0x1513
mem[X,0x000000008002E07E] -> 0x00B5
[6908] [M]: 0x000000008002E07C (0x00B51513) slli a0, a0, 0xb
x10 <- 0x0000019999999800
mem[X,0x000000008002E080] -> 0x0513
mem[X,0x000000008002E082] -> 0x1995
[6909] [M]: 0x000000008002E080 (0x19950513) addi a0, a0, 0x199
x10 <- 0x0000019999999999
mem[X,0x000000008002E084] -> 0x1513
mem[X,0x000000008002E086] -> 0x00B5
[6910] [M]: 0x000000008002E084 (0x00B51513) slli a0, a0, 0xb
x10 <- 0x000CCCCCCCCCC800
mem[X,0x000000008002E088] -> 0x0513
mem[X,0x000000008002E08A] -> 0x4CC5
[6911] [M]: 0x000000008002E088 (0x4CC50513) addi a0, a0, 0x4cc
x10 <- 0x000CCCCCCCCCCCCC
mem[X,0x000000008002E08C] -> 0x1513
mem[X,0x000000008002E08E] -> 0x00A5
[6912] [M]: 0x000000008002E08C (0x00A51513) slli a0, a0, 0xa
x10 <- 0x3333333333333000
mem[X,0x000000008002E090] -> 0x0513
mem[X,0x000000008002E092] -> 0x3325
[6913] [M]: 0x000000008002E090 (0x33250513) addi a0, a0, 0x332
x10 <- 0x3333333333333332
mem[X,0x000000008002E094] -> 0x0593
mem[X,0x000000008002E096] -> 0x0060
[6914] [M]: 0x000000008002E094 (0x00600593) addi a1, zero, 0x6
x11 <- 0x0000000000000006
mem[X,0x000000008002E098] -> 0x0113
mem[X,0x000000008002E09A] -> 0x0000
[6915] [M]: 0x000000008002E098 (0x00000113) addi sp, zero, 0x0
x2 <- 0x0000000000000000
mem[X,0x000000008002E09C] -> 0x006F
mem[X,0x000000008002E09E] -> 0x00C0
[6916] [M]: 0x000000008002E09C (0x00C0006F) jal zero, 0xc
mem[X,0x000000008002E0A8] -> 0x5063
mem[X,0x000000008002E0AA] -> 0x08B5
[6917] [M]: 0x000000008002E0A8 (0x08B55063) bge a0, a1, 0x80
mem[X,0x000000008002E128] -> 0x0113
mem[X,0x000000008002E12A] -> 0x0031
[6918] [M]: 0x000000008002E128 (0x00310113) addi sp, sp, 0x3
x2 <- 0x0000000000000003
mem[X,0x000000008002E12C] -> 0x006F
mem[X,0x000000008002E12E] -> 0x0040
[6919] [M]: 0x000000008002E12C (0x0040006F) jal zero, 0x4
mem[X,0x000000008002E130] -> 0xB023
mem[X,0x000000008002E132] -> 0x5820
[6920] [M]: 0x000000008002E130 (0x5820B023) sd sp, 0x580(ra)
mem[0x0000000080048F50] <- 0x0000000000000003
mem[X,0x000000008002E134] -> 0x3537
mem[X,0x000000008002E136] -> 0x3333
[6921] [M]: 0x000000008002E134 (0x33333537) lui a0, 0x33333
x10 <- 0x0000000033333000
mem[X,0x000000008002E138] -> 0x0513
mem[X,0x000000008002E13A] -> 0x3335
[6922] [M]: 0x000000008002E138 (0x33350513) addi a0, a0, 0x333
x10 <- 0x0000000033333333
mem[X,0x000000008002E13C] -> 0x1513
mem[X,0x000000008002E13E] -> 0x00B5
[6923] [M]: 0x000000008002E13C (0x00B51513) slli a0, a0, 0xb
x10 <- 0x0000019999999800
mem[X,0x000000008002E140] -> 0x0513
mem[X,0x000000008002E142] -> 0x1995
[6924] [M]: 0x000000008002E140 (0x19950513) addi a0, a0, 0x199
x10 <- 0x0000019999999999
mem[X,0x000000008002E144] -> 0x1513
mem[X,0x000000008002E146] -> 0x00B5
[6925] [M]: 0x000000008002E144 (0x00B51513) slli a0, a0, 0xb
x10 <- 0x000CCCCCCCCCC800
mem[X,0x000000008002E148] -> 0x0513
mem[X,0x000000008002E14A] -> 0x4CC5
[6926] [M]: 0x000000008002E148 (0x4CC50513) addi a0, a0, 0x4cc
x10 <- 0x000CCCCCCCCCCCCC
mem[X,0x000000008002E14C] -> 0x1513
mem[X,0x000000008002E14E] -> 0x00A5
[6927] [M]: 0x000000008002E14C (0x00A51513) slli a0, a0, 0xa
x10 <- 0x3333333333333000
mem[X,0x000000008002E150] -> 0x0513
mem[X,0x000000008002E152] -> 0x3325
[6928] [M]: 0x000000008002E150 (0x33250513) addi a0, a0, 0x332
x10 <- 0x3333333333333332
mem[X,0x000000008002E154] -> 0x35B7
mem[X,0x000000008002E156] -> 0x3333
[6929] [M]: 0x000000008002E154 (0x333335B7) lui a1, 0x33333
x11 <- 0x0000000033333000
mem[X,0x000000008002E158] -> 0x8593
mem[X,0x000000008002E15A] -> 0x3335
[6930] [M]: 0x000000008002E158 (0x33358593) addi a1, a1, 0x333
x11 <- 0x0000000033333333
mem[X,0x000000008002E15C] -> 0x9593
mem[X,0x000000008002E15E] -> 0x00B5
[6931] [M]: 0x000000008002E15C (0x00B59593) slli a1, a1, 0xb
x11 <- 0x0000019999999800
mem[X,0x000000008002E160] -> 0x8593
mem[X,0x000000008002E162] -> 0x1995
[6932] [M]: 0x000000008002E160 (0x19958593) addi a1, a1, 0x199
x11 <- 0x0000019999999999
mem[X,0x000000008002E164] -> 0x9593
mem[X,0x000000008002E166] -> 0x00B5
[6933] [M]: 0x000000008002E164 (0x00B59593) slli a1, a1, 0xb
x11 <- 0x000CCCCCCCCCC800
mem[X,0x000000008002E168] -> 0x8593
mem[X,0x000000008002E16A] -> 0x4CC5
[6934] [M]: 0x000000008002E168 (0x4CC58593) addi a1, a1, 0x4cc
x11 <- 0x000CCCCCCCCCCCCC
mem[X,0x000000008002E16C] -> 0x9593
mem[X,0x000000008002E16E] -> 0x00A5
[6935] [M]: 0x000000008002E16C (0x00A59593) slli a1, a1, 0xa
x11 <- 0x3333333333333000
mem[X,0x000000008002E170] -> 0x8593
mem[X,0x000000008002E172] -> 0x3345
[6936] [M]: 0x000000008002E170 (0x33458593) addi a1, a1, 0x334
x11 <- 0x3333333333333334
mem[X,0x000000008002E174] -> 0x0113
mem[X,0x000000008002E176] -> 0x0000
[6937] [M]: 0x000000008002E174 (0x00000113) addi sp, zero, 0x0
x2 <- 0x0000000000000000
mem[X,0x000000008002E178] -> 0x006F
mem[X,0x000000008002E17A] -> 0x0050
[6938] [M]: 0x000000008002E178 (0x0050006F) jal zero, 0x804
mem[X,0x000000008002E97C] -> 0x50E3
mem[X,0x000000008002E97E] -> 0x80B5
[6939] [M]: 0x000000008002E97C (0x80B550E3) bge a0, a1, -0x800
mem[X,0x000000008002E980] -> 0x0113
mem[X,0x000000008002E982] -> 0x0021
[6940] [M]: 0x000000008002E980 (0x00210113) addi sp, sp, 0x2
x2 <- 0x0000000000000002
mem[X,0x000000008002E984] -> 0x006F
mem[X,0x000000008002E986] -> 0x00C0
[6941] [M]: 0x000000008002E984 (0x00C0006F) jal zero, 0xc
mem[X,0x000000008002E990] -> 0xB423
mem[X,0x000000008002E992] -> 0x5820
[6942] [M]: 0x000000008002E990 (0x5820B423) sd sp, 0x588(ra)
mem[0x0000000080048F58] <- 0x0000000000000002
mem[X,0x000000008002E994] -> 0x3537
mem[X,0x000000008002E996] -> 0x3333
[6943] [M]: 0x000000008002E994 (0x33333537) lui a0, 0x33333
x10 <- 0x0000000033333000
mem[X,0x000000008002E998] -> 0x0513
mem[X,0x000000008002E99A] -> 0x3335
[6944] [M]: 0x000000008002E998 (0x33350513) addi a0, a0, 0x333
x10 <- 0x0000000033333333
mem[X,0x000000008002E99C] -> 0x1513
mem[X,0x000000008002E99E] -> 0x00B5
[6945] [M]: 0x000000008002E99C (0x00B51513) slli a0, a0, 0xb
x10 <- 0x0000019999999800
mem[X,0x000000008002E9A0] -> 0x0513
mem[X,0x000000008002E9A2] -> 0x1995
[6946] [M]: 0x000000008002E9A0 (0x19950513) addi a0, a0, 0x199
x10 <- 0x0000019999999999
mem[X,0x000000008002E9A4] -> 0x1513
mem[X,0x000000008002E9A6] -> 0x00B5
[6947] [M]: 0x000000008002E9A4 (0x00B51513) slli a0, a0, 0xb
x10 <- 0x000CCCCCCCCCC800
mem[X,0x000000008002E9A8] -> 0x0513
mem[X,0x000000008002E9AA] -> 0x4CC5
[6948] [M]: 0x000000008002E9A8 (0x4CC50513) addi a0, a0, 0x4cc
x10 <- 0x000CCCCCCCCCCCCC
mem[X,0x000000008002E9AC] -> 0x1513
mem[X,0x000000008002E9AE] -> 0x00A5
[6949] [M]: 0x000000008002E9AC (0x00A51513) slli a0, a0, 0xa
x10 <- 0x3333333333333000
mem[X,0x000000008002E9B0] -> 0x0513
mem[X,0x000000008002E9B2] -> 0x3325
[6950] [M]: 0x000000008002E9B0 (0x33250513) addi a0, a0, 0x332
x10 <- 0x3333333333333332
mem[X,0x000000008002E9B4] -> 0x65B7
mem[X,0x000000008002E9B6] -> 0x6666
[6951] [M]: 0x000000008002E9B4 (0x666665B7) lui a1, 0x66666
x11 <- 0x0000000066666000
mem[X,0x000000008002E9B8] -> 0x8593
mem[X,0x000000008002E9BA] -> 0x6665
[6952] [M]: 0x000000008002E9B8 (0x66658593) addi a1, a1, 0x666
x11 <- 0x0000000066666666
mem[X,0x000000008002E9BC] -> 0x9593
mem[X,0x000000008002E9BE] -> 0x00B5
[6953] [M]: 0x000000008002E9BC (0x00B59593) slli a1, a1, 0xb
x11 <- 0x0000033333333000
mem[X,0x000000008002E9C0] -> 0x8593
mem[X,0x000000008002E9C2] -> 0x3335
[6954] [M]: 0x000000008002E9C0 (0x33358593) addi a1, a1, 0x333
x11 <- 0x0000033333333333
mem[X,0x000000008002E9C4] -> 0x9593
mem[X,0x000000008002E9C6] -> 0x00B5
[6955] [M]: 0x000000008002E9C4 (0x00B59593) slli a1, a1, 0xb
x11 <- 0x0019999999999800
mem[X,0x000000008002E9C8] -> 0x8593
mem[X,0x000000008002E9CA] -> 0x1995
[6956] [M]: 0x000000008002E9C8 (0x19958593) addi a1, a1, 0x199
x11 <- 0x0019999999999999
mem[X,0x000000008002E9CC] -> 0x9593
mem[X,0x000000008002E9CE] -> 0x00A5
[6957] [M]: 0x000000008002E9CC (0x00A59593) slli a1, a1, 0xa
x11 <- 0x6666666666666400
mem[X,0x000000008002E9D0] -> 0x8593
mem[X,0x000000008002E9D2] -> 0x2675
[6958] [M]: 0x000000008002E9D0 (0x26758593) addi a1, a1, 0x267
x11 <- 0x6666666666666667
mem[X,0x000000008002E9D4] -> 0x0113
mem[X,0x000000008002E9D6] -> 0x0000
[6959] [M]: 0x000000008002E9D4 (0x00000113) addi sp, zero, 0x0
x2 <- 0x0000000000000000
mem[X,0x000000008002E9D8] -> 0x006F
mem[X,0x000000008002E9DA] -> 0x00C0
[6960] [M]: 0x000000008002E9D8 (0x00C0006F) jal zero, 0xc
mem[X,0x000000008002E9E4] -> 0x5663
mem[X,0x000000008002E9E6] -> 0x00B5
[6961] [M]: 0x000000008002E9E4 (0x00B55663) bge a0, a1, 0xc
mem[X,0x000000008002E9E8] -> 0x0113
mem[X,0x000000008002E9EA] -> 0x0021
[6962] [M]: 0x000000008002E9E8 (0x00210113) addi sp, sp, 0x2
x2 <- 0x0000000000000002
mem[X,0x000000008002E9EC] -> 0x006F
mem[X,0x000000008002E9EE] -> 0x00C0
[6963] [M]: 0x000000008002E9EC (0x00C0006F) jal zero, 0xc
mem[X,0x000000008002E9F8] -> 0xB823
mem[X,0x000000008002E9FA] -> 0x5820
[6964] [M]: 0x000000008002E9F8 (0x5820B823) sd sp, 0x590(ra)
mem[0x0000000080048F60] <- 0x0000000000000002
mem[X,0x000000008002E9FC] -> 0x3537
mem[X,0x000000008002E9FE] -> 0x3333
[6965] [M]: 0x000000008002E9FC (0x33333537) lui a0, 0x33333
x10 <- 0x0000000033333000
mem[X,0x000000008002EA00] -> 0x0513
mem[X,0x000000008002EA02] -> 0x3335
[6966] [M]: 0x000000008002EA00 (0x33350513) addi a0, a0, 0x333
x10 <- 0x0000000033333333
mem[X,0x000000008002EA04] -> 0x1513
mem[X,0x000000008002EA06] -> 0x00B5
[6967] [M]: 0x000000008002EA04 (0x00B51513) slli a0, a0, 0xb
x10 <- 0x0000019999999800
mem[X,0x000000008002EA08] -> 0x0513
mem[X,0x000000008002EA0A] -> 0x1995
[6968] [M]: 0x000000008002EA08 (0x19950513) addi a0, a0, 0x199
x10 <- 0x0000019999999999
mem[X,0x000000008002EA0C] -> 0x1513
mem[X,0x000000008002EA0E] -> 0x00B5
[6969] [M]: 0x000000008002EA0C (0x00B51513) slli a0, a0, 0xb
x10 <- 0x000CCCCCCCCCC800
mem[X,0x000000008002EA10] -> 0x0513
mem[X,0x000000008002EA12] -> 0x4CC5
[6970] [M]: 0x000000008002EA10 (0x4CC50513) addi a0, a0, 0x4cc
x10 <- 0x000CCCCCCCCCCCCC
mem[X,0x000000008002EA14] -> 0x1513
mem[X,0x000000008002EA16] -> 0x00A5
[6971] [M]: 0x000000008002EA14 (0x00A51513) slli a0, a0, 0xa
x10 <- 0x3333333333333000
mem[X,0x000000008002EA18] -> 0x0513
mem[X,0x000000008002EA1A] -> 0x3325
[6972] [M]: 0x000000008002EA18 (0x33250513) addi a0, a0, 0x332
x10 <- 0x3333333333333332
mem[X,0x000000008002EA1C] -> 0x05B7
mem[X,0x000000008002EA1E] -> 0x0000
[6973] [M]: 0x000000008002EA1C (0x000005B7) lui a1, 0x0
x11 <- 0x0000000000000000
mem[X,0x000000008002EA20] -> 0x8593
mem[X,0x000000008002EA22] -> 0xFFF5
[6974] [M]: 0x000000008002EA20 (0xFFF58593) addi a1, a1, -0x1
x11 <- 0xFFFFFFFFFFFFFFFF
mem[X,0x000000008002EA24] -> 0x9593
mem[X,0x000000008002EA26] -> 0x00B5
[6975] [M]: 0x000000008002EA24 (0x00B59593) slli a1, a1, 0xb
x11 <- 0xFFFFFFFFFFFFF800
mem[X,0x000000008002EA28] -> 0x8593
mem[X,0x000000008002EA2A] -> 0x2575
[6976] [M]: 0x000000008002EA28 (0x25758593) addi a1, a1, 0x257
x11 <- 0xFFFFFFFFFFFFFA57
mem[X,0x000000008002EA2C] -> 0x9593
mem[X,0x000000008002EA2E] -> 0x00B5
[6977] [M]: 0x000000008002EA2C (0x00B59593) slli a1, a1, 0xb
x11 <- 0xFFFFFFFFFFD2B800
mem[X,0x000000008002EA30] -> 0x8593
mem[X,0x000000008002EA32] -> 0x6C35
[6978] [M]: 0x000000008002EA30 (0x6C358593) addi a1, a1, 0x6c3
x11 <- 0xFFFFFFFFFFD2BEC3
mem[X,0x000000008002EA34] -> 0x9593
mem[X,0x000000008002EA36] -> 0x00A5
[6979] [M]: 0x000000008002EA34 (0x00A59593) slli a1, a1, 0xa
x11 <- 0xFFFFFFFF4AFB0C00
mem[X,0x000000008002EA38] -> 0x8593
mem[X,0x000000008002EA3A] -> 0x0CE5
[6980] [M]: 0x000000008002EA38 (0x0CE58593) addi a1, a1, 0xce
x11 <- 0xFFFFFFFF4AFB0CCE
mem[X,0x000000008002EA3C] -> 0x0113
mem[X,0x000000008002EA3E] -> 0x0000
[6981] [M]: 0x000000008002EA3C (0x00000113) addi sp, zero, 0x0
x2 <- 0x0000000000000000
mem[X,0x000000008002EA40] -> 0x006F
mem[X,0x000000008002EA42] -> 0x00C0
[6982] [M]: 0x000000008002EA40 (0x00C0006F) jal zero, 0xc
mem[X,0x000000008002EA4C] -> 0x5063
mem[X,0x000000008002EA4E] -> 0x08B5
[6983] [M]: 0x000000008002EA4C (0x08B55063) bge a0, a1, 0x80
mem[X,0x000000008002EACC] -> 0x0113
mem[X,0x000000008002EACE] -> 0x0031
[6984] [M]: 0x000000008002EACC (0x00310113) addi sp, sp, 0x3
x2 <- 0x0000000000000003
mem[X,0x000000008002EAD0] -> 0x006F
mem[X,0x000000008002EAD2] -> 0x0040
[6985] [M]: 0x000000008002EAD0 (0x0040006F) jal zero, 0x4
mem[X,0x000000008002EAD4] -> 0xBC23
mem[X,0x000000008002EAD6] -> 0x5820
[6986] [M]: 0x000000008002EAD4 (0x5820BC23) sd sp, 0x598(ra)
mem[0x0000000080048F68] <- 0x0000000000000003
mem[X,0x000000008002EAD8] -> 0x3537
mem[X,0x000000008002EADA] -> 0x3333
[6987] [M]: 0x000000008002EAD8 (0x33333537) lui a0, 0x33333
x10 <- 0x0000000033333000
mem[X,0x000000008002EADC] -> 0x0513
mem[X,0x000000008002EADE] -> 0x3335
[6988] [M]: 0x000000008002EADC (0x33350513) addi a0, a0, 0x333
x10 <- 0x0000000033333333
mem[X,0x000000008002EAE0] -> 0x1513
mem[X,0x000000008002EAE2] -> 0x00B5
[6989] [M]: 0x000000008002EAE0 (0x00B51513) slli a0, a0, 0xb
x10 <- 0x0000019999999800
mem[X,0x000000008002EAE4] -> 0x0513
mem[X,0x000000008002EAE6] -> 0x1995
[6990] [M]: 0x000000008002EAE4 (0x19950513) addi a0, a0, 0x199
x10 <- 0x0000019999999999
mem[X,0x000000008002EAE8] -> 0x1513
mem[X,0x000000008002EAEA] -> 0x00B5
[6991] [M]: 0x000000008002EAE8 (0x00B51513) slli a0, a0, 0xb
x10 <- 0x000CCCCCCCCCC800
mem[X,0x000000008002EAEC] -> 0x0513
mem[X,0x000000008002EAEE] -> 0x4CC5
[6992] [M]: 0x000000008002EAEC (0x4CC50513) addi a0, a0, 0x4cc
x10 <- 0x000CCCCCCCCCCCCC
mem[X,0x000000008002EAF0] -> 0x1513
mem[X,0x000000008002EAF2] -> 0x00A5
[6993] [M]: 0x000000008002EAF0 (0x00A51513) slli a0, a0, 0xa
x10 <- 0x3333333333333000
mem[X,0x000000008002EAF4] -> 0x0513
mem[X,0x000000008002EAF6] -> 0x3325
[6994] [M]: 0x000000008002EAF4 (0x33250513) addi a0, a0, 0x332
x10 <- 0x3333333333333332
mem[X,0x000000008002EAF8] -> 0x05B7
mem[X,0x000000008002EAFA] -> 0x0000
[6995] [M]: 0x000000008002EAF8 (0x000005B7) lui a1, 0x0
x11 <- 0x0000000000000000
mem[X,0x000000008002EAFC] -> 0x8593
mem[X,0x000000008002EAFE] -> 0x0005
[6996] [M]: 0x000000008002EAFC (0x00058593) addi a1, a1, 0x0
x11 <- 0x0000000000000000
mem[X,0x000000008002EB00] -> 0x9593
mem[X,0x000000008002EB02] -> 0x00B5
[6997] [M]: 0x000000008002EB00 (0x00B59593) slli a1, a1, 0xb
x11 <- 0x0000000000000000
mem[X,0x000000008002EB04] -> 0x8593
mem[X,0x000000008002EB06] -> 0x5A85
[6998] [M]: 0x000000008002EB04 (0x5A858593) addi a1, a1, 0x5a8
x11 <- 0x00000000000005A8
mem[X,0x000000008002EB08] -> 0x9593
mem[X,0x000000008002EB0A] -> 0x00B5
[6999] [M]: 0x000000008002EB08 (0x00B59593) slli a1, a1, 0xb
x11 <- 0x00000000002D4000
clint::tick mtime <- 0x0000000000000046
 clint timer pending at mtime 0x0000000000000046
htif::tick 0x0000000000000000
mem[X,0x000000008002EB0C] -> 0x8593
mem[X,0x000000008002EB0E] -> 0x13C5
[7000] [M]: 0x000000008002EB0C (0x13C58593) addi a1, a1, 0x13c
x11 <- 0x00000000002D413C
mem[X,0x000000008002EB10] -> 0x9593
mem[X,0x000000008002EB12] -> 0x00A5
[7001] [M]: 0x000000008002EB10 (0x00A59593) slli a1, a1, 0xa
x11 <- 0x00000000B504F000
mem[X,0x000000008002EB14] -> 0x8593
mem[X,0x000000008002EB16] -> 0x3345
[7002] [M]: 0x000000008002EB14 (0x33458593) addi a1, a1, 0x334
x11 <- 0x00000000B504F334
mem[X,0x000000008002EB18] -> 0x0113
mem[X,0x000000008002EB1A] -> 0x0000
[7003] [M]: 0x000000008002EB18 (0x00000113) addi sp, zero, 0x0
x2 <- 0x0000000000000000
mem[X,0x000000008002EB1C] -> 0x006F
mem[X,0x000000008002EB1E] -> 0x00C0
[7004] [M]: 0x000000008002EB1C (0x00C0006F) jal zero, 0xc
mem[X,0x000000008002EB28] -> 0x5CE3
mem[X,0x000000008002EB2A] -> 0xFEB5
[7005] [M]: 0x000000008002EB28 (0xFEB55CE3) bge a0, a1, -0x8
mem[X,0x000000008002EB20] -> 0x0113
mem[X,0x000000008002EB22] -> 0x0011
[7006] [M]: 0x000000008002EB20 (0x00110113) addi sp, sp, 0x1
x2 <- 0x0000000000000001
mem[X,0x000000008002EB24] -> 0x006F
mem[X,0x000000008002EB26] -> 0x0180
[7007] [M]: 0x000000008002EB24 (0x0180006F) jal zero, 0x18
mem[X,0x000000008002EB3C] -> 0xB023
mem[X,0x000000008002EB3E] -> 0x5A20
[7008] [M]: 0x000000008002EB3C (0x5A20B023) sd sp, 0x5a0(ra)
mem[0x0000000080048F70] <- 0x0000000000000001
mem[X,0x000000008002EB40] -> 0x6537
mem[X,0x000000008002EB42] -> 0x6666
[7009] [M]: 0x000000008002EB40 (0x66666537) lui a0, 0x66666
x10 <- 0x0000000066666000
mem[X,0x000000008002EB44] -> 0x0513
mem[X,0x000000008002EB46] -> 0x6665
[7010] [M]: 0x000000008002EB44 (0x66650513) addi a0, a0, 0x666
x10 <- 0x0000000066666666
mem[X,0x000000008002EB48] -> 0x1513
mem[X,0x000000008002EB4A] -> 0x00B5
[7011] [M]: 0x000000008002EB48 (0x00B51513) slli a0, a0, 0xb
x10 <- 0x0000033333333000
mem[X,0x000000008002EB4C] -> 0x0513
mem[X,0x000000008002EB4E] -> 0x3335
[7012] [M]: 0x000000008002EB4C (0x33350513) addi a0, a0, 0x333
x10 <- 0x0000033333333333
mem[X,0x000000008002EB50] -> 0x1513
mem[X,0x000000008002EB52] -> 0x00B5
[7013] [M]: 0x000000008002EB50 (0x00B51513) slli a0, a0, 0xb
x10 <- 0x0019999999999800
mem[X,0x000000008002EB54] -> 0x0513
mem[X,0x000000008002EB56] -> 0x1995
[7014] [M]: 0x000000008002EB54 (0x19950513) addi a0, a0, 0x199
x10 <- 0x0019999999999999
mem[X,0x000000008002EB58] -> 0x1513
mem[X,0x000000008002EB5A] -> 0x00A5
[7015] [M]: 0x000000008002EB58 (0x00A51513) slli a0, a0, 0xa
x10 <- 0x6666666666666400
mem[X,0x000000008002EB5C] -> 0x0513
mem[X,0x000000008002EB5E] -> 0x2655
[7016] [M]: 0x000000008002EB5C (0x26550513) addi a0, a0, 0x265
x10 <- 0x6666666666666665
mem[X,0x000000008002EB60] -> 0x0593
mem[X,0x000000008002EB62] -> 0x0030
[7017] [M]: 0x000000008002EB60 (0x00300593) addi a1, zero, 0x3
x11 <- 0x0000000000000003
mem[X,0x000000008002EB64] -> 0x0113
mem[X,0x000000008002EB66] -> 0x0000
[7018] [M]: 0x000000008002EB64 (0x00000113) addi sp, zero, 0x0
x2 <- 0x0000000000000000
mem[X,0x000000008002EB68] -> 0x006F
mem[X,0x000000008002EB6A] -> 0x00C0
[7019] [M]: 0x000000008002EB68 (0x00C0006F) jal zero, 0xc
mem[X,0x000000008002EB74] -> 0x5663
mem[X,0x000000008002EB76] -> 0x00B5
[7020] [M]: 0x000000008002EB74 (0x00B55663) bge a0, a1, 0xc
mem[X,0x000000008002EB80] -> 0x0113
mem[X,0x000000008002EB82] -> 0x0031
[7021] [M]: 0x000000008002EB80 (0x00310113) addi sp, sp, 0x3
x2 <- 0x0000000000000003
mem[X,0x000000008002EB84] -> 0x006F
mem[X,0x000000008002EB86] -> 0x0040
[7022] [M]: 0x000000008002EB84 (0x0040006F) jal zero, 0x4
mem[X,0x000000008002EB88] -> 0xB423
mem[X,0x000000008002EB8A] -> 0x5A20
[7023] [M]: 0x000000008002EB88 (0x5A20B423) sd sp, 0x5a8(ra)
mem[0x0000000080048F78] <- 0x0000000000000003
mem[X,0x000000008002EB8C] -> 0x6537
mem[X,0x000000008002EB8E] -> 0x6666
[7024] [M]: 0x000000008002EB8C (0x66666537) lui a0, 0x66666
x10 <- 0x0000000066666000
mem[X,0x000000008002EB90] -> 0x0513
mem[X,0x000000008002EB92] -> 0x6665
[7025] [M]: 0x000000008002EB90 (0x66650513) addi a0, a0, 0x666
x10 <- 0x0000000066666666
mem[X,0x000000008002EB94] -> 0x1513
mem[X,0x000000008002EB96] -> 0x00B5
[7026] [M]: 0x000000008002EB94 (0x00B51513) slli a0, a0, 0xb
x10 <- 0x0000033333333000
mem[X,0x000000008002EB98] -> 0x0513
mem[X,0x000000008002EB9A] -> 0x3335
[7027] [M]: 0x000000008002EB98 (0x33350513) addi a0, a0, 0x333
x10 <- 0x0000033333333333
mem[X,0x000000008002EB9C] -> 0x1513
mem[X,0x000000008002EB9E] -> 0x00B5
[7028] [M]: 0x000000008002EB9C (0x00B51513) slli a0, a0, 0xb
x10 <- 0x0019999999999800
mem[X,0x000000008002EBA0] -> 0x0513
mem[X,0x000000008002EBA2] -> 0x1995
[7029] [M]: 0x000000008002EBA0 (0x19950513) addi a0, a0, 0x199
x10 <- 0x0019999999999999
mem[X,0x000000008002EBA4] -> 0x1513
mem[X,0x000000008002EBA6] -> 0x00A5
[7030] [M]: 0x000000008002EBA4 (0x00A51513) slli a0, a0, 0xa
x10 <- 0x6666666666666400
mem[X,0x000000008002EBA8] -> 0x0513
mem[X,0x000000008002EBAA] -> 0x2655
[7031] [M]: 0x000000008002EBA8 (0x26550513) addi a0, a0, 0x265
x10 <- 0x6666666666666665
mem[X,0x000000008002EBAC] -> 0x55B7
mem[X,0x000000008002EBAE] -> 0x5555
[7032] [M]: 0x000000008002EBAC (0x555555B7) lui a1, 0x55555
x11 <- 0x0000000055555000
mem[X,0x000000008002EBB0] -> 0x8593
mem[X,0x000000008002EBB2] -> 0x5555
[7033] [M]: 0x000000008002EBB0 (0x55558593) addi a1, a1, 0x555
x11 <- 0x0000000055555555
mem[X,0x000000008002EBB4] -> 0x9593
mem[X,0x000000008002EBB6] -> 0x00B5
[7034] [M]: 0x000000008002EBB4 (0x00B59593) slli a1, a1, 0xb
x11 <- 0x000002AAAAAAA800
mem[X,0x000000008002EBB8] -> 0x8593
mem[X,0x000000008002EBBA] -> 0x2AA5
[7035] [M]: 0x000000008002EBB8 (0x2AA58593) addi a1, a1, 0x2aa
x11 <- 0x000002AAAAAAAAAA
mem[X,0x000000008002EBBC] -> 0x9593
mem[X,0x000000008002EBBE] -> 0x00B5
[7036] [M]: 0x000000008002EBBC (0x00B59593) slli a1, a1, 0xb
x11 <- 0x0015555555555000
mem[X,0x000000008002EBC0] -> 0x8593
mem[X,0x000000008002EBC2] -> 0x5555
[7037] [M]: 0x000000008002EBC0 (0x55558593) addi a1, a1, 0x555
x11 <- 0x0015555555555555
mem[X,0x000000008002EBC4] -> 0x9593
mem[X,0x000000008002EBC6] -> 0x00A5
[7038] [M]: 0x000000008002EBC4 (0x00A59593) slli a1, a1, 0xa
x11 <- 0x5555555555555400
mem[X,0x000000008002EBC8] -> 0x8593
mem[X,0x000000008002EBCA] -> 0x1555
[7039] [M]: 0x000000008002EBC8 (0x15558593) addi a1, a1, 0x155
x11 <- 0x5555555555555555
mem[X,0x000000008002EBCC] -> 0x0113
mem[X,0x000000008002EBCE] -> 0x0000
[7040] [M]: 0x000000008002EBCC (0x00000113) addi sp, zero, 0x0
x2 <- 0x0000000000000000
mem[X,0x000000008002EBD0] -> 0x006F
mem[X,0x000000008002EBD2] -> 0x00C0
[7041] [M]: 0x000000008002EBD0 (0x00C0006F) jal zero, 0xc
mem[X,0x000000008002EBDC] -> 0x5063
mem[X,0x000000008002EBDE] -> 0x08B5
[7042] [M]: 0x000000008002EBDC (0x08B55063) bge a0, a1, 0x80
mem[X,0x000000008002EC5C] -> 0x0113
mem[X,0x000000008002EC5E] -> 0x0031
[7043] [M]: 0x000000008002EC5C (0x00310113) addi sp, sp, 0x3
x2 <- 0x0000000000000003
mem[X,0x000000008002EC60] -> 0x006F
mem[X,0x000000008002EC62] -> 0x0040
[7044] [M]: 0x000000008002EC60 (0x0040006F) jal zero, 0x4
mem[X,0x000000008002EC64] -> 0xB823
mem[X,0x000000008002EC66] -> 0x5A20
[7045] [M]: 0x000000008002EC64 (0x5A20B823) sd sp, 0x5b0(ra)
mem[0x0000000080048F80] <- 0x0000000000000003
mem[X,0x000000008002EC68] -> 0x6537
mem[X,0x000000008002EC6A] -> 0x6666
[7046] [M]: 0x000000008002EC68 (0x66666537) lui a0, 0x66666
x10 <- 0x0000000066666000
mem[X,0x000000008002EC6C] -> 0x0513
mem[X,0x000000008002EC6E] -> 0x6665
[7047] [M]: 0x000000008002EC6C (0x66650513) addi a0, a0, 0x666
x10 <- 0x0000000066666666
mem[X,0x000000008002EC70] -> 0x1513
mem[X,0x000000008002EC72] -> 0x00B5
[7048] [M]: 0x000000008002EC70 (0x00B51513) slli a0, a0, 0xb
x10 <- 0x0000033333333000
mem[X,0x000000008002EC74] -> 0x0513
mem[X,0x000000008002EC76] -> 0x3335
[7049] [M]: 0x000000008002EC74 (0x33350513) addi a0, a0, 0x333
x10 <- 0x0000033333333333
mem[X,0x000000008002EC78] -> 0x1513
mem[X,0x000000008002EC7A] -> 0x00B5
[7050] [M]: 0x000000008002EC78 (0x00B51513) slli a0, a0, 0xb
x10 <- 0x0019999999999800
mem[X,0x000000008002EC7C] -> 0x0513
mem[X,0x000000008002EC7E] -> 0x1995
[7051] [M]: 0x000000008002EC7C (0x19950513) addi a0, a0, 0x199
x10 <- 0x0019999999999999
mem[X,0x000000008002EC80] -> 0x1513
mem[X,0x000000008002EC82] -> 0x00A5
[7052] [M]: 0x000000008002EC80 (0x00A51513) slli a0, a0, 0xa
x10 <- 0x6666666666666400
mem[X,0x000000008002EC84] -> 0x0513
mem[X,0x000000008002EC86] -> 0x2655
[7053] [M]: 0x000000008002EC84 (0x26550513) addi a0, a0, 0x265
x10 <- 0x6666666666666665
mem[X,0x000000008002EC88] -> 0xB5B7
mem[X,0x000000008002EC8A] -> 0xAAAA
[7054] [M]: 0x000000008002EC88 (0xAAAAB5B7) lui a1, -0x55555
x11 <- 0xFFFFFFFFAAAAB000
mem[X,0x000000008002EC8C] -> 0x8593
mem[X,0x000000008002EC8E] -> 0xAAA5
[7055] [M]: 0x000000008002EC8C (0xAAA58593) addi a1, a1, -0x556
x11 <- 0xFFFFFFFFAAAAAAAA
mem[X,0x000000008002EC90] -> 0x9593
mem[X,0x000000008002EC92] -> 0x00B5
[7056] [M]: 0x000000008002EC90 (0x00B59593) slli a1, a1, 0xb
x11 <- 0xFFFFFD5555555000
mem[X,0x000000008002EC94] -> 0x8593
mem[X,0x000000008002EC96] -> 0x5555
[7057] [M]: 0x000000008002EC94 (0x55558593) addi a1, a1, 0x555
x11 <- 0xFFFFFD5555555555
mem[X,0x000000008002EC98] -> 0x9593
mem[X,0x000000008002EC9A] -> 0x00B5
[7058] [M]: 0x000000008002EC98 (0x00B59593) slli a1, a1, 0xb
x11 <- 0xFFEAAAAAAAAAA800
mem[X,0x000000008002EC9C] -> 0x8593
mem[X,0x000000008002EC9E] -> 0x2AA5
[7059] [M]: 0x000000008002EC9C (0x2AA58593) addi a1, a1, 0x2aa
x11 <- 0xFFEAAAAAAAAAAAAA
mem[X,0x000000008002ECA0] -> 0x9593
mem[X,0x000000008002ECA2] -> 0x00A5
[7060] [M]: 0x000000008002ECA0 (0x00A59593) slli a1, a1, 0xa
x11 <- 0xAAAAAAAAAAAAA800
mem[X,0x000000008002ECA4] -> 0x8593
mem[X,0x000000008002ECA6] -> 0x2AA5
[7061] [M]: 0x000000008002ECA4 (0x2AA58593) addi a1, a1, 0x2aa
x11 <- 0xAAAAAAAAAAAAAAAA
mem[X,0x000000008002ECA8] -> 0x0113
mem[X,0x000000008002ECAA] -> 0x0000
[7062] [M]: 0x000000008002ECA8 (0x00000113) addi sp, zero, 0x0
x2 <- 0x0000000000000000
mem[X,0x000000008002ECAC] -> 0x006F
mem[X,0x000000008002ECAE] -> 0x00C0
[7063] [M]: 0x000000008002ECAC (0x00C0006F) jal zero, 0xc
mem[X,0x000000008002ECB8] -> 0x5CE3
mem[X,0x000000008002ECBA] -> 0xFEB5
[7064] [M]: 0x000000008002ECB8 (0xFEB55CE3) bge a0, a1, -0x8
mem[X,0x000000008002ECB0] -> 0x0113
mem[X,0x000000008002ECB2] -> 0x0011
[7065] [M]: 0x000000008002ECB0 (0x00110113) addi sp, sp, 0x1
x2 <- 0x0000000000000001
mem[X,0x000000008002ECB4] -> 0x006F
mem[X,0x000000008002ECB6] -> 0x0180
[7066] [M]: 0x000000008002ECB4 (0x0180006F) jal zero, 0x18
mem[X,0x000000008002ECCC] -> 0xBC23
mem[X,0x000000008002ECCE] -> 0x5A20
[7067] [M]: 0x000000008002ECCC (0x5A20BC23) sd sp, 0x5b8(ra)
mem[0x0000000080048F88] <- 0x0000000000000001
mem[X,0x000000008002ECD0] -> 0x6537
mem[X,0x000000008002ECD2] -> 0x6666
[7068] [M]: 0x000000008002ECD0 (0x66666537) lui a0, 0x66666
x10 <- 0x0000000066666000
mem[X,0x000000008002ECD4] -> 0x0513
mem[X,0x000000008002ECD6] -> 0x6665
[7069] [M]: 0x000000008002ECD4 (0x66650513) addi a0, a0, 0x666
x10 <- 0x0000000066666666
mem[X,0x000000008002ECD8] -> 0x1513
mem[X,0x000000008002ECDA] -> 0x00B5
[7070] [M]: 0x000000008002ECD8 (0x00B51513) slli a0, a0, 0xb
x10 <- 0x0000033333333000
mem[X,0x000000008002ECDC] -> 0x0513
mem[X,0x000000008002ECDE] -> 0x3335
[7071] [M]: 0x000000008002ECDC (0x33350513) addi a0, a0, 0x333
x10 <- 0x0000033333333333
mem[X,0x000000008002ECE0] -> 0x1513
mem[X,0x000000008002ECE2] -> 0x00B5
[7072] [M]: 0x000000008002ECE0 (0x00B51513) slli a0, a0, 0xb
x10 <- 0x0019999999999800
mem[X,0x000000008002ECE4] -> 0x0513
mem[X,0x000000008002ECE6] -> 0x1995
[7073] [M]: 0x000000008002ECE4 (0x19950513) addi a0, a0, 0x199
x10 <- 0x0019999999999999
mem[X,0x000000008002ECE8] -> 0x1513
mem[X,0x000000008002ECEA] -> 0x00A5
[7074] [M]: 0x000000008002ECE8 (0x00A51513) slli a0, a0, 0xa
x10 <- 0x6666666666666400
mem[X,0x000000008002ECEC] -> 0x0513
mem[X,0x000000008002ECEE] -> 0x2655
[7075] [M]: 0x000000008002ECEC (0x26550513) addi a0, a0, 0x265
x10 <- 0x6666666666666665
mem[X,0x000000008002ECF0] -> 0x0593
mem[X,0x000000008002ECF2] -> 0x0050
[7076] [M]: 0x000000008002ECF0 (0x00500593) addi a1, zero, 0x5
x11 <- 0x0000000000000005
mem[X,0x000000008002ECF4] -> 0x0113
mem[X,0x000000008002ECF6] -> 0x0000
[7077] [M]: 0x000000008002ECF4 (0x00000113) addi sp, zero, 0x0
x2 <- 0x0000000000000000
mem[X,0x000000008002ECF8] -> 0x006F
mem[X,0x000000008002ECFA] -> 0x00C0
[7078] [M]: 0x000000008002ECF8 (0x00C0006F) jal zero, 0xc
mem[X,0x000000008002ED04] -> 0x5863
mem[X,0x000000008002ED06] -> 0x00B5
[7079] [M]: 0x000000008002ED04 (0x00B55863) bge a0, a1, 0x10
mem[X,0x000000008002ED14] -> 0x0113
mem[X,0x000000008002ED16] -> 0x0031
[7080] [M]: 0x000000008002ED14 (0x00310113) addi sp, sp, 0x3
x2 <- 0x0000000000000003
mem[X,0x000000008002ED18] -> 0x006F
mem[X,0x000000008002ED1A] -> 0x0040
[7081] [M]: 0x000000008002ED18 (0x0040006F) jal zero, 0x4
mem[X,0x000000008002ED1C] -> 0xB023
mem[X,0x000000008002ED1E] -> 0x5C20
[7082] [M]: 0x000000008002ED1C (0x5C20B023) sd sp, 0x5c0(ra)
mem[0x0000000080048F90] <- 0x0000000000000003
mem[X,0x000000008002ED20] -> 0x6537
mem[X,0x000000008002ED22] -> 0x6666
[7083] [M]: 0x000000008002ED20 (0x66666537) lui a0, 0x66666
x10 <- 0x0000000066666000
mem[X,0x000000008002ED24] -> 0x0513
mem[X,0x000000008002ED26] -> 0x6665
[7084] [M]: 0x000000008002ED24 (0x66650513) addi a0, a0, 0x666
x10 <- 0x0000000066666666
mem[X,0x000000008002ED28] -> 0x1513
mem[X,0x000000008002ED2A] -> 0x00B5
[7085] [M]: 0x000000008002ED28 (0x00B51513) slli a0, a0, 0xb
x10 <- 0x0000033333333000
mem[X,0x000000008002ED2C] -> 0x0513
mem[X,0x000000008002ED2E] -> 0x3335
[7086] [M]: 0x000000008002ED2C (0x33350513) addi a0, a0, 0x333
x10 <- 0x0000033333333333
mem[X,0x000000008002ED30] -> 0x1513
mem[X,0x000000008002ED32] -> 0x00B5
[7087] [M]: 0x000000008002ED30 (0x00B51513) slli a0, a0, 0xb
x10 <- 0x0019999999999800
mem[X,0x000000008002ED34] -> 0x0513
mem[X,0x000000008002ED36] -> 0x1995
[7088] [M]: 0x000000008002ED34 (0x19950513) addi a0, a0, 0x199
x10 <- 0x0019999999999999
mem[X,0x000000008002ED38] -> 0x1513
mem[X,0x000000008002ED3A] -> 0x00A5
[7089] [M]: 0x000000008002ED38 (0x00A51513) slli a0, a0, 0xa
x10 <- 0x6666666666666400
mem[X,0x000000008002ED3C] -> 0x0513
mem[X,0x000000008002ED3E] -> 0x2655
[7090] [M]: 0x000000008002ED3C (0x26550513) addi a0, a0, 0x265
x10 <- 0x6666666666666665
mem[X,0x000000008002ED40] -> 0x35B7
mem[X,0x000000008002ED42] -> 0x3333
[7091] [M]: 0x000000008002ED40 (0x333335B7) lui a1, 0x33333
x11 <- 0x0000000033333000
mem[X,0x000000008002ED44] -> 0x8593
mem[X,0x000000008002ED46] -> 0x3335
[7092] [M]: 0x000000008002ED44 (0x33358593) addi a1, a1, 0x333
x11 <- 0x0000000033333333
mem[X,0x000000008002ED48] -> 0x9593
mem[X,0x000000008002ED4A] -> 0x00B5
[7093] [M]: 0x000000008002ED48 (0x00B59593) slli a1, a1, 0xb
x11 <- 0x0000019999999800
mem[X,0x000000008002ED4C] -> 0x8593
mem[X,0x000000008002ED4E] -> 0x1995
[7094] [M]: 0x000000008002ED4C (0x19958593) addi a1, a1, 0x199
x11 <- 0x0000019999999999
mem[X,0x000000008002ED50] -> 0x9593
mem[X,0x000000008002ED52] -> 0x00B5
[7095] [M]: 0x000000008002ED50 (0x00B59593) slli a1, a1, 0xb
x11 <- 0x000CCCCCCCCCC800
mem[X,0x000000008002ED54] -> 0x8593
mem[X,0x000000008002ED56] -> 0x4CC5
[7096] [M]: 0x000000008002ED54 (0x4CC58593) addi a1, a1, 0x4cc
x11 <- 0x000CCCCCCCCCCCCC
mem[X,0x000000008002ED58] -> 0x9593
mem[X,0x000000008002ED5A] -> 0x00A5
[7097] [M]: 0x000000008002ED58 (0x00A59593) slli a1, a1, 0xa
x11 <- 0x3333333333333000
mem[X,0x000000008002ED5C] -> 0x8593
mem[X,0x000000008002ED5E] -> 0x3335
[7098] [M]: 0x000000008002ED5C (0x33358593) addi a1, a1, 0x333
x11 <- 0x3333333333333333
mem[X,0x000000008002ED60] -> 0x0113
mem[X,0x000000008002ED62] -> 0x0000
[7099] [M]: 0x000000008002ED60 (0x00000113) addi sp, zero, 0x0
x2 <- 0x0000000000000000
clint::tick mtime <- 0x0000000000000047
 clint timer pending at mtime 0x0000000000000047
htif::tick 0x0000000000000000
mem[X,0x000000008002ED64] -> 0x006F
mem[X,0x000000008002ED66] -> 0x00C0
[7100] [M]: 0x000000008002ED64 (0x00C0006F) jal zero, 0xc
mem[X,0x000000008002ED70] -> 0x5CE3
mem[X,0x000000008002ED72] -> 0xFEB5
[7101] [M]: 0x000000008002ED70 (0xFEB55CE3) bge a0, a1, -0x8
mem[X,0x000000008002ED68] -> 0x0113
mem[X,0x000000008002ED6A] -> 0x0011
[7102] [M]: 0x000000008002ED68 (0x00110113) addi sp, sp, 0x1
x2 <- 0x0000000000000001
mem[X,0x000000008002ED6C] -> 0x006F
mem[X,0x000000008002ED6E] -> 0x0180
[7103] [M]: 0x000000008002ED6C (0x0180006F) jal zero, 0x18
mem[X,0x000000008002ED84] -> 0xB423
mem[X,0x000000008002ED86] -> 0x5C20
[7104] [M]: 0x000000008002ED84 (0x5C20B423) sd sp, 0x5c8(ra)
mem[0x0000000080048F98] <- 0x0000000000000001
mem[X,0x000000008002ED88] -> 0x6537
mem[X,0x000000008002ED8A] -> 0x6666
[7105] [M]: 0x000000008002ED88 (0x66666537) lui a0, 0x66666
x10 <- 0x0000000066666000
mem[X,0x000000008002ED8C] -> 0x0513
mem[X,0x000000008002ED8E] -> 0x6665
[7106] [M]: 0x000000008002ED8C (0x66650513) addi a0, a0, 0x666
x10 <- 0x0000000066666666
mem[X,0x000000008002ED90] -> 0x1513
mem[X,0x000000008002ED92] -> 0x00B5
[7107] [M]: 0x000000008002ED90 (0x00B51513) slli a0, a0, 0xb
x10 <- 0x0000033333333000
mem[X,0x000000008002ED94] -> 0x0513
mem[X,0x000000008002ED96] -> 0x3335
[7108] [M]: 0x000000008002ED94 (0x33350513) addi a0, a0, 0x333
x10 <- 0x0000033333333333
mem[X,0x000000008002ED98] -> 0x1513
mem[X,0x000000008002ED9A] -> 0x00B5
[7109] [M]: 0x000000008002ED98 (0x00B51513) slli a0, a0, 0xb
x10 <- 0x0019999999999800
mem[X,0x000000008002ED9C] -> 0x0513
mem[X,0x000000008002ED9E] -> 0x1995
[7110] [M]: 0x000000008002ED9C (0x19950513) addi a0, a0, 0x199
x10 <- 0x0019999999999999
mem[X,0x000000008002EDA0] -> 0x1513
mem[X,0x000000008002EDA2] -> 0x00A5
[7111] [M]: 0x000000008002EDA0 (0x00A51513) slli a0, a0, 0xa
x10 <- 0x6666666666666400
mem[X,0x000000008002EDA4] -> 0x0513
mem[X,0x000000008002EDA6] -> 0x2655
[7112] [M]: 0x000000008002EDA4 (0x26550513) addi a0, a0, 0x265
x10 <- 0x6666666666666665
mem[X,0x000000008002EDA8] -> 0x65B7
mem[X,0x000000008002EDAA] -> 0x6666
[7113] [M]: 0x000000008002EDA8 (0x666665B7) lui a1, 0x66666
x11 <- 0x0000000066666000
mem[X,0x000000008002EDAC] -> 0x8593
mem[X,0x000000008002EDAE] -> 0x6665
[7114] [M]: 0x000000008002EDAC (0x66658593) addi a1, a1, 0x666
x11 <- 0x0000000066666666
mem[X,0x000000008002EDB0] -> 0x9593
mem[X,0x000000008002EDB2] -> 0x00B5
[7115] [M]: 0x000000008002EDB0 (0x00B59593) slli a1, a1, 0xb
x11 <- 0x0000033333333000
mem[X,0x000000008002EDB4] -> 0x8593
mem[X,0x000000008002EDB6] -> 0x3335
[7116] [M]: 0x000000008002EDB4 (0x33358593) addi a1, a1, 0x333
x11 <- 0x0000033333333333
mem[X,0x000000008002EDB8] -> 0x9593
mem[X,0x000000008002EDBA] -> 0x00B5
[7117] [M]: 0x000000008002EDB8 (0x00B59593) slli a1, a1, 0xb
x11 <- 0x0019999999999800
mem[X,0x000000008002EDBC] -> 0x8593
mem[X,0x000000008002EDBE] -> 0x1995
[7118] [M]: 0x000000008002EDBC (0x19958593) addi a1, a1, 0x199
x11 <- 0x0019999999999999
mem[X,0x000000008002EDC0] -> 0x9593
mem[X,0x000000008002EDC2] -> 0x00A5
[7119] [M]: 0x000000008002EDC0 (0x00A59593) slli a1, a1, 0xa
x11 <- 0x6666666666666400
mem[X,0x000000008002EDC4] -> 0x8593
mem[X,0x000000008002EDC6] -> 0x2665
[7120] [M]: 0x000000008002EDC4 (0x26658593) addi a1, a1, 0x266
x11 <- 0x6666666666666666
mem[X,0x000000008002EDC8] -> 0x0113
mem[X,0x000000008002EDCA] -> 0x0000
[7121] [M]: 0x000000008002EDC8 (0x00000113) addi sp, zero, 0x0
x2 <- 0x0000000000000000
mem[X,0x000000008002EDCC] -> 0x006F
mem[X,0x000000008002EDCE] -> 0x00C0
[7122] [M]: 0x000000008002EDCC (0x00C0006F) jal zero, 0xc
mem[X,0x000000008002EDD8] -> 0x5663
mem[X,0x000000008002EDDA] -> 0x00B5
[7123] [M]: 0x000000008002EDD8 (0x00B55663) bge a0, a1, 0xc
mem[X,0x000000008002EDDC] -> 0x0113
mem[X,0x000000008002EDDE] -> 0x0021
[7124] [M]: 0x000000008002EDDC (0x00210113) addi sp, sp, 0x2
x2 <- 0x0000000000000002
mem[X,0x000000008002EDE0] -> 0x006F
mem[X,0x000000008002EDE2] -> 0x00C0
[7125] [M]: 0x000000008002EDE0 (0x00C0006F) jal zero, 0xc
mem[X,0x000000008002EDEC] -> 0xB823
mem[X,0x000000008002EDEE] -> 0x5C20
[7126] [M]: 0x000000008002EDEC (0x5C20B823) sd sp, 0x5d0(ra)
mem[0x0000000080048FA0] <- 0x0000000000000002
mem[X,0x000000008002EDF0] -> 0x6537
mem[X,0x000000008002EDF2] -> 0x6666
[7127] [M]: 0x000000008002EDF0 (0x66666537) lui a0, 0x66666
x10 <- 0x0000000066666000
mem[X,0x000000008002EDF4] -> 0x0513
mem[X,0x000000008002EDF6] -> 0x6665
[7128] [M]: 0x000000008002EDF4 (0x66650513) addi a0, a0, 0x666
x10 <- 0x0000000066666666
mem[X,0x000000008002EDF8] -> 0x1513
mem[X,0x000000008002EDFA] -> 0x00B5
[7129] [M]: 0x000000008002EDF8 (0x00B51513) slli a0, a0, 0xb
x10 <- 0x0000033333333000
mem[X,0x000000008002EDFC] -> 0x0513
mem[X,0x000000008002EDFE] -> 0x3335
[7130] [M]: 0x000000008002EDFC (0x33350513) addi a0, a0, 0x333
x10 <- 0x0000033333333333
mem[X,0x000000008002EE00] -> 0x1513
mem[X,0x000000008002EE02] -> 0x00B5
[7131] [M]: 0x000000008002EE00 (0x00B51513) slli a0, a0, 0xb
x10 <- 0x0019999999999800
mem[X,0x000000008002EE04] -> 0x0513
mem[X,0x000000008002EE06] -> 0x1995
[7132] [M]: 0x000000008002EE04 (0x19950513) addi a0, a0, 0x199
x10 <- 0x0019999999999999
mem[X,0x000000008002EE08] -> 0x1513
mem[X,0x000000008002EE0A] -> 0x00A5
[7133] [M]: 0x000000008002EE08 (0x00A51513) slli a0, a0, 0xa
x10 <- 0x6666666666666400
mem[X,0x000000008002EE0C] -> 0x0513
mem[X,0x000000008002EE0E] -> 0x2655
[7134] [M]: 0x000000008002EE0C (0x26550513) addi a0, a0, 0x265
x10 <- 0x6666666666666665
mem[X,0x000000008002EE10] -> 0x05B7
mem[X,0x000000008002EE12] -> 0x0000
[7135] [M]: 0x000000008002EE10 (0x000005B7) lui a1, 0x0
x11 <- 0x0000000000000000
mem[X,0x000000008002EE14] -> 0x8593
mem[X,0x000000008002EE16] -> 0xFFF5
[7136] [M]: 0x000000008002EE14 (0xFFF58593) addi a1, a1, -0x1
x11 <- 0xFFFFFFFFFFFFFFFF
mem[X,0x000000008002EE18] -> 0x9593
mem[X,0x000000008002EE1A] -> 0x00B5
[7137] [M]: 0x000000008002EE18 (0x00B59593) slli a1, a1, 0xb
x11 <- 0xFFFFFFFFFFFFF800
mem[X,0x000000008002EE1C] -> 0x8593
mem[X,0x000000008002EE1E] -> 0x2575
[7138] [M]: 0x000000008002EE1C (0x25758593) addi a1, a1, 0x257
x11 <- 0xFFFFFFFFFFFFFA57
mem[X,0x000000008002EE20] -> 0x9593
mem[X,0x000000008002EE22] -> 0x00B5
[7139] [M]: 0x000000008002EE20 (0x00B59593) slli a1, a1, 0xb
x11 <- 0xFFFFFFFFFFD2B800
mem[X,0x000000008002EE24] -> 0x8593
mem[X,0x000000008002EE26] -> 0x6C35
[7140] [M]: 0x000000008002EE24 (0x6C358593) addi a1, a1, 0x6c3
x11 <- 0xFFFFFFFFFFD2BEC3
mem[X,0x000000008002EE28] -> 0x9593
mem[X,0x000000008002EE2A] -> 0x00A5
[7141] [M]: 0x000000008002EE28 (0x00A59593) slli a1, a1, 0xa
x11 <- 0xFFFFFFFF4AFB0C00
mem[X,0x000000008002EE2C] -> 0x8593
mem[X,0x000000008002EE2E] -> 0x0CD5
[7142] [M]: 0x000000008002EE2C (0x0CD58593) addi a1, a1, 0xcd
x11 <- 0xFFFFFFFF4AFB0CCD
mem[X,0x000000008002EE30] -> 0x0113
mem[X,0x000000008002EE32] -> 0x0000
[7143] [M]: 0x000000008002EE30 (0x00000113) addi sp, zero, 0x0
x2 <- 0x0000000000000000
mem[X,0x000000008002EE34] -> 0x006F
mem[X,0x000000008002EE36] -> 0x00C0
[7144] [M]: 0x000000008002EE34 (0x00C0006F) jal zero, 0xc
mem[X,0x000000008002EE40] -> 0x5063
mem[X,0x000000008002EE42] -> 0x04B5
[7145] [M]: 0x000000008002EE40 (0x04B55063) bge a0, a1, 0x40
mem[X,0x000000008002EE80] -> 0x0113
mem[X,0x000000008002EE82] -> 0x0031
[7146] [M]: 0x000000008002EE80 (0x00310113) addi sp, sp, 0x3
x2 <- 0x0000000000000003
mem[X,0x000000008002EE84] -> 0x006F
mem[X,0x000000008002EE86] -> 0x0040
[7147] [M]: 0x000000008002EE84 (0x0040006F) jal zero, 0x4
mem[X,0x000000008002EE88] -> 0xBC23
mem[X,0x000000008002EE8A] -> 0x5C20
[7148] [M]: 0x000000008002EE88 (0x5C20BC23) sd sp, 0x5d8(ra)
mem[0x0000000080048FA8] <- 0x0000000000000003
mem[X,0x000000008002EE8C] -> 0x6537
mem[X,0x000000008002EE8E] -> 0x6666
[7149] [M]: 0x000000008002EE8C (0x66666537) lui a0, 0x66666
x10 <- 0x0000000066666000
mem[X,0x000000008002EE90] -> 0x0513
mem[X,0x000000008002EE92] -> 0x6665
[7150] [M]: 0x000000008002EE90 (0x66650513) addi a0, a0, 0x666
x10 <- 0x0000000066666666
mem[X,0x000000008002EE94] -> 0x1513
mem[X,0x000000008002EE96] -> 0x00B5
[7151] [M]: 0x000000008002EE94 (0x00B51513) slli a0, a0, 0xb
x10 <- 0x0000033333333000
mem[X,0x000000008002EE98] -> 0x0513
mem[X,0x000000008002EE9A] -> 0x3335
[7152] [M]: 0x000000008002EE98 (0x33350513) addi a0, a0, 0x333
x10 <- 0x0000033333333333
mem[X,0x000000008002EE9C] -> 0x1513
mem[X,0x000000008002EE9E] -> 0x00B5
[7153] [M]: 0x000000008002EE9C (0x00B51513) slli a0, a0, 0xb
x10 <- 0x0019999999999800
mem[X,0x000000008002EEA0] -> 0x0513
mem[X,0x000000008002EEA2] -> 0x1995
[7154] [M]: 0x000000008002EEA0 (0x19950513) addi a0, a0, 0x199
x10 <- 0x0019999999999999
mem[X,0x000000008002EEA4] -> 0x1513
mem[X,0x000000008002EEA6] -> 0x00A5
[7155] [M]: 0x000000008002EEA4 (0x00A51513) slli a0, a0, 0xa
x10 <- 0x6666666666666400
mem[X,0x000000008002EEA8] -> 0x0513
mem[X,0x000000008002EEAA] -> 0x2655
[7156] [M]: 0x000000008002EEA8 (0x26550513) addi a0, a0, 0x265
x10 <- 0x6666666666666665
mem[X,0x000000008002EEAC] -> 0x05B7
mem[X,0x000000008002EEAE] -> 0x0000
[7157] [M]: 0x000000008002EEAC (0x000005B7) lui a1, 0x0
x11 <- 0x0000000000000000
mem[X,0x000000008002EEB0] -> 0x8593
mem[X,0x000000008002EEB2] -> 0x0005
[7158] [M]: 0x000000008002EEB0 (0x00058593) addi a1, a1, 0x0
x11 <- 0x0000000000000000
mem[X,0x000000008002EEB4] -> 0x9593
mem[X,0x000000008002EEB6] -> 0x00B5
[7159] [M]: 0x000000008002EEB4 (0x00B59593) slli a1, a1, 0xb
x11 <- 0x0000000000000000
mem[X,0x000000008002EEB8] -> 0x8593
mem[X,0x000000008002EEBA] -> 0x5A85
[7160] [M]: 0x000000008002EEB8 (0x5A858593) addi a1, a1, 0x5a8
x11 <- 0x00000000000005A8
mem[X,0x000000008002EEBC] -> 0x9593
mem[X,0x000000008002EEBE] -> 0x00B5
[7161] [M]: 0x000000008002EEBC (0x00B59593) slli a1, a1, 0xb
x11 <- 0x00000000002D4000
mem[X,0x000000008002EEC0] -> 0x8593
mem[X,0x000000008002EEC2] -> 0x13C5
[7162] [M]: 0x000000008002EEC0 (0x13C58593) addi a1, a1, 0x13c
x11 <- 0x00000000002D413C
mem[X,0x000000008002EEC4] -> 0x9593
mem[X,0x000000008002EEC6] -> 0x00A5
[7163] [M]: 0x000000008002EEC4 (0x00A59593) slli a1, a1, 0xa
x11 <- 0x00000000B504F000
mem[X,0x000000008002EEC8] -> 0x8593
mem[X,0x000000008002EECA] -> 0x3335
[7164] [M]: 0x000000008002EEC8 (0x33358593) addi a1, a1, 0x333
x11 <- 0x00000000B504F333
mem[X,0x000000008002EECC] -> 0x0113
mem[X,0x000000008002EECE] -> 0x0000
[7165] [M]: 0x000000008002EECC (0x00000113) addi sp, zero, 0x0
x2 <- 0x0000000000000000
mem[X,0x000000008002EED0] -> 0x006F
mem[X,0x000000008002EED2] -> 0x00C0
[7166] [M]: 0x000000008002EED0 (0x00C0006F) jal zero, 0xc
mem[X,0x000000008002EEDC] -> 0x5CE3
mem[X,0x000000008002EEDE] -> 0xFEB5
[7167] [M]: 0x000000008002EEDC (0xFEB55CE3) bge a0, a1, -0x8
mem[X,0x000000008002EED4] -> 0x0113
mem[X,0x000000008002EED6] -> 0x0011
[7168] [M]: 0x000000008002EED4 (0x00110113) addi sp, sp, 0x1
x2 <- 0x0000000000000001
mem[X,0x000000008002EED8] -> 0x006F
mem[X,0x000000008002EEDA] -> 0x0180
[7169] [M]: 0x000000008002EED8 (0x0180006F) jal zero, 0x18
mem[X,0x000000008002EEF0] -> 0xB023
mem[X,0x000000008002EEF2] -> 0x5E20
[7170] [M]: 0x000000008002EEF0 (0x5E20B023) sd sp, 0x5e0(ra)
mem[0x0000000080048FB0] <- 0x0000000000000001
mem[X,0x000000008002EEF4] -> 0x6537
mem[X,0x000000008002EEF6] -> 0x6666
[7171] [M]: 0x000000008002EEF4 (0x66666537) lui a0, 0x66666
x10 <- 0x0000000066666000
mem[X,0x000000008002EEF8] -> 0x0513
mem[X,0x000000008002EEFA] -> 0x6665
[7172] [M]: 0x000000008002EEF8 (0x66650513) addi a0, a0, 0x666
x10 <- 0x0000000066666666
mem[X,0x000000008002EEFC] -> 0x1513
mem[X,0x000000008002EEFE] -> 0x00B5
[7173] [M]: 0x000000008002EEFC (0x00B51513) slli a0, a0, 0xb
x10 <- 0x0000033333333000
mem[X,0x000000008002EF00] -> 0x0513
mem[X,0x000000008002EF02] -> 0x3335
[7174] [M]: 0x000000008002EF00 (0x33350513) addi a0, a0, 0x333
x10 <- 0x0000033333333333
mem[X,0x000000008002EF04] -> 0x1513
mem[X,0x000000008002EF06] -> 0x00B5
[7175] [M]: 0x000000008002EF04 (0x00B51513) slli a0, a0, 0xb
x10 <- 0x0019999999999800
mem[X,0x000000008002EF08] -> 0x0513
mem[X,0x000000008002EF0A] -> 0x1995
[7176] [M]: 0x000000008002EF08 (0x19950513) addi a0, a0, 0x199
x10 <- 0x0019999999999999
mem[X,0x000000008002EF0C] -> 0x1513
mem[X,0x000000008002EF0E] -> 0x00A5
[7177] [M]: 0x000000008002EF0C (0x00A51513) slli a0, a0, 0xa
x10 <- 0x6666666666666400
mem[X,0x000000008002EF10] -> 0x0513
mem[X,0x000000008002EF12] -> 0x2655
[7178] [M]: 0x000000008002EF10 (0x26550513) addi a0, a0, 0x265
x10 <- 0x6666666666666665
mem[X,0x000000008002EF14] -> 0x0593
mem[X,0x000000008002EF16] -> 0x0020
[7179] [M]: 0x000000008002EF14 (0x00200593) addi a1, zero, 0x2
x11 <- 0x0000000000000002
mem[X,0x000000008002EF18] -> 0x0113
mem[X,0x000000008002EF1A] -> 0x0000
[7180] [M]: 0x000000008002EF18 (0x00000113) addi sp, zero, 0x0
x2 <- 0x0000000000000000
mem[X,0x000000008002EF1C] -> 0x006F
mem[X,0x000000008002EF1E] -> 0x00C0
[7181] [M]: 0x000000008002EF1C (0x00C0006F) jal zero, 0xc
mem[X,0x000000008002EF28] -> 0x5CE3
mem[X,0x000000008002EF2A] -> 0xFEB5
[7182] [M]: 0x000000008002EF28 (0xFEB55CE3) bge a0, a1, -0x8
mem[X,0x000000008002EF20] -> 0x0113
mem[X,0x000000008002EF22] -> 0x0011
[7183] [M]: 0x000000008002EF20 (0x00110113) addi sp, sp, 0x1
x2 <- 0x0000000000000001
mem[X,0x000000008002EF24] -> 0x006F
mem[X,0x000000008002EF26] -> 0x0180
[7184] [M]: 0x000000008002EF24 (0x0180006F) jal zero, 0x18
mem[X,0x000000008002EF3C] -> 0xB423
mem[X,0x000000008002EF3E] -> 0x5E20
[7185] [M]: 0x000000008002EF3C (0x5E20B423) sd sp, 0x5e8(ra)
mem[0x0000000080048FB8] <- 0x0000000000000001
mem[X,0x000000008002EF40] -> 0x6537
mem[X,0x000000008002EF42] -> 0x6666
[7186] [M]: 0x000000008002EF40 (0x66666537) lui a0, 0x66666
x10 <- 0x0000000066666000
mem[X,0x000000008002EF44] -> 0x0513
mem[X,0x000000008002EF46] -> 0x6665
[7187] [M]: 0x000000008002EF44 (0x66650513) addi a0, a0, 0x666
x10 <- 0x0000000066666666
mem[X,0x000000008002EF48] -> 0x1513
mem[X,0x000000008002EF4A] -> 0x00B5
[7188] [M]: 0x000000008002EF48 (0x00B51513) slli a0, a0, 0xb
x10 <- 0x0000033333333000
mem[X,0x000000008002EF4C] -> 0x0513
mem[X,0x000000008002EF4E] -> 0x3335
[7189] [M]: 0x000000008002EF4C (0x33350513) addi a0, a0, 0x333
x10 <- 0x0000033333333333
mem[X,0x000000008002EF50] -> 0x1513
mem[X,0x000000008002EF52] -> 0x00B5
[7190] [M]: 0x000000008002EF50 (0x00B51513) slli a0, a0, 0xb
x10 <- 0x0019999999999800
mem[X,0x000000008002EF54] -> 0x0513
mem[X,0x000000008002EF56] -> 0x1995
[7191] [M]: 0x000000008002EF54 (0x19950513) addi a0, a0, 0x199
x10 <- 0x0019999999999999
mem[X,0x000000008002EF58] -> 0x1513
mem[X,0x000000008002EF5A] -> 0x00A5
[7192] [M]: 0x000000008002EF58 (0x00A51513) slli a0, a0, 0xa
x10 <- 0x6666666666666400
mem[X,0x000000008002EF5C] -> 0x0513
mem[X,0x000000008002EF5E] -> 0x2655
[7193] [M]: 0x000000008002EF5C (0x26550513) addi a0, a0, 0x265
x10 <- 0x6666666666666665
mem[X,0x000000008002EF60] -> 0x55B7
mem[X,0x000000008002EF62] -> 0x5555
[7194] [M]: 0x000000008002EF60 (0x555555B7) lui a1, 0x55555
x11 <- 0x0000000055555000
mem[X,0x000000008002EF64] -> 0x8593
mem[X,0x000000008002EF66] -> 0x5555
[7195] [M]: 0x000000008002EF64 (0x55558593) addi a1, a1, 0x555
x11 <- 0x0000000055555555
mem[X,0x000000008002EF68] -> 0x9593
mem[X,0x000000008002EF6A] -> 0x00B5
[7196] [M]: 0x000000008002EF68 (0x00B59593) slli a1, a1, 0xb
x11 <- 0x000002AAAAAAA800
mem[X,0x000000008002EF6C] -> 0x8593
mem[X,0x000000008002EF6E] -> 0x2AA5
[7197] [M]: 0x000000008002EF6C (0x2AA58593) addi a1, a1, 0x2aa
x11 <- 0x000002AAAAAAAAAA
mem[X,0x000000008002EF70] -> 0x9593
mem[X,0x000000008002EF72] -> 0x00B5
[7198] [M]: 0x000000008002EF70 (0x00B59593) slli a1, a1, 0xb
x11 <- 0x0015555555555000
mem[X,0x000000008002EF74] -> 0x8593
mem[X,0x000000008002EF76] -> 0x5555
[7199] [M]: 0x000000008002EF74 (0x55558593) addi a1, a1, 0x555
x11 <- 0x0015555555555555
clint::tick mtime <- 0x0000000000000048
 clint timer pending at mtime 0x0000000000000048
htif::tick 0x0000000000000000
mem[X,0x000000008002EF78] -> 0x9593
mem[X,0x000000008002EF7A] -> 0x00A5
[7200] [M]: 0x000000008002EF78 (0x00A59593) slli a1, a1, 0xa
x11 <- 0x5555555555555400
mem[X,0x000000008002EF7C] -> 0x8593
mem[X,0x000000008002EF7E] -> 0x1545
[7201] [M]: 0x000000008002EF7C (0x15458593) addi a1, a1, 0x154
x11 <- 0x5555555555555554
mem[X,0x000000008002EF80] -> 0x0113
mem[X,0x000000008002EF82] -> 0x0000
[7202] [M]: 0x000000008002EF80 (0x00000113) addi sp, zero, 0x0
x2 <- 0x0000000000000000
mem[X,0x000000008002EF84] -> 0x006F
mem[X,0x000000008002EF86] -> 0x0100
[7203] [M]: 0x000000008002EF84 (0x0100006F) jal zero, 0x10
mem[X,0x000000008002EF94] -> 0x5AE3
mem[X,0x000000008002EF96] -> 0xFEB5
[7204] [M]: 0x000000008002EF94 (0xFEB55AE3) bge a0, a1, -0xc
mem[X,0x000000008002EF88] -> 0x0113
mem[X,0x000000008002EF8A] -> 0x0011
[7205] [M]: 0x000000008002EF88 (0x00110113) addi sp, sp, 0x1
x2 <- 0x0000000000000001
mem[X,0x000000008002EF8C] -> 0x006F
mem[X,0x000000008002EF8E] -> 0x01C0
[7206] [M]: 0x000000008002EF8C (0x01C0006F) jal zero, 0x1c
mem[X,0x000000008002EFA8] -> 0xB823
mem[X,0x000000008002EFAA] -> 0x5E20
[7207] [M]: 0x000000008002EFA8 (0x5E20B823) sd sp, 0x5f0(ra)
mem[0x0000000080048FC0] <- 0x0000000000000001
mem[X,0x000000008002EFAC] -> 0x6537
mem[X,0x000000008002EFAE] -> 0x6666
[7208] [M]: 0x000000008002EFAC (0x66666537) lui a0, 0x66666
x10 <- 0x0000000066666000
mem[X,0x000000008002EFB0] -> 0x0513
mem[X,0x000000008002EFB2] -> 0x6665
[7209] [M]: 0x000000008002EFB0 (0x66650513) addi a0, a0, 0x666
x10 <- 0x0000000066666666
mem[X,0x000000008002EFB4] -> 0x1513
mem[X,0x000000008002EFB6] -> 0x00B5
[7210] [M]: 0x000000008002EFB4 (0x00B51513) slli a0, a0, 0xb
x10 <- 0x0000033333333000
mem[X,0x000000008002EFB8] -> 0x0513
mem[X,0x000000008002EFBA] -> 0x3335
[7211] [M]: 0x000000008002EFB8 (0x33350513) addi a0, a0, 0x333
x10 <- 0x0000033333333333
mem[X,0x000000008002EFBC] -> 0x1513
mem[X,0x000000008002EFBE] -> 0x00B5
[7212] [M]: 0x000000008002EFBC (0x00B51513) slli a0, a0, 0xb
x10 <- 0x0019999999999800
mem[X,0x000000008002EFC0] -> 0x0513
mem[X,0x000000008002EFC2] -> 0x1995
[7213] [M]: 0x000000008002EFC0 (0x19950513) addi a0, a0, 0x199
x10 <- 0x0019999999999999
mem[X,0x000000008002EFC4] -> 0x1513
mem[X,0x000000008002EFC6] -> 0x00A5
[7214] [M]: 0x000000008002EFC4 (0x00A51513) slli a0, a0, 0xa
x10 <- 0x6666666666666400
mem[X,0x000000008002EFC8] -> 0x0513
mem[X,0x000000008002EFCA] -> 0x2655
[7215] [M]: 0x000000008002EFC8 (0x26550513) addi a0, a0, 0x265
x10 <- 0x6666666666666665
mem[X,0x000000008002EFCC] -> 0x0593
mem[X,0x000000008002EFCE] -> 0x0000
[7216] [M]: 0x000000008002EFCC (0x00000593) addi a1, zero, 0x0
x11 <- 0x0000000000000000
mem[X,0x000000008002EFD0] -> 0x0113
mem[X,0x000000008002EFD2] -> 0x0000
[7217] [M]: 0x000000008002EFD0 (0x00000113) addi sp, zero, 0x0
x2 <- 0x0000000000000000
mem[X,0x000000008002EFD4] -> 0x006F
mem[X,0x000000008002EFD6] -> 0x00C0
[7218] [M]: 0x000000008002EFD4 (0x00C0006F) jal zero, 0xc
mem[X,0x000000008002EFE0] -> 0x5063
mem[X,0x000000008002EFE2] -> 0x20B5
[7219] [M]: 0x000000008002EFE0 (0x20B55063) bge a0, a1, 0x200
mem[X,0x000000008002F1E0] -> 0x0113
mem[X,0x000000008002F1E2] -> 0x0031
[7220] [M]: 0x000000008002F1E0 (0x00310113) addi sp, sp, 0x3
x2 <- 0x0000000000000003
mem[X,0x000000008002F1E4] -> 0x006F
mem[X,0x000000008002F1E6] -> 0x0040
[7221] [M]: 0x000000008002F1E4 (0x0040006F) jal zero, 0x4
mem[X,0x000000008002F1E8] -> 0xBC23
mem[X,0x000000008002F1EA] -> 0x5E20
[7222] [M]: 0x000000008002F1E8 (0x5E20BC23) sd sp, 0x5f8(ra)
mem[0x0000000080048FC8] <- 0x0000000000000003
mem[X,0x000000008002F1EC] -> 0x6537
mem[X,0x000000008002F1EE] -> 0x6666
[7223] [M]: 0x000000008002F1EC (0x66666537) lui a0, 0x66666
x10 <- 0x0000000066666000
mem[X,0x000000008002F1F0] -> 0x0513
mem[X,0x000000008002F1F2] -> 0x6665
[7224] [M]: 0x000000008002F1F0 (0x66650513) addi a0, a0, 0x666
x10 <- 0x0000000066666666
mem[X,0x000000008002F1F4] -> 0x1513
mem[X,0x000000008002F1F6] -> 0x00B5
[7225] [M]: 0x000000008002F1F4 (0x00B51513) slli a0, a0, 0xb
x10 <- 0x0000033333333000
mem[X,0x000000008002F1F8] -> 0x0513
mem[X,0x000000008002F1FA] -> 0x3335
[7226] [M]: 0x000000008002F1F8 (0x33350513) addi a0, a0, 0x333
x10 <- 0x0000033333333333
mem[X,0x000000008002F1FC] -> 0x1513
mem[X,0x000000008002F1FE] -> 0x00B5
[7227] [M]: 0x000000008002F1FC (0x00B51513) slli a0, a0, 0xb
x10 <- 0x0019999999999800
mem[X,0x000000008002F200] -> 0x0513
mem[X,0x000000008002F202] -> 0x1995
[7228] [M]: 0x000000008002F200 (0x19950513) addi a0, a0, 0x199
x10 <- 0x0019999999999999
mem[X,0x000000008002F204] -> 0x1513
mem[X,0x000000008002F206] -> 0x00A5
[7229] [M]: 0x000000008002F204 (0x00A51513) slli a0, a0, 0xa
x10 <- 0x6666666666666400
mem[X,0x000000008002F208] -> 0x0513
mem[X,0x000000008002F20A] -> 0x2655
[7230] [M]: 0x000000008002F208 (0x26550513) addi a0, a0, 0x265
x10 <- 0x6666666666666665
mem[X,0x000000008002F20C] -> 0x0593
mem[X,0x000000008002F20E] -> 0x0040
[7231] [M]: 0x000000008002F20C (0x00400593) addi a1, zero, 0x4
x11 <- 0x0000000000000004
mem[X,0x000000008002F210] -> 0x0113
mem[X,0x000000008002F212] -> 0x0000
[7232] [M]: 0x000000008002F210 (0x00000113) addi sp, zero, 0x0
x2 <- 0x0000000000000000
mem[X,0x000000008002F214] -> 0x006F
mem[X,0x000000008002F216] -> 0x0180
[7233] [M]: 0x000000008002F214 (0x0180006F) jal zero, 0x18
mem[X,0x000000008002F22C] -> 0x56E3
mem[X,0x000000008002F22E] -> 0xFEB5
[7234] [M]: 0x000000008002F22C (0xFEB556E3) bge a0, a1, -0x14
mem[X,0x000000008002F218] -> 0x0113
mem[X,0x000000008002F21A] -> 0x0011
[7235] [M]: 0x000000008002F218 (0x00110113) addi sp, sp, 0x1
x2 <- 0x0000000000000001
mem[X,0x000000008002F21C] -> 0x006F
mem[X,0x000000008002F21E] -> 0x0240
[7236] [M]: 0x000000008002F21C (0x0240006F) jal zero, 0x24
mem[X,0x000000008002F240] -> 0xB023
mem[X,0x000000008002F242] -> 0x6020
[7237] [M]: 0x000000008002F240 (0x6020B023) sd sp, 0x600(ra)
mem[0x0000000080048FD0] <- 0x0000000000000001
mem[X,0x000000008002F244] -> 0x6537
mem[X,0x000000008002F246] -> 0x6666
[7238] [M]: 0x000000008002F244 (0x66666537) lui a0, 0x66666
x10 <- 0x0000000066666000
mem[X,0x000000008002F248] -> 0x0513
mem[X,0x000000008002F24A] -> 0x6665
[7239] [M]: 0x000000008002F248 (0x66650513) addi a0, a0, 0x666
x10 <- 0x0000000066666666
mem[X,0x000000008002F24C] -> 0x1513
mem[X,0x000000008002F24E] -> 0x00B5
[7240] [M]: 0x000000008002F24C (0x00B51513) slli a0, a0, 0xb
x10 <- 0x0000033333333000
mem[X,0x000000008002F250] -> 0x0513
mem[X,0x000000008002F252] -> 0x3335
[7241] [M]: 0x000000008002F250 (0x33350513) addi a0, a0, 0x333
x10 <- 0x0000033333333333
mem[X,0x000000008002F254] -> 0x1513
mem[X,0x000000008002F256] -> 0x00B5
[7242] [M]: 0x000000008002F254 (0x00B51513) slli a0, a0, 0xb
x10 <- 0x0019999999999800
mem[X,0x000000008002F258] -> 0x0513
mem[X,0x000000008002F25A] -> 0x1995
[7243] [M]: 0x000000008002F258 (0x19950513) addi a0, a0, 0x199
x10 <- 0x0019999999999999
mem[X,0x000000008002F25C] -> 0x1513
mem[X,0x000000008002F25E] -> 0x00A5
[7244] [M]: 0x000000008002F25C (0x00A51513) slli a0, a0, 0xa
x10 <- 0x6666666666666400
mem[X,0x000000008002F260] -> 0x0513
mem[X,0x000000008002F262] -> 0x2655
[7245] [M]: 0x000000008002F260 (0x26550513) addi a0, a0, 0x265
x10 <- 0x6666666666666665
mem[X,0x000000008002F264] -> 0x35B7
mem[X,0x000000008002F266] -> 0x3333
[7246] [M]: 0x000000008002F264 (0x333335B7) lui a1, 0x33333
x11 <- 0x0000000033333000
mem[X,0x000000008002F268] -> 0x8593
mem[X,0x000000008002F26A] -> 0x3335
[7247] [M]: 0x000000008002F268 (0x33358593) addi a1, a1, 0x333
x11 <- 0x0000000033333333
mem[X,0x000000008002F26C] -> 0x9593
mem[X,0x000000008002F26E] -> 0x00B5
[7248] [M]: 0x000000008002F26C (0x00B59593) slli a1, a1, 0xb
x11 <- 0x0000019999999800
mem[X,0x000000008002F270] -> 0x8593
mem[X,0x000000008002F272] -> 0x1995
[7249] [M]: 0x000000008002F270 (0x19958593) addi a1, a1, 0x199
x11 <- 0x0000019999999999
mem[X,0x000000008002F274] -> 0x9593
mem[X,0x000000008002F276] -> 0x00B5
[7250] [M]: 0x000000008002F274 (0x00B59593) slli a1, a1, 0xb
x11 <- 0x000CCCCCCCCCC800
mem[X,0x000000008002F278] -> 0x8593
mem[X,0x000000008002F27A] -> 0x4CC5
[7251] [M]: 0x000000008002F278 (0x4CC58593) addi a1, a1, 0x4cc
x11 <- 0x000CCCCCCCCCCCCC
mem[X,0x000000008002F27C] -> 0x9593
mem[X,0x000000008002F27E] -> 0x00A5
[7252] [M]: 0x000000008002F27C (0x00A59593) slli a1, a1, 0xa
x11 <- 0x3333333333333000
mem[X,0x000000008002F280] -> 0x8593
mem[X,0x000000008002F282] -> 0x3325
[7253] [M]: 0x000000008002F280 (0x33258593) addi a1, a1, 0x332
x11 <- 0x3333333333333332
mem[X,0x000000008002F284] -> 0x0113
mem[X,0x000000008002F286] -> 0x0000
[7254] [M]: 0x000000008002F284 (0x00000113) addi sp, zero, 0x0
x2 <- 0x0000000000000000
mem[X,0x000000008002F288] -> 0x006F
mem[X,0x000000008002F28A] -> 0x0100
[7255] [M]: 0x000000008002F288 (0x0100006F) jal zero, 0x10
mem[X,0x000000008002F298] -> 0x5AE3
mem[X,0x000000008002F29A] -> 0xFEB5
[7256] [M]: 0x000000008002F298 (0xFEB55AE3) bge a0, a1, -0xc
mem[X,0x000000008002F28C] -> 0x0113
mem[X,0x000000008002F28E] -> 0x0011
[7257] [M]: 0x000000008002F28C (0x00110113) addi sp, sp, 0x1
x2 <- 0x0000000000000001
mem[X,0x000000008002F290] -> 0x006F
mem[X,0x000000008002F292] -> 0x01C0
[7258] [M]: 0x000000008002F290 (0x01C0006F) jal zero, 0x1c
mem[X,0x000000008002F2AC] -> 0xB423
mem[X,0x000000008002F2AE] -> 0x6020
[7259] [M]: 0x000000008002F2AC (0x6020B423) sd sp, 0x608(ra)
mem[0x0000000080048FD8] <- 0x0000000000000001
mem[X,0x000000008002F2B0] -> 0x6537
mem[X,0x000000008002F2B2] -> 0x6666
[7260] [M]: 0x000000008002F2B0 (0x66666537) lui a0, 0x66666
x10 <- 0x0000000066666000
mem[X,0x000000008002F2B4] -> 0x0513
mem[X,0x000000008002F2B6] -> 0x6665
[7261] [M]: 0x000000008002F2B4 (0x66650513) addi a0, a0, 0x666
x10 <- 0x0000000066666666
mem[X,0x000000008002F2B8] -> 0x1513
mem[X,0x000000008002F2BA] -> 0x00B5
[7262] [M]: 0x000000008002F2B8 (0x00B51513) slli a0, a0, 0xb
x10 <- 0x0000033333333000
mem[X,0x000000008002F2BC] -> 0x0513
mem[X,0x000000008002F2BE] -> 0x3335
[7263] [M]: 0x000000008002F2BC (0x33350513) addi a0, a0, 0x333
x10 <- 0x0000033333333333
mem[X,0x000000008002F2C0] -> 0x1513
mem[X,0x000000008002F2C2] -> 0x00B5
[7264] [M]: 0x000000008002F2C0 (0x00B51513) slli a0, a0, 0xb
x10 <- 0x0019999999999800
mem[X,0x000000008002F2C4] -> 0x0513
mem[X,0x000000008002F2C6] -> 0x1995
[7265] [M]: 0x000000008002F2C4 (0x19950513) addi a0, a0, 0x199
x10 <- 0x0019999999999999
mem[X,0x000000008002F2C8] -> 0x1513
mem[X,0x000000008002F2CA] -> 0x00A5
[7266] [M]: 0x000000008002F2C8 (0x00A51513) slli a0, a0, 0xa
x10 <- 0x6666666666666400
mem[X,0x000000008002F2CC] -> 0x0513
mem[X,0x000000008002F2CE] -> 0x2655
[7267] [M]: 0x000000008002F2CC (0x26550513) addi a0, a0, 0x265
x10 <- 0x6666666666666665
mem[X,0x000000008002F2D0] -> 0x65B7
mem[X,0x000000008002F2D2] -> 0x6666
[7268] [M]: 0x000000008002F2D0 (0x666665B7) lui a1, 0x66666
x11 <- 0x0000000066666000
mem[X,0x000000008002F2D4] -> 0x8593
mem[X,0x000000008002F2D6] -> 0x6665
[7269] [M]: 0x000000008002F2D4 (0x66658593) addi a1, a1, 0x666
x11 <- 0x0000000066666666
mem[X,0x000000008002F2D8] -> 0x9593
mem[X,0x000000008002F2DA] -> 0x00B5
[7270] [M]: 0x000000008002F2D8 (0x00B59593) slli a1, a1, 0xb
x11 <- 0x0000033333333000
mem[X,0x000000008002F2DC] -> 0x8593
mem[X,0x000000008002F2DE] -> 0x3335
[7271] [M]: 0x000000008002F2DC (0x33358593) addi a1, a1, 0x333
x11 <- 0x0000033333333333
mem[X,0x000000008002F2E0] -> 0x9593
mem[X,0x000000008002F2E2] -> 0x00B5
[7272] [M]: 0x000000008002F2E0 (0x00B59593) slli a1, a1, 0xb
x11 <- 0x0019999999999800
mem[X,0x000000008002F2E4] -> 0x8593
mem[X,0x000000008002F2E6] -> 0x1995
[7273] [M]: 0x000000008002F2E4 (0x19958593) addi a1, a1, 0x199
x11 <- 0x0019999999999999
mem[X,0x000000008002F2E8] -> 0x9593
mem[X,0x000000008002F2EA] -> 0x00A5
[7274] [M]: 0x000000008002F2E8 (0x00A59593) slli a1, a1, 0xa
x11 <- 0x6666666666666400
mem[X,0x000000008002F2EC] -> 0x8593
mem[X,0x000000008002F2EE] -> 0x2655
[7275] [M]: 0x000000008002F2EC (0x26558593) addi a1, a1, 0x265
x11 <- 0x6666666666666665
mem[X,0x000000008002F2F0] -> 0x0113
mem[X,0x000000008002F2F2] -> 0x0000
[7276] [M]: 0x000000008002F2F0 (0x00000113) addi sp, zero, 0x0
x2 <- 0x0000000000000000
mem[X,0x000000008002F2F4] -> 0x006F
mem[X,0x000000008002F2F6] -> 0x00C0
[7277] [M]: 0x000000008002F2F4 (0x00C0006F) jal zero, 0xc
mem[X,0x000000008002F300] -> 0x5663
mem[X,0x000000008002F302] -> 0x00B5
[7278] [M]: 0x000000008002F300 (0x00B55663) bge a0, a1, 0xc
mem[X,0x000000008002F30C] -> 0x0113
mem[X,0x000000008002F30E] -> 0x0031
[7279] [M]: 0x000000008002F30C (0x00310113) addi sp, sp, 0x3
x2 <- 0x0000000000000003
mem[X,0x000000008002F310] -> 0x006F
mem[X,0x000000008002F312] -> 0x0040
[7280] [M]: 0x000000008002F310 (0x0040006F) jal zero, 0x4
mem[X,0x000000008002F314] -> 0xB823
mem[X,0x000000008002F316] -> 0x6020
[7281] [M]: 0x000000008002F314 (0x6020B823) sd sp, 0x610(ra)
mem[0x0000000080048FE0] <- 0x0000000000000003
mem[X,0x000000008002F318] -> 0x6537
mem[X,0x000000008002F31A] -> 0x6666
[7282] [M]: 0x000000008002F318 (0x66666537) lui a0, 0x66666
x10 <- 0x0000000066666000
mem[X,0x000000008002F31C] -> 0x0513
mem[X,0x000000008002F31E] -> 0x6665
[7283] [M]: 0x000000008002F31C (0x66650513) addi a0, a0, 0x666
x10 <- 0x0000000066666666
mem[X,0x000000008002F320] -> 0x1513
mem[X,0x000000008002F322] -> 0x00B5
[7284] [M]: 0x000000008002F320 (0x00B51513) slli a0, a0, 0xb
x10 <- 0x0000033333333000
mem[X,0x000000008002F324] -> 0x0513
mem[X,0x000000008002F326] -> 0x3335
[7285] [M]: 0x000000008002F324 (0x33350513) addi a0, a0, 0x333
x10 <- 0x0000033333333333
mem[X,0x000000008002F328] -> 0x1513
mem[X,0x000000008002F32A] -> 0x00B5
[7286] [M]: 0x000000008002F328 (0x00B51513) slli a0, a0, 0xb
x10 <- 0x0019999999999800
mem[X,0x000000008002F32C] -> 0x0513
mem[X,0x000000008002F32E] -> 0x1995
[7287] [M]: 0x000000008002F32C (0x19950513) addi a0, a0, 0x199
x10 <- 0x0019999999999999
mem[X,0x000000008002F330] -> 0x1513
mem[X,0x000000008002F332] -> 0x00A5
[7288] [M]: 0x000000008002F330 (0x00A51513) slli a0, a0, 0xa
x10 <- 0x6666666666666400
mem[X,0x000000008002F334] -> 0x0513
mem[X,0x000000008002F336] -> 0x2655
[7289] [M]: 0x000000008002F334 (0x26550513) addi a0, a0, 0x265
x10 <- 0x6666666666666665
mem[X,0x000000008002F338] -> 0x05B7
mem[X,0x000000008002F33A] -> 0x0000
[7290] [M]: 0x000000008002F338 (0x000005B7) lui a1, 0x0
x11 <- 0x0000000000000000
mem[X,0x000000008002F33C] -> 0x8593
mem[X,0x000000008002F33E] -> 0x0005
[7291] [M]: 0x000000008002F33C (0x00058593) addi a1, a1, 0x0
x11 <- 0x0000000000000000
mem[X,0x000000008002F340] -> 0x9593
mem[X,0x000000008002F342] -> 0x00B5
[7292] [M]: 0x000000008002F340 (0x00B59593) slli a1, a1, 0xb
x11 <- 0x0000000000000000
mem[X,0x000000008002F344] -> 0x8593
mem[X,0x000000008002F346] -> 0x5A85
[7293] [M]: 0x000000008002F344 (0x5A858593) addi a1, a1, 0x5a8
x11 <- 0x00000000000005A8
mem[X,0x000000008002F348] -> 0x9593
mem[X,0x000000008002F34A] -> 0x00B5
[7294] [M]: 0x000000008002F348 (0x00B59593) slli a1, a1, 0xb
x11 <- 0x00000000002D4000
mem[X,0x000000008002F34C] -> 0x8593
mem[X,0x000000008002F34E] -> 0x13C5
[7295] [M]: 0x000000008002F34C (0x13C58593) addi a1, a1, 0x13c
x11 <- 0x00000000002D413C
mem[X,0x000000008002F350] -> 0x9593
mem[X,0x000000008002F352] -> 0x00A5
[7296] [M]: 0x000000008002F350 (0x00A59593) slli a1, a1, 0xa
x11 <- 0x00000000B504F000
mem[X,0x000000008002F354] -> 0x8593
mem[X,0x000000008002F356] -> 0x3325
[7297] [M]: 0x000000008002F354 (0x33258593) addi a1, a1, 0x332
x11 <- 0x00000000B504F332
mem[X,0x000000008002F358] -> 0x0113
mem[X,0x000000008002F35A] -> 0x0000
[7298] [M]: 0x000000008002F358 (0x00000113) addi sp, zero, 0x0
x2 <- 0x0000000000000000
mem[X,0x000000008002F35C] -> 0x006F
mem[X,0x000000008002F35E] -> 0x0180
[7299] [M]: 0x000000008002F35C (0x0180006F) jal zero, 0x18
clint::tick mtime <- 0x0000000000000049
 clint timer pending at mtime 0x0000000000000049
htif::tick 0x0000000000000000
mem[X,0x000000008002F374] -> 0x56E3
mem[X,0x000000008002F376] -> 0xFEB5
[7300] [M]: 0x000000008002F374 (0xFEB556E3) bge a0, a1, -0x14
mem[X,0x000000008002F360] -> 0x0113
mem[X,0x000000008002F362] -> 0x0011
[7301] [M]: 0x000000008002F360 (0x00110113) addi sp, sp, 0x1
x2 <- 0x0000000000000001
mem[X,0x000000008002F364] -> 0x006F
mem[X,0x000000008002F366] -> 0x0240
[7302] [M]: 0x000000008002F364 (0x0240006F) jal zero, 0x24
mem[X,0x000000008002F388] -> 0xBC23
mem[X,0x000000008002F38A] -> 0x6020
[7303] [M]: 0x000000008002F388 (0x6020BC23) sd sp, 0x618(ra)
mem[0x0000000080048FE8] <- 0x0000000000000001
mem[X,0x000000008002F38C] -> 0x6537
mem[X,0x000000008002F38E] -> 0x6666
[7304] [M]: 0x000000008002F38C (0x66666537) lui a0, 0x66666
x10 <- 0x0000000066666000
mem[X,0x000000008002F390] -> 0x0513
mem[X,0x000000008002F392] -> 0x6665
[7305] [M]: 0x000000008002F390 (0x66650513) addi a0, a0, 0x666
x10 <- 0x0000000066666666
mem[X,0x000000008002F394] -> 0x1513
mem[X,0x000000008002F396] -> 0x00B5
[7306] [M]: 0x000000008002F394 (0x00B51513) slli a0, a0, 0xb
x10 <- 0x0000033333333000
mem[X,0x000000008002F398] -> 0x0513
mem[X,0x000000008002F39A] -> 0x3335
[7307] [M]: 0x000000008002F398 (0x33350513) addi a0, a0, 0x333
x10 <- 0x0000033333333333
mem[X,0x000000008002F39C] -> 0x1513
mem[X,0x000000008002F39E] -> 0x00B5
[7308] [M]: 0x000000008002F39C (0x00B51513) slli a0, a0, 0xb
x10 <- 0x0019999999999800
mem[X,0x000000008002F3A0] -> 0x0513
mem[X,0x000000008002F3A2] -> 0x1995
[7309] [M]: 0x000000008002F3A0 (0x19950513) addi a0, a0, 0x199
x10 <- 0x0019999999999999
mem[X,0x000000008002F3A4] -> 0x1513
mem[X,0x000000008002F3A6] -> 0x00A5
[7310] [M]: 0x000000008002F3A4 (0x00A51513) slli a0, a0, 0xa
x10 <- 0x6666666666666400
mem[X,0x000000008002F3A8] -> 0x0513
mem[X,0x000000008002F3AA] -> 0x2655
[7311] [M]: 0x000000008002F3A8 (0x26550513) addi a0, a0, 0x265
x10 <- 0x6666666666666665
mem[X,0x000000008002F3AC] -> 0x55B7
mem[X,0x000000008002F3AE] -> 0x5555
[7312] [M]: 0x000000008002F3AC (0x555555B7) lui a1, 0x55555
x11 <- 0x0000000055555000
mem[X,0x000000008002F3B0] -> 0x8593
mem[X,0x000000008002F3B2] -> 0x5555
[7313] [M]: 0x000000008002F3B0 (0x55558593) addi a1, a1, 0x555
x11 <- 0x0000000055555555
mem[X,0x000000008002F3B4] -> 0x9593
mem[X,0x000000008002F3B6] -> 0x00B5
[7314] [M]: 0x000000008002F3B4 (0x00B59593) slli a1, a1, 0xb
x11 <- 0x000002AAAAAAA800
mem[X,0x000000008002F3B8] -> 0x8593
mem[X,0x000000008002F3BA] -> 0x2AA5
[7315] [M]: 0x000000008002F3B8 (0x2AA58593) addi a1, a1, 0x2aa
x11 <- 0x000002AAAAAAAAAA
mem[X,0x000000008002F3BC] -> 0x9593
mem[X,0x000000008002F3BE] -> 0x00B5
[7316] [M]: 0x000000008002F3BC (0x00B59593) slli a1, a1, 0xb
x11 <- 0x0015555555555000
mem[X,0x000000008002F3C0] -> 0x8593
mem[X,0x000000008002F3C2] -> 0x5555
[7317] [M]: 0x000000008002F3C0 (0x55558593) addi a1, a1, 0x555
x11 <- 0x0015555555555555
mem[X,0x000000008002F3C4] -> 0x9593
mem[X,0x000000008002F3C6] -> 0x00A5
[7318] [M]: 0x000000008002F3C4 (0x00A59593) slli a1, a1, 0xa
x11 <- 0x5555555555555400
mem[X,0x000000008002F3C8] -> 0x8593
mem[X,0x000000008002F3CA] -> 0x1565
[7319] [M]: 0x000000008002F3C8 (0x15658593) addi a1, a1, 0x156
x11 <- 0x5555555555555556
mem[X,0x000000008002F3CC] -> 0x0113
mem[X,0x000000008002F3CE] -> 0x0000
[7320] [M]: 0x000000008002F3CC (0x00000113) addi sp, zero, 0x0
x2 <- 0x0000000000000000
mem[X,0x000000008002F3D0] -> 0x006F
mem[X,0x000000008002F3D2] -> 0x00C0
[7321] [M]: 0x000000008002F3D0 (0x00C0006F) jal zero, 0xc
mem[X,0x000000008002F3DC] -> 0x5CE3
mem[X,0x000000008002F3DE] -> 0xFEB5
[7322] [M]: 0x000000008002F3DC (0xFEB55CE3) bge a0, a1, -0x8
mem[X,0x000000008002F3D4] -> 0x0113
mem[X,0x000000008002F3D6] -> 0x0011
[7323] [M]: 0x000000008002F3D4 (0x00110113) addi sp, sp, 0x1
x2 <- 0x0000000000000001
mem[X,0x000000008002F3D8] -> 0x006F
mem[X,0x000000008002F3DA] -> 0x0180
[7324] [M]: 0x000000008002F3D8 (0x0180006F) jal zero, 0x18
mem[X,0x000000008002F3F0] -> 0xB023
mem[X,0x000000008002F3F2] -> 0x6220
[7325] [M]: 0x000000008002F3F0 (0x6220B023) sd sp, 0x620(ra)
mem[0x0000000080048FF0] <- 0x0000000000000001
mem[X,0x000000008002F3F4] -> 0x6537
mem[X,0x000000008002F3F6] -> 0x6666
[7326] [M]: 0x000000008002F3F4 (0x66666537) lui a0, 0x66666
x10 <- 0x0000000066666000
mem[X,0x000000008002F3F8] -> 0x0513
mem[X,0x000000008002F3FA] -> 0x6665
[7327] [M]: 0x000000008002F3F8 (0x66650513) addi a0, a0, 0x666
x10 <- 0x0000000066666666
mem[X,0x000000008002F3FC] -> 0x1513
mem[X,0x000000008002F3FE] -> 0x00B5
[7328] [M]: 0x000000008002F3FC (0x00B51513) slli a0, a0, 0xb
x10 <- 0x0000033333333000
mem[X,0x000000008002F400] -> 0x0513
mem[X,0x000000008002F402] -> 0x3335
[7329] [M]: 0x000000008002F400 (0x33350513) addi a0, a0, 0x333
x10 <- 0x0000033333333333
mem[X,0x000000008002F404] -> 0x1513
mem[X,0x000000008002F406] -> 0x00B5
[7330] [M]: 0x000000008002F404 (0x00B51513) slli a0, a0, 0xb
x10 <- 0x0019999999999800
mem[X,0x000000008002F408] -> 0x0513
mem[X,0x000000008002F40A] -> 0x1995
[7331] [M]: 0x000000008002F408 (0x19950513) addi a0, a0, 0x199
x10 <- 0x0019999999999999
mem[X,0x000000008002F40C] -> 0x1513
mem[X,0x000000008002F40E] -> 0x00A5
[7332] [M]: 0x000000008002F40C (0x00A51513) slli a0, a0, 0xa
x10 <- 0x6666666666666400
mem[X,0x000000008002F410] -> 0x0513
mem[X,0x000000008002F412] -> 0x2655
[7333] [M]: 0x000000008002F410 (0x26550513) addi a0, a0, 0x265
x10 <- 0x6666666666666665
mem[X,0x000000008002F414] -> 0xB5B7
mem[X,0x000000008002F416] -> 0xAAAA
[7334] [M]: 0x000000008002F414 (0xAAAAB5B7) lui a1, -0x55555
x11 <- 0xFFFFFFFFAAAAB000
mem[X,0x000000008002F418] -> 0x8593
mem[X,0x000000008002F41A] -> 0xAAA5
[7335] [M]: 0x000000008002F418 (0xAAA58593) addi a1, a1, -0x556
x11 <- 0xFFFFFFFFAAAAAAAA
mem[X,0x000000008002F41C] -> 0x9593
mem[X,0x000000008002F41E] -> 0x00B5
[7336] [M]: 0x000000008002F41C (0x00B59593) slli a1, a1, 0xb
x11 <- 0xFFFFFD5555555000
mem[X,0x000000008002F420] -> 0x8593
mem[X,0x000000008002F422] -> 0x5555
[7337] [M]: 0x000000008002F420 (0x55558593) addi a1, a1, 0x555
x11 <- 0xFFFFFD5555555555
mem[X,0x000000008002F424] -> 0x9593
mem[X,0x000000008002F426] -> 0x00B5
[7338] [M]: 0x000000008002F424 (0x00B59593) slli a1, a1, 0xb
x11 <- 0xFFEAAAAAAAAAA800
mem[X,0x000000008002F428] -> 0x8593
mem[X,0x000000008002F42A] -> 0x2AA5
[7339] [M]: 0x000000008002F428 (0x2AA58593) addi a1, a1, 0x2aa
x11 <- 0xFFEAAAAAAAAAAAAA
mem[X,0x000000008002F42C] -> 0x9593
mem[X,0x000000008002F42E] -> 0x00A5
[7340] [M]: 0x000000008002F42C (0x00A59593) slli a1, a1, 0xa
x11 <- 0xAAAAAAAAAAAAA800
mem[X,0x000000008002F430] -> 0x8593
mem[X,0x000000008002F432] -> 0x2AB5
[7341] [M]: 0x000000008002F430 (0x2AB58593) addi a1, a1, 0x2ab
x11 <- 0xAAAAAAAAAAAAAAAB
mem[X,0x000000008002F434] -> 0x0113
mem[X,0x000000008002F436] -> 0x0000
[7342] [M]: 0x000000008002F434 (0x00000113) addi sp, zero, 0x0
x2 <- 0x0000000000000000
mem[X,0x000000008002F438] -> 0x006F
mem[X,0x000000008002F43A] -> 0x00C0
[7343] [M]: 0x000000008002F438 (0x00C0006F) jal zero, 0xc
mem[X,0x000000008002F444] -> 0x5063
mem[X,0x000000008002F446] -> 0x08B5
[7344] [M]: 0x000000008002F444 (0x08B55063) bge a0, a1, 0x80
mem[X,0x000000008002F4C4] -> 0x0113
mem[X,0x000000008002F4C6] -> 0x0031
[7345] [M]: 0x000000008002F4C4 (0x00310113) addi sp, sp, 0x3
x2 <- 0x0000000000000003
mem[X,0x000000008002F4C8] -> 0x006F
mem[X,0x000000008002F4CA] -> 0x0040
[7346] [M]: 0x000000008002F4C8 (0x0040006F) jal zero, 0x4
mem[X,0x000000008002F4CC] -> 0xB423
mem[X,0x000000008002F4CE] -> 0x6220
[7347] [M]: 0x000000008002F4CC (0x6220B423) sd sp, 0x628(ra)
mem[0x0000000080048FF8] <- 0x0000000000000003
mem[X,0x000000008002F4D0] -> 0x6537
mem[X,0x000000008002F4D2] -> 0x6666
[7348] [M]: 0x000000008002F4D0 (0x66666537) lui a0, 0x66666
x10 <- 0x0000000066666000
mem[X,0x000000008002F4D4] -> 0x0513
mem[X,0x000000008002F4D6] -> 0x6665
[7349] [M]: 0x000000008002F4D4 (0x66650513) addi a0, a0, 0x666
x10 <- 0x0000000066666666
mem[X,0x000000008002F4D8] -> 0x1513
mem[X,0x000000008002F4DA] -> 0x00B5
[7350] [M]: 0x000000008002F4D8 (0x00B51513) slli a0, a0, 0xb
x10 <- 0x0000033333333000
mem[X,0x000000008002F4DC] -> 0x0513
mem[X,0x000000008002F4DE] -> 0x3335
[7351] [M]: 0x000000008002F4DC (0x33350513) addi a0, a0, 0x333
x10 <- 0x0000033333333333
mem[X,0x000000008002F4E0] -> 0x1513
mem[X,0x000000008002F4E2] -> 0x00B5
[7352] [M]: 0x000000008002F4E0 (0x00B51513) slli a0, a0, 0xb
x10 <- 0x0019999999999800
mem[X,0x000000008002F4E4] -> 0x0513
mem[X,0x000000008002F4E6] -> 0x1995
[7353] [M]: 0x000000008002F4E4 (0x19950513) addi a0, a0, 0x199
x10 <- 0x0019999999999999
mem[X,0x000000008002F4E8] -> 0x1513
mem[X,0x000000008002F4EA] -> 0x00A5
[7354] [M]: 0x000000008002F4E8 (0x00A51513) slli a0, a0, 0xa
x10 <- 0x6666666666666400
mem[X,0x000000008002F4EC] -> 0x0513
mem[X,0x000000008002F4EE] -> 0x2655
[7355] [M]: 0x000000008002F4EC (0x26550513) addi a0, a0, 0x265
x10 <- 0x6666666666666665
mem[X,0x000000008002F4F0] -> 0x0593
mem[X,0x000000008002F4F2] -> 0x0060
[7356] [M]: 0x000000008002F4F0 (0x00600593) addi a1, zero, 0x6
x11 <- 0x0000000000000006
mem[X,0x000000008002F4F4] -> 0x0113
mem[X,0x000000008002F4F6] -> 0x0000
[7357] [M]: 0x000000008002F4F4 (0x00000113) addi sp, zero, 0x0
x2 <- 0x0000000000000000
mem[X,0x000000008002F4F8] -> 0x006F
mem[X,0x000000008002F4FA] -> 0x00C0
[7358] [M]: 0x000000008002F4F8 (0x00C0006F) jal zero, 0xc
mem[X,0x000000008002F504] -> 0x5663
mem[X,0x000000008002F506] -> 0x00B5
[7359] [M]: 0x000000008002F504 (0x00B55663) bge a0, a1, 0xc
mem[X,0x000000008002F510] -> 0x0113
mem[X,0x000000008002F512] -> 0x0031
[7360] [M]: 0x000000008002F510 (0x00310113) addi sp, sp, 0x3
x2 <- 0x0000000000000003
mem[X,0x000000008002F514] -> 0x006F
mem[X,0x000000008002F516] -> 0x0040
[7361] [M]: 0x000000008002F514 (0x0040006F) jal zero, 0x4
mem[X,0x000000008002F518] -> 0xB823
mem[X,0x000000008002F51A] -> 0x6220
[7362] [M]: 0x000000008002F518 (0x6220B823) sd sp, 0x630(ra)
mem[0x0000000080049000] <- 0x0000000000000003
mem[X,0x000000008002F51C] -> 0x6537
mem[X,0x000000008002F51E] -> 0x6666
[7363] [M]: 0x000000008002F51C (0x66666537) lui a0, 0x66666
x10 <- 0x0000000066666000
mem[X,0x000000008002F520] -> 0x0513
mem[X,0x000000008002F522] -> 0x6665
[7364] [M]: 0x000000008002F520 (0x66650513) addi a0, a0, 0x666
x10 <- 0x0000000066666666
mem[X,0x000000008002F524] -> 0x1513
mem[X,0x000000008002F526] -> 0x00B5
[7365] [M]: 0x000000008002F524 (0x00B51513) slli a0, a0, 0xb
x10 <- 0x0000033333333000
mem[X,0x000000008002F528] -> 0x0513
mem[X,0x000000008002F52A] -> 0x3335
[7366] [M]: 0x000000008002F528 (0x33350513) addi a0, a0, 0x333
x10 <- 0x0000033333333333
mem[X,0x000000008002F52C] -> 0x1513
mem[X,0x000000008002F52E] -> 0x00B5
[7367] [M]: 0x000000008002F52C (0x00B51513) slli a0, a0, 0xb
x10 <- 0x0019999999999800
mem[X,0x000000008002F530] -> 0x0513
mem[X,0x000000008002F532] -> 0x1995
[7368] [M]: 0x000000008002F530 (0x19950513) addi a0, a0, 0x199
x10 <- 0x0019999999999999
mem[X,0x000000008002F534] -> 0x1513
mem[X,0x000000008002F536] -> 0x00A5
[7369] [M]: 0x000000008002F534 (0x00A51513) slli a0, a0, 0xa
x10 <- 0x6666666666666400
mem[X,0x000000008002F538] -> 0x0513
mem[X,0x000000008002F53A] -> 0x2655
[7370] [M]: 0x000000008002F538 (0x26550513) addi a0, a0, 0x265
x10 <- 0x6666666666666665
mem[X,0x000000008002F53C] -> 0x35B7
mem[X,0x000000008002F53E] -> 0x3333
[7371] [M]: 0x000000008002F53C (0x333335B7) lui a1, 0x33333
x11 <- 0x0000000033333000
mem[X,0x000000008002F540] -> 0x8593
mem[X,0x000000008002F542] -> 0x3335
[7372] [M]: 0x000000008002F540 (0x33358593) addi a1, a1, 0x333
x11 <- 0x0000000033333333
mem[X,0x000000008002F544] -> 0x9593
mem[X,0x000000008002F546] -> 0x00B5
[7373] [M]: 0x000000008002F544 (0x00B59593) slli a1, a1, 0xb
x11 <- 0x0000019999999800
mem[X,0x000000008002F548] -> 0x8593
mem[X,0x000000008002F54A] -> 0x1995
[7374] [M]: 0x000000008002F548 (0x19958593) addi a1, a1, 0x199
x11 <- 0x0000019999999999
mem[X,0x000000008002F54C] -> 0x9593
mem[X,0x000000008002F54E] -> 0x00B5
[7375] [M]: 0x000000008002F54C (0x00B59593) slli a1, a1, 0xb
x11 <- 0x000CCCCCCCCCC800
mem[X,0x000000008002F550] -> 0x8593
mem[X,0x000000008002F552] -> 0x4CC5
[7376] [M]: 0x000000008002F550 (0x4CC58593) addi a1, a1, 0x4cc
x11 <- 0x000CCCCCCCCCCCCC
mem[X,0x000000008002F554] -> 0x9593
mem[X,0x000000008002F556] -> 0x00A5
[7377] [M]: 0x000000008002F554 (0x00A59593) slli a1, a1, 0xa
x11 <- 0x3333333333333000
mem[X,0x000000008002F558] -> 0x8593
mem[X,0x000000008002F55A] -> 0x3345
[7378] [M]: 0x000000008002F558 (0x33458593) addi a1, a1, 0x334
x11 <- 0x3333333333333334
mem[X,0x000000008002F55C] -> 0x0113
mem[X,0x000000008002F55E] -> 0x0000
[7379] [M]: 0x000000008002F55C (0x00000113) addi sp, zero, 0x0
x2 <- 0x0000000000000000
mem[X,0x000000008002F560] -> 0x006F
mem[X,0x000000008002F562] -> 0x00C0
[7380] [M]: 0x000000008002F560 (0x00C0006F) jal zero, 0xc
mem[X,0x000000008002F56C] -> 0x5063
mem[X,0x000000008002F56E] -> 0x02B5
[7381] [M]: 0x000000008002F56C (0x02B55063) bge a0, a1, 0x20
mem[X,0x000000008002F58C] -> 0x0113
mem[X,0x000000008002F58E] -> 0x0031
[7382] [M]: 0x000000008002F58C (0x00310113) addi sp, sp, 0x3
x2 <- 0x0000000000000003
mem[X,0x000000008002F590] -> 0x006F
mem[X,0x000000008002F592] -> 0x0040
[7383] [M]: 0x000000008002F590 (0x0040006F) jal zero, 0x4
mem[X,0x000000008002F594] -> 0xBC23
mem[X,0x000000008002F596] -> 0x6220
[7384] [M]: 0x000000008002F594 (0x6220BC23) sd sp, 0x638(ra)
mem[0x0000000080049008] <- 0x0000000000000003
mem[X,0x000000008002F598] -> 0x6537
mem[X,0x000000008002F59A] -> 0x6666
[7385] [M]: 0x000000008002F598 (0x66666537) lui a0, 0x66666
x10 <- 0x0000000066666000
mem[X,0x000000008002F59C] -> 0x0513
mem[X,0x000000008002F59E] -> 0x6665
[7386] [M]: 0x000000008002F59C (0x66650513) addi a0, a0, 0x666
x10 <- 0x0000000066666666
mem[X,0x000000008002F5A0] -> 0x1513
mem[X,0x000000008002F5A2] -> 0x00B5
[7387] [M]: 0x000000008002F5A0 (0x00B51513) slli a0, a0, 0xb
x10 <- 0x0000033333333000
mem[X,0x000000008002F5A4] -> 0x0513
mem[X,0x000000008002F5A6] -> 0x3335
[7388] [M]: 0x000000008002F5A4 (0x33350513) addi a0, a0, 0x333
x10 <- 0x0000033333333333
mem[X,0x000000008002F5A8] -> 0x1513
mem[X,0x000000008002F5AA] -> 0x00B5
[7389] [M]: 0x000000008002F5A8 (0x00B51513) slli a0, a0, 0xb
x10 <- 0x0019999999999800
mem[X,0x000000008002F5AC] -> 0x0513
mem[X,0x000000008002F5AE] -> 0x1995
[7390] [M]: 0x000000008002F5AC (0x19950513) addi a0, a0, 0x199
x10 <- 0x0019999999999999
mem[X,0x000000008002F5B0] -> 0x1513
mem[X,0x000000008002F5B2] -> 0x00A5
[7391] [M]: 0x000000008002F5B0 (0x00A51513) slli a0, a0, 0xa
x10 <- 0x6666666666666400
mem[X,0x000000008002F5B4] -> 0x0513
mem[X,0x000000008002F5B6] -> 0x2655
[7392] [M]: 0x000000008002F5B4 (0x26550513) addi a0, a0, 0x265
x10 <- 0x6666666666666665
mem[X,0x000000008002F5B8] -> 0x65B7
mem[X,0x000000008002F5BA] -> 0x6666
[7393] [M]: 0x000000008002F5B8 (0x666665B7) lui a1, 0x66666
x11 <- 0x0000000066666000
mem[X,0x000000008002F5BC] -> 0x8593
mem[X,0x000000008002F5BE] -> 0x6665
[7394] [M]: 0x000000008002F5BC (0x66658593) addi a1, a1, 0x666
x11 <- 0x0000000066666666
mem[X,0x000000008002F5C0] -> 0x9593
mem[X,0x000000008002F5C2] -> 0x00B5
[7395] [M]: 0x000000008002F5C0 (0x00B59593) slli a1, a1, 0xb
x11 <- 0x0000033333333000
mem[X,0x000000008002F5C4] -> 0x8593
mem[X,0x000000008002F5C6] -> 0x3335
[7396] [M]: 0x000000008002F5C4 (0x33358593) addi a1, a1, 0x333
x11 <- 0x0000033333333333
mem[X,0x000000008002F5C8] -> 0x9593
mem[X,0x000000008002F5CA] -> 0x00B5
[7397] [M]: 0x000000008002F5C8 (0x00B59593) slli a1, a1, 0xb
x11 <- 0x0019999999999800
mem[X,0x000000008002F5CC] -> 0x8593
mem[X,0x000000008002F5CE] -> 0x1995
[7398] [M]: 0x000000008002F5CC (0x19958593) addi a1, a1, 0x199
x11 <- 0x0019999999999999
mem[X,0x000000008002F5D0] -> 0x9593
mem[X,0x000000008002F5D2] -> 0x00A5
[7399] [M]: 0x000000008002F5D0 (0x00A59593) slli a1, a1, 0xa
x11 <- 0x6666666666666400
clint::tick mtime <- 0x000000000000004A
 clint timer pending at mtime 0x000000000000004A
htif::tick 0x0000000000000000
mem[X,0x000000008002F5D4] -> 0x8593
mem[X,0x000000008002F5D6] -> 0x2675
[7400] [M]: 0x000000008002F5D4 (0x26758593) addi a1, a1, 0x267
x11 <- 0x6666666666666667
mem[X,0x000000008002F5D8] -> 0x0113
mem[X,0x000000008002F5DA] -> 0x0000
[7401] [M]: 0x000000008002F5D8 (0x00000113) addi sp, zero, 0x0
x2 <- 0x0000000000000000
mem[X,0x000000008002F5DC] -> 0x006F
mem[X,0x000000008002F5DE] -> 0x00C0
[7402] [M]: 0x000000008002F5DC (0x00C0006F) jal zero, 0xc
mem[X,0x000000008002F5E8] -> 0x5063
mem[X,0x000000008002F5EA] -> 0x40B5
[7403] [M]: 0x000000008002F5E8 (0x40B55063) bge a0, a1, 0x400
mem[X,0x000000008002F5EC] -> 0x0113
mem[X,0x000000008002F5EE] -> 0x0021
[7404] [M]: 0x000000008002F5EC (0x00210113) addi sp, sp, 0x2
x2 <- 0x0000000000000002
mem[X,0x000000008002F5F0] -> 0x006F
mem[X,0x000000008002F5F2] -> 0x4000
[7405] [M]: 0x000000008002F5F0 (0x4000006F) jal zero, 0x400
mem[X,0x000000008002F9F0] -> 0xB023
mem[X,0x000000008002F9F2] -> 0x6420
[7406] [M]: 0x000000008002F9F0 (0x6420B023) sd sp, 0x640(ra)
mem[0x0000000080049010] <- 0x0000000000000002
mem[X,0x000000008002F9F4] -> 0x6537
mem[X,0x000000008002F9F6] -> 0x6666
[7407] [M]: 0x000000008002F9F4 (0x66666537) lui a0, 0x66666
x10 <- 0x0000000066666000
mem[X,0x000000008002F9F8] -> 0x0513
mem[X,0x000000008002F9FA] -> 0x6665
[7408] [M]: 0x000000008002F9F8 (0x66650513) addi a0, a0, 0x666
x10 <- 0x0000000066666666
mem[X,0x000000008002F9FC] -> 0x1513
mem[X,0x000000008002F9FE] -> 0x00B5
[7409] [M]: 0x000000008002F9FC (0x00B51513) slli a0, a0, 0xb
x10 <- 0x0000033333333000
mem[X,0x000000008002FA00] -> 0x0513
mem[X,0x000000008002FA02] -> 0x3335
[7410] [M]: 0x000000008002FA00 (0x33350513) addi a0, a0, 0x333
x10 <- 0x0000033333333333
mem[X,0x000000008002FA04] -> 0x1513
mem[X,0x000000008002FA06] -> 0x00B5
[7411] [M]: 0x000000008002FA04 (0x00B51513) slli a0, a0, 0xb
x10 <- 0x0019999999999800
mem[X,0x000000008002FA08] -> 0x0513
mem[X,0x000000008002FA0A] -> 0x1995
[7412] [M]: 0x000000008002FA08 (0x19950513) addi a0, a0, 0x199
x10 <- 0x0019999999999999
mem[X,0x000000008002FA0C] -> 0x1513
mem[X,0x000000008002FA0E] -> 0x00A5
[7413] [M]: 0x000000008002FA0C (0x00A51513) slli a0, a0, 0xa
x10 <- 0x6666666666666400
mem[X,0x000000008002FA10] -> 0x0513
mem[X,0x000000008002FA12] -> 0x2655
[7414] [M]: 0x000000008002FA10 (0x26550513) addi a0, a0, 0x265
x10 <- 0x6666666666666665
mem[X,0x000000008002FA14] -> 0x05B7
mem[X,0x000000008002FA16] -> 0x0000
[7415] [M]: 0x000000008002FA14 (0x000005B7) lui a1, 0x0
x11 <- 0x0000000000000000
mem[X,0x000000008002FA18] -> 0x8593
mem[X,0x000000008002FA1A] -> 0xFFF5
[7416] [M]: 0x000000008002FA18 (0xFFF58593) addi a1, a1, -0x1
x11 <- 0xFFFFFFFFFFFFFFFF
mem[X,0x000000008002FA1C] -> 0x9593
mem[X,0x000000008002FA1E] -> 0x00B5
[7417] [M]: 0x000000008002FA1C (0x00B59593) slli a1, a1, 0xb
x11 <- 0xFFFFFFFFFFFFF800
mem[X,0x000000008002FA20] -> 0x8593
mem[X,0x000000008002FA22] -> 0x2575
[7418] [M]: 0x000000008002FA20 (0x25758593) addi a1, a1, 0x257
x11 <- 0xFFFFFFFFFFFFFA57
mem[X,0x000000008002FA24] -> 0x9593
mem[X,0x000000008002FA26] -> 0x00B5
[7419] [M]: 0x000000008002FA24 (0x00B59593) slli a1, a1, 0xb
x11 <- 0xFFFFFFFFFFD2B800
mem[X,0x000000008002FA28] -> 0x8593
mem[X,0x000000008002FA2A] -> 0x6C35
[7420] [M]: 0x000000008002FA28 (0x6C358593) addi a1, a1, 0x6c3
x11 <- 0xFFFFFFFFFFD2BEC3
mem[X,0x000000008002FA2C] -> 0x9593
mem[X,0x000000008002FA2E] -> 0x00A5
[7421] [M]: 0x000000008002FA2C (0x00A59593) slli a1, a1, 0xa
x11 <- 0xFFFFFFFF4AFB0C00
mem[X,0x000000008002FA30] -> 0x8593
mem[X,0x000000008002FA32] -> 0x0CE5
[7422] [M]: 0x000000008002FA30 (0x0CE58593) addi a1, a1, 0xce
x11 <- 0xFFFFFFFF4AFB0CCE
mem[X,0x000000008002FA34] -> 0x0113
mem[X,0x000000008002FA36] -> 0x0000
[7423] [M]: 0x000000008002FA34 (0x00000113) addi sp, zero, 0x0
x2 <- 0x0000000000000000
mem[X,0x000000008002FA38] -> 0x006F
mem[X,0x000000008002FA3A] -> 0x00C0
[7424] [M]: 0x000000008002FA38 (0x00C0006F) jal zero, 0xc
mem[X,0x000000008002FA44] -> 0x5063
mem[X,0x000000008002FA46] -> 0x40B5
[7425] [M]: 0x000000008002FA44 (0x40B55063) bge a0, a1, 0x400
mem[X,0x000000008002FE44] -> 0x0113
mem[X,0x000000008002FE46] -> 0x0031
[7426] [M]: 0x000000008002FE44 (0x00310113) addi sp, sp, 0x3
x2 <- 0x0000000000000003
mem[X,0x000000008002FE48] -> 0x006F
mem[X,0x000000008002FE4A] -> 0x0040
[7427] [M]: 0x000000008002FE48 (0x0040006F) jal zero, 0x4
mem[X,0x000000008002FE4C] -> 0xB423
mem[X,0x000000008002FE4E] -> 0x6420
[7428] [M]: 0x000000008002FE4C (0x6420B423) sd sp, 0x648(ra)
mem[0x0000000080049018] <- 0x0000000000000003
mem[X,0x000000008002FE50] -> 0x6537
mem[X,0x000000008002FE52] -> 0x6666
[7429] [M]: 0x000000008002FE50 (0x66666537) lui a0, 0x66666
x10 <- 0x0000000066666000
mem[X,0x000000008002FE54] -> 0x0513
mem[X,0x000000008002FE56] -> 0x6665
[7430] [M]: 0x000000008002FE54 (0x66650513) addi a0, a0, 0x666
x10 <- 0x0000000066666666
mem[X,0x000000008002FE58] -> 0x1513
mem[X,0x000000008002FE5A] -> 0x00B5
[7431] [M]: 0x000000008002FE58 (0x00B51513) slli a0, a0, 0xb
x10 <- 0x0000033333333000
mem[X,0x000000008002FE5C] -> 0x0513
mem[X,0x000000008002FE5E] -> 0x3335
[7432] [M]: 0x000000008002FE5C (0x33350513) addi a0, a0, 0x333
x10 <- 0x0000033333333333
mem[X,0x000000008002FE60] -> 0x1513
mem[X,0x000000008002FE62] -> 0x00B5
[7433] [M]: 0x000000008002FE60 (0x00B51513) slli a0, a0, 0xb
x10 <- 0x0019999999999800
mem[X,0x000000008002FE64] -> 0x0513
mem[X,0x000000008002FE66] -> 0x1995
[7434] [M]: 0x000000008002FE64 (0x19950513) addi a0, a0, 0x199
x10 <- 0x0019999999999999
mem[X,0x000000008002FE68] -> 0x1513
mem[X,0x000000008002FE6A] -> 0x00A5
[7435] [M]: 0x000000008002FE68 (0x00A51513) slli a0, a0, 0xa
x10 <- 0x6666666666666400
mem[X,0x000000008002FE6C] -> 0x0513
mem[X,0x000000008002FE6E] -> 0x2655
[7436] [M]: 0x000000008002FE6C (0x26550513) addi a0, a0, 0x265
x10 <- 0x6666666666666665
mem[X,0x000000008002FE70] -> 0x05B7
mem[X,0x000000008002FE72] -> 0x0000
[7437] [M]: 0x000000008002FE70 (0x000005B7) lui a1, 0x0
x11 <- 0x0000000000000000
mem[X,0x000000008002FE74] -> 0x8593
mem[X,0x000000008002FE76] -> 0x0005
[7438] [M]: 0x000000008002FE74 (0x00058593) addi a1, a1, 0x0
x11 <- 0x0000000000000000
mem[X,0x000000008002FE78] -> 0x9593
mem[X,0x000000008002FE7A] -> 0x00B5
[7439] [M]: 0x000000008002FE78 (0x00B59593) slli a1, a1, 0xb
x11 <- 0x0000000000000000
mem[X,0x000000008002FE7C] -> 0x8593
mem[X,0x000000008002FE7E] -> 0x5A85
[7440] [M]: 0x000000008002FE7C (0x5A858593) addi a1, a1, 0x5a8
x11 <- 0x00000000000005A8
mem[X,0x000000008002FE80] -> 0x9593
mem[X,0x000000008002FE82] -> 0x00B5
[7441] [M]: 0x000000008002FE80 (0x00B59593) slli a1, a1, 0xb
x11 <- 0x00000000002D4000
mem[X,0x000000008002FE84] -> 0x8593
mem[X,0x000000008002FE86] -> 0x13C5
[7442] [M]: 0x000000008002FE84 (0x13C58593) addi a1, a1, 0x13c
x11 <- 0x00000000002D413C
mem[X,0x000000008002FE88] -> 0x9593
mem[X,0x000000008002FE8A] -> 0x00A5
[7443] [M]: 0x000000008002FE88 (0x00A59593) slli a1, a1, 0xa
x11 <- 0x00000000B504F000
mem[X,0x000000008002FE8C] -> 0x8593
mem[X,0x000000008002FE8E] -> 0x3345
[7444] [M]: 0x000000008002FE8C (0x33458593) addi a1, a1, 0x334
x11 <- 0x00000000B504F334
mem[X,0x000000008002FE90] -> 0x0113
mem[X,0x000000008002FE92] -> 0x0000
[7445] [M]: 0x000000008002FE90 (0x00000113) addi sp, zero, 0x0
x2 <- 0x0000000000000000
mem[X,0x000000008002FE94] -> 0x006F
mem[X,0x000000008002FE96] -> 0x00C0
[7446] [M]: 0x000000008002FE94 (0x00C0006F) jal zero, 0xc
mem[X,0x000000008002FEA0] -> 0x5863
mem[X,0x000000008002FEA2] -> 0x00B5
[7447] [M]: 0x000000008002FEA0 (0x00B55863) bge a0, a1, 0x10
mem[X,0x000000008002FEB0] -> 0x0113
mem[X,0x000000008002FEB2] -> 0x0031
[7448] [M]: 0x000000008002FEB0 (0x00310113) addi sp, sp, 0x3
x2 <- 0x0000000000000003
mem[X,0x000000008002FEB4] -> 0x006F
mem[X,0x000000008002FEB6] -> 0x0040
[7449] [M]: 0x000000008002FEB4 (0x0040006F) jal zero, 0x4
mem[X,0x000000008002FEB8] -> 0xB823
mem[X,0x000000008002FEBA] -> 0x6420
[7450] [M]: 0x000000008002FEB8 (0x6420B823) sd sp, 0x650(ra)
mem[0x0000000080049020] <- 0x0000000000000003
mem[X,0x000000008002FEBC] -> 0x0537
mem[X,0x000000008002FEBE] -> 0x0000
[7451] [M]: 0x000000008002FEBC (0x00000537) lui a0, 0x0
x10 <- 0x0000000000000000
mem[X,0x000000008002FEC0] -> 0x0513
mem[X,0x000000008002FEC2] -> 0x0005
[7452] [M]: 0x000000008002FEC0 (0x00050513) addi a0, a0, 0x0
x10 <- 0x0000000000000000
mem[X,0x000000008002FEC4] -> 0x1513
mem[X,0x000000008002FEC6] -> 0x00B5
[7453] [M]: 0x000000008002FEC4 (0x00B51513) slli a0, a0, 0xb
x10 <- 0x0000000000000000
mem[X,0x000000008002FEC8] -> 0x0513
mem[X,0x000000008002FECA] -> 0x5A85
[7454] [M]: 0x000000008002FEC8 (0x5A850513) addi a0, a0, 0x5a8
x10 <- 0x00000000000005A8
mem[X,0x000000008002FECC] -> 0x1513
mem[X,0x000000008002FECE] -> 0x00B5
[7455] [M]: 0x000000008002FECC (0x00B51513) slli a0, a0, 0xb
x10 <- 0x00000000002D4000
mem[X,0x000000008002FED0] -> 0x0513
mem[X,0x000000008002FED2] -> 0x13C5
[7456] [M]: 0x000000008002FED0 (0x13C50513) addi a0, a0, 0x13c
x10 <- 0x00000000002D413C
mem[X,0x000000008002FED4] -> 0x1513
mem[X,0x000000008002FED6] -> 0x00A5
[7457] [M]: 0x000000008002FED4 (0x00A51513) slli a0, a0, 0xa
x10 <- 0x00000000B504F000
mem[X,0x000000008002FED8] -> 0x0513
mem[X,0x000000008002FEDA] -> 0x3325
[7458] [M]: 0x000000008002FED8 (0x33250513) addi a0, a0, 0x332
x10 <- 0x00000000B504F332
mem[X,0x000000008002FEDC] -> 0x0593
mem[X,0x000000008002FEDE] -> 0x0030
[7459] [M]: 0x000000008002FEDC (0x00300593) addi a1, zero, 0x3
x11 <- 0x0000000000000003
mem[X,0x000000008002FEE0] -> 0x0113
mem[X,0x000000008002FEE2] -> 0x0000
[7460] [M]: 0x000000008002FEE0 (0x00000113) addi sp, zero, 0x0
x2 <- 0x0000000000000000
mem[X,0x000000008002FEE4] -> 0x006F
mem[X,0x000000008002FEE6] -> 0x00C0
[7461] [M]: 0x000000008002FEE4 (0x00C0006F) jal zero, 0xc
mem[X,0x000000008002FEF0] -> 0x5063
mem[X,0x000000008002FEF2] -> 0x08B5
[7462] [M]: 0x000000008002FEF0 (0x08B55063) bge a0, a1, 0x80
mem[X,0x000000008002FF70] -> 0x0113
mem[X,0x000000008002FF72] -> 0x0031
[7463] [M]: 0x000000008002FF70 (0x00310113) addi sp, sp, 0x3
x2 <- 0x0000000000000003
mem[X,0x000000008002FF74] -> 0x006F
mem[X,0x000000008002FF76] -> 0x0040
[7464] [M]: 0x000000008002FF74 (0x0040006F) jal zero, 0x4
mem[X,0x000000008002FF78] -> 0xBC23
mem[X,0x000000008002FF7A] -> 0x6420
[7465] [M]: 0x000000008002FF78 (0x6420BC23) sd sp, 0x658(ra)
mem[0x0000000080049028] <- 0x0000000000000003
mem[X,0x000000008002FF7C] -> 0x0537
mem[X,0x000000008002FF7E] -> 0x0000
[7466] [M]: 0x000000008002FF7C (0x00000537) lui a0, 0x0
x10 <- 0x0000000000000000
mem[X,0x000000008002FF80] -> 0x0513
mem[X,0x000000008002FF82] -> 0x0005
[7467] [M]: 0x000000008002FF80 (0x00050513) addi a0, a0, 0x0
x10 <- 0x0000000000000000
mem[X,0x000000008002FF84] -> 0x1513
mem[X,0x000000008002FF86] -> 0x00B5
[7468] [M]: 0x000000008002FF84 (0x00B51513) slli a0, a0, 0xb
x10 <- 0x0000000000000000
mem[X,0x000000008002FF88] -> 0x0513
mem[X,0x000000008002FF8A] -> 0x5A85
[7469] [M]: 0x000000008002FF88 (0x5A850513) addi a0, a0, 0x5a8
x10 <- 0x00000000000005A8
mem[X,0x000000008002FF8C] -> 0x1513
mem[X,0x000000008002FF8E] -> 0x00B5
[7470] [M]: 0x000000008002FF8C (0x00B51513) slli a0, a0, 0xb
x10 <- 0x00000000002D4000
mem[X,0x000000008002FF90] -> 0x0513
mem[X,0x000000008002FF92] -> 0x13C5
[7471] [M]: 0x000000008002FF90 (0x13C50513) addi a0, a0, 0x13c
x10 <- 0x00000000002D413C
mem[X,0x000000008002FF94] -> 0x1513
mem[X,0x000000008002FF96] -> 0x00A5
[7472] [M]: 0x000000008002FF94 (0x00A51513) slli a0, a0, 0xa
x10 <- 0x00000000B504F000
mem[X,0x000000008002FF98] -> 0x0513
mem[X,0x000000008002FF9A] -> 0x3325
[7473] [M]: 0x000000008002FF98 (0x33250513) addi a0, a0, 0x332
x10 <- 0x00000000B504F332
mem[X,0x000000008002FF9C] -> 0x55B7
mem[X,0x000000008002FF9E] -> 0x5555
[7474] [M]: 0x000000008002FF9C (0x555555B7) lui a1, 0x55555
x11 <- 0x0000000055555000
mem[X,0x000000008002FFA0] -> 0x8593
mem[X,0x000000008002FFA2] -> 0x5555
[7475] [M]: 0x000000008002FFA0 (0x55558593) addi a1, a1, 0x555
x11 <- 0x0000000055555555
mem[X,0x000000008002FFA4] -> 0x9593
mem[X,0x000000008002FFA6] -> 0x00B5
[7476] [M]: 0x000000008002FFA4 (0x00B59593) slli a1, a1, 0xb
x11 <- 0x000002AAAAAAA800
mem[X,0x000000008002FFA8] -> 0x8593
mem[X,0x000000008002FFAA] -> 0x2AA5
[7477] [M]: 0x000000008002FFA8 (0x2AA58593) addi a1, a1, 0x2aa
x11 <- 0x000002AAAAAAAAAA
mem[X,0x000000008002FFAC] -> 0x9593
mem[X,0x000000008002FFAE] -> 0x00B5
[7478] [M]: 0x000000008002FFAC (0x00B59593) slli a1, a1, 0xb
x11 <- 0x0015555555555000
mem[X,0x000000008002FFB0] -> 0x8593
mem[X,0x000000008002FFB2] -> 0x5555
[7479] [M]: 0x000000008002FFB0 (0x55558593) addi a1, a1, 0x555
x11 <- 0x0015555555555555
mem[X,0x000000008002FFB4] -> 0x9593
mem[X,0x000000008002FFB6] -> 0x00A5
[7480] [M]: 0x000000008002FFB4 (0x00A59593) slli a1, a1, 0xa
x11 <- 0x5555555555555400
mem[X,0x000000008002FFB8] -> 0x8593
mem[X,0x000000008002FFBA] -> 0x1555
[7481] [M]: 0x000000008002FFB8 (0x15558593) addi a1, a1, 0x155
x11 <- 0x5555555555555555
mem[X,0x000000008002FFBC] -> 0x0113
mem[X,0x000000008002FFBE] -> 0x0000
[7482] [M]: 0x000000008002FFBC (0x00000113) addi sp, zero, 0x0
x2 <- 0x0000000000000000
mem[X,0x000000008002FFC0] -> 0x006F
mem[X,0x000000008002FFC2] -> 0x0100
[7483] [M]: 0x000000008002FFC0 (0x0100006F) jal zero, 0x10
mem[X,0x000000008002FFD0] -> 0x5AE3
mem[X,0x000000008002FFD2] -> 0xFEB5
[7484] [M]: 0x000000008002FFD0 (0xFEB55AE3) bge a0, a1, -0xc
mem[X,0x000000008002FFD4] -> 0x0113
mem[X,0x000000008002FFD6] -> 0x0021
[7485] [M]: 0x000000008002FFD4 (0x00210113) addi sp, sp, 0x2
x2 <- 0x0000000000000002
mem[X,0x000000008002FFD8] -> 0x006F
mem[X,0x000000008002FFDA] -> 0x00C0
[7486] [M]: 0x000000008002FFD8 (0x00C0006F) jal zero, 0xc
mem[X,0x000000008002FFE4] -> 0xB023
mem[X,0x000000008002FFE6] -> 0x6620
[7487] [M]: 0x000000008002FFE4 (0x6620B023) sd sp, 0x660(ra)
mem[0x0000000080049030] <- 0x0000000000000002
mem[X,0x000000008002FFE8] -> 0x0537
mem[X,0x000000008002FFEA] -> 0x0000
[7488] [M]: 0x000000008002FFE8 (0x00000537) lui a0, 0x0
x10 <- 0x0000000000000000
mem[X,0x000000008002FFEC] -> 0x0513
mem[X,0x000000008002FFEE] -> 0x0005
[7489] [M]: 0x000000008002FFEC (0x00050513) addi a0, a0, 0x0
x10 <- 0x0000000000000000
mem[X,0x000000008002FFF0] -> 0x1513
mem[X,0x000000008002FFF2] -> 0x00B5
[7490] [M]: 0x000000008002FFF0 (0x00B51513) slli a0, a0, 0xb
x10 <- 0x0000000000000000
mem[X,0x000000008002FFF4] -> 0x0513
mem[X,0x000000008002FFF6] -> 0x5A85
[7491] [M]: 0x000000008002FFF4 (0x5A850513) addi a0, a0, 0x5a8
x10 <- 0x00000000000005A8
mem[X,0x000000008002FFF8] -> 0x1513
mem[X,0x000000008002FFFA] -> 0x00B5
[7492] [M]: 0x000000008002FFF8 (0x00B51513) slli a0, a0, 0xb
x10 <- 0x00000000002D4000
mem[X,0x000000008002FFFC] -> 0x0513
mem[X,0x000000008002FFFE] -> 0x13C5
[7493] [M]: 0x000000008002FFFC (0x13C50513) addi a0, a0, 0x13c
x10 <- 0x00000000002D413C
mem[X,0x0000000080030000] -> 0x1513
mem[X,0x0000000080030002] -> 0x00A5
[7494] [M]: 0x0000000080030000 (0x00A51513) slli a0, a0, 0xa
x10 <- 0x00000000B504F000
mem[X,0x0000000080030004] -> 0x0513
mem[X,0x0000000080030006] -> 0x3325
[7495] [M]: 0x0000000080030004 (0x33250513) addi a0, a0, 0x332
x10 <- 0x00000000B504F332
mem[X,0x0000000080030008] -> 0xB5B7
mem[X,0x000000008003000A] -> 0xAAAA
[7496] [M]: 0x0000000080030008 (0xAAAAB5B7) lui a1, -0x55555
x11 <- 0xFFFFFFFFAAAAB000
mem[X,0x000000008003000C] -> 0x8593
mem[X,0x000000008003000E] -> 0xAAA5
[7497] [M]: 0x000000008003000C (0xAAA58593) addi a1, a1, -0x556
x11 <- 0xFFFFFFFFAAAAAAAA
mem[X,0x0000000080030010] -> 0x9593
mem[X,0x0000000080030012] -> 0x00B5
[7498] [M]: 0x0000000080030010 (0x00B59593) slli a1, a1, 0xb
x11 <- 0xFFFFFD5555555000
mem[X,0x0000000080030014] -> 0x8593
mem[X,0x0000000080030016] -> 0x5555
[7499] [M]: 0x0000000080030014 (0x55558593) addi a1, a1, 0x555
x11 <- 0xFFFFFD5555555555
clint::tick mtime <- 0x000000000000004B
 clint timer pending at mtime 0x000000000000004B
htif::tick 0x0000000000000000
mem[X,0x0000000080030018] -> 0x9593
mem[X,0x000000008003001A] -> 0x00B5
[7500] [M]: 0x0000000080030018 (0x00B59593) slli a1, a1, 0xb
x11 <- 0xFFEAAAAAAAAAA800
mem[X,0x000000008003001C] -> 0x8593
mem[X,0x000000008003001E] -> 0x2AA5
[7501] [M]: 0x000000008003001C (0x2AA58593) addi a1, a1, 0x2aa
x11 <- 0xFFEAAAAAAAAAAAAA
mem[X,0x0000000080030020] -> 0x9593
mem[X,0x0000000080030022] -> 0x00A5
[7502] [M]: 0x0000000080030020 (0x00A59593) slli a1, a1, 0xa
x11 <- 0xAAAAAAAAAAAAA800
mem[X,0x0000000080030024] -> 0x8593
mem[X,0x0000000080030026] -> 0x2AA5
[7503] [M]: 0x0000000080030024 (0x2AA58593) addi a1, a1, 0x2aa
x11 <- 0xAAAAAAAAAAAAAAAA
mem[X,0x0000000080030028] -> 0x0113
mem[X,0x000000008003002A] -> 0x0000
[7504] [M]: 0x0000000080030028 (0x00000113) addi sp, zero, 0x0
x2 <- 0x0000000000000000
mem[X,0x000000008003002C] -> 0x006F
mem[X,0x000000008003002E] -> 0x00C0
[7505] [M]: 0x000000008003002C (0x00C0006F) jal zero, 0xc
mem[X,0x0000000080030038] -> 0x5063
mem[X,0x000000008003003A] -> 0x10B5
[7506] [M]: 0x0000000080030038 (0x10B55063) bge a0, a1, 0x100
mem[X,0x0000000080030138] -> 0x0113
mem[X,0x000000008003013A] -> 0x0031
[7507] [M]: 0x0000000080030138 (0x00310113) addi sp, sp, 0x3
x2 <- 0x0000000000000003
mem[X,0x000000008003013C] -> 0x006F
mem[X,0x000000008003013E] -> 0x0040
[7508] [M]: 0x000000008003013C (0x0040006F) jal zero, 0x4
mem[X,0x0000000080030140] -> 0xB423
mem[X,0x0000000080030142] -> 0x6620
[7509] [M]: 0x0000000080030140 (0x6620B423) sd sp, 0x668(ra)
mem[0x0000000080049038] <- 0x0000000000000003
mem[X,0x0000000080030144] -> 0x0537
mem[X,0x0000000080030146] -> 0x0000
[7510] [M]: 0x0000000080030144 (0x00000537) lui a0, 0x0
x10 <- 0x0000000000000000
mem[X,0x0000000080030148] -> 0x0513
mem[X,0x000000008003014A] -> 0x0005
[7511] [M]: 0x0000000080030148 (0x00050513) addi a0, a0, 0x0
x10 <- 0x0000000000000000
mem[X,0x000000008003014C] -> 0x1513
mem[X,0x000000008003014E] -> 0x00B5
[7512] [M]: 0x000000008003014C (0x00B51513) slli a0, a0, 0xb
x10 <- 0x0000000000000000
mem[X,0x0000000080030150] -> 0x0513
mem[X,0x0000000080030152] -> 0x5A85
[7513] [M]: 0x0000000080030150 (0x5A850513) addi a0, a0, 0x5a8
x10 <- 0x00000000000005A8
mem[X,0x0000000080030154] -> 0x1513
mem[X,0x0000000080030156] -> 0x00B5
[7514] [M]: 0x0000000080030154 (0x00B51513) slli a0, a0, 0xb
x10 <- 0x00000000002D4000
mem[X,0x0000000080030158] -> 0x0513
mem[X,0x000000008003015A] -> 0x13C5
[7515] [M]: 0x0000000080030158 (0x13C50513) addi a0, a0, 0x13c
x10 <- 0x00000000002D413C
mem[X,0x000000008003015C] -> 0x1513
mem[X,0x000000008003015E] -> 0x00A5
[7516] [M]: 0x000000008003015C (0x00A51513) slli a0, a0, 0xa
x10 <- 0x00000000B504F000
mem[X,0x0000000080030160] -> 0x0513
mem[X,0x0000000080030162] -> 0x3325
[7517] [M]: 0x0000000080030160 (0x33250513) addi a0, a0, 0x332
x10 <- 0x00000000B504F332
mem[X,0x0000000080030164] -> 0x0593
mem[X,0x0000000080030166] -> 0x0050
[7518] [M]: 0x0000000080030164 (0x00500593) addi a1, zero, 0x5
x11 <- 0x0000000000000005
mem[X,0x0000000080030168] -> 0x0113
mem[X,0x000000008003016A] -> 0x0000
[7519] [M]: 0x0000000080030168 (0x00000113) addi sp, zero, 0x0
x2 <- 0x0000000000000000
mem[X,0x000000008003016C] -> 0x006F
mem[X,0x000000008003016E] -> 0x0100
[7520] [M]: 0x000000008003016C (0x0100006F) jal zero, 0x10
mem[X,0x000000008003017C] -> 0x5AE3
mem[X,0x000000008003017E] -> 0xFEB5
[7521] [M]: 0x000000008003017C (0xFEB55AE3) bge a0, a1, -0xc
mem[X,0x0000000080030170] -> 0x0113
mem[X,0x0000000080030172] -> 0x0011
[7522] [M]: 0x0000000080030170 (0x00110113) addi sp, sp, 0x1
x2 <- 0x0000000000000001
mem[X,0x0000000080030174] -> 0x006F
mem[X,0x0000000080030176] -> 0x01C0
[7523] [M]: 0x0000000080030174 (0x01C0006F) jal zero, 0x1c
mem[X,0x0000000080030190] -> 0xB823
mem[X,0x0000000080030192] -> 0x6620
[7524] [M]: 0x0000000080030190 (0x6620B823) sd sp, 0x670(ra)
mem[0x0000000080049040] <- 0x0000000000000001
mem[X,0x0000000080030194] -> 0x0537
mem[X,0x0000000080030196] -> 0x0000
[7525] [M]: 0x0000000080030194 (0x00000537) lui a0, 0x0
x10 <- 0x0000000000000000
mem[X,0x0000000080030198] -> 0x0513
mem[X,0x000000008003019A] -> 0x0005
[7526] [M]: 0x0000000080030198 (0x00050513) addi a0, a0, 0x0
x10 <- 0x0000000000000000
mem[X,0x000000008003019C] -> 0x1513
mem[X,0x000000008003019E] -> 0x00B5
[7527] [M]: 0x000000008003019C (0x00B51513) slli a0, a0, 0xb
x10 <- 0x0000000000000000
mem[X,0x00000000800301A0] -> 0x0513
mem[X,0x00000000800301A2] -> 0x5A85
[7528] [M]: 0x00000000800301A0 (0x5A850513) addi a0, a0, 0x5a8
x10 <- 0x00000000000005A8
mem[X,0x00000000800301A4] -> 0x1513
mem[X,0x00000000800301A6] -> 0x00B5
[7529] [M]: 0x00000000800301A4 (0x00B51513) slli a0, a0, 0xb
x10 <- 0x00000000002D4000
mem[X,0x00000000800301A8] -> 0x0513
mem[X,0x00000000800301AA] -> 0x13C5
[7530] [M]: 0x00000000800301A8 (0x13C50513) addi a0, a0, 0x13c
x10 <- 0x00000000002D413C
mem[X,0x00000000800301AC] -> 0x1513
mem[X,0x00000000800301AE] -> 0x00A5
[7531] [M]: 0x00000000800301AC (0x00A51513) slli a0, a0, 0xa
x10 <- 0x00000000B504F000
mem[X,0x00000000800301B0] -> 0x0513
mem[X,0x00000000800301B2] -> 0x3325
[7532] [M]: 0x00000000800301B0 (0x33250513) addi a0, a0, 0x332
x10 <- 0x00000000B504F332
mem[X,0x00000000800301B4] -> 0x35B7
mem[X,0x00000000800301B6] -> 0x3333
[7533] [M]: 0x00000000800301B4 (0x333335B7) lui a1, 0x33333
x11 <- 0x0000000033333000
mem[X,0x00000000800301B8] -> 0x8593
mem[X,0x00000000800301BA] -> 0x3335
[7534] [M]: 0x00000000800301B8 (0x33358593) addi a1, a1, 0x333
x11 <- 0x0000000033333333
mem[X,0x00000000800301BC] -> 0x9593
mem[X,0x00000000800301BE] -> 0x00B5
[7535] [M]: 0x00000000800301BC (0x00B59593) slli a1, a1, 0xb
x11 <- 0x0000019999999800
mem[X,0x00000000800301C0] -> 0x8593
mem[X,0x00000000800301C2] -> 0x1995
[7536] [M]: 0x00000000800301C0 (0x19958593) addi a1, a1, 0x199
x11 <- 0x0000019999999999
mem[X,0x00000000800301C4] -> 0x9593
mem[X,0x00000000800301C6] -> 0x00B5
[7537] [M]: 0x00000000800301C4 (0x00B59593) slli a1, a1, 0xb
x11 <- 0x000CCCCCCCCCC800
mem[X,0x00000000800301C8] -> 0x8593
mem[X,0x00000000800301CA] -> 0x4CC5
[7538] [M]: 0x00000000800301C8 (0x4CC58593) addi a1, a1, 0x4cc
x11 <- 0x000CCCCCCCCCCCCC
mem[X,0x00000000800301CC] -> 0x9593
mem[X,0x00000000800301CE] -> 0x00A5
[7539] [M]: 0x00000000800301CC (0x00A59593) slli a1, a1, 0xa
x11 <- 0x3333333333333000
mem[X,0x00000000800301D0] -> 0x8593
mem[X,0x00000000800301D2] -> 0x3335
[7540] [M]: 0x00000000800301D0 (0x33358593) addi a1, a1, 0x333
x11 <- 0x3333333333333333
mem[X,0x00000000800301D4] -> 0x0113
mem[X,0x00000000800301D6] -> 0x0000
[7541] [M]: 0x00000000800301D4 (0x00000113) addi sp, zero, 0x0
x2 <- 0x0000000000000000
mem[X,0x00000000800301D8] -> 0x006F
mem[X,0x00000000800301DA] -> 0x0100
[7542] [M]: 0x00000000800301D8 (0x0100006F) jal zero, 0x10
mem[X,0x00000000800301E8] -> 0x5AE3
mem[X,0x00000000800301EA] -> 0xFEB5
[7543] [M]: 0x00000000800301E8 (0xFEB55AE3) bge a0, a1, -0xc
mem[X,0x00000000800301EC] -> 0x0113
mem[X,0x00000000800301EE] -> 0x0021
[7544] [M]: 0x00000000800301EC (0x00210113) addi sp, sp, 0x2
x2 <- 0x0000000000000002
mem[X,0x00000000800301F0] -> 0x006F
mem[X,0x00000000800301F2] -> 0x00C0
[7545] [M]: 0x00000000800301F0 (0x00C0006F) jal zero, 0xc
mem[X,0x00000000800301FC] -> 0xBC23
mem[X,0x00000000800301FE] -> 0x6620
[7546] [M]: 0x00000000800301FC (0x6620BC23) sd sp, 0x678(ra)
mem[0x0000000080049048] <- 0x0000000000000002
mem[X,0x0000000080030200] -> 0x0537
mem[X,0x0000000080030202] -> 0x0000
[7547] [M]: 0x0000000080030200 (0x00000537) lui a0, 0x0
x10 <- 0x0000000000000000
mem[X,0x0000000080030204] -> 0x0513
mem[X,0x0000000080030206] -> 0x0005
[7548] [M]: 0x0000000080030204 (0x00050513) addi a0, a0, 0x0
x10 <- 0x0000000000000000
mem[X,0x0000000080030208] -> 0x1513
mem[X,0x000000008003020A] -> 0x00B5
[7549] [M]: 0x0000000080030208 (0x00B51513) slli a0, a0, 0xb
x10 <- 0x0000000000000000
mem[X,0x000000008003020C] -> 0x0513
mem[X,0x000000008003020E] -> 0x5A85
[7550] [M]: 0x000000008003020C (0x5A850513) addi a0, a0, 0x5a8
x10 <- 0x00000000000005A8
mem[X,0x0000000080030210] -> 0x1513
mem[X,0x0000000080030212] -> 0x00B5
[7551] [M]: 0x0000000080030210 (0x00B51513) slli a0, a0, 0xb
x10 <- 0x00000000002D4000
mem[X,0x0000000080030214] -> 0x0513
mem[X,0x0000000080030216] -> 0x13C5
[7552] [M]: 0x0000000080030214 (0x13C50513) addi a0, a0, 0x13c
x10 <- 0x00000000002D413C
mem[X,0x0000000080030218] -> 0x1513
mem[X,0x000000008003021A] -> 0x00A5
[7553] [M]: 0x0000000080030218 (0x00A51513) slli a0, a0, 0xa
x10 <- 0x00000000B504F000
mem[X,0x000000008003021C] -> 0x0513
mem[X,0x000000008003021E] -> 0x3325
[7554] [M]: 0x000000008003021C (0x33250513) addi a0, a0, 0x332
x10 <- 0x00000000B504F332
mem[X,0x0000000080030220] -> 0x65B7
mem[X,0x0000000080030222] -> 0x6666
[7555] [M]: 0x0000000080030220 (0x666665B7) lui a1, 0x66666
x11 <- 0x0000000066666000
mem[X,0x0000000080030224] -> 0x8593
mem[X,0x0000000080030226] -> 0x6665
[7556] [M]: 0x0000000080030224 (0x66658593) addi a1, a1, 0x666
x11 <- 0x0000000066666666
mem[X,0x0000000080030228] -> 0x9593
mem[X,0x000000008003022A] -> 0x00B5
[7557] [M]: 0x0000000080030228 (0x00B59593) slli a1, a1, 0xb
x11 <- 0x0000033333333000
mem[X,0x000000008003022C] -> 0x8593
mem[X,0x000000008003022E] -> 0x3335
[7558] [M]: 0x000000008003022C (0x33358593) addi a1, a1, 0x333
x11 <- 0x0000033333333333
mem[X,0x0000000080030230] -> 0x9593
mem[X,0x0000000080030232] -> 0x00B5
[7559] [M]: 0x0000000080030230 (0x00B59593) slli a1, a1, 0xb
x11 <- 0x0019999999999800
mem[X,0x0000000080030234] -> 0x8593
mem[X,0x0000000080030236] -> 0x1995
[7560] [M]: 0x0000000080030234 (0x19958593) addi a1, a1, 0x199
x11 <- 0x0019999999999999
mem[X,0x0000000080030238] -> 0x9593
mem[X,0x000000008003023A] -> 0x00A5
[7561] [M]: 0x0000000080030238 (0x00A59593) slli a1, a1, 0xa
x11 <- 0x6666666666666400
mem[X,0x000000008003023C] -> 0x8593
mem[X,0x000000008003023E] -> 0x2665
[7562] [M]: 0x000000008003023C (0x26658593) addi a1, a1, 0x266
x11 <- 0x6666666666666666
mem[X,0x0000000080030240] -> 0x0113
mem[X,0x0000000080030242] -> 0x0000
[7563] [M]: 0x0000000080030240 (0x00000113) addi sp, zero, 0x0
x2 <- 0x0000000000000000
mem[X,0x0000000080030244] -> 0x006F
mem[X,0x0000000080030246] -> 0x2B10
[7564] [M]: 0x0000000080030244 (0x2B10006F) jal zero, 0xab0
mem[X,0x0000000080030CF4] -> 0x5A63
mem[X,0x0000000080030CF6] -> 0xD4B5
[7565] [M]: 0x0000000080030CF4 (0xD4B55A63) bge a0, a1, -0xaac
mem[X,0x0000000080030CF8] -> 0x0113
mem[X,0x0000000080030CFA] -> 0x0021
[7566] [M]: 0x0000000080030CF8 (0x00210113) addi sp, sp, 0x2
x2 <- 0x0000000000000002
mem[X,0x0000000080030CFC] -> 0x006F
mem[X,0x0000000080030CFE] -> 0x00C0
[7567] [M]: 0x0000000080030CFC (0x00C0006F) jal zero, 0xc
mem[X,0x0000000080030D08] -> 0xB023
mem[X,0x0000000080030D0A] -> 0x6820
[7568] [M]: 0x0000000080030D08 (0x6820B023) sd sp, 0x680(ra)
mem[0x0000000080049050] <- 0x0000000000000002
mem[X,0x0000000080030D0C] -> 0x0537
mem[X,0x0000000080030D0E] -> 0x0000
[7569] [M]: 0x0000000080030D0C (0x00000537) lui a0, 0x0
x10 <- 0x0000000000000000
mem[X,0x0000000080030D10] -> 0x0513
mem[X,0x0000000080030D12] -> 0x0005
[7570] [M]: 0x0000000080030D10 (0x00050513) addi a0, a0, 0x0
x10 <- 0x0000000000000000
mem[X,0x0000000080030D14] -> 0x1513
mem[X,0x0000000080030D16] -> 0x00B5
[7571] [M]: 0x0000000080030D14 (0x00B51513) slli a0, a0, 0xb
x10 <- 0x0000000000000000
mem[X,0x0000000080030D18] -> 0x0513
mem[X,0x0000000080030D1A] -> 0x5A85
[7572] [M]: 0x0000000080030D18 (0x5A850513) addi a0, a0, 0x5a8
x10 <- 0x00000000000005A8
mem[X,0x0000000080030D1C] -> 0x1513
mem[X,0x0000000080030D1E] -> 0x00B5
[7573] [M]: 0x0000000080030D1C (0x00B51513) slli a0, a0, 0xb
x10 <- 0x00000000002D4000
mem[X,0x0000000080030D20] -> 0x0513
mem[X,0x0000000080030D22] -> 0x13C5
[7574] [M]: 0x0000000080030D20 (0x13C50513) addi a0, a0, 0x13c
x10 <- 0x00000000002D413C
mem[X,0x0000000080030D24] -> 0x1513
mem[X,0x0000000080030D26] -> 0x00A5
[7575] [M]: 0x0000000080030D24 (0x00A51513) slli a0, a0, 0xa
x10 <- 0x00000000B504F000
mem[X,0x0000000080030D28] -> 0x0513
mem[X,0x0000000080030D2A] -> 0x3325
[7576] [M]: 0x0000000080030D28 (0x33250513) addi a0, a0, 0x332
x10 <- 0x00000000B504F332
mem[X,0x0000000080030D2C] -> 0x05B7
mem[X,0x0000000080030D2E] -> 0x0000
[7577] [M]: 0x0000000080030D2C (0x000005B7) lui a1, 0x0
x11 <- 0x0000000000000000
mem[X,0x0000000080030D30] -> 0x8593
mem[X,0x0000000080030D32] -> 0xFFF5
[7578] [M]: 0x0000000080030D30 (0xFFF58593) addi a1, a1, -0x1
x11 <- 0xFFFFFFFFFFFFFFFF
mem[X,0x0000000080030D34] -> 0x9593
mem[X,0x0000000080030D36] -> 0x00B5
[7579] [M]: 0x0000000080030D34 (0x00B59593) slli a1, a1, 0xb
x11 <- 0xFFFFFFFFFFFFF800
mem[X,0x0000000080030D38] -> 0x8593
mem[X,0x0000000080030D3A] -> 0x2575
[7580] [M]: 0x0000000080030D38 (0x25758593) addi a1, a1, 0x257
x11 <- 0xFFFFFFFFFFFFFA57
mem[X,0x0000000080030D3C] -> 0x9593
mem[X,0x0000000080030D3E] -> 0x00B5
[7581] [M]: 0x0000000080030D3C (0x00B59593) slli a1, a1, 0xb
x11 <- 0xFFFFFFFFFFD2B800
mem[X,0x0000000080030D40] -> 0x8593
mem[X,0x0000000080030D42] -> 0x6C35
[7582] [M]: 0x0000000080030D40 (0x6C358593) addi a1, a1, 0x6c3
x11 <- 0xFFFFFFFFFFD2BEC3
mem[X,0x0000000080030D44] -> 0x9593
mem[X,0x0000000080030D46] -> 0x00A5
[7583] [M]: 0x0000000080030D44 (0x00A59593) slli a1, a1, 0xa
x11 <- 0xFFFFFFFF4AFB0C00
mem[X,0x0000000080030D48] -> 0x8593
mem[X,0x0000000080030D4A] -> 0x0CD5
[7584] [M]: 0x0000000080030D48 (0x0CD58593) addi a1, a1, 0xcd
x11 <- 0xFFFFFFFF4AFB0CCD
mem[X,0x0000000080030D4C] -> 0x0113
mem[X,0x0000000080030D4E] -> 0x0000
[7585] [M]: 0x0000000080030D4C (0x00000113) addi sp, zero, 0x0
x2 <- 0x0000000000000000
mem[X,0x0000000080030D50] -> 0x006F
mem[X,0x0000000080030D52] -> 0x00C0
[7586] [M]: 0x0000000080030D50 (0x00C0006F) jal zero, 0xc
mem[X,0x0000000080030D5C] -> 0x5CE3
mem[X,0x0000000080030D5E] -> 0xFEB5
[7587] [M]: 0x0000000080030D5C (0xFEB55CE3) bge a0, a1, -0x8
mem[X,0x0000000080030D54] -> 0x0113
mem[X,0x0000000080030D56] -> 0x0011
[7588] [M]: 0x0000000080030D54 (0x00110113) addi sp, sp, 0x1
x2 <- 0x0000000000000001
mem[X,0x0000000080030D58] -> 0x006F
mem[X,0x0000000080030D5A] -> 0x0180
[7589] [M]: 0x0000000080030D58 (0x0180006F) jal zero, 0x18
mem[X,0x0000000080030D70] -> 0xB423
mem[X,0x0000000080030D72] -> 0x6820
[7590] [M]: 0x0000000080030D70 (0x6820B423) sd sp, 0x688(ra)
mem[0x0000000080049058] <- 0x0000000000000001
mem[X,0x0000000080030D74] -> 0x0537
mem[X,0x0000000080030D76] -> 0x0000
[7591] [M]: 0x0000000080030D74 (0x00000537) lui a0, 0x0
x10 <- 0x0000000000000000
mem[X,0x0000000080030D78] -> 0x0513
mem[X,0x0000000080030D7A] -> 0x0005
[7592] [M]: 0x0000000080030D78 (0x00050513) addi a0, a0, 0x0
x10 <- 0x0000000000000000
mem[X,0x0000000080030D7C] -> 0x1513
mem[X,0x0000000080030D7E] -> 0x00B5
[7593] [M]: 0x0000000080030D7C (0x00B51513) slli a0, a0, 0xb
x10 <- 0x0000000000000000
mem[X,0x0000000080030D80] -> 0x0513
mem[X,0x0000000080030D82] -> 0x5A85
[7594] [M]: 0x0000000080030D80 (0x5A850513) addi a0, a0, 0x5a8
x10 <- 0x00000000000005A8
mem[X,0x0000000080030D84] -> 0x1513
mem[X,0x0000000080030D86] -> 0x00B5
[7595] [M]: 0x0000000080030D84 (0x00B51513) slli a0, a0, 0xb
x10 <- 0x00000000002D4000
mem[X,0x0000000080030D88] -> 0x0513
mem[X,0x0000000080030D8A] -> 0x13C5
[7596] [M]: 0x0000000080030D88 (0x13C50513) addi a0, a0, 0x13c
x10 <- 0x00000000002D413C
mem[X,0x0000000080030D8C] -> 0x1513
mem[X,0x0000000080030D8E] -> 0x00A5
[7597] [M]: 0x0000000080030D8C (0x00A51513) slli a0, a0, 0xa
x10 <- 0x00000000B504F000
mem[X,0x0000000080030D90] -> 0x0513
mem[X,0x0000000080030D92] -> 0x3325
[7598] [M]: 0x0000000080030D90 (0x33250513) addi a0, a0, 0x332
x10 <- 0x00000000B504F332
mem[X,0x0000000080030D94] -> 0x05B7
mem[X,0x0000000080030D96] -> 0x0000
[7599] [M]: 0x0000000080030D94 (0x000005B7) lui a1, 0x0
x11 <- 0x0000000000000000
clint::tick mtime <- 0x000000000000004C
 clint timer pending at mtime 0x000000000000004C
htif::tick 0x0000000000000000
mem[X,0x0000000080030D98] -> 0x8593
mem[X,0x0000000080030D9A] -> 0x0005
[7600] [M]: 0x0000000080030D98 (0x00058593) addi a1, a1, 0x0
x11 <- 0x0000000000000000
mem[X,0x0000000080030D9C] -> 0x9593
mem[X,0x0000000080030D9E] -> 0x00B5
[7601] [M]: 0x0000000080030D9C (0x00B59593) slli a1, a1, 0xb
x11 <- 0x0000000000000000
mem[X,0x0000000080030DA0] -> 0x8593
mem[X,0x0000000080030DA2] -> 0x5A85
[7602] [M]: 0x0000000080030DA0 (0x5A858593) addi a1, a1, 0x5a8
x11 <- 0x00000000000005A8
mem[X,0x0000000080030DA4] -> 0x9593
mem[X,0x0000000080030DA6] -> 0x00B5
[7603] [M]: 0x0000000080030DA4 (0x00B59593) slli a1, a1, 0xb
x11 <- 0x00000000002D4000
mem[X,0x0000000080030DA8] -> 0x8593
mem[X,0x0000000080030DAA] -> 0x13C5
[7604] [M]: 0x0000000080030DA8 (0x13C58593) addi a1, a1, 0x13c
x11 <- 0x00000000002D413C
mem[X,0x0000000080030DAC] -> 0x9593
mem[X,0x0000000080030DAE] -> 0x00A5
[7605] [M]: 0x0000000080030DAC (0x00A59593) slli a1, a1, 0xa
x11 <- 0x00000000B504F000
mem[X,0x0000000080030DB0] -> 0x8593
mem[X,0x0000000080030DB2] -> 0x3335
[7606] [M]: 0x0000000080030DB0 (0x33358593) addi a1, a1, 0x333
x11 <- 0x00000000B504F333
mem[X,0x0000000080030DB4] -> 0x0113
mem[X,0x0000000080030DB6] -> 0x0000
[7607] [M]: 0x0000000080030DB4 (0x00000113) addi sp, zero, 0x0
x2 <- 0x0000000000000000
mem[X,0x0000000080030DB8] -> 0x006F
mem[X,0x0000000080030DBA] -> 0x00C0
[7608] [M]: 0x0000000080030DB8 (0x00C0006F) jal zero, 0xc
mem[X,0x0000000080030DC4] -> 0x5663
mem[X,0x0000000080030DC6] -> 0x00B5
[7609] [M]: 0x0000000080030DC4 (0x00B55663) bge a0, a1, 0xc
mem[X,0x0000000080030DC8] -> 0x0113
mem[X,0x0000000080030DCA] -> 0x0021
[7610] [M]: 0x0000000080030DC8 (0x00210113) addi sp, sp, 0x2
x2 <- 0x0000000000000002
mem[X,0x0000000080030DCC] -> 0x006F
mem[X,0x0000000080030DCE] -> 0x00C0
[7611] [M]: 0x0000000080030DCC (0x00C0006F) jal zero, 0xc
mem[X,0x0000000080030DD8] -> 0xB823
mem[X,0x0000000080030DDA] -> 0x6820
[7612] [M]: 0x0000000080030DD8 (0x6820B823) sd sp, 0x690(ra)
mem[0x0000000080049060] <- 0x0000000000000002
mem[X,0x0000000080030DDC] -> 0x0537
mem[X,0x0000000080030DDE] -> 0x0000
[7613] [M]: 0x0000000080030DDC (0x00000537) lui a0, 0x0
x10 <- 0x0000000000000000
mem[X,0x0000000080030DE0] -> 0x0513
mem[X,0x0000000080030DE2] -> 0x0005
[7614] [M]: 0x0000000080030DE0 (0x00050513) addi a0, a0, 0x0
x10 <- 0x0000000000000000
mem[X,0x0000000080030DE4] -> 0x1513
mem[X,0x0000000080030DE6] -> 0x00B5
[7615] [M]: 0x0000000080030DE4 (0x00B51513) slli a0, a0, 0xb
x10 <- 0x0000000000000000
mem[X,0x0000000080030DE8] -> 0x0513
mem[X,0x0000000080030DEA] -> 0x5A85
[7616] [M]: 0x0000000080030DE8 (0x5A850513) addi a0, a0, 0x5a8
x10 <- 0x00000000000005A8
mem[X,0x0000000080030DEC] -> 0x1513
mem[X,0x0000000080030DEE] -> 0x00B5
[7617] [M]: 0x0000000080030DEC (0x00B51513) slli a0, a0, 0xb
x10 <- 0x00000000002D4000
mem[X,0x0000000080030DF0] -> 0x0513
mem[X,0x0000000080030DF2] -> 0x13C5
[7618] [M]: 0x0000000080030DF0 (0x13C50513) addi a0, a0, 0x13c
x10 <- 0x00000000002D413C
mem[X,0x0000000080030DF4] -> 0x1513
mem[X,0x0000000080030DF6] -> 0x00A5
[7619] [M]: 0x0000000080030DF4 (0x00A51513) slli a0, a0, 0xa
x10 <- 0x00000000B504F000
mem[X,0x0000000080030DF8] -> 0x0513
mem[X,0x0000000080030DFA] -> 0x3325
[7620] [M]: 0x0000000080030DF8 (0x33250513) addi a0, a0, 0x332
x10 <- 0x00000000B504F332
mem[X,0x0000000080030DFC] -> 0x0593
mem[X,0x0000000080030DFE] -> 0x0020
[7621] [M]: 0x0000000080030DFC (0x00200593) addi a1, zero, 0x2
x11 <- 0x0000000000000002
mem[X,0x0000000080030E00] -> 0x0113
mem[X,0x0000000080030E02] -> 0x0000
[7622] [M]: 0x0000000080030E00 (0x00000113) addi sp, zero, 0x0
x2 <- 0x0000000000000000
mem[X,0x0000000080030E04] -> 0x006F
mem[X,0x0000000080030E06] -> 0x0050
[7623] [M]: 0x0000000080030E04 (0x0050006F) jal zero, 0x804
mem[X,0x0000000080031608] -> 0x50E3
mem[X,0x000000008003160A] -> 0x80B5
[7624] [M]: 0x0000000080031608 (0x80B550E3) bge a0, a1, -0x800
mem[X,0x0000000080030E08] -> 0x0113
mem[X,0x0000000080030E0A] -> 0x0011
[7625] [M]: 0x0000000080030E08 (0x00110113) addi sp, sp, 0x1
x2 <- 0x0000000000000001
mem[X,0x0000000080030E0C] -> 0x006F
mem[X,0x0000000080030E0E] -> 0x0110
[7626] [M]: 0x0000000080030E0C (0x0110006F) jal zero, 0x810
mem[X,0x000000008003161C] -> 0xBC23
mem[X,0x000000008003161E] -> 0x6820
[7627] [M]: 0x000000008003161C (0x6820BC23) sd sp, 0x698(ra)
mem[0x0000000080049068] <- 0x0000000000000001
mem[X,0x0000000080031620] -> 0x0537
mem[X,0x0000000080031622] -> 0x0000
[7628] [M]: 0x0000000080031620 (0x00000537) lui a0, 0x0
x10 <- 0x0000000000000000
mem[X,0x0000000080031624] -> 0x0513
mem[X,0x0000000080031626] -> 0x0005
[7629] [M]: 0x0000000080031624 (0x00050513) addi a0, a0, 0x0
x10 <- 0x0000000000000000
mem[X,0x0000000080031628] -> 0x1513
mem[X,0x000000008003162A] -> 0x00B5
[7630] [M]: 0x0000000080031628 (0x00B51513) slli a0, a0, 0xb
x10 <- 0x0000000000000000
mem[X,0x000000008003162C] -> 0x0513
mem[X,0x000000008003162E] -> 0x5A85
[7631] [M]: 0x000000008003162C (0x5A850513) addi a0, a0, 0x5a8
x10 <- 0x00000000000005A8
mem[X,0x0000000080031630] -> 0x1513
mem[X,0x0000000080031632] -> 0x00B5
[7632] [M]: 0x0000000080031630 (0x00B51513) slli a0, a0, 0xb
x10 <- 0x00000000002D4000
mem[X,0x0000000080031634] -> 0x0513
mem[X,0x0000000080031636] -> 0x13C5
[7633] [M]: 0x0000000080031634 (0x13C50513) addi a0, a0, 0x13c
x10 <- 0x00000000002D413C
mem[X,0x0000000080031638] -> 0x1513
mem[X,0x000000008003163A] -> 0x00A5
[7634] [M]: 0x0000000080031638 (0x00A51513) slli a0, a0, 0xa
x10 <- 0x00000000B504F000
mem[X,0x000000008003163C] -> 0x0513
mem[X,0x000000008003163E] -> 0x3325
[7635] [M]: 0x000000008003163C (0x33250513) addi a0, a0, 0x332
x10 <- 0x00000000B504F332
mem[X,0x0000000080031640] -> 0x55B7
mem[X,0x0000000080031642] -> 0x5555
[7636] [M]: 0x0000000080031640 (0x555555B7) lui a1, 0x55555
x11 <- 0x0000000055555000
mem[X,0x0000000080031644] -> 0x8593
mem[X,0x0000000080031646] -> 0x5555
[7637] [M]: 0x0000000080031644 (0x55558593) addi a1, a1, 0x555
x11 <- 0x0000000055555555
mem[X,0x0000000080031648] -> 0x9593
mem[X,0x000000008003164A] -> 0x00B5
[7638] [M]: 0x0000000080031648 (0x00B59593) slli a1, a1, 0xb
x11 <- 0x000002AAAAAAA800
mem[X,0x000000008003164C] -> 0x8593
mem[X,0x000000008003164E] -> 0x2AA5
[7639] [M]: 0x000000008003164C (0x2AA58593) addi a1, a1, 0x2aa
x11 <- 0x000002AAAAAAAAAA
mem[X,0x0000000080031650] -> 0x9593
mem[X,0x0000000080031652] -> 0x00B5
[7640] [M]: 0x0000000080031650 (0x00B59593) slli a1, a1, 0xb
x11 <- 0x0015555555555000
mem[X,0x0000000080031654] -> 0x8593
mem[X,0x0000000080031656] -> 0x5555
[7641] [M]: 0x0000000080031654 (0x55558593) addi a1, a1, 0x555
x11 <- 0x0015555555555555
mem[X,0x0000000080031658] -> 0x9593
mem[X,0x000000008003165A] -> 0x00A5
[7642] [M]: 0x0000000080031658 (0x00A59593) slli a1, a1, 0xa
x11 <- 0x5555555555555400
mem[X,0x000000008003165C] -> 0x8593
mem[X,0x000000008003165E] -> 0x1545
[7643] [M]: 0x000000008003165C (0x15458593) addi a1, a1, 0x154
x11 <- 0x5555555555555554
mem[X,0x0000000080031660] -> 0x0113
mem[X,0x0000000080031662] -> 0x0000
[7644] [M]: 0x0000000080031660 (0x00000113) addi sp, zero, 0x0
x2 <- 0x0000000000000000
mem[X,0x0000000080031664] -> 0x006F
mem[X,0x0000000080031666] -> 0x00C0
[7645] [M]: 0x0000000080031664 (0x00C0006F) jal zero, 0xc
mem[X,0x0000000080031670] -> 0x5CE3
mem[X,0x0000000080031672] -> 0xFEB5
[7646] [M]: 0x0000000080031670 (0xFEB55CE3) bge a0, a1, -0x8
mem[X,0x0000000080031674] -> 0x0113
mem[X,0x0000000080031676] -> 0x0021
[7647] [M]: 0x0000000080031674 (0x00210113) addi sp, sp, 0x2
x2 <- 0x0000000000000002
mem[X,0x0000000080031678] -> 0x006F
mem[X,0x000000008003167A] -> 0x00C0
[7648] [M]: 0x0000000080031678 (0x00C0006F) jal zero, 0xc
mem[X,0x0000000080031684] -> 0xB023
mem[X,0x0000000080031686] -> 0x6A20
[7649] [M]: 0x0000000080031684 (0x6A20B023) sd sp, 0x6a0(ra)
mem[0x0000000080049070] <- 0x0000000000000002
mem[X,0x0000000080031688] -> 0x0537
mem[X,0x000000008003168A] -> 0x0000
[7650] [M]: 0x0000000080031688 (0x00000537) lui a0, 0x0
x10 <- 0x0000000000000000
mem[X,0x000000008003168C] -> 0x0513
mem[X,0x000000008003168E] -> 0x0005
[7651] [M]: 0x000000008003168C (0x00050513) addi a0, a0, 0x0
x10 <- 0x0000000000000000
mem[X,0x0000000080031690] -> 0x1513
mem[X,0x0000000080031692] -> 0x00B5
[7652] [M]: 0x0000000080031690 (0x00B51513) slli a0, a0, 0xb
x10 <- 0x0000000000000000
mem[X,0x0000000080031694] -> 0x0513
mem[X,0x0000000080031696] -> 0x5A85
[7653] [M]: 0x0000000080031694 (0x5A850513) addi a0, a0, 0x5a8
x10 <- 0x00000000000005A8
mem[X,0x0000000080031698] -> 0x1513
mem[X,0x000000008003169A] -> 0x00B5
[7654] [M]: 0x0000000080031698 (0x00B51513) slli a0, a0, 0xb
x10 <- 0x00000000002D4000
mem[X,0x000000008003169C] -> 0x0513
mem[X,0x000000008003169E] -> 0x13C5
[7655] [M]: 0x000000008003169C (0x13C50513) addi a0, a0, 0x13c
x10 <- 0x00000000002D413C
mem[X,0x00000000800316A0] -> 0x1513
mem[X,0x00000000800316A2] -> 0x00A5
[7656] [M]: 0x00000000800316A0 (0x00A51513) slli a0, a0, 0xa
x10 <- 0x00000000B504F000
mem[X,0x00000000800316A4] -> 0x0513
mem[X,0x00000000800316A6] -> 0x3325
[7657] [M]: 0x00000000800316A4 (0x33250513) addi a0, a0, 0x332
x10 <- 0x00000000B504F332
mem[X,0x00000000800316A8] -> 0x0593
mem[X,0x00000000800316AA] -> 0x0000
[7658] [M]: 0x00000000800316A8 (0x00000593) addi a1, zero, 0x0
x11 <- 0x0000000000000000
mem[X,0x00000000800316AC] -> 0x0113
mem[X,0x00000000800316AE] -> 0x0000
[7659] [M]: 0x00000000800316AC (0x00000113) addi sp, zero, 0x0
x2 <- 0x0000000000000000
mem[X,0x00000000800316B0] -> 0x006F
mem[X,0x00000000800316B2] -> 0x00C0
[7660] [M]: 0x00000000800316B0 (0x00C0006F) jal zero, 0xc
mem[X,0x00000000800316BC] -> 0x5663
mem[X,0x00000000800316BE] -> 0x00B5
[7661] [M]: 0x00000000800316BC (0x00B55663) bge a0, a1, 0xc
mem[X,0x00000000800316C8] -> 0x0113
mem[X,0x00000000800316CA] -> 0x0031
[7662] [M]: 0x00000000800316C8 (0x00310113) addi sp, sp, 0x3
x2 <- 0x0000000000000003
mem[X,0x00000000800316CC] -> 0x006F
mem[X,0x00000000800316CE] -> 0x0040
[7663] [M]: 0x00000000800316CC (0x0040006F) jal zero, 0x4
mem[X,0x00000000800316D0] -> 0xB423
mem[X,0x00000000800316D2] -> 0x6A20
[7664] [M]: 0x00000000800316D0 (0x6A20B423) sd sp, 0x6a8(ra)
mem[0x0000000080049078] <- 0x0000000000000003
mem[X,0x00000000800316D4] -> 0x0537
mem[X,0x00000000800316D6] -> 0x0000
[7665] [M]: 0x00000000800316D4 (0x00000537) lui a0, 0x0
x10 <- 0x0000000000000000
mem[X,0x00000000800316D8] -> 0x0513
mem[X,0x00000000800316DA] -> 0x0005
[7666] [M]: 0x00000000800316D8 (0x00050513) addi a0, a0, 0x0
x10 <- 0x0000000000000000
mem[X,0x00000000800316DC] -> 0x1513
mem[X,0x00000000800316DE] -> 0x00B5
[7667] [M]: 0x00000000800316DC (0x00B51513) slli a0, a0, 0xb
x10 <- 0x0000000000000000
mem[X,0x00000000800316E0] -> 0x0513
mem[X,0x00000000800316E2] -> 0x5A85
[7668] [M]: 0x00000000800316E0 (0x5A850513) addi a0, a0, 0x5a8
x10 <- 0x00000000000005A8
mem[X,0x00000000800316E4] -> 0x1513
mem[X,0x00000000800316E6] -> 0x00B5
[7669] [M]: 0x00000000800316E4 (0x00B51513) slli a0, a0, 0xb
x10 <- 0x00000000002D4000
mem[X,0x00000000800316E8] -> 0x0513
mem[X,0x00000000800316EA] -> 0x13C5
[7670] [M]: 0x00000000800316E8 (0x13C50513) addi a0, a0, 0x13c
x10 <- 0x00000000002D413C
mem[X,0x00000000800316EC] -> 0x1513
mem[X,0x00000000800316EE] -> 0x00A5
[7671] [M]: 0x00000000800316EC (0x00A51513) slli a0, a0, 0xa
x10 <- 0x00000000B504F000
mem[X,0x00000000800316F0] -> 0x0513
mem[X,0x00000000800316F2] -> 0x3325
[7672] [M]: 0x00000000800316F0 (0x33250513) addi a0, a0, 0x332
x10 <- 0x00000000B504F332
mem[X,0x00000000800316F4] -> 0x0593
mem[X,0x00000000800316F6] -> 0x0040
[7673] [M]: 0x00000000800316F4 (0x00400593) addi a1, zero, 0x4
x11 <- 0x0000000000000004
mem[X,0x00000000800316F8] -> 0x0113
mem[X,0x00000000800316FA] -> 0x0000
[7674] [M]: 0x00000000800316F8 (0x00000113) addi sp, zero, 0x0
x2 <- 0x0000000000000000
mem[X,0x00000000800316FC] -> 0x006F
mem[X,0x00000000800316FE] -> 0x00C0
[7675] [M]: 0x00000000800316FC (0x00C0006F) jal zero, 0xc
mem[X,0x0000000080031708] -> 0x5CE3
mem[X,0x000000008003170A] -> 0xFEB5
[7676] [M]: 0x0000000080031708 (0xFEB55CE3) bge a0, a1, -0x8
mem[X,0x0000000080031700] -> 0x0113
mem[X,0x0000000080031702] -> 0x0011
[7677] [M]: 0x0000000080031700 (0x00110113) addi sp, sp, 0x1
x2 <- 0x0000000000000001
mem[X,0x0000000080031704] -> 0x006F
mem[X,0x0000000080031706] -> 0x0180
[7678] [M]: 0x0000000080031704 (0x0180006F) jal zero, 0x18
mem[X,0x000000008003171C] -> 0xB823
mem[X,0x000000008003171E] -> 0x6A20
[7679] [M]: 0x000000008003171C (0x6A20B823) sd sp, 0x6b0(ra)
mem[0x0000000080049080] <- 0x0000000000000001
mem[X,0x0000000080031720] -> 0x0537
mem[X,0x0000000080031722] -> 0x0000
[7680] [M]: 0x0000000080031720 (0x00000537) lui a0, 0x0
x10 <- 0x0000000000000000
mem[X,0x0000000080031724] -> 0x0513
mem[X,0x0000000080031726] -> 0x0005
[7681] [M]: 0x0000000080031724 (0x00050513) addi a0, a0, 0x0
x10 <- 0x0000000000000000
mem[X,0x0000000080031728] -> 0x1513
mem[X,0x000000008003172A] -> 0x00B5
[7682] [M]: 0x0000000080031728 (0x00B51513) slli a0, a0, 0xb
x10 <- 0x0000000000000000
mem[X,0x000000008003172C] -> 0x0513
mem[X,0x000000008003172E] -> 0x5A85
[7683] [M]: 0x000000008003172C (0x5A850513) addi a0, a0, 0x5a8
x10 <- 0x00000000000005A8
mem[X,0x0000000080031730] -> 0x1513
mem[X,0x0000000080031732] -> 0x00B5
[7684] [M]: 0x0000000080031730 (0x00B51513) slli a0, a0, 0xb
x10 <- 0x00000000002D4000
mem[X,0x0000000080031734] -> 0x0513
mem[X,0x0000000080031736] -> 0x13C5
[7685] [M]: 0x0000000080031734 (0x13C50513) addi a0, a0, 0x13c
x10 <- 0x00000000002D413C
mem[X,0x0000000080031738] -> 0x1513
mem[X,0x000000008003173A] -> 0x00A5
[7686] [M]: 0x0000000080031738 (0x00A51513) slli a0, a0, 0xa
x10 <- 0x00000000B504F000
mem[X,0x000000008003173C] -> 0x0513
mem[X,0x000000008003173E] -> 0x3325
[7687] [M]: 0x000000008003173C (0x33250513) addi a0, a0, 0x332
x10 <- 0x00000000B504F332
mem[X,0x0000000080031740] -> 0x35B7
mem[X,0x0000000080031742] -> 0x3333
[7688] [M]: 0x0000000080031740 (0x333335B7) lui a1, 0x33333
x11 <- 0x0000000033333000
mem[X,0x0000000080031744] -> 0x8593
mem[X,0x0000000080031746] -> 0x3335
[7689] [M]: 0x0000000080031744 (0x33358593) addi a1, a1, 0x333
x11 <- 0x0000000033333333
mem[X,0x0000000080031748] -> 0x9593
mem[X,0x000000008003174A] -> 0x00B5
[7690] [M]: 0x0000000080031748 (0x00B59593) slli a1, a1, 0xb
x11 <- 0x0000019999999800
mem[X,0x000000008003174C] -> 0x8593
mem[X,0x000000008003174E] -> 0x1995
[7691] [M]: 0x000000008003174C (0x19958593) addi a1, a1, 0x199
x11 <- 0x0000019999999999
mem[X,0x0000000080031750] -> 0x9593
mem[X,0x0000000080031752] -> 0x00B5
[7692] [M]: 0x0000000080031750 (0x00B59593) slli a1, a1, 0xb
x11 <- 0x000CCCCCCCCCC800
mem[X,0x0000000080031754] -> 0x8593
mem[X,0x0000000080031756] -> 0x4CC5
[7693] [M]: 0x0000000080031754 (0x4CC58593) addi a1, a1, 0x4cc
x11 <- 0x000CCCCCCCCCCCCC
mem[X,0x0000000080031758] -> 0x9593
mem[X,0x000000008003175A] -> 0x00A5
[7694] [M]: 0x0000000080031758 (0x00A59593) slli a1, a1, 0xa
x11 <- 0x3333333333333000
mem[X,0x000000008003175C] -> 0x8593
mem[X,0x000000008003175E] -> 0x3325
[7695] [M]: 0x000000008003175C (0x33258593) addi a1, a1, 0x332
x11 <- 0x3333333333333332
mem[X,0x0000000080031760] -> 0x0113
mem[X,0x0000000080031762] -> 0x0000
[7696] [M]: 0x0000000080031760 (0x00000113) addi sp, zero, 0x0
x2 <- 0x0000000000000000
mem[X,0x0000000080031764] -> 0x006F
mem[X,0x0000000080031766] -> 0x0140
[7697] [M]: 0x0000000080031764 (0x0140006F) jal zero, 0x14
mem[X,0x0000000080031778] -> 0x58E3
mem[X,0x000000008003177A] -> 0xFEB5
[7698] [M]: 0x0000000080031778 (0xFEB558E3) bge a0, a1, -0x10
mem[X,0x000000008003177C] -> 0x0113
mem[X,0x000000008003177E] -> 0x0021
[7699] [M]: 0x000000008003177C (0x00210113) addi sp, sp, 0x2
x2 <- 0x0000000000000002
clint::tick mtime <- 0x000000000000004D
 clint timer pending at mtime 0x000000000000004D
htif::tick 0x0000000000000000
mem[X,0x0000000080031780] -> 0x006F
mem[X,0x0000000080031782] -> 0x00C0
[7700] [M]: 0x0000000080031780 (0x00C0006F) jal zero, 0xc
mem[X,0x000000008003178C] -> 0xBC23
mem[X,0x000000008003178E] -> 0x6A20
[7701] [M]: 0x000000008003178C (0x6A20BC23) sd sp, 0x6b8(ra)
mem[0x0000000080049088] <- 0x0000000000000002
mem[X,0x0000000080031790] -> 0x0537
mem[X,0x0000000080031792] -> 0x0000
[7702] [M]: 0x0000000080031790 (0x00000537) lui a0, 0x0
x10 <- 0x0000000000000000
mem[X,0x0000000080031794] -> 0x0513
mem[X,0x0000000080031796] -> 0x0005
[7703] [M]: 0x0000000080031794 (0x00050513) addi a0, a0, 0x0
x10 <- 0x0000000000000000
mem[X,0x0000000080031798] -> 0x1513
mem[X,0x000000008003179A] -> 0x00B5
[7704] [M]: 0x0000000080031798 (0x00B51513) slli a0, a0, 0xb
x10 <- 0x0000000000000000
mem[X,0x000000008003179C] -> 0x0513
mem[X,0x000000008003179E] -> 0x5A85
[7705] [M]: 0x000000008003179C (0x5A850513) addi a0, a0, 0x5a8
x10 <- 0x00000000000005A8
mem[X,0x00000000800317A0] -> 0x1513
mem[X,0x00000000800317A2] -> 0x00B5
[7706] [M]: 0x00000000800317A0 (0x00B51513) slli a0, a0, 0xb
x10 <- 0x00000000002D4000
mem[X,0x00000000800317A4] -> 0x0513
mem[X,0x00000000800317A6] -> 0x13C5
[7707] [M]: 0x00000000800317A4 (0x13C50513) addi a0, a0, 0x13c
x10 <- 0x00000000002D413C
mem[X,0x00000000800317A8] -> 0x1513
mem[X,0x00000000800317AA] -> 0x00A5
[7708] [M]: 0x00000000800317A8 (0x00A51513) slli a0, a0, 0xa
x10 <- 0x00000000B504F000
mem[X,0x00000000800317AC] -> 0x0513
mem[X,0x00000000800317AE] -> 0x3325
[7709] [M]: 0x00000000800317AC (0x33250513) addi a0, a0, 0x332
x10 <- 0x00000000B504F332
mem[X,0x00000000800317B0] -> 0x65B7
mem[X,0x00000000800317B2] -> 0x6666
[7710] [M]: 0x00000000800317B0 (0x666665B7) lui a1, 0x66666
x11 <- 0x0000000066666000
mem[X,0x00000000800317B4] -> 0x8593
mem[X,0x00000000800317B6] -> 0x6665
[7711] [M]: 0x00000000800317B4 (0x66658593) addi a1, a1, 0x666
x11 <- 0x0000000066666666
mem[X,0x00000000800317B8] -> 0x9593
mem[X,0x00000000800317BA] -> 0x00B5
[7712] [M]: 0x00000000800317B8 (0x00B59593) slli a1, a1, 0xb
x11 <- 0x0000033333333000
mem[X,0x00000000800317BC] -> 0x8593
mem[X,0x00000000800317BE] -> 0x3335
[7713] [M]: 0x00000000800317BC (0x33358593) addi a1, a1, 0x333
x11 <- 0x0000033333333333
mem[X,0x00000000800317C0] -> 0x9593
mem[X,0x00000000800317C2] -> 0x00B5
[7714] [M]: 0x00000000800317C0 (0x00B59593) slli a1, a1, 0xb
x11 <- 0x0019999999999800
mem[X,0x00000000800317C4] -> 0x8593
mem[X,0x00000000800317C6] -> 0x1995
[7715] [M]: 0x00000000800317C4 (0x19958593) addi a1, a1, 0x199
x11 <- 0x0019999999999999
mem[X,0x00000000800317C8] -> 0x9593
mem[X,0x00000000800317CA] -> 0x00A5
[7716] [M]: 0x00000000800317C8 (0x00A59593) slli a1, a1, 0xa
x11 <- 0x6666666666666400
mem[X,0x00000000800317CC] -> 0x8593
mem[X,0x00000000800317CE] -> 0x2655
[7717] [M]: 0x00000000800317CC (0x26558593) addi a1, a1, 0x265
x11 <- 0x6666666666666665
mem[X,0x00000000800317D0] -> 0x0113
mem[X,0x00000000800317D2] -> 0x0000
[7718] [M]: 0x00000000800317D0 (0x00000113) addi sp, zero, 0x0
x2 <- 0x0000000000000000
mem[X,0x00000000800317D4] -> 0x006F
mem[X,0x00000000800317D6] -> 0x0050
[7719] [M]: 0x00000000800317D4 (0x0050006F) jal zero, 0x804
mem[X,0x0000000080031FD8] -> 0x50E3
mem[X,0x0000000080031FDA] -> 0x80B5
[7720] [M]: 0x0000000080031FD8 (0x80B550E3) bge a0, a1, -0x800
mem[X,0x0000000080031FDC] -> 0x0113
mem[X,0x0000000080031FDE] -> 0x0021
[7721] [M]: 0x0000000080031FDC (0x00210113) addi sp, sp, 0x2
x2 <- 0x0000000000000002
mem[X,0x0000000080031FE0] -> 0x006F
mem[X,0x0000000080031FE2] -> 0x00C0
[7722] [M]: 0x0000000080031FE0 (0x00C0006F) jal zero, 0xc
mem[X,0x0000000080031FEC] -> 0xB023
mem[X,0x0000000080031FEE] -> 0x6C20
[7723] [M]: 0x0000000080031FEC (0x6C20B023) sd sp, 0x6c0(ra)
mem[0x0000000080049090] <- 0x0000000000000002
mem[X,0x0000000080031FF0] -> 0x0537
mem[X,0x0000000080031FF2] -> 0x0000
[7724] [M]: 0x0000000080031FF0 (0x00000537) lui a0, 0x0
x10 <- 0x0000000000000000
mem[X,0x0000000080031FF4] -> 0x0513
mem[X,0x0000000080031FF6] -> 0x0005
[7725] [M]: 0x0000000080031FF4 (0x00050513) addi a0, a0, 0x0
x10 <- 0x0000000000000000
mem[X,0x0000000080031FF8] -> 0x1513
mem[X,0x0000000080031FFA] -> 0x00B5
[7726] [M]: 0x0000000080031FF8 (0x00B51513) slli a0, a0, 0xb
x10 <- 0x0000000000000000
mem[X,0x0000000080031FFC] -> 0x0513
mem[X,0x0000000080031FFE] -> 0x5A85
[7727] [M]: 0x0000000080031FFC (0x5A850513) addi a0, a0, 0x5a8
x10 <- 0x00000000000005A8
mem[X,0x0000000080032000] -> 0x1513
mem[X,0x0000000080032002] -> 0x00B5
[7728] [M]: 0x0000000080032000 (0x00B51513) slli a0, a0, 0xb
x10 <- 0x00000000002D4000
mem[X,0x0000000080032004] -> 0x0513
mem[X,0x0000000080032006] -> 0x13C5
[7729] [M]: 0x0000000080032004 (0x13C50513) addi a0, a0, 0x13c
x10 <- 0x00000000002D413C
mem[X,0x0000000080032008] -> 0x1513
mem[X,0x000000008003200A] -> 0x00A5
[7730] [M]: 0x0000000080032008 (0x00A51513) slli a0, a0, 0xa
x10 <- 0x00000000B504F000
mem[X,0x000000008003200C] -> 0x0513
mem[X,0x000000008003200E] -> 0x3325
[7731] [M]: 0x000000008003200C (0x33250513) addi a0, a0, 0x332
x10 <- 0x00000000B504F332
mem[X,0x0000000080032010] -> 0x05B7
mem[X,0x0000000080032012] -> 0x0000
[7732] [M]: 0x0000000080032010 (0x000005B7) lui a1, 0x0
x11 <- 0x0000000000000000
mem[X,0x0000000080032014] -> 0x8593
mem[X,0x0000000080032016] -> 0x0005
[7733] [M]: 0x0000000080032014 (0x00058593) addi a1, a1, 0x0
x11 <- 0x0000000000000000
mem[X,0x0000000080032018] -> 0x9593
mem[X,0x000000008003201A] -> 0x00B5
[7734] [M]: 0x0000000080032018 (0x00B59593) slli a1, a1, 0xb
x11 <- 0x0000000000000000
mem[X,0x000000008003201C] -> 0x8593
mem[X,0x000000008003201E] -> 0x5A85
[7735] [M]: 0x000000008003201C (0x5A858593) addi a1, a1, 0x5a8
x11 <- 0x00000000000005A8
mem[X,0x0000000080032020] -> 0x9593
mem[X,0x0000000080032022] -> 0x00B5
[7736] [M]: 0x0000000080032020 (0x00B59593) slli a1, a1, 0xb
x11 <- 0x00000000002D4000
mem[X,0x0000000080032024] -> 0x8593
mem[X,0x0000000080032026] -> 0x13C5
[7737] [M]: 0x0000000080032024 (0x13C58593) addi a1, a1, 0x13c
x11 <- 0x00000000002D413C
mem[X,0x0000000080032028] -> 0x9593
mem[X,0x000000008003202A] -> 0x00A5
[7738] [M]: 0x0000000080032028 (0x00A59593) slli a1, a1, 0xa
x11 <- 0x00000000B504F000
mem[X,0x000000008003202C] -> 0x8593
mem[X,0x000000008003202E] -> 0x3325
[7739] [M]: 0x000000008003202C (0x33258593) addi a1, a1, 0x332
x11 <- 0x00000000B504F332
mem[X,0x0000000080032030] -> 0x0113
mem[X,0x0000000080032032] -> 0x0000
[7740] [M]: 0x0000000080032030 (0x00000113) addi sp, zero, 0x0
x2 <- 0x0000000000000000
mem[X,0x0000000080032034] -> 0x006F
mem[X,0x0000000080032036] -> 0x00C0
[7741] [M]: 0x0000000080032034 (0x00C0006F) jal zero, 0xc
mem[X,0x0000000080032040] -> 0x5063
mem[X,0x0000000080032042] -> 0x40B5
[7742] [M]: 0x0000000080032040 (0x40B55063) bge a0, a1, 0x400
mem[X,0x0000000080032440] -> 0x0113
mem[X,0x0000000080032442] -> 0x0031
[7743] [M]: 0x0000000080032440 (0x00310113) addi sp, sp, 0x3
x2 <- 0x0000000000000003
mem[X,0x0000000080032444] -> 0x006F
mem[X,0x0000000080032446] -> 0x0040
[7744] [M]: 0x0000000080032444 (0x0040006F) jal zero, 0x4
mem[X,0x0000000080032448] -> 0xB423
mem[X,0x000000008003244A] -> 0x6C20
[7745] [M]: 0x0000000080032448 (0x6C20B423) sd sp, 0x6c8(ra)
mem[0x0000000080049098] <- 0x0000000000000003
mem[X,0x000000008003244C] -> 0x0537
mem[X,0x000000008003244E] -> 0x0000
[7746] [M]: 0x000000008003244C (0x00000537) lui a0, 0x0
x10 <- 0x0000000000000000
mem[X,0x0000000080032450] -> 0x0513
mem[X,0x0000000080032452] -> 0x0005
[7747] [M]: 0x0000000080032450 (0x00050513) addi a0, a0, 0x0
x10 <- 0x0000000000000000
mem[X,0x0000000080032454] -> 0x1513
mem[X,0x0000000080032456] -> 0x00B5
[7748] [M]: 0x0000000080032454 (0x00B51513) slli a0, a0, 0xb
x10 <- 0x0000000000000000
mem[X,0x0000000080032458] -> 0x0513
mem[X,0x000000008003245A] -> 0x5A85
[7749] [M]: 0x0000000080032458 (0x5A850513) addi a0, a0, 0x5a8
x10 <- 0x00000000000005A8
mem[X,0x000000008003245C] -> 0x1513
mem[X,0x000000008003245E] -> 0x00B5
[7750] [M]: 0x000000008003245C (0x00B51513) slli a0, a0, 0xb
x10 <- 0x00000000002D4000
mem[X,0x0000000080032460] -> 0x0513
mem[X,0x0000000080032462] -> 0x13C5
[7751] [M]: 0x0000000080032460 (0x13C50513) addi a0, a0, 0x13c
x10 <- 0x00000000002D413C
mem[X,0x0000000080032464] -> 0x1513
mem[X,0x0000000080032466] -> 0x00A5
[7752] [M]: 0x0000000080032464 (0x00A51513) slli a0, a0, 0xa
x10 <- 0x00000000B504F000
mem[X,0x0000000080032468] -> 0x0513
mem[X,0x000000008003246A] -> 0x3325
[7753] [M]: 0x0000000080032468 (0x33250513) addi a0, a0, 0x332
x10 <- 0x00000000B504F332
mem[X,0x000000008003246C] -> 0x55B7
mem[X,0x000000008003246E] -> 0x5555
[7754] [M]: 0x000000008003246C (0x555555B7) lui a1, 0x55555
x11 <- 0x0000000055555000
mem[X,0x0000000080032470] -> 0x8593
mem[X,0x0000000080032472] -> 0x5555
[7755] [M]: 0x0000000080032470 (0x55558593) addi a1, a1, 0x555
x11 <- 0x0000000055555555
mem[X,0x0000000080032474] -> 0x9593
mem[X,0x0000000080032476] -> 0x00B5
[7756] [M]: 0x0000000080032474 (0x00B59593) slli a1, a1, 0xb
x11 <- 0x000002AAAAAAA800
mem[X,0x0000000080032478] -> 0x8593
mem[X,0x000000008003247A] -> 0x2AA5
[7757] [M]: 0x0000000080032478 (0x2AA58593) addi a1, a1, 0x2aa
x11 <- 0x000002AAAAAAAAAA
mem[X,0x000000008003247C] -> 0x9593
mem[X,0x000000008003247E] -> 0x00B5
[7758] [M]: 0x000000008003247C (0x00B59593) slli a1, a1, 0xb
x11 <- 0x0015555555555000
mem[X,0x0000000080032480] -> 0x8593
mem[X,0x0000000080032482] -> 0x5555
[7759] [M]: 0x0000000080032480 (0x55558593) addi a1, a1, 0x555
x11 <- 0x0015555555555555
mem[X,0x0000000080032484] -> 0x9593
mem[X,0x0000000080032486] -> 0x00A5
[7760] [M]: 0x0000000080032484 (0x00A59593) slli a1, a1, 0xa
x11 <- 0x5555555555555400
mem[X,0x0000000080032488] -> 0x8593
mem[X,0x000000008003248A] -> 0x1565
[7761] [M]: 0x0000000080032488 (0x15658593) addi a1, a1, 0x156
x11 <- 0x5555555555555556
mem[X,0x000000008003248C] -> 0x0113
mem[X,0x000000008003248E] -> 0x0000
[7762] [M]: 0x000000008003248C (0x00000113) addi sp, zero, 0x0
x2 <- 0x0000000000000000
mem[X,0x0000000080032490] -> 0x006F
mem[X,0x0000000080032492] -> 0x00C0
[7763] [M]: 0x0000000080032490 (0x00C0006F) jal zero, 0xc
mem[X,0x000000008003249C] -> 0x5663
mem[X,0x000000008003249E] -> 0x00B5
[7764] [M]: 0x000000008003249C (0x00B55663) bge a0, a1, 0xc
mem[X,0x00000000800324A0] -> 0x0113
mem[X,0x00000000800324A2] -> 0x0021
[7765] [M]: 0x00000000800324A0 (0x00210113) addi sp, sp, 0x2
x2 <- 0x0000000000000002
mem[X,0x00000000800324A4] -> 0x006F
mem[X,0x00000000800324A6] -> 0x00C0
[7766] [M]: 0x00000000800324A4 (0x00C0006F) jal zero, 0xc
mem[X,0x00000000800324B0] -> 0xB823
mem[X,0x00000000800324B2] -> 0x6C20
[7767] [M]: 0x00000000800324B0 (0x6C20B823) sd sp, 0x6d0(ra)
mem[0x00000000800490A0] <- 0x0000000000000002
mem[X,0x00000000800324B4] -> 0x0537
mem[X,0x00000000800324B6] -> 0x0000
[7768] [M]: 0x00000000800324B4 (0x00000537) lui a0, 0x0
x10 <- 0x0000000000000000
mem[X,0x00000000800324B8] -> 0x0513
mem[X,0x00000000800324BA] -> 0x0005
[7769] [M]: 0x00000000800324B8 (0x00050513) addi a0, a0, 0x0
x10 <- 0x0000000000000000
mem[X,0x00000000800324BC] -> 0x1513
mem[X,0x00000000800324BE] -> 0x00B5
[7770] [M]: 0x00000000800324BC (0x00B51513) slli a0, a0, 0xb
x10 <- 0x0000000000000000
mem[X,0x00000000800324C0] -> 0x0513
mem[X,0x00000000800324C2] -> 0x5A85
[7771] [M]: 0x00000000800324C0 (0x5A850513) addi a0, a0, 0x5a8
x10 <- 0x00000000000005A8
mem[X,0x00000000800324C4] -> 0x1513
mem[X,0x00000000800324C6] -> 0x00B5
[7772] [M]: 0x00000000800324C4 (0x00B51513) slli a0, a0, 0xb
x10 <- 0x00000000002D4000
mem[X,0x00000000800324C8] -> 0x0513
mem[X,0x00000000800324CA] -> 0x13C5
[7773] [M]: 0x00000000800324C8 (0x13C50513) addi a0, a0, 0x13c
x10 <- 0x00000000002D413C
mem[X,0x00000000800324CC] -> 0x1513
mem[X,0x00000000800324CE] -> 0x00A5
[7774] [M]: 0x00000000800324CC (0x00A51513) slli a0, a0, 0xa
x10 <- 0x00000000B504F000
mem[X,0x00000000800324D0] -> 0x0513
mem[X,0x00000000800324D2] -> 0x3325
[7775] [M]: 0x00000000800324D0 (0x33250513) addi a0, a0, 0x332
x10 <- 0x00000000B504F332
mem[X,0x00000000800324D4] -> 0xB5B7
mem[X,0x00000000800324D6] -> 0xAAAA
[7776] [M]: 0x00000000800324D4 (0xAAAAB5B7) lui a1, -0x55555
x11 <- 0xFFFFFFFFAAAAB000
mem[X,0x00000000800324D8] -> 0x8593
mem[X,0x00000000800324DA] -> 0xAAA5
[7777] [M]: 0x00000000800324D8 (0xAAA58593) addi a1, a1, -0x556
x11 <- 0xFFFFFFFFAAAAAAAA
mem[X,0x00000000800324DC] -> 0x9593
mem[X,0x00000000800324DE] -> 0x00B5
[7778] [M]: 0x00000000800324DC (0x00B59593) slli a1, a1, 0xb
x11 <- 0xFFFFFD5555555000
mem[X,0x00000000800324E0] -> 0x8593
mem[X,0x00000000800324E2] -> 0x5555
[7779] [M]: 0x00000000800324E0 (0x55558593) addi a1, a1, 0x555
x11 <- 0xFFFFFD5555555555
mem[X,0x00000000800324E4] -> 0x9593
mem[X,0x00000000800324E6] -> 0x00B5
[7780] [M]: 0x00000000800324E4 (0x00B59593) slli a1, a1, 0xb
x11 <- 0xFFEAAAAAAAAAA800
mem[X,0x00000000800324E8] -> 0x8593
mem[X,0x00000000800324EA] -> 0x2AA5
[7781] [M]: 0x00000000800324E8 (0x2AA58593) addi a1, a1, 0x2aa
x11 <- 0xFFEAAAAAAAAAAAAA
mem[X,0x00000000800324EC] -> 0x9593
mem[X,0x00000000800324EE] -> 0x00A5
[7782] [M]: 0x00000000800324EC (0x00A59593) slli a1, a1, 0xa
x11 <- 0xAAAAAAAAAAAAA800
mem[X,0x00000000800324F0] -> 0x8593
mem[X,0x00000000800324F2] -> 0x2AB5
[7783] [M]: 0x00000000800324F0 (0x2AB58593) addi a1, a1, 0x2ab
x11 <- 0xAAAAAAAAAAAAAAAB
mem[X,0x00000000800324F4] -> 0x0113
mem[X,0x00000000800324F6] -> 0x0000
[7784] [M]: 0x00000000800324F4 (0x00000113) addi sp, zero, 0x0
x2 <- 0x0000000000000000
mem[X,0x00000000800324F8] -> 0x006F
mem[X,0x00000000800324FA] -> 0x00C0
[7785] [M]: 0x00000000800324F8 (0x00C0006F) jal zero, 0xc
mem[X,0x0000000080032504] -> 0x5CE3
mem[X,0x0000000080032506] -> 0xFEB5
[7786] [M]: 0x0000000080032504 (0xFEB55CE3) bge a0, a1, -0x8
mem[X,0x00000000800324FC] -> 0x0113
mem[X,0x00000000800324FE] -> 0x0011
[7787] [M]: 0x00000000800324FC (0x00110113) addi sp, sp, 0x1
x2 <- 0x0000000000000001
mem[X,0x0000000080032500] -> 0x006F
mem[X,0x0000000080032502] -> 0x0180
[7788] [M]: 0x0000000080032500 (0x0180006F) jal zero, 0x18
mem[X,0x0000000080032518] -> 0xBC23
mem[X,0x000000008003251A] -> 0x6C20
[7789] [M]: 0x0000000080032518 (0x6C20BC23) sd sp, 0x6d8(ra)
mem[0x00000000800490A8] <- 0x0000000000000001
mem[X,0x000000008003251C] -> 0x0537
mem[X,0x000000008003251E] -> 0x0000
[7790] [M]: 0x000000008003251C (0x00000537) lui a0, 0x0
x10 <- 0x0000000000000000
mem[X,0x0000000080032520] -> 0x0513
mem[X,0x0000000080032522] -> 0x0005
[7791] [M]: 0x0000000080032520 (0x00050513) addi a0, a0, 0x0
x10 <- 0x0000000000000000
mem[X,0x0000000080032524] -> 0x1513
mem[X,0x0000000080032526] -> 0x00B5
[7792] [M]: 0x0000000080032524 (0x00B51513) slli a0, a0, 0xb
x10 <- 0x0000000000000000
mem[X,0x0000000080032528] -> 0x0513
mem[X,0x000000008003252A] -> 0x5A85
[7793] [M]: 0x0000000080032528 (0x5A850513) addi a0, a0, 0x5a8
x10 <- 0x00000000000005A8
mem[X,0x000000008003252C] -> 0x1513
mem[X,0x000000008003252E] -> 0x00B5
[7794] [M]: 0x000000008003252C (0x00B51513) slli a0, a0, 0xb
x10 <- 0x00000000002D4000
mem[X,0x0000000080032530] -> 0x0513
mem[X,0x0000000080032532] -> 0x13C5
[7795] [M]: 0x0000000080032530 (0x13C50513) addi a0, a0, 0x13c
x10 <- 0x00000000002D413C
mem[X,0x0000000080032534] -> 0x1513
mem[X,0x0000000080032536] -> 0x00A5
[7796] [M]: 0x0000000080032534 (0x00A51513) slli a0, a0, 0xa
x10 <- 0x00000000B504F000
mem[X,0x0000000080032538] -> 0x0513
mem[X,0x000000008003253A] -> 0x3325
[7797] [M]: 0x0000000080032538 (0x33250513) addi a0, a0, 0x332
x10 <- 0x00000000B504F332
mem[X,0x000000008003253C] -> 0x0593
mem[X,0x000000008003253E] -> 0x0060
[7798] [M]: 0x000000008003253C (0x00600593) addi a1, zero, 0x6
x11 <- 0x0000000000000006
mem[X,0x0000000080032540] -> 0x0113
mem[X,0x0000000080032542] -> 0x0000
[7799] [M]: 0x0000000080032540 (0x00000113) addi sp, zero, 0x0
x2 <- 0x0000000000000000
clint::tick mtime <- 0x000000000000004E
 clint timer pending at mtime 0x000000000000004E
htif::tick 0x0000000000000000
mem[X,0x0000000080032544] -> 0x006F
mem[X,0x0000000080032546] -> 0x00C0
[7800] [M]: 0x0000000080032544 (0x00C0006F) jal zero, 0xc
mem[X,0x0000000080032550] -> 0x5863
mem[X,0x0000000080032552] -> 0x00B5
[7801] [M]: 0x0000000080032550 (0x00B55863) bge a0, a1, 0x10
mem[X,0x0000000080032560] -> 0x0113
mem[X,0x0000000080032562] -> 0x0031
[7802] [M]: 0x0000000080032560 (0x00310113) addi sp, sp, 0x3
x2 <- 0x0000000000000003
mem[X,0x0000000080032564] -> 0x006F
mem[X,0x0000000080032566] -> 0x0040
[7803] [M]: 0x0000000080032564 (0x0040006F) jal zero, 0x4
mem[X,0x0000000080032568] -> 0xB023
mem[X,0x000000008003256A] -> 0x6E20
[7804] [M]: 0x0000000080032568 (0x6E20B023) sd sp, 0x6e0(ra)
mem[0x00000000800490B0] <- 0x0000000000000003
mem[X,0x000000008003256C] -> 0x0537
mem[X,0x000000008003256E] -> 0x0000
[7805] [M]: 0x000000008003256C (0x00000537) lui a0, 0x0
x10 <- 0x0000000000000000
mem[X,0x0000000080032570] -> 0x0513
mem[X,0x0000000080032572] -> 0x0005
[7806] [M]: 0x0000000080032570 (0x00050513) addi a0, a0, 0x0
x10 <- 0x0000000000000000
mem[X,0x0000000080032574] -> 0x1513
mem[X,0x0000000080032576] -> 0x00B5
[7807] [M]: 0x0000000080032574 (0x00B51513) slli a0, a0, 0xb
x10 <- 0x0000000000000000
mem[X,0x0000000080032578] -> 0x0513
mem[X,0x000000008003257A] -> 0x5A85
[7808] [M]: 0x0000000080032578 (0x5A850513) addi a0, a0, 0x5a8
x10 <- 0x00000000000005A8
mem[X,0x000000008003257C] -> 0x1513
mem[X,0x000000008003257E] -> 0x00B5
[7809] [M]: 0x000000008003257C (0x00B51513) slli a0, a0, 0xb
x10 <- 0x00000000002D4000
mem[X,0x0000000080032580] -> 0x0513
mem[X,0x0000000080032582] -> 0x13C5
[7810] [M]: 0x0000000080032580 (0x13C50513) addi a0, a0, 0x13c
x10 <- 0x00000000002D413C
mem[X,0x0000000080032584] -> 0x1513
mem[X,0x0000000080032586] -> 0x00A5
[7811] [M]: 0x0000000080032584 (0x00A51513) slli a0, a0, 0xa
x10 <- 0x00000000B504F000
mem[X,0x0000000080032588] -> 0x0513
mem[X,0x000000008003258A] -> 0x3325
[7812] [M]: 0x0000000080032588 (0x33250513) addi a0, a0, 0x332
x10 <- 0x00000000B504F332
mem[X,0x000000008003258C] -> 0x35B7
mem[X,0x000000008003258E] -> 0x3333
[7813] [M]: 0x000000008003258C (0x333335B7) lui a1, 0x33333
x11 <- 0x0000000033333000
mem[X,0x0000000080032590] -> 0x8593
mem[X,0x0000000080032592] -> 0x3335
[7814] [M]: 0x0000000080032590 (0x33358593) addi a1, a1, 0x333
x11 <- 0x0000000033333333
mem[X,0x0000000080032594] -> 0x9593
mem[X,0x0000000080032596] -> 0x00B5
[7815] [M]: 0x0000000080032594 (0x00B59593) slli a1, a1, 0xb
x11 <- 0x0000019999999800
mem[X,0x0000000080032598] -> 0x8593
mem[X,0x000000008003259A] -> 0x1995
[7816] [M]: 0x0000000080032598 (0x19958593) addi a1, a1, 0x199
x11 <- 0x0000019999999999
mem[X,0x000000008003259C] -> 0x9593
mem[X,0x000000008003259E] -> 0x00B5
[7817] [M]: 0x000000008003259C (0x00B59593) slli a1, a1, 0xb
x11 <- 0x000CCCCCCCCCC800
mem[X,0x00000000800325A0] -> 0x8593
mem[X,0x00000000800325A2] -> 0x4CC5
[7818] [M]: 0x00000000800325A0 (0x4CC58593) addi a1, a1, 0x4cc
x11 <- 0x000CCCCCCCCCCCCC
mem[X,0x00000000800325A4] -> 0x9593
mem[X,0x00000000800325A6] -> 0x00A5
[7819] [M]: 0x00000000800325A4 (0x00A59593) slli a1, a1, 0xa
x11 <- 0x3333333333333000
mem[X,0x00000000800325A8] -> 0x8593
mem[X,0x00000000800325AA] -> 0x3345
[7820] [M]: 0x00000000800325A8 (0x33458593) addi a1, a1, 0x334
x11 <- 0x3333333333333334
mem[X,0x00000000800325AC] -> 0x0113
mem[X,0x00000000800325AE] -> 0x0000
[7821] [M]: 0x00000000800325AC (0x00000113) addi sp, zero, 0x0
x2 <- 0x0000000000000000
mem[X,0x00000000800325B0] -> 0x006F
mem[X,0x00000000800325B2] -> 0x00C0
[7822] [M]: 0x00000000800325B0 (0x00C0006F) jal zero, 0xc
mem[X,0x00000000800325BC] -> 0x5063
mem[X,0x00000000800325BE] -> 0x10B5
[7823] [M]: 0x00000000800325BC (0x10B55063) bge a0, a1, 0x100
mem[X,0x00000000800325C0] -> 0x0113
mem[X,0x00000000800325C2] -> 0x0021
[7824] [M]: 0x00000000800325C0 (0x00210113) addi sp, sp, 0x2
x2 <- 0x0000000000000002
mem[X,0x00000000800325C4] -> 0x006F
mem[X,0x00000000800325C6] -> 0x1000
[7825] [M]: 0x00000000800325C4 (0x1000006F) jal zero, 0x100
mem[X,0x00000000800326C4] -> 0xB423
mem[X,0x00000000800326C6] -> 0x6E20
[7826] [M]: 0x00000000800326C4 (0x6E20B423) sd sp, 0x6e8(ra)
mem[0x00000000800490B8] <- 0x0000000000000002
mem[X,0x00000000800326C8] -> 0x0537
mem[X,0x00000000800326CA] -> 0x0000
[7827] [M]: 0x00000000800326C8 (0x00000537) lui a0, 0x0
x10 <- 0x0000000000000000
mem[X,0x00000000800326CC] -> 0x0513
mem[X,0x00000000800326CE] -> 0x0005
[7828] [M]: 0x00000000800326CC (0x00050513) addi a0, a0, 0x0
x10 <- 0x0000000000000000
mem[X,0x00000000800326D0] -> 0x1513
mem[X,0x00000000800326D2] -> 0x00B5
[7829] [M]: 0x00000000800326D0 (0x00B51513) slli a0, a0, 0xb
x10 <- 0x0000000000000000
mem[X,0x00000000800326D4] -> 0x0513
mem[X,0x00000000800326D6] -> 0x5A85
[7830] [M]: 0x00000000800326D4 (0x5A850513) addi a0, a0, 0x5a8
x10 <- 0x00000000000005A8
mem[X,0x00000000800326D8] -> 0x1513
mem[X,0x00000000800326DA] -> 0x00B5
[7831] [M]: 0x00000000800326D8 (0x00B51513) slli a0, a0, 0xb
x10 <- 0x00000000002D4000
mem[X,0x00000000800326DC] -> 0x0513
mem[X,0x00000000800326DE] -> 0x13C5
[7832] [M]: 0x00000000800326DC (0x13C50513) addi a0, a0, 0x13c
x10 <- 0x00000000002D413C
mem[X,0x00000000800326E0] -> 0x1513
mem[X,0x00000000800326E2] -> 0x00A5
[7833] [M]: 0x00000000800326E0 (0x00A51513) slli a0, a0, 0xa
x10 <- 0x00000000B504F000
mem[X,0x00000000800326E4] -> 0x0513
mem[X,0x00000000800326E6] -> 0x3325
[7834] [M]: 0x00000000800326E4 (0x33250513) addi a0, a0, 0x332
x10 <- 0x00000000B504F332
mem[X,0x00000000800326E8] -> 0x65B7
mem[X,0x00000000800326EA] -> 0x6666
[7835] [M]: 0x00000000800326E8 (0x666665B7) lui a1, 0x66666
x11 <- 0x0000000066666000
mem[X,0x00000000800326EC] -> 0x8593
mem[X,0x00000000800326EE] -> 0x6665
[7836] [M]: 0x00000000800326EC (0x66658593) addi a1, a1, 0x666
x11 <- 0x0000000066666666
mem[X,0x00000000800326F0] -> 0x9593
mem[X,0x00000000800326F2] -> 0x00B5
[7837] [M]: 0x00000000800326F0 (0x00B59593) slli a1, a1, 0xb
x11 <- 0x0000033333333000
mem[X,0x00000000800326F4] -> 0x8593
mem[X,0x00000000800326F6] -> 0x3335
[7838] [M]: 0x00000000800326F4 (0x33358593) addi a1, a1, 0x333
x11 <- 0x0000033333333333
mem[X,0x00000000800326F8] -> 0x9593
mem[X,0x00000000800326FA] -> 0x00B5
[7839] [M]: 0x00000000800326F8 (0x00B59593) slli a1, a1, 0xb
x11 <- 0x0019999999999800
mem[X,0x00000000800326FC] -> 0x8593
mem[X,0x00000000800326FE] -> 0x1995
[7840] [M]: 0x00000000800326FC (0x19958593) addi a1, a1, 0x199
x11 <- 0x0019999999999999
mem[X,0x0000000080032700] -> 0x9593
mem[X,0x0000000080032702] -> 0x00A5
[7841] [M]: 0x0000000080032700 (0x00A59593) slli a1, a1, 0xa
x11 <- 0x6666666666666400
mem[X,0x0000000080032704] -> 0x8593
mem[X,0x0000000080032706] -> 0x2675
[7842] [M]: 0x0000000080032704 (0x26758593) addi a1, a1, 0x267
x11 <- 0x6666666666666667
mem[X,0x0000000080032708] -> 0x0113
mem[X,0x000000008003270A] -> 0x0000
[7843] [M]: 0x0000000080032708 (0x00000113) addi sp, zero, 0x0
x2 <- 0x0000000000000000
mem[X,0x000000008003270C] -> 0x006F
mem[X,0x000000008003270E] -> 0x00C0
[7844] [M]: 0x000000008003270C (0x00C0006F) jal zero, 0xc
mem[X,0x0000000080032718] -> 0x5063
mem[X,0x000000008003271A] -> 0x10B5
[7845] [M]: 0x0000000080032718 (0x10B55063) bge a0, a1, 0x100
mem[X,0x000000008003271C] -> 0x0113
mem[X,0x000000008003271E] -> 0x0021
[7846] [M]: 0x000000008003271C (0x00210113) addi sp, sp, 0x2
x2 <- 0x0000000000000002
mem[X,0x0000000080032720] -> 0x006F
mem[X,0x0000000080032722] -> 0x1000
[7847] [M]: 0x0000000080032720 (0x1000006F) jal zero, 0x100
mem[X,0x0000000080032820] -> 0xB823
mem[X,0x0000000080032822] -> 0x6E20
[7848] [M]: 0x0000000080032820 (0x6E20B823) sd sp, 0x6f0(ra)
mem[0x00000000800490C0] <- 0x0000000000000002
mem[X,0x0000000080032824] -> 0x0537
mem[X,0x0000000080032826] -> 0x0000
[7849] [M]: 0x0000000080032824 (0x00000537) lui a0, 0x0
x10 <- 0x0000000000000000
mem[X,0x0000000080032828] -> 0x0513
mem[X,0x000000008003282A] -> 0x0005
[7850] [M]: 0x0000000080032828 (0x00050513) addi a0, a0, 0x0
x10 <- 0x0000000000000000
mem[X,0x000000008003282C] -> 0x1513
mem[X,0x000000008003282E] -> 0x00B5
[7851] [M]: 0x000000008003282C (0x00B51513) slli a0, a0, 0xb
x10 <- 0x0000000000000000
mem[X,0x0000000080032830] -> 0x0513
mem[X,0x0000000080032832] -> 0x5A85
[7852] [M]: 0x0000000080032830 (0x5A850513) addi a0, a0, 0x5a8
x10 <- 0x00000000000005A8
mem[X,0x0000000080032834] -> 0x1513
mem[X,0x0000000080032836] -> 0x00B5
[7853] [M]: 0x0000000080032834 (0x00B51513) slli a0, a0, 0xb
x10 <- 0x00000000002D4000
mem[X,0x0000000080032838] -> 0x0513
mem[X,0x000000008003283A] -> 0x13C5
[7854] [M]: 0x0000000080032838 (0x13C50513) addi a0, a0, 0x13c
x10 <- 0x00000000002D413C
mem[X,0x000000008003283C] -> 0x1513
mem[X,0x000000008003283E] -> 0x00A5
[7855] [M]: 0x000000008003283C (0x00A51513) slli a0, a0, 0xa
x10 <- 0x00000000B504F000
mem[X,0x0000000080032840] -> 0x0513
mem[X,0x0000000080032842] -> 0x3325
[7856] [M]: 0x0000000080032840 (0x33250513) addi a0, a0, 0x332
x10 <- 0x00000000B504F332
mem[X,0x0000000080032844] -> 0x05B7
mem[X,0x0000000080032846] -> 0x0000
[7857] [M]: 0x0000000080032844 (0x000005B7) lui a1, 0x0
x11 <- 0x0000000000000000
mem[X,0x0000000080032848] -> 0x8593
mem[X,0x000000008003284A] -> 0xFFF5
[7858] [M]: 0x0000000080032848 (0xFFF58593) addi a1, a1, -0x1
x11 <- 0xFFFFFFFFFFFFFFFF
mem[X,0x000000008003284C] -> 0x9593
mem[X,0x000000008003284E] -> 0x00B5
[7859] [M]: 0x000000008003284C (0x00B59593) slli a1, a1, 0xb
x11 <- 0xFFFFFFFFFFFFF800
mem[X,0x0000000080032850] -> 0x8593
mem[X,0x0000000080032852] -> 0x2575
[7860] [M]: 0x0000000080032850 (0x25758593) addi a1, a1, 0x257
x11 <- 0xFFFFFFFFFFFFFA57
mem[X,0x0000000080032854] -> 0x9593
mem[X,0x0000000080032856] -> 0x00B5
[7861] [M]: 0x0000000080032854 (0x00B59593) slli a1, a1, 0xb
x11 <- 0xFFFFFFFFFFD2B800
mem[X,0x0000000080032858] -> 0x8593
mem[X,0x000000008003285A] -> 0x6C35
[7862] [M]: 0x0000000080032858 (0x6C358593) addi a1, a1, 0x6c3
x11 <- 0xFFFFFFFFFFD2BEC3
mem[X,0x000000008003285C] -> 0x9593
mem[X,0x000000008003285E] -> 0x00A5
[7863] [M]: 0x000000008003285C (0x00A59593) slli a1, a1, 0xa
x11 <- 0xFFFFFFFF4AFB0C00
mem[X,0x0000000080032860] -> 0x8593
mem[X,0x0000000080032862] -> 0x0CE5
[7864] [M]: 0x0000000080032860 (0x0CE58593) addi a1, a1, 0xce
x11 <- 0xFFFFFFFF4AFB0CCE
mem[X,0x0000000080032864] -> 0x0113
mem[X,0x0000000080032866] -> 0x0000
[7865] [M]: 0x0000000080032864 (0x00000113) addi sp, zero, 0x0
x2 <- 0x0000000000000000
mem[X,0x0000000080032868] -> 0x006F
mem[X,0x000000008003286A] -> 0x00C0
[7866] [M]: 0x0000000080032868 (0x00C0006F) jal zero, 0xc
mem[X,0x0000000080032874] -> 0x5063
mem[X,0x0000000080032876] -> 0x08B5
[7867] [M]: 0x0000000080032874 (0x08B55063) bge a0, a1, 0x80
mem[X,0x00000000800328F4] -> 0x0113
mem[X,0x00000000800328F6] -> 0x0031
[7868] [M]: 0x00000000800328F4 (0x00310113) addi sp, sp, 0x3
x2 <- 0x0000000000000003
mem[X,0x00000000800328F8] -> 0x006F
mem[X,0x00000000800328FA] -> 0x0040
[7869] [M]: 0x00000000800328F8 (0x0040006F) jal zero, 0x4
mem[X,0x00000000800328FC] -> 0xBC23
mem[X,0x00000000800328FE] -> 0x6E20
[7870] [M]: 0x00000000800328FC (0x6E20BC23) sd sp, 0x6f8(ra)
mem[0x00000000800490C8] <- 0x0000000000000003
mem[X,0x0000000080032900] -> 0x0537
mem[X,0x0000000080032902] -> 0x0000
[7871] [M]: 0x0000000080032900 (0x00000537) lui a0, 0x0
x10 <- 0x0000000000000000
mem[X,0x0000000080032904] -> 0x0513
mem[X,0x0000000080032906] -> 0x0005
[7872] [M]: 0x0000000080032904 (0x00050513) addi a0, a0, 0x0
x10 <- 0x0000000000000000
mem[X,0x0000000080032908] -> 0x1513
mem[X,0x000000008003290A] -> 0x00B5
[7873] [M]: 0x0000000080032908 (0x00B51513) slli a0, a0, 0xb
x10 <- 0x0000000000000000
mem[X,0x000000008003290C] -> 0x0513
mem[X,0x000000008003290E] -> 0x5A85
[7874] [M]: 0x000000008003290C (0x5A850513) addi a0, a0, 0x5a8
x10 <- 0x00000000000005A8
mem[X,0x0000000080032910] -> 0x1513
mem[X,0x0000000080032912] -> 0x00B5
[7875] [M]: 0x0000000080032910 (0x00B51513) slli a0, a0, 0xb
x10 <- 0x00000000002D4000
mem[X,0x0000000080032914] -> 0x0513
mem[X,0x0000000080032916] -> 0x13C5
[7876] [M]: 0x0000000080032914 (0x13C50513) addi a0, a0, 0x13c
x10 <- 0x00000000002D413C
mem[X,0x0000000080032918] -> 0x1513
mem[X,0x000000008003291A] -> 0x00A5
[7877] [M]: 0x0000000080032918 (0x00A51513) slli a0, a0, 0xa
x10 <- 0x00000000B504F000
mem[X,0x000000008003291C] -> 0x0513
mem[X,0x000000008003291E] -> 0x3325
[7878] [M]: 0x000000008003291C (0x33250513) addi a0, a0, 0x332
x10 <- 0x00000000B504F332
mem[X,0x0000000080032920] -> 0x05B7
mem[X,0x0000000080032922] -> 0x0000
[7879] [M]: 0x0000000080032920 (0x000005B7) lui a1, 0x0
x11 <- 0x0000000000000000
mem[X,0x0000000080032924] -> 0x8593
mem[X,0x0000000080032926] -> 0x0005
[7880] [M]: 0x0000000080032924 (0x00058593) addi a1, a1, 0x0
x11 <- 0x0000000000000000
mem[X,0x0000000080032928] -> 0x9593
mem[X,0x000000008003292A] -> 0x00B5
[7881] [M]: 0x0000000080032928 (0x00B59593) slli a1, a1, 0xb
x11 <- 0x0000000000000000
mem[X,0x000000008003292C] -> 0x8593
mem[X,0x000000008003292E] -> 0x5A85
[7882] [M]: 0x000000008003292C (0x5A858593) addi a1, a1, 0x5a8
x11 <- 0x00000000000005A8
mem[X,0x0000000080032930] -> 0x9593
mem[X,0x0000000080032932] -> 0x00B5
[7883] [M]: 0x0000000080032930 (0x00B59593) slli a1, a1, 0xb
x11 <- 0x00000000002D4000
mem[X,0x0000000080032934] -> 0x8593
mem[X,0x0000000080032936] -> 0x13C5
[7884] [M]: 0x0000000080032934 (0x13C58593) addi a1, a1, 0x13c
x11 <- 0x00000000002D413C
mem[X,0x0000000080032938] -> 0x9593
mem[X,0x000000008003293A] -> 0x00A5
[7885] [M]: 0x0000000080032938 (0x00A59593) slli a1, a1, 0xa
x11 <- 0x00000000B504F000
mem[X,0x000000008003293C] -> 0x8593
mem[X,0x000000008003293E] -> 0x3345
[7886] [M]: 0x000000008003293C (0x33458593) addi a1, a1, 0x334
x11 <- 0x00000000B504F334
mem[X,0x0000000080032940] -> 0x0113
mem[X,0x0000000080032942] -> 0x0000
[7887] [M]: 0x0000000080032940 (0x00000113) addi sp, zero, 0x0
x2 <- 0x0000000000000000
mem[X,0x0000000080032944] -> 0x006F
mem[X,0x0000000080032946] -> 0x2B10
[7888] [M]: 0x0000000080032944 (0x2B10006F) jal zero, 0xab0
mem[X,0x00000000800333F4] -> 0x5A63
mem[X,0x00000000800333F6] -> 0xD4B5
[7889] [M]: 0x00000000800333F4 (0xD4B55A63) bge a0, a1, -0xaac
mem[X,0x00000000800333F8] -> 0x0113
mem[X,0x00000000800333FA] -> 0x0021
[7890] [M]: 0x00000000800333F8 (0x00210113) addi sp, sp, 0x2
x2 <- 0x0000000000000002
mem[X,0x00000000800333FC] -> 0x006F
mem[X,0x00000000800333FE] -> 0x00C0
[7891] [M]: 0x00000000800333FC (0x00C0006F) jal zero, 0xc
mem[X,0x0000000080033408] -> 0xB023
mem[X,0x000000008003340A] -> 0x7020
[7892] [M]: 0x0000000080033408 (0x7020B023) sd sp, 0x700(ra)
mem[0x00000000800490D0] <- 0x0000000000000002
mem[X,0x000000008003340C] -> 0x5537
mem[X,0x000000008003340E] -> 0x5555
[7893] [M]: 0x000000008003340C (0x55555537) lui a0, 0x55555
x10 <- 0x0000000055555000
mem[X,0x0000000080033410] -> 0x0513
mem[X,0x0000000080033412] -> 0x5555
[7894] [M]: 0x0000000080033410 (0x55550513) addi a0, a0, 0x555
x10 <- 0x0000000055555555
mem[X,0x0000000080033414] -> 0x1513
mem[X,0x0000000080033416] -> 0x00B5
[7895] [M]: 0x0000000080033414 (0x00B51513) slli a0, a0, 0xb
x10 <- 0x000002AAAAAAA800
mem[X,0x0000000080033418] -> 0x0513
mem[X,0x000000008003341A] -> 0x2AA5
[7896] [M]: 0x0000000080033418 (0x2AA50513) addi a0, a0, 0x2aa
x10 <- 0x000002AAAAAAAAAA
mem[X,0x000000008003341C] -> 0x1513
mem[X,0x000000008003341E] -> 0x00B5
[7897] [M]: 0x000000008003341C (0x00B51513) slli a0, a0, 0xb
x10 <- 0x0015555555555000
mem[X,0x0000000080033420] -> 0x0513
mem[X,0x0000000080033422] -> 0x5555
[7898] [M]: 0x0000000080033420 (0x55550513) addi a0, a0, 0x555
x10 <- 0x0015555555555555
mem[X,0x0000000080033424] -> 0x1513
mem[X,0x0000000080033426] -> 0x00A5
[7899] [M]: 0x0000000080033424 (0x00A51513) slli a0, a0, 0xa
x10 <- 0x5555555555555400
clint::tick mtime <- 0x000000000000004F
 clint timer pending at mtime 0x000000000000004F
htif::tick 0x0000000000000000
mem[X,0x0000000080033428] -> 0x0513
mem[X,0x000000008003342A] -> 0x1565
[7900] [M]: 0x0000000080033428 (0x15650513) addi a0, a0, 0x156
x10 <- 0x5555555555555556
mem[X,0x000000008003342C] -> 0x0593
mem[X,0x000000008003342E] -> 0x0030
[7901] [M]: 0x000000008003342C (0x00300593) addi a1, zero, 0x3
x11 <- 0x0000000000000003
mem[X,0x0000000080033430] -> 0x0113
mem[X,0x0000000080033432] -> 0x0000
[7902] [M]: 0x0000000080033430 (0x00000113) addi sp, zero, 0x0
x2 <- 0x0000000000000000
mem[X,0x0000000080033434] -> 0x006F
mem[X,0x0000000080033436] -> 0x00C0
[7903] [M]: 0x0000000080033434 (0x00C0006F) jal zero, 0xc
mem[X,0x0000000080033440] -> 0x5063
mem[X,0x0000000080033442] -> 0x10B5
[7904] [M]: 0x0000000080033440 (0x10B55063) bge a0, a1, 0x100
mem[X,0x0000000080033540] -> 0x0113
mem[X,0x0000000080033542] -> 0x0031
[7905] [M]: 0x0000000080033540 (0x00310113) addi sp, sp, 0x3
x2 <- 0x0000000000000003
mem[X,0x0000000080033544] -> 0x006F
mem[X,0x0000000080033546] -> 0x0040
[7906] [M]: 0x0000000080033544 (0x0040006F) jal zero, 0x4
mem[X,0x0000000080033548] -> 0xB423
mem[X,0x000000008003354A] -> 0x7020
[7907] [M]: 0x0000000080033548 (0x7020B423) sd sp, 0x708(ra)
mem[0x00000000800490D8] <- 0x0000000000000003
mem[X,0x000000008003354C] -> 0x5537
mem[X,0x000000008003354E] -> 0x5555
[7908] [M]: 0x000000008003354C (0x55555537) lui a0, 0x55555
x10 <- 0x0000000055555000
mem[X,0x0000000080033550] -> 0x0513
mem[X,0x0000000080033552] -> 0x5555
[7909] [M]: 0x0000000080033550 (0x55550513) addi a0, a0, 0x555
x10 <- 0x0000000055555555
mem[X,0x0000000080033554] -> 0x1513
mem[X,0x0000000080033556] -> 0x00B5
[7910] [M]: 0x0000000080033554 (0x00B51513) slli a0, a0, 0xb
x10 <- 0x000002AAAAAAA800
mem[X,0x0000000080033558] -> 0x0513
mem[X,0x000000008003355A] -> 0x2AA5
[7911] [M]: 0x0000000080033558 (0x2AA50513) addi a0, a0, 0x2aa
x10 <- 0x000002AAAAAAAAAA
mem[X,0x000000008003355C] -> 0x1513
mem[X,0x000000008003355E] -> 0x00B5
[7912] [M]: 0x000000008003355C (0x00B51513) slli a0, a0, 0xb
x10 <- 0x0015555555555000
mem[X,0x0000000080033560] -> 0x0513
mem[X,0x0000000080033562] -> 0x5555
[7913] [M]: 0x0000000080033560 (0x55550513) addi a0, a0, 0x555
x10 <- 0x0015555555555555
mem[X,0x0000000080033564] -> 0x1513
mem[X,0x0000000080033566] -> 0x00A5
[7914] [M]: 0x0000000080033564 (0x00A51513) slli a0, a0, 0xa
x10 <- 0x5555555555555400
mem[X,0x0000000080033568] -> 0x0513
mem[X,0x000000008003356A] -> 0x1565
[7915] [M]: 0x0000000080033568 (0x15650513) addi a0, a0, 0x156
x10 <- 0x5555555555555556
mem[X,0x000000008003356C] -> 0x55B7
mem[X,0x000000008003356E] -> 0x5555
[7916] [M]: 0x000000008003356C (0x555555B7) lui a1, 0x55555
x11 <- 0x0000000055555000
mem[X,0x0000000080033570] -> 0x8593
mem[X,0x0000000080033572] -> 0x5555
[7917] [M]: 0x0000000080033570 (0x55558593) addi a1, a1, 0x555
x11 <- 0x0000000055555555
mem[X,0x0000000080033574] -> 0x9593
mem[X,0x0000000080033576] -> 0x00B5
[7918] [M]: 0x0000000080033574 (0x00B59593) slli a1, a1, 0xb
x11 <- 0x000002AAAAAAA800
mem[X,0x0000000080033578] -> 0x8593
mem[X,0x000000008003357A] -> 0x2AA5
[7919] [M]: 0x0000000080033578 (0x2AA58593) addi a1, a1, 0x2aa
x11 <- 0x000002AAAAAAAAAA
mem[X,0x000000008003357C] -> 0x9593
mem[X,0x000000008003357E] -> 0x00B5
[7920] [M]: 0x000000008003357C (0x00B59593) slli a1, a1, 0xb
x11 <- 0x0015555555555000
mem[X,0x0000000080033580] -> 0x8593
mem[X,0x0000000080033582] -> 0x5555
[7921] [M]: 0x0000000080033580 (0x55558593) addi a1, a1, 0x555
x11 <- 0x0015555555555555
mem[X,0x0000000080033584] -> 0x9593
mem[X,0x0000000080033586] -> 0x00A5
[7922] [M]: 0x0000000080033584 (0x00A59593) slli a1, a1, 0xa
x11 <- 0x5555555555555400
mem[X,0x0000000080033588] -> 0x8593
mem[X,0x000000008003358A] -> 0x1555
[7923] [M]: 0x0000000080033588 (0x15558593) addi a1, a1, 0x155
x11 <- 0x5555555555555555
mem[X,0x000000008003358C] -> 0x0113
mem[X,0x000000008003358E] -> 0x0000
[7924] [M]: 0x000000008003358C (0x00000113) addi sp, zero, 0x0
x2 <- 0x0000000000000000
mem[X,0x0000000080033590] -> 0x006F
mem[X,0x0000000080033592] -> 0x00C0
[7925] [M]: 0x0000000080033590 (0x00C0006F) jal zero, 0xc
mem[X,0x000000008003359C] -> 0x5063
mem[X,0x000000008003359E] -> 0x40B5
[7926] [M]: 0x000000008003359C (0x40B55063) bge a0, a1, 0x400
mem[X,0x000000008003399C] -> 0x0113
mem[X,0x000000008003399E] -> 0x0031
[7927] [M]: 0x000000008003399C (0x00310113) addi sp, sp, 0x3
x2 <- 0x0000000000000003
mem[X,0x00000000800339A0] -> 0x006F
mem[X,0x00000000800339A2] -> 0x0040
[7928] [M]: 0x00000000800339A0 (0x0040006F) jal zero, 0x4
mem[X,0x00000000800339A4] -> 0xB823
mem[X,0x00000000800339A6] -> 0x7020
[7929] [M]: 0x00000000800339A4 (0x7020B823) sd sp, 0x710(ra)
mem[0x00000000800490E0] <- 0x0000000000000003
mem[X,0x00000000800339A8] -> 0x5537
mem[X,0x00000000800339AA] -> 0x5555
[7930] [M]: 0x00000000800339A8 (0x55555537) lui a0, 0x55555
x10 <- 0x0000000055555000
mem[X,0x00000000800339AC] -> 0x0513
mem[X,0x00000000800339AE] -> 0x5555
[7931] [M]: 0x00000000800339AC (0x55550513) addi a0, a0, 0x555
x10 <- 0x0000000055555555
mem[X,0x00000000800339B0] -> 0x1513
mem[X,0x00000000800339B2] -> 0x00B5
[7932] [M]: 0x00000000800339B0 (0x00B51513) slli a0, a0, 0xb
x10 <- 0x000002AAAAAAA800
mem[X,0x00000000800339B4] -> 0x0513
mem[X,0x00000000800339B6] -> 0x2AA5
[7933] [M]: 0x00000000800339B4 (0x2AA50513) addi a0, a0, 0x2aa
x10 <- 0x000002AAAAAAAAAA
mem[X,0x00000000800339B8] -> 0x1513
mem[X,0x00000000800339BA] -> 0x00B5
[7934] [M]: 0x00000000800339B8 (0x00B51513) slli a0, a0, 0xb
x10 <- 0x0015555555555000
mem[X,0x00000000800339BC] -> 0x0513
mem[X,0x00000000800339BE] -> 0x5555
[7935] [M]: 0x00000000800339BC (0x55550513) addi a0, a0, 0x555
x10 <- 0x0015555555555555
mem[X,0x00000000800339C0] -> 0x1513
mem[X,0x00000000800339C2] -> 0x00A5
[7936] [M]: 0x00000000800339C0 (0x00A51513) slli a0, a0, 0xa
x10 <- 0x5555555555555400
mem[X,0x00000000800339C4] -> 0x0513
mem[X,0x00000000800339C6] -> 0x1565
[7937] [M]: 0x00000000800339C4 (0x15650513) addi a0, a0, 0x156
x10 <- 0x5555555555555556
mem[X,0x00000000800339C8] -> 0xB5B7
mem[X,0x00000000800339CA] -> 0xAAAA
[7938] [M]: 0x00000000800339C8 (0xAAAAB5B7) lui a1, -0x55555
x11 <- 0xFFFFFFFFAAAAB000
mem[X,0x00000000800339CC] -> 0x8593
mem[X,0x00000000800339CE] -> 0xAAA5
[7939] [M]: 0x00000000800339CC (0xAAA58593) addi a1, a1, -0x556
x11 <- 0xFFFFFFFFAAAAAAAA
mem[X,0x00000000800339D0] -> 0x9593
mem[X,0x00000000800339D2] -> 0x00B5
[7940] [M]: 0x00000000800339D0 (0x00B59593) slli a1, a1, 0xb
x11 <- 0xFFFFFD5555555000
mem[X,0x00000000800339D4] -> 0x8593
mem[X,0x00000000800339D6] -> 0x5555
[7941] [M]: 0x00000000800339D4 (0x55558593) addi a1, a1, 0x555
x11 <- 0xFFFFFD5555555555
mem[X,0x00000000800339D8] -> 0x9593
mem[X,0x00000000800339DA] -> 0x00B5
[7942] [M]: 0x00000000800339D8 (0x00B59593) slli a1, a1, 0xb
x11 <- 0xFFEAAAAAAAAAA800
mem[X,0x00000000800339DC] -> 0x8593
mem[X,0x00000000800339DE] -> 0x2AA5
[7943] [M]: 0x00000000800339DC (0x2AA58593) addi a1, a1, 0x2aa
x11 <- 0xFFEAAAAAAAAAAAAA
mem[X,0x00000000800339E0] -> 0x9593
mem[X,0x00000000800339E2] -> 0x00A5
[7944] [M]: 0x00000000800339E0 (0x00A59593) slli a1, a1, 0xa
x11 <- 0xAAAAAAAAAAAAA800
mem[X,0x00000000800339E4] -> 0x8593
mem[X,0x00000000800339E6] -> 0x2AA5
[7945] [M]: 0x00000000800339E4 (0x2AA58593) addi a1, a1, 0x2aa
x11 <- 0xAAAAAAAAAAAAAAAA
mem[X,0x00000000800339E8] -> 0x0113
mem[X,0x00000000800339EA] -> 0x0000
[7946] [M]: 0x00000000800339E8 (0x00000113) addi sp, zero, 0x0
x2 <- 0x0000000000000000
mem[X,0x00000000800339EC] -> 0x006F
mem[X,0x00000000800339EE] -> 0x00C0
[7947] [M]: 0x00000000800339EC (0x00C0006F) jal zero, 0xc
mem[X,0x00000000800339F8] -> 0x5063
mem[X,0x00000000800339FA] -> 0x20B5
[7948] [M]: 0x00000000800339F8 (0x20B55063) bge a0, a1, 0x200
mem[X,0x0000000080033BF8] -> 0x0113
mem[X,0x0000000080033BFA] -> 0x0031
[7949] [M]: 0x0000000080033BF8 (0x00310113) addi sp, sp, 0x3
x2 <- 0x0000000000000003
mem[X,0x0000000080033BFC] -> 0x006F
mem[X,0x0000000080033BFE] -> 0x0040
[7950] [M]: 0x0000000080033BFC (0x0040006F) jal zero, 0x4
mem[X,0x0000000080033C00] -> 0xBC23
mem[X,0x0000000080033C02] -> 0x7020
[7951] [M]: 0x0000000080033C00 (0x7020BC23) sd sp, 0x718(ra)
mem[0x00000000800490E8] <- 0x0000000000000003
mem[X,0x0000000080033C04] -> 0x5537
mem[X,0x0000000080033C06] -> 0x5555
[7952] [M]: 0x0000000080033C04 (0x55555537) lui a0, 0x55555
x10 <- 0x0000000055555000
mem[X,0x0000000080033C08] -> 0x0513
mem[X,0x0000000080033C0A] -> 0x5555
[7953] [M]: 0x0000000080033C08 (0x55550513) addi a0, a0, 0x555
x10 <- 0x0000000055555555
mem[X,0x0000000080033C0C] -> 0x1513
mem[X,0x0000000080033C0E] -> 0x00B5
[7954] [M]: 0x0000000080033C0C (0x00B51513) slli a0, a0, 0xb
x10 <- 0x000002AAAAAAA800
mem[X,0x0000000080033C10] -> 0x0513
mem[X,0x0000000080033C12] -> 0x2AA5
[7955] [M]: 0x0000000080033C10 (0x2AA50513) addi a0, a0, 0x2aa
x10 <- 0x000002AAAAAAAAAA
mem[X,0x0000000080033C14] -> 0x1513
mem[X,0x0000000080033C16] -> 0x00B5
[7956] [M]: 0x0000000080033C14 (0x00B51513) slli a0, a0, 0xb
x10 <- 0x0015555555555000
mem[X,0x0000000080033C18] -> 0x0513
mem[X,0x0000000080033C1A] -> 0x5555
[7957] [M]: 0x0000000080033C18 (0x55550513) addi a0, a0, 0x555
x10 <- 0x0015555555555555
mem[X,0x0000000080033C1C] -> 0x1513
mem[X,0x0000000080033C1E] -> 0x00A5
[7958] [M]: 0x0000000080033C1C (0x00A51513) slli a0, a0, 0xa
x10 <- 0x5555555555555400
mem[X,0x0000000080033C20] -> 0x0513
mem[X,0x0000000080033C22] -> 0x1565
[7959] [M]: 0x0000000080033C20 (0x15650513) addi a0, a0, 0x156
x10 <- 0x5555555555555556
mem[X,0x0000000080033C24] -> 0x0593
mem[X,0x0000000080033C26] -> 0x0050
[7960] [M]: 0x0000000080033C24 (0x00500593) addi a1, zero, 0x5
x11 <- 0x0000000000000005
mem[X,0x0000000080033C28] -> 0x0113
mem[X,0x0000000080033C2A] -> 0x0000
[7961] [M]: 0x0000000080033C28 (0x00000113) addi sp, zero, 0x0
x2 <- 0x0000000000000000
mem[X,0x0000000080033C2C] -> 0x006F
mem[X,0x0000000080033C2E] -> 0x00C0
[7962] [M]: 0x0000000080033C2C (0x00C0006F) jal zero, 0xc
mem[X,0x0000000080033C38] -> 0x5063
mem[X,0x0000000080033C3A] -> 0x04B5
[7963] [M]: 0x0000000080033C38 (0x04B55063) bge a0, a1, 0x40
mem[X,0x0000000080033C78] -> 0x0113
mem[X,0x0000000080033C7A] -> 0x0031
[7964] [M]: 0x0000000080033C78 (0x00310113) addi sp, sp, 0x3
x2 <- 0x0000000000000003
mem[X,0x0000000080033C7C] -> 0x006F
mem[X,0x0000000080033C7E] -> 0x0040
[7965] [M]: 0x0000000080033C7C (0x0040006F) jal zero, 0x4
mem[X,0x0000000080033C80] -> 0xB023
mem[X,0x0000000080033C82] -> 0x7220
[7966] [M]: 0x0000000080033C80 (0x7220B023) sd sp, 0x720(ra)
mem[0x00000000800490F0] <- 0x0000000000000003
mem[X,0x0000000080033C84] -> 0x5537
mem[X,0x0000000080033C86] -> 0x5555
[7967] [M]: 0x0000000080033C84 (0x55555537) lui a0, 0x55555
x10 <- 0x0000000055555000
mem[X,0x0000000080033C88] -> 0x0513
mem[X,0x0000000080033C8A] -> 0x5555
[7968] [M]: 0x0000000080033C88 (0x55550513) addi a0, a0, 0x555
x10 <- 0x0000000055555555
mem[X,0x0000000080033C8C] -> 0x1513
mem[X,0x0000000080033C8E] -> 0x00B5
[7969] [M]: 0x0000000080033C8C (0x00B51513) slli a0, a0, 0xb
x10 <- 0x000002AAAAAAA800
mem[X,0x0000000080033C90] -> 0x0513
mem[X,0x0000000080033C92] -> 0x2AA5
[7970] [M]: 0x0000000080033C90 (0x2AA50513) addi a0, a0, 0x2aa
x10 <- 0x000002AAAAAAAAAA
mem[X,0x0000000080033C94] -> 0x1513
mem[X,0x0000000080033C96] -> 0x00B5
[7971] [M]: 0x0000000080033C94 (0x00B51513) slli a0, a0, 0xb
x10 <- 0x0015555555555000
mem[X,0x0000000080033C98] -> 0x0513
mem[X,0x0000000080033C9A] -> 0x5555
[7972] [M]: 0x0000000080033C98 (0x55550513) addi a0, a0, 0x555
x10 <- 0x0015555555555555
mem[X,0x0000000080033C9C] -> 0x1513
mem[X,0x0000000080033C9E] -> 0x00A5
[7973] [M]: 0x0000000080033C9C (0x00A51513) slli a0, a0, 0xa
x10 <- 0x5555555555555400
mem[X,0x0000000080033CA0] -> 0x0513
mem[X,0x0000000080033CA2] -> 0x1565
[7974] [M]: 0x0000000080033CA0 (0x15650513) addi a0, a0, 0x156
x10 <- 0x5555555555555556
mem[X,0x0000000080033CA4] -> 0x35B7
mem[X,0x0000000080033CA6] -> 0x3333
[7975] [M]: 0x0000000080033CA4 (0x333335B7) lui a1, 0x33333
x11 <- 0x0000000033333000
mem[X,0x0000000080033CA8] -> 0x8593
mem[X,0x0000000080033CAA] -> 0x3335
[7976] [M]: 0x0000000080033CA8 (0x33358593) addi a1, a1, 0x333
x11 <- 0x0000000033333333
mem[X,0x0000000080033CAC] -> 0x9593
mem[X,0x0000000080033CAE] -> 0x00B5
[7977] [M]: 0x0000000080033CAC (0x00B59593) slli a1, a1, 0xb
x11 <- 0x0000019999999800
mem[X,0x0000000080033CB0] -> 0x8593
mem[X,0x0000000080033CB2] -> 0x1995
[7978] [M]: 0x0000000080033CB0 (0x19958593) addi a1, a1, 0x199
x11 <- 0x0000019999999999
mem[X,0x0000000080033CB4] -> 0x9593
mem[X,0x0000000080033CB6] -> 0x00B5
[7979] [M]: 0x0000000080033CB4 (0x00B59593) slli a1, a1, 0xb
x11 <- 0x000CCCCCCCCCC800
mem[X,0x0000000080033CB8] -> 0x8593
mem[X,0x0000000080033CBA] -> 0x4CC5
[7980] [M]: 0x0000000080033CB8 (0x4CC58593) addi a1, a1, 0x4cc
x11 <- 0x000CCCCCCCCCCCCC
mem[X,0x0000000080033CBC] -> 0x9593
mem[X,0x0000000080033CBE] -> 0x00A5
[7981] [M]: 0x0000000080033CBC (0x00A59593) slli a1, a1, 0xa
x11 <- 0x3333333333333000
mem[X,0x0000000080033CC0] -> 0x8593
mem[X,0x0000000080033CC2] -> 0x3335
[7982] [M]: 0x0000000080033CC0 (0x33358593) addi a1, a1, 0x333
x11 <- 0x3333333333333333
mem[X,0x0000000080033CC4] -> 0x0113
mem[X,0x0000000080033CC6] -> 0x0000
[7983] [M]: 0x0000000080033CC4 (0x00000113) addi sp, zero, 0x0
x2 <- 0x0000000000000000
mem[X,0x0000000080033CC8] -> 0x006F
mem[X,0x0000000080033CCA] -> 0x0100
[7984] [M]: 0x0000000080033CC8 (0x0100006F) jal zero, 0x10
mem[X,0x0000000080033CD8] -> 0x5AE3
mem[X,0x0000000080033CDA] -> 0xFEB5
[7985] [M]: 0x0000000080033CD8 (0xFEB55AE3) bge a0, a1, -0xc
mem[X,0x0000000080033CCC] -> 0x0113
mem[X,0x0000000080033CCE] -> 0x0011
[7986] [M]: 0x0000000080033CCC (0x00110113) addi sp, sp, 0x1
x2 <- 0x0000000000000001
mem[X,0x0000000080033CD0] -> 0x006F
mem[X,0x0000000080033CD2] -> 0x01C0
[7987] [M]: 0x0000000080033CD0 (0x01C0006F) jal zero, 0x1c
mem[X,0x0000000080033CEC] -> 0xB423
mem[X,0x0000000080033CEE] -> 0x7220
[7988] [M]: 0x0000000080033CEC (0x7220B423) sd sp, 0x728(ra)
mem[0x00000000800490F8] <- 0x0000000000000001
mem[X,0x0000000080033CF0] -> 0x5537
mem[X,0x0000000080033CF2] -> 0x5555
[7989] [M]: 0x0000000080033CF0 (0x55555537) lui a0, 0x55555
x10 <- 0x0000000055555000
mem[X,0x0000000080033CF4] -> 0x0513
mem[X,0x0000000080033CF6] -> 0x5555
[7990] [M]: 0x0000000080033CF4 (0x55550513) addi a0, a0, 0x555
x10 <- 0x0000000055555555
mem[X,0x0000000080033CF8] -> 0x1513
mem[X,0x0000000080033CFA] -> 0x00B5
[7991] [M]: 0x0000000080033CF8 (0x00B51513) slli a0, a0, 0xb
x10 <- 0x000002AAAAAAA800
mem[X,0x0000000080033CFC] -> 0x0513
mem[X,0x0000000080033CFE] -> 0x2AA5
[7992] [M]: 0x0000000080033CFC (0x2AA50513) addi a0, a0, 0x2aa
x10 <- 0x000002AAAAAAAAAA
mem[X,0x0000000080033D00] -> 0x1513
mem[X,0x0000000080033D02] -> 0x00B5
[7993] [M]: 0x0000000080033D00 (0x00B51513) slli a0, a0, 0xb
x10 <- 0x0015555555555000
mem[X,0x0000000080033D04] -> 0x0513
mem[X,0x0000000080033D06] -> 0x5555
[7994] [M]: 0x0000000080033D04 (0x55550513) addi a0, a0, 0x555
x10 <- 0x0015555555555555
mem[X,0x0000000080033D08] -> 0x1513
mem[X,0x0000000080033D0A] -> 0x00A5
[7995] [M]: 0x0000000080033D08 (0x00A51513) slli a0, a0, 0xa
x10 <- 0x5555555555555400
mem[X,0x0000000080033D0C] -> 0x0513
mem[X,0x0000000080033D0E] -> 0x1565
[7996] [M]: 0x0000000080033D0C (0x15650513) addi a0, a0, 0x156
x10 <- 0x5555555555555556
mem[X,0x0000000080033D10] -> 0x65B7
mem[X,0x0000000080033D12] -> 0x6666
[7997] [M]: 0x0000000080033D10 (0x666665B7) lui a1, 0x66666
x11 <- 0x0000000066666000
mem[X,0x0000000080033D14] -> 0x8593
mem[X,0x0000000080033D16] -> 0x6665
[7998] [M]: 0x0000000080033D14 (0x66658593) addi a1, a1, 0x666
x11 <- 0x0000000066666666
mem[X,0x0000000080033D18] -> 0x9593
mem[X,0x0000000080033D1A] -> 0x00B5
[7999] [M]: 0x0000000080033D18 (0x00B59593) slli a1, a1, 0xb
x11 <- 0x0000033333333000
clint::tick mtime <- 0x0000000000000050
 clint timer pending at mtime 0x0000000000000050
htif::tick 0x0000000000000000
mem[X,0x0000000080033D1C] -> 0x8593
mem[X,0x0000000080033D1E] -> 0x3335
[8000] [M]: 0x0000000080033D1C (0x33358593) addi a1, a1, 0x333
x11 <- 0x0000033333333333
mem[X,0x0000000080033D20] -> 0x9593
mem[X,0x0000000080033D22] -> 0x00B5
[8001] [M]: 0x0000000080033D20 (0x00B59593) slli a1, a1, 0xb
x11 <- 0x0019999999999800
mem[X,0x0000000080033D24] -> 0x8593
mem[X,0x0000000080033D26] -> 0x1995
[8002] [M]: 0x0000000080033D24 (0x19958593) addi a1, a1, 0x199
x11 <- 0x0019999999999999
mem[X,0x0000000080033D28] -> 0x9593
mem[X,0x0000000080033D2A] -> 0x00A5
[8003] [M]: 0x0000000080033D28 (0x00A59593) slli a1, a1, 0xa
x11 <- 0x6666666666666400
mem[X,0x0000000080033D2C] -> 0x8593
mem[X,0x0000000080033D2E] -> 0x2665
[8004] [M]: 0x0000000080033D2C (0x26658593) addi a1, a1, 0x266
x11 <- 0x6666666666666666
mem[X,0x0000000080033D30] -> 0x0113
mem[X,0x0000000080033D32] -> 0x0000
[8005] [M]: 0x0000000080033D30 (0x00000113) addi sp, zero, 0x0
x2 <- 0x0000000000000000
mem[X,0x0000000080033D34] -> 0x006F
mem[X,0x0000000080033D36] -> 0x0100
[8006] [M]: 0x0000000080033D34 (0x0100006F) jal zero, 0x10
mem[X,0x0000000080033D44] -> 0x5AE3
mem[X,0x0000000080033D46] -> 0xFEB5
[8007] [M]: 0x0000000080033D44 (0xFEB55AE3) bge a0, a1, -0xc
mem[X,0x0000000080033D48] -> 0x0113
mem[X,0x0000000080033D4A] -> 0x0021
[8008] [M]: 0x0000000080033D48 (0x00210113) addi sp, sp, 0x2
x2 <- 0x0000000000000002
mem[X,0x0000000080033D4C] -> 0x006F
mem[X,0x0000000080033D4E] -> 0x00C0
[8009] [M]: 0x0000000080033D4C (0x00C0006F) jal zero, 0xc
mem[X,0x0000000080033D58] -> 0xB823
mem[X,0x0000000080033D5A] -> 0x7220
[8010] [M]: 0x0000000080033D58 (0x7220B823) sd sp, 0x730(ra)
mem[0x0000000080049100] <- 0x0000000000000002
mem[X,0x0000000080033D5C] -> 0x5537
mem[X,0x0000000080033D5E] -> 0x5555
[8011] [M]: 0x0000000080033D5C (0x55555537) lui a0, 0x55555
x10 <- 0x0000000055555000
mem[X,0x0000000080033D60] -> 0x0513
mem[X,0x0000000080033D62] -> 0x5555
[8012] [M]: 0x0000000080033D60 (0x55550513) addi a0, a0, 0x555
x10 <- 0x0000000055555555
mem[X,0x0000000080033D64] -> 0x1513
mem[X,0x0000000080033D66] -> 0x00B5
[8013] [M]: 0x0000000080033D64 (0x00B51513) slli a0, a0, 0xb
x10 <- 0x000002AAAAAAA800
mem[X,0x0000000080033D68] -> 0x0513
mem[X,0x0000000080033D6A] -> 0x2AA5
[8014] [M]: 0x0000000080033D68 (0x2AA50513) addi a0, a0, 0x2aa
x10 <- 0x000002AAAAAAAAAA
mem[X,0x0000000080033D6C] -> 0x1513
mem[X,0x0000000080033D6E] -> 0x00B5
[8015] [M]: 0x0000000080033D6C (0x00B51513) slli a0, a0, 0xb
x10 <- 0x0015555555555000
mem[X,0x0000000080033D70] -> 0x0513
mem[X,0x0000000080033D72] -> 0x5555
[8016] [M]: 0x0000000080033D70 (0x55550513) addi a0, a0, 0x555
x10 <- 0x0015555555555555
mem[X,0x0000000080033D74] -> 0x1513
mem[X,0x0000000080033D76] -> 0x00A5
[8017] [M]: 0x0000000080033D74 (0x00A51513) slli a0, a0, 0xa
x10 <- 0x5555555555555400
mem[X,0x0000000080033D78] -> 0x0513
mem[X,0x0000000080033D7A] -> 0x1565
[8018] [M]: 0x0000000080033D78 (0x15650513) addi a0, a0, 0x156
x10 <- 0x5555555555555556
mem[X,0x0000000080033D7C] -> 0x05B7
mem[X,0x0000000080033D7E] -> 0x0000
[8019] [M]: 0x0000000080033D7C (0x000005B7) lui a1, 0x0
x11 <- 0x0000000000000000
mem[X,0x0000000080033D80] -> 0x8593
mem[X,0x0000000080033D82] -> 0xFFF5
[8020] [M]: 0x0000000080033D80 (0xFFF58593) addi a1, a1, -0x1
x11 <- 0xFFFFFFFFFFFFFFFF
mem[X,0x0000000080033D84] -> 0x9593
mem[X,0x0000000080033D86] -> 0x00B5
[8021] [M]: 0x0000000080033D84 (0x00B59593) slli a1, a1, 0xb
x11 <- 0xFFFFFFFFFFFFF800
mem[X,0x0000000080033D88] -> 0x8593
mem[X,0x0000000080033D8A] -> 0x2575
[8022] [M]: 0x0000000080033D88 (0x25758593) addi a1, a1, 0x257
x11 <- 0xFFFFFFFFFFFFFA57
mem[X,0x0000000080033D8C] -> 0x9593
mem[X,0x0000000080033D8E] -> 0x00B5
[8023] [M]: 0x0000000080033D8C (0x00B59593) slli a1, a1, 0xb
x11 <- 0xFFFFFFFFFFD2B800
mem[X,0x0000000080033D90] -> 0x8593
mem[X,0x0000000080033D92] -> 0x6C35
[8024] [M]: 0x0000000080033D90 (0x6C358593) addi a1, a1, 0x6c3
x11 <- 0xFFFFFFFFFFD2BEC3
mem[X,0x0000000080033D94] -> 0x9593
mem[X,0x0000000080033D96] -> 0x00A5
[8025] [M]: 0x0000000080033D94 (0x00A59593) slli a1, a1, 0xa
x11 <- 0xFFFFFFFF4AFB0C00
mem[X,0x0000000080033D98] -> 0x8593
mem[X,0x0000000080033D9A] -> 0x0CD5
[8026] [M]: 0x0000000080033D98 (0x0CD58593) addi a1, a1, 0xcd
x11 <- 0xFFFFFFFF4AFB0CCD
mem[X,0x0000000080033D9C] -> 0x0113
mem[X,0x0000000080033D9E] -> 0x0000
[8027] [M]: 0x0000000080033D9C (0x00000113) addi sp, zero, 0x0
x2 <- 0x0000000000000000
mem[X,0x0000000080033DA0] -> 0x006F
mem[X,0x0000000080033DA2] -> 0x00C0
[8028] [M]: 0x0000000080033DA0 (0x00C0006F) jal zero, 0xc
mem[X,0x0000000080033DAC] -> 0x5063
mem[X,0x0000000080033DAE] -> 0x10B5
[8029] [M]: 0x0000000080033DAC (0x10B55063) bge a0, a1, 0x100
mem[X,0x0000000080033EAC] -> 0x0113
mem[X,0x0000000080033EAE] -> 0x0031
[8030] [M]: 0x0000000080033EAC (0x00310113) addi sp, sp, 0x3
x2 <- 0x0000000000000003
mem[X,0x0000000080033EB0] -> 0x006F
mem[X,0x0000000080033EB2] -> 0x0040
[8031] [M]: 0x0000000080033EB0 (0x0040006F) jal zero, 0x4
mem[X,0x0000000080033EB4] -> 0xBC23
mem[X,0x0000000080033EB6] -> 0x7220
[8032] [M]: 0x0000000080033EB4 (0x7220BC23) sd sp, 0x738(ra)
mem[0x0000000080049108] <- 0x0000000000000003
mem[X,0x0000000080033EB8] -> 0x5537
mem[X,0x0000000080033EBA] -> 0x5555
[8033] [M]: 0x0000000080033EB8 (0x55555537) lui a0, 0x55555
x10 <- 0x0000000055555000
mem[X,0x0000000080033EBC] -> 0x0513
mem[X,0x0000000080033EBE] -> 0x5555
[8034] [M]: 0x0000000080033EBC (0x55550513) addi a0, a0, 0x555
x10 <- 0x0000000055555555
mem[X,0x0000000080033EC0] -> 0x1513
mem[X,0x0000000080033EC2] -> 0x00B5
[8035] [M]: 0x0000000080033EC0 (0x00B51513) slli a0, a0, 0xb
x10 <- 0x000002AAAAAAA800
mem[X,0x0000000080033EC4] -> 0x0513
mem[X,0x0000000080033EC6] -> 0x2AA5
[8036] [M]: 0x0000000080033EC4 (0x2AA50513) addi a0, a0, 0x2aa
x10 <- 0x000002AAAAAAAAAA
mem[X,0x0000000080033EC8] -> 0x1513
mem[X,0x0000000080033ECA] -> 0x00B5
[8037] [M]: 0x0000000080033EC8 (0x00B51513) slli a0, a0, 0xb
x10 <- 0x0015555555555000
mem[X,0x0000000080033ECC] -> 0x0513
mem[X,0x0000000080033ECE] -> 0x5555
[8038] [M]: 0x0000000080033ECC (0x55550513) addi a0, a0, 0x555
x10 <- 0x0015555555555555
mem[X,0x0000000080033ED0] -> 0x1513
mem[X,0x0000000080033ED2] -> 0x00A5
[8039] [M]: 0x0000000080033ED0 (0x00A51513) slli a0, a0, 0xa
x10 <- 0x5555555555555400
mem[X,0x0000000080033ED4] -> 0x0513
mem[X,0x0000000080033ED6] -> 0x1565
[8040] [M]: 0x0000000080033ED4 (0x15650513) addi a0, a0, 0x156
x10 <- 0x5555555555555556
mem[X,0x0000000080033ED8] -> 0x05B7
mem[X,0x0000000080033EDA] -> 0x0000
[8041] [M]: 0x0000000080033ED8 (0x000005B7) lui a1, 0x0
x11 <- 0x0000000000000000
mem[X,0x0000000080033EDC] -> 0x8593
mem[X,0x0000000080033EDE] -> 0x0005
[8042] [M]: 0x0000000080033EDC (0x00058593) addi a1, a1, 0x0
x11 <- 0x0000000000000000
mem[X,0x0000000080033EE0] -> 0x9593
mem[X,0x0000000080033EE2] -> 0x00B5
[8043] [M]: 0x0000000080033EE0 (0x00B59593) slli a1, a1, 0xb
x11 <- 0x0000000000000000
mem[X,0x0000000080033EE4] -> 0x8593
mem[X,0x0000000080033EE6] -> 0x5A85
[8044] [M]: 0x0000000080033EE4 (0x5A858593) addi a1, a1, 0x5a8
x11 <- 0x00000000000005A8
mem[X,0x0000000080033EE8] -> 0x9593
mem[X,0x0000000080033EEA] -> 0x00B5
[8045] [M]: 0x0000000080033EE8 (0x00B59593) slli a1, a1, 0xb
x11 <- 0x00000000002D4000
mem[X,0x0000000080033EEC] -> 0x8593
mem[X,0x0000000080033EEE] -> 0x13C5
[8046] [M]: 0x0000000080033EEC (0x13C58593) addi a1, a1, 0x13c
x11 <- 0x00000000002D413C
mem[X,0x0000000080033EF0] -> 0x9593
mem[X,0x0000000080033EF2] -> 0x00A5
[8047] [M]: 0x0000000080033EF0 (0x00A59593) slli a1, a1, 0xa
x11 <- 0x00000000B504F000
mem[X,0x0000000080033EF4] -> 0x8593
mem[X,0x0000000080033EF6] -> 0x3335
[8048] [M]: 0x0000000080033EF4 (0x33358593) addi a1, a1, 0x333
x11 <- 0x00000000B504F333
mem[X,0x0000000080033EF8] -> 0x0113
mem[X,0x0000000080033EFA] -> 0x0000
[8049] [M]: 0x0000000080033EF8 (0x00000113) addi sp, zero, 0x0
x2 <- 0x0000000000000000
mem[X,0x0000000080033EFC] -> 0x006F
mem[X,0x0000000080033EFE] -> 0x00C0
[8050] [M]: 0x0000000080033EFC (0x00C0006F) jal zero, 0xc
mem[X,0x0000000080033F08] -> 0x5663
mem[X,0x0000000080033F0A] -> 0x00B5
[8051] [M]: 0x0000000080033F08 (0x00B55663) bge a0, a1, 0xc
mem[X,0x0000000080033F14] -> 0x0113
mem[X,0x0000000080033F16] -> 0x0031
[8052] [M]: 0x0000000080033F14 (0x00310113) addi sp, sp, 0x3
x2 <- 0x0000000000000003
mem[X,0x0000000080033F18] -> 0x006F
mem[X,0x0000000080033F1A] -> 0x0040
[8053] [M]: 0x0000000080033F18 (0x0040006F) jal zero, 0x4
mem[X,0x0000000080033F1C] -> 0xB023
mem[X,0x0000000080033F1E] -> 0x7420
[8054] [M]: 0x0000000080033F1C (0x7420B023) sd sp, 0x740(ra)
mem[0x0000000080049110] <- 0x0000000000000003
mem[X,0x0000000080033F20] -> 0x5537
mem[X,0x0000000080033F22] -> 0x5555
[8055] [M]: 0x0000000080033F20 (0x55555537) lui a0, 0x55555
x10 <- 0x0000000055555000
mem[X,0x0000000080033F24] -> 0x0513
mem[X,0x0000000080033F26] -> 0x5555
[8056] [M]: 0x0000000080033F24 (0x55550513) addi a0, a0, 0x555
x10 <- 0x0000000055555555
mem[X,0x0000000080033F28] -> 0x1513
mem[X,0x0000000080033F2A] -> 0x00B5
[8057] [M]: 0x0000000080033F28 (0x00B51513) slli a0, a0, 0xb
x10 <- 0x000002AAAAAAA800
mem[X,0x0000000080033F2C] -> 0x0513
mem[X,0x0000000080033F2E] -> 0x2AA5
[8058] [M]: 0x0000000080033F2C (0x2AA50513) addi a0, a0, 0x2aa
x10 <- 0x000002AAAAAAAAAA
mem[X,0x0000000080033F30] -> 0x1513
mem[X,0x0000000080033F32] -> 0x00B5
[8059] [M]: 0x0000000080033F30 (0x00B51513) slli a0, a0, 0xb
x10 <- 0x0015555555555000
mem[X,0x0000000080033F34] -> 0x0513
mem[X,0x0000000080033F36] -> 0x5555
[8060] [M]: 0x0000000080033F34 (0x55550513) addi a0, a0, 0x555
x10 <- 0x0015555555555555
mem[X,0x0000000080033F38] -> 0x1513
mem[X,0x0000000080033F3A] -> 0x00A5
[8061] [M]: 0x0000000080033F38 (0x00A51513) slli a0, a0, 0xa
x10 <- 0x5555555555555400
mem[X,0x0000000080033F3C] -> 0x0513
mem[X,0x0000000080033F3E] -> 0x1565
[8062] [M]: 0x0000000080033F3C (0x15650513) addi a0, a0, 0x156
x10 <- 0x5555555555555556
mem[X,0x0000000080033F40] -> 0x0593
mem[X,0x0000000080033F42] -> 0x0020
[8063] [M]: 0x0000000080033F40 (0x00200593) addi a1, zero, 0x2
x11 <- 0x0000000000000002
mem[X,0x0000000080033F44] -> 0x0113
mem[X,0x0000000080033F46] -> 0x0000
[8064] [M]: 0x0000000080033F44 (0x00000113) addi sp, zero, 0x0
x2 <- 0x0000000000000000
mem[X,0x0000000080033F48] -> 0x006F
mem[X,0x0000000080033F4A] -> 0x0180
[8065] [M]: 0x0000000080033F48 (0x0180006F) jal zero, 0x18
mem[X,0x0000000080033F60] -> 0x56E3
mem[X,0x0000000080033F62] -> 0xFEB5
[8066] [M]: 0x0000000080033F60 (0xFEB556E3) bge a0, a1, -0x14
mem[X,0x0000000080033F4C] -> 0x0113
mem[X,0x0000000080033F4E] -> 0x0011
[8067] [M]: 0x0000000080033F4C (0x00110113) addi sp, sp, 0x1
x2 <- 0x0000000000000001
mem[X,0x0000000080033F50] -> 0x006F
mem[X,0x0000000080033F52] -> 0x0240
[8068] [M]: 0x0000000080033F50 (0x0240006F) jal zero, 0x24
mem[X,0x0000000080033F74] -> 0xB423
mem[X,0x0000000080033F76] -> 0x7420
[8069] [M]: 0x0000000080033F74 (0x7420B423) sd sp, 0x748(ra)
mem[0x0000000080049118] <- 0x0000000000000001
mem[X,0x0000000080033F78] -> 0x5537
mem[X,0x0000000080033F7A] -> 0x5555
[8070] [M]: 0x0000000080033F78 (0x55555537) lui a0, 0x55555
x10 <- 0x0000000055555000
mem[X,0x0000000080033F7C] -> 0x0513
mem[X,0x0000000080033F7E] -> 0x5555
[8071] [M]: 0x0000000080033F7C (0x55550513) addi a0, a0, 0x555
x10 <- 0x0000000055555555
mem[X,0x0000000080033F80] -> 0x1513
mem[X,0x0000000080033F82] -> 0x00B5
[8072] [M]: 0x0000000080033F80 (0x00B51513) slli a0, a0, 0xb
x10 <- 0x000002AAAAAAA800
mem[X,0x0000000080033F84] -> 0x0513
mem[X,0x0000000080033F86] -> 0x2AA5
[8073] [M]: 0x0000000080033F84 (0x2AA50513) addi a0, a0, 0x2aa
x10 <- 0x000002AAAAAAAAAA
mem[X,0x0000000080033F88] -> 0x1513
mem[X,0x0000000080033F8A] -> 0x00B5
[8074] [M]: 0x0000000080033F88 (0x00B51513) slli a0, a0, 0xb
x10 <- 0x0015555555555000
mem[X,0x0000000080033F8C] -> 0x0513
mem[X,0x0000000080033F8E] -> 0x5555
[8075] [M]: 0x0000000080033F8C (0x55550513) addi a0, a0, 0x555
x10 <- 0x0015555555555555
mem[X,0x0000000080033F90] -> 0x1513
mem[X,0x0000000080033F92] -> 0x00A5
[8076] [M]: 0x0000000080033F90 (0x00A51513) slli a0, a0, 0xa
x10 <- 0x5555555555555400
mem[X,0x0000000080033F94] -> 0x0513
mem[X,0x0000000080033F96] -> 0x1565
[8077] [M]: 0x0000000080033F94 (0x15650513) addi a0, a0, 0x156
x10 <- 0x5555555555555556
mem[X,0x0000000080033F98] -> 0x55B7
mem[X,0x0000000080033F9A] -> 0x5555
[8078] [M]: 0x0000000080033F98 (0x555555B7) lui a1, 0x55555
x11 <- 0x0000000055555000
mem[X,0x0000000080033F9C] -> 0x8593
mem[X,0x0000000080033F9E] -> 0x5555
[8079] [M]: 0x0000000080033F9C (0x55558593) addi a1, a1, 0x555
x11 <- 0x0000000055555555
mem[X,0x0000000080033FA0] -> 0x9593
mem[X,0x0000000080033FA2] -> 0x00B5
[8080] [M]: 0x0000000080033FA0 (0x00B59593) slli a1, a1, 0xb
x11 <- 0x000002AAAAAAA800
mem[X,0x0000000080033FA4] -> 0x8593
mem[X,0x0000000080033FA6] -> 0x2AA5
[8081] [M]: 0x0000000080033FA4 (0x2AA58593) addi a1, a1, 0x2aa
x11 <- 0x000002AAAAAAAAAA
mem[X,0x0000000080033FA8] -> 0x9593
mem[X,0x0000000080033FAA] -> 0x00B5
[8082] [M]: 0x0000000080033FA8 (0x00B59593) slli a1, a1, 0xb
x11 <- 0x0015555555555000
mem[X,0x0000000080033FAC] -> 0x8593
mem[X,0x0000000080033FAE] -> 0x5555
[8083] [M]: 0x0000000080033FAC (0x55558593) addi a1, a1, 0x555
x11 <- 0x0015555555555555
mem[X,0x0000000080033FB0] -> 0x9593
mem[X,0x0000000080033FB2] -> 0x00A5
[8084] [M]: 0x0000000080033FB0 (0x00A59593) slli a1, a1, 0xa
x11 <- 0x5555555555555400
mem[X,0x0000000080033FB4] -> 0x8593
mem[X,0x0000000080033FB6] -> 0x1545
[8085] [M]: 0x0000000080033FB4 (0x15458593) addi a1, a1, 0x154
x11 <- 0x5555555555555554
mem[X,0x0000000080033FB8] -> 0x0113
mem[X,0x0000000080033FBA] -> 0x0000
[8086] [M]: 0x0000000080033FB8 (0x00000113) addi sp, zero, 0x0
x2 <- 0x0000000000000000
mem[X,0x0000000080033FBC] -> 0x006F
mem[X,0x0000000080033FBE] -> 0x00C0
[8087] [M]: 0x0000000080033FBC (0x00C0006F) jal zero, 0xc
mem[X,0x0000000080033FC8] -> 0x5663
mem[X,0x0000000080033FCA] -> 0x00B5
[8088] [M]: 0x0000000080033FC8 (0x00B55663) bge a0, a1, 0xc
mem[X,0x0000000080033FD4] -> 0x0113
mem[X,0x0000000080033FD6] -> 0x0031
[8089] [M]: 0x0000000080033FD4 (0x00310113) addi sp, sp, 0x3
x2 <- 0x0000000000000003
mem[X,0x0000000080033FD8] -> 0x006F
mem[X,0x0000000080033FDA] -> 0x0040
[8090] [M]: 0x0000000080033FD8 (0x0040006F) jal zero, 0x4
mem[X,0x0000000080033FDC] -> 0xB823
mem[X,0x0000000080033FDE] -> 0x7420
[8091] [M]: 0x0000000080033FDC (0x7420B823) sd sp, 0x750(ra)
mem[0x0000000080049120] <- 0x0000000000000003
mem[X,0x0000000080033FE0] -> 0x5537
mem[X,0x0000000080033FE2] -> 0x5555
[8092] [M]: 0x0000000080033FE0 (0x55555537) lui a0, 0x55555
x10 <- 0x0000000055555000
mem[X,0x0000000080033FE4] -> 0x0513
mem[X,0x0000000080033FE6] -> 0x5555
[8093] [M]: 0x0000000080033FE4 (0x55550513) addi a0, a0, 0x555
x10 <- 0x0000000055555555
mem[X,0x0000000080033FE8] -> 0x1513
mem[X,0x0000000080033FEA] -> 0x00B5
[8094] [M]: 0x0000000080033FE8 (0x00B51513) slli a0, a0, 0xb
x10 <- 0x000002AAAAAAA800
mem[X,0x0000000080033FEC] -> 0x0513
mem[X,0x0000000080033FEE] -> 0x2AA5
[8095] [M]: 0x0000000080033FEC (0x2AA50513) addi a0, a0, 0x2aa
x10 <- 0x000002AAAAAAAAAA
mem[X,0x0000000080033FF0] -> 0x1513
mem[X,0x0000000080033FF2] -> 0x00B5
[8096] [M]: 0x0000000080033FF0 (0x00B51513) slli a0, a0, 0xb
x10 <- 0x0015555555555000
mem[X,0x0000000080033FF4] -> 0x0513
mem[X,0x0000000080033FF6] -> 0x5555
[8097] [M]: 0x0000000080033FF4 (0x55550513) addi a0, a0, 0x555
x10 <- 0x0015555555555555
mem[X,0x0000000080033FF8] -> 0x1513
mem[X,0x0000000080033FFA] -> 0x00A5
[8098] [M]: 0x0000000080033FF8 (0x00A51513) slli a0, a0, 0xa
x10 <- 0x5555555555555400
mem[X,0x0000000080033FFC] -> 0x0513
mem[X,0x0000000080033FFE] -> 0x1565
[8099] [M]: 0x0000000080033FFC (0x15650513) addi a0, a0, 0x156
x10 <- 0x5555555555555556
clint::tick mtime <- 0x0000000000000051
 clint timer pending at mtime 0x0000000000000051
htif::tick 0x0000000000000000
mem[X,0x0000000080034000] -> 0x0593
mem[X,0x0000000080034002] -> 0x0000
[8100] [M]: 0x0000000080034000 (0x00000593) addi a1, zero, 0x0
x11 <- 0x0000000000000000
mem[X,0x0000000080034004] -> 0x0113
mem[X,0x0000000080034006] -> 0x0000
[8101] [M]: 0x0000000080034004 (0x00000113) addi sp, zero, 0x0
x2 <- 0x0000000000000000
mem[X,0x0000000080034008] -> 0x006F
mem[X,0x000000008003400A] -> 0x00C0
[8102] [M]: 0x0000000080034008 (0x00C0006F) jal zero, 0xc
mem[X,0x0000000080034014] -> 0x5063
mem[X,0x0000000080034016] -> 0x20B5
[8103] [M]: 0x0000000080034014 (0x20B55063) bge a0, a1, 0x200
mem[X,0x0000000080034214] -> 0x0113
mem[X,0x0000000080034216] -> 0x0031
[8104] [M]: 0x0000000080034214 (0x00310113) addi sp, sp, 0x3
x2 <- 0x0000000000000003
mem[X,0x0000000080034218] -> 0x006F
mem[X,0x000000008003421A] -> 0x0040
[8105] [M]: 0x0000000080034218 (0x0040006F) jal zero, 0x4
mem[X,0x000000008003421C] -> 0xBC23
mem[X,0x000000008003421E] -> 0x7420
[8106] [M]: 0x000000008003421C (0x7420BC23) sd sp, 0x758(ra)
mem[0x0000000080049128] <- 0x0000000000000003
mem[X,0x0000000080034220] -> 0x5537
mem[X,0x0000000080034222] -> 0x5555
[8107] [M]: 0x0000000080034220 (0x55555537) lui a0, 0x55555
x10 <- 0x0000000055555000
mem[X,0x0000000080034224] -> 0x0513
mem[X,0x0000000080034226] -> 0x5555
[8108] [M]: 0x0000000080034224 (0x55550513) addi a0, a0, 0x555
x10 <- 0x0000000055555555
mem[X,0x0000000080034228] -> 0x1513
mem[X,0x000000008003422A] -> 0x00B5
[8109] [M]: 0x0000000080034228 (0x00B51513) slli a0, a0, 0xb
x10 <- 0x000002AAAAAAA800
mem[X,0x000000008003422C] -> 0x0513
mem[X,0x000000008003422E] -> 0x2AA5
[8110] [M]: 0x000000008003422C (0x2AA50513) addi a0, a0, 0x2aa
x10 <- 0x000002AAAAAAAAAA
mem[X,0x0000000080034230] -> 0x1513
mem[X,0x0000000080034232] -> 0x00B5
[8111] [M]: 0x0000000080034230 (0x00B51513) slli a0, a0, 0xb
x10 <- 0x0015555555555000
mem[X,0x0000000080034234] -> 0x0513
mem[X,0x0000000080034236] -> 0x5555
[8112] [M]: 0x0000000080034234 (0x55550513) addi a0, a0, 0x555
x10 <- 0x0015555555555555
mem[X,0x0000000080034238] -> 0x1513
mem[X,0x000000008003423A] -> 0x00A5
[8113] [M]: 0x0000000080034238 (0x00A51513) slli a0, a0, 0xa
x10 <- 0x5555555555555400
mem[X,0x000000008003423C] -> 0x0513
mem[X,0x000000008003423E] -> 0x1565
[8114] [M]: 0x000000008003423C (0x15650513) addi a0, a0, 0x156
x10 <- 0x5555555555555556
mem[X,0x0000000080034240] -> 0x0593
mem[X,0x0000000080034242] -> 0x0040
[8115] [M]: 0x0000000080034240 (0x00400593) addi a1, zero, 0x4
x11 <- 0x0000000000000004
mem[X,0x0000000080034244] -> 0x0113
mem[X,0x0000000080034246] -> 0x0000
[8116] [M]: 0x0000000080034244 (0x00000113) addi sp, zero, 0x0
x2 <- 0x0000000000000000
mem[X,0x0000000080034248] -> 0x006F
mem[X,0x000000008003424A] -> 0x00C0
[8117] [M]: 0x0000000080034248 (0x00C0006F) jal zero, 0xc
mem[X,0x0000000080034254] -> 0x5663
mem[X,0x0000000080034256] -> 0x00B5
[8118] [M]: 0x0000000080034254 (0x00B55663) bge a0, a1, 0xc
mem[X,0x0000000080034260] -> 0x0113
mem[X,0x0000000080034262] -> 0x0031
[8119] [M]: 0x0000000080034260 (0x00310113) addi sp, sp, 0x3
x2 <- 0x0000000000000003
mem[X,0x0000000080034264] -> 0x006F
mem[X,0x0000000080034266] -> 0x0040
[8120] [M]: 0x0000000080034264 (0x0040006F) jal zero, 0x4
mem[X,0x0000000080034268] -> 0xB023
mem[X,0x000000008003426A] -> 0x7620
[8121] [M]: 0x0000000080034268 (0x7620B023) sd sp, 0x760(ra)
mem[0x0000000080049130] <- 0x0000000000000003
mem[X,0x000000008003426C] -> 0x5537
mem[X,0x000000008003426E] -> 0x5555
[8122] [M]: 0x000000008003426C (0x55555537) lui a0, 0x55555
x10 <- 0x0000000055555000
mem[X,0x0000000080034270] -> 0x0513
mem[X,0x0000000080034272] -> 0x5555
[8123] [M]: 0x0000000080034270 (0x55550513) addi a0, a0, 0x555
x10 <- 0x0000000055555555
mem[X,0x0000000080034274] -> 0x1513
mem[X,0x0000000080034276] -> 0x00B5
[8124] [M]: 0x0000000080034274 (0x00B51513) slli a0, a0, 0xb
x10 <- 0x000002AAAAAAA800
mem[X,0x0000000080034278] -> 0x0513
mem[X,0x000000008003427A] -> 0x2AA5
[8125] [M]: 0x0000000080034278 (0x2AA50513) addi a0, a0, 0x2aa
x10 <- 0x000002AAAAAAAAAA
mem[X,0x000000008003427C] -> 0x1513
mem[X,0x000000008003427E] -> 0x00B5
[8126] [M]: 0x000000008003427C (0x00B51513) slli a0, a0, 0xb
x10 <- 0x0015555555555000
mem[X,0x0000000080034280] -> 0x0513
mem[X,0x0000000080034282] -> 0x5555
[8127] [M]: 0x0000000080034280 (0x55550513) addi a0, a0, 0x555
x10 <- 0x0015555555555555
mem[X,0x0000000080034284] -> 0x1513
mem[X,0x0000000080034286] -> 0x00A5
[8128] [M]: 0x0000000080034284 (0x00A51513) slli a0, a0, 0xa
x10 <- 0x5555555555555400
mem[X,0x0000000080034288] -> 0x0513
mem[X,0x000000008003428A] -> 0x1565
[8129] [M]: 0x0000000080034288 (0x15650513) addi a0, a0, 0x156
x10 <- 0x5555555555555556
mem[X,0x000000008003428C] -> 0x35B7
mem[X,0x000000008003428E] -> 0x3333
[8130] [M]: 0x000000008003428C (0x333335B7) lui a1, 0x33333
x11 <- 0x0000000033333000
mem[X,0x0000000080034290] -> 0x8593
mem[X,0x0000000080034292] -> 0x3335
[8131] [M]: 0x0000000080034290 (0x33358593) addi a1, a1, 0x333
x11 <- 0x0000000033333333
mem[X,0x0000000080034294] -> 0x9593
mem[X,0x0000000080034296] -> 0x00B5
[8132] [M]: 0x0000000080034294 (0x00B59593) slli a1, a1, 0xb
x11 <- 0x0000019999999800
mem[X,0x0000000080034298] -> 0x8593
mem[X,0x000000008003429A] -> 0x1995
[8133] [M]: 0x0000000080034298 (0x19958593) addi a1, a1, 0x199
x11 <- 0x0000019999999999
mem[X,0x000000008003429C] -> 0x9593
mem[X,0x000000008003429E] -> 0x00B5
[8134] [M]: 0x000000008003429C (0x00B59593) slli a1, a1, 0xb
x11 <- 0x000CCCCCCCCCC800
mem[X,0x00000000800342A0] -> 0x8593
mem[X,0x00000000800342A2] -> 0x4CC5
[8135] [M]: 0x00000000800342A0 (0x4CC58593) addi a1, a1, 0x4cc
x11 <- 0x000CCCCCCCCCCCCC
mem[X,0x00000000800342A4] -> 0x9593
mem[X,0x00000000800342A6] -> 0x00A5
[8136] [M]: 0x00000000800342A4 (0x00A59593) slli a1, a1, 0xa
x11 <- 0x3333333333333000
mem[X,0x00000000800342A8] -> 0x8593
mem[X,0x00000000800342AA] -> 0x3325
[8137] [M]: 0x00000000800342A8 (0x33258593) addi a1, a1, 0x332
x11 <- 0x3333333333333332
mem[X,0x00000000800342AC] -> 0x0113
mem[X,0x00000000800342AE] -> 0x0000
[8138] [M]: 0x00000000800342AC (0x00000113) addi sp, zero, 0x0
x2 <- 0x0000000000000000
mem[X,0x00000000800342B0] -> 0x006F
mem[X,0x00000000800342B2] -> 0x00C0
[8139] [M]: 0x00000000800342B0 (0x00C0006F) jal zero, 0xc
mem[X,0x00000000800342BC] -> 0x5863
mem[X,0x00000000800342BE] -> 0x00B5
[8140] [M]: 0x00000000800342BC (0x00B55863) bge a0, a1, 0x10
mem[X,0x00000000800342CC] -> 0x0113
mem[X,0x00000000800342CE] -> 0x0031
[8141] [M]: 0x00000000800342CC (0x00310113) addi sp, sp, 0x3
x2 <- 0x0000000000000003
mem[X,0x00000000800342D0] -> 0x006F
mem[X,0x00000000800342D2] -> 0x0040
[8142] [M]: 0x00000000800342D0 (0x0040006F) jal zero, 0x4
mem[X,0x00000000800342D4] -> 0xB423
mem[X,0x00000000800342D6] -> 0x7620
[8143] [M]: 0x00000000800342D4 (0x7620B423) sd sp, 0x768(ra)
mem[0x0000000080049138] <- 0x0000000000000003
mem[X,0x00000000800342D8] -> 0x5537
mem[X,0x00000000800342DA] -> 0x5555
[8144] [M]: 0x00000000800342D8 (0x55555537) lui a0, 0x55555
x10 <- 0x0000000055555000
mem[X,0x00000000800342DC] -> 0x0513
mem[X,0x00000000800342DE] -> 0x5555
[8145] [M]: 0x00000000800342DC (0x55550513) addi a0, a0, 0x555
x10 <- 0x0000000055555555
mem[X,0x00000000800342E0] -> 0x1513
mem[X,0x00000000800342E2] -> 0x00B5
[8146] [M]: 0x00000000800342E0 (0x00B51513) slli a0, a0, 0xb
x10 <- 0x000002AAAAAAA800
mem[X,0x00000000800342E4] -> 0x0513
mem[X,0x00000000800342E6] -> 0x2AA5
[8147] [M]: 0x00000000800342E4 (0x2AA50513) addi a0, a0, 0x2aa
x10 <- 0x000002AAAAAAAAAA
mem[X,0x00000000800342E8] -> 0x1513
mem[X,0x00000000800342EA] -> 0x00B5
[8148] [M]: 0x00000000800342E8 (0x00B51513) slli a0, a0, 0xb
x10 <- 0x0015555555555000
mem[X,0x00000000800342EC] -> 0x0513
mem[X,0x00000000800342EE] -> 0x5555
[8149] [M]: 0x00000000800342EC (0x55550513) addi a0, a0, 0x555
x10 <- 0x0015555555555555
mem[X,0x00000000800342F0] -> 0x1513
mem[X,0x00000000800342F2] -> 0x00A5
[8150] [M]: 0x00000000800342F0 (0x00A51513) slli a0, a0, 0xa
x10 <- 0x5555555555555400
mem[X,0x00000000800342F4] -> 0x0513
mem[X,0x00000000800342F6] -> 0x1565
[8151] [M]: 0x00000000800342F4 (0x15650513) addi a0, a0, 0x156
x10 <- 0x5555555555555556
mem[X,0x00000000800342F8] -> 0x65B7
mem[X,0x00000000800342FA] -> 0x6666
[8152] [M]: 0x00000000800342F8 (0x666665B7) lui a1, 0x66666
x11 <- 0x0000000066666000
mem[X,0x00000000800342FC] -> 0x8593
mem[X,0x00000000800342FE] -> 0x6665
[8153] [M]: 0x00000000800342FC (0x66658593) addi a1, a1, 0x666
x11 <- 0x0000000066666666
mem[X,0x0000000080034300] -> 0x9593
mem[X,0x0000000080034302] -> 0x00B5
[8154] [M]: 0x0000000080034300 (0x00B59593) slli a1, a1, 0xb
x11 <- 0x0000033333333000
mem[X,0x0000000080034304] -> 0x8593
mem[X,0x0000000080034306] -> 0x3335
[8155] [M]: 0x0000000080034304 (0x33358593) addi a1, a1, 0x333
x11 <- 0x0000033333333333
mem[X,0x0000000080034308] -> 0x9593
mem[X,0x000000008003430A] -> 0x00B5
[8156] [M]: 0x0000000080034308 (0x00B59593) slli a1, a1, 0xb
x11 <- 0x0019999999999800
mem[X,0x000000008003430C] -> 0x8593
mem[X,0x000000008003430E] -> 0x1995
[8157] [M]: 0x000000008003430C (0x19958593) addi a1, a1, 0x199
x11 <- 0x0019999999999999
mem[X,0x0000000080034310] -> 0x9593
mem[X,0x0000000080034312] -> 0x00A5
[8158] [M]: 0x0000000080034310 (0x00A59593) slli a1, a1, 0xa
x11 <- 0x6666666666666400
mem[X,0x0000000080034314] -> 0x8593
mem[X,0x0000000080034316] -> 0x2655
[8159] [M]: 0x0000000080034314 (0x26558593) addi a1, a1, 0x265
x11 <- 0x6666666666666665
mem[X,0x0000000080034318] -> 0x0113
mem[X,0x000000008003431A] -> 0x0000
[8160] [M]: 0x0000000080034318 (0x00000113) addi sp, zero, 0x0
x2 <- 0x0000000000000000
mem[X,0x000000008003431C] -> 0x006F
mem[X,0x000000008003431E] -> 0x00C0
[8161] [M]: 0x000000008003431C (0x00C0006F) jal zero, 0xc
mem[X,0x0000000080034328] -> 0x5663
mem[X,0x000000008003432A] -> 0x00B5
[8162] [M]: 0x0000000080034328 (0x00B55663) bge a0, a1, 0xc
mem[X,0x000000008003432C] -> 0x0113
mem[X,0x000000008003432E] -> 0x0021
[8163] [M]: 0x000000008003432C (0x00210113) addi sp, sp, 0x2
x2 <- 0x0000000000000002
mem[X,0x0000000080034330] -> 0x006F
mem[X,0x0000000080034332] -> 0x00C0
[8164] [M]: 0x0000000080034330 (0x00C0006F) jal zero, 0xc
mem[X,0x000000008003433C] -> 0xB823
mem[X,0x000000008003433E] -> 0x7620
[8165] [M]: 0x000000008003433C (0x7620B823) sd sp, 0x770(ra)
mem[0x0000000080049140] <- 0x0000000000000002
mem[X,0x0000000080034340] -> 0x5537
mem[X,0x0000000080034342] -> 0x5555
[8166] [M]: 0x0000000080034340 (0x55555537) lui a0, 0x55555
x10 <- 0x0000000055555000
mem[X,0x0000000080034344] -> 0x0513
mem[X,0x0000000080034346] -> 0x5555
[8167] [M]: 0x0000000080034344 (0x55550513) addi a0, a0, 0x555
x10 <- 0x0000000055555555
mem[X,0x0000000080034348] -> 0x1513
mem[X,0x000000008003434A] -> 0x00B5
[8168] [M]: 0x0000000080034348 (0x00B51513) slli a0, a0, 0xb
x10 <- 0x000002AAAAAAA800
mem[X,0x000000008003434C] -> 0x0513
mem[X,0x000000008003434E] -> 0x2AA5
[8169] [M]: 0x000000008003434C (0x2AA50513) addi a0, a0, 0x2aa
x10 <- 0x000002AAAAAAAAAA
mem[X,0x0000000080034350] -> 0x1513
mem[X,0x0000000080034352] -> 0x00B5
[8170] [M]: 0x0000000080034350 (0x00B51513) slli a0, a0, 0xb
x10 <- 0x0015555555555000
mem[X,0x0000000080034354] -> 0x0513
mem[X,0x0000000080034356] -> 0x5555
[8171] [M]: 0x0000000080034354 (0x55550513) addi a0, a0, 0x555
x10 <- 0x0015555555555555
mem[X,0x0000000080034358] -> 0x1513
mem[X,0x000000008003435A] -> 0x00A5
[8172] [M]: 0x0000000080034358 (0x00A51513) slli a0, a0, 0xa
x10 <- 0x5555555555555400
mem[X,0x000000008003435C] -> 0x0513
mem[X,0x000000008003435E] -> 0x1565
[8173] [M]: 0x000000008003435C (0x15650513) addi a0, a0, 0x156
x10 <- 0x5555555555555556
mem[X,0x0000000080034360] -> 0x05B7
mem[X,0x0000000080034362] -> 0x0000
[8174] [M]: 0x0000000080034360 (0x000005B7) lui a1, 0x0
x11 <- 0x0000000000000000
mem[X,0x0000000080034364] -> 0x8593
mem[X,0x0000000080034366] -> 0x0005
[8175] [M]: 0x0000000080034364 (0x00058593) addi a1, a1, 0x0
x11 <- 0x0000000000000000
mem[X,0x0000000080034368] -> 0x9593
mem[X,0x000000008003436A] -> 0x00B5
[8176] [M]: 0x0000000080034368 (0x00B59593) slli a1, a1, 0xb
x11 <- 0x0000000000000000
mem[X,0x000000008003436C] -> 0x8593
mem[X,0x000000008003436E] -> 0x5A85
[8177] [M]: 0x000000008003436C (0x5A858593) addi a1, a1, 0x5a8
x11 <- 0x00000000000005A8
mem[X,0x0000000080034370] -> 0x9593
mem[X,0x0000000080034372] -> 0x00B5
[8178] [M]: 0x0000000080034370 (0x00B59593) slli a1, a1, 0xb
x11 <- 0x00000000002D4000
mem[X,0x0000000080034374] -> 0x8593
mem[X,0x0000000080034376] -> 0x13C5
[8179] [M]: 0x0000000080034374 (0x13C58593) addi a1, a1, 0x13c
x11 <- 0x00000000002D413C
mem[X,0x0000000080034378] -> 0x9593
mem[X,0x000000008003437A] -> 0x00A5
[8180] [M]: 0x0000000080034378 (0x00A59593) slli a1, a1, 0xa
x11 <- 0x00000000B504F000
mem[X,0x000000008003437C] -> 0x8593
mem[X,0x000000008003437E] -> 0x3325
[8181] [M]: 0x000000008003437C (0x33258593) addi a1, a1, 0x332
x11 <- 0x00000000B504F332
mem[X,0x0000000080034380] -> 0x0113
mem[X,0x0000000080034382] -> 0x0000
[8182] [M]: 0x0000000080034380 (0x00000113) addi sp, zero, 0x0
x2 <- 0x0000000000000000
mem[X,0x0000000080034384] -> 0x006F
mem[X,0x0000000080034386] -> 0x00C0
[8183] [M]: 0x0000000080034384 (0x00C0006F) jal zero, 0xc
mem[X,0x0000000080034390] -> 0x5663
mem[X,0x0000000080034392] -> 0x00B5
[8184] [M]: 0x0000000080034390 (0x00B55663) bge a0, a1, 0xc
mem[X,0x000000008003439C] -> 0x0113
mem[X,0x000000008003439E] -> 0x0031
[8185] [M]: 0x000000008003439C (0x00310113) addi sp, sp, 0x3
x2 <- 0x0000000000000003
mem[X,0x00000000800343A0] -> 0x006F
mem[X,0x00000000800343A2] -> 0x0040
[8186] [M]: 0x00000000800343A0 (0x0040006F) jal zero, 0x4
mem[X,0x00000000800343A4] -> 0xBC23
mem[X,0x00000000800343A6] -> 0x7620
[8187] [M]: 0x00000000800343A4 (0x7620BC23) sd sp, 0x778(ra)
mem[0x0000000080049148] <- 0x0000000000000003
mem[X,0x00000000800343A8] -> 0x5537
mem[X,0x00000000800343AA] -> 0x5555
[8188] [M]: 0x00000000800343A8 (0x55555537) lui a0, 0x55555
x10 <- 0x0000000055555000
mem[X,0x00000000800343AC] -> 0x0513
mem[X,0x00000000800343AE] -> 0x5555
[8189] [M]: 0x00000000800343AC (0x55550513) addi a0, a0, 0x555
x10 <- 0x0000000055555555
mem[X,0x00000000800343B0] -> 0x1513
mem[X,0x00000000800343B2] -> 0x00B5
[8190] [M]: 0x00000000800343B0 (0x00B51513) slli a0, a0, 0xb
x10 <- 0x000002AAAAAAA800
mem[X,0x00000000800343B4] -> 0x0513
mem[X,0x00000000800343B6] -> 0x2AA5
[8191] [M]: 0x00000000800343B4 (0x2AA50513) addi a0, a0, 0x2aa
x10 <- 0x000002AAAAAAAAAA
mem[X,0x00000000800343B8] -> 0x1513
mem[X,0x00000000800343BA] -> 0x00B5
[8192] [M]: 0x00000000800343B8 (0x00B51513) slli a0, a0, 0xb
x10 <- 0x0015555555555000
mem[X,0x00000000800343BC] -> 0x0513
mem[X,0x00000000800343BE] -> 0x5555
[8193] [M]: 0x00000000800343BC (0x55550513) addi a0, a0, 0x555
x10 <- 0x0015555555555555
mem[X,0x00000000800343C0] -> 0x1513
mem[X,0x00000000800343C2] -> 0x00A5
[8194] [M]: 0x00000000800343C0 (0x00A51513) slli a0, a0, 0xa
x10 <- 0x5555555555555400
mem[X,0x00000000800343C4] -> 0x0513
mem[X,0x00000000800343C6] -> 0x1565
[8195] [M]: 0x00000000800343C4 (0x15650513) addi a0, a0, 0x156
x10 <- 0x5555555555555556
mem[X,0x00000000800343C8] -> 0x55B7
mem[X,0x00000000800343CA] -> 0x5555
[8196] [M]: 0x00000000800343C8 (0x555555B7) lui a1, 0x55555
x11 <- 0x0000000055555000
mem[X,0x00000000800343CC] -> 0x8593
mem[X,0x00000000800343CE] -> 0x5555
[8197] [M]: 0x00000000800343CC (0x55558593) addi a1, a1, 0x555
x11 <- 0x0000000055555555
mem[X,0x00000000800343D0] -> 0x9593
mem[X,0x00000000800343D2] -> 0x00B5
[8198] [M]: 0x00000000800343D0 (0x00B59593) slli a1, a1, 0xb
x11 <- 0x000002AAAAAAA800
mem[X,0x00000000800343D4] -> 0x8593
mem[X,0x00000000800343D6] -> 0x2AA5
[8199] [M]: 0x00000000800343D4 (0x2AA58593) addi a1, a1, 0x2aa
x11 <- 0x000002AAAAAAAAAA
clint::tick mtime <- 0x0000000000000052
 clint timer pending at mtime 0x0000000000000052
htif::tick 0x0000000000000000
mem[X,0x00000000800343D8] -> 0x9593
mem[X,0x00000000800343DA] -> 0x00B5
[8200] [M]: 0x00000000800343D8 (0x00B59593) slli a1, a1, 0xb
x11 <- 0x0015555555555000
mem[X,0x00000000800343DC] -> 0x8593
mem[X,0x00000000800343DE] -> 0x5555
[8201] [M]: 0x00000000800343DC (0x55558593) addi a1, a1, 0x555
x11 <- 0x0015555555555555
mem[X,0x00000000800343E0] -> 0x9593
mem[X,0x00000000800343E2] -> 0x00A5
[8202] [M]: 0x00000000800343E0 (0x00A59593) slli a1, a1, 0xa
x11 <- 0x5555555555555400
mem[X,0x00000000800343E4] -> 0x8593
mem[X,0x00000000800343E6] -> 0x1565
[8203] [M]: 0x00000000800343E4 (0x15658593) addi a1, a1, 0x156
x11 <- 0x5555555555555556
mem[X,0x00000000800343E8] -> 0x0113
mem[X,0x00000000800343EA] -> 0x0000
[8204] [M]: 0x00000000800343E8 (0x00000113) addi sp, zero, 0x0
x2 <- 0x0000000000000000
mem[X,0x00000000800343EC] -> 0x006F
mem[X,0x00000000800343EE] -> 0x00C0
[8205] [M]: 0x00000000800343EC (0x00C0006F) jal zero, 0xc
mem[X,0x00000000800343F8] -> 0x5663
mem[X,0x00000000800343FA] -> 0x00B5
[8206] [M]: 0x00000000800343F8 (0x00B55663) bge a0, a1, 0xc
mem[X,0x0000000080034404] -> 0x0113
mem[X,0x0000000080034406] -> 0x0031
[8207] [M]: 0x0000000080034404 (0x00310113) addi sp, sp, 0x3
x2 <- 0x0000000000000003
mem[X,0x0000000080034408] -> 0x006F
mem[X,0x000000008003440A] -> 0x0040
[8208] [M]: 0x0000000080034408 (0x0040006F) jal zero, 0x4
mem[X,0x000000008003440C] -> 0xB023
mem[X,0x000000008003440E] -> 0x7820
[8209] [M]: 0x000000008003440C (0x7820B023) sd sp, 0x780(ra)
mem[0x0000000080049150] <- 0x0000000000000003
mem[X,0x0000000080034410] -> 0x5537
mem[X,0x0000000080034412] -> 0x5555
[8210] [M]: 0x0000000080034410 (0x55555537) lui a0, 0x55555
x10 <- 0x0000000055555000
mem[X,0x0000000080034414] -> 0x0513
mem[X,0x0000000080034416] -> 0x5555
[8211] [M]: 0x0000000080034414 (0x55550513) addi a0, a0, 0x555
x10 <- 0x0000000055555555
mem[X,0x0000000080034418] -> 0x1513
mem[X,0x000000008003441A] -> 0x00B5
[8212] [M]: 0x0000000080034418 (0x00B51513) slli a0, a0, 0xb
x10 <- 0x000002AAAAAAA800
mem[X,0x000000008003441C] -> 0x0513
mem[X,0x000000008003441E] -> 0x2AA5
[8213] [M]: 0x000000008003441C (0x2AA50513) addi a0, a0, 0x2aa
x10 <- 0x000002AAAAAAAAAA
mem[X,0x0000000080034420] -> 0x1513
mem[X,0x0000000080034422] -> 0x00B5
[8214] [M]: 0x0000000080034420 (0x00B51513) slli a0, a0, 0xb
x10 <- 0x0015555555555000
mem[X,0x0000000080034424] -> 0x0513
mem[X,0x0000000080034426] -> 0x5555
[8215] [M]: 0x0000000080034424 (0x55550513) addi a0, a0, 0x555
x10 <- 0x0015555555555555
mem[X,0x0000000080034428] -> 0x1513
mem[X,0x000000008003442A] -> 0x00A5
[8216] [M]: 0x0000000080034428 (0x00A51513) slli a0, a0, 0xa
x10 <- 0x5555555555555400
mem[X,0x000000008003442C] -> 0x0513
mem[X,0x000000008003442E] -> 0x1565
[8217] [M]: 0x000000008003442C (0x15650513) addi a0, a0, 0x156
x10 <- 0x5555555555555556
mem[X,0x0000000080034430] -> 0xB5B7
mem[X,0x0000000080034432] -> 0xAAAA
[8218] [M]: 0x0000000080034430 (0xAAAAB5B7) lui a1, -0x55555
x11 <- 0xFFFFFFFFAAAAB000
mem[X,0x0000000080034434] -> 0x8593
mem[X,0x0000000080034436] -> 0xAAA5
[8219] [M]: 0x0000000080034434 (0xAAA58593) addi a1, a1, -0x556
x11 <- 0xFFFFFFFFAAAAAAAA
mem[X,0x0000000080034438] -> 0x9593
mem[X,0x000000008003443A] -> 0x00B5
[8220] [M]: 0x0000000080034438 (0x00B59593) slli a1, a1, 0xb
x11 <- 0xFFFFFD5555555000
mem[X,0x000000008003443C] -> 0x8593
mem[X,0x000000008003443E] -> 0x5555
[8221] [M]: 0x000000008003443C (0x55558593) addi a1, a1, 0x555
x11 <- 0xFFFFFD5555555555
mem[X,0x0000000080034440] -> 0x9593
mem[X,0x0000000080034442] -> 0x00B5
[8222] [M]: 0x0000000080034440 (0x00B59593) slli a1, a1, 0xb
x11 <- 0xFFEAAAAAAAAAA800
mem[X,0x0000000080034444] -> 0x8593
mem[X,0x0000000080034446] -> 0x2AA5
[8223] [M]: 0x0000000080034444 (0x2AA58593) addi a1, a1, 0x2aa
x11 <- 0xFFEAAAAAAAAAAAAA
mem[X,0x0000000080034448] -> 0x9593
mem[X,0x000000008003444A] -> 0x00A5
[8224] [M]: 0x0000000080034448 (0x00A59593) slli a1, a1, 0xa
x11 <- 0xAAAAAAAAAAAAA800
mem[X,0x000000008003444C] -> 0x8593
mem[X,0x000000008003444E] -> 0x2AB5
[8225] [M]: 0x000000008003444C (0x2AB58593) addi a1, a1, 0x2ab
x11 <- 0xAAAAAAAAAAAAAAAB
mem[X,0x0000000080034450] -> 0x0113
mem[X,0x0000000080034452] -> 0x0000
[8226] [M]: 0x0000000080034450 (0x00000113) addi sp, zero, 0x0
x2 <- 0x0000000000000000
mem[X,0x0000000080034454] -> 0x006F
mem[X,0x0000000080034456] -> 0x00C0
[8227] [M]: 0x0000000080034454 (0x00C0006F) jal zero, 0xc
mem[X,0x0000000080034460] -> 0x5CE3
mem[X,0x0000000080034462] -> 0xFEB5
[8228] [M]: 0x0000000080034460 (0xFEB55CE3) bge a0, a1, -0x8
mem[X,0x0000000080034458] -> 0x0113
mem[X,0x000000008003445A] -> 0x0011
[8229] [M]: 0x0000000080034458 (0x00110113) addi sp, sp, 0x1
x2 <- 0x0000000000000001
mem[X,0x000000008003445C] -> 0x006F
mem[X,0x000000008003445E] -> 0x0180
[8230] [M]: 0x000000008003445C (0x0180006F) jal zero, 0x18
mem[X,0x0000000080034474] -> 0xB423
mem[X,0x0000000080034476] -> 0x7820
[8231] [M]: 0x0000000080034474 (0x7820B423) sd sp, 0x788(ra)
mem[0x0000000080049158] <- 0x0000000000000001
mem[X,0x0000000080034478] -> 0x5537
mem[X,0x000000008003447A] -> 0x5555
[8232] [M]: 0x0000000080034478 (0x55555537) lui a0, 0x55555
x10 <- 0x0000000055555000
mem[X,0x000000008003447C] -> 0x0513
mem[X,0x000000008003447E] -> 0x5555
[8233] [M]: 0x000000008003447C (0x55550513) addi a0, a0, 0x555
x10 <- 0x0000000055555555
mem[X,0x0000000080034480] -> 0x1513
mem[X,0x0000000080034482] -> 0x00B5
[8234] [M]: 0x0000000080034480 (0x00B51513) slli a0, a0, 0xb
x10 <- 0x000002AAAAAAA800
mem[X,0x0000000080034484] -> 0x0513
mem[X,0x0000000080034486] -> 0x2AA5
[8235] [M]: 0x0000000080034484 (0x2AA50513) addi a0, a0, 0x2aa
x10 <- 0x000002AAAAAAAAAA
mem[X,0x0000000080034488] -> 0x1513
mem[X,0x000000008003448A] -> 0x00B5
[8236] [M]: 0x0000000080034488 (0x00B51513) slli a0, a0, 0xb
x10 <- 0x0015555555555000
mem[X,0x000000008003448C] -> 0x0513
mem[X,0x000000008003448E] -> 0x5555
[8237] [M]: 0x000000008003448C (0x55550513) addi a0, a0, 0x555
x10 <- 0x0015555555555555
mem[X,0x0000000080034490] -> 0x1513
mem[X,0x0000000080034492] -> 0x00A5
[8238] [M]: 0x0000000080034490 (0x00A51513) slli a0, a0, 0xa
x10 <- 0x5555555555555400
mem[X,0x0000000080034494] -> 0x0513
mem[X,0x0000000080034496] -> 0x1565
[8239] [M]: 0x0000000080034494 (0x15650513) addi a0, a0, 0x156
x10 <- 0x5555555555555556
mem[X,0x0000000080034498] -> 0x0593
mem[X,0x000000008003449A] -> 0x0060
[8240] [M]: 0x0000000080034498 (0x00600593) addi a1, zero, 0x6
x11 <- 0x0000000000000006
mem[X,0x000000008003449C] -> 0x0113
mem[X,0x000000008003449E] -> 0x0000
[8241] [M]: 0x000000008003449C (0x00000113) addi sp, zero, 0x0
x2 <- 0x0000000000000000
mem[X,0x00000000800344A0] -> 0x006F
mem[X,0x00000000800344A2] -> 0x00C0
[8242] [M]: 0x00000000800344A0 (0x00C0006F) jal zero, 0xc
mem[X,0x00000000800344AC] -> 0x5063
mem[X,0x00000000800344AE] -> 0x10B5
[8243] [M]: 0x00000000800344AC (0x10B55063) bge a0, a1, 0x100
mem[X,0x00000000800345AC] -> 0x0113
mem[X,0x00000000800345AE] -> 0x0031
[8244] [M]: 0x00000000800345AC (0x00310113) addi sp, sp, 0x3
x2 <- 0x0000000000000003
mem[X,0x00000000800345B0] -> 0x006F
mem[X,0x00000000800345B2] -> 0x0040
[8245] [M]: 0x00000000800345B0 (0x0040006F) jal zero, 0x4
mem[X,0x00000000800345B4] -> 0xB823
mem[X,0x00000000800345B6] -> 0x7820
[8246] [M]: 0x00000000800345B4 (0x7820B823) sd sp, 0x790(ra)
mem[0x0000000080049160] <- 0x0000000000000003
mem[X,0x00000000800345B8] -> 0x5537
mem[X,0x00000000800345BA] -> 0x5555
[8247] [M]: 0x00000000800345B8 (0x55555537) lui a0, 0x55555
x10 <- 0x0000000055555000
mem[X,0x00000000800345BC] -> 0x0513
mem[X,0x00000000800345BE] -> 0x5555
[8248] [M]: 0x00000000800345BC (0x55550513) addi a0, a0, 0x555
x10 <- 0x0000000055555555
mem[X,0x00000000800345C0] -> 0x1513
mem[X,0x00000000800345C2] -> 0x00B5
[8249] [M]: 0x00000000800345C0 (0x00B51513) slli a0, a0, 0xb
x10 <- 0x000002AAAAAAA800
mem[X,0x00000000800345C4] -> 0x0513
mem[X,0x00000000800345C6] -> 0x2AA5
[8250] [M]: 0x00000000800345C4 (0x2AA50513) addi a0, a0, 0x2aa
x10 <- 0x000002AAAAAAAAAA
mem[X,0x00000000800345C8] -> 0x1513
mem[X,0x00000000800345CA] -> 0x00B5
[8251] [M]: 0x00000000800345C8 (0x00B51513) slli a0, a0, 0xb
x10 <- 0x0015555555555000
mem[X,0x00000000800345CC] -> 0x0513
mem[X,0x00000000800345CE] -> 0x5555
[8252] [M]: 0x00000000800345CC (0x55550513) addi a0, a0, 0x555
x10 <- 0x0015555555555555
mem[X,0x00000000800345D0] -> 0x1513
mem[X,0x00000000800345D2] -> 0x00A5
[8253] [M]: 0x00000000800345D0 (0x00A51513) slli a0, a0, 0xa
x10 <- 0x5555555555555400
mem[X,0x00000000800345D4] -> 0x0513
mem[X,0x00000000800345D6] -> 0x1565
[8254] [M]: 0x00000000800345D4 (0x15650513) addi a0, a0, 0x156
x10 <- 0x5555555555555556
mem[X,0x00000000800345D8] -> 0x35B7
mem[X,0x00000000800345DA] -> 0x3333
[8255] [M]: 0x00000000800345D8 (0x333335B7) lui a1, 0x33333
x11 <- 0x0000000033333000
mem[X,0x00000000800345DC] -> 0x8593
mem[X,0x00000000800345DE] -> 0x3335
[8256] [M]: 0x00000000800345DC (0x33358593) addi a1, a1, 0x333
x11 <- 0x0000000033333333
mem[X,0x00000000800345E0] -> 0x9593
mem[X,0x00000000800345E2] -> 0x00B5
[8257] [M]: 0x00000000800345E0 (0x00B59593) slli a1, a1, 0xb
x11 <- 0x0000019999999800
mem[X,0x00000000800345E4] -> 0x8593
mem[X,0x00000000800345E6] -> 0x1995
[8258] [M]: 0x00000000800345E4 (0x19958593) addi a1, a1, 0x199
x11 <- 0x0000019999999999
mem[X,0x00000000800345E8] -> 0x9593
mem[X,0x00000000800345EA] -> 0x00B5
[8259] [M]: 0x00000000800345E8 (0x00B59593) slli a1, a1, 0xb
x11 <- 0x000CCCCCCCCCC800
mem[X,0x00000000800345EC] -> 0x8593
mem[X,0x00000000800345EE] -> 0x4CC5
[8260] [M]: 0x00000000800345EC (0x4CC58593) addi a1, a1, 0x4cc
x11 <- 0x000CCCCCCCCCCCCC
mem[X,0x00000000800345F0] -> 0x9593
mem[X,0x00000000800345F2] -> 0x00A5
[8261] [M]: 0x00000000800345F0 (0x00A59593) slli a1, a1, 0xa
x11 <- 0x3333333333333000
mem[X,0x00000000800345F4] -> 0x8593
mem[X,0x00000000800345F6] -> 0x3345
[8262] [M]: 0x00000000800345F4 (0x33458593) addi a1, a1, 0x334
x11 <- 0x3333333333333334
mem[X,0x00000000800345F8] -> 0x0113
mem[X,0x00000000800345FA] -> 0x0000
[8263] [M]: 0x00000000800345F8 (0x00000113) addi sp, zero, 0x0
x2 <- 0x0000000000000000
mem[X,0x00000000800345FC] -> 0x006F
mem[X,0x00000000800345FE] -> 0x00C0
[8264] [M]: 0x00000000800345FC (0x00C0006F) jal zero, 0xc
mem[X,0x0000000080034608] -> 0x5063
mem[X,0x000000008003460A] -> 0x40B5
[8265] [M]: 0x0000000080034608 (0x40B55063) bge a0, a1, 0x400
mem[X,0x0000000080034A08] -> 0x0113
mem[X,0x0000000080034A0A] -> 0x0031
[8266] [M]: 0x0000000080034A08 (0x00310113) addi sp, sp, 0x3
x2 <- 0x0000000000000003
mem[X,0x0000000080034A0C] -> 0x006F
mem[X,0x0000000080034A0E] -> 0x0040
[8267] [M]: 0x0000000080034A0C (0x0040006F) jal zero, 0x4
mem[X,0x0000000080034A10] -> 0xBC23
mem[X,0x0000000080034A12] -> 0x7820
[8268] [M]: 0x0000000080034A10 (0x7820BC23) sd sp, 0x798(ra)
mem[0x0000000080049168] <- 0x0000000000000003
mem[X,0x0000000080034A14] -> 0x5537
mem[X,0x0000000080034A16] -> 0x5555
[8269] [M]: 0x0000000080034A14 (0x55555537) lui a0, 0x55555
x10 <- 0x0000000055555000
mem[X,0x0000000080034A18] -> 0x0513
mem[X,0x0000000080034A1A] -> 0x5555
[8270] [M]: 0x0000000080034A18 (0x55550513) addi a0, a0, 0x555
x10 <- 0x0000000055555555
mem[X,0x0000000080034A1C] -> 0x1513
mem[X,0x0000000080034A1E] -> 0x00B5
[8271] [M]: 0x0000000080034A1C (0x00B51513) slli a0, a0, 0xb
x10 <- 0x000002AAAAAAA800
mem[X,0x0000000080034A20] -> 0x0513
mem[X,0x0000000080034A22] -> 0x2AA5
[8272] [M]: 0x0000000080034A20 (0x2AA50513) addi a0, a0, 0x2aa
x10 <- 0x000002AAAAAAAAAA
mem[X,0x0000000080034A24] -> 0x1513
mem[X,0x0000000080034A26] -> 0x00B5
[8273] [M]: 0x0000000080034A24 (0x00B51513) slli a0, a0, 0xb
x10 <- 0x0015555555555000
mem[X,0x0000000080034A28] -> 0x0513
mem[X,0x0000000080034A2A] -> 0x5555
[8274] [M]: 0x0000000080034A28 (0x55550513) addi a0, a0, 0x555
x10 <- 0x0015555555555555
mem[X,0x0000000080034A2C] -> 0x1513
mem[X,0x0000000080034A2E] -> 0x00A5
[8275] [M]: 0x0000000080034A2C (0x00A51513) slli a0, a0, 0xa
x10 <- 0x5555555555555400
mem[X,0x0000000080034A30] -> 0x0513
mem[X,0x0000000080034A32] -> 0x1565
[8276] [M]: 0x0000000080034A30 (0x15650513) addi a0, a0, 0x156
x10 <- 0x5555555555555556
mem[X,0x0000000080034A34] -> 0x65B7
mem[X,0x0000000080034A36] -> 0x6666
[8277] [M]: 0x0000000080034A34 (0x666665B7) lui a1, 0x66666
x11 <- 0x0000000066666000
mem[X,0x0000000080034A38] -> 0x8593
mem[X,0x0000000080034A3A] -> 0x6665
[8278] [M]: 0x0000000080034A38 (0x66658593) addi a1, a1, 0x666
x11 <- 0x0000000066666666
mem[X,0x0000000080034A3C] -> 0x9593
mem[X,0x0000000080034A3E] -> 0x00B5
[8279] [M]: 0x0000000080034A3C (0x00B59593) slli a1, a1, 0xb
x11 <- 0x0000033333333000
mem[X,0x0000000080034A40] -> 0x8593
mem[X,0x0000000080034A42] -> 0x3335
[8280] [M]: 0x0000000080034A40 (0x33358593) addi a1, a1, 0x333
x11 <- 0x0000033333333333
mem[X,0x0000000080034A44] -> 0x9593
mem[X,0x0000000080034A46] -> 0x00B5
[8281] [M]: 0x0000000080034A44 (0x00B59593) slli a1, a1, 0xb
x11 <- 0x0019999999999800
mem[X,0x0000000080034A48] -> 0x8593
mem[X,0x0000000080034A4A] -> 0x1995
[8282] [M]: 0x0000000080034A48 (0x19958593) addi a1, a1, 0x199
x11 <- 0x0019999999999999
mem[X,0x0000000080034A4C] -> 0x9593
mem[X,0x0000000080034A4E] -> 0x00A5
[8283] [M]: 0x0000000080034A4C (0x00A59593) slli a1, a1, 0xa
x11 <- 0x6666666666666400
mem[X,0x0000000080034A50] -> 0x8593
mem[X,0x0000000080034A52] -> 0x2675
[8284] [M]: 0x0000000080034A50 (0x26758593) addi a1, a1, 0x267
x11 <- 0x6666666666666667
mem[X,0x0000000080034A54] -> 0x0113
mem[X,0x0000000080034A56] -> 0x0000
[8285] [M]: 0x0000000080034A54 (0x00000113) addi sp, zero, 0x0
x2 <- 0x0000000000000000
mem[X,0x0000000080034A58] -> 0x006F
mem[X,0x0000000080034A5A] -> 0x00C0
[8286] [M]: 0x0000000080034A58 (0x00C0006F) jal zero, 0xc
mem[X,0x0000000080034A64] -> 0x5863
mem[X,0x0000000080034A66] -> 0x00B5
[8287] [M]: 0x0000000080034A64 (0x00B55863) bge a0, a1, 0x10
mem[X,0x0000000080034A68] -> 0x0113
mem[X,0x0000000080034A6A] -> 0x0021
[8288] [M]: 0x0000000080034A68 (0x00210113) addi sp, sp, 0x2
x2 <- 0x0000000000000002
mem[X,0x0000000080034A6C] -> 0x006F
mem[X,0x0000000080034A6E] -> 0x0100
[8289] [M]: 0x0000000080034A6C (0x0100006F) jal zero, 0x10
mem[X,0x0000000080034A7C] -> 0xB023
mem[X,0x0000000080034A7E] -> 0x7A20
[8290] [M]: 0x0000000080034A7C (0x7A20B023) sd sp, 0x7a0(ra)
mem[0x0000000080049170] <- 0x0000000000000002
mem[X,0x0000000080034A80] -> 0x5537
mem[X,0x0000000080034A82] -> 0x5555
[8291] [M]: 0x0000000080034A80 (0x55555537) lui a0, 0x55555
x10 <- 0x0000000055555000
mem[X,0x0000000080034A84] -> 0x0513
mem[X,0x0000000080034A86] -> 0x5555
[8292] [M]: 0x0000000080034A84 (0x55550513) addi a0, a0, 0x555
x10 <- 0x0000000055555555
mem[X,0x0000000080034A88] -> 0x1513
mem[X,0x0000000080034A8A] -> 0x00B5
[8293] [M]: 0x0000000080034A88 (0x00B51513) slli a0, a0, 0xb
x10 <- 0x000002AAAAAAA800
mem[X,0x0000000080034A8C] -> 0x0513
mem[X,0x0000000080034A8E] -> 0x2AA5
[8294] [M]: 0x0000000080034A8C (0x2AA50513) addi a0, a0, 0x2aa
x10 <- 0x000002AAAAAAAAAA
mem[X,0x0000000080034A90] -> 0x1513
mem[X,0x0000000080034A92] -> 0x00B5
[8295] [M]: 0x0000000080034A90 (0x00B51513) slli a0, a0, 0xb
x10 <- 0x0015555555555000
mem[X,0x0000000080034A94] -> 0x0513
mem[X,0x0000000080034A96] -> 0x5555
[8296] [M]: 0x0000000080034A94 (0x55550513) addi a0, a0, 0x555
x10 <- 0x0015555555555555
mem[X,0x0000000080034A98] -> 0x1513
mem[X,0x0000000080034A9A] -> 0x00A5
[8297] [M]: 0x0000000080034A98 (0x00A51513) slli a0, a0, 0xa
x10 <- 0x5555555555555400
mem[X,0x0000000080034A9C] -> 0x0513
mem[X,0x0000000080034A9E] -> 0x1565
[8298] [M]: 0x0000000080034A9C (0x15650513) addi a0, a0, 0x156
x10 <- 0x5555555555555556
mem[X,0x0000000080034AA0] -> 0x05B7
mem[X,0x0000000080034AA2] -> 0x0000
[8299] [M]: 0x0000000080034AA0 (0x000005B7) lui a1, 0x0
x11 <- 0x0000000000000000
clint::tick mtime <- 0x0000000000000053
 clint timer pending at mtime 0x0000000000000053
htif::tick 0x0000000000000000
mem[X,0x0000000080034AA4] -> 0x8593
mem[X,0x0000000080034AA6] -> 0xFFF5
[8300] [M]: 0x0000000080034AA4 (0xFFF58593) addi a1, a1, -0x1
x11 <- 0xFFFFFFFFFFFFFFFF
mem[X,0x0000000080034AA8] -> 0x9593
mem[X,0x0000000080034AAA] -> 0x00B5
[8301] [M]: 0x0000000080034AA8 (0x00B59593) slli a1, a1, 0xb
x11 <- 0xFFFFFFFFFFFFF800
mem[X,0x0000000080034AAC] -> 0x8593
mem[X,0x0000000080034AAE] -> 0x2575
[8302] [M]: 0x0000000080034AAC (0x25758593) addi a1, a1, 0x257
x11 <- 0xFFFFFFFFFFFFFA57
mem[X,0x0000000080034AB0] -> 0x9593
mem[X,0x0000000080034AB2] -> 0x00B5
[8303] [M]: 0x0000000080034AB0 (0x00B59593) slli a1, a1, 0xb
x11 <- 0xFFFFFFFFFFD2B800
mem[X,0x0000000080034AB4] -> 0x8593
mem[X,0x0000000080034AB6] -> 0x6C35
[8304] [M]: 0x0000000080034AB4 (0x6C358593) addi a1, a1, 0x6c3
x11 <- 0xFFFFFFFFFFD2BEC3
mem[X,0x0000000080034AB8] -> 0x9593
mem[X,0x0000000080034ABA] -> 0x00A5
[8305] [M]: 0x0000000080034AB8 (0x00A59593) slli a1, a1, 0xa
x11 <- 0xFFFFFFFF4AFB0C00
mem[X,0x0000000080034ABC] -> 0x8593
mem[X,0x0000000080034ABE] -> 0x0CE5
[8306] [M]: 0x0000000080034ABC (0x0CE58593) addi a1, a1, 0xce
x11 <- 0xFFFFFFFF4AFB0CCE
mem[X,0x0000000080034AC0] -> 0x0113
mem[X,0x0000000080034AC2] -> 0x0000
[8307] [M]: 0x0000000080034AC0 (0x00000113) addi sp, zero, 0x0
x2 <- 0x0000000000000000
mem[X,0x0000000080034AC4] -> 0x006F
mem[X,0x0000000080034AC6] -> 0x00C0
[8308] [M]: 0x0000000080034AC4 (0x00C0006F) jal zero, 0xc
mem[X,0x0000000080034AD0] -> 0x5063
mem[X,0x0000000080034AD2] -> 0x08B5
[8309] [M]: 0x0000000080034AD0 (0x08B55063) bge a0, a1, 0x80
mem[X,0x0000000080034B50] -> 0x0113
mem[X,0x0000000080034B52] -> 0x0031
[8310] [M]: 0x0000000080034B50 (0x00310113) addi sp, sp, 0x3
x2 <- 0x0000000000000003
mem[X,0x0000000080034B54] -> 0x006F
mem[X,0x0000000080034B56] -> 0x0040
[8311] [M]: 0x0000000080034B54 (0x0040006F) jal zero, 0x4
mem[X,0x0000000080034B58] -> 0xB423
mem[X,0x0000000080034B5A] -> 0x7A20
[8312] [M]: 0x0000000080034B58 (0x7A20B423) sd sp, 0x7a8(ra)
mem[0x0000000080049178] <- 0x0000000000000003
mem[X,0x0000000080034B5C] -> 0x5537
mem[X,0x0000000080034B5E] -> 0x5555
[8313] [M]: 0x0000000080034B5C (0x55555537) lui a0, 0x55555
x10 <- 0x0000000055555000
mem[X,0x0000000080034B60] -> 0x0513
mem[X,0x0000000080034B62] -> 0x5555
[8314] [M]: 0x0000000080034B60 (0x55550513) addi a0, a0, 0x555
x10 <- 0x0000000055555555
mem[X,0x0000000080034B64] -> 0x1513
mem[X,0x0000000080034B66] -> 0x00B5
[8315] [M]: 0x0000000080034B64 (0x00B51513) slli a0, a0, 0xb
x10 <- 0x000002AAAAAAA800
mem[X,0x0000000080034B68] -> 0x0513
mem[X,0x0000000080034B6A] -> 0x2AA5
[8316] [M]: 0x0000000080034B68 (0x2AA50513) addi a0, a0, 0x2aa
x10 <- 0x000002AAAAAAAAAA
mem[X,0x0000000080034B6C] -> 0x1513
mem[X,0x0000000080034B6E] -> 0x00B5
[8317] [M]: 0x0000000080034B6C (0x00B51513) slli a0, a0, 0xb
x10 <- 0x0015555555555000
mem[X,0x0000000080034B70] -> 0x0513
mem[X,0x0000000080034B72] -> 0x5555
[8318] [M]: 0x0000000080034B70 (0x55550513) addi a0, a0, 0x555
x10 <- 0x0015555555555555
mem[X,0x0000000080034B74] -> 0x1513
mem[X,0x0000000080034B76] -> 0x00A5
[8319] [M]: 0x0000000080034B74 (0x00A51513) slli a0, a0, 0xa
x10 <- 0x5555555555555400
mem[X,0x0000000080034B78] -> 0x0513
mem[X,0x0000000080034B7A] -> 0x1565
[8320] [M]: 0x0000000080034B78 (0x15650513) addi a0, a0, 0x156
x10 <- 0x5555555555555556
mem[X,0x0000000080034B7C] -> 0x05B7
mem[X,0x0000000080034B7E] -> 0x0000
[8321] [M]: 0x0000000080034B7C (0x000005B7) lui a1, 0x0
x11 <- 0x0000000000000000
mem[X,0x0000000080034B80] -> 0x8593
mem[X,0x0000000080034B82] -> 0x0005
[8322] [M]: 0x0000000080034B80 (0x00058593) addi a1, a1, 0x0
x11 <- 0x0000000000000000
mem[X,0x0000000080034B84] -> 0x9593
mem[X,0x0000000080034B86] -> 0x00B5
[8323] [M]: 0x0000000080034B84 (0x00B59593) slli a1, a1, 0xb
x11 <- 0x0000000000000000
mem[X,0x0000000080034B88] -> 0x8593
mem[X,0x0000000080034B8A] -> 0x5A85
[8324] [M]: 0x0000000080034B88 (0x5A858593) addi a1, a1, 0x5a8
x11 <- 0x00000000000005A8
mem[X,0x0000000080034B8C] -> 0x9593
mem[X,0x0000000080034B8E] -> 0x00B5
[8325] [M]: 0x0000000080034B8C (0x00B59593) slli a1, a1, 0xb
x11 <- 0x00000000002D4000
mem[X,0x0000000080034B90] -> 0x8593
mem[X,0x0000000080034B92] -> 0x13C5
[8326] [M]: 0x0000000080034B90 (0x13C58593) addi a1, a1, 0x13c
x11 <- 0x00000000002D413C
mem[X,0x0000000080034B94] -> 0x9593
mem[X,0x0000000080034B96] -> 0x00A5
[8327] [M]: 0x0000000080034B94 (0x00A59593) slli a1, a1, 0xa
x11 <- 0x00000000B504F000
mem[X,0x0000000080034B98] -> 0x8593
mem[X,0x0000000080034B9A] -> 0x3345
[8328] [M]: 0x0000000080034B98 (0x33458593) addi a1, a1, 0x334
x11 <- 0x00000000B504F334
mem[X,0x0000000080034B9C] -> 0x0113
mem[X,0x0000000080034B9E] -> 0x0000
[8329] [M]: 0x0000000080034B9C (0x00000113) addi sp, zero, 0x0
x2 <- 0x0000000000000000
mem[X,0x0000000080034BA0] -> 0x006F
mem[X,0x0000000080034BA2] -> 0x00C0
[8330] [M]: 0x0000000080034BA0 (0x00C0006F) jal zero, 0xc
mem[X,0x0000000080034BAC] -> 0x5CE3
mem[X,0x0000000080034BAE] -> 0xFEB5
[8331] [M]: 0x0000000080034BAC (0xFEB55CE3) bge a0, a1, -0x8
mem[X,0x0000000080034BA4] -> 0x0113
mem[X,0x0000000080034BA6] -> 0x0011
[8332] [M]: 0x0000000080034BA4 (0x00110113) addi sp, sp, 0x1
x2 <- 0x0000000000000001
mem[X,0x0000000080034BA8] -> 0x006F
mem[X,0x0000000080034BAA] -> 0x0180
[8333] [M]: 0x0000000080034BA8 (0x0180006F) jal zero, 0x18
mem[X,0x0000000080034BC0] -> 0xB823
mem[X,0x0000000080034BC2] -> 0x7A20
[8334] [M]: 0x0000000080034BC0 (0x7A20B823) sd sp, 0x7b0(ra)
mem[0x0000000080049180] <- 0x0000000000000001
mem[X,0x0000000080034BC4] -> 0xB537
mem[X,0x0000000080034BC6] -> 0xAAAA
[8335] [M]: 0x0000000080034BC4 (0xAAAAB537) lui a0, -0x55555
x10 <- 0xFFFFFFFFAAAAB000
mem[X,0x0000000080034BC8] -> 0x0513
mem[X,0x0000000080034BCA] -> 0xAAA5
[8336] [M]: 0x0000000080034BC8 (0xAAA50513) addi a0, a0, -0x556
x10 <- 0xFFFFFFFFAAAAAAAA
mem[X,0x0000000080034BCC] -> 0x1513
mem[X,0x0000000080034BCE] -> 0x00B5
[8337] [M]: 0x0000000080034BCC (0x00B51513) slli a0, a0, 0xb
x10 <- 0xFFFFFD5555555000
mem[X,0x0000000080034BD0] -> 0x0513
mem[X,0x0000000080034BD2] -> 0x5555
[8338] [M]: 0x0000000080034BD0 (0x55550513) addi a0, a0, 0x555
x10 <- 0xFFFFFD5555555555
mem[X,0x0000000080034BD4] -> 0x1513
mem[X,0x0000000080034BD6] -> 0x00B5
[8339] [M]: 0x0000000080034BD4 (0x00B51513) slli a0, a0, 0xb
x10 <- 0xFFEAAAAAAAAAA800
mem[X,0x0000000080034BD8] -> 0x0513
mem[X,0x0000000080034BDA] -> 0x2AA5
[8340] [M]: 0x0000000080034BD8 (0x2AA50513) addi a0, a0, 0x2aa
x10 <- 0xFFEAAAAAAAAAAAAA
mem[X,0x0000000080034BDC] -> 0x1513
mem[X,0x0000000080034BDE] -> 0x00A5
[8341] [M]: 0x0000000080034BDC (0x00A51513) slli a0, a0, 0xa
x10 <- 0xAAAAAAAAAAAAA800
mem[X,0x0000000080034BE0] -> 0x0513
mem[X,0x0000000080034BE2] -> 0x2AB5
[8342] [M]: 0x0000000080034BE0 (0x2AB50513) addi a0, a0, 0x2ab
x10 <- 0xAAAAAAAAAAAAAAAB
mem[X,0x0000000080034BE4] -> 0x0593
mem[X,0x0000000080034BE6] -> 0x0030
[8343] [M]: 0x0000000080034BE4 (0x00300593) addi a1, zero, 0x3
x11 <- 0x0000000000000003
mem[X,0x0000000080034BE8] -> 0x0113
mem[X,0x0000000080034BEA] -> 0x0000
[8344] [M]: 0x0000000080034BE8 (0x00000113) addi sp, zero, 0x0
x2 <- 0x0000000000000000
mem[X,0x0000000080034BEC] -> 0x006F
mem[X,0x0000000080034BEE] -> 0x0140
[8345] [M]: 0x0000000080034BEC (0x0140006F) jal zero, 0x14
mem[X,0x0000000080034C00] -> 0x58E3
mem[X,0x0000000080034C02] -> 0xFEB5
[8346] [M]: 0x0000000080034C00 (0xFEB558E3) bge a0, a1, -0x10
mem[X,0x0000000080034C04] -> 0x0113
mem[X,0x0000000080034C06] -> 0x0021
[8347] [M]: 0x0000000080034C04 (0x00210113) addi sp, sp, 0x2
x2 <- 0x0000000000000002
mem[X,0x0000000080034C08] -> 0x006F
mem[X,0x0000000080034C0A] -> 0x00C0
[8348] [M]: 0x0000000080034C08 (0x00C0006F) jal zero, 0xc
mem[X,0x0000000080034C14] -> 0xBC23
mem[X,0x0000000080034C16] -> 0x7A20
[8349] [M]: 0x0000000080034C14 (0x7A20BC23) sd sp, 0x7b8(ra)
mem[0x0000000080049188] <- 0x0000000000000002
mem[X,0x0000000080034C18] -> 0xB537
mem[X,0x0000000080034C1A] -> 0xAAAA
[8350] [M]: 0x0000000080034C18 (0xAAAAB537) lui a0, -0x55555
x10 <- 0xFFFFFFFFAAAAB000
mem[X,0x0000000080034C1C] -> 0x0513
mem[X,0x0000000080034C1E] -> 0xAAA5
[8351] [M]: 0x0000000080034C1C (0xAAA50513) addi a0, a0, -0x556
x10 <- 0xFFFFFFFFAAAAAAAA
mem[X,0x0000000080034C20] -> 0x1513
mem[X,0x0000000080034C22] -> 0x00B5
[8352] [M]: 0x0000000080034C20 (0x00B51513) slli a0, a0, 0xb
x10 <- 0xFFFFFD5555555000
mem[X,0x0000000080034C24] -> 0x0513
mem[X,0x0000000080034C26] -> 0x5555
[8353] [M]: 0x0000000080034C24 (0x55550513) addi a0, a0, 0x555
x10 <- 0xFFFFFD5555555555
mem[X,0x0000000080034C28] -> 0x1513
mem[X,0x0000000080034C2A] -> 0x00B5
[8354] [M]: 0x0000000080034C28 (0x00B51513) slli a0, a0, 0xb
x10 <- 0xFFEAAAAAAAAAA800
mem[X,0x0000000080034C2C] -> 0x0513
mem[X,0x0000000080034C2E] -> 0x2AA5
[8355] [M]: 0x0000000080034C2C (0x2AA50513) addi a0, a0, 0x2aa
x10 <- 0xFFEAAAAAAAAAAAAA
mem[X,0x0000000080034C30] -> 0x1513
mem[X,0x0000000080034C32] -> 0x00A5
[8356] [M]: 0x0000000080034C30 (0x00A51513) slli a0, a0, 0xa
x10 <- 0xAAAAAAAAAAAAA800
mem[X,0x0000000080034C34] -> 0x0513
mem[X,0x0000000080034C36] -> 0x2AB5
[8357] [M]: 0x0000000080034C34 (0x2AB50513) addi a0, a0, 0x2ab
x10 <- 0xAAAAAAAAAAAAAAAB
mem[X,0x0000000080034C38] -> 0x55B7
mem[X,0x0000000080034C3A] -> 0x5555
[8358] [M]: 0x0000000080034C38 (0x555555B7) lui a1, 0x55555
x11 <- 0x0000000055555000
mem[X,0x0000000080034C3C] -> 0x8593
mem[X,0x0000000080034C3E] -> 0x5555
[8359] [M]: 0x0000000080034C3C (0x55558593) addi a1, a1, 0x555
x11 <- 0x0000000055555555
mem[X,0x0000000080034C40] -> 0x9593
mem[X,0x0000000080034C42] -> 0x00B5
[8360] [M]: 0x0000000080034C40 (0x00B59593) slli a1, a1, 0xb
x11 <- 0x000002AAAAAAA800
mem[X,0x0000000080034C44] -> 0x8593
mem[X,0x0000000080034C46] -> 0x2AA5
[8361] [M]: 0x0000000080034C44 (0x2AA58593) addi a1, a1, 0x2aa
x11 <- 0x000002AAAAAAAAAA
mem[X,0x0000000080034C48] -> 0x9593
mem[X,0x0000000080034C4A] -> 0x00B5
[8362] [M]: 0x0000000080034C48 (0x00B59593) slli a1, a1, 0xb
x11 <- 0x0015555555555000
mem[X,0x0000000080034C4C] -> 0x8593
mem[X,0x0000000080034C4E] -> 0x5555
[8363] [M]: 0x0000000080034C4C (0x55558593) addi a1, a1, 0x555
x11 <- 0x0015555555555555
mem[X,0x0000000080034C50] -> 0x9593
mem[X,0x0000000080034C52] -> 0x00A5
[8364] [M]: 0x0000000080034C50 (0x00A59593) slli a1, a1, 0xa
x11 <- 0x5555555555555400
mem[X,0x0000000080034C54] -> 0x8593
mem[X,0x0000000080034C56] -> 0x1555
[8365] [M]: 0x0000000080034C54 (0x15558593) addi a1, a1, 0x155
x11 <- 0x5555555555555555
mem[X,0x0000000080034C58] -> 0x0113
mem[X,0x0000000080034C5A] -> 0x0000
[8366] [M]: 0x0000000080034C58 (0x00000113) addi sp, zero, 0x0
x2 <- 0x0000000000000000
mem[X,0x0000000080034C5C] -> 0x006F
mem[X,0x0000000080034C5E] -> 0x0100
[8367] [M]: 0x0000000080034C5C (0x0100006F) jal zero, 0x10
mem[X,0x0000000080034C6C] -> 0x5AE3
mem[X,0x0000000080034C6E] -> 0xFEB5
[8368] [M]: 0x0000000080034C6C (0xFEB55AE3) bge a0, a1, -0xc
mem[X,0x0000000080034C70] -> 0x0113
mem[X,0x0000000080034C72] -> 0x0021
[8369] [M]: 0x0000000080034C70 (0x00210113) addi sp, sp, 0x2
x2 <- 0x0000000000000002
mem[X,0x0000000080034C74] -> 0x006F
mem[X,0x0000000080034C76] -> 0x00C0
[8370] [M]: 0x0000000080034C74 (0x00C0006F) jal zero, 0xc
mem[X,0x0000000080034C80] -> 0xB023
mem[X,0x0000000080034C82] -> 0x7C20
[8371] [M]: 0x0000000080034C80 (0x7C20B023) sd sp, 0x7c0(ra)
mem[0x0000000080049190] <- 0x0000000000000002
mem[X,0x0000000080034C84] -> 0xB537
mem[X,0x0000000080034C86] -> 0xAAAA
[8372] [M]: 0x0000000080034C84 (0xAAAAB537) lui a0, -0x55555
x10 <- 0xFFFFFFFFAAAAB000
mem[X,0x0000000080034C88] -> 0x0513
mem[X,0x0000000080034C8A] -> 0xAAA5
[8373] [M]: 0x0000000080034C88 (0xAAA50513) addi a0, a0, -0x556
x10 <- 0xFFFFFFFFAAAAAAAA
mem[X,0x0000000080034C8C] -> 0x1513
mem[X,0x0000000080034C8E] -> 0x00B5
[8374] [M]: 0x0000000080034C8C (0x00B51513) slli a0, a0, 0xb
x10 <- 0xFFFFFD5555555000
mem[X,0x0000000080034C90] -> 0x0513
mem[X,0x0000000080034C92] -> 0x5555
[8375] [M]: 0x0000000080034C90 (0x55550513) addi a0, a0, 0x555
x10 <- 0xFFFFFD5555555555
mem[X,0x0000000080034C94] -> 0x1513
mem[X,0x0000000080034C96] -> 0x00B5
[8376] [M]: 0x0000000080034C94 (0x00B51513) slli a0, a0, 0xb
x10 <- 0xFFEAAAAAAAAAA800
mem[X,0x0000000080034C98] -> 0x0513
mem[X,0x0000000080034C9A] -> 0x2AA5
[8377] [M]: 0x0000000080034C98 (0x2AA50513) addi a0, a0, 0x2aa
x10 <- 0xFFEAAAAAAAAAAAAA
mem[X,0x0000000080034C9C] -> 0x1513
mem[X,0x0000000080034C9E] -> 0x00A5
[8378] [M]: 0x0000000080034C9C (0x00A51513) slli a0, a0, 0xa
x10 <- 0xAAAAAAAAAAAAA800
mem[X,0x0000000080034CA0] -> 0x0513
mem[X,0x0000000080034CA2] -> 0x2AB5
[8379] [M]: 0x0000000080034CA0 (0x2AB50513) addi a0, a0, 0x2ab
x10 <- 0xAAAAAAAAAAAAAAAB
mem[X,0x0000000080034CA4] -> 0xB5B7
mem[X,0x0000000080034CA6] -> 0xAAAA
[8380] [M]: 0x0000000080034CA4 (0xAAAAB5B7) lui a1, -0x55555
x11 <- 0xFFFFFFFFAAAAB000
mem[X,0x0000000080034CA8] -> 0x8593
mem[X,0x0000000080034CAA] -> 0xAAA5
[8381] [M]: 0x0000000080034CA8 (0xAAA58593) addi a1, a1, -0x556
x11 <- 0xFFFFFFFFAAAAAAAA
mem[X,0x0000000080034CAC] -> 0x9593
mem[X,0x0000000080034CAE] -> 0x00B5
[8382] [M]: 0x0000000080034CAC (0x00B59593) slli a1, a1, 0xb
x11 <- 0xFFFFFD5555555000
mem[X,0x0000000080034CB0] -> 0x8593
mem[X,0x0000000080034CB2] -> 0x5555
[8383] [M]: 0x0000000080034CB0 (0x55558593) addi a1, a1, 0x555
x11 <- 0xFFFFFD5555555555
mem[X,0x0000000080034CB4] -> 0x9593
mem[X,0x0000000080034CB6] -> 0x00B5
[8384] [M]: 0x0000000080034CB4 (0x00B59593) slli a1, a1, 0xb
x11 <- 0xFFEAAAAAAAAAA800
mem[X,0x0000000080034CB8] -> 0x8593
mem[X,0x0000000080034CBA] -> 0x2AA5
[8385] [M]: 0x0000000080034CB8 (0x2AA58593) addi a1, a1, 0x2aa
x11 <- 0xFFEAAAAAAAAAAAAA
mem[X,0x0000000080034CBC] -> 0x9593
mem[X,0x0000000080034CBE] -> 0x00A5
[8386] [M]: 0x0000000080034CBC (0x00A59593) slli a1, a1, 0xa
x11 <- 0xAAAAAAAAAAAAA800
mem[X,0x0000000080034CC0] -> 0x8593
mem[X,0x0000000080034CC2] -> 0x2AA5
[8387] [M]: 0x0000000080034CC0 (0x2AA58593) addi a1, a1, 0x2aa
x11 <- 0xAAAAAAAAAAAAAAAA
mem[X,0x0000000080034CC4] -> 0x0113
mem[X,0x0000000080034CC6] -> 0x0000
[8388] [M]: 0x0000000080034CC4 (0x00000113) addi sp, zero, 0x0
x2 <- 0x0000000000000000
mem[X,0x0000000080034CC8] -> 0x006F
mem[X,0x0000000080034CCA] -> 0x00C0
[8389] [M]: 0x0000000080034CC8 (0x00C0006F) jal zero, 0xc
mem[X,0x0000000080034CD4] -> 0x5CE3
mem[X,0x0000000080034CD6] -> 0xFEB5
[8390] [M]: 0x0000000080034CD4 (0xFEB55CE3) bge a0, a1, -0x8
mem[X,0x0000000080034CCC] -> 0x0113
mem[X,0x0000000080034CCE] -> 0x0011
[8391] [M]: 0x0000000080034CCC (0x00110113) addi sp, sp, 0x1
x2 <- 0x0000000000000001
mem[X,0x0000000080034CD0] -> 0x006F
mem[X,0x0000000080034CD2] -> 0x0180
[8392] [M]: 0x0000000080034CD0 (0x0180006F) jal zero, 0x18
mem[X,0x0000000080034CE8] -> 0xB423
mem[X,0x0000000080034CEA] -> 0x7C20
[8393] [M]: 0x0000000080034CE8 (0x7C20B423) sd sp, 0x7c8(ra)
mem[0x0000000080049198] <- 0x0000000000000001
mem[X,0x0000000080034CEC] -> 0xB537
mem[X,0x0000000080034CEE] -> 0xAAAA
[8394] [M]: 0x0000000080034CEC (0xAAAAB537) lui a0, -0x55555
x10 <- 0xFFFFFFFFAAAAB000
mem[X,0x0000000080034CF0] -> 0x0513
mem[X,0x0000000080034CF2] -> 0xAAA5
[8395] [M]: 0x0000000080034CF0 (0xAAA50513) addi a0, a0, -0x556
x10 <- 0xFFFFFFFFAAAAAAAA
mem[X,0x0000000080034CF4] -> 0x1513
mem[X,0x0000000080034CF6] -> 0x00B5
[8396] [M]: 0x0000000080034CF4 (0x00B51513) slli a0, a0, 0xb
x10 <- 0xFFFFFD5555555000
mem[X,0x0000000080034CF8] -> 0x0513
mem[X,0x0000000080034CFA] -> 0x5555
[8397] [M]: 0x0000000080034CF8 (0x55550513) addi a0, a0, 0x555
x10 <- 0xFFFFFD5555555555
mem[X,0x0000000080034CFC] -> 0x1513
mem[X,0x0000000080034CFE] -> 0x00B5
[8398] [M]: 0x0000000080034CFC (0x00B51513) slli a0, a0, 0xb
x10 <- 0xFFEAAAAAAAAAA800
mem[X,0x0000000080034D00] -> 0x0513
mem[X,0x0000000080034D02] -> 0x2AA5
[8399] [M]: 0x0000000080034D00 (0x2AA50513) addi a0, a0, 0x2aa
x10 <- 0xFFEAAAAAAAAAAAAA
clint::tick mtime <- 0x0000000000000054
 clint timer pending at mtime 0x0000000000000054
htif::tick 0x0000000000000000
mem[X,0x0000000080034D04] -> 0x1513
mem[X,0x0000000080034D06] -> 0x00A5
[8400] [M]: 0x0000000080034D04 (0x00A51513) slli a0, a0, 0xa
x10 <- 0xAAAAAAAAAAAAA800
mem[X,0x0000000080034D08] -> 0x0513
mem[X,0x0000000080034D0A] -> 0x2AB5
[8401] [M]: 0x0000000080034D08 (0x2AB50513) addi a0, a0, 0x2ab
x10 <- 0xAAAAAAAAAAAAAAAB
mem[X,0x0000000080034D0C] -> 0x0593
mem[X,0x0000000080034D0E] -> 0x0050
[8402] [M]: 0x0000000080034D0C (0x00500593) addi a1, zero, 0x5
x11 <- 0x0000000000000005
mem[X,0x0000000080034D10] -> 0x0113
mem[X,0x0000000080034D12] -> 0x0000
[8403] [M]: 0x0000000080034D10 (0x00000113) addi sp, zero, 0x0
x2 <- 0x0000000000000000
mem[X,0x0000000080034D14] -> 0x006F
mem[X,0x0000000080034D16] -> 0x0180
[8404] [M]: 0x0000000080034D14 (0x0180006F) jal zero, 0x18
mem[X,0x0000000080034D2C] -> 0x56E3
mem[X,0x0000000080034D2E] -> 0xFEB5
[8405] [M]: 0x0000000080034D2C (0xFEB556E3) bge a0, a1, -0x14
mem[X,0x0000000080034D30] -> 0x0113
mem[X,0x0000000080034D32] -> 0x0021
[8406] [M]: 0x0000000080034D30 (0x00210113) addi sp, sp, 0x2
x2 <- 0x0000000000000002
mem[X,0x0000000080034D34] -> 0x006F
mem[X,0x0000000080034D36] -> 0x00C0
[8407] [M]: 0x0000000080034D34 (0x00C0006F) jal zero, 0xc
mem[X,0x0000000080034D40] -> 0xB823
mem[X,0x0000000080034D42] -> 0x7C20
[8408] [M]: 0x0000000080034D40 (0x7C20B823) sd sp, 0x7d0(ra)
mem[0x00000000800491A0] <- 0x0000000000000002
mem[X,0x0000000080034D44] -> 0xB537
mem[X,0x0000000080034D46] -> 0xAAAA
[8409] [M]: 0x0000000080034D44 (0xAAAAB537) lui a0, -0x55555
x10 <- 0xFFFFFFFFAAAAB000
mem[X,0x0000000080034D48] -> 0x0513
mem[X,0x0000000080034D4A] -> 0xAAA5
[8410] [M]: 0x0000000080034D48 (0xAAA50513) addi a0, a0, -0x556
x10 <- 0xFFFFFFFFAAAAAAAA
mem[X,0x0000000080034D4C] -> 0x1513
mem[X,0x0000000080034D4E] -> 0x00B5
[8411] [M]: 0x0000000080034D4C (0x00B51513) slli a0, a0, 0xb
x10 <- 0xFFFFFD5555555000
mem[X,0x0000000080034D50] -> 0x0513
mem[X,0x0000000080034D52] -> 0x5555
[8412] [M]: 0x0000000080034D50 (0x55550513) addi a0, a0, 0x555
x10 <- 0xFFFFFD5555555555
mem[X,0x0000000080034D54] -> 0x1513
mem[X,0x0000000080034D56] -> 0x00B5
[8413] [M]: 0x0000000080034D54 (0x00B51513) slli a0, a0, 0xb
x10 <- 0xFFEAAAAAAAAAA800
mem[X,0x0000000080034D58] -> 0x0513
mem[X,0x0000000080034D5A] -> 0x2AA5
[8414] [M]: 0x0000000080034D58 (0x2AA50513) addi a0, a0, 0x2aa
x10 <- 0xFFEAAAAAAAAAAAAA
mem[X,0x0000000080034D5C] -> 0x1513
mem[X,0x0000000080034D5E] -> 0x00A5
[8415] [M]: 0x0000000080034D5C (0x00A51513) slli a0, a0, 0xa
x10 <- 0xAAAAAAAAAAAAA800
mem[X,0x0000000080034D60] -> 0x0513
mem[X,0x0000000080034D62] -> 0x2AB5
[8416] [M]: 0x0000000080034D60 (0x2AB50513) addi a0, a0, 0x2ab
x10 <- 0xAAAAAAAAAAAAAAAB
mem[X,0x0000000080034D64] -> 0x35B7
mem[X,0x0000000080034D66] -> 0x3333
[8417] [M]: 0x0000000080034D64 (0x333335B7) lui a1, 0x33333
x11 <- 0x0000000033333000
mem[X,0x0000000080034D68] -> 0x8593
mem[X,0x0000000080034D6A] -> 0x3335
[8418] [M]: 0x0000000080034D68 (0x33358593) addi a1, a1, 0x333
x11 <- 0x0000000033333333
mem[X,0x0000000080034D6C] -> 0x9593
mem[X,0x0000000080034D6E] -> 0x00B5
[8419] [M]: 0x0000000080034D6C (0x00B59593) slli a1, a1, 0xb
x11 <- 0x0000019999999800
mem[X,0x0000000080034D70] -> 0x8593
mem[X,0x0000000080034D72] -> 0x1995
[8420] [M]: 0x0000000080034D70 (0x19958593) addi a1, a1, 0x199
x11 <- 0x0000019999999999
mem[X,0x0000000080034D74] -> 0x9593
mem[X,0x0000000080034D76] -> 0x00B5
[8421] [M]: 0x0000000080034D74 (0x00B59593) slli a1, a1, 0xb
x11 <- 0x000CCCCCCCCCC800
mem[X,0x0000000080034D78] -> 0x8593
mem[X,0x0000000080034D7A] -> 0x4CC5
[8422] [M]: 0x0000000080034D78 (0x4CC58593) addi a1, a1, 0x4cc
x11 <- 0x000CCCCCCCCCCCCC
mem[X,0x0000000080034D7C] -> 0x9593
mem[X,0x0000000080034D7E] -> 0x00A5
[8423] [M]: 0x0000000080034D7C (0x00A59593) slli a1, a1, 0xa
x11 <- 0x3333333333333000
mem[X,0x0000000080034D80] -> 0x8593
mem[X,0x0000000080034D82] -> 0x3335
[8424] [M]: 0x0000000080034D80 (0x33358593) addi a1, a1, 0x333
x11 <- 0x3333333333333333
mem[X,0x0000000080034D84] -> 0x0113
mem[X,0x0000000080034D86] -> 0x0000
[8425] [M]: 0x0000000080034D84 (0x00000113) addi sp, zero, 0x0
x2 <- 0x0000000000000000
mem[X,0x0000000080034D88] -> 0x006F
mem[X,0x0000000080034D8A] -> 0x00C0
[8426] [M]: 0x0000000080034D88 (0x00C0006F) jal zero, 0xc
mem[X,0x0000000080034D94] -> 0x5CE3
mem[X,0x0000000080034D96] -> 0xFEB5
[8427] [M]: 0x0000000080034D94 (0xFEB55CE3) bge a0, a1, -0x8
mem[X,0x0000000080034D98] -> 0x0113
mem[X,0x0000000080034D9A] -> 0x0021
[8428] [M]: 0x0000000080034D98 (0x00210113) addi sp, sp, 0x2
x2 <- 0x0000000000000002
mem[X,0x0000000080034D9C] -> 0x006F
mem[X,0x0000000080034D9E] -> 0x00C0
[8429] [M]: 0x0000000080034D9C (0x00C0006F) jal zero, 0xc
mem[X,0x0000000080034DA8] -> 0xBC23
mem[X,0x0000000080034DAA] -> 0x7C20
[8430] [M]: 0x0000000080034DA8 (0x7C20BC23) sd sp, 0x7d8(ra)
mem[0x00000000800491A8] <- 0x0000000000000002
mem[X,0x0000000080034DAC] -> 0xB537
mem[X,0x0000000080034DAE] -> 0xAAAA
[8431] [M]: 0x0000000080034DAC (0xAAAAB537) lui a0, -0x55555
x10 <- 0xFFFFFFFFAAAAB000
mem[X,0x0000000080034DB0] -> 0x0513
mem[X,0x0000000080034DB2] -> 0xAAA5
[8432] [M]: 0x0000000080034DB0 (0xAAA50513) addi a0, a0, -0x556
x10 <- 0xFFFFFFFFAAAAAAAA
mem[X,0x0000000080034DB4] -> 0x1513
mem[X,0x0000000080034DB6] -> 0x00B5
[8433] [M]: 0x0000000080034DB4 (0x00B51513) slli a0, a0, 0xb
x10 <- 0xFFFFFD5555555000
mem[X,0x0000000080034DB8] -> 0x0513
mem[X,0x0000000080034DBA] -> 0x5555
[8434] [M]: 0x0000000080034DB8 (0x55550513) addi a0, a0, 0x555
x10 <- 0xFFFFFD5555555555
mem[X,0x0000000080034DBC] -> 0x1513
mem[X,0x0000000080034DBE] -> 0x00B5
[8435] [M]: 0x0000000080034DBC (0x00B51513) slli a0, a0, 0xb
x10 <- 0xFFEAAAAAAAAAA800
mem[X,0x0000000080034DC0] -> 0x0513
mem[X,0x0000000080034DC2] -> 0x2AA5
[8436] [M]: 0x0000000080034DC0 (0x2AA50513) addi a0, a0, 0x2aa
x10 <- 0xFFEAAAAAAAAAAAAA
mem[X,0x0000000080034DC4] -> 0x1513
mem[X,0x0000000080034DC6] -> 0x00A5
[8437] [M]: 0x0000000080034DC4 (0x00A51513) slli a0, a0, 0xa
x10 <- 0xAAAAAAAAAAAAA800
mem[X,0x0000000080034DC8] -> 0x0513
mem[X,0x0000000080034DCA] -> 0x2AB5
[8438] [M]: 0x0000000080034DC8 (0x2AB50513) addi a0, a0, 0x2ab
x10 <- 0xAAAAAAAAAAAAAAAB
mem[X,0x0000000080034DCC] -> 0x65B7
mem[X,0x0000000080034DCE] -> 0x6666
[8439] [M]: 0x0000000080034DCC (0x666665B7) lui a1, 0x66666
x11 <- 0x0000000066666000
mem[X,0x0000000080034DD0] -> 0x8593
mem[X,0x0000000080034DD2] -> 0x6665
[8440] [M]: 0x0000000080034DD0 (0x66658593) addi a1, a1, 0x666
x11 <- 0x0000000066666666
mem[X,0x0000000080034DD4] -> 0x9593
mem[X,0x0000000080034DD6] -> 0x00B5
[8441] [M]: 0x0000000080034DD4 (0x00B59593) slli a1, a1, 0xb
x11 <- 0x0000033333333000
mem[X,0x0000000080034DD8] -> 0x8593
mem[X,0x0000000080034DDA] -> 0x3335
[8442] [M]: 0x0000000080034DD8 (0x33358593) addi a1, a1, 0x333
x11 <- 0x0000033333333333
mem[X,0x0000000080034DDC] -> 0x9593
mem[X,0x0000000080034DDE] -> 0x00B5
[8443] [M]: 0x0000000080034DDC (0x00B59593) slli a1, a1, 0xb
x11 <- 0x0019999999999800
mem[X,0x0000000080034DE0] -> 0x8593
mem[X,0x0000000080034DE2] -> 0x1995
[8444] [M]: 0x0000000080034DE0 (0x19958593) addi a1, a1, 0x199
x11 <- 0x0019999999999999
mem[X,0x0000000080034DE4] -> 0x9593
mem[X,0x0000000080034DE6] -> 0x00A5
[8445] [M]: 0x0000000080034DE4 (0x00A59593) slli a1, a1, 0xa
x11 <- 0x6666666666666400
mem[X,0x0000000080034DE8] -> 0x8593
mem[X,0x0000000080034DEA] -> 0x2665
[8446] [M]: 0x0000000080034DE8 (0x26658593) addi a1, a1, 0x266
x11 <- 0x6666666666666666
mem[X,0x0000000080034DEC] -> 0x0113
mem[X,0x0000000080034DEE] -> 0x0000
[8447] [M]: 0x0000000080034DEC (0x00000113) addi sp, zero, 0x0
x2 <- 0x0000000000000000
mem[X,0x0000000080034DF0] -> 0x006F
mem[X,0x0000000080034DF2] -> 0x00C0
[8448] [M]: 0x0000000080034DF0 (0x00C0006F) jal zero, 0xc
mem[X,0x0000000080034DFC] -> 0x5063
mem[X,0x0000000080034DFE] -> 0x02B5
[8449] [M]: 0x0000000080034DFC (0x02B55063) bge a0, a1, 0x20
mem[X,0x0000000080034E00] -> 0x0113
mem[X,0x0000000080034E02] -> 0x0021
[8450] [M]: 0x0000000080034E00 (0x00210113) addi sp, sp, 0x2
x2 <- 0x0000000000000002
mem[X,0x0000000080034E04] -> 0x006F
mem[X,0x0000000080034E06] -> 0x0200
[8451] [M]: 0x0000000080034E04 (0x0200006F) jal zero, 0x20
mem[X,0x0000000080034E24] -> 0xB023
mem[X,0x0000000080034E26] -> 0x7E20
[8452] [M]: 0x0000000080034E24 (0x7E20B023) sd sp, 0x7e0(ra)
mem[0x00000000800491B0] <- 0x0000000000000002
mem[X,0x0000000080034E28] -> 0xB537
mem[X,0x0000000080034E2A] -> 0xAAAA
[8453] [M]: 0x0000000080034E28 (0xAAAAB537) lui a0, -0x55555
x10 <- 0xFFFFFFFFAAAAB000
mem[X,0x0000000080034E2C] -> 0x0513
mem[X,0x0000000080034E2E] -> 0xAAA5
[8454] [M]: 0x0000000080034E2C (0xAAA50513) addi a0, a0, -0x556
x10 <- 0xFFFFFFFFAAAAAAAA
mem[X,0x0000000080034E30] -> 0x1513
mem[X,0x0000000080034E32] -> 0x00B5
[8455] [M]: 0x0000000080034E30 (0x00B51513) slli a0, a0, 0xb
x10 <- 0xFFFFFD5555555000
mem[X,0x0000000080034E34] -> 0x0513
mem[X,0x0000000080034E36] -> 0x5555
[8456] [M]: 0x0000000080034E34 (0x55550513) addi a0, a0, 0x555
x10 <- 0xFFFFFD5555555555
mem[X,0x0000000080034E38] -> 0x1513
mem[X,0x0000000080034E3A] -> 0x00B5
[8457] [M]: 0x0000000080034E38 (0x00B51513) slli a0, a0, 0xb
x10 <- 0xFFEAAAAAAAAAA800
mem[X,0x0000000080034E3C] -> 0x0513
mem[X,0x0000000080034E3E] -> 0x2AA5
[8458] [M]: 0x0000000080034E3C (0x2AA50513) addi a0, a0, 0x2aa
x10 <- 0xFFEAAAAAAAAAAAAA
mem[X,0x0000000080034E40] -> 0x1513
mem[X,0x0000000080034E42] -> 0x00A5
[8459] [M]: 0x0000000080034E40 (0x00A51513) slli a0, a0, 0xa
x10 <- 0xAAAAAAAAAAAAA800
mem[X,0x0000000080034E44] -> 0x0513
mem[X,0x0000000080034E46] -> 0x2AB5
[8460] [M]: 0x0000000080034E44 (0x2AB50513) addi a0, a0, 0x2ab
x10 <- 0xAAAAAAAAAAAAAAAB
mem[X,0x0000000080034E48] -> 0x05B7
mem[X,0x0000000080034E4A] -> 0x0000
[8461] [M]: 0x0000000080034E48 (0x000005B7) lui a1, 0x0
x11 <- 0x0000000000000000
mem[X,0x0000000080034E4C] -> 0x8593
mem[X,0x0000000080034E4E] -> 0xFFF5
[8462] [M]: 0x0000000080034E4C (0xFFF58593) addi a1, a1, -0x1
x11 <- 0xFFFFFFFFFFFFFFFF
mem[X,0x0000000080034E50] -> 0x9593
mem[X,0x0000000080034E52] -> 0x00B5
[8463] [M]: 0x0000000080034E50 (0x00B59593) slli a1, a1, 0xb
x11 <- 0xFFFFFFFFFFFFF800
mem[X,0x0000000080034E54] -> 0x8593
mem[X,0x0000000080034E56] -> 0x2575
[8464] [M]: 0x0000000080034E54 (0x25758593) addi a1, a1, 0x257
x11 <- 0xFFFFFFFFFFFFFA57
mem[X,0x0000000080034E58] -> 0x9593
mem[X,0x0000000080034E5A] -> 0x00B5
[8465] [M]: 0x0000000080034E58 (0x00B59593) slli a1, a1, 0xb
x11 <- 0xFFFFFFFFFFD2B800
mem[X,0x0000000080034E5C] -> 0x8593
mem[X,0x0000000080034E5E] -> 0x6C35
[8466] [M]: 0x0000000080034E5C (0x6C358593) addi a1, a1, 0x6c3
x11 <- 0xFFFFFFFFFFD2BEC3
mem[X,0x0000000080034E60] -> 0x9593
mem[X,0x0000000080034E62] -> 0x00A5
[8467] [M]: 0x0000000080034E60 (0x00A59593) slli a1, a1, 0xa
x11 <- 0xFFFFFFFF4AFB0C00
mem[X,0x0000000080034E64] -> 0x8593
mem[X,0x0000000080034E66] -> 0x0CD5
[8468] [M]: 0x0000000080034E64 (0x0CD58593) addi a1, a1, 0xcd
x11 <- 0xFFFFFFFF4AFB0CCD
mem[X,0x0000000080034E68] -> 0x0113
mem[X,0x0000000080034E6A] -> 0x0000
[8469] [M]: 0x0000000080034E68 (0x00000113) addi sp, zero, 0x0
x2 <- 0x0000000000000000
mem[X,0x0000000080034E6C] -> 0x006F
mem[X,0x0000000080034E6E] -> 0x00C0
[8470] [M]: 0x0000000080034E6C (0x00C0006F) jal zero, 0xc
mem[X,0x0000000080034E78] -> 0x5063
mem[X,0x0000000080034E7A] -> 0x04B5
[8471] [M]: 0x0000000080034E78 (0x04B55063) bge a0, a1, 0x40
mem[X,0x0000000080034E7C] -> 0x0113
mem[X,0x0000000080034E7E] -> 0x0021
[8472] [M]: 0x0000000080034E7C (0x00210113) addi sp, sp, 0x2
x2 <- 0x0000000000000002
mem[X,0x0000000080034E80] -> 0x006F
mem[X,0x0000000080034E82] -> 0x0400
[8473] [M]: 0x0000000080034E80 (0x0400006F) jal zero, 0x40
mem[X,0x0000000080034EC0] -> 0xB423
mem[X,0x0000000080034EC2] -> 0x7E20
[8474] [M]: 0x0000000080034EC0 (0x7E20B423) sd sp, 0x7e8(ra)
mem[0x00000000800491B8] <- 0x0000000000000002
mem[X,0x0000000080034EC4] -> 0xB537
mem[X,0x0000000080034EC6] -> 0xAAAA
[8475] [M]: 0x0000000080034EC4 (0xAAAAB537) lui a0, -0x55555
x10 <- 0xFFFFFFFFAAAAB000
mem[X,0x0000000080034EC8] -> 0x0513
mem[X,0x0000000080034ECA] -> 0xAAA5
[8476] [M]: 0x0000000080034EC8 (0xAAA50513) addi a0, a0, -0x556
x10 <- 0xFFFFFFFFAAAAAAAA
mem[X,0x0000000080034ECC] -> 0x1513
mem[X,0x0000000080034ECE] -> 0x00B5
[8477] [M]: 0x0000000080034ECC (0x00B51513) slli a0, a0, 0xb
x10 <- 0xFFFFFD5555555000
mem[X,0x0000000080034ED0] -> 0x0513
mem[X,0x0000000080034ED2] -> 0x5555
[8478] [M]: 0x0000000080034ED0 (0x55550513) addi a0, a0, 0x555
x10 <- 0xFFFFFD5555555555
mem[X,0x0000000080034ED4] -> 0x1513
mem[X,0x0000000080034ED6] -> 0x00B5
[8479] [M]: 0x0000000080034ED4 (0x00B51513) slli a0, a0, 0xb
x10 <- 0xFFEAAAAAAAAAA800
mem[X,0x0000000080034ED8] -> 0x0513
mem[X,0x0000000080034EDA] -> 0x2AA5
[8480] [M]: 0x0000000080034ED8 (0x2AA50513) addi a0, a0, 0x2aa
x10 <- 0xFFEAAAAAAAAAAAAA
mem[X,0x0000000080034EDC] -> 0x1513
mem[X,0x0000000080034EDE] -> 0x00A5
[8481] [M]: 0x0000000080034EDC (0x00A51513) slli a0, a0, 0xa
x10 <- 0xAAAAAAAAAAAAA800
mem[X,0x0000000080034EE0] -> 0x0513
mem[X,0x0000000080034EE2] -> 0x2AB5
[8482] [M]: 0x0000000080034EE0 (0x2AB50513) addi a0, a0, 0x2ab
x10 <- 0xAAAAAAAAAAAAAAAB
mem[X,0x0000000080034EE4] -> 0x05B7
mem[X,0x0000000080034EE6] -> 0x0000
[8483] [M]: 0x0000000080034EE4 (0x000005B7) lui a1, 0x0
x11 <- 0x0000000000000000
mem[X,0x0000000080034EE8] -> 0x8593
mem[X,0x0000000080034EEA] -> 0x0005
[8484] [M]: 0x0000000080034EE8 (0x00058593) addi a1, a1, 0x0
x11 <- 0x0000000000000000
mem[X,0x0000000080034EEC] -> 0x9593
mem[X,0x0000000080034EEE] -> 0x00B5
[8485] [M]: 0x0000000080034EEC (0x00B59593) slli a1, a1, 0xb
x11 <- 0x0000000000000000
mem[X,0x0000000080034EF0] -> 0x8593
mem[X,0x0000000080034EF2] -> 0x5A85
[8486] [M]: 0x0000000080034EF0 (0x5A858593) addi a1, a1, 0x5a8
x11 <- 0x00000000000005A8
mem[X,0x0000000080034EF4] -> 0x9593
mem[X,0x0000000080034EF6] -> 0x00B5
[8487] [M]: 0x0000000080034EF4 (0x00B59593) slli a1, a1, 0xb
x11 <- 0x00000000002D4000
mem[X,0x0000000080034EF8] -> 0x8593
mem[X,0x0000000080034EFA] -> 0x13C5
[8488] [M]: 0x0000000080034EF8 (0x13C58593) addi a1, a1, 0x13c
x11 <- 0x00000000002D413C
mem[X,0x0000000080034EFC] -> 0x9593
mem[X,0x0000000080034EFE] -> 0x00A5
[8489] [M]: 0x0000000080034EFC (0x00A59593) slli a1, a1, 0xa
x11 <- 0x00000000B504F000
mem[X,0x0000000080034F00] -> 0x8593
mem[X,0x0000000080034F02] -> 0x3335
[8490] [M]: 0x0000000080034F00 (0x33358593) addi a1, a1, 0x333
x11 <- 0x00000000B504F333
mem[X,0x0000000080034F04] -> 0x0113
mem[X,0x0000000080034F06] -> 0x0000
[8491] [M]: 0x0000000080034F04 (0x00000113) addi sp, zero, 0x0
x2 <- 0x0000000000000000
mem[X,0x0000000080034F08] -> 0x006F
mem[X,0x0000000080034F0A] -> 0x00C0
[8492] [M]: 0x0000000080034F08 (0x00C0006F) jal zero, 0xc
mem[X,0x0000000080034F14] -> 0x5063
mem[X,0x0000000080034F16] -> 0x04B5
[8493] [M]: 0x0000000080034F14 (0x04B55063) bge a0, a1, 0x40
mem[X,0x0000000080034F18] -> 0x0113
mem[X,0x0000000080034F1A] -> 0x0021
[8494] [M]: 0x0000000080034F18 (0x00210113) addi sp, sp, 0x2
x2 <- 0x0000000000000002
mem[X,0x0000000080034F1C] -> 0x006F
mem[X,0x0000000080034F1E] -> 0x0400
[8495] [M]: 0x0000000080034F1C (0x0400006F) jal zero, 0x40
mem[X,0x0000000080034F5C] -> 0xB823
mem[X,0x0000000080034F5E] -> 0x7E20
[8496] [M]: 0x0000000080034F5C (0x7E20B823) sd sp, 0x7f0(ra)
mem[0x00000000800491C0] <- 0x0000000000000002
mem[X,0x0000000080034F60] -> 0xB537
mem[X,0x0000000080034F62] -> 0xAAAA
[8497] [M]: 0x0000000080034F60 (0xAAAAB537) lui a0, -0x55555
x10 <- 0xFFFFFFFFAAAAB000
mem[X,0x0000000080034F64] -> 0x0513
mem[X,0x0000000080034F66] -> 0xAAA5
[8498] [M]: 0x0000000080034F64 (0xAAA50513) addi a0, a0, -0x556
x10 <- 0xFFFFFFFFAAAAAAAA
mem[X,0x0000000080034F68] -> 0x1513
mem[X,0x0000000080034F6A] -> 0x00B5
[8499] [M]: 0x0000000080034F68 (0x00B51513) slli a0, a0, 0xb
x10 <- 0xFFFFFD5555555000
clint::tick mtime <- 0x0000000000000055
 clint timer pending at mtime 0x0000000000000055
htif::tick 0x0000000000000000
mem[X,0x0000000080034F6C] -> 0x0513
mem[X,0x0000000080034F6E] -> 0x5555
[8500] [M]: 0x0000000080034F6C (0x55550513) addi a0, a0, 0x555
x10 <- 0xFFFFFD5555555555
mem[X,0x0000000080034F70] -> 0x1513
mem[X,0x0000000080034F72] -> 0x00B5
[8501] [M]: 0x0000000080034F70 (0x00B51513) slli a0, a0, 0xb
x10 <- 0xFFEAAAAAAAAAA800
mem[X,0x0000000080034F74] -> 0x0513
mem[X,0x0000000080034F76] -> 0x2AA5
[8502] [M]: 0x0000000080034F74 (0x2AA50513) addi a0, a0, 0x2aa
x10 <- 0xFFEAAAAAAAAAAAAA
mem[X,0x0000000080034F78] -> 0x1513
mem[X,0x0000000080034F7A] -> 0x00A5
[8503] [M]: 0x0000000080034F78 (0x00A51513) slli a0, a0, 0xa
x10 <- 0xAAAAAAAAAAAAA800
mem[X,0x0000000080034F7C] -> 0x0513
mem[X,0x0000000080034F7E] -> 0x2AB5
[8504] [M]: 0x0000000080034F7C (0x2AB50513) addi a0, a0, 0x2ab
x10 <- 0xAAAAAAAAAAAAAAAB
mem[X,0x0000000080034F80] -> 0x0593
mem[X,0x0000000080034F82] -> 0x0020
[8505] [M]: 0x0000000080034F80 (0x00200593) addi a1, zero, 0x2
x11 <- 0x0000000000000002
mem[X,0x0000000080034F84] -> 0x0113
mem[X,0x0000000080034F86] -> 0x0000
[8506] [M]: 0x0000000080034F84 (0x00000113) addi sp, zero, 0x0
x2 <- 0x0000000000000000
mem[X,0x0000000080034F88] -> 0x006F
mem[X,0x0000000080034F8A] -> 0x0050
[8507] [M]: 0x0000000080034F88 (0x0050006F) jal zero, 0x804
mem[X,0x000000008003578C] -> 0x50E3
mem[X,0x000000008003578E] -> 0x80B5
[8508] [M]: 0x000000008003578C (0x80B550E3) bge a0, a1, -0x800
mem[X,0x0000000080035790] -> 0x0113
mem[X,0x0000000080035792] -> 0x0021
[8509] [M]: 0x0000000080035790 (0x00210113) addi sp, sp, 0x2
x2 <- 0x0000000000000002
mem[X,0x0000000080035794] -> 0x006F
mem[X,0x0000000080035796] -> 0x00C0
[8510] [M]: 0x0000000080035794 (0x00C0006F) jal zero, 0xc
mem[X,0x00000000800357A0] -> 0xBC23
mem[X,0x00000000800357A2] -> 0x7E20
[8511] [M]: 0x00000000800357A0 (0x7E20BC23) sd sp, 0x7f8(ra)
mem[0x00000000800491C8] <- 0x0000000000000002
mem[X,0x00000000800357A4] -> 0x0013
mem[X,0x00000000800357A6] -> 0x0000
[8512] [M]: 0x00000000800357A4 (0x00000013) addi zero, zero, 0x0
mem[X,0x00000000800357A8] -> 0x0013
mem[X,0x00000000800357AA] -> 0x0000
[8513] [M]: 0x00000000800357A8 (0x00000013) addi zero, zero, 0x0
mem[X,0x00000000800357AC] -> 0x0013
mem[X,0x00000000800357AE] -> 0x0000
[8514] [M]: 0x00000000800357AC (0x00000013) addi zero, zero, 0x0
mem[X,0x00000000800357B0] -> 0x0013
mem[X,0x00000000800357B2] -> 0x0000
[8515] [M]: 0x00000000800357B0 (0x00000013) addi zero, zero, 0x0
mem[X,0x00000000800357B4] -> 0x0013
mem[X,0x00000000800357B6] -> 0x0000
[8516] [M]: 0x00000000800357B4 (0x00000013) addi zero, zero, 0x0
mem[X,0x00000000800357B8] -> 0x0013
mem[X,0x00000000800357BA] -> 0x0000
[8517] [M]: 0x00000000800357B8 (0x00000013) addi zero, zero, 0x0
mem[X,0x00000000800357BC] -> 0x0013
mem[X,0x00000000800357BE] -> 0x0000
[8518] [M]: 0x00000000800357BC (0x00000013) addi zero, zero, 0x0
mem[X,0x00000000800357C0] -> 0x4097
mem[X,0x00000000800357C2] -> 0x0001
[8519] [M]: 0x00000000800357C0 (0x00014097) auipc ra, 0x14
x1 <- 0x00000000800497C0
mem[X,0x00000000800357C4] -> 0x8093
mem[X,0x00000000800357C6] -> 0xA100
[8520] [M]: 0x00000000800357C4 (0xA1008093) addi ra, ra, -0x5f0
x1 <- 0x00000000800491D0
mem[X,0x00000000800357C8] -> 0x0013
mem[X,0x00000000800357CA] -> 0x0000
[8521] [M]: 0x00000000800357C8 (0x00000013) addi zero, zero, 0x0
mem[X,0x00000000800357CC] -> 0x0013
mem[X,0x00000000800357CE] -> 0x0000
[8522] [M]: 0x00000000800357CC (0x00000013) addi zero, zero, 0x0
mem[X,0x00000000800357D0] -> 0x0013
mem[X,0x00000000800357D2] -> 0x0000
[8523] [M]: 0x00000000800357D0 (0x00000013) addi zero, zero, 0x0
mem[X,0x00000000800357D4] -> 0x0013
mem[X,0x00000000800357D6] -> 0x0000
[8524] [M]: 0x00000000800357D4 (0x00000013) addi zero, zero, 0x0
mem[X,0x00000000800357D8] -> 0x0013
mem[X,0x00000000800357DA] -> 0x0000
[8525] [M]: 0x00000000800357D8 (0x00000013) addi zero, zero, 0x0
mem[X,0x00000000800357DC] -> 0x0013
mem[X,0x00000000800357DE] -> 0x0000
[8526] [M]: 0x00000000800357DC (0x00000013) addi zero, zero, 0x0
mem[X,0x00000000800357E0] -> 0xB537
mem[X,0x00000000800357E2] -> 0xAAAA
[8527] [M]: 0x00000000800357E0 (0xAAAAB537) lui a0, -0x55555
x10 <- 0xFFFFFFFFAAAAB000
mem[X,0x00000000800357E4] -> 0x0513
mem[X,0x00000000800357E6] -> 0xAAA5
[8528] [M]: 0x00000000800357E4 (0xAAA50513) addi a0, a0, -0x556
x10 <- 0xFFFFFFFFAAAAAAAA
mem[X,0x00000000800357E8] -> 0x1513
mem[X,0x00000000800357EA] -> 0x00B5
[8529] [M]: 0x00000000800357E8 (0x00B51513) slli a0, a0, 0xb
x10 <- 0xFFFFFD5555555000
mem[X,0x00000000800357EC] -> 0x0513
mem[X,0x00000000800357EE] -> 0x5555
[8530] [M]: 0x00000000800357EC (0x55550513) addi a0, a0, 0x555
x10 <- 0xFFFFFD5555555555
mem[X,0x00000000800357F0] -> 0x1513
mem[X,0x00000000800357F2] -> 0x00B5
[8531] [M]: 0x00000000800357F0 (0x00B51513) slli a0, a0, 0xb
x10 <- 0xFFEAAAAAAAAAA800
mem[X,0x00000000800357F4] -> 0x0513
mem[X,0x00000000800357F6] -> 0x2AA5
[8532] [M]: 0x00000000800357F4 (0x2AA50513) addi a0, a0, 0x2aa
x10 <- 0xFFEAAAAAAAAAAAAA
mem[X,0x00000000800357F8] -> 0x1513
mem[X,0x00000000800357FA] -> 0x00A5
[8533] [M]: 0x00000000800357F8 (0x00A51513) slli a0, a0, 0xa
x10 <- 0xAAAAAAAAAAAAA800
mem[X,0x00000000800357FC] -> 0x0513
mem[X,0x00000000800357FE] -> 0x2AB5
[8534] [M]: 0x00000000800357FC (0x2AB50513) addi a0, a0, 0x2ab
x10 <- 0xAAAAAAAAAAAAAAAB
mem[X,0x0000000080035800] -> 0x55B7
mem[X,0x0000000080035802] -> 0x5555
[8535] [M]: 0x0000000080035800 (0x555555B7) lui a1, 0x55555
x11 <- 0x0000000055555000
mem[X,0x0000000080035804] -> 0x8593
mem[X,0x0000000080035806] -> 0x5555
[8536] [M]: 0x0000000080035804 (0x55558593) addi a1, a1, 0x555
x11 <- 0x0000000055555555
mem[X,0x0000000080035808] -> 0x9593
mem[X,0x000000008003580A] -> 0x00B5
[8537] [M]: 0x0000000080035808 (0x00B59593) slli a1, a1, 0xb
x11 <- 0x000002AAAAAAA800
mem[X,0x000000008003580C] -> 0x8593
mem[X,0x000000008003580E] -> 0x2AA5
[8538] [M]: 0x000000008003580C (0x2AA58593) addi a1, a1, 0x2aa
x11 <- 0x000002AAAAAAAAAA
mem[X,0x0000000080035810] -> 0x9593
mem[X,0x0000000080035812] -> 0x00B5
[8539] [M]: 0x0000000080035810 (0x00B59593) slli a1, a1, 0xb
x11 <- 0x0015555555555000
mem[X,0x0000000080035814] -> 0x8593
mem[X,0x0000000080035816] -> 0x5555
[8540] [M]: 0x0000000080035814 (0x55558593) addi a1, a1, 0x555
x11 <- 0x0015555555555555
mem[X,0x0000000080035818] -> 0x9593
mem[X,0x000000008003581A] -> 0x00A5
[8541] [M]: 0x0000000080035818 (0x00A59593) slli a1, a1, 0xa
x11 <- 0x5555555555555400
mem[X,0x000000008003581C] -> 0x8593
mem[X,0x000000008003581E] -> 0x1545
[8542] [M]: 0x000000008003581C (0x15458593) addi a1, a1, 0x154
x11 <- 0x5555555555555554
mem[X,0x0000000080035820] -> 0x0113
mem[X,0x0000000080035822] -> 0x0000
[8543] [M]: 0x0000000080035820 (0x00000113) addi sp, zero, 0x0
x2 <- 0x0000000000000000
mem[X,0x0000000080035824] -> 0x006F
mem[X,0x0000000080035826] -> 0x00C0
[8544] [M]: 0x0000000080035824 (0x00C0006F) jal zero, 0xc
mem[X,0x0000000080035830] -> 0x5CE3
mem[X,0x0000000080035832] -> 0xFEB5
[8545] [M]: 0x0000000080035830 (0xFEB55CE3) bge a0, a1, -0x8
mem[X,0x0000000080035834] -> 0x0113
mem[X,0x0000000080035836] -> 0x0021
[8546] [M]: 0x0000000080035834 (0x00210113) addi sp, sp, 0x2
x2 <- 0x0000000000000002
mem[X,0x0000000080035838] -> 0x006F
mem[X,0x000000008003583A] -> 0x00C0
[8547] [M]: 0x0000000080035838 (0x00C0006F) jal zero, 0xc
mem[X,0x0000000080035844] -> 0xB023
mem[X,0x0000000080035846] -> 0x0020
[8548] [M]: 0x0000000080035844 (0x0020B023) sd sp, 0x0(ra)
mem[0x00000000800491D0] <- 0x0000000000000002
mem[X,0x0000000080035848] -> 0xB537
mem[X,0x000000008003584A] -> 0xAAAA
[8549] [M]: 0x0000000080035848 (0xAAAAB537) lui a0, -0x55555
x10 <- 0xFFFFFFFFAAAAB000
mem[X,0x000000008003584C] -> 0x0513
mem[X,0x000000008003584E] -> 0xAAA5
[8550] [M]: 0x000000008003584C (0xAAA50513) addi a0, a0, -0x556
x10 <- 0xFFFFFFFFAAAAAAAA
mem[X,0x0000000080035850] -> 0x1513
mem[X,0x0000000080035852] -> 0x00B5
[8551] [M]: 0x0000000080035850 (0x00B51513) slli a0, a0, 0xb
x10 <- 0xFFFFFD5555555000
mem[X,0x0000000080035854] -> 0x0513
mem[X,0x0000000080035856] -> 0x5555
[8552] [M]: 0x0000000080035854 (0x55550513) addi a0, a0, 0x555
x10 <- 0xFFFFFD5555555555
mem[X,0x0000000080035858] -> 0x1513
mem[X,0x000000008003585A] -> 0x00B5
[8553] [M]: 0x0000000080035858 (0x00B51513) slli a0, a0, 0xb
x10 <- 0xFFEAAAAAAAAAA800
mem[X,0x000000008003585C] -> 0x0513
mem[X,0x000000008003585E] -> 0x2AA5
[8554] [M]: 0x000000008003585C (0x2AA50513) addi a0, a0, 0x2aa
x10 <- 0xFFEAAAAAAAAAAAAA
mem[X,0x0000000080035860] -> 0x1513
mem[X,0x0000000080035862] -> 0x00A5
[8555] [M]: 0x0000000080035860 (0x00A51513) slli a0, a0, 0xa
x10 <- 0xAAAAAAAAAAAAA800
mem[X,0x0000000080035864] -> 0x0513
mem[X,0x0000000080035866] -> 0x2AB5
[8556] [M]: 0x0000000080035864 (0x2AB50513) addi a0, a0, 0x2ab
x10 <- 0xAAAAAAAAAAAAAAAB
mem[X,0x0000000080035868] -> 0x0593
mem[X,0x000000008003586A] -> 0x0000
[8557] [M]: 0x0000000080035868 (0x00000593) addi a1, zero, 0x0
x11 <- 0x0000000000000000
mem[X,0x000000008003586C] -> 0x0113
mem[X,0x000000008003586E] -> 0x0000
[8558] [M]: 0x000000008003586C (0x00000113) addi sp, zero, 0x0
x2 <- 0x0000000000000000
mem[X,0x0000000080035870] -> 0x006F
mem[X,0x0000000080035872] -> 0x00C0
[8559] [M]: 0x0000000080035870 (0x00C0006F) jal zero, 0xc
mem[X,0x000000008003587C] -> 0x5063
mem[X,0x000000008003587E] -> 0x08B5
[8560] [M]: 0x000000008003587C (0x08B55063) bge a0, a1, 0x80
mem[X,0x0000000080035880] -> 0x0113
mem[X,0x0000000080035882] -> 0x0021
[8561] [M]: 0x0000000080035880 (0x00210113) addi sp, sp, 0x2
x2 <- 0x0000000000000002
mem[X,0x0000000080035884] -> 0x006F
mem[X,0x0000000080035886] -> 0x0800
[8562] [M]: 0x0000000080035884 (0x0800006F) jal zero, 0x80
mem[X,0x0000000080035904] -> 0xB423
mem[X,0x0000000080035906] -> 0x0020
[8563] [M]: 0x0000000080035904 (0x0020B423) sd sp, 0x8(ra)
mem[0x00000000800491D8] <- 0x0000000000000002
mem[X,0x0000000080035908] -> 0xB537
mem[X,0x000000008003590A] -> 0xAAAA
[8564] [M]: 0x0000000080035908 (0xAAAAB537) lui a0, -0x55555
x10 <- 0xFFFFFFFFAAAAB000
mem[X,0x000000008003590C] -> 0x0513
mem[X,0x000000008003590E] -> 0xAAA5
[8565] [M]: 0x000000008003590C (0xAAA50513) addi a0, a0, -0x556
x10 <- 0xFFFFFFFFAAAAAAAA
mem[X,0x0000000080035910] -> 0x1513
mem[X,0x0000000080035912] -> 0x00B5
[8566] [M]: 0x0000000080035910 (0x00B51513) slli a0, a0, 0xb
x10 <- 0xFFFFFD5555555000
mem[X,0x0000000080035914] -> 0x0513
mem[X,0x0000000080035916] -> 0x5555
[8567] [M]: 0x0000000080035914 (0x55550513) addi a0, a0, 0x555
x10 <- 0xFFFFFD5555555555
mem[X,0x0000000080035918] -> 0x1513
mem[X,0x000000008003591A] -> 0x00B5
[8568] [M]: 0x0000000080035918 (0x00B51513) slli a0, a0, 0xb
x10 <- 0xFFEAAAAAAAAAA800
mem[X,0x000000008003591C] -> 0x0513
mem[X,0x000000008003591E] -> 0x2AA5
[8569] [M]: 0x000000008003591C (0x2AA50513) addi a0, a0, 0x2aa
x10 <- 0xFFEAAAAAAAAAAAAA
mem[X,0x0000000080035920] -> 0x1513
mem[X,0x0000000080035922] -> 0x00A5
[8570] [M]: 0x0000000080035920 (0x00A51513) slli a0, a0, 0xa
x10 <- 0xAAAAAAAAAAAAA800
mem[X,0x0000000080035924] -> 0x0513
mem[X,0x0000000080035926] -> 0x2AB5
[8571] [M]: 0x0000000080035924 (0x2AB50513) addi a0, a0, 0x2ab
x10 <- 0xAAAAAAAAAAAAAAAB
mem[X,0x0000000080035928] -> 0x0593
mem[X,0x000000008003592A] -> 0x0040
[8572] [M]: 0x0000000080035928 (0x00400593) addi a1, zero, 0x4
x11 <- 0x0000000000000004
mem[X,0x000000008003592C] -> 0x0113
mem[X,0x000000008003592E] -> 0x0000
[8573] [M]: 0x000000008003592C (0x00000113) addi sp, zero, 0x0
x2 <- 0x0000000000000000
mem[X,0x0000000080035930] -> 0x006F
mem[X,0x0000000080035932] -> 0x00C0
[8574] [M]: 0x0000000080035930 (0x00C0006F) jal zero, 0xc
mem[X,0x000000008003593C] -> 0x5663
mem[X,0x000000008003593E] -> 0x00B5
[8575] [M]: 0x000000008003593C (0x00B55663) bge a0, a1, 0xc
mem[X,0x0000000080035940] -> 0x0113
mem[X,0x0000000080035942] -> 0x0021
[8576] [M]: 0x0000000080035940 (0x00210113) addi sp, sp, 0x2
x2 <- 0x0000000000000002
mem[X,0x0000000080035944] -> 0x006F
mem[X,0x0000000080035946] -> 0x00C0
[8577] [M]: 0x0000000080035944 (0x00C0006F) jal zero, 0xc
mem[X,0x0000000080035950] -> 0xB823
mem[X,0x0000000080035952] -> 0x0020
[8578] [M]: 0x0000000080035950 (0x0020B823) sd sp, 0x10(ra)
mem[0x00000000800491E0] <- 0x0000000000000002
mem[X,0x0000000080035954] -> 0xB537
mem[X,0x0000000080035956] -> 0xAAAA
[8579] [M]: 0x0000000080035954 (0xAAAAB537) lui a0, -0x55555
x10 <- 0xFFFFFFFFAAAAB000
mem[X,0x0000000080035958] -> 0x0513
mem[X,0x000000008003595A] -> 0xAAA5
[8580] [M]: 0x0000000080035958 (0xAAA50513) addi a0, a0, -0x556
x10 <- 0xFFFFFFFFAAAAAAAA
mem[X,0x000000008003595C] -> 0x1513
mem[X,0x000000008003595E] -> 0x00B5
[8581] [M]: 0x000000008003595C (0x00B51513) slli a0, a0, 0xb
x10 <- 0xFFFFFD5555555000
mem[X,0x0000000080035960] -> 0x0513
mem[X,0x0000000080035962] -> 0x5555
[8582] [M]: 0x0000000080035960 (0x55550513) addi a0, a0, 0x555
x10 <- 0xFFFFFD5555555555
mem[X,0x0000000080035964] -> 0x1513
mem[X,0x0000000080035966] -> 0x00B5
[8583] [M]: 0x0000000080035964 (0x00B51513) slli a0, a0, 0xb
x10 <- 0xFFEAAAAAAAAAA800
mem[X,0x0000000080035968] -> 0x0513
mem[X,0x000000008003596A] -> 0x2AA5
[8584] [M]: 0x0000000080035968 (0x2AA50513) addi a0, a0, 0x2aa
x10 <- 0xFFEAAAAAAAAAAAAA
mem[X,0x000000008003596C] -> 0x1513
mem[X,0x000000008003596E] -> 0x00A5
[8585] [M]: 0x000000008003596C (0x00A51513) slli a0, a0, 0xa
x10 <- 0xAAAAAAAAAAAAA800
mem[X,0x0000000080035970] -> 0x0513
mem[X,0x0000000080035972] -> 0x2AB5
[8586] [M]: 0x0000000080035970 (0x2AB50513) addi a0, a0, 0x2ab
x10 <- 0xAAAAAAAAAAAAAAAB
mem[X,0x0000000080035974] -> 0x35B7
mem[X,0x0000000080035976] -> 0x3333
[8587] [M]: 0x0000000080035974 (0x333335B7) lui a1, 0x33333
x11 <- 0x0000000033333000
mem[X,0x0000000080035978] -> 0x8593
mem[X,0x000000008003597A] -> 0x3335
[8588] [M]: 0x0000000080035978 (0x33358593) addi a1, a1, 0x333
x11 <- 0x0000000033333333
mem[X,0x000000008003597C] -> 0x9593
mem[X,0x000000008003597E] -> 0x00B5
[8589] [M]: 0x000000008003597C (0x00B59593) slli a1, a1, 0xb
x11 <- 0x0000019999999800
mem[X,0x0000000080035980] -> 0x8593
mem[X,0x0000000080035982] -> 0x1995
[8590] [M]: 0x0000000080035980 (0x19958593) addi a1, a1, 0x199
x11 <- 0x0000019999999999
mem[X,0x0000000080035984] -> 0x9593
mem[X,0x0000000080035986] -> 0x00B5
[8591] [M]: 0x0000000080035984 (0x00B59593) slli a1, a1, 0xb
x11 <- 0x000CCCCCCCCCC800
mem[X,0x0000000080035988] -> 0x8593
mem[X,0x000000008003598A] -> 0x4CC5
[8592] [M]: 0x0000000080035988 (0x4CC58593) addi a1, a1, 0x4cc
x11 <- 0x000CCCCCCCCCCCCC
mem[X,0x000000008003598C] -> 0x9593
mem[X,0x000000008003598E] -> 0x00A5
[8593] [M]: 0x000000008003598C (0x00A59593) slli a1, a1, 0xa
x11 <- 0x3333333333333000
mem[X,0x0000000080035990] -> 0x8593
mem[X,0x0000000080035992] -> 0x3325
[8594] [M]: 0x0000000080035990 (0x33258593) addi a1, a1, 0x332
x11 <- 0x3333333333333332
mem[X,0x0000000080035994] -> 0x0113
mem[X,0x0000000080035996] -> 0x0000
[8595] [M]: 0x0000000080035994 (0x00000113) addi sp, zero, 0x0
x2 <- 0x0000000000000000
mem[X,0x0000000080035998] -> 0x006F
mem[X,0x000000008003599A] -> 0x2B10
[8596] [M]: 0x0000000080035998 (0x2B10006F) jal zero, 0xab0
mem[X,0x0000000080036448] -> 0x5A63
mem[X,0x000000008003644A] -> 0xD4B5
[8597] [M]: 0x0000000080036448 (0xD4B55A63) bge a0, a1, -0xaac
mem[X,0x000000008003644C] -> 0x0113
mem[X,0x000000008003644E] -> 0x0021
[8598] [M]: 0x000000008003644C (0x00210113) addi sp, sp, 0x2
x2 <- 0x0000000000000002
mem[X,0x0000000080036450] -> 0x006F
mem[X,0x0000000080036452] -> 0x00C0
[8599] [M]: 0x0000000080036450 (0x00C0006F) jal zero, 0xc
clint::tick mtime <- 0x0000000000000056
 clint timer pending at mtime 0x0000000000000056
htif::tick 0x0000000000000000
mem[X,0x000000008003645C] -> 0xBC23
mem[X,0x000000008003645E] -> 0x0020
[8600] [M]: 0x000000008003645C (0x0020BC23) sd sp, 0x18(ra)
mem[0x00000000800491E8] <- 0x0000000000000002
mem[X,0x0000000080036460] -> 0xB537
mem[X,0x0000000080036462] -> 0xAAAA
[8601] [M]: 0x0000000080036460 (0xAAAAB537) lui a0, -0x55555
x10 <- 0xFFFFFFFFAAAAB000
mem[X,0x0000000080036464] -> 0x0513
mem[X,0x0000000080036466] -> 0xAAA5
[8602] [M]: 0x0000000080036464 (0xAAA50513) addi a0, a0, -0x556
x10 <- 0xFFFFFFFFAAAAAAAA
mem[X,0x0000000080036468] -> 0x1513
mem[X,0x000000008003646A] -> 0x00B5
[8603] [M]: 0x0000000080036468 (0x00B51513) slli a0, a0, 0xb
x10 <- 0xFFFFFD5555555000
mem[X,0x000000008003646C] -> 0x0513
mem[X,0x000000008003646E] -> 0x5555
[8604] [M]: 0x000000008003646C (0x55550513) addi a0, a0, 0x555
x10 <- 0xFFFFFD5555555555
mem[X,0x0000000080036470] -> 0x1513
mem[X,0x0000000080036472] -> 0x00B5
[8605] [M]: 0x0000000080036470 (0x00B51513) slli a0, a0, 0xb
x10 <- 0xFFEAAAAAAAAAA800
mem[X,0x0000000080036474] -> 0x0513
mem[X,0x0000000080036476] -> 0x2AA5
[8606] [M]: 0x0000000080036474 (0x2AA50513) addi a0, a0, 0x2aa
x10 <- 0xFFEAAAAAAAAAAAAA
mem[X,0x0000000080036478] -> 0x1513
mem[X,0x000000008003647A] -> 0x00A5
[8607] [M]: 0x0000000080036478 (0x00A51513) slli a0, a0, 0xa
x10 <- 0xAAAAAAAAAAAAA800
mem[X,0x000000008003647C] -> 0x0513
mem[X,0x000000008003647E] -> 0x2AB5
[8608] [M]: 0x000000008003647C (0x2AB50513) addi a0, a0, 0x2ab
x10 <- 0xAAAAAAAAAAAAAAAB
mem[X,0x0000000080036480] -> 0x65B7
mem[X,0x0000000080036482] -> 0x6666
[8609] [M]: 0x0000000080036480 (0x666665B7) lui a1, 0x66666
x11 <- 0x0000000066666000
mem[X,0x0000000080036484] -> 0x8593
mem[X,0x0000000080036486] -> 0x6665
[8610] [M]: 0x0000000080036484 (0x66658593) addi a1, a1, 0x666
x11 <- 0x0000000066666666
mem[X,0x0000000080036488] -> 0x9593
mem[X,0x000000008003648A] -> 0x00B5
[8611] [M]: 0x0000000080036488 (0x00B59593) slli a1, a1, 0xb
x11 <- 0x0000033333333000
mem[X,0x000000008003648C] -> 0x8593
mem[X,0x000000008003648E] -> 0x3335
[8612] [M]: 0x000000008003648C (0x33358593) addi a1, a1, 0x333
x11 <- 0x0000033333333333
mem[X,0x0000000080036490] -> 0x9593
mem[X,0x0000000080036492] -> 0x00B5
[8613] [M]: 0x0000000080036490 (0x00B59593) slli a1, a1, 0xb
x11 <- 0x0019999999999800
mem[X,0x0000000080036494] -> 0x8593
mem[X,0x0000000080036496] -> 0x1995
[8614] [M]: 0x0000000080036494 (0x19958593) addi a1, a1, 0x199
x11 <- 0x0019999999999999
mem[X,0x0000000080036498] -> 0x9593
mem[X,0x000000008003649A] -> 0x00A5
[8615] [M]: 0x0000000080036498 (0x00A59593) slli a1, a1, 0xa
x11 <- 0x6666666666666400
mem[X,0x000000008003649C] -> 0x8593
mem[X,0x000000008003649E] -> 0x2655
[8616] [M]: 0x000000008003649C (0x26558593) addi a1, a1, 0x265
x11 <- 0x6666666666666665
mem[X,0x00000000800364A0] -> 0x0113
mem[X,0x00000000800364A2] -> 0x0000
[8617] [M]: 0x00000000800364A0 (0x00000113) addi sp, zero, 0x0
x2 <- 0x0000000000000000
mem[X,0x00000000800364A4] -> 0x006F
mem[X,0x00000000800364A6] -> 0x00C0
[8618] [M]: 0x00000000800364A4 (0x00C0006F) jal zero, 0xc
mem[X,0x00000000800364B0] -> 0x5CE3
mem[X,0x00000000800364B2] -> 0xFEB5
[8619] [M]: 0x00000000800364B0 (0xFEB55CE3) bge a0, a1, -0x8
mem[X,0x00000000800364B4] -> 0x0113
mem[X,0x00000000800364B6] -> 0x0021
[8620] [M]: 0x00000000800364B4 (0x00210113) addi sp, sp, 0x2
x2 <- 0x0000000000000002
mem[X,0x00000000800364B8] -> 0x006F
mem[X,0x00000000800364BA] -> 0x00C0
[8621] [M]: 0x00000000800364B8 (0x00C0006F) jal zero, 0xc
mem[X,0x00000000800364C4] -> 0xB023
mem[X,0x00000000800364C6] -> 0x0220
[8622] [M]: 0x00000000800364C4 (0x0220B023) sd sp, 0x20(ra)
mem[0x00000000800491F0] <- 0x0000000000000002
mem[X,0x00000000800364C8] -> 0xB537
mem[X,0x00000000800364CA] -> 0xAAAA
[8623] [M]: 0x00000000800364C8 (0xAAAAB537) lui a0, -0x55555
x10 <- 0xFFFFFFFFAAAAB000
mem[X,0x00000000800364CC] -> 0x0513
mem[X,0x00000000800364CE] -> 0xAAA5
[8624] [M]: 0x00000000800364CC (0xAAA50513) addi a0, a0, -0x556
x10 <- 0xFFFFFFFFAAAAAAAA
mem[X,0x00000000800364D0] -> 0x1513
mem[X,0x00000000800364D2] -> 0x00B5
[8625] [M]: 0x00000000800364D0 (0x00B51513) slli a0, a0, 0xb
x10 <- 0xFFFFFD5555555000
mem[X,0x00000000800364D4] -> 0x0513
mem[X,0x00000000800364D6] -> 0x5555
[8626] [M]: 0x00000000800364D4 (0x55550513) addi a0, a0, 0x555
x10 <- 0xFFFFFD5555555555
mem[X,0x00000000800364D8] -> 0x1513
mem[X,0x00000000800364DA] -> 0x00B5
[8627] [M]: 0x00000000800364D8 (0x00B51513) slli a0, a0, 0xb
x10 <- 0xFFEAAAAAAAAAA800
mem[X,0x00000000800364DC] -> 0x0513
mem[X,0x00000000800364DE] -> 0x2AA5
[8628] [M]: 0x00000000800364DC (0x2AA50513) addi a0, a0, 0x2aa
x10 <- 0xFFEAAAAAAAAAAAAA
mem[X,0x00000000800364E0] -> 0x1513
mem[X,0x00000000800364E2] -> 0x00A5
[8629] [M]: 0x00000000800364E0 (0x00A51513) slli a0, a0, 0xa
x10 <- 0xAAAAAAAAAAAAA800
mem[X,0x00000000800364E4] -> 0x0513
mem[X,0x00000000800364E6] -> 0x2AB5
[8630] [M]: 0x00000000800364E4 (0x2AB50513) addi a0, a0, 0x2ab
x10 <- 0xAAAAAAAAAAAAAAAB
mem[X,0x00000000800364E8] -> 0x05B7
mem[X,0x00000000800364EA] -> 0x0000
[8631] [M]: 0x00000000800364E8 (0x000005B7) lui a1, 0x0
x11 <- 0x0000000000000000
mem[X,0x00000000800364EC] -> 0x8593
mem[X,0x00000000800364EE] -> 0x0005
[8632] [M]: 0x00000000800364EC (0x00058593) addi a1, a1, 0x0
x11 <- 0x0000000000000000
mem[X,0x00000000800364F0] -> 0x9593
mem[X,0x00000000800364F2] -> 0x00B5
[8633] [M]: 0x00000000800364F0 (0x00B59593) slli a1, a1, 0xb
x11 <- 0x0000000000000000
mem[X,0x00000000800364F4] -> 0x8593
mem[X,0x00000000800364F6] -> 0x5A85
[8634] [M]: 0x00000000800364F4 (0x5A858593) addi a1, a1, 0x5a8
x11 <- 0x00000000000005A8
mem[X,0x00000000800364F8] -> 0x9593
mem[X,0x00000000800364FA] -> 0x00B5
[8635] [M]: 0x00000000800364F8 (0x00B59593) slli a1, a1, 0xb
x11 <- 0x00000000002D4000
mem[X,0x00000000800364FC] -> 0x8593
mem[X,0x00000000800364FE] -> 0x13C5
[8636] [M]: 0x00000000800364FC (0x13C58593) addi a1, a1, 0x13c
x11 <- 0x00000000002D413C
mem[X,0x0000000080036500] -> 0x9593
mem[X,0x0000000080036502] -> 0x00A5
[8637] [M]: 0x0000000080036500 (0x00A59593) slli a1, a1, 0xa
x11 <- 0x00000000B504F000
mem[X,0x0000000080036504] -> 0x8593
mem[X,0x0000000080036506] -> 0x3325
[8638] [M]: 0x0000000080036504 (0x33258593) addi a1, a1, 0x332
x11 <- 0x00000000B504F332
mem[X,0x0000000080036508] -> 0x0113
mem[X,0x000000008003650A] -> 0x0000
[8639] [M]: 0x0000000080036508 (0x00000113) addi sp, zero, 0x0
x2 <- 0x0000000000000000
mem[X,0x000000008003650C] -> 0x006F
mem[X,0x000000008003650E] -> 0x00C0
[8640] [M]: 0x000000008003650C (0x00C0006F) jal zero, 0xc
mem[X,0x0000000080036518] -> 0x5863
mem[X,0x000000008003651A] -> 0x00B5
[8641] [M]: 0x0000000080036518 (0x00B55863) bge a0, a1, 0x10
mem[X,0x000000008003651C] -> 0x0113
mem[X,0x000000008003651E] -> 0x0021
[8642] [M]: 0x000000008003651C (0x00210113) addi sp, sp, 0x2
x2 <- 0x0000000000000002
mem[X,0x0000000080036520] -> 0x006F
mem[X,0x0000000080036522] -> 0x0100
[8643] [M]: 0x0000000080036520 (0x0100006F) jal zero, 0x10
mem[X,0x0000000080036530] -> 0xB423
mem[X,0x0000000080036532] -> 0x0220
[8644] [M]: 0x0000000080036530 (0x0220B423) sd sp, 0x28(ra)
mem[0x00000000800491F8] <- 0x0000000000000002
mem[X,0x0000000080036534] -> 0xB537
mem[X,0x0000000080036536] -> 0xAAAA
[8645] [M]: 0x0000000080036534 (0xAAAAB537) lui a0, -0x55555
x10 <- 0xFFFFFFFFAAAAB000
mem[X,0x0000000080036538] -> 0x0513
mem[X,0x000000008003653A] -> 0xAAA5
[8646] [M]: 0x0000000080036538 (0xAAA50513) addi a0, a0, -0x556
x10 <- 0xFFFFFFFFAAAAAAAA
mem[X,0x000000008003653C] -> 0x1513
mem[X,0x000000008003653E] -> 0x00B5
[8647] [M]: 0x000000008003653C (0x00B51513) slli a0, a0, 0xb
x10 <- 0xFFFFFD5555555000
mem[X,0x0000000080036540] -> 0x0513
mem[X,0x0000000080036542] -> 0x5555
[8648] [M]: 0x0000000080036540 (0x55550513) addi a0, a0, 0x555
x10 <- 0xFFFFFD5555555555
mem[X,0x0000000080036544] -> 0x1513
mem[X,0x0000000080036546] -> 0x00B5
[8649] [M]: 0x0000000080036544 (0x00B51513) slli a0, a0, 0xb
x10 <- 0xFFEAAAAAAAAAA800
mem[X,0x0000000080036548] -> 0x0513
mem[X,0x000000008003654A] -> 0x2AA5
[8650] [M]: 0x0000000080036548 (0x2AA50513) addi a0, a0, 0x2aa
x10 <- 0xFFEAAAAAAAAAAAAA
mem[X,0x000000008003654C] -> 0x1513
mem[X,0x000000008003654E] -> 0x00A5
[8651] [M]: 0x000000008003654C (0x00A51513) slli a0, a0, 0xa
x10 <- 0xAAAAAAAAAAAAA800
mem[X,0x0000000080036550] -> 0x0513
mem[X,0x0000000080036552] -> 0x2AB5
[8652] [M]: 0x0000000080036550 (0x2AB50513) addi a0, a0, 0x2ab
x10 <- 0xAAAAAAAAAAAAAAAB
mem[X,0x0000000080036554] -> 0x55B7
mem[X,0x0000000080036556] -> 0x5555
[8653] [M]: 0x0000000080036554 (0x555555B7) lui a1, 0x55555
x11 <- 0x0000000055555000
mem[X,0x0000000080036558] -> 0x8593
mem[X,0x000000008003655A] -> 0x5555
[8654] [M]: 0x0000000080036558 (0x55558593) addi a1, a1, 0x555
x11 <- 0x0000000055555555
mem[X,0x000000008003655C] -> 0x9593
mem[X,0x000000008003655E] -> 0x00B5
[8655] [M]: 0x000000008003655C (0x00B59593) slli a1, a1, 0xb
x11 <- 0x000002AAAAAAA800
mem[X,0x0000000080036560] -> 0x8593
mem[X,0x0000000080036562] -> 0x2AA5
[8656] [M]: 0x0000000080036560 (0x2AA58593) addi a1, a1, 0x2aa
x11 <- 0x000002AAAAAAAAAA
mem[X,0x0000000080036564] -> 0x9593
mem[X,0x0000000080036566] -> 0x00B5
[8657] [M]: 0x0000000080036564 (0x00B59593) slli a1, a1, 0xb
x11 <- 0x0015555555555000
mem[X,0x0000000080036568] -> 0x8593
mem[X,0x000000008003656A] -> 0x5555
[8658] [M]: 0x0000000080036568 (0x55558593) addi a1, a1, 0x555
x11 <- 0x0015555555555555
mem[X,0x000000008003656C] -> 0x9593
mem[X,0x000000008003656E] -> 0x00A5
[8659] [M]: 0x000000008003656C (0x00A59593) slli a1, a1, 0xa
x11 <- 0x5555555555555400
mem[X,0x0000000080036570] -> 0x8593
mem[X,0x0000000080036572] -> 0x1565
[8660] [M]: 0x0000000080036570 (0x15658593) addi a1, a1, 0x156
x11 <- 0x5555555555555556
mem[X,0x0000000080036574] -> 0x0113
mem[X,0x0000000080036576] -> 0x0000
[8661] [M]: 0x0000000080036574 (0x00000113) addi sp, zero, 0x0
x2 <- 0x0000000000000000
mem[X,0x0000000080036578] -> 0x006F
mem[X,0x000000008003657A] -> 0x0100
[8662] [M]: 0x0000000080036578 (0x0100006F) jal zero, 0x10
mem[X,0x0000000080036588] -> 0x5AE3
mem[X,0x000000008003658A] -> 0xFEB5
[8663] [M]: 0x0000000080036588 (0xFEB55AE3) bge a0, a1, -0xc
mem[X,0x000000008003658C] -> 0x0113
mem[X,0x000000008003658E] -> 0x0021
[8664] [M]: 0x000000008003658C (0x00210113) addi sp, sp, 0x2
x2 <- 0x0000000000000002
mem[X,0x0000000080036590] -> 0x006F
mem[X,0x0000000080036592] -> 0x00C0
[8665] [M]: 0x0000000080036590 (0x00C0006F) jal zero, 0xc
mem[X,0x000000008003659C] -> 0xB823
mem[X,0x000000008003659E] -> 0x0220
[8666] [M]: 0x000000008003659C (0x0220B823) sd sp, 0x30(ra)
mem[0x0000000080049200] <- 0x0000000000000002
mem[X,0x00000000800365A0] -> 0xB537
mem[X,0x00000000800365A2] -> 0xAAAA
[8667] [M]: 0x00000000800365A0 (0xAAAAB537) lui a0, -0x55555
x10 <- 0xFFFFFFFFAAAAB000
mem[X,0x00000000800365A4] -> 0x0513
mem[X,0x00000000800365A6] -> 0xAAA5
[8668] [M]: 0x00000000800365A4 (0xAAA50513) addi a0, a0, -0x556
x10 <- 0xFFFFFFFFAAAAAAAA
mem[X,0x00000000800365A8] -> 0x1513
mem[X,0x00000000800365AA] -> 0x00B5
[8669] [M]: 0x00000000800365A8 (0x00B51513) slli a0, a0, 0xb
x10 <- 0xFFFFFD5555555000
mem[X,0x00000000800365AC] -> 0x0513
mem[X,0x00000000800365AE] -> 0x5555
[8670] [M]: 0x00000000800365AC (0x55550513) addi a0, a0, 0x555
x10 <- 0xFFFFFD5555555555
mem[X,0x00000000800365B0] -> 0x1513
mem[X,0x00000000800365B2] -> 0x00B5
[8671] [M]: 0x00000000800365B0 (0x00B51513) slli a0, a0, 0xb
x10 <- 0xFFEAAAAAAAAAA800
mem[X,0x00000000800365B4] -> 0x0513
mem[X,0x00000000800365B6] -> 0x2AA5
[8672] [M]: 0x00000000800365B4 (0x2AA50513) addi a0, a0, 0x2aa
x10 <- 0xFFEAAAAAAAAAAAAA
mem[X,0x00000000800365B8] -> 0x1513
mem[X,0x00000000800365BA] -> 0x00A5
[8673] [M]: 0x00000000800365B8 (0x00A51513) slli a0, a0, 0xa
x10 <- 0xAAAAAAAAAAAAA800
mem[X,0x00000000800365BC] -> 0x0513
mem[X,0x00000000800365BE] -> 0x2AB5
[8674] [M]: 0x00000000800365BC (0x2AB50513) addi a0, a0, 0x2ab
x10 <- 0xAAAAAAAAAAAAAAAB
mem[X,0x00000000800365C0] -> 0xB5B7
mem[X,0x00000000800365C2] -> 0xAAAA
[8675] [M]: 0x00000000800365C0 (0xAAAAB5B7) lui a1, -0x55555
x11 <- 0xFFFFFFFFAAAAB000
mem[X,0x00000000800365C4] -> 0x8593
mem[X,0x00000000800365C6] -> 0xAAA5
[8676] [M]: 0x00000000800365C4 (0xAAA58593) addi a1, a1, -0x556
x11 <- 0xFFFFFFFFAAAAAAAA
mem[X,0x00000000800365C8] -> 0x9593
mem[X,0x00000000800365CA] -> 0x00B5
[8677] [M]: 0x00000000800365C8 (0x00B59593) slli a1, a1, 0xb
x11 <- 0xFFFFFD5555555000
mem[X,0x00000000800365CC] -> 0x8593
mem[X,0x00000000800365CE] -> 0x5555
[8678] [M]: 0x00000000800365CC (0x55558593) addi a1, a1, 0x555
x11 <- 0xFFFFFD5555555555
mem[X,0x00000000800365D0] -> 0x9593
mem[X,0x00000000800365D2] -> 0x00B5
[8679] [M]: 0x00000000800365D0 (0x00B59593) slli a1, a1, 0xb
x11 <- 0xFFEAAAAAAAAAA800
mem[X,0x00000000800365D4] -> 0x8593
mem[X,0x00000000800365D6] -> 0x2AA5
[8680] [M]: 0x00000000800365D4 (0x2AA58593) addi a1, a1, 0x2aa
x11 <- 0xFFEAAAAAAAAAAAAA
mem[X,0x00000000800365D8] -> 0x9593
mem[X,0x00000000800365DA] -> 0x00A5
[8681] [M]: 0x00000000800365D8 (0x00A59593) slli a1, a1, 0xa
x11 <- 0xAAAAAAAAAAAAA800
mem[X,0x00000000800365DC] -> 0x8593
mem[X,0x00000000800365DE] -> 0x2AB5
[8682] [M]: 0x00000000800365DC (0x2AB58593) addi a1, a1, 0x2ab
x11 <- 0xAAAAAAAAAAAAAAAB
mem[X,0x00000000800365E0] -> 0x0113
mem[X,0x00000000800365E2] -> 0x0000
[8683] [M]: 0x00000000800365E0 (0x00000113) addi sp, zero, 0x0
x2 <- 0x0000000000000000
mem[X,0x00000000800365E4] -> 0x006F
mem[X,0x00000000800365E6] -> 0x0180
[8684] [M]: 0x00000000800365E4 (0x0180006F) jal zero, 0x18
mem[X,0x00000000800365FC] -> 0x56E3
mem[X,0x00000000800365FE] -> 0xFEB5
[8685] [M]: 0x00000000800365FC (0xFEB556E3) bge a0, a1, -0x14
mem[X,0x00000000800365E8] -> 0x0113
mem[X,0x00000000800365EA] -> 0x0011
[8686] [M]: 0x00000000800365E8 (0x00110113) addi sp, sp, 0x1
x2 <- 0x0000000000000001
mem[X,0x00000000800365EC] -> 0x006F
mem[X,0x00000000800365EE] -> 0x0240
[8687] [M]: 0x00000000800365EC (0x0240006F) jal zero, 0x24
mem[X,0x0000000080036610] -> 0xBC23
mem[X,0x0000000080036612] -> 0x0220
[8688] [M]: 0x0000000080036610 (0x0220BC23) sd sp, 0x38(ra)
mem[0x0000000080049208] <- 0x0000000000000001
mem[X,0x0000000080036614] -> 0xB537
mem[X,0x0000000080036616] -> 0xAAAA
[8689] [M]: 0x0000000080036614 (0xAAAAB537) lui a0, -0x55555
x10 <- 0xFFFFFFFFAAAAB000
mem[X,0x0000000080036618] -> 0x0513
mem[X,0x000000008003661A] -> 0xAAA5
[8690] [M]: 0x0000000080036618 (0xAAA50513) addi a0, a0, -0x556
x10 <- 0xFFFFFFFFAAAAAAAA
mem[X,0x000000008003661C] -> 0x1513
mem[X,0x000000008003661E] -> 0x00B5
[8691] [M]: 0x000000008003661C (0x00B51513) slli a0, a0, 0xb
x10 <- 0xFFFFFD5555555000
mem[X,0x0000000080036620] -> 0x0513
mem[X,0x0000000080036622] -> 0x5555
[8692] [M]: 0x0000000080036620 (0x55550513) addi a0, a0, 0x555
x10 <- 0xFFFFFD5555555555
mem[X,0x0000000080036624] -> 0x1513
mem[X,0x0000000080036626] -> 0x00B5
[8693] [M]: 0x0000000080036624 (0x00B51513) slli a0, a0, 0xb
x10 <- 0xFFEAAAAAAAAAA800
mem[X,0x0000000080036628] -> 0x0513
mem[X,0x000000008003662A] -> 0x2AA5
[8694] [M]: 0x0000000080036628 (0x2AA50513) addi a0, a0, 0x2aa
x10 <- 0xFFEAAAAAAAAAAAAA
mem[X,0x000000008003662C] -> 0x1513
mem[X,0x000000008003662E] -> 0x00A5
[8695] [M]: 0x000000008003662C (0x00A51513) slli a0, a0, 0xa
x10 <- 0xAAAAAAAAAAAAA800
mem[X,0x0000000080036630] -> 0x0513
mem[X,0x0000000080036632] -> 0x2AB5
[8696] [M]: 0x0000000080036630 (0x2AB50513) addi a0, a0, 0x2ab
x10 <- 0xAAAAAAAAAAAAAAAB
mem[X,0x0000000080036634] -> 0x0593
mem[X,0x0000000080036636] -> 0x0060
[8697] [M]: 0x0000000080036634 (0x00600593) addi a1, zero, 0x6
x11 <- 0x0000000000000006
mem[X,0x0000000080036638] -> 0x0113
mem[X,0x000000008003663A] -> 0x0000
[8698] [M]: 0x0000000080036638 (0x00000113) addi sp, zero, 0x0
x2 <- 0x0000000000000000
mem[X,0x000000008003663C] -> 0x006F
mem[X,0x000000008003663E] -> 0x00C0
[8699] [M]: 0x000000008003663C (0x00C0006F) jal zero, 0xc
clint::tick mtime <- 0x0000000000000057
 clint timer pending at mtime 0x0000000000000057
htif::tick 0x0000000000000000
mem[X,0x0000000080036648] -> 0x5663
mem[X,0x000000008003664A] -> 0x00B5
[8700] [M]: 0x0000000080036648 (0x00B55663) bge a0, a1, 0xc
mem[X,0x000000008003664C] -> 0x0113
mem[X,0x000000008003664E] -> 0x0021
[8701] [M]: 0x000000008003664C (0x00210113) addi sp, sp, 0x2
x2 <- 0x0000000000000002
mem[X,0x0000000080036650] -> 0x006F
mem[X,0x0000000080036652] -> 0x00C0
[8702] [M]: 0x0000000080036650 (0x00C0006F) jal zero, 0xc
mem[X,0x000000008003665C] -> 0xB023
mem[X,0x000000008003665E] -> 0x0420
[8703] [M]: 0x000000008003665C (0x0420B023) sd sp, 0x40(ra)
mem[0x0000000080049210] <- 0x0000000000000002
mem[X,0x0000000080036660] -> 0xB537
mem[X,0x0000000080036662] -> 0xAAAA
[8704] [M]: 0x0000000080036660 (0xAAAAB537) lui a0, -0x55555
x10 <- 0xFFFFFFFFAAAAB000
mem[X,0x0000000080036664] -> 0x0513
mem[X,0x0000000080036666] -> 0xAAA5
[8705] [M]: 0x0000000080036664 (0xAAA50513) addi a0, a0, -0x556
x10 <- 0xFFFFFFFFAAAAAAAA
mem[X,0x0000000080036668] -> 0x1513
mem[X,0x000000008003666A] -> 0x00B5
[8706] [M]: 0x0000000080036668 (0x00B51513) slli a0, a0, 0xb
x10 <- 0xFFFFFD5555555000
mem[X,0x000000008003666C] -> 0x0513
mem[X,0x000000008003666E] -> 0x5555
[8707] [M]: 0x000000008003666C (0x55550513) addi a0, a0, 0x555
x10 <- 0xFFFFFD5555555555
mem[X,0x0000000080036670] -> 0x1513
mem[X,0x0000000080036672] -> 0x00B5
[8708] [M]: 0x0000000080036670 (0x00B51513) slli a0, a0, 0xb
x10 <- 0xFFEAAAAAAAAAA800
mem[X,0x0000000080036674] -> 0x0513
mem[X,0x0000000080036676] -> 0x2AA5
[8709] [M]: 0x0000000080036674 (0x2AA50513) addi a0, a0, 0x2aa
x10 <- 0xFFEAAAAAAAAAAAAA
mem[X,0x0000000080036678] -> 0x1513
mem[X,0x000000008003667A] -> 0x00A5
[8710] [M]: 0x0000000080036678 (0x00A51513) slli a0, a0, 0xa
x10 <- 0xAAAAAAAAAAAAA800
mem[X,0x000000008003667C] -> 0x0513
mem[X,0x000000008003667E] -> 0x2AB5
[8711] [M]: 0x000000008003667C (0x2AB50513) addi a0, a0, 0x2ab
x10 <- 0xAAAAAAAAAAAAAAAB
mem[X,0x0000000080036680] -> 0x35B7
mem[X,0x0000000080036682] -> 0x3333
[8712] [M]: 0x0000000080036680 (0x333335B7) lui a1, 0x33333
x11 <- 0x0000000033333000
mem[X,0x0000000080036684] -> 0x8593
mem[X,0x0000000080036686] -> 0x3335
[8713] [M]: 0x0000000080036684 (0x33358593) addi a1, a1, 0x333
x11 <- 0x0000000033333333
mem[X,0x0000000080036688] -> 0x9593
mem[X,0x000000008003668A] -> 0x00B5
[8714] [M]: 0x0000000080036688 (0x00B59593) slli a1, a1, 0xb
x11 <- 0x0000019999999800
mem[X,0x000000008003668C] -> 0x8593
mem[X,0x000000008003668E] -> 0x1995
[8715] [M]: 0x000000008003668C (0x19958593) addi a1, a1, 0x199
x11 <- 0x0000019999999999
mem[X,0x0000000080036690] -> 0x9593
mem[X,0x0000000080036692] -> 0x00B5
[8716] [M]: 0x0000000080036690 (0x00B59593) slli a1, a1, 0xb
x11 <- 0x000CCCCCCCCCC800
mem[X,0x0000000080036694] -> 0x8593
mem[X,0x0000000080036696] -> 0x4CC5
[8717] [M]: 0x0000000080036694 (0x4CC58593) addi a1, a1, 0x4cc
x11 <- 0x000CCCCCCCCCCCCC
mem[X,0x0000000080036698] -> 0x9593
mem[X,0x000000008003669A] -> 0x00A5
[8718] [M]: 0x0000000080036698 (0x00A59593) slli a1, a1, 0xa
x11 <- 0x3333333333333000
mem[X,0x000000008003669C] -> 0x8593
mem[X,0x000000008003669E] -> 0x3345
[8719] [M]: 0x000000008003669C (0x33458593) addi a1, a1, 0x334
x11 <- 0x3333333333333334
mem[X,0x00000000800366A0] -> 0x0113
mem[X,0x00000000800366A2] -> 0x0000
[8720] [M]: 0x00000000800366A0 (0x00000113) addi sp, zero, 0x0
x2 <- 0x0000000000000000
mem[X,0x00000000800366A4] -> 0x006F
mem[X,0x00000000800366A6] -> 0x0050
[8721] [M]: 0x00000000800366A4 (0x0050006F) jal zero, 0x804
mem[X,0x0000000080036EA8] -> 0x50E3
mem[X,0x0000000080036EAA] -> 0x80B5
[8722] [M]: 0x0000000080036EA8 (0x80B550E3) bge a0, a1, -0x800
mem[X,0x0000000080036EAC] -> 0x0113
mem[X,0x0000000080036EAE] -> 0x0021
[8723] [M]: 0x0000000080036EAC (0x00210113) addi sp, sp, 0x2
x2 <- 0x0000000000000002
mem[X,0x0000000080036EB0] -> 0x006F
mem[X,0x0000000080036EB2] -> 0x00C0
[8724] [M]: 0x0000000080036EB0 (0x00C0006F) jal zero, 0xc
mem[X,0x0000000080036EBC] -> 0xB423
mem[X,0x0000000080036EBE] -> 0x0420
[8725] [M]: 0x0000000080036EBC (0x0420B423) sd sp, 0x48(ra)
mem[0x0000000080049218] <- 0x0000000000000002
mem[X,0x0000000080036EC0] -> 0xB537
mem[X,0x0000000080036EC2] -> 0xAAAA
[8726] [M]: 0x0000000080036EC0 (0xAAAAB537) lui a0, -0x55555
x10 <- 0xFFFFFFFFAAAAB000
mem[X,0x0000000080036EC4] -> 0x0513
mem[X,0x0000000080036EC6] -> 0xAAA5
[8727] [M]: 0x0000000080036EC4 (0xAAA50513) addi a0, a0, -0x556
x10 <- 0xFFFFFFFFAAAAAAAA
mem[X,0x0000000080036EC8] -> 0x1513
mem[X,0x0000000080036ECA] -> 0x00B5
[8728] [M]: 0x0000000080036EC8 (0x00B51513) slli a0, a0, 0xb
x10 <- 0xFFFFFD5555555000
mem[X,0x0000000080036ECC] -> 0x0513
mem[X,0x0000000080036ECE] -> 0x5555
[8729] [M]: 0x0000000080036ECC (0x55550513) addi a0, a0, 0x555
x10 <- 0xFFFFFD5555555555
mem[X,0x0000000080036ED0] -> 0x1513
mem[X,0x0000000080036ED2] -> 0x00B5
[8730] [M]: 0x0000000080036ED0 (0x00B51513) slli a0, a0, 0xb
x10 <- 0xFFEAAAAAAAAAA800
mem[X,0x0000000080036ED4] -> 0x0513
mem[X,0x0000000080036ED6] -> 0x2AA5
[8731] [M]: 0x0000000080036ED4 (0x2AA50513) addi a0, a0, 0x2aa
x10 <- 0xFFEAAAAAAAAAAAAA
mem[X,0x0000000080036ED8] -> 0x1513
mem[X,0x0000000080036EDA] -> 0x00A5
[8732] [M]: 0x0000000080036ED8 (0x00A51513) slli a0, a0, 0xa
x10 <- 0xAAAAAAAAAAAAA800
mem[X,0x0000000080036EDC] -> 0x0513
mem[X,0x0000000080036EDE] -> 0x2AB5
[8733] [M]: 0x0000000080036EDC (0x2AB50513) addi a0, a0, 0x2ab
x10 <- 0xAAAAAAAAAAAAAAAB
mem[X,0x0000000080036EE0] -> 0x65B7
mem[X,0x0000000080036EE2] -> 0x6666
[8734] [M]: 0x0000000080036EE0 (0x666665B7) lui a1, 0x66666
x11 <- 0x0000000066666000
mem[X,0x0000000080036EE4] -> 0x8593
mem[X,0x0000000080036EE6] -> 0x6665
[8735] [M]: 0x0000000080036EE4 (0x66658593) addi a1, a1, 0x666
x11 <- 0x0000000066666666
mem[X,0x0000000080036EE8] -> 0x9593
mem[X,0x0000000080036EEA] -> 0x00B5
[8736] [M]: 0x0000000080036EE8 (0x00B59593) slli a1, a1, 0xb
x11 <- 0x0000033333333000
mem[X,0x0000000080036EEC] -> 0x8593
mem[X,0x0000000080036EEE] -> 0x3335
[8737] [M]: 0x0000000080036EEC (0x33358593) addi a1, a1, 0x333
x11 <- 0x0000033333333333
mem[X,0x0000000080036EF0] -> 0x9593
mem[X,0x0000000080036EF2] -> 0x00B5
[8738] [M]: 0x0000000080036EF0 (0x00B59593) slli a1, a1, 0xb
x11 <- 0x0019999999999800
mem[X,0x0000000080036EF4] -> 0x8593
mem[X,0x0000000080036EF6] -> 0x1995
[8739] [M]: 0x0000000080036EF4 (0x19958593) addi a1, a1, 0x199
x11 <- 0x0019999999999999
mem[X,0x0000000080036EF8] -> 0x9593
mem[X,0x0000000080036EFA] -> 0x00A5
[8740] [M]: 0x0000000080036EF8 (0x00A59593) slli a1, a1, 0xa
x11 <- 0x6666666666666400
mem[X,0x0000000080036EFC] -> 0x8593
mem[X,0x0000000080036EFE] -> 0x2675
[8741] [M]: 0x0000000080036EFC (0x26758593) addi a1, a1, 0x267
x11 <- 0x6666666666666667
mem[X,0x0000000080036F00] -> 0x0113
mem[X,0x0000000080036F02] -> 0x0000
[8742] [M]: 0x0000000080036F00 (0x00000113) addi sp, zero, 0x0
x2 <- 0x0000000000000000
mem[X,0x0000000080036F04] -> 0x006F
mem[X,0x0000000080036F06] -> 0x00C0
[8743] [M]: 0x0000000080036F04 (0x00C0006F) jal zero, 0xc
mem[X,0x0000000080036F10] -> 0x5663
mem[X,0x0000000080036F12] -> 0x00B5
[8744] [M]: 0x0000000080036F10 (0x00B55663) bge a0, a1, 0xc
mem[X,0x0000000080036F14] -> 0x0113
mem[X,0x0000000080036F16] -> 0x0021
[8745] [M]: 0x0000000080036F14 (0x00210113) addi sp, sp, 0x2
x2 <- 0x0000000000000002
mem[X,0x0000000080036F18] -> 0x006F
mem[X,0x0000000080036F1A] -> 0x00C0
[8746] [M]: 0x0000000080036F18 (0x00C0006F) jal zero, 0xc
mem[X,0x0000000080036F24] -> 0xB823
mem[X,0x0000000080036F26] -> 0x0420
[8747] [M]: 0x0000000080036F24 (0x0420B823) sd sp, 0x50(ra)
mem[0x0000000080049220] <- 0x0000000000000002
mem[X,0x0000000080036F28] -> 0xB537
mem[X,0x0000000080036F2A] -> 0xAAAA
[8748] [M]: 0x0000000080036F28 (0xAAAAB537) lui a0, -0x55555
x10 <- 0xFFFFFFFFAAAAB000
mem[X,0x0000000080036F2C] -> 0x0513
mem[X,0x0000000080036F2E] -> 0xAAA5
[8749] [M]: 0x0000000080036F2C (0xAAA50513) addi a0, a0, -0x556
x10 <- 0xFFFFFFFFAAAAAAAA
mem[X,0x0000000080036F30] -> 0x1513
mem[X,0x0000000080036F32] -> 0x00B5
[8750] [M]: 0x0000000080036F30 (0x00B51513) slli a0, a0, 0xb
x10 <- 0xFFFFFD5555555000
mem[X,0x0000000080036F34] -> 0x0513
mem[X,0x0000000080036F36] -> 0x5555
[8751] [M]: 0x0000000080036F34 (0x55550513) addi a0, a0, 0x555
x10 <- 0xFFFFFD5555555555
mem[X,0x0000000080036F38] -> 0x1513
mem[X,0x0000000080036F3A] -> 0x00B5
[8752] [M]: 0x0000000080036F38 (0x00B51513) slli a0, a0, 0xb
x10 <- 0xFFEAAAAAAAAAA800
mem[X,0x0000000080036F3C] -> 0x0513
mem[X,0x0000000080036F3E] -> 0x2AA5
[8753] [M]: 0x0000000080036F3C (0x2AA50513) addi a0, a0, 0x2aa
x10 <- 0xFFEAAAAAAAAAAAAA
mem[X,0x0000000080036F40] -> 0x1513
mem[X,0x0000000080036F42] -> 0x00A5
[8754] [M]: 0x0000000080036F40 (0x00A51513) slli a0, a0, 0xa
x10 <- 0xAAAAAAAAAAAAA800
mem[X,0x0000000080036F44] -> 0x0513
mem[X,0x0000000080036F46] -> 0x2AB5
[8755] [M]: 0x0000000080036F44 (0x2AB50513) addi a0, a0, 0x2ab
x10 <- 0xAAAAAAAAAAAAAAAB
mem[X,0x0000000080036F48] -> 0x05B7
mem[X,0x0000000080036F4A] -> 0x0000
[8756] [M]: 0x0000000080036F48 (0x000005B7) lui a1, 0x0
x11 <- 0x0000000000000000
mem[X,0x0000000080036F4C] -> 0x8593
mem[X,0x0000000080036F4E] -> 0xFFF5
[8757] [M]: 0x0000000080036F4C (0xFFF58593) addi a1, a1, -0x1
x11 <- 0xFFFFFFFFFFFFFFFF
mem[X,0x0000000080036F50] -> 0x9593
mem[X,0x0000000080036F52] -> 0x00B5
[8758] [M]: 0x0000000080036F50 (0x00B59593) slli a1, a1, 0xb
x11 <- 0xFFFFFFFFFFFFF800
mem[X,0x0000000080036F54] -> 0x8593
mem[X,0x0000000080036F56] -> 0x2575
[8759] [M]: 0x0000000080036F54 (0x25758593) addi a1, a1, 0x257
x11 <- 0xFFFFFFFFFFFFFA57
mem[X,0x0000000080036F58] -> 0x9593
mem[X,0x0000000080036F5A] -> 0x00B5
[8760] [M]: 0x0000000080036F58 (0x00B59593) slli a1, a1, 0xb
x11 <- 0xFFFFFFFFFFD2B800
mem[X,0x0000000080036F5C] -> 0x8593
mem[X,0x0000000080036F5E] -> 0x6C35
[8761] [M]: 0x0000000080036F5C (0x6C358593) addi a1, a1, 0x6c3
x11 <- 0xFFFFFFFFFFD2BEC3
mem[X,0x0000000080036F60] -> 0x9593
mem[X,0x0000000080036F62] -> 0x00A5
[8762] [M]: 0x0000000080036F60 (0x00A59593) slli a1, a1, 0xa
x11 <- 0xFFFFFFFF4AFB0C00
mem[X,0x0000000080036F64] -> 0x8593
mem[X,0x0000000080036F66] -> 0x0CE5
[8763] [M]: 0x0000000080036F64 (0x0CE58593) addi a1, a1, 0xce
x11 <- 0xFFFFFFFF4AFB0CCE
mem[X,0x0000000080036F68] -> 0x0113
mem[X,0x0000000080036F6A] -> 0x0000
[8764] [M]: 0x0000000080036F68 (0x00000113) addi sp, zero, 0x0
x2 <- 0x0000000000000000
mem[X,0x0000000080036F6C] -> 0x006F
mem[X,0x0000000080036F6E] -> 0x00C0
[8765] [M]: 0x0000000080036F6C (0x00C0006F) jal zero, 0xc
mem[X,0x0000000080036F78] -> 0x5863
mem[X,0x0000000080036F7A] -> 0x00B5
[8766] [M]: 0x0000000080036F78 (0x00B55863) bge a0, a1, 0x10
mem[X,0x0000000080036F7C] -> 0x0113
mem[X,0x0000000080036F7E] -> 0x0021
[8767] [M]: 0x0000000080036F7C (0x00210113) addi sp, sp, 0x2
x2 <- 0x0000000000000002
mem[X,0x0000000080036F80] -> 0x006F
mem[X,0x0000000080036F82] -> 0x0100
[8768] [M]: 0x0000000080036F80 (0x0100006F) jal zero, 0x10
mem[X,0x0000000080036F90] -> 0xBC23
mem[X,0x0000000080036F92] -> 0x0420
[8769] [M]: 0x0000000080036F90 (0x0420BC23) sd sp, 0x58(ra)
mem[0x0000000080049228] <- 0x0000000000000002
mem[X,0x0000000080036F94] -> 0xB537
mem[X,0x0000000080036F96] -> 0xAAAA
[8770] [M]: 0x0000000080036F94 (0xAAAAB537) lui a0, -0x55555
x10 <- 0xFFFFFFFFAAAAB000
mem[X,0x0000000080036F98] -> 0x0513
mem[X,0x0000000080036F9A] -> 0xAAA5
[8771] [M]: 0x0000000080036F98 (0xAAA50513) addi a0, a0, -0x556
x10 <- 0xFFFFFFFFAAAAAAAA
mem[X,0x0000000080036F9C] -> 0x1513
mem[X,0x0000000080036F9E] -> 0x00B5
[8772] [M]: 0x0000000080036F9C (0x00B51513) slli a0, a0, 0xb
x10 <- 0xFFFFFD5555555000
mem[X,0x0000000080036FA0] -> 0x0513
mem[X,0x0000000080036FA2] -> 0x5555
[8773] [M]: 0x0000000080036FA0 (0x55550513) addi a0, a0, 0x555
x10 <- 0xFFFFFD5555555555
mem[X,0x0000000080036FA4] -> 0x1513
mem[X,0x0000000080036FA6] -> 0x00B5
[8774] [M]: 0x0000000080036FA4 (0x00B51513) slli a0, a0, 0xb
x10 <- 0xFFEAAAAAAAAAA800
mem[X,0x0000000080036FA8] -> 0x0513
mem[X,0x0000000080036FAA] -> 0x2AA5
[8775] [M]: 0x0000000080036FA8 (0x2AA50513) addi a0, a0, 0x2aa
x10 <- 0xFFEAAAAAAAAAAAAA
mem[X,0x0000000080036FAC] -> 0x1513
mem[X,0x0000000080036FAE] -> 0x00A5
[8776] [M]: 0x0000000080036FAC (0x00A51513) slli a0, a0, 0xa
x10 <- 0xAAAAAAAAAAAAA800
mem[X,0x0000000080036FB0] -> 0x0513
mem[X,0x0000000080036FB2] -> 0x2AB5
[8777] [M]: 0x0000000080036FB0 (0x2AB50513) addi a0, a0, 0x2ab
x10 <- 0xAAAAAAAAAAAAAAAB
mem[X,0x0000000080036FB4] -> 0x05B7
mem[X,0x0000000080036FB6] -> 0x0000
[8778] [M]: 0x0000000080036FB4 (0x000005B7) lui a1, 0x0
x11 <- 0x0000000000000000
mem[X,0x0000000080036FB8] -> 0x8593
mem[X,0x0000000080036FBA] -> 0x0005
[8779] [M]: 0x0000000080036FB8 (0x00058593) addi a1, a1, 0x0
x11 <- 0x0000000000000000
mem[X,0x0000000080036FBC] -> 0x9593
mem[X,0x0000000080036FBE] -> 0x00B5
[8780] [M]: 0x0000000080036FBC (0x00B59593) slli a1, a1, 0xb
x11 <- 0x0000000000000000
mem[X,0x0000000080036FC0] -> 0x8593
mem[X,0x0000000080036FC2] -> 0x5A85
[8781] [M]: 0x0000000080036FC0 (0x5A858593) addi a1, a1, 0x5a8
x11 <- 0x00000000000005A8
mem[X,0x0000000080036FC4] -> 0x9593
mem[X,0x0000000080036FC6] -> 0x00B5
[8782] [M]: 0x0000000080036FC4 (0x00B59593) slli a1, a1, 0xb
x11 <- 0x00000000002D4000
mem[X,0x0000000080036FC8] -> 0x8593
mem[X,0x0000000080036FCA] -> 0x13C5
[8783] [M]: 0x0000000080036FC8 (0x13C58593) addi a1, a1, 0x13c
x11 <- 0x00000000002D413C
mem[X,0x0000000080036FCC] -> 0x9593
mem[X,0x0000000080036FCE] -> 0x00A5
[8784] [M]: 0x0000000080036FCC (0x00A59593) slli a1, a1, 0xa
x11 <- 0x00000000B504F000
mem[X,0x0000000080036FD0] -> 0x8593
mem[X,0x0000000080036FD2] -> 0x3345
[8785] [M]: 0x0000000080036FD0 (0x33458593) addi a1, a1, 0x334
x11 <- 0x00000000B504F334
mem[X,0x0000000080036FD4] -> 0x0113
mem[X,0x0000000080036FD6] -> 0x0000
[8786] [M]: 0x0000000080036FD4 (0x00000113) addi sp, zero, 0x0
x2 <- 0x0000000000000000
mem[X,0x0000000080036FD8] -> 0x006F
mem[X,0x0000000080036FDA] -> 0x00C0
[8787] [M]: 0x0000000080036FD8 (0x00C0006F) jal zero, 0xc
mem[X,0x0000000080036FE4] -> 0x5663
mem[X,0x0000000080036FE6] -> 0x00B5
[8788] [M]: 0x0000000080036FE4 (0x00B55663) bge a0, a1, 0xc
mem[X,0x0000000080036FE8] -> 0x0113
mem[X,0x0000000080036FEA] -> 0x0021
[8789] [M]: 0x0000000080036FE8 (0x00210113) addi sp, sp, 0x2
x2 <- 0x0000000000000002
mem[X,0x0000000080036FEC] -> 0x006F
mem[X,0x0000000080036FEE] -> 0x00C0
[8790] [M]: 0x0000000080036FEC (0x00C0006F) jal zero, 0xc
mem[X,0x0000000080036FF8] -> 0xB023
mem[X,0x0000000080036FFA] -> 0x0620
[8791] [M]: 0x0000000080036FF8 (0x0620B023) sd sp, 0x60(ra)
mem[0x0000000080049230] <- 0x0000000000000002
mem[X,0x0000000080036FFC] -> 0x0513
mem[X,0x0000000080036FFE] -> 0x0060
[8792] [M]: 0x0000000080036FFC (0x00600513) addi a0, zero, 0x6
x10 <- 0x0000000000000006
mem[X,0x0000000080037000] -> 0x0593
mem[X,0x0000000080037002] -> 0x0030
[8793] [M]: 0x0000000080037000 (0x00300593) addi a1, zero, 0x3
x11 <- 0x0000000000000003
mem[X,0x0000000080037004] -> 0x0113
mem[X,0x0000000080037006] -> 0x0000
[8794] [M]: 0x0000000080037004 (0x00000113) addi sp, zero, 0x0
x2 <- 0x0000000000000000
mem[X,0x0000000080037008] -> 0x006F
mem[X,0x000000008003700A] -> 0x00C0
[8795] [M]: 0x0000000080037008 (0x00C0006F) jal zero, 0xc
mem[X,0x0000000080037014] -> 0x5CE3
mem[X,0x0000000080037016] -> 0xFEB5
[8796] [M]: 0x0000000080037014 (0xFEB55CE3) bge a0, a1, -0x8
mem[X,0x000000008003700C] -> 0x0113
mem[X,0x000000008003700E] -> 0x0011
[8797] [M]: 0x000000008003700C (0x00110113) addi sp, sp, 0x1
x2 <- 0x0000000000000001
mem[X,0x0000000080037010] -> 0x006F
mem[X,0x0000000080037012] -> 0x0180
[8798] [M]: 0x0000000080037010 (0x0180006F) jal zero, 0x18
mem[X,0x0000000080037028] -> 0xB423
mem[X,0x000000008003702A] -> 0x0620
[8799] [M]: 0x0000000080037028 (0x0620B423) sd sp, 0x68(ra)
mem[0x0000000080049238] <- 0x0000000000000001
clint::tick mtime <- 0x0000000000000058
 clint timer pending at mtime 0x0000000000000058
htif::tick 0x0000000000000000
mem[X,0x000000008003702C] -> 0x0513
mem[X,0x000000008003702E] -> 0x0060
[8800] [M]: 0x000000008003702C (0x00600513) addi a0, zero, 0x6
x10 <- 0x0000000000000006
mem[X,0x0000000080037030] -> 0x55B7
mem[X,0x0000000080037032] -> 0x5555
[8801] [M]: 0x0000000080037030 (0x555555B7) lui a1, 0x55555
x11 <- 0x0000000055555000
mem[X,0x0000000080037034] -> 0x8593
mem[X,0x0000000080037036] -> 0x5555
[8802] [M]: 0x0000000080037034 (0x55558593) addi a1, a1, 0x555
x11 <- 0x0000000055555555
mem[X,0x0000000080037038] -> 0x9593
mem[X,0x000000008003703A] -> 0x00B5
[8803] [M]: 0x0000000080037038 (0x00B59593) slli a1, a1, 0xb
x11 <- 0x000002AAAAAAA800
mem[X,0x000000008003703C] -> 0x8593
mem[X,0x000000008003703E] -> 0x2AA5
[8804] [M]: 0x000000008003703C (0x2AA58593) addi a1, a1, 0x2aa
x11 <- 0x000002AAAAAAAAAA
mem[X,0x0000000080037040] -> 0x9593
mem[X,0x0000000080037042] -> 0x00B5
[8805] [M]: 0x0000000080037040 (0x00B59593) slli a1, a1, 0xb
x11 <- 0x0015555555555000
mem[X,0x0000000080037044] -> 0x8593
mem[X,0x0000000080037046] -> 0x5555
[8806] [M]: 0x0000000080037044 (0x55558593) addi a1, a1, 0x555
x11 <- 0x0015555555555555
mem[X,0x0000000080037048] -> 0x9593
mem[X,0x000000008003704A] -> 0x00A5
[8807] [M]: 0x0000000080037048 (0x00A59593) slli a1, a1, 0xa
x11 <- 0x5555555555555400
mem[X,0x000000008003704C] -> 0x8593
mem[X,0x000000008003704E] -> 0x1555
[8808] [M]: 0x000000008003704C (0x15558593) addi a1, a1, 0x155
x11 <- 0x5555555555555555
mem[X,0x0000000080037050] -> 0x0113
mem[X,0x0000000080037052] -> 0x0000
[8809] [M]: 0x0000000080037050 (0x00000113) addi sp, zero, 0x0
x2 <- 0x0000000000000000
mem[X,0x0000000080037054] -> 0x006F
mem[X,0x0000000080037056] -> 0x00C0
[8810] [M]: 0x0000000080037054 (0x00C0006F) jal zero, 0xc
mem[X,0x0000000080037060] -> 0x5663
mem[X,0x0000000080037062] -> 0x00B5
[8811] [M]: 0x0000000080037060 (0x00B55663) bge a0, a1, 0xc
mem[X,0x0000000080037064] -> 0x0113
mem[X,0x0000000080037066] -> 0x0021
[8812] [M]: 0x0000000080037064 (0x00210113) addi sp, sp, 0x2
x2 <- 0x0000000000000002
mem[X,0x0000000080037068] -> 0x006F
mem[X,0x000000008003706A] -> 0x00C0
[8813] [M]: 0x0000000080037068 (0x00C0006F) jal zero, 0xc
mem[X,0x0000000080037074] -> 0xB823
mem[X,0x0000000080037076] -> 0x0620
[8814] [M]: 0x0000000080037074 (0x0620B823) sd sp, 0x70(ra)
mem[0x0000000080049240] <- 0x0000000000000002
mem[X,0x0000000080037078] -> 0x0513
mem[X,0x000000008003707A] -> 0x0060
[8815] [M]: 0x0000000080037078 (0x00600513) addi a0, zero, 0x6
x10 <- 0x0000000000000006
mem[X,0x000000008003707C] -> 0xB5B7
mem[X,0x000000008003707E] -> 0xAAAA
[8816] [M]: 0x000000008003707C (0xAAAAB5B7) lui a1, -0x55555
x11 <- 0xFFFFFFFFAAAAB000
mem[X,0x0000000080037080] -> 0x8593
mem[X,0x0000000080037082] -> 0xAAA5
[8817] [M]: 0x0000000080037080 (0xAAA58593) addi a1, a1, -0x556
x11 <- 0xFFFFFFFFAAAAAAAA
mem[X,0x0000000080037084] -> 0x9593
mem[X,0x0000000080037086] -> 0x00B5
[8818] [M]: 0x0000000080037084 (0x00B59593) slli a1, a1, 0xb
x11 <- 0xFFFFFD5555555000
mem[X,0x0000000080037088] -> 0x8593
mem[X,0x000000008003708A] -> 0x5555
[8819] [M]: 0x0000000080037088 (0x55558593) addi a1, a1, 0x555
x11 <- 0xFFFFFD5555555555
mem[X,0x000000008003708C] -> 0x9593
mem[X,0x000000008003708E] -> 0x00B5
[8820] [M]: 0x000000008003708C (0x00B59593) slli a1, a1, 0xb
x11 <- 0xFFEAAAAAAAAAA800
mem[X,0x0000000080037090] -> 0x8593
mem[X,0x0000000080037092] -> 0x2AA5
[8821] [M]: 0x0000000080037090 (0x2AA58593) addi a1, a1, 0x2aa
x11 <- 0xFFEAAAAAAAAAAAAA
mem[X,0x0000000080037094] -> 0x9593
mem[X,0x0000000080037096] -> 0x00A5
[8822] [M]: 0x0000000080037094 (0x00A59593) slli a1, a1, 0xa
x11 <- 0xAAAAAAAAAAAAA800
mem[X,0x0000000080037098] -> 0x8593
mem[X,0x000000008003709A] -> 0x2AA5
[8823] [M]: 0x0000000080037098 (0x2AA58593) addi a1, a1, 0x2aa
x11 <- 0xAAAAAAAAAAAAAAAA
mem[X,0x000000008003709C] -> 0x0113
mem[X,0x000000008003709E] -> 0x0000
[8824] [M]: 0x000000008003709C (0x00000113) addi sp, zero, 0x0
x2 <- 0x0000000000000000
mem[X,0x00000000800370A0] -> 0x006F
mem[X,0x00000000800370A2] -> 0x2B10
[8825] [M]: 0x00000000800370A0 (0x2B10006F) jal zero, 0xab0
mem[X,0x0000000080037B50] -> 0x5A63
mem[X,0x0000000080037B52] -> 0xD4B5
[8826] [M]: 0x0000000080037B50 (0xD4B55A63) bge a0, a1, -0xaac
mem[X,0x00000000800370A4] -> 0x0113
mem[X,0x00000000800370A6] -> 0x0011
[8827] [M]: 0x00000000800370A4 (0x00110113) addi sp, sp, 0x1
x2 <- 0x0000000000000001
mem[X,0x00000000800370A8] -> 0x006F
mem[X,0x00000000800370AA] -> 0x2BD0
[8828] [M]: 0x00000000800370A8 (0x2BD0006F) jal zero, 0xabc
mem[X,0x0000000080037B64] -> 0xBC23
mem[X,0x0000000080037B66] -> 0x0620
[8829] [M]: 0x0000000080037B64 (0x0620BC23) sd sp, 0x78(ra)
mem[0x0000000080049248] <- 0x0000000000000001
mem[X,0x0000000080037B68] -> 0x0513
mem[X,0x0000000080037B6A] -> 0x0060
[8830] [M]: 0x0000000080037B68 (0x00600513) addi a0, zero, 0x6
x10 <- 0x0000000000000006
mem[X,0x0000000080037B6C] -> 0x0593
mem[X,0x0000000080037B6E] -> 0x0050
[8831] [M]: 0x0000000080037B6C (0x00500593) addi a1, zero, 0x5
x11 <- 0x0000000000000005
mem[X,0x0000000080037B70] -> 0x0113
mem[X,0x0000000080037B72] -> 0x0000
[8832] [M]: 0x0000000080037B70 (0x00000113) addi sp, zero, 0x0
x2 <- 0x0000000000000000
mem[X,0x0000000080037B74] -> 0x006F
mem[X,0x0000000080037B76] -> 0x00C0
[8833] [M]: 0x0000000080037B74 (0x00C0006F) jal zero, 0xc
mem[X,0x0000000080037B80] -> 0x5CE3
mem[X,0x0000000080037B82] -> 0xFEB5
[8834] [M]: 0x0000000080037B80 (0xFEB55CE3) bge a0, a1, -0x8
mem[X,0x0000000080037B78] -> 0x0113
mem[X,0x0000000080037B7A] -> 0x0011
[8835] [M]: 0x0000000080037B78 (0x00110113) addi sp, sp, 0x1
x2 <- 0x0000000000000001
mem[X,0x0000000080037B7C] -> 0x006F
mem[X,0x0000000080037B7E] -> 0x0180
[8836] [M]: 0x0000000080037B7C (0x0180006F) jal zero, 0x18
mem[X,0x0000000080037B94] -> 0xB023
mem[X,0x0000000080037B96] -> 0x0820
[8837] [M]: 0x0000000080037B94 (0x0820B023) sd sp, 0x80(ra)
mem[0x0000000080049250] <- 0x0000000000000001
mem[X,0x0000000080037B98] -> 0x0513
mem[X,0x0000000080037B9A] -> 0x0060
[8838] [M]: 0x0000000080037B98 (0x00600513) addi a0, zero, 0x6
x10 <- 0x0000000000000006
mem[X,0x0000000080037B9C] -> 0x35B7
mem[X,0x0000000080037B9E] -> 0x3333
[8839] [M]: 0x0000000080037B9C (0x333335B7) lui a1, 0x33333
x11 <- 0x0000000033333000
mem[X,0x0000000080037BA0] -> 0x8593
mem[X,0x0000000080037BA2] -> 0x3335
[8840] [M]: 0x0000000080037BA0 (0x33358593) addi a1, a1, 0x333
x11 <- 0x0000000033333333
mem[X,0x0000000080037BA4] -> 0x9593
mem[X,0x0000000080037BA6] -> 0x00B5
[8841] [M]: 0x0000000080037BA4 (0x00B59593) slli a1, a1, 0xb
x11 <- 0x0000019999999800
mem[X,0x0000000080037BA8] -> 0x8593
mem[X,0x0000000080037BAA] -> 0x1995
[8842] [M]: 0x0000000080037BA8 (0x19958593) addi a1, a1, 0x199
x11 <- 0x0000019999999999
mem[X,0x0000000080037BAC] -> 0x9593
mem[X,0x0000000080037BAE] -> 0x00B5
[8843] [M]: 0x0000000080037BAC (0x00B59593) slli a1, a1, 0xb
x11 <- 0x000CCCCCCCCCC800
mem[X,0x0000000080037BB0] -> 0x8593
mem[X,0x0000000080037BB2] -> 0x4CC5
[8844] [M]: 0x0000000080037BB0 (0x4CC58593) addi a1, a1, 0x4cc
x11 <- 0x000CCCCCCCCCCCCC
mem[X,0x0000000080037BB4] -> 0x9593
mem[X,0x0000000080037BB6] -> 0x00A5
[8845] [M]: 0x0000000080037BB4 (0x00A59593) slli a1, a1, 0xa
x11 <- 0x3333333333333000
mem[X,0x0000000080037BB8] -> 0x8593
mem[X,0x0000000080037BBA] -> 0x3335
[8846] [M]: 0x0000000080037BB8 (0x33358593) addi a1, a1, 0x333
x11 <- 0x3333333333333333
mem[X,0x0000000080037BBC] -> 0x0113
mem[X,0x0000000080037BBE] -> 0x0000
[8847] [M]: 0x0000000080037BBC (0x00000113) addi sp, zero, 0x0
x2 <- 0x0000000000000000
mem[X,0x0000000080037BC0] -> 0x006F
mem[X,0x0000000080037BC2] -> 0x00C0
[8848] [M]: 0x0000000080037BC0 (0x00C0006F) jal zero, 0xc
mem[X,0x0000000080037BCC] -> 0x5663
mem[X,0x0000000080037BCE] -> 0x00B5
[8849] [M]: 0x0000000080037BCC (0x00B55663) bge a0, a1, 0xc
mem[X,0x0000000080037BD0] -> 0x0113
mem[X,0x0000000080037BD2] -> 0x0021
[8850] [M]: 0x0000000080037BD0 (0x00210113) addi sp, sp, 0x2
x2 <- 0x0000000000000002
mem[X,0x0000000080037BD4] -> 0x006F
mem[X,0x0000000080037BD6] -> 0x00C0
[8851] [M]: 0x0000000080037BD4 (0x00C0006F) jal zero, 0xc
mem[X,0x0000000080037BE0] -> 0xB423
mem[X,0x0000000080037BE2] -> 0x0820
[8852] [M]: 0x0000000080037BE0 (0x0820B423) sd sp, 0x88(ra)
mem[0x0000000080049258] <- 0x0000000000000002
mem[X,0x0000000080037BE4] -> 0x0513
mem[X,0x0000000080037BE6] -> 0x0060
[8853] [M]: 0x0000000080037BE4 (0x00600513) addi a0, zero, 0x6
x10 <- 0x0000000000000006
mem[X,0x0000000080037BE8] -> 0x65B7
mem[X,0x0000000080037BEA] -> 0x6666
[8854] [M]: 0x0000000080037BE8 (0x666665B7) lui a1, 0x66666
x11 <- 0x0000000066666000
mem[X,0x0000000080037BEC] -> 0x8593
mem[X,0x0000000080037BEE] -> 0x6665
[8855] [M]: 0x0000000080037BEC (0x66658593) addi a1, a1, 0x666
x11 <- 0x0000000066666666
mem[X,0x0000000080037BF0] -> 0x9593
mem[X,0x0000000080037BF2] -> 0x00B5
[8856] [M]: 0x0000000080037BF0 (0x00B59593) slli a1, a1, 0xb
x11 <- 0x0000033333333000
mem[X,0x0000000080037BF4] -> 0x8593
mem[X,0x0000000080037BF6] -> 0x3335
[8857] [M]: 0x0000000080037BF4 (0x33358593) addi a1, a1, 0x333
x11 <- 0x0000033333333333
mem[X,0x0000000080037BF8] -> 0x9593
mem[X,0x0000000080037BFA] -> 0x00B5
[8858] [M]: 0x0000000080037BF8 (0x00B59593) slli a1, a1, 0xb
x11 <- 0x0019999999999800
mem[X,0x0000000080037BFC] -> 0x8593
mem[X,0x0000000080037BFE] -> 0x1995
[8859] [M]: 0x0000000080037BFC (0x19958593) addi a1, a1, 0x199
x11 <- 0x0019999999999999
mem[X,0x0000000080037C00] -> 0x9593
mem[X,0x0000000080037C02] -> 0x00A5
[8860] [M]: 0x0000000080037C00 (0x00A59593) slli a1, a1, 0xa
x11 <- 0x6666666666666400
mem[X,0x0000000080037C04] -> 0x8593
mem[X,0x0000000080037C06] -> 0x2665
[8861] [M]: 0x0000000080037C04 (0x26658593) addi a1, a1, 0x266
x11 <- 0x6666666666666666
mem[X,0x0000000080037C08] -> 0x0113
mem[X,0x0000000080037C0A] -> 0x0000
[8862] [M]: 0x0000000080037C08 (0x00000113) addi sp, zero, 0x0
x2 <- 0x0000000000000000
mem[X,0x0000000080037C0C] -> 0x006F
mem[X,0x0000000080037C0E] -> 0x00C0
[8863] [M]: 0x0000000080037C0C (0x00C0006F) jal zero, 0xc
mem[X,0x0000000080037C18] -> 0x5063
mem[X,0x0000000080037C1A] -> 0x20B5
[8864] [M]: 0x0000000080037C18 (0x20B55063) bge a0, a1, 0x200
mem[X,0x0000000080037C1C] -> 0x0113
mem[X,0x0000000080037C1E] -> 0x0021
[8865] [M]: 0x0000000080037C1C (0x00210113) addi sp, sp, 0x2
x2 <- 0x0000000000000002
mem[X,0x0000000080037C20] -> 0x006F
mem[X,0x0000000080037C22] -> 0x2000
[8866] [M]: 0x0000000080037C20 (0x2000006F) jal zero, 0x200
mem[X,0x0000000080037E20] -> 0xB823
mem[X,0x0000000080037E22] -> 0x0820
[8867] [M]: 0x0000000080037E20 (0x0820B823) sd sp, 0x90(ra)
mem[0x0000000080049260] <- 0x0000000000000002
mem[X,0x0000000080037E24] -> 0x0513
mem[X,0x0000000080037E26] -> 0x0060
[8868] [M]: 0x0000000080037E24 (0x00600513) addi a0, zero, 0x6
x10 <- 0x0000000000000006
mem[X,0x0000000080037E28] -> 0x05B7
mem[X,0x0000000080037E2A] -> 0x0000
[8869] [M]: 0x0000000080037E28 (0x000005B7) lui a1, 0x0
x11 <- 0x0000000000000000
mem[X,0x0000000080037E2C] -> 0x8593
mem[X,0x0000000080037E2E] -> 0xFFF5
[8870] [M]: 0x0000000080037E2C (0xFFF58593) addi a1, a1, -0x1
x11 <- 0xFFFFFFFFFFFFFFFF
mem[X,0x0000000080037E30] -> 0x9593
mem[X,0x0000000080037E32] -> 0x00B5
[8871] [M]: 0x0000000080037E30 (0x00B59593) slli a1, a1, 0xb
x11 <- 0xFFFFFFFFFFFFF800
mem[X,0x0000000080037E34] -> 0x8593
mem[X,0x0000000080037E36] -> 0x2575
[8872] [M]: 0x0000000080037E34 (0x25758593) addi a1, a1, 0x257
x11 <- 0xFFFFFFFFFFFFFA57
mem[X,0x0000000080037E38] -> 0x9593
mem[X,0x0000000080037E3A] -> 0x00B5
[8873] [M]: 0x0000000080037E38 (0x00B59593) slli a1, a1, 0xb
x11 <- 0xFFFFFFFFFFD2B800
mem[X,0x0000000080037E3C] -> 0x8593
mem[X,0x0000000080037E3E] -> 0x6C35
[8874] [M]: 0x0000000080037E3C (0x6C358593) addi a1, a1, 0x6c3
x11 <- 0xFFFFFFFFFFD2BEC3
mem[X,0x0000000080037E40] -> 0x9593
mem[X,0x0000000080037E42] -> 0x00A5
[8875] [M]: 0x0000000080037E40 (0x00A59593) slli a1, a1, 0xa
x11 <- 0xFFFFFFFF4AFB0C00
mem[X,0x0000000080037E44] -> 0x8593
mem[X,0x0000000080037E46] -> 0x0CD5
[8876] [M]: 0x0000000080037E44 (0x0CD58593) addi a1, a1, 0xcd
x11 <- 0xFFFFFFFF4AFB0CCD
mem[X,0x0000000080037E48] -> 0x0113
mem[X,0x0000000080037E4A] -> 0x0000
[8877] [M]: 0x0000000080037E48 (0x00000113) addi sp, zero, 0x0
x2 <- 0x0000000000000000
mem[X,0x0000000080037E4C] -> 0x006F
mem[X,0x0000000080037E4E] -> 0x00C0
[8878] [M]: 0x0000000080037E4C (0x00C0006F) jal zero, 0xc
mem[X,0x0000000080037E58] -> 0x5CE3
mem[X,0x0000000080037E5A] -> 0xFEB5
[8879] [M]: 0x0000000080037E58 (0xFEB55CE3) bge a0, a1, -0x8
mem[X,0x0000000080037E50] -> 0x0113
mem[X,0x0000000080037E52] -> 0x0011
[8880] [M]: 0x0000000080037E50 (0x00110113) addi sp, sp, 0x1
x2 <- 0x0000000000000001
mem[X,0x0000000080037E54] -> 0x006F
mem[X,0x0000000080037E56] -> 0x0180
[8881] [M]: 0x0000000080037E54 (0x0180006F) jal zero, 0x18
mem[X,0x0000000080037E6C] -> 0xBC23
mem[X,0x0000000080037E6E] -> 0x0820
[8882] [M]: 0x0000000080037E6C (0x0820BC23) sd sp, 0x98(ra)
mem[0x0000000080049268] <- 0x0000000000000001
mem[X,0x0000000080037E70] -> 0x0513
mem[X,0x0000000080037E72] -> 0x0060
[8883] [M]: 0x0000000080037E70 (0x00600513) addi a0, zero, 0x6
x10 <- 0x0000000000000006
mem[X,0x0000000080037E74] -> 0x05B7
mem[X,0x0000000080037E76] -> 0x0000
[8884] [M]: 0x0000000080037E74 (0x000005B7) lui a1, 0x0
x11 <- 0x0000000000000000
mem[X,0x0000000080037E78] -> 0x8593
mem[X,0x0000000080037E7A] -> 0x0005
[8885] [M]: 0x0000000080037E78 (0x00058593) addi a1, a1, 0x0
x11 <- 0x0000000000000000
mem[X,0x0000000080037E7C] -> 0x9593
mem[X,0x0000000080037E7E] -> 0x00B5
[8886] [M]: 0x0000000080037E7C (0x00B59593) slli a1, a1, 0xb
x11 <- 0x0000000000000000
mem[X,0x0000000080037E80] -> 0x8593
mem[X,0x0000000080037E82] -> 0x5A85
[8887] [M]: 0x0000000080037E80 (0x5A858593) addi a1, a1, 0x5a8
x11 <- 0x00000000000005A8
mem[X,0x0000000080037E84] -> 0x9593
mem[X,0x0000000080037E86] -> 0x00B5
[8888] [M]: 0x0000000080037E84 (0x00B59593) slli a1, a1, 0xb
x11 <- 0x00000000002D4000
mem[X,0x0000000080037E88] -> 0x8593
mem[X,0x0000000080037E8A] -> 0x13C5
[8889] [M]: 0x0000000080037E88 (0x13C58593) addi a1, a1, 0x13c
x11 <- 0x00000000002D413C
mem[X,0x0000000080037E8C] -> 0x9593
mem[X,0x0000000080037E8E] -> 0x00A5
[8890] [M]: 0x0000000080037E8C (0x00A59593) slli a1, a1, 0xa
x11 <- 0x00000000B504F000
mem[X,0x0000000080037E90] -> 0x8593
mem[X,0x0000000080037E92] -> 0x3335
[8891] [M]: 0x0000000080037E90 (0x33358593) addi a1, a1, 0x333
x11 <- 0x00000000B504F333
mem[X,0x0000000080037E94] -> 0x0113
mem[X,0x0000000080037E96] -> 0x0000
[8892] [M]: 0x0000000080037E94 (0x00000113) addi sp, zero, 0x0
x2 <- 0x0000000000000000
mem[X,0x0000000080037E98] -> 0x006F
mem[X,0x0000000080037E9A] -> 0x0100
[8893] [M]: 0x0000000080037E98 (0x0100006F) jal zero, 0x10
mem[X,0x0000000080037EA8] -> 0x5AE3
mem[X,0x0000000080037EAA] -> 0xFEB5
[8894] [M]: 0x0000000080037EA8 (0xFEB55AE3) bge a0, a1, -0xc
mem[X,0x0000000080037EAC] -> 0x0113
mem[X,0x0000000080037EAE] -> 0x0021
[8895] [M]: 0x0000000080037EAC (0x00210113) addi sp, sp, 0x2
x2 <- 0x0000000000000002
mem[X,0x0000000080037EB0] -> 0x006F
mem[X,0x0000000080037EB2] -> 0x00C0
[8896] [M]: 0x0000000080037EB0 (0x00C0006F) jal zero, 0xc
mem[X,0x0000000080037EBC] -> 0xB023
mem[X,0x0000000080037EBE] -> 0x0A20
[8897] [M]: 0x0000000080037EBC (0x0A20B023) sd sp, 0xa0(ra)
mem[0x0000000080049270] <- 0x0000000000000002
mem[X,0x0000000080037EC0] -> 0x0513
mem[X,0x0000000080037EC2] -> 0x0060
[8898] [M]: 0x0000000080037EC0 (0x00600513) addi a0, zero, 0x6
x10 <- 0x0000000000000006
mem[X,0x0000000080037EC4] -> 0x0593
mem[X,0x0000000080037EC6] -> 0x0020
[8899] [M]: 0x0000000080037EC4 (0x00200593) addi a1, zero, 0x2
x11 <- 0x0000000000000002
clint::tick mtime <- 0x0000000000000059
 clint timer pending at mtime 0x0000000000000059
htif::tick 0x0000000000000000
mem[X,0x0000000080037EC8] -> 0x0113
mem[X,0x0000000080037ECA] -> 0x0000
[8900] [M]: 0x0000000080037EC8 (0x00000113) addi sp, zero, 0x0
x2 <- 0x0000000000000000
mem[X,0x0000000080037ECC] -> 0x006F
mem[X,0x0000000080037ECE] -> 0x00C0
[8901] [M]: 0x0000000080037ECC (0x00C0006F) jal zero, 0xc
mem[X,0x0000000080037ED8] -> 0x5863
mem[X,0x0000000080037EDA] -> 0x00B5
[8902] [M]: 0x0000000080037ED8 (0x00B55863) bge a0, a1, 0x10
mem[X,0x0000000080037EE8] -> 0x0113
mem[X,0x0000000080037EEA] -> 0x0031
[8903] [M]: 0x0000000080037EE8 (0x00310113) addi sp, sp, 0x3
x2 <- 0x0000000000000003
mem[X,0x0000000080037EEC] -> 0x006F
mem[X,0x0000000080037EEE] -> 0x0040
[8904] [M]: 0x0000000080037EEC (0x0040006F) jal zero, 0x4
mem[X,0x0000000080037EF0] -> 0xB423
mem[X,0x0000000080037EF2] -> 0x0A20
[8905] [M]: 0x0000000080037EF0 (0x0A20B423) sd sp, 0xa8(ra)
mem[0x0000000080049278] <- 0x0000000000000003
mem[X,0x0000000080037EF4] -> 0x0513
mem[X,0x0000000080037EF6] -> 0x0060
[8906] [M]: 0x0000000080037EF4 (0x00600513) addi a0, zero, 0x6
x10 <- 0x0000000000000006
mem[X,0x0000000080037EF8] -> 0x55B7
mem[X,0x0000000080037EFA] -> 0x5555
[8907] [M]: 0x0000000080037EF8 (0x555555B7) lui a1, 0x55555
x11 <- 0x0000000055555000
mem[X,0x0000000080037EFC] -> 0x8593
mem[X,0x0000000080037EFE] -> 0x5555
[8908] [M]: 0x0000000080037EFC (0x55558593) addi a1, a1, 0x555
x11 <- 0x0000000055555555
mem[X,0x0000000080037F00] -> 0x9593
mem[X,0x0000000080037F02] -> 0x00B5
[8909] [M]: 0x0000000080037F00 (0x00B59593) slli a1, a1, 0xb
x11 <- 0x000002AAAAAAA800
mem[X,0x0000000080037F04] -> 0x8593
mem[X,0x0000000080037F06] -> 0x2AA5
[8910] [M]: 0x0000000080037F04 (0x2AA58593) addi a1, a1, 0x2aa
x11 <- 0x000002AAAAAAAAAA
mem[X,0x0000000080037F08] -> 0x9593
mem[X,0x0000000080037F0A] -> 0x00B5
[8911] [M]: 0x0000000080037F08 (0x00B59593) slli a1, a1, 0xb
x11 <- 0x0015555555555000
mem[X,0x0000000080037F0C] -> 0x8593
mem[X,0x0000000080037F0E] -> 0x5555
[8912] [M]: 0x0000000080037F0C (0x55558593) addi a1, a1, 0x555
x11 <- 0x0015555555555555
mem[X,0x0000000080037F10] -> 0x9593
mem[X,0x0000000080037F12] -> 0x00A5
[8913] [M]: 0x0000000080037F10 (0x00A59593) slli a1, a1, 0xa
x11 <- 0x5555555555555400
mem[X,0x0000000080037F14] -> 0x8593
mem[X,0x0000000080037F16] -> 0x1545
[8914] [M]: 0x0000000080037F14 (0x15458593) addi a1, a1, 0x154
x11 <- 0x5555555555555554
mem[X,0x0000000080037F18] -> 0x0113
mem[X,0x0000000080037F1A] -> 0x0000
[8915] [M]: 0x0000000080037F18 (0x00000113) addi sp, zero, 0x0
x2 <- 0x0000000000000000
mem[X,0x0000000080037F1C] -> 0x006F
mem[X,0x0000000080037F1E] -> 0x00C0
[8916] [M]: 0x0000000080037F1C (0x00C0006F) jal zero, 0xc
mem[X,0x0000000080037F28] -> 0x5063
mem[X,0x0000000080037F2A] -> 0x02B5
[8917] [M]: 0x0000000080037F28 (0x02B55063) bge a0, a1, 0x20
mem[X,0x0000000080037F2C] -> 0x0113
mem[X,0x0000000080037F2E] -> 0x0021
[8918] [M]: 0x0000000080037F2C (0x00210113) addi sp, sp, 0x2
x2 <- 0x0000000000000002
mem[X,0x0000000080037F30] -> 0x006F
mem[X,0x0000000080037F32] -> 0x0200
[8919] [M]: 0x0000000080037F30 (0x0200006F) jal zero, 0x20
mem[X,0x0000000080037F50] -> 0xB823
mem[X,0x0000000080037F52] -> 0x0A20
[8920] [M]: 0x0000000080037F50 (0x0A20B823) sd sp, 0xb0(ra)
mem[0x0000000080049280] <- 0x0000000000000002
mem[X,0x0000000080037F54] -> 0x0513
mem[X,0x0000000080037F56] -> 0x0060
[8921] [M]: 0x0000000080037F54 (0x00600513) addi a0, zero, 0x6
x10 <- 0x0000000000000006
mem[X,0x0000000080037F58] -> 0x0593
mem[X,0x0000000080037F5A] -> 0x0000
[8922] [M]: 0x0000000080037F58 (0x00000593) addi a1, zero, 0x0
x11 <- 0x0000000000000000
mem[X,0x0000000080037F5C] -> 0x0113
mem[X,0x0000000080037F5E] -> 0x0000
[8923] [M]: 0x0000000080037F5C (0x00000113) addi sp, zero, 0x0
x2 <- 0x0000000000000000
mem[X,0x0000000080037F60] -> 0x006F
mem[X,0x0000000080037F62] -> 0x00C0
[8924] [M]: 0x0000000080037F60 (0x00C0006F) jal zero, 0xc
mem[X,0x0000000080037F6C] -> 0x5663
mem[X,0x0000000080037F6E] -> 0x00B5
[8925] [M]: 0x0000000080037F6C (0x00B55663) bge a0, a1, 0xc
mem[X,0x0000000080037F78] -> 0x0113
mem[X,0x0000000080037F7A] -> 0x0031
[8926] [M]: 0x0000000080037F78 (0x00310113) addi sp, sp, 0x3
x2 <- 0x0000000000000003
mem[X,0x0000000080037F7C] -> 0x006F
mem[X,0x0000000080037F7E] -> 0x0040
[8927] [M]: 0x0000000080037F7C (0x0040006F) jal zero, 0x4
mem[X,0x0000000080037F80] -> 0xBC23
mem[X,0x0000000080037F82] -> 0x0A20
[8928] [M]: 0x0000000080037F80 (0x0A20BC23) sd sp, 0xb8(ra)
mem[0x0000000080049288] <- 0x0000000000000003
mem[X,0x0000000080037F84] -> 0x0513
mem[X,0x0000000080037F86] -> 0x0060
[8929] [M]: 0x0000000080037F84 (0x00600513) addi a0, zero, 0x6
x10 <- 0x0000000000000006
mem[X,0x0000000080037F88] -> 0x0593
mem[X,0x0000000080037F8A] -> 0x0040
[8930] [M]: 0x0000000080037F88 (0x00400593) addi a1, zero, 0x4
x11 <- 0x0000000000000004
mem[X,0x0000000080037F8C] -> 0x0113
mem[X,0x0000000080037F8E] -> 0x0000
[8931] [M]: 0x0000000080037F8C (0x00000113) addi sp, zero, 0x0
x2 <- 0x0000000000000000
mem[X,0x0000000080037F90] -> 0x006F
mem[X,0x0000000080037F92] -> 0x0140
[8932] [M]: 0x0000000080037F90 (0x0140006F) jal zero, 0x14
mem[X,0x0000000080037FA4] -> 0x58E3
mem[X,0x0000000080037FA6] -> 0xFEB5
[8933] [M]: 0x0000000080037FA4 (0xFEB558E3) bge a0, a1, -0x10
mem[X,0x0000000080037F94] -> 0x0113
mem[X,0x0000000080037F96] -> 0x0011
[8934] [M]: 0x0000000080037F94 (0x00110113) addi sp, sp, 0x1
x2 <- 0x0000000000000001
mem[X,0x0000000080037F98] -> 0x006F
mem[X,0x0000000080037F9A] -> 0x0200
[8935] [M]: 0x0000000080037F98 (0x0200006F) jal zero, 0x20
mem[X,0x0000000080037FB8] -> 0xB023
mem[X,0x0000000080037FBA] -> 0x0C20
[8936] [M]: 0x0000000080037FB8 (0x0C20B023) sd sp, 0xc0(ra)
mem[0x0000000080049290] <- 0x0000000000000001
mem[X,0x0000000080037FBC] -> 0x0513
mem[X,0x0000000080037FBE] -> 0x0060
[8937] [M]: 0x0000000080037FBC (0x00600513) addi a0, zero, 0x6
x10 <- 0x0000000000000006
mem[X,0x0000000080037FC0] -> 0x35B7
mem[X,0x0000000080037FC2] -> 0x3333
[8938] [M]: 0x0000000080037FC0 (0x333335B7) lui a1, 0x33333
x11 <- 0x0000000033333000
mem[X,0x0000000080037FC4] -> 0x8593
mem[X,0x0000000080037FC6] -> 0x3335
[8939] [M]: 0x0000000080037FC4 (0x33358593) addi a1, a1, 0x333
x11 <- 0x0000000033333333
mem[X,0x0000000080037FC8] -> 0x9593
mem[X,0x0000000080037FCA] -> 0x00B5
[8940] [M]: 0x0000000080037FC8 (0x00B59593) slli a1, a1, 0xb
x11 <- 0x0000019999999800
mem[X,0x0000000080037FCC] -> 0x8593
mem[X,0x0000000080037FCE] -> 0x1995
[8941] [M]: 0x0000000080037FCC (0x19958593) addi a1, a1, 0x199
x11 <- 0x0000019999999999
mem[X,0x0000000080037FD0] -> 0x9593
mem[X,0x0000000080037FD2] -> 0x00B5
[8942] [M]: 0x0000000080037FD0 (0x00B59593) slli a1, a1, 0xb
x11 <- 0x000CCCCCCCCCC800
mem[X,0x0000000080037FD4] -> 0x8593
mem[X,0x0000000080037FD6] -> 0x4CC5
[8943] [M]: 0x0000000080037FD4 (0x4CC58593) addi a1, a1, 0x4cc
x11 <- 0x000CCCCCCCCCCCCC
mem[X,0x0000000080037FD8] -> 0x9593
mem[X,0x0000000080037FDA] -> 0x00A5
[8944] [M]: 0x0000000080037FD8 (0x00A59593) slli a1, a1, 0xa
x11 <- 0x3333333333333000
mem[X,0x0000000080037FDC] -> 0x8593
mem[X,0x0000000080037FDE] -> 0x3325
[8945] [M]: 0x0000000080037FDC (0x33258593) addi a1, a1, 0x332
x11 <- 0x3333333333333332
mem[X,0x0000000080037FE0] -> 0x0113
mem[X,0x0000000080037FE2] -> 0x0000
[8946] [M]: 0x0000000080037FE0 (0x00000113) addi sp, zero, 0x0
x2 <- 0x0000000000000000
mem[X,0x0000000080037FE4] -> 0x006F
mem[X,0x0000000080037FE6] -> 0x00C0
[8947] [M]: 0x0000000080037FE4 (0x00C0006F) jal zero, 0xc
mem[X,0x0000000080037FF0] -> 0x5663
mem[X,0x0000000080037FF2] -> 0x00B5
[8948] [M]: 0x0000000080037FF0 (0x00B55663) bge a0, a1, 0xc
mem[X,0x0000000080037FF4] -> 0x0113
mem[X,0x0000000080037FF6] -> 0x0021
[8949] [M]: 0x0000000080037FF4 (0x00210113) addi sp, sp, 0x2
x2 <- 0x0000000000000002
mem[X,0x0000000080037FF8] -> 0x006F
mem[X,0x0000000080037FFA] -> 0x00C0
[8950] [M]: 0x0000000080037FF8 (0x00C0006F) jal zero, 0xc
mem[X,0x0000000080038004] -> 0xB423
mem[X,0x0000000080038006] -> 0x0C20
[8951] [M]: 0x0000000080038004 (0x0C20B423) sd sp, 0xc8(ra)
mem[0x0000000080049298] <- 0x0000000000000002
mem[X,0x0000000080038008] -> 0x0513
mem[X,0x000000008003800A] -> 0x0060
[8952] [M]: 0x0000000080038008 (0x00600513) addi a0, zero, 0x6
x10 <- 0x0000000000000006
mem[X,0x000000008003800C] -> 0x65B7
mem[X,0x000000008003800E] -> 0x6666
[8953] [M]: 0x000000008003800C (0x666665B7) lui a1, 0x66666
x11 <- 0x0000000066666000
mem[X,0x0000000080038010] -> 0x8593
mem[X,0x0000000080038012] -> 0x6665
[8954] [M]: 0x0000000080038010 (0x66658593) addi a1, a1, 0x666
x11 <- 0x0000000066666666
mem[X,0x0000000080038014] -> 0x9593
mem[X,0x0000000080038016] -> 0x00B5
[8955] [M]: 0x0000000080038014 (0x00B59593) slli a1, a1, 0xb
x11 <- 0x0000033333333000
mem[X,0x0000000080038018] -> 0x8593
mem[X,0x000000008003801A] -> 0x3335
[8956] [M]: 0x0000000080038018 (0x33358593) addi a1, a1, 0x333
x11 <- 0x0000033333333333
mem[X,0x000000008003801C] -> 0x9593
mem[X,0x000000008003801E] -> 0x00B5
[8957] [M]: 0x000000008003801C (0x00B59593) slli a1, a1, 0xb
x11 <- 0x0019999999999800
mem[X,0x0000000080038020] -> 0x8593
mem[X,0x0000000080038022] -> 0x1995
[8958] [M]: 0x0000000080038020 (0x19958593) addi a1, a1, 0x199
x11 <- 0x0019999999999999
mem[X,0x0000000080038024] -> 0x9593
mem[X,0x0000000080038026] -> 0x00A5
[8959] [M]: 0x0000000080038024 (0x00A59593) slli a1, a1, 0xa
x11 <- 0x6666666666666400
mem[X,0x0000000080038028] -> 0x8593
mem[X,0x000000008003802A] -> 0x2655
[8960] [M]: 0x0000000080038028 (0x26558593) addi a1, a1, 0x265
x11 <- 0x6666666666666665
mem[X,0x000000008003802C] -> 0x0113
mem[X,0x000000008003802E] -> 0x0000
[8961] [M]: 0x000000008003802C (0x00000113) addi sp, zero, 0x0
x2 <- 0x0000000000000000
mem[X,0x0000000080038030] -> 0x006F
mem[X,0x0000000080038032] -> 0x00C0
[8962] [M]: 0x0000000080038030 (0x00C0006F) jal zero, 0xc
mem[X,0x000000008003803C] -> 0x5663
mem[X,0x000000008003803E] -> 0x00B5
[8963] [M]: 0x000000008003803C (0x00B55663) bge a0, a1, 0xc
mem[X,0x0000000080038040] -> 0x0113
mem[X,0x0000000080038042] -> 0x0021
[8964] [M]: 0x0000000080038040 (0x00210113) addi sp, sp, 0x2
x2 <- 0x0000000000000002
mem[X,0x0000000080038044] -> 0x006F
mem[X,0x0000000080038046] -> 0x00C0
[8965] [M]: 0x0000000080038044 (0x00C0006F) jal zero, 0xc
mem[X,0x0000000080038050] -> 0xB823
mem[X,0x0000000080038052] -> 0x0C20
[8966] [M]: 0x0000000080038050 (0x0C20B823) sd sp, 0xd0(ra)
mem[0x00000000800492A0] <- 0x0000000000000002
mem[X,0x0000000080038054] -> 0x0513
mem[X,0x0000000080038056] -> 0x0060
[8967] [M]: 0x0000000080038054 (0x00600513) addi a0, zero, 0x6
x10 <- 0x0000000000000006
mem[X,0x0000000080038058] -> 0x05B7
mem[X,0x000000008003805A] -> 0x0000
[8968] [M]: 0x0000000080038058 (0x000005B7) lui a1, 0x0
x11 <- 0x0000000000000000
mem[X,0x000000008003805C] -> 0x8593
mem[X,0x000000008003805E] -> 0x0005
[8969] [M]: 0x000000008003805C (0x00058593) addi a1, a1, 0x0
x11 <- 0x0000000000000000
mem[X,0x0000000080038060] -> 0x9593
mem[X,0x0000000080038062] -> 0x00B5
[8970] [M]: 0x0000000080038060 (0x00B59593) slli a1, a1, 0xb
x11 <- 0x0000000000000000
mem[X,0x0000000080038064] -> 0x8593
mem[X,0x0000000080038066] -> 0x5A85
[8971] [M]: 0x0000000080038064 (0x5A858593) addi a1, a1, 0x5a8
x11 <- 0x00000000000005A8
mem[X,0x0000000080038068] -> 0x9593
mem[X,0x000000008003806A] -> 0x00B5
[8972] [M]: 0x0000000080038068 (0x00B59593) slli a1, a1, 0xb
x11 <- 0x00000000002D4000
mem[X,0x000000008003806C] -> 0x8593
mem[X,0x000000008003806E] -> 0x13C5
[8973] [M]: 0x000000008003806C (0x13C58593) addi a1, a1, 0x13c
x11 <- 0x00000000002D413C
mem[X,0x0000000080038070] -> 0x9593
mem[X,0x0000000080038072] -> 0x00A5
[8974] [M]: 0x0000000080038070 (0x00A59593) slli a1, a1, 0xa
x11 <- 0x00000000B504F000
mem[X,0x0000000080038074] -> 0x8593
mem[X,0x0000000080038076] -> 0x3325
[8975] [M]: 0x0000000080038074 (0x33258593) addi a1, a1, 0x332
x11 <- 0x00000000B504F332
mem[X,0x0000000080038078] -> 0x0113
mem[X,0x000000008003807A] -> 0x0000
[8976] [M]: 0x0000000080038078 (0x00000113) addi sp, zero, 0x0
x2 <- 0x0000000000000000
mem[X,0x000000008003807C] -> 0x006F
mem[X,0x000000008003807E] -> 0x00C0
[8977] [M]: 0x000000008003807C (0x00C0006F) jal zero, 0xc
mem[X,0x0000000080038088] -> 0x5CE3
mem[X,0x000000008003808A] -> 0xFEB5
[8978] [M]: 0x0000000080038088 (0xFEB55CE3) bge a0, a1, -0x8
mem[X,0x000000008003808C] -> 0x0113
mem[X,0x000000008003808E] -> 0x0021
[8979] [M]: 0x000000008003808C (0x00210113) addi sp, sp, 0x2
x2 <- 0x0000000000000002
mem[X,0x0000000080038090] -> 0x006F
mem[X,0x0000000080038092] -> 0x00C0
[8980] [M]: 0x0000000080038090 (0x00C0006F) jal zero, 0xc
mem[X,0x000000008003809C] -> 0xBC23
mem[X,0x000000008003809E] -> 0x0C20
[8981] [M]: 0x000000008003809C (0x0C20BC23) sd sp, 0xd8(ra)
mem[0x00000000800492A8] <- 0x0000000000000002
mem[X,0x00000000800380A0] -> 0x0513
mem[X,0x00000000800380A2] -> 0x0060
[8982] [M]: 0x00000000800380A0 (0x00600513) addi a0, zero, 0x6
x10 <- 0x0000000000000006
mem[X,0x00000000800380A4] -> 0x55B7
mem[X,0x00000000800380A6] -> 0x5555
[8983] [M]: 0x00000000800380A4 (0x555555B7) lui a1, 0x55555
x11 <- 0x0000000055555000
mem[X,0x00000000800380A8] -> 0x8593
mem[X,0x00000000800380AA] -> 0x5555
[8984] [M]: 0x00000000800380A8 (0x55558593) addi a1, a1, 0x555
x11 <- 0x0000000055555555
mem[X,0x00000000800380AC] -> 0x9593
mem[X,0x00000000800380AE] -> 0x00B5
[8985] [M]: 0x00000000800380AC (0x00B59593) slli a1, a1, 0xb
x11 <- 0x000002AAAAAAA800
mem[X,0x00000000800380B0] -> 0x8593
mem[X,0x00000000800380B2] -> 0x2AA5
[8986] [M]: 0x00000000800380B0 (0x2AA58593) addi a1, a1, 0x2aa
x11 <- 0x000002AAAAAAAAAA
mem[X,0x00000000800380B4] -> 0x9593
mem[X,0x00000000800380B6] -> 0x00B5
[8987] [M]: 0x00000000800380B4 (0x00B59593) slli a1, a1, 0xb
x11 <- 0x0015555555555000
mem[X,0x00000000800380B8] -> 0x8593
mem[X,0x00000000800380BA] -> 0x5555
[8988] [M]: 0x00000000800380B8 (0x55558593) addi a1, a1, 0x555
x11 <- 0x0015555555555555
mem[X,0x00000000800380BC] -> 0x9593
mem[X,0x00000000800380BE] -> 0x00A5
[8989] [M]: 0x00000000800380BC (0x00A59593) slli a1, a1, 0xa
x11 <- 0x5555555555555400
mem[X,0x00000000800380C0] -> 0x8593
mem[X,0x00000000800380C2] -> 0x1565
[8990] [M]: 0x00000000800380C0 (0x15658593) addi a1, a1, 0x156
x11 <- 0x5555555555555556
mem[X,0x00000000800380C4] -> 0x0113
mem[X,0x00000000800380C6] -> 0x0000
[8991] [M]: 0x00000000800380C4 (0x00000113) addi sp, zero, 0x0
x2 <- 0x0000000000000000
mem[X,0x00000000800380C8] -> 0x006F
mem[X,0x00000000800380CA] -> 0x00C0
[8992] [M]: 0x00000000800380C8 (0x00C0006F) jal zero, 0xc
mem[X,0x00000000800380D4] -> 0x5663
mem[X,0x00000000800380D6] -> 0x00B5
[8993] [M]: 0x00000000800380D4 (0x00B55663) bge a0, a1, 0xc
mem[X,0x00000000800380D8] -> 0x0113
mem[X,0x00000000800380DA] -> 0x0021
[8994] [M]: 0x00000000800380D8 (0x00210113) addi sp, sp, 0x2
x2 <- 0x0000000000000002
mem[X,0x00000000800380DC] -> 0x006F
mem[X,0x00000000800380DE] -> 0x00C0
[8995] [M]: 0x00000000800380DC (0x00C0006F) jal zero, 0xc
mem[X,0x00000000800380E8] -> 0xB023
mem[X,0x00000000800380EA] -> 0x0E20
[8996] [M]: 0x00000000800380E8 (0x0E20B023) sd sp, 0xe0(ra)
mem[0x00000000800492B0] <- 0x0000000000000002
mem[X,0x00000000800380EC] -> 0x0513
mem[X,0x00000000800380EE] -> 0x0060
[8997] [M]: 0x00000000800380EC (0x00600513) addi a0, zero, 0x6
x10 <- 0x0000000000000006
mem[X,0x00000000800380F0] -> 0xB5B7
mem[X,0x00000000800380F2] -> 0xAAAA
[8998] [M]: 0x00000000800380F0 (0xAAAAB5B7) lui a1, -0x55555
x11 <- 0xFFFFFFFFAAAAB000
mem[X,0x00000000800380F4] -> 0x8593
mem[X,0x00000000800380F6] -> 0xAAA5
[8999] [M]: 0x00000000800380F4 (0xAAA58593) addi a1, a1, -0x556
x11 <- 0xFFFFFFFFAAAAAAAA
clint::tick mtime <- 0x000000000000005A
 clint timer pending at mtime 0x000000000000005A
htif::tick 0x0000000000000000
mem[X,0x00000000800380F8] -> 0x9593
mem[X,0x00000000800380FA] -> 0x00B5
[9000] [M]: 0x00000000800380F8 (0x00B59593) slli a1, a1, 0xb
x11 <- 0xFFFFFD5555555000
mem[X,0x00000000800380FC] -> 0x8593
mem[X,0x00000000800380FE] -> 0x5555
[9001] [M]: 0x00000000800380FC (0x55558593) addi a1, a1, 0x555
x11 <- 0xFFFFFD5555555555
mem[X,0x0000000080038100] -> 0x9593
mem[X,0x0000000080038102] -> 0x00B5
[9002] [M]: 0x0000000080038100 (0x00B59593) slli a1, a1, 0xb
x11 <- 0xFFEAAAAAAAAAA800
mem[X,0x0000000080038104] -> 0x8593
mem[X,0x0000000080038106] -> 0x2AA5
[9003] [M]: 0x0000000080038104 (0x2AA58593) addi a1, a1, 0x2aa
x11 <- 0xFFEAAAAAAAAAAAAA
mem[X,0x0000000080038108] -> 0x9593
mem[X,0x000000008003810A] -> 0x00A5
[9004] [M]: 0x0000000080038108 (0x00A59593) slli a1, a1, 0xa
x11 <- 0xAAAAAAAAAAAAA800
mem[X,0x000000008003810C] -> 0x8593
mem[X,0x000000008003810E] -> 0x2AB5
[9005] [M]: 0x000000008003810C (0x2AB58593) addi a1, a1, 0x2ab
x11 <- 0xAAAAAAAAAAAAAAAB
mem[X,0x0000000080038110] -> 0x0113
mem[X,0x0000000080038112] -> 0x0000
[9006] [M]: 0x0000000080038110 (0x00000113) addi sp, zero, 0x0
x2 <- 0x0000000000000000
mem[X,0x0000000080038114] -> 0x006F
mem[X,0x0000000080038116] -> 0x00C0
[9007] [M]: 0x0000000080038114 (0x00C0006F) jal zero, 0xc
mem[X,0x0000000080038120] -> 0x5663
mem[X,0x0000000080038122] -> 0x00B5
[9008] [M]: 0x0000000080038120 (0x00B55663) bge a0, a1, 0xc
mem[X,0x000000008003812C] -> 0x0113
mem[X,0x000000008003812E] -> 0x0031
[9009] [M]: 0x000000008003812C (0x00310113) addi sp, sp, 0x3
x2 <- 0x0000000000000003
mem[X,0x0000000080038130] -> 0x006F
mem[X,0x0000000080038132] -> 0x0040
[9010] [M]: 0x0000000080038130 (0x0040006F) jal zero, 0x4
mem[X,0x0000000080038134] -> 0xB423
mem[X,0x0000000080038136] -> 0x0E20
[9011] [M]: 0x0000000080038134 (0x0E20B423) sd sp, 0xe8(ra)
mem[0x00000000800492B8] <- 0x0000000000000003
mem[X,0x0000000080038138] -> 0x0513
mem[X,0x000000008003813A] -> 0x0060
[9012] [M]: 0x0000000080038138 (0x00600513) addi a0, zero, 0x6
x10 <- 0x0000000000000006
mem[X,0x000000008003813C] -> 0x0593
mem[X,0x000000008003813E] -> 0x0060
[9013] [M]: 0x000000008003813C (0x00600593) addi a1, zero, 0x6
x11 <- 0x0000000000000006
mem[X,0x0000000080038140] -> 0x0113
mem[X,0x0000000080038142] -> 0x0000
[9014] [M]: 0x0000000080038140 (0x00000113) addi sp, zero, 0x0
x2 <- 0x0000000000000000
mem[X,0x0000000080038144] -> 0x006F
mem[X,0x0000000080038146] -> 0x0140
[9015] [M]: 0x0000000080038144 (0x0140006F) jal zero, 0x14
mem[X,0x0000000080038158] -> 0x58E3
mem[X,0x000000008003815A] -> 0xFEB5
[9016] [M]: 0x0000000080038158 (0xFEB558E3) bge a0, a1, -0x10
mem[X,0x0000000080038148] -> 0x0113
mem[X,0x000000008003814A] -> 0x0011
[9017] [M]: 0x0000000080038148 (0x00110113) addi sp, sp, 0x1
x2 <- 0x0000000000000001
mem[X,0x000000008003814C] -> 0x006F
mem[X,0x000000008003814E] -> 0x0200
[9018] [M]: 0x000000008003814C (0x0200006F) jal zero, 0x20
mem[X,0x000000008003816C] -> 0xB823
mem[X,0x000000008003816E] -> 0x0E20
[9019] [M]: 0x000000008003816C (0x0E20B823) sd sp, 0xf0(ra)
mem[0x00000000800492C0] <- 0x0000000000000001
mem[X,0x0000000080038170] -> 0x0513
mem[X,0x0000000080038172] -> 0x0060
[9020] [M]: 0x0000000080038170 (0x00600513) addi a0, zero, 0x6
x10 <- 0x0000000000000006
mem[X,0x0000000080038174] -> 0x35B7
mem[X,0x0000000080038176] -> 0x3333
[9021] [M]: 0x0000000080038174 (0x333335B7) lui a1, 0x33333
x11 <- 0x0000000033333000
mem[X,0x0000000080038178] -> 0x8593
mem[X,0x000000008003817A] -> 0x3335
[9022] [M]: 0x0000000080038178 (0x33358593) addi a1, a1, 0x333
x11 <- 0x0000000033333333
mem[X,0x000000008003817C] -> 0x9593
mem[X,0x000000008003817E] -> 0x00B5
[9023] [M]: 0x000000008003817C (0x00B59593) slli a1, a1, 0xb
x11 <- 0x0000019999999800
mem[X,0x0000000080038180] -> 0x8593
mem[X,0x0000000080038182] -> 0x1995
[9024] [M]: 0x0000000080038180 (0x19958593) addi a1, a1, 0x199
x11 <- 0x0000019999999999
mem[X,0x0000000080038184] -> 0x9593
mem[X,0x0000000080038186] -> 0x00B5
[9025] [M]: 0x0000000080038184 (0x00B59593) slli a1, a1, 0xb
x11 <- 0x000CCCCCCCCCC800
mem[X,0x0000000080038188] -> 0x8593
mem[X,0x000000008003818A] -> 0x4CC5
[9026] [M]: 0x0000000080038188 (0x4CC58593) addi a1, a1, 0x4cc
x11 <- 0x000CCCCCCCCCCCCC
mem[X,0x000000008003818C] -> 0x9593
mem[X,0x000000008003818E] -> 0x00A5
[9027] [M]: 0x000000008003818C (0x00A59593) slli a1, a1, 0xa
x11 <- 0x3333333333333000
mem[X,0x0000000080038190] -> 0x8593
mem[X,0x0000000080038192] -> 0x3345
[9028] [M]: 0x0000000080038190 (0x33458593) addi a1, a1, 0x334
x11 <- 0x3333333333333334
mem[X,0x0000000080038194] -> 0x0113
mem[X,0x0000000080038196] -> 0x0000
[9029] [M]: 0x0000000080038194 (0x00000113) addi sp, zero, 0x0
x2 <- 0x0000000000000000
mem[X,0x0000000080038198] -> 0x006F
mem[X,0x000000008003819A] -> 0x00C0
[9030] [M]: 0x0000000080038198 (0x00C0006F) jal zero, 0xc
mem[X,0x00000000800381A4] -> 0x5CE3
mem[X,0x00000000800381A6] -> 0xFEB5
[9031] [M]: 0x00000000800381A4 (0xFEB55CE3) bge a0, a1, -0x8
mem[X,0x00000000800381A8] -> 0x0113
mem[X,0x00000000800381AA] -> 0x0021
[9032] [M]: 0x00000000800381A8 (0x00210113) addi sp, sp, 0x2
x2 <- 0x0000000000000002
mem[X,0x00000000800381AC] -> 0x006F
mem[X,0x00000000800381AE] -> 0x00C0
[9033] [M]: 0x00000000800381AC (0x00C0006F) jal zero, 0xc
mem[X,0x00000000800381B8] -> 0xBC23
mem[X,0x00000000800381BA] -> 0x0E20
[9034] [M]: 0x00000000800381B8 (0x0E20BC23) sd sp, 0xf8(ra)
mem[0x00000000800492C8] <- 0x0000000000000002
mem[X,0x00000000800381BC] -> 0x0513
mem[X,0x00000000800381BE] -> 0x0060
[9035] [M]: 0x00000000800381BC (0x00600513) addi a0, zero, 0x6
x10 <- 0x0000000000000006
mem[X,0x00000000800381C0] -> 0x65B7
mem[X,0x00000000800381C2] -> 0x6666
[9036] [M]: 0x00000000800381C0 (0x666665B7) lui a1, 0x66666
x11 <- 0x0000000066666000
mem[X,0x00000000800381C4] -> 0x8593
mem[X,0x00000000800381C6] -> 0x6665
[9037] [M]: 0x00000000800381C4 (0x66658593) addi a1, a1, 0x666
x11 <- 0x0000000066666666
mem[X,0x00000000800381C8] -> 0x9593
mem[X,0x00000000800381CA] -> 0x00B5
[9038] [M]: 0x00000000800381C8 (0x00B59593) slli a1, a1, 0xb
x11 <- 0x0000033333333000
mem[X,0x00000000800381CC] -> 0x8593
mem[X,0x00000000800381CE] -> 0x3335
[9039] [M]: 0x00000000800381CC (0x33358593) addi a1, a1, 0x333
x11 <- 0x0000033333333333
mem[X,0x00000000800381D0] -> 0x9593
mem[X,0x00000000800381D2] -> 0x00B5
[9040] [M]: 0x00000000800381D0 (0x00B59593) slli a1, a1, 0xb
x11 <- 0x0019999999999800
mem[X,0x00000000800381D4] -> 0x8593
mem[X,0x00000000800381D6] -> 0x1995
[9041] [M]: 0x00000000800381D4 (0x19958593) addi a1, a1, 0x199
x11 <- 0x0019999999999999
mem[X,0x00000000800381D8] -> 0x9593
mem[X,0x00000000800381DA] -> 0x00A5
[9042] [M]: 0x00000000800381D8 (0x00A59593) slli a1, a1, 0xa
x11 <- 0x6666666666666400
mem[X,0x00000000800381DC] -> 0x8593
mem[X,0x00000000800381DE] -> 0x2675
[9043] [M]: 0x00000000800381DC (0x26758593) addi a1, a1, 0x267
x11 <- 0x6666666666666667
mem[X,0x00000000800381E0] -> 0x0113
mem[X,0x00000000800381E2] -> 0x0000
[9044] [M]: 0x00000000800381E0 (0x00000113) addi sp, zero, 0x0
x2 <- 0x0000000000000000
mem[X,0x00000000800381E4] -> 0x006F
mem[X,0x00000000800381E6] -> 0x2B10
[9045] [M]: 0x00000000800381E4 (0x2B10006F) jal zero, 0xab0
mem[X,0x0000000080038C94] -> 0x5A63
mem[X,0x0000000080038C96] -> 0xD4B5
[9046] [M]: 0x0000000080038C94 (0xD4B55A63) bge a0, a1, -0xaac
mem[X,0x0000000080038C98] -> 0x0113
mem[X,0x0000000080038C9A] -> 0x0021
[9047] [M]: 0x0000000080038C98 (0x00210113) addi sp, sp, 0x2
x2 <- 0x0000000000000002
mem[X,0x0000000080038C9C] -> 0x006F
mem[X,0x0000000080038C9E] -> 0x00C0
[9048] [M]: 0x0000000080038C9C (0x00C0006F) jal zero, 0xc
mem[X,0x0000000080038CA8] -> 0xB023
mem[X,0x0000000080038CAA] -> 0x1020
[9049] [M]: 0x0000000080038CA8 (0x1020B023) sd sp, 0x100(ra)
mem[0x00000000800492D0] <- 0x0000000000000002
mem[X,0x0000000080038CAC] -> 0x0513
mem[X,0x0000000080038CAE] -> 0x0060
[9050] [M]: 0x0000000080038CAC (0x00600513) addi a0, zero, 0x6
x10 <- 0x0000000000000006
mem[X,0x0000000080038CB0] -> 0x05B7
mem[X,0x0000000080038CB2] -> 0x0000
[9051] [M]: 0x0000000080038CB0 (0x000005B7) lui a1, 0x0
x11 <- 0x0000000000000000
mem[X,0x0000000080038CB4] -> 0x8593
mem[X,0x0000000080038CB6] -> 0xFFF5
[9052] [M]: 0x0000000080038CB4 (0xFFF58593) addi a1, a1, -0x1
x11 <- 0xFFFFFFFFFFFFFFFF
mem[X,0x0000000080038CB8] -> 0x9593
mem[X,0x0000000080038CBA] -> 0x00B5
[9053] [M]: 0x0000000080038CB8 (0x00B59593) slli a1, a1, 0xb
x11 <- 0xFFFFFFFFFFFFF800
mem[X,0x0000000080038CBC] -> 0x8593
mem[X,0x0000000080038CBE] -> 0x2575
[9054] [M]: 0x0000000080038CBC (0x25758593) addi a1, a1, 0x257
x11 <- 0xFFFFFFFFFFFFFA57
mem[X,0x0000000080038CC0] -> 0x9593
mem[X,0x0000000080038CC2] -> 0x00B5
[9055] [M]: 0x0000000080038CC0 (0x00B59593) slli a1, a1, 0xb
x11 <- 0xFFFFFFFFFFD2B800
mem[X,0x0000000080038CC4] -> 0x8593
mem[X,0x0000000080038CC6] -> 0x6C35
[9056] [M]: 0x0000000080038CC4 (0x6C358593) addi a1, a1, 0x6c3
x11 <- 0xFFFFFFFFFFD2BEC3
mem[X,0x0000000080038CC8] -> 0x9593
mem[X,0x0000000080038CCA] -> 0x00A5
[9057] [M]: 0x0000000080038CC8 (0x00A59593) slli a1, a1, 0xa
x11 <- 0xFFFFFFFF4AFB0C00
mem[X,0x0000000080038CCC] -> 0x8593
mem[X,0x0000000080038CCE] -> 0x0CE5
[9058] [M]: 0x0000000080038CCC (0x0CE58593) addi a1, a1, 0xce
x11 <- 0xFFFFFFFF4AFB0CCE
mem[X,0x0000000080038CD0] -> 0x0113
mem[X,0x0000000080038CD2] -> 0x0000
[9059] [M]: 0x0000000080038CD0 (0x00000113) addi sp, zero, 0x0
x2 <- 0x0000000000000000
mem[X,0x0000000080038CD4] -> 0x006F
mem[X,0x0000000080038CD6] -> 0x00C0
[9060] [M]: 0x0000000080038CD4 (0x00C0006F) jal zero, 0xc
mem[X,0x0000000080038CE0] -> 0x5663
mem[X,0x0000000080038CE2] -> 0x00B5
[9061] [M]: 0x0000000080038CE0 (0x00B55663) bge a0, a1, 0xc
mem[X,0x0000000080038CEC] -> 0x0113
mem[X,0x0000000080038CEE] -> 0x0031
[9062] [M]: 0x0000000080038CEC (0x00310113) addi sp, sp, 0x3
x2 <- 0x0000000000000003
mem[X,0x0000000080038CF0] -> 0x006F
mem[X,0x0000000080038CF2] -> 0x0040
[9063] [M]: 0x0000000080038CF0 (0x0040006F) jal zero, 0x4
mem[X,0x0000000080038CF4] -> 0xB423
mem[X,0x0000000080038CF6] -> 0x1020
[9064] [M]: 0x0000000080038CF4 (0x1020B423) sd sp, 0x108(ra)
mem[0x00000000800492D8] <- 0x0000000000000003
mem[X,0x0000000080038CF8] -> 0x0513
mem[X,0x0000000080038CFA] -> 0x0060
[9065] [M]: 0x0000000080038CF8 (0x00600513) addi a0, zero, 0x6
x10 <- 0x0000000000000006
mem[X,0x0000000080038CFC] -> 0x05B7
mem[X,0x0000000080038CFE] -> 0x0000
[9066] [M]: 0x0000000080038CFC (0x000005B7) lui a1, 0x0
x11 <- 0x0000000000000000
mem[X,0x0000000080038D00] -> 0x8593
mem[X,0x0000000080038D02] -> 0x0005
[9067] [M]: 0x0000000080038D00 (0x00058593) addi a1, a1, 0x0
x11 <- 0x0000000000000000
mem[X,0x0000000080038D04] -> 0x9593
mem[X,0x0000000080038D06] -> 0x00B5
[9068] [M]: 0x0000000080038D04 (0x00B59593) slli a1, a1, 0xb
x11 <- 0x0000000000000000
mem[X,0x0000000080038D08] -> 0x8593
mem[X,0x0000000080038D0A] -> 0x5A85
[9069] [M]: 0x0000000080038D08 (0x5A858593) addi a1, a1, 0x5a8
x11 <- 0x00000000000005A8
mem[X,0x0000000080038D0C] -> 0x9593
mem[X,0x0000000080038D0E] -> 0x00B5
[9070] [M]: 0x0000000080038D0C (0x00B59593) slli a1, a1, 0xb
x11 <- 0x00000000002D4000
mem[X,0x0000000080038D10] -> 0x8593
mem[X,0x0000000080038D12] -> 0x13C5
[9071] [M]: 0x0000000080038D10 (0x13C58593) addi a1, a1, 0x13c
x11 <- 0x00000000002D413C
mem[X,0x0000000080038D14] -> 0x9593
mem[X,0x0000000080038D16] -> 0x00A5
[9072] [M]: 0x0000000080038D14 (0x00A59593) slli a1, a1, 0xa
x11 <- 0x00000000B504F000
mem[X,0x0000000080038D18] -> 0x8593
mem[X,0x0000000080038D1A] -> 0x3345
[9073] [M]: 0x0000000080038D18 (0x33458593) addi a1, a1, 0x334
x11 <- 0x00000000B504F334
mem[X,0x0000000080038D1C] -> 0x0113
mem[X,0x0000000080038D1E] -> 0x0000
[9074] [M]: 0x0000000080038D1C (0x00000113) addi sp, zero, 0x0
x2 <- 0x0000000000000000
mem[X,0x0000000080038D20] -> 0x006F
mem[X,0x0000000080038D22] -> 0x00C0
[9075] [M]: 0x0000000080038D20 (0x00C0006F) jal zero, 0xc
mem[X,0x0000000080038D2C] -> 0x5663
mem[X,0x0000000080038D2E] -> 0x00B5
[9076] [M]: 0x0000000080038D2C (0x00B55663) bge a0, a1, 0xc
mem[X,0x0000000080038D30] -> 0x0113
mem[X,0x0000000080038D32] -> 0x0021
[9077] [M]: 0x0000000080038D30 (0x00210113) addi sp, sp, 0x2
x2 <- 0x0000000000000002
mem[X,0x0000000080038D34] -> 0x006F
mem[X,0x0000000080038D36] -> 0x00C0
[9078] [M]: 0x0000000080038D34 (0x00C0006F) jal zero, 0xc
mem[X,0x0000000080038D40] -> 0xB823
mem[X,0x0000000080038D42] -> 0x1020
[9079] [M]: 0x0000000080038D40 (0x1020B823) sd sp, 0x110(ra)
mem[0x00000000800492E0] <- 0x0000000000000002
mem[X,0x0000000080038D44] -> 0x3537
mem[X,0x0000000080038D46] -> 0x3333
[9080] [M]: 0x0000000080038D44 (0x33333537) lui a0, 0x33333
x10 <- 0x0000000033333000
mem[X,0x0000000080038D48] -> 0x0513
mem[X,0x0000000080038D4A] -> 0x3335
[9081] [M]: 0x0000000080038D48 (0x33350513) addi a0, a0, 0x333
x10 <- 0x0000000033333333
mem[X,0x0000000080038D4C] -> 0x1513
mem[X,0x0000000080038D4E] -> 0x00B5
[9082] [M]: 0x0000000080038D4C (0x00B51513) slli a0, a0, 0xb
x10 <- 0x0000019999999800
mem[X,0x0000000080038D50] -> 0x0513
mem[X,0x0000000080038D52] -> 0x1995
[9083] [M]: 0x0000000080038D50 (0x19950513) addi a0, a0, 0x199
x10 <- 0x0000019999999999
mem[X,0x0000000080038D54] -> 0x1513
mem[X,0x0000000080038D56] -> 0x00B5
[9084] [M]: 0x0000000080038D54 (0x00B51513) slli a0, a0, 0xb
x10 <- 0x000CCCCCCCCCC800
mem[X,0x0000000080038D58] -> 0x0513
mem[X,0x0000000080038D5A] -> 0x4CC5
[9085] [M]: 0x0000000080038D58 (0x4CC50513) addi a0, a0, 0x4cc
x10 <- 0x000CCCCCCCCCCCCC
mem[X,0x0000000080038D5C] -> 0x1513
mem[X,0x0000000080038D5E] -> 0x00A5
[9086] [M]: 0x0000000080038D5C (0x00A51513) slli a0, a0, 0xa
x10 <- 0x3333333333333000
mem[X,0x0000000080038D60] -> 0x0513
mem[X,0x0000000080038D62] -> 0x3345
[9087] [M]: 0x0000000080038D60 (0x33450513) addi a0, a0, 0x334
x10 <- 0x3333333333333334
mem[X,0x0000000080038D64] -> 0x0593
mem[X,0x0000000080038D66] -> 0x0030
[9088] [M]: 0x0000000080038D64 (0x00300593) addi a1, zero, 0x3
x11 <- 0x0000000000000003
mem[X,0x0000000080038D68] -> 0x0113
mem[X,0x0000000080038D6A] -> 0x0000
[9089] [M]: 0x0000000080038D68 (0x00000113) addi sp, zero, 0x0
x2 <- 0x0000000000000000
mem[X,0x0000000080038D6C] -> 0x006F
mem[X,0x0000000080038D6E] -> 0x00C0
[9090] [M]: 0x0000000080038D6C (0x00C0006F) jal zero, 0xc
mem[X,0x0000000080038D78] -> 0x5CE3
mem[X,0x0000000080038D7A] -> 0xFEB5
[9091] [M]: 0x0000000080038D78 (0xFEB55CE3) bge a0, a1, -0x8
mem[X,0x0000000080038D70] -> 0x0113
mem[X,0x0000000080038D72] -> 0x0011
[9092] [M]: 0x0000000080038D70 (0x00110113) addi sp, sp, 0x1
x2 <- 0x0000000000000001
mem[X,0x0000000080038D74] -> 0x006F
mem[X,0x0000000080038D76] -> 0x0180
[9093] [M]: 0x0000000080038D74 (0x0180006F) jal zero, 0x18
mem[X,0x0000000080038D8C] -> 0xBC23
mem[X,0x0000000080038D8E] -> 0x1020
[9094] [M]: 0x0000000080038D8C (0x1020BC23) sd sp, 0x118(ra)
mem[0x00000000800492E8] <- 0x0000000000000001
mem[X,0x0000000080038D90] -> 0x3537
mem[X,0x0000000080038D92] -> 0x3333
[9095] [M]: 0x0000000080038D90 (0x33333537) lui a0, 0x33333
x10 <- 0x0000000033333000
mem[X,0x0000000080038D94] -> 0x0513
mem[X,0x0000000080038D96] -> 0x3335
[9096] [M]: 0x0000000080038D94 (0x33350513) addi a0, a0, 0x333
x10 <- 0x0000000033333333
mem[X,0x0000000080038D98] -> 0x1513
mem[X,0x0000000080038D9A] -> 0x00B5
[9097] [M]: 0x0000000080038D98 (0x00B51513) slli a0, a0, 0xb
x10 <- 0x0000019999999800
mem[X,0x0000000080038D9C] -> 0x0513
mem[X,0x0000000080038D9E] -> 0x1995
[9098] [M]: 0x0000000080038D9C (0x19950513) addi a0, a0, 0x199
x10 <- 0x0000019999999999
mem[X,0x0000000080038DA0] -> 0x1513
mem[X,0x0000000080038DA2] -> 0x00B5
[9099] [M]: 0x0000000080038DA0 (0x00B51513) slli a0, a0, 0xb
x10 <- 0x000CCCCCCCCCC800
clint::tick mtime <- 0x000000000000005B
 clint timer pending at mtime 0x000000000000005B
htif::tick 0x0000000000000000
mem[X,0x0000000080038DA4] -> 0x0513
mem[X,0x0000000080038DA6] -> 0x4CC5
[9100] [M]: 0x0000000080038DA4 (0x4CC50513) addi a0, a0, 0x4cc
x10 <- 0x000CCCCCCCCCCCCC
mem[X,0x0000000080038DA8] -> 0x1513
mem[X,0x0000000080038DAA] -> 0x00A5
[9101] [M]: 0x0000000080038DA8 (0x00A51513) slli a0, a0, 0xa
x10 <- 0x3333333333333000
mem[X,0x0000000080038DAC] -> 0x0513
mem[X,0x0000000080038DAE] -> 0x3345
[9102] [M]: 0x0000000080038DAC (0x33450513) addi a0, a0, 0x334
x10 <- 0x3333333333333334
mem[X,0x0000000080038DB0] -> 0x55B7
mem[X,0x0000000080038DB2] -> 0x5555
[9103] [M]: 0x0000000080038DB0 (0x555555B7) lui a1, 0x55555
x11 <- 0x0000000055555000
mem[X,0x0000000080038DB4] -> 0x8593
mem[X,0x0000000080038DB6] -> 0x5555
[9104] [M]: 0x0000000080038DB4 (0x55558593) addi a1, a1, 0x555
x11 <- 0x0000000055555555
mem[X,0x0000000080038DB8] -> 0x9593
mem[X,0x0000000080038DBA] -> 0x00B5
[9105] [M]: 0x0000000080038DB8 (0x00B59593) slli a1, a1, 0xb
x11 <- 0x000002AAAAAAA800
mem[X,0x0000000080038DBC] -> 0x8593
mem[X,0x0000000080038DBE] -> 0x2AA5
[9106] [M]: 0x0000000080038DBC (0x2AA58593) addi a1, a1, 0x2aa
x11 <- 0x000002AAAAAAAAAA
mem[X,0x0000000080038DC0] -> 0x9593
mem[X,0x0000000080038DC2] -> 0x00B5
[9107] [M]: 0x0000000080038DC0 (0x00B59593) slli a1, a1, 0xb
x11 <- 0x0015555555555000
mem[X,0x0000000080038DC4] -> 0x8593
mem[X,0x0000000080038DC6] -> 0x5555
[9108] [M]: 0x0000000080038DC4 (0x55558593) addi a1, a1, 0x555
x11 <- 0x0015555555555555
mem[X,0x0000000080038DC8] -> 0x9593
mem[X,0x0000000080038DCA] -> 0x00A5
[9109] [M]: 0x0000000080038DC8 (0x00A59593) slli a1, a1, 0xa
x11 <- 0x5555555555555400
mem[X,0x0000000080038DCC] -> 0x8593
mem[X,0x0000000080038DCE] -> 0x1555
[9110] [M]: 0x0000000080038DCC (0x15558593) addi a1, a1, 0x155
x11 <- 0x5555555555555555
mem[X,0x0000000080038DD0] -> 0x0113
mem[X,0x0000000080038DD2] -> 0x0000
[9111] [M]: 0x0000000080038DD0 (0x00000113) addi sp, zero, 0x0
x2 <- 0x0000000000000000
mem[X,0x0000000080038DD4] -> 0x006F
mem[X,0x0000000080038DD6] -> 0x2B10
[9112] [M]: 0x0000000080038DD4 (0x2B10006F) jal zero, 0xab0
mem[X,0x0000000080039884] -> 0x5A63
mem[X,0x0000000080039886] -> 0xD4B5
[9113] [M]: 0x0000000080039884 (0xD4B55A63) bge a0, a1, -0xaac
mem[X,0x0000000080039888] -> 0x0113
mem[X,0x000000008003988A] -> 0x0021
[9114] [M]: 0x0000000080039888 (0x00210113) addi sp, sp, 0x2
x2 <- 0x0000000000000002
mem[X,0x000000008003988C] -> 0x006F
mem[X,0x000000008003988E] -> 0x00C0
[9115] [M]: 0x000000008003988C (0x00C0006F) jal zero, 0xc
mem[X,0x0000000080039898] -> 0xB023
mem[X,0x000000008003989A] -> 0x1220
[9116] [M]: 0x0000000080039898 (0x1220B023) sd sp, 0x120(ra)
mem[0x00000000800492F0] <- 0x0000000000000002
mem[X,0x000000008003989C] -> 0x3537
mem[X,0x000000008003989E] -> 0x3333
[9117] [M]: 0x000000008003989C (0x33333537) lui a0, 0x33333
x10 <- 0x0000000033333000
mem[X,0x00000000800398A0] -> 0x0513
mem[X,0x00000000800398A2] -> 0x3335
[9118] [M]: 0x00000000800398A0 (0x33350513) addi a0, a0, 0x333
x10 <- 0x0000000033333333
mem[X,0x00000000800398A4] -> 0x1513
mem[X,0x00000000800398A6] -> 0x00B5
[9119] [M]: 0x00000000800398A4 (0x00B51513) slli a0, a0, 0xb
x10 <- 0x0000019999999800
mem[X,0x00000000800398A8] -> 0x0513
mem[X,0x00000000800398AA] -> 0x1995
[9120] [M]: 0x00000000800398A8 (0x19950513) addi a0, a0, 0x199
x10 <- 0x0000019999999999
mem[X,0x00000000800398AC] -> 0x1513
mem[X,0x00000000800398AE] -> 0x00B5
[9121] [M]: 0x00000000800398AC (0x00B51513) slli a0, a0, 0xb
x10 <- 0x000CCCCCCCCCC800
mem[X,0x00000000800398B0] -> 0x0513
mem[X,0x00000000800398B2] -> 0x4CC5
[9122] [M]: 0x00000000800398B0 (0x4CC50513) addi a0, a0, 0x4cc
x10 <- 0x000CCCCCCCCCCCCC
mem[X,0x00000000800398B4] -> 0x1513
mem[X,0x00000000800398B6] -> 0x00A5
[9123] [M]: 0x00000000800398B4 (0x00A51513) slli a0, a0, 0xa
x10 <- 0x3333333333333000
mem[X,0x00000000800398B8] -> 0x0513
mem[X,0x00000000800398BA] -> 0x3345
[9124] [M]: 0x00000000800398B8 (0x33450513) addi a0, a0, 0x334
x10 <- 0x3333333333333334
mem[X,0x00000000800398BC] -> 0xB5B7
mem[X,0x00000000800398BE] -> 0xAAAA
[9125] [M]: 0x00000000800398BC (0xAAAAB5B7) lui a1, -0x55555
x11 <- 0xFFFFFFFFAAAAB000
mem[X,0x00000000800398C0] -> 0x8593
mem[X,0x00000000800398C2] -> 0xAAA5
[9126] [M]: 0x00000000800398C0 (0xAAA58593) addi a1, a1, -0x556
x11 <- 0xFFFFFFFFAAAAAAAA
mem[X,0x00000000800398C4] -> 0x9593
mem[X,0x00000000800398C6] -> 0x00B5
[9127] [M]: 0x00000000800398C4 (0x00B59593) slli a1, a1, 0xb
x11 <- 0xFFFFFD5555555000
mem[X,0x00000000800398C8] -> 0x8593
mem[X,0x00000000800398CA] -> 0x5555
[9128] [M]: 0x00000000800398C8 (0x55558593) addi a1, a1, 0x555
x11 <- 0xFFFFFD5555555555
mem[X,0x00000000800398CC] -> 0x9593
mem[X,0x00000000800398CE] -> 0x00B5
[9129] [M]: 0x00000000800398CC (0x00B59593) slli a1, a1, 0xb
x11 <- 0xFFEAAAAAAAAAA800
mem[X,0x00000000800398D0] -> 0x8593
mem[X,0x00000000800398D2] -> 0x2AA5
[9130] [M]: 0x00000000800398D0 (0x2AA58593) addi a1, a1, 0x2aa
x11 <- 0xFFEAAAAAAAAAAAAA
mem[X,0x00000000800398D4] -> 0x9593
mem[X,0x00000000800398D6] -> 0x00A5
[9131] [M]: 0x00000000800398D4 (0x00A59593) slli a1, a1, 0xa
x11 <- 0xAAAAAAAAAAAAA800
mem[X,0x00000000800398D8] -> 0x8593
mem[X,0x00000000800398DA] -> 0x2AA5
[9132] [M]: 0x00000000800398D8 (0x2AA58593) addi a1, a1, 0x2aa
x11 <- 0xAAAAAAAAAAAAAAAA
mem[X,0x00000000800398DC] -> 0x0113
mem[X,0x00000000800398DE] -> 0x0000
[9133] [M]: 0x00000000800398DC (0x00000113) addi sp, zero, 0x0
x2 <- 0x0000000000000000
mem[X,0x00000000800398E0] -> 0x006F
mem[X,0x00000000800398E2] -> 0x00C0
[9134] [M]: 0x00000000800398E0 (0x00C0006F) jal zero, 0xc
mem[X,0x00000000800398EC] -> 0x5CE3
mem[X,0x00000000800398EE] -> 0xFEB5
[9135] [M]: 0x00000000800398EC (0xFEB55CE3) bge a0, a1, -0x8
mem[X,0x00000000800398E4] -> 0x0113
mem[X,0x00000000800398E6] -> 0x0011
[9136] [M]: 0x00000000800398E4 (0x00110113) addi sp, sp, 0x1
x2 <- 0x0000000000000001
mem[X,0x00000000800398E8] -> 0x006F
mem[X,0x00000000800398EA] -> 0x0180
[9137] [M]: 0x00000000800398E8 (0x0180006F) jal zero, 0x18
mem[X,0x0000000080039900] -> 0xB423
mem[X,0x0000000080039902] -> 0x1220
[9138] [M]: 0x0000000080039900 (0x1220B423) sd sp, 0x128(ra)
mem[0x00000000800492F8] <- 0x0000000000000001
mem[X,0x0000000080039904] -> 0x3537
mem[X,0x0000000080039906] -> 0x3333
[9139] [M]: 0x0000000080039904 (0x33333537) lui a0, 0x33333
x10 <- 0x0000000033333000
mem[X,0x0000000080039908] -> 0x0513
mem[X,0x000000008003990A] -> 0x3335
[9140] [M]: 0x0000000080039908 (0x33350513) addi a0, a0, 0x333
x10 <- 0x0000000033333333
mem[X,0x000000008003990C] -> 0x1513
mem[X,0x000000008003990E] -> 0x00B5
[9141] [M]: 0x000000008003990C (0x00B51513) slli a0, a0, 0xb
x10 <- 0x0000019999999800
mem[X,0x0000000080039910] -> 0x0513
mem[X,0x0000000080039912] -> 0x1995
[9142] [M]: 0x0000000080039910 (0x19950513) addi a0, a0, 0x199
x10 <- 0x0000019999999999
mem[X,0x0000000080039914] -> 0x1513
mem[X,0x0000000080039916] -> 0x00B5
[9143] [M]: 0x0000000080039914 (0x00B51513) slli a0, a0, 0xb
x10 <- 0x000CCCCCCCCCC800
mem[X,0x0000000080039918] -> 0x0513
mem[X,0x000000008003991A] -> 0x4CC5
[9144] [M]: 0x0000000080039918 (0x4CC50513) addi a0, a0, 0x4cc
x10 <- 0x000CCCCCCCCCCCCC
mem[X,0x000000008003991C] -> 0x1513
mem[X,0x000000008003991E] -> 0x00A5
[9145] [M]: 0x000000008003991C (0x00A51513) slli a0, a0, 0xa
x10 <- 0x3333333333333000
mem[X,0x0000000080039920] -> 0x0513
mem[X,0x0000000080039922] -> 0x3345
[9146] [M]: 0x0000000080039920 (0x33450513) addi a0, a0, 0x334
x10 <- 0x3333333333333334
mem[X,0x0000000080039924] -> 0x0593
mem[X,0x0000000080039926] -> 0x0050
[9147] [M]: 0x0000000080039924 (0x00500593) addi a1, zero, 0x5
x11 <- 0x0000000000000005
mem[X,0x0000000080039928] -> 0x0113
mem[X,0x000000008003992A] -> 0x0000
[9148] [M]: 0x0000000080039928 (0x00000113) addi sp, zero, 0x0
x2 <- 0x0000000000000000
mem[X,0x000000008003992C] -> 0x006F
mem[X,0x000000008003992E] -> 0x2B10
[9149] [M]: 0x000000008003992C (0x2B10006F) jal zero, 0xab0
mem[X,0x000000008003A3DC] -> 0x5A63
mem[X,0x000000008003A3DE] -> 0xD4B5
[9150] [M]: 0x000000008003A3DC (0xD4B55A63) bge a0, a1, -0xaac
mem[X,0x0000000080039930] -> 0x0113
mem[X,0x0000000080039932] -> 0x0011
[9151] [M]: 0x0000000080039930 (0x00110113) addi sp, sp, 0x1
x2 <- 0x0000000000000001
mem[X,0x0000000080039934] -> 0x006F
mem[X,0x0000000080039936] -> 0x2BD0
[9152] [M]: 0x0000000080039934 (0x2BD0006F) jal zero, 0xabc
mem[X,0x000000008003A3F0] -> 0xB823
mem[X,0x000000008003A3F2] -> 0x1220
[9153] [M]: 0x000000008003A3F0 (0x1220B823) sd sp, 0x130(ra)
mem[0x0000000080049300] <- 0x0000000000000001
mem[X,0x000000008003A3F4] -> 0x3537
mem[X,0x000000008003A3F6] -> 0x3333
[9154] [M]: 0x000000008003A3F4 (0x33333537) lui a0, 0x33333
x10 <- 0x0000000033333000
mem[X,0x000000008003A3F8] -> 0x0513
mem[X,0x000000008003A3FA] -> 0x3335
[9155] [M]: 0x000000008003A3F8 (0x33350513) addi a0, a0, 0x333
x10 <- 0x0000000033333333
mem[X,0x000000008003A3FC] -> 0x1513
mem[X,0x000000008003A3FE] -> 0x00B5
[9156] [M]: 0x000000008003A3FC (0x00B51513) slli a0, a0, 0xb
x10 <- 0x0000019999999800
mem[X,0x000000008003A400] -> 0x0513
mem[X,0x000000008003A402] -> 0x1995
[9157] [M]: 0x000000008003A400 (0x19950513) addi a0, a0, 0x199
x10 <- 0x0000019999999999
mem[X,0x000000008003A404] -> 0x1513
mem[X,0x000000008003A406] -> 0x00B5
[9158] [M]: 0x000000008003A404 (0x00B51513) slli a0, a0, 0xb
x10 <- 0x000CCCCCCCCCC800
mem[X,0x000000008003A408] -> 0x0513
mem[X,0x000000008003A40A] -> 0x4CC5
[9159] [M]: 0x000000008003A408 (0x4CC50513) addi a0, a0, 0x4cc
x10 <- 0x000CCCCCCCCCCCCC
mem[X,0x000000008003A40C] -> 0x1513
mem[X,0x000000008003A40E] -> 0x00A5
[9160] [M]: 0x000000008003A40C (0x00A51513) slli a0, a0, 0xa
x10 <- 0x3333333333333000
mem[X,0x000000008003A410] -> 0x0513
mem[X,0x000000008003A412] -> 0x3345
[9161] [M]: 0x000000008003A410 (0x33450513) addi a0, a0, 0x334
x10 <- 0x3333333333333334
mem[X,0x000000008003A414] -> 0x35B7
mem[X,0x000000008003A416] -> 0x3333
[9162] [M]: 0x000000008003A414 (0x333335B7) lui a1, 0x33333
x11 <- 0x0000000033333000
mem[X,0x000000008003A418] -> 0x8593
mem[X,0x000000008003A41A] -> 0x3335
[9163] [M]: 0x000000008003A418 (0x33358593) addi a1, a1, 0x333
x11 <- 0x0000000033333333
mem[X,0x000000008003A41C] -> 0x9593
mem[X,0x000000008003A41E] -> 0x00B5
[9164] [M]: 0x000000008003A41C (0x00B59593) slli a1, a1, 0xb
x11 <- 0x0000019999999800
mem[X,0x000000008003A420] -> 0x8593
mem[X,0x000000008003A422] -> 0x1995
[9165] [M]: 0x000000008003A420 (0x19958593) addi a1, a1, 0x199
x11 <- 0x0000019999999999
mem[X,0x000000008003A424] -> 0x9593
mem[X,0x000000008003A426] -> 0x00B5
[9166] [M]: 0x000000008003A424 (0x00B59593) slli a1, a1, 0xb
x11 <- 0x000CCCCCCCCCC800
mem[X,0x000000008003A428] -> 0x8593
mem[X,0x000000008003A42A] -> 0x4CC5
[9167] [M]: 0x000000008003A428 (0x4CC58593) addi a1, a1, 0x4cc
x11 <- 0x000CCCCCCCCCCCCC
mem[X,0x000000008003A42C] -> 0x9593
mem[X,0x000000008003A42E] -> 0x00A5
[9168] [M]: 0x000000008003A42C (0x00A59593) slli a1, a1, 0xa
x11 <- 0x3333333333333000
mem[X,0x000000008003A430] -> 0x8593
mem[X,0x000000008003A432] -> 0x3335
[9169] [M]: 0x000000008003A430 (0x33358593) addi a1, a1, 0x333
x11 <- 0x3333333333333333
mem[X,0x000000008003A434] -> 0x0113
mem[X,0x000000008003A436] -> 0x0000
[9170] [M]: 0x000000008003A434 (0x00000113) addi sp, zero, 0x0
x2 <- 0x0000000000000000
mem[X,0x000000008003A438] -> 0x006F
mem[X,0x000000008003A43A] -> 0x00C0
[9171] [M]: 0x000000008003A438 (0x00C0006F) jal zero, 0xc
mem[X,0x000000008003A444] -> 0x5663
mem[X,0x000000008003A446] -> 0x00B5
[9172] [M]: 0x000000008003A444 (0x00B55663) bge a0, a1, 0xc
mem[X,0x000000008003A450] -> 0x0113
mem[X,0x000000008003A452] -> 0x0031
[9173] [M]: 0x000000008003A450 (0x00310113) addi sp, sp, 0x3
x2 <- 0x0000000000000003
mem[X,0x000000008003A454] -> 0x006F
mem[X,0x000000008003A456] -> 0x0040
[9174] [M]: 0x000000008003A454 (0x0040006F) jal zero, 0x4
mem[X,0x000000008003A458] -> 0xBC23
mem[X,0x000000008003A45A] -> 0x1220
[9175] [M]: 0x000000008003A458 (0x1220BC23) sd sp, 0x138(ra)
mem[0x0000000080049308] <- 0x0000000000000003
mem[X,0x000000008003A45C] -> 0x3537
mem[X,0x000000008003A45E] -> 0x3333
[9176] [M]: 0x000000008003A45C (0x33333537) lui a0, 0x33333
x10 <- 0x0000000033333000
mem[X,0x000000008003A460] -> 0x0513
mem[X,0x000000008003A462] -> 0x3335
[9177] [M]: 0x000000008003A460 (0x33350513) addi a0, a0, 0x333
x10 <- 0x0000000033333333
mem[X,0x000000008003A464] -> 0x1513
mem[X,0x000000008003A466] -> 0x00B5
[9178] [M]: 0x000000008003A464 (0x00B51513) slli a0, a0, 0xb
x10 <- 0x0000019999999800
mem[X,0x000000008003A468] -> 0x0513
mem[X,0x000000008003A46A] -> 0x1995
[9179] [M]: 0x000000008003A468 (0x19950513) addi a0, a0, 0x199
x10 <- 0x0000019999999999
mem[X,0x000000008003A46C] -> 0x1513
mem[X,0x000000008003A46E] -> 0x00B5
[9180] [M]: 0x000000008003A46C (0x00B51513) slli a0, a0, 0xb
x10 <- 0x000CCCCCCCCCC800
mem[X,0x000000008003A470] -> 0x0513
mem[X,0x000000008003A472] -> 0x4CC5
[9181] [M]: 0x000000008003A470 (0x4CC50513) addi a0, a0, 0x4cc
x10 <- 0x000CCCCCCCCCCCCC
mem[X,0x000000008003A474] -> 0x1513
mem[X,0x000000008003A476] -> 0x00A5
[9182] [M]: 0x000000008003A474 (0x00A51513) slli a0, a0, 0xa
x10 <- 0x3333333333333000
mem[X,0x000000008003A478] -> 0x0513
mem[X,0x000000008003A47A] -> 0x3345
[9183] [M]: 0x000000008003A478 (0x33450513) addi a0, a0, 0x334
x10 <- 0x3333333333333334
mem[X,0x000000008003A47C] -> 0x65B7
mem[X,0x000000008003A47E] -> 0x6666
[9184] [M]: 0x000000008003A47C (0x666665B7) lui a1, 0x66666
x11 <- 0x0000000066666000
mem[X,0x000000008003A480] -> 0x8593
mem[X,0x000000008003A482] -> 0x6665
[9185] [M]: 0x000000008003A480 (0x66658593) addi a1, a1, 0x666
x11 <- 0x0000000066666666
mem[X,0x000000008003A484] -> 0x9593
mem[X,0x000000008003A486] -> 0x00B5
[9186] [M]: 0x000000008003A484 (0x00B59593) slli a1, a1, 0xb
x11 <- 0x0000033333333000
mem[X,0x000000008003A488] -> 0x8593
mem[X,0x000000008003A48A] -> 0x3335
[9187] [M]: 0x000000008003A488 (0x33358593) addi a1, a1, 0x333
x11 <- 0x0000033333333333
mem[X,0x000000008003A48C] -> 0x9593
mem[X,0x000000008003A48E] -> 0x00B5
[9188] [M]: 0x000000008003A48C (0x00B59593) slli a1, a1, 0xb
x11 <- 0x0019999999999800
mem[X,0x000000008003A490] -> 0x8593
mem[X,0x000000008003A492] -> 0x1995
[9189] [M]: 0x000000008003A490 (0x19958593) addi a1, a1, 0x199
x11 <- 0x0019999999999999
mem[X,0x000000008003A494] -> 0x9593
mem[X,0x000000008003A496] -> 0x00A5
[9190] [M]: 0x000000008003A494 (0x00A59593) slli a1, a1, 0xa
x11 <- 0x6666666666666400
mem[X,0x000000008003A498] -> 0x8593
mem[X,0x000000008003A49A] -> 0x2665
[9191] [M]: 0x000000008003A498 (0x26658593) addi a1, a1, 0x266
x11 <- 0x6666666666666666
mem[X,0x000000008003A49C] -> 0x0113
mem[X,0x000000008003A49E] -> 0x0000
[9192] [M]: 0x000000008003A49C (0x00000113) addi sp, zero, 0x0
x2 <- 0x0000000000000000
mem[X,0x000000008003A4A0] -> 0x006F
mem[X,0x000000008003A4A2] -> 0x00C0
[9193] [M]: 0x000000008003A4A0 (0x00C0006F) jal zero, 0xc
mem[X,0x000000008003A4AC] -> 0x5063
mem[X,0x000000008003A4AE] -> 0x40B5
[9194] [M]: 0x000000008003A4AC (0x40B55063) bge a0, a1, 0x400
mem[X,0x000000008003A4B0] -> 0x0113
mem[X,0x000000008003A4B2] -> 0x0021
[9195] [M]: 0x000000008003A4B0 (0x00210113) addi sp, sp, 0x2
x2 <- 0x0000000000000002
mem[X,0x000000008003A4B4] -> 0x006F
mem[X,0x000000008003A4B6] -> 0x4000
[9196] [M]: 0x000000008003A4B4 (0x4000006F) jal zero, 0x400
mem[X,0x000000008003A8B4] -> 0xB023
mem[X,0x000000008003A8B6] -> 0x1420
[9197] [M]: 0x000000008003A8B4 (0x1420B023) sd sp, 0x140(ra)
mem[0x0000000080049310] <- 0x0000000000000002
mem[X,0x000000008003A8B8] -> 0x3537
mem[X,0x000000008003A8BA] -> 0x3333
[9198] [M]: 0x000000008003A8B8 (0x33333537) lui a0, 0x33333
x10 <- 0x0000000033333000
mem[X,0x000000008003A8BC] -> 0x0513
mem[X,0x000000008003A8BE] -> 0x3335
[9199] [M]: 0x000000008003A8BC (0x33350513) addi a0, a0, 0x333
x10 <- 0x0000000033333333
clint::tick mtime <- 0x000000000000005C
 clint timer pending at mtime 0x000000000000005C
htif::tick 0x0000000000000000
mem[X,0x000000008003A8C0] -> 0x1513
mem[X,0x000000008003A8C2] -> 0x00B5
[9200] [M]: 0x000000008003A8C0 (0x00B51513) slli a0, a0, 0xb
x10 <- 0x0000019999999800
mem[X,0x000000008003A8C4] -> 0x0513
mem[X,0x000000008003A8C6] -> 0x1995
[9201] [M]: 0x000000008003A8C4 (0x19950513) addi a0, a0, 0x199
x10 <- 0x0000019999999999
mem[X,0x000000008003A8C8] -> 0x1513
mem[X,0x000000008003A8CA] -> 0x00B5
[9202] [M]: 0x000000008003A8C8 (0x00B51513) slli a0, a0, 0xb
x10 <- 0x000CCCCCCCCCC800
mem[X,0x000000008003A8CC] -> 0x0513
mem[X,0x000000008003A8CE] -> 0x4CC5
[9203] [M]: 0x000000008003A8CC (0x4CC50513) addi a0, a0, 0x4cc
x10 <- 0x000CCCCCCCCCCCCC
mem[X,0x000000008003A8D0] -> 0x1513
mem[X,0x000000008003A8D2] -> 0x00A5
[9204] [M]: 0x000000008003A8D0 (0x00A51513) slli a0, a0, 0xa
x10 <- 0x3333333333333000
mem[X,0x000000008003A8D4] -> 0x0513
mem[X,0x000000008003A8D6] -> 0x3345
[9205] [M]: 0x000000008003A8D4 (0x33450513) addi a0, a0, 0x334
x10 <- 0x3333333333333334
mem[X,0x000000008003A8D8] -> 0x05B7
mem[X,0x000000008003A8DA] -> 0x0000
[9206] [M]: 0x000000008003A8D8 (0x000005B7) lui a1, 0x0
x11 <- 0x0000000000000000
mem[X,0x000000008003A8DC] -> 0x8593
mem[X,0x000000008003A8DE] -> 0xFFF5
[9207] [M]: 0x000000008003A8DC (0xFFF58593) addi a1, a1, -0x1
x11 <- 0xFFFFFFFFFFFFFFFF
mem[X,0x000000008003A8E0] -> 0x9593
mem[X,0x000000008003A8E2] -> 0x00B5
[9208] [M]: 0x000000008003A8E0 (0x00B59593) slli a1, a1, 0xb
x11 <- 0xFFFFFFFFFFFFF800
mem[X,0x000000008003A8E4] -> 0x8593
mem[X,0x000000008003A8E6] -> 0x2575
[9209] [M]: 0x000000008003A8E4 (0x25758593) addi a1, a1, 0x257
x11 <- 0xFFFFFFFFFFFFFA57
mem[X,0x000000008003A8E8] -> 0x9593
mem[X,0x000000008003A8EA] -> 0x00B5
[9210] [M]: 0x000000008003A8E8 (0x00B59593) slli a1, a1, 0xb
x11 <- 0xFFFFFFFFFFD2B800
mem[X,0x000000008003A8EC] -> 0x8593
mem[X,0x000000008003A8EE] -> 0x6C35
[9211] [M]: 0x000000008003A8EC (0x6C358593) addi a1, a1, 0x6c3
x11 <- 0xFFFFFFFFFFD2BEC3
mem[X,0x000000008003A8F0] -> 0x9593
mem[X,0x000000008003A8F2] -> 0x00A5
[9212] [M]: 0x000000008003A8F0 (0x00A59593) slli a1, a1, 0xa
x11 <- 0xFFFFFFFF4AFB0C00
mem[X,0x000000008003A8F4] -> 0x8593
mem[X,0x000000008003A8F6] -> 0x0CD5
[9213] [M]: 0x000000008003A8F4 (0x0CD58593) addi a1, a1, 0xcd
x11 <- 0xFFFFFFFF4AFB0CCD
mem[X,0x000000008003A8F8] -> 0x0113
mem[X,0x000000008003A8FA] -> 0x0000
[9214] [M]: 0x000000008003A8F8 (0x00000113) addi sp, zero, 0x0
x2 <- 0x0000000000000000
mem[X,0x000000008003A8FC] -> 0x006F
mem[X,0x000000008003A8FE] -> 0x0140
[9215] [M]: 0x000000008003A8FC (0x0140006F) jal zero, 0x14
mem[X,0x000000008003A910] -> 0x58E3
mem[X,0x000000008003A912] -> 0xFEB5
[9216] [M]: 0x000000008003A910 (0xFEB558E3) bge a0, a1, -0x10
mem[X,0x000000008003A900] -> 0x0113
mem[X,0x000000008003A902] -> 0x0011
[9217] [M]: 0x000000008003A900 (0x00110113) addi sp, sp, 0x1
x2 <- 0x0000000000000001
mem[X,0x000000008003A904] -> 0x006F
mem[X,0x000000008003A906] -> 0x0200
[9218] [M]: 0x000000008003A904 (0x0200006F) jal zero, 0x20
mem[X,0x000000008003A924] -> 0xB423
mem[X,0x000000008003A926] -> 0x1420
[9219] [M]: 0x000000008003A924 (0x1420B423) sd sp, 0x148(ra)
mem[0x0000000080049318] <- 0x0000000000000001
mem[X,0x000000008003A928] -> 0x3537
mem[X,0x000000008003A92A] -> 0x3333
[9220] [M]: 0x000000008003A928 (0x33333537) lui a0, 0x33333
x10 <- 0x0000000033333000
mem[X,0x000000008003A92C] -> 0x0513
mem[X,0x000000008003A92E] -> 0x3335
[9221] [M]: 0x000000008003A92C (0x33350513) addi a0, a0, 0x333
x10 <- 0x0000000033333333
mem[X,0x000000008003A930] -> 0x1513
mem[X,0x000000008003A932] -> 0x00B5
[9222] [M]: 0x000000008003A930 (0x00B51513) slli a0, a0, 0xb
x10 <- 0x0000019999999800
mem[X,0x000000008003A934] -> 0x0513
mem[X,0x000000008003A936] -> 0x1995
[9223] [M]: 0x000000008003A934 (0x19950513) addi a0, a0, 0x199
x10 <- 0x0000019999999999
mem[X,0x000000008003A938] -> 0x1513
mem[X,0x000000008003A93A] -> 0x00B5
[9224] [M]: 0x000000008003A938 (0x00B51513) slli a0, a0, 0xb
x10 <- 0x000CCCCCCCCCC800
mem[X,0x000000008003A93C] -> 0x0513
mem[X,0x000000008003A93E] -> 0x4CC5
[9225] [M]: 0x000000008003A93C (0x4CC50513) addi a0, a0, 0x4cc
x10 <- 0x000CCCCCCCCCCCCC
mem[X,0x000000008003A940] -> 0x1513
mem[X,0x000000008003A942] -> 0x00A5
[9226] [M]: 0x000000008003A940 (0x00A51513) slli a0, a0, 0xa
x10 <- 0x3333333333333000
mem[X,0x000000008003A944] -> 0x0513
mem[X,0x000000008003A946] -> 0x3345
[9227] [M]: 0x000000008003A944 (0x33450513) addi a0, a0, 0x334
x10 <- 0x3333333333333334
mem[X,0x000000008003A948] -> 0x05B7
mem[X,0x000000008003A94A] -> 0x0000
[9228] [M]: 0x000000008003A948 (0x000005B7) lui a1, 0x0
x11 <- 0x0000000000000000
mem[X,0x000000008003A94C] -> 0x8593
mem[X,0x000000008003A94E] -> 0x0005
[9229] [M]: 0x000000008003A94C (0x00058593) addi a1, a1, 0x0
x11 <- 0x0000000000000000
mem[X,0x000000008003A950] -> 0x9593
mem[X,0x000000008003A952] -> 0x00B5
[9230] [M]: 0x000000008003A950 (0x00B59593) slli a1, a1, 0xb
x11 <- 0x0000000000000000
mem[X,0x000000008003A954] -> 0x8593
mem[X,0x000000008003A956] -> 0x5A85
[9231] [M]: 0x000000008003A954 (0x5A858593) addi a1, a1, 0x5a8
x11 <- 0x00000000000005A8
mem[X,0x000000008003A958] -> 0x9593
mem[X,0x000000008003A95A] -> 0x00B5
[9232] [M]: 0x000000008003A958 (0x00B59593) slli a1, a1, 0xb
x11 <- 0x00000000002D4000
mem[X,0x000000008003A95C] -> 0x8593
mem[X,0x000000008003A95E] -> 0x13C5
[9233] [M]: 0x000000008003A95C (0x13C58593) addi a1, a1, 0x13c
x11 <- 0x00000000002D413C
mem[X,0x000000008003A960] -> 0x9593
mem[X,0x000000008003A962] -> 0x00A5
[9234] [M]: 0x000000008003A960 (0x00A59593) slli a1, a1, 0xa
x11 <- 0x00000000B504F000
mem[X,0x000000008003A964] -> 0x8593
mem[X,0x000000008003A966] -> 0x3335
[9235] [M]: 0x000000008003A964 (0x33358593) addi a1, a1, 0x333
x11 <- 0x00000000B504F333
mem[X,0x000000008003A968] -> 0x0113
mem[X,0x000000008003A96A] -> 0x0000
[9236] [M]: 0x000000008003A968 (0x00000113) addi sp, zero, 0x0
x2 <- 0x0000000000000000
mem[X,0x000000008003A96C] -> 0x006F
mem[X,0x000000008003A96E] -> 0x00C0
[9237] [M]: 0x000000008003A96C (0x00C0006F) jal zero, 0xc
mem[X,0x000000008003A978] -> 0x5663
mem[X,0x000000008003A97A] -> 0x00B5
[9238] [M]: 0x000000008003A978 (0x00B55663) bge a0, a1, 0xc
mem[X,0x000000008003A984] -> 0x0113
mem[X,0x000000008003A986] -> 0x0031
[9239] [M]: 0x000000008003A984 (0x00310113) addi sp, sp, 0x3
x2 <- 0x0000000000000003
mem[X,0x000000008003A988] -> 0x006F
mem[X,0x000000008003A98A] -> 0x0040
[9240] [M]: 0x000000008003A988 (0x0040006F) jal zero, 0x4
mem[X,0x000000008003A98C] -> 0xB823
mem[X,0x000000008003A98E] -> 0x1420
[9241] [M]: 0x000000008003A98C (0x1420B823) sd sp, 0x150(ra)
mem[0x0000000080049320] <- 0x0000000000000003
mem[X,0x000000008003A990] -> 0x3537
mem[X,0x000000008003A992] -> 0x3333
[9242] [M]: 0x000000008003A990 (0x33333537) lui a0, 0x33333
x10 <- 0x0000000033333000
mem[X,0x000000008003A994] -> 0x0513
mem[X,0x000000008003A996] -> 0x3335
[9243] [M]: 0x000000008003A994 (0x33350513) addi a0, a0, 0x333
x10 <- 0x0000000033333333
mem[X,0x000000008003A998] -> 0x1513
mem[X,0x000000008003A99A] -> 0x00B5
[9244] [M]: 0x000000008003A998 (0x00B51513) slli a0, a0, 0xb
x10 <- 0x0000019999999800
mem[X,0x000000008003A99C] -> 0x0513
mem[X,0x000000008003A99E] -> 0x1995
[9245] [M]: 0x000000008003A99C (0x19950513) addi a0, a0, 0x199
x10 <- 0x0000019999999999
mem[X,0x000000008003A9A0] -> 0x1513
mem[X,0x000000008003A9A2] -> 0x00B5
[9246] [M]: 0x000000008003A9A0 (0x00B51513) slli a0, a0, 0xb
x10 <- 0x000CCCCCCCCCC800
mem[X,0x000000008003A9A4] -> 0x0513
mem[X,0x000000008003A9A6] -> 0x4CC5
[9247] [M]: 0x000000008003A9A4 (0x4CC50513) addi a0, a0, 0x4cc
x10 <- 0x000CCCCCCCCCCCCC
mem[X,0x000000008003A9A8] -> 0x1513
mem[X,0x000000008003A9AA] -> 0x00A5
[9248] [M]: 0x000000008003A9A8 (0x00A51513) slli a0, a0, 0xa
x10 <- 0x3333333333333000
mem[X,0x000000008003A9AC] -> 0x0513
mem[X,0x000000008003A9AE] -> 0x3345
[9249] [M]: 0x000000008003A9AC (0x33450513) addi a0, a0, 0x334
x10 <- 0x3333333333333334
mem[X,0x000000008003A9B0] -> 0x0593
mem[X,0x000000008003A9B2] -> 0x0020
[9250] [M]: 0x000000008003A9B0 (0x00200593) addi a1, zero, 0x2
x11 <- 0x0000000000000002
mem[X,0x000000008003A9B4] -> 0x0113
mem[X,0x000000008003A9B6] -> 0x0000
[9251] [M]: 0x000000008003A9B4 (0x00000113) addi sp, zero, 0x0
x2 <- 0x0000000000000000
mem[X,0x000000008003A9B8] -> 0x006F
mem[X,0x000000008003A9BA] -> 0x00C0
[9252] [M]: 0x000000008003A9B8 (0x00C0006F) jal zero, 0xc
mem[X,0x000000008003A9C4] -> 0x5663
mem[X,0x000000008003A9C6] -> 0x00B5
[9253] [M]: 0x000000008003A9C4 (0x00B55663) bge a0, a1, 0xc
mem[X,0x000000008003A9D0] -> 0x0113
mem[X,0x000000008003A9D2] -> 0x0031
[9254] [M]: 0x000000008003A9D0 (0x00310113) addi sp, sp, 0x3
x2 <- 0x0000000000000003
mem[X,0x000000008003A9D4] -> 0x006F
mem[X,0x000000008003A9D6] -> 0x0040
[9255] [M]: 0x000000008003A9D4 (0x0040006F) jal zero, 0x4
mem[X,0x000000008003A9D8] -> 0xBC23
mem[X,0x000000008003A9DA] -> 0x1420
[9256] [M]: 0x000000008003A9D8 (0x1420BC23) sd sp, 0x158(ra)
mem[0x0000000080049328] <- 0x0000000000000003
mem[X,0x000000008003A9DC] -> 0x3537
mem[X,0x000000008003A9DE] -> 0x3333
[9257] [M]: 0x000000008003A9DC (0x33333537) lui a0, 0x33333
x10 <- 0x0000000033333000
mem[X,0x000000008003A9E0] -> 0x0513
mem[X,0x000000008003A9E2] -> 0x3335
[9258] [M]: 0x000000008003A9E0 (0x33350513) addi a0, a0, 0x333
x10 <- 0x0000000033333333
mem[X,0x000000008003A9E4] -> 0x1513
mem[X,0x000000008003A9E6] -> 0x00B5
[9259] [M]: 0x000000008003A9E4 (0x00B51513) slli a0, a0, 0xb
x10 <- 0x0000019999999800
mem[X,0x000000008003A9E8] -> 0x0513
mem[X,0x000000008003A9EA] -> 0x1995
[9260] [M]: 0x000000008003A9E8 (0x19950513) addi a0, a0, 0x199
x10 <- 0x0000019999999999
mem[X,0x000000008003A9EC] -> 0x1513
mem[X,0x000000008003A9EE] -> 0x00B5
[9261] [M]: 0x000000008003A9EC (0x00B51513) slli a0, a0, 0xb
x10 <- 0x000CCCCCCCCCC800
mem[X,0x000000008003A9F0] -> 0x0513
mem[X,0x000000008003A9F2] -> 0x4CC5
[9262] [M]: 0x000000008003A9F0 (0x4CC50513) addi a0, a0, 0x4cc
x10 <- 0x000CCCCCCCCCCCCC
mem[X,0x000000008003A9F4] -> 0x1513
mem[X,0x000000008003A9F6] -> 0x00A5
[9263] [M]: 0x000000008003A9F4 (0x00A51513) slli a0, a0, 0xa
x10 <- 0x3333333333333000
mem[X,0x000000008003A9F8] -> 0x0513
mem[X,0x000000008003A9FA] -> 0x3345
[9264] [M]: 0x000000008003A9F8 (0x33450513) addi a0, a0, 0x334
x10 <- 0x3333333333333334
mem[X,0x000000008003A9FC] -> 0x55B7
mem[X,0x000000008003A9FE] -> 0x5555
[9265] [M]: 0x000000008003A9FC (0x555555B7) lui a1, 0x55555
x11 <- 0x0000000055555000
mem[X,0x000000008003AA00] -> 0x8593
mem[X,0x000000008003AA02] -> 0x5555
[9266] [M]: 0x000000008003AA00 (0x55558593) addi a1, a1, 0x555
x11 <- 0x0000000055555555
mem[X,0x000000008003AA04] -> 0x9593
mem[X,0x000000008003AA06] -> 0x00B5
[9267] [M]: 0x000000008003AA04 (0x00B59593) slli a1, a1, 0xb
x11 <- 0x000002AAAAAAA800
mem[X,0x000000008003AA08] -> 0x8593
mem[X,0x000000008003AA0A] -> 0x2AA5
[9268] [M]: 0x000000008003AA08 (0x2AA58593) addi a1, a1, 0x2aa
x11 <- 0x000002AAAAAAAAAA
mem[X,0x000000008003AA0C] -> 0x9593
mem[X,0x000000008003AA0E] -> 0x00B5
[9269] [M]: 0x000000008003AA0C (0x00B59593) slli a1, a1, 0xb
x11 <- 0x0015555555555000
mem[X,0x000000008003AA10] -> 0x8593
mem[X,0x000000008003AA12] -> 0x5555
[9270] [M]: 0x000000008003AA10 (0x55558593) addi a1, a1, 0x555
x11 <- 0x0015555555555555
mem[X,0x000000008003AA14] -> 0x9593
mem[X,0x000000008003AA16] -> 0x00A5
[9271] [M]: 0x000000008003AA14 (0x00A59593) slli a1, a1, 0xa
x11 <- 0x5555555555555400
mem[X,0x000000008003AA18] -> 0x8593
mem[X,0x000000008003AA1A] -> 0x1545
[9272] [M]: 0x000000008003AA18 (0x15458593) addi a1, a1, 0x154
x11 <- 0x5555555555555554
mem[X,0x000000008003AA1C] -> 0x0113
mem[X,0x000000008003AA1E] -> 0x0000
[9273] [M]: 0x000000008003AA1C (0x00000113) addi sp, zero, 0x0
x2 <- 0x0000000000000000
mem[X,0x000000008003AA20] -> 0x006F
mem[X,0x000000008003AA22] -> 0x00C0
[9274] [M]: 0x000000008003AA20 (0x00C0006F) jal zero, 0xc
mem[X,0x000000008003AA2C] -> 0x5063
mem[X,0x000000008003AA2E] -> 0x02B5
[9275] [M]: 0x000000008003AA2C (0x02B55063) bge a0, a1, 0x20
mem[X,0x000000008003AA30] -> 0x0113
mem[X,0x000000008003AA32] -> 0x0021
[9276] [M]: 0x000000008003AA30 (0x00210113) addi sp, sp, 0x2
x2 <- 0x0000000000000002
mem[X,0x000000008003AA34] -> 0x006F
mem[X,0x000000008003AA36] -> 0x0200
[9277] [M]: 0x000000008003AA34 (0x0200006F) jal zero, 0x20
mem[X,0x000000008003AA54] -> 0xB023
mem[X,0x000000008003AA56] -> 0x1620
[9278] [M]: 0x000000008003AA54 (0x1620B023) sd sp, 0x160(ra)
mem[0x0000000080049330] <- 0x0000000000000002
mem[X,0x000000008003AA58] -> 0x3537
mem[X,0x000000008003AA5A] -> 0x3333
[9279] [M]: 0x000000008003AA58 (0x33333537) lui a0, 0x33333
x10 <- 0x0000000033333000
mem[X,0x000000008003AA5C] -> 0x0513
mem[X,0x000000008003AA5E] -> 0x3335
[9280] [M]: 0x000000008003AA5C (0x33350513) addi a0, a0, 0x333
x10 <- 0x0000000033333333
mem[X,0x000000008003AA60] -> 0x1513
mem[X,0x000000008003AA62] -> 0x00B5
[9281] [M]: 0x000000008003AA60 (0x00B51513) slli a0, a0, 0xb
x10 <- 0x0000019999999800
mem[X,0x000000008003AA64] -> 0x0513
mem[X,0x000000008003AA66] -> 0x1995
[9282] [M]: 0x000000008003AA64 (0x19950513) addi a0, a0, 0x199
x10 <- 0x0000019999999999
mem[X,0x000000008003AA68] -> 0x1513
mem[X,0x000000008003AA6A] -> 0x00B5
[9283] [M]: 0x000000008003AA68 (0x00B51513) slli a0, a0, 0xb
x10 <- 0x000CCCCCCCCCC800
mem[X,0x000000008003AA6C] -> 0x0513
mem[X,0x000000008003AA6E] -> 0x4CC5
[9284] [M]: 0x000000008003AA6C (0x4CC50513) addi a0, a0, 0x4cc
x10 <- 0x000CCCCCCCCCCCCC
mem[X,0x000000008003AA70] -> 0x1513
mem[X,0x000000008003AA72] -> 0x00A5
[9285] [M]: 0x000000008003AA70 (0x00A51513) slli a0, a0, 0xa
x10 <- 0x3333333333333000
mem[X,0x000000008003AA74] -> 0x0513
mem[X,0x000000008003AA76] -> 0x3345
[9286] [M]: 0x000000008003AA74 (0x33450513) addi a0, a0, 0x334
x10 <- 0x3333333333333334
mem[X,0x000000008003AA78] -> 0x0593
mem[X,0x000000008003AA7A] -> 0x0000
[9287] [M]: 0x000000008003AA78 (0x00000593) addi a1, zero, 0x0
x11 <- 0x0000000000000000
mem[X,0x000000008003AA7C] -> 0x0113
mem[X,0x000000008003AA7E] -> 0x0000
[9288] [M]: 0x000000008003AA7C (0x00000113) addi sp, zero, 0x0
x2 <- 0x0000000000000000
mem[X,0x000000008003AA80] -> 0x006F
mem[X,0x000000008003AA82] -> 0x00C0
[9289] [M]: 0x000000008003AA80 (0x00C0006F) jal zero, 0xc
mem[X,0x000000008003AA8C] -> 0x5663
mem[X,0x000000008003AA8E] -> 0x00B5
[9290] [M]: 0x000000008003AA8C (0x00B55663) bge a0, a1, 0xc
mem[X,0x000000008003AA98] -> 0x0113
mem[X,0x000000008003AA9A] -> 0x0031
[9291] [M]: 0x000000008003AA98 (0x00310113) addi sp, sp, 0x3
x2 <- 0x0000000000000003
mem[X,0x000000008003AA9C] -> 0x006F
mem[X,0x000000008003AA9E] -> 0x0040
[9292] [M]: 0x000000008003AA9C (0x0040006F) jal zero, 0x4
mem[X,0x000000008003AAA0] -> 0xB423
mem[X,0x000000008003AAA2] -> 0x1620
[9293] [M]: 0x000000008003AAA0 (0x1620B423) sd sp, 0x168(ra)
mem[0x0000000080049338] <- 0x0000000000000003
mem[X,0x000000008003AAA4] -> 0x3537
mem[X,0x000000008003AAA6] -> 0x3333
[9294] [M]: 0x000000008003AAA4 (0x33333537) lui a0, 0x33333
x10 <- 0x0000000033333000
mem[X,0x000000008003AAA8] -> 0x0513
mem[X,0x000000008003AAAA] -> 0x3335
[9295] [M]: 0x000000008003AAA8 (0x33350513) addi a0, a0, 0x333
x10 <- 0x0000000033333333
mem[X,0x000000008003AAAC] -> 0x1513
mem[X,0x000000008003AAAE] -> 0x00B5
[9296] [M]: 0x000000008003AAAC (0x00B51513) slli a0, a0, 0xb
x10 <- 0x0000019999999800
mem[X,0x000000008003AAB0] -> 0x0513
mem[X,0x000000008003AAB2] -> 0x1995
[9297] [M]: 0x000000008003AAB0 (0x19950513) addi a0, a0, 0x199
x10 <- 0x0000019999999999
mem[X,0x000000008003AAB4] -> 0x1513
mem[X,0x000000008003AAB6] -> 0x00B5
[9298] [M]: 0x000000008003AAB4 (0x00B51513) slli a0, a0, 0xb
x10 <- 0x000CCCCCCCCCC800
mem[X,0x000000008003AAB8] -> 0x0513
mem[X,0x000000008003AABA] -> 0x4CC5
[9299] [M]: 0x000000008003AAB8 (0x4CC50513) addi a0, a0, 0x4cc
x10 <- 0x000CCCCCCCCCCCCC
clint::tick mtime <- 0x000000000000005D
 clint timer pending at mtime 0x000000000000005D
htif::tick 0x0000000000000000
mem[X,0x000000008003AABC] -> 0x1513
mem[X,0x000000008003AABE] -> 0x00A5
[9300] [M]: 0x000000008003AABC (0x00A51513) slli a0, a0, 0xa
x10 <- 0x3333333333333000
mem[X,0x000000008003AAC0] -> 0x0513
mem[X,0x000000008003AAC2] -> 0x3345
[9301] [M]: 0x000000008003AAC0 (0x33450513) addi a0, a0, 0x334
x10 <- 0x3333333333333334
mem[X,0x000000008003AAC4] -> 0x0593
mem[X,0x000000008003AAC6] -> 0x0040
[9302] [M]: 0x000000008003AAC4 (0x00400593) addi a1, zero, 0x4
x11 <- 0x0000000000000004
mem[X,0x000000008003AAC8] -> 0x0113
mem[X,0x000000008003AACA] -> 0x0000
[9303] [M]: 0x000000008003AAC8 (0x00000113) addi sp, zero, 0x0
x2 <- 0x0000000000000000
mem[X,0x000000008003AACC] -> 0x006F
mem[X,0x000000008003AACE] -> 0x00C0
[9304] [M]: 0x000000008003AACC (0x00C0006F) jal zero, 0xc
mem[X,0x000000008003AAD8] -> 0x5063
mem[X,0x000000008003AADA] -> 0x04B5
[9305] [M]: 0x000000008003AAD8 (0x04B55063) bge a0, a1, 0x40
mem[X,0x000000008003AB18] -> 0x0113
mem[X,0x000000008003AB1A] -> 0x0031
[9306] [M]: 0x000000008003AB18 (0x00310113) addi sp, sp, 0x3
x2 <- 0x0000000000000003
mem[X,0x000000008003AB1C] -> 0x006F
mem[X,0x000000008003AB1E] -> 0x0040
[9307] [M]: 0x000000008003AB1C (0x0040006F) jal zero, 0x4
mem[X,0x000000008003AB20] -> 0xB823
mem[X,0x000000008003AB22] -> 0x1620
[9308] [M]: 0x000000008003AB20 (0x1620B823) sd sp, 0x170(ra)
mem[0x0000000080049340] <- 0x0000000000000003
mem[X,0x000000008003AB24] -> 0x3537
mem[X,0x000000008003AB26] -> 0x3333
[9309] [M]: 0x000000008003AB24 (0x33333537) lui a0, 0x33333
x10 <- 0x0000000033333000
mem[X,0x000000008003AB28] -> 0x0513
mem[X,0x000000008003AB2A] -> 0x3335
[9310] [M]: 0x000000008003AB28 (0x33350513) addi a0, a0, 0x333
x10 <- 0x0000000033333333
mem[X,0x000000008003AB2C] -> 0x1513
mem[X,0x000000008003AB2E] -> 0x00B5
[9311] [M]: 0x000000008003AB2C (0x00B51513) slli a0, a0, 0xb
x10 <- 0x0000019999999800
mem[X,0x000000008003AB30] -> 0x0513
mem[X,0x000000008003AB32] -> 0x1995
[9312] [M]: 0x000000008003AB30 (0x19950513) addi a0, a0, 0x199
x10 <- 0x0000019999999999
mem[X,0x000000008003AB34] -> 0x1513
mem[X,0x000000008003AB36] -> 0x00B5
[9313] [M]: 0x000000008003AB34 (0x00B51513) slli a0, a0, 0xb
x10 <- 0x000CCCCCCCCCC800
mem[X,0x000000008003AB38] -> 0x0513
mem[X,0x000000008003AB3A] -> 0x4CC5
[9314] [M]: 0x000000008003AB38 (0x4CC50513) addi a0, a0, 0x4cc
x10 <- 0x000CCCCCCCCCCCCC
mem[X,0x000000008003AB3C] -> 0x1513
mem[X,0x000000008003AB3E] -> 0x00A5
[9315] [M]: 0x000000008003AB3C (0x00A51513) slli a0, a0, 0xa
x10 <- 0x3333333333333000
mem[X,0x000000008003AB40] -> 0x0513
mem[X,0x000000008003AB42] -> 0x3345
[9316] [M]: 0x000000008003AB40 (0x33450513) addi a0, a0, 0x334
x10 <- 0x3333333333333334
mem[X,0x000000008003AB44] -> 0x35B7
mem[X,0x000000008003AB46] -> 0x3333
[9317] [M]: 0x000000008003AB44 (0x333335B7) lui a1, 0x33333
x11 <- 0x0000000033333000
mem[X,0x000000008003AB48] -> 0x8593
mem[X,0x000000008003AB4A] -> 0x3335
[9318] [M]: 0x000000008003AB48 (0x33358593) addi a1, a1, 0x333
x11 <- 0x0000000033333333
mem[X,0x000000008003AB4C] -> 0x9593
mem[X,0x000000008003AB4E] -> 0x00B5
[9319] [M]: 0x000000008003AB4C (0x00B59593) slli a1, a1, 0xb
x11 <- 0x0000019999999800
mem[X,0x000000008003AB50] -> 0x8593
mem[X,0x000000008003AB52] -> 0x1995
[9320] [M]: 0x000000008003AB50 (0x19958593) addi a1, a1, 0x199
x11 <- 0x0000019999999999
mem[X,0x000000008003AB54] -> 0x9593
mem[X,0x000000008003AB56] -> 0x00B5
[9321] [M]: 0x000000008003AB54 (0x00B59593) slli a1, a1, 0xb
x11 <- 0x000CCCCCCCCCC800
mem[X,0x000000008003AB58] -> 0x8593
mem[X,0x000000008003AB5A] -> 0x4CC5
[9322] [M]: 0x000000008003AB58 (0x4CC58593) addi a1, a1, 0x4cc
x11 <- 0x000CCCCCCCCCCCCC
mem[X,0x000000008003AB5C] -> 0x9593
mem[X,0x000000008003AB5E] -> 0x00A5
[9323] [M]: 0x000000008003AB5C (0x00A59593) slli a1, a1, 0xa
x11 <- 0x3333333333333000
mem[X,0x000000008003AB60] -> 0x8593
mem[X,0x000000008003AB62] -> 0x3325
[9324] [M]: 0x000000008003AB60 (0x33258593) addi a1, a1, 0x332
x11 <- 0x3333333333333332
mem[X,0x000000008003AB64] -> 0x0113
mem[X,0x000000008003AB66] -> 0x0000
[9325] [M]: 0x000000008003AB64 (0x00000113) addi sp, zero, 0x0
x2 <- 0x0000000000000000
mem[X,0x000000008003AB68] -> 0x006F
mem[X,0x000000008003AB6A] -> 0x2B10
[9326] [M]: 0x000000008003AB68 (0x2B10006F) jal zero, 0xab0
mem[X,0x000000008003B618] -> 0x5A63
mem[X,0x000000008003B61A] -> 0xD4B5
[9327] [M]: 0x000000008003B618 (0xD4B55A63) bge a0, a1, -0xaac
mem[X,0x000000008003AB6C] -> 0x0113
mem[X,0x000000008003AB6E] -> 0x0011
[9328] [M]: 0x000000008003AB6C (0x00110113) addi sp, sp, 0x1
x2 <- 0x0000000000000001
mem[X,0x000000008003AB70] -> 0x006F
mem[X,0x000000008003AB72] -> 0x2BD0
[9329] [M]: 0x000000008003AB70 (0x2BD0006F) jal zero, 0xabc
mem[X,0x000000008003B62C] -> 0xBC23
mem[X,0x000000008003B62E] -> 0x1620
[9330] [M]: 0x000000008003B62C (0x1620BC23) sd sp, 0x178(ra)
mem[0x0000000080049348] <- 0x0000000000000001
mem[X,0x000000008003B630] -> 0x3537
mem[X,0x000000008003B632] -> 0x3333
[9331] [M]: 0x000000008003B630 (0x33333537) lui a0, 0x33333
x10 <- 0x0000000033333000
mem[X,0x000000008003B634] -> 0x0513
mem[X,0x000000008003B636] -> 0x3335
[9332] [M]: 0x000000008003B634 (0x33350513) addi a0, a0, 0x333
x10 <- 0x0000000033333333
mem[X,0x000000008003B638] -> 0x1513
mem[X,0x000000008003B63A] -> 0x00B5
[9333] [M]: 0x000000008003B638 (0x00B51513) slli a0, a0, 0xb
x10 <- 0x0000019999999800
mem[X,0x000000008003B63C] -> 0x0513
mem[X,0x000000008003B63E] -> 0x1995
[9334] [M]: 0x000000008003B63C (0x19950513) addi a0, a0, 0x199
x10 <- 0x0000019999999999
mem[X,0x000000008003B640] -> 0x1513
mem[X,0x000000008003B642] -> 0x00B5
[9335] [M]: 0x000000008003B640 (0x00B51513) slli a0, a0, 0xb
x10 <- 0x000CCCCCCCCCC800
mem[X,0x000000008003B644] -> 0x0513
mem[X,0x000000008003B646] -> 0x4CC5
[9336] [M]: 0x000000008003B644 (0x4CC50513) addi a0, a0, 0x4cc
x10 <- 0x000CCCCCCCCCCCCC
mem[X,0x000000008003B648] -> 0x1513
mem[X,0x000000008003B64A] -> 0x00A5
[9337] [M]: 0x000000008003B648 (0x00A51513) slli a0, a0, 0xa
x10 <- 0x3333333333333000
mem[X,0x000000008003B64C] -> 0x0513
mem[X,0x000000008003B64E] -> 0x3345
[9338] [M]: 0x000000008003B64C (0x33450513) addi a0, a0, 0x334
x10 <- 0x3333333333333334
mem[X,0x000000008003B650] -> 0x65B7
mem[X,0x000000008003B652] -> 0x6666
[9339] [M]: 0x000000008003B650 (0x666665B7) lui a1, 0x66666
x11 <- 0x0000000066666000
mem[X,0x000000008003B654] -> 0x8593
mem[X,0x000000008003B656] -> 0x6665
[9340] [M]: 0x000000008003B654 (0x66658593) addi a1, a1, 0x666
x11 <- 0x0000000066666666
mem[X,0x000000008003B658] -> 0x9593
mem[X,0x000000008003B65A] -> 0x00B5
[9341] [M]: 0x000000008003B658 (0x00B59593) slli a1, a1, 0xb
x11 <- 0x0000033333333000
mem[X,0x000000008003B65C] -> 0x8593
mem[X,0x000000008003B65E] -> 0x3335
[9342] [M]: 0x000000008003B65C (0x33358593) addi a1, a1, 0x333
x11 <- 0x0000033333333333
mem[X,0x000000008003B660] -> 0x9593
mem[X,0x000000008003B662] -> 0x00B5
[9343] [M]: 0x000000008003B660 (0x00B59593) slli a1, a1, 0xb
x11 <- 0x0019999999999800
mem[X,0x000000008003B664] -> 0x8593
mem[X,0x000000008003B666] -> 0x1995
[9344] [M]: 0x000000008003B664 (0x19958593) addi a1, a1, 0x199
x11 <- 0x0019999999999999
mem[X,0x000000008003B668] -> 0x9593
mem[X,0x000000008003B66A] -> 0x00A5
[9345] [M]: 0x000000008003B668 (0x00A59593) slli a1, a1, 0xa
x11 <- 0x6666666666666400
mem[X,0x000000008003B66C] -> 0x8593
mem[X,0x000000008003B66E] -> 0x2655
[9346] [M]: 0x000000008003B66C (0x26558593) addi a1, a1, 0x265
x11 <- 0x6666666666666665
mem[X,0x000000008003B670] -> 0x0113
mem[X,0x000000008003B672] -> 0x0000
[9347] [M]: 0x000000008003B670 (0x00000113) addi sp, zero, 0x0
x2 <- 0x0000000000000000
mem[X,0x000000008003B674] -> 0x006F
mem[X,0x000000008003B676] -> 0x00C0
[9348] [M]: 0x000000008003B674 (0x00C0006F) jal zero, 0xc
mem[X,0x000000008003B680] -> 0x5663
mem[X,0x000000008003B682] -> 0x00B5
[9349] [M]: 0x000000008003B680 (0x00B55663) bge a0, a1, 0xc
mem[X,0x000000008003B684] -> 0x0113
mem[X,0x000000008003B686] -> 0x0021
[9350] [M]: 0x000000008003B684 (0x00210113) addi sp, sp, 0x2
x2 <- 0x0000000000000002
mem[X,0x000000008003B688] -> 0x006F
mem[X,0x000000008003B68A] -> 0x00C0
[9351] [M]: 0x000000008003B688 (0x00C0006F) jal zero, 0xc
mem[X,0x000000008003B694] -> 0xB023
mem[X,0x000000008003B696] -> 0x1820
[9352] [M]: 0x000000008003B694 (0x1820B023) sd sp, 0x180(ra)
mem[0x0000000080049350] <- 0x0000000000000002
mem[X,0x000000008003B698] -> 0x3537
mem[X,0x000000008003B69A] -> 0x3333
[9353] [M]: 0x000000008003B698 (0x33333537) lui a0, 0x33333
x10 <- 0x0000000033333000
mem[X,0x000000008003B69C] -> 0x0513
mem[X,0x000000008003B69E] -> 0x3335
[9354] [M]: 0x000000008003B69C (0x33350513) addi a0, a0, 0x333
x10 <- 0x0000000033333333
mem[X,0x000000008003B6A0] -> 0x1513
mem[X,0x000000008003B6A2] -> 0x00B5
[9355] [M]: 0x000000008003B6A0 (0x00B51513) slli a0, a0, 0xb
x10 <- 0x0000019999999800
mem[X,0x000000008003B6A4] -> 0x0513
mem[X,0x000000008003B6A6] -> 0x1995
[9356] [M]: 0x000000008003B6A4 (0x19950513) addi a0, a0, 0x199
x10 <- 0x0000019999999999
mem[X,0x000000008003B6A8] -> 0x1513
mem[X,0x000000008003B6AA] -> 0x00B5
[9357] [M]: 0x000000008003B6A8 (0x00B51513) slli a0, a0, 0xb
x10 <- 0x000CCCCCCCCCC800
mem[X,0x000000008003B6AC] -> 0x0513
mem[X,0x000000008003B6AE] -> 0x4CC5
[9358] [M]: 0x000000008003B6AC (0x4CC50513) addi a0, a0, 0x4cc
x10 <- 0x000CCCCCCCCCCCCC
mem[X,0x000000008003B6B0] -> 0x1513
mem[X,0x000000008003B6B2] -> 0x00A5
[9359] [M]: 0x000000008003B6B0 (0x00A51513) slli a0, a0, 0xa
x10 <- 0x3333333333333000
mem[X,0x000000008003B6B4] -> 0x0513
mem[X,0x000000008003B6B6] -> 0x3345
[9360] [M]: 0x000000008003B6B4 (0x33450513) addi a0, a0, 0x334
x10 <- 0x3333333333333334
mem[X,0x000000008003B6B8] -> 0x05B7
mem[X,0x000000008003B6BA] -> 0x0000
[9361] [M]: 0x000000008003B6B8 (0x000005B7) lui a1, 0x0
x11 <- 0x0000000000000000
mem[X,0x000000008003B6BC] -> 0x8593
mem[X,0x000000008003B6BE] -> 0x0005
[9362] [M]: 0x000000008003B6BC (0x00058593) addi a1, a1, 0x0
x11 <- 0x0000000000000000
mem[X,0x000000008003B6C0] -> 0x9593
mem[X,0x000000008003B6C2] -> 0x00B5
[9363] [M]: 0x000000008003B6C0 (0x00B59593) slli a1, a1, 0xb
x11 <- 0x0000000000000000
mem[X,0x000000008003B6C4] -> 0x8593
mem[X,0x000000008003B6C6] -> 0x5A85
[9364] [M]: 0x000000008003B6C4 (0x5A858593) addi a1, a1, 0x5a8
x11 <- 0x00000000000005A8
mem[X,0x000000008003B6C8] -> 0x9593
mem[X,0x000000008003B6CA] -> 0x00B5
[9365] [M]: 0x000000008003B6C8 (0x00B59593) slli a1, a1, 0xb
x11 <- 0x00000000002D4000
mem[X,0x000000008003B6CC] -> 0x8593
mem[X,0x000000008003B6CE] -> 0x13C5
[9366] [M]: 0x000000008003B6CC (0x13C58593) addi a1, a1, 0x13c
x11 <- 0x00000000002D413C
mem[X,0x000000008003B6D0] -> 0x9593
mem[X,0x000000008003B6D2] -> 0x00A5
[9367] [M]: 0x000000008003B6D0 (0x00A59593) slli a1, a1, 0xa
x11 <- 0x00000000B504F000
mem[X,0x000000008003B6D4] -> 0x8593
mem[X,0x000000008003B6D6] -> 0x3325
[9368] [M]: 0x000000008003B6D4 (0x33258593) addi a1, a1, 0x332
x11 <- 0x00000000B504F332
mem[X,0x000000008003B6D8] -> 0x0113
mem[X,0x000000008003B6DA] -> 0x0000
[9369] [M]: 0x000000008003B6D8 (0x00000113) addi sp, zero, 0x0
x2 <- 0x0000000000000000
mem[X,0x000000008003B6DC] -> 0x006F
mem[X,0x000000008003B6DE] -> 0x00C0
[9370] [M]: 0x000000008003B6DC (0x00C0006F) jal zero, 0xc
mem[X,0x000000008003B6E8] -> 0x5063
mem[X,0x000000008003B6EA] -> 0x40B5
[9371] [M]: 0x000000008003B6E8 (0x40B55063) bge a0, a1, 0x400
mem[X,0x000000008003BAE8] -> 0x0113
mem[X,0x000000008003BAEA] -> 0x0031
[9372] [M]: 0x000000008003BAE8 (0x00310113) addi sp, sp, 0x3
x2 <- 0x0000000000000003
mem[X,0x000000008003BAEC] -> 0x006F
mem[X,0x000000008003BAEE] -> 0x0040
[9373] [M]: 0x000000008003BAEC (0x0040006F) jal zero, 0x4
mem[X,0x000000008003BAF0] -> 0xB423
mem[X,0x000000008003BAF2] -> 0x1820
[9374] [M]: 0x000000008003BAF0 (0x1820B423) sd sp, 0x188(ra)
mem[0x0000000080049358] <- 0x0000000000000003
mem[X,0x000000008003BAF4] -> 0x3537
mem[X,0x000000008003BAF6] -> 0x3333
[9375] [M]: 0x000000008003BAF4 (0x33333537) lui a0, 0x33333
x10 <- 0x0000000033333000
mem[X,0x000000008003BAF8] -> 0x0513
mem[X,0x000000008003BAFA] -> 0x3335
[9376] [M]: 0x000000008003BAF8 (0x33350513) addi a0, a0, 0x333
x10 <- 0x0000000033333333
mem[X,0x000000008003BAFC] -> 0x1513
mem[X,0x000000008003BAFE] -> 0x00B5
[9377] [M]: 0x000000008003BAFC (0x00B51513) slli a0, a0, 0xb
x10 <- 0x0000019999999800
mem[X,0x000000008003BB00] -> 0x0513
mem[X,0x000000008003BB02] -> 0x1995
[9378] [M]: 0x000000008003BB00 (0x19950513) addi a0, a0, 0x199
x10 <- 0x0000019999999999
mem[X,0x000000008003BB04] -> 0x1513
mem[X,0x000000008003BB06] -> 0x00B5
[9379] [M]: 0x000000008003BB04 (0x00B51513) slli a0, a0, 0xb
x10 <- 0x000CCCCCCCCCC800
mem[X,0x000000008003BB08] -> 0x0513
mem[X,0x000000008003BB0A] -> 0x4CC5
[9380] [M]: 0x000000008003BB08 (0x4CC50513) addi a0, a0, 0x4cc
x10 <- 0x000CCCCCCCCCCCCC
mem[X,0x000000008003BB0C] -> 0x1513
mem[X,0x000000008003BB0E] -> 0x00A5
[9381] [M]: 0x000000008003BB0C (0x00A51513) slli a0, a0, 0xa
x10 <- 0x3333333333333000
mem[X,0x000000008003BB10] -> 0x0513
mem[X,0x000000008003BB12] -> 0x3345
[9382] [M]: 0x000000008003BB10 (0x33450513) addi a0, a0, 0x334
x10 <- 0x3333333333333334
mem[X,0x000000008003BB14] -> 0x55B7
mem[X,0x000000008003BB16] -> 0x5555
[9383] [M]: 0x000000008003BB14 (0x555555B7) lui a1, 0x55555
x11 <- 0x0000000055555000
mem[X,0x000000008003BB18] -> 0x8593
mem[X,0x000000008003BB1A] -> 0x5555
[9384] [M]: 0x000000008003BB18 (0x55558593) addi a1, a1, 0x555
x11 <- 0x0000000055555555
mem[X,0x000000008003BB1C] -> 0x9593
mem[X,0x000000008003BB1E] -> 0x00B5
[9385] [M]: 0x000000008003BB1C (0x00B59593) slli a1, a1, 0xb
x11 <- 0x000002AAAAAAA800
mem[X,0x000000008003BB20] -> 0x8593
mem[X,0x000000008003BB22] -> 0x2AA5
[9386] [M]: 0x000000008003BB20 (0x2AA58593) addi a1, a1, 0x2aa
x11 <- 0x000002AAAAAAAAAA
mem[X,0x000000008003BB24] -> 0x9593
mem[X,0x000000008003BB26] -> 0x00B5
[9387] [M]: 0x000000008003BB24 (0x00B59593) slli a1, a1, 0xb
x11 <- 0x0015555555555000
mem[X,0x000000008003BB28] -> 0x8593
mem[X,0x000000008003BB2A] -> 0x5555
[9388] [M]: 0x000000008003BB28 (0x55558593) addi a1, a1, 0x555
x11 <- 0x0015555555555555
mem[X,0x000000008003BB2C] -> 0x9593
mem[X,0x000000008003BB2E] -> 0x00A5
[9389] [M]: 0x000000008003BB2C (0x00A59593) slli a1, a1, 0xa
x11 <- 0x5555555555555400
mem[X,0x000000008003BB30] -> 0x8593
mem[X,0x000000008003BB32] -> 0x1565
[9390] [M]: 0x000000008003BB30 (0x15658593) addi a1, a1, 0x156
x11 <- 0x5555555555555556
mem[X,0x000000008003BB34] -> 0x0113
mem[X,0x000000008003BB36] -> 0x0000
[9391] [M]: 0x000000008003BB34 (0x00000113) addi sp, zero, 0x0
x2 <- 0x0000000000000000
mem[X,0x000000008003BB38] -> 0x006F
mem[X,0x000000008003BB3A] -> 0x00C0
[9392] [M]: 0x000000008003BB38 (0x00C0006F) jal zero, 0xc
mem[X,0x000000008003BB44] -> 0x5663
mem[X,0x000000008003BB46] -> 0x00B5
[9393] [M]: 0x000000008003BB44 (0x00B55663) bge a0, a1, 0xc
mem[X,0x000000008003BB48] -> 0x0113
mem[X,0x000000008003BB4A] -> 0x0021
[9394] [M]: 0x000000008003BB48 (0x00210113) addi sp, sp, 0x2
x2 <- 0x0000000000000002
mem[X,0x000000008003BB4C] -> 0x006F
mem[X,0x000000008003BB4E] -> 0x00C0
[9395] [M]: 0x000000008003BB4C (0x00C0006F) jal zero, 0xc
mem[X,0x000000008003BB58] -> 0xB823
mem[X,0x000000008003BB5A] -> 0x1820
[9396] [M]: 0x000000008003BB58 (0x1820B823) sd sp, 0x190(ra)
mem[0x0000000080049360] <- 0x0000000000000002
mem[X,0x000000008003BB5C] -> 0x3537
mem[X,0x000000008003BB5E] -> 0x3333
[9397] [M]: 0x000000008003BB5C (0x33333537) lui a0, 0x33333
x10 <- 0x0000000033333000
mem[X,0x000000008003BB60] -> 0x0513
mem[X,0x000000008003BB62] -> 0x3335
[9398] [M]: 0x000000008003BB60 (0x33350513) addi a0, a0, 0x333
x10 <- 0x0000000033333333
mem[X,0x000000008003BB64] -> 0x1513
mem[X,0x000000008003BB66] -> 0x00B5
[9399] [M]: 0x000000008003BB64 (0x00B51513) slli a0, a0, 0xb
x10 <- 0x0000019999999800
clint::tick mtime <- 0x000000000000005E
 clint timer pending at mtime 0x000000000000005E
htif::tick 0x0000000000000000
mem[X,0x000000008003BB68] -> 0x0513
mem[X,0x000000008003BB6A] -> 0x1995
[9400] [M]: 0x000000008003BB68 (0x19950513) addi a0, a0, 0x199
x10 <- 0x0000019999999999
mem[X,0x000000008003BB6C] -> 0x1513
mem[X,0x000000008003BB6E] -> 0x00B5
[9401] [M]: 0x000000008003BB6C (0x00B51513) slli a0, a0, 0xb
x10 <- 0x000CCCCCCCCCC800
mem[X,0x000000008003BB70] -> 0x0513
mem[X,0x000000008003BB72] -> 0x4CC5
[9402] [M]: 0x000000008003BB70 (0x4CC50513) addi a0, a0, 0x4cc
x10 <- 0x000CCCCCCCCCCCCC
mem[X,0x000000008003BB74] -> 0x1513
mem[X,0x000000008003BB76] -> 0x00A5
[9403] [M]: 0x000000008003BB74 (0x00A51513) slli a0, a0, 0xa
x10 <- 0x3333333333333000
mem[X,0x000000008003BB78] -> 0x0513
mem[X,0x000000008003BB7A] -> 0x3345
[9404] [M]: 0x000000008003BB78 (0x33450513) addi a0, a0, 0x334
x10 <- 0x3333333333333334
mem[X,0x000000008003BB7C] -> 0xB5B7
mem[X,0x000000008003BB7E] -> 0xAAAA
[9405] [M]: 0x000000008003BB7C (0xAAAAB5B7) lui a1, -0x55555
x11 <- 0xFFFFFFFFAAAAB000
mem[X,0x000000008003BB80] -> 0x8593
mem[X,0x000000008003BB82] -> 0xAAA5
[9406] [M]: 0x000000008003BB80 (0xAAA58593) addi a1, a1, -0x556
x11 <- 0xFFFFFFFFAAAAAAAA
mem[X,0x000000008003BB84] -> 0x9593
mem[X,0x000000008003BB86] -> 0x00B5
[9407] [M]: 0x000000008003BB84 (0x00B59593) slli a1, a1, 0xb
x11 <- 0xFFFFFD5555555000
mem[X,0x000000008003BB88] -> 0x8593
mem[X,0x000000008003BB8A] -> 0x5555
[9408] [M]: 0x000000008003BB88 (0x55558593) addi a1, a1, 0x555
x11 <- 0xFFFFFD5555555555
mem[X,0x000000008003BB8C] -> 0x9593
mem[X,0x000000008003BB8E] -> 0x00B5
[9409] [M]: 0x000000008003BB8C (0x00B59593) slli a1, a1, 0xb
x11 <- 0xFFEAAAAAAAAAA800
mem[X,0x000000008003BB90] -> 0x8593
mem[X,0x000000008003BB92] -> 0x2AA5
[9410] [M]: 0x000000008003BB90 (0x2AA58593) addi a1, a1, 0x2aa
x11 <- 0xFFEAAAAAAAAAAAAA
mem[X,0x000000008003BB94] -> 0x9593
mem[X,0x000000008003BB96] -> 0x00A5
[9411] [M]: 0x000000008003BB94 (0x00A59593) slli a1, a1, 0xa
x11 <- 0xAAAAAAAAAAAAA800
mem[X,0x000000008003BB98] -> 0x8593
mem[X,0x000000008003BB9A] -> 0x2AB5
[9412] [M]: 0x000000008003BB98 (0x2AB58593) addi a1, a1, 0x2ab
x11 <- 0xAAAAAAAAAAAAAAAB
mem[X,0x000000008003BB9C] -> 0x0113
mem[X,0x000000008003BB9E] -> 0x0000
[9413] [M]: 0x000000008003BB9C (0x00000113) addi sp, zero, 0x0
x2 <- 0x0000000000000000
mem[X,0x000000008003BBA0] -> 0x006F
mem[X,0x000000008003BBA2] -> 0x00C0
[9414] [M]: 0x000000008003BBA0 (0x00C0006F) jal zero, 0xc
mem[X,0x000000008003BBAC] -> 0x5063
mem[X,0x000000008003BBAE] -> 0x02B5
[9415] [M]: 0x000000008003BBAC (0x02B55063) bge a0, a1, 0x20
mem[X,0x000000008003BBCC] -> 0x0113
mem[X,0x000000008003BBCE] -> 0x0031
[9416] [M]: 0x000000008003BBCC (0x00310113) addi sp, sp, 0x3
x2 <- 0x0000000000000003
mem[X,0x000000008003BBD0] -> 0x006F
mem[X,0x000000008003BBD2] -> 0x0040
[9417] [M]: 0x000000008003BBD0 (0x0040006F) jal zero, 0x4
mem[X,0x000000008003BBD4] -> 0xBC23
mem[X,0x000000008003BBD6] -> 0x1820
[9418] [M]: 0x000000008003BBD4 (0x1820BC23) sd sp, 0x198(ra)
mem[0x0000000080049368] <- 0x0000000000000003
mem[X,0x000000008003BBD8] -> 0x3537
mem[X,0x000000008003BBDA] -> 0x3333
[9419] [M]: 0x000000008003BBD8 (0x33333537) lui a0, 0x33333
x10 <- 0x0000000033333000
mem[X,0x000000008003BBDC] -> 0x0513
mem[X,0x000000008003BBDE] -> 0x3335
[9420] [M]: 0x000000008003BBDC (0x33350513) addi a0, a0, 0x333
x10 <- 0x0000000033333333
mem[X,0x000000008003BBE0] -> 0x1513
mem[X,0x000000008003BBE2] -> 0x00B5
[9421] [M]: 0x000000008003BBE0 (0x00B51513) slli a0, a0, 0xb
x10 <- 0x0000019999999800
mem[X,0x000000008003BBE4] -> 0x0513
mem[X,0x000000008003BBE6] -> 0x1995
[9422] [M]: 0x000000008003BBE4 (0x19950513) addi a0, a0, 0x199
x10 <- 0x0000019999999999
mem[X,0x000000008003BBE8] -> 0x1513
mem[X,0x000000008003BBEA] -> 0x00B5
[9423] [M]: 0x000000008003BBE8 (0x00B51513) slli a0, a0, 0xb
x10 <- 0x000CCCCCCCCCC800
mem[X,0x000000008003BBEC] -> 0x0513
mem[X,0x000000008003BBEE] -> 0x4CC5
[9424] [M]: 0x000000008003BBEC (0x4CC50513) addi a0, a0, 0x4cc
x10 <- 0x000CCCCCCCCCCCCC
mem[X,0x000000008003BBF0] -> 0x1513
mem[X,0x000000008003BBF2] -> 0x00A5
[9425] [M]: 0x000000008003BBF0 (0x00A51513) slli a0, a0, 0xa
x10 <- 0x3333333333333000
mem[X,0x000000008003BBF4] -> 0x0513
mem[X,0x000000008003BBF6] -> 0x3345
[9426] [M]: 0x000000008003BBF4 (0x33450513) addi a0, a0, 0x334
x10 <- 0x3333333333333334
mem[X,0x000000008003BBF8] -> 0x0593
mem[X,0x000000008003BBFA] -> 0x0060
[9427] [M]: 0x000000008003BBF8 (0x00600593) addi a1, zero, 0x6
x11 <- 0x0000000000000006
mem[X,0x000000008003BBFC] -> 0x0113
mem[X,0x000000008003BBFE] -> 0x0000
[9428] [M]: 0x000000008003BBFC (0x00000113) addi sp, zero, 0x0
x2 <- 0x0000000000000000
mem[X,0x000000008003BC00] -> 0x006F
mem[X,0x000000008003BC02] -> 0x00C0
[9429] [M]: 0x000000008003BC00 (0x00C0006F) jal zero, 0xc
mem[X,0x000000008003BC0C] -> 0x5863
mem[X,0x000000008003BC0E] -> 0x00B5
[9430] [M]: 0x000000008003BC0C (0x00B55863) bge a0, a1, 0x10
mem[X,0x000000008003BC1C] -> 0x0113
mem[X,0x000000008003BC1E] -> 0x0031
[9431] [M]: 0x000000008003BC1C (0x00310113) addi sp, sp, 0x3
x2 <- 0x0000000000000003
mem[X,0x000000008003BC20] -> 0x006F
mem[X,0x000000008003BC22] -> 0x0040
[9432] [M]: 0x000000008003BC20 (0x0040006F) jal zero, 0x4
mem[X,0x000000008003BC24] -> 0xB023
mem[X,0x000000008003BC26] -> 0x1A20
[9433] [M]: 0x000000008003BC24 (0x1A20B023) sd sp, 0x1a0(ra)
mem[0x0000000080049370] <- 0x0000000000000003
mem[X,0x000000008003BC28] -> 0x3537
mem[X,0x000000008003BC2A] -> 0x3333
[9434] [M]: 0x000000008003BC28 (0x33333537) lui a0, 0x33333
x10 <- 0x0000000033333000
mem[X,0x000000008003BC2C] -> 0x0513
mem[X,0x000000008003BC2E] -> 0x3335
[9435] [M]: 0x000000008003BC2C (0x33350513) addi a0, a0, 0x333
x10 <- 0x0000000033333333
mem[X,0x000000008003BC30] -> 0x1513
mem[X,0x000000008003BC32] -> 0x00B5
[9436] [M]: 0x000000008003BC30 (0x00B51513) slli a0, a0, 0xb
x10 <- 0x0000019999999800
mem[X,0x000000008003BC34] -> 0x0513
mem[X,0x000000008003BC36] -> 0x1995
[9437] [M]: 0x000000008003BC34 (0x19950513) addi a0, a0, 0x199
x10 <- 0x0000019999999999
mem[X,0x000000008003BC38] -> 0x1513
mem[X,0x000000008003BC3A] -> 0x00B5
[9438] [M]: 0x000000008003BC38 (0x00B51513) slli a0, a0, 0xb
x10 <- 0x000CCCCCCCCCC800
mem[X,0x000000008003BC3C] -> 0x0513
mem[X,0x000000008003BC3E] -> 0x4CC5
[9439] [M]: 0x000000008003BC3C (0x4CC50513) addi a0, a0, 0x4cc
x10 <- 0x000CCCCCCCCCCCCC
mem[X,0x000000008003BC40] -> 0x1513
mem[X,0x000000008003BC42] -> 0x00A5
[9440] [M]: 0x000000008003BC40 (0x00A51513) slli a0, a0, 0xa
x10 <- 0x3333333333333000
mem[X,0x000000008003BC44] -> 0x0513
mem[X,0x000000008003BC46] -> 0x3345
[9441] [M]: 0x000000008003BC44 (0x33450513) addi a0, a0, 0x334
x10 <- 0x3333333333333334
mem[X,0x000000008003BC48] -> 0x35B7
mem[X,0x000000008003BC4A] -> 0x3333
[9442] [M]: 0x000000008003BC48 (0x333335B7) lui a1, 0x33333
x11 <- 0x0000000033333000
mem[X,0x000000008003BC4C] -> 0x8593
mem[X,0x000000008003BC4E] -> 0x3335
[9443] [M]: 0x000000008003BC4C (0x33358593) addi a1, a1, 0x333
x11 <- 0x0000000033333333
mem[X,0x000000008003BC50] -> 0x9593
mem[X,0x000000008003BC52] -> 0x00B5
[9444] [M]: 0x000000008003BC50 (0x00B59593) slli a1, a1, 0xb
x11 <- 0x0000019999999800
mem[X,0x000000008003BC54] -> 0x8593
mem[X,0x000000008003BC56] -> 0x1995
[9445] [M]: 0x000000008003BC54 (0x19958593) addi a1, a1, 0x199
x11 <- 0x0000019999999999
mem[X,0x000000008003BC58] -> 0x9593
mem[X,0x000000008003BC5A] -> 0x00B5
[9446] [M]: 0x000000008003BC58 (0x00B59593) slli a1, a1, 0xb
x11 <- 0x000CCCCCCCCCC800
mem[X,0x000000008003BC5C] -> 0x8593
mem[X,0x000000008003BC5E] -> 0x4CC5
[9447] [M]: 0x000000008003BC5C (0x4CC58593) addi a1, a1, 0x4cc
x11 <- 0x000CCCCCCCCCCCCC
mem[X,0x000000008003BC60] -> 0x9593
mem[X,0x000000008003BC62] -> 0x00A5
[9448] [M]: 0x000000008003BC60 (0x00A59593) slli a1, a1, 0xa
x11 <- 0x3333333333333000
mem[X,0x000000008003BC64] -> 0x8593
mem[X,0x000000008003BC66] -> 0x3345
[9449] [M]: 0x000000008003BC64 (0x33458593) addi a1, a1, 0x334
x11 <- 0x3333333333333334
mem[X,0x000000008003BC68] -> 0x0113
mem[X,0x000000008003BC6A] -> 0x0000
[9450] [M]: 0x000000008003BC68 (0x00000113) addi sp, zero, 0x0
x2 <- 0x0000000000000000
mem[X,0x000000008003BC6C] -> 0x006F
mem[X,0x000000008003BC6E] -> 0x0180
[9451] [M]: 0x000000008003BC6C (0x0180006F) jal zero, 0x18
mem[X,0x000000008003BC84] -> 0x56E3
mem[X,0x000000008003BC86] -> 0xFEB5
[9452] [M]: 0x000000008003BC84 (0xFEB556E3) bge a0, a1, -0x14
mem[X,0x000000008003BC70] -> 0x0113
mem[X,0x000000008003BC72] -> 0x0011
[9453] [M]: 0x000000008003BC70 (0x00110113) addi sp, sp, 0x1
x2 <- 0x0000000000000001
mem[X,0x000000008003BC74] -> 0x006F
mem[X,0x000000008003BC76] -> 0x0240
[9454] [M]: 0x000000008003BC74 (0x0240006F) jal zero, 0x24
mem[X,0x000000008003BC98] -> 0xB423
mem[X,0x000000008003BC9A] -> 0x1A20
[9455] [M]: 0x000000008003BC98 (0x1A20B423) sd sp, 0x1a8(ra)
mem[0x0000000080049378] <- 0x0000000000000001
mem[X,0x000000008003BC9C] -> 0x3537
mem[X,0x000000008003BC9E] -> 0x3333
[9456] [M]: 0x000000008003BC9C (0x33333537) lui a0, 0x33333
x10 <- 0x0000000033333000
mem[X,0x000000008003BCA0] -> 0x0513
mem[X,0x000000008003BCA2] -> 0x3335
[9457] [M]: 0x000000008003BCA0 (0x33350513) addi a0, a0, 0x333
x10 <- 0x0000000033333333
mem[X,0x000000008003BCA4] -> 0x1513
mem[X,0x000000008003BCA6] -> 0x00B5
[9458] [M]: 0x000000008003BCA4 (0x00B51513) slli a0, a0, 0xb
x10 <- 0x0000019999999800
mem[X,0x000000008003BCA8] -> 0x0513
mem[X,0x000000008003BCAA] -> 0x1995
[9459] [M]: 0x000000008003BCA8 (0x19950513) addi a0, a0, 0x199
x10 <- 0x0000019999999999
mem[X,0x000000008003BCAC] -> 0x1513
mem[X,0x000000008003BCAE] -> 0x00B5
[9460] [M]: 0x000000008003BCAC (0x00B51513) slli a0, a0, 0xb
x10 <- 0x000CCCCCCCCCC800
mem[X,0x000000008003BCB0] -> 0x0513
mem[X,0x000000008003BCB2] -> 0x4CC5
[9461] [M]: 0x000000008003BCB0 (0x4CC50513) addi a0, a0, 0x4cc
x10 <- 0x000CCCCCCCCCCCCC
mem[X,0x000000008003BCB4] -> 0x1513
mem[X,0x000000008003BCB6] -> 0x00A5
[9462] [M]: 0x000000008003BCB4 (0x00A51513) slli a0, a0, 0xa
x10 <- 0x3333333333333000
mem[X,0x000000008003BCB8] -> 0x0513
mem[X,0x000000008003BCBA] -> 0x3345
[9463] [M]: 0x000000008003BCB8 (0x33450513) addi a0, a0, 0x334
x10 <- 0x3333333333333334
mem[X,0x000000008003BCBC] -> 0x65B7
mem[X,0x000000008003BCBE] -> 0x6666
[9464] [M]: 0x000000008003BCBC (0x666665B7) lui a1, 0x66666
x11 <- 0x0000000066666000
mem[X,0x000000008003BCC0] -> 0x8593
mem[X,0x000000008003BCC2] -> 0x6665
[9465] [M]: 0x000000008003BCC0 (0x66658593) addi a1, a1, 0x666
x11 <- 0x0000000066666666
mem[X,0x000000008003BCC4] -> 0x9593
mem[X,0x000000008003BCC6] -> 0x00B5
[9466] [M]: 0x000000008003BCC4 (0x00B59593) slli a1, a1, 0xb
x11 <- 0x0000033333333000
mem[X,0x000000008003BCC8] -> 0x8593
mem[X,0x000000008003BCCA] -> 0x3335
[9467] [M]: 0x000000008003BCC8 (0x33358593) addi a1, a1, 0x333
x11 <- 0x0000033333333333
mem[X,0x000000008003BCCC] -> 0x9593
mem[X,0x000000008003BCCE] -> 0x00B5
[9468] [M]: 0x000000008003BCCC (0x00B59593) slli a1, a1, 0xb
x11 <- 0x0019999999999800
mem[X,0x000000008003BCD0] -> 0x8593
mem[X,0x000000008003BCD2] -> 0x1995
[9469] [M]: 0x000000008003BCD0 (0x19958593) addi a1, a1, 0x199
x11 <- 0x0019999999999999
mem[X,0x000000008003BCD4] -> 0x9593
mem[X,0x000000008003BCD6] -> 0x00A5
[9470] [M]: 0x000000008003BCD4 (0x00A59593) slli a1, a1, 0xa
x11 <- 0x6666666666666400
mem[X,0x000000008003BCD8] -> 0x8593
mem[X,0x000000008003BCDA] -> 0x2675
[9471] [M]: 0x000000008003BCD8 (0x26758593) addi a1, a1, 0x267
x11 <- 0x6666666666666667
mem[X,0x000000008003BCDC] -> 0x0113
mem[X,0x000000008003BCDE] -> 0x0000
[9472] [M]: 0x000000008003BCDC (0x00000113) addi sp, zero, 0x0
x2 <- 0x0000000000000000
mem[X,0x000000008003BCE0] -> 0x006F
mem[X,0x000000008003BCE2] -> 0x00C0
[9473] [M]: 0x000000008003BCE0 (0x00C0006F) jal zero, 0xc
mem[X,0x000000008003BCEC] -> 0x5063
mem[X,0x000000008003BCEE] -> 0x20B5
[9474] [M]: 0x000000008003BCEC (0x20B55063) bge a0, a1, 0x200
mem[X,0x000000008003BCF0] -> 0x0113
mem[X,0x000000008003BCF2] -> 0x0021
[9475] [M]: 0x000000008003BCF0 (0x00210113) addi sp, sp, 0x2
x2 <- 0x0000000000000002
mem[X,0x000000008003BCF4] -> 0x006F
mem[X,0x000000008003BCF6] -> 0x2000
[9476] [M]: 0x000000008003BCF4 (0x2000006F) jal zero, 0x200
mem[X,0x000000008003BEF4] -> 0xB823
mem[X,0x000000008003BEF6] -> 0x1A20
[9477] [M]: 0x000000008003BEF4 (0x1A20B823) sd sp, 0x1b0(ra)
mem[0x0000000080049380] <- 0x0000000000000002
mem[X,0x000000008003BEF8] -> 0x3537
mem[X,0x000000008003BEFA] -> 0x3333
[9478] [M]: 0x000000008003BEF8 (0x33333537) lui a0, 0x33333
x10 <- 0x0000000033333000
mem[X,0x000000008003BEFC] -> 0x0513
mem[X,0x000000008003BEFE] -> 0x3335
[9479] [M]: 0x000000008003BEFC (0x33350513) addi a0, a0, 0x333
x10 <- 0x0000000033333333
mem[X,0x000000008003BF00] -> 0x1513
mem[X,0x000000008003BF02] -> 0x00B5
[9480] [M]: 0x000000008003BF00 (0x00B51513) slli a0, a0, 0xb
x10 <- 0x0000019999999800
mem[X,0x000000008003BF04] -> 0x0513
mem[X,0x000000008003BF06] -> 0x1995
[9481] [M]: 0x000000008003BF04 (0x19950513) addi a0, a0, 0x199
x10 <- 0x0000019999999999
mem[X,0x000000008003BF08] -> 0x1513
mem[X,0x000000008003BF0A] -> 0x00B5
[9482] [M]: 0x000000008003BF08 (0x00B51513) slli a0, a0, 0xb
x10 <- 0x000CCCCCCCCCC800
mem[X,0x000000008003BF0C] -> 0x0513
mem[X,0x000000008003BF0E] -> 0x4CC5
[9483] [M]: 0x000000008003BF0C (0x4CC50513) addi a0, a0, 0x4cc
x10 <- 0x000CCCCCCCCCCCCC
mem[X,0x000000008003BF10] -> 0x1513
mem[X,0x000000008003BF12] -> 0x00A5
[9484] [M]: 0x000000008003BF10 (0x00A51513) slli a0, a0, 0xa
x10 <- 0x3333333333333000
mem[X,0x000000008003BF14] -> 0x0513
mem[X,0x000000008003BF16] -> 0x3345
[9485] [M]: 0x000000008003BF14 (0x33450513) addi a0, a0, 0x334
x10 <- 0x3333333333333334
mem[X,0x000000008003BF18] -> 0x05B7
mem[X,0x000000008003BF1A] -> 0x0000
[9486] [M]: 0x000000008003BF18 (0x000005B7) lui a1, 0x0
x11 <- 0x0000000000000000
mem[X,0x000000008003BF1C] -> 0x8593
mem[X,0x000000008003BF1E] -> 0xFFF5
[9487] [M]: 0x000000008003BF1C (0xFFF58593) addi a1, a1, -0x1
x11 <- 0xFFFFFFFFFFFFFFFF
mem[X,0x000000008003BF20] -> 0x9593
mem[X,0x000000008003BF22] -> 0x00B5
[9488] [M]: 0x000000008003BF20 (0x00B59593) slli a1, a1, 0xb
x11 <- 0xFFFFFFFFFFFFF800
mem[X,0x000000008003BF24] -> 0x8593
mem[X,0x000000008003BF26] -> 0x2575
[9489] [M]: 0x000000008003BF24 (0x25758593) addi a1, a1, 0x257
x11 <- 0xFFFFFFFFFFFFFA57
mem[X,0x000000008003BF28] -> 0x9593
mem[X,0x000000008003BF2A] -> 0x00B5
[9490] [M]: 0x000000008003BF28 (0x00B59593) slli a1, a1, 0xb
x11 <- 0xFFFFFFFFFFD2B800
mem[X,0x000000008003BF2C] -> 0x8593
mem[X,0x000000008003BF2E] -> 0x6C35
[9491] [M]: 0x000000008003BF2C (0x6C358593) addi a1, a1, 0x6c3
x11 <- 0xFFFFFFFFFFD2BEC3
mem[X,0x000000008003BF30] -> 0x9593
mem[X,0x000000008003BF32] -> 0x00A5
[9492] [M]: 0x000000008003BF30 (0x00A59593) slli a1, a1, 0xa
x11 <- 0xFFFFFFFF4AFB0C00
mem[X,0x000000008003BF34] -> 0x8593
mem[X,0x000000008003BF36] -> 0x0CE5
[9493] [M]: 0x000000008003BF34 (0x0CE58593) addi a1, a1, 0xce
x11 <- 0xFFFFFFFF4AFB0CCE
mem[X,0x000000008003BF38] -> 0x0113
mem[X,0x000000008003BF3A] -> 0x0000
[9494] [M]: 0x000000008003BF38 (0x00000113) addi sp, zero, 0x0
x2 <- 0x0000000000000000
mem[X,0x000000008003BF3C] -> 0x006F
mem[X,0x000000008003BF3E] -> 0x00C0
[9495] [M]: 0x000000008003BF3C (0x00C0006F) jal zero, 0xc
mem[X,0x000000008003BF48] -> 0x5CE3
mem[X,0x000000008003BF4A] -> 0xFEB5
[9496] [M]: 0x000000008003BF48 (0xFEB55CE3) bge a0, a1, -0x8
mem[X,0x000000008003BF40] -> 0x0113
mem[X,0x000000008003BF42] -> 0x0011
[9497] [M]: 0x000000008003BF40 (0x00110113) addi sp, sp, 0x1
x2 <- 0x0000000000000001
mem[X,0x000000008003BF44] -> 0x006F
mem[X,0x000000008003BF46] -> 0x0180
[9498] [M]: 0x000000008003BF44 (0x0180006F) jal zero, 0x18
mem[X,0x000000008003BF5C] -> 0xBC23
mem[X,0x000000008003BF5E] -> 0x1A20
[9499] [M]: 0x000000008003BF5C (0x1A20BC23) sd sp, 0x1b8(ra)
mem[0x0000000080049388] <- 0x0000000000000001
clint::tick mtime <- 0x000000000000005F
 clint timer pending at mtime 0x000000000000005F
htif::tick 0x0000000000000000
mem[X,0x000000008003BF60] -> 0x3537
mem[X,0x000000008003BF62] -> 0x3333
[9500] [M]: 0x000000008003BF60 (0x33333537) lui a0, 0x33333
x10 <- 0x0000000033333000
mem[X,0x000000008003BF64] -> 0x0513
mem[X,0x000000008003BF66] -> 0x3335
[9501] [M]: 0x000000008003BF64 (0x33350513) addi a0, a0, 0x333
x10 <- 0x0000000033333333
mem[X,0x000000008003BF68] -> 0x1513
mem[X,0x000000008003BF6A] -> 0x00B5
[9502] [M]: 0x000000008003BF68 (0x00B51513) slli a0, a0, 0xb
x10 <- 0x0000019999999800
mem[X,0x000000008003BF6C] -> 0x0513
mem[X,0x000000008003BF6E] -> 0x1995
[9503] [M]: 0x000000008003BF6C (0x19950513) addi a0, a0, 0x199
x10 <- 0x0000019999999999
mem[X,0x000000008003BF70] -> 0x1513
mem[X,0x000000008003BF72] -> 0x00B5
[9504] [M]: 0x000000008003BF70 (0x00B51513) slli a0, a0, 0xb
x10 <- 0x000CCCCCCCCCC800
mem[X,0x000000008003BF74] -> 0x0513
mem[X,0x000000008003BF76] -> 0x4CC5
[9505] [M]: 0x000000008003BF74 (0x4CC50513) addi a0, a0, 0x4cc
x10 <- 0x000CCCCCCCCCCCCC
mem[X,0x000000008003BF78] -> 0x1513
mem[X,0x000000008003BF7A] -> 0x00A5
[9506] [M]: 0x000000008003BF78 (0x00A51513) slli a0, a0, 0xa
x10 <- 0x3333333333333000
mem[X,0x000000008003BF7C] -> 0x0513
mem[X,0x000000008003BF7E] -> 0x3345
[9507] [M]: 0x000000008003BF7C (0x33450513) addi a0, a0, 0x334
x10 <- 0x3333333333333334
mem[X,0x000000008003BF80] -> 0x05B7
mem[X,0x000000008003BF82] -> 0x0000
[9508] [M]: 0x000000008003BF80 (0x000005B7) lui a1, 0x0
x11 <- 0x0000000000000000
mem[X,0x000000008003BF84] -> 0x8593
mem[X,0x000000008003BF86] -> 0x0005
[9509] [M]: 0x000000008003BF84 (0x00058593) addi a1, a1, 0x0
x11 <- 0x0000000000000000
mem[X,0x000000008003BF88] -> 0x9593
mem[X,0x000000008003BF8A] -> 0x00B5
[9510] [M]: 0x000000008003BF88 (0x00B59593) slli a1, a1, 0xb
x11 <- 0x0000000000000000
mem[X,0x000000008003BF8C] -> 0x8593
mem[X,0x000000008003BF8E] -> 0x5A85
[9511] [M]: 0x000000008003BF8C (0x5A858593) addi a1, a1, 0x5a8
x11 <- 0x00000000000005A8
mem[X,0x000000008003BF90] -> 0x9593
mem[X,0x000000008003BF92] -> 0x00B5
[9512] [M]: 0x000000008003BF90 (0x00B59593) slli a1, a1, 0xb
x11 <- 0x00000000002D4000
mem[X,0x000000008003BF94] -> 0x8593
mem[X,0x000000008003BF96] -> 0x13C5
[9513] [M]: 0x000000008003BF94 (0x13C58593) addi a1, a1, 0x13c
x11 <- 0x00000000002D413C
mem[X,0x000000008003BF98] -> 0x9593
mem[X,0x000000008003BF9A] -> 0x00A5
[9514] [M]: 0x000000008003BF98 (0x00A59593) slli a1, a1, 0xa
x11 <- 0x00000000B504F000
mem[X,0x000000008003BF9C] -> 0x8593
mem[X,0x000000008003BF9E] -> 0x3345
[9515] [M]: 0x000000008003BF9C (0x33458593) addi a1, a1, 0x334
x11 <- 0x00000000B504F334
mem[X,0x000000008003BFA0] -> 0x0113
mem[X,0x000000008003BFA2] -> 0x0000
[9516] [M]: 0x000000008003BFA0 (0x00000113) addi sp, zero, 0x0
x2 <- 0x0000000000000000
mem[X,0x000000008003BFA4] -> 0x006F
mem[X,0x000000008003BFA6] -> 0x0050
[9517] [M]: 0x000000008003BFA4 (0x0050006F) jal zero, 0x804
mem[X,0x000000008003C7A8] -> 0x50E3
mem[X,0x000000008003C7AA] -> 0x80B5
[9518] [M]: 0x000000008003C7A8 (0x80B550E3) bge a0, a1, -0x800
mem[X,0x000000008003BFA8] -> 0x0113
mem[X,0x000000008003BFAA] -> 0x0011
[9519] [M]: 0x000000008003BFA8 (0x00110113) addi sp, sp, 0x1
x2 <- 0x0000000000000001
mem[X,0x000000008003BFAC] -> 0x006F
mem[X,0x000000008003BFAE] -> 0x0110
[9520] [M]: 0x000000008003BFAC (0x0110006F) jal zero, 0x810
mem[X,0x000000008003C7BC] -> 0xB023
mem[X,0x000000008003C7BE] -> 0x1C20
[9521] [M]: 0x000000008003C7BC (0x1C20B023) sd sp, 0x1c0(ra)
mem[0x0000000080049390] <- 0x0000000000000001
mem[X,0x000000008003C7C0] -> 0x6537
mem[X,0x000000008003C7C2] -> 0x6666
[9522] [M]: 0x000000008003C7C0 (0x66666537) lui a0, 0x66666
x10 <- 0x0000000066666000
mem[X,0x000000008003C7C4] -> 0x0513
mem[X,0x000000008003C7C6] -> 0x6665
[9523] [M]: 0x000000008003C7C4 (0x66650513) addi a0, a0, 0x666
x10 <- 0x0000000066666666
mem[X,0x000000008003C7C8] -> 0x1513
mem[X,0x000000008003C7CA] -> 0x00B5
[9524] [M]: 0x000000008003C7C8 (0x00B51513) slli a0, a0, 0xb
x10 <- 0x0000033333333000
mem[X,0x000000008003C7CC] -> 0x0513
mem[X,0x000000008003C7CE] -> 0x3335
[9525] [M]: 0x000000008003C7CC (0x33350513) addi a0, a0, 0x333
x10 <- 0x0000033333333333
mem[X,0x000000008003C7D0] -> 0x1513
mem[X,0x000000008003C7D2] -> 0x00B5
[9526] [M]: 0x000000008003C7D0 (0x00B51513) slli a0, a0, 0xb
x10 <- 0x0019999999999800
mem[X,0x000000008003C7D4] -> 0x0513
mem[X,0x000000008003C7D6] -> 0x1995
[9527] [M]: 0x000000008003C7D4 (0x19950513) addi a0, a0, 0x199
x10 <- 0x0019999999999999
mem[X,0x000000008003C7D8] -> 0x1513
mem[X,0x000000008003C7DA] -> 0x00A5
[9528] [M]: 0x000000008003C7D8 (0x00A51513) slli a0, a0, 0xa
x10 <- 0x6666666666666400
mem[X,0x000000008003C7DC] -> 0x0513
mem[X,0x000000008003C7DE] -> 0x2675
[9529] [M]: 0x000000008003C7DC (0x26750513) addi a0, a0, 0x267
x10 <- 0x6666666666666667
mem[X,0x000000008003C7E0] -> 0x0593
mem[X,0x000000008003C7E2] -> 0x0030
[9530] [M]: 0x000000008003C7E0 (0x00300593) addi a1, zero, 0x3
x11 <- 0x0000000000000003
mem[X,0x000000008003C7E4] -> 0x0113
mem[X,0x000000008003C7E6] -> 0x0000
[9531] [M]: 0x000000008003C7E4 (0x00000113) addi sp, zero, 0x0
x2 <- 0x0000000000000000
mem[X,0x000000008003C7E8] -> 0x006F
mem[X,0x000000008003C7EA] -> 0x00C0
[9532] [M]: 0x000000008003C7E8 (0x00C0006F) jal zero, 0xc
mem[X,0x000000008003C7F4] -> 0x5663
mem[X,0x000000008003C7F6] -> 0x00B5
[9533] [M]: 0x000000008003C7F4 (0x00B55663) bge a0, a1, 0xc
mem[X,0x000000008003C800] -> 0x0113
mem[X,0x000000008003C802] -> 0x0031
[9534] [M]: 0x000000008003C800 (0x00310113) addi sp, sp, 0x3
x2 <- 0x0000000000000003
mem[X,0x000000008003C804] -> 0x006F
mem[X,0x000000008003C806] -> 0x0040
[9535] [M]: 0x000000008003C804 (0x0040006F) jal zero, 0x4
mem[X,0x000000008003C808] -> 0xB423
mem[X,0x000000008003C80A] -> 0x1C20
[9536] [M]: 0x000000008003C808 (0x1C20B423) sd sp, 0x1c8(ra)
mem[0x0000000080049398] <- 0x0000000000000003
mem[X,0x000000008003C80C] -> 0x6537
mem[X,0x000000008003C80E] -> 0x6666
[9537] [M]: 0x000000008003C80C (0x66666537) lui a0, 0x66666
x10 <- 0x0000000066666000
mem[X,0x000000008003C810] -> 0x0513
mem[X,0x000000008003C812] -> 0x6665
[9538] [M]: 0x000000008003C810 (0x66650513) addi a0, a0, 0x666
x10 <- 0x0000000066666666
mem[X,0x000000008003C814] -> 0x1513
mem[X,0x000000008003C816] -> 0x00B5
[9539] [M]: 0x000000008003C814 (0x00B51513) slli a0, a0, 0xb
x10 <- 0x0000033333333000
mem[X,0x000000008003C818] -> 0x0513
mem[X,0x000000008003C81A] -> 0x3335
[9540] [M]: 0x000000008003C818 (0x33350513) addi a0, a0, 0x333
x10 <- 0x0000033333333333
mem[X,0x000000008003C81C] -> 0x1513
mem[X,0x000000008003C81E] -> 0x00B5
[9541] [M]: 0x000000008003C81C (0x00B51513) slli a0, a0, 0xb
x10 <- 0x0019999999999800
mem[X,0x000000008003C820] -> 0x0513
mem[X,0x000000008003C822] -> 0x1995
[9542] [M]: 0x000000008003C820 (0x19950513) addi a0, a0, 0x199
x10 <- 0x0019999999999999
mem[X,0x000000008003C824] -> 0x1513
mem[X,0x000000008003C826] -> 0x00A5
[9543] [M]: 0x000000008003C824 (0x00A51513) slli a0, a0, 0xa
x10 <- 0x6666666666666400
mem[X,0x000000008003C828] -> 0x0513
mem[X,0x000000008003C82A] -> 0x2675
[9544] [M]: 0x000000008003C828 (0x26750513) addi a0, a0, 0x267
x10 <- 0x6666666666666667
mem[X,0x000000008003C82C] -> 0x55B7
mem[X,0x000000008003C82E] -> 0x5555
[9545] [M]: 0x000000008003C82C (0x555555B7) lui a1, 0x55555
x11 <- 0x0000000055555000
mem[X,0x000000008003C830] -> 0x8593
mem[X,0x000000008003C832] -> 0x5555
[9546] [M]: 0x000000008003C830 (0x55558593) addi a1, a1, 0x555
x11 <- 0x0000000055555555
mem[X,0x000000008003C834] -> 0x9593
mem[X,0x000000008003C836] -> 0x00B5
[9547] [M]: 0x000000008003C834 (0x00B59593) slli a1, a1, 0xb
x11 <- 0x000002AAAAAAA800
mem[X,0x000000008003C838] -> 0x8593
mem[X,0x000000008003C83A] -> 0x2AA5
[9548] [M]: 0x000000008003C838 (0x2AA58593) addi a1, a1, 0x2aa
x11 <- 0x000002AAAAAAAAAA
mem[X,0x000000008003C83C] -> 0x9593
mem[X,0x000000008003C83E] -> 0x00B5
[9549] [M]: 0x000000008003C83C (0x00B59593) slli a1, a1, 0xb
x11 <- 0x0015555555555000
mem[X,0x000000008003C840] -> 0x8593
mem[X,0x000000008003C842] -> 0x5555
[9550] [M]: 0x000000008003C840 (0x55558593) addi a1, a1, 0x555
x11 <- 0x0015555555555555
mem[X,0x000000008003C844] -> 0x9593
mem[X,0x000000008003C846] -> 0x00A5
[9551] [M]: 0x000000008003C844 (0x00A59593) slli a1, a1, 0xa
x11 <- 0x5555555555555400
mem[X,0x000000008003C848] -> 0x8593
mem[X,0x000000008003C84A] -> 0x1555
[9552] [M]: 0x000000008003C848 (0x15558593) addi a1, a1, 0x155
x11 <- 0x5555555555555555
mem[X,0x000000008003C84C] -> 0x0113
mem[X,0x000000008003C84E] -> 0x0000
[9553] [M]: 0x000000008003C84C (0x00000113) addi sp, zero, 0x0
x2 <- 0x0000000000000000
mem[X,0x000000008003C850] -> 0x006F
mem[X,0x000000008003C852] -> 0x00C0
[9554] [M]: 0x000000008003C850 (0x00C0006F) jal zero, 0xc
mem[X,0x000000008003C85C] -> 0x5663
mem[X,0x000000008003C85E] -> 0x00B5
[9555] [M]: 0x000000008003C85C (0x00B55663) bge a0, a1, 0xc
mem[X,0x000000008003C868] -> 0x0113
mem[X,0x000000008003C86A] -> 0x0031
[9556] [M]: 0x000000008003C868 (0x00310113) addi sp, sp, 0x3
x2 <- 0x0000000000000003
mem[X,0x000000008003C86C] -> 0x006F
mem[X,0x000000008003C86E] -> 0x0040
[9557] [M]: 0x000000008003C86C (0x0040006F) jal zero, 0x4
mem[X,0x000000008003C870] -> 0xB823
mem[X,0x000000008003C872] -> 0x1C20
[9558] [M]: 0x000000008003C870 (0x1C20B823) sd sp, 0x1d0(ra)
mem[0x00000000800493A0] <- 0x0000000000000003
mem[X,0x000000008003C874] -> 0x6537
mem[X,0x000000008003C876] -> 0x6666
[9559] [M]: 0x000000008003C874 (0x66666537) lui a0, 0x66666
x10 <- 0x0000000066666000
mem[X,0x000000008003C878] -> 0x0513
mem[X,0x000000008003C87A] -> 0x6665
[9560] [M]: 0x000000008003C878 (0x66650513) addi a0, a0, 0x666
x10 <- 0x0000000066666666
mem[X,0x000000008003C87C] -> 0x1513
mem[X,0x000000008003C87E] -> 0x00B5
[9561] [M]: 0x000000008003C87C (0x00B51513) slli a0, a0, 0xb
x10 <- 0x0000033333333000
mem[X,0x000000008003C880] -> 0x0513
mem[X,0x000000008003C882] -> 0x3335
[9562] [M]: 0x000000008003C880 (0x33350513) addi a0, a0, 0x333
x10 <- 0x0000033333333333
mem[X,0x000000008003C884] -> 0x1513
mem[X,0x000000008003C886] -> 0x00B5
[9563] [M]: 0x000000008003C884 (0x00B51513) slli a0, a0, 0xb
x10 <- 0x0019999999999800
mem[X,0x000000008003C888] -> 0x0513
mem[X,0x000000008003C88A] -> 0x1995
[9564] [M]: 0x000000008003C888 (0x19950513) addi a0, a0, 0x199
x10 <- 0x0019999999999999
mem[X,0x000000008003C88C] -> 0x1513
mem[X,0x000000008003C88E] -> 0x00A5
[9565] [M]: 0x000000008003C88C (0x00A51513) slli a0, a0, 0xa
x10 <- 0x6666666666666400
mem[X,0x000000008003C890] -> 0x0513
mem[X,0x000000008003C892] -> 0x2675
[9566] [M]: 0x000000008003C890 (0x26750513) addi a0, a0, 0x267
x10 <- 0x6666666666666667
mem[X,0x000000008003C894] -> 0xB5B7
mem[X,0x000000008003C896] -> 0xAAAA
[9567] [M]: 0x000000008003C894 (0xAAAAB5B7) lui a1, -0x55555
x11 <- 0xFFFFFFFFAAAAB000
mem[X,0x000000008003C898] -> 0x8593
mem[X,0x000000008003C89A] -> 0xAAA5
[9568] [M]: 0x000000008003C898 (0xAAA58593) addi a1, a1, -0x556
x11 <- 0xFFFFFFFFAAAAAAAA
mem[X,0x000000008003C89C] -> 0x9593
mem[X,0x000000008003C89E] -> 0x00B5
[9569] [M]: 0x000000008003C89C (0x00B59593) slli a1, a1, 0xb
x11 <- 0xFFFFFD5555555000
mem[X,0x000000008003C8A0] -> 0x8593
mem[X,0x000000008003C8A2] -> 0x5555
[9570] [M]: 0x000000008003C8A0 (0x55558593) addi a1, a1, 0x555
x11 <- 0xFFFFFD5555555555
mem[X,0x000000008003C8A4] -> 0x9593
mem[X,0x000000008003C8A6] -> 0x00B5
[9571] [M]: 0x000000008003C8A4 (0x00B59593) slli a1, a1, 0xb
x11 <- 0xFFEAAAAAAAAAA800
mem[X,0x000000008003C8A8] -> 0x8593
mem[X,0x000000008003C8AA] -> 0x2AA5
[9572] [M]: 0x000000008003C8A8 (0x2AA58593) addi a1, a1, 0x2aa
x11 <- 0xFFEAAAAAAAAAAAAA
mem[X,0x000000008003C8AC] -> 0x9593
mem[X,0x000000008003C8AE] -> 0x00A5
[9573] [M]: 0x000000008003C8AC (0x00A59593) slli a1, a1, 0xa
x11 <- 0xAAAAAAAAAAAAA800
mem[X,0x000000008003C8B0] -> 0x8593
mem[X,0x000000008003C8B2] -> 0x2AA5
[9574] [M]: 0x000000008003C8B0 (0x2AA58593) addi a1, a1, 0x2aa
x11 <- 0xAAAAAAAAAAAAAAAA
mem[X,0x000000008003C8B4] -> 0x0113
mem[X,0x000000008003C8B6] -> 0x0000
[9575] [M]: 0x000000008003C8B4 (0x00000113) addi sp, zero, 0x0
x2 <- 0x0000000000000000
mem[X,0x000000008003C8B8] -> 0x006F
mem[X,0x000000008003C8BA] -> 0x00C0
[9576] [M]: 0x000000008003C8B8 (0x00C0006F) jal zero, 0xc
mem[X,0x000000008003C8C4] -> 0x5063
mem[X,0x000000008003C8C6] -> 0x40B5
[9577] [M]: 0x000000008003C8C4 (0x40B55063) bge a0, a1, 0x400
mem[X,0x000000008003CCC4] -> 0x0113
mem[X,0x000000008003CCC6] -> 0x0031
[9578] [M]: 0x000000008003CCC4 (0x00310113) addi sp, sp, 0x3
x2 <- 0x0000000000000003
mem[X,0x000000008003CCC8] -> 0x006F
mem[X,0x000000008003CCCA] -> 0x0040
[9579] [M]: 0x000000008003CCC8 (0x0040006F) jal zero, 0x4
mem[X,0x000000008003CCCC] -> 0xBC23
mem[X,0x000000008003CCCE] -> 0x1C20
[9580] [M]: 0x000000008003CCCC (0x1C20BC23) sd sp, 0x1d8(ra)
mem[0x00000000800493A8] <- 0x0000000000000003
mem[X,0x000000008003CCD0] -> 0x6537
mem[X,0x000000008003CCD2] -> 0x6666
[9581] [M]: 0x000000008003CCD0 (0x66666537) lui a0, 0x66666
x10 <- 0x0000000066666000
mem[X,0x000000008003CCD4] -> 0x0513
mem[X,0x000000008003CCD6] -> 0x6665
[9582] [M]: 0x000000008003CCD4 (0x66650513) addi a0, a0, 0x666
x10 <- 0x0000000066666666
mem[X,0x000000008003CCD8] -> 0x1513
mem[X,0x000000008003CCDA] -> 0x00B5
[9583] [M]: 0x000000008003CCD8 (0x00B51513) slli a0, a0, 0xb
x10 <- 0x0000033333333000
mem[X,0x000000008003CCDC] -> 0x0513
mem[X,0x000000008003CCDE] -> 0x3335
[9584] [M]: 0x000000008003CCDC (0x33350513) addi a0, a0, 0x333
x10 <- 0x0000033333333333
mem[X,0x000000008003CCE0] -> 0x1513
mem[X,0x000000008003CCE2] -> 0x00B5
[9585] [M]: 0x000000008003CCE0 (0x00B51513) slli a0, a0, 0xb
x10 <- 0x0019999999999800
mem[X,0x000000008003CCE4] -> 0x0513
mem[X,0x000000008003CCE6] -> 0x1995
[9586] [M]: 0x000000008003CCE4 (0x19950513) addi a0, a0, 0x199
x10 <- 0x0019999999999999
mem[X,0x000000008003CCE8] -> 0x1513
mem[X,0x000000008003CCEA] -> 0x00A5
[9587] [M]: 0x000000008003CCE8 (0x00A51513) slli a0, a0, 0xa
x10 <- 0x6666666666666400
mem[X,0x000000008003CCEC] -> 0x0513
mem[X,0x000000008003CCEE] -> 0x2675
[9588] [M]: 0x000000008003CCEC (0x26750513) addi a0, a0, 0x267
x10 <- 0x6666666666666667
mem[X,0x000000008003CCF0] -> 0x0593
mem[X,0x000000008003CCF2] -> 0x0050
[9589] [M]: 0x000000008003CCF0 (0x00500593) addi a1, zero, 0x5
x11 <- 0x0000000000000005
mem[X,0x000000008003CCF4] -> 0x0113
mem[X,0x000000008003CCF6] -> 0x0000
[9590] [M]: 0x000000008003CCF4 (0x00000113) addi sp, zero, 0x0
x2 <- 0x0000000000000000
mem[X,0x000000008003CCF8] -> 0x006F
mem[X,0x000000008003CCFA] -> 0x0140
[9591] [M]: 0x000000008003CCF8 (0x0140006F) jal zero, 0x14
mem[X,0x000000008003CD0C] -> 0x58E3
mem[X,0x000000008003CD0E] -> 0xFEB5
[9592] [M]: 0x000000008003CD0C (0xFEB558E3) bge a0, a1, -0x10
mem[X,0x000000008003CCFC] -> 0x0113
mem[X,0x000000008003CCFE] -> 0x0011
[9593] [M]: 0x000000008003CCFC (0x00110113) addi sp, sp, 0x1
x2 <- 0x0000000000000001
mem[X,0x000000008003CD00] -> 0x006F
mem[X,0x000000008003CD02] -> 0x0200
[9594] [M]: 0x000000008003CD00 (0x0200006F) jal zero, 0x20
mem[X,0x000000008003CD20] -> 0xB023
mem[X,0x000000008003CD22] -> 0x1E20
[9595] [M]: 0x000000008003CD20 (0x1E20B023) sd sp, 0x1e0(ra)
mem[0x00000000800493B0] <- 0x0000000000000001
mem[X,0x000000008003CD24] -> 0x6537
mem[X,0x000000008003CD26] -> 0x6666
[9596] [M]: 0x000000008003CD24 (0x66666537) lui a0, 0x66666
x10 <- 0x0000000066666000
mem[X,0x000000008003CD28] -> 0x0513
mem[X,0x000000008003CD2A] -> 0x6665
[9597] [M]: 0x000000008003CD28 (0x66650513) addi a0, a0, 0x666
x10 <- 0x0000000066666666
mem[X,0x000000008003CD2C] -> 0x1513
mem[X,0x000000008003CD2E] -> 0x00B5
[9598] [M]: 0x000000008003CD2C (0x00B51513) slli a0, a0, 0xb
x10 <- 0x0000033333333000
mem[X,0x000000008003CD30] -> 0x0513
mem[X,0x000000008003CD32] -> 0x3335
[9599] [M]: 0x000000008003CD30 (0x33350513) addi a0, a0, 0x333
x10 <- 0x0000033333333333
clint::tick mtime <- 0x0000000000000060
 clint timer pending at mtime 0x0000000000000060
htif::tick 0x0000000000000000
mem[X,0x000000008003CD34] -> 0x1513
mem[X,0x000000008003CD36] -> 0x00B5
[9600] [M]: 0x000000008003CD34 (0x00B51513) slli a0, a0, 0xb
x10 <- 0x0019999999999800
mem[X,0x000000008003CD38] -> 0x0513
mem[X,0x000000008003CD3A] -> 0x1995
[9601] [M]: 0x000000008003CD38 (0x19950513) addi a0, a0, 0x199
x10 <- 0x0019999999999999
mem[X,0x000000008003CD3C] -> 0x1513
mem[X,0x000000008003CD3E] -> 0x00A5
[9602] [M]: 0x000000008003CD3C (0x00A51513) slli a0, a0, 0xa
x10 <- 0x6666666666666400
mem[X,0x000000008003CD40] -> 0x0513
mem[X,0x000000008003CD42] -> 0x2675
[9603] [M]: 0x000000008003CD40 (0x26750513) addi a0, a0, 0x267
x10 <- 0x6666666666666667
mem[X,0x000000008003CD44] -> 0x35B7
mem[X,0x000000008003CD46] -> 0x3333
[9604] [M]: 0x000000008003CD44 (0x333335B7) lui a1, 0x33333
x11 <- 0x0000000033333000
mem[X,0x000000008003CD48] -> 0x8593
mem[X,0x000000008003CD4A] -> 0x3335
[9605] [M]: 0x000000008003CD48 (0x33358593) addi a1, a1, 0x333
x11 <- 0x0000000033333333
mem[X,0x000000008003CD4C] -> 0x9593
mem[X,0x000000008003CD4E] -> 0x00B5
[9606] [M]: 0x000000008003CD4C (0x00B59593) slli a1, a1, 0xb
x11 <- 0x0000019999999800
mem[X,0x000000008003CD50] -> 0x8593
mem[X,0x000000008003CD52] -> 0x1995
[9607] [M]: 0x000000008003CD50 (0x19958593) addi a1, a1, 0x199
x11 <- 0x0000019999999999
mem[X,0x000000008003CD54] -> 0x9593
mem[X,0x000000008003CD56] -> 0x00B5
[9608] [M]: 0x000000008003CD54 (0x00B59593) slli a1, a1, 0xb
x11 <- 0x000CCCCCCCCCC800
mem[X,0x000000008003CD58] -> 0x8593
mem[X,0x000000008003CD5A] -> 0x4CC5
[9609] [M]: 0x000000008003CD58 (0x4CC58593) addi a1, a1, 0x4cc
x11 <- 0x000CCCCCCCCCCCCC
mem[X,0x000000008003CD5C] -> 0x9593
mem[X,0x000000008003CD5E] -> 0x00A5
[9610] [M]: 0x000000008003CD5C (0x00A59593) slli a1, a1, 0xa
x11 <- 0x3333333333333000
mem[X,0x000000008003CD60] -> 0x8593
mem[X,0x000000008003CD62] -> 0x3335
[9611] [M]: 0x000000008003CD60 (0x33358593) addi a1, a1, 0x333
x11 <- 0x3333333333333333
mem[X,0x000000008003CD64] -> 0x0113
mem[X,0x000000008003CD66] -> 0x0000
[9612] [M]: 0x000000008003CD64 (0x00000113) addi sp, zero, 0x0
x2 <- 0x0000000000000000
mem[X,0x000000008003CD68] -> 0x006F
mem[X,0x000000008003CD6A] -> 0x00C0
[9613] [M]: 0x000000008003CD68 (0x00C0006F) jal zero, 0xc
mem[X,0x000000008003CD74] -> 0x5663
mem[X,0x000000008003CD76] -> 0x00B5
[9614] [M]: 0x000000008003CD74 (0x00B55663) bge a0, a1, 0xc
mem[X,0x000000008003CD80] -> 0x0113
mem[X,0x000000008003CD82] -> 0x0031
[9615] [M]: 0x000000008003CD80 (0x00310113) addi sp, sp, 0x3
x2 <- 0x0000000000000003
mem[X,0x000000008003CD84] -> 0x006F
mem[X,0x000000008003CD86] -> 0x0040
[9616] [M]: 0x000000008003CD84 (0x0040006F) jal zero, 0x4
mem[X,0x000000008003CD88] -> 0xB423
mem[X,0x000000008003CD8A] -> 0x1E20
[9617] [M]: 0x000000008003CD88 (0x1E20B423) sd sp, 0x1e8(ra)
mem[0x00000000800493B8] <- 0x0000000000000003
mem[X,0x000000008003CD8C] -> 0x6537
mem[X,0x000000008003CD8E] -> 0x6666
[9618] [M]: 0x000000008003CD8C (0x66666537) lui a0, 0x66666
x10 <- 0x0000000066666000
mem[X,0x000000008003CD90] -> 0x0513
mem[X,0x000000008003CD92] -> 0x6665
[9619] [M]: 0x000000008003CD90 (0x66650513) addi a0, a0, 0x666
x10 <- 0x0000000066666666
mem[X,0x000000008003CD94] -> 0x1513
mem[X,0x000000008003CD96] -> 0x00B5
[9620] [M]: 0x000000008003CD94 (0x00B51513) slli a0, a0, 0xb
x10 <- 0x0000033333333000
mem[X,0x000000008003CD98] -> 0x0513
mem[X,0x000000008003CD9A] -> 0x3335
[9621] [M]: 0x000000008003CD98 (0x33350513) addi a0, a0, 0x333
x10 <- 0x0000033333333333
mem[X,0x000000008003CD9C] -> 0x1513
mem[X,0x000000008003CD9E] -> 0x00B5
[9622] [M]: 0x000000008003CD9C (0x00B51513) slli a0, a0, 0xb
x10 <- 0x0019999999999800
mem[X,0x000000008003CDA0] -> 0x0513
mem[X,0x000000008003CDA2] -> 0x1995
[9623] [M]: 0x000000008003CDA0 (0x19950513) addi a0, a0, 0x199
x10 <- 0x0019999999999999
mem[X,0x000000008003CDA4] -> 0x1513
mem[X,0x000000008003CDA6] -> 0x00A5
[9624] [M]: 0x000000008003CDA4 (0x00A51513) slli a0, a0, 0xa
x10 <- 0x6666666666666400
mem[X,0x000000008003CDA8] -> 0x0513
mem[X,0x000000008003CDAA] -> 0x2675
[9625] [M]: 0x000000008003CDA8 (0x26750513) addi a0, a0, 0x267
x10 <- 0x6666666666666667
mem[X,0x000000008003CDAC] -> 0x65B7
mem[X,0x000000008003CDAE] -> 0x6666
[9626] [M]: 0x000000008003CDAC (0x666665B7) lui a1, 0x66666
x11 <- 0x0000000066666000
mem[X,0x000000008003CDB0] -> 0x8593
mem[X,0x000000008003CDB2] -> 0x6665
[9627] [M]: 0x000000008003CDB0 (0x66658593) addi a1, a1, 0x666
x11 <- 0x0000000066666666
mem[X,0x000000008003CDB4] -> 0x9593
mem[X,0x000000008003CDB6] -> 0x00B5
[9628] [M]: 0x000000008003CDB4 (0x00B59593) slli a1, a1, 0xb
x11 <- 0x0000033333333000
mem[X,0x000000008003CDB8] -> 0x8593
mem[X,0x000000008003CDBA] -> 0x3335
[9629] [M]: 0x000000008003CDB8 (0x33358593) addi a1, a1, 0x333
x11 <- 0x0000033333333333
mem[X,0x000000008003CDBC] -> 0x9593
mem[X,0x000000008003CDBE] -> 0x00B5
[9630] [M]: 0x000000008003CDBC (0x00B59593) slli a1, a1, 0xb
x11 <- 0x0019999999999800
mem[X,0x000000008003CDC0] -> 0x8593
mem[X,0x000000008003CDC2] -> 0x1995
[9631] [M]: 0x000000008003CDC0 (0x19958593) addi a1, a1, 0x199
x11 <- 0x0019999999999999
mem[X,0x000000008003CDC4] -> 0x9593
mem[X,0x000000008003CDC6] -> 0x00A5
[9632] [M]: 0x000000008003CDC4 (0x00A59593) slli a1, a1, 0xa
x11 <- 0x6666666666666400
mem[X,0x000000008003CDC8] -> 0x8593
mem[X,0x000000008003CDCA] -> 0x2665
[9633] [M]: 0x000000008003CDC8 (0x26658593) addi a1, a1, 0x266
x11 <- 0x6666666666666666
mem[X,0x000000008003CDCC] -> 0x0113
mem[X,0x000000008003CDCE] -> 0x0000
[9634] [M]: 0x000000008003CDCC (0x00000113) addi sp, zero, 0x0
x2 <- 0x0000000000000000
mem[X,0x000000008003CDD0] -> 0x006F
mem[X,0x000000008003CDD2] -> 0x00C0
[9635] [M]: 0x000000008003CDD0 (0x00C0006F) jal zero, 0xc
mem[X,0x000000008003CDDC] -> 0x5063
mem[X,0x000000008003CDDE] -> 0x02B5
[9636] [M]: 0x000000008003CDDC (0x02B55063) bge a0, a1, 0x20
mem[X,0x000000008003CDFC] -> 0x0113
mem[X,0x000000008003CDFE] -> 0x0031
[9637] [M]: 0x000000008003CDFC (0x00310113) addi sp, sp, 0x3
x2 <- 0x0000000000000003
mem[X,0x000000008003CE00] -> 0x006F
mem[X,0x000000008003CE02] -> 0x0040
[9638] [M]: 0x000000008003CE00 (0x0040006F) jal zero, 0x4
mem[X,0x000000008003CE04] -> 0xB823
mem[X,0x000000008003CE06] -> 0x1E20
[9639] [M]: 0x000000008003CE04 (0x1E20B823) sd sp, 0x1f0(ra)
mem[0x00000000800493C0] <- 0x0000000000000003
mem[X,0x000000008003CE08] -> 0x6537
mem[X,0x000000008003CE0A] -> 0x6666
[9640] [M]: 0x000000008003CE08 (0x66666537) lui a0, 0x66666
x10 <- 0x0000000066666000
mem[X,0x000000008003CE0C] -> 0x0513
mem[X,0x000000008003CE0E] -> 0x6665
[9641] [M]: 0x000000008003CE0C (0x66650513) addi a0, a0, 0x666
x10 <- 0x0000000066666666
mem[X,0x000000008003CE10] -> 0x1513
mem[X,0x000000008003CE12] -> 0x00B5
[9642] [M]: 0x000000008003CE10 (0x00B51513) slli a0, a0, 0xb
x10 <- 0x0000033333333000
mem[X,0x000000008003CE14] -> 0x0513
mem[X,0x000000008003CE16] -> 0x3335
[9643] [M]: 0x000000008003CE14 (0x33350513) addi a0, a0, 0x333
x10 <- 0x0000033333333333
mem[X,0x000000008003CE18] -> 0x1513
mem[X,0x000000008003CE1A] -> 0x00B5
[9644] [M]: 0x000000008003CE18 (0x00B51513) slli a0, a0, 0xb
x10 <- 0x0019999999999800
mem[X,0x000000008003CE1C] -> 0x0513
mem[X,0x000000008003CE1E] -> 0x1995
[9645] [M]: 0x000000008003CE1C (0x19950513) addi a0, a0, 0x199
x10 <- 0x0019999999999999
mem[X,0x000000008003CE20] -> 0x1513
mem[X,0x000000008003CE22] -> 0x00A5
[9646] [M]: 0x000000008003CE20 (0x00A51513) slli a0, a0, 0xa
x10 <- 0x6666666666666400
mem[X,0x000000008003CE24] -> 0x0513
mem[X,0x000000008003CE26] -> 0x2675
[9647] [M]: 0x000000008003CE24 (0x26750513) addi a0, a0, 0x267
x10 <- 0x6666666666666667
mem[X,0x000000008003CE28] -> 0x05B7
mem[X,0x000000008003CE2A] -> 0x0000
[9648] [M]: 0x000000008003CE28 (0x000005B7) lui a1, 0x0
x11 <- 0x0000000000000000
mem[X,0x000000008003CE2C] -> 0x8593
mem[X,0x000000008003CE2E] -> 0xFFF5
[9649] [M]: 0x000000008003CE2C (0xFFF58593) addi a1, a1, -0x1
x11 <- 0xFFFFFFFFFFFFFFFF
mem[X,0x000000008003CE30] -> 0x9593
mem[X,0x000000008003CE32] -> 0x00B5
[9650] [M]: 0x000000008003CE30 (0x00B59593) slli a1, a1, 0xb
x11 <- 0xFFFFFFFFFFFFF800
mem[X,0x000000008003CE34] -> 0x8593
mem[X,0x000000008003CE36] -> 0x2575
[9651] [M]: 0x000000008003CE34 (0x25758593) addi a1, a1, 0x257
x11 <- 0xFFFFFFFFFFFFFA57
mem[X,0x000000008003CE38] -> 0x9593
mem[X,0x000000008003CE3A] -> 0x00B5
[9652] [M]: 0x000000008003CE38 (0x00B59593) slli a1, a1, 0xb
x11 <- 0xFFFFFFFFFFD2B800
mem[X,0x000000008003CE3C] -> 0x8593
mem[X,0x000000008003CE3E] -> 0x6C35
[9653] [M]: 0x000000008003CE3C (0x6C358593) addi a1, a1, 0x6c3
x11 <- 0xFFFFFFFFFFD2BEC3
mem[X,0x000000008003CE40] -> 0x9593
mem[X,0x000000008003CE42] -> 0x00A5
[9654] [M]: 0x000000008003CE40 (0x00A59593) slli a1, a1, 0xa
x11 <- 0xFFFFFFFF4AFB0C00
mem[X,0x000000008003CE44] -> 0x8593
mem[X,0x000000008003CE46] -> 0x0CD5
[9655] [M]: 0x000000008003CE44 (0x0CD58593) addi a1, a1, 0xcd
x11 <- 0xFFFFFFFF4AFB0CCD
mem[X,0x000000008003CE48] -> 0x0113
mem[X,0x000000008003CE4A] -> 0x0000
[9656] [M]: 0x000000008003CE48 (0x00000113) addi sp, zero, 0x0
x2 <- 0x0000000000000000
mem[X,0x000000008003CE4C] -> 0x006F
mem[X,0x000000008003CE4E] -> 0x00C0
[9657] [M]: 0x000000008003CE4C (0x00C0006F) jal zero, 0xc
mem[X,0x000000008003CE58] -> 0x5CE3
mem[X,0x000000008003CE5A] -> 0xFEB5
[9658] [M]: 0x000000008003CE58 (0xFEB55CE3) bge a0, a1, -0x8
mem[X,0x000000008003CE50] -> 0x0113
mem[X,0x000000008003CE52] -> 0x0011
[9659] [M]: 0x000000008003CE50 (0x00110113) addi sp, sp, 0x1
x2 <- 0x0000000000000001
mem[X,0x000000008003CE54] -> 0x006F
mem[X,0x000000008003CE56] -> 0x0180
[9660] [M]: 0x000000008003CE54 (0x0180006F) jal zero, 0x18
mem[X,0x000000008003CE6C] -> 0xBC23
mem[X,0x000000008003CE6E] -> 0x1E20
[9661] [M]: 0x000000008003CE6C (0x1E20BC23) sd sp, 0x1f8(ra)
mem[0x00000000800493C8] <- 0x0000000000000001
mem[X,0x000000008003CE70] -> 0x6537
mem[X,0x000000008003CE72] -> 0x6666
[9662] [M]: 0x000000008003CE70 (0x66666537) lui a0, 0x66666
x10 <- 0x0000000066666000
mem[X,0x000000008003CE74] -> 0x0513
mem[X,0x000000008003CE76] -> 0x6665
[9663] [M]: 0x000000008003CE74 (0x66650513) addi a0, a0, 0x666
x10 <- 0x0000000066666666
mem[X,0x000000008003CE78] -> 0x1513
mem[X,0x000000008003CE7A] -> 0x00B5
[9664] [M]: 0x000000008003CE78 (0x00B51513) slli a0, a0, 0xb
x10 <- 0x0000033333333000
mem[X,0x000000008003CE7C] -> 0x0513
mem[X,0x000000008003CE7E] -> 0x3335
[9665] [M]: 0x000000008003CE7C (0x33350513) addi a0, a0, 0x333
x10 <- 0x0000033333333333
mem[X,0x000000008003CE80] -> 0x1513
mem[X,0x000000008003CE82] -> 0x00B5
[9666] [M]: 0x000000008003CE80 (0x00B51513) slli a0, a0, 0xb
x10 <- 0x0019999999999800
mem[X,0x000000008003CE84] -> 0x0513
mem[X,0x000000008003CE86] -> 0x1995
[9667] [M]: 0x000000008003CE84 (0x19950513) addi a0, a0, 0x199
x10 <- 0x0019999999999999
mem[X,0x000000008003CE88] -> 0x1513
mem[X,0x000000008003CE8A] -> 0x00A5
[9668] [M]: 0x000000008003CE88 (0x00A51513) slli a0, a0, 0xa
x10 <- 0x6666666666666400
mem[X,0x000000008003CE8C] -> 0x0513
mem[X,0x000000008003CE8E] -> 0x2675
[9669] [M]: 0x000000008003CE8C (0x26750513) addi a0, a0, 0x267
x10 <- 0x6666666666666667
mem[X,0x000000008003CE90] -> 0x05B7
mem[X,0x000000008003CE92] -> 0x0000
[9670] [M]: 0x000000008003CE90 (0x000005B7) lui a1, 0x0
x11 <- 0x0000000000000000
mem[X,0x000000008003CE94] -> 0x8593
mem[X,0x000000008003CE96] -> 0x0005
[9671] [M]: 0x000000008003CE94 (0x00058593) addi a1, a1, 0x0
x11 <- 0x0000000000000000
mem[X,0x000000008003CE98] -> 0x9593
mem[X,0x000000008003CE9A] -> 0x00B5
[9672] [M]: 0x000000008003CE98 (0x00B59593) slli a1, a1, 0xb
x11 <- 0x0000000000000000
mem[X,0x000000008003CE9C] -> 0x8593
mem[X,0x000000008003CE9E] -> 0x5A85
[9673] [M]: 0x000000008003CE9C (0x5A858593) addi a1, a1, 0x5a8
x11 <- 0x00000000000005A8
mem[X,0x000000008003CEA0] -> 0x9593
mem[X,0x000000008003CEA2] -> 0x00B5
[9674] [M]: 0x000000008003CEA0 (0x00B59593) slli a1, a1, 0xb
x11 <- 0x00000000002D4000
mem[X,0x000000008003CEA4] -> 0x8593
mem[X,0x000000008003CEA6] -> 0x13C5
[9675] [M]: 0x000000008003CEA4 (0x13C58593) addi a1, a1, 0x13c
x11 <- 0x00000000002D413C
mem[X,0x000000008003CEA8] -> 0x9593
mem[X,0x000000008003CEAA] -> 0x00A5
[9676] [M]: 0x000000008003CEA8 (0x00A59593) slli a1, a1, 0xa
x11 <- 0x00000000B504F000
mem[X,0x000000008003CEAC] -> 0x8593
mem[X,0x000000008003CEAE] -> 0x3335
[9677] [M]: 0x000000008003CEAC (0x33358593) addi a1, a1, 0x333
x11 <- 0x00000000B504F333
mem[X,0x000000008003CEB0] -> 0x0113
mem[X,0x000000008003CEB2] -> 0x0000
[9678] [M]: 0x000000008003CEB0 (0x00000113) addi sp, zero, 0x0
x2 <- 0x0000000000000000
mem[X,0x000000008003CEB4] -> 0x006F
mem[X,0x000000008003CEB6] -> 0x00C0
[9679] [M]: 0x000000008003CEB4 (0x00C0006F) jal zero, 0xc
mem[X,0x000000008003CEC0] -> 0x5863
mem[X,0x000000008003CEC2] -> 0x00B5
[9680] [M]: 0x000000008003CEC0 (0x00B55863) bge a0, a1, 0x10
mem[X,0x000000008003CED0] -> 0x0113
mem[X,0x000000008003CED2] -> 0x0031
[9681] [M]: 0x000000008003CED0 (0x00310113) addi sp, sp, 0x3
x2 <- 0x0000000000000003
mem[X,0x000000008003CED4] -> 0x006F
mem[X,0x000000008003CED6] -> 0x0040
[9682] [M]: 0x000000008003CED4 (0x0040006F) jal zero, 0x4
mem[X,0x000000008003CED8] -> 0xB023
mem[X,0x000000008003CEDA] -> 0x2020
[9683] [M]: 0x000000008003CED8 (0x2020B023) sd sp, 0x200(ra)
mem[0x00000000800493D0] <- 0x0000000000000003
mem[X,0x000000008003CEDC] -> 0x6537
mem[X,0x000000008003CEDE] -> 0x6666
[9684] [M]: 0x000000008003CEDC (0x66666537) lui a0, 0x66666
x10 <- 0x0000000066666000
mem[X,0x000000008003CEE0] -> 0x0513
mem[X,0x000000008003CEE2] -> 0x6665
[9685] [M]: 0x000000008003CEE0 (0x66650513) addi a0, a0, 0x666
x10 <- 0x0000000066666666
mem[X,0x000000008003CEE4] -> 0x1513
mem[X,0x000000008003CEE6] -> 0x00B5
[9686] [M]: 0x000000008003CEE4 (0x00B51513) slli a0, a0, 0xb
x10 <- 0x0000033333333000
mem[X,0x000000008003CEE8] -> 0x0513
mem[X,0x000000008003CEEA] -> 0x3335
[9687] [M]: 0x000000008003CEE8 (0x33350513) addi a0, a0, 0x333
x10 <- 0x0000033333333333
mem[X,0x000000008003CEEC] -> 0x1513
mem[X,0x000000008003CEEE] -> 0x00B5
[9688] [M]: 0x000000008003CEEC (0x00B51513) slli a0, a0, 0xb
x10 <- 0x0019999999999800
mem[X,0x000000008003CEF0] -> 0x0513
mem[X,0x000000008003CEF2] -> 0x1995
[9689] [M]: 0x000000008003CEF0 (0x19950513) addi a0, a0, 0x199
x10 <- 0x0019999999999999
mem[X,0x000000008003CEF4] -> 0x1513
mem[X,0x000000008003CEF6] -> 0x00A5
[9690] [M]: 0x000000008003CEF4 (0x00A51513) slli a0, a0, 0xa
x10 <- 0x6666666666666400
mem[X,0x000000008003CEF8] -> 0x0513
mem[X,0x000000008003CEFA] -> 0x2675
[9691] [M]: 0x000000008003CEF8 (0x26750513) addi a0, a0, 0x267
x10 <- 0x6666666666666667
mem[X,0x000000008003CEFC] -> 0x0593
mem[X,0x000000008003CEFE] -> 0x0020
[9692] [M]: 0x000000008003CEFC (0x00200593) addi a1, zero, 0x2
x11 <- 0x0000000000000002
mem[X,0x000000008003CF00] -> 0x0113
mem[X,0x000000008003CF02] -> 0x0000
[9693] [M]: 0x000000008003CF00 (0x00000113) addi sp, zero, 0x0
x2 <- 0x0000000000000000
mem[X,0x000000008003CF04] -> 0x006F
mem[X,0x000000008003CF06] -> 0x00C0
[9694] [M]: 0x000000008003CF04 (0x00C0006F) jal zero, 0xc
mem[X,0x000000008003CF10] -> 0x5CE3
mem[X,0x000000008003CF12] -> 0xFEB5
[9695] [M]: 0x000000008003CF10 (0xFEB55CE3) bge a0, a1, -0x8
mem[X,0x000000008003CF08] -> 0x0113
mem[X,0x000000008003CF0A] -> 0x0011
[9696] [M]: 0x000000008003CF08 (0x00110113) addi sp, sp, 0x1
x2 <- 0x0000000000000001
mem[X,0x000000008003CF0C] -> 0x006F
mem[X,0x000000008003CF0E] -> 0x0180
[9697] [M]: 0x000000008003CF0C (0x0180006F) jal zero, 0x18
mem[X,0x000000008003CF24] -> 0xB423
mem[X,0x000000008003CF26] -> 0x2020
[9698] [M]: 0x000000008003CF24 (0x2020B423) sd sp, 0x208(ra)
mem[0x00000000800493D8] <- 0x0000000000000001
mem[X,0x000000008003CF28] -> 0x6537
mem[X,0x000000008003CF2A] -> 0x6666
[9699] [M]: 0x000000008003CF28 (0x66666537) lui a0, 0x66666
x10 <- 0x0000000066666000
clint::tick mtime <- 0x0000000000000061
 clint timer pending at mtime 0x0000000000000061
htif::tick 0x0000000000000000
mem[X,0x000000008003CF2C] -> 0x0513
mem[X,0x000000008003CF2E] -> 0x6665
[9700] [M]: 0x000000008003CF2C (0x66650513) addi a0, a0, 0x666
x10 <- 0x0000000066666666
mem[X,0x000000008003CF30] -> 0x1513
mem[X,0x000000008003CF32] -> 0x00B5
[9701] [M]: 0x000000008003CF30 (0x00B51513) slli a0, a0, 0xb
x10 <- 0x0000033333333000
mem[X,0x000000008003CF34] -> 0x0513
mem[X,0x000000008003CF36] -> 0x3335
[9702] [M]: 0x000000008003CF34 (0x33350513) addi a0, a0, 0x333
x10 <- 0x0000033333333333
mem[X,0x000000008003CF38] -> 0x1513
mem[X,0x000000008003CF3A] -> 0x00B5
[9703] [M]: 0x000000008003CF38 (0x00B51513) slli a0, a0, 0xb
x10 <- 0x0019999999999800
mem[X,0x000000008003CF3C] -> 0x0513
mem[X,0x000000008003CF3E] -> 0x1995
[9704] [M]: 0x000000008003CF3C (0x19950513) addi a0, a0, 0x199
x10 <- 0x0019999999999999
mem[X,0x000000008003CF40] -> 0x1513
mem[X,0x000000008003CF42] -> 0x00A5
[9705] [M]: 0x000000008003CF40 (0x00A51513) slli a0, a0, 0xa
x10 <- 0x6666666666666400
mem[X,0x000000008003CF44] -> 0x0513
mem[X,0x000000008003CF46] -> 0x2675
[9706] [M]: 0x000000008003CF44 (0x26750513) addi a0, a0, 0x267
x10 <- 0x6666666666666667
mem[X,0x000000008003CF48] -> 0x55B7
mem[X,0x000000008003CF4A] -> 0x5555
[9707] [M]: 0x000000008003CF48 (0x555555B7) lui a1, 0x55555
x11 <- 0x0000000055555000
mem[X,0x000000008003CF4C] -> 0x8593
mem[X,0x000000008003CF4E] -> 0x5555
[9708] [M]: 0x000000008003CF4C (0x55558593) addi a1, a1, 0x555
x11 <- 0x0000000055555555
mem[X,0x000000008003CF50] -> 0x9593
mem[X,0x000000008003CF52] -> 0x00B5
[9709] [M]: 0x000000008003CF50 (0x00B59593) slli a1, a1, 0xb
x11 <- 0x000002AAAAAAA800
mem[X,0x000000008003CF54] -> 0x8593
mem[X,0x000000008003CF56] -> 0x2AA5
[9710] [M]: 0x000000008003CF54 (0x2AA58593) addi a1, a1, 0x2aa
x11 <- 0x000002AAAAAAAAAA
mem[X,0x000000008003CF58] -> 0x9593
mem[X,0x000000008003CF5A] -> 0x00B5
[9711] [M]: 0x000000008003CF58 (0x00B59593) slli a1, a1, 0xb
x11 <- 0x0015555555555000
mem[X,0x000000008003CF5C] -> 0x8593
mem[X,0x000000008003CF5E] -> 0x5555
[9712] [M]: 0x000000008003CF5C (0x55558593) addi a1, a1, 0x555
x11 <- 0x0015555555555555
mem[X,0x000000008003CF60] -> 0x9593
mem[X,0x000000008003CF62] -> 0x00A5
[9713] [M]: 0x000000008003CF60 (0x00A59593) slli a1, a1, 0xa
x11 <- 0x5555555555555400
mem[X,0x000000008003CF64] -> 0x8593
mem[X,0x000000008003CF66] -> 0x1545
[9714] [M]: 0x000000008003CF64 (0x15458593) addi a1, a1, 0x154
x11 <- 0x5555555555555554
mem[X,0x000000008003CF68] -> 0x0113
mem[X,0x000000008003CF6A] -> 0x0000
[9715] [M]: 0x000000008003CF68 (0x00000113) addi sp, zero, 0x0
x2 <- 0x0000000000000000
mem[X,0x000000008003CF6C] -> 0x006F
mem[X,0x000000008003CF6E] -> 0x00C0
[9716] [M]: 0x000000008003CF6C (0x00C0006F) jal zero, 0xc
mem[X,0x000000008003CF78] -> 0x5063
mem[X,0x000000008003CF7A] -> 0x20B5
[9717] [M]: 0x000000008003CF78 (0x20B55063) bge a0, a1, 0x200
mem[X,0x000000008003D178] -> 0x0113
mem[X,0x000000008003D17A] -> 0x0031
[9718] [M]: 0x000000008003D178 (0x00310113) addi sp, sp, 0x3
x2 <- 0x0000000000000003
mem[X,0x000000008003D17C] -> 0x006F
mem[X,0x000000008003D17E] -> 0x0040
[9719] [M]: 0x000000008003D17C (0x0040006F) jal zero, 0x4
mem[X,0x000000008003D180] -> 0xB823
mem[X,0x000000008003D182] -> 0x2020
[9720] [M]: 0x000000008003D180 (0x2020B823) sd sp, 0x210(ra)
mem[0x00000000800493E0] <- 0x0000000000000003
mem[X,0x000000008003D184] -> 0x6537
mem[X,0x000000008003D186] -> 0x6666
[9721] [M]: 0x000000008003D184 (0x66666537) lui a0, 0x66666
x10 <- 0x0000000066666000
mem[X,0x000000008003D188] -> 0x0513
mem[X,0x000000008003D18A] -> 0x6665
[9722] [M]: 0x000000008003D188 (0x66650513) addi a0, a0, 0x666
x10 <- 0x0000000066666666
mem[X,0x000000008003D18C] -> 0x1513
mem[X,0x000000008003D18E] -> 0x00B5
[9723] [M]: 0x000000008003D18C (0x00B51513) slli a0, a0, 0xb
x10 <- 0x0000033333333000
mem[X,0x000000008003D190] -> 0x0513
mem[X,0x000000008003D192] -> 0x3335
[9724] [M]: 0x000000008003D190 (0x33350513) addi a0, a0, 0x333
x10 <- 0x0000033333333333
mem[X,0x000000008003D194] -> 0x1513
mem[X,0x000000008003D196] -> 0x00B5
[9725] [M]: 0x000000008003D194 (0x00B51513) slli a0, a0, 0xb
x10 <- 0x0019999999999800
mem[X,0x000000008003D198] -> 0x0513
mem[X,0x000000008003D19A] -> 0x1995
[9726] [M]: 0x000000008003D198 (0x19950513) addi a0, a0, 0x199
x10 <- 0x0019999999999999
mem[X,0x000000008003D19C] -> 0x1513
mem[X,0x000000008003D19E] -> 0x00A5
[9727] [M]: 0x000000008003D19C (0x00A51513) slli a0, a0, 0xa
x10 <- 0x6666666666666400
mem[X,0x000000008003D1A0] -> 0x0513
mem[X,0x000000008003D1A2] -> 0x2675
[9728] [M]: 0x000000008003D1A0 (0x26750513) addi a0, a0, 0x267
x10 <- 0x6666666666666667
mem[X,0x000000008003D1A4] -> 0x0593
mem[X,0x000000008003D1A6] -> 0x0000
[9729] [M]: 0x000000008003D1A4 (0x00000593) addi a1, zero, 0x0
x11 <- 0x0000000000000000
mem[X,0x000000008003D1A8] -> 0x0113
mem[X,0x000000008003D1AA] -> 0x0000
[9730] [M]: 0x000000008003D1A8 (0x00000113) addi sp, zero, 0x0
x2 <- 0x0000000000000000
mem[X,0x000000008003D1AC] -> 0x006F
mem[X,0x000000008003D1AE] -> 0x00C0
[9731] [M]: 0x000000008003D1AC (0x00C0006F) jal zero, 0xc
mem[X,0x000000008003D1B8] -> 0x5663
mem[X,0x000000008003D1BA] -> 0x00B5
[9732] [M]: 0x000000008003D1B8 (0x00B55663) bge a0, a1, 0xc
mem[X,0x000000008003D1C4] -> 0x0113
mem[X,0x000000008003D1C6] -> 0x0031
[9733] [M]: 0x000000008003D1C4 (0x00310113) addi sp, sp, 0x3
x2 <- 0x0000000000000003
mem[X,0x000000008003D1C8] -> 0x006F
mem[X,0x000000008003D1CA] -> 0x0040
[9734] [M]: 0x000000008003D1C8 (0x0040006F) jal zero, 0x4
mem[X,0x000000008003D1CC] -> 0xBC23
mem[X,0x000000008003D1CE] -> 0x2020
[9735] [M]: 0x000000008003D1CC (0x2020BC23) sd sp, 0x218(ra)
mem[0x00000000800493E8] <- 0x0000000000000003
mem[X,0x000000008003D1D0] -> 0x6537
mem[X,0x000000008003D1D2] -> 0x6666
[9736] [M]: 0x000000008003D1D0 (0x66666537) lui a0, 0x66666
x10 <- 0x0000000066666000
mem[X,0x000000008003D1D4] -> 0x0513
mem[X,0x000000008003D1D6] -> 0x6665
[9737] [M]: 0x000000008003D1D4 (0x66650513) addi a0, a0, 0x666
x10 <- 0x0000000066666666
mem[X,0x000000008003D1D8] -> 0x1513
mem[X,0x000000008003D1DA] -> 0x00B5
[9738] [M]: 0x000000008003D1D8 (0x00B51513) slli a0, a0, 0xb
x10 <- 0x0000033333333000
mem[X,0x000000008003D1DC] -> 0x0513
mem[X,0x000000008003D1DE] -> 0x3335
[9739] [M]: 0x000000008003D1DC (0x33350513) addi a0, a0, 0x333
x10 <- 0x0000033333333333
mem[X,0x000000008003D1E0] -> 0x1513
mem[X,0x000000008003D1E2] -> 0x00B5
[9740] [M]: 0x000000008003D1E0 (0x00B51513) slli a0, a0, 0xb
x10 <- 0x0019999999999800
mem[X,0x000000008003D1E4] -> 0x0513
mem[X,0x000000008003D1E6] -> 0x1995
[9741] [M]: 0x000000008003D1E4 (0x19950513) addi a0, a0, 0x199
x10 <- 0x0019999999999999
mem[X,0x000000008003D1E8] -> 0x1513
mem[X,0x000000008003D1EA] -> 0x00A5
[9742] [M]: 0x000000008003D1E8 (0x00A51513) slli a0, a0, 0xa
x10 <- 0x6666666666666400
mem[X,0x000000008003D1EC] -> 0x0513
mem[X,0x000000008003D1EE] -> 0x2675
[9743] [M]: 0x000000008003D1EC (0x26750513) addi a0, a0, 0x267
x10 <- 0x6666666666666667
mem[X,0x000000008003D1F0] -> 0x0593
mem[X,0x000000008003D1F2] -> 0x0040
[9744] [M]: 0x000000008003D1F0 (0x00400593) addi a1, zero, 0x4
x11 <- 0x0000000000000004
mem[X,0x000000008003D1F4] -> 0x0113
mem[X,0x000000008003D1F6] -> 0x0000
[9745] [M]: 0x000000008003D1F4 (0x00000113) addi sp, zero, 0x0
x2 <- 0x0000000000000000
mem[X,0x000000008003D1F8] -> 0x006F
mem[X,0x000000008003D1FA] -> 0x00C0
[9746] [M]: 0x000000008003D1F8 (0x00C0006F) jal zero, 0xc
mem[X,0x000000008003D204] -> 0x5CE3
mem[X,0x000000008003D206] -> 0xFEB5
[9747] [M]: 0x000000008003D204 (0xFEB55CE3) bge a0, a1, -0x8
mem[X,0x000000008003D1FC] -> 0x0113
mem[X,0x000000008003D1FE] -> 0x0011
[9748] [M]: 0x000000008003D1FC (0x00110113) addi sp, sp, 0x1
x2 <- 0x0000000000000001
mem[X,0x000000008003D200] -> 0x006F
mem[X,0x000000008003D202] -> 0x0180
[9749] [M]: 0x000000008003D200 (0x0180006F) jal zero, 0x18
mem[X,0x000000008003D218] -> 0xB023
mem[X,0x000000008003D21A] -> 0x2220
[9750] [M]: 0x000000008003D218 (0x2220B023) sd sp, 0x220(ra)
mem[0x00000000800493F0] <- 0x0000000000000001
mem[X,0x000000008003D21C] -> 0x6537
mem[X,0x000000008003D21E] -> 0x6666
[9751] [M]: 0x000000008003D21C (0x66666537) lui a0, 0x66666
x10 <- 0x0000000066666000
mem[X,0x000000008003D220] -> 0x0513
mem[X,0x000000008003D222] -> 0x6665
[9752] [M]: 0x000000008003D220 (0x66650513) addi a0, a0, 0x666
x10 <- 0x0000000066666666
mem[X,0x000000008003D224] -> 0x1513
mem[X,0x000000008003D226] -> 0x00B5
[9753] [M]: 0x000000008003D224 (0x00B51513) slli a0, a0, 0xb
x10 <- 0x0000033333333000
mem[X,0x000000008003D228] -> 0x0513
mem[X,0x000000008003D22A] -> 0x3335
[9754] [M]: 0x000000008003D228 (0x33350513) addi a0, a0, 0x333
x10 <- 0x0000033333333333
mem[X,0x000000008003D22C] -> 0x1513
mem[X,0x000000008003D22E] -> 0x00B5
[9755] [M]: 0x000000008003D22C (0x00B51513) slli a0, a0, 0xb
x10 <- 0x0019999999999800
mem[X,0x000000008003D230] -> 0x0513
mem[X,0x000000008003D232] -> 0x1995
[9756] [M]: 0x000000008003D230 (0x19950513) addi a0, a0, 0x199
x10 <- 0x0019999999999999
mem[X,0x000000008003D234] -> 0x1513
mem[X,0x000000008003D236] -> 0x00A5
[9757] [M]: 0x000000008003D234 (0x00A51513) slli a0, a0, 0xa
x10 <- 0x6666666666666400
mem[X,0x000000008003D238] -> 0x0513
mem[X,0x000000008003D23A] -> 0x2675
[9758] [M]: 0x000000008003D238 (0x26750513) addi a0, a0, 0x267
x10 <- 0x6666666666666667
mem[X,0x000000008003D23C] -> 0x35B7
mem[X,0x000000008003D23E] -> 0x3333
[9759] [M]: 0x000000008003D23C (0x333335B7) lui a1, 0x33333
x11 <- 0x0000000033333000
mem[X,0x000000008003D240] -> 0x8593
mem[X,0x000000008003D242] -> 0x3335
[9760] [M]: 0x000000008003D240 (0x33358593) addi a1, a1, 0x333
x11 <- 0x0000000033333333
mem[X,0x000000008003D244] -> 0x9593
mem[X,0x000000008003D246] -> 0x00B5
[9761] [M]: 0x000000008003D244 (0x00B59593) slli a1, a1, 0xb
x11 <- 0x0000019999999800
mem[X,0x000000008003D248] -> 0x8593
mem[X,0x000000008003D24A] -> 0x1995
[9762] [M]: 0x000000008003D248 (0x19958593) addi a1, a1, 0x199
x11 <- 0x0000019999999999
mem[X,0x000000008003D24C] -> 0x9593
mem[X,0x000000008003D24E] -> 0x00B5
[9763] [M]: 0x000000008003D24C (0x00B59593) slli a1, a1, 0xb
x11 <- 0x000CCCCCCCCCC800
mem[X,0x000000008003D250] -> 0x8593
mem[X,0x000000008003D252] -> 0x4CC5
[9764] [M]: 0x000000008003D250 (0x4CC58593) addi a1, a1, 0x4cc
x11 <- 0x000CCCCCCCCCCCCC
mem[X,0x000000008003D254] -> 0x9593
mem[X,0x000000008003D256] -> 0x00A5
[9765] [M]: 0x000000008003D254 (0x00A59593) slli a1, a1, 0xa
x11 <- 0x3333333333333000
mem[X,0x000000008003D258] -> 0x8593
mem[X,0x000000008003D25A] -> 0x3325
[9766] [M]: 0x000000008003D258 (0x33258593) addi a1, a1, 0x332
x11 <- 0x3333333333333332
mem[X,0x000000008003D25C] -> 0x0113
mem[X,0x000000008003D25E] -> 0x0000
[9767] [M]: 0x000000008003D25C (0x00000113) addi sp, zero, 0x0
x2 <- 0x0000000000000000
mem[X,0x000000008003D260] -> 0x006F
mem[X,0x000000008003D262] -> 0x2B10
[9768] [M]: 0x000000008003D260 (0x2B10006F) jal zero, 0xab0
mem[X,0x000000008003DD10] -> 0x5A63
mem[X,0x000000008003DD12] -> 0xD4B5
[9769] [M]: 0x000000008003DD10 (0xD4B55A63) bge a0, a1, -0xaac
mem[X,0x000000008003D264] -> 0x0113
mem[X,0x000000008003D266] -> 0x0011
[9770] [M]: 0x000000008003D264 (0x00110113) addi sp, sp, 0x1
x2 <- 0x0000000000000001
mem[X,0x000000008003D268] -> 0x006F
mem[X,0x000000008003D26A] -> 0x2BD0
[9771] [M]: 0x000000008003D268 (0x2BD0006F) jal zero, 0xabc
mem[X,0x000000008003DD24] -> 0xB423
mem[X,0x000000008003DD26] -> 0x2220
[9772] [M]: 0x000000008003DD24 (0x2220B423) sd sp, 0x228(ra)
mem[0x00000000800493F8] <- 0x0000000000000001
mem[X,0x000000008003DD28] -> 0x6537
mem[X,0x000000008003DD2A] -> 0x6666
[9773] [M]: 0x000000008003DD28 (0x66666537) lui a0, 0x66666
x10 <- 0x0000000066666000
mem[X,0x000000008003DD2C] -> 0x0513
mem[X,0x000000008003DD2E] -> 0x6665
[9774] [M]: 0x000000008003DD2C (0x66650513) addi a0, a0, 0x666
x10 <- 0x0000000066666666
mem[X,0x000000008003DD30] -> 0x1513
mem[X,0x000000008003DD32] -> 0x00B5
[9775] [M]: 0x000000008003DD30 (0x00B51513) slli a0, a0, 0xb
x10 <- 0x0000033333333000
mem[X,0x000000008003DD34] -> 0x0513
mem[X,0x000000008003DD36] -> 0x3335
[9776] [M]: 0x000000008003DD34 (0x33350513) addi a0, a0, 0x333
x10 <- 0x0000033333333333
mem[X,0x000000008003DD38] -> 0x1513
mem[X,0x000000008003DD3A] -> 0x00B5
[9777] [M]: 0x000000008003DD38 (0x00B51513) slli a0, a0, 0xb
x10 <- 0x0019999999999800
mem[X,0x000000008003DD3C] -> 0x0513
mem[X,0x000000008003DD3E] -> 0x1995
[9778] [M]: 0x000000008003DD3C (0x19950513) addi a0, a0, 0x199
x10 <- 0x0019999999999999
mem[X,0x000000008003DD40] -> 0x1513
mem[X,0x000000008003DD42] -> 0x00A5
[9779] [M]: 0x000000008003DD40 (0x00A51513) slli a0, a0, 0xa
x10 <- 0x6666666666666400
mem[X,0x000000008003DD44] -> 0x0513
mem[X,0x000000008003DD46] -> 0x2675
[9780] [M]: 0x000000008003DD44 (0x26750513) addi a0, a0, 0x267
x10 <- 0x6666666666666667
mem[X,0x000000008003DD48] -> 0x65B7
mem[X,0x000000008003DD4A] -> 0x6666
[9781] [M]: 0x000000008003DD48 (0x666665B7) lui a1, 0x66666
x11 <- 0x0000000066666000
mem[X,0x000000008003DD4C] -> 0x8593
mem[X,0x000000008003DD4E] -> 0x6665
[9782] [M]: 0x000000008003DD4C (0x66658593) addi a1, a1, 0x666
x11 <- 0x0000000066666666
mem[X,0x000000008003DD50] -> 0x9593
mem[X,0x000000008003DD52] -> 0x00B5
[9783] [M]: 0x000000008003DD50 (0x00B59593) slli a1, a1, 0xb
x11 <- 0x0000033333333000
mem[X,0x000000008003DD54] -> 0x8593
mem[X,0x000000008003DD56] -> 0x3335
[9784] [M]: 0x000000008003DD54 (0x33358593) addi a1, a1, 0x333
x11 <- 0x0000033333333333
mem[X,0x000000008003DD58] -> 0x9593
mem[X,0x000000008003DD5A] -> 0x00B5
[9785] [M]: 0x000000008003DD58 (0x00B59593) slli a1, a1, 0xb
x11 <- 0x0019999999999800
mem[X,0x000000008003DD5C] -> 0x8593
mem[X,0x000000008003DD5E] -> 0x1995
[9786] [M]: 0x000000008003DD5C (0x19958593) addi a1, a1, 0x199
x11 <- 0x0019999999999999
mem[X,0x000000008003DD60] -> 0x9593
mem[X,0x000000008003DD62] -> 0x00A5
[9787] [M]: 0x000000008003DD60 (0x00A59593) slli a1, a1, 0xa
x11 <- 0x6666666666666400
mem[X,0x000000008003DD64] -> 0x8593
mem[X,0x000000008003DD66] -> 0x2655
[9788] [M]: 0x000000008003DD64 (0x26558593) addi a1, a1, 0x265
x11 <- 0x6666666666666665
mem[X,0x000000008003DD68] -> 0x0113
mem[X,0x000000008003DD6A] -> 0x0000
[9789] [M]: 0x000000008003DD68 (0x00000113) addi sp, zero, 0x0
x2 <- 0x0000000000000000
mem[X,0x000000008003DD6C] -> 0x006F
mem[X,0x000000008003DD6E] -> 0x00C0
[9790] [M]: 0x000000008003DD6C (0x00C0006F) jal zero, 0xc
mem[X,0x000000008003DD78] -> 0x5CE3
mem[X,0x000000008003DD7A] -> 0xFEB5
[9791] [M]: 0x000000008003DD78 (0xFEB55CE3) bge a0, a1, -0x8
mem[X,0x000000008003DD70] -> 0x0113
mem[X,0x000000008003DD72] -> 0x0011
[9792] [M]: 0x000000008003DD70 (0x00110113) addi sp, sp, 0x1
x2 <- 0x0000000000000001
mem[X,0x000000008003DD74] -> 0x006F
mem[X,0x000000008003DD76] -> 0x0180
[9793] [M]: 0x000000008003DD74 (0x0180006F) jal zero, 0x18
mem[X,0x000000008003DD8C] -> 0xB823
mem[X,0x000000008003DD8E] -> 0x2220
[9794] [M]: 0x000000008003DD8C (0x2220B823) sd sp, 0x230(ra)
mem[0x0000000080049400] <- 0x0000000000000001
mem[X,0x000000008003DD90] -> 0x6537
mem[X,0x000000008003DD92] -> 0x6666
[9795] [M]: 0x000000008003DD90 (0x66666537) lui a0, 0x66666
x10 <- 0x0000000066666000
mem[X,0x000000008003DD94] -> 0x0513
mem[X,0x000000008003DD96] -> 0x6665
[9796] [M]: 0x000000008003DD94 (0x66650513) addi a0, a0, 0x666
x10 <- 0x0000000066666666
mem[X,0x000000008003DD98] -> 0x1513
mem[X,0x000000008003DD9A] -> 0x00B5
[9797] [M]: 0x000000008003DD98 (0x00B51513) slli a0, a0, 0xb
x10 <- 0x0000033333333000
mem[X,0x000000008003DD9C] -> 0x0513
mem[X,0x000000008003DD9E] -> 0x3335
[9798] [M]: 0x000000008003DD9C (0x33350513) addi a0, a0, 0x333
x10 <- 0x0000033333333333
mem[X,0x000000008003DDA0] -> 0x1513
mem[X,0x000000008003DDA2] -> 0x00B5
[9799] [M]: 0x000000008003DDA0 (0x00B51513) slli a0, a0, 0xb
x10 <- 0x0019999999999800
clint::tick mtime <- 0x0000000000000062
 clint timer pending at mtime 0x0000000000000062
htif::tick 0x0000000000000000
mem[X,0x000000008003DDA4] -> 0x0513
mem[X,0x000000008003DDA6] -> 0x1995
[9800] [M]: 0x000000008003DDA4 (0x19950513) addi a0, a0, 0x199
x10 <- 0x0019999999999999
mem[X,0x000000008003DDA8] -> 0x1513
mem[X,0x000000008003DDAA] -> 0x00A5
[9801] [M]: 0x000000008003DDA8 (0x00A51513) slli a0, a0, 0xa
x10 <- 0x6666666666666400
mem[X,0x000000008003DDAC] -> 0x0513
mem[X,0x000000008003DDAE] -> 0x2675
[9802] [M]: 0x000000008003DDAC (0x26750513) addi a0, a0, 0x267
x10 <- 0x6666666666666667
mem[X,0x000000008003DDB0] -> 0x05B7
mem[X,0x000000008003DDB2] -> 0x0000
[9803] [M]: 0x000000008003DDB0 (0x000005B7) lui a1, 0x0
x11 <- 0x0000000000000000
mem[X,0x000000008003DDB4] -> 0x8593
mem[X,0x000000008003DDB6] -> 0x0005
[9804] [M]: 0x000000008003DDB4 (0x00058593) addi a1, a1, 0x0
x11 <- 0x0000000000000000
mem[X,0x000000008003DDB8] -> 0x9593
mem[X,0x000000008003DDBA] -> 0x00B5
[9805] [M]: 0x000000008003DDB8 (0x00B59593) slli a1, a1, 0xb
x11 <- 0x0000000000000000
mem[X,0x000000008003DDBC] -> 0x8593
mem[X,0x000000008003DDBE] -> 0x5A85
[9806] [M]: 0x000000008003DDBC (0x5A858593) addi a1, a1, 0x5a8
x11 <- 0x00000000000005A8
mem[X,0x000000008003DDC0] -> 0x9593
mem[X,0x000000008003DDC2] -> 0x00B5
[9807] [M]: 0x000000008003DDC0 (0x00B59593) slli a1, a1, 0xb
x11 <- 0x00000000002D4000
mem[X,0x000000008003DDC4] -> 0x8593
mem[X,0x000000008003DDC6] -> 0x13C5
[9808] [M]: 0x000000008003DDC4 (0x13C58593) addi a1, a1, 0x13c
x11 <- 0x00000000002D413C
mem[X,0x000000008003DDC8] -> 0x9593
mem[X,0x000000008003DDCA] -> 0x00A5
[9809] [M]: 0x000000008003DDC8 (0x00A59593) slli a1, a1, 0xa
x11 <- 0x00000000B504F000
mem[X,0x000000008003DDCC] -> 0x8593
mem[X,0x000000008003DDCE] -> 0x3325
[9810] [M]: 0x000000008003DDCC (0x33258593) addi a1, a1, 0x332
x11 <- 0x00000000B504F332
mem[X,0x000000008003DDD0] -> 0x0113
mem[X,0x000000008003DDD2] -> 0x0000
[9811] [M]: 0x000000008003DDD0 (0x00000113) addi sp, zero, 0x0
x2 <- 0x0000000000000000
mem[X,0x000000008003DDD4] -> 0x006F
mem[X,0x000000008003DDD6] -> 0x00C0
[9812] [M]: 0x000000008003DDD4 (0x00C0006F) jal zero, 0xc
mem[X,0x000000008003DDE0] -> 0x5663
mem[X,0x000000008003DDE2] -> 0x00B5
[9813] [M]: 0x000000008003DDE0 (0x00B55663) bge a0, a1, 0xc
mem[X,0x000000008003DDEC] -> 0x0113
mem[X,0x000000008003DDEE] -> 0x0031
[9814] [M]: 0x000000008003DDEC (0x00310113) addi sp, sp, 0x3
x2 <- 0x0000000000000003
mem[X,0x000000008003DDF0] -> 0x006F
mem[X,0x000000008003DDF2] -> 0x0040
[9815] [M]: 0x000000008003DDF0 (0x0040006F) jal zero, 0x4
mem[X,0x000000008003DDF4] -> 0xBC23
mem[X,0x000000008003DDF6] -> 0x2220
[9816] [M]: 0x000000008003DDF4 (0x2220BC23) sd sp, 0x238(ra)
mem[0x0000000080049408] <- 0x0000000000000003
mem[X,0x000000008003DDF8] -> 0x6537
mem[X,0x000000008003DDFA] -> 0x6666
[9817] [M]: 0x000000008003DDF8 (0x66666537) lui a0, 0x66666
x10 <- 0x0000000066666000
mem[X,0x000000008003DDFC] -> 0x0513
mem[X,0x000000008003DDFE] -> 0x6665
[9818] [M]: 0x000000008003DDFC (0x66650513) addi a0, a0, 0x666
x10 <- 0x0000000066666666
mem[X,0x000000008003DE00] -> 0x1513
mem[X,0x000000008003DE02] -> 0x00B5
[9819] [M]: 0x000000008003DE00 (0x00B51513) slli a0, a0, 0xb
x10 <- 0x0000033333333000
mem[X,0x000000008003DE04] -> 0x0513
mem[X,0x000000008003DE06] -> 0x3335
[9820] [M]: 0x000000008003DE04 (0x33350513) addi a0, a0, 0x333
x10 <- 0x0000033333333333
mem[X,0x000000008003DE08] -> 0x1513
mem[X,0x000000008003DE0A] -> 0x00B5
[9821] [M]: 0x000000008003DE08 (0x00B51513) slli a0, a0, 0xb
x10 <- 0x0019999999999800
mem[X,0x000000008003DE0C] -> 0x0513
mem[X,0x000000008003DE0E] -> 0x1995
[9822] [M]: 0x000000008003DE0C (0x19950513) addi a0, a0, 0x199
x10 <- 0x0019999999999999
mem[X,0x000000008003DE10] -> 0x1513
mem[X,0x000000008003DE12] -> 0x00A5
[9823] [M]: 0x000000008003DE10 (0x00A51513) slli a0, a0, 0xa
x10 <- 0x6666666666666400
mem[X,0x000000008003DE14] -> 0x0513
mem[X,0x000000008003DE16] -> 0x2675
[9824] [M]: 0x000000008003DE14 (0x26750513) addi a0, a0, 0x267
x10 <- 0x6666666666666667
mem[X,0x000000008003DE18] -> 0x55B7
mem[X,0x000000008003DE1A] -> 0x5555
[9825] [M]: 0x000000008003DE18 (0x555555B7) lui a1, 0x55555
x11 <- 0x0000000055555000
mem[X,0x000000008003DE1C] -> 0x8593
mem[X,0x000000008003DE1E] -> 0x5555
[9826] [M]: 0x000000008003DE1C (0x55558593) addi a1, a1, 0x555
x11 <- 0x0000000055555555
mem[X,0x000000008003DE20] -> 0x9593
mem[X,0x000000008003DE22] -> 0x00B5
[9827] [M]: 0x000000008003DE20 (0x00B59593) slli a1, a1, 0xb
x11 <- 0x000002AAAAAAA800
mem[X,0x000000008003DE24] -> 0x8593
mem[X,0x000000008003DE26] -> 0x2AA5
[9828] [M]: 0x000000008003DE24 (0x2AA58593) addi a1, a1, 0x2aa
x11 <- 0x000002AAAAAAAAAA
mem[X,0x000000008003DE28] -> 0x9593
mem[X,0x000000008003DE2A] -> 0x00B5
[9829] [M]: 0x000000008003DE28 (0x00B59593) slli a1, a1, 0xb
x11 <- 0x0015555555555000
mem[X,0x000000008003DE2C] -> 0x8593
mem[X,0x000000008003DE2E] -> 0x5555
[9830] [M]: 0x000000008003DE2C (0x55558593) addi a1, a1, 0x555
x11 <- 0x0015555555555555
mem[X,0x000000008003DE30] -> 0x9593
mem[X,0x000000008003DE32] -> 0x00A5
[9831] [M]: 0x000000008003DE30 (0x00A59593) slli a1, a1, 0xa
x11 <- 0x5555555555555400
mem[X,0x000000008003DE34] -> 0x8593
mem[X,0x000000008003DE36] -> 0x1565
[9832] [M]: 0x000000008003DE34 (0x15658593) addi a1, a1, 0x156
x11 <- 0x5555555555555556
mem[X,0x000000008003DE38] -> 0x0113
mem[X,0x000000008003DE3A] -> 0x0000
[9833] [M]: 0x000000008003DE38 (0x00000113) addi sp, zero, 0x0
x2 <- 0x0000000000000000
mem[X,0x000000008003DE3C] -> 0x006F
mem[X,0x000000008003DE3E] -> 0x2B10
[9834] [M]: 0x000000008003DE3C (0x2B10006F) jal zero, 0xab0
mem[X,0x000000008003E8EC] -> 0x5A63
mem[X,0x000000008003E8EE] -> 0xD4B5
[9835] [M]: 0x000000008003E8EC (0xD4B55A63) bge a0, a1, -0xaac
mem[X,0x000000008003DE40] -> 0x0113
mem[X,0x000000008003DE42] -> 0x0011
[9836] [M]: 0x000000008003DE40 (0x00110113) addi sp, sp, 0x1
x2 <- 0x0000000000000001
mem[X,0x000000008003DE44] -> 0x006F
mem[X,0x000000008003DE46] -> 0x2BD0
[9837] [M]: 0x000000008003DE44 (0x2BD0006F) jal zero, 0xabc
mem[X,0x000000008003E900] -> 0xB023
mem[X,0x000000008003E902] -> 0x2420
[9838] [M]: 0x000000008003E900 (0x2420B023) sd sp, 0x240(ra)
mem[0x0000000080049410] <- 0x0000000000000001
mem[X,0x000000008003E904] -> 0x6537
mem[X,0x000000008003E906] -> 0x6666
[9839] [M]: 0x000000008003E904 (0x66666537) lui a0, 0x66666
x10 <- 0x0000000066666000
mem[X,0x000000008003E908] -> 0x0513
mem[X,0x000000008003E90A] -> 0x6665
[9840] [M]: 0x000000008003E908 (0x66650513) addi a0, a0, 0x666
x10 <- 0x0000000066666666
mem[X,0x000000008003E90C] -> 0x1513
mem[X,0x000000008003E90E] -> 0x00B5
[9841] [M]: 0x000000008003E90C (0x00B51513) slli a0, a0, 0xb
x10 <- 0x0000033333333000
mem[X,0x000000008003E910] -> 0x0513
mem[X,0x000000008003E912] -> 0x3335
[9842] [M]: 0x000000008003E910 (0x33350513) addi a0, a0, 0x333
x10 <- 0x0000033333333333
mem[X,0x000000008003E914] -> 0x1513
mem[X,0x000000008003E916] -> 0x00B5
[9843] [M]: 0x000000008003E914 (0x00B51513) slli a0, a0, 0xb
x10 <- 0x0019999999999800
mem[X,0x000000008003E918] -> 0x0513
mem[X,0x000000008003E91A] -> 0x1995
[9844] [M]: 0x000000008003E918 (0x19950513) addi a0, a0, 0x199
x10 <- 0x0019999999999999
mem[X,0x000000008003E91C] -> 0x1513
mem[X,0x000000008003E91E] -> 0x00A5
[9845] [M]: 0x000000008003E91C (0x00A51513) slli a0, a0, 0xa
x10 <- 0x6666666666666400
mem[X,0x000000008003E920] -> 0x0513
mem[X,0x000000008003E922] -> 0x2675
[9846] [M]: 0x000000008003E920 (0x26750513) addi a0, a0, 0x267
x10 <- 0x6666666666666667
mem[X,0x000000008003E924] -> 0xB5B7
mem[X,0x000000008003E926] -> 0xAAAA
[9847] [M]: 0x000000008003E924 (0xAAAAB5B7) lui a1, -0x55555
x11 <- 0xFFFFFFFFAAAAB000
mem[X,0x000000008003E928] -> 0x8593
mem[X,0x000000008003E92A] -> 0xAAA5
[9848] [M]: 0x000000008003E928 (0xAAA58593) addi a1, a1, -0x556
x11 <- 0xFFFFFFFFAAAAAAAA
mem[X,0x000000008003E92C] -> 0x9593
mem[X,0x000000008003E92E] -> 0x00B5
[9849] [M]: 0x000000008003E92C (0x00B59593) slli a1, a1, 0xb
x11 <- 0xFFFFFD5555555000
mem[X,0x000000008003E930] -> 0x8593
mem[X,0x000000008003E932] -> 0x5555
[9850] [M]: 0x000000008003E930 (0x55558593) addi a1, a1, 0x555
x11 <- 0xFFFFFD5555555555
mem[X,0x000000008003E934] -> 0x9593
mem[X,0x000000008003E936] -> 0x00B5
[9851] [M]: 0x000000008003E934 (0x00B59593) slli a1, a1, 0xb
x11 <- 0xFFEAAAAAAAAAA800
mem[X,0x000000008003E938] -> 0x8593
mem[X,0x000000008003E93A] -> 0x2AA5
[9852] [M]: 0x000000008003E938 (0x2AA58593) addi a1, a1, 0x2aa
x11 <- 0xFFEAAAAAAAAAAAAA
mem[X,0x000000008003E93C] -> 0x9593
mem[X,0x000000008003E93E] -> 0x00A5
[9853] [M]: 0x000000008003E93C (0x00A59593) slli a1, a1, 0xa
x11 <- 0xAAAAAAAAAAAAA800
mem[X,0x000000008003E940] -> 0x8593
mem[X,0x000000008003E942] -> 0x2AB5
[9854] [M]: 0x000000008003E940 (0x2AB58593) addi a1, a1, 0x2ab
x11 <- 0xAAAAAAAAAAAAAAAB
mem[X,0x000000008003E944] -> 0x0113
mem[X,0x000000008003E946] -> 0x0000
[9855] [M]: 0x000000008003E944 (0x00000113) addi sp, zero, 0x0
x2 <- 0x0000000000000000
mem[X,0x000000008003E948] -> 0x006F
mem[X,0x000000008003E94A] -> 0x00C0
[9856] [M]: 0x000000008003E948 (0x00C0006F) jal zero, 0xc
mem[X,0x000000008003E954] -> 0x5663
mem[X,0x000000008003E956] -> 0x00B5
[9857] [M]: 0x000000008003E954 (0x00B55663) bge a0, a1, 0xc
mem[X,0x000000008003E960] -> 0x0113
mem[X,0x000000008003E962] -> 0x0031
[9858] [M]: 0x000000008003E960 (0x00310113) addi sp, sp, 0x3
x2 <- 0x0000000000000003
mem[X,0x000000008003E964] -> 0x006F
mem[X,0x000000008003E966] -> 0x0040
[9859] [M]: 0x000000008003E964 (0x0040006F) jal zero, 0x4
mem[X,0x000000008003E968] -> 0xB423
mem[X,0x000000008003E96A] -> 0x2420
[9860] [M]: 0x000000008003E968 (0x2420B423) sd sp, 0x248(ra)
mem[0x0000000080049418] <- 0x0000000000000003
mem[X,0x000000008003E96C] -> 0x6537
mem[X,0x000000008003E96E] -> 0x6666
[9861] [M]: 0x000000008003E96C (0x66666537) lui a0, 0x66666
x10 <- 0x0000000066666000
mem[X,0x000000008003E970] -> 0x0513
mem[X,0x000000008003E972] -> 0x6665
[9862] [M]: 0x000000008003E970 (0x66650513) addi a0, a0, 0x666
x10 <- 0x0000000066666666
mem[X,0x000000008003E974] -> 0x1513
mem[X,0x000000008003E976] -> 0x00B5
[9863] [M]: 0x000000008003E974 (0x00B51513) slli a0, a0, 0xb
x10 <- 0x0000033333333000
mem[X,0x000000008003E978] -> 0x0513
mem[X,0x000000008003E97A] -> 0x3335
[9864] [M]: 0x000000008003E978 (0x33350513) addi a0, a0, 0x333
x10 <- 0x0000033333333333
mem[X,0x000000008003E97C] -> 0x1513
mem[X,0x000000008003E97E] -> 0x00B5
[9865] [M]: 0x000000008003E97C (0x00B51513) slli a0, a0, 0xb
x10 <- 0x0019999999999800
mem[X,0x000000008003E980] -> 0x0513
mem[X,0x000000008003E982] -> 0x1995
[9866] [M]: 0x000000008003E980 (0x19950513) addi a0, a0, 0x199
x10 <- 0x0019999999999999
mem[X,0x000000008003E984] -> 0x1513
mem[X,0x000000008003E986] -> 0x00A5
[9867] [M]: 0x000000008003E984 (0x00A51513) slli a0, a0, 0xa
x10 <- 0x6666666666666400
mem[X,0x000000008003E988] -> 0x0513
mem[X,0x000000008003E98A] -> 0x2675
[9868] [M]: 0x000000008003E988 (0x26750513) addi a0, a0, 0x267
x10 <- 0x6666666666666667
mem[X,0x000000008003E98C] -> 0x0593
mem[X,0x000000008003E98E] -> 0x0060
[9869] [M]: 0x000000008003E98C (0x00600593) addi a1, zero, 0x6
x11 <- 0x0000000000000006
mem[X,0x000000008003E990] -> 0x0113
mem[X,0x000000008003E992] -> 0x0000
[9870] [M]: 0x000000008003E990 (0x00000113) addi sp, zero, 0x0
x2 <- 0x0000000000000000
mem[X,0x000000008003E994] -> 0x006F
mem[X,0x000000008003E996] -> 0x00C0
[9871] [M]: 0x000000008003E994 (0x00C0006F) jal zero, 0xc
mem[X,0x000000008003E9A0] -> 0x5063
mem[X,0x000000008003E9A2] -> 0x10B5
[9872] [M]: 0x000000008003E9A0 (0x10B55063) bge a0, a1, 0x100
mem[X,0x000000008003EAA0] -> 0x0113
mem[X,0x000000008003EAA2] -> 0x0031
[9873] [M]: 0x000000008003EAA0 (0x00310113) addi sp, sp, 0x3
x2 <- 0x0000000000000003
mem[X,0x000000008003EAA4] -> 0x006F
mem[X,0x000000008003EAA6] -> 0x0040
[9874] [M]: 0x000000008003EAA4 (0x0040006F) jal zero, 0x4
mem[X,0x000000008003EAA8] -> 0xB823
mem[X,0x000000008003EAAA] -> 0x2420
[9875] [M]: 0x000000008003EAA8 (0x2420B823) sd sp, 0x250(ra)
mem[0x0000000080049420] <- 0x0000000000000003
mem[X,0x000000008003EAAC] -> 0x6537
mem[X,0x000000008003EAAE] -> 0x6666
[9876] [M]: 0x000000008003EAAC (0x66666537) lui a0, 0x66666
x10 <- 0x0000000066666000
mem[X,0x000000008003EAB0] -> 0x0513
mem[X,0x000000008003EAB2] -> 0x6665
[9877] [M]: 0x000000008003EAB0 (0x66650513) addi a0, a0, 0x666
x10 <- 0x0000000066666666
mem[X,0x000000008003EAB4] -> 0x1513
mem[X,0x000000008003EAB6] -> 0x00B5
[9878] [M]: 0x000000008003EAB4 (0x00B51513) slli a0, a0, 0xb
x10 <- 0x0000033333333000
mem[X,0x000000008003EAB8] -> 0x0513
mem[X,0x000000008003EABA] -> 0x3335
[9879] [M]: 0x000000008003EAB8 (0x33350513) addi a0, a0, 0x333
x10 <- 0x0000033333333333
mem[X,0x000000008003EABC] -> 0x1513
mem[X,0x000000008003EABE] -> 0x00B5
[9880] [M]: 0x000000008003EABC (0x00B51513) slli a0, a0, 0xb
x10 <- 0x0019999999999800
mem[X,0x000000008003EAC0] -> 0x0513
mem[X,0x000000008003EAC2] -> 0x1995
[9881] [M]: 0x000000008003EAC0 (0x19950513) addi a0, a0, 0x199
x10 <- 0x0019999999999999
mem[X,0x000000008003EAC4] -> 0x1513
mem[X,0x000000008003EAC6] -> 0x00A5
[9882] [M]: 0x000000008003EAC4 (0x00A51513) slli a0, a0, 0xa
x10 <- 0x6666666666666400
mem[X,0x000000008003EAC8] -> 0x0513
mem[X,0x000000008003EACA] -> 0x2675
[9883] [M]: 0x000000008003EAC8 (0x26750513) addi a0, a0, 0x267
x10 <- 0x6666666666666667
mem[X,0x000000008003EACC] -> 0x35B7
mem[X,0x000000008003EACE] -> 0x3333
[9884] [M]: 0x000000008003EACC (0x333335B7) lui a1, 0x33333
x11 <- 0x0000000033333000
mem[X,0x000000008003EAD0] -> 0x8593
mem[X,0x000000008003EAD2] -> 0x3335
[9885] [M]: 0x000000008003EAD0 (0x33358593) addi a1, a1, 0x333
x11 <- 0x0000000033333333
mem[X,0x000000008003EAD4] -> 0x9593
mem[X,0x000000008003EAD6] -> 0x00B5
[9886] [M]: 0x000000008003EAD4 (0x00B59593) slli a1, a1, 0xb
x11 <- 0x0000019999999800
mem[X,0x000000008003EAD8] -> 0x8593
mem[X,0x000000008003EADA] -> 0x1995
[9887] [M]: 0x000000008003EAD8 (0x19958593) addi a1, a1, 0x199
x11 <- 0x0000019999999999
mem[X,0x000000008003EADC] -> 0x9593
mem[X,0x000000008003EADE] -> 0x00B5
[9888] [M]: 0x000000008003EADC (0x00B59593) slli a1, a1, 0xb
x11 <- 0x000CCCCCCCCCC800
mem[X,0x000000008003EAE0] -> 0x8593
mem[X,0x000000008003EAE2] -> 0x4CC5
[9889] [M]: 0x000000008003EAE0 (0x4CC58593) addi a1, a1, 0x4cc
x11 <- 0x000CCCCCCCCCCCCC
mem[X,0x000000008003EAE4] -> 0x9593
mem[X,0x000000008003EAE6] -> 0x00A5
[9890] [M]: 0x000000008003EAE4 (0x00A59593) slli a1, a1, 0xa
x11 <- 0x3333333333333000
mem[X,0x000000008003EAE8] -> 0x8593
mem[X,0x000000008003EAEA] -> 0x3345
[9891] [M]: 0x000000008003EAE8 (0x33458593) addi a1, a1, 0x334
x11 <- 0x3333333333333334
mem[X,0x000000008003EAEC] -> 0x0113
mem[X,0x000000008003EAEE] -> 0x0000
[9892] [M]: 0x000000008003EAEC (0x00000113) addi sp, zero, 0x0
x2 <- 0x0000000000000000
mem[X,0x000000008003EAF0] -> 0x006F
mem[X,0x000000008003EAF2] -> 0x0100
[9893] [M]: 0x000000008003EAF0 (0x0100006F) jal zero, 0x10
mem[X,0x000000008003EB00] -> 0x5AE3
mem[X,0x000000008003EB02] -> 0xFEB5
[9894] [M]: 0x000000008003EB00 (0xFEB55AE3) bge a0, a1, -0xc
mem[X,0x000000008003EAF4] -> 0x0113
mem[X,0x000000008003EAF6] -> 0x0011
[9895] [M]: 0x000000008003EAF4 (0x00110113) addi sp, sp, 0x1
x2 <- 0x0000000000000001
mem[X,0x000000008003EAF8] -> 0x006F
mem[X,0x000000008003EAFA] -> 0x01C0
[9896] [M]: 0x000000008003EAF8 (0x01C0006F) jal zero, 0x1c
mem[X,0x000000008003EB14] -> 0xBC23
mem[X,0x000000008003EB16] -> 0x2420
[9897] [M]: 0x000000008003EB14 (0x2420BC23) sd sp, 0x258(ra)
mem[0x0000000080049428] <- 0x0000000000000001
mem[X,0x000000008003EB18] -> 0x6537
mem[X,0x000000008003EB1A] -> 0x6666
[9898] [M]: 0x000000008003EB18 (0x66666537) lui a0, 0x66666
x10 <- 0x0000000066666000
mem[X,0x000000008003EB1C] -> 0x0513
mem[X,0x000000008003EB1E] -> 0x6665
[9899] [M]: 0x000000008003EB1C (0x66650513) addi a0, a0, 0x666
x10 <- 0x0000000066666666
clint::tick mtime <- 0x0000000000000063
 clint timer pending at mtime 0x0000000000000063
htif::tick 0x0000000000000000
mem[X,0x000000008003EB20] -> 0x1513
mem[X,0x000000008003EB22] -> 0x00B5
[9900] [M]: 0x000000008003EB20 (0x00B51513) slli a0, a0, 0xb
x10 <- 0x0000033333333000
mem[X,0x000000008003EB24] -> 0x0513
mem[X,0x000000008003EB26] -> 0x3335
[9901] [M]: 0x000000008003EB24 (0x33350513) addi a0, a0, 0x333
x10 <- 0x0000033333333333
mem[X,0x000000008003EB28] -> 0x1513
mem[X,0x000000008003EB2A] -> 0x00B5
[9902] [M]: 0x000000008003EB28 (0x00B51513) slli a0, a0, 0xb
x10 <- 0x0019999999999800
mem[X,0x000000008003EB2C] -> 0x0513
mem[X,0x000000008003EB2E] -> 0x1995
[9903] [M]: 0x000000008003EB2C (0x19950513) addi a0, a0, 0x199
x10 <- 0x0019999999999999
mem[X,0x000000008003EB30] -> 0x1513
mem[X,0x000000008003EB32] -> 0x00A5
[9904] [M]: 0x000000008003EB30 (0x00A51513) slli a0, a0, 0xa
x10 <- 0x6666666666666400
mem[X,0x000000008003EB34] -> 0x0513
mem[X,0x000000008003EB36] -> 0x2675
[9905] [M]: 0x000000008003EB34 (0x26750513) addi a0, a0, 0x267
x10 <- 0x6666666666666667
mem[X,0x000000008003EB38] -> 0x65B7
mem[X,0x000000008003EB3A] -> 0x6666
[9906] [M]: 0x000000008003EB38 (0x666665B7) lui a1, 0x66666
x11 <- 0x0000000066666000
mem[X,0x000000008003EB3C] -> 0x8593
mem[X,0x000000008003EB3E] -> 0x6665
[9907] [M]: 0x000000008003EB3C (0x66658593) addi a1, a1, 0x666
x11 <- 0x0000000066666666
mem[X,0x000000008003EB40] -> 0x9593
mem[X,0x000000008003EB42] -> 0x00B5
[9908] [M]: 0x000000008003EB40 (0x00B59593) slli a1, a1, 0xb
x11 <- 0x0000033333333000
mem[X,0x000000008003EB44] -> 0x8593
mem[X,0x000000008003EB46] -> 0x3335
[9909] [M]: 0x000000008003EB44 (0x33358593) addi a1, a1, 0x333
x11 <- 0x0000033333333333
mem[X,0x000000008003EB48] -> 0x9593
mem[X,0x000000008003EB4A] -> 0x00B5
[9910] [M]: 0x000000008003EB48 (0x00B59593) slli a1, a1, 0xb
x11 <- 0x0019999999999800
mem[X,0x000000008003EB4C] -> 0x8593
mem[X,0x000000008003EB4E] -> 0x1995
[9911] [M]: 0x000000008003EB4C (0x19958593) addi a1, a1, 0x199
x11 <- 0x0019999999999999
mem[X,0x000000008003EB50] -> 0x9593
mem[X,0x000000008003EB52] -> 0x00A5
[9912] [M]: 0x000000008003EB50 (0x00A59593) slli a1, a1, 0xa
x11 <- 0x6666666666666400
mem[X,0x000000008003EB54] -> 0x8593
mem[X,0x000000008003EB56] -> 0x2675
[9913] [M]: 0x000000008003EB54 (0x26758593) addi a1, a1, 0x267
x11 <- 0x6666666666666667
mem[X,0x000000008003EB58] -> 0x0113
mem[X,0x000000008003EB5A] -> 0x0000
[9914] [M]: 0x000000008003EB58 (0x00000113) addi sp, zero, 0x0
x2 <- 0x0000000000000000
mem[X,0x000000008003EB5C] -> 0x006F
mem[X,0x000000008003EB5E] -> 0x0180
[9915] [M]: 0x000000008003EB5C (0x0180006F) jal zero, 0x18
mem[X,0x000000008003EB74] -> 0x56E3
mem[X,0x000000008003EB76] -> 0xFEB5
[9916] [M]: 0x000000008003EB74 (0xFEB556E3) bge a0, a1, -0x14
mem[X,0x000000008003EB60] -> 0x0113
mem[X,0x000000008003EB62] -> 0x0011
[9917] [M]: 0x000000008003EB60 (0x00110113) addi sp, sp, 0x1
x2 <- 0x0000000000000001
mem[X,0x000000008003EB64] -> 0x006F
mem[X,0x000000008003EB66] -> 0x0240
[9918] [M]: 0x000000008003EB64 (0x0240006F) jal zero, 0x24
mem[X,0x000000008003EB88] -> 0xB023
mem[X,0x000000008003EB8A] -> 0x2620
[9919] [M]: 0x000000008003EB88 (0x2620B023) sd sp, 0x260(ra)
mem[0x0000000080049430] <- 0x0000000000000001
mem[X,0x000000008003EB8C] -> 0x6537
mem[X,0x000000008003EB8E] -> 0x6666
[9920] [M]: 0x000000008003EB8C (0x66666537) lui a0, 0x66666
x10 <- 0x0000000066666000
mem[X,0x000000008003EB90] -> 0x0513
mem[X,0x000000008003EB92] -> 0x6665
[9921] [M]: 0x000000008003EB90 (0x66650513) addi a0, a0, 0x666
x10 <- 0x0000000066666666
mem[X,0x000000008003EB94] -> 0x1513
mem[X,0x000000008003EB96] -> 0x00B5
[9922] [M]: 0x000000008003EB94 (0x00B51513) slli a0, a0, 0xb
x10 <- 0x0000033333333000
mem[X,0x000000008003EB98] -> 0x0513
mem[X,0x000000008003EB9A] -> 0x3335
[9923] [M]: 0x000000008003EB98 (0x33350513) addi a0, a0, 0x333
x10 <- 0x0000033333333333
mem[X,0x000000008003EB9C] -> 0x1513
mem[X,0x000000008003EB9E] -> 0x00B5
[9924] [M]: 0x000000008003EB9C (0x00B51513) slli a0, a0, 0xb
x10 <- 0x0019999999999800
mem[X,0x000000008003EBA0] -> 0x0513
mem[X,0x000000008003EBA2] -> 0x1995
[9925] [M]: 0x000000008003EBA0 (0x19950513) addi a0, a0, 0x199
x10 <- 0x0019999999999999
mem[X,0x000000008003EBA4] -> 0x1513
mem[X,0x000000008003EBA6] -> 0x00A5
[9926] [M]: 0x000000008003EBA4 (0x00A51513) slli a0, a0, 0xa
x10 <- 0x6666666666666400
mem[X,0x000000008003EBA8] -> 0x0513
mem[X,0x000000008003EBAA] -> 0x2675
[9927] [M]: 0x000000008003EBA8 (0x26750513) addi a0, a0, 0x267
x10 <- 0x6666666666666667
mem[X,0x000000008003EBAC] -> 0x05B7
mem[X,0x000000008003EBAE] -> 0x0000
[9928] [M]: 0x000000008003EBAC (0x000005B7) lui a1, 0x0
x11 <- 0x0000000000000000
mem[X,0x000000008003EBB0] -> 0x8593
mem[X,0x000000008003EBB2] -> 0xFFF5
[9929] [M]: 0x000000008003EBB0 (0xFFF58593) addi a1, a1, -0x1
x11 <- 0xFFFFFFFFFFFFFFFF
mem[X,0x000000008003EBB4] -> 0x9593
mem[X,0x000000008003EBB6] -> 0x00B5
[9930] [M]: 0x000000008003EBB4 (0x00B59593) slli a1, a1, 0xb
x11 <- 0xFFFFFFFFFFFFF800
mem[X,0x000000008003EBB8] -> 0x8593
mem[X,0x000000008003EBBA] -> 0x2575
[9931] [M]: 0x000000008003EBB8 (0x25758593) addi a1, a1, 0x257
x11 <- 0xFFFFFFFFFFFFFA57
mem[X,0x000000008003EBBC] -> 0x9593
mem[X,0x000000008003EBBE] -> 0x00B5
[9932] [M]: 0x000000008003EBBC (0x00B59593) slli a1, a1, 0xb
x11 <- 0xFFFFFFFFFFD2B800
mem[X,0x000000008003EBC0] -> 0x8593
mem[X,0x000000008003EBC2] -> 0x6C35
[9933] [M]: 0x000000008003EBC0 (0x6C358593) addi a1, a1, 0x6c3
x11 <- 0xFFFFFFFFFFD2BEC3
mem[X,0x000000008003EBC4] -> 0x9593
mem[X,0x000000008003EBC6] -> 0x00A5
[9934] [M]: 0x000000008003EBC4 (0x00A59593) slli a1, a1, 0xa
x11 <- 0xFFFFFFFF4AFB0C00
mem[X,0x000000008003EBC8] -> 0x8593
mem[X,0x000000008003EBCA] -> 0x0CE5
[9935] [M]: 0x000000008003EBC8 (0x0CE58593) addi a1, a1, 0xce
x11 <- 0xFFFFFFFF4AFB0CCE
mem[X,0x000000008003EBCC] -> 0x0113
mem[X,0x000000008003EBCE] -> 0x0000
[9936] [M]: 0x000000008003EBCC (0x00000113) addi sp, zero, 0x0
x2 <- 0x0000000000000000
mem[X,0x000000008003EBD0] -> 0x006F
mem[X,0x000000008003EBD2] -> 0x00C0
[9937] [M]: 0x000000008003EBD0 (0x00C0006F) jal zero, 0xc
mem[X,0x000000008003EBDC] -> 0x5663
mem[X,0x000000008003EBDE] -> 0x00B5
[9938] [M]: 0x000000008003EBDC (0x00B55663) bge a0, a1, 0xc
mem[X,0x000000008003EBE8] -> 0x0113
mem[X,0x000000008003EBEA] -> 0x0031
[9939] [M]: 0x000000008003EBE8 (0x00310113) addi sp, sp, 0x3
x2 <- 0x0000000000000003
mem[X,0x000000008003EBEC] -> 0x006F
mem[X,0x000000008003EBEE] -> 0x0040
[9940] [M]: 0x000000008003EBEC (0x0040006F) jal zero, 0x4
mem[X,0x000000008003EBF0] -> 0xB423
mem[X,0x000000008003EBF2] -> 0x2620
[9941] [M]: 0x000000008003EBF0 (0x2620B423) sd sp, 0x268(ra)
mem[0x0000000080049438] <- 0x0000000000000003
mem[X,0x000000008003EBF4] -> 0x6537
mem[X,0x000000008003EBF6] -> 0x6666
[9942] [M]: 0x000000008003EBF4 (0x66666537) lui a0, 0x66666
x10 <- 0x0000000066666000
mem[X,0x000000008003EBF8] -> 0x0513
mem[X,0x000000008003EBFA] -> 0x6665
[9943] [M]: 0x000000008003EBF8 (0x66650513) addi a0, a0, 0x666
x10 <- 0x0000000066666666
mem[X,0x000000008003EBFC] -> 0x1513
mem[X,0x000000008003EBFE] -> 0x00B5
[9944] [M]: 0x000000008003EBFC (0x00B51513) slli a0, a0, 0xb
x10 <- 0x0000033333333000
mem[X,0x000000008003EC00] -> 0x0513
mem[X,0x000000008003EC02] -> 0x3335
[9945] [M]: 0x000000008003EC00 (0x33350513) addi a0, a0, 0x333
x10 <- 0x0000033333333333
mem[X,0x000000008003EC04] -> 0x1513
mem[X,0x000000008003EC06] -> 0x00B5
[9946] [M]: 0x000000008003EC04 (0x00B51513) slli a0, a0, 0xb
x10 <- 0x0019999999999800
mem[X,0x000000008003EC08] -> 0x0513
mem[X,0x000000008003EC0A] -> 0x1995
[9947] [M]: 0x000000008003EC08 (0x19950513) addi a0, a0, 0x199
x10 <- 0x0019999999999999
mem[X,0x000000008003EC0C] -> 0x1513
mem[X,0x000000008003EC0E] -> 0x00A5
[9948] [M]: 0x000000008003EC0C (0x00A51513) slli a0, a0, 0xa
x10 <- 0x6666666666666400
mem[X,0x000000008003EC10] -> 0x0513
mem[X,0x000000008003EC12] -> 0x2675
[9949] [M]: 0x000000008003EC10 (0x26750513) addi a0, a0, 0x267
x10 <- 0x6666666666666667
mem[X,0x000000008003EC14] -> 0x05B7
mem[X,0x000000008003EC16] -> 0x0000
[9950] [M]: 0x000000008003EC14 (0x000005B7) lui a1, 0x0
x11 <- 0x0000000000000000
mem[X,0x000000008003EC18] -> 0x8593
mem[X,0x000000008003EC1A] -> 0x0005
[9951] [M]: 0x000000008003EC18 (0x00058593) addi a1, a1, 0x0
x11 <- 0x0000000000000000
mem[X,0x000000008003EC1C] -> 0x9593
mem[X,0x000000008003EC1E] -> 0x00B5
[9952] [M]: 0x000000008003EC1C (0x00B59593) slli a1, a1, 0xb
x11 <- 0x0000000000000000
mem[X,0x000000008003EC20] -> 0x8593
mem[X,0x000000008003EC22] -> 0x5A85
[9953] [M]: 0x000000008003EC20 (0x5A858593) addi a1, a1, 0x5a8
x11 <- 0x00000000000005A8
mem[X,0x000000008003EC24] -> 0x9593
mem[X,0x000000008003EC26] -> 0x00B5
[9954] [M]: 0x000000008003EC24 (0x00B59593) slli a1, a1, 0xb
x11 <- 0x00000000002D4000
mem[X,0x000000008003EC28] -> 0x8593
mem[X,0x000000008003EC2A] -> 0x13C5
[9955] [M]: 0x000000008003EC28 (0x13C58593) addi a1, a1, 0x13c
x11 <- 0x00000000002D413C
mem[X,0x000000008003EC2C] -> 0x9593
mem[X,0x000000008003EC2E] -> 0x00A5
[9956] [M]: 0x000000008003EC2C (0x00A59593) slli a1, a1, 0xa
x11 <- 0x00000000B504F000
mem[X,0x000000008003EC30] -> 0x8593
mem[X,0x000000008003EC32] -> 0x3345
[9957] [M]: 0x000000008003EC30 (0x33458593) addi a1, a1, 0x334
x11 <- 0x00000000B504F334
mem[X,0x000000008003EC34] -> 0x0113
mem[X,0x000000008003EC36] -> 0x0000
[9958] [M]: 0x000000008003EC34 (0x00000113) addi sp, zero, 0x0
x2 <- 0x0000000000000000
mem[X,0x000000008003EC38] -> 0x006F
mem[X,0x000000008003EC3A] -> 0x00C0
[9959] [M]: 0x000000008003EC38 (0x00C0006F) jal zero, 0xc
mem[X,0x000000008003EC44] -> 0x5863
mem[X,0x000000008003EC46] -> 0x00B5
[9960] [M]: 0x000000008003EC44 (0x00B55863) bge a0, a1, 0x10
mem[X,0x000000008003EC54] -> 0x0113
mem[X,0x000000008003EC56] -> 0x0031
[9961] [M]: 0x000000008003EC54 (0x00310113) addi sp, sp, 0x3
x2 <- 0x0000000000000003
mem[X,0x000000008003EC58] -> 0x006F
mem[X,0x000000008003EC5A] -> 0x0040
[9962] [M]: 0x000000008003EC58 (0x0040006F) jal zero, 0x4
mem[X,0x000000008003EC5C] -> 0xB823
mem[X,0x000000008003EC5E] -> 0x2620
[9963] [M]: 0x000000008003EC5C (0x2620B823) sd sp, 0x270(ra)
mem[0x0000000080049440] <- 0x0000000000000003
mem[X,0x000000008003EC60] -> 0x0537
mem[X,0x000000008003EC62] -> 0x0000
[9964] [M]: 0x000000008003EC60 (0x00000537) lui a0, 0x0
x10 <- 0x0000000000000000
mem[X,0x000000008003EC64] -> 0x0513
mem[X,0x000000008003EC66] -> 0xFFF5
[9965] [M]: 0x000000008003EC64 (0xFFF50513) addi a0, a0, -0x1
x10 <- 0xFFFFFFFFFFFFFFFF
mem[X,0x000000008003EC68] -> 0x1513
mem[X,0x000000008003EC6A] -> 0x00B5
[9966] [M]: 0x000000008003EC68 (0x00B51513) slli a0, a0, 0xb
x10 <- 0xFFFFFFFFFFFFF800
mem[X,0x000000008003EC6C] -> 0x0513
mem[X,0x000000008003EC6E] -> 0x2575
[9967] [M]: 0x000000008003EC6C (0x25750513) addi a0, a0, 0x257
x10 <- 0xFFFFFFFFFFFFFA57
mem[X,0x000000008003EC70] -> 0x1513
mem[X,0x000000008003EC72] -> 0x00B5
[9968] [M]: 0x000000008003EC70 (0x00B51513) slli a0, a0, 0xb
x10 <- 0xFFFFFFFFFFD2B800
mem[X,0x000000008003EC74] -> 0x0513
mem[X,0x000000008003EC76] -> 0x6C35
[9969] [M]: 0x000000008003EC74 (0x6C350513) addi a0, a0, 0x6c3
x10 <- 0xFFFFFFFFFFD2BEC3
mem[X,0x000000008003EC78] -> 0x1513
mem[X,0x000000008003EC7A] -> 0x00A5
[9970] [M]: 0x000000008003EC78 (0x00A51513) slli a0, a0, 0xa
x10 <- 0xFFFFFFFF4AFB0C00
mem[X,0x000000008003EC7C] -> 0x0513
mem[X,0x000000008003EC7E] -> 0x0CE5
[9971] [M]: 0x000000008003EC7C (0x0CE50513) addi a0, a0, 0xce
x10 <- 0xFFFFFFFF4AFB0CCE
mem[X,0x000000008003EC80] -> 0x0593
mem[X,0x000000008003EC82] -> 0x0030
[9972] [M]: 0x000000008003EC80 (0x00300593) addi a1, zero, 0x3
x11 <- 0x0000000000000003
mem[X,0x000000008003EC84] -> 0x0113
mem[X,0x000000008003EC86] -> 0x0000
[9973] [M]: 0x000000008003EC84 (0x00000113) addi sp, zero, 0x0
x2 <- 0x0000000000000000
mem[X,0x000000008003EC88] -> 0x006F
mem[X,0x000000008003EC8A] -> 0x0180
[9974] [M]: 0x000000008003EC88 (0x0180006F) jal zero, 0x18
mem[X,0x000000008003ECA0] -> 0x56E3
mem[X,0x000000008003ECA2] -> 0xFEB5
[9975] [M]: 0x000000008003ECA0 (0xFEB556E3) bge a0, a1, -0x14
mem[X,0x000000008003ECA4] -> 0x0113
mem[X,0x000000008003ECA6] -> 0x0021
[9976] [M]: 0x000000008003ECA4 (0x00210113) addi sp, sp, 0x2
x2 <- 0x0000000000000002
mem[X,0x000000008003ECA8] -> 0x006F
mem[X,0x000000008003ECAA] -> 0x00C0
[9977] [M]: 0x000000008003ECA8 (0x00C0006F) jal zero, 0xc
mem[X,0x000000008003ECB4] -> 0xBC23
mem[X,0x000000008003ECB6] -> 0x2620
[9978] [M]: 0x000000008003ECB4 (0x2620BC23) sd sp, 0x278(ra)
mem[0x0000000080049448] <- 0x0000000000000002
mem[X,0x000000008003ECB8] -> 0x0537
mem[X,0x000000008003ECBA] -> 0x0000
[9979] [M]: 0x000000008003ECB8 (0x00000537) lui a0, 0x0
x10 <- 0x0000000000000000
mem[X,0x000000008003ECBC] -> 0x0513
mem[X,0x000000008003ECBE] -> 0xFFF5
[9980] [M]: 0x000000008003ECBC (0xFFF50513) addi a0, a0, -0x1
x10 <- 0xFFFFFFFFFFFFFFFF
mem[X,0x000000008003ECC0] -> 0x1513
mem[X,0x000000008003ECC2] -> 0x00B5
[9981] [M]: 0x000000008003ECC0 (0x00B51513) slli a0, a0, 0xb
x10 <- 0xFFFFFFFFFFFFF800
mem[X,0x000000008003ECC4] -> 0x0513
mem[X,0x000000008003ECC6] -> 0x2575
[9982] [M]: 0x000000008003ECC4 (0x25750513) addi a0, a0, 0x257
x10 <- 0xFFFFFFFFFFFFFA57
mem[X,0x000000008003ECC8] -> 0x1513
mem[X,0x000000008003ECCA] -> 0x00B5
[9983] [M]: 0x000000008003ECC8 (0x00B51513) slli a0, a0, 0xb
x10 <- 0xFFFFFFFFFFD2B800
mem[X,0x000000008003ECCC] -> 0x0513
mem[X,0x000000008003ECCE] -> 0x6C35
[9984] [M]: 0x000000008003ECCC (0x6C350513) addi a0, a0, 0x6c3
x10 <- 0xFFFFFFFFFFD2BEC3
mem[X,0x000000008003ECD0] -> 0x1513
mem[X,0x000000008003ECD2] -> 0x00A5
[9985] [M]: 0x000000008003ECD0 (0x00A51513) slli a0, a0, 0xa
x10 <- 0xFFFFFFFF4AFB0C00
mem[X,0x000000008003ECD4] -> 0x0513
mem[X,0x000000008003ECD6] -> 0x0CE5
[9986] [M]: 0x000000008003ECD4 (0x0CE50513) addi a0, a0, 0xce
x10 <- 0xFFFFFFFF4AFB0CCE
mem[X,0x000000008003ECD8] -> 0x55B7
mem[X,0x000000008003ECDA] -> 0x5555
[9987] [M]: 0x000000008003ECD8 (0x555555B7) lui a1, 0x55555
x11 <- 0x0000000055555000
mem[X,0x000000008003ECDC] -> 0x8593
mem[X,0x000000008003ECDE] -> 0x5555
[9988] [M]: 0x000000008003ECDC (0x55558593) addi a1, a1, 0x555
x11 <- 0x0000000055555555
mem[X,0x000000008003ECE0] -> 0x9593
mem[X,0x000000008003ECE2] -> 0x00B5
[9989] [M]: 0x000000008003ECE0 (0x00B59593) slli a1, a1, 0xb
x11 <- 0x000002AAAAAAA800
mem[X,0x000000008003ECE4] -> 0x8593
mem[X,0x000000008003ECE6] -> 0x2AA5
[9990] [M]: 0x000000008003ECE4 (0x2AA58593) addi a1, a1, 0x2aa
x11 <- 0x000002AAAAAAAAAA
mem[X,0x000000008003ECE8] -> 0x9593
mem[X,0x000000008003ECEA] -> 0x00B5
[9991] [M]: 0x000000008003ECE8 (0x00B59593) slli a1, a1, 0xb
x11 <- 0x0015555555555000
mem[X,0x000000008003ECEC] -> 0x8593
mem[X,0x000000008003ECEE] -> 0x5555
[9992] [M]: 0x000000008003ECEC (0x55558593) addi a1, a1, 0x555
x11 <- 0x0015555555555555
mem[X,0x000000008003ECF0] -> 0x9593
mem[X,0x000000008003ECF2] -> 0x00A5
[9993] [M]: 0x000000008003ECF0 (0x00A59593) slli a1, a1, 0xa
x11 <- 0x5555555555555400
mem[X,0x000000008003ECF4] -> 0x8593
mem[X,0x000000008003ECF6] -> 0x1555
[9994] [M]: 0x000000008003ECF4 (0x15558593) addi a1, a1, 0x155
x11 <- 0x5555555555555555
mem[X,0x000000008003ECF8] -> 0x0113
mem[X,0x000000008003ECFA] -> 0x0000
[9995] [M]: 0x000000008003ECF8 (0x00000113) addi sp, zero, 0x0
x2 <- 0x0000000000000000
mem[X,0x000000008003ECFC] -> 0x006F
mem[X,0x000000008003ECFE] -> 0x00C0
[9996] [M]: 0x000000008003ECFC (0x00C0006F) jal zero, 0xc
mem[X,0x000000008003ED08] -> 0x5CE3
mem[X,0x000000008003ED0A] -> 0xFEB5
[9997] [M]: 0x000000008003ED08 (0xFEB55CE3) bge a0, a1, -0x8
mem[X,0x000000008003ED0C] -> 0x0113
mem[X,0x000000008003ED0E] -> 0x0021
[9998] [M]: 0x000000008003ED0C (0x00210113) addi sp, sp, 0x2
x2 <- 0x0000000000000002
mem[X,0x000000008003ED10] -> 0x006F
mem[X,0x000000008003ED12] -> 0x00C0
[9999] [M]: 0x000000008003ED10 (0x00C0006F) jal zero, 0xc
clint::tick mtime <- 0x0000000000000064
 clint timer pending at mtime 0x0000000000000064
htif::tick 0x0000000000000000
mem[X,0x000000008003ED1C] -> 0xB023
mem[X,0x000000008003ED1E] -> 0x2820
[10000] [M]: 0x000000008003ED1C (0x2820B023) sd sp, 0x280(ra)
mem[0x0000000080049450] <- 0x0000000000000002
mem[X,0x000000008003ED20] -> 0x0537
mem[X,0x000000008003ED22] -> 0x0000
[10001] [M]: 0x000000008003ED20 (0x00000537) lui a0, 0x0
x10 <- 0x0000000000000000
mem[X,0x000000008003ED24] -> 0x0513
mem[X,0x000000008003ED26] -> 0xFFF5
[10002] [M]: 0x000000008003ED24 (0xFFF50513) addi a0, a0, -0x1
x10 <- 0xFFFFFFFFFFFFFFFF
mem[X,0x000000008003ED28] -> 0x1513
mem[X,0x000000008003ED2A] -> 0x00B5
[10003] [M]: 0x000000008003ED28 (0x00B51513) slli a0, a0, 0xb
x10 <- 0xFFFFFFFFFFFFF800
mem[X,0x000000008003ED2C] -> 0x0513
mem[X,0x000000008003ED2E] -> 0x2575
[10004] [M]: 0x000000008003ED2C (0x25750513) addi a0, a0, 0x257
x10 <- 0xFFFFFFFFFFFFFA57
mem[X,0x000000008003ED30] -> 0x1513
mem[X,0x000000008003ED32] -> 0x00B5
[10005] [M]: 0x000000008003ED30 (0x00B51513) slli a0, a0, 0xb
x10 <- 0xFFFFFFFFFFD2B800
mem[X,0x000000008003ED34] -> 0x0513
mem[X,0x000000008003ED36] -> 0x6C35
[10006] [M]: 0x000000008003ED34 (0x6C350513) addi a0, a0, 0x6c3
x10 <- 0xFFFFFFFFFFD2BEC3
mem[X,0x000000008003ED38] -> 0x1513
mem[X,0x000000008003ED3A] -> 0x00A5
[10007] [M]: 0x000000008003ED38 (0x00A51513) slli a0, a0, 0xa
x10 <- 0xFFFFFFFF4AFB0C00
mem[X,0x000000008003ED3C] -> 0x0513
mem[X,0x000000008003ED3E] -> 0x0CE5
[10008] [M]: 0x000000008003ED3C (0x0CE50513) addi a0, a0, 0xce
x10 <- 0xFFFFFFFF4AFB0CCE
mem[X,0x000000008003ED40] -> 0xB5B7
mem[X,0x000000008003ED42] -> 0xAAAA
[10009] [M]: 0x000000008003ED40 (0xAAAAB5B7) lui a1, -0x55555
x11 <- 0xFFFFFFFFAAAAB000
mem[X,0x000000008003ED44] -> 0x8593
mem[X,0x000000008003ED46] -> 0xAAA5
[10010] [M]: 0x000000008003ED44 (0xAAA58593) addi a1, a1, -0x556
x11 <- 0xFFFFFFFFAAAAAAAA
mem[X,0x000000008003ED48] -> 0x9593
mem[X,0x000000008003ED4A] -> 0x00B5
[10011] [M]: 0x000000008003ED48 (0x00B59593) slli a1, a1, 0xb
x11 <- 0xFFFFFD5555555000
mem[X,0x000000008003ED4C] -> 0x8593
mem[X,0x000000008003ED4E] -> 0x5555
[10012] [M]: 0x000000008003ED4C (0x55558593) addi a1, a1, 0x555
x11 <- 0xFFFFFD5555555555
mem[X,0x000000008003ED50] -> 0x9593
mem[X,0x000000008003ED52] -> 0x00B5
[10013] [M]: 0x000000008003ED50 (0x00B59593) slli a1, a1, 0xb
x11 <- 0xFFEAAAAAAAAAA800
mem[X,0x000000008003ED54] -> 0x8593
mem[X,0x000000008003ED56] -> 0x2AA5
[10014] [M]: 0x000000008003ED54 (0x2AA58593) addi a1, a1, 0x2aa
x11 <- 0xFFEAAAAAAAAAAAAA
mem[X,0x000000008003ED58] -> 0x9593
mem[X,0x000000008003ED5A] -> 0x00A5
[10015] [M]: 0x000000008003ED58 (0x00A59593) slli a1, a1, 0xa
x11 <- 0xAAAAAAAAAAAAA800
mem[X,0x000000008003ED5C] -> 0x8593
mem[X,0x000000008003ED5E] -> 0x2AA5
[10016] [M]: 0x000000008003ED5C (0x2AA58593) addi a1, a1, 0x2aa
x11 <- 0xAAAAAAAAAAAAAAAA
mem[X,0x000000008003ED60] -> 0x0113
mem[X,0x000000008003ED62] -> 0x0000
[10017] [M]: 0x000000008003ED60 (0x00000113) addi sp, zero, 0x0
x2 <- 0x0000000000000000
mem[X,0x000000008003ED64] -> 0x006F
mem[X,0x000000008003ED66] -> 0x00C0
[10018] [M]: 0x000000008003ED64 (0x00C0006F) jal zero, 0xc
mem[X,0x000000008003ED70] -> 0x5063
mem[X,0x000000008003ED72] -> 0x20B5
[10019] [M]: 0x000000008003ED70 (0x20B55063) bge a0, a1, 0x200
mem[X,0x000000008003EF70] -> 0x0113
mem[X,0x000000008003EF72] -> 0x0031
[10020] [M]: 0x000000008003EF70 (0x00310113) addi sp, sp, 0x3
x2 <- 0x0000000000000003
mem[X,0x000000008003EF74] -> 0x006F
mem[X,0x000000008003EF76] -> 0x0040
[10021] [M]: 0x000000008003EF74 (0x0040006F) jal zero, 0x4
mem[X,0x000000008003EF78] -> 0xB423
mem[X,0x000000008003EF7A] -> 0x2820
[10022] [M]: 0x000000008003EF78 (0x2820B423) sd sp, 0x288(ra)
mem[0x0000000080049458] <- 0x0000000000000003
mem[X,0x000000008003EF7C] -> 0x0537
mem[X,0x000000008003EF7E] -> 0x0000
[10023] [M]: 0x000000008003EF7C (0x00000537) lui a0, 0x0
x10 <- 0x0000000000000000
mem[X,0x000000008003EF80] -> 0x0513
mem[X,0x000000008003EF82] -> 0xFFF5
[10024] [M]: 0x000000008003EF80 (0xFFF50513) addi a0, a0, -0x1
x10 <- 0xFFFFFFFFFFFFFFFF
mem[X,0x000000008003EF84] -> 0x1513
mem[X,0x000000008003EF86] -> 0x00B5
[10025] [M]: 0x000000008003EF84 (0x00B51513) slli a0, a0, 0xb
x10 <- 0xFFFFFFFFFFFFF800
mem[X,0x000000008003EF88] -> 0x0513
mem[X,0x000000008003EF8A] -> 0x2575
[10026] [M]: 0x000000008003EF88 (0x25750513) addi a0, a0, 0x257
x10 <- 0xFFFFFFFFFFFFFA57
mem[X,0x000000008003EF8C] -> 0x1513
mem[X,0x000000008003EF8E] -> 0x00B5
[10027] [M]: 0x000000008003EF8C (0x00B51513) slli a0, a0, 0xb
x10 <- 0xFFFFFFFFFFD2B800
mem[X,0x000000008003EF90] -> 0x0513
mem[X,0x000000008003EF92] -> 0x6C35
[10028] [M]: 0x000000008003EF90 (0x6C350513) addi a0, a0, 0x6c3
x10 <- 0xFFFFFFFFFFD2BEC3
mem[X,0x000000008003EF94] -> 0x1513
mem[X,0x000000008003EF96] -> 0x00A5
[10029] [M]: 0x000000008003EF94 (0x00A51513) slli a0, a0, 0xa
x10 <- 0xFFFFFFFF4AFB0C00
mem[X,0x000000008003EF98] -> 0x0513
mem[X,0x000000008003EF9A] -> 0x0CE5
[10030] [M]: 0x000000008003EF98 (0x0CE50513) addi a0, a0, 0xce
x10 <- 0xFFFFFFFF4AFB0CCE
mem[X,0x000000008003EF9C] -> 0x0593
mem[X,0x000000008003EF9E] -> 0x0050
[10031] [M]: 0x000000008003EF9C (0x00500593) addi a1, zero, 0x5
x11 <- 0x0000000000000005
mem[X,0x000000008003EFA0] -> 0x0113
mem[X,0x000000008003EFA2] -> 0x0000
[10032] [M]: 0x000000008003EFA0 (0x00000113) addi sp, zero, 0x0
x2 <- 0x0000000000000000
mem[X,0x000000008003EFA4] -> 0x006F
mem[X,0x000000008003EFA6] -> 0x00C0
[10033] [M]: 0x000000008003EFA4 (0x00C0006F) jal zero, 0xc
mem[X,0x000000008003EFB0] -> 0x5CE3
mem[X,0x000000008003EFB2] -> 0xFEB5
[10034] [M]: 0x000000008003EFB0 (0xFEB55CE3) bge a0, a1, -0x8
mem[X,0x000000008003EFB4] -> 0x0113
mem[X,0x000000008003EFB6] -> 0x0021
[10035] [M]: 0x000000008003EFB4 (0x00210113) addi sp, sp, 0x2
x2 <- 0x0000000000000002
mem[X,0x000000008003EFB8] -> 0x006F
mem[X,0x000000008003EFBA] -> 0x00C0
[10036] [M]: 0x000000008003EFB8 (0x00C0006F) jal zero, 0xc
mem[X,0x000000008003EFC4] -> 0xB823
mem[X,0x000000008003EFC6] -> 0x2820
[10037] [M]: 0x000000008003EFC4 (0x2820B823) sd sp, 0x290(ra)
mem[0x0000000080049460] <- 0x0000000000000002
mem[X,0x000000008003EFC8] -> 0x0537
mem[X,0x000000008003EFCA] -> 0x0000
[10038] [M]: 0x000000008003EFC8 (0x00000537) lui a0, 0x0
x10 <- 0x0000000000000000
mem[X,0x000000008003EFCC] -> 0x0513
mem[X,0x000000008003EFCE] -> 0xFFF5
[10039] [M]: 0x000000008003EFCC (0xFFF50513) addi a0, a0, -0x1
x10 <- 0xFFFFFFFFFFFFFFFF
mem[X,0x000000008003EFD0] -> 0x1513
mem[X,0x000000008003EFD2] -> 0x00B5
[10040] [M]: 0x000000008003EFD0 (0x00B51513) slli a0, a0, 0xb
x10 <- 0xFFFFFFFFFFFFF800
mem[X,0x000000008003EFD4] -> 0x0513
mem[X,0x000000008003EFD6] -> 0x2575
[10041] [M]: 0x000000008003EFD4 (0x25750513) addi a0, a0, 0x257
x10 <- 0xFFFFFFFFFFFFFA57
mem[X,0x000000008003EFD8] -> 0x1513
mem[X,0x000000008003EFDA] -> 0x00B5
[10042] [M]: 0x000000008003EFD8 (0x00B51513) slli a0, a0, 0xb
x10 <- 0xFFFFFFFFFFD2B800
mem[X,0x000000008003EFDC] -> 0x0513
mem[X,0x000000008003EFDE] -> 0x6C35
[10043] [M]: 0x000000008003EFDC (0x6C350513) addi a0, a0, 0x6c3
x10 <- 0xFFFFFFFFFFD2BEC3
mem[X,0x000000008003EFE0] -> 0x1513
mem[X,0x000000008003EFE2] -> 0x00A5
[10044] [M]: 0x000000008003EFE0 (0x00A51513) slli a0, a0, 0xa
x10 <- 0xFFFFFFFF4AFB0C00
mem[X,0x000000008003EFE4] -> 0x0513
mem[X,0x000000008003EFE6] -> 0x0CE5
[10045] [M]: 0x000000008003EFE4 (0x0CE50513) addi a0, a0, 0xce
x10 <- 0xFFFFFFFF4AFB0CCE
mem[X,0x000000008003EFE8] -> 0x35B7
mem[X,0x000000008003EFEA] -> 0x3333
[10046] [M]: 0x000000008003EFE8 (0x333335B7) lui a1, 0x33333
x11 <- 0x0000000033333000
mem[X,0x000000008003EFEC] -> 0x8593
mem[X,0x000000008003EFEE] -> 0x3335
[10047] [M]: 0x000000008003EFEC (0x33358593) addi a1, a1, 0x333
x11 <- 0x0000000033333333
mem[X,0x000000008003EFF0] -> 0x9593
mem[X,0x000000008003EFF2] -> 0x00B5
[10048] [M]: 0x000000008003EFF0 (0x00B59593) slli a1, a1, 0xb
x11 <- 0x0000019999999800
mem[X,0x000000008003EFF4] -> 0x8593
mem[X,0x000000008003EFF6] -> 0x1995
[10049] [M]: 0x000000008003EFF4 (0x19958593) addi a1, a1, 0x199
x11 <- 0x0000019999999999
mem[X,0x000000008003EFF8] -> 0x9593
mem[X,0x000000008003EFFA] -> 0x00B5
[10050] [M]: 0x000000008003EFF8 (0x00B59593) slli a1, a1, 0xb
x11 <- 0x000CCCCCCCCCC800
mem[X,0x000000008003EFFC] -> 0x8593
mem[X,0x000000008003EFFE] -> 0x4CC5
[10051] [M]: 0x000000008003EFFC (0x4CC58593) addi a1, a1, 0x4cc
x11 <- 0x000CCCCCCCCCCCCC
mem[X,0x000000008003F000] -> 0x9593
mem[X,0x000000008003F002] -> 0x00A5
[10052] [M]: 0x000000008003F000 (0x00A59593) slli a1, a1, 0xa
x11 <- 0x3333333333333000
mem[X,0x000000008003F004] -> 0x8593
mem[X,0x000000008003F006] -> 0x3335
[10053] [M]: 0x000000008003F004 (0x33358593) addi a1, a1, 0x333
x11 <- 0x3333333333333333
mem[X,0x000000008003F008] -> 0x0113
mem[X,0x000000008003F00A] -> 0x0000
[10054] [M]: 0x000000008003F008 (0x00000113) addi sp, zero, 0x0
x2 <- 0x0000000000000000
mem[X,0x000000008003F00C] -> 0x006F
mem[X,0x000000008003F00E] -> 0x00C0
[10055] [M]: 0x000000008003F00C (0x00C0006F) jal zero, 0xc
mem[X,0x000000008003F018] -> 0x5063
mem[X,0x000000008003F01A] -> 0x02B5
[10056] [M]: 0x000000008003F018 (0x02B55063) bge a0, a1, 0x20
mem[X,0x000000008003F01C] -> 0x0113
mem[X,0x000000008003F01E] -> 0x0021
[10057] [M]: 0x000000008003F01C (0x00210113) addi sp, sp, 0x2
x2 <- 0x0000000000000002
mem[X,0x000000008003F020] -> 0x006F
mem[X,0x000000008003F022] -> 0x0200
[10058] [M]: 0x000000008003F020 (0x0200006F) jal zero, 0x20
mem[X,0x000000008003F040] -> 0xBC23
mem[X,0x000000008003F042] -> 0x2820
[10059] [M]: 0x000000008003F040 (0x2820BC23) sd sp, 0x298(ra)
mem[0x0000000080049468] <- 0x0000000000000002
mem[X,0x000000008003F044] -> 0x0537
mem[X,0x000000008003F046] -> 0x0000
[10060] [M]: 0x000000008003F044 (0x00000537) lui a0, 0x0
x10 <- 0x0000000000000000
mem[X,0x000000008003F048] -> 0x0513
mem[X,0x000000008003F04A] -> 0xFFF5
[10061] [M]: 0x000000008003F048 (0xFFF50513) addi a0, a0, -0x1
x10 <- 0xFFFFFFFFFFFFFFFF
mem[X,0x000000008003F04C] -> 0x1513
mem[X,0x000000008003F04E] -> 0x00B5
[10062] [M]: 0x000000008003F04C (0x00B51513) slli a0, a0, 0xb
x10 <- 0xFFFFFFFFFFFFF800
mem[X,0x000000008003F050] -> 0x0513
mem[X,0x000000008003F052] -> 0x2575
[10063] [M]: 0x000000008003F050 (0x25750513) addi a0, a0, 0x257
x10 <- 0xFFFFFFFFFFFFFA57
mem[X,0x000000008003F054] -> 0x1513
mem[X,0x000000008003F056] -> 0x00B5
[10064] [M]: 0x000000008003F054 (0x00B51513) slli a0, a0, 0xb
x10 <- 0xFFFFFFFFFFD2B800
mem[X,0x000000008003F058] -> 0x0513
mem[X,0x000000008003F05A] -> 0x6C35
[10065] [M]: 0x000000008003F058 (0x6C350513) addi a0, a0, 0x6c3
x10 <- 0xFFFFFFFFFFD2BEC3
mem[X,0x000000008003F05C] -> 0x1513
mem[X,0x000000008003F05E] -> 0x00A5
[10066] [M]: 0x000000008003F05C (0x00A51513) slli a0, a0, 0xa
x10 <- 0xFFFFFFFF4AFB0C00
mem[X,0x000000008003F060] -> 0x0513
mem[X,0x000000008003F062] -> 0x0CE5
[10067] [M]: 0x000000008003F060 (0x0CE50513) addi a0, a0, 0xce
x10 <- 0xFFFFFFFF4AFB0CCE
mem[X,0x000000008003F064] -> 0x65B7
mem[X,0x000000008003F066] -> 0x6666
[10068] [M]: 0x000000008003F064 (0x666665B7) lui a1, 0x66666
x11 <- 0x0000000066666000
mem[X,0x000000008003F068] -> 0x8593
mem[X,0x000000008003F06A] -> 0x6665
[10069] [M]: 0x000000008003F068 (0x66658593) addi a1, a1, 0x666
x11 <- 0x0000000066666666
mem[X,0x000000008003F06C] -> 0x9593
mem[X,0x000000008003F06E] -> 0x00B5
[10070] [M]: 0x000000008003F06C (0x00B59593) slli a1, a1, 0xb
x11 <- 0x0000033333333000
mem[X,0x000000008003F070] -> 0x8593
mem[X,0x000000008003F072] -> 0x3335
[10071] [M]: 0x000000008003F070 (0x33358593) addi a1, a1, 0x333
x11 <- 0x0000033333333333
mem[X,0x000000008003F074] -> 0x9593
mem[X,0x000000008003F076] -> 0x00B5
[10072] [M]: 0x000000008003F074 (0x00B59593) slli a1, a1, 0xb
x11 <- 0x0019999999999800
mem[X,0x000000008003F078] -> 0x8593
mem[X,0x000000008003F07A] -> 0x1995
[10073] [M]: 0x000000008003F078 (0x19958593) addi a1, a1, 0x199
x11 <- 0x0019999999999999
mem[X,0x000000008003F07C] -> 0x9593
mem[X,0x000000008003F07E] -> 0x00A5
[10074] [M]: 0x000000008003F07C (0x00A59593) slli a1, a1, 0xa
x11 <- 0x6666666666666400
mem[X,0x000000008003F080] -> 0x8593
mem[X,0x000000008003F082] -> 0x2665
[10075] [M]: 0x000000008003F080 (0x26658593) addi a1, a1, 0x266
x11 <- 0x6666666666666666
mem[X,0x000000008003F084] -> 0x0113
mem[X,0x000000008003F086] -> 0x0000
[10076] [M]: 0x000000008003F084 (0x00000113) addi sp, zero, 0x0
x2 <- 0x0000000000000000
mem[X,0x000000008003F088] -> 0x006F
mem[X,0x000000008003F08A] -> 0x00C0
[10077] [M]: 0x000000008003F088 (0x00C0006F) jal zero, 0xc
mem[X,0x000000008003F094] -> 0x5863
mem[X,0x000000008003F096] -> 0x00B5
[10078] [M]: 0x000000008003F094 (0x00B55863) bge a0, a1, 0x10
mem[X,0x000000008003F098] -> 0x0113
mem[X,0x000000008003F09A] -> 0x0021
[10079] [M]: 0x000000008003F098 (0x00210113) addi sp, sp, 0x2
x2 <- 0x0000000000000002
mem[X,0x000000008003F09C] -> 0x006F
mem[X,0x000000008003F09E] -> 0x0100
[10080] [M]: 0x000000008003F09C (0x0100006F) jal zero, 0x10
mem[X,0x000000008003F0AC] -> 0xB023
mem[X,0x000000008003F0AE] -> 0x2A20
[10081] [M]: 0x000000008003F0AC (0x2A20B023) sd sp, 0x2a0(ra)
mem[0x0000000080049470] <- 0x0000000000000002
mem[X,0x000000008003F0B0] -> 0x0537
mem[X,0x000000008003F0B2] -> 0x0000
[10082] [M]: 0x000000008003F0B0 (0x00000537) lui a0, 0x0
x10 <- 0x0000000000000000
mem[X,0x000000008003F0B4] -> 0x0513
mem[X,0x000000008003F0B6] -> 0xFFF5
[10083] [M]: 0x000000008003F0B4 (0xFFF50513) addi a0, a0, -0x1
x10 <- 0xFFFFFFFFFFFFFFFF
mem[X,0x000000008003F0B8] -> 0x1513
mem[X,0x000000008003F0BA] -> 0x00B5
[10084] [M]: 0x000000008003F0B8 (0x00B51513) slli a0, a0, 0xb
x10 <- 0xFFFFFFFFFFFFF800
mem[X,0x000000008003F0BC] -> 0x0513
mem[X,0x000000008003F0BE] -> 0x2575
[10085] [M]: 0x000000008003F0BC (0x25750513) addi a0, a0, 0x257
x10 <- 0xFFFFFFFFFFFFFA57
mem[X,0x000000008003F0C0] -> 0x1513
mem[X,0x000000008003F0C2] -> 0x00B5
[10086] [M]: 0x000000008003F0C0 (0x00B51513) slli a0, a0, 0xb
x10 <- 0xFFFFFFFFFFD2B800
mem[X,0x000000008003F0C4] -> 0x0513
mem[X,0x000000008003F0C6] -> 0x6C35
[10087] [M]: 0x000000008003F0C4 (0x6C350513) addi a0, a0, 0x6c3
x10 <- 0xFFFFFFFFFFD2BEC3
mem[X,0x000000008003F0C8] -> 0x1513
mem[X,0x000000008003F0CA] -> 0x00A5
[10088] [M]: 0x000000008003F0C8 (0x00A51513) slli a0, a0, 0xa
x10 <- 0xFFFFFFFF4AFB0C00
mem[X,0x000000008003F0CC] -> 0x0513
mem[X,0x000000008003F0CE] -> 0x0CE5
[10089] [M]: 0x000000008003F0CC (0x0CE50513) addi a0, a0, 0xce
x10 <- 0xFFFFFFFF4AFB0CCE
mem[X,0x000000008003F0D0] -> 0x05B7
mem[X,0x000000008003F0D2] -> 0x0000
[10090] [M]: 0x000000008003F0D0 (0x000005B7) lui a1, 0x0
x11 <- 0x0000000000000000
mem[X,0x000000008003F0D4] -> 0x8593
mem[X,0x000000008003F0D6] -> 0xFFF5
[10091] [M]: 0x000000008003F0D4 (0xFFF58593) addi a1, a1, -0x1
x11 <- 0xFFFFFFFFFFFFFFFF
mem[X,0x000000008003F0D8] -> 0x9593
mem[X,0x000000008003F0DA] -> 0x00B5
[10092] [M]: 0x000000008003F0D8 (0x00B59593) slli a1, a1, 0xb
x11 <- 0xFFFFFFFFFFFFF800
mem[X,0x000000008003F0DC] -> 0x8593
mem[X,0x000000008003F0DE] -> 0x2575
[10093] [M]: 0x000000008003F0DC (0x25758593) addi a1, a1, 0x257
x11 <- 0xFFFFFFFFFFFFFA57
mem[X,0x000000008003F0E0] -> 0x9593
mem[X,0x000000008003F0E2] -> 0x00B5
[10094] [M]: 0x000000008003F0E0 (0x00B59593) slli a1, a1, 0xb
x11 <- 0xFFFFFFFFFFD2B800
mem[X,0x000000008003F0E4] -> 0x8593
mem[X,0x000000008003F0E6] -> 0x6C35
[10095] [M]: 0x000000008003F0E4 (0x6C358593) addi a1, a1, 0x6c3
x11 <- 0xFFFFFFFFFFD2BEC3
mem[X,0x000000008003F0E8] -> 0x9593
mem[X,0x000000008003F0EA] -> 0x00A5
[10096] [M]: 0x000000008003F0E8 (0x00A59593) slli a1, a1, 0xa
x11 <- 0xFFFFFFFF4AFB0C00
mem[X,0x000000008003F0EC] -> 0x8593
mem[X,0x000000008003F0EE] -> 0x0CD5
[10097] [M]: 0x000000008003F0EC (0x0CD58593) addi a1, a1, 0xcd
x11 <- 0xFFFFFFFF4AFB0CCD
mem[X,0x000000008003F0F0] -> 0x0113
mem[X,0x000000008003F0F2] -> 0x0000
[10098] [M]: 0x000000008003F0F0 (0x00000113) addi sp, zero, 0x0
x2 <- 0x0000000000000000
mem[X,0x000000008003F0F4] -> 0x006F
mem[X,0x000000008003F0F6] -> 0x00C0
[10099] [M]: 0x000000008003F0F4 (0x00C0006F) jal zero, 0xc
clint::tick mtime <- 0x0000000000000065
 clint timer pending at mtime 0x0000000000000065
htif::tick 0x0000000000000000
mem[X,0x000000008003F100] -> 0x5063
mem[X,0x000000008003F102] -> 0x10B5
[10100] [M]: 0x000000008003F100 (0x10B55063) bge a0, a1, 0x100
mem[X,0x000000008003F200] -> 0x0113
mem[X,0x000000008003F202] -> 0x0031
[10101] [M]: 0x000000008003F200 (0x00310113) addi sp, sp, 0x3
x2 <- 0x0000000000000003
mem[X,0x000000008003F204] -> 0x006F
mem[X,0x000000008003F206] -> 0x0040
[10102] [M]: 0x000000008003F204 (0x0040006F) jal zero, 0x4
mem[X,0x000000008003F208] -> 0xB423
mem[X,0x000000008003F20A] -> 0x2A20
[10103] [M]: 0x000000008003F208 (0x2A20B423) sd sp, 0x2a8(ra)
mem[0x0000000080049478] <- 0x0000000000000003
mem[X,0x000000008003F20C] -> 0x0537
mem[X,0x000000008003F20E] -> 0x0000
[10104] [M]: 0x000000008003F20C (0x00000537) lui a0, 0x0
x10 <- 0x0000000000000000
mem[X,0x000000008003F210] -> 0x0513
mem[X,0x000000008003F212] -> 0xFFF5
[10105] [M]: 0x000000008003F210 (0xFFF50513) addi a0, a0, -0x1
x10 <- 0xFFFFFFFFFFFFFFFF
mem[X,0x000000008003F214] -> 0x1513
mem[X,0x000000008003F216] -> 0x00B5
[10106] [M]: 0x000000008003F214 (0x00B51513) slli a0, a0, 0xb
x10 <- 0xFFFFFFFFFFFFF800
mem[X,0x000000008003F218] -> 0x0513
mem[X,0x000000008003F21A] -> 0x2575
[10107] [M]: 0x000000008003F218 (0x25750513) addi a0, a0, 0x257
x10 <- 0xFFFFFFFFFFFFFA57
mem[X,0x000000008003F21C] -> 0x1513
mem[X,0x000000008003F21E] -> 0x00B5
[10108] [M]: 0x000000008003F21C (0x00B51513) slli a0, a0, 0xb
x10 <- 0xFFFFFFFFFFD2B800
mem[X,0x000000008003F220] -> 0x0513
mem[X,0x000000008003F222] -> 0x6C35
[10109] [M]: 0x000000008003F220 (0x6C350513) addi a0, a0, 0x6c3
x10 <- 0xFFFFFFFFFFD2BEC3
mem[X,0x000000008003F224] -> 0x1513
mem[X,0x000000008003F226] -> 0x00A5
[10110] [M]: 0x000000008003F224 (0x00A51513) slli a0, a0, 0xa
x10 <- 0xFFFFFFFF4AFB0C00
mem[X,0x000000008003F228] -> 0x0513
mem[X,0x000000008003F22A] -> 0x0CE5
[10111] [M]: 0x000000008003F228 (0x0CE50513) addi a0, a0, 0xce
x10 <- 0xFFFFFFFF4AFB0CCE
mem[X,0x000000008003F22C] -> 0x05B7
mem[X,0x000000008003F22E] -> 0x0000
[10112] [M]: 0x000000008003F22C (0x000005B7) lui a1, 0x0
x11 <- 0x0000000000000000
mem[X,0x000000008003F230] -> 0x8593
mem[X,0x000000008003F232] -> 0x0005
[10113] [M]: 0x000000008003F230 (0x00058593) addi a1, a1, 0x0
x11 <- 0x0000000000000000
mem[X,0x000000008003F234] -> 0x9593
mem[X,0x000000008003F236] -> 0x00B5
[10114] [M]: 0x000000008003F234 (0x00B59593) slli a1, a1, 0xb
x11 <- 0x0000000000000000
mem[X,0x000000008003F238] -> 0x8593
mem[X,0x000000008003F23A] -> 0x5A85
[10115] [M]: 0x000000008003F238 (0x5A858593) addi a1, a1, 0x5a8
x11 <- 0x00000000000005A8
mem[X,0x000000008003F23C] -> 0x9593
mem[X,0x000000008003F23E] -> 0x00B5
[10116] [M]: 0x000000008003F23C (0x00B59593) slli a1, a1, 0xb
x11 <- 0x00000000002D4000
mem[X,0x000000008003F240] -> 0x8593
mem[X,0x000000008003F242] -> 0x13C5
[10117] [M]: 0x000000008003F240 (0x13C58593) addi a1, a1, 0x13c
x11 <- 0x00000000002D413C
mem[X,0x000000008003F244] -> 0x9593
mem[X,0x000000008003F246] -> 0x00A5
[10118] [M]: 0x000000008003F244 (0x00A59593) slli a1, a1, 0xa
x11 <- 0x00000000B504F000
mem[X,0x000000008003F248] -> 0x8593
mem[X,0x000000008003F24A] -> 0x3335
[10119] [M]: 0x000000008003F248 (0x33358593) addi a1, a1, 0x333
x11 <- 0x00000000B504F333
mem[X,0x000000008003F24C] -> 0x0113
mem[X,0x000000008003F24E] -> 0x0000
[10120] [M]: 0x000000008003F24C (0x00000113) addi sp, zero, 0x0
x2 <- 0x0000000000000000
mem[X,0x000000008003F250] -> 0x006F
mem[X,0x000000008003F252] -> 0x00C0
[10121] [M]: 0x000000008003F250 (0x00C0006F) jal zero, 0xc
mem[X,0x000000008003F25C] -> 0x5663
mem[X,0x000000008003F25E] -> 0x00B5
[10122] [M]: 0x000000008003F25C (0x00B55663) bge a0, a1, 0xc
mem[X,0x000000008003F260] -> 0x0113
mem[X,0x000000008003F262] -> 0x0021
[10123] [M]: 0x000000008003F260 (0x00210113) addi sp, sp, 0x2
x2 <- 0x0000000000000002
mem[X,0x000000008003F264] -> 0x006F
mem[X,0x000000008003F266] -> 0x00C0
[10124] [M]: 0x000000008003F264 (0x00C0006F) jal zero, 0xc
mem[X,0x000000008003F270] -> 0xB823
mem[X,0x000000008003F272] -> 0x2A20
[10125] [M]: 0x000000008003F270 (0x2A20B823) sd sp, 0x2b0(ra)
mem[0x0000000080049480] <- 0x0000000000000002
mem[X,0x000000008003F274] -> 0x0537
mem[X,0x000000008003F276] -> 0x0000
[10126] [M]: 0x000000008003F274 (0x00000537) lui a0, 0x0
x10 <- 0x0000000000000000
mem[X,0x000000008003F278] -> 0x0513
mem[X,0x000000008003F27A] -> 0xFFF5
[10127] [M]: 0x000000008003F278 (0xFFF50513) addi a0, a0, -0x1
x10 <- 0xFFFFFFFFFFFFFFFF
mem[X,0x000000008003F27C] -> 0x1513
mem[X,0x000000008003F27E] -> 0x00B5
[10128] [M]: 0x000000008003F27C (0x00B51513) slli a0, a0, 0xb
x10 <- 0xFFFFFFFFFFFFF800
mem[X,0x000000008003F280] -> 0x0513
mem[X,0x000000008003F282] -> 0x2575
[10129] [M]: 0x000000008003F280 (0x25750513) addi a0, a0, 0x257
x10 <- 0xFFFFFFFFFFFFFA57
mem[X,0x000000008003F284] -> 0x1513
mem[X,0x000000008003F286] -> 0x00B5
[10130] [M]: 0x000000008003F284 (0x00B51513) slli a0, a0, 0xb
x10 <- 0xFFFFFFFFFFD2B800
mem[X,0x000000008003F288] -> 0x0513
mem[X,0x000000008003F28A] -> 0x6C35
[10131] [M]: 0x000000008003F288 (0x6C350513) addi a0, a0, 0x6c3
x10 <- 0xFFFFFFFFFFD2BEC3
mem[X,0x000000008003F28C] -> 0x1513
mem[X,0x000000008003F28E] -> 0x00A5
[10132] [M]: 0x000000008003F28C (0x00A51513) slli a0, a0, 0xa
x10 <- 0xFFFFFFFF4AFB0C00
mem[X,0x000000008003F290] -> 0x0513
mem[X,0x000000008003F292] -> 0x0CE5
[10133] [M]: 0x000000008003F290 (0x0CE50513) addi a0, a0, 0xce
x10 <- 0xFFFFFFFF4AFB0CCE
mem[X,0x000000008003F294] -> 0x0593
mem[X,0x000000008003F296] -> 0x0020
[10134] [M]: 0x000000008003F294 (0x00200593) addi a1, zero, 0x2
x11 <- 0x0000000000000002
mem[X,0x000000008003F298] -> 0x0113
mem[X,0x000000008003F29A] -> 0x0000
[10135] [M]: 0x000000008003F298 (0x00000113) addi sp, zero, 0x0
x2 <- 0x0000000000000000
mem[X,0x000000008003F29C] -> 0x006F
mem[X,0x000000008003F29E] -> 0x0100
[10136] [M]: 0x000000008003F29C (0x0100006F) jal zero, 0x10
mem[X,0x000000008003F2AC] -> 0x5AE3
mem[X,0x000000008003F2AE] -> 0xFEB5
[10137] [M]: 0x000000008003F2AC (0xFEB55AE3) bge a0, a1, -0xc
mem[X,0x000000008003F2B0] -> 0x0113
mem[X,0x000000008003F2B2] -> 0x0021
[10138] [M]: 0x000000008003F2B0 (0x00210113) addi sp, sp, 0x2
x2 <- 0x0000000000000002
mem[X,0x000000008003F2B4] -> 0x006F
mem[X,0x000000008003F2B6] -> 0x00C0
[10139] [M]: 0x000000008003F2B4 (0x00C0006F) jal zero, 0xc
mem[X,0x000000008003F2C0] -> 0xBC23
mem[X,0x000000008003F2C2] -> 0x2A20
[10140] [M]: 0x000000008003F2C0 (0x2A20BC23) sd sp, 0x2b8(ra)
mem[0x0000000080049488] <- 0x0000000000000002
mem[X,0x000000008003F2C4] -> 0x0537
mem[X,0x000000008003F2C6] -> 0x0000
[10141] [M]: 0x000000008003F2C4 (0x00000537) lui a0, 0x0
x10 <- 0x0000000000000000
mem[X,0x000000008003F2C8] -> 0x0513
mem[X,0x000000008003F2CA] -> 0xFFF5
[10142] [M]: 0x000000008003F2C8 (0xFFF50513) addi a0, a0, -0x1
x10 <- 0xFFFFFFFFFFFFFFFF
mem[X,0x000000008003F2CC] -> 0x1513
mem[X,0x000000008003F2CE] -> 0x00B5
[10143] [M]: 0x000000008003F2CC (0x00B51513) slli a0, a0, 0xb
x10 <- 0xFFFFFFFFFFFFF800
mem[X,0x000000008003F2D0] -> 0x0513
mem[X,0x000000008003F2D2] -> 0x2575
[10144] [M]: 0x000000008003F2D0 (0x25750513) addi a0, a0, 0x257
x10 <- 0xFFFFFFFFFFFFFA57
mem[X,0x000000008003F2D4] -> 0x1513
mem[X,0x000000008003F2D6] -> 0x00B5
[10145] [M]: 0x000000008003F2D4 (0x00B51513) slli a0, a0, 0xb
x10 <- 0xFFFFFFFFFFD2B800
mem[X,0x000000008003F2D8] -> 0x0513
mem[X,0x000000008003F2DA] -> 0x6C35
[10146] [M]: 0x000000008003F2D8 (0x6C350513) addi a0, a0, 0x6c3
x10 <- 0xFFFFFFFFFFD2BEC3
mem[X,0x000000008003F2DC] -> 0x1513
mem[X,0x000000008003F2DE] -> 0x00A5
[10147] [M]: 0x000000008003F2DC (0x00A51513) slli a0, a0, 0xa
x10 <- 0xFFFFFFFF4AFB0C00
mem[X,0x000000008003F2E0] -> 0x0513
mem[X,0x000000008003F2E2] -> 0x0CE5
[10148] [M]: 0x000000008003F2E0 (0x0CE50513) addi a0, a0, 0xce
x10 <- 0xFFFFFFFF4AFB0CCE
mem[X,0x000000008003F2E4] -> 0x55B7
mem[X,0x000000008003F2E6] -> 0x5555
[10149] [M]: 0x000000008003F2E4 (0x555555B7) lui a1, 0x55555
x11 <- 0x0000000055555000
mem[X,0x000000008003F2E8] -> 0x8593
mem[X,0x000000008003F2EA] -> 0x5555
[10150] [M]: 0x000000008003F2E8 (0x55558593) addi a1, a1, 0x555
x11 <- 0x0000000055555555
mem[X,0x000000008003F2EC] -> 0x9593
mem[X,0x000000008003F2EE] -> 0x00B5
[10151] [M]: 0x000000008003F2EC (0x00B59593) slli a1, a1, 0xb
x11 <- 0x000002AAAAAAA800
mem[X,0x000000008003F2F0] -> 0x8593
mem[X,0x000000008003F2F2] -> 0x2AA5
[10152] [M]: 0x000000008003F2F0 (0x2AA58593) addi a1, a1, 0x2aa
x11 <- 0x000002AAAAAAAAAA
mem[X,0x000000008003F2F4] -> 0x9593
mem[X,0x000000008003F2F6] -> 0x00B5
[10153] [M]: 0x000000008003F2F4 (0x00B59593) slli a1, a1, 0xb
x11 <- 0x0015555555555000
mem[X,0x000000008003F2F8] -> 0x8593
mem[X,0x000000008003F2FA] -> 0x5555
[10154] [M]: 0x000000008003F2F8 (0x55558593) addi a1, a1, 0x555
x11 <- 0x0015555555555555
mem[X,0x000000008003F2FC] -> 0x9593
mem[X,0x000000008003F2FE] -> 0x00A5
[10155] [M]: 0x000000008003F2FC (0x00A59593) slli a1, a1, 0xa
x11 <- 0x5555555555555400
mem[X,0x000000008003F300] -> 0x8593
mem[X,0x000000008003F302] -> 0x1545
[10156] [M]: 0x000000008003F300 (0x15458593) addi a1, a1, 0x154
x11 <- 0x5555555555555554
mem[X,0x000000008003F304] -> 0x0113
mem[X,0x000000008003F306] -> 0x0000
[10157] [M]: 0x000000008003F304 (0x00000113) addi sp, zero, 0x0
x2 <- 0x0000000000000000
mem[X,0x000000008003F308] -> 0x006F
mem[X,0x000000008003F30A] -> 0x0050
[10158] [M]: 0x000000008003F308 (0x0050006F) jal zero, 0x804
mem[X,0x000000008003FB0C] -> 0x50E3
mem[X,0x000000008003FB0E] -> 0x80B5
[10159] [M]: 0x000000008003FB0C (0x80B550E3) bge a0, a1, -0x800
mem[X,0x000000008003FB10] -> 0x0113
mem[X,0x000000008003FB12] -> 0x0021
[10160] [M]: 0x000000008003FB10 (0x00210113) addi sp, sp, 0x2
x2 <- 0x0000000000000002
mem[X,0x000000008003FB14] -> 0x006F
mem[X,0x000000008003FB16] -> 0x00C0
[10161] [M]: 0x000000008003FB14 (0x00C0006F) jal zero, 0xc
mem[X,0x000000008003FB20] -> 0xB023
mem[X,0x000000008003FB22] -> 0x2C20
[10162] [M]: 0x000000008003FB20 (0x2C20B023) sd sp, 0x2c0(ra)
mem[0x0000000080049490] <- 0x0000000000000002
mem[X,0x000000008003FB24] -> 0x0537
mem[X,0x000000008003FB26] -> 0x0000
[10163] [M]: 0x000000008003FB24 (0x00000537) lui a0, 0x0
x10 <- 0x0000000000000000
mem[X,0x000000008003FB28] -> 0x0513
mem[X,0x000000008003FB2A] -> 0xFFF5
[10164] [M]: 0x000000008003FB28 (0xFFF50513) addi a0, a0, -0x1
x10 <- 0xFFFFFFFFFFFFFFFF
mem[X,0x000000008003FB2C] -> 0x1513
mem[X,0x000000008003FB2E] -> 0x00B5
[10165] [M]: 0x000000008003FB2C (0x00B51513) slli a0, a0, 0xb
x10 <- 0xFFFFFFFFFFFFF800
mem[X,0x000000008003FB30] -> 0x0513
mem[X,0x000000008003FB32] -> 0x2575
[10166] [M]: 0x000000008003FB30 (0x25750513) addi a0, a0, 0x257
x10 <- 0xFFFFFFFFFFFFFA57
mem[X,0x000000008003FB34] -> 0x1513
mem[X,0x000000008003FB36] -> 0x00B5
[10167] [M]: 0x000000008003FB34 (0x00B51513) slli a0, a0, 0xb
x10 <- 0xFFFFFFFFFFD2B800
mem[X,0x000000008003FB38] -> 0x0513
mem[X,0x000000008003FB3A] -> 0x6C35
[10168] [M]: 0x000000008003FB38 (0x6C350513) addi a0, a0, 0x6c3
x10 <- 0xFFFFFFFFFFD2BEC3
mem[X,0x000000008003FB3C] -> 0x1513
mem[X,0x000000008003FB3E] -> 0x00A5
[10169] [M]: 0x000000008003FB3C (0x00A51513) slli a0, a0, 0xa
x10 <- 0xFFFFFFFF4AFB0C00
mem[X,0x000000008003FB40] -> 0x0513
mem[X,0x000000008003FB42] -> 0x0CE5
[10170] [M]: 0x000000008003FB40 (0x0CE50513) addi a0, a0, 0xce
x10 <- 0xFFFFFFFF4AFB0CCE
mem[X,0x000000008003FB44] -> 0x0593
mem[X,0x000000008003FB46] -> 0x0000
[10171] [M]: 0x000000008003FB44 (0x00000593) addi a1, zero, 0x0
x11 <- 0x0000000000000000
mem[X,0x000000008003FB48] -> 0x0113
mem[X,0x000000008003FB4A] -> 0x0000
[10172] [M]: 0x000000008003FB48 (0x00000113) addi sp, zero, 0x0
x2 <- 0x0000000000000000
mem[X,0x000000008003FB4C] -> 0x006F
mem[X,0x000000008003FB4E] -> 0x00C0
[10173] [M]: 0x000000008003FB4C (0x00C0006F) jal zero, 0xc
mem[X,0x000000008003FB58] -> 0x5663
mem[X,0x000000008003FB5A] -> 0x00B5
[10174] [M]: 0x000000008003FB58 (0x00B55663) bge a0, a1, 0xc
mem[X,0x000000008003FB5C] -> 0x0113
mem[X,0x000000008003FB5E] -> 0x0021
[10175] [M]: 0x000000008003FB5C (0x00210113) addi sp, sp, 0x2
x2 <- 0x0000000000000002
mem[X,0x000000008003FB60] -> 0x006F
mem[X,0x000000008003FB62] -> 0x00C0
[10176] [M]: 0x000000008003FB60 (0x00C0006F) jal zero, 0xc
mem[X,0x000000008003FB6C] -> 0xB423
mem[X,0x000000008003FB6E] -> 0x2C20
[10177] [M]: 0x000000008003FB6C (0x2C20B423) sd sp, 0x2c8(ra)
mem[0x0000000080049498] <- 0x0000000000000002
mem[X,0x000000008003FB70] -> 0x0537
mem[X,0x000000008003FB72] -> 0x0000
[10178] [M]: 0x000000008003FB70 (0x00000537) lui a0, 0x0
x10 <- 0x0000000000000000
mem[X,0x000000008003FB74] -> 0x0513
mem[X,0x000000008003FB76] -> 0xFFF5
[10179] [M]: 0x000000008003FB74 (0xFFF50513) addi a0, a0, -0x1
x10 <- 0xFFFFFFFFFFFFFFFF
mem[X,0x000000008003FB78] -> 0x1513
mem[X,0x000000008003FB7A] -> 0x00B5
[10180] [M]: 0x000000008003FB78 (0x00B51513) slli a0, a0, 0xb
x10 <- 0xFFFFFFFFFFFFF800
mem[X,0x000000008003FB7C] -> 0x0513
mem[X,0x000000008003FB7E] -> 0x2575
[10181] [M]: 0x000000008003FB7C (0x25750513) addi a0, a0, 0x257
x10 <- 0xFFFFFFFFFFFFFA57
mem[X,0x000000008003FB80] -> 0x1513
mem[X,0x000000008003FB82] -> 0x00B5
[10182] [M]: 0x000000008003FB80 (0x00B51513) slli a0, a0, 0xb
x10 <- 0xFFFFFFFFFFD2B800
mem[X,0x000000008003FB84] -> 0x0513
mem[X,0x000000008003FB86] -> 0x6C35
[10183] [M]: 0x000000008003FB84 (0x6C350513) addi a0, a0, 0x6c3
x10 <- 0xFFFFFFFFFFD2BEC3
mem[X,0x000000008003FB88] -> 0x1513
mem[X,0x000000008003FB8A] -> 0x00A5
[10184] [M]: 0x000000008003FB88 (0x00A51513) slli a0, a0, 0xa
x10 <- 0xFFFFFFFF4AFB0C00
mem[X,0x000000008003FB8C] -> 0x0513
mem[X,0x000000008003FB8E] -> 0x0CE5
[10185] [M]: 0x000000008003FB8C (0x0CE50513) addi a0, a0, 0xce
x10 <- 0xFFFFFFFF4AFB0CCE
mem[X,0x000000008003FB90] -> 0x0593
mem[X,0x000000008003FB92] -> 0x0040
[10186] [M]: 0x000000008003FB90 (0x00400593) addi a1, zero, 0x4
x11 <- 0x0000000000000004
mem[X,0x000000008003FB94] -> 0x0113
mem[X,0x000000008003FB96] -> 0x0000
[10187] [M]: 0x000000008003FB94 (0x00000113) addi sp, zero, 0x0
x2 <- 0x0000000000000000
mem[X,0x000000008003FB98] -> 0x006F
mem[X,0x000000008003FB9A] -> 0x0180
[10188] [M]: 0x000000008003FB98 (0x0180006F) jal zero, 0x18
mem[X,0x000000008003FBB0] -> 0x56E3
mem[X,0x000000008003FBB2] -> 0xFEB5
[10189] [M]: 0x000000008003FBB0 (0xFEB556E3) bge a0, a1, -0x14
mem[X,0x000000008003FBB4] -> 0x0113
mem[X,0x000000008003FBB6] -> 0x0021
[10190] [M]: 0x000000008003FBB4 (0x00210113) addi sp, sp, 0x2
x2 <- 0x0000000000000002
mem[X,0x000000008003FBB8] -> 0x006F
mem[X,0x000000008003FBBA] -> 0x00C0
[10191] [M]: 0x000000008003FBB8 (0x00C0006F) jal zero, 0xc
mem[X,0x000000008003FBC4] -> 0xB823
mem[X,0x000000008003FBC6] -> 0x2C20
[10192] [M]: 0x000000008003FBC4 (0x2C20B823) sd sp, 0x2d0(ra)
mem[0x00000000800494A0] <- 0x0000000000000002
mem[X,0x000000008003FBC8] -> 0x0537
mem[X,0x000000008003FBCA] -> 0x0000
[10193] [M]: 0x000000008003FBC8 (0x00000537) lui a0, 0x0
x10 <- 0x0000000000000000
mem[X,0x000000008003FBCC] -> 0x0513
mem[X,0x000000008003FBCE] -> 0xFFF5
[10194] [M]: 0x000000008003FBCC (0xFFF50513) addi a0, a0, -0x1
x10 <- 0xFFFFFFFFFFFFFFFF
mem[X,0x000000008003FBD0] -> 0x1513
mem[X,0x000000008003FBD2] -> 0x00B5
[10195] [M]: 0x000000008003FBD0 (0x00B51513) slli a0, a0, 0xb
x10 <- 0xFFFFFFFFFFFFF800
mem[X,0x000000008003FBD4] -> 0x0513
mem[X,0x000000008003FBD6] -> 0x2575
[10196] [M]: 0x000000008003FBD4 (0x25750513) addi a0, a0, 0x257
x10 <- 0xFFFFFFFFFFFFFA57
mem[X,0x000000008003FBD8] -> 0x1513
mem[X,0x000000008003FBDA] -> 0x00B5
[10197] [M]: 0x000000008003FBD8 (0x00B51513) slli a0, a0, 0xb
x10 <- 0xFFFFFFFFFFD2B800
mem[X,0x000000008003FBDC] -> 0x0513
mem[X,0x000000008003FBDE] -> 0x6C35
[10198] [M]: 0x000000008003FBDC (0x6C350513) addi a0, a0, 0x6c3
x10 <- 0xFFFFFFFFFFD2BEC3
mem[X,0x000000008003FBE0] -> 0x1513
mem[X,0x000000008003FBE2] -> 0x00A5
[10199] [M]: 0x000000008003FBE0 (0x00A51513) slli a0, a0, 0xa
x10 <- 0xFFFFFFFF4AFB0C00
clint::tick mtime <- 0x0000000000000066
 clint timer pending at mtime 0x0000000000000066
htif::tick 0x0000000000000000
mem[X,0x000000008003FBE4] -> 0x0513
mem[X,0x000000008003FBE6] -> 0x0CE5
[10200] [M]: 0x000000008003FBE4 (0x0CE50513) addi a0, a0, 0xce
x10 <- 0xFFFFFFFF4AFB0CCE
mem[X,0x000000008003FBE8] -> 0x35B7
mem[X,0x000000008003FBEA] -> 0x3333
[10201] [M]: 0x000000008003FBE8 (0x333335B7) lui a1, 0x33333
x11 <- 0x0000000033333000
mem[X,0x000000008003FBEC] -> 0x8593
mem[X,0x000000008003FBEE] -> 0x3335
[10202] [M]: 0x000000008003FBEC (0x33358593) addi a1, a1, 0x333
x11 <- 0x0000000033333333
mem[X,0x000000008003FBF0] -> 0x9593
mem[X,0x000000008003FBF2] -> 0x00B5
[10203] [M]: 0x000000008003FBF0 (0x00B59593) slli a1, a1, 0xb
x11 <- 0x0000019999999800
mem[X,0x000000008003FBF4] -> 0x8593
mem[X,0x000000008003FBF6] -> 0x1995
[10204] [M]: 0x000000008003FBF4 (0x19958593) addi a1, a1, 0x199
x11 <- 0x0000019999999999
mem[X,0x000000008003FBF8] -> 0x9593
mem[X,0x000000008003FBFA] -> 0x00B5
[10205] [M]: 0x000000008003FBF8 (0x00B59593) slli a1, a1, 0xb
x11 <- 0x000CCCCCCCCCC800
mem[X,0x000000008003FBFC] -> 0x8593
mem[X,0x000000008003FBFE] -> 0x4CC5
[10206] [M]: 0x000000008003FBFC (0x4CC58593) addi a1, a1, 0x4cc
x11 <- 0x000CCCCCCCCCCCCC
mem[X,0x000000008003FC00] -> 0x9593
mem[X,0x000000008003FC02] -> 0x00A5
[10207] [M]: 0x000000008003FC00 (0x00A59593) slli a1, a1, 0xa
x11 <- 0x3333333333333000
mem[X,0x000000008003FC04] -> 0x8593
mem[X,0x000000008003FC06] -> 0x3325
[10208] [M]: 0x000000008003FC04 (0x33258593) addi a1, a1, 0x332
x11 <- 0x3333333333333332
mem[X,0x000000008003FC08] -> 0x0113
mem[X,0x000000008003FC0A] -> 0x0000
[10209] [M]: 0x000000008003FC08 (0x00000113) addi sp, zero, 0x0
x2 <- 0x0000000000000000
mem[X,0x000000008003FC0C] -> 0x006F
mem[X,0x000000008003FC0E] -> 0x00C0
[10210] [M]: 0x000000008003FC0C (0x00C0006F) jal zero, 0xc
mem[X,0x000000008003FC18] -> 0x5CE3
mem[X,0x000000008003FC1A] -> 0xFEB5
[10211] [M]: 0x000000008003FC18 (0xFEB55CE3) bge a0, a1, -0x8
mem[X,0x000000008003FC1C] -> 0x0113
mem[X,0x000000008003FC1E] -> 0x0021
[10212] [M]: 0x000000008003FC1C (0x00210113) addi sp, sp, 0x2
x2 <- 0x0000000000000002
mem[X,0x000000008003FC20] -> 0x006F
mem[X,0x000000008003FC22] -> 0x00C0
[10213] [M]: 0x000000008003FC20 (0x00C0006F) jal zero, 0xc
mem[X,0x000000008003FC2C] -> 0xBC23
mem[X,0x000000008003FC2E] -> 0x2C20
[10214] [M]: 0x000000008003FC2C (0x2C20BC23) sd sp, 0x2d8(ra)
mem[0x00000000800494A8] <- 0x0000000000000002
mem[X,0x000000008003FC30] -> 0x0537
mem[X,0x000000008003FC32] -> 0x0000
[10215] [M]: 0x000000008003FC30 (0x00000537) lui a0, 0x0
x10 <- 0x0000000000000000
mem[X,0x000000008003FC34] -> 0x0513
mem[X,0x000000008003FC36] -> 0xFFF5
[10216] [M]: 0x000000008003FC34 (0xFFF50513) addi a0, a0, -0x1
x10 <- 0xFFFFFFFFFFFFFFFF
mem[X,0x000000008003FC38] -> 0x1513
mem[X,0x000000008003FC3A] -> 0x00B5
[10217] [M]: 0x000000008003FC38 (0x00B51513) slli a0, a0, 0xb
x10 <- 0xFFFFFFFFFFFFF800
mem[X,0x000000008003FC3C] -> 0x0513
mem[X,0x000000008003FC3E] -> 0x2575
[10218] [M]: 0x000000008003FC3C (0x25750513) addi a0, a0, 0x257
x10 <- 0xFFFFFFFFFFFFFA57
mem[X,0x000000008003FC40] -> 0x1513
mem[X,0x000000008003FC42] -> 0x00B5
[10219] [M]: 0x000000008003FC40 (0x00B51513) slli a0, a0, 0xb
x10 <- 0xFFFFFFFFFFD2B800
mem[X,0x000000008003FC44] -> 0x0513
mem[X,0x000000008003FC46] -> 0x6C35
[10220] [M]: 0x000000008003FC44 (0x6C350513) addi a0, a0, 0x6c3
x10 <- 0xFFFFFFFFFFD2BEC3
mem[X,0x000000008003FC48] -> 0x1513
mem[X,0x000000008003FC4A] -> 0x00A5
[10221] [M]: 0x000000008003FC48 (0x00A51513) slli a0, a0, 0xa
x10 <- 0xFFFFFFFF4AFB0C00
mem[X,0x000000008003FC4C] -> 0x0513
mem[X,0x000000008003FC4E] -> 0x0CE5
[10222] [M]: 0x000000008003FC4C (0x0CE50513) addi a0, a0, 0xce
x10 <- 0xFFFFFFFF4AFB0CCE
mem[X,0x000000008003FC50] -> 0x65B7
mem[X,0x000000008003FC52] -> 0x6666
[10223] [M]: 0x000000008003FC50 (0x666665B7) lui a1, 0x66666
x11 <- 0x0000000066666000
mem[X,0x000000008003FC54] -> 0x8593
mem[X,0x000000008003FC56] -> 0x6665
[10224] [M]: 0x000000008003FC54 (0x66658593) addi a1, a1, 0x666
x11 <- 0x0000000066666666
mem[X,0x000000008003FC58] -> 0x9593
mem[X,0x000000008003FC5A] -> 0x00B5
[10225] [M]: 0x000000008003FC58 (0x00B59593) slli a1, a1, 0xb
x11 <- 0x0000033333333000
mem[X,0x000000008003FC5C] -> 0x8593
mem[X,0x000000008003FC5E] -> 0x3335
[10226] [M]: 0x000000008003FC5C (0x33358593) addi a1, a1, 0x333
x11 <- 0x0000033333333333
mem[X,0x000000008003FC60] -> 0x9593
mem[X,0x000000008003FC62] -> 0x00B5
[10227] [M]: 0x000000008003FC60 (0x00B59593) slli a1, a1, 0xb
x11 <- 0x0019999999999800
mem[X,0x000000008003FC64] -> 0x8593
mem[X,0x000000008003FC66] -> 0x1995
[10228] [M]: 0x000000008003FC64 (0x19958593) addi a1, a1, 0x199
x11 <- 0x0019999999999999
mem[X,0x000000008003FC68] -> 0x9593
mem[X,0x000000008003FC6A] -> 0x00A5
[10229] [M]: 0x000000008003FC68 (0x00A59593) slli a1, a1, 0xa
x11 <- 0x6666666666666400
mem[X,0x000000008003FC6C] -> 0x8593
mem[X,0x000000008003FC6E] -> 0x2655
[10230] [M]: 0x000000008003FC6C (0x26558593) addi a1, a1, 0x265
x11 <- 0x6666666666666665
mem[X,0x000000008003FC70] -> 0x0113
mem[X,0x000000008003FC72] -> 0x0000
[10231] [M]: 0x000000008003FC70 (0x00000113) addi sp, zero, 0x0
x2 <- 0x0000000000000000
mem[X,0x000000008003FC74] -> 0x006F
mem[X,0x000000008003FC76] -> 0x00C0
[10232] [M]: 0x000000008003FC74 (0x00C0006F) jal zero, 0xc
mem[X,0x000000008003FC80] -> 0x5663
mem[X,0x000000008003FC82] -> 0x00B5
[10233] [M]: 0x000000008003FC80 (0x00B55663) bge a0, a1, 0xc
mem[X,0x000000008003FC84] -> 0x0113
mem[X,0x000000008003FC86] -> 0x0021
[10234] [M]: 0x000000008003FC84 (0x00210113) addi sp, sp, 0x2
x2 <- 0x0000000000000002
mem[X,0x000000008003FC88] -> 0x006F
mem[X,0x000000008003FC8A] -> 0x00C0
[10235] [M]: 0x000000008003FC88 (0x00C0006F) jal zero, 0xc
mem[X,0x000000008003FC94] -> 0xB023
mem[X,0x000000008003FC96] -> 0x2E20
[10236] [M]: 0x000000008003FC94 (0x2E20B023) sd sp, 0x2e0(ra)
mem[0x00000000800494B0] <- 0x0000000000000002
mem[X,0x000000008003FC98] -> 0x0537
mem[X,0x000000008003FC9A] -> 0x0000
[10237] [M]: 0x000000008003FC98 (0x00000537) lui a0, 0x0
x10 <- 0x0000000000000000
mem[X,0x000000008003FC9C] -> 0x0513
mem[X,0x000000008003FC9E] -> 0xFFF5
[10238] [M]: 0x000000008003FC9C (0xFFF50513) addi a0, a0, -0x1
x10 <- 0xFFFFFFFFFFFFFFFF
mem[X,0x000000008003FCA0] -> 0x1513
mem[X,0x000000008003FCA2] -> 0x00B5
[10239] [M]: 0x000000008003FCA0 (0x00B51513) slli a0, a0, 0xb
x10 <- 0xFFFFFFFFFFFFF800
mem[X,0x000000008003FCA4] -> 0x0513
mem[X,0x000000008003FCA6] -> 0x2575
[10240] [M]: 0x000000008003FCA4 (0x25750513) addi a0, a0, 0x257
x10 <- 0xFFFFFFFFFFFFFA57
mem[X,0x000000008003FCA8] -> 0x1513
mem[X,0x000000008003FCAA] -> 0x00B5
[10241] [M]: 0x000000008003FCA8 (0x00B51513) slli a0, a0, 0xb
x10 <- 0xFFFFFFFFFFD2B800
mem[X,0x000000008003FCAC] -> 0x0513
mem[X,0x000000008003FCAE] -> 0x6C35
[10242] [M]: 0x000000008003FCAC (0x6C350513) addi a0, a0, 0x6c3
x10 <- 0xFFFFFFFFFFD2BEC3
mem[X,0x000000008003FCB0] -> 0x1513
mem[X,0x000000008003FCB2] -> 0x00A5
[10243] [M]: 0x000000008003FCB0 (0x00A51513) slli a0, a0, 0xa
x10 <- 0xFFFFFFFF4AFB0C00
mem[X,0x000000008003FCB4] -> 0x0513
mem[X,0x000000008003FCB6] -> 0x0CE5
[10244] [M]: 0x000000008003FCB4 (0x0CE50513) addi a0, a0, 0xce
x10 <- 0xFFFFFFFF4AFB0CCE
mem[X,0x000000008003FCB8] -> 0x05B7
mem[X,0x000000008003FCBA] -> 0x0000
[10245] [M]: 0x000000008003FCB8 (0x000005B7) lui a1, 0x0
x11 <- 0x0000000000000000
mem[X,0x000000008003FCBC] -> 0x8593
mem[X,0x000000008003FCBE] -> 0x0005
[10246] [M]: 0x000000008003FCBC (0x00058593) addi a1, a1, 0x0
x11 <- 0x0000000000000000
mem[X,0x000000008003FCC0] -> 0x9593
mem[X,0x000000008003FCC2] -> 0x00B5
[10247] [M]: 0x000000008003FCC0 (0x00B59593) slli a1, a1, 0xb
x11 <- 0x0000000000000000
mem[X,0x000000008003FCC4] -> 0x8593
mem[X,0x000000008003FCC6] -> 0x5A85
[10248] [M]: 0x000000008003FCC4 (0x5A858593) addi a1, a1, 0x5a8
x11 <- 0x00000000000005A8
mem[X,0x000000008003FCC8] -> 0x9593
mem[X,0x000000008003FCCA] -> 0x00B5
[10249] [M]: 0x000000008003FCC8 (0x00B59593) slli a1, a1, 0xb
x11 <- 0x00000000002D4000
mem[X,0x000000008003FCCC] -> 0x8593
mem[X,0x000000008003FCCE] -> 0x13C5
[10250] [M]: 0x000000008003FCCC (0x13C58593) addi a1, a1, 0x13c
x11 <- 0x00000000002D413C
mem[X,0x000000008003FCD0] -> 0x9593
mem[X,0x000000008003FCD2] -> 0x00A5
[10251] [M]: 0x000000008003FCD0 (0x00A59593) slli a1, a1, 0xa
x11 <- 0x00000000B504F000
mem[X,0x000000008003FCD4] -> 0x8593
mem[X,0x000000008003FCD6] -> 0x3325
[10252] [M]: 0x000000008003FCD4 (0x33258593) addi a1, a1, 0x332
x11 <- 0x00000000B504F332
mem[X,0x000000008003FCD8] -> 0x0113
mem[X,0x000000008003FCDA] -> 0x0000
[10253] [M]: 0x000000008003FCD8 (0x00000113) addi sp, zero, 0x0
x2 <- 0x0000000000000000
mem[X,0x000000008003FCDC] -> 0x006F
mem[X,0x000000008003FCDE] -> 0x00C0
[10254] [M]: 0x000000008003FCDC (0x00C0006F) jal zero, 0xc
mem[X,0x000000008003FCE8] -> 0x5663
mem[X,0x000000008003FCEA] -> 0x00B5
[10255] [M]: 0x000000008003FCE8 (0x00B55663) bge a0, a1, 0xc
mem[X,0x000000008003FCEC] -> 0x0113
mem[X,0x000000008003FCEE] -> 0x0021
[10256] [M]: 0x000000008003FCEC (0x00210113) addi sp, sp, 0x2
x2 <- 0x0000000000000002
mem[X,0x000000008003FCF0] -> 0x006F
mem[X,0x000000008003FCF2] -> 0x00C0
[10257] [M]: 0x000000008003FCF0 (0x00C0006F) jal zero, 0xc
mem[X,0x000000008003FCFC] -> 0xB423
mem[X,0x000000008003FCFE] -> 0x2E20
[10258] [M]: 0x000000008003FCFC (0x2E20B423) sd sp, 0x2e8(ra)
mem[0x00000000800494B8] <- 0x0000000000000002
mem[X,0x000000008003FD00] -> 0x0537
mem[X,0x000000008003FD02] -> 0x0000
[10259] [M]: 0x000000008003FD00 (0x00000537) lui a0, 0x0
x10 <- 0x0000000000000000
mem[X,0x000000008003FD04] -> 0x0513
mem[X,0x000000008003FD06] -> 0xFFF5
[10260] [M]: 0x000000008003FD04 (0xFFF50513) addi a0, a0, -0x1
x10 <- 0xFFFFFFFFFFFFFFFF
mem[X,0x000000008003FD08] -> 0x1513
mem[X,0x000000008003FD0A] -> 0x00B5
[10261] [M]: 0x000000008003FD08 (0x00B51513) slli a0, a0, 0xb
x10 <- 0xFFFFFFFFFFFFF800
mem[X,0x000000008003FD0C] -> 0x0513
mem[X,0x000000008003FD0E] -> 0x2575
[10262] [M]: 0x000000008003FD0C (0x25750513) addi a0, a0, 0x257
x10 <- 0xFFFFFFFFFFFFFA57
mem[X,0x000000008003FD10] -> 0x1513
mem[X,0x000000008003FD12] -> 0x00B5
[10263] [M]: 0x000000008003FD10 (0x00B51513) slli a0, a0, 0xb
x10 <- 0xFFFFFFFFFFD2B800
mem[X,0x000000008003FD14] -> 0x0513
mem[X,0x000000008003FD16] -> 0x6C35
[10264] [M]: 0x000000008003FD14 (0x6C350513) addi a0, a0, 0x6c3
x10 <- 0xFFFFFFFFFFD2BEC3
mem[X,0x000000008003FD18] -> 0x1513
mem[X,0x000000008003FD1A] -> 0x00A5
[10265] [M]: 0x000000008003FD18 (0x00A51513) slli a0, a0, 0xa
x10 <- 0xFFFFFFFF4AFB0C00
mem[X,0x000000008003FD1C] -> 0x0513
mem[X,0x000000008003FD1E] -> 0x0CE5
[10266] [M]: 0x000000008003FD1C (0x0CE50513) addi a0, a0, 0xce
x10 <- 0xFFFFFFFF4AFB0CCE
mem[X,0x000000008003FD20] -> 0x55B7
mem[X,0x000000008003FD22] -> 0x5555
[10267] [M]: 0x000000008003FD20 (0x555555B7) lui a1, 0x55555
x11 <- 0x0000000055555000
mem[X,0x000000008003FD24] -> 0x8593
mem[X,0x000000008003FD26] -> 0x5555
[10268] [M]: 0x000000008003FD24 (0x55558593) addi a1, a1, 0x555
x11 <- 0x0000000055555555
mem[X,0x000000008003FD28] -> 0x9593
mem[X,0x000000008003FD2A] -> 0x00B5
[10269] [M]: 0x000000008003FD28 (0x00B59593) slli a1, a1, 0xb
x11 <- 0x000002AAAAAAA800
mem[X,0x000000008003FD2C] -> 0x8593
mem[X,0x000000008003FD2E] -> 0x2AA5
[10270] [M]: 0x000000008003FD2C (0x2AA58593) addi a1, a1, 0x2aa
x11 <- 0x000002AAAAAAAAAA
mem[X,0x000000008003FD30] -> 0x9593
mem[X,0x000000008003FD32] -> 0x00B5
[10271] [M]: 0x000000008003FD30 (0x00B59593) slli a1, a1, 0xb
x11 <- 0x0015555555555000
mem[X,0x000000008003FD34] -> 0x8593
mem[X,0x000000008003FD36] -> 0x5555
[10272] [M]: 0x000000008003FD34 (0x55558593) addi a1, a1, 0x555
x11 <- 0x0015555555555555
mem[X,0x000000008003FD38] -> 0x9593
mem[X,0x000000008003FD3A] -> 0x00A5
[10273] [M]: 0x000000008003FD38 (0x00A59593) slli a1, a1, 0xa
x11 <- 0x5555555555555400
mem[X,0x000000008003FD3C] -> 0x8593
mem[X,0x000000008003FD3E] -> 0x1565
[10274] [M]: 0x000000008003FD3C (0x15658593) addi a1, a1, 0x156
x11 <- 0x5555555555555556
mem[X,0x000000008003FD40] -> 0x0113
mem[X,0x000000008003FD42] -> 0x0000
[10275] [M]: 0x000000008003FD40 (0x00000113) addi sp, zero, 0x0
x2 <- 0x0000000000000000
mem[X,0x000000008003FD44] -> 0x006F
mem[X,0x000000008003FD46] -> 0x00C0
[10276] [M]: 0x000000008003FD44 (0x00C0006F) jal zero, 0xc
mem[X,0x000000008003FD50] -> 0x5063
mem[X,0x000000008003FD52] -> 0x10B5
[10277] [M]: 0x000000008003FD50 (0x10B55063) bge a0, a1, 0x100
mem[X,0x000000008003FD54] -> 0x0113
mem[X,0x000000008003FD56] -> 0x0021
[10278] [M]: 0x000000008003FD54 (0x00210113) addi sp, sp, 0x2
x2 <- 0x0000000000000002
mem[X,0x000000008003FD58] -> 0x006F
mem[X,0x000000008003FD5A] -> 0x1000
[10279] [M]: 0x000000008003FD58 (0x1000006F) jal zero, 0x100
mem[X,0x000000008003FE58] -> 0xB823
mem[X,0x000000008003FE5A] -> 0x2E20
[10280] [M]: 0x000000008003FE58 (0x2E20B823) sd sp, 0x2f0(ra)
mem[0x00000000800494C0] <- 0x0000000000000002
mem[X,0x000000008003FE5C] -> 0x0537
mem[X,0x000000008003FE5E] -> 0x0000
[10281] [M]: 0x000000008003FE5C (0x00000537) lui a0, 0x0
x10 <- 0x0000000000000000
mem[X,0x000000008003FE60] -> 0x0513
mem[X,0x000000008003FE62] -> 0xFFF5
[10282] [M]: 0x000000008003FE60 (0xFFF50513) addi a0, a0, -0x1
x10 <- 0xFFFFFFFFFFFFFFFF
mem[X,0x000000008003FE64] -> 0x1513
mem[X,0x000000008003FE66] -> 0x00B5
[10283] [M]: 0x000000008003FE64 (0x00B51513) slli a0, a0, 0xb
x10 <- 0xFFFFFFFFFFFFF800
mem[X,0x000000008003FE68] -> 0x0513
mem[X,0x000000008003FE6A] -> 0x2575
[10284] [M]: 0x000000008003FE68 (0x25750513) addi a0, a0, 0x257
x10 <- 0xFFFFFFFFFFFFFA57
mem[X,0x000000008003FE6C] -> 0x1513
mem[X,0x000000008003FE6E] -> 0x00B5
[10285] [M]: 0x000000008003FE6C (0x00B51513) slli a0, a0, 0xb
x10 <- 0xFFFFFFFFFFD2B800
mem[X,0x000000008003FE70] -> 0x0513
mem[X,0x000000008003FE72] -> 0x6C35
[10286] [M]: 0x000000008003FE70 (0x6C350513) addi a0, a0, 0x6c3
x10 <- 0xFFFFFFFFFFD2BEC3
mem[X,0x000000008003FE74] -> 0x1513
mem[X,0x000000008003FE76] -> 0x00A5
[10287] [M]: 0x000000008003FE74 (0x00A51513) slli a0, a0, 0xa
x10 <- 0xFFFFFFFF4AFB0C00
mem[X,0x000000008003FE78] -> 0x0513
mem[X,0x000000008003FE7A] -> 0x0CE5
[10288] [M]: 0x000000008003FE78 (0x0CE50513) addi a0, a0, 0xce
x10 <- 0xFFFFFFFF4AFB0CCE
mem[X,0x000000008003FE7C] -> 0xB5B7
mem[X,0x000000008003FE7E] -> 0xAAAA
[10289] [M]: 0x000000008003FE7C (0xAAAAB5B7) lui a1, -0x55555
x11 <- 0xFFFFFFFFAAAAB000
mem[X,0x000000008003FE80] -> 0x8593
mem[X,0x000000008003FE82] -> 0xAAA5
[10290] [M]: 0x000000008003FE80 (0xAAA58593) addi a1, a1, -0x556
x11 <- 0xFFFFFFFFAAAAAAAA
mem[X,0x000000008003FE84] -> 0x9593
mem[X,0x000000008003FE86] -> 0x00B5
[10291] [M]: 0x000000008003FE84 (0x00B59593) slli a1, a1, 0xb
x11 <- 0xFFFFFD5555555000
mem[X,0x000000008003FE88] -> 0x8593
mem[X,0x000000008003FE8A] -> 0x5555
[10292] [M]: 0x000000008003FE88 (0x55558593) addi a1, a1, 0x555
x11 <- 0xFFFFFD5555555555
mem[X,0x000000008003FE8C] -> 0x9593
mem[X,0x000000008003FE8E] -> 0x00B5
[10293] [M]: 0x000000008003FE8C (0x00B59593) slli a1, a1, 0xb
x11 <- 0xFFEAAAAAAAAAA800
mem[X,0x000000008003FE90] -> 0x8593
mem[X,0x000000008003FE92] -> 0x2AA5
[10294] [M]: 0x000000008003FE90 (0x2AA58593) addi a1, a1, 0x2aa
x11 <- 0xFFEAAAAAAAAAAAAA
mem[X,0x000000008003FE94] -> 0x9593
mem[X,0x000000008003FE96] -> 0x00A5
[10295] [M]: 0x000000008003FE94 (0x00A59593) slli a1, a1, 0xa
x11 <- 0xAAAAAAAAAAAAA800
mem[X,0x000000008003FE98] -> 0x8593
mem[X,0x000000008003FE9A] -> 0x2AB5
[10296] [M]: 0x000000008003FE98 (0x2AB58593) addi a1, a1, 0x2ab
x11 <- 0xAAAAAAAAAAAAAAAB
mem[X,0x000000008003FE9C] -> 0x0113
mem[X,0x000000008003FE9E] -> 0x0000
[10297] [M]: 0x000000008003FE9C (0x00000113) addi sp, zero, 0x0
x2 <- 0x0000000000000000
mem[X,0x000000008003FEA0] -> 0x006F
mem[X,0x000000008003FEA2] -> 0x00C0
[10298] [M]: 0x000000008003FEA0 (0x00C0006F) jal zero, 0xc
mem[X,0x000000008003FEAC] -> 0x5CE3
mem[X,0x000000008003FEAE] -> 0xFEB5
[10299] [M]: 0x000000008003FEAC (0xFEB55CE3) bge a0, a1, -0x8
clint::tick mtime <- 0x0000000000000067
 clint timer pending at mtime 0x0000000000000067
htif::tick 0x0000000000000000
mem[X,0x000000008003FEA4] -> 0x0113
mem[X,0x000000008003FEA6] -> 0x0011
[10300] [M]: 0x000000008003FEA4 (0x00110113) addi sp, sp, 0x1
x2 <- 0x0000000000000001
mem[X,0x000000008003FEA8] -> 0x006F
mem[X,0x000000008003FEAA] -> 0x0180
[10301] [M]: 0x000000008003FEA8 (0x0180006F) jal zero, 0x18
mem[X,0x000000008003FEC0] -> 0xBC23
mem[X,0x000000008003FEC2] -> 0x2E20
[10302] [M]: 0x000000008003FEC0 (0x2E20BC23) sd sp, 0x2f8(ra)
mem[0x00000000800494C8] <- 0x0000000000000001
mem[X,0x000000008003FEC4] -> 0x0537
mem[X,0x000000008003FEC6] -> 0x0000
[10303] [M]: 0x000000008003FEC4 (0x00000537) lui a0, 0x0
x10 <- 0x0000000000000000
mem[X,0x000000008003FEC8] -> 0x0513
mem[X,0x000000008003FECA] -> 0xFFF5
[10304] [M]: 0x000000008003FEC8 (0xFFF50513) addi a0, a0, -0x1
x10 <- 0xFFFFFFFFFFFFFFFF
mem[X,0x000000008003FECC] -> 0x1513
mem[X,0x000000008003FECE] -> 0x00B5
[10305] [M]: 0x000000008003FECC (0x00B51513) slli a0, a0, 0xb
x10 <- 0xFFFFFFFFFFFFF800
mem[X,0x000000008003FED0] -> 0x0513
mem[X,0x000000008003FED2] -> 0x2575
[10306] [M]: 0x000000008003FED0 (0x25750513) addi a0, a0, 0x257
x10 <- 0xFFFFFFFFFFFFFA57
mem[X,0x000000008003FED4] -> 0x1513
mem[X,0x000000008003FED6] -> 0x00B5
[10307] [M]: 0x000000008003FED4 (0x00B51513) slli a0, a0, 0xb
x10 <- 0xFFFFFFFFFFD2B800
mem[X,0x000000008003FED8] -> 0x0513
mem[X,0x000000008003FEDA] -> 0x6C35
[10308] [M]: 0x000000008003FED8 (0x6C350513) addi a0, a0, 0x6c3
x10 <- 0xFFFFFFFFFFD2BEC3
mem[X,0x000000008003FEDC] -> 0x1513
mem[X,0x000000008003FEDE] -> 0x00A5
[10309] [M]: 0x000000008003FEDC (0x00A51513) slli a0, a0, 0xa
x10 <- 0xFFFFFFFF4AFB0C00
mem[X,0x000000008003FEE0] -> 0x0513
mem[X,0x000000008003FEE2] -> 0x0CE5
[10310] [M]: 0x000000008003FEE0 (0x0CE50513) addi a0, a0, 0xce
x10 <- 0xFFFFFFFF4AFB0CCE
mem[X,0x000000008003FEE4] -> 0x0593
mem[X,0x000000008003FEE6] -> 0x0060
[10311] [M]: 0x000000008003FEE4 (0x00600593) addi a1, zero, 0x6
x11 <- 0x0000000000000006
mem[X,0x000000008003FEE8] -> 0x0113
mem[X,0x000000008003FEEA] -> 0x0000
[10312] [M]: 0x000000008003FEE8 (0x00000113) addi sp, zero, 0x0
x2 <- 0x0000000000000000
mem[X,0x000000008003FEEC] -> 0x006F
mem[X,0x000000008003FEEE] -> 0x00C0
[10313] [M]: 0x000000008003FEEC (0x00C0006F) jal zero, 0xc
mem[X,0x000000008003FEF8] -> 0x5663
mem[X,0x000000008003FEFA] -> 0x00B5
[10314] [M]: 0x000000008003FEF8 (0x00B55663) bge a0, a1, 0xc
mem[X,0x000000008003FEFC] -> 0x0113
mem[X,0x000000008003FEFE] -> 0x0021
[10315] [M]: 0x000000008003FEFC (0x00210113) addi sp, sp, 0x2
x2 <- 0x0000000000000002
mem[X,0x000000008003FF00] -> 0x006F
mem[X,0x000000008003FF02] -> 0x00C0
[10316] [M]: 0x000000008003FF00 (0x00C0006F) jal zero, 0xc
mem[X,0x000000008003FF0C] -> 0xB023
mem[X,0x000000008003FF0E] -> 0x3020
[10317] [M]: 0x000000008003FF0C (0x3020B023) sd sp, 0x300(ra)
mem[0x00000000800494D0] <- 0x0000000000000002
mem[X,0x000000008003FF10] -> 0x0537
mem[X,0x000000008003FF12] -> 0x0000
[10318] [M]: 0x000000008003FF10 (0x00000537) lui a0, 0x0
x10 <- 0x0000000000000000
mem[X,0x000000008003FF14] -> 0x0513
mem[X,0x000000008003FF16] -> 0xFFF5
[10319] [M]: 0x000000008003FF14 (0xFFF50513) addi a0, a0, -0x1
x10 <- 0xFFFFFFFFFFFFFFFF
mem[X,0x000000008003FF18] -> 0x1513
mem[X,0x000000008003FF1A] -> 0x00B5
[10320] [M]: 0x000000008003FF18 (0x00B51513) slli a0, a0, 0xb
x10 <- 0xFFFFFFFFFFFFF800
mem[X,0x000000008003FF1C] -> 0x0513
mem[X,0x000000008003FF1E] -> 0x2575
[10321] [M]: 0x000000008003FF1C (0x25750513) addi a0, a0, 0x257
x10 <- 0xFFFFFFFFFFFFFA57
mem[X,0x000000008003FF20] -> 0x1513
mem[X,0x000000008003FF22] -> 0x00B5
[10322] [M]: 0x000000008003FF20 (0x00B51513) slli a0, a0, 0xb
x10 <- 0xFFFFFFFFFFD2B800
mem[X,0x000000008003FF24] -> 0x0513
mem[X,0x000000008003FF26] -> 0x6C35
[10323] [M]: 0x000000008003FF24 (0x6C350513) addi a0, a0, 0x6c3
x10 <- 0xFFFFFFFFFFD2BEC3
mem[X,0x000000008003FF28] -> 0x1513
mem[X,0x000000008003FF2A] -> 0x00A5
[10324] [M]: 0x000000008003FF28 (0x00A51513) slli a0, a0, 0xa
x10 <- 0xFFFFFFFF4AFB0C00
mem[X,0x000000008003FF2C] -> 0x0513
mem[X,0x000000008003FF2E] -> 0x0CE5
[10325] [M]: 0x000000008003FF2C (0x0CE50513) addi a0, a0, 0xce
x10 <- 0xFFFFFFFF4AFB0CCE
mem[X,0x000000008003FF30] -> 0x35B7
mem[X,0x000000008003FF32] -> 0x3333
[10326] [M]: 0x000000008003FF30 (0x333335B7) lui a1, 0x33333
x11 <- 0x0000000033333000
mem[X,0x000000008003FF34] -> 0x8593
mem[X,0x000000008003FF36] -> 0x3335
[10327] [M]: 0x000000008003FF34 (0x33358593) addi a1, a1, 0x333
x11 <- 0x0000000033333333
mem[X,0x000000008003FF38] -> 0x9593
mem[X,0x000000008003FF3A] -> 0x00B5
[10328] [M]: 0x000000008003FF38 (0x00B59593) slli a1, a1, 0xb
x11 <- 0x0000019999999800
mem[X,0x000000008003FF3C] -> 0x8593
mem[X,0x000000008003FF3E] -> 0x1995
[10329] [M]: 0x000000008003FF3C (0x19958593) addi a1, a1, 0x199
x11 <- 0x0000019999999999
mem[X,0x000000008003FF40] -> 0x9593
mem[X,0x000000008003FF42] -> 0x00B5
[10330] [M]: 0x000000008003FF40 (0x00B59593) slli a1, a1, 0xb
x11 <- 0x000CCCCCCCCCC800
mem[X,0x000000008003FF44] -> 0x8593
mem[X,0x000000008003FF46] -> 0x4CC5
[10331] [M]: 0x000000008003FF44 (0x4CC58593) addi a1, a1, 0x4cc
x11 <- 0x000CCCCCCCCCCCCC
mem[X,0x000000008003FF48] -> 0x9593
mem[X,0x000000008003FF4A] -> 0x00A5
[10332] [M]: 0x000000008003FF48 (0x00A59593) slli a1, a1, 0xa
x11 <- 0x3333333333333000
mem[X,0x000000008003FF4C] -> 0x8593
mem[X,0x000000008003FF4E] -> 0x3345
[10333] [M]: 0x000000008003FF4C (0x33458593) addi a1, a1, 0x334
x11 <- 0x3333333333333334
mem[X,0x000000008003FF50] -> 0x0113
mem[X,0x000000008003FF52] -> 0x0000
[10334] [M]: 0x000000008003FF50 (0x00000113) addi sp, zero, 0x0
x2 <- 0x0000000000000000
mem[X,0x000000008003FF54] -> 0x006F
mem[X,0x000000008003FF56] -> 0x0050
[10335] [M]: 0x000000008003FF54 (0x0050006F) jal zero, 0x804
mem[X,0x0000000080040758] -> 0x50E3
mem[X,0x000000008004075A] -> 0x80B5
[10336] [M]: 0x0000000080040758 (0x80B550E3) bge a0, a1, -0x800
mem[X,0x000000008004075C] -> 0x0113
mem[X,0x000000008004075E] -> 0x0021
[10337] [M]: 0x000000008004075C (0x00210113) addi sp, sp, 0x2
x2 <- 0x0000000000000002
mem[X,0x0000000080040760] -> 0x006F
mem[X,0x0000000080040762] -> 0x00C0
[10338] [M]: 0x0000000080040760 (0x00C0006F) jal zero, 0xc
mem[X,0x000000008004076C] -> 0xB423
mem[X,0x000000008004076E] -> 0x3020
[10339] [M]: 0x000000008004076C (0x3020B423) sd sp, 0x308(ra)
mem[0x00000000800494D8] <- 0x0000000000000002
mem[X,0x0000000080040770] -> 0x0537
mem[X,0x0000000080040772] -> 0x0000
[10340] [M]: 0x0000000080040770 (0x00000537) lui a0, 0x0
x10 <- 0x0000000000000000
mem[X,0x0000000080040774] -> 0x0513
mem[X,0x0000000080040776] -> 0xFFF5
[10341] [M]: 0x0000000080040774 (0xFFF50513) addi a0, a0, -0x1
x10 <- 0xFFFFFFFFFFFFFFFF
mem[X,0x0000000080040778] -> 0x1513
mem[X,0x000000008004077A] -> 0x00B5
[10342] [M]: 0x0000000080040778 (0x00B51513) slli a0, a0, 0xb
x10 <- 0xFFFFFFFFFFFFF800
mem[X,0x000000008004077C] -> 0x0513
mem[X,0x000000008004077E] -> 0x2575
[10343] [M]: 0x000000008004077C (0x25750513) addi a0, a0, 0x257
x10 <- 0xFFFFFFFFFFFFFA57
mem[X,0x0000000080040780] -> 0x1513
mem[X,0x0000000080040782] -> 0x00B5
[10344] [M]: 0x0000000080040780 (0x00B51513) slli a0, a0, 0xb
x10 <- 0xFFFFFFFFFFD2B800
mem[X,0x0000000080040784] -> 0x0513
mem[X,0x0000000080040786] -> 0x6C35
[10345] [M]: 0x0000000080040784 (0x6C350513) addi a0, a0, 0x6c3
x10 <- 0xFFFFFFFFFFD2BEC3
mem[X,0x0000000080040788] -> 0x1513
mem[X,0x000000008004078A] -> 0x00A5
[10346] [M]: 0x0000000080040788 (0x00A51513) slli a0, a0, 0xa
x10 <- 0xFFFFFFFF4AFB0C00
mem[X,0x000000008004078C] -> 0x0513
mem[X,0x000000008004078E] -> 0x0CE5
[10347] [M]: 0x000000008004078C (0x0CE50513) addi a0, a0, 0xce
x10 <- 0xFFFFFFFF4AFB0CCE
mem[X,0x0000000080040790] -> 0x65B7
mem[X,0x0000000080040792] -> 0x6666
[10348] [M]: 0x0000000080040790 (0x666665B7) lui a1, 0x66666
x11 <- 0x0000000066666000
mem[X,0x0000000080040794] -> 0x8593
mem[X,0x0000000080040796] -> 0x6665
[10349] [M]: 0x0000000080040794 (0x66658593) addi a1, a1, 0x666
x11 <- 0x0000000066666666
mem[X,0x0000000080040798] -> 0x9593
mem[X,0x000000008004079A] -> 0x00B5
[10350] [M]: 0x0000000080040798 (0x00B59593) slli a1, a1, 0xb
x11 <- 0x0000033333333000
mem[X,0x000000008004079C] -> 0x8593
mem[X,0x000000008004079E] -> 0x3335
[10351] [M]: 0x000000008004079C (0x33358593) addi a1, a1, 0x333
x11 <- 0x0000033333333333
mem[X,0x00000000800407A0] -> 0x9593
mem[X,0x00000000800407A2] -> 0x00B5
[10352] [M]: 0x00000000800407A0 (0x00B59593) slli a1, a1, 0xb
x11 <- 0x0019999999999800
mem[X,0x00000000800407A4] -> 0x8593
mem[X,0x00000000800407A6] -> 0x1995
[10353] [M]: 0x00000000800407A4 (0x19958593) addi a1, a1, 0x199
x11 <- 0x0019999999999999
mem[X,0x00000000800407A8] -> 0x9593
mem[X,0x00000000800407AA] -> 0x00A5
[10354] [M]: 0x00000000800407A8 (0x00A59593) slli a1, a1, 0xa
x11 <- 0x6666666666666400
mem[X,0x00000000800407AC] -> 0x8593
mem[X,0x00000000800407AE] -> 0x2675
[10355] [M]: 0x00000000800407AC (0x26758593) addi a1, a1, 0x267
x11 <- 0x6666666666666667
mem[X,0x00000000800407B0] -> 0x0113
mem[X,0x00000000800407B2] -> 0x0000
[10356] [M]: 0x00000000800407B0 (0x00000113) addi sp, zero, 0x0
x2 <- 0x0000000000000000
mem[X,0x00000000800407B4] -> 0x006F
mem[X,0x00000000800407B6] -> 0x00C0
[10357] [M]: 0x00000000800407B4 (0x00C0006F) jal zero, 0xc
mem[X,0x00000000800407C0] -> 0x5063
mem[X,0x00000000800407C2] -> 0x02B5
[10358] [M]: 0x00000000800407C0 (0x02B55063) bge a0, a1, 0x20
mem[X,0x00000000800407C4] -> 0x0113
mem[X,0x00000000800407C6] -> 0x0021
[10359] [M]: 0x00000000800407C4 (0x00210113) addi sp, sp, 0x2
x2 <- 0x0000000000000002
mem[X,0x00000000800407C8] -> 0x006F
mem[X,0x00000000800407CA] -> 0x0200
[10360] [M]: 0x00000000800407C8 (0x0200006F) jal zero, 0x20
mem[X,0x00000000800407E8] -> 0xB823
mem[X,0x00000000800407EA] -> 0x3020
[10361] [M]: 0x00000000800407E8 (0x3020B823) sd sp, 0x310(ra)
mem[0x00000000800494E0] <- 0x0000000000000002
mem[X,0x00000000800407EC] -> 0x0537
mem[X,0x00000000800407EE] -> 0x0000
[10362] [M]: 0x00000000800407EC (0x00000537) lui a0, 0x0
x10 <- 0x0000000000000000
mem[X,0x00000000800407F0] -> 0x0513
mem[X,0x00000000800407F2] -> 0xFFF5
[10363] [M]: 0x00000000800407F0 (0xFFF50513) addi a0, a0, -0x1
x10 <- 0xFFFFFFFFFFFFFFFF
mem[X,0x00000000800407F4] -> 0x1513
mem[X,0x00000000800407F6] -> 0x00B5
[10364] [M]: 0x00000000800407F4 (0x00B51513) slli a0, a0, 0xb
x10 <- 0xFFFFFFFFFFFFF800
mem[X,0x00000000800407F8] -> 0x0513
mem[X,0x00000000800407FA] -> 0x2575
[10365] [M]: 0x00000000800407F8 (0x25750513) addi a0, a0, 0x257
x10 <- 0xFFFFFFFFFFFFFA57
mem[X,0x00000000800407FC] -> 0x1513
mem[X,0x00000000800407FE] -> 0x00B5
[10366] [M]: 0x00000000800407FC (0x00B51513) slli a0, a0, 0xb
x10 <- 0xFFFFFFFFFFD2B800
mem[X,0x0000000080040800] -> 0x0513
mem[X,0x0000000080040802] -> 0x6C35
[10367] [M]: 0x0000000080040800 (0x6C350513) addi a0, a0, 0x6c3
x10 <- 0xFFFFFFFFFFD2BEC3
mem[X,0x0000000080040804] -> 0x1513
mem[X,0x0000000080040806] -> 0x00A5
[10368] [M]: 0x0000000080040804 (0x00A51513) slli a0, a0, 0xa
x10 <- 0xFFFFFFFF4AFB0C00
mem[X,0x0000000080040808] -> 0x0513
mem[X,0x000000008004080A] -> 0x0CE5
[10369] [M]: 0x0000000080040808 (0x0CE50513) addi a0, a0, 0xce
x10 <- 0xFFFFFFFF4AFB0CCE
mem[X,0x000000008004080C] -> 0x05B7
mem[X,0x000000008004080E] -> 0x0000
[10370] [M]: 0x000000008004080C (0x000005B7) lui a1, 0x0
x11 <- 0x0000000000000000
mem[X,0x0000000080040810] -> 0x8593
mem[X,0x0000000080040812] -> 0xFFF5
[10371] [M]: 0x0000000080040810 (0xFFF58593) addi a1, a1, -0x1
x11 <- 0xFFFFFFFFFFFFFFFF
mem[X,0x0000000080040814] -> 0x9593
mem[X,0x0000000080040816] -> 0x00B5
[10372] [M]: 0x0000000080040814 (0x00B59593) slli a1, a1, 0xb
x11 <- 0xFFFFFFFFFFFFF800
mem[X,0x0000000080040818] -> 0x8593
mem[X,0x000000008004081A] -> 0x2575
[10373] [M]: 0x0000000080040818 (0x25758593) addi a1, a1, 0x257
x11 <- 0xFFFFFFFFFFFFFA57
mem[X,0x000000008004081C] -> 0x9593
mem[X,0x000000008004081E] -> 0x00B5
[10374] [M]: 0x000000008004081C (0x00B59593) slli a1, a1, 0xb
x11 <- 0xFFFFFFFFFFD2B800
mem[X,0x0000000080040820] -> 0x8593
mem[X,0x0000000080040822] -> 0x6C35
[10375] [M]: 0x0000000080040820 (0x6C358593) addi a1, a1, 0x6c3
x11 <- 0xFFFFFFFFFFD2BEC3
mem[X,0x0000000080040824] -> 0x9593
mem[X,0x0000000080040826] -> 0x00A5
[10376] [M]: 0x0000000080040824 (0x00A59593) slli a1, a1, 0xa
x11 <- 0xFFFFFFFF4AFB0C00
mem[X,0x0000000080040828] -> 0x8593
mem[X,0x000000008004082A] -> 0x0CE5
[10377] [M]: 0x0000000080040828 (0x0CE58593) addi a1, a1, 0xce
x11 <- 0xFFFFFFFF4AFB0CCE
mem[X,0x000000008004082C] -> 0x0113
mem[X,0x000000008004082E] -> 0x0000
[10378] [M]: 0x000000008004082C (0x00000113) addi sp, zero, 0x0
x2 <- 0x0000000000000000
mem[X,0x0000000080040830] -> 0x006F
mem[X,0x0000000080040832] -> 0x00C0
[10379] [M]: 0x0000000080040830 (0x00C0006F) jal zero, 0xc
mem[X,0x000000008004083C] -> 0x5CE3
mem[X,0x000000008004083E] -> 0xFEB5
[10380] [M]: 0x000000008004083C (0xFEB55CE3) bge a0, a1, -0x8
mem[X,0x0000000080040834] -> 0x0113
mem[X,0x0000000080040836] -> 0x0011
[10381] [M]: 0x0000000080040834 (0x00110113) addi sp, sp, 0x1
x2 <- 0x0000000000000001
mem[X,0x0000000080040838] -> 0x006F
mem[X,0x000000008004083A] -> 0x0180
[10382] [M]: 0x0000000080040838 (0x0180006F) jal zero, 0x18
mem[X,0x0000000080040850] -> 0xBC23
mem[X,0x0000000080040852] -> 0x3020
[10383] [M]: 0x0000000080040850 (0x3020BC23) sd sp, 0x318(ra)
mem[0x00000000800494E8] <- 0x0000000000000001
mem[X,0x0000000080040854] -> 0x0537
mem[X,0x0000000080040856] -> 0x0000
[10384] [M]: 0x0000000080040854 (0x00000537) lui a0, 0x0
x10 <- 0x0000000000000000
mem[X,0x0000000080040858] -> 0x0513
mem[X,0x000000008004085A] -> 0xFFF5
[10385] [M]: 0x0000000080040858 (0xFFF50513) addi a0, a0, -0x1
x10 <- 0xFFFFFFFFFFFFFFFF
mem[X,0x000000008004085C] -> 0x1513
mem[X,0x000000008004085E] -> 0x00B5
[10386] [M]: 0x000000008004085C (0x00B51513) slli a0, a0, 0xb
x10 <- 0xFFFFFFFFFFFFF800
mem[X,0x0000000080040860] -> 0x0513
mem[X,0x0000000080040862] -> 0x2575
[10387] [M]: 0x0000000080040860 (0x25750513) addi a0, a0, 0x257
x10 <- 0xFFFFFFFFFFFFFA57
mem[X,0x0000000080040864] -> 0x1513
mem[X,0x0000000080040866] -> 0x00B5
[10388] [M]: 0x0000000080040864 (0x00B51513) slli a0, a0, 0xb
x10 <- 0xFFFFFFFFFFD2B800
mem[X,0x0000000080040868] -> 0x0513
mem[X,0x000000008004086A] -> 0x6C35
[10389] [M]: 0x0000000080040868 (0x6C350513) addi a0, a0, 0x6c3
x10 <- 0xFFFFFFFFFFD2BEC3
mem[X,0x000000008004086C] -> 0x1513
mem[X,0x000000008004086E] -> 0x00A5
[10390] [M]: 0x000000008004086C (0x00A51513) slli a0, a0, 0xa
x10 <- 0xFFFFFFFF4AFB0C00
mem[X,0x0000000080040870] -> 0x0513
mem[X,0x0000000080040872] -> 0x0CE5
[10391] [M]: 0x0000000080040870 (0x0CE50513) addi a0, a0, 0xce
x10 <- 0xFFFFFFFF4AFB0CCE
mem[X,0x0000000080040874] -> 0x05B7
mem[X,0x0000000080040876] -> 0x0000
[10392] [M]: 0x0000000080040874 (0x000005B7) lui a1, 0x0
x11 <- 0x0000000000000000
mem[X,0x0000000080040878] -> 0x8593
mem[X,0x000000008004087A] -> 0x0005
[10393] [M]: 0x0000000080040878 (0x00058593) addi a1, a1, 0x0
x11 <- 0x0000000000000000
mem[X,0x000000008004087C] -> 0x9593
mem[X,0x000000008004087E] -> 0x00B5
[10394] [M]: 0x000000008004087C (0x00B59593) slli a1, a1, 0xb
x11 <- 0x0000000000000000
mem[X,0x0000000080040880] -> 0x8593
mem[X,0x0000000080040882] -> 0x5A85
[10395] [M]: 0x0000000080040880 (0x5A858593) addi a1, a1, 0x5a8
x11 <- 0x00000000000005A8
mem[X,0x0000000080040884] -> 0x9593
mem[X,0x0000000080040886] -> 0x00B5
[10396] [M]: 0x0000000080040884 (0x00B59593) slli a1, a1, 0xb
x11 <- 0x00000000002D4000
mem[X,0x0000000080040888] -> 0x8593
mem[X,0x000000008004088A] -> 0x13C5
[10397] [M]: 0x0000000080040888 (0x13C58593) addi a1, a1, 0x13c
x11 <- 0x00000000002D413C
mem[X,0x000000008004088C] -> 0x9593
mem[X,0x000000008004088E] -> 0x00A5
[10398] [M]: 0x000000008004088C (0x00A59593) slli a1, a1, 0xa
x11 <- 0x00000000B504F000
mem[X,0x0000000080040890] -> 0x8593
mem[X,0x0000000080040892] -> 0x3345
[10399] [M]: 0x0000000080040890 (0x33458593) addi a1, a1, 0x334
x11 <- 0x00000000B504F334
clint::tick mtime <- 0x0000000000000068
 clint timer pending at mtime 0x0000000000000068
htif::tick 0x0000000000000000
mem[X,0x0000000080040894] -> 0x0113
mem[X,0x0000000080040896] -> 0x0000
[10400] [M]: 0x0000000080040894 (0x00000113) addi sp, zero, 0x0
x2 <- 0x0000000000000000
mem[X,0x0000000080040898] -> 0x006F
mem[X,0x000000008004089A] -> 0x00C0
[10401] [M]: 0x0000000080040898 (0x00C0006F) jal zero, 0xc
mem[X,0x00000000800408A4] -> 0x5CE3
mem[X,0x00000000800408A6] -> 0xFEB5
[10402] [M]: 0x00000000800408A4 (0xFEB55CE3) bge a0, a1, -0x8
mem[X,0x00000000800408A8] -> 0x0113
mem[X,0x00000000800408AA] -> 0x0021
[10403] [M]: 0x00000000800408A8 (0x00210113) addi sp, sp, 0x2
x2 <- 0x0000000000000002
mem[X,0x00000000800408AC] -> 0x006F
mem[X,0x00000000800408AE] -> 0x00C0
[10404] [M]: 0x00000000800408AC (0x00C0006F) jal zero, 0xc
mem[X,0x00000000800408B8] -> 0xB023
mem[X,0x00000000800408BA] -> 0x3220
[10405] [M]: 0x00000000800408B8 (0x3220B023) sd sp, 0x320(ra)
mem[0x00000000800494F0] <- 0x0000000000000002
mem[X,0x00000000800408BC] -> 0x0537
mem[X,0x00000000800408BE] -> 0x0000
[10406] [M]: 0x00000000800408BC (0x00000537) lui a0, 0x0
x10 <- 0x0000000000000000
mem[X,0x00000000800408C0] -> 0x0513
mem[X,0x00000000800408C2] -> 0x0005
[10407] [M]: 0x00000000800408C0 (0x00050513) addi a0, a0, 0x0
x10 <- 0x0000000000000000
mem[X,0x00000000800408C4] -> 0x1513
mem[X,0x00000000800408C6] -> 0x00B5
[10408] [M]: 0x00000000800408C4 (0x00B51513) slli a0, a0, 0xb
x10 <- 0x0000000000000000
mem[X,0x00000000800408C8] -> 0x0513
mem[X,0x00000000800408CA] -> 0x5A85
[10409] [M]: 0x00000000800408C8 (0x5A850513) addi a0, a0, 0x5a8
x10 <- 0x00000000000005A8
mem[X,0x00000000800408CC] -> 0x1513
mem[X,0x00000000800408CE] -> 0x00B5
[10410] [M]: 0x00000000800408CC (0x00B51513) slli a0, a0, 0xb
x10 <- 0x00000000002D4000
mem[X,0x00000000800408D0] -> 0x0513
mem[X,0x00000000800408D2] -> 0x13C5
[10411] [M]: 0x00000000800408D0 (0x13C50513) addi a0, a0, 0x13c
x10 <- 0x00000000002D413C
mem[X,0x00000000800408D4] -> 0x1513
mem[X,0x00000000800408D6] -> 0x00A5
[10412] [M]: 0x00000000800408D4 (0x00A51513) slli a0, a0, 0xa
x10 <- 0x00000000B504F000
mem[X,0x00000000800408D8] -> 0x0513
mem[X,0x00000000800408DA] -> 0x3345
[10413] [M]: 0x00000000800408D8 (0x33450513) addi a0, a0, 0x334
x10 <- 0x00000000B504F334
mem[X,0x00000000800408DC] -> 0x0593
mem[X,0x00000000800408DE] -> 0x0030
[10414] [M]: 0x00000000800408DC (0x00300593) addi a1, zero, 0x3
x11 <- 0x0000000000000003
mem[X,0x00000000800408E0] -> 0x0113
mem[X,0x00000000800408E2] -> 0x0000
[10415] [M]: 0x00000000800408E0 (0x00000113) addi sp, zero, 0x0
x2 <- 0x0000000000000000
mem[X,0x00000000800408E4] -> 0x006F
mem[X,0x00000000800408E6] -> 0x0180
[10416] [M]: 0x00000000800408E4 (0x0180006F) jal zero, 0x18
mem[X,0x00000000800408FC] -> 0x56E3
mem[X,0x00000000800408FE] -> 0xFEB5
[10417] [M]: 0x00000000800408FC (0xFEB556E3) bge a0, a1, -0x14
mem[X,0x00000000800408E8] -> 0x0113
mem[X,0x00000000800408EA] -> 0x0011
[10418] [M]: 0x00000000800408E8 (0x00110113) addi sp, sp, 0x1
x2 <- 0x0000000000000001
mem[X,0x00000000800408EC] -> 0x006F
mem[X,0x00000000800408EE] -> 0x0240
[10419] [M]: 0x00000000800408EC (0x0240006F) jal zero, 0x24
mem[X,0x0000000080040910] -> 0xB423
mem[X,0x0000000080040912] -> 0x3220
[10420] [M]: 0x0000000080040910 (0x3220B423) sd sp, 0x328(ra)
mem[0x00000000800494F8] <- 0x0000000000000001
mem[X,0x0000000080040914] -> 0x0537
mem[X,0x0000000080040916] -> 0x0000
[10421] [M]: 0x0000000080040914 (0x00000537) lui a0, 0x0
x10 <- 0x0000000000000000
mem[X,0x0000000080040918] -> 0x0513
mem[X,0x000000008004091A] -> 0x0005
[10422] [M]: 0x0000000080040918 (0x00050513) addi a0, a0, 0x0
x10 <- 0x0000000000000000
mem[X,0x000000008004091C] -> 0x1513
mem[X,0x000000008004091E] -> 0x00B5
[10423] [M]: 0x000000008004091C (0x00B51513) slli a0, a0, 0xb
x10 <- 0x0000000000000000
mem[X,0x0000000080040920] -> 0x0513
mem[X,0x0000000080040922] -> 0x5A85
[10424] [M]: 0x0000000080040920 (0x5A850513) addi a0, a0, 0x5a8
x10 <- 0x00000000000005A8
mem[X,0x0000000080040924] -> 0x1513
mem[X,0x0000000080040926] -> 0x00B5
[10425] [M]: 0x0000000080040924 (0x00B51513) slli a0, a0, 0xb
x10 <- 0x00000000002D4000
mem[X,0x0000000080040928] -> 0x0513
mem[X,0x000000008004092A] -> 0x13C5
[10426] [M]: 0x0000000080040928 (0x13C50513) addi a0, a0, 0x13c
x10 <- 0x00000000002D413C
mem[X,0x000000008004092C] -> 0x1513
mem[X,0x000000008004092E] -> 0x00A5
[10427] [M]: 0x000000008004092C (0x00A51513) slli a0, a0, 0xa
x10 <- 0x00000000B504F000
mem[X,0x0000000080040930] -> 0x0513
mem[X,0x0000000080040932] -> 0x3345
[10428] [M]: 0x0000000080040930 (0x33450513) addi a0, a0, 0x334
x10 <- 0x00000000B504F334
mem[X,0x0000000080040934] -> 0x55B7
mem[X,0x0000000080040936] -> 0x5555
[10429] [M]: 0x0000000080040934 (0x555555B7) lui a1, 0x55555
x11 <- 0x0000000055555000
mem[X,0x0000000080040938] -> 0x8593
mem[X,0x000000008004093A] -> 0x5555
[10430] [M]: 0x0000000080040938 (0x55558593) addi a1, a1, 0x555
x11 <- 0x0000000055555555
mem[X,0x000000008004093C] -> 0x9593
mem[X,0x000000008004093E] -> 0x00B5
[10431] [M]: 0x000000008004093C (0x00B59593) slli a1, a1, 0xb
x11 <- 0x000002AAAAAAA800
mem[X,0x0000000080040940] -> 0x8593
mem[X,0x0000000080040942] -> 0x2AA5
[10432] [M]: 0x0000000080040940 (0x2AA58593) addi a1, a1, 0x2aa
x11 <- 0x000002AAAAAAAAAA
mem[X,0x0000000080040944] -> 0x9593
mem[X,0x0000000080040946] -> 0x00B5
[10433] [M]: 0x0000000080040944 (0x00B59593) slli a1, a1, 0xb
x11 <- 0x0015555555555000
mem[X,0x0000000080040948] -> 0x8593
mem[X,0x000000008004094A] -> 0x5555
[10434] [M]: 0x0000000080040948 (0x55558593) addi a1, a1, 0x555
x11 <- 0x0015555555555555
mem[X,0x000000008004094C] -> 0x9593
mem[X,0x000000008004094E] -> 0x00A5
[10435] [M]: 0x000000008004094C (0x00A59593) slli a1, a1, 0xa
x11 <- 0x5555555555555400
mem[X,0x0000000080040950] -> 0x8593
mem[X,0x0000000080040952] -> 0x1555
[10436] [M]: 0x0000000080040950 (0x15558593) addi a1, a1, 0x155
x11 <- 0x5555555555555555
mem[X,0x0000000080040954] -> 0x0113
mem[X,0x0000000080040956] -> 0x0000
[10437] [M]: 0x0000000080040954 (0x00000113) addi sp, zero, 0x0
x2 <- 0x0000000000000000
mem[X,0x0000000080040958] -> 0x006F
mem[X,0x000000008004095A] -> 0x00C0
[10438] [M]: 0x0000000080040958 (0x00C0006F) jal zero, 0xc
mem[X,0x0000000080040964] -> 0x5CE3
mem[X,0x0000000080040966] -> 0xFEB5
[10439] [M]: 0x0000000080040964 (0xFEB55CE3) bge a0, a1, -0x8
mem[X,0x0000000080040968] -> 0x0113
mem[X,0x000000008004096A] -> 0x0021
[10440] [M]: 0x0000000080040968 (0x00210113) addi sp, sp, 0x2
x2 <- 0x0000000000000002
mem[X,0x000000008004096C] -> 0x006F
mem[X,0x000000008004096E] -> 0x00C0
[10441] [M]: 0x000000008004096C (0x00C0006F) jal zero, 0xc
mem[X,0x0000000080040978] -> 0xB823
mem[X,0x000000008004097A] -> 0x3220
[10442] [M]: 0x0000000080040978 (0x3220B823) sd sp, 0x330(ra)
mem[0x0000000080049500] <- 0x0000000000000002
mem[X,0x000000008004097C] -> 0x0537
mem[X,0x000000008004097E] -> 0x0000
[10443] [M]: 0x000000008004097C (0x00000537) lui a0, 0x0
x10 <- 0x0000000000000000
mem[X,0x0000000080040980] -> 0x0513
mem[X,0x0000000080040982] -> 0x0005
[10444] [M]: 0x0000000080040980 (0x00050513) addi a0, a0, 0x0
x10 <- 0x0000000000000000
mem[X,0x0000000080040984] -> 0x1513
mem[X,0x0000000080040986] -> 0x00B5
[10445] [M]: 0x0000000080040984 (0x00B51513) slli a0, a0, 0xb
x10 <- 0x0000000000000000
mem[X,0x0000000080040988] -> 0x0513
mem[X,0x000000008004098A] -> 0x5A85
[10446] [M]: 0x0000000080040988 (0x5A850513) addi a0, a0, 0x5a8
x10 <- 0x00000000000005A8
mem[X,0x000000008004098C] -> 0x1513
mem[X,0x000000008004098E] -> 0x00B5
[10447] [M]: 0x000000008004098C (0x00B51513) slli a0, a0, 0xb
x10 <- 0x00000000002D4000
mem[X,0x0000000080040990] -> 0x0513
mem[X,0x0000000080040992] -> 0x13C5
[10448] [M]: 0x0000000080040990 (0x13C50513) addi a0, a0, 0x13c
x10 <- 0x00000000002D413C
mem[X,0x0000000080040994] -> 0x1513
mem[X,0x0000000080040996] -> 0x00A5
[10449] [M]: 0x0000000080040994 (0x00A51513) slli a0, a0, 0xa
x10 <- 0x00000000B504F000
mem[X,0x0000000080040998] -> 0x0513
mem[X,0x000000008004099A] -> 0x3345
[10450] [M]: 0x0000000080040998 (0x33450513) addi a0, a0, 0x334
x10 <- 0x00000000B504F334
mem[X,0x000000008004099C] -> 0xB5B7
mem[X,0x000000008004099E] -> 0xAAAA
[10451] [M]: 0x000000008004099C (0xAAAAB5B7) lui a1, -0x55555
x11 <- 0xFFFFFFFFAAAAB000
mem[X,0x00000000800409A0] -> 0x8593
mem[X,0x00000000800409A2] -> 0xAAA5
[10452] [M]: 0x00000000800409A0 (0xAAA58593) addi a1, a1, -0x556
x11 <- 0xFFFFFFFFAAAAAAAA
mem[X,0x00000000800409A4] -> 0x9593
mem[X,0x00000000800409A6] -> 0x00B5
[10453] [M]: 0x00000000800409A4 (0x00B59593) slli a1, a1, 0xb
x11 <- 0xFFFFFD5555555000
mem[X,0x00000000800409A8] -> 0x8593
mem[X,0x00000000800409AA] -> 0x5555
[10454] [M]: 0x00000000800409A8 (0x55558593) addi a1, a1, 0x555
x11 <- 0xFFFFFD5555555555
mem[X,0x00000000800409AC] -> 0x9593
mem[X,0x00000000800409AE] -> 0x00B5
[10455] [M]: 0x00000000800409AC (0x00B59593) slli a1, a1, 0xb
x11 <- 0xFFEAAAAAAAAAA800
mem[X,0x00000000800409B0] -> 0x8593
mem[X,0x00000000800409B2] -> 0x2AA5
[10456] [M]: 0x00000000800409B0 (0x2AA58593) addi a1, a1, 0x2aa
x11 <- 0xFFEAAAAAAAAAAAAA
mem[X,0x00000000800409B4] -> 0x9593
mem[X,0x00000000800409B6] -> 0x00A5
[10457] [M]: 0x00000000800409B4 (0x00A59593) slli a1, a1, 0xa
x11 <- 0xAAAAAAAAAAAAA800
mem[X,0x00000000800409B8] -> 0x8593
mem[X,0x00000000800409BA] -> 0x2AA5
[10458] [M]: 0x00000000800409B8 (0x2AA58593) addi a1, a1, 0x2aa
x11 <- 0xAAAAAAAAAAAAAAAA
mem[X,0x00000000800409BC] -> 0x0113
mem[X,0x00000000800409BE] -> 0x0000
[10459] [M]: 0x00000000800409BC (0x00000113) addi sp, zero, 0x0
x2 <- 0x0000000000000000
mem[X,0x00000000800409C0] -> 0x006F
mem[X,0x00000000800409C2] -> 0x00C0
[10460] [M]: 0x00000000800409C0 (0x00C0006F) jal zero, 0xc
mem[X,0x00000000800409CC] -> 0x5663
mem[X,0x00000000800409CE] -> 0x00B5
[10461] [M]: 0x00000000800409CC (0x00B55663) bge a0, a1, 0xc
mem[X,0x00000000800409D8] -> 0x0113
mem[X,0x00000000800409DA] -> 0x0031
[10462] [M]: 0x00000000800409D8 (0x00310113) addi sp, sp, 0x3
x2 <- 0x0000000000000003
mem[X,0x00000000800409DC] -> 0x006F
mem[X,0x00000000800409DE] -> 0x0040
[10463] [M]: 0x00000000800409DC (0x0040006F) jal zero, 0x4
mem[X,0x00000000800409E0] -> 0xBC23
mem[X,0x00000000800409E2] -> 0x3220
[10464] [M]: 0x00000000800409E0 (0x3220BC23) sd sp, 0x338(ra)
mem[0x0000000080049508] <- 0x0000000000000003
mem[X,0x00000000800409E4] -> 0x0537
mem[X,0x00000000800409E6] -> 0x0000
[10465] [M]: 0x00000000800409E4 (0x00000537) lui a0, 0x0
x10 <- 0x0000000000000000
mem[X,0x00000000800409E8] -> 0x0513
mem[X,0x00000000800409EA] -> 0x0005
[10466] [M]: 0x00000000800409E8 (0x00050513) addi a0, a0, 0x0
x10 <- 0x0000000000000000
mem[X,0x00000000800409EC] -> 0x1513
mem[X,0x00000000800409EE] -> 0x00B5
[10467] [M]: 0x00000000800409EC (0x00B51513) slli a0, a0, 0xb
x10 <- 0x0000000000000000
mem[X,0x00000000800409F0] -> 0x0513
mem[X,0x00000000800409F2] -> 0x5A85
[10468] [M]: 0x00000000800409F0 (0x5A850513) addi a0, a0, 0x5a8
x10 <- 0x00000000000005A8
mem[X,0x00000000800409F4] -> 0x1513
mem[X,0x00000000800409F6] -> 0x00B5
[10469] [M]: 0x00000000800409F4 (0x00B51513) slli a0, a0, 0xb
x10 <- 0x00000000002D4000
mem[X,0x00000000800409F8] -> 0x0513
mem[X,0x00000000800409FA] -> 0x13C5
[10470] [M]: 0x00000000800409F8 (0x13C50513) addi a0, a0, 0x13c
x10 <- 0x00000000002D413C
mem[X,0x00000000800409FC] -> 0x1513
mem[X,0x00000000800409FE] -> 0x00A5
[10471] [M]: 0x00000000800409FC (0x00A51513) slli a0, a0, 0xa
x10 <- 0x00000000B504F000
mem[X,0x0000000080040A00] -> 0x0513
mem[X,0x0000000080040A02] -> 0x3345
[10472] [M]: 0x0000000080040A00 (0x33450513) addi a0, a0, 0x334
x10 <- 0x00000000B504F334
mem[X,0x0000000080040A04] -> 0x0593
mem[X,0x0000000080040A06] -> 0x0050
[10473] [M]: 0x0000000080040A04 (0x00500593) addi a1, zero, 0x5
x11 <- 0x0000000000000005
mem[X,0x0000000080040A08] -> 0x0113
mem[X,0x0000000080040A0A] -> 0x0000
[10474] [M]: 0x0000000080040A08 (0x00000113) addi sp, zero, 0x0
x2 <- 0x0000000000000000
mem[X,0x0000000080040A0C] -> 0x006F
mem[X,0x0000000080040A0E] -> 0x00C0
[10475] [M]: 0x0000000080040A0C (0x00C0006F) jal zero, 0xc
mem[X,0x0000000080040A18] -> 0x5063
mem[X,0x0000000080040A1A] -> 0x02B5
[10476] [M]: 0x0000000080040A18 (0x02B55063) bge a0, a1, 0x20
mem[X,0x0000000080040A38] -> 0x0113
mem[X,0x0000000080040A3A] -> 0x0031
[10477] [M]: 0x0000000080040A38 (0x00310113) addi sp, sp, 0x3
x2 <- 0x0000000000000003
mem[X,0x0000000080040A3C] -> 0x006F
mem[X,0x0000000080040A3E] -> 0x0040
[10478] [M]: 0x0000000080040A3C (0x0040006F) jal zero, 0x4
mem[X,0x0000000080040A40] -> 0xB023
mem[X,0x0000000080040A42] -> 0x3420
[10479] [M]: 0x0000000080040A40 (0x3420B023) sd sp, 0x340(ra)
mem[0x0000000080049510] <- 0x0000000000000003
mem[X,0x0000000080040A44] -> 0x0537
mem[X,0x0000000080040A46] -> 0x0000
[10480] [M]: 0x0000000080040A44 (0x00000537) lui a0, 0x0
x10 <- 0x0000000000000000
mem[X,0x0000000080040A48] -> 0x0513
mem[X,0x0000000080040A4A] -> 0x0005
[10481] [M]: 0x0000000080040A48 (0x00050513) addi a0, a0, 0x0
x10 <- 0x0000000000000000
mem[X,0x0000000080040A4C] -> 0x1513
mem[X,0x0000000080040A4E] -> 0x00B5
[10482] [M]: 0x0000000080040A4C (0x00B51513) slli a0, a0, 0xb
x10 <- 0x0000000000000000
mem[X,0x0000000080040A50] -> 0x0513
mem[X,0x0000000080040A52] -> 0x5A85
[10483] [M]: 0x0000000080040A50 (0x5A850513) addi a0, a0, 0x5a8
x10 <- 0x00000000000005A8
mem[X,0x0000000080040A54] -> 0x1513
mem[X,0x0000000080040A56] -> 0x00B5
[10484] [M]: 0x0000000080040A54 (0x00B51513) slli a0, a0, 0xb
x10 <- 0x00000000002D4000
mem[X,0x0000000080040A58] -> 0x0513
mem[X,0x0000000080040A5A] -> 0x13C5
[10485] [M]: 0x0000000080040A58 (0x13C50513) addi a0, a0, 0x13c
x10 <- 0x00000000002D413C
mem[X,0x0000000080040A5C] -> 0x1513
mem[X,0x0000000080040A5E] -> 0x00A5
[10486] [M]: 0x0000000080040A5C (0x00A51513) slli a0, a0, 0xa
x10 <- 0x00000000B504F000
mem[X,0x0000000080040A60] -> 0x0513
mem[X,0x0000000080040A62] -> 0x3345
[10487] [M]: 0x0000000080040A60 (0x33450513) addi a0, a0, 0x334
x10 <- 0x00000000B504F334
mem[X,0x0000000080040A64] -> 0x35B7
mem[X,0x0000000080040A66] -> 0x3333
[10488] [M]: 0x0000000080040A64 (0x333335B7) lui a1, 0x33333
x11 <- 0x0000000033333000
mem[X,0x0000000080040A68] -> 0x8593
mem[X,0x0000000080040A6A] -> 0x3335
[10489] [M]: 0x0000000080040A68 (0x33358593) addi a1, a1, 0x333
x11 <- 0x0000000033333333
mem[X,0x0000000080040A6C] -> 0x9593
mem[X,0x0000000080040A6E] -> 0x00B5
[10490] [M]: 0x0000000080040A6C (0x00B59593) slli a1, a1, 0xb
x11 <- 0x0000019999999800
mem[X,0x0000000080040A70] -> 0x8593
mem[X,0x0000000080040A72] -> 0x1995
[10491] [M]: 0x0000000080040A70 (0x19958593) addi a1, a1, 0x199
x11 <- 0x0000019999999999
mem[X,0x0000000080040A74] -> 0x9593
mem[X,0x0000000080040A76] -> 0x00B5
[10492] [M]: 0x0000000080040A74 (0x00B59593) slli a1, a1, 0xb
x11 <- 0x000CCCCCCCCCC800
mem[X,0x0000000080040A78] -> 0x8593
mem[X,0x0000000080040A7A] -> 0x4CC5
[10493] [M]: 0x0000000080040A78 (0x4CC58593) addi a1, a1, 0x4cc
x11 <- 0x000CCCCCCCCCCCCC
mem[X,0x0000000080040A7C] -> 0x9593
mem[X,0x0000000080040A7E] -> 0x00A5
[10494] [M]: 0x0000000080040A7C (0x00A59593) slli a1, a1, 0xa
x11 <- 0x3333333333333000
mem[X,0x0000000080040A80] -> 0x8593
mem[X,0x0000000080040A82] -> 0x3335
[10495] [M]: 0x0000000080040A80 (0x33358593) addi a1, a1, 0x333
x11 <- 0x3333333333333333
mem[X,0x0000000080040A84] -> 0x0113
mem[X,0x0000000080040A86] -> 0x0000
[10496] [M]: 0x0000000080040A84 (0x00000113) addi sp, zero, 0x0
x2 <- 0x0000000000000000
mem[X,0x0000000080040A88] -> 0x006F
mem[X,0x0000000080040A8A] -> 0x00C0
[10497] [M]: 0x0000000080040A88 (0x00C0006F) jal zero, 0xc
mem[X,0x0000000080040A94] -> 0x5663
mem[X,0x0000000080040A96] -> 0x00B5
[10498] [M]: 0x0000000080040A94 (0x00B55663) bge a0, a1, 0xc
mem[X,0x0000000080040A98] -> 0x0113
mem[X,0x0000000080040A9A] -> 0x0021
[10499] [M]: 0x0000000080040A98 (0x00210113) addi sp, sp, 0x2
x2 <- 0x0000000000000002
clint::tick mtime <- 0x0000000000000069
 clint timer pending at mtime 0x0000000000000069
htif::tick 0x0000000000000000
mem[X,0x0000000080040A9C] -> 0x006F
mem[X,0x0000000080040A9E] -> 0x00C0
[10500] [M]: 0x0000000080040A9C (0x00C0006F) jal zero, 0xc
mem[X,0x0000000080040AA8] -> 0xB423
mem[X,0x0000000080040AAA] -> 0x3420
[10501] [M]: 0x0000000080040AA8 (0x3420B423) sd sp, 0x348(ra)
mem[0x0000000080049518] <- 0x0000000000000002
mem[X,0x0000000080040AAC] -> 0x0537
mem[X,0x0000000080040AAE] -> 0x0000
[10502] [M]: 0x0000000080040AAC (0x00000537) lui a0, 0x0
x10 <- 0x0000000000000000
mem[X,0x0000000080040AB0] -> 0x0513
mem[X,0x0000000080040AB2] -> 0x0005
[10503] [M]: 0x0000000080040AB0 (0x00050513) addi a0, a0, 0x0
x10 <- 0x0000000000000000
mem[X,0x0000000080040AB4] -> 0x1513
mem[X,0x0000000080040AB6] -> 0x00B5
[10504] [M]: 0x0000000080040AB4 (0x00B51513) slli a0, a0, 0xb
x10 <- 0x0000000000000000
mem[X,0x0000000080040AB8] -> 0x0513
mem[X,0x0000000080040ABA] -> 0x5A85
[10505] [M]: 0x0000000080040AB8 (0x5A850513) addi a0, a0, 0x5a8
x10 <- 0x00000000000005A8
mem[X,0x0000000080040ABC] -> 0x1513
mem[X,0x0000000080040ABE] -> 0x00B5
[10506] [M]: 0x0000000080040ABC (0x00B51513) slli a0, a0, 0xb
x10 <- 0x00000000002D4000
mem[X,0x0000000080040AC0] -> 0x0513
mem[X,0x0000000080040AC2] -> 0x13C5
[10507] [M]: 0x0000000080040AC0 (0x13C50513) addi a0, a0, 0x13c
x10 <- 0x00000000002D413C
mem[X,0x0000000080040AC4] -> 0x1513
mem[X,0x0000000080040AC6] -> 0x00A5
[10508] [M]: 0x0000000080040AC4 (0x00A51513) slli a0, a0, 0xa
x10 <- 0x00000000B504F000
mem[X,0x0000000080040AC8] -> 0x0513
mem[X,0x0000000080040ACA] -> 0x3345
[10509] [M]: 0x0000000080040AC8 (0x33450513) addi a0, a0, 0x334
x10 <- 0x00000000B504F334
mem[X,0x0000000080040ACC] -> 0x65B7
mem[X,0x0000000080040ACE] -> 0x6666
[10510] [M]: 0x0000000080040ACC (0x666665B7) lui a1, 0x66666
x11 <- 0x0000000066666000
mem[X,0x0000000080040AD0] -> 0x8593
mem[X,0x0000000080040AD2] -> 0x6665
[10511] [M]: 0x0000000080040AD0 (0x66658593) addi a1, a1, 0x666
x11 <- 0x0000000066666666
mem[X,0x0000000080040AD4] -> 0x9593
mem[X,0x0000000080040AD6] -> 0x00B5
[10512] [M]: 0x0000000080040AD4 (0x00B59593) slli a1, a1, 0xb
x11 <- 0x0000033333333000
mem[X,0x0000000080040AD8] -> 0x8593
mem[X,0x0000000080040ADA] -> 0x3335
[10513] [M]: 0x0000000080040AD8 (0x33358593) addi a1, a1, 0x333
x11 <- 0x0000033333333333
mem[X,0x0000000080040ADC] -> 0x9593
mem[X,0x0000000080040ADE] -> 0x00B5
[10514] [M]: 0x0000000080040ADC (0x00B59593) slli a1, a1, 0xb
x11 <- 0x0019999999999800
mem[X,0x0000000080040AE0] -> 0x8593
mem[X,0x0000000080040AE2] -> 0x1995
[10515] [M]: 0x0000000080040AE0 (0x19958593) addi a1, a1, 0x199
x11 <- 0x0019999999999999
mem[X,0x0000000080040AE4] -> 0x9593
mem[X,0x0000000080040AE6] -> 0x00A5
[10516] [M]: 0x0000000080040AE4 (0x00A59593) slli a1, a1, 0xa
x11 <- 0x6666666666666400
mem[X,0x0000000080040AE8] -> 0x8593
mem[X,0x0000000080040AEA] -> 0x2665
[10517] [M]: 0x0000000080040AE8 (0x26658593) addi a1, a1, 0x266
x11 <- 0x6666666666666666
mem[X,0x0000000080040AEC] -> 0x0113
mem[X,0x0000000080040AEE] -> 0x0000
[10518] [M]: 0x0000000080040AEC (0x00000113) addi sp, zero, 0x0
x2 <- 0x0000000000000000
mem[X,0x0000000080040AF0] -> 0x006F
mem[X,0x0000000080040AF2] -> 0x00C0
[10519] [M]: 0x0000000080040AF0 (0x00C0006F) jal zero, 0xc
mem[X,0x0000000080040AFC] -> 0x5063
mem[X,0x0000000080040AFE] -> 0x20B5
[10520] [M]: 0x0000000080040AFC (0x20B55063) bge a0, a1, 0x200
mem[X,0x0000000080040B00] -> 0x0113
mem[X,0x0000000080040B02] -> 0x0021
[10521] [M]: 0x0000000080040B00 (0x00210113) addi sp, sp, 0x2
x2 <- 0x0000000000000002
mem[X,0x0000000080040B04] -> 0x006F
mem[X,0x0000000080040B06] -> 0x2000
[10522] [M]: 0x0000000080040B04 (0x2000006F) jal zero, 0x200
mem[X,0x0000000080040D04] -> 0xB823
mem[X,0x0000000080040D06] -> 0x3420
[10523] [M]: 0x0000000080040D04 (0x3420B823) sd sp, 0x350(ra)
mem[0x0000000080049520] <- 0x0000000000000002
mem[X,0x0000000080040D08] -> 0x0537
mem[X,0x0000000080040D0A] -> 0x0000
[10524] [M]: 0x0000000080040D08 (0x00000537) lui a0, 0x0
x10 <- 0x0000000000000000
mem[X,0x0000000080040D0C] -> 0x0513
mem[X,0x0000000080040D0E] -> 0x0005
[10525] [M]: 0x0000000080040D0C (0x00050513) addi a0, a0, 0x0
x10 <- 0x0000000000000000
mem[X,0x0000000080040D10] -> 0x1513
mem[X,0x0000000080040D12] -> 0x00B5
[10526] [M]: 0x0000000080040D10 (0x00B51513) slli a0, a0, 0xb
x10 <- 0x0000000000000000
mem[X,0x0000000080040D14] -> 0x0513
mem[X,0x0000000080040D16] -> 0x5A85
[10527] [M]: 0x0000000080040D14 (0x5A850513) addi a0, a0, 0x5a8
x10 <- 0x00000000000005A8
mem[X,0x0000000080040D18] -> 0x1513
mem[X,0x0000000080040D1A] -> 0x00B5
[10528] [M]: 0x0000000080040D18 (0x00B51513) slli a0, a0, 0xb
x10 <- 0x00000000002D4000
mem[X,0x0000000080040D1C] -> 0x0513
mem[X,0x0000000080040D1E] -> 0x13C5
[10529] [M]: 0x0000000080040D1C (0x13C50513) addi a0, a0, 0x13c
x10 <- 0x00000000002D413C
mem[X,0x0000000080040D20] -> 0x1513
mem[X,0x0000000080040D22] -> 0x00A5
[10530] [M]: 0x0000000080040D20 (0x00A51513) slli a0, a0, 0xa
x10 <- 0x00000000B504F000
mem[X,0x0000000080040D24] -> 0x0513
mem[X,0x0000000080040D26] -> 0x3345
[10531] [M]: 0x0000000080040D24 (0x33450513) addi a0, a0, 0x334
x10 <- 0x00000000B504F334
mem[X,0x0000000080040D28] -> 0x05B7
mem[X,0x0000000080040D2A] -> 0x0000
[10532] [M]: 0x0000000080040D28 (0x000005B7) lui a1, 0x0
x11 <- 0x0000000000000000
mem[X,0x0000000080040D2C] -> 0x8593
mem[X,0x0000000080040D2E] -> 0xFFF5
[10533] [M]: 0x0000000080040D2C (0xFFF58593) addi a1, a1, -0x1
x11 <- 0xFFFFFFFFFFFFFFFF
mem[X,0x0000000080040D30] -> 0x9593
mem[X,0x0000000080040D32] -> 0x00B5
[10534] [M]: 0x0000000080040D30 (0x00B59593) slli a1, a1, 0xb
x11 <- 0xFFFFFFFFFFFFF800
mem[X,0x0000000080040D34] -> 0x8593
mem[X,0x0000000080040D36] -> 0x2575
[10535] [M]: 0x0000000080040D34 (0x25758593) addi a1, a1, 0x257
x11 <- 0xFFFFFFFFFFFFFA57
mem[X,0x0000000080040D38] -> 0x9593
mem[X,0x0000000080040D3A] -> 0x00B5
[10536] [M]: 0x0000000080040D38 (0x00B59593) slli a1, a1, 0xb
x11 <- 0xFFFFFFFFFFD2B800
mem[X,0x0000000080040D3C] -> 0x8593
mem[X,0x0000000080040D3E] -> 0x6C35
[10537] [M]: 0x0000000080040D3C (0x6C358593) addi a1, a1, 0x6c3
x11 <- 0xFFFFFFFFFFD2BEC3
mem[X,0x0000000080040D40] -> 0x9593
mem[X,0x0000000080040D42] -> 0x00A5
[10538] [M]: 0x0000000080040D40 (0x00A59593) slli a1, a1, 0xa
x11 <- 0xFFFFFFFF4AFB0C00
mem[X,0x0000000080040D44] -> 0x8593
mem[X,0x0000000080040D46] -> 0x0CD5
[10539] [M]: 0x0000000080040D44 (0x0CD58593) addi a1, a1, 0xcd
x11 <- 0xFFFFFFFF4AFB0CCD
mem[X,0x0000000080040D48] -> 0x0113
mem[X,0x0000000080040D4A] -> 0x0000
[10540] [M]: 0x0000000080040D48 (0x00000113) addi sp, zero, 0x0
x2 <- 0x0000000000000000
mem[X,0x0000000080040D4C] -> 0x006F
mem[X,0x0000000080040D4E] -> 0x00C0
[10541] [M]: 0x0000000080040D4C (0x00C0006F) jal zero, 0xc
mem[X,0x0000000080040D58] -> 0x5663
mem[X,0x0000000080040D5A] -> 0x00B5
[10542] [M]: 0x0000000080040D58 (0x00B55663) bge a0, a1, 0xc
mem[X,0x0000000080040D64] -> 0x0113
mem[X,0x0000000080040D66] -> 0x0031
[10543] [M]: 0x0000000080040D64 (0x00310113) addi sp, sp, 0x3
x2 <- 0x0000000000000003
mem[X,0x0000000080040D68] -> 0x006F
mem[X,0x0000000080040D6A] -> 0x0040
[10544] [M]: 0x0000000080040D68 (0x0040006F) jal zero, 0x4
mem[X,0x0000000080040D6C] -> 0xBC23
mem[X,0x0000000080040D6E] -> 0x3420
[10545] [M]: 0x0000000080040D6C (0x3420BC23) sd sp, 0x358(ra)
mem[0x0000000080049528] <- 0x0000000000000003
mem[X,0x0000000080040D70] -> 0x0537
mem[X,0x0000000080040D72] -> 0x0000
[10546] [M]: 0x0000000080040D70 (0x00000537) lui a0, 0x0
x10 <- 0x0000000000000000
mem[X,0x0000000080040D74] -> 0x0513
mem[X,0x0000000080040D76] -> 0x0005
[10547] [M]: 0x0000000080040D74 (0x00050513) addi a0, a0, 0x0
x10 <- 0x0000000000000000
mem[X,0x0000000080040D78] -> 0x1513
mem[X,0x0000000080040D7A] -> 0x00B5
[10548] [M]: 0x0000000080040D78 (0x00B51513) slli a0, a0, 0xb
x10 <- 0x0000000000000000
mem[X,0x0000000080040D7C] -> 0x0513
mem[X,0x0000000080040D7E] -> 0x5A85
[10549] [M]: 0x0000000080040D7C (0x5A850513) addi a0, a0, 0x5a8
x10 <- 0x00000000000005A8
mem[X,0x0000000080040D80] -> 0x1513
mem[X,0x0000000080040D82] -> 0x00B5
[10550] [M]: 0x0000000080040D80 (0x00B51513) slli a0, a0, 0xb
x10 <- 0x00000000002D4000
mem[X,0x0000000080040D84] -> 0x0513
mem[X,0x0000000080040D86] -> 0x13C5
[10551] [M]: 0x0000000080040D84 (0x13C50513) addi a0, a0, 0x13c
x10 <- 0x00000000002D413C
mem[X,0x0000000080040D88] -> 0x1513
mem[X,0x0000000080040D8A] -> 0x00A5
[10552] [M]: 0x0000000080040D88 (0x00A51513) slli a0, a0, 0xa
x10 <- 0x00000000B504F000
mem[X,0x0000000080040D8C] -> 0x0513
mem[X,0x0000000080040D8E] -> 0x3345
[10553] [M]: 0x0000000080040D8C (0x33450513) addi a0, a0, 0x334
x10 <- 0x00000000B504F334
mem[X,0x0000000080040D90] -> 0x05B7
mem[X,0x0000000080040D92] -> 0x0000
[10554] [M]: 0x0000000080040D90 (0x000005B7) lui a1, 0x0
x11 <- 0x0000000000000000
mem[X,0x0000000080040D94] -> 0x8593
mem[X,0x0000000080040D96] -> 0x0005
[10555] [M]: 0x0000000080040D94 (0x00058593) addi a1, a1, 0x0
x11 <- 0x0000000000000000
mem[X,0x0000000080040D98] -> 0x9593
mem[X,0x0000000080040D9A] -> 0x00B5
[10556] [M]: 0x0000000080040D98 (0x00B59593) slli a1, a1, 0xb
x11 <- 0x0000000000000000
mem[X,0x0000000080040D9C] -> 0x8593
mem[X,0x0000000080040D9E] -> 0x5A85
[10557] [M]: 0x0000000080040D9C (0x5A858593) addi a1, a1, 0x5a8
x11 <- 0x00000000000005A8
mem[X,0x0000000080040DA0] -> 0x9593
mem[X,0x0000000080040DA2] -> 0x00B5
[10558] [M]: 0x0000000080040DA0 (0x00B59593) slli a1, a1, 0xb
x11 <- 0x00000000002D4000
mem[X,0x0000000080040DA4] -> 0x8593
mem[X,0x0000000080040DA6] -> 0x13C5
[10559] [M]: 0x0000000080040DA4 (0x13C58593) addi a1, a1, 0x13c
x11 <- 0x00000000002D413C
mem[X,0x0000000080040DA8] -> 0x9593
mem[X,0x0000000080040DAA] -> 0x00A5
[10560] [M]: 0x0000000080040DA8 (0x00A59593) slli a1, a1, 0xa
x11 <- 0x00000000B504F000
mem[X,0x0000000080040DAC] -> 0x8593
mem[X,0x0000000080040DAE] -> 0x3335
[10561] [M]: 0x0000000080040DAC (0x33358593) addi a1, a1, 0x333
x11 <- 0x00000000B504F333
mem[X,0x0000000080040DB0] -> 0x0113
mem[X,0x0000000080040DB2] -> 0x0000
[10562] [M]: 0x0000000080040DB0 (0x00000113) addi sp, zero, 0x0
x2 <- 0x0000000000000000
mem[X,0x0000000080040DB4] -> 0x006F
mem[X,0x0000000080040DB6] -> 0x00C0
[10563] [M]: 0x0000000080040DB4 (0x00C0006F) jal zero, 0xc
mem[X,0x0000000080040DC0] -> 0x5863
mem[X,0x0000000080040DC2] -> 0x00B5
[10564] [M]: 0x0000000080040DC0 (0x00B55863) bge a0, a1, 0x10
mem[X,0x0000000080040DD0] -> 0x0113
mem[X,0x0000000080040DD2] -> 0x0031
[10565] [M]: 0x0000000080040DD0 (0x00310113) addi sp, sp, 0x3
x2 <- 0x0000000000000003
mem[X,0x0000000080040DD4] -> 0x006F
mem[X,0x0000000080040DD6] -> 0x0040
[10566] [M]: 0x0000000080040DD4 (0x0040006F) jal zero, 0x4
mem[X,0x0000000080040DD8] -> 0xB023
mem[X,0x0000000080040DDA] -> 0x3620
[10567] [M]: 0x0000000080040DD8 (0x3620B023) sd sp, 0x360(ra)
mem[0x0000000080049530] <- 0x0000000000000003
mem[X,0x0000000080040DDC] -> 0x0537
mem[X,0x0000000080040DDE] -> 0x0000
[10568] [M]: 0x0000000080040DDC (0x00000537) lui a0, 0x0
x10 <- 0x0000000000000000
mem[X,0x0000000080040DE0] -> 0x0513
mem[X,0x0000000080040DE2] -> 0x0005
[10569] [M]: 0x0000000080040DE0 (0x00050513) addi a0, a0, 0x0
x10 <- 0x0000000000000000
mem[X,0x0000000080040DE4] -> 0x1513
mem[X,0x0000000080040DE6] -> 0x00B5
[10570] [M]: 0x0000000080040DE4 (0x00B51513) slli a0, a0, 0xb
x10 <- 0x0000000000000000
mem[X,0x0000000080040DE8] -> 0x0513
mem[X,0x0000000080040DEA] -> 0x5A85
[10571] [M]: 0x0000000080040DE8 (0x5A850513) addi a0, a0, 0x5a8
x10 <- 0x00000000000005A8
mem[X,0x0000000080040DEC] -> 0x1513
mem[X,0x0000000080040DEE] -> 0x00B5
[10572] [M]: 0x0000000080040DEC (0x00B51513) slli a0, a0, 0xb
x10 <- 0x00000000002D4000
mem[X,0x0000000080040DF0] -> 0x0513
mem[X,0x0000000080040DF2] -> 0x13C5
[10573] [M]: 0x0000000080040DF0 (0x13C50513) addi a0, a0, 0x13c
x10 <- 0x00000000002D413C
mem[X,0x0000000080040DF4] -> 0x1513
mem[X,0x0000000080040DF6] -> 0x00A5
[10574] [M]: 0x0000000080040DF4 (0x00A51513) slli a0, a0, 0xa
x10 <- 0x00000000B504F000
mem[X,0x0000000080040DF8] -> 0x0513
mem[X,0x0000000080040DFA] -> 0x3345
[10575] [M]: 0x0000000080040DF8 (0x33450513) addi a0, a0, 0x334
x10 <- 0x00000000B504F334
mem[X,0x0000000080040DFC] -> 0x0593
mem[X,0x0000000080040DFE] -> 0x0020
[10576] [M]: 0x0000000080040DFC (0x00200593) addi a1, zero, 0x2
x11 <- 0x0000000000000002
mem[X,0x0000000080040E00] -> 0x0113
mem[X,0x0000000080040E02] -> 0x0000
[10577] [M]: 0x0000000080040E00 (0x00000113) addi sp, zero, 0x0
x2 <- 0x0000000000000000
mem[X,0x0000000080040E04] -> 0x006F
mem[X,0x0000000080040E06] -> 0x00C0
[10578] [M]: 0x0000000080040E04 (0x00C0006F) jal zero, 0xc
mem[X,0x0000000080040E10] -> 0x5CE3
mem[X,0x0000000080040E12] -> 0xFEB5
[10579] [M]: 0x0000000080040E10 (0xFEB55CE3) bge a0, a1, -0x8
mem[X,0x0000000080040E08] -> 0x0113
mem[X,0x0000000080040E0A] -> 0x0011
[10580] [M]: 0x0000000080040E08 (0x00110113) addi sp, sp, 0x1
x2 <- 0x0000000000000001
mem[X,0x0000000080040E0C] -> 0x006F
mem[X,0x0000000080040E0E] -> 0x0180
[10581] [M]: 0x0000000080040E0C (0x0180006F) jal zero, 0x18
mem[X,0x0000000080040E24] -> 0xB423
mem[X,0x0000000080040E26] -> 0x3620
[10582] [M]: 0x0000000080040E24 (0x3620B423) sd sp, 0x368(ra)
mem[0x0000000080049538] <- 0x0000000000000001
mem[X,0x0000000080040E28] -> 0x0537
mem[X,0x0000000080040E2A] -> 0x0000
[10583] [M]: 0x0000000080040E28 (0x00000537) lui a0, 0x0
x10 <- 0x0000000000000000
mem[X,0x0000000080040E2C] -> 0x0513
mem[X,0x0000000080040E2E] -> 0x0005
[10584] [M]: 0x0000000080040E2C (0x00050513) addi a0, a0, 0x0
x10 <- 0x0000000000000000
mem[X,0x0000000080040E30] -> 0x1513
mem[X,0x0000000080040E32] -> 0x00B5
[10585] [M]: 0x0000000080040E30 (0x00B51513) slli a0, a0, 0xb
x10 <- 0x0000000000000000
mem[X,0x0000000080040E34] -> 0x0513
mem[X,0x0000000080040E36] -> 0x5A85
[10586] [M]: 0x0000000080040E34 (0x5A850513) addi a0, a0, 0x5a8
x10 <- 0x00000000000005A8
mem[X,0x0000000080040E38] -> 0x1513
mem[X,0x0000000080040E3A] -> 0x00B5
[10587] [M]: 0x0000000080040E38 (0x00B51513) slli a0, a0, 0xb
x10 <- 0x00000000002D4000
mem[X,0x0000000080040E3C] -> 0x0513
mem[X,0x0000000080040E3E] -> 0x13C5
[10588] [M]: 0x0000000080040E3C (0x13C50513) addi a0, a0, 0x13c
x10 <- 0x00000000002D413C
mem[X,0x0000000080040E40] -> 0x1513
mem[X,0x0000000080040E42] -> 0x00A5
[10589] [M]: 0x0000000080040E40 (0x00A51513) slli a0, a0, 0xa
x10 <- 0x00000000B504F000
mem[X,0x0000000080040E44] -> 0x0513
mem[X,0x0000000080040E46] -> 0x3345
[10590] [M]: 0x0000000080040E44 (0x33450513) addi a0, a0, 0x334
x10 <- 0x00000000B504F334
mem[X,0x0000000080040E48] -> 0x55B7
mem[X,0x0000000080040E4A] -> 0x5555
[10591] [M]: 0x0000000080040E48 (0x555555B7) lui a1, 0x55555
x11 <- 0x0000000055555000
mem[X,0x0000000080040E4C] -> 0x8593
mem[X,0x0000000080040E4E] -> 0x5555
[10592] [M]: 0x0000000080040E4C (0x55558593) addi a1, a1, 0x555
x11 <- 0x0000000055555555
mem[X,0x0000000080040E50] -> 0x9593
mem[X,0x0000000080040E52] -> 0x00B5
[10593] [M]: 0x0000000080040E50 (0x00B59593) slli a1, a1, 0xb
x11 <- 0x000002AAAAAAA800
mem[X,0x0000000080040E54] -> 0x8593
mem[X,0x0000000080040E56] -> 0x2AA5
[10594] [M]: 0x0000000080040E54 (0x2AA58593) addi a1, a1, 0x2aa
x11 <- 0x000002AAAAAAAAAA
mem[X,0x0000000080040E58] -> 0x9593
mem[X,0x0000000080040E5A] -> 0x00B5
[10595] [M]: 0x0000000080040E58 (0x00B59593) slli a1, a1, 0xb
x11 <- 0x0015555555555000
mem[X,0x0000000080040E5C] -> 0x8593
mem[X,0x0000000080040E5E] -> 0x5555
[10596] [M]: 0x0000000080040E5C (0x55558593) addi a1, a1, 0x555
x11 <- 0x0015555555555555
mem[X,0x0000000080040E60] -> 0x9593
mem[X,0x0000000080040E62] -> 0x00A5
[10597] [M]: 0x0000000080040E60 (0x00A59593) slli a1, a1, 0xa
x11 <- 0x5555555555555400
mem[X,0x0000000080040E64] -> 0x8593
mem[X,0x0000000080040E66] -> 0x1545
[10598] [M]: 0x0000000080040E64 (0x15458593) addi a1, a1, 0x154
x11 <- 0x5555555555555554
mem[X,0x0000000080040E68] -> 0x0113
mem[X,0x0000000080040E6A] -> 0x0000
[10599] [M]: 0x0000000080040E68 (0x00000113) addi sp, zero, 0x0
x2 <- 0x0000000000000000
clint::tick mtime <- 0x000000000000006A
 clint timer pending at mtime 0x000000000000006A
htif::tick 0x0000000000000000
mem[X,0x0000000080040E6C] -> 0x006F
mem[X,0x0000000080040E6E] -> 0x00C0
[10600] [M]: 0x0000000080040E6C (0x00C0006F) jal zero, 0xc
mem[X,0x0000000080040E78] -> 0x5CE3
mem[X,0x0000000080040E7A] -> 0xFEB5
[10601] [M]: 0x0000000080040E78 (0xFEB55CE3) bge a0, a1, -0x8
mem[X,0x0000000080040E7C] -> 0x0113
mem[X,0x0000000080040E7E] -> 0x0021
[10602] [M]: 0x0000000080040E7C (0x00210113) addi sp, sp, 0x2
x2 <- 0x0000000000000002
mem[X,0x0000000080040E80] -> 0x006F
mem[X,0x0000000080040E82] -> 0x00C0
[10603] [M]: 0x0000000080040E80 (0x00C0006F) jal zero, 0xc
mem[X,0x0000000080040E8C] -> 0xB823
mem[X,0x0000000080040E8E] -> 0x3620
[10604] [M]: 0x0000000080040E8C (0x3620B823) sd sp, 0x370(ra)
mem[0x0000000080049540] <- 0x0000000000000002
mem[X,0x0000000080040E90] -> 0x0537
mem[X,0x0000000080040E92] -> 0x0000
[10605] [M]: 0x0000000080040E90 (0x00000537) lui a0, 0x0
x10 <- 0x0000000000000000
mem[X,0x0000000080040E94] -> 0x0513
mem[X,0x0000000080040E96] -> 0x0005
[10606] [M]: 0x0000000080040E94 (0x00050513) addi a0, a0, 0x0
x10 <- 0x0000000000000000
mem[X,0x0000000080040E98] -> 0x1513
mem[X,0x0000000080040E9A] -> 0x00B5
[10607] [M]: 0x0000000080040E98 (0x00B51513) slli a0, a0, 0xb
x10 <- 0x0000000000000000
mem[X,0x0000000080040E9C] -> 0x0513
mem[X,0x0000000080040E9E] -> 0x5A85
[10608] [M]: 0x0000000080040E9C (0x5A850513) addi a0, a0, 0x5a8
x10 <- 0x00000000000005A8
mem[X,0x0000000080040EA0] -> 0x1513
mem[X,0x0000000080040EA2] -> 0x00B5
[10609] [M]: 0x0000000080040EA0 (0x00B51513) slli a0, a0, 0xb
x10 <- 0x00000000002D4000
mem[X,0x0000000080040EA4] -> 0x0513
mem[X,0x0000000080040EA6] -> 0x13C5
[10610] [M]: 0x0000000080040EA4 (0x13C50513) addi a0, a0, 0x13c
x10 <- 0x00000000002D413C
mem[X,0x0000000080040EA8] -> 0x1513
mem[X,0x0000000080040EAA] -> 0x00A5
[10611] [M]: 0x0000000080040EA8 (0x00A51513) slli a0, a0, 0xa
x10 <- 0x00000000B504F000
mem[X,0x0000000080040EAC] -> 0x0513
mem[X,0x0000000080040EAE] -> 0x3345
[10612] [M]: 0x0000000080040EAC (0x33450513) addi a0, a0, 0x334
x10 <- 0x00000000B504F334
mem[X,0x0000000080040EB0] -> 0x0593
mem[X,0x0000000080040EB2] -> 0x0000
[10613] [M]: 0x0000000080040EB0 (0x00000593) addi a1, zero, 0x0
x11 <- 0x0000000000000000
mem[X,0x0000000080040EB4] -> 0x0113
mem[X,0x0000000080040EB6] -> 0x0000
[10614] [M]: 0x0000000080040EB4 (0x00000113) addi sp, zero, 0x0
x2 <- 0x0000000000000000
mem[X,0x0000000080040EB8] -> 0x006F
mem[X,0x0000000080040EBA] -> 0x00C0
[10615] [M]: 0x0000000080040EB8 (0x00C0006F) jal zero, 0xc
mem[X,0x0000000080040EC4] -> 0x5063
mem[X,0x0000000080040EC6] -> 0x20B5
[10616] [M]: 0x0000000080040EC4 (0x20B55063) bge a0, a1, 0x200
mem[X,0x00000000800410C4] -> 0x0113
mem[X,0x00000000800410C6] -> 0x0031
[10617] [M]: 0x00000000800410C4 (0x00310113) addi sp, sp, 0x3
x2 <- 0x0000000000000003
mem[X,0x00000000800410C8] -> 0x006F
mem[X,0x00000000800410CA] -> 0x0040
[10618] [M]: 0x00000000800410C8 (0x0040006F) jal zero, 0x4
mem[X,0x00000000800410CC] -> 0xBC23
mem[X,0x00000000800410CE] -> 0x3620
[10619] [M]: 0x00000000800410CC (0x3620BC23) sd sp, 0x378(ra)
mem[0x0000000080049548] <- 0x0000000000000003
mem[X,0x00000000800410D0] -> 0x0537
mem[X,0x00000000800410D2] -> 0x0000
[10620] [M]: 0x00000000800410D0 (0x00000537) lui a0, 0x0
x10 <- 0x0000000000000000
mem[X,0x00000000800410D4] -> 0x0513
mem[X,0x00000000800410D6] -> 0x0005
[10621] [M]: 0x00000000800410D4 (0x00050513) addi a0, a0, 0x0
x10 <- 0x0000000000000000
mem[X,0x00000000800410D8] -> 0x1513
mem[X,0x00000000800410DA] -> 0x00B5
[10622] [M]: 0x00000000800410D8 (0x00B51513) slli a0, a0, 0xb
x10 <- 0x0000000000000000
mem[X,0x00000000800410DC] -> 0x0513
mem[X,0x00000000800410DE] -> 0x5A85
[10623] [M]: 0x00000000800410DC (0x5A850513) addi a0, a0, 0x5a8
x10 <- 0x00000000000005A8
mem[X,0x00000000800410E0] -> 0x1513
mem[X,0x00000000800410E2] -> 0x00B5
[10624] [M]: 0x00000000800410E0 (0x00B51513) slli a0, a0, 0xb
x10 <- 0x00000000002D4000
mem[X,0x00000000800410E4] -> 0x0513
mem[X,0x00000000800410E6] -> 0x13C5
[10625] [M]: 0x00000000800410E4 (0x13C50513) addi a0, a0, 0x13c
x10 <- 0x00000000002D413C
mem[X,0x00000000800410E8] -> 0x1513
mem[X,0x00000000800410EA] -> 0x00A5
[10626] [M]: 0x00000000800410E8 (0x00A51513) slli a0, a0, 0xa
x10 <- 0x00000000B504F000
mem[X,0x00000000800410EC] -> 0x0513
mem[X,0x00000000800410EE] -> 0x3345
[10627] [M]: 0x00000000800410EC (0x33450513) addi a0, a0, 0x334
x10 <- 0x00000000B504F334
mem[X,0x00000000800410F0] -> 0x0593
mem[X,0x00000000800410F2] -> 0x0040
[10628] [M]: 0x00000000800410F0 (0x00400593) addi a1, zero, 0x4
x11 <- 0x0000000000000004
mem[X,0x00000000800410F4] -> 0x0113
mem[X,0x00000000800410F6] -> 0x0000
[10629] [M]: 0x00000000800410F4 (0x00000113) addi sp, zero, 0x0
x2 <- 0x0000000000000000
mem[X,0x00000000800410F8] -> 0x006F
mem[X,0x00000000800410FA] -> 0x2B10
[10630] [M]: 0x00000000800410F8 (0x2B10006F) jal zero, 0xab0
mem[X,0x0000000080041BA8] -> 0x5A63
mem[X,0x0000000080041BAA] -> 0xD4B5
[10631] [M]: 0x0000000080041BA8 (0xD4B55A63) bge a0, a1, -0xaac
mem[X,0x00000000800410FC] -> 0x0113
mem[X,0x00000000800410FE] -> 0x0011
[10632] [M]: 0x00000000800410FC (0x00110113) addi sp, sp, 0x1
x2 <- 0x0000000000000001
mem[X,0x0000000080041100] -> 0x006F
mem[X,0x0000000080041102] -> 0x2BD0
[10633] [M]: 0x0000000080041100 (0x2BD0006F) jal zero, 0xabc
mem[X,0x0000000080041BBC] -> 0xB023
mem[X,0x0000000080041BBE] -> 0x3820
[10634] [M]: 0x0000000080041BBC (0x3820B023) sd sp, 0x380(ra)
mem[0x0000000080049550] <- 0x0000000000000001
mem[X,0x0000000080041BC0] -> 0x0537
mem[X,0x0000000080041BC2] -> 0x0000
[10635] [M]: 0x0000000080041BC0 (0x00000537) lui a0, 0x0
x10 <- 0x0000000000000000
mem[X,0x0000000080041BC4] -> 0x0513
mem[X,0x0000000080041BC6] -> 0x0005
[10636] [M]: 0x0000000080041BC4 (0x00050513) addi a0, a0, 0x0
x10 <- 0x0000000000000000
mem[X,0x0000000080041BC8] -> 0x1513
mem[X,0x0000000080041BCA] -> 0x00B5
[10637] [M]: 0x0000000080041BC8 (0x00B51513) slli a0, a0, 0xb
x10 <- 0x0000000000000000
mem[X,0x0000000080041BCC] -> 0x0513
mem[X,0x0000000080041BCE] -> 0x5A85
[10638] [M]: 0x0000000080041BCC (0x5A850513) addi a0, a0, 0x5a8
x10 <- 0x00000000000005A8
mem[X,0x0000000080041BD0] -> 0x1513
mem[X,0x0000000080041BD2] -> 0x00B5
[10639] [M]: 0x0000000080041BD0 (0x00B51513) slli a0, a0, 0xb
x10 <- 0x00000000002D4000
mem[X,0x0000000080041BD4] -> 0x0513
mem[X,0x0000000080041BD6] -> 0x13C5
[10640] [M]: 0x0000000080041BD4 (0x13C50513) addi a0, a0, 0x13c
x10 <- 0x00000000002D413C
mem[X,0x0000000080041BD8] -> 0x1513
mem[X,0x0000000080041BDA] -> 0x00A5
[10641] [M]: 0x0000000080041BD8 (0x00A51513) slli a0, a0, 0xa
x10 <- 0x00000000B504F000
mem[X,0x0000000080041BDC] -> 0x0513
mem[X,0x0000000080041BDE] -> 0x3345
[10642] [M]: 0x0000000080041BDC (0x33450513) addi a0, a0, 0x334
x10 <- 0x00000000B504F334
mem[X,0x0000000080041BE0] -> 0x35B7
mem[X,0x0000000080041BE2] -> 0x3333
[10643] [M]: 0x0000000080041BE0 (0x333335B7) lui a1, 0x33333
x11 <- 0x0000000033333000
mem[X,0x0000000080041BE4] -> 0x8593
mem[X,0x0000000080041BE6] -> 0x3335
[10644] [M]: 0x0000000080041BE4 (0x33358593) addi a1, a1, 0x333
x11 <- 0x0000000033333333
mem[X,0x0000000080041BE8] -> 0x9593
mem[X,0x0000000080041BEA] -> 0x00B5
[10645] [M]: 0x0000000080041BE8 (0x00B59593) slli a1, a1, 0xb
x11 <- 0x0000019999999800
mem[X,0x0000000080041BEC] -> 0x8593
mem[X,0x0000000080041BEE] -> 0x1995
[10646] [M]: 0x0000000080041BEC (0x19958593) addi a1, a1, 0x199
x11 <- 0x0000019999999999
mem[X,0x0000000080041BF0] -> 0x9593
mem[X,0x0000000080041BF2] -> 0x00B5
[10647] [M]: 0x0000000080041BF0 (0x00B59593) slli a1, a1, 0xb
x11 <- 0x000CCCCCCCCCC800
mem[X,0x0000000080041BF4] -> 0x8593
mem[X,0x0000000080041BF6] -> 0x4CC5
[10648] [M]: 0x0000000080041BF4 (0x4CC58593) addi a1, a1, 0x4cc
x11 <- 0x000CCCCCCCCCCCCC
mem[X,0x0000000080041BF8] -> 0x9593
mem[X,0x0000000080041BFA] -> 0x00A5
[10649] [M]: 0x0000000080041BF8 (0x00A59593) slli a1, a1, 0xa
x11 <- 0x3333333333333000
mem[X,0x0000000080041BFC] -> 0x8593
mem[X,0x0000000080041BFE] -> 0x3325
[10650] [M]: 0x0000000080041BFC (0x33258593) addi a1, a1, 0x332
x11 <- 0x3333333333333332
mem[X,0x0000000080041C00] -> 0x0113
mem[X,0x0000000080041C02] -> 0x0000
[10651] [M]: 0x0000000080041C00 (0x00000113) addi sp, zero, 0x0
x2 <- 0x0000000000000000
mem[X,0x0000000080041C04] -> 0x006F
mem[X,0x0000000080041C06] -> 0x00C0
[10652] [M]: 0x0000000080041C04 (0x00C0006F) jal zero, 0xc
mem[X,0x0000000080041C10] -> 0x5663
mem[X,0x0000000080041C12] -> 0x00B5
[10653] [M]: 0x0000000080041C10 (0x00B55663) bge a0, a1, 0xc
mem[X,0x0000000080041C14] -> 0x0113
mem[X,0x0000000080041C16] -> 0x0021
[10654] [M]: 0x0000000080041C14 (0x00210113) addi sp, sp, 0x2
x2 <- 0x0000000000000002
mem[X,0x0000000080041C18] -> 0x006F
mem[X,0x0000000080041C1A] -> 0x00C0
[10655] [M]: 0x0000000080041C18 (0x00C0006F) jal zero, 0xc
mem[X,0x0000000080041C24] -> 0xB423
mem[X,0x0000000080041C26] -> 0x3820
[10656] [M]: 0x0000000080041C24 (0x3820B423) sd sp, 0x388(ra)
mem[0x0000000080049558] <- 0x0000000000000002
mem[X,0x0000000080041C28] -> 0x0537
mem[X,0x0000000080041C2A] -> 0x0000
[10657] [M]: 0x0000000080041C28 (0x00000537) lui a0, 0x0
x10 <- 0x0000000000000000
mem[X,0x0000000080041C2C] -> 0x0513
mem[X,0x0000000080041C2E] -> 0x0005
[10658] [M]: 0x0000000080041C2C (0x00050513) addi a0, a0, 0x0
x10 <- 0x0000000000000000
mem[X,0x0000000080041C30] -> 0x1513
mem[X,0x0000000080041C32] -> 0x00B5
[10659] [M]: 0x0000000080041C30 (0x00B51513) slli a0, a0, 0xb
x10 <- 0x0000000000000000
mem[X,0x0000000080041C34] -> 0x0513
mem[X,0x0000000080041C36] -> 0x5A85
[10660] [M]: 0x0000000080041C34 (0x5A850513) addi a0, a0, 0x5a8
x10 <- 0x00000000000005A8
mem[X,0x0000000080041C38] -> 0x1513
mem[X,0x0000000080041C3A] -> 0x00B5
[10661] [M]: 0x0000000080041C38 (0x00B51513) slli a0, a0, 0xb
x10 <- 0x00000000002D4000
mem[X,0x0000000080041C3C] -> 0x0513
mem[X,0x0000000080041C3E] -> 0x13C5
[10662] [M]: 0x0000000080041C3C (0x13C50513) addi a0, a0, 0x13c
x10 <- 0x00000000002D413C
mem[X,0x0000000080041C40] -> 0x1513
mem[X,0x0000000080041C42] -> 0x00A5
[10663] [M]: 0x0000000080041C40 (0x00A51513) slli a0, a0, 0xa
x10 <- 0x00000000B504F000
mem[X,0x0000000080041C44] -> 0x0513
mem[X,0x0000000080041C46] -> 0x3345
[10664] [M]: 0x0000000080041C44 (0x33450513) addi a0, a0, 0x334
x10 <- 0x00000000B504F334
mem[X,0x0000000080041C48] -> 0x65B7
mem[X,0x0000000080041C4A] -> 0x6666
[10665] [M]: 0x0000000080041C48 (0x666665B7) lui a1, 0x66666
x11 <- 0x0000000066666000
mem[X,0x0000000080041C4C] -> 0x8593
mem[X,0x0000000080041C4E] -> 0x6665
[10666] [M]: 0x0000000080041C4C (0x66658593) addi a1, a1, 0x666
x11 <- 0x0000000066666666
mem[X,0x0000000080041C50] -> 0x9593
mem[X,0x0000000080041C52] -> 0x00B5
[10667] [M]: 0x0000000080041C50 (0x00B59593) slli a1, a1, 0xb
x11 <- 0x0000033333333000
mem[X,0x0000000080041C54] -> 0x8593
mem[X,0x0000000080041C56] -> 0x3335
[10668] [M]: 0x0000000080041C54 (0x33358593) addi a1, a1, 0x333
x11 <- 0x0000033333333333
mem[X,0x0000000080041C58] -> 0x9593
mem[X,0x0000000080041C5A] -> 0x00B5
[10669] [M]: 0x0000000080041C58 (0x00B59593) slli a1, a1, 0xb
x11 <- 0x0019999999999800
mem[X,0x0000000080041C5C] -> 0x8593
mem[X,0x0000000080041C5E] -> 0x1995
[10670] [M]: 0x0000000080041C5C (0x19958593) addi a1, a1, 0x199
x11 <- 0x0019999999999999
mem[X,0x0000000080041C60] -> 0x9593
mem[X,0x0000000080041C62] -> 0x00A5
[10671] [M]: 0x0000000080041C60 (0x00A59593) slli a1, a1, 0xa
x11 <- 0x6666666666666400
mem[X,0x0000000080041C64] -> 0x8593
mem[X,0x0000000080041C66] -> 0x2655
[10672] [M]: 0x0000000080041C64 (0x26558593) addi a1, a1, 0x265
x11 <- 0x6666666666666665
mem[X,0x0000000080041C68] -> 0x0113
mem[X,0x0000000080041C6A] -> 0x0000
[10673] [M]: 0x0000000080041C68 (0x00000113) addi sp, zero, 0x0
x2 <- 0x0000000000000000
mem[X,0x0000000080041C6C] -> 0x006F
mem[X,0x0000000080041C6E] -> 0x00C0
[10674] [M]: 0x0000000080041C6C (0x00C0006F) jal zero, 0xc
mem[X,0x0000000080041C78] -> 0x5063
mem[X,0x0000000080041C7A] -> 0x10B5
[10675] [M]: 0x0000000080041C78 (0x10B55063) bge a0, a1, 0x100
mem[X,0x0000000080041C7C] -> 0x0113
mem[X,0x0000000080041C7E] -> 0x0021
[10676] [M]: 0x0000000080041C7C (0x00210113) addi sp, sp, 0x2
x2 <- 0x0000000000000002
mem[X,0x0000000080041C80] -> 0x006F
mem[X,0x0000000080041C82] -> 0x1000
[10677] [M]: 0x0000000080041C80 (0x1000006F) jal zero, 0x100
mem[X,0x0000000080041D80] -> 0xB823
mem[X,0x0000000080041D82] -> 0x3820
[10678] [M]: 0x0000000080041D80 (0x3820B823) sd sp, 0x390(ra)
mem[0x0000000080049560] <- 0x0000000000000002
mem[X,0x0000000080041D84] -> 0x0537
mem[X,0x0000000080041D86] -> 0x0000
[10679] [M]: 0x0000000080041D84 (0x00000537) lui a0, 0x0
x10 <- 0x0000000000000000
mem[X,0x0000000080041D88] -> 0x0513
mem[X,0x0000000080041D8A] -> 0x0005
[10680] [M]: 0x0000000080041D88 (0x00050513) addi a0, a0, 0x0
x10 <- 0x0000000000000000
mem[X,0x0000000080041D8C] -> 0x1513
mem[X,0x0000000080041D8E] -> 0x00B5
[10681] [M]: 0x0000000080041D8C (0x00B51513) slli a0, a0, 0xb
x10 <- 0x0000000000000000
mem[X,0x0000000080041D90] -> 0x0513
mem[X,0x0000000080041D92] -> 0x5A85
[10682] [M]: 0x0000000080041D90 (0x5A850513) addi a0, a0, 0x5a8
x10 <- 0x00000000000005A8
mem[X,0x0000000080041D94] -> 0x1513
mem[X,0x0000000080041D96] -> 0x00B5
[10683] [M]: 0x0000000080041D94 (0x00B51513) slli a0, a0, 0xb
x10 <- 0x00000000002D4000
mem[X,0x0000000080041D98] -> 0x0513
mem[X,0x0000000080041D9A] -> 0x13C5
[10684] [M]: 0x0000000080041D98 (0x13C50513) addi a0, a0, 0x13c
x10 <- 0x00000000002D413C
mem[X,0x0000000080041D9C] -> 0x1513
mem[X,0x0000000080041D9E] -> 0x00A5
[10685] [M]: 0x0000000080041D9C (0x00A51513) slli a0, a0, 0xa
x10 <- 0x00000000B504F000
mem[X,0x0000000080041DA0] -> 0x0513
mem[X,0x0000000080041DA2] -> 0x3345
[10686] [M]: 0x0000000080041DA0 (0x33450513) addi a0, a0, 0x334
x10 <- 0x00000000B504F334
mem[X,0x0000000080041DA4] -> 0x05B7
mem[X,0x0000000080041DA6] -> 0x0000
[10687] [M]: 0x0000000080041DA4 (0x000005B7) lui a1, 0x0
x11 <- 0x0000000000000000
mem[X,0x0000000080041DA8] -> 0x8593
mem[X,0x0000000080041DAA] -> 0x0005
[10688] [M]: 0x0000000080041DA8 (0x00058593) addi a1, a1, 0x0
x11 <- 0x0000000000000000
mem[X,0x0000000080041DAC] -> 0x9593
mem[X,0x0000000080041DAE] -> 0x00B5
[10689] [M]: 0x0000000080041DAC (0x00B59593) slli a1, a1, 0xb
x11 <- 0x0000000000000000
mem[X,0x0000000080041DB0] -> 0x8593
mem[X,0x0000000080041DB2] -> 0x5A85
[10690] [M]: 0x0000000080041DB0 (0x5A858593) addi a1, a1, 0x5a8
x11 <- 0x00000000000005A8
mem[X,0x0000000080041DB4] -> 0x9593
mem[X,0x0000000080041DB6] -> 0x00B5
[10691] [M]: 0x0000000080041DB4 (0x00B59593) slli a1, a1, 0xb
x11 <- 0x00000000002D4000
mem[X,0x0000000080041DB8] -> 0x8593
mem[X,0x0000000080041DBA] -> 0x13C5
[10692] [M]: 0x0000000080041DB8 (0x13C58593) addi a1, a1, 0x13c
x11 <- 0x00000000002D413C
mem[X,0x0000000080041DBC] -> 0x9593
mem[X,0x0000000080041DBE] -> 0x00A5
[10693] [M]: 0x0000000080041DBC (0x00A59593) slli a1, a1, 0xa
x11 <- 0x00000000B504F000
mem[X,0x0000000080041DC0] -> 0x8593
mem[X,0x0000000080041DC2] -> 0x3325
[10694] [M]: 0x0000000080041DC0 (0x33258593) addi a1, a1, 0x332
x11 <- 0x00000000B504F332
mem[X,0x0000000080041DC4] -> 0x0113
mem[X,0x0000000080041DC6] -> 0x0000
[10695] [M]: 0x0000000080041DC4 (0x00000113) addi sp, zero, 0x0
x2 <- 0x0000000000000000
mem[X,0x0000000080041DC8] -> 0x006F
mem[X,0x0000000080041DCA] -> 0x00C0
[10696] [M]: 0x0000000080041DC8 (0x00C0006F) jal zero, 0xc
mem[X,0x0000000080041DD4] -> 0x5863
mem[X,0x0000000080041DD6] -> 0x00B5
[10697] [M]: 0x0000000080041DD4 (0x00B55863) bge a0, a1, 0x10
mem[X,0x0000000080041DE4] -> 0x0113
mem[X,0x0000000080041DE6] -> 0x0031
[10698] [M]: 0x0000000080041DE4 (0x00310113) addi sp, sp, 0x3
x2 <- 0x0000000000000003
mem[X,0x0000000080041DE8] -> 0x006F
mem[X,0x0000000080041DEA] -> 0x0040
[10699] [M]: 0x0000000080041DE8 (0x0040006F) jal zero, 0x4
clint::tick mtime <- 0x000000000000006B
 clint timer pending at mtime 0x000000000000006B
htif::tick 0x0000000000000000
mem[X,0x0000000080041DEC] -> 0xBC23
mem[X,0x0000000080041DEE] -> 0x3820
[10700] [M]: 0x0000000080041DEC (0x3820BC23) sd sp, 0x398(ra)
mem[0x0000000080049568] <- 0x0000000000000003
mem[X,0x0000000080041DF0] -> 0x0537
mem[X,0x0000000080041DF2] -> 0x0000
[10701] [M]: 0x0000000080041DF0 (0x00000537) lui a0, 0x0
x10 <- 0x0000000000000000
mem[X,0x0000000080041DF4] -> 0x0513
mem[X,0x0000000080041DF6] -> 0x0005
[10702] [M]: 0x0000000080041DF4 (0x00050513) addi a0, a0, 0x0
x10 <- 0x0000000000000000
mem[X,0x0000000080041DF8] -> 0x1513
mem[X,0x0000000080041DFA] -> 0x00B5
[10703] [M]: 0x0000000080041DF8 (0x00B51513) slli a0, a0, 0xb
x10 <- 0x0000000000000000
mem[X,0x0000000080041DFC] -> 0x0513
mem[X,0x0000000080041DFE] -> 0x5A85
[10704] [M]: 0x0000000080041DFC (0x5A850513) addi a0, a0, 0x5a8
x10 <- 0x00000000000005A8
mem[X,0x0000000080041E00] -> 0x1513
mem[X,0x0000000080041E02] -> 0x00B5
[10705] [M]: 0x0000000080041E00 (0x00B51513) slli a0, a0, 0xb
x10 <- 0x00000000002D4000
mem[X,0x0000000080041E04] -> 0x0513
mem[X,0x0000000080041E06] -> 0x13C5
[10706] [M]: 0x0000000080041E04 (0x13C50513) addi a0, a0, 0x13c
x10 <- 0x00000000002D413C
mem[X,0x0000000080041E08] -> 0x1513
mem[X,0x0000000080041E0A] -> 0x00A5
[10707] [M]: 0x0000000080041E08 (0x00A51513) slli a0, a0, 0xa
x10 <- 0x00000000B504F000
mem[X,0x0000000080041E0C] -> 0x0513
mem[X,0x0000000080041E0E] -> 0x3345
[10708] [M]: 0x0000000080041E0C (0x33450513) addi a0, a0, 0x334
x10 <- 0x00000000B504F334
mem[X,0x0000000080041E10] -> 0x55B7
mem[X,0x0000000080041E12] -> 0x5555
[10709] [M]: 0x0000000080041E10 (0x555555B7) lui a1, 0x55555
x11 <- 0x0000000055555000
mem[X,0x0000000080041E14] -> 0x8593
mem[X,0x0000000080041E16] -> 0x5555
[10710] [M]: 0x0000000080041E14 (0x55558593) addi a1, a1, 0x555
x11 <- 0x0000000055555555
mem[X,0x0000000080041E18] -> 0x9593
mem[X,0x0000000080041E1A] -> 0x00B5
[10711] [M]: 0x0000000080041E18 (0x00B59593) slli a1, a1, 0xb
x11 <- 0x000002AAAAAAA800
mem[X,0x0000000080041E1C] -> 0x8593
mem[X,0x0000000080041E1E] -> 0x2AA5
[10712] [M]: 0x0000000080041E1C (0x2AA58593) addi a1, a1, 0x2aa
x11 <- 0x000002AAAAAAAAAA
mem[X,0x0000000080041E20] -> 0x9593
mem[X,0x0000000080041E22] -> 0x00B5
[10713] [M]: 0x0000000080041E20 (0x00B59593) slli a1, a1, 0xb
x11 <- 0x0015555555555000
mem[X,0x0000000080041E24] -> 0x8593
mem[X,0x0000000080041E26] -> 0x5555
[10714] [M]: 0x0000000080041E24 (0x55558593) addi a1, a1, 0x555
x11 <- 0x0015555555555555
mem[X,0x0000000080041E28] -> 0x9593
mem[X,0x0000000080041E2A] -> 0x00A5
[10715] [M]: 0x0000000080041E28 (0x00A59593) slli a1, a1, 0xa
x11 <- 0x5555555555555400
mem[X,0x0000000080041E2C] -> 0x8593
mem[X,0x0000000080041E2E] -> 0x1565
[10716] [M]: 0x0000000080041E2C (0x15658593) addi a1, a1, 0x156
x11 <- 0x5555555555555556
mem[X,0x0000000080041E30] -> 0x0113
mem[X,0x0000000080041E32] -> 0x0000
[10717] [M]: 0x0000000080041E30 (0x00000113) addi sp, zero, 0x0
x2 <- 0x0000000000000000
mem[X,0x0000000080041E34] -> 0x006F
mem[X,0x0000000080041E36] -> 0x0140
[10718] [M]: 0x0000000080041E34 (0x0140006F) jal zero, 0x14
mem[X,0x0000000080041E48] -> 0x58E3
mem[X,0x0000000080041E4A] -> 0xFEB5
[10719] [M]: 0x0000000080041E48 (0xFEB558E3) bge a0, a1, -0x10
mem[X,0x0000000080041E4C] -> 0x0113
mem[X,0x0000000080041E4E] -> 0x0021
[10720] [M]: 0x0000000080041E4C (0x00210113) addi sp, sp, 0x2
x2 <- 0x0000000000000002
mem[X,0x0000000080041E50] -> 0x006F
mem[X,0x0000000080041E52] -> 0x00C0
[10721] [M]: 0x0000000080041E50 (0x00C0006F) jal zero, 0xc
mem[X,0x0000000080041E5C] -> 0xB023
mem[X,0x0000000080041E5E] -> 0x3A20
[10722] [M]: 0x0000000080041E5C (0x3A20B023) sd sp, 0x3a0(ra)
mem[0x0000000080049570] <- 0x0000000000000002
mem[X,0x0000000080041E60] -> 0x0537
mem[X,0x0000000080041E62] -> 0x0000
[10723] [M]: 0x0000000080041E60 (0x00000537) lui a0, 0x0
x10 <- 0x0000000000000000
mem[X,0x0000000080041E64] -> 0x0513
mem[X,0x0000000080041E66] -> 0x0005
[10724] [M]: 0x0000000080041E64 (0x00050513) addi a0, a0, 0x0
x10 <- 0x0000000000000000
mem[X,0x0000000080041E68] -> 0x1513
mem[X,0x0000000080041E6A] -> 0x00B5
[10725] [M]: 0x0000000080041E68 (0x00B51513) slli a0, a0, 0xb
x10 <- 0x0000000000000000
mem[X,0x0000000080041E6C] -> 0x0513
mem[X,0x0000000080041E6E] -> 0x5A85
[10726] [M]: 0x0000000080041E6C (0x5A850513) addi a0, a0, 0x5a8
x10 <- 0x00000000000005A8
mem[X,0x0000000080041E70] -> 0x1513
mem[X,0x0000000080041E72] -> 0x00B5
[10727] [M]: 0x0000000080041E70 (0x00B51513) slli a0, a0, 0xb
x10 <- 0x00000000002D4000
mem[X,0x0000000080041E74] -> 0x0513
mem[X,0x0000000080041E76] -> 0x13C5
[10728] [M]: 0x0000000080041E74 (0x13C50513) addi a0, a0, 0x13c
x10 <- 0x00000000002D413C
mem[X,0x0000000080041E78] -> 0x1513
mem[X,0x0000000080041E7A] -> 0x00A5
[10729] [M]: 0x0000000080041E78 (0x00A51513) slli a0, a0, 0xa
x10 <- 0x00000000B504F000
mem[X,0x0000000080041E7C] -> 0x0513
mem[X,0x0000000080041E7E] -> 0x3345
[10730] [M]: 0x0000000080041E7C (0x33450513) addi a0, a0, 0x334
x10 <- 0x00000000B504F334
mem[X,0x0000000080041E80] -> 0xB5B7
mem[X,0x0000000080041E82] -> 0xAAAA
[10731] [M]: 0x0000000080041E80 (0xAAAAB5B7) lui a1, -0x55555
x11 <- 0xFFFFFFFFAAAAB000
mem[X,0x0000000080041E84] -> 0x8593
mem[X,0x0000000080041E86] -> 0xAAA5
[10732] [M]: 0x0000000080041E84 (0xAAA58593) addi a1, a1, -0x556
x11 <- 0xFFFFFFFFAAAAAAAA
mem[X,0x0000000080041E88] -> 0x9593
mem[X,0x0000000080041E8A] -> 0x00B5
[10733] [M]: 0x0000000080041E88 (0x00B59593) slli a1, a1, 0xb
x11 <- 0xFFFFFD5555555000
mem[X,0x0000000080041E8C] -> 0x8593
mem[X,0x0000000080041E8E] -> 0x5555
[10734] [M]: 0x0000000080041E8C (0x55558593) addi a1, a1, 0x555
x11 <- 0xFFFFFD5555555555
mem[X,0x0000000080041E90] -> 0x9593
mem[X,0x0000000080041E92] -> 0x00B5
[10735] [M]: 0x0000000080041E90 (0x00B59593) slli a1, a1, 0xb
x11 <- 0xFFEAAAAAAAAAA800
mem[X,0x0000000080041E94] -> 0x8593
mem[X,0x0000000080041E96] -> 0x2AA5
[10736] [M]: 0x0000000080041E94 (0x2AA58593) addi a1, a1, 0x2aa
x11 <- 0xFFEAAAAAAAAAAAAA
mem[X,0x0000000080041E98] -> 0x9593
mem[X,0x0000000080041E9A] -> 0x00A5
[10737] [M]: 0x0000000080041E98 (0x00A59593) slli a1, a1, 0xa
x11 <- 0xAAAAAAAAAAAAA800
mem[X,0x0000000080041E9C] -> 0x8593
mem[X,0x0000000080041E9E] -> 0x2AB5
[10738] [M]: 0x0000000080041E9C (0x2AB58593) addi a1, a1, 0x2ab
x11 <- 0xAAAAAAAAAAAAAAAB
mem[X,0x0000000080041EA0] -> 0x0113
mem[X,0x0000000080041EA2] -> 0x0000
[10739] [M]: 0x0000000080041EA0 (0x00000113) addi sp, zero, 0x0
x2 <- 0x0000000000000000
mem[X,0x0000000080041EA4] -> 0x006F
mem[X,0x0000000080041EA6] -> 0x2B10
[10740] [M]: 0x0000000080041EA4 (0x2B10006F) jal zero, 0xab0
mem[X,0x0000000080042954] -> 0x5A63
mem[X,0x0000000080042956] -> 0xD4B5
[10741] [M]: 0x0000000080042954 (0xD4B55A63) bge a0, a1, -0xaac
mem[X,0x0000000080041EA8] -> 0x0113
mem[X,0x0000000080041EAA] -> 0x0011
[10742] [M]: 0x0000000080041EA8 (0x00110113) addi sp, sp, 0x1
x2 <- 0x0000000000000001
mem[X,0x0000000080041EAC] -> 0x006F
mem[X,0x0000000080041EAE] -> 0x2BD0
[10743] [M]: 0x0000000080041EAC (0x2BD0006F) jal zero, 0xabc
mem[X,0x0000000080042968] -> 0xB423
mem[X,0x000000008004296A] -> 0x3A20
[10744] [M]: 0x0000000080042968 (0x3A20B423) sd sp, 0x3a8(ra)
mem[0x0000000080049578] <- 0x0000000000000001
mem[X,0x000000008004296C] -> 0x0537
mem[X,0x000000008004296E] -> 0x0000
[10745] [M]: 0x000000008004296C (0x00000537) lui a0, 0x0
x10 <- 0x0000000000000000
mem[X,0x0000000080042970] -> 0x0513
mem[X,0x0000000080042972] -> 0x0005
[10746] [M]: 0x0000000080042970 (0x00050513) addi a0, a0, 0x0
x10 <- 0x0000000000000000
mem[X,0x0000000080042974] -> 0x1513
mem[X,0x0000000080042976] -> 0x00B5
[10747] [M]: 0x0000000080042974 (0x00B51513) slli a0, a0, 0xb
x10 <- 0x0000000000000000
mem[X,0x0000000080042978] -> 0x0513
mem[X,0x000000008004297A] -> 0x5A85
[10748] [M]: 0x0000000080042978 (0x5A850513) addi a0, a0, 0x5a8
x10 <- 0x00000000000005A8
mem[X,0x000000008004297C] -> 0x1513
mem[X,0x000000008004297E] -> 0x00B5
[10749] [M]: 0x000000008004297C (0x00B51513) slli a0, a0, 0xb
x10 <- 0x00000000002D4000
mem[X,0x0000000080042980] -> 0x0513
mem[X,0x0000000080042982] -> 0x13C5
[10750] [M]: 0x0000000080042980 (0x13C50513) addi a0, a0, 0x13c
x10 <- 0x00000000002D413C
mem[X,0x0000000080042984] -> 0x1513
mem[X,0x0000000080042986] -> 0x00A5
[10751] [M]: 0x0000000080042984 (0x00A51513) slli a0, a0, 0xa
x10 <- 0x00000000B504F000
mem[X,0x0000000080042988] -> 0x0513
mem[X,0x000000008004298A] -> 0x3345
[10752] [M]: 0x0000000080042988 (0x33450513) addi a0, a0, 0x334
x10 <- 0x00000000B504F334
mem[X,0x000000008004298C] -> 0x0593
mem[X,0x000000008004298E] -> 0x0060
[10753] [M]: 0x000000008004298C (0x00600593) addi a1, zero, 0x6
x11 <- 0x0000000000000006
mem[X,0x0000000080042990] -> 0x0113
mem[X,0x0000000080042992] -> 0x0000
[10754] [M]: 0x0000000080042990 (0x00000113) addi sp, zero, 0x0
x2 <- 0x0000000000000000
mem[X,0x0000000080042994] -> 0x006F
mem[X,0x0000000080042996] -> 0x00C0
[10755] [M]: 0x0000000080042994 (0x00C0006F) jal zero, 0xc
mem[X,0x00000000800429A0] -> 0x5663
mem[X,0x00000000800429A2] -> 0x00B5
[10756] [M]: 0x00000000800429A0 (0x00B55663) bge a0, a1, 0xc
mem[X,0x00000000800429AC] -> 0x0113
mem[X,0x00000000800429AE] -> 0x0031
[10757] [M]: 0x00000000800429AC (0x00310113) addi sp, sp, 0x3
x2 <- 0x0000000000000003
mem[X,0x00000000800429B0] -> 0x006F
mem[X,0x00000000800429B2] -> 0x0040
[10758] [M]: 0x00000000800429B0 (0x0040006F) jal zero, 0x4
mem[X,0x00000000800429B4] -> 0xB823
mem[X,0x00000000800429B6] -> 0x3A20
[10759] [M]: 0x00000000800429B4 (0x3A20B823) sd sp, 0x3b0(ra)
mem[0x0000000080049580] <- 0x0000000000000003
mem[X,0x00000000800429B8] -> 0x0537
mem[X,0x00000000800429BA] -> 0x0000
[10760] [M]: 0x00000000800429B8 (0x00000537) lui a0, 0x0
x10 <- 0x0000000000000000
mem[X,0x00000000800429BC] -> 0x0513
mem[X,0x00000000800429BE] -> 0x0005
[10761] [M]: 0x00000000800429BC (0x00050513) addi a0, a0, 0x0
x10 <- 0x0000000000000000
mem[X,0x00000000800429C0] -> 0x1513
mem[X,0x00000000800429C2] -> 0x00B5
[10762] [M]: 0x00000000800429C0 (0x00B51513) slli a0, a0, 0xb
x10 <- 0x0000000000000000
mem[X,0x00000000800429C4] -> 0x0513
mem[X,0x00000000800429C6] -> 0x5A85
[10763] [M]: 0x00000000800429C4 (0x5A850513) addi a0, a0, 0x5a8
x10 <- 0x00000000000005A8
mem[X,0x00000000800429C8] -> 0x1513
mem[X,0x00000000800429CA] -> 0x00B5
[10764] [M]: 0x00000000800429C8 (0x00B51513) slli a0, a0, 0xb
x10 <- 0x00000000002D4000
mem[X,0x00000000800429CC] -> 0x0513
mem[X,0x00000000800429CE] -> 0x13C5
[10765] [M]: 0x00000000800429CC (0x13C50513) addi a0, a0, 0x13c
x10 <- 0x00000000002D413C
mem[X,0x00000000800429D0] -> 0x1513
mem[X,0x00000000800429D2] -> 0x00A5
[10766] [M]: 0x00000000800429D0 (0x00A51513) slli a0, a0, 0xa
x10 <- 0x00000000B504F000
mem[X,0x00000000800429D4] -> 0x0513
mem[X,0x00000000800429D6] -> 0x3345
[10767] [M]: 0x00000000800429D4 (0x33450513) addi a0, a0, 0x334
x10 <- 0x00000000B504F334
mem[X,0x00000000800429D8] -> 0x35B7
mem[X,0x00000000800429DA] -> 0x3333
[10768] [M]: 0x00000000800429D8 (0x333335B7) lui a1, 0x33333
x11 <- 0x0000000033333000
mem[X,0x00000000800429DC] -> 0x8593
mem[X,0x00000000800429DE] -> 0x3335
[10769] [M]: 0x00000000800429DC (0x33358593) addi a1, a1, 0x333
x11 <- 0x0000000033333333
mem[X,0x00000000800429E0] -> 0x9593
mem[X,0x00000000800429E2] -> 0x00B5
[10770] [M]: 0x00000000800429E0 (0x00B59593) slli a1, a1, 0xb
x11 <- 0x0000019999999800
mem[X,0x00000000800429E4] -> 0x8593
mem[X,0x00000000800429E6] -> 0x1995
[10771] [M]: 0x00000000800429E4 (0x19958593) addi a1, a1, 0x199
x11 <- 0x0000019999999999
mem[X,0x00000000800429E8] -> 0x9593
mem[X,0x00000000800429EA] -> 0x00B5
[10772] [M]: 0x00000000800429E8 (0x00B59593) slli a1, a1, 0xb
x11 <- 0x000CCCCCCCCCC800
mem[X,0x00000000800429EC] -> 0x8593
mem[X,0x00000000800429EE] -> 0x4CC5
[10773] [M]: 0x00000000800429EC (0x4CC58593) addi a1, a1, 0x4cc
x11 <- 0x000CCCCCCCCCCCCC
mem[X,0x00000000800429F0] -> 0x9593
mem[X,0x00000000800429F2] -> 0x00A5
[10774] [M]: 0x00000000800429F0 (0x00A59593) slli a1, a1, 0xa
x11 <- 0x3333333333333000
mem[X,0x00000000800429F4] -> 0x8593
mem[X,0x00000000800429F6] -> 0x3345
[10775] [M]: 0x00000000800429F4 (0x33458593) addi a1, a1, 0x334
x11 <- 0x3333333333333334
mem[X,0x00000000800429F8] -> 0x0113
mem[X,0x00000000800429FA] -> 0x0000
[10776] [M]: 0x00000000800429F8 (0x00000113) addi sp, zero, 0x0
x2 <- 0x0000000000000000
mem[X,0x00000000800429FC] -> 0x006F
mem[X,0x00000000800429FE] -> 0x00C0
[10777] [M]: 0x00000000800429FC (0x00C0006F) jal zero, 0xc
mem[X,0x0000000080042A08] -> 0x5663
mem[X,0x0000000080042A0A] -> 0x00B5
[10778] [M]: 0x0000000080042A08 (0x00B55663) bge a0, a1, 0xc
mem[X,0x0000000080042A0C] -> 0x0113
mem[X,0x0000000080042A0E] -> 0x0021
[10779] [M]: 0x0000000080042A0C (0x00210113) addi sp, sp, 0x2
x2 <- 0x0000000000000002
mem[X,0x0000000080042A10] -> 0x006F
mem[X,0x0000000080042A12] -> 0x00C0
[10780] [M]: 0x0000000080042A10 (0x00C0006F) jal zero, 0xc
mem[X,0x0000000080042A1C] -> 0xBC23
mem[X,0x0000000080042A1E] -> 0x3A20
[10781] [M]: 0x0000000080042A1C (0x3A20BC23) sd sp, 0x3b8(ra)
mem[0x0000000080049588] <- 0x0000000000000002
mem[X,0x0000000080042A20] -> 0x0537
mem[X,0x0000000080042A22] -> 0x0000
[10782] [M]: 0x0000000080042A20 (0x00000537) lui a0, 0x0
x10 <- 0x0000000000000000
mem[X,0x0000000080042A24] -> 0x0513
mem[X,0x0000000080042A26] -> 0x0005
[10783] [M]: 0x0000000080042A24 (0x00050513) addi a0, a0, 0x0
x10 <- 0x0000000000000000
mem[X,0x0000000080042A28] -> 0x1513
mem[X,0x0000000080042A2A] -> 0x00B5
[10784] [M]: 0x0000000080042A28 (0x00B51513) slli a0, a0, 0xb
x10 <- 0x0000000000000000
mem[X,0x0000000080042A2C] -> 0x0513
mem[X,0x0000000080042A2E] -> 0x5A85
[10785] [M]: 0x0000000080042A2C (0x5A850513) addi a0, a0, 0x5a8
x10 <- 0x00000000000005A8
mem[X,0x0000000080042A30] -> 0x1513
mem[X,0x0000000080042A32] -> 0x00B5
[10786] [M]: 0x0000000080042A30 (0x00B51513) slli a0, a0, 0xb
x10 <- 0x00000000002D4000
mem[X,0x0000000080042A34] -> 0x0513
mem[X,0x0000000080042A36] -> 0x13C5
[10787] [M]: 0x0000000080042A34 (0x13C50513) addi a0, a0, 0x13c
x10 <- 0x00000000002D413C
mem[X,0x0000000080042A38] -> 0x1513
mem[X,0x0000000080042A3A] -> 0x00A5
[10788] [M]: 0x0000000080042A38 (0x00A51513) slli a0, a0, 0xa
x10 <- 0x00000000B504F000
mem[X,0x0000000080042A3C] -> 0x0513
mem[X,0x0000000080042A3E] -> 0x3345
[10789] [M]: 0x0000000080042A3C (0x33450513) addi a0, a0, 0x334
x10 <- 0x00000000B504F334
mem[X,0x0000000080042A40] -> 0x65B7
mem[X,0x0000000080042A42] -> 0x6666
[10790] [M]: 0x0000000080042A40 (0x666665B7) lui a1, 0x66666
x11 <- 0x0000000066666000
mem[X,0x0000000080042A44] -> 0x8593
mem[X,0x0000000080042A46] -> 0x6665
[10791] [M]: 0x0000000080042A44 (0x66658593) addi a1, a1, 0x666
x11 <- 0x0000000066666666
mem[X,0x0000000080042A48] -> 0x9593
mem[X,0x0000000080042A4A] -> 0x00B5
[10792] [M]: 0x0000000080042A48 (0x00B59593) slli a1, a1, 0xb
x11 <- 0x0000033333333000
mem[X,0x0000000080042A4C] -> 0x8593
mem[X,0x0000000080042A4E] -> 0x3335
[10793] [M]: 0x0000000080042A4C (0x33358593) addi a1, a1, 0x333
x11 <- 0x0000033333333333
mem[X,0x0000000080042A50] -> 0x9593
mem[X,0x0000000080042A52] -> 0x00B5
[10794] [M]: 0x0000000080042A50 (0x00B59593) slli a1, a1, 0xb
x11 <- 0x0019999999999800
mem[X,0x0000000080042A54] -> 0x8593
mem[X,0x0000000080042A56] -> 0x1995
[10795] [M]: 0x0000000080042A54 (0x19958593) addi a1, a1, 0x199
x11 <- 0x0019999999999999
mem[X,0x0000000080042A58] -> 0x9593
mem[X,0x0000000080042A5A] -> 0x00A5
[10796] [M]: 0x0000000080042A58 (0x00A59593) slli a1, a1, 0xa
x11 <- 0x6666666666666400
mem[X,0x0000000080042A5C] -> 0x8593
mem[X,0x0000000080042A5E] -> 0x2675
[10797] [M]: 0x0000000080042A5C (0x26758593) addi a1, a1, 0x267
x11 <- 0x6666666666666667
mem[X,0x0000000080042A60] -> 0x0113
mem[X,0x0000000080042A62] -> 0x0000
[10798] [M]: 0x0000000080042A60 (0x00000113) addi sp, zero, 0x0
x2 <- 0x0000000000000000
mem[X,0x0000000080042A64] -> 0x006F
mem[X,0x0000000080042A66] -> 0x00C0
[10799] [M]: 0x0000000080042A64 (0x00C0006F) jal zero, 0xc
clint::tick mtime <- 0x000000000000006C
 clint timer pending at mtime 0x000000000000006C
htif::tick 0x0000000000000000
mem[X,0x0000000080042A70] -> 0x5063
mem[X,0x0000000080042A72] -> 0x08B5
[10800] [M]: 0x0000000080042A70 (0x08B55063) bge a0, a1, 0x80
mem[X,0x0000000080042A74] -> 0x0113
mem[X,0x0000000080042A76] -> 0x0021
[10801] [M]: 0x0000000080042A74 (0x00210113) addi sp, sp, 0x2
x2 <- 0x0000000000000002
mem[X,0x0000000080042A78] -> 0x006F
mem[X,0x0000000080042A7A] -> 0x0800
[10802] [M]: 0x0000000080042A78 (0x0800006F) jal zero, 0x80
mem[X,0x0000000080042AF8] -> 0xB023
mem[X,0x0000000080042AFA] -> 0x3C20
[10803] [M]: 0x0000000080042AF8 (0x3C20B023) sd sp, 0x3c0(ra)
mem[0x0000000080049590] <- 0x0000000000000002
mem[X,0x0000000080042AFC] -> 0x0537
mem[X,0x0000000080042AFE] -> 0x0000
[10804] [M]: 0x0000000080042AFC (0x00000537) lui a0, 0x0
x10 <- 0x0000000000000000
mem[X,0x0000000080042B00] -> 0x0513
mem[X,0x0000000080042B02] -> 0x0005
[10805] [M]: 0x0000000080042B00 (0x00050513) addi a0, a0, 0x0
x10 <- 0x0000000000000000
mem[X,0x0000000080042B04] -> 0x1513
mem[X,0x0000000080042B06] -> 0x00B5
[10806] [M]: 0x0000000080042B04 (0x00B51513) slli a0, a0, 0xb
x10 <- 0x0000000000000000
mem[X,0x0000000080042B08] -> 0x0513
mem[X,0x0000000080042B0A] -> 0x5A85
[10807] [M]: 0x0000000080042B08 (0x5A850513) addi a0, a0, 0x5a8
x10 <- 0x00000000000005A8
mem[X,0x0000000080042B0C] -> 0x1513
mem[X,0x0000000080042B0E] -> 0x00B5
[10808] [M]: 0x0000000080042B0C (0x00B51513) slli a0, a0, 0xb
x10 <- 0x00000000002D4000
mem[X,0x0000000080042B10] -> 0x0513
mem[X,0x0000000080042B12] -> 0x13C5
[10809] [M]: 0x0000000080042B10 (0x13C50513) addi a0, a0, 0x13c
x10 <- 0x00000000002D413C
mem[X,0x0000000080042B14] -> 0x1513
mem[X,0x0000000080042B16] -> 0x00A5
[10810] [M]: 0x0000000080042B14 (0x00A51513) slli a0, a0, 0xa
x10 <- 0x00000000B504F000
mem[X,0x0000000080042B18] -> 0x0513
mem[X,0x0000000080042B1A] -> 0x3345
[10811] [M]: 0x0000000080042B18 (0x33450513) addi a0, a0, 0x334
x10 <- 0x00000000B504F334
mem[X,0x0000000080042B1C] -> 0x05B7
mem[X,0x0000000080042B1E] -> 0x0000
[10812] [M]: 0x0000000080042B1C (0x000005B7) lui a1, 0x0
x11 <- 0x0000000000000000
mem[X,0x0000000080042B20] -> 0x8593
mem[X,0x0000000080042B22] -> 0xFFF5
[10813] [M]: 0x0000000080042B20 (0xFFF58593) addi a1, a1, -0x1
x11 <- 0xFFFFFFFFFFFFFFFF
mem[X,0x0000000080042B24] -> 0x9593
mem[X,0x0000000080042B26] -> 0x00B5
[10814] [M]: 0x0000000080042B24 (0x00B59593) slli a1, a1, 0xb
x11 <- 0xFFFFFFFFFFFFF800
mem[X,0x0000000080042B28] -> 0x8593
mem[X,0x0000000080042B2A] -> 0x2575
[10815] [M]: 0x0000000080042B28 (0x25758593) addi a1, a1, 0x257
x11 <- 0xFFFFFFFFFFFFFA57
mem[X,0x0000000080042B2C] -> 0x9593
mem[X,0x0000000080042B2E] -> 0x00B5
[10816] [M]: 0x0000000080042B2C (0x00B59593) slli a1, a1, 0xb
x11 <- 0xFFFFFFFFFFD2B800
mem[X,0x0000000080042B30] -> 0x8593
mem[X,0x0000000080042B32] -> 0x6C35
[10817] [M]: 0x0000000080042B30 (0x6C358593) addi a1, a1, 0x6c3
x11 <- 0xFFFFFFFFFFD2BEC3
mem[X,0x0000000080042B34] -> 0x9593
mem[X,0x0000000080042B36] -> 0x00A5
[10818] [M]: 0x0000000080042B34 (0x00A59593) slli a1, a1, 0xa
x11 <- 0xFFFFFFFF4AFB0C00
mem[X,0x0000000080042B38] -> 0x8593
mem[X,0x0000000080042B3A] -> 0x0CE5
[10819] [M]: 0x0000000080042B38 (0x0CE58593) addi a1, a1, 0xce
x11 <- 0xFFFFFFFF4AFB0CCE
mem[X,0x0000000080042B3C] -> 0x0113
mem[X,0x0000000080042B3E] -> 0x0000
[10820] [M]: 0x0000000080042B3C (0x00000113) addi sp, zero, 0x0
x2 <- 0x0000000000000000
mem[X,0x0000000080042B40] -> 0x006F
mem[X,0x0000000080042B42] -> 0x2B10
[10821] [M]: 0x0000000080042B40 (0x2B10006F) jal zero, 0xab0
mem[X,0x00000000800435F0] -> 0x5A63
mem[X,0x00000000800435F2] -> 0xD4B5
[10822] [M]: 0x00000000800435F0 (0xD4B55A63) bge a0, a1, -0xaac
mem[X,0x0000000080042B44] -> 0x0113
mem[X,0x0000000080042B46] -> 0x0011
[10823] [M]: 0x0000000080042B44 (0x00110113) addi sp, sp, 0x1
x2 <- 0x0000000000000001
mem[X,0x0000000080042B48] -> 0x006F
mem[X,0x0000000080042B4A] -> 0x2BD0
[10824] [M]: 0x0000000080042B48 (0x2BD0006F) jal zero, 0xabc
mem[X,0x0000000080043604] -> 0xB423
mem[X,0x0000000080043606] -> 0x3C20
[10825] [M]: 0x0000000080043604 (0x3C20B423) sd sp, 0x3c8(ra)
mem[0x0000000080049598] <- 0x0000000000000001
mem[X,0x0000000080043608] -> 0x0537
mem[X,0x000000008004360A] -> 0x0000
[10826] [M]: 0x0000000080043608 (0x00000537) lui a0, 0x0
x10 <- 0x0000000000000000
mem[X,0x000000008004360C] -> 0x0513
mem[X,0x000000008004360E] -> 0x0005
[10827] [M]: 0x000000008004360C (0x00050513) addi a0, a0, 0x0
x10 <- 0x0000000000000000
mem[X,0x0000000080043610] -> 0x1513
mem[X,0x0000000080043612] -> 0x00B5
[10828] [M]: 0x0000000080043610 (0x00B51513) slli a0, a0, 0xb
x10 <- 0x0000000000000000
mem[X,0x0000000080043614] -> 0x0513
mem[X,0x0000000080043616] -> 0x5A85
[10829] [M]: 0x0000000080043614 (0x5A850513) addi a0, a0, 0x5a8
x10 <- 0x00000000000005A8
mem[X,0x0000000080043618] -> 0x1513
mem[X,0x000000008004361A] -> 0x00B5
[10830] [M]: 0x0000000080043618 (0x00B51513) slli a0, a0, 0xb
x10 <- 0x00000000002D4000
mem[X,0x000000008004361C] -> 0x0513
mem[X,0x000000008004361E] -> 0x13C5
[10831] [M]: 0x000000008004361C (0x13C50513) addi a0, a0, 0x13c
x10 <- 0x00000000002D413C
mem[X,0x0000000080043620] -> 0x1513
mem[X,0x0000000080043622] -> 0x00A5
[10832] [M]: 0x0000000080043620 (0x00A51513) slli a0, a0, 0xa
x10 <- 0x00000000B504F000
mem[X,0x0000000080043624] -> 0x0513
mem[X,0x0000000080043626] -> 0x3345
[10833] [M]: 0x0000000080043624 (0x33450513) addi a0, a0, 0x334
x10 <- 0x00000000B504F334
mem[X,0x0000000080043628] -> 0x05B7
mem[X,0x000000008004362A] -> 0x0000
[10834] [M]: 0x0000000080043628 (0x000005B7) lui a1, 0x0
x11 <- 0x0000000000000000
mem[X,0x000000008004362C] -> 0x8593
mem[X,0x000000008004362E] -> 0x0005
[10835] [M]: 0x000000008004362C (0x00058593) addi a1, a1, 0x0
x11 <- 0x0000000000000000
mem[X,0x0000000080043630] -> 0x9593
mem[X,0x0000000080043632] -> 0x00B5
[10836] [M]: 0x0000000080043630 (0x00B59593) slli a1, a1, 0xb
x11 <- 0x0000000000000000
mem[X,0x0000000080043634] -> 0x8593
mem[X,0x0000000080043636] -> 0x5A85
[10837] [M]: 0x0000000080043634 (0x5A858593) addi a1, a1, 0x5a8
x11 <- 0x00000000000005A8
mem[X,0x0000000080043638] -> 0x9593
mem[X,0x000000008004363A] -> 0x00B5
[10838] [M]: 0x0000000080043638 (0x00B59593) slli a1, a1, 0xb
x11 <- 0x00000000002D4000
mem[X,0x000000008004363C] -> 0x8593
mem[X,0x000000008004363E] -> 0x13C5
[10839] [M]: 0x000000008004363C (0x13C58593) addi a1, a1, 0x13c
x11 <- 0x00000000002D413C
mem[X,0x0000000080043640] -> 0x9593
mem[X,0x0000000080043642] -> 0x00A5
[10840] [M]: 0x0000000080043640 (0x00A59593) slli a1, a1, 0xa
x11 <- 0x00000000B504F000
mem[X,0x0000000080043644] -> 0x8593
mem[X,0x0000000080043646] -> 0x3345
[10841] [M]: 0x0000000080043644 (0x33458593) addi a1, a1, 0x334
x11 <- 0x00000000B504F334
mem[X,0x0000000080043648] -> 0x0113
mem[X,0x000000008004364A] -> 0x0000
[10842] [M]: 0x0000000080043648 (0x00000113) addi sp, zero, 0x0
x2 <- 0x0000000000000000
mem[X,0x000000008004364C] -> 0x006F
mem[X,0x000000008004364E] -> 0x00C0
[10843] [M]: 0x000000008004364C (0x00C0006F) jal zero, 0xc
mem[X,0x0000000080043658] -> 0x5863
mem[X,0x000000008004365A] -> 0x00B5
[10844] [M]: 0x0000000080043658 (0x00B55863) bge a0, a1, 0x10
mem[X,0x0000000080043668] -> 0x0113
mem[X,0x000000008004366A] -> 0x0031
[10845] [M]: 0x0000000080043668 (0x00310113) addi sp, sp, 0x3
x2 <- 0x0000000000000003
mem[X,0x000000008004366C] -> 0x006F
mem[X,0x000000008004366E] -> 0x0040
[10846] [M]: 0x000000008004366C (0x0040006F) jal zero, 0x4
mem[X,0x0000000080043670] -> 0xB823
mem[X,0x0000000080043672] -> 0x3C20
[10847] [M]: 0x0000000080043670 (0x3C20B823) sd sp, 0x3d0(ra)
mem[0x00000000800495A0] <- 0x0000000000000003
mem[X,0x0000000080043674] -> 0x0513
mem[X,0x0000000080043676] -> 0x0000
[10848] [M]: 0x0000000080043674 (0x00000513) addi a0, zero, 0x0
x10 <- 0x0000000000000000
mem[X,0x0000000080043678] -> 0x55B7
mem[X,0x000000008004367A] -> 0x5555
[10849] [M]: 0x0000000080043678 (0x555555B7) lui a1, 0x55555
x11 <- 0x0000000055555000
mem[X,0x000000008004367C] -> 0x8593
mem[X,0x000000008004367E] -> 0x5555
[10850] [M]: 0x000000008004367C (0x55558593) addi a1, a1, 0x555
x11 <- 0x0000000055555555
mem[X,0x0000000080043680] -> 0x9593
mem[X,0x0000000080043682] -> 0x00B5
[10851] [M]: 0x0000000080043680 (0x00B59593) slli a1, a1, 0xb
x11 <- 0x000002AAAAAAA800
mem[X,0x0000000080043684] -> 0x8593
mem[X,0x0000000080043686] -> 0x2AA5
[10852] [M]: 0x0000000080043684 (0x2AA58593) addi a1, a1, 0x2aa
x11 <- 0x000002AAAAAAAAAA
mem[X,0x0000000080043688] -> 0x9593
mem[X,0x000000008004368A] -> 0x00B5
[10853] [M]: 0x0000000080043688 (0x00B59593) slli a1, a1, 0xb
x11 <- 0x0015555555555000
mem[X,0x000000008004368C] -> 0x8593
mem[X,0x000000008004368E] -> 0x5555
[10854] [M]: 0x000000008004368C (0x55558593) addi a1, a1, 0x555
x11 <- 0x0015555555555555
mem[X,0x0000000080043690] -> 0x9593
mem[X,0x0000000080043692] -> 0x00A5
[10855] [M]: 0x0000000080043690 (0x00A59593) slli a1, a1, 0xa
x11 <- 0x5555555555555400
mem[X,0x0000000080043694] -> 0x8593
mem[X,0x0000000080043696] -> 0x1545
[10856] [M]: 0x0000000080043694 (0x15458593) addi a1, a1, 0x154
x11 <- 0x5555555555555554
mem[X,0x0000000080043698] -> 0x0113
mem[X,0x000000008004369A] -> 0x0000
[10857] [M]: 0x0000000080043698 (0x00000113) addi sp, zero, 0x0
x2 <- 0x0000000000000000
mem[X,0x000000008004369C] -> 0x006F
mem[X,0x000000008004369E] -> 0x00C0
[10858] [M]: 0x000000008004369C (0x00C0006F) jal zero, 0xc
mem[X,0x00000000800436A8] -> 0x5063
mem[X,0x00000000800436AA] -> 0x08B5
[10859] [M]: 0x00000000800436A8 (0x08B55063) bge a0, a1, 0x80
mem[X,0x00000000800436AC] -> 0x0113
mem[X,0x00000000800436AE] -> 0x0021
[10860] [M]: 0x00000000800436AC (0x00210113) addi sp, sp, 0x2
x2 <- 0x0000000000000002
mem[X,0x00000000800436B0] -> 0x006F
mem[X,0x00000000800436B2] -> 0x0800
[10861] [M]: 0x00000000800436B0 (0x0800006F) jal zero, 0x80
mem[X,0x0000000080043730] -> 0xBC23
mem[X,0x0000000080043732] -> 0x3C20
[10862] [M]: 0x0000000080043730 (0x3C20BC23) sd sp, 0x3d8(ra)
mem[0x00000000800495A8] <- 0x0000000000000002
mem[X,0x0000000080043734] -> 0x0513
mem[X,0x0000000080043736] -> 0x0000
[10863] [M]: 0x0000000080043734 (0x00000513) addi a0, zero, 0x0
x10 <- 0x0000000000000000
mem[X,0x0000000080043738] -> 0x0593
mem[X,0x000000008004373A] -> 0x0000
[10864] [M]: 0x0000000080043738 (0x00000593) addi a1, zero, 0x0
x11 <- 0x0000000000000000
mem[X,0x000000008004373C] -> 0x0113
mem[X,0x000000008004373E] -> 0x0000
[10865] [M]: 0x000000008004373C (0x00000113) addi sp, zero, 0x0
x2 <- 0x0000000000000000
mem[X,0x0000000080043740] -> 0x006F
mem[X,0x0000000080043742] -> 0x00C0
[10866] [M]: 0x0000000080043740 (0x00C0006F) jal zero, 0xc
mem[X,0x000000008004374C] -> 0x5063
mem[X,0x000000008004374E] -> 0x40B5
[10867] [M]: 0x000000008004374C (0x40B55063) bge a0, a1, 0x400
mem[X,0x0000000080043B4C] -> 0x0113
mem[X,0x0000000080043B4E] -> 0x0031
[10868] [M]: 0x0000000080043B4C (0x00310113) addi sp, sp, 0x3
x2 <- 0x0000000000000003
mem[X,0x0000000080043B50] -> 0x006F
mem[X,0x0000000080043B52] -> 0x0040
[10869] [M]: 0x0000000080043B50 (0x0040006F) jal zero, 0x4
mem[X,0x0000000080043B54] -> 0xB023
mem[X,0x0000000080043B56] -> 0x3E20
[10870] [M]: 0x0000000080043B54 (0x3E20B023) sd sp, 0x3e0(ra)
mem[0x00000000800495B0] <- 0x0000000000000003
mem[X,0x0000000080043B58] -> 0x0513
mem[X,0x0000000080043B5A] -> 0x0000
[10871] [M]: 0x0000000080043B58 (0x00000513) addi a0, zero, 0x0
x10 <- 0x0000000000000000
mem[X,0x0000000080043B5C] -> 0x0593
mem[X,0x0000000080043B5E] -> 0x0040
[10872] [M]: 0x0000000080043B5C (0x00400593) addi a1, zero, 0x4
x11 <- 0x0000000000000004
mem[X,0x0000000080043B60] -> 0x0113
mem[X,0x0000000080043B62] -> 0x0000
[10873] [M]: 0x0000000080043B60 (0x00000113) addi sp, zero, 0x0
x2 <- 0x0000000000000000
mem[X,0x0000000080043B64] -> 0x006F
mem[X,0x0000000080043B66] -> 0x00C0
[10874] [M]: 0x0000000080043B64 (0x00C0006F) jal zero, 0xc
mem[X,0x0000000080043B70] -> 0x5CE3
mem[X,0x0000000080043B72] -> 0xFEB5
[10875] [M]: 0x0000000080043B70 (0xFEB55CE3) bge a0, a1, -0x8
mem[X,0x0000000080043B74] -> 0x0113
mem[X,0x0000000080043B76] -> 0x0021
[10876] [M]: 0x0000000080043B74 (0x00210113) addi sp, sp, 0x2
x2 <- 0x0000000000000002
mem[X,0x0000000080043B78] -> 0x006F
mem[X,0x0000000080043B7A] -> 0x00C0
[10877] [M]: 0x0000000080043B78 (0x00C0006F) jal zero, 0xc
mem[X,0x0000000080043B84] -> 0xB423
mem[X,0x0000000080043B86] -> 0x3E20
[10878] [M]: 0x0000000080043B84 (0x3E20B423) sd sp, 0x3e8(ra)
mem[0x00000000800495B8] <- 0x0000000000000002
mem[X,0x0000000080043B88] -> 0x0513
mem[X,0x0000000080043B8A] -> 0x0000
[10879] [M]: 0x0000000080043B88 (0x00000513) addi a0, zero, 0x0
x10 <- 0x0000000000000000
mem[X,0x0000000080043B8C] -> 0x35B7
mem[X,0x0000000080043B8E] -> 0x3333
[10880] [M]: 0x0000000080043B8C (0x333335B7) lui a1, 0x33333
x11 <- 0x0000000033333000
mem[X,0x0000000080043B90] -> 0x8593
mem[X,0x0000000080043B92] -> 0x3335
[10881] [M]: 0x0000000080043B90 (0x33358593) addi a1, a1, 0x333
x11 <- 0x0000000033333333
mem[X,0x0000000080043B94] -> 0x9593
mem[X,0x0000000080043B96] -> 0x00B5
[10882] [M]: 0x0000000080043B94 (0x00B59593) slli a1, a1, 0xb
x11 <- 0x0000019999999800
mem[X,0x0000000080043B98] -> 0x8593
mem[X,0x0000000080043B9A] -> 0x1995
[10883] [M]: 0x0000000080043B98 (0x19958593) addi a1, a1, 0x199
x11 <- 0x0000019999999999
mem[X,0x0000000080043B9C] -> 0x9593
mem[X,0x0000000080043B9E] -> 0x00B5
[10884] [M]: 0x0000000080043B9C (0x00B59593) slli a1, a1, 0xb
x11 <- 0x000CCCCCCCCCC800
mem[X,0x0000000080043BA0] -> 0x8593
mem[X,0x0000000080043BA2] -> 0x4CC5
[10885] [M]: 0x0000000080043BA0 (0x4CC58593) addi a1, a1, 0x4cc
x11 <- 0x000CCCCCCCCCCCCC
mem[X,0x0000000080043BA4] -> 0x9593
mem[X,0x0000000080043BA6] -> 0x00A5
[10886] [M]: 0x0000000080043BA4 (0x00A59593) slli a1, a1, 0xa
x11 <- 0x3333333333333000
mem[X,0x0000000080043BA8] -> 0x8593
mem[X,0x0000000080043BAA] -> 0x3325
[10887] [M]: 0x0000000080043BA8 (0x33258593) addi a1, a1, 0x332
x11 <- 0x3333333333333332
mem[X,0x0000000080043BAC] -> 0x0113
mem[X,0x0000000080043BAE] -> 0x0000
[10888] [M]: 0x0000000080043BAC (0x00000113) addi sp, zero, 0x0
x2 <- 0x0000000000000000
mem[X,0x0000000080043BB0] -> 0x006F
mem[X,0x0000000080043BB2] -> 0x00C0
[10889] [M]: 0x0000000080043BB0 (0x00C0006F) jal zero, 0xc
mem[X,0x0000000080043BBC] -> 0x5063
mem[X,0x0000000080043BBE] -> 0x20B5
[10890] [M]: 0x0000000080043BBC (0x20B55063) bge a0, a1, 0x200
mem[X,0x0000000080043BC0] -> 0x0113
mem[X,0x0000000080043BC2] -> 0x0021
[10891] [M]: 0x0000000080043BC0 (0x00210113) addi sp, sp, 0x2
x2 <- 0x0000000000000002
mem[X,0x0000000080043BC4] -> 0x006F
mem[X,0x0000000080043BC6] -> 0x2000
[10892] [M]: 0x0000000080043BC4 (0x2000006F) jal zero, 0x200
mem[X,0x0000000080043DC4] -> 0xB823
mem[X,0x0000000080043DC6] -> 0x3E20
[10893] [M]: 0x0000000080043DC4 (0x3E20B823) sd sp, 0x3f0(ra)
mem[0x00000000800495C0] <- 0x0000000000000002
mem[X,0x0000000080043DC8] -> 0x0513
mem[X,0x0000000080043DCA] -> 0x0000
[10894] [M]: 0x0000000080043DC8 (0x00000513) addi a0, zero, 0x0
x10 <- 0x0000000000000000
mem[X,0x0000000080043DCC] -> 0x65B7
mem[X,0x0000000080043DCE] -> 0x6666
[10895] [M]: 0x0000000080043DCC (0x666665B7) lui a1, 0x66666
x11 <- 0x0000000066666000
mem[X,0x0000000080043DD0] -> 0x8593
mem[X,0x0000000080043DD2] -> 0x6665
[10896] [M]: 0x0000000080043DD0 (0x66658593) addi a1, a1, 0x666
x11 <- 0x0000000066666666
mem[X,0x0000000080043DD4] -> 0x9593
mem[X,0x0000000080043DD6] -> 0x00B5
[10897] [M]: 0x0000000080043DD4 (0x00B59593) slli a1, a1, 0xb
x11 <- 0x0000033333333000
mem[X,0x0000000080043DD8] -> 0x8593
mem[X,0x0000000080043DDA] -> 0x3335
[10898] [M]: 0x0000000080043DD8 (0x33358593) addi a1, a1, 0x333
x11 <- 0x0000033333333333
mem[X,0x0000000080043DDC] -> 0x9593
mem[X,0x0000000080043DDE] -> 0x00B5
[10899] [M]: 0x0000000080043DDC (0x00B59593) slli a1, a1, 0xb
x11 <- 0x0019999999999800
clint::tick mtime <- 0x000000000000006D
 clint timer pending at mtime 0x000000000000006D
htif::tick 0x0000000000000000
mem[X,0x0000000080043DE0] -> 0x8593
mem[X,0x0000000080043DE2] -> 0x1995
[10900] [M]: 0x0000000080043DE0 (0x19958593) addi a1, a1, 0x199
x11 <- 0x0019999999999999
mem[X,0x0000000080043DE4] -> 0x9593
mem[X,0x0000000080043DE6] -> 0x00A5
[10901] [M]: 0x0000000080043DE4 (0x00A59593) slli a1, a1, 0xa
x11 <- 0x6666666666666400
mem[X,0x0000000080043DE8] -> 0x8593
mem[X,0x0000000080043DEA] -> 0x2655
[10902] [M]: 0x0000000080043DE8 (0x26558593) addi a1, a1, 0x265
x11 <- 0x6666666666666665
mem[X,0x0000000080043DEC] -> 0x0113
mem[X,0x0000000080043DEE] -> 0x0000
[10903] [M]: 0x0000000080043DEC (0x00000113) addi sp, zero, 0x0
x2 <- 0x0000000000000000
mem[X,0x0000000080043DF0] -> 0x006F
mem[X,0x0000000080043DF2] -> 0x00C0
[10904] [M]: 0x0000000080043DF0 (0x00C0006F) jal zero, 0xc
mem[X,0x0000000080043DFC] -> 0x5063
mem[X,0x0000000080043DFE] -> 0x04B5
[10905] [M]: 0x0000000080043DFC (0x04B55063) bge a0, a1, 0x40
mem[X,0x0000000080043E00] -> 0x0113
mem[X,0x0000000080043E02] -> 0x0021
[10906] [M]: 0x0000000080043E00 (0x00210113) addi sp, sp, 0x2
x2 <- 0x0000000000000002
mem[X,0x0000000080043E04] -> 0x006F
mem[X,0x0000000080043E06] -> 0x0400
[10907] [M]: 0x0000000080043E04 (0x0400006F) jal zero, 0x40
mem[X,0x0000000080043E44] -> 0xBC23
mem[X,0x0000000080043E46] -> 0x3E20
[10908] [M]: 0x0000000080043E44 (0x3E20BC23) sd sp, 0x3f8(ra)
mem[0x00000000800495C8] <- 0x0000000000000002
mem[X,0x0000000080043E48] -> 0x0513
mem[X,0x0000000080043E4A] -> 0x0000
[10909] [M]: 0x0000000080043E48 (0x00000513) addi a0, zero, 0x0
x10 <- 0x0000000000000000
mem[X,0x0000000080043E4C] -> 0x05B7
mem[X,0x0000000080043E4E] -> 0x0000
[10910] [M]: 0x0000000080043E4C (0x000005B7) lui a1, 0x0
x11 <- 0x0000000000000000
mem[X,0x0000000080043E50] -> 0x8593
mem[X,0x0000000080043E52] -> 0x0005
[10911] [M]: 0x0000000080043E50 (0x00058593) addi a1, a1, 0x0
x11 <- 0x0000000000000000
mem[X,0x0000000080043E54] -> 0x9593
mem[X,0x0000000080043E56] -> 0x00B5
[10912] [M]: 0x0000000080043E54 (0x00B59593) slli a1, a1, 0xb
x11 <- 0x0000000000000000
mem[X,0x0000000080043E58] -> 0x8593
mem[X,0x0000000080043E5A] -> 0x5A85
[10913] [M]: 0x0000000080043E58 (0x5A858593) addi a1, a1, 0x5a8
x11 <- 0x00000000000005A8
mem[X,0x0000000080043E5C] -> 0x9593
mem[X,0x0000000080043E5E] -> 0x00B5
[10914] [M]: 0x0000000080043E5C (0x00B59593) slli a1, a1, 0xb
x11 <- 0x00000000002D4000
mem[X,0x0000000080043E60] -> 0x8593
mem[X,0x0000000080043E62] -> 0x13C5
[10915] [M]: 0x0000000080043E60 (0x13C58593) addi a1, a1, 0x13c
x11 <- 0x00000000002D413C
mem[X,0x0000000080043E64] -> 0x9593
mem[X,0x0000000080043E66] -> 0x00A5
[10916] [M]: 0x0000000080043E64 (0x00A59593) slli a1, a1, 0xa
x11 <- 0x00000000B504F000
mem[X,0x0000000080043E68] -> 0x8593
mem[X,0x0000000080043E6A] -> 0x3325
[10917] [M]: 0x0000000080043E68 (0x33258593) addi a1, a1, 0x332
x11 <- 0x00000000B504F332
mem[X,0x0000000080043E6C] -> 0x0113
mem[X,0x0000000080043E6E] -> 0x0000
[10918] [M]: 0x0000000080043E6C (0x00000113) addi sp, zero, 0x0
x2 <- 0x0000000000000000
mem[X,0x0000000080043E70] -> 0x006F
mem[X,0x0000000080043E72] -> 0x0140
[10919] [M]: 0x0000000080043E70 (0x0140006F) jal zero, 0x14
mem[X,0x0000000080043E84] -> 0x58E3
mem[X,0x0000000080043E86] -> 0xFEB5
[10920] [M]: 0x0000000080043E84 (0xFEB558E3) bge a0, a1, -0x10
mem[X,0x0000000080043E88] -> 0x0113
mem[X,0x0000000080043E8A] -> 0x0021
[10921] [M]: 0x0000000080043E88 (0x00210113) addi sp, sp, 0x2
x2 <- 0x0000000000000002
mem[X,0x0000000080043E8C] -> 0x006F
mem[X,0x0000000080043E8E] -> 0x00C0
[10922] [M]: 0x0000000080043E8C (0x00C0006F) jal zero, 0xc
mem[X,0x0000000080043E98] -> 0xB023
mem[X,0x0000000080043E9A] -> 0x4020
[10923] [M]: 0x0000000080043E98 (0x4020B023) sd sp, 0x400(ra)
mem[0x00000000800495D0] <- 0x0000000000000002
mem[X,0x0000000080043E9C] -> 0x0513
mem[X,0x0000000080043E9E] -> 0x0000
[10924] [M]: 0x0000000080043E9C (0x00000513) addi a0, zero, 0x0
x10 <- 0x0000000000000000
mem[X,0x0000000080043EA0] -> 0x55B7
mem[X,0x0000000080043EA2] -> 0x5555
[10925] [M]: 0x0000000080043EA0 (0x555555B7) lui a1, 0x55555
x11 <- 0x0000000055555000
mem[X,0x0000000080043EA4] -> 0x8593
mem[X,0x0000000080043EA6] -> 0x5555
[10926] [M]: 0x0000000080043EA4 (0x55558593) addi a1, a1, 0x555
x11 <- 0x0000000055555555
mem[X,0x0000000080043EA8] -> 0x9593
mem[X,0x0000000080043EAA] -> 0x00B5
[10927] [M]: 0x0000000080043EA8 (0x00B59593) slli a1, a1, 0xb
x11 <- 0x000002AAAAAAA800
mem[X,0x0000000080043EAC] -> 0x8593
mem[X,0x0000000080043EAE] -> 0x2AA5
[10928] [M]: 0x0000000080043EAC (0x2AA58593) addi a1, a1, 0x2aa
x11 <- 0x000002AAAAAAAAAA
mem[X,0x0000000080043EB0] -> 0x9593
mem[X,0x0000000080043EB2] -> 0x00B5
[10929] [M]: 0x0000000080043EB0 (0x00B59593) slli a1, a1, 0xb
x11 <- 0x0015555555555000
mem[X,0x0000000080043EB4] -> 0x8593
mem[X,0x0000000080043EB6] -> 0x5555
[10930] [M]: 0x0000000080043EB4 (0x55558593) addi a1, a1, 0x555
x11 <- 0x0015555555555555
mem[X,0x0000000080043EB8] -> 0x9593
mem[X,0x0000000080043EBA] -> 0x00A5
[10931] [M]: 0x0000000080043EB8 (0x00A59593) slli a1, a1, 0xa
x11 <- 0x5555555555555400
mem[X,0x0000000080043EBC] -> 0x8593
mem[X,0x0000000080043EBE] -> 0x1565
[10932] [M]: 0x0000000080043EBC (0x15658593) addi a1, a1, 0x156
x11 <- 0x5555555555555556
mem[X,0x0000000080043EC0] -> 0x0113
mem[X,0x0000000080043EC2] -> 0x0000
[10933] [M]: 0x0000000080043EC0 (0x00000113) addi sp, zero, 0x0
x2 <- 0x0000000000000000
mem[X,0x0000000080043EC4] -> 0x006F
mem[X,0x0000000080043EC6] -> 0x00C0
[10934] [M]: 0x0000000080043EC4 (0x00C0006F) jal zero, 0xc
mem[X,0x0000000080043ED0] -> 0x5CE3
mem[X,0x0000000080043ED2] -> 0xFEB5
[10935] [M]: 0x0000000080043ED0 (0xFEB55CE3) bge a0, a1, -0x8
mem[X,0x0000000080043ED4] -> 0x0113
mem[X,0x0000000080043ED6] -> 0x0021
[10936] [M]: 0x0000000080043ED4 (0x00210113) addi sp, sp, 0x2
x2 <- 0x0000000000000002
mem[X,0x0000000080043ED8] -> 0x006F
mem[X,0x0000000080043EDA] -> 0x00C0
[10937] [M]: 0x0000000080043ED8 (0x00C0006F) jal zero, 0xc
mem[X,0x0000000080043EE4] -> 0xB423
mem[X,0x0000000080043EE6] -> 0x4020
[10938] [M]: 0x0000000080043EE4 (0x4020B423) sd sp, 0x408(ra)
mem[0x00000000800495D8] <- 0x0000000000000002
mem[X,0x0000000080043EE8] -> 0x0513
mem[X,0x0000000080043EEA] -> 0x0000
[10939] [M]: 0x0000000080043EE8 (0x00000513) addi a0, zero, 0x0
x10 <- 0x0000000000000000
mem[X,0x0000000080043EEC] -> 0xB5B7
mem[X,0x0000000080043EEE] -> 0xAAAA
[10940] [M]: 0x0000000080043EEC (0xAAAAB5B7) lui a1, -0x55555
x11 <- 0xFFFFFFFFAAAAB000
mem[X,0x0000000080043EF0] -> 0x8593
mem[X,0x0000000080043EF2] -> 0xAAA5
[10941] [M]: 0x0000000080043EF0 (0xAAA58593) addi a1, a1, -0x556
x11 <- 0xFFFFFFFFAAAAAAAA
mem[X,0x0000000080043EF4] -> 0x9593
mem[X,0x0000000080043EF6] -> 0x00B5
[10942] [M]: 0x0000000080043EF4 (0x00B59593) slli a1, a1, 0xb
x11 <- 0xFFFFFD5555555000
mem[X,0x0000000080043EF8] -> 0x8593
mem[X,0x0000000080043EFA] -> 0x5555
[10943] [M]: 0x0000000080043EF8 (0x55558593) addi a1, a1, 0x555
x11 <- 0xFFFFFD5555555555
mem[X,0x0000000080043EFC] -> 0x9593
mem[X,0x0000000080043EFE] -> 0x00B5
[10944] [M]: 0x0000000080043EFC (0x00B59593) slli a1, a1, 0xb
x11 <- 0xFFEAAAAAAAAAA800
mem[X,0x0000000080043F00] -> 0x8593
mem[X,0x0000000080043F02] -> 0x2AA5
[10945] [M]: 0x0000000080043F00 (0x2AA58593) addi a1, a1, 0x2aa
x11 <- 0xFFEAAAAAAAAAAAAA
mem[X,0x0000000080043F04] -> 0x9593
mem[X,0x0000000080043F06] -> 0x00A5
[10946] [M]: 0x0000000080043F04 (0x00A59593) slli a1, a1, 0xa
x11 <- 0xAAAAAAAAAAAAA800
mem[X,0x0000000080043F08] -> 0x8593
mem[X,0x0000000080043F0A] -> 0x2AB5
[10947] [M]: 0x0000000080043F08 (0x2AB58593) addi a1, a1, 0x2ab
x11 <- 0xAAAAAAAAAAAAAAAB
mem[X,0x0000000080043F0C] -> 0x0113
mem[X,0x0000000080043F0E] -> 0x0000
[10948] [M]: 0x0000000080043F0C (0x00000113) addi sp, zero, 0x0
x2 <- 0x0000000000000000
mem[X,0x0000000080043F10] -> 0x006F
mem[X,0x0000000080043F12] -> 0x0050
[10949] [M]: 0x0000000080043F10 (0x0050006F) jal zero, 0x804
mem[X,0x0000000080044714] -> 0x50E3
mem[X,0x0000000080044716] -> 0x80B5
[10950] [M]: 0x0000000080044714 (0x80B550E3) bge a0, a1, -0x800
mem[X,0x0000000080043F14] -> 0x0113
mem[X,0x0000000080043F16] -> 0x0011
[10951] [M]: 0x0000000080043F14 (0x00110113) addi sp, sp, 0x1
x2 <- 0x0000000000000001
mem[X,0x0000000080043F18] -> 0x006F
mem[X,0x0000000080043F1A] -> 0x0110
[10952] [M]: 0x0000000080043F18 (0x0110006F) jal zero, 0x810
mem[X,0x0000000080044728] -> 0xB823
mem[X,0x000000008004472A] -> 0x4020
[10953] [M]: 0x0000000080044728 (0x4020B823) sd sp, 0x410(ra)
mem[0x00000000800495E0] <- 0x0000000000000001
mem[X,0x000000008004472C] -> 0x0513
mem[X,0x000000008004472E] -> 0x0000
[10954] [M]: 0x000000008004472C (0x00000513) addi a0, zero, 0x0
x10 <- 0x0000000000000000
mem[X,0x0000000080044730] -> 0x0593
mem[X,0x0000000080044732] -> 0x0060
[10955] [M]: 0x0000000080044730 (0x00600593) addi a1, zero, 0x6
x11 <- 0x0000000000000006
mem[X,0x0000000080044734] -> 0x0113
mem[X,0x0000000080044736] -> 0x0000
[10956] [M]: 0x0000000080044734 (0x00000113) addi sp, zero, 0x0
x2 <- 0x0000000000000000
mem[X,0x0000000080044738] -> 0x006F
mem[X,0x000000008004473A] -> 0x00C0
[10957] [M]: 0x0000000080044738 (0x00C0006F) jal zero, 0xc
mem[X,0x0000000080044744] -> 0x5CE3
mem[X,0x0000000080044746] -> 0xFEB5
[10958] [M]: 0x0000000080044744 (0xFEB55CE3) bge a0, a1, -0x8
mem[X,0x0000000080044748] -> 0x0113
mem[X,0x000000008004474A] -> 0x0021
[10959] [M]: 0x0000000080044748 (0x00210113) addi sp, sp, 0x2
x2 <- 0x0000000000000002
mem[X,0x000000008004474C] -> 0x006F
mem[X,0x000000008004474E] -> 0x00C0
[10960] [M]: 0x000000008004474C (0x00C0006F) jal zero, 0xc
mem[X,0x0000000080044758] -> 0xBC23
mem[X,0x000000008004475A] -> 0x4020
[10961] [M]: 0x0000000080044758 (0x4020BC23) sd sp, 0x418(ra)
mem[0x00000000800495E8] <- 0x0000000000000002
mem[X,0x000000008004475C] -> 0x0513
mem[X,0x000000008004475E] -> 0x0000
[10962] [M]: 0x000000008004475C (0x00000513) addi a0, zero, 0x0
x10 <- 0x0000000000000000
mem[X,0x0000000080044760] -> 0x35B7
mem[X,0x0000000080044762] -> 0x3333
[10963] [M]: 0x0000000080044760 (0x333335B7) lui a1, 0x33333
x11 <- 0x0000000033333000
mem[X,0x0000000080044764] -> 0x8593
mem[X,0x0000000080044766] -> 0x3335
[10964] [M]: 0x0000000080044764 (0x33358593) addi a1, a1, 0x333
x11 <- 0x0000000033333333
mem[X,0x0000000080044768] -> 0x9593
mem[X,0x000000008004476A] -> 0x00B5
[10965] [M]: 0x0000000080044768 (0x00B59593) slli a1, a1, 0xb
x11 <- 0x0000019999999800
mem[X,0x000000008004476C] -> 0x8593
mem[X,0x000000008004476E] -> 0x1995
[10966] [M]: 0x000000008004476C (0x19958593) addi a1, a1, 0x199
x11 <- 0x0000019999999999
mem[X,0x0000000080044770] -> 0x9593
mem[X,0x0000000080044772] -> 0x00B5
[10967] [M]: 0x0000000080044770 (0x00B59593) slli a1, a1, 0xb
x11 <- 0x000CCCCCCCCCC800
mem[X,0x0000000080044774] -> 0x8593
mem[X,0x0000000080044776] -> 0x4CC5
[10968] [M]: 0x0000000080044774 (0x4CC58593) addi a1, a1, 0x4cc
x11 <- 0x000CCCCCCCCCCCCC
mem[X,0x0000000080044778] -> 0x9593
mem[X,0x000000008004477A] -> 0x00A5
[10969] [M]: 0x0000000080044778 (0x00A59593) slli a1, a1, 0xa
x11 <- 0x3333333333333000
mem[X,0x000000008004477C] -> 0x8593
mem[X,0x000000008004477E] -> 0x3345
[10970] [M]: 0x000000008004477C (0x33458593) addi a1, a1, 0x334
x11 <- 0x3333333333333334
mem[X,0x0000000080044780] -> 0x0113
mem[X,0x0000000080044782] -> 0x0000
[10971] [M]: 0x0000000080044780 (0x00000113) addi sp, zero, 0x0
x2 <- 0x0000000000000000
mem[X,0x0000000080044784] -> 0x006F
mem[X,0x0000000080044786] -> 0x00C0
[10972] [M]: 0x0000000080044784 (0x00C0006F) jal zero, 0xc
mem[X,0x0000000080044790] -> 0x5663
mem[X,0x0000000080044792] -> 0x00B5
[10973] [M]: 0x0000000080044790 (0x00B55663) bge a0, a1, 0xc
mem[X,0x0000000080044794] -> 0x0113
mem[X,0x0000000080044796] -> 0x0021
[10974] [M]: 0x0000000080044794 (0x00210113) addi sp, sp, 0x2
x2 <- 0x0000000000000002
mem[X,0x0000000080044798] -> 0x006F
mem[X,0x000000008004479A] -> 0x00C0
[10975] [M]: 0x0000000080044798 (0x00C0006F) jal zero, 0xc
mem[X,0x00000000800447A4] -> 0xB023
mem[X,0x00000000800447A6] -> 0x4220
[10976] [M]: 0x00000000800447A4 (0x4220B023) sd sp, 0x420(ra)
mem[0x00000000800495F0] <- 0x0000000000000002
mem[X,0x00000000800447A8] -> 0x0513
mem[X,0x00000000800447AA] -> 0x0000
[10977] [M]: 0x00000000800447A8 (0x00000513) addi a0, zero, 0x0
x10 <- 0x0000000000000000
mem[X,0x00000000800447AC] -> 0x65B7
mem[X,0x00000000800447AE] -> 0x6666
[10978] [M]: 0x00000000800447AC (0x666665B7) lui a1, 0x66666
x11 <- 0x0000000066666000
mem[X,0x00000000800447B0] -> 0x8593
mem[X,0x00000000800447B2] -> 0x6665
[10979] [M]: 0x00000000800447B0 (0x66658593) addi a1, a1, 0x666
x11 <- 0x0000000066666666
mem[X,0x00000000800447B4] -> 0x9593
mem[X,0x00000000800447B6] -> 0x00B5
[10980] [M]: 0x00000000800447B4 (0x00B59593) slli a1, a1, 0xb
x11 <- 0x0000033333333000
mem[X,0x00000000800447B8] -> 0x8593
mem[X,0x00000000800447BA] -> 0x3335
[10981] [M]: 0x00000000800447B8 (0x33358593) addi a1, a1, 0x333
x11 <- 0x0000033333333333
mem[X,0x00000000800447BC] -> 0x9593
mem[X,0x00000000800447BE] -> 0x00B5
[10982] [M]: 0x00000000800447BC (0x00B59593) slli a1, a1, 0xb
x11 <- 0x0019999999999800
mem[X,0x00000000800447C0] -> 0x8593
mem[X,0x00000000800447C2] -> 0x1995
[10983] [M]: 0x00000000800447C0 (0x19958593) addi a1, a1, 0x199
x11 <- 0x0019999999999999
mem[X,0x00000000800447C4] -> 0x9593
mem[X,0x00000000800447C6] -> 0x00A5
[10984] [M]: 0x00000000800447C4 (0x00A59593) slli a1, a1, 0xa
x11 <- 0x6666666666666400
mem[X,0x00000000800447C8] -> 0x8593
mem[X,0x00000000800447CA] -> 0x2675
[10985] [M]: 0x00000000800447C8 (0x26758593) addi a1, a1, 0x267
x11 <- 0x6666666666666667
mem[X,0x00000000800447CC] -> 0x0113
mem[X,0x00000000800447CE] -> 0x0000
[10986] [M]: 0x00000000800447CC (0x00000113) addi sp, zero, 0x0
x2 <- 0x0000000000000000
mem[X,0x00000000800447D0] -> 0x006F
mem[X,0x00000000800447D2] -> 0x2B10
[10987] [M]: 0x00000000800447D0 (0x2B10006F) jal zero, 0xab0
mem[X,0x0000000080045280] -> 0x5A63
mem[X,0x0000000080045282] -> 0xD4B5
[10988] [M]: 0x0000000080045280 (0xD4B55A63) bge a0, a1, -0xaac
mem[X,0x0000000080045284] -> 0x0113
mem[X,0x0000000080045286] -> 0x0021
[10989] [M]: 0x0000000080045284 (0x00210113) addi sp, sp, 0x2
x2 <- 0x0000000000000002
mem[X,0x0000000080045288] -> 0x006F
mem[X,0x000000008004528A] -> 0x00C0
[10990] [M]: 0x0000000080045288 (0x00C0006F) jal zero, 0xc
mem[X,0x0000000080045294] -> 0xB423
mem[X,0x0000000080045296] -> 0x4220
[10991] [M]: 0x0000000080045294 (0x4220B423) sd sp, 0x428(ra)
mem[0x00000000800495F8] <- 0x0000000000000002
mem[X,0x0000000080045298] -> 0x0513
mem[X,0x000000008004529A] -> 0x0000
[10992] [M]: 0x0000000080045298 (0x00000513) addi a0, zero, 0x0
x10 <- 0x0000000000000000
mem[X,0x000000008004529C] -> 0x05B7
mem[X,0x000000008004529E] -> 0x0000
[10993] [M]: 0x000000008004529C (0x000005B7) lui a1, 0x0
x11 <- 0x0000000000000000
mem[X,0x00000000800452A0] -> 0x8593
mem[X,0x00000000800452A2] -> 0xFFF5
[10994] [M]: 0x00000000800452A0 (0xFFF58593) addi a1, a1, -0x1
x11 <- 0xFFFFFFFFFFFFFFFF
mem[X,0x00000000800452A4] -> 0x9593
mem[X,0x00000000800452A6] -> 0x00B5
[10995] [M]: 0x00000000800452A4 (0x00B59593) slli a1, a1, 0xb
x11 <- 0xFFFFFFFFFFFFF800
mem[X,0x00000000800452A8] -> 0x8593
mem[X,0x00000000800452AA] -> 0x2575
[10996] [M]: 0x00000000800452A8 (0x25758593) addi a1, a1, 0x257
x11 <- 0xFFFFFFFFFFFFFA57
mem[X,0x00000000800452AC] -> 0x9593
mem[X,0x00000000800452AE] -> 0x00B5
[10997] [M]: 0x00000000800452AC (0x00B59593) slli a1, a1, 0xb
x11 <- 0xFFFFFFFFFFD2B800
mem[X,0x00000000800452B0] -> 0x8593
mem[X,0x00000000800452B2] -> 0x6C35
[10998] [M]: 0x00000000800452B0 (0x6C358593) addi a1, a1, 0x6c3
x11 <- 0xFFFFFFFFFFD2BEC3
mem[X,0x00000000800452B4] -> 0x9593
mem[X,0x00000000800452B6] -> 0x00A5
[10999] [M]: 0x00000000800452B4 (0x00A59593) slli a1, a1, 0xa
x11 <- 0xFFFFFFFF4AFB0C00
clint::tick mtime <- 0x000000000000006E
 clint timer pending at mtime 0x000000000000006E
htif::tick 0x0000000000000000
mem[X,0x00000000800452B8] -> 0x8593
mem[X,0x00000000800452BA] -> 0x0CE5
[11000] [M]: 0x00000000800452B8 (0x0CE58593) addi a1, a1, 0xce
x11 <- 0xFFFFFFFF4AFB0CCE
mem[X,0x00000000800452BC] -> 0x0113
mem[X,0x00000000800452BE] -> 0x0000
[11001] [M]: 0x00000000800452BC (0x00000113) addi sp, zero, 0x0
x2 <- 0x0000000000000000
mem[X,0x00000000800452C0] -> 0x006F
mem[X,0x00000000800452C2] -> 0x00C0
[11002] [M]: 0x00000000800452C0 (0x00C0006F) jal zero, 0xc
mem[X,0x00000000800452CC] -> 0x5CE3
mem[X,0x00000000800452CE] -> 0xFEB5
[11003] [M]: 0x00000000800452CC (0xFEB55CE3) bge a0, a1, -0x8
mem[X,0x00000000800452C4] -> 0x0113
mem[X,0x00000000800452C6] -> 0x0011
[11004] [M]: 0x00000000800452C4 (0x00110113) addi sp, sp, 0x1
x2 <- 0x0000000000000001
mem[X,0x00000000800452C8] -> 0x006F
mem[X,0x00000000800452CA] -> 0x0180
[11005] [M]: 0x00000000800452C8 (0x0180006F) jal zero, 0x18
mem[X,0x00000000800452E0] -> 0xB823
mem[X,0x00000000800452E2] -> 0x4220
[11006] [M]: 0x00000000800452E0 (0x4220B823) sd sp, 0x430(ra)
mem[0x0000000080049600] <- 0x0000000000000001
mem[X,0x00000000800452E4] -> 0x0513
mem[X,0x00000000800452E6] -> 0x0000
[11007] [M]: 0x00000000800452E4 (0x00000513) addi a0, zero, 0x0
x10 <- 0x0000000000000000
mem[X,0x00000000800452E8] -> 0x05B7
mem[X,0x00000000800452EA] -> 0x0000
[11008] [M]: 0x00000000800452E8 (0x000005B7) lui a1, 0x0
x11 <- 0x0000000000000000
mem[X,0x00000000800452EC] -> 0x8593
mem[X,0x00000000800452EE] -> 0x0005
[11009] [M]: 0x00000000800452EC (0x00058593) addi a1, a1, 0x0
x11 <- 0x0000000000000000
mem[X,0x00000000800452F0] -> 0x9593
mem[X,0x00000000800452F2] -> 0x00B5
[11010] [M]: 0x00000000800452F0 (0x00B59593) slli a1, a1, 0xb
x11 <- 0x0000000000000000
mem[X,0x00000000800452F4] -> 0x8593
mem[X,0x00000000800452F6] -> 0x5A85
[11011] [M]: 0x00000000800452F4 (0x5A858593) addi a1, a1, 0x5a8
x11 <- 0x00000000000005A8
mem[X,0x00000000800452F8] -> 0x9593
mem[X,0x00000000800452FA] -> 0x00B5
[11012] [M]: 0x00000000800452F8 (0x00B59593) slli a1, a1, 0xb
x11 <- 0x00000000002D4000
mem[X,0x00000000800452FC] -> 0x8593
mem[X,0x00000000800452FE] -> 0x13C5
[11013] [M]: 0x00000000800452FC (0x13C58593) addi a1, a1, 0x13c
x11 <- 0x00000000002D413C
mem[X,0x0000000080045300] -> 0x9593
mem[X,0x0000000080045302] -> 0x00A5
[11014] [M]: 0x0000000080045300 (0x00A59593) slli a1, a1, 0xa
x11 <- 0x00000000B504F000
mem[X,0x0000000080045304] -> 0x8593
mem[X,0x0000000080045306] -> 0x3345
[11015] [M]: 0x0000000080045304 (0x33458593) addi a1, a1, 0x334
x11 <- 0x00000000B504F334
mem[X,0x0000000080045308] -> 0x0113
mem[X,0x000000008004530A] -> 0x0000
[11016] [M]: 0x0000000080045308 (0x00000113) addi sp, zero, 0x0
x2 <- 0x0000000000000000
mem[X,0x000000008004530C] -> 0x006F
mem[X,0x000000008004530E] -> 0x00C0
[11017] [M]: 0x000000008004530C (0x00C0006F) jal zero, 0xc
mem[X,0x0000000080045318] -> 0x5663
mem[X,0x000000008004531A] -> 0x00B5
[11018] [M]: 0x0000000080045318 (0x00B55663) bge a0, a1, 0xc
mem[X,0x000000008004531C] -> 0x0113
mem[X,0x000000008004531E] -> 0x0021
[11019] [M]: 0x000000008004531C (0x00210113) addi sp, sp, 0x2
x2 <- 0x0000000000000002
mem[X,0x0000000080045320] -> 0x006F
mem[X,0x0000000080045322] -> 0x00C0
[11020] [M]: 0x0000000080045320 (0x00C0006F) jal zero, 0xc
mem[X,0x000000008004532C] -> 0xBC23
mem[X,0x000000008004532E] -> 0x4220
[11021] [M]: 0x000000008004532C (0x4220BC23) sd sp, 0x438(ra)
mem[0x0000000080049608] <- 0x0000000000000002
mem[X,0x0000000080045330] -> 0x0513
mem[X,0x0000000080045332] -> 0x0010
[11022] [M]: 0x0000000080045330 (0x00100513) addi a0, zero, 0x1
x10 <- 0x0000000000000001
mem[X,0x0000000080045334] -> 0x1513
mem[X,0x0000000080045336] -> 0x0345
[11023] [M]: 0x0000000080045334 (0x03451513) slli a0, a0, 0x34
x10 <- 0x0010000000000000
mem[X,0x0000000080045338] -> 0x0593
mem[X,0x000000008004533A] -> 0x0400
[11024] [M]: 0x0000000080045338 (0x04000593) addi a1, zero, 0x40
x11 <- 0x0000000000000040
mem[X,0x000000008004533C] -> 0x0113
mem[X,0x000000008004533E] -> 0x0000
[11025] [M]: 0x000000008004533C (0x00000113) addi sp, zero, 0x0
x2 <- 0x0000000000000000
mem[X,0x0000000080045340] -> 0x006F
mem[X,0x0000000080045342] -> 0x00C0
[11026] [M]: 0x0000000080045340 (0x00C0006F) jal zero, 0xc
mem[X,0x000000008004534C] -> 0x5063
mem[X,0x000000008004534E] -> 0x08B5
[11027] [M]: 0x000000008004534C (0x08B55063) bge a0, a1, 0x80
mem[X,0x00000000800453CC] -> 0x0113
mem[X,0x00000000800453CE] -> 0x0031
[11028] [M]: 0x00000000800453CC (0x00310113) addi sp, sp, 0x3
x2 <- 0x0000000000000003
mem[X,0x00000000800453D0] -> 0x006F
mem[X,0x00000000800453D2] -> 0x0040
[11029] [M]: 0x00000000800453D0 (0x0040006F) jal zero, 0x4
mem[X,0x00000000800453D4] -> 0xB023
mem[X,0x00000000800453D6] -> 0x4420
[11030] [M]: 0x00000000800453D4 (0x4420B023) sd sp, 0x440(ra)
mem[0x0000000080049610] <- 0x0000000000000003
mem[X,0x00000000800453D8] -> 0x0513
mem[X,0x00000000800453DA] -> 0x0080
[11031] [M]: 0x00000000800453D8 (0x00800513) addi a0, zero, 0x8
x10 <- 0x0000000000000008
mem[X,0x00000000800453DC] -> 0x0593
mem[X,0x00000000800453DE] -> 0x0010
[11032] [M]: 0x00000000800453DC (0x00100593) addi a1, zero, 0x1
x11 <- 0x0000000000000001
mem[X,0x00000000800453E0] -> 0x9593
mem[X,0x00000000800453E2] -> 0x0395
[11033] [M]: 0x00000000800453E0 (0x03959593) slli a1, a1, 0x39
x11 <- 0x0200000000000000
mem[X,0x00000000800453E4] -> 0xC593
mem[X,0x00000000800453E6] -> 0xFFF5
[11034] [M]: 0x00000000800453E4 (0xFFF5C593) xori a1, a1, -0x1
x11 <- 0xFDFFFFFFFFFFFFFF
mem[X,0x00000000800453E8] -> 0x0113
mem[X,0x00000000800453EA] -> 0x0000
[11035] [M]: 0x00000000800453E8 (0x00000113) addi sp, zero, 0x0
x2 <- 0x0000000000000000
mem[X,0x00000000800453EC] -> 0x006F
mem[X,0x00000000800453EE] -> 0x00C0
[11036] [M]: 0x00000000800453EC (0x00C0006F) jal zero, 0xc
mem[X,0x00000000800453F8] -> 0x5063
mem[X,0x00000000800453FA] -> 0x20B5
[11037] [M]: 0x00000000800453F8 (0x20B55063) bge a0, a1, 0x200
mem[X,0x00000000800455F8] -> 0x0113
mem[X,0x00000000800455FA] -> 0x0031
[11038] [M]: 0x00000000800455F8 (0x00310113) addi sp, sp, 0x3
x2 <- 0x0000000000000003
mem[X,0x00000000800455FC] -> 0x006F
mem[X,0x00000000800455FE] -> 0x0040
[11039] [M]: 0x00000000800455FC (0x0040006F) jal zero, 0x4
mem[X,0x0000000080045600] -> 0xB423
mem[X,0x0000000080045602] -> 0x4420
[11040] [M]: 0x0000000080045600 (0x4420B423) sd sp, 0x448(ra)
mem[0x0000000080049618] <- 0x0000000000000003
mem[X,0x0000000080045604] -> 0x0513
mem[X,0x0000000080045606] -> 0x0010
[11041] [M]: 0x0000000080045604 (0x00100513) addi a0, zero, 0x1
x10 <- 0x0000000000000001
mem[X,0x0000000080045608] -> 0x1513
mem[X,0x000000008004560A] -> 0x0115
[11042] [M]: 0x0000000080045608 (0x01151513) slli a0, a0, 0x11
x10 <- 0x0000000000020000
mem[X,0x000000008004560C] -> 0x0593
mem[X,0x000000008004560E] -> 0x0010
[11043] [M]: 0x000000008004560C (0x00100593) addi a1, zero, 0x1
x11 <- 0x0000000000000001
mem[X,0x0000000080045610] -> 0x9593
mem[X,0x0000000080045612] -> 0x00D5
[11044] [M]: 0x0000000080045610 (0x00D59593) slli a1, a1, 0xd
x11 <- 0x0000000000002000
mem[X,0x0000000080045614] -> 0x0113
mem[X,0x0000000080045616] -> 0x0000
[11045] [M]: 0x0000000080045614 (0x00000113) addi sp, zero, 0x0
x2 <- 0x0000000000000000
mem[X,0x0000000080045618] -> 0x006F
mem[X,0x000000008004561A] -> 0x0050
[11046] [M]: 0x0000000080045618 (0x0050006F) jal zero, 0x804
mem[X,0x0000000080045E1C] -> 0x50E3
mem[X,0x0000000080045E1E] -> 0x80B5
[11047] [M]: 0x0000000080045E1C (0x80B550E3) bge a0, a1, -0x800
mem[X,0x000000008004561C] -> 0x0113
mem[X,0x000000008004561E] -> 0x0011
[11048] [M]: 0x000000008004561C (0x00110113) addi sp, sp, 0x1
x2 <- 0x0000000000000001
mem[X,0x0000000080045620] -> 0x006F
mem[X,0x0000000080045622] -> 0x0110
[11049] [M]: 0x0000000080045620 (0x0110006F) jal zero, 0x810
mem[X,0x0000000080045E30] -> 0xB823
mem[X,0x0000000080045E32] -> 0x4420
[11050] [M]: 0x0000000080045E30 (0x4420B823) sd sp, 0x450(ra)
mem[0x0000000080049620] <- 0x0000000000000001
mem[X,0x0000000080045E34] -> 0x006F
mem[X,0x0000000080045E36] -> 0x0380
[11051] [M]: 0x0000000080045E34 (0x0380006F) jal zero, 0x38
mem[X,0x0000000080045E6C] -> 0x0093
mem[X,0x0000000080045E6E] -> 0x0010
[11052] [M]: 0x0000000080045E6C (0x00100093) addi ra, zero, 0x1
x1 <- 0x0000000000000001
mem[X,0x0000000080045E70] -> 0x0F17
mem[X,0x0000000080045E72] -> 0x0000
[11053] [M]: 0x0000000080045E70 (0x00000F17) auipc t5, 0x0
x30 <- 0x0000000080045E70
mem[X,0x0000000080045E74] -> 0x2823
mem[X,0x0000000080045E76] -> 0x181F
[11054] [M]: 0x0000000080045E74 (0x181F2823) sw ra, 0x190(t5)
htif[0x0000000080046000] <- 0x00000001
mem[X,0x0000000080045E78] -> 0xF06F
mem[X,0x0000000080045E7A] -> 0xFF9F
[11055] [M]: 0x0000000080045E78 (0xFF9FF06F) jal zero, -0x8
mem[X,0x0000000080045E70] -> 0x0F17
mem[X,0x0000000080045E72] -> 0x0000
[11056] [M]: 0x0000000080045E70 (0x00000F17) auipc t5, 0x0
x30 <- 0x0000000080045E70
mem[X,0x0000000080045E74] -> 0x2823
mem[X,0x0000000080045E76] -> 0x181F
[11057] [M]: 0x0000000080045E74 (0x181F2823) sw ra, 0x190(t5)
htif[0x0000000080046000] <- 0x00000001
mem[X,0x0000000080045E78] -> 0xF06F
mem[X,0x0000000080045E7A] -> 0xFF9F
[11058] [M]: 0x0000000080045E78 (0xFF9FF06F) jal zero, -0x8
mem[X,0x0000000080045E70] -> 0x0F17
mem[X,0x0000000080045E72] -> 0x0000
[11059] [M]: 0x0000000080045E70 (0x00000F17) auipc t5, 0x0
x30 <- 0x0000000080045E70
mem[X,0x0000000080045E74] -> 0x2823
mem[X,0x0000000080045E76] -> 0x181F
[11060] [M]: 0x0000000080045E74 (0x181F2823) sw ra, 0x190(t5)
htif[0x0000000080046000] <- 0x00000001
htif-syscall-proxy cmd: 0x000000000001
SUCCESS
