using /home/mamir/tempo/riscof/riscof_work/rv64i_m/C/src/cmv-01.S/ref/Reference-sail_c_simulator.signature for test-signature output.
tohost located at 0x80001000
Running file ref.elf.
ELF Entry @ 0x80000000
begin_signature: 0x80003110
end_signature: 0x800035d0
CSR mstatus <- 0x0000000A00000000 (input: 0x0000000000000000)
mem[X,0x0000000000001000] -> 0x0297
mem[X,0x0000000000001002] -> 0x0000
[0] [M]: 0x0000000000001000 (0x00000297) auipc t0, 0x0
x5 <- 0x0000000000001000
mem[X,0x0000000000001004] -> 0x8593
mem[X,0x0000000000001006] -> 0x0202
[1] [M]: 0x0000000000001004 (0x02028593) addi a1, t0, 0x20
x11 <- 0x0000000000001020
mem[X,0x0000000000001008] -> 0x2573
mem[X,0x000000000000100A] -> 0xF140
[2] [M]: 0x0000000000001008 (0xF1402573) csrrs a0, mhartid, zero
CSR mhartid -> 0x0000000000000000
x10 <- 0x0000000000000000
mem[X,0x000000000000100C] -> 0xB283
mem[X,0x000000000000100E] -> 0x0182
[3] [M]: 0x000000000000100C (0x0182B283) ld t0, 0x18(t0)
mem[R,0x0000000000001018] -> 0x0000000080000000
x5 <- 0x0000000080000000
mem[X,0x0000000000001010] -> 0x8067
mem[X,0x0000000000001012] -> 0x0002
[4] [M]: 0x0000000000001010 (0x00028067) jalr zero, 0x0(t0)
mem[X,0x0000000080000000] -> 0x0837
mem[X,0x0000000080000002] -> 0x7D5C
[5] [M]: 0x0000000080000000 (0x7D5C0837) lui a6, 0x7d5c0
x16 <- 0x000000007D5C0000
mem[X,0x0000000080000004] -> 0x0813
mem[X,0x0000000080000006] -> 0xDDB8
[6] [M]: 0x0000000080000004 (0xDDB80813) addi a6, a6, -0x225
x16 <- 0x000000007D5BFDDB
mem[X,0x0000000080000008] -> 0x1813
mem[X,0x000000008000000A] -> 0x00B8
[7] [M]: 0x0000000080000008 (0x00B81813) slli a6, a6, 0xb
x16 <- 0x000003EADFEED800
mem[X,0x000000008000000C] -> 0x0813
mem[X,0x000000008000000E] -> 0x3EA8
[8] [M]: 0x000000008000000C (0x3EA80813) addi a6, a6, 0x3ea
x16 <- 0x000003EADFEEDBEA
mem[X,0x0000000080000010] -> 0x1813
mem[X,0x0000000080000012] -> 0x00B8
[9] [M]: 0x0000000080000010 (0x00B81813) slli a6, a6, 0xb
x16 <- 0x001F56FF76DF5000
mem[X,0x0000000080000014] -> 0x0813
mem[X,0x0000000080000016] -> 0x6FF8
[10] [M]: 0x0000000080000014 (0x6FF80813) addi a6, a6, 0x6ff
x16 <- 0x001F56FF76DF56FF
mem[X,0x0000000080000018] -> 0x1813
mem[X,0x000000008000001A] -> 0x00A8
[11] [M]: 0x0000000080000018 (0x00A81813) slli a6, a6, 0xa
x16 <- 0x7D5BFDDB7D5BFC00
mem[X,0x000000008000001C] -> 0x0813
mem[X,0x000000008000001E] -> 0x1DB8
[12] [M]: 0x000000008000001C (0x1DB80813) addi a6, a6, 0x1db
x16 <- 0x7D5BFDDB7D5BFDDB
mem[X,0x0000000080000020] -> 0x5893
mem[X,0x0000000080000022] -> 0x0078
[13] [M]: 0x0000000080000020 (0x00785893) srli a7, a6, 0x7
x17 <- 0x00FAB7FBB6FAB7FB
mem[X,0x0000000080000024] -> 0x5793
mem[X,0x0000000080000026] -> 0x0398
[14] [M]: 0x0000000080000024 (0x03985793) srli a5, a6, 0x39
x15 <- 0x000000000000003E
mem[X,0x0000000080000028] -> 0xE8B3
mem[X,0x000000008000002A] -> 0x00F8
[15] [M]: 0x0000000080000028 (0x00F8E8B3) or a7, a7, a5
x17 <- 0x00FAB7FBB6FAB7FF
mem[X,0x000000008000002C] -> 0xD913
mem[X,0x000000008000002E] -> 0x0078
[16] [M]: 0x000000008000002C (0x0078D913) srli s2, a7, 0x7
x18 <- 0x0001F56FF76DF56F
mem[X,0x0000000080000030] -> 0xD793
mem[X,0x0000000080000032] -> 0x0398
[17] [M]: 0x0000000080000030 (0x0398D793) srli a5, a7, 0x39
x15 <- 0x0000000000000000
mem[X,0x0000000080000034] -> 0x6933
mem[X,0x0000000080000036] -> 0x00F9
[18] [M]: 0x0000000080000034 (0x00F96933) or s2, s2, a5
x18 <- 0x0001F56FF76DF56F
mem[X,0x0000000080000038] -> 0x5993
mem[X,0x000000008000003A] -> 0x0079
[19] [M]: 0x0000000080000038 (0x00795993) srli s3, s2, 0x7
x19 <- 0x000003EADFEEDBEA
mem[X,0x000000008000003C] -> 0x5793
mem[X,0x000000008000003E] -> 0x0399
[20] [M]: 0x000000008000003C (0x03995793) srli a5, s2, 0x39
x15 <- 0x0000000000000000
mem[X,0x0000000080000040] -> 0xE9B3
mem[X,0x0000000080000042] -> 0x00F9
[21] [M]: 0x0000000080000040 (0x00F9E9B3) or s3, s3, a5
x19 <- 0x000003EADFEEDBEA
mem[X,0x0000000080000044] -> 0xDA13
mem[X,0x0000000080000046] -> 0x0079
[22] [M]: 0x0000000080000044 (0x0079DA13) srli s4, s3, 0x7
x20 <- 0x00000007D5BFDDB7
mem[X,0x0000000080000048] -> 0xD793
mem[X,0x000000008000004A] -> 0x0399
[23] [M]: 0x0000000080000048 (0x0399D793) srli a5, s3, 0x39
x15 <- 0x0000000000000000
mem[X,0x000000008000004C] -> 0x6A33
mem[X,0x000000008000004E] -> 0x00FA
[24] [M]: 0x000000008000004C (0x00FA6A33) or s4, s4, a5
x20 <- 0x00000007D5BFDDB7
mem[X,0x0000000080000050] -> 0x5A93
mem[X,0x0000000080000052] -> 0x007A
[25] [M]: 0x0000000080000050 (0x007A5A93) srli s5, s4, 0x7
x21 <- 0x000000000FAB7FBB
mem[X,0x0000000080000054] -> 0x5793
mem[X,0x0000000080000056] -> 0x039A
[26] [M]: 0x0000000080000054 (0x039A5793) srli a5, s4, 0x39
x15 <- 0x0000000000000000
mem[X,0x0000000080000058] -> 0xEAB3
mem[X,0x000000008000005A] -> 0x00FA
[27] [M]: 0x0000000080000058 (0x00FAEAB3) or s5, s5, a5
x21 <- 0x000000000FAB7FBB
mem[X,0x000000008000005C] -> 0xDB13
mem[X,0x000000008000005E] -> 0x007A
[28] [M]: 0x000000008000005C (0x007ADB13) srli s6, s5, 0x7
x22 <- 0x00000000001F56FF
mem[X,0x0000000080000060] -> 0xD793
mem[X,0x0000000080000062] -> 0x039A
[29] [M]: 0x0000000080000060 (0x039AD793) srli a5, s5, 0x39
x15 <- 0x0000000000000000
mem[X,0x0000000080000064] -> 0x6B33
mem[X,0x0000000080000066] -> 0x00FB
[30] [M]: 0x0000000080000064 (0x00FB6B33) or s6, s6, a5
x22 <- 0x00000000001F56FF
mem[X,0x0000000080000068] -> 0x5B93
mem[X,0x000000008000006A] -> 0x007B
[31] [M]: 0x0000000080000068 (0x007B5B93) srli s7, s6, 0x7
x23 <- 0x0000000000003EAD
mem[X,0x000000008000006C] -> 0x5793
mem[X,0x000000008000006E] -> 0x039B
[32] [M]: 0x000000008000006C (0x039B5793) srli a5, s6, 0x39
x15 <- 0x0000000000000000
mem[X,0x0000000080000070] -> 0xEBB3
mem[X,0x0000000080000072] -> 0x00FB
[33] [M]: 0x0000000080000070 (0x00FBEBB3) or s7, s7, a5
x23 <- 0x0000000000003EAD
mem[X,0x0000000080000074] -> 0xDC13
mem[X,0x0000000080000076] -> 0x007B
[34] [M]: 0x0000000080000074 (0x007BDC13) srli s8, s7, 0x7
x24 <- 0x000000000000007D
mem[X,0x0000000080000078] -> 0xD793
mem[X,0x000000008000007A] -> 0x039B
[35] [M]: 0x0000000080000078 (0x039BD793) srli a5, s7, 0x39
x15 <- 0x0000000000000000
mem[X,0x000000008000007C] -> 0x6C33
mem[X,0x000000008000007E] -> 0x00FC
[36] [M]: 0x000000008000007C (0x00FC6C33) or s8, s8, a5
x24 <- 0x000000000000007D
mem[X,0x0000000080000080] -> 0x5C93
mem[X,0x0000000080000082] -> 0x007C
[37] [M]: 0x0000000080000080 (0x007C5C93) srli s9, s8, 0x7
x25 <- 0x0000000000000000
mem[X,0x0000000080000084] -> 0x5793
mem[X,0x0000000080000086] -> 0x039C
[38] [M]: 0x0000000080000084 (0x039C5793) srli a5, s8, 0x39
x15 <- 0x0000000000000000
mem[X,0x0000000080000088] -> 0xECB3
mem[X,0x000000008000008A] -> 0x00FC
[39] [M]: 0x0000000080000088 (0x00FCECB3) or s9, s9, a5
x25 <- 0x0000000000000000
mem[X,0x000000008000008C] -> 0xDD13
mem[X,0x000000008000008E] -> 0x007C
[40] [M]: 0x000000008000008C (0x007CDD13) srli s10, s9, 0x7
x26 <- 0x0000000000000000
mem[X,0x0000000080000090] -> 0xD793
mem[X,0x0000000080000092] -> 0x039C
[41] [M]: 0x0000000080000090 (0x039CD793) srli a5, s9, 0x39
x15 <- 0x0000000000000000
mem[X,0x0000000080000094] -> 0x6D33
mem[X,0x0000000080000096] -> 0x00FD
[42] [M]: 0x0000000080000094 (0x00FD6D33) or s10, s10, a5
x26 <- 0x0000000000000000
mem[X,0x0000000080000098] -> 0x5D93
mem[X,0x000000008000009A] -> 0x007D
[43] [M]: 0x0000000080000098 (0x007D5D93) srli s11, s10, 0x7
x27 <- 0x0000000000000000
mem[X,0x000000008000009C] -> 0x5793
mem[X,0x000000008000009E] -> 0x039D
[44] [M]: 0x000000008000009C (0x039D5793) srli a5, s10, 0x39
x15 <- 0x0000000000000000
mem[X,0x00000000800000A0] -> 0xEDB3
mem[X,0x00000000800000A2] -> 0x00FD
[45] [M]: 0x00000000800000A0 (0x00FDEDB3) or s11, s11, a5
x27 <- 0x0000000000000000
mem[X,0x00000000800000A4] -> 0xDE13
mem[X,0x00000000800000A6] -> 0x007D
[46] [M]: 0x00000000800000A4 (0x007DDE13) srli t3, s11, 0x7
x28 <- 0x0000000000000000
mem[X,0x00000000800000A8] -> 0xD793
mem[X,0x00000000800000AA] -> 0x039D
[47] [M]: 0x00000000800000A8 (0x039DD793) srli a5, s11, 0x39
x15 <- 0x0000000000000000
mem[X,0x00000000800000AC] -> 0x6E33
mem[X,0x00000000800000AE] -> 0x00FE
[48] [M]: 0x00000000800000AC (0x00FE6E33) or t3, t3, a5
x28 <- 0x0000000000000000
mem[X,0x00000000800000B0] -> 0x5E93
mem[X,0x00000000800000B2] -> 0x007E
[49] [M]: 0x00000000800000B0 (0x007E5E93) srli t4, t3, 0x7
x29 <- 0x0000000000000000
mem[X,0x00000000800000B4] -> 0x5793
mem[X,0x00000000800000B6] -> 0x039E
[50] [M]: 0x00000000800000B4 (0x039E5793) srli a5, t3, 0x39
x15 <- 0x0000000000000000
mem[X,0x00000000800000B8] -> 0xEEB3
mem[X,0x00000000800000BA] -> 0x00FE
[51] [M]: 0x00000000800000B8 (0x00FEEEB3) or t4, t4, a5
x29 <- 0x0000000000000000
mem[X,0x00000000800000BC] -> 0xDF13
mem[X,0x00000000800000BE] -> 0x007E
[52] [M]: 0x00000000800000BC (0x007EDF13) srli t5, t4, 0x7
x30 <- 0x0000000000000000
mem[X,0x00000000800000C0] -> 0xD793
mem[X,0x00000000800000C2] -> 0x039E
[53] [M]: 0x00000000800000C0 (0x039ED793) srli a5, t4, 0x39
x15 <- 0x0000000000000000
mem[X,0x00000000800000C4] -> 0x6F33
mem[X,0x00000000800000C6] -> 0x00FF
[54] [M]: 0x00000000800000C4 (0x00FF6F33) or t5, t5, a5
x30 <- 0x0000000000000000
mem[X,0x00000000800000C8] -> 0xC0B7
mem[X,0x00000000800000CA] -> 0xFEED
[55] [M]: 0x00000000800000C8 (0xFEEDC0B7) lui ra, -0x1124
x1 <- 0xFFFFFFFFFEEDC000
mem[X,0x00000000800000CC] -> 0x8093
mem[X,0x00000000800000CE] -> 0xEAD0
[56] [M]: 0x00000000800000CC (0xEAD08093) addi ra, ra, -0x153
x1 <- 0xFFFFFFFFFEEDBEAD
mem[X,0x00000000800000D0] -> 0x9093
mem[X,0x00000000800000D2] -> 0x00B0
[57] [M]: 0x00000000800000D0 (0x00B09093) slli ra, ra, 0xb
x1 <- 0xFFFFFFF76DF56800
mem[X,0x00000000800000D4] -> 0x8093
mem[X,0x00000000800000D6] -> 0x7F70
[58] [M]: 0x00000000800000D4 (0x7F708093) addi ra, ra, 0x7f7
x1 <- 0xFFFFFFF76DF56FF7
mem[X,0x00000000800000D8] -> 0x9093
mem[X,0x00000000800000DA] -> 0x00B0
[59] [M]: 0x00000000800000D8 (0x00B09093) slli ra, ra, 0xb
x1 <- 0xFFFFBB6FAB7FB800
mem[X,0x00000000800000DC] -> 0x8093
mem[X,0x00000000800000DE] -> 0x36F0
[60] [M]: 0x00000000800000DC (0x36F08093) addi ra, ra, 0x36f
x1 <- 0xFFFFBB6FAB7FBB6F
mem[X,0x00000000800000E0] -> 0x9093
mem[X,0x00000000800000E2] -> 0x00A0
[61] [M]: 0x00000000800000E0 (0x00A09093) slli ra, ra, 0xa
x1 <- 0xFEEDBEADFEEDBC00
mem[X,0x00000000800000E4] -> 0x8093
mem[X,0x00000000800000E6] -> 0x2AD0
[62] [M]: 0x00000000800000E4 (0x2AD08093) addi ra, ra, 0x2ad
x1 <- 0xFEEDBEADFEEDBEAD
mem[X,0x00000000800000E8] -> 0xD113
mem[X,0x00000000800000EA] -> 0x0070
[63] [M]: 0x00000000800000E8 (0x0070D113) srli sp, ra, 0x7
x2 <- 0x01FDDB7D5BFDDB7D
mem[X,0x00000000800000EC] -> 0xD793
mem[X,0x00000000800000EE] -> 0x0390
[64] [M]: 0x00000000800000EC (0x0390D793) srli a5, ra, 0x39
x15 <- 0x000000000000007F
mem[X,0x00000000800000F0] -> 0x6133
mem[X,0x00000000800000F2] -> 0x00F1
[65] [M]: 0x00000000800000F0 (0x00F16133) or sp, sp, a5
x2 <- 0x01FDDB7D5BFDDB7F
mem[X,0x00000000800000F4] -> 0x5193
mem[X,0x00000000800000F6] -> 0x0071
[66] [M]: 0x00000000800000F4 (0x00715193) srli gp, sp, 0x7
x3 <- 0x0003FBB6FAB7FBB6
mem[X,0x00000000800000F8] -> 0x5793
mem[X,0x00000000800000FA] -> 0x0391
[67] [M]: 0x00000000800000F8 (0x03915793) srli a5, sp, 0x39
x15 <- 0x0000000000000000
mem[X,0x00000000800000FC] -> 0xE1B3
mem[X,0x00000000800000FE] -> 0x00F1
[68] [M]: 0x00000000800000FC (0x00F1E1B3) or gp, gp, a5
x3 <- 0x0003FBB6FAB7FBB6
mem[X,0x0000000080000100] -> 0xD213
mem[X,0x0000000080000102] -> 0x0071
[69] [M]: 0x0000000080000100 (0x0071D213) srli tp, gp, 0x7
x4 <- 0x000007F76DF56FF7
mem[X,0x0000000080000104] -> 0xD793
mem[X,0x0000000080000106] -> 0x0391
[70] [M]: 0x0000000080000104 (0x0391D793) srli a5, gp, 0x39
x15 <- 0x0000000000000000
mem[X,0x0000000080000108] -> 0x6233
mem[X,0x000000008000010A] -> 0x00F2
[71] [M]: 0x0000000080000108 (0x00F26233) or tp, tp, a5
x4 <- 0x000007F76DF56FF7
mem[X,0x000000008000010C] -> 0x5293
mem[X,0x000000008000010E] -> 0x0072
[72] [M]: 0x000000008000010C (0x00725293) srli t0, tp, 0x7
x5 <- 0x0000000FEEDBEADF
mem[X,0x0000000080000110] -> 0x5793
mem[X,0x0000000080000112] -> 0x0392
[73] [M]: 0x0000000080000110 (0x03925793) srli a5, tp, 0x39
x15 <- 0x0000000000000000
mem[X,0x0000000080000114] -> 0xE2B3
mem[X,0x0000000080000116] -> 0x00F2
[74] [M]: 0x0000000080000114 (0x00F2E2B3) or t0, t0, a5
x5 <- 0x0000000FEEDBEADF
mem[X,0x0000000080000118] -> 0xD313
mem[X,0x000000008000011A] -> 0x0072
[75] [M]: 0x0000000080000118 (0x0072D313) srli t1, t0, 0x7
x6 <- 0x000000001FDDB7D5
mem[X,0x000000008000011C] -> 0xD793
mem[X,0x000000008000011E] -> 0x0392
[76] [M]: 0x000000008000011C (0x0392D793) srli a5, t0, 0x39
x15 <- 0x0000000000000000
mem[X,0x0000000080000120] -> 0x6333
mem[X,0x0000000080000122] -> 0x00F3
[77] [M]: 0x0000000080000120 (0x00F36333) or t1, t1, a5
x6 <- 0x000000001FDDB7D5
mem[X,0x0000000080000124] -> 0x5393
mem[X,0x0000000080000126] -> 0x0073
[78] [M]: 0x0000000080000124 (0x00735393) srli t2, t1, 0x7
x7 <- 0x00000000003FBB6F
mem[X,0x0000000080000128] -> 0x5793
mem[X,0x000000008000012A] -> 0x0393
[79] [M]: 0x0000000080000128 (0x03935793) srli a5, t1, 0x39
x15 <- 0x0000000000000000
mem[X,0x000000008000012C] -> 0xE3B3
mem[X,0x000000008000012E] -> 0x00F3
[80] [M]: 0x000000008000012C (0x00F3E3B3) or t2, t2, a5
x7 <- 0x00000000003FBB6F
mem[X,0x0000000080000130] -> 0xD413
mem[X,0x0000000080000132] -> 0x0073
[81] [M]: 0x0000000080000130 (0x0073D413) srli fp, t2, 0x7
x8 <- 0x0000000000007F76
mem[X,0x0000000080000134] -> 0xD793
mem[X,0x0000000080000136] -> 0x0393
[82] [M]: 0x0000000080000134 (0x0393D793) srli a5, t2, 0x39
x15 <- 0x0000000000000000
mem[X,0x0000000080000138] -> 0x6433
mem[X,0x000000008000013A] -> 0x00F4
[83] [M]: 0x0000000080000138 (0x00F46433) or fp, fp, a5
x8 <- 0x0000000000007F76
mem[X,0x000000008000013C] -> 0x5493
mem[X,0x000000008000013E] -> 0x0074
[84] [M]: 0x000000008000013C (0x00745493) srli s1, fp, 0x7
x9 <- 0x00000000000000FE
mem[X,0x0000000080000140] -> 0x5793
mem[X,0x0000000080000142] -> 0x0394
[85] [M]: 0x0000000080000140 (0x03945793) srli a5, fp, 0x39
x15 <- 0x0000000000000000
mem[X,0x0000000080000144] -> 0xE4B3
mem[X,0x0000000080000146] -> 0x00F4
[86] [M]: 0x0000000080000144 (0x00F4E4B3) or s1, s1, a5
x9 <- 0x00000000000000FE
mem[X,0x0000000080000148] -> 0xD513
mem[X,0x000000008000014A] -> 0x0074
[87] [M]: 0x0000000080000148 (0x0074D513) srli a0, s1, 0x7
x10 <- 0x0000000000000001
mem[X,0x000000008000014C] -> 0xD793
mem[X,0x000000008000014E] -> 0x0394
[88] [M]: 0x000000008000014C (0x0394D793) srli a5, s1, 0x39
x15 <- 0x0000000000000000
mem[X,0x0000000080000150] -> 0x6533
mem[X,0x0000000080000152] -> 0x00F5
[89] [M]: 0x0000000080000150 (0x00F56533) or a0, a0, a5
x10 <- 0x0000000000000001
mem[X,0x0000000080000154] -> 0x5593
mem[X,0x0000000080000156] -> 0x0075
[90] [M]: 0x0000000080000154 (0x00755593) srli a1, a0, 0x7
x11 <- 0x0000000000000000
mem[X,0x0000000080000158] -> 0x5793
mem[X,0x000000008000015A] -> 0x0395
[91] [M]: 0x0000000080000158 (0x03955793) srli a5, a0, 0x39
x15 <- 0x0000000000000000
mem[X,0x000000008000015C] -> 0xE5B3
mem[X,0x000000008000015E] -> 0x00F5
[92] [M]: 0x000000008000015C (0x00F5E5B3) or a1, a1, a5
x11 <- 0x0000000000000000
mem[X,0x0000000080000160] -> 0xD613
mem[X,0x0000000080000162] -> 0x0075
[93] [M]: 0x0000000080000160 (0x0075D613) srli a2, a1, 0x7
x12 <- 0x0000000000000000
mem[X,0x0000000080000164] -> 0xD793
mem[X,0x0000000080000166] -> 0x0395
[94] [M]: 0x0000000080000164 (0x0395D793) srli a5, a1, 0x39
x15 <- 0x0000000000000000
mem[X,0x0000000080000168] -> 0x6633
mem[X,0x000000008000016A] -> 0x00F6
[95] [M]: 0x0000000080000168 (0x00F66633) or a2, a2, a5
x12 <- 0x0000000000000000
mem[X,0x000000008000016C] -> 0x5693
mem[X,0x000000008000016E] -> 0x0076
[96] [M]: 0x000000008000016C (0x00765693) srli a3, a2, 0x7
x13 <- 0x0000000000000000
mem[X,0x0000000080000170] -> 0x5793
mem[X,0x0000000080000172] -> 0x0396
[97] [M]: 0x0000000080000170 (0x03965793) srli a5, a2, 0x39
x15 <- 0x0000000000000000
mem[X,0x0000000080000174] -> 0xE6B3
mem[X,0x0000000080000176] -> 0x00F6
[98] [M]: 0x0000000080000174 (0x00F6E6B3) or a3, a3, a5
x13 <- 0x0000000000000000
mem[X,0x0000000080000178] -> 0x0013
mem[X,0x000000008000017A] -> 0x0000
[99] [M]: 0x0000000080000178 (0x00000013) addi zero, zero, 0x0
clint::tick mtime <- 0x0000000000000001
 clint timer pending at mtime 0x0000000000000001
htif::tick 0x0000000000000000
mem[X,0x000000008000017C] -> 0x0013
mem[X,0x000000008000017E] -> 0x0000
[100] [M]: 0x000000008000017C (0x00000013) addi zero, zero, 0x0
mem[X,0x0000000080000180] -> 0x3697
mem[X,0x0000000080000182] -> 0x0000
[101] [M]: 0x0000000080000180 (0x00003697) auipc a3, 0x3
x13 <- 0x0000000080003180
mem[X,0x0000000080000184] -> 0x8693
mem[X,0x0000000080000186] -> 0xF986
[102] [M]: 0x0000000080000184 (0xF9868693) addi a3, a3, -0x68
x13 <- 0x0000000080003118
mem[X,0x0000000080000188] -> 0x0013
mem[X,0x000000008000018A] -> 0x0000
[103] [M]: 0x0000000080000188 (0x00000013) addi zero, zero, 0x0
mem[X,0x000000008000018C] -> 0x0013
mem[X,0x000000008000018E] -> 0x0000
[104] [M]: 0x000000008000018C (0x00000013) addi zero, zero, 0x0
mem[X,0x0000000080000190] -> 0x0013
mem[X,0x0000000080000192] -> 0x0000
[105] [M]: 0x0000000080000190 (0x00000013) addi zero, zero, 0x0
mem[X,0x0000000080000194] -> 0x0013
mem[X,0x0000000080000196] -> 0x0000
[106] [M]: 0x0000000080000194 (0x00000013) addi zero, zero, 0x0
mem[X,0x0000000080000198] -> 0x0013
mem[X,0x000000008000019A] -> 0x0000
[107] [M]: 0x0000000080000198 (0x00000013) addi zero, zero, 0x0
mem[X,0x000000008000019C] -> 0x0013
mem[X,0x000000008000019E] -> 0x0000
[108] [M]: 0x000000008000019C (0x00000013) addi zero, zero, 0x0
mem[X,0x00000000800001A0] -> 0x0613
mem[X,0x00000000800001A2] -> 0xFFF0
[109] [M]: 0x00000000800001A0 (0xFFF00613) addi a2, zero, -0x1
x12 <- 0xFFFFFFFFFFFFFFFF
mem[X,0x00000000800001A4] -> 0x1613
mem[X,0x00000000800001A6] -> 0x03F6
[110] [M]: 0x00000000800001A4 (0x03F61613) slli a2, a2, 0x3f
x12 <- 0x8000000000000000
mem[X,0x00000000800001A8] -> 0x85B2
[111] [M]: 0x00000000800001A8 (0x85B2) c.mv a1, a2
x11 <- 0x8000000000000000
mem[X,0x00000000800001AA] -> 0xE28C
[112] [M]: 0x00000000800001AA (0xE28C) c.sd a3, a1, 0x0
mem[0x0000000080003118] <- 0x8000000000000000
mem[X,0x00000000800001AC] -> 0x0113
mem[X,0x00000000800001AE] -> 0x0000
[113] [M]: 0x00000000800001AC (0x00000113) addi sp, zero, 0x0
x2 <- 0x0000000000000000
mem[X,0x00000000800001B0] -> 0x810A
[114] [M]: 0x00000000800001B0 (0x810A) c.mv sp, sp
x2 <- 0x0000000000000000
mem[X,0x00000000800001B2] -> 0xB423
mem[X,0x00000000800001B4] -> 0x0026
[115] [M]: 0x00000000800001B2 (0x0026B423) sd sp, 0x8(a3)
mem[0x0000000080003120] <- 0x0000000000000000
mem[X,0x00000000800001B6] -> 0x0393
mem[X,0x00000000800001B8] -> 0xFFF0
[116] [M]: 0x00000000800001B6 (0xFFF00393) addi t2, zero, -0x1
x7 <- 0xFFFFFFFFFFFFFFFF
mem[X,0x00000000800001BA] -> 0xD393
mem[X,0x00000000800001BC] -> 0x0013
[117] [M]: 0x00000000800001BA (0x0013D393) srli t2, t2, 0x1
x7 <- 0x7FFFFFFFFFFFFFFF
mem[X,0x00000000800001BE] -> 0x899E
[118] [M]: 0x00000000800001BE (0x899E) c.mv s3, t2
x19 <- 0x7FFFFFFFFFFFFFFF
mem[X,0x00000000800001C0] -> 0xB823
mem[X,0x00000000800001C2] -> 0x0136
[119] [M]: 0x00000000800001C0 (0x0136B823) sd s3, 0x10(a3)
mem[0x0000000080003128] <- 0x7FFFFFFFFFFFFFFF
mem[X,0x00000000800001C4] -> 0x0893
mem[X,0x00000000800001C6] -> 0x0010
[120] [M]: 0x00000000800001C4 (0x00100893) addi a7, zero, 0x1
x17 <- 0x0000000000000001
mem[X,0x00000000800001C8] -> 0x8346
[121] [M]: 0x00000000800001C8 (0x8346) c.mv t1, a7
x6 <- 0x0000000000000001
mem[X,0x00000000800001CA] -> 0xBC23
mem[X,0x00000000800001CC] -> 0x0066
[122] [M]: 0x00000000800001CA (0x0066BC23) sd t1, 0x18(a3)
mem[0x0000000080003130] <- 0x0000000000000001
mem[X,0x00000000800001CE] -> 0x0D13
mem[X,0x00000000800001D0] -> 0x0020
[123] [M]: 0x00000000800001CE (0x00200D13) addi s10, zero, 0x2
x26 <- 0x0000000000000002
mem[X,0x00000000800001D2] -> 0x876A
[124] [M]: 0x00000000800001D2 (0x876A) c.mv a4, s10
x14 <- 0x0000000000000002
mem[X,0x00000000800001D4] -> 0xF298
[125] [M]: 0x00000000800001D4 (0xF298) c.sd a3, a4, 0x20
mem[0x0000000080003138] <- 0x0000000000000002
mem[X,0x00000000800001D6] -> 0x0293
mem[X,0x00000000800001D8] -> 0x0040
[126] [M]: 0x00000000800001D6 (0x00400293) addi t0, zero, 0x4
x5 <- 0x0000000000000004
mem[X,0x00000000800001DA] -> 0x8A96
[127] [M]: 0x00000000800001DA (0x8A96) c.mv s5, t0
x21 <- 0x0000000000000004
mem[X,0x00000000800001DC] -> 0xB423
mem[X,0x00000000800001DE] -> 0x0356
[128] [M]: 0x00000000800001DC (0x0356B423) sd s5, 0x28(a3)
mem[0x0000000080003140] <- 0x0000000000000004
mem[X,0x00000000800001E0] -> 0x0093
mem[X,0x00000000800001E2] -> 0x0080
[129] [M]: 0x00000000800001E0 (0x00800093) addi ra, zero, 0x8
x1 <- 0x0000000000000008
mem[X,0x00000000800001E4] -> 0x8D86
[130] [M]: 0x00000000800001E4 (0x8D86) c.mv s11, ra
x27 <- 0x0000000000000008
mem[X,0x00000000800001E6] -> 0xB823
mem[X,0x00000000800001E8] -> 0x03B6
[131] [M]: 0x00000000800001E6 (0x03B6B823) sd s11, 0x30(a3)
mem[0x0000000080003148] <- 0x0000000000000008
mem[X,0x00000000800001EA] -> 0x0493
mem[X,0x00000000800001EC] -> 0x0100
[132] [M]: 0x00000000800001EA (0x01000493) addi s1, zero, 0x10
x9 <- 0x0000000000000010
mem[X,0x00000000800001EE] -> 0x88A6
[133] [M]: 0x00000000800001EE (0x88A6) c.mv a7, s1
x17 <- 0x0000000000000010
mem[X,0x00000000800001F0] -> 0xBC23
mem[X,0x00000000800001F2] -> 0x0316
[134] [M]: 0x00000000800001F0 (0x0316BC23) sd a7, 0x38(a3)
mem[0x0000000080003150] <- 0x0000000000000010
mem[X,0x00000000800001F4] -> 0x0913
mem[X,0x00000000800001F6] -> 0x0200
[135] [M]: 0x00000000800001F4 (0x02000913) addi s2, zero, 0x20
x18 <- 0x0000000000000020
mem[X,0x00000000800001F8] -> 0x804A
[136] [M]: 0x00000000800001F8 (0x804A) c.mv.hint.s2
mem[X,0x00000000800001FA] -> 0xB023
mem[X,0x00000000800001FC] -> 0x0406
[137] [M]: 0x00000000800001FA (0x0406B023) sd zero, 0x40(a3)
mem[0x0000000080003158] <- 0x0000000000000000
mem[X,0x00000000800001FE] -> 0x0B13
mem[X,0x0000000080000200] -> 0x0400
[138] [M]: 0x00000000800001FE (0x04000B13) addi s6, zero, 0x40
x22 <- 0x0000000000000040
mem[X,0x0000000080000202] -> 0x84DA
[139] [M]: 0x0000000080000202 (0x84DA) c.mv s1, s6
x9 <- 0x0000000000000040
mem[X,0x0000000080000204] -> 0xE6A4
[140] [M]: 0x0000000080000204 (0xE6A4) c.sd a3, s1, 0x48
mem[0x0000000080003160] <- 0x0000000000000040
mem[X,0x0000000080000206] -> 0x0413
mem[X,0x0000000080000208] -> 0x0800
[141] [M]: 0x0000000080000206 (0x08000413) addi fp, zero, 0x80
x8 <- 0x0000000000000080
mem[X,0x000000008000020A] -> 0x8222
[142] [M]: 0x000000008000020A (0x8222) c.mv tp, fp
x4 <- 0x0000000000000080
mem[X,0x000000008000020C] -> 0xB823
mem[X,0x000000008000020E] -> 0x0446
[143] [M]: 0x000000008000020C (0x0446B823) sd tp, 0x50(a3)
mem[0x0000000080003168] <- 0x0000000000000080
mem[X,0x0000000080000210] -> 0x0C13
mem[X,0x0000000080000212] -> 0x1000
[144] [M]: 0x0000000080000210 (0x10000C13) addi s8, zero, 0x100
x24 <- 0x0000000000000100
mem[X,0x0000000080000214] -> 0x81E2
[145] [M]: 0x0000000080000214 (0x81E2) c.mv gp, s8
x3 <- 0x0000000000000100
mem[X,0x0000000080000216] -> 0xBC23
mem[X,0x0000000080000218] -> 0x0436
[146] [M]: 0x0000000080000216 (0x0436BC23) sd gp, 0x58(a3)
mem[0x0000000080003170] <- 0x0000000000000100
mem[X,0x000000008000021A] -> 0x0A93
mem[X,0x000000008000021C] -> 0x2000
[147] [M]: 0x000000008000021A (0x20000A93) addi s5, zero, 0x200
x21 <- 0x0000000000000200
mem[X,0x000000008000021E] -> 0x8A56
[148] [M]: 0x000000008000021E (0x8A56) c.mv s4, s5
x20 <- 0x0000000000000200
mem[X,0x0000000080000220] -> 0xB023
mem[X,0x0000000080000222] -> 0x0746
[149] [M]: 0x0000000080000220 (0x0746B023) sd s4, 0x60(a3)
mem[0x0000000080003178] <- 0x0000000000000200
mem[X,0x0000000080000224] -> 0x0B93
mem[X,0x0000000080000226] -> 0x4000
[150] [M]: 0x0000000080000224 (0x40000B93) addi s7, zero, 0x400
x23 <- 0x0000000000000400
mem[X,0x0000000080000228] -> 0x865E
[151] [M]: 0x0000000080000228 (0x865E) c.mv a2, s7
x12 <- 0x0000000000000400
mem[X,0x000000008000022A] -> 0xF6B0
[152] [M]: 0x000000008000022A (0xF6B0) c.sd a3, a2, 0x68
mem[0x0000000080003180] <- 0x0000000000000400
mem[X,0x000000008000022C] -> 0x0F93
mem[X,0x000000008000022E] -> 0x0010
[153] [M]: 0x000000008000022C (0x00100F93) addi t6, zero, 0x1
x31 <- 0x0000000000000001
mem[X,0x0000000080000230] -> 0x9F93
mem[X,0x0000000080000232] -> 0x00BF
[154] [M]: 0x0000000080000230 (0x00BF9F93) slli t6, t6, 0xb
x31 <- 0x0000000000000800
mem[X,0x0000000080000234] -> 0x8B7E
[155] [M]: 0x0000000080000234 (0x8B7E) c.mv s6, t6
x22 <- 0x0000000000000800
mem[X,0x0000000080000236] -> 0xB823
mem[X,0x0000000080000238] -> 0x0766
[156] [M]: 0x0000000080000236 (0x0766B823) sd s6, 0x70(a3)
mem[0x0000000080003188] <- 0x0000000000000800
mem[X,0x000000008000023A] -> 0x0193
mem[X,0x000000008000023C] -> 0x0010
[157] [M]: 0x000000008000023A (0x00100193) addi gp, zero, 0x1
x3 <- 0x0000000000000001
mem[X,0x000000008000023E] -> 0x9193
mem[X,0x0000000080000240] -> 0x00C1
[158] [M]: 0x000000008000023E (0x00C19193) slli gp, gp, 0xc
x3 <- 0x0000000000001000
mem[X,0x0000000080000242] -> 0x890E
[159] [M]: 0x0000000080000242 (0x890E) c.mv s2, gp
x18 <- 0x0000000000001000
mem[X,0x0000000080000244] -> 0xBC23
mem[X,0x0000000080000246] -> 0x0726
[160] [M]: 0x0000000080000244 (0x0726BC23) sd s2, 0x78(a3)
mem[0x0000000080003190] <- 0x0000000000001000
mem[X,0x0000000080000248] -> 0x0213
mem[X,0x000000008000024A] -> 0x0010
[161] [M]: 0x0000000080000248 (0x00100213) addi tp, zero, 0x1
x4 <- 0x0000000000000001
mem[X,0x000000008000024C] -> 0x1213
mem[X,0x000000008000024E] -> 0x00D2
[162] [M]: 0x000000008000024C (0x00D21213) slli tp, tp, 0xd
x4 <- 0x0000000000002000
mem[X,0x0000000080000250] -> 0x8392
[163] [M]: 0x0000000080000250 (0x8392) c.mv t2, tp
x7 <- 0x0000000000002000
mem[X,0x0000000080000252] -> 0xB023
mem[X,0x0000000080000254] -> 0x0876
[164] [M]: 0x0000000080000252 (0x0876B023) sd t2, 0x80(a3)
mem[0x0000000080003198] <- 0x0000000000002000
mem[X,0x0000000080000256] -> 0x0C93
mem[X,0x0000000080000258] -> 0x0010
[165] [M]: 0x0000000080000256 (0x00100C93) addi s9, zero, 0x1
x25 <- 0x0000000000000001
mem[X,0x000000008000025A] -> 0x9C93
mem[X,0x000000008000025C] -> 0x00EC
[166] [M]: 0x000000008000025A (0x00EC9C93) slli s9, s9, 0xe
x25 <- 0x0000000000004000
mem[X,0x000000008000025E] -> 0x8466
[167] [M]: 0x000000008000025E (0x8466) c.mv fp, s9
x8 <- 0x0000000000004000
mem[X,0x0000000080000260] -> 0xE6C0
[168] [M]: 0x0000000080000260 (0xE6C0) c.sd a3, s0, 0x88
mem[0x00000000800031A0] <- 0x0000000000004000
mem[X,0x0000000080000262] -> 0x0713
mem[X,0x0000000080000264] -> 0x0010
[169] [M]: 0x0000000080000262 (0x00100713) addi a4, zero, 0x1
x14 <- 0x0000000000000001
mem[X,0x0000000080000266] -> 0x1713
mem[X,0x0000000080000268] -> 0x00F7
[170] [M]: 0x0000000080000266 (0x00F71713) slli a4, a4, 0xf
x14 <- 0x0000000000008000
mem[X,0x000000008000026A] -> 0x87BA
[171] [M]: 0x000000008000026A (0x87BA) c.mv a5, a4
x15 <- 0x0000000000008000
mem[X,0x000000008000026C] -> 0xEADC
[172] [M]: 0x000000008000026C (0xEADC) c.sd a3, a5, 0x90
mem[0x00000000800031A8] <- 0x0000000000008000
mem[X,0x000000008000026E] -> 0x0E93
mem[X,0x0000000080000270] -> 0x0010
[173] [M]: 0x000000008000026E (0x00100E93) addi t4, zero, 0x1
x29 <- 0x0000000000000001
mem[X,0x0000000080000272] -> 0x9E93
mem[X,0x0000000080000274] -> 0x010E
[174] [M]: 0x0000000080000272 (0x010E9E93) slli t4, t4, 0x10
x29 <- 0x0000000000010000
mem[X,0x0000000080000276] -> 0x8FF6
[175] [M]: 0x0000000080000276 (0x8FF6) c.mv t6, t4
x31 <- 0x0000000000010000
mem[X,0x0000000080000278] -> 0xBC23
mem[X,0x000000008000027A] -> 0x09F6
[176] [M]: 0x0000000080000278 (0x09F6BC23) sd t6, 0x98(a3)
mem[0x00000000800031B0] <- 0x0000000000010000
mem[X,0x000000008000027C] -> 0x0E13
mem[X,0x000000008000027E] -> 0x0010
[177] [M]: 0x000000008000027C (0x00100E13) addi t3, zero, 0x1
x28 <- 0x0000000000000001
mem[X,0x0000000080000280] -> 0x1E13
mem[X,0x0000000080000282] -> 0x011E
[178] [M]: 0x0000000080000280 (0x011E1E13) slli t3, t3, 0x11
x28 <- 0x0000000000020000
mem[X,0x0000000080000284] -> 0x8EF2
[179] [M]: 0x0000000080000284 (0x8EF2) c.mv t4, t3
x29 <- 0x0000000000020000
mem[X,0x0000000080000286] -> 0xB023
mem[X,0x0000000080000288] -> 0x0BD6
[180] [M]: 0x0000000080000286 (0x0BD6B023) sd t4, 0xa0(a3)
mem[0x00000000800031B8] <- 0x0000000000020000
mem[X,0x000000008000028A] -> 0x0813
mem[X,0x000000008000028C] -> 0x0010
[181] [M]: 0x000000008000028A (0x00100813) addi a6, zero, 0x1
x16 <- 0x0000000000000001
mem[X,0x000000008000028E] -> 0x1813
mem[X,0x0000000080000290] -> 0x0128
[182] [M]: 0x000000008000028E (0x01281813) slli a6, a6, 0x12
x16 <- 0x0000000000040000
mem[X,0x0000000080000292] -> 0x8542
[183] [M]: 0x0000000080000292 (0x8542) c.mv a0, a6
x10 <- 0x0000000000040000
mem[X,0x0000000080000294] -> 0xF6C8
[184] [M]: 0x0000000080000294 (0xF6C8) c.sd a3, a0, 0xa8
mem[0x00000000800031C0] <- 0x0000000000040000
mem[X,0x0000000080000296] -> 0x0013
mem[X,0x0000000080000298] -> 0x0000
[185] [M]: 0x0000000080000296 (0x00000013) addi zero, zero, 0x0
mem[X,0x000000008000029A] -> 0x0013
mem[X,0x000000008000029C] -> 0x0000
[186] [M]: 0x000000008000029A (0x00000013) addi zero, zero, 0x0
mem[X,0x000000008000029E] -> 0x0001
[187] [M]: 0x000000008000029E (0x0001) c.nop
mem[X,0x00000000800002A0] -> 0x3117
mem[X,0x00000000800002A2] -> 0x0000
[188] [M]: 0x00000000800002A0 (0x00003117) auipc sp, 0x3
x2 <- 0x00000000800032A0
mem[X,0x00000000800002A4] -> 0x0113
mem[X,0x00000000800002A6] -> 0xF281
[189] [M]: 0x00000000800002A4 (0xF2810113) addi sp, sp, -0xd8
x2 <- 0x00000000800031C8
mem[X,0x00000000800002A8] -> 0x0013
mem[X,0x00000000800002AA] -> 0x0000
[190] [M]: 0x00000000800002A8 (0x00000013) addi zero, zero, 0x0
mem[X,0x00000000800002AC] -> 0x0013
mem[X,0x00000000800002AE] -> 0x0000
[191] [M]: 0x00000000800002AC (0x00000013) addi zero, zero, 0x0
mem[X,0x00000000800002B0] -> 0x0013
mem[X,0x00000000800002B2] -> 0x0000
[192] [M]: 0x00000000800002B0 (0x00000013) addi zero, zero, 0x0
mem[X,0x00000000800002B4] -> 0x0013
mem[X,0x00000000800002B6] -> 0x0000
[193] [M]: 0x00000000800002B4 (0x00000013) addi zero, zero, 0x0
mem[X,0x00000000800002B8] -> 0x0013
mem[X,0x00000000800002BA] -> 0x0000
[194] [M]: 0x00000000800002B8 (0x00000013) addi zero, zero, 0x0
mem[X,0x00000000800002BC] -> 0x0013
mem[X,0x00000000800002BE] -> 0x0000
[195] [M]: 0x00000000800002BC (0x00000013) addi zero, zero, 0x0
mem[X,0x00000000800002C0] -> 0x0A13
mem[X,0x00000000800002C2] -> 0x0010
[196] [M]: 0x00000000800002C0 (0x00100A13) addi s4, zero, 0x1
x20 <- 0x0000000000000001
mem[X,0x00000000800002C4] -> 0x1A13
mem[X,0x00000000800002C6] -> 0x013A
[197] [M]: 0x00000000800002C4 (0x013A1A13) slli s4, s4, 0x13
x20 <- 0x0000000000080000
mem[X,0x00000000800002C8] -> 0x8CD2
[198] [M]: 0x00000000800002C8 (0x8CD2) c.mv s9, s4
x25 <- 0x0000000000080000
mem[X,0x00000000800002CA] -> 0xE066
[199] [M]: 0x00000000800002CA (0xE066) c.sdsp s9, 0x0
mem[0x00000000800031C8] <- 0x0000000000080000
clint::tick mtime <- 0x0000000000000002
 clint timer pending at mtime 0x0000000000000002
htif::tick 0x0000000000000000
mem[X,0x00000000800002CC] -> 0x0693
mem[X,0x00000000800002CE] -> 0x0010
[200] [M]: 0x00000000800002CC (0x00100693) addi a3, zero, 0x1
x13 <- 0x0000000000000001
mem[X,0x00000000800002D0] -> 0x9693
mem[X,0x00000000800002D2] -> 0x0146
[201] [M]: 0x00000000800002D0 (0x01469693) slli a3, a3, 0x14
x13 <- 0x0000000000100000
mem[X,0x00000000800002D4] -> 0x82B6
[202] [M]: 0x00000000800002D4 (0x82B6) c.mv t0, a3
x5 <- 0x0000000000100000
mem[X,0x00000000800002D6] -> 0xE416
[203] [M]: 0x00000000800002D6 (0xE416) c.sdsp t0, 0x1
mem[0x00000000800031D0] <- 0x0000000000100000
mem[X,0x00000000800002D8] -> 0x0313
mem[X,0x00000000800002DA] -> 0x0010
[204] [M]: 0x00000000800002D8 (0x00100313) addi t1, zero, 0x1
x6 <- 0x0000000000000001
mem[X,0x00000000800002DC] -> 0x1313
mem[X,0x00000000800002DE] -> 0x0153
[205] [M]: 0x00000000800002DC (0x01531313) slli t1, t1, 0x15
x6 <- 0x0000000000200000
mem[X,0x00000000800002E0] -> 0x809A
[206] [M]: 0x00000000800002E0 (0x809A) c.mv ra, t1
x1 <- 0x0000000000200000
mem[X,0x00000000800002E2] -> 0xE806
[207] [M]: 0x00000000800002E2 (0xE806) c.sdsp ra, 0x2
mem[0x00000000800031D8] <- 0x0000000000200000
mem[X,0x00000000800002E4] -> 0x0793
mem[X,0x00000000800002E6] -> 0x0010
[208] [M]: 0x00000000800002E4 (0x00100793) addi a5, zero, 0x1
x15 <- 0x0000000000000001
mem[X,0x00000000800002E8] -> 0x9793
mem[X,0x00000000800002EA] -> 0x0167
[209] [M]: 0x00000000800002E8 (0x01679793) slli a5, a5, 0x16
x15 <- 0x0000000000400000
mem[X,0x00000000800002EC] -> 0x8D3E
[210] [M]: 0x00000000800002EC (0x8D3E) c.mv s10, a5
x26 <- 0x0000000000400000
mem[X,0x00000000800002EE] -> 0xEC6A
[211] [M]: 0x00000000800002EE (0xEC6A) c.sdsp s10, 0x3
mem[0x00000000800031E0] <- 0x0000000000400000
mem[X,0x00000000800002F0] -> 0x0513
mem[X,0x00000000800002F2] -> 0x0010
[212] [M]: 0x00000000800002F0 (0x00100513) addi a0, zero, 0x1
x10 <- 0x0000000000000001
mem[X,0x00000000800002F4] -> 0x1513
mem[X,0x00000000800002F6] -> 0x0175
[213] [M]: 0x00000000800002F4 (0x01751513) slli a0, a0, 0x17
x10 <- 0x0000000000800000
mem[X,0x00000000800002F8] -> 0x8C2A
[214] [M]: 0x00000000800002F8 (0x8C2A) c.mv s8, a0
x24 <- 0x0000000000800000
mem[X,0x00000000800002FA] -> 0xF062
[215] [M]: 0x00000000800002FA (0xF062) c.sdsp s8, 0x4
mem[0x00000000800031E8] <- 0x0000000000800000
mem[X,0x00000000800002FC] -> 0x0F13
mem[X,0x00000000800002FE] -> 0x0010
[216] [M]: 0x00000000800002FC (0x00100F13) addi t5, zero, 0x1
x30 <- 0x0000000000000001
mem[X,0x0000000080000300] -> 0x1F13
mem[X,0x0000000080000302] -> 0x018F
[217] [M]: 0x0000000080000300 (0x018F1F13) slli t5, t5, 0x18
x30 <- 0x0000000001000000
mem[X,0x0000000080000304] -> 0x8E7A
[218] [M]: 0x0000000080000304 (0x8E7A) c.mv t3, t5
x28 <- 0x0000000001000000
mem[X,0x0000000080000306] -> 0xF472
[219] [M]: 0x0000000080000306 (0xF472) c.sdsp t3, 0x5
mem[0x00000000800031F0] <- 0x0000000001000000
mem[X,0x0000000080000308] -> 0x0993
mem[X,0x000000008000030A] -> 0x0010
[220] [M]: 0x0000000080000308 (0x00100993) addi s3, zero, 0x1
x19 <- 0x0000000000000001
mem[X,0x000000008000030C] -> 0x9993
mem[X,0x000000008000030E] -> 0x0199
[221] [M]: 0x000000008000030C (0x01999993) slli s3, s3, 0x19
x19 <- 0x0000000002000000
mem[X,0x0000000080000310] -> 0x8BCE
[222] [M]: 0x0000000080000310 (0x8BCE) c.mv s7, s3
x23 <- 0x0000000002000000
mem[X,0x0000000080000312] -> 0xF85E
[223] [M]: 0x0000000080000312 (0xF85E) c.sdsp s7, 0x6
mem[0x00000000800031F8] <- 0x0000000002000000
mem[X,0x0000000080000314] -> 0x0593
mem[X,0x0000000080000316] -> 0x0010
[224] [M]: 0x0000000080000314 (0x00100593) addi a1, zero, 0x1
x11 <- 0x0000000000000001
mem[X,0x0000000080000318] -> 0x9593
mem[X,0x000000008000031A] -> 0x01A5
[225] [M]: 0x0000000080000318 (0x01A59593) slli a1, a1, 0x1a
x11 <- 0x0000000004000000
mem[X,0x000000008000031C] -> 0x8F2E
[226] [M]: 0x000000008000031C (0x8F2E) c.mv t5, a1
x30 <- 0x0000000004000000
mem[X,0x000000008000031E] -> 0xFC7A
[227] [M]: 0x000000008000031E (0xFC7A) c.sdsp t5, 0x7
mem[0x0000000080003200] <- 0x0000000004000000
mem[X,0x0000000080000320] -> 0x0D93
mem[X,0x0000000080000322] -> 0x0010
[228] [M]: 0x0000000080000320 (0x00100D93) addi s11, zero, 0x1
x27 <- 0x0000000000000001
mem[X,0x0000000080000324] -> 0x9D93
mem[X,0x0000000080000326] -> 0x01BD
[229] [M]: 0x0000000080000324 (0x01BD9D93) slli s11, s11, 0x1b
x27 <- 0x0000000008000000
mem[X,0x0000000080000328] -> 0x86EE
[230] [M]: 0x0000000080000328 (0x86EE) c.mv a3, s11
x13 <- 0x0000000008000000
mem[X,0x000000008000032A] -> 0xE0B6
[231] [M]: 0x000000008000032A (0xE0B6) c.sdsp a3, 0x8
mem[0x0000000080003208] <- 0x0000000008000000
mem[X,0x000000008000032C] -> 0x0E13
mem[X,0x000000008000032E] -> 0x0010
[232] [M]: 0x000000008000032C (0x00100E13) addi t3, zero, 0x1
x28 <- 0x0000000000000001
mem[X,0x0000000080000330] -> 0x1E13
mem[X,0x0000000080000332] -> 0x01CE
[233] [M]: 0x0000000080000330 (0x01CE1E13) slli t3, t3, 0x1c
x28 <- 0x0000000010000000
mem[X,0x0000000080000334] -> 0x8872
[234] [M]: 0x0000000080000334 (0x8872) c.mv a6, t3
x16 <- 0x0000000010000000
mem[X,0x0000000080000336] -> 0xE4C2
[235] [M]: 0x0000000080000336 (0xE4C2) c.sdsp a6, 0x9
mem[0x0000000080003210] <- 0x0000000010000000
mem[X,0x0000000080000338] -> 0x0593
mem[X,0x000000008000033A] -> 0x0010
[236] [M]: 0x0000000080000338 (0x00100593) addi a1, zero, 0x1
x11 <- 0x0000000000000001
mem[X,0x000000008000033C] -> 0x9593
mem[X,0x000000008000033E] -> 0x01D5
[237] [M]: 0x000000008000033C (0x01D59593) slli a1, a1, 0x1d
x11 <- 0x0000000020000000
mem[X,0x0000000080000340] -> 0x852E
[238] [M]: 0x0000000080000340 (0x852E) c.mv a0, a1
x10 <- 0x0000000020000000
mem[X,0x0000000080000342] -> 0xE8AA
[239] [M]: 0x0000000080000342 (0xE8AA) c.sdsp a0, 0xa
mem[0x0000000080003218] <- 0x0000000020000000
mem[X,0x0000000080000344] -> 0x0593
mem[X,0x0000000080000346] -> 0x0010
[240] [M]: 0x0000000080000344 (0x00100593) addi a1, zero, 0x1
x11 <- 0x0000000000000001
mem[X,0x0000000080000348] -> 0x9593
mem[X,0x000000008000034A] -> 0x01E5
[241] [M]: 0x0000000080000348 (0x01E59593) slli a1, a1, 0x1e
x11 <- 0x0000000040000000
mem[X,0x000000008000034C] -> 0x852E
[242] [M]: 0x000000008000034C (0x852E) c.mv a0, a1
x10 <- 0x0000000040000000
mem[X,0x000000008000034E] -> 0xECAA
[243] [M]: 0x000000008000034E (0xECAA) c.sdsp a0, 0xb
mem[0x0000000080003220] <- 0x0000000040000000
mem[X,0x0000000080000350] -> 0x0593
mem[X,0x0000000080000352] -> 0x0010
[244] [M]: 0x0000000080000350 (0x00100593) addi a1, zero, 0x1
x11 <- 0x0000000000000001
mem[X,0x0000000080000354] -> 0x9593
mem[X,0x0000000080000356] -> 0x01F5
[245] [M]: 0x0000000080000354 (0x01F59593) slli a1, a1, 0x1f
x11 <- 0x0000000080000000
mem[X,0x0000000080000358] -> 0x852E
[246] [M]: 0x0000000080000358 (0x852E) c.mv a0, a1
x10 <- 0x0000000080000000
mem[X,0x000000008000035A] -> 0xF0AA
[247] [M]: 0x000000008000035A (0xF0AA) c.sdsp a0, 0xc
mem[0x0000000080003228] <- 0x0000000080000000
mem[X,0x000000008000035C] -> 0x0593
mem[X,0x000000008000035E] -> 0x0010
[248] [M]: 0x000000008000035C (0x00100593) addi a1, zero, 0x1
x11 <- 0x0000000000000001
mem[X,0x0000000080000360] -> 0x9593
mem[X,0x0000000080000362] -> 0x0205
[249] [M]: 0x0000000080000360 (0x02059593) slli a1, a1, 0x20
x11 <- 0x0000000100000000
mem[X,0x0000000080000364] -> 0x852E
[250] [M]: 0x0000000080000364 (0x852E) c.mv a0, a1
x10 <- 0x0000000100000000
mem[X,0x0000000080000366] -> 0xF4AA
[251] [M]: 0x0000000080000366 (0xF4AA) c.sdsp a0, 0xd
mem[0x0000000080003230] <- 0x0000000100000000
mem[X,0x0000000080000368] -> 0x0593
mem[X,0x000000008000036A] -> 0x0010
[252] [M]: 0x0000000080000368 (0x00100593) addi a1, zero, 0x1
x11 <- 0x0000000000000001
mem[X,0x000000008000036C] -> 0x9593
mem[X,0x000000008000036E] -> 0x0215
[253] [M]: 0x000000008000036C (0x02159593) slli a1, a1, 0x21
x11 <- 0x0000000200000000
mem[X,0x0000000080000370] -> 0x852E
[254] [M]: 0x0000000080000370 (0x852E) c.mv a0, a1
x10 <- 0x0000000200000000
mem[X,0x0000000080000372] -> 0xF8AA
[255] [M]: 0x0000000080000372 (0xF8AA) c.sdsp a0, 0xe
mem[0x0000000080003238] <- 0x0000000200000000
mem[X,0x0000000080000374] -> 0x0593
mem[X,0x0000000080000376] -> 0x0010
[256] [M]: 0x0000000080000374 (0x00100593) addi a1, zero, 0x1
x11 <- 0x0000000000000001
mem[X,0x0000000080000378] -> 0x9593
mem[X,0x000000008000037A] -> 0x0225
[257] [M]: 0x0000000080000378 (0x02259593) slli a1, a1, 0x22
x11 <- 0x0000000400000000
mem[X,0x000000008000037C] -> 0x852E
[258] [M]: 0x000000008000037C (0x852E) c.mv a0, a1
x10 <- 0x0000000400000000
mem[X,0x000000008000037E] -> 0xFCAA
[259] [M]: 0x000000008000037E (0xFCAA) c.sdsp a0, 0xf
mem[0x0000000080003240] <- 0x0000000400000000
mem[X,0x0000000080000380] -> 0x0593
mem[X,0x0000000080000382] -> 0x0010
[260] [M]: 0x0000000080000380 (0x00100593) addi a1, zero, 0x1
x11 <- 0x0000000000000001
mem[X,0x0000000080000384] -> 0x9593
mem[X,0x0000000080000386] -> 0x0235
[261] [M]: 0x0000000080000384 (0x02359593) slli a1, a1, 0x23
x11 <- 0x0000000800000000
mem[X,0x0000000080000388] -> 0x852E
[262] [M]: 0x0000000080000388 (0x852E) c.mv a0, a1
x10 <- 0x0000000800000000
mem[X,0x000000008000038A] -> 0xE12A
[263] [M]: 0x000000008000038A (0xE12A) c.sdsp a0, 0x10
mem[0x0000000080003248] <- 0x0000000800000000
mem[X,0x000000008000038C] -> 0x0593
mem[X,0x000000008000038E] -> 0x0010
[264] [M]: 0x000000008000038C (0x00100593) addi a1, zero, 0x1
x11 <- 0x0000000000000001
mem[X,0x0000000080000390] -> 0x9593
mem[X,0x0000000080000392] -> 0x0245
[265] [M]: 0x0000000080000390 (0x02459593) slli a1, a1, 0x24
x11 <- 0x0000001000000000
mem[X,0x0000000080000394] -> 0x852E
[266] [M]: 0x0000000080000394 (0x852E) c.mv a0, a1
x10 <- 0x0000001000000000
mem[X,0x0000000080000396] -> 0xE52A
[267] [M]: 0x0000000080000396 (0xE52A) c.sdsp a0, 0x11
mem[0x0000000080003250] <- 0x0000001000000000
mem[X,0x0000000080000398] -> 0x0593
mem[X,0x000000008000039A] -> 0x0010
[268] [M]: 0x0000000080000398 (0x00100593) addi a1, zero, 0x1
x11 <- 0x0000000000000001
mem[X,0x000000008000039C] -> 0x9593
mem[X,0x000000008000039E] -> 0x0255
[269] [M]: 0x000000008000039C (0x02559593) slli a1, a1, 0x25
x11 <- 0x0000002000000000
mem[X,0x00000000800003A0] -> 0x852E
[270] [M]: 0x00000000800003A0 (0x852E) c.mv a0, a1
x10 <- 0x0000002000000000
mem[X,0x00000000800003A2] -> 0xE92A
[271] [M]: 0x00000000800003A2 (0xE92A) c.sdsp a0, 0x12
mem[0x0000000080003258] <- 0x0000002000000000
mem[X,0x00000000800003A4] -> 0x0593
mem[X,0x00000000800003A6] -> 0x0010
[272] [M]: 0x00000000800003A4 (0x00100593) addi a1, zero, 0x1
x11 <- 0x0000000000000001
mem[X,0x00000000800003A8] -> 0x9593
mem[X,0x00000000800003AA] -> 0x0265
[273] [M]: 0x00000000800003A8 (0x02659593) slli a1, a1, 0x26
x11 <- 0x0000004000000000
mem[X,0x00000000800003AC] -> 0x852E
[274] [M]: 0x00000000800003AC (0x852E) c.mv a0, a1
x10 <- 0x0000004000000000
mem[X,0x00000000800003AE] -> 0xED2A
[275] [M]: 0x00000000800003AE (0xED2A) c.sdsp a0, 0x13
mem[0x0000000080003260] <- 0x0000004000000000
mem[X,0x00000000800003B0] -> 0x0593
mem[X,0x00000000800003B2] -> 0x0010
[276] [M]: 0x00000000800003B0 (0x00100593) addi a1, zero, 0x1
x11 <- 0x0000000000000001
mem[X,0x00000000800003B4] -> 0x9593
mem[X,0x00000000800003B6] -> 0x0275
[277] [M]: 0x00000000800003B4 (0x02759593) slli a1, a1, 0x27
x11 <- 0x0000008000000000
mem[X,0x00000000800003B8] -> 0x852E
[278] [M]: 0x00000000800003B8 (0x852E) c.mv a0, a1
x10 <- 0x0000008000000000
mem[X,0x00000000800003BA] -> 0xF12A
[279] [M]: 0x00000000800003BA (0xF12A) c.sdsp a0, 0x14
mem[0x0000000080003268] <- 0x0000008000000000
mem[X,0x00000000800003BC] -> 0x0593
mem[X,0x00000000800003BE] -> 0x0010
[280] [M]: 0x00000000800003BC (0x00100593) addi a1, zero, 0x1
x11 <- 0x0000000000000001
mem[X,0x00000000800003C0] -> 0x9593
mem[X,0x00000000800003C2] -> 0x0285
[281] [M]: 0x00000000800003C0 (0x02859593) slli a1, a1, 0x28
x11 <- 0x0000010000000000
mem[X,0x00000000800003C4] -> 0x852E
[282] [M]: 0x00000000800003C4 (0x852E) c.mv a0, a1
x10 <- 0x0000010000000000
mem[X,0x00000000800003C6] -> 0xF52A
[283] [M]: 0x00000000800003C6 (0xF52A) c.sdsp a0, 0x15
mem[0x0000000080003270] <- 0x0000010000000000
mem[X,0x00000000800003C8] -> 0x0593
mem[X,0x00000000800003CA] -> 0x0010
[284] [M]: 0x00000000800003C8 (0x00100593) addi a1, zero, 0x1
x11 <- 0x0000000000000001
mem[X,0x00000000800003CC] -> 0x9593
mem[X,0x00000000800003CE] -> 0x0295
[285] [M]: 0x00000000800003CC (0x02959593) slli a1, a1, 0x29
x11 <- 0x0000020000000000
mem[X,0x00000000800003D0] -> 0x852E
[286] [M]: 0x00000000800003D0 (0x852E) c.mv a0, a1
x10 <- 0x0000020000000000
mem[X,0x00000000800003D2] -> 0xF92A
[287] [M]: 0x00000000800003D2 (0xF92A) c.sdsp a0, 0x16
mem[0x0000000080003278] <- 0x0000020000000000
mem[X,0x00000000800003D4] -> 0x0593
mem[X,0x00000000800003D6] -> 0x0010
[288] [M]: 0x00000000800003D4 (0x00100593) addi a1, zero, 0x1
x11 <- 0x0000000000000001
mem[X,0x00000000800003D8] -> 0x9593
mem[X,0x00000000800003DA] -> 0x02A5
[289] [M]: 0x00000000800003D8 (0x02A59593) slli a1, a1, 0x2a
x11 <- 0x0000040000000000
mem[X,0x00000000800003DC] -> 0x852E
[290] [M]: 0x00000000800003DC (0x852E) c.mv a0, a1
x10 <- 0x0000040000000000
mem[X,0x00000000800003DE] -> 0xFD2A
[291] [M]: 0x00000000800003DE (0xFD2A) c.sdsp a0, 0x17
mem[0x0000000080003280] <- 0x0000040000000000
mem[X,0x00000000800003E0] -> 0x0593
mem[X,0x00000000800003E2] -> 0x0010
[292] [M]: 0x00000000800003E0 (0x00100593) addi a1, zero, 0x1
x11 <- 0x0000000000000001
mem[X,0x00000000800003E4] -> 0x9593
mem[X,0x00000000800003E6] -> 0x02B5
[293] [M]: 0x00000000800003E4 (0x02B59593) slli a1, a1, 0x2b
x11 <- 0x0000080000000000
mem[X,0x00000000800003E8] -> 0x852E
[294] [M]: 0x00000000800003E8 (0x852E) c.mv a0, a1
x10 <- 0x0000080000000000
mem[X,0x00000000800003EA] -> 0xE1AA
[295] [M]: 0x00000000800003EA (0xE1AA) c.sdsp a0, 0x18
mem[0x0000000080003288] <- 0x0000080000000000
mem[X,0x00000000800003EC] -> 0x0593
mem[X,0x00000000800003EE] -> 0x0010
[296] [M]: 0x00000000800003EC (0x00100593) addi a1, zero, 0x1
x11 <- 0x0000000000000001
mem[X,0x00000000800003F0] -> 0x9593
mem[X,0x00000000800003F2] -> 0x02C5
[297] [M]: 0x00000000800003F0 (0x02C59593) slli a1, a1, 0x2c
x11 <- 0x0000100000000000
mem[X,0x00000000800003F4] -> 0x852E
[298] [M]: 0x00000000800003F4 (0x852E) c.mv a0, a1
x10 <- 0x0000100000000000
mem[X,0x00000000800003F6] -> 0xE5AA
[299] [M]: 0x00000000800003F6 (0xE5AA) c.sdsp a0, 0x19
mem[0x0000000080003290] <- 0x0000100000000000
clint::tick mtime <- 0x0000000000000003
 clint timer pending at mtime 0x0000000000000003
htif::tick 0x0000000000000000
mem[X,0x00000000800003F8] -> 0x0593
mem[X,0x00000000800003FA] -> 0x0010
[300] [M]: 0x00000000800003F8 (0x00100593) addi a1, zero, 0x1
x11 <- 0x0000000000000001
mem[X,0x00000000800003FC] -> 0x9593
mem[X,0x00000000800003FE] -> 0x02D5
[301] [M]: 0x00000000800003FC (0x02D59593) slli a1, a1, 0x2d
x11 <- 0x0000200000000000
mem[X,0x0000000080000400] -> 0x852E
[302] [M]: 0x0000000080000400 (0x852E) c.mv a0, a1
x10 <- 0x0000200000000000
mem[X,0x0000000080000402] -> 0xE9AA
[303] [M]: 0x0000000080000402 (0xE9AA) c.sdsp a0, 0x1a
mem[0x0000000080003298] <- 0x0000200000000000
mem[X,0x0000000080000404] -> 0x0593
mem[X,0x0000000080000406] -> 0x0010
[304] [M]: 0x0000000080000404 (0x00100593) addi a1, zero, 0x1
x11 <- 0x0000000000000001
mem[X,0x0000000080000408] -> 0x9593
mem[X,0x000000008000040A] -> 0x02E5
[305] [M]: 0x0000000080000408 (0x02E59593) slli a1, a1, 0x2e
x11 <- 0x0000400000000000
mem[X,0x000000008000040C] -> 0x852E
[306] [M]: 0x000000008000040C (0x852E) c.mv a0, a1
x10 <- 0x0000400000000000
mem[X,0x000000008000040E] -> 0xEDAA
[307] [M]: 0x000000008000040E (0xEDAA) c.sdsp a0, 0x1b
mem[0x00000000800032A0] <- 0x0000400000000000
mem[X,0x0000000080000410] -> 0x0593
mem[X,0x0000000080000412] -> 0x0010
[308] [M]: 0x0000000080000410 (0x00100593) addi a1, zero, 0x1
x11 <- 0x0000000000000001
mem[X,0x0000000080000414] -> 0x9593
mem[X,0x0000000080000416] -> 0x02F5
[309] [M]: 0x0000000080000414 (0x02F59593) slli a1, a1, 0x2f
x11 <- 0x0000800000000000
mem[X,0x0000000080000418] -> 0x852E
[310] [M]: 0x0000000080000418 (0x852E) c.mv a0, a1
x10 <- 0x0000800000000000
mem[X,0x000000008000041A] -> 0xF1AA
[311] [M]: 0x000000008000041A (0xF1AA) c.sdsp a0, 0x1c
mem[0x00000000800032A8] <- 0x0000800000000000
mem[X,0x000000008000041C] -> 0x0593
mem[X,0x000000008000041E] -> 0x0010
[312] [M]: 0x000000008000041C (0x00100593) addi a1, zero, 0x1
x11 <- 0x0000000000000001
mem[X,0x0000000080000420] -> 0x9593
mem[X,0x0000000080000422] -> 0x0305
[313] [M]: 0x0000000080000420 (0x03059593) slli a1, a1, 0x30
x11 <- 0x0001000000000000
mem[X,0x0000000080000424] -> 0x852E
[314] [M]: 0x0000000080000424 (0x852E) c.mv a0, a1
x10 <- 0x0001000000000000
mem[X,0x0000000080000426] -> 0xF5AA
[315] [M]: 0x0000000080000426 (0xF5AA) c.sdsp a0, 0x1d
mem[0x00000000800032B0] <- 0x0001000000000000
mem[X,0x0000000080000428] -> 0x0593
mem[X,0x000000008000042A] -> 0x0010
[316] [M]: 0x0000000080000428 (0x00100593) addi a1, zero, 0x1
x11 <- 0x0000000000000001
mem[X,0x000000008000042C] -> 0x9593
mem[X,0x000000008000042E] -> 0x0315
[317] [M]: 0x000000008000042C (0x03159593) slli a1, a1, 0x31
x11 <- 0x0002000000000000
mem[X,0x0000000080000430] -> 0x852E
[318] [M]: 0x0000000080000430 (0x852E) c.mv a0, a1
x10 <- 0x0002000000000000
mem[X,0x0000000080000432] -> 0xF9AA
[319] [M]: 0x0000000080000432 (0xF9AA) c.sdsp a0, 0x1e
mem[0x00000000800032B8] <- 0x0002000000000000
mem[X,0x0000000080000434] -> 0x0593
mem[X,0x0000000080000436] -> 0x0010
[320] [M]: 0x0000000080000434 (0x00100593) addi a1, zero, 0x1
x11 <- 0x0000000000000001
mem[X,0x0000000080000438] -> 0x9593
mem[X,0x000000008000043A] -> 0x0325
[321] [M]: 0x0000000080000438 (0x03259593) slli a1, a1, 0x32
x11 <- 0x0004000000000000
mem[X,0x000000008000043C] -> 0x852E
[322] [M]: 0x000000008000043C (0x852E) c.mv a0, a1
x10 <- 0x0004000000000000
mem[X,0x000000008000043E] -> 0xFDAA
[323] [M]: 0x000000008000043E (0xFDAA) c.sdsp a0, 0x1f
mem[0x00000000800032C0] <- 0x0004000000000000
mem[X,0x0000000080000440] -> 0x0593
mem[X,0x0000000080000442] -> 0x0010
[324] [M]: 0x0000000080000440 (0x00100593) addi a1, zero, 0x1
x11 <- 0x0000000000000001
mem[X,0x0000000080000444] -> 0x9593
mem[X,0x0000000080000446] -> 0x0335
[325] [M]: 0x0000000080000444 (0x03359593) slli a1, a1, 0x33
x11 <- 0x0008000000000000
mem[X,0x0000000080000448] -> 0x852E
[326] [M]: 0x0000000080000448 (0x852E) c.mv a0, a1
x10 <- 0x0008000000000000
mem[X,0x000000008000044A] -> 0xE22A
[327] [M]: 0x000000008000044A (0xE22A) c.sdsp a0, 0x20
mem[0x00000000800032C8] <- 0x0008000000000000
mem[X,0x000000008000044C] -> 0x0593
mem[X,0x000000008000044E] -> 0x0010
[328] [M]: 0x000000008000044C (0x00100593) addi a1, zero, 0x1
x11 <- 0x0000000000000001
mem[X,0x0000000080000450] -> 0x9593
mem[X,0x0000000080000452] -> 0x0345
[329] [M]: 0x0000000080000450 (0x03459593) slli a1, a1, 0x34
x11 <- 0x0010000000000000
mem[X,0x0000000080000454] -> 0x852E
[330] [M]: 0x0000000080000454 (0x852E) c.mv a0, a1
x10 <- 0x0010000000000000
mem[X,0x0000000080000456] -> 0xE62A
[331] [M]: 0x0000000080000456 (0xE62A) c.sdsp a0, 0x21
mem[0x00000000800032D0] <- 0x0010000000000000
mem[X,0x0000000080000458] -> 0x0593
mem[X,0x000000008000045A] -> 0x0010
[332] [M]: 0x0000000080000458 (0x00100593) addi a1, zero, 0x1
x11 <- 0x0000000000000001
mem[X,0x000000008000045C] -> 0x9593
mem[X,0x000000008000045E] -> 0x0355
[333] [M]: 0x000000008000045C (0x03559593) slli a1, a1, 0x35
x11 <- 0x0020000000000000
mem[X,0x0000000080000460] -> 0x852E
[334] [M]: 0x0000000080000460 (0x852E) c.mv a0, a1
x10 <- 0x0020000000000000
mem[X,0x0000000080000462] -> 0xEA2A
[335] [M]: 0x0000000080000462 (0xEA2A) c.sdsp a0, 0x22
mem[0x00000000800032D8] <- 0x0020000000000000
mem[X,0x0000000080000464] -> 0x0593
mem[X,0x0000000080000466] -> 0x0010
[336] [M]: 0x0000000080000464 (0x00100593) addi a1, zero, 0x1
x11 <- 0x0000000000000001
mem[X,0x0000000080000468] -> 0x9593
mem[X,0x000000008000046A] -> 0x0365
[337] [M]: 0x0000000080000468 (0x03659593) slli a1, a1, 0x36
x11 <- 0x0040000000000000
mem[X,0x000000008000046C] -> 0x852E
[338] [M]: 0x000000008000046C (0x852E) c.mv a0, a1
x10 <- 0x0040000000000000
mem[X,0x000000008000046E] -> 0xEE2A
[339] [M]: 0x000000008000046E (0xEE2A) c.sdsp a0, 0x23
mem[0x00000000800032E0] <- 0x0040000000000000
mem[X,0x0000000080000470] -> 0x0593
mem[X,0x0000000080000472] -> 0x0010
[340] [M]: 0x0000000080000470 (0x00100593) addi a1, zero, 0x1
x11 <- 0x0000000000000001
mem[X,0x0000000080000474] -> 0x9593
mem[X,0x0000000080000476] -> 0x0375
[341] [M]: 0x0000000080000474 (0x03759593) slli a1, a1, 0x37
x11 <- 0x0080000000000000
mem[X,0x0000000080000478] -> 0x852E
[342] [M]: 0x0000000080000478 (0x852E) c.mv a0, a1
x10 <- 0x0080000000000000
mem[X,0x000000008000047A] -> 0xF22A
[343] [M]: 0x000000008000047A (0xF22A) c.sdsp a0, 0x24
mem[0x00000000800032E8] <- 0x0080000000000000
mem[X,0x000000008000047C] -> 0x0593
mem[X,0x000000008000047E] -> 0x0010
[344] [M]: 0x000000008000047C (0x00100593) addi a1, zero, 0x1
x11 <- 0x0000000000000001
mem[X,0x0000000080000480] -> 0x9593
mem[X,0x0000000080000482] -> 0x0385
[345] [M]: 0x0000000080000480 (0x03859593) slli a1, a1, 0x38
x11 <- 0x0100000000000000
mem[X,0x0000000080000484] -> 0x852E
[346] [M]: 0x0000000080000484 (0x852E) c.mv a0, a1
x10 <- 0x0100000000000000
mem[X,0x0000000080000486] -> 0xF62A
[347] [M]: 0x0000000080000486 (0xF62A) c.sdsp a0, 0x25
mem[0x00000000800032F0] <- 0x0100000000000000
mem[X,0x0000000080000488] -> 0x0593
mem[X,0x000000008000048A] -> 0x0010
[348] [M]: 0x0000000080000488 (0x00100593) addi a1, zero, 0x1
x11 <- 0x0000000000000001
mem[X,0x000000008000048C] -> 0x9593
mem[X,0x000000008000048E] -> 0x0395
[349] [M]: 0x000000008000048C (0x03959593) slli a1, a1, 0x39
x11 <- 0x0200000000000000
mem[X,0x0000000080000490] -> 0x852E
[350] [M]: 0x0000000080000490 (0x852E) c.mv a0, a1
x10 <- 0x0200000000000000
mem[X,0x0000000080000492] -> 0xFA2A
[351] [M]: 0x0000000080000492 (0xFA2A) c.sdsp a0, 0x26
mem[0x00000000800032F8] <- 0x0200000000000000
mem[X,0x0000000080000494] -> 0x0593
mem[X,0x0000000080000496] -> 0x0010
[352] [M]: 0x0000000080000494 (0x00100593) addi a1, zero, 0x1
x11 <- 0x0000000000000001
mem[X,0x0000000080000498] -> 0x9593
mem[X,0x000000008000049A] -> 0x03A5
[353] [M]: 0x0000000080000498 (0x03A59593) slli a1, a1, 0x3a
x11 <- 0x0400000000000000
mem[X,0x000000008000049C] -> 0x852E
[354] [M]: 0x000000008000049C (0x852E) c.mv a0, a1
x10 <- 0x0400000000000000
mem[X,0x000000008000049E] -> 0xFE2A
[355] [M]: 0x000000008000049E (0xFE2A) c.sdsp a0, 0x27
mem[0x0000000080003300] <- 0x0400000000000000
mem[X,0x00000000800004A0] -> 0x0593
mem[X,0x00000000800004A2] -> 0x0010
[356] [M]: 0x00000000800004A0 (0x00100593) addi a1, zero, 0x1
x11 <- 0x0000000000000001
mem[X,0x00000000800004A4] -> 0x9593
mem[X,0x00000000800004A6] -> 0x03B5
[357] [M]: 0x00000000800004A4 (0x03B59593) slli a1, a1, 0x3b
x11 <- 0x0800000000000000
mem[X,0x00000000800004A8] -> 0x852E
[358] [M]: 0x00000000800004A8 (0x852E) c.mv a0, a1
x10 <- 0x0800000000000000
mem[X,0x00000000800004AA] -> 0xE2AA
[359] [M]: 0x00000000800004AA (0xE2AA) c.sdsp a0, 0x28
mem[0x0000000080003308] <- 0x0800000000000000
mem[X,0x00000000800004AC] -> 0x0593
mem[X,0x00000000800004AE] -> 0x0010
[360] [M]: 0x00000000800004AC (0x00100593) addi a1, zero, 0x1
x11 <- 0x0000000000000001
mem[X,0x00000000800004B0] -> 0x9593
mem[X,0x00000000800004B2] -> 0x03C5
[361] [M]: 0x00000000800004B0 (0x03C59593) slli a1, a1, 0x3c
x11 <- 0x1000000000000000
mem[X,0x00000000800004B4] -> 0x852E
[362] [M]: 0x00000000800004B4 (0x852E) c.mv a0, a1
x10 <- 0x1000000000000000
mem[X,0x00000000800004B6] -> 0xE6AA
[363] [M]: 0x00000000800004B6 (0xE6AA) c.sdsp a0, 0x29
mem[0x0000000080003310] <- 0x1000000000000000
mem[X,0x00000000800004B8] -> 0x0593
mem[X,0x00000000800004BA] -> 0x0010
[364] [M]: 0x00000000800004B8 (0x00100593) addi a1, zero, 0x1
x11 <- 0x0000000000000001
mem[X,0x00000000800004BC] -> 0x9593
mem[X,0x00000000800004BE] -> 0x03D5
[365] [M]: 0x00000000800004BC (0x03D59593) slli a1, a1, 0x3d
x11 <- 0x2000000000000000
mem[X,0x00000000800004C0] -> 0x852E
[366] [M]: 0x00000000800004C0 (0x852E) c.mv a0, a1
x10 <- 0x2000000000000000
mem[X,0x00000000800004C2] -> 0xEAAA
[367] [M]: 0x00000000800004C2 (0xEAAA) c.sdsp a0, 0x2a
mem[0x0000000080003318] <- 0x2000000000000000
mem[X,0x00000000800004C4] -> 0x0593
mem[X,0x00000000800004C6] -> 0x0010
[368] [M]: 0x00000000800004C4 (0x00100593) addi a1, zero, 0x1
x11 <- 0x0000000000000001
mem[X,0x00000000800004C8] -> 0x9593
mem[X,0x00000000800004CA] -> 0x03E5
[369] [M]: 0x00000000800004C8 (0x03E59593) slli a1, a1, 0x3e
x11 <- 0x4000000000000000
mem[X,0x00000000800004CC] -> 0x852E
[370] [M]: 0x00000000800004CC (0x852E) c.mv a0, a1
x10 <- 0x4000000000000000
mem[X,0x00000000800004CE] -> 0xEEAA
[371] [M]: 0x00000000800004CE (0xEEAA) c.sdsp a0, 0x2b
mem[0x0000000080003320] <- 0x4000000000000000
mem[X,0x00000000800004D0] -> 0x0593
mem[X,0x00000000800004D2] -> 0xFFE0
[372] [M]: 0x00000000800004D0 (0xFFE00593) addi a1, zero, -0x2
x11 <- 0xFFFFFFFFFFFFFFFE
mem[X,0x00000000800004D4] -> 0x852E
[373] [M]: 0x00000000800004D4 (0x852E) c.mv a0, a1
x10 <- 0xFFFFFFFFFFFFFFFE
mem[X,0x00000000800004D6] -> 0xF2AA
[374] [M]: 0x00000000800004D6 (0xF2AA) c.sdsp a0, 0x2c
mem[0x0000000080003328] <- 0xFFFFFFFFFFFFFFFE
mem[X,0x00000000800004D8] -> 0x0593
mem[X,0x00000000800004DA] -> 0xFFD0
[375] [M]: 0x00000000800004D8 (0xFFD00593) addi a1, zero, -0x3
x11 <- 0xFFFFFFFFFFFFFFFD
mem[X,0x00000000800004DC] -> 0x852E
[376] [M]: 0x00000000800004DC (0x852E) c.mv a0, a1
x10 <- 0xFFFFFFFFFFFFFFFD
mem[X,0x00000000800004DE] -> 0xF6AA
[377] [M]: 0x00000000800004DE (0xF6AA) c.sdsp a0, 0x2d
mem[0x0000000080003330] <- 0xFFFFFFFFFFFFFFFD
mem[X,0x00000000800004E0] -> 0x0593
mem[X,0x00000000800004E2] -> 0xFFB0
[378] [M]: 0x00000000800004E0 (0xFFB00593) addi a1, zero, -0x5
x11 <- 0xFFFFFFFFFFFFFFFB
mem[X,0x00000000800004E4] -> 0x852E
[379] [M]: 0x00000000800004E4 (0x852E) c.mv a0, a1
x10 <- 0xFFFFFFFFFFFFFFFB
mem[X,0x00000000800004E6] -> 0xFAAA
[380] [M]: 0x00000000800004E6 (0xFAAA) c.sdsp a0, 0x2e
mem[0x0000000080003338] <- 0xFFFFFFFFFFFFFFFB
mem[X,0x00000000800004E8] -> 0x0593
mem[X,0x00000000800004EA] -> 0xFF70
[381] [M]: 0x00000000800004E8 (0xFF700593) addi a1, zero, -0x9
x11 <- 0xFFFFFFFFFFFFFFF7
mem[X,0x00000000800004EC] -> 0x852E
[382] [M]: 0x00000000800004EC (0x852E) c.mv a0, a1
x10 <- 0xFFFFFFFFFFFFFFF7
mem[X,0x00000000800004EE] -> 0xFEAA
[383] [M]: 0x00000000800004EE (0xFEAA) c.sdsp a0, 0x2f
mem[0x0000000080003340] <- 0xFFFFFFFFFFFFFFF7
mem[X,0x00000000800004F0] -> 0x0593
mem[X,0x00000000800004F2] -> 0xFEF0
[384] [M]: 0x00000000800004F0 (0xFEF00593) addi a1, zero, -0x11
x11 <- 0xFFFFFFFFFFFFFFEF
mem[X,0x00000000800004F4] -> 0x852E
[385] [M]: 0x00000000800004F4 (0x852E) c.mv a0, a1
x10 <- 0xFFFFFFFFFFFFFFEF
mem[X,0x00000000800004F6] -> 0xE32A
[386] [M]: 0x00000000800004F6 (0xE32A) c.sdsp a0, 0x30
mem[0x0000000080003348] <- 0xFFFFFFFFFFFFFFEF
mem[X,0x00000000800004F8] -> 0x0593
mem[X,0x00000000800004FA] -> 0xFDF0
[387] [M]: 0x00000000800004F8 (0xFDF00593) addi a1, zero, -0x21
x11 <- 0xFFFFFFFFFFFFFFDF
mem[X,0x00000000800004FC] -> 0x852E
[388] [M]: 0x00000000800004FC (0x852E) c.mv a0, a1
x10 <- 0xFFFFFFFFFFFFFFDF
mem[X,0x00000000800004FE] -> 0xE72A
[389] [M]: 0x00000000800004FE (0xE72A) c.sdsp a0, 0x31
mem[0x0000000080003350] <- 0xFFFFFFFFFFFFFFDF
mem[X,0x0000000080000500] -> 0x0593
mem[X,0x0000000080000502] -> 0xFBF0
[390] [M]: 0x0000000080000500 (0xFBF00593) addi a1, zero, -0x41
x11 <- 0xFFFFFFFFFFFFFFBF
mem[X,0x0000000080000504] -> 0x852E
[391] [M]: 0x0000000080000504 (0x852E) c.mv a0, a1
x10 <- 0xFFFFFFFFFFFFFFBF
mem[X,0x0000000080000506] -> 0xEB2A
[392] [M]: 0x0000000080000506 (0xEB2A) c.sdsp a0, 0x32
mem[0x0000000080003358] <- 0xFFFFFFFFFFFFFFBF
mem[X,0x0000000080000508] -> 0x0593
mem[X,0x000000008000050A] -> 0xF7F0
[393] [M]: 0x0000000080000508 (0xF7F00593) addi a1, zero, -0x81
x11 <- 0xFFFFFFFFFFFFFF7F
mem[X,0x000000008000050C] -> 0x852E
[394] [M]: 0x000000008000050C (0x852E) c.mv a0, a1
x10 <- 0xFFFFFFFFFFFFFF7F
mem[X,0x000000008000050E] -> 0xEF2A
[395] [M]: 0x000000008000050E (0xEF2A) c.sdsp a0, 0x33
mem[0x0000000080003360] <- 0xFFFFFFFFFFFFFF7F
mem[X,0x0000000080000510] -> 0x0593
mem[X,0x0000000080000512] -> 0xEFF0
[396] [M]: 0x0000000080000510 (0xEFF00593) addi a1, zero, -0x101
x11 <- 0xFFFFFFFFFFFFFEFF
mem[X,0x0000000080000514] -> 0x852E
[397] [M]: 0x0000000080000514 (0x852E) c.mv a0, a1
x10 <- 0xFFFFFFFFFFFFFEFF
mem[X,0x0000000080000516] -> 0xF32A
[398] [M]: 0x0000000080000516 (0xF32A) c.sdsp a0, 0x34
mem[0x0000000080003368] <- 0xFFFFFFFFFFFFFEFF
mem[X,0x0000000080000518] -> 0x0593
mem[X,0x000000008000051A] -> 0xDFF0
[399] [M]: 0x0000000080000518 (0xDFF00593) addi a1, zero, -0x201
x11 <- 0xFFFFFFFFFFFFFDFF
clint::tick mtime <- 0x0000000000000004
 clint timer pending at mtime 0x0000000000000004
htif::tick 0x0000000000000000
mem[X,0x000000008000051C] -> 0x852E
[400] [M]: 0x000000008000051C (0x852E) c.mv a0, a1
x10 <- 0xFFFFFFFFFFFFFDFF
mem[X,0x000000008000051E] -> 0xF72A
[401] [M]: 0x000000008000051E (0xF72A) c.sdsp a0, 0x35
mem[0x0000000080003370] <- 0xFFFFFFFFFFFFFDFF
mem[X,0x0000000080000520] -> 0x0593
mem[X,0x0000000080000522] -> 0xBFF0
[402] [M]: 0x0000000080000520 (0xBFF00593) addi a1, zero, -0x401
x11 <- 0xFFFFFFFFFFFFFBFF
mem[X,0x0000000080000524] -> 0x852E
[403] [M]: 0x0000000080000524 (0x852E) c.mv a0, a1
x10 <- 0xFFFFFFFFFFFFFBFF
mem[X,0x0000000080000526] -> 0xFB2A
[404] [M]: 0x0000000080000526 (0xFB2A) c.sdsp a0, 0x36
mem[0x0000000080003378] <- 0xFFFFFFFFFFFFFBFF
mem[X,0x0000000080000528] -> 0x0593
mem[X,0x000000008000052A] -> 0x0010
[405] [M]: 0x0000000080000528 (0x00100593) addi a1, zero, 0x1
x11 <- 0x0000000000000001
mem[X,0x000000008000052C] -> 0x9593
mem[X,0x000000008000052E] -> 0x00B5
[406] [M]: 0x000000008000052C (0x00B59593) slli a1, a1, 0xb
x11 <- 0x0000000000000800
mem[X,0x0000000080000530] -> 0xC593
mem[X,0x0000000080000532] -> 0xFFF5
[407] [M]: 0x0000000080000530 (0xFFF5C593) xori a1, a1, -0x1
x11 <- 0xFFFFFFFFFFFFF7FF
mem[X,0x0000000080000534] -> 0x852E
[408] [M]: 0x0000000080000534 (0x852E) c.mv a0, a1
x10 <- 0xFFFFFFFFFFFFF7FF
mem[X,0x0000000080000536] -> 0xFF2A
[409] [M]: 0x0000000080000536 (0xFF2A) c.sdsp a0, 0x37
mem[0x0000000080003380] <- 0xFFFFFFFFFFFFF7FF
mem[X,0x0000000080000538] -> 0x0593
mem[X,0x000000008000053A] -> 0x0010
[410] [M]: 0x0000000080000538 (0x00100593) addi a1, zero, 0x1
x11 <- 0x0000000000000001
mem[X,0x000000008000053C] -> 0x9593
mem[X,0x000000008000053E] -> 0x00C5
[411] [M]: 0x000000008000053C (0x00C59593) slli a1, a1, 0xc
x11 <- 0x0000000000001000
mem[X,0x0000000080000540] -> 0xC593
mem[X,0x0000000080000542] -> 0xFFF5
[412] [M]: 0x0000000080000540 (0xFFF5C593) xori a1, a1, -0x1
x11 <- 0xFFFFFFFFFFFFEFFF
mem[X,0x0000000080000544] -> 0x852E
[413] [M]: 0x0000000080000544 (0x852E) c.mv a0, a1
x10 <- 0xFFFFFFFFFFFFEFFF
mem[X,0x0000000080000546] -> 0xE3AA
[414] [M]: 0x0000000080000546 (0xE3AA) c.sdsp a0, 0x38
mem[0x0000000080003388] <- 0xFFFFFFFFFFFFEFFF
mem[X,0x0000000080000548] -> 0x0593
mem[X,0x000000008000054A] -> 0x0010
[415] [M]: 0x0000000080000548 (0x00100593) addi a1, zero, 0x1
x11 <- 0x0000000000000001
mem[X,0x000000008000054C] -> 0x9593
mem[X,0x000000008000054E] -> 0x00D5
[416] [M]: 0x000000008000054C (0x00D59593) slli a1, a1, 0xd
x11 <- 0x0000000000002000
mem[X,0x0000000080000550] -> 0xC593
mem[X,0x0000000080000552] -> 0xFFF5
[417] [M]: 0x0000000080000550 (0xFFF5C593) xori a1, a1, -0x1
x11 <- 0xFFFFFFFFFFFFDFFF
mem[X,0x0000000080000554] -> 0x852E
[418] [M]: 0x0000000080000554 (0x852E) c.mv a0, a1
x10 <- 0xFFFFFFFFFFFFDFFF
mem[X,0x0000000080000556] -> 0xE7AA
[419] [M]: 0x0000000080000556 (0xE7AA) c.sdsp a0, 0x39
mem[0x0000000080003390] <- 0xFFFFFFFFFFFFDFFF
mem[X,0x0000000080000558] -> 0x0593
mem[X,0x000000008000055A] -> 0x0010
[420] [M]: 0x0000000080000558 (0x00100593) addi a1, zero, 0x1
x11 <- 0x0000000000000001
mem[X,0x000000008000055C] -> 0x9593
mem[X,0x000000008000055E] -> 0x00E5
[421] [M]: 0x000000008000055C (0x00E59593) slli a1, a1, 0xe
x11 <- 0x0000000000004000
mem[X,0x0000000080000560] -> 0xC593
mem[X,0x0000000080000562] -> 0xFFF5
[422] [M]: 0x0000000080000560 (0xFFF5C593) xori a1, a1, -0x1
x11 <- 0xFFFFFFFFFFFFBFFF
mem[X,0x0000000080000564] -> 0x852E
[423] [M]: 0x0000000080000564 (0x852E) c.mv a0, a1
x10 <- 0xFFFFFFFFFFFFBFFF
mem[X,0x0000000080000566] -> 0xEBAA
[424] [M]: 0x0000000080000566 (0xEBAA) c.sdsp a0, 0x3a
mem[0x0000000080003398] <- 0xFFFFFFFFFFFFBFFF
mem[X,0x0000000080000568] -> 0x0593
mem[X,0x000000008000056A] -> 0x0010
[425] [M]: 0x0000000080000568 (0x00100593) addi a1, zero, 0x1
x11 <- 0x0000000000000001
mem[X,0x000000008000056C] -> 0x9593
mem[X,0x000000008000056E] -> 0x00F5
[426] [M]: 0x000000008000056C (0x00F59593) slli a1, a1, 0xf
x11 <- 0x0000000000008000
mem[X,0x0000000080000570] -> 0xC593
mem[X,0x0000000080000572] -> 0xFFF5
[427] [M]: 0x0000000080000570 (0xFFF5C593) xori a1, a1, -0x1
x11 <- 0xFFFFFFFFFFFF7FFF
mem[X,0x0000000080000574] -> 0x852E
[428] [M]: 0x0000000080000574 (0x852E) c.mv a0, a1
x10 <- 0xFFFFFFFFFFFF7FFF
mem[X,0x0000000080000576] -> 0xEFAA
[429] [M]: 0x0000000080000576 (0xEFAA) c.sdsp a0, 0x3b
mem[0x00000000800033A0] <- 0xFFFFFFFFFFFF7FFF
mem[X,0x0000000080000578] -> 0x0593
mem[X,0x000000008000057A] -> 0x0010
[430] [M]: 0x0000000080000578 (0x00100593) addi a1, zero, 0x1
x11 <- 0x0000000000000001
mem[X,0x000000008000057C] -> 0x9593
mem[X,0x000000008000057E] -> 0x0105
[431] [M]: 0x000000008000057C (0x01059593) slli a1, a1, 0x10
x11 <- 0x0000000000010000
mem[X,0x0000000080000580] -> 0xC593
mem[X,0x0000000080000582] -> 0xFFF5
[432] [M]: 0x0000000080000580 (0xFFF5C593) xori a1, a1, -0x1
x11 <- 0xFFFFFFFFFFFEFFFF
mem[X,0x0000000080000584] -> 0x852E
[433] [M]: 0x0000000080000584 (0x852E) c.mv a0, a1
x10 <- 0xFFFFFFFFFFFEFFFF
mem[X,0x0000000080000586] -> 0xF3AA
[434] [M]: 0x0000000080000586 (0xF3AA) c.sdsp a0, 0x3c
mem[0x00000000800033A8] <- 0xFFFFFFFFFFFEFFFF
mem[X,0x0000000080000588] -> 0x0593
mem[X,0x000000008000058A] -> 0x0010
[435] [M]: 0x0000000080000588 (0x00100593) addi a1, zero, 0x1
x11 <- 0x0000000000000001
mem[X,0x000000008000058C] -> 0x9593
mem[X,0x000000008000058E] -> 0x0115
[436] [M]: 0x000000008000058C (0x01159593) slli a1, a1, 0x11
x11 <- 0x0000000000020000
mem[X,0x0000000080000590] -> 0xC593
mem[X,0x0000000080000592] -> 0xFFF5
[437] [M]: 0x0000000080000590 (0xFFF5C593) xori a1, a1, -0x1
x11 <- 0xFFFFFFFFFFFDFFFF
mem[X,0x0000000080000594] -> 0x852E
[438] [M]: 0x0000000080000594 (0x852E) c.mv a0, a1
x10 <- 0xFFFFFFFFFFFDFFFF
mem[X,0x0000000080000596] -> 0xF7AA
[439] [M]: 0x0000000080000596 (0xF7AA) c.sdsp a0, 0x3d
mem[0x00000000800033B0] <- 0xFFFFFFFFFFFDFFFF
mem[X,0x0000000080000598] -> 0x0593
mem[X,0x000000008000059A] -> 0x0010
[440] [M]: 0x0000000080000598 (0x00100593) addi a1, zero, 0x1
x11 <- 0x0000000000000001
mem[X,0x000000008000059C] -> 0x9593
mem[X,0x000000008000059E] -> 0x0125
[441] [M]: 0x000000008000059C (0x01259593) slli a1, a1, 0x12
x11 <- 0x0000000000040000
mem[X,0x00000000800005A0] -> 0xC593
mem[X,0x00000000800005A2] -> 0xFFF5
[442] [M]: 0x00000000800005A0 (0xFFF5C593) xori a1, a1, -0x1
x11 <- 0xFFFFFFFFFFFBFFFF
mem[X,0x00000000800005A4] -> 0x852E
[443] [M]: 0x00000000800005A4 (0x852E) c.mv a0, a1
x10 <- 0xFFFFFFFFFFFBFFFF
mem[X,0x00000000800005A6] -> 0xFBAA
[444] [M]: 0x00000000800005A6 (0xFBAA) c.sdsp a0, 0x3e
mem[0x00000000800033B8] <- 0xFFFFFFFFFFFBFFFF
mem[X,0x00000000800005A8] -> 0x0593
mem[X,0x00000000800005AA] -> 0x0010
[445] [M]: 0x00000000800005A8 (0x00100593) addi a1, zero, 0x1
x11 <- 0x0000000000000001
mem[X,0x00000000800005AC] -> 0x9593
mem[X,0x00000000800005AE] -> 0x0135
[446] [M]: 0x00000000800005AC (0x01359593) slli a1, a1, 0x13
x11 <- 0x0000000000080000
mem[X,0x00000000800005B0] -> 0xC593
mem[X,0x00000000800005B2] -> 0xFFF5
[447] [M]: 0x00000000800005B0 (0xFFF5C593) xori a1, a1, -0x1
x11 <- 0xFFFFFFFFFFF7FFFF
mem[X,0x00000000800005B4] -> 0x852E
[448] [M]: 0x00000000800005B4 (0x852E) c.mv a0, a1
x10 <- 0xFFFFFFFFFFF7FFFF
mem[X,0x00000000800005B6] -> 0xFFAA
[449] [M]: 0x00000000800005B6 (0xFFAA) c.sdsp a0, 0x3f
mem[0x00000000800033C0] <- 0xFFFFFFFFFFF7FFFF
mem[X,0x00000000800005B8] -> 0x0593
mem[X,0x00000000800005BA] -> 0x0010
[450] [M]: 0x00000000800005B8 (0x00100593) addi a1, zero, 0x1
x11 <- 0x0000000000000001
mem[X,0x00000000800005BC] -> 0x9593
mem[X,0x00000000800005BE] -> 0x0145
[451] [M]: 0x00000000800005BC (0x01459593) slli a1, a1, 0x14
x11 <- 0x0000000000100000
mem[X,0x00000000800005C0] -> 0xC593
mem[X,0x00000000800005C2] -> 0xFFF5
[452] [M]: 0x00000000800005C0 (0xFFF5C593) xori a1, a1, -0x1
x11 <- 0xFFFFFFFFFFEFFFFF
mem[X,0x00000000800005C4] -> 0x852E
[453] [M]: 0x00000000800005C4 (0x852E) c.mv a0, a1
x10 <- 0xFFFFFFFFFFEFFFFF
mem[X,0x00000000800005C6] -> 0x3023
mem[X,0x00000000800005C8] -> 0x20A1
[454] [M]: 0x00000000800005C6 (0x20A13023) sd a0, 0x200(sp)
mem[0x00000000800033C8] <- 0xFFFFFFFFFFEFFFFF
mem[X,0x00000000800005CA] -> 0x0593
mem[X,0x00000000800005CC] -> 0x0010
[455] [M]: 0x00000000800005CA (0x00100593) addi a1, zero, 0x1
x11 <- 0x0000000000000001
mem[X,0x00000000800005CE] -> 0x9593
mem[X,0x00000000800005D0] -> 0x03D5
[456] [M]: 0x00000000800005CE (0x03D59593) slli a1, a1, 0x3d
x11 <- 0x2000000000000000
mem[X,0x00000000800005D2] -> 0xC593
mem[X,0x00000000800005D4] -> 0xFFF5
[457] [M]: 0x00000000800005D2 (0xFFF5C593) xori a1, a1, -0x1
x11 <- 0xDFFFFFFFFFFFFFFF
mem[X,0x00000000800005D6] -> 0x852E
[458] [M]: 0x00000000800005D6 (0x852E) c.mv a0, a1
x10 <- 0xDFFFFFFFFFFFFFFF
mem[X,0x00000000800005D8] -> 0x3423
mem[X,0x00000000800005DA] -> 0x20A1
[459] [M]: 0x00000000800005D8 (0x20A13423) sd a0, 0x208(sp)
mem[0x00000000800033D0] <- 0xDFFFFFFFFFFFFFFF
mem[X,0x00000000800005DC] -> 0x0593
mem[X,0x00000000800005DE] -> 0x0010
[460] [M]: 0x00000000800005DC (0x00100593) addi a1, zero, 0x1
x11 <- 0x0000000000000001
mem[X,0x00000000800005E0] -> 0x9593
mem[X,0x00000000800005E2] -> 0x03E5
[461] [M]: 0x00000000800005E0 (0x03E59593) slli a1, a1, 0x3e
x11 <- 0x4000000000000000
mem[X,0x00000000800005E4] -> 0xC593
mem[X,0x00000000800005E6] -> 0xFFF5
[462] [M]: 0x00000000800005E4 (0xFFF5C593) xori a1, a1, -0x1
x11 <- 0xBFFFFFFFFFFFFFFF
mem[X,0x00000000800005E8] -> 0x852E
[463] [M]: 0x00000000800005E8 (0x852E) c.mv a0, a1
x10 <- 0xBFFFFFFFFFFFFFFF
mem[X,0x00000000800005EA] -> 0x3823
mem[X,0x00000000800005EC] -> 0x20A1
[464] [M]: 0x00000000800005EA (0x20A13823) sd a0, 0x210(sp)
mem[0x00000000800033D8] <- 0xBFFFFFFFFFFFFFFF
mem[X,0x00000000800005EE] -> 0x55B7
mem[X,0x00000000800005F0] -> 0x5555
[465] [M]: 0x00000000800005EE (0x555555B7) lui a1, 0x55555
x11 <- 0x0000000055555000
mem[X,0x00000000800005F2] -> 0x8593
mem[X,0x00000000800005F4] -> 0x5555
[466] [M]: 0x00000000800005F2 (0x55558593) addi a1, a1, 0x555
x11 <- 0x0000000055555555
mem[X,0x00000000800005F6] -> 0x9593
mem[X,0x00000000800005F8] -> 0x00B5
[467] [M]: 0x00000000800005F6 (0x00B59593) slli a1, a1, 0xb
x11 <- 0x000002AAAAAAA800
mem[X,0x00000000800005FA] -> 0x8593
mem[X,0x00000000800005FC] -> 0x2AA5
[468] [M]: 0x00000000800005FA (0x2AA58593) addi a1, a1, 0x2aa
x11 <- 0x000002AAAAAAAAAA
mem[X,0x00000000800005FE] -> 0x9593
mem[X,0x0000000080000600] -> 0x00B5
[469] [M]: 0x00000000800005FE (0x00B59593) slli a1, a1, 0xb
x11 <- 0x0015555555555000
mem[X,0x0000000080000602] -> 0x8593
mem[X,0x0000000080000604] -> 0x5555
[470] [M]: 0x0000000080000602 (0x55558593) addi a1, a1, 0x555
x11 <- 0x0015555555555555
mem[X,0x0000000080000606] -> 0x9593
mem[X,0x0000000080000608] -> 0x00A5
[471] [M]: 0x0000000080000606 (0x00A59593) slli a1, a1, 0xa
x11 <- 0x5555555555555400
mem[X,0x000000008000060A] -> 0x8593
mem[X,0x000000008000060C] -> 0x1555
[472] [M]: 0x000000008000060A (0x15558593) addi a1, a1, 0x155
x11 <- 0x5555555555555555
mem[X,0x000000008000060E] -> 0x852E
[473] [M]: 0x000000008000060E (0x852E) c.mv a0, a1
x10 <- 0x5555555555555555
mem[X,0x0000000080000610] -> 0x3C23
mem[X,0x0000000080000612] -> 0x20A1
[474] [M]: 0x0000000080000610 (0x20A13C23) sd a0, 0x218(sp)
mem[0x00000000800033E0] <- 0x5555555555555555
mem[X,0x0000000080000614] -> 0xB5B7
mem[X,0x0000000080000616] -> 0xAAAA
[475] [M]: 0x0000000080000614 (0xAAAAB5B7) lui a1, -0x55555
x11 <- 0xFFFFFFFFAAAAB000
mem[X,0x0000000080000618] -> 0x8593
mem[X,0x000000008000061A] -> 0xAAA5
[476] [M]: 0x0000000080000618 (0xAAA58593) addi a1, a1, -0x556
x11 <- 0xFFFFFFFFAAAAAAAA
mem[X,0x000000008000061C] -> 0x9593
mem[X,0x000000008000061E] -> 0x00B5
[477] [M]: 0x000000008000061C (0x00B59593) slli a1, a1, 0xb
x11 <- 0xFFFFFD5555555000
mem[X,0x0000000080000620] -> 0x8593
mem[X,0x0000000080000622] -> 0x5555
[478] [M]: 0x0000000080000620 (0x55558593) addi a1, a1, 0x555
x11 <- 0xFFFFFD5555555555
mem[X,0x0000000080000624] -> 0x9593
mem[X,0x0000000080000626] -> 0x00B5
[479] [M]: 0x0000000080000624 (0x00B59593) slli a1, a1, 0xb
x11 <- 0xFFEAAAAAAAAAA800
mem[X,0x0000000080000628] -> 0x8593
mem[X,0x000000008000062A] -> 0x2AA5
[480] [M]: 0x0000000080000628 (0x2AA58593) addi a1, a1, 0x2aa
x11 <- 0xFFEAAAAAAAAAAAAA
mem[X,0x000000008000062C] -> 0x9593
mem[X,0x000000008000062E] -> 0x00A5
[481] [M]: 0x000000008000062C (0x00A59593) slli a1, a1, 0xa
x11 <- 0xAAAAAAAAAAAAA800
mem[X,0x0000000080000630] -> 0x8593
mem[X,0x0000000080000632] -> 0x2AA5
[482] [M]: 0x0000000080000630 (0x2AA58593) addi a1, a1, 0x2aa
x11 <- 0xAAAAAAAAAAAAAAAA
mem[X,0x0000000080000634] -> 0x852E
[483] [M]: 0x0000000080000634 (0x852E) c.mv a0, a1
x10 <- 0xAAAAAAAAAAAAAAAA
mem[X,0x0000000080000636] -> 0x3023
mem[X,0x0000000080000638] -> 0x22A1
[484] [M]: 0x0000000080000636 (0x22A13023) sd a0, 0x220(sp)
mem[0x00000000800033E8] <- 0xAAAAAAAAAAAAAAAA
mem[X,0x000000008000063A] -> 0x0593
mem[X,0x000000008000063C] -> 0x0030
[485] [M]: 0x000000008000063A (0x00300593) addi a1, zero, 0x3
x11 <- 0x0000000000000003
mem[X,0x000000008000063E] -> 0x852E
[486] [M]: 0x000000008000063E (0x852E) c.mv a0, a1
x10 <- 0x0000000000000003
mem[X,0x0000000080000640] -> 0x3423
mem[X,0x0000000080000642] -> 0x22A1
[487] [M]: 0x0000000080000640 (0x22A13423) sd a0, 0x228(sp)
mem[0x00000000800033F0] <- 0x0000000000000003
mem[X,0x0000000080000644] -> 0x0593
mem[X,0x0000000080000646] -> 0x0050
[488] [M]: 0x0000000080000644 (0x00500593) addi a1, zero, 0x5
x11 <- 0x0000000000000005
mem[X,0x0000000080000648] -> 0x852E
[489] [M]: 0x0000000080000648 (0x852E) c.mv a0, a1
x10 <- 0x0000000000000005
mem[X,0x000000008000064A] -> 0x3823
mem[X,0x000000008000064C] -> 0x22A1
[490] [M]: 0x000000008000064A (0x22A13823) sd a0, 0x230(sp)
mem[0x00000000800033F8] <- 0x0000000000000005
mem[X,0x000000008000064E] -> 0x35B7
mem[X,0x0000000080000650] -> 0x3333
[491] [M]: 0x000000008000064E (0x333335B7) lui a1, 0x33333
x11 <- 0x0000000033333000
mem[X,0x0000000080000652] -> 0x8593
mem[X,0x0000000080000654] -> 0x3335
[492] [M]: 0x0000000080000652 (0x33358593) addi a1, a1, 0x333
x11 <- 0x0000000033333333
mem[X,0x0000000080000656] -> 0x9593
mem[X,0x0000000080000658] -> 0x00B5
[493] [M]: 0x0000000080000656 (0x00B59593) slli a1, a1, 0xb
x11 <- 0x0000019999999800
mem[X,0x000000008000065A] -> 0x8593
mem[X,0x000000008000065C] -> 0x1995
[494] [M]: 0x000000008000065A (0x19958593) addi a1, a1, 0x199
x11 <- 0x0000019999999999
mem[X,0x000000008000065E] -> 0x9593
mem[X,0x0000000080000660] -> 0x00B5
[495] [M]: 0x000000008000065E (0x00B59593) slli a1, a1, 0xb
x11 <- 0x000CCCCCCCCCC800
mem[X,0x0000000080000662] -> 0x8593
mem[X,0x0000000080000664] -> 0x4CC5
[496] [M]: 0x0000000080000662 (0x4CC58593) addi a1, a1, 0x4cc
x11 <- 0x000CCCCCCCCCCCCC
mem[X,0x0000000080000666] -> 0x9593
mem[X,0x0000000080000668] -> 0x00A5
[497] [M]: 0x0000000080000666 (0x00A59593) slli a1, a1, 0xa
x11 <- 0x3333333333333000
mem[X,0x000000008000066A] -> 0x8593
mem[X,0x000000008000066C] -> 0x3335
[498] [M]: 0x000000008000066A (0x33358593) addi a1, a1, 0x333
x11 <- 0x3333333333333333
mem[X,0x000000008000066E] -> 0x852E
[499] [M]: 0x000000008000066E (0x852E) c.mv a0, a1
x10 <- 0x3333333333333333
clint::tick mtime <- 0x0000000000000005
 clint timer pending at mtime 0x0000000000000005
htif::tick 0x0000000000000000
mem[X,0x0000000080000670] -> 0x3C23
mem[X,0x0000000080000672] -> 0x22A1
[500] [M]: 0x0000000080000670 (0x22A13C23) sd a0, 0x238(sp)
mem[0x0000000080003400] <- 0x3333333333333333
mem[X,0x0000000080000674] -> 0x65B7
mem[X,0x0000000080000676] -> 0x6666
[501] [M]: 0x0000000080000674 (0x666665B7) lui a1, 0x66666
x11 <- 0x0000000066666000
mem[X,0x0000000080000678] -> 0x8593
mem[X,0x000000008000067A] -> 0x6665
[502] [M]: 0x0000000080000678 (0x66658593) addi a1, a1, 0x666
x11 <- 0x0000000066666666
mem[X,0x000000008000067C] -> 0x9593
mem[X,0x000000008000067E] -> 0x00B5
[503] [M]: 0x000000008000067C (0x00B59593) slli a1, a1, 0xb
x11 <- 0x0000033333333000
mem[X,0x0000000080000680] -> 0x8593
mem[X,0x0000000080000682] -> 0x3335
[504] [M]: 0x0000000080000680 (0x33358593) addi a1, a1, 0x333
x11 <- 0x0000033333333333
mem[X,0x0000000080000684] -> 0x9593
mem[X,0x0000000080000686] -> 0x00B5
[505] [M]: 0x0000000080000684 (0x00B59593) slli a1, a1, 0xb
x11 <- 0x0019999999999800
mem[X,0x0000000080000688] -> 0x8593
mem[X,0x000000008000068A] -> 0x1995
[506] [M]: 0x0000000080000688 (0x19958593) addi a1, a1, 0x199
x11 <- 0x0019999999999999
mem[X,0x000000008000068C] -> 0x9593
mem[X,0x000000008000068E] -> 0x00A5
[507] [M]: 0x000000008000068C (0x00A59593) slli a1, a1, 0xa
x11 <- 0x6666666666666400
mem[X,0x0000000080000690] -> 0x8593
mem[X,0x0000000080000692] -> 0x2665
[508] [M]: 0x0000000080000690 (0x26658593) addi a1, a1, 0x266
x11 <- 0x6666666666666666
mem[X,0x0000000080000694] -> 0x852E
[509] [M]: 0x0000000080000694 (0x852E) c.mv a0, a1
x10 <- 0x6666666666666666
mem[X,0x0000000080000696] -> 0x3023
mem[X,0x0000000080000698] -> 0x24A1
[510] [M]: 0x0000000080000696 (0x24A13023) sd a0, 0x240(sp)
mem[0x0000000080003408] <- 0x6666666666666666
mem[X,0x000000008000069A] -> 0x05B7
mem[X,0x000000008000069C] -> 0x0000
[511] [M]: 0x000000008000069A (0x000005B7) lui a1, 0x0
x11 <- 0x0000000000000000
mem[X,0x000000008000069E] -> 0x8593
mem[X,0x00000000800006A0] -> 0xFFF5
[512] [M]: 0x000000008000069E (0xFFF58593) addi a1, a1, -0x1
x11 <- 0xFFFFFFFFFFFFFFFF
mem[X,0x00000000800006A2] -> 0x9593
mem[X,0x00000000800006A4] -> 0x00B5
[513] [M]: 0x00000000800006A2 (0x00B59593) slli a1, a1, 0xb
x11 <- 0xFFFFFFFFFFFFF800
mem[X,0x00000000800006A6] -> 0x8593
mem[X,0x00000000800006A8] -> 0x2575
[514] [M]: 0x00000000800006A6 (0x25758593) addi a1, a1, 0x257
x11 <- 0xFFFFFFFFFFFFFA57
mem[X,0x00000000800006AA] -> 0x9593
mem[X,0x00000000800006AC] -> 0x00B5
[515] [M]: 0x00000000800006AA (0x00B59593) slli a1, a1, 0xb
x11 <- 0xFFFFFFFFFFD2B800
mem[X,0x00000000800006AE] -> 0x8593
mem[X,0x00000000800006B0] -> 0x6C35
[516] [M]: 0x00000000800006AE (0x6C358593) addi a1, a1, 0x6c3
x11 <- 0xFFFFFFFFFFD2BEC3
mem[X,0x00000000800006B2] -> 0x9593
mem[X,0x00000000800006B4] -> 0x00A5
[517] [M]: 0x00000000800006B2 (0x00A59593) slli a1, a1, 0xa
x11 <- 0xFFFFFFFF4AFB0C00
mem[X,0x00000000800006B6] -> 0x8593
mem[X,0x00000000800006B8] -> 0x0CD5
[518] [M]: 0x00000000800006B6 (0x0CD58593) addi a1, a1, 0xcd
x11 <- 0xFFFFFFFF4AFB0CCD
mem[X,0x00000000800006BA] -> 0x852E
[519] [M]: 0x00000000800006BA (0x852E) c.mv a0, a1
x10 <- 0xFFFFFFFF4AFB0CCD
mem[X,0x00000000800006BC] -> 0x3423
mem[X,0x00000000800006BE] -> 0x24A1
[520] [M]: 0x00000000800006BC (0x24A13423) sd a0, 0x248(sp)
mem[0x0000000080003410] <- 0xFFFFFFFF4AFB0CCD
mem[X,0x00000000800006C0] -> 0x05B7
mem[X,0x00000000800006C2] -> 0x0000
[521] [M]: 0x00000000800006C0 (0x000005B7) lui a1, 0x0
x11 <- 0x0000000000000000
mem[X,0x00000000800006C4] -> 0x8593
mem[X,0x00000000800006C6] -> 0x0005
[522] [M]: 0x00000000800006C4 (0x00058593) addi a1, a1, 0x0
x11 <- 0x0000000000000000
mem[X,0x00000000800006C8] -> 0x9593
mem[X,0x00000000800006CA] -> 0x00B5
[523] [M]: 0x00000000800006C8 (0x00B59593) slli a1, a1, 0xb
x11 <- 0x0000000000000000
mem[X,0x00000000800006CC] -> 0x8593
mem[X,0x00000000800006CE] -> 0x5A85
[524] [M]: 0x00000000800006CC (0x5A858593) addi a1, a1, 0x5a8
x11 <- 0x00000000000005A8
mem[X,0x00000000800006D0] -> 0x9593
mem[X,0x00000000800006D2] -> 0x00B5
[525] [M]: 0x00000000800006D0 (0x00B59593) slli a1, a1, 0xb
x11 <- 0x00000000002D4000
mem[X,0x00000000800006D4] -> 0x8593
mem[X,0x00000000800006D6] -> 0x13C5
[526] [M]: 0x00000000800006D4 (0x13C58593) addi a1, a1, 0x13c
x11 <- 0x00000000002D413C
mem[X,0x00000000800006D8] -> 0x9593
mem[X,0x00000000800006DA] -> 0x00A5
[527] [M]: 0x00000000800006D8 (0x00A59593) slli a1, a1, 0xa
x11 <- 0x00000000B504F000
mem[X,0x00000000800006DC] -> 0x8593
mem[X,0x00000000800006DE] -> 0x3335
[528] [M]: 0x00000000800006DC (0x33358593) addi a1, a1, 0x333
x11 <- 0x00000000B504F333
mem[X,0x00000000800006E0] -> 0x852E
[529] [M]: 0x00000000800006E0 (0x852E) c.mv a0, a1
x10 <- 0x00000000B504F333
mem[X,0x00000000800006E2] -> 0x3823
mem[X,0x00000000800006E4] -> 0x24A1
[530] [M]: 0x00000000800006E2 (0x24A13823) sd a0, 0x250(sp)
mem[0x0000000080003418] <- 0x00000000B504F333
mem[X,0x00000000800006E6] -> 0x55B7
mem[X,0x00000000800006E8] -> 0x5555
[531] [M]: 0x00000000800006E6 (0x555555B7) lui a1, 0x55555
x11 <- 0x0000000055555000
mem[X,0x00000000800006EA] -> 0x8593
mem[X,0x00000000800006EC] -> 0x5555
[532] [M]: 0x00000000800006EA (0x55558593) addi a1, a1, 0x555
x11 <- 0x0000000055555555
mem[X,0x00000000800006EE] -> 0x9593
mem[X,0x00000000800006F0] -> 0x00B5
[533] [M]: 0x00000000800006EE (0x00B59593) slli a1, a1, 0xb
x11 <- 0x000002AAAAAAA800
mem[X,0x00000000800006F2] -> 0x8593
mem[X,0x00000000800006F4] -> 0x2AA5
[534] [M]: 0x00000000800006F2 (0x2AA58593) addi a1, a1, 0x2aa
x11 <- 0x000002AAAAAAAAAA
mem[X,0x00000000800006F6] -> 0x9593
mem[X,0x00000000800006F8] -> 0x00B5
[535] [M]: 0x00000000800006F6 (0x00B59593) slli a1, a1, 0xb
x11 <- 0x0015555555555000
mem[X,0x00000000800006FA] -> 0x8593
mem[X,0x00000000800006FC] -> 0x5555
[536] [M]: 0x00000000800006FA (0x55558593) addi a1, a1, 0x555
x11 <- 0x0015555555555555
mem[X,0x00000000800006FE] -> 0x9593
mem[X,0x0000000080000700] -> 0x00A5
[537] [M]: 0x00000000800006FE (0x00A59593) slli a1, a1, 0xa
x11 <- 0x5555555555555400
mem[X,0x0000000080000702] -> 0x8593
mem[X,0x0000000080000704] -> 0x1545
[538] [M]: 0x0000000080000702 (0x15458593) addi a1, a1, 0x154
x11 <- 0x5555555555555554
mem[X,0x0000000080000706] -> 0x852E
[539] [M]: 0x0000000080000706 (0x852E) c.mv a0, a1
x10 <- 0x5555555555555554
mem[X,0x0000000080000708] -> 0x3C23
mem[X,0x000000008000070A] -> 0x24A1
[540] [M]: 0x0000000080000708 (0x24A13C23) sd a0, 0x258(sp)
mem[0x0000000080003420] <- 0x5555555555555554
mem[X,0x000000008000070C] -> 0x35B7
mem[X,0x000000008000070E] -> 0x3333
[541] [M]: 0x000000008000070C (0x333335B7) lui a1, 0x33333
x11 <- 0x0000000033333000
mem[X,0x0000000080000710] -> 0x8593
mem[X,0x0000000080000712] -> 0x3335
[542] [M]: 0x0000000080000710 (0x33358593) addi a1, a1, 0x333
x11 <- 0x0000000033333333
mem[X,0x0000000080000714] -> 0x9593
mem[X,0x0000000080000716] -> 0x00B5
[543] [M]: 0x0000000080000714 (0x00B59593) slli a1, a1, 0xb
x11 <- 0x0000019999999800
mem[X,0x0000000080000718] -> 0x8593
mem[X,0x000000008000071A] -> 0x1995
[544] [M]: 0x0000000080000718 (0x19958593) addi a1, a1, 0x199
x11 <- 0x0000019999999999
mem[X,0x000000008000071C] -> 0x9593
mem[X,0x000000008000071E] -> 0x00B5
[545] [M]: 0x000000008000071C (0x00B59593) slli a1, a1, 0xb
x11 <- 0x000CCCCCCCCCC800
mem[X,0x0000000080000720] -> 0x8593
mem[X,0x0000000080000722] -> 0x4CC5
[546] [M]: 0x0000000080000720 (0x4CC58593) addi a1, a1, 0x4cc
x11 <- 0x000CCCCCCCCCCCCC
mem[X,0x0000000080000724] -> 0x9593
mem[X,0x0000000080000726] -> 0x00A5
[547] [M]: 0x0000000080000724 (0x00A59593) slli a1, a1, 0xa
x11 <- 0x3333333333333000
mem[X,0x0000000080000728] -> 0x8593
mem[X,0x000000008000072A] -> 0x3325
[548] [M]: 0x0000000080000728 (0x33258593) addi a1, a1, 0x332
x11 <- 0x3333333333333332
mem[X,0x000000008000072C] -> 0x852E
[549] [M]: 0x000000008000072C (0x852E) c.mv a0, a1
x10 <- 0x3333333333333332
mem[X,0x000000008000072E] -> 0x3023
mem[X,0x0000000080000730] -> 0x26A1
[550] [M]: 0x000000008000072E (0x26A13023) sd a0, 0x260(sp)
mem[0x0000000080003428] <- 0x3333333333333332
mem[X,0x0000000080000732] -> 0x65B7
mem[X,0x0000000080000734] -> 0x6666
[551] [M]: 0x0000000080000732 (0x666665B7) lui a1, 0x66666
x11 <- 0x0000000066666000
mem[X,0x0000000080000736] -> 0x8593
mem[X,0x0000000080000738] -> 0x6665
[552] [M]: 0x0000000080000736 (0x66658593) addi a1, a1, 0x666
x11 <- 0x0000000066666666
mem[X,0x000000008000073A] -> 0x9593
mem[X,0x000000008000073C] -> 0x00B5
[553] [M]: 0x000000008000073A (0x00B59593) slli a1, a1, 0xb
x11 <- 0x0000033333333000
mem[X,0x000000008000073E] -> 0x8593
mem[X,0x0000000080000740] -> 0x3335
[554] [M]: 0x000000008000073E (0x33358593) addi a1, a1, 0x333
x11 <- 0x0000033333333333
mem[X,0x0000000080000742] -> 0x9593
mem[X,0x0000000080000744] -> 0x00B5
[555] [M]: 0x0000000080000742 (0x00B59593) slli a1, a1, 0xb
x11 <- 0x0019999999999800
mem[X,0x0000000080000746] -> 0x8593
mem[X,0x0000000080000748] -> 0x1995
[556] [M]: 0x0000000080000746 (0x19958593) addi a1, a1, 0x199
x11 <- 0x0019999999999999
mem[X,0x000000008000074A] -> 0x9593
mem[X,0x000000008000074C] -> 0x00A5
[557] [M]: 0x000000008000074A (0x00A59593) slli a1, a1, 0xa
x11 <- 0x6666666666666400
mem[X,0x000000008000074E] -> 0x8593
mem[X,0x0000000080000750] -> 0x2655
[558] [M]: 0x000000008000074E (0x26558593) addi a1, a1, 0x265
x11 <- 0x6666666666666665
mem[X,0x0000000080000752] -> 0x852E
[559] [M]: 0x0000000080000752 (0x852E) c.mv a0, a1
x10 <- 0x6666666666666665
mem[X,0x0000000080000754] -> 0x3423
mem[X,0x0000000080000756] -> 0x26A1
[560] [M]: 0x0000000080000754 (0x26A13423) sd a0, 0x268(sp)
mem[0x0000000080003430] <- 0x6666666666666665
mem[X,0x0000000080000758] -> 0x05B7
mem[X,0x000000008000075A] -> 0x0000
[561] [M]: 0x0000000080000758 (0x000005B7) lui a1, 0x0
x11 <- 0x0000000000000000
mem[X,0x000000008000075C] -> 0x8593
mem[X,0x000000008000075E] -> 0x0005
[562] [M]: 0x000000008000075C (0x00058593) addi a1, a1, 0x0
x11 <- 0x0000000000000000
mem[X,0x0000000080000760] -> 0x9593
mem[X,0x0000000080000762] -> 0x00B5
[563] [M]: 0x0000000080000760 (0x00B59593) slli a1, a1, 0xb
x11 <- 0x0000000000000000
mem[X,0x0000000080000764] -> 0x8593
mem[X,0x0000000080000766] -> 0x5A85
[564] [M]: 0x0000000080000764 (0x5A858593) addi a1, a1, 0x5a8
x11 <- 0x00000000000005A8
mem[X,0x0000000080000768] -> 0x9593
mem[X,0x000000008000076A] -> 0x00B5
[565] [M]: 0x0000000080000768 (0x00B59593) slli a1, a1, 0xb
x11 <- 0x00000000002D4000
mem[X,0x000000008000076C] -> 0x8593
mem[X,0x000000008000076E] -> 0x13C5
[566] [M]: 0x000000008000076C (0x13C58593) addi a1, a1, 0x13c
x11 <- 0x00000000002D413C
mem[X,0x0000000080000770] -> 0x9593
mem[X,0x0000000080000772] -> 0x00A5
[567] [M]: 0x0000000080000770 (0x00A59593) slli a1, a1, 0xa
x11 <- 0x00000000B504F000
mem[X,0x0000000080000774] -> 0x8593
mem[X,0x0000000080000776] -> 0x3325
[568] [M]: 0x0000000080000774 (0x33258593) addi a1, a1, 0x332
x11 <- 0x00000000B504F332
mem[X,0x0000000080000778] -> 0x852E
[569] [M]: 0x0000000080000778 (0x852E) c.mv a0, a1
x10 <- 0x00000000B504F332
mem[X,0x000000008000077A] -> 0x3823
mem[X,0x000000008000077C] -> 0x26A1
[570] [M]: 0x000000008000077A (0x26A13823) sd a0, 0x270(sp)
mem[0x0000000080003438] <- 0x00000000B504F332
mem[X,0x000000008000077E] -> 0x55B7
mem[X,0x0000000080000780] -> 0x5555
[571] [M]: 0x000000008000077E (0x555555B7) lui a1, 0x55555
x11 <- 0x0000000055555000
mem[X,0x0000000080000782] -> 0x8593
mem[X,0x0000000080000784] -> 0x5555
[572] [M]: 0x0000000080000782 (0x55558593) addi a1, a1, 0x555
x11 <- 0x0000000055555555
mem[X,0x0000000080000786] -> 0x9593
mem[X,0x0000000080000788] -> 0x00B5
[573] [M]: 0x0000000080000786 (0x00B59593) slli a1, a1, 0xb
x11 <- 0x000002AAAAAAA800
mem[X,0x000000008000078A] -> 0x8593
mem[X,0x000000008000078C] -> 0x2AA5
[574] [M]: 0x000000008000078A (0x2AA58593) addi a1, a1, 0x2aa
x11 <- 0x000002AAAAAAAAAA
mem[X,0x000000008000078E] -> 0x9593
mem[X,0x0000000080000790] -> 0x00B5
[575] [M]: 0x000000008000078E (0x00B59593) slli a1, a1, 0xb
x11 <- 0x0015555555555000
mem[X,0x0000000080000792] -> 0x8593
mem[X,0x0000000080000794] -> 0x5555
[576] [M]: 0x0000000080000792 (0x55558593) addi a1, a1, 0x555
x11 <- 0x0015555555555555
mem[X,0x0000000080000796] -> 0x9593
mem[X,0x0000000080000798] -> 0x00A5
[577] [M]: 0x0000000080000796 (0x00A59593) slli a1, a1, 0xa
x11 <- 0x5555555555555400
mem[X,0x000000008000079A] -> 0x8593
mem[X,0x000000008000079C] -> 0x1565
[578] [M]: 0x000000008000079A (0x15658593) addi a1, a1, 0x156
x11 <- 0x5555555555555556
mem[X,0x000000008000079E] -> 0x852E
[579] [M]: 0x000000008000079E (0x852E) c.mv a0, a1
x10 <- 0x5555555555555556
mem[X,0x00000000800007A0] -> 0x3C23
mem[X,0x00000000800007A2] -> 0x26A1
[580] [M]: 0x00000000800007A0 (0x26A13C23) sd a0, 0x278(sp)
mem[0x0000000080003440] <- 0x5555555555555556
mem[X,0x00000000800007A4] -> 0xB5B7
mem[X,0x00000000800007A6] -> 0xAAAA
[581] [M]: 0x00000000800007A4 (0xAAAAB5B7) lui a1, -0x55555
x11 <- 0xFFFFFFFFAAAAB000
mem[X,0x00000000800007A8] -> 0x8593
mem[X,0x00000000800007AA] -> 0xAAA5
[582] [M]: 0x00000000800007A8 (0xAAA58593) addi a1, a1, -0x556
x11 <- 0xFFFFFFFFAAAAAAAA
mem[X,0x00000000800007AC] -> 0x9593
mem[X,0x00000000800007AE] -> 0x00B5
[583] [M]: 0x00000000800007AC (0x00B59593) slli a1, a1, 0xb
x11 <- 0xFFFFFD5555555000
mem[X,0x00000000800007B0] -> 0x8593
mem[X,0x00000000800007B2] -> 0x5555
[584] [M]: 0x00000000800007B0 (0x55558593) addi a1, a1, 0x555
x11 <- 0xFFFFFD5555555555
mem[X,0x00000000800007B4] -> 0x9593
mem[X,0x00000000800007B6] -> 0x00B5
[585] [M]: 0x00000000800007B4 (0x00B59593) slli a1, a1, 0xb
x11 <- 0xFFEAAAAAAAAAA800
mem[X,0x00000000800007B8] -> 0x8593
mem[X,0x00000000800007BA] -> 0x2AA5
[586] [M]: 0x00000000800007B8 (0x2AA58593) addi a1, a1, 0x2aa
x11 <- 0xFFEAAAAAAAAAAAAA
mem[X,0x00000000800007BC] -> 0x9593
mem[X,0x00000000800007BE] -> 0x00A5
[587] [M]: 0x00000000800007BC (0x00A59593) slli a1, a1, 0xa
x11 <- 0xAAAAAAAAAAAAA800
mem[X,0x00000000800007C0] -> 0x8593
mem[X,0x00000000800007C2] -> 0x2AB5
[588] [M]: 0x00000000800007C0 (0x2AB58593) addi a1, a1, 0x2ab
x11 <- 0xAAAAAAAAAAAAAAAB
mem[X,0x00000000800007C4] -> 0x852E
[589] [M]: 0x00000000800007C4 (0x852E) c.mv a0, a1
x10 <- 0xAAAAAAAAAAAAAAAB
mem[X,0x00000000800007C6] -> 0x3023
mem[X,0x00000000800007C8] -> 0x28A1
[590] [M]: 0x00000000800007C6 (0x28A13023) sd a0, 0x280(sp)
mem[0x0000000080003448] <- 0xAAAAAAAAAAAAAAAB
mem[X,0x00000000800007CA] -> 0x0593
mem[X,0x00000000800007CC] -> 0x0060
[591] [M]: 0x00000000800007CA (0x00600593) addi a1, zero, 0x6
x11 <- 0x0000000000000006
mem[X,0x00000000800007CE] -> 0x852E
[592] [M]: 0x00000000800007CE (0x852E) c.mv a0, a1
x10 <- 0x0000000000000006
mem[X,0x00000000800007D0] -> 0x3423
mem[X,0x00000000800007D2] -> 0x28A1
[593] [M]: 0x00000000800007D0 (0x28A13423) sd a0, 0x288(sp)
mem[0x0000000080003450] <- 0x0000000000000006
mem[X,0x00000000800007D4] -> 0x35B7
mem[X,0x00000000800007D6] -> 0x3333
[594] [M]: 0x00000000800007D4 (0x333335B7) lui a1, 0x33333
x11 <- 0x0000000033333000
mem[X,0x00000000800007D8] -> 0x8593
mem[X,0x00000000800007DA] -> 0x3335
[595] [M]: 0x00000000800007D8 (0x33358593) addi a1, a1, 0x333
x11 <- 0x0000000033333333
mem[X,0x00000000800007DC] -> 0x9593
mem[X,0x00000000800007DE] -> 0x00B5
[596] [M]: 0x00000000800007DC (0x00B59593) slli a1, a1, 0xb
x11 <- 0x0000019999999800
mem[X,0x00000000800007E0] -> 0x8593
mem[X,0x00000000800007E2] -> 0x1995
[597] [M]: 0x00000000800007E0 (0x19958593) addi a1, a1, 0x199
x11 <- 0x0000019999999999
mem[X,0x00000000800007E4] -> 0x9593
mem[X,0x00000000800007E6] -> 0x00B5
[598] [M]: 0x00000000800007E4 (0x00B59593) slli a1, a1, 0xb
x11 <- 0x000CCCCCCCCCC800
mem[X,0x00000000800007E8] -> 0x8593
mem[X,0x00000000800007EA] -> 0x4CC5
[599] [M]: 0x00000000800007E8 (0x4CC58593) addi a1, a1, 0x4cc
x11 <- 0x000CCCCCCCCCCCCC
clint::tick mtime <- 0x0000000000000006
 clint timer pending at mtime 0x0000000000000006
htif::tick 0x0000000000000000
mem[X,0x00000000800007EC] -> 0x9593
mem[X,0x00000000800007EE] -> 0x00A5
[600] [M]: 0x00000000800007EC (0x00A59593) slli a1, a1, 0xa
x11 <- 0x3333333333333000
mem[X,0x00000000800007F0] -> 0x8593
mem[X,0x00000000800007F2] -> 0x3345
[601] [M]: 0x00000000800007F0 (0x33458593) addi a1, a1, 0x334
x11 <- 0x3333333333333334
mem[X,0x00000000800007F4] -> 0x852E
[602] [M]: 0x00000000800007F4 (0x852E) c.mv a0, a1
x10 <- 0x3333333333333334
mem[X,0x00000000800007F6] -> 0x3823
mem[X,0x00000000800007F8] -> 0x28A1
[603] [M]: 0x00000000800007F6 (0x28A13823) sd a0, 0x290(sp)
mem[0x0000000080003458] <- 0x3333333333333334
mem[X,0x00000000800007FA] -> 0x65B7
mem[X,0x00000000800007FC] -> 0x6666
[604] [M]: 0x00000000800007FA (0x666665B7) lui a1, 0x66666
x11 <- 0x0000000066666000
mem[X,0x00000000800007FE] -> 0x8593
mem[X,0x0000000080000800] -> 0x6665
[605] [M]: 0x00000000800007FE (0x66658593) addi a1, a1, 0x666
x11 <- 0x0000000066666666
mem[X,0x0000000080000802] -> 0x9593
mem[X,0x0000000080000804] -> 0x00B5
[606] [M]: 0x0000000080000802 (0x00B59593) slli a1, a1, 0xb
x11 <- 0x0000033333333000
mem[X,0x0000000080000806] -> 0x8593
mem[X,0x0000000080000808] -> 0x3335
[607] [M]: 0x0000000080000806 (0x33358593) addi a1, a1, 0x333
x11 <- 0x0000033333333333
mem[X,0x000000008000080A] -> 0x9593
mem[X,0x000000008000080C] -> 0x00B5
[608] [M]: 0x000000008000080A (0x00B59593) slli a1, a1, 0xb
x11 <- 0x0019999999999800
mem[X,0x000000008000080E] -> 0x8593
mem[X,0x0000000080000810] -> 0x1995
[609] [M]: 0x000000008000080E (0x19958593) addi a1, a1, 0x199
x11 <- 0x0019999999999999
mem[X,0x0000000080000812] -> 0x9593
mem[X,0x0000000080000814] -> 0x00A5
[610] [M]: 0x0000000080000812 (0x00A59593) slli a1, a1, 0xa
x11 <- 0x6666666666666400
mem[X,0x0000000080000816] -> 0x8593
mem[X,0x0000000080000818] -> 0x2675
[611] [M]: 0x0000000080000816 (0x26758593) addi a1, a1, 0x267
x11 <- 0x6666666666666667
mem[X,0x000000008000081A] -> 0x852E
[612] [M]: 0x000000008000081A (0x852E) c.mv a0, a1
x10 <- 0x6666666666666667
mem[X,0x000000008000081C] -> 0x3C23
mem[X,0x000000008000081E] -> 0x28A1
[613] [M]: 0x000000008000081C (0x28A13C23) sd a0, 0x298(sp)
mem[0x0000000080003460] <- 0x6666666666666667
mem[X,0x0000000080000820] -> 0x05B7
mem[X,0x0000000080000822] -> 0x0000
[614] [M]: 0x0000000080000820 (0x000005B7) lui a1, 0x0
x11 <- 0x0000000000000000
mem[X,0x0000000080000824] -> 0x8593
mem[X,0x0000000080000826] -> 0xFFF5
[615] [M]: 0x0000000080000824 (0xFFF58593) addi a1, a1, -0x1
x11 <- 0xFFFFFFFFFFFFFFFF
mem[X,0x0000000080000828] -> 0x9593
mem[X,0x000000008000082A] -> 0x00B5
[616] [M]: 0x0000000080000828 (0x00B59593) slli a1, a1, 0xb
x11 <- 0xFFFFFFFFFFFFF800
mem[X,0x000000008000082C] -> 0x8593
mem[X,0x000000008000082E] -> 0x2575
[617] [M]: 0x000000008000082C (0x25758593) addi a1, a1, 0x257
x11 <- 0xFFFFFFFFFFFFFA57
mem[X,0x0000000080000830] -> 0x9593
mem[X,0x0000000080000832] -> 0x00B5
[618] [M]: 0x0000000080000830 (0x00B59593) slli a1, a1, 0xb
x11 <- 0xFFFFFFFFFFD2B800
mem[X,0x0000000080000834] -> 0x8593
mem[X,0x0000000080000836] -> 0x6C35
[619] [M]: 0x0000000080000834 (0x6C358593) addi a1, a1, 0x6c3
x11 <- 0xFFFFFFFFFFD2BEC3
mem[X,0x0000000080000838] -> 0x9593
mem[X,0x000000008000083A] -> 0x00A5
[620] [M]: 0x0000000080000838 (0x00A59593) slli a1, a1, 0xa
x11 <- 0xFFFFFFFF4AFB0C00
mem[X,0x000000008000083C] -> 0x8593
mem[X,0x000000008000083E] -> 0x0CE5
[621] [M]: 0x000000008000083C (0x0CE58593) addi a1, a1, 0xce
x11 <- 0xFFFFFFFF4AFB0CCE
mem[X,0x0000000080000840] -> 0x852E
[622] [M]: 0x0000000080000840 (0x852E) c.mv a0, a1
x10 <- 0xFFFFFFFF4AFB0CCE
mem[X,0x0000000080000842] -> 0x3023
mem[X,0x0000000080000844] -> 0x2AA1
[623] [M]: 0x0000000080000842 (0x2AA13023) sd a0, 0x2a0(sp)
mem[0x0000000080003468] <- 0xFFFFFFFF4AFB0CCE
mem[X,0x0000000080000846] -> 0x05B7
mem[X,0x0000000080000848] -> 0x0000
[624] [M]: 0x0000000080000846 (0x000005B7) lui a1, 0x0
x11 <- 0x0000000000000000
mem[X,0x000000008000084A] -> 0x8593
mem[X,0x000000008000084C] -> 0x0005
[625] [M]: 0x000000008000084A (0x00058593) addi a1, a1, 0x0
x11 <- 0x0000000000000000
mem[X,0x000000008000084E] -> 0x9593
mem[X,0x0000000080000850] -> 0x00B5
[626] [M]: 0x000000008000084E (0x00B59593) slli a1, a1, 0xb
x11 <- 0x0000000000000000
mem[X,0x0000000080000852] -> 0x8593
mem[X,0x0000000080000854] -> 0x5A85
[627] [M]: 0x0000000080000852 (0x5A858593) addi a1, a1, 0x5a8
x11 <- 0x00000000000005A8
mem[X,0x0000000080000856] -> 0x9593
mem[X,0x0000000080000858] -> 0x00B5
[628] [M]: 0x0000000080000856 (0x00B59593) slli a1, a1, 0xb
x11 <- 0x00000000002D4000
mem[X,0x000000008000085A] -> 0x8593
mem[X,0x000000008000085C] -> 0x13C5
[629] [M]: 0x000000008000085A (0x13C58593) addi a1, a1, 0x13c
x11 <- 0x00000000002D413C
mem[X,0x000000008000085E] -> 0x9593
mem[X,0x0000000080000860] -> 0x00A5
[630] [M]: 0x000000008000085E (0x00A59593) slli a1, a1, 0xa
x11 <- 0x00000000B504F000
mem[X,0x0000000080000862] -> 0x8593
mem[X,0x0000000080000864] -> 0x3345
[631] [M]: 0x0000000080000862 (0x33458593) addi a1, a1, 0x334
x11 <- 0x00000000B504F334
mem[X,0x0000000080000866] -> 0x852E
[632] [M]: 0x0000000080000866 (0x852E) c.mv a0, a1
x10 <- 0x00000000B504F334
mem[X,0x0000000080000868] -> 0x3423
mem[X,0x000000008000086A] -> 0x2AA1
[633] [M]: 0x0000000080000868 (0x2AA13423) sd a0, 0x2a8(sp)
mem[0x0000000080003470] <- 0x00000000B504F334
mem[X,0x000000008000086C] -> 0x0593
mem[X,0x000000008000086E] -> 0x0010
[634] [M]: 0x000000008000086C (0x00100593) addi a1, zero, 0x1
x11 <- 0x0000000000000001
mem[X,0x0000000080000870] -> 0x9593
mem[X,0x0000000080000872] -> 0x0155
[635] [M]: 0x0000000080000870 (0x01559593) slli a1, a1, 0x15
x11 <- 0x0000000000200000
mem[X,0x0000000080000874] -> 0xC593
mem[X,0x0000000080000876] -> 0xFFF5
[636] [M]: 0x0000000080000874 (0xFFF5C593) xori a1, a1, -0x1
x11 <- 0xFFFFFFFFFFDFFFFF
mem[X,0x0000000080000878] -> 0x852E
[637] [M]: 0x0000000080000878 (0x852E) c.mv a0, a1
x10 <- 0xFFFFFFFFFFDFFFFF
mem[X,0x000000008000087A] -> 0x3823
mem[X,0x000000008000087C] -> 0x2AA1
[638] [M]: 0x000000008000087A (0x2AA13823) sd a0, 0x2b0(sp)
mem[0x0000000080003478] <- 0xFFFFFFFFFFDFFFFF
mem[X,0x000000008000087E] -> 0x0593
mem[X,0x0000000080000880] -> 0x0010
[639] [M]: 0x000000008000087E (0x00100593) addi a1, zero, 0x1
x11 <- 0x0000000000000001
mem[X,0x0000000080000882] -> 0x9593
mem[X,0x0000000080000884] -> 0x0165
[640] [M]: 0x0000000080000882 (0x01659593) slli a1, a1, 0x16
x11 <- 0x0000000000400000
mem[X,0x0000000080000886] -> 0xC593
mem[X,0x0000000080000888] -> 0xFFF5
[641] [M]: 0x0000000080000886 (0xFFF5C593) xori a1, a1, -0x1
x11 <- 0xFFFFFFFFFFBFFFFF
mem[X,0x000000008000088A] -> 0x852E
[642] [M]: 0x000000008000088A (0x852E) c.mv a0, a1
x10 <- 0xFFFFFFFFFFBFFFFF
mem[X,0x000000008000088C] -> 0x3C23
mem[X,0x000000008000088E] -> 0x2AA1
[643] [M]: 0x000000008000088C (0x2AA13C23) sd a0, 0x2b8(sp)
mem[0x0000000080003480] <- 0xFFFFFFFFFFBFFFFF
mem[X,0x0000000080000890] -> 0x0593
mem[X,0x0000000080000892] -> 0x0010
[644] [M]: 0x0000000080000890 (0x00100593) addi a1, zero, 0x1
x11 <- 0x0000000000000001
mem[X,0x0000000080000894] -> 0x9593
mem[X,0x0000000080000896] -> 0x0175
[645] [M]: 0x0000000080000894 (0x01759593) slli a1, a1, 0x17
x11 <- 0x0000000000800000
mem[X,0x0000000080000898] -> 0xC593
mem[X,0x000000008000089A] -> 0xFFF5
[646] [M]: 0x0000000080000898 (0xFFF5C593) xori a1, a1, -0x1
x11 <- 0xFFFFFFFFFF7FFFFF
mem[X,0x000000008000089C] -> 0x852E
[647] [M]: 0x000000008000089C (0x852E) c.mv a0, a1
x10 <- 0xFFFFFFFFFF7FFFFF
mem[X,0x000000008000089E] -> 0x3023
mem[X,0x00000000800008A0] -> 0x2CA1
[648] [M]: 0x000000008000089E (0x2CA13023) sd a0, 0x2c0(sp)
mem[0x0000000080003488] <- 0xFFFFFFFFFF7FFFFF
mem[X,0x00000000800008A2] -> 0x0593
mem[X,0x00000000800008A4] -> 0x0010
[649] [M]: 0x00000000800008A2 (0x00100593) addi a1, zero, 0x1
x11 <- 0x0000000000000001
mem[X,0x00000000800008A6] -> 0x9593
mem[X,0x00000000800008A8] -> 0x0185
[650] [M]: 0x00000000800008A6 (0x01859593) slli a1, a1, 0x18
x11 <- 0x0000000001000000
mem[X,0x00000000800008AA] -> 0xC593
mem[X,0x00000000800008AC] -> 0xFFF5
[651] [M]: 0x00000000800008AA (0xFFF5C593) xori a1, a1, -0x1
x11 <- 0xFFFFFFFFFEFFFFFF
mem[X,0x00000000800008AE] -> 0x852E
[652] [M]: 0x00000000800008AE (0x852E) c.mv a0, a1
x10 <- 0xFFFFFFFFFEFFFFFF
mem[X,0x00000000800008B0] -> 0x3423
mem[X,0x00000000800008B2] -> 0x2CA1
[653] [M]: 0x00000000800008B0 (0x2CA13423) sd a0, 0x2c8(sp)
mem[0x0000000080003490] <- 0xFFFFFFFFFEFFFFFF
mem[X,0x00000000800008B4] -> 0x0593
mem[X,0x00000000800008B6] -> 0x0010
[654] [M]: 0x00000000800008B4 (0x00100593) addi a1, zero, 0x1
x11 <- 0x0000000000000001
mem[X,0x00000000800008B8] -> 0x9593
mem[X,0x00000000800008BA] -> 0x0195
[655] [M]: 0x00000000800008B8 (0x01959593) slli a1, a1, 0x19
x11 <- 0x0000000002000000
mem[X,0x00000000800008BC] -> 0xC593
mem[X,0x00000000800008BE] -> 0xFFF5
[656] [M]: 0x00000000800008BC (0xFFF5C593) xori a1, a1, -0x1
x11 <- 0xFFFFFFFFFDFFFFFF
mem[X,0x00000000800008C0] -> 0x852E
[657] [M]: 0x00000000800008C0 (0x852E) c.mv a0, a1
x10 <- 0xFFFFFFFFFDFFFFFF
mem[X,0x00000000800008C2] -> 0x3823
mem[X,0x00000000800008C4] -> 0x2CA1
[658] [M]: 0x00000000800008C2 (0x2CA13823) sd a0, 0x2d0(sp)
mem[0x0000000080003498] <- 0xFFFFFFFFFDFFFFFF
mem[X,0x00000000800008C6] -> 0x0593
mem[X,0x00000000800008C8] -> 0x0010
[659] [M]: 0x00000000800008C6 (0x00100593) addi a1, zero, 0x1
x11 <- 0x0000000000000001
mem[X,0x00000000800008CA] -> 0x9593
mem[X,0x00000000800008CC] -> 0x01A5
[660] [M]: 0x00000000800008CA (0x01A59593) slli a1, a1, 0x1a
x11 <- 0x0000000004000000
mem[X,0x00000000800008CE] -> 0xC593
mem[X,0x00000000800008D0] -> 0xFFF5
[661] [M]: 0x00000000800008CE (0xFFF5C593) xori a1, a1, -0x1
x11 <- 0xFFFFFFFFFBFFFFFF
mem[X,0x00000000800008D2] -> 0x852E
[662] [M]: 0x00000000800008D2 (0x852E) c.mv a0, a1
x10 <- 0xFFFFFFFFFBFFFFFF
mem[X,0x00000000800008D4] -> 0x3C23
mem[X,0x00000000800008D6] -> 0x2CA1
[663] [M]: 0x00000000800008D4 (0x2CA13C23) sd a0, 0x2d8(sp)
mem[0x00000000800034A0] <- 0xFFFFFFFFFBFFFFFF
mem[X,0x00000000800008D8] -> 0x0593
mem[X,0x00000000800008DA] -> 0x0010
[664] [M]: 0x00000000800008D8 (0x00100593) addi a1, zero, 0x1
x11 <- 0x0000000000000001
mem[X,0x00000000800008DC] -> 0x9593
mem[X,0x00000000800008DE] -> 0x01B5
[665] [M]: 0x00000000800008DC (0x01B59593) slli a1, a1, 0x1b
x11 <- 0x0000000008000000
mem[X,0x00000000800008E0] -> 0xC593
mem[X,0x00000000800008E2] -> 0xFFF5
[666] [M]: 0x00000000800008E0 (0xFFF5C593) xori a1, a1, -0x1
x11 <- 0xFFFFFFFFF7FFFFFF
mem[X,0x00000000800008E4] -> 0x852E
[667] [M]: 0x00000000800008E4 (0x852E) c.mv a0, a1
x10 <- 0xFFFFFFFFF7FFFFFF
mem[X,0x00000000800008E6] -> 0x3023
mem[X,0x00000000800008E8] -> 0x2EA1
[668] [M]: 0x00000000800008E6 (0x2EA13023) sd a0, 0x2e0(sp)
mem[0x00000000800034A8] <- 0xFFFFFFFFF7FFFFFF
mem[X,0x00000000800008EA] -> 0x0593
mem[X,0x00000000800008EC] -> 0x0010
[669] [M]: 0x00000000800008EA (0x00100593) addi a1, zero, 0x1
x11 <- 0x0000000000000001
mem[X,0x00000000800008EE] -> 0x9593
mem[X,0x00000000800008F0] -> 0x01C5
[670] [M]: 0x00000000800008EE (0x01C59593) slli a1, a1, 0x1c
x11 <- 0x0000000010000000
mem[X,0x00000000800008F2] -> 0xC593
mem[X,0x00000000800008F4] -> 0xFFF5
[671] [M]: 0x00000000800008F2 (0xFFF5C593) xori a1, a1, -0x1
x11 <- 0xFFFFFFFFEFFFFFFF
mem[X,0x00000000800008F6] -> 0x852E
[672] [M]: 0x00000000800008F6 (0x852E) c.mv a0, a1
x10 <- 0xFFFFFFFFEFFFFFFF
mem[X,0x00000000800008F8] -> 0x3423
mem[X,0x00000000800008FA] -> 0x2EA1
[673] [M]: 0x00000000800008F8 (0x2EA13423) sd a0, 0x2e8(sp)
mem[0x00000000800034B0] <- 0xFFFFFFFFEFFFFFFF
mem[X,0x00000000800008FC] -> 0x0593
mem[X,0x00000000800008FE] -> 0x0010
[674] [M]: 0x00000000800008FC (0x00100593) addi a1, zero, 0x1
x11 <- 0x0000000000000001
mem[X,0x0000000080000900] -> 0x9593
mem[X,0x0000000080000902] -> 0x01D5
[675] [M]: 0x0000000080000900 (0x01D59593) slli a1, a1, 0x1d
x11 <- 0x0000000020000000
mem[X,0x0000000080000904] -> 0xC593
mem[X,0x0000000080000906] -> 0xFFF5
[676] [M]: 0x0000000080000904 (0xFFF5C593) xori a1, a1, -0x1
x11 <- 0xFFFFFFFFDFFFFFFF
mem[X,0x0000000080000908] -> 0x852E
[677] [M]: 0x0000000080000908 (0x852E) c.mv a0, a1
x10 <- 0xFFFFFFFFDFFFFFFF
mem[X,0x000000008000090A] -> 0x3823
mem[X,0x000000008000090C] -> 0x2EA1
[678] [M]: 0x000000008000090A (0x2EA13823) sd a0, 0x2f0(sp)
mem[0x00000000800034B8] <- 0xFFFFFFFFDFFFFFFF
mem[X,0x000000008000090E] -> 0x0593
mem[X,0x0000000080000910] -> 0x0010
[679] [M]: 0x000000008000090E (0x00100593) addi a1, zero, 0x1
x11 <- 0x0000000000000001
mem[X,0x0000000080000912] -> 0x9593
mem[X,0x0000000080000914] -> 0x01E5
[680] [M]: 0x0000000080000912 (0x01E59593) slli a1, a1, 0x1e
x11 <- 0x0000000040000000
mem[X,0x0000000080000916] -> 0xC593
mem[X,0x0000000080000918] -> 0xFFF5
[681] [M]: 0x0000000080000916 (0xFFF5C593) xori a1, a1, -0x1
x11 <- 0xFFFFFFFFBFFFFFFF
mem[X,0x000000008000091A] -> 0x852E
[682] [M]: 0x000000008000091A (0x852E) c.mv a0, a1
x10 <- 0xFFFFFFFFBFFFFFFF
mem[X,0x000000008000091C] -> 0x3C23
mem[X,0x000000008000091E] -> 0x2EA1
[683] [M]: 0x000000008000091C (0x2EA13C23) sd a0, 0x2f8(sp)
mem[0x00000000800034C0] <- 0xFFFFFFFFBFFFFFFF
mem[X,0x0000000080000920] -> 0x0593
mem[X,0x0000000080000922] -> 0x0010
[684] [M]: 0x0000000080000920 (0x00100593) addi a1, zero, 0x1
x11 <- 0x0000000000000001
mem[X,0x0000000080000924] -> 0x9593
mem[X,0x0000000080000926] -> 0x01F5
[685] [M]: 0x0000000080000924 (0x01F59593) slli a1, a1, 0x1f
x11 <- 0x0000000080000000
mem[X,0x0000000080000928] -> 0xC593
mem[X,0x000000008000092A] -> 0xFFF5
[686] [M]: 0x0000000080000928 (0xFFF5C593) xori a1, a1, -0x1
x11 <- 0xFFFFFFFF7FFFFFFF
mem[X,0x000000008000092C] -> 0x852E
[687] [M]: 0x000000008000092C (0x852E) c.mv a0, a1
x10 <- 0xFFFFFFFF7FFFFFFF
mem[X,0x000000008000092E] -> 0x3023
mem[X,0x0000000080000930] -> 0x30A1
[688] [M]: 0x000000008000092E (0x30A13023) sd a0, 0x300(sp)
mem[0x00000000800034C8] <- 0xFFFFFFFF7FFFFFFF
mem[X,0x0000000080000932] -> 0x0593
mem[X,0x0000000080000934] -> 0x0010
[689] [M]: 0x0000000080000932 (0x00100593) addi a1, zero, 0x1
x11 <- 0x0000000000000001
mem[X,0x0000000080000936] -> 0x9593
mem[X,0x0000000080000938] -> 0x0205
[690] [M]: 0x0000000080000936 (0x02059593) slli a1, a1, 0x20
x11 <- 0x0000000100000000
mem[X,0x000000008000093A] -> 0xC593
mem[X,0x000000008000093C] -> 0xFFF5
[691] [M]: 0x000000008000093A (0xFFF5C593) xori a1, a1, -0x1
x11 <- 0xFFFFFFFEFFFFFFFF
mem[X,0x000000008000093E] -> 0x852E
[692] [M]: 0x000000008000093E (0x852E) c.mv a0, a1
x10 <- 0xFFFFFFFEFFFFFFFF
mem[X,0x0000000080000940] -> 0x3423
mem[X,0x0000000080000942] -> 0x30A1
[693] [M]: 0x0000000080000940 (0x30A13423) sd a0, 0x308(sp)
mem[0x00000000800034D0] <- 0xFFFFFFFEFFFFFFFF
mem[X,0x0000000080000944] -> 0x0593
mem[X,0x0000000080000946] -> 0x0010
[694] [M]: 0x0000000080000944 (0x00100593) addi a1, zero, 0x1
x11 <- 0x0000000000000001
mem[X,0x0000000080000948] -> 0x9593
mem[X,0x000000008000094A] -> 0x0215
[695] [M]: 0x0000000080000948 (0x02159593) slli a1, a1, 0x21
x11 <- 0x0000000200000000
mem[X,0x000000008000094C] -> 0xC593
mem[X,0x000000008000094E] -> 0xFFF5
[696] [M]: 0x000000008000094C (0xFFF5C593) xori a1, a1, -0x1
x11 <- 0xFFFFFFFDFFFFFFFF
mem[X,0x0000000080000950] -> 0x852E
[697] [M]: 0x0000000080000950 (0x852E) c.mv a0, a1
x10 <- 0xFFFFFFFDFFFFFFFF
mem[X,0x0000000080000952] -> 0x3823
mem[X,0x0000000080000954] -> 0x30A1
[698] [M]: 0x0000000080000952 (0x30A13823) sd a0, 0x310(sp)
mem[0x00000000800034D8] <- 0xFFFFFFFDFFFFFFFF
mem[X,0x0000000080000956] -> 0x0593
mem[X,0x0000000080000958] -> 0x0010
[699] [M]: 0x0000000080000956 (0x00100593) addi a1, zero, 0x1
x11 <- 0x0000000000000001
clint::tick mtime <- 0x0000000000000007
 clint timer pending at mtime 0x0000000000000007
htif::tick 0x0000000000000000
mem[X,0x000000008000095A] -> 0x9593
mem[X,0x000000008000095C] -> 0x0225
[700] [M]: 0x000000008000095A (0x02259593) slli a1, a1, 0x22
x11 <- 0x0000000400000000
mem[X,0x000000008000095E] -> 0xC593
mem[X,0x0000000080000960] -> 0xFFF5
[701] [M]: 0x000000008000095E (0xFFF5C593) xori a1, a1, -0x1
x11 <- 0xFFFFFFFBFFFFFFFF
mem[X,0x0000000080000962] -> 0x852E
[702] [M]: 0x0000000080000962 (0x852E) c.mv a0, a1
x10 <- 0xFFFFFFFBFFFFFFFF
mem[X,0x0000000080000964] -> 0x3C23
mem[X,0x0000000080000966] -> 0x30A1
[703] [M]: 0x0000000080000964 (0x30A13C23) sd a0, 0x318(sp)
mem[0x00000000800034E0] <- 0xFFFFFFFBFFFFFFFF
mem[X,0x0000000080000968] -> 0x0593
mem[X,0x000000008000096A] -> 0x0010
[704] [M]: 0x0000000080000968 (0x00100593) addi a1, zero, 0x1
x11 <- 0x0000000000000001
mem[X,0x000000008000096C] -> 0x9593
mem[X,0x000000008000096E] -> 0x0235
[705] [M]: 0x000000008000096C (0x02359593) slli a1, a1, 0x23
x11 <- 0x0000000800000000
mem[X,0x0000000080000970] -> 0xC593
mem[X,0x0000000080000972] -> 0xFFF5
[706] [M]: 0x0000000080000970 (0xFFF5C593) xori a1, a1, -0x1
x11 <- 0xFFFFFFF7FFFFFFFF
mem[X,0x0000000080000974] -> 0x852E
[707] [M]: 0x0000000080000974 (0x852E) c.mv a0, a1
x10 <- 0xFFFFFFF7FFFFFFFF
mem[X,0x0000000080000976] -> 0x3023
mem[X,0x0000000080000978] -> 0x32A1
[708] [M]: 0x0000000080000976 (0x32A13023) sd a0, 0x320(sp)
mem[0x00000000800034E8] <- 0xFFFFFFF7FFFFFFFF
mem[X,0x000000008000097A] -> 0x0593
mem[X,0x000000008000097C] -> 0x0010
[709] [M]: 0x000000008000097A (0x00100593) addi a1, zero, 0x1
x11 <- 0x0000000000000001
mem[X,0x000000008000097E] -> 0x9593
mem[X,0x0000000080000980] -> 0x0245
[710] [M]: 0x000000008000097E (0x02459593) slli a1, a1, 0x24
x11 <- 0x0000001000000000
mem[X,0x0000000080000982] -> 0xC593
mem[X,0x0000000080000984] -> 0xFFF5
[711] [M]: 0x0000000080000982 (0xFFF5C593) xori a1, a1, -0x1
x11 <- 0xFFFFFFEFFFFFFFFF
mem[X,0x0000000080000986] -> 0x852E
[712] [M]: 0x0000000080000986 (0x852E) c.mv a0, a1
x10 <- 0xFFFFFFEFFFFFFFFF
mem[X,0x0000000080000988] -> 0x3423
mem[X,0x000000008000098A] -> 0x32A1
[713] [M]: 0x0000000080000988 (0x32A13423) sd a0, 0x328(sp)
mem[0x00000000800034F0] <- 0xFFFFFFEFFFFFFFFF
mem[X,0x000000008000098C] -> 0x0593
mem[X,0x000000008000098E] -> 0x0010
[714] [M]: 0x000000008000098C (0x00100593) addi a1, zero, 0x1
x11 <- 0x0000000000000001
mem[X,0x0000000080000990] -> 0x9593
mem[X,0x0000000080000992] -> 0x0255
[715] [M]: 0x0000000080000990 (0x02559593) slli a1, a1, 0x25
x11 <- 0x0000002000000000
mem[X,0x0000000080000994] -> 0xC593
mem[X,0x0000000080000996] -> 0xFFF5
[716] [M]: 0x0000000080000994 (0xFFF5C593) xori a1, a1, -0x1
x11 <- 0xFFFFFFDFFFFFFFFF
mem[X,0x0000000080000998] -> 0x852E
[717] [M]: 0x0000000080000998 (0x852E) c.mv a0, a1
x10 <- 0xFFFFFFDFFFFFFFFF
mem[X,0x000000008000099A] -> 0x3823
mem[X,0x000000008000099C] -> 0x32A1
[718] [M]: 0x000000008000099A (0x32A13823) sd a0, 0x330(sp)
mem[0x00000000800034F8] <- 0xFFFFFFDFFFFFFFFF
mem[X,0x000000008000099E] -> 0x0593
mem[X,0x00000000800009A0] -> 0x0010
[719] [M]: 0x000000008000099E (0x00100593) addi a1, zero, 0x1
x11 <- 0x0000000000000001
mem[X,0x00000000800009A2] -> 0x9593
mem[X,0x00000000800009A4] -> 0x0265
[720] [M]: 0x00000000800009A2 (0x02659593) slli a1, a1, 0x26
x11 <- 0x0000004000000000
mem[X,0x00000000800009A6] -> 0xC593
mem[X,0x00000000800009A8] -> 0xFFF5
[721] [M]: 0x00000000800009A6 (0xFFF5C593) xori a1, a1, -0x1
x11 <- 0xFFFFFFBFFFFFFFFF
mem[X,0x00000000800009AA] -> 0x852E
[722] [M]: 0x00000000800009AA (0x852E) c.mv a0, a1
x10 <- 0xFFFFFFBFFFFFFFFF
mem[X,0x00000000800009AC] -> 0x3C23
mem[X,0x00000000800009AE] -> 0x32A1
[723] [M]: 0x00000000800009AC (0x32A13C23) sd a0, 0x338(sp)
mem[0x0000000080003500] <- 0xFFFFFFBFFFFFFFFF
mem[X,0x00000000800009B0] -> 0x0593
mem[X,0x00000000800009B2] -> 0x0010
[724] [M]: 0x00000000800009B0 (0x00100593) addi a1, zero, 0x1
x11 <- 0x0000000000000001
mem[X,0x00000000800009B4] -> 0x9593
mem[X,0x00000000800009B6] -> 0x0275
[725] [M]: 0x00000000800009B4 (0x02759593) slli a1, a1, 0x27
x11 <- 0x0000008000000000
mem[X,0x00000000800009B8] -> 0xC593
mem[X,0x00000000800009BA] -> 0xFFF5
[726] [M]: 0x00000000800009B8 (0xFFF5C593) xori a1, a1, -0x1
x11 <- 0xFFFFFF7FFFFFFFFF
mem[X,0x00000000800009BC] -> 0x852E
[727] [M]: 0x00000000800009BC (0x852E) c.mv a0, a1
x10 <- 0xFFFFFF7FFFFFFFFF
mem[X,0x00000000800009BE] -> 0x3023
mem[X,0x00000000800009C0] -> 0x34A1
[728] [M]: 0x00000000800009BE (0x34A13023) sd a0, 0x340(sp)
mem[0x0000000080003508] <- 0xFFFFFF7FFFFFFFFF
mem[X,0x00000000800009C2] -> 0x0593
mem[X,0x00000000800009C4] -> 0x0010
[729] [M]: 0x00000000800009C2 (0x00100593) addi a1, zero, 0x1
x11 <- 0x0000000000000001
mem[X,0x00000000800009C6] -> 0x9593
mem[X,0x00000000800009C8] -> 0x0285
[730] [M]: 0x00000000800009C6 (0x02859593) slli a1, a1, 0x28
x11 <- 0x0000010000000000
mem[X,0x00000000800009CA] -> 0xC593
mem[X,0x00000000800009CC] -> 0xFFF5
[731] [M]: 0x00000000800009CA (0xFFF5C593) xori a1, a1, -0x1
x11 <- 0xFFFFFEFFFFFFFFFF
mem[X,0x00000000800009CE] -> 0x852E
[732] [M]: 0x00000000800009CE (0x852E) c.mv a0, a1
x10 <- 0xFFFFFEFFFFFFFFFF
mem[X,0x00000000800009D0] -> 0x3423
mem[X,0x00000000800009D2] -> 0x34A1
[733] [M]: 0x00000000800009D0 (0x34A13423) sd a0, 0x348(sp)
mem[0x0000000080003510] <- 0xFFFFFEFFFFFFFFFF
mem[X,0x00000000800009D4] -> 0x0593
mem[X,0x00000000800009D6] -> 0x0010
[734] [M]: 0x00000000800009D4 (0x00100593) addi a1, zero, 0x1
x11 <- 0x0000000000000001
mem[X,0x00000000800009D8] -> 0x9593
mem[X,0x00000000800009DA] -> 0x0295
[735] [M]: 0x00000000800009D8 (0x02959593) slli a1, a1, 0x29
x11 <- 0x0000020000000000
mem[X,0x00000000800009DC] -> 0xC593
mem[X,0x00000000800009DE] -> 0xFFF5
[736] [M]: 0x00000000800009DC (0xFFF5C593) xori a1, a1, -0x1
x11 <- 0xFFFFFDFFFFFFFFFF
mem[X,0x00000000800009E0] -> 0x852E
[737] [M]: 0x00000000800009E0 (0x852E) c.mv a0, a1
x10 <- 0xFFFFFDFFFFFFFFFF
mem[X,0x00000000800009E2] -> 0x3823
mem[X,0x00000000800009E4] -> 0x34A1
[738] [M]: 0x00000000800009E2 (0x34A13823) sd a0, 0x350(sp)
mem[0x0000000080003518] <- 0xFFFFFDFFFFFFFFFF
mem[X,0x00000000800009E6] -> 0x0593
mem[X,0x00000000800009E8] -> 0x0010
[739] [M]: 0x00000000800009E6 (0x00100593) addi a1, zero, 0x1
x11 <- 0x0000000000000001
mem[X,0x00000000800009EA] -> 0x9593
mem[X,0x00000000800009EC] -> 0x02A5
[740] [M]: 0x00000000800009EA (0x02A59593) slli a1, a1, 0x2a
x11 <- 0x0000040000000000
mem[X,0x00000000800009EE] -> 0xC593
mem[X,0x00000000800009F0] -> 0xFFF5
[741] [M]: 0x00000000800009EE (0xFFF5C593) xori a1, a1, -0x1
x11 <- 0xFFFFFBFFFFFFFFFF
mem[X,0x00000000800009F2] -> 0x852E
[742] [M]: 0x00000000800009F2 (0x852E) c.mv a0, a1
x10 <- 0xFFFFFBFFFFFFFFFF
mem[X,0x00000000800009F4] -> 0x3C23
mem[X,0x00000000800009F6] -> 0x34A1
[743] [M]: 0x00000000800009F4 (0x34A13C23) sd a0, 0x358(sp)
mem[0x0000000080003520] <- 0xFFFFFBFFFFFFFFFF
mem[X,0x00000000800009F8] -> 0x0593
mem[X,0x00000000800009FA] -> 0x0010
[744] [M]: 0x00000000800009F8 (0x00100593) addi a1, zero, 0x1
x11 <- 0x0000000000000001
mem[X,0x00000000800009FC] -> 0x9593
mem[X,0x00000000800009FE] -> 0x02B5
[745] [M]: 0x00000000800009FC (0x02B59593) slli a1, a1, 0x2b
x11 <- 0x0000080000000000
mem[X,0x0000000080000A00] -> 0xC593
mem[X,0x0000000080000A02] -> 0xFFF5
[746] [M]: 0x0000000080000A00 (0xFFF5C593) xori a1, a1, -0x1
x11 <- 0xFFFFF7FFFFFFFFFF
mem[X,0x0000000080000A04] -> 0x852E
[747] [M]: 0x0000000080000A04 (0x852E) c.mv a0, a1
x10 <- 0xFFFFF7FFFFFFFFFF
mem[X,0x0000000080000A06] -> 0x3023
mem[X,0x0000000080000A08] -> 0x36A1
[748] [M]: 0x0000000080000A06 (0x36A13023) sd a0, 0x360(sp)
mem[0x0000000080003528] <- 0xFFFFF7FFFFFFFFFF
mem[X,0x0000000080000A0A] -> 0x0593
mem[X,0x0000000080000A0C] -> 0x0010
[749] [M]: 0x0000000080000A0A (0x00100593) addi a1, zero, 0x1
x11 <- 0x0000000000000001
mem[X,0x0000000080000A0E] -> 0x9593
mem[X,0x0000000080000A10] -> 0x02C5
[750] [M]: 0x0000000080000A0E (0x02C59593) slli a1, a1, 0x2c
x11 <- 0x0000100000000000
mem[X,0x0000000080000A12] -> 0xC593
mem[X,0x0000000080000A14] -> 0xFFF5
[751] [M]: 0x0000000080000A12 (0xFFF5C593) xori a1, a1, -0x1
x11 <- 0xFFFFEFFFFFFFFFFF
mem[X,0x0000000080000A16] -> 0x852E
[752] [M]: 0x0000000080000A16 (0x852E) c.mv a0, a1
x10 <- 0xFFFFEFFFFFFFFFFF
mem[X,0x0000000080000A18] -> 0x3423
mem[X,0x0000000080000A1A] -> 0x36A1
[753] [M]: 0x0000000080000A18 (0x36A13423) sd a0, 0x368(sp)
mem[0x0000000080003530] <- 0xFFFFEFFFFFFFFFFF
mem[X,0x0000000080000A1C] -> 0x0593
mem[X,0x0000000080000A1E] -> 0x0010
[754] [M]: 0x0000000080000A1C (0x00100593) addi a1, zero, 0x1
x11 <- 0x0000000000000001
mem[X,0x0000000080000A20] -> 0x9593
mem[X,0x0000000080000A22] -> 0x02D5
[755] [M]: 0x0000000080000A20 (0x02D59593) slli a1, a1, 0x2d
x11 <- 0x0000200000000000
mem[X,0x0000000080000A24] -> 0xC593
mem[X,0x0000000080000A26] -> 0xFFF5
[756] [M]: 0x0000000080000A24 (0xFFF5C593) xori a1, a1, -0x1
x11 <- 0xFFFFDFFFFFFFFFFF
mem[X,0x0000000080000A28] -> 0x852E
[757] [M]: 0x0000000080000A28 (0x852E) c.mv a0, a1
x10 <- 0xFFFFDFFFFFFFFFFF
mem[X,0x0000000080000A2A] -> 0x3823
mem[X,0x0000000080000A2C] -> 0x36A1
[758] [M]: 0x0000000080000A2A (0x36A13823) sd a0, 0x370(sp)
mem[0x0000000080003538] <- 0xFFFFDFFFFFFFFFFF
mem[X,0x0000000080000A2E] -> 0x0593
mem[X,0x0000000080000A30] -> 0x0010
[759] [M]: 0x0000000080000A2E (0x00100593) addi a1, zero, 0x1
x11 <- 0x0000000000000001
mem[X,0x0000000080000A32] -> 0x9593
mem[X,0x0000000080000A34] -> 0x02E5
[760] [M]: 0x0000000080000A32 (0x02E59593) slli a1, a1, 0x2e
x11 <- 0x0000400000000000
mem[X,0x0000000080000A36] -> 0xC593
mem[X,0x0000000080000A38] -> 0xFFF5
[761] [M]: 0x0000000080000A36 (0xFFF5C593) xori a1, a1, -0x1
x11 <- 0xFFFFBFFFFFFFFFFF
mem[X,0x0000000080000A3A] -> 0x852E
[762] [M]: 0x0000000080000A3A (0x852E) c.mv a0, a1
x10 <- 0xFFFFBFFFFFFFFFFF
mem[X,0x0000000080000A3C] -> 0x3C23
mem[X,0x0000000080000A3E] -> 0x36A1
[763] [M]: 0x0000000080000A3C (0x36A13C23) sd a0, 0x378(sp)
mem[0x0000000080003540] <- 0xFFFFBFFFFFFFFFFF
mem[X,0x0000000080000A40] -> 0x0593
mem[X,0x0000000080000A42] -> 0x0010
[764] [M]: 0x0000000080000A40 (0x00100593) addi a1, zero, 0x1
x11 <- 0x0000000000000001
mem[X,0x0000000080000A44] -> 0x9593
mem[X,0x0000000080000A46] -> 0x02F5
[765] [M]: 0x0000000080000A44 (0x02F59593) slli a1, a1, 0x2f
x11 <- 0x0000800000000000
mem[X,0x0000000080000A48] -> 0xC593
mem[X,0x0000000080000A4A] -> 0xFFF5
[766] [M]: 0x0000000080000A48 (0xFFF5C593) xori a1, a1, -0x1
x11 <- 0xFFFF7FFFFFFFFFFF
mem[X,0x0000000080000A4C] -> 0x852E
[767] [M]: 0x0000000080000A4C (0x852E) c.mv a0, a1
x10 <- 0xFFFF7FFFFFFFFFFF
mem[X,0x0000000080000A4E] -> 0x3023
mem[X,0x0000000080000A50] -> 0x38A1
[768] [M]: 0x0000000080000A4E (0x38A13023) sd a0, 0x380(sp)
mem[0x0000000080003548] <- 0xFFFF7FFFFFFFFFFF
mem[X,0x0000000080000A52] -> 0x0593
mem[X,0x0000000080000A54] -> 0x0010
[769] [M]: 0x0000000080000A52 (0x00100593) addi a1, zero, 0x1
x11 <- 0x0000000000000001
mem[X,0x0000000080000A56] -> 0x9593
mem[X,0x0000000080000A58] -> 0x0305
[770] [M]: 0x0000000080000A56 (0x03059593) slli a1, a1, 0x30
x11 <- 0x0001000000000000
mem[X,0x0000000080000A5A] -> 0xC593
mem[X,0x0000000080000A5C] -> 0xFFF5
[771] [M]: 0x0000000080000A5A (0xFFF5C593) xori a1, a1, -0x1
x11 <- 0xFFFEFFFFFFFFFFFF
mem[X,0x0000000080000A5E] -> 0x852E
[772] [M]: 0x0000000080000A5E (0x852E) c.mv a0, a1
x10 <- 0xFFFEFFFFFFFFFFFF
mem[X,0x0000000080000A60] -> 0x3423
mem[X,0x0000000080000A62] -> 0x38A1
[773] [M]: 0x0000000080000A60 (0x38A13423) sd a0, 0x388(sp)
mem[0x0000000080003550] <- 0xFFFEFFFFFFFFFFFF
mem[X,0x0000000080000A64] -> 0x0593
mem[X,0x0000000080000A66] -> 0x0010
[774] [M]: 0x0000000080000A64 (0x00100593) addi a1, zero, 0x1
x11 <- 0x0000000000000001
mem[X,0x0000000080000A68] -> 0x9593
mem[X,0x0000000080000A6A] -> 0x0315
[775] [M]: 0x0000000080000A68 (0x03159593) slli a1, a1, 0x31
x11 <- 0x0002000000000000
mem[X,0x0000000080000A6C] -> 0xC593
mem[X,0x0000000080000A6E] -> 0xFFF5
[776] [M]: 0x0000000080000A6C (0xFFF5C593) xori a1, a1, -0x1
x11 <- 0xFFFDFFFFFFFFFFFF
mem[X,0x0000000080000A70] -> 0x852E
[777] [M]: 0x0000000080000A70 (0x852E) c.mv a0, a1
x10 <- 0xFFFDFFFFFFFFFFFF
mem[X,0x0000000080000A72] -> 0x3823
mem[X,0x0000000080000A74] -> 0x38A1
[778] [M]: 0x0000000080000A72 (0x38A13823) sd a0, 0x390(sp)
mem[0x0000000080003558] <- 0xFFFDFFFFFFFFFFFF
mem[X,0x0000000080000A76] -> 0x0593
mem[X,0x0000000080000A78] -> 0x0010
[779] [M]: 0x0000000080000A76 (0x00100593) addi a1, zero, 0x1
x11 <- 0x0000000000000001
mem[X,0x0000000080000A7A] -> 0x9593
mem[X,0x0000000080000A7C] -> 0x0325
[780] [M]: 0x0000000080000A7A (0x03259593) slli a1, a1, 0x32
x11 <- 0x0004000000000000
mem[X,0x0000000080000A7E] -> 0xC593
mem[X,0x0000000080000A80] -> 0xFFF5
[781] [M]: 0x0000000080000A7E (0xFFF5C593) xori a1, a1, -0x1
x11 <- 0xFFFBFFFFFFFFFFFF
mem[X,0x0000000080000A82] -> 0x852E
[782] [M]: 0x0000000080000A82 (0x852E) c.mv a0, a1
x10 <- 0xFFFBFFFFFFFFFFFF
mem[X,0x0000000080000A84] -> 0x3C23
mem[X,0x0000000080000A86] -> 0x38A1
[783] [M]: 0x0000000080000A84 (0x38A13C23) sd a0, 0x398(sp)
mem[0x0000000080003560] <- 0xFFFBFFFFFFFFFFFF
mem[X,0x0000000080000A88] -> 0x0593
mem[X,0x0000000080000A8A] -> 0x0010
[784] [M]: 0x0000000080000A88 (0x00100593) addi a1, zero, 0x1
x11 <- 0x0000000000000001
mem[X,0x0000000080000A8C] -> 0x9593
mem[X,0x0000000080000A8E] -> 0x0335
[785] [M]: 0x0000000080000A8C (0x03359593) slli a1, a1, 0x33
x11 <- 0x0008000000000000
mem[X,0x0000000080000A90] -> 0xC593
mem[X,0x0000000080000A92] -> 0xFFF5
[786] [M]: 0x0000000080000A90 (0xFFF5C593) xori a1, a1, -0x1
x11 <- 0xFFF7FFFFFFFFFFFF
mem[X,0x0000000080000A94] -> 0x852E
[787] [M]: 0x0000000080000A94 (0x852E) c.mv a0, a1
x10 <- 0xFFF7FFFFFFFFFFFF
mem[X,0x0000000080000A96] -> 0x3023
mem[X,0x0000000080000A98] -> 0x3AA1
[788] [M]: 0x0000000080000A96 (0x3AA13023) sd a0, 0x3a0(sp)
mem[0x0000000080003568] <- 0xFFF7FFFFFFFFFFFF
mem[X,0x0000000080000A9A] -> 0x0593
mem[X,0x0000000080000A9C] -> 0x0010
[789] [M]: 0x0000000080000A9A (0x00100593) addi a1, zero, 0x1
x11 <- 0x0000000000000001
mem[X,0x0000000080000A9E] -> 0x9593
mem[X,0x0000000080000AA0] -> 0x0345
[790] [M]: 0x0000000080000A9E (0x03459593) slli a1, a1, 0x34
x11 <- 0x0010000000000000
mem[X,0x0000000080000AA2] -> 0xC593
mem[X,0x0000000080000AA4] -> 0xFFF5
[791] [M]: 0x0000000080000AA2 (0xFFF5C593) xori a1, a1, -0x1
x11 <- 0xFFEFFFFFFFFFFFFF
mem[X,0x0000000080000AA6] -> 0x852E
[792] [M]: 0x0000000080000AA6 (0x852E) c.mv a0, a1
x10 <- 0xFFEFFFFFFFFFFFFF
mem[X,0x0000000080000AA8] -> 0x3423
mem[X,0x0000000080000AAA] -> 0x3AA1
[793] [M]: 0x0000000080000AA8 (0x3AA13423) sd a0, 0x3a8(sp)
mem[0x0000000080003570] <- 0xFFEFFFFFFFFFFFFF
mem[X,0x0000000080000AAC] -> 0x0593
mem[X,0x0000000080000AAE] -> 0x0010
[794] [M]: 0x0000000080000AAC (0x00100593) addi a1, zero, 0x1
x11 <- 0x0000000000000001
mem[X,0x0000000080000AB0] -> 0x9593
mem[X,0x0000000080000AB2] -> 0x0355
[795] [M]: 0x0000000080000AB0 (0x03559593) slli a1, a1, 0x35
x11 <- 0x0020000000000000
mem[X,0x0000000080000AB4] -> 0xC593
mem[X,0x0000000080000AB6] -> 0xFFF5
[796] [M]: 0x0000000080000AB4 (0xFFF5C593) xori a1, a1, -0x1
x11 <- 0xFFDFFFFFFFFFFFFF
mem[X,0x0000000080000AB8] -> 0x852E
[797] [M]: 0x0000000080000AB8 (0x852E) c.mv a0, a1
x10 <- 0xFFDFFFFFFFFFFFFF
mem[X,0x0000000080000ABA] -> 0x3823
mem[X,0x0000000080000ABC] -> 0x3AA1
[798] [M]: 0x0000000080000ABA (0x3AA13823) sd a0, 0x3b0(sp)
mem[0x0000000080003578] <- 0xFFDFFFFFFFFFFFFF
mem[X,0x0000000080000ABE] -> 0x0593
mem[X,0x0000000080000AC0] -> 0x0010
[799] [M]: 0x0000000080000ABE (0x00100593) addi a1, zero, 0x1
x11 <- 0x0000000000000001
clint::tick mtime <- 0x0000000000000008
 clint timer pending at mtime 0x0000000000000008
htif::tick 0x0000000000000000
mem[X,0x0000000080000AC2] -> 0x9593
mem[X,0x0000000080000AC4] -> 0x0365
[800] [M]: 0x0000000080000AC2 (0x03659593) slli a1, a1, 0x36
x11 <- 0x0040000000000000
mem[X,0x0000000080000AC6] -> 0xC593
mem[X,0x0000000080000AC8] -> 0xFFF5
[801] [M]: 0x0000000080000AC6 (0xFFF5C593) xori a1, a1, -0x1
x11 <- 0xFFBFFFFFFFFFFFFF
mem[X,0x0000000080000ACA] -> 0x852E
[802] [M]: 0x0000000080000ACA (0x852E) c.mv a0, a1
x10 <- 0xFFBFFFFFFFFFFFFF
mem[X,0x0000000080000ACC] -> 0x3C23
mem[X,0x0000000080000ACE] -> 0x3AA1
[803] [M]: 0x0000000080000ACC (0x3AA13C23) sd a0, 0x3b8(sp)
mem[0x0000000080003580] <- 0xFFBFFFFFFFFFFFFF
mem[X,0x0000000080000AD0] -> 0x0593
mem[X,0x0000000080000AD2] -> 0x0010
[804] [M]: 0x0000000080000AD0 (0x00100593) addi a1, zero, 0x1
x11 <- 0x0000000000000001
mem[X,0x0000000080000AD4] -> 0x9593
mem[X,0x0000000080000AD6] -> 0x0375
[805] [M]: 0x0000000080000AD4 (0x03759593) slli a1, a1, 0x37
x11 <- 0x0080000000000000
mem[X,0x0000000080000AD8] -> 0xC593
mem[X,0x0000000080000ADA] -> 0xFFF5
[806] [M]: 0x0000000080000AD8 (0xFFF5C593) xori a1, a1, -0x1
x11 <- 0xFF7FFFFFFFFFFFFF
mem[X,0x0000000080000ADC] -> 0x852E
[807] [M]: 0x0000000080000ADC (0x852E) c.mv a0, a1
x10 <- 0xFF7FFFFFFFFFFFFF
mem[X,0x0000000080000ADE] -> 0x3023
mem[X,0x0000000080000AE0] -> 0x3CA1
[808] [M]: 0x0000000080000ADE (0x3CA13023) sd a0, 0x3c0(sp)
mem[0x0000000080003588] <- 0xFF7FFFFFFFFFFFFF
mem[X,0x0000000080000AE2] -> 0x0593
mem[X,0x0000000080000AE4] -> 0x0010
[809] [M]: 0x0000000080000AE2 (0x00100593) addi a1, zero, 0x1
x11 <- 0x0000000000000001
mem[X,0x0000000080000AE6] -> 0x9593
mem[X,0x0000000080000AE8] -> 0x0385
[810] [M]: 0x0000000080000AE6 (0x03859593) slli a1, a1, 0x38
x11 <- 0x0100000000000000
mem[X,0x0000000080000AEA] -> 0xC593
mem[X,0x0000000080000AEC] -> 0xFFF5
[811] [M]: 0x0000000080000AEA (0xFFF5C593) xori a1, a1, -0x1
x11 <- 0xFEFFFFFFFFFFFFFF
mem[X,0x0000000080000AEE] -> 0x852E
[812] [M]: 0x0000000080000AEE (0x852E) c.mv a0, a1
x10 <- 0xFEFFFFFFFFFFFFFF
mem[X,0x0000000080000AF0] -> 0x3423
mem[X,0x0000000080000AF2] -> 0x3CA1
[813] [M]: 0x0000000080000AF0 (0x3CA13423) sd a0, 0x3c8(sp)
mem[0x0000000080003590] <- 0xFEFFFFFFFFFFFFFF
mem[X,0x0000000080000AF4] -> 0x0593
mem[X,0x0000000080000AF6] -> 0x0010
[814] [M]: 0x0000000080000AF4 (0x00100593) addi a1, zero, 0x1
x11 <- 0x0000000000000001
mem[X,0x0000000080000AF8] -> 0x9593
mem[X,0x0000000080000AFA] -> 0x0395
[815] [M]: 0x0000000080000AF8 (0x03959593) slli a1, a1, 0x39
x11 <- 0x0200000000000000
mem[X,0x0000000080000AFC] -> 0xC593
mem[X,0x0000000080000AFE] -> 0xFFF5
[816] [M]: 0x0000000080000AFC (0xFFF5C593) xori a1, a1, -0x1
x11 <- 0xFDFFFFFFFFFFFFFF
mem[X,0x0000000080000B00] -> 0x852E
[817] [M]: 0x0000000080000B00 (0x852E) c.mv a0, a1
x10 <- 0xFDFFFFFFFFFFFFFF
mem[X,0x0000000080000B02] -> 0x3823
mem[X,0x0000000080000B04] -> 0x3CA1
[818] [M]: 0x0000000080000B02 (0x3CA13823) sd a0, 0x3d0(sp)
mem[0x0000000080003598] <- 0xFDFFFFFFFFFFFFFF
mem[X,0x0000000080000B06] -> 0x0593
mem[X,0x0000000080000B08] -> 0x0010
[819] [M]: 0x0000000080000B06 (0x00100593) addi a1, zero, 0x1
x11 <- 0x0000000000000001
mem[X,0x0000000080000B0A] -> 0x9593
mem[X,0x0000000080000B0C] -> 0x03A5
[820] [M]: 0x0000000080000B0A (0x03A59593) slli a1, a1, 0x3a
x11 <- 0x0400000000000000
mem[X,0x0000000080000B0E] -> 0xC593
mem[X,0x0000000080000B10] -> 0xFFF5
[821] [M]: 0x0000000080000B0E (0xFFF5C593) xori a1, a1, -0x1
x11 <- 0xFBFFFFFFFFFFFFFF
mem[X,0x0000000080000B12] -> 0x852E
[822] [M]: 0x0000000080000B12 (0x852E) c.mv a0, a1
x10 <- 0xFBFFFFFFFFFFFFFF
mem[X,0x0000000080000B14] -> 0x3C23
mem[X,0x0000000080000B16] -> 0x3CA1
[823] [M]: 0x0000000080000B14 (0x3CA13C23) sd a0, 0x3d8(sp)
mem[0x00000000800035A0] <- 0xFBFFFFFFFFFFFFFF
mem[X,0x0000000080000B18] -> 0x0593
mem[X,0x0000000080000B1A] -> 0x0010
[824] [M]: 0x0000000080000B18 (0x00100593) addi a1, zero, 0x1
x11 <- 0x0000000000000001
mem[X,0x0000000080000B1C] -> 0x9593
mem[X,0x0000000080000B1E] -> 0x03B5
[825] [M]: 0x0000000080000B1C (0x03B59593) slli a1, a1, 0x3b
x11 <- 0x0800000000000000
mem[X,0x0000000080000B20] -> 0xC593
mem[X,0x0000000080000B22] -> 0xFFF5
[826] [M]: 0x0000000080000B20 (0xFFF5C593) xori a1, a1, -0x1
x11 <- 0xF7FFFFFFFFFFFFFF
mem[X,0x0000000080000B24] -> 0x852E
[827] [M]: 0x0000000080000B24 (0x852E) c.mv a0, a1
x10 <- 0xF7FFFFFFFFFFFFFF
mem[X,0x0000000080000B26] -> 0x3023
mem[X,0x0000000080000B28] -> 0x3EA1
[828] [M]: 0x0000000080000B26 (0x3EA13023) sd a0, 0x3e0(sp)
mem[0x00000000800035A8] <- 0xF7FFFFFFFFFFFFFF
mem[X,0x0000000080000B2A] -> 0x0593
mem[X,0x0000000080000B2C] -> 0x0010
[829] [M]: 0x0000000080000B2A (0x00100593) addi a1, zero, 0x1
x11 <- 0x0000000000000001
mem[X,0x0000000080000B2E] -> 0x9593
mem[X,0x0000000080000B30] -> 0x03C5
[830] [M]: 0x0000000080000B2E (0x03C59593) slli a1, a1, 0x3c
x11 <- 0x1000000000000000
mem[X,0x0000000080000B32] -> 0xC593
mem[X,0x0000000080000B34] -> 0xFFF5
[831] [M]: 0x0000000080000B32 (0xFFF5C593) xori a1, a1, -0x1
x11 <- 0xEFFFFFFFFFFFFFFF
mem[X,0x0000000080000B36] -> 0x852E
[832] [M]: 0x0000000080000B36 (0x852E) c.mv a0, a1
x10 <- 0xEFFFFFFFFFFFFFFF
mem[X,0x0000000080000B38] -> 0x3423
mem[X,0x0000000080000B3A] -> 0x3EA1
[833] [M]: 0x0000000080000B38 (0x3EA13423) sd a0, 0x3e8(sp)
mem[0x00000000800035B0] <- 0xEFFFFFFFFFFFFFFF
mem[X,0x0000000080000B3C] -> 0x0593
mem[X,0x0000000080000B3E] -> 0x0200
[834] [M]: 0x0000000080000B3C (0x02000593) addi a1, zero, 0x20
x11 <- 0x0000000000000020
mem[X,0x0000000080000B40] -> 0x852E
[835] [M]: 0x0000000080000B40 (0x852E) c.mv a0, a1
x10 <- 0x0000000000000020
mem[X,0x0000000080000B42] -> 0x3823
mem[X,0x0000000080000B44] -> 0x3EA1
[836] [M]: 0x0000000080000B42 (0x3EA13823) sd a0, 0x3f0(sp)
mem[0x00000000800035B8] <- 0x0000000000000020
mem[X,0x0000000080000B46] -> 0x006F
mem[X,0x0000000080000B48] -> 0x0380
[837] [M]: 0x0000000080000B46 (0x0380006F) jal zero, 0x38
mem[X,0x0000000080000B7E] -> 0x4085
[838] [M]: 0x0000000080000B7E (0x4085) c.li ra, 0x1
x1 <- 0x0000000000000001
mem[X,0x0000000080000B80] -> 0x0F17
mem[X,0x0000000080000B82] -> 0x0000
[839] [M]: 0x0000000080000B80 (0x00000F17) auipc t5, 0x0
x30 <- 0x0000000080000B80
mem[X,0x0000000080000B84] -> 0x2023
mem[X,0x0000000080000B86] -> 0x481F
[840] [M]: 0x0000000080000B84 (0x481F2023) sw ra, 0x480(t5)
htif[0x0000000080001000] <- 0x00000001
mem[X,0x0000000080000B88] -> 0xBFE5
[841] [M]: 0x0000000080000B88 (0xBFE5) c.j -0x4
mem[X,0x0000000080000B80] -> 0x0F17
mem[X,0x0000000080000B82] -> 0x0000
[842] [M]: 0x0000000080000B80 (0x00000F17) auipc t5, 0x0
x30 <- 0x0000000080000B80
mem[X,0x0000000080000B84] -> 0x2023
mem[X,0x0000000080000B86] -> 0x481F
[843] [M]: 0x0000000080000B84 (0x481F2023) sw ra, 0x480(t5)
htif[0x0000000080001000] <- 0x00000001
mem[X,0x0000000080000B88] -> 0xBFE5
[844] [M]: 0x0000000080000B88 (0xBFE5) c.j -0x4
mem[X,0x0000000080000B80] -> 0x0F17
mem[X,0x0000000080000B82] -> 0x0000
[845] [M]: 0x0000000080000B80 (0x00000F17) auipc t5, 0x0
x30 <- 0x0000000080000B80
mem[X,0x0000000080000B84] -> 0x2023
mem[X,0x0000000080000B86] -> 0x481F
[846] [M]: 0x0000000080000B84 (0x481F2023) sw ra, 0x480(t5)
htif[0x0000000080001000] <- 0x00000001
htif-syscall-proxy cmd: 0x000000000001
SUCCESS
