using /home/mamir/tempo/riscof/riscof_work/rv64i_m/C/src/clw-01.S/ref/Reference-sail_c_simulator.signature for test-signature output.
tohost located at 0x80001000
Running file ref.elf.
ELF Entry @ 0x80000000
begin_signature: 0x80003110
end_signature: 0x80003190
CSR mstatus <- 0x0000000A00000000 (input: 0x0000000000000000)
mem[X,0x0000000000001000] -> 0x0297
mem[X,0x0000000000001002] -> 0x0000
[0] [M]: 0x0000000000001000 (0x00000297) auipc t0, 0x0
x5 <- 0x0000000000001000
mem[X,0x0000000000001004] -> 0x8593
mem[X,0x0000000000001006] -> 0x0202
[1] [M]: 0x0000000000001004 (0x02028593) addi a1, t0, 0x20
x11 <- 0x0000000000001020
mem[X,0x0000000000001008] -> 0x2573
mem[X,0x000000000000100A] -> 0xF140
[2] [M]: 0x0000000000001008 (0xF1402573) csrrs a0, mhartid, zero
CSR mhartid -> 0x0000000000000000
x10 <- 0x0000000000000000
mem[X,0x000000000000100C] -> 0xB283
mem[X,0x000000000000100E] -> 0x0182
[3] [M]: 0x000000000000100C (0x0182B283) ld t0, 0x18(t0)
mem[R,0x0000000000001018] -> 0x0000000080000000
x5 <- 0x0000000080000000
mem[X,0x0000000000001010] -> 0x8067
mem[X,0x0000000000001012] -> 0x0002
[4] [M]: 0x0000000000001010 (0x00028067) jalr zero, 0x0(t0)
mem[X,0x0000000080000000] -> 0x0837
mem[X,0x0000000080000002] -> 0x7D5C
[5] [M]: 0x0000000080000000 (0x7D5C0837) lui a6, 0x7d5c0
x16 <- 0x000000007D5C0000
mem[X,0x0000000080000004] -> 0x0813
mem[X,0x0000000080000006] -> 0xDDB8
[6] [M]: 0x0000000080000004 (0xDDB80813) addi a6, a6, -0x225
x16 <- 0x000000007D5BFDDB
mem[X,0x0000000080000008] -> 0x1813
mem[X,0x000000008000000A] -> 0x00B8
[7] [M]: 0x0000000080000008 (0x00B81813) slli a6, a6, 0xb
x16 <- 0x000003EADFEED800
mem[X,0x000000008000000C] -> 0x0813
mem[X,0x000000008000000E] -> 0x3EA8
[8] [M]: 0x000000008000000C (0x3EA80813) addi a6, a6, 0x3ea
x16 <- 0x000003EADFEEDBEA
mem[X,0x0000000080000010] -> 0x1813
mem[X,0x0000000080000012] -> 0x00B8
[9] [M]: 0x0000000080000010 (0x00B81813) slli a6, a6, 0xb
x16 <- 0x001F56FF76DF5000
mem[X,0x0000000080000014] -> 0x0813
mem[X,0x0000000080000016] -> 0x6FF8
[10] [M]: 0x0000000080000014 (0x6FF80813) addi a6, a6, 0x6ff
x16 <- 0x001F56FF76DF56FF
mem[X,0x0000000080000018] -> 0x1813
mem[X,0x000000008000001A] -> 0x00A8
[11] [M]: 0x0000000080000018 (0x00A81813) slli a6, a6, 0xa
x16 <- 0x7D5BFDDB7D5BFC00
mem[X,0x000000008000001C] -> 0x0813
mem[X,0x000000008000001E] -> 0x1DB8
[12] [M]: 0x000000008000001C (0x1DB80813) addi a6, a6, 0x1db
x16 <- 0x7D5BFDDB7D5BFDDB
mem[X,0x0000000080000020] -> 0x5893
mem[X,0x0000000080000022] -> 0x0078
[13] [M]: 0x0000000080000020 (0x00785893) srli a7, a6, 0x7
x17 <- 0x00FAB7FBB6FAB7FB
mem[X,0x0000000080000024] -> 0x5793
mem[X,0x0000000080000026] -> 0x0398
[14] [M]: 0x0000000080000024 (0x03985793) srli a5, a6, 0x39
x15 <- 0x000000000000003E
mem[X,0x0000000080000028] -> 0xE8B3
mem[X,0x000000008000002A] -> 0x00F8
[15] [M]: 0x0000000080000028 (0x00F8E8B3) or a7, a7, a5
x17 <- 0x00FAB7FBB6FAB7FF
mem[X,0x000000008000002C] -> 0xD913
mem[X,0x000000008000002E] -> 0x0078
[16] [M]: 0x000000008000002C (0x0078D913) srli s2, a7, 0x7
x18 <- 0x0001F56FF76DF56F
mem[X,0x0000000080000030] -> 0xD793
mem[X,0x0000000080000032] -> 0x0398
[17] [M]: 0x0000000080000030 (0x0398D793) srli a5, a7, 0x39
x15 <- 0x0000000000000000
mem[X,0x0000000080000034] -> 0x6933
mem[X,0x0000000080000036] -> 0x00F9
[18] [M]: 0x0000000080000034 (0x00F96933) or s2, s2, a5
x18 <- 0x0001F56FF76DF56F
mem[X,0x0000000080000038] -> 0x5993
mem[X,0x000000008000003A] -> 0x0079
[19] [M]: 0x0000000080000038 (0x00795993) srli s3, s2, 0x7
x19 <- 0x000003EADFEEDBEA
mem[X,0x000000008000003C] -> 0x5793
mem[X,0x000000008000003E] -> 0x0399
[20] [M]: 0x000000008000003C (0x03995793) srli a5, s2, 0x39
x15 <- 0x0000000000000000
mem[X,0x0000000080000040] -> 0xE9B3
mem[X,0x0000000080000042] -> 0x00F9
[21] [M]: 0x0000000080000040 (0x00F9E9B3) or s3, s3, a5
x19 <- 0x000003EADFEEDBEA
mem[X,0x0000000080000044] -> 0xDA13
mem[X,0x0000000080000046] -> 0x0079
[22] [M]: 0x0000000080000044 (0x0079DA13) srli s4, s3, 0x7
x20 <- 0x00000007D5BFDDB7
mem[X,0x0000000080000048] -> 0xD793
mem[X,0x000000008000004A] -> 0x0399
[23] [M]: 0x0000000080000048 (0x0399D793) srli a5, s3, 0x39
x15 <- 0x0000000000000000
mem[X,0x000000008000004C] -> 0x6A33
mem[X,0x000000008000004E] -> 0x00FA
[24] [M]: 0x000000008000004C (0x00FA6A33) or s4, s4, a5
x20 <- 0x00000007D5BFDDB7
mem[X,0x0000000080000050] -> 0x5A93
mem[X,0x0000000080000052] -> 0x007A
[25] [M]: 0x0000000080000050 (0x007A5A93) srli s5, s4, 0x7
x21 <- 0x000000000FAB7FBB
mem[X,0x0000000080000054] -> 0x5793
mem[X,0x0000000080000056] -> 0x039A
[26] [M]: 0x0000000080000054 (0x039A5793) srli a5, s4, 0x39
x15 <- 0x0000000000000000
mem[X,0x0000000080000058] -> 0xEAB3
mem[X,0x000000008000005A] -> 0x00FA
[27] [M]: 0x0000000080000058 (0x00FAEAB3) or s5, s5, a5
x21 <- 0x000000000FAB7FBB
mem[X,0x000000008000005C] -> 0xDB13
mem[X,0x000000008000005E] -> 0x007A
[28] [M]: 0x000000008000005C (0x007ADB13) srli s6, s5, 0x7
x22 <- 0x00000000001F56FF
mem[X,0x0000000080000060] -> 0xD793
mem[X,0x0000000080000062] -> 0x039A
[29] [M]: 0x0000000080000060 (0x039AD793) srli a5, s5, 0x39
x15 <- 0x0000000000000000
mem[X,0x0000000080000064] -> 0x6B33
mem[X,0x0000000080000066] -> 0x00FB
[30] [M]: 0x0000000080000064 (0x00FB6B33) or s6, s6, a5
x22 <- 0x00000000001F56FF
mem[X,0x0000000080000068] -> 0x5B93
mem[X,0x000000008000006A] -> 0x007B
[31] [M]: 0x0000000080000068 (0x007B5B93) srli s7, s6, 0x7
x23 <- 0x0000000000003EAD
mem[X,0x000000008000006C] -> 0x5793
mem[X,0x000000008000006E] -> 0x039B
[32] [M]: 0x000000008000006C (0x039B5793) srli a5, s6, 0x39
x15 <- 0x0000000000000000
mem[X,0x0000000080000070] -> 0xEBB3
mem[X,0x0000000080000072] -> 0x00FB
[33] [M]: 0x0000000080000070 (0x00FBEBB3) or s7, s7, a5
x23 <- 0x0000000000003EAD
mem[X,0x0000000080000074] -> 0xDC13
mem[X,0x0000000080000076] -> 0x007B
[34] [M]: 0x0000000080000074 (0x007BDC13) srli s8, s7, 0x7
x24 <- 0x000000000000007D
mem[X,0x0000000080000078] -> 0xD793
mem[X,0x000000008000007A] -> 0x039B
[35] [M]: 0x0000000080000078 (0x039BD793) srli a5, s7, 0x39
x15 <- 0x0000000000000000
mem[X,0x000000008000007C] -> 0x6C33
mem[X,0x000000008000007E] -> 0x00FC
[36] [M]: 0x000000008000007C (0x00FC6C33) or s8, s8, a5
x24 <- 0x000000000000007D
mem[X,0x0000000080000080] -> 0x5C93
mem[X,0x0000000080000082] -> 0x007C
[37] [M]: 0x0000000080000080 (0x007C5C93) srli s9, s8, 0x7
x25 <- 0x0000000000000000
mem[X,0x0000000080000084] -> 0x5793
mem[X,0x0000000080000086] -> 0x039C
[38] [M]: 0x0000000080000084 (0x039C5793) srli a5, s8, 0x39
x15 <- 0x0000000000000000
mem[X,0x0000000080000088] -> 0xECB3
mem[X,0x000000008000008A] -> 0x00FC
[39] [M]: 0x0000000080000088 (0x00FCECB3) or s9, s9, a5
x25 <- 0x0000000000000000
mem[X,0x000000008000008C] -> 0xDD13
mem[X,0x000000008000008E] -> 0x007C
[40] [M]: 0x000000008000008C (0x007CDD13) srli s10, s9, 0x7
x26 <- 0x0000000000000000
mem[X,0x0000000080000090] -> 0xD793
mem[X,0x0000000080000092] -> 0x039C
[41] [M]: 0x0000000080000090 (0x039CD793) srli a5, s9, 0x39
x15 <- 0x0000000000000000
mem[X,0x0000000080000094] -> 0x6D33
mem[X,0x0000000080000096] -> 0x00FD
[42] [M]: 0x0000000080000094 (0x00FD6D33) or s10, s10, a5
x26 <- 0x0000000000000000
mem[X,0x0000000080000098] -> 0x5D93
mem[X,0x000000008000009A] -> 0x007D
[43] [M]: 0x0000000080000098 (0x007D5D93) srli s11, s10, 0x7
x27 <- 0x0000000000000000
mem[X,0x000000008000009C] -> 0x5793
mem[X,0x000000008000009E] -> 0x039D
[44] [M]: 0x000000008000009C (0x039D5793) srli a5, s10, 0x39
x15 <- 0x0000000000000000
mem[X,0x00000000800000A0] -> 0xEDB3
mem[X,0x00000000800000A2] -> 0x00FD
[45] [M]: 0x00000000800000A0 (0x00FDEDB3) or s11, s11, a5
x27 <- 0x0000000000000000
mem[X,0x00000000800000A4] -> 0xDE13
mem[X,0x00000000800000A6] -> 0x007D
[46] [M]: 0x00000000800000A4 (0x007DDE13) srli t3, s11, 0x7
x28 <- 0x0000000000000000
mem[X,0x00000000800000A8] -> 0xD793
mem[X,0x00000000800000AA] -> 0x039D
[47] [M]: 0x00000000800000A8 (0x039DD793) srli a5, s11, 0x39
x15 <- 0x0000000000000000
mem[X,0x00000000800000AC] -> 0x6E33
mem[X,0x00000000800000AE] -> 0x00FE
[48] [M]: 0x00000000800000AC (0x00FE6E33) or t3, t3, a5
x28 <- 0x0000000000000000
mem[X,0x00000000800000B0] -> 0x5E93
mem[X,0x00000000800000B2] -> 0x007E
[49] [M]: 0x00000000800000B0 (0x007E5E93) srli t4, t3, 0x7
x29 <- 0x0000000000000000
mem[X,0x00000000800000B4] -> 0x5793
mem[X,0x00000000800000B6] -> 0x039E
[50] [M]: 0x00000000800000B4 (0x039E5793) srli a5, t3, 0x39
x15 <- 0x0000000000000000
mem[X,0x00000000800000B8] -> 0xEEB3
mem[X,0x00000000800000BA] -> 0x00FE
[51] [M]: 0x00000000800000B8 (0x00FEEEB3) or t4, t4, a5
x29 <- 0x0000000000000000
mem[X,0x00000000800000BC] -> 0xDF13
mem[X,0x00000000800000BE] -> 0x007E
[52] [M]: 0x00000000800000BC (0x007EDF13) srli t5, t4, 0x7
x30 <- 0x0000000000000000
mem[X,0x00000000800000C0] -> 0xD793
mem[X,0x00000000800000C2] -> 0x039E
[53] [M]: 0x00000000800000C0 (0x039ED793) srli a5, t4, 0x39
x15 <- 0x0000000000000000
mem[X,0x00000000800000C4] -> 0x6F33
mem[X,0x00000000800000C6] -> 0x00FF
[54] [M]: 0x00000000800000C4 (0x00FF6F33) or t5, t5, a5
x30 <- 0x0000000000000000
mem[X,0x00000000800000C8] -> 0xC0B7
mem[X,0x00000000800000CA] -> 0xFEED
[55] [M]: 0x00000000800000C8 (0xFEEDC0B7) lui ra, -0x1124
x1 <- 0xFFFFFFFFFEEDC000
mem[X,0x00000000800000CC] -> 0x8093
mem[X,0x00000000800000CE] -> 0xEAD0
[56] [M]: 0x00000000800000CC (0xEAD08093) addi ra, ra, -0x153
x1 <- 0xFFFFFFFFFEEDBEAD
mem[X,0x00000000800000D0] -> 0x9093
mem[X,0x00000000800000D2] -> 0x00B0
[57] [M]: 0x00000000800000D0 (0x00B09093) slli ra, ra, 0xb
x1 <- 0xFFFFFFF76DF56800
mem[X,0x00000000800000D4] -> 0x8093
mem[X,0x00000000800000D6] -> 0x7F70
[58] [M]: 0x00000000800000D4 (0x7F708093) addi ra, ra, 0x7f7
x1 <- 0xFFFFFFF76DF56FF7
mem[X,0x00000000800000D8] -> 0x9093
mem[X,0x00000000800000DA] -> 0x00B0
[59] [M]: 0x00000000800000D8 (0x00B09093) slli ra, ra, 0xb
x1 <- 0xFFFFBB6FAB7FB800
mem[X,0x00000000800000DC] -> 0x8093
mem[X,0x00000000800000DE] -> 0x36F0
[60] [M]: 0x00000000800000DC (0x36F08093) addi ra, ra, 0x36f
x1 <- 0xFFFFBB6FAB7FBB6F
mem[X,0x00000000800000E0] -> 0x9093
mem[X,0x00000000800000E2] -> 0x00A0
[61] [M]: 0x00000000800000E0 (0x00A09093) slli ra, ra, 0xa
x1 <- 0xFEEDBEADFEEDBC00
mem[X,0x00000000800000E4] -> 0x8093
mem[X,0x00000000800000E6] -> 0x2AD0
[62] [M]: 0x00000000800000E4 (0x2AD08093) addi ra, ra, 0x2ad
x1 <- 0xFEEDBEADFEEDBEAD
mem[X,0x00000000800000E8] -> 0xD113
mem[X,0x00000000800000EA] -> 0x0070
[63] [M]: 0x00000000800000E8 (0x0070D113) srli sp, ra, 0x7
x2 <- 0x01FDDB7D5BFDDB7D
mem[X,0x00000000800000EC] -> 0xD793
mem[X,0x00000000800000EE] -> 0x0390
[64] [M]: 0x00000000800000EC (0x0390D793) srli a5, ra, 0x39
x15 <- 0x000000000000007F
mem[X,0x00000000800000F0] -> 0x6133
mem[X,0x00000000800000F2] -> 0x00F1
[65] [M]: 0x00000000800000F0 (0x00F16133) or sp, sp, a5
x2 <- 0x01FDDB7D5BFDDB7F
mem[X,0x00000000800000F4] -> 0x5193
mem[X,0x00000000800000F6] -> 0x0071
[66] [M]: 0x00000000800000F4 (0x00715193) srli gp, sp, 0x7
x3 <- 0x0003FBB6FAB7FBB6
mem[X,0x00000000800000F8] -> 0x5793
mem[X,0x00000000800000FA] -> 0x0391
[67] [M]: 0x00000000800000F8 (0x03915793) srli a5, sp, 0x39
x15 <- 0x0000000000000000
mem[X,0x00000000800000FC] -> 0xE1B3
mem[X,0x00000000800000FE] -> 0x00F1
[68] [M]: 0x00000000800000FC (0x00F1E1B3) or gp, gp, a5
x3 <- 0x0003FBB6FAB7FBB6
mem[X,0x0000000080000100] -> 0xD213
mem[X,0x0000000080000102] -> 0x0071
[69] [M]: 0x0000000080000100 (0x0071D213) srli tp, gp, 0x7
x4 <- 0x000007F76DF56FF7
mem[X,0x0000000080000104] -> 0xD793
mem[X,0x0000000080000106] -> 0x0391
[70] [M]: 0x0000000080000104 (0x0391D793) srli a5, gp, 0x39
x15 <- 0x0000000000000000
mem[X,0x0000000080000108] -> 0x6233
mem[X,0x000000008000010A] -> 0x00F2
[71] [M]: 0x0000000080000108 (0x00F26233) or tp, tp, a5
x4 <- 0x000007F76DF56FF7
mem[X,0x000000008000010C] -> 0x5293
mem[X,0x000000008000010E] -> 0x0072
[72] [M]: 0x000000008000010C (0x00725293) srli t0, tp, 0x7
x5 <- 0x0000000FEEDBEADF
mem[X,0x0000000080000110] -> 0x5793
mem[X,0x0000000080000112] -> 0x0392
[73] [M]: 0x0000000080000110 (0x03925793) srli a5, tp, 0x39
x15 <- 0x0000000000000000
mem[X,0x0000000080000114] -> 0xE2B3
mem[X,0x0000000080000116] -> 0x00F2
[74] [M]: 0x0000000080000114 (0x00F2E2B3) or t0, t0, a5
x5 <- 0x0000000FEEDBEADF
mem[X,0x0000000080000118] -> 0xD313
mem[X,0x000000008000011A] -> 0x0072
[75] [M]: 0x0000000080000118 (0x0072D313) srli t1, t0, 0x7
x6 <- 0x000000001FDDB7D5
mem[X,0x000000008000011C] -> 0xD793
mem[X,0x000000008000011E] -> 0x0392
[76] [M]: 0x000000008000011C (0x0392D793) srli a5, t0, 0x39
x15 <- 0x0000000000000000
mem[X,0x0000000080000120] -> 0x6333
mem[X,0x0000000080000122] -> 0x00F3
[77] [M]: 0x0000000080000120 (0x00F36333) or t1, t1, a5
x6 <- 0x000000001FDDB7D5
mem[X,0x0000000080000124] -> 0x5393
mem[X,0x0000000080000126] -> 0x0073
[78] [M]: 0x0000000080000124 (0x00735393) srli t2, t1, 0x7
x7 <- 0x00000000003FBB6F
mem[X,0x0000000080000128] -> 0x5793
mem[X,0x000000008000012A] -> 0x0393
[79] [M]: 0x0000000080000128 (0x03935793) srli a5, t1, 0x39
x15 <- 0x0000000000000000
mem[X,0x000000008000012C] -> 0xE3B3
mem[X,0x000000008000012E] -> 0x00F3
[80] [M]: 0x000000008000012C (0x00F3E3B3) or t2, t2, a5
x7 <- 0x00000000003FBB6F
mem[X,0x0000000080000130] -> 0xD413
mem[X,0x0000000080000132] -> 0x0073
[81] [M]: 0x0000000080000130 (0x0073D413) srli fp, t2, 0x7
x8 <- 0x0000000000007F76
mem[X,0x0000000080000134] -> 0xD793
mem[X,0x0000000080000136] -> 0x0393
[82] [M]: 0x0000000080000134 (0x0393D793) srli a5, t2, 0x39
x15 <- 0x0000000000000000
mem[X,0x0000000080000138] -> 0x6433
mem[X,0x000000008000013A] -> 0x00F4
[83] [M]: 0x0000000080000138 (0x00F46433) or fp, fp, a5
x8 <- 0x0000000000007F76
mem[X,0x000000008000013C] -> 0x5493
mem[X,0x000000008000013E] -> 0x0074
[84] [M]: 0x000000008000013C (0x00745493) srli s1, fp, 0x7
x9 <- 0x00000000000000FE
mem[X,0x0000000080000140] -> 0x5793
mem[X,0x0000000080000142] -> 0x0394
[85] [M]: 0x0000000080000140 (0x03945793) srli a5, fp, 0x39
x15 <- 0x0000000000000000
mem[X,0x0000000080000144] -> 0xE4B3
mem[X,0x0000000080000146] -> 0x00F4
[86] [M]: 0x0000000080000144 (0x00F4E4B3) or s1, s1, a5
x9 <- 0x00000000000000FE
mem[X,0x0000000080000148] -> 0xD513
mem[X,0x000000008000014A] -> 0x0074
[87] [M]: 0x0000000080000148 (0x0074D513) srli a0, s1, 0x7
x10 <- 0x0000000000000001
mem[X,0x000000008000014C] -> 0xD793
mem[X,0x000000008000014E] -> 0x0394
[88] [M]: 0x000000008000014C (0x0394D793) srli a5, s1, 0x39
x15 <- 0x0000000000000000
mem[X,0x0000000080000150] -> 0x6533
mem[X,0x0000000080000152] -> 0x00F5
[89] [M]: 0x0000000080000150 (0x00F56533) or a0, a0, a5
x10 <- 0x0000000000000001
mem[X,0x0000000080000154] -> 0x5593
mem[X,0x0000000080000156] -> 0x0075
[90] [M]: 0x0000000080000154 (0x00755593) srli a1, a0, 0x7
x11 <- 0x0000000000000000
mem[X,0x0000000080000158] -> 0x5793
mem[X,0x000000008000015A] -> 0x0395
[91] [M]: 0x0000000080000158 (0x03955793) srli a5, a0, 0x39
x15 <- 0x0000000000000000
mem[X,0x000000008000015C] -> 0xE5B3
mem[X,0x000000008000015E] -> 0x00F5
[92] [M]: 0x000000008000015C (0x00F5E5B3) or a1, a1, a5
x11 <- 0x0000000000000000
mem[X,0x0000000080000160] -> 0xD613
mem[X,0x0000000080000162] -> 0x0075
[93] [M]: 0x0000000080000160 (0x0075D613) srli a2, a1, 0x7
x12 <- 0x0000000000000000
mem[X,0x0000000080000164] -> 0xD793
mem[X,0x0000000080000166] -> 0x0395
[94] [M]: 0x0000000080000164 (0x0395D793) srli a5, a1, 0x39
x15 <- 0x0000000000000000
mem[X,0x0000000080000168] -> 0x6633
mem[X,0x000000008000016A] -> 0x00F6
[95] [M]: 0x0000000080000168 (0x00F66633) or a2, a2, a5
x12 <- 0x0000000000000000
mem[X,0x000000008000016C] -> 0x5693
mem[X,0x000000008000016E] -> 0x0076
[96] [M]: 0x000000008000016C (0x00765693) srli a3, a2, 0x7
x13 <- 0x0000000000000000
mem[X,0x0000000080000170] -> 0x5793
mem[X,0x0000000080000172] -> 0x0396
[97] [M]: 0x0000000080000170 (0x03965793) srli a5, a2, 0x39
x15 <- 0x0000000000000000
mem[X,0x0000000080000174] -> 0xE6B3
mem[X,0x0000000080000176] -> 0x00F6
[98] [M]: 0x0000000080000174 (0x00F6E6B3) or a3, a3, a5
x13 <- 0x0000000000000000
mem[X,0x0000000080000178] -> 0x0013
mem[X,0x000000008000017A] -> 0x0000
[99] [M]: 0x0000000080000178 (0x00000013) addi zero, zero, 0x0
clint::tick mtime <- 0x0000000000000001
 clint timer pending at mtime 0x0000000000000001
htif::tick 0x0000000000000000
mem[X,0x000000008000017C] -> 0x0013
mem[X,0x000000008000017E] -> 0x0000
[100] [M]: 0x000000008000017C (0x00000013) addi zero, zero, 0x0
mem[X,0x0000000080000180] -> 0x3097
mem[X,0x0000000080000182] -> 0x0000
[101] [M]: 0x0000000080000180 (0x00003097) auipc ra, 0x3
x1 <- 0x0000000080003180
mem[X,0x0000000080000184] -> 0x8093
mem[X,0x0000000080000186] -> 0xF980
[102] [M]: 0x0000000080000184 (0xF9808093) addi ra, ra, -0x68
x1 <- 0x0000000080003118
mem[X,0x0000000080000188] -> 0x0013
mem[X,0x000000008000018A] -> 0x0000
[103] [M]: 0x0000000080000188 (0x00000013) addi zero, zero, 0x0
mem[X,0x000000008000018C] -> 0x0013
mem[X,0x000000008000018E] -> 0x0000
[104] [M]: 0x000000008000018C (0x00000013) addi zero, zero, 0x0
mem[X,0x0000000080000190] -> 0x0013
mem[X,0x0000000080000192] -> 0x0000
[105] [M]: 0x0000000080000190 (0x00000013) addi zero, zero, 0x0
mem[X,0x0000000080000194] -> 0x0013
mem[X,0x0000000080000196] -> 0x0000
[106] [M]: 0x0000000080000194 (0x00000013) addi zero, zero, 0x0
mem[X,0x0000000080000198] -> 0x0013
mem[X,0x000000008000019A] -> 0x0000
[107] [M]: 0x0000000080000198 (0x00000013) addi zero, zero, 0x0
mem[X,0x000000008000019C] -> 0x0013
mem[X,0x000000008000019E] -> 0x0000
[108] [M]: 0x000000008000019C (0x00000013) addi zero, zero, 0x0
mem[X,0x00000000800001A0] -> 0x2717
mem[X,0x00000000800001A2] -> 0x0000
[109] [M]: 0x00000000800001A0 (0x00002717) auipc a4, 0x2
x14 <- 0x00000000800021A0
mem[X,0x00000000800001A4] -> 0x0713
mem[X,0x00000000800001A6] -> 0xDF47
[110] [M]: 0x00000000800001A4 (0xDF470713) addi a4, a4, -0x20c
x14 <- 0x0000000080001F94
mem[X,0x00000000800001A8] -> 0x0013
mem[X,0x00000000800001AA] -> 0x0000
[111] [M]: 0x00000000800001A8 (0x00000013) addi zero, zero, 0x0
mem[X,0x00000000800001AC] -> 0x0013
mem[X,0x00000000800001AE] -> 0x0000
[112] [M]: 0x00000000800001AC (0x00000013) addi zero, zero, 0x0
mem[X,0x00000000800001B0] -> 0x0013
mem[X,0x00000000800001B2] -> 0x0000
[113] [M]: 0x00000000800001B0 (0x00000013) addi zero, zero, 0x0
mem[X,0x00000000800001B4] -> 0x0013
mem[X,0x00000000800001B6] -> 0x0000
[114] [M]: 0x00000000800001B4 (0x00000013) addi zero, zero, 0x0
mem[X,0x00000000800001B8] -> 0x0013
mem[X,0x00000000800001BA] -> 0x0000
[115] [M]: 0x00000000800001B8 (0x00000013) addi zero, zero, 0x0
mem[X,0x00000000800001BC] -> 0x0013
mem[X,0x00000000800001BE] -> 0x0000
[116] [M]: 0x00000000800001BC (0x00000013) addi zero, zero, 0x0
mem[X,0x00000000800001C0] -> 0x5770
[117] [M]: 0x00000000800001C0 (0x5770) c.lw a2, a4, 0x6c
mem[R,0x0000000080002000] -> 0xBABECAFE
x12 <- 0xFFFFFFFFBABECAFE
mem[X,0x00000000800001C2] -> 0x0001
[118] [M]: 0x00000000800001C2 (0x0001) c.nop
mem[X,0x00000000800001C4] -> 0x0001
[119] [M]: 0x00000000800001C4 (0x0001) c.nop
mem[X,0x00000000800001C6] -> 0xB023
mem[X,0x00000000800001C8] -> 0x00C0
[120] [M]: 0x00000000800001C6 (0x00C0B023) sd a2, 0x0(ra)
mem[0x0000000080003118] <- 0xFFFFFFFFBABECAFE
mem[X,0x00000000800001CA] -> 0x0013
mem[X,0x00000000800001CC] -> 0x0000
[121] [M]: 0x00000000800001CA (0x00000013) addi zero, zero, 0x0
mem[X,0x00000000800001CE] -> 0x0013
mem[X,0x00000000800001D0] -> 0x0000
[122] [M]: 0x00000000800001CE (0x00000013) addi zero, zero, 0x0
mem[X,0x00000000800001D2] -> 0x0013
mem[X,0x00000000800001D4] -> 0x0000
[123] [M]: 0x00000000800001D2 (0x00000013) addi zero, zero, 0x0
mem[X,0x00000000800001D6] -> 0x0013
mem[X,0x00000000800001D8] -> 0x0000
[124] [M]: 0x00000000800001D6 (0x00000013) addi zero, zero, 0x0
mem[X,0x00000000800001DA] -> 0x0013
mem[X,0x00000000800001DC] -> 0x0000
[125] [M]: 0x00000000800001DA (0x00000013) addi zero, zero, 0x0
mem[X,0x00000000800001DE] -> 0x0001
[126] [M]: 0x00000000800001DE (0x0001) c.nop
mem[X,0x00000000800001E0] -> 0x2517
mem[X,0x00000000800001E2] -> 0x0000
[127] [M]: 0x00000000800001E0 (0x00002517) auipc a0, 0x2
x10 <- 0x00000000800021E0
mem[X,0x00000000800001E4] -> 0x0513
mem[X,0x00000000800001E6] -> 0xE205
[128] [M]: 0x00000000800001E4 (0xE2050513) addi a0, a0, -0x1e0
x10 <- 0x0000000080002000
mem[X,0x00000000800001E8] -> 0x0013
mem[X,0x00000000800001EA] -> 0x0000
[129] [M]: 0x00000000800001E8 (0x00000013) addi zero, zero, 0x0
mem[X,0x00000000800001EC] -> 0x0013
mem[X,0x00000000800001EE] -> 0x0000
[130] [M]: 0x00000000800001EC (0x00000013) addi zero, zero, 0x0
mem[X,0x00000000800001F0] -> 0x0013
mem[X,0x00000000800001F2] -> 0x0000
[131] [M]: 0x00000000800001F0 (0x00000013) addi zero, zero, 0x0
mem[X,0x00000000800001F4] -> 0x0013
mem[X,0x00000000800001F6] -> 0x0000
[132] [M]: 0x00000000800001F4 (0x00000013) addi zero, zero, 0x0
mem[X,0x00000000800001F8] -> 0x0013
mem[X,0x00000000800001FA] -> 0x0000
[133] [M]: 0x00000000800001F8 (0x00000013) addi zero, zero, 0x0
mem[X,0x00000000800001FC] -> 0x0013
mem[X,0x00000000800001FE] -> 0x0000
[134] [M]: 0x00000000800001FC (0x00000013) addi zero, zero, 0x0
mem[X,0x0000000080000200] -> 0x4108
[135] [M]: 0x0000000080000200 (0x4108) c.lw a0, a0, 0x0
mem[R,0x0000000080002000] -> 0xBABECAFE
x10 <- 0xFFFFFFFFBABECAFE
mem[X,0x0000000080000202] -> 0x0001
[136] [M]: 0x0000000080000202 (0x0001) c.nop
mem[X,0x0000000080000204] -> 0x0001
[137] [M]: 0x0000000080000204 (0x0001) c.nop
mem[X,0x0000000080000206] -> 0xB423
mem[X,0x0000000080000208] -> 0x00A0
[138] [M]: 0x0000000080000206 (0x00A0B423) sd a0, 0x8(ra)
mem[0x0000000080003120] <- 0xFFFFFFFFBABECAFE
mem[X,0x000000008000020A] -> 0x0013
mem[X,0x000000008000020C] -> 0x0000
[139] [M]: 0x000000008000020A (0x00000013) addi zero, zero, 0x0
mem[X,0x000000008000020E] -> 0x0013
mem[X,0x0000000080000210] -> 0x0000
[140] [M]: 0x000000008000020E (0x00000013) addi zero, zero, 0x0
mem[X,0x0000000080000212] -> 0x0013
mem[X,0x0000000080000214] -> 0x0000
[141] [M]: 0x0000000080000212 (0x00000013) addi zero, zero, 0x0
mem[X,0x0000000080000216] -> 0x0013
mem[X,0x0000000080000218] -> 0x0000
[142] [M]: 0x0000000080000216 (0x00000013) addi zero, zero, 0x0
mem[X,0x000000008000021A] -> 0x0013
mem[X,0x000000008000021C] -> 0x0000
[143] [M]: 0x000000008000021A (0x00000013) addi zero, zero, 0x0
mem[X,0x000000008000021E] -> 0x0001
[144] [M]: 0x000000008000021E (0x0001) c.nop
mem[X,0x0000000080000220] -> 0x2497
mem[X,0x0000000080000222] -> 0x0000
[145] [M]: 0x0000000080000220 (0x00002497) auipc s1, 0x2
x9 <- 0x0000000080002220
mem[X,0x0000000080000224] -> 0x8493
mem[X,0x0000000080000226] -> 0xDDC4
[146] [M]: 0x0000000080000224 (0xDDC48493) addi s1, s1, -0x224
x9 <- 0x0000000080001FFC
mem[X,0x0000000080000228] -> 0x0013
mem[X,0x000000008000022A] -> 0x0000
[147] [M]: 0x0000000080000228 (0x00000013) addi zero, zero, 0x0
mem[X,0x000000008000022C] -> 0x0013
mem[X,0x000000008000022E] -> 0x0000
[148] [M]: 0x000000008000022C (0x00000013) addi zero, zero, 0x0
mem[X,0x0000000080000230] -> 0x0013
mem[X,0x0000000080000232] -> 0x0000
[149] [M]: 0x0000000080000230 (0x00000013) addi zero, zero, 0x0
mem[X,0x0000000080000234] -> 0x0013
mem[X,0x0000000080000236] -> 0x0000
[150] [M]: 0x0000000080000234 (0x00000013) addi zero, zero, 0x0
mem[X,0x0000000080000238] -> 0x0013
mem[X,0x000000008000023A] -> 0x0000
[151] [M]: 0x0000000080000238 (0x00000013) addi zero, zero, 0x0
mem[X,0x000000008000023C] -> 0x0013
mem[X,0x000000008000023E] -> 0x0000
[152] [M]: 0x000000008000023C (0x00000013) addi zero, zero, 0x0
mem[X,0x0000000080000240] -> 0x40D4
[153] [M]: 0x0000000080000240 (0x40D4) c.lw a3, s1, 0x4
mem[R,0x0000000080002000] -> 0xBABECAFE
x13 <- 0xFFFFFFFFBABECAFE
mem[X,0x0000000080000242] -> 0x0001
[154] [M]: 0x0000000080000242 (0x0001) c.nop
mem[X,0x0000000080000244] -> 0x0001
[155] [M]: 0x0000000080000244 (0x0001) c.nop
mem[X,0x0000000080000246] -> 0xB823
mem[X,0x0000000080000248] -> 0x00D0
[156] [M]: 0x0000000080000246 (0x00D0B823) sd a3, 0x10(ra)
mem[0x0000000080003128] <- 0xFFFFFFFFBABECAFE
mem[X,0x000000008000024A] -> 0x0013
mem[X,0x000000008000024C] -> 0x0000
[157] [M]: 0x000000008000024A (0x00000013) addi zero, zero, 0x0
mem[X,0x000000008000024E] -> 0x0013
mem[X,0x0000000080000250] -> 0x0000
[158] [M]: 0x000000008000024E (0x00000013) addi zero, zero, 0x0
mem[X,0x0000000080000252] -> 0x0013
mem[X,0x0000000080000254] -> 0x0000
[159] [M]: 0x0000000080000252 (0x00000013) addi zero, zero, 0x0
mem[X,0x0000000080000256] -> 0x0013
mem[X,0x0000000080000258] -> 0x0000
[160] [M]: 0x0000000080000256 (0x00000013) addi zero, zero, 0x0
mem[X,0x000000008000025A] -> 0x0013
mem[X,0x000000008000025C] -> 0x0000
[161] [M]: 0x000000008000025A (0x00000013) addi zero, zero, 0x0
mem[X,0x000000008000025E] -> 0x0001
[162] [M]: 0x000000008000025E (0x0001) c.nop
mem[X,0x0000000080000260] -> 0x2597
mem[X,0x0000000080000262] -> 0x0000
[163] [M]: 0x0000000080000260 (0x00002597) auipc a1, 0x2
x11 <- 0x0000000080002260
mem[X,0x0000000080000264] -> 0x8593
mem[X,0x0000000080000266] -> 0xD985
[164] [M]: 0x0000000080000264 (0xD9858593) addi a1, a1, -0x268
x11 <- 0x0000000080001FF8
mem[X,0x0000000080000268] -> 0x0013
mem[X,0x000000008000026A] -> 0x0000
[165] [M]: 0x0000000080000268 (0x00000013) addi zero, zero, 0x0
mem[X,0x000000008000026C] -> 0x0013
mem[X,0x000000008000026E] -> 0x0000
[166] [M]: 0x000000008000026C (0x00000013) addi zero, zero, 0x0
mem[X,0x0000000080000270] -> 0x0013
mem[X,0x0000000080000272] -> 0x0000
[167] [M]: 0x0000000080000270 (0x00000013) addi zero, zero, 0x0
mem[X,0x0000000080000274] -> 0x0013
mem[X,0x0000000080000276] -> 0x0000
[168] [M]: 0x0000000080000274 (0x00000013) addi zero, zero, 0x0
mem[X,0x0000000080000278] -> 0x0013
mem[X,0x000000008000027A] -> 0x0000
[169] [M]: 0x0000000080000278 (0x00000013) addi zero, zero, 0x0
mem[X,0x000000008000027C] -> 0x0013
mem[X,0x000000008000027E] -> 0x0000
[170] [M]: 0x000000008000027C (0x00000013) addi zero, zero, 0x0
mem[X,0x0000000080000280] -> 0x4580
[171] [M]: 0x0000000080000280 (0x4580) c.lw s0, a1, 0x8
mem[R,0x0000000080002000] -> 0xBABECAFE
x8 <- 0xFFFFFFFFBABECAFE
mem[X,0x0000000080000282] -> 0x0001
[172] [M]: 0x0000000080000282 (0x0001) c.nop
mem[X,0x0000000080000284] -> 0x0001
[173] [M]: 0x0000000080000284 (0x0001) c.nop
mem[X,0x0000000080000286] -> 0xBC23
mem[X,0x0000000080000288] -> 0x0080
[174] [M]: 0x0000000080000286 (0x0080BC23) sd fp, 0x18(ra)
mem[0x0000000080003130] <- 0xFFFFFFFFBABECAFE
mem[X,0x000000008000028A] -> 0x0013
mem[X,0x000000008000028C] -> 0x0000
[175] [M]: 0x000000008000028A (0x00000013) addi zero, zero, 0x0
mem[X,0x000000008000028E] -> 0x0013
mem[X,0x0000000080000290] -> 0x0000
[176] [M]: 0x000000008000028E (0x00000013) addi zero, zero, 0x0
mem[X,0x0000000080000292] -> 0x0013
mem[X,0x0000000080000294] -> 0x0000
[177] [M]: 0x0000000080000292 (0x00000013) addi zero, zero, 0x0
mem[X,0x0000000080000296] -> 0x0013
mem[X,0x0000000080000298] -> 0x0000
[178] [M]: 0x0000000080000296 (0x00000013) addi zero, zero, 0x0
mem[X,0x000000008000029A] -> 0x0013
mem[X,0x000000008000029C] -> 0x0000
[179] [M]: 0x000000008000029A (0x00000013) addi zero, zero, 0x0
mem[X,0x000000008000029E] -> 0x0001
[180] [M]: 0x000000008000029E (0x0001) c.nop
mem[X,0x00000000800002A0] -> 0x2417
mem[X,0x00000000800002A2] -> 0x0000
[181] [M]: 0x00000000800002A0 (0x00002417) auipc fp, 0x2
x8 <- 0x00000000800022A0
mem[X,0x00000000800002A4] -> 0x0413
mem[X,0x00000000800002A6] -> 0xD504
[182] [M]: 0x00000000800002A4 (0xD5040413) addi fp, fp, -0x2b0
x8 <- 0x0000000080001FF0
mem[X,0x00000000800002A8] -> 0x0013
mem[X,0x00000000800002AA] -> 0x0000
[183] [M]: 0x00000000800002A8 (0x00000013) addi zero, zero, 0x0
mem[X,0x00000000800002AC] -> 0x0013
mem[X,0x00000000800002AE] -> 0x0000
[184] [M]: 0x00000000800002AC (0x00000013) addi zero, zero, 0x0
mem[X,0x00000000800002B0] -> 0x0013
mem[X,0x00000000800002B2] -> 0x0000
[185] [M]: 0x00000000800002B0 (0x00000013) addi zero, zero, 0x0
mem[X,0x00000000800002B4] -> 0x0013
mem[X,0x00000000800002B6] -> 0x0000
[186] [M]: 0x00000000800002B4 (0x00000013) addi zero, zero, 0x0
mem[X,0x00000000800002B8] -> 0x0013
mem[X,0x00000000800002BA] -> 0x0000
[187] [M]: 0x00000000800002B8 (0x00000013) addi zero, zero, 0x0
mem[X,0x00000000800002BC] -> 0x0013
mem[X,0x00000000800002BE] -> 0x0000
[188] [M]: 0x00000000800002BC (0x00000013) addi zero, zero, 0x0
mem[X,0x00000000800002C0] -> 0x4804
[189] [M]: 0x00000000800002C0 (0x4804) c.lw s1, s0, 0x10
mem[R,0x0000000080002000] -> 0xBABECAFE
x9 <- 0xFFFFFFFFBABECAFE
mem[X,0x00000000800002C2] -> 0x0001
[190] [M]: 0x00000000800002C2 (0x0001) c.nop
mem[X,0x00000000800002C4] -> 0x0001
[191] [M]: 0x00000000800002C4 (0x0001) c.nop
mem[X,0x00000000800002C6] -> 0xB023
mem[X,0x00000000800002C8] -> 0x0290
[192] [M]: 0x00000000800002C6 (0x0290B023) sd s1, 0x20(ra)
mem[0x0000000080003138] <- 0xFFFFFFFFBABECAFE
mem[X,0x00000000800002CA] -> 0x0013
mem[X,0x00000000800002CC] -> 0x0000
[193] [M]: 0x00000000800002CA (0x00000013) addi zero, zero, 0x0
mem[X,0x00000000800002CE] -> 0x0013
mem[X,0x00000000800002D0] -> 0x0000
[194] [M]: 0x00000000800002CE (0x00000013) addi zero, zero, 0x0
mem[X,0x00000000800002D2] -> 0x0013
mem[X,0x00000000800002D4] -> 0x0000
[195] [M]: 0x00000000800002D2 (0x00000013) addi zero, zero, 0x0
mem[X,0x00000000800002D6] -> 0x0013
mem[X,0x00000000800002D8] -> 0x0000
[196] [M]: 0x00000000800002D6 (0x00000013) addi zero, zero, 0x0
mem[X,0x00000000800002DA] -> 0x0013
mem[X,0x00000000800002DC] -> 0x0000
[197] [M]: 0x00000000800002DA (0x00000013) addi zero, zero, 0x0
mem[X,0x00000000800002DE] -> 0x0001
[198] [M]: 0x00000000800002DE (0x0001) c.nop
mem[X,0x00000000800002E0] -> 0x2697
mem[X,0x00000000800002E2] -> 0x0000
[199] [M]: 0x00000000800002E0 (0x00002697) auipc a3, 0x2
x13 <- 0x00000000800022E0
clint::tick mtime <- 0x0000000000000002
 clint timer pending at mtime 0x0000000000000002
htif::tick 0x0000000000000000
mem[X,0x00000000800002E4] -> 0x8693
mem[X,0x00000000800002E6] -> 0xD006
[200] [M]: 0x00000000800002E4 (0xD0068693) addi a3, a3, -0x300
x13 <- 0x0000000080001FE0
mem[X,0x00000000800002E8] -> 0x0013
mem[X,0x00000000800002EA] -> 0x0000
[201] [M]: 0x00000000800002E8 (0x00000013) addi zero, zero, 0x0
mem[X,0x00000000800002EC] -> 0x0013
mem[X,0x00000000800002EE] -> 0x0000
[202] [M]: 0x00000000800002EC (0x00000013) addi zero, zero, 0x0
mem[X,0x00000000800002F0] -> 0x0013
mem[X,0x00000000800002F2] -> 0x0000
[203] [M]: 0x00000000800002F0 (0x00000013) addi zero, zero, 0x0
mem[X,0x00000000800002F4] -> 0x0013
mem[X,0x00000000800002F6] -> 0x0000
[204] [M]: 0x00000000800002F4 (0x00000013) addi zero, zero, 0x0
mem[X,0x00000000800002F8] -> 0x0013
mem[X,0x00000000800002FA] -> 0x0000
[205] [M]: 0x00000000800002F8 (0x00000013) addi zero, zero, 0x0
mem[X,0x00000000800002FC] -> 0x0013
mem[X,0x00000000800002FE] -> 0x0000
[206] [M]: 0x00000000800002FC (0x00000013) addi zero, zero, 0x0
mem[X,0x0000000080000300] -> 0x5298
[207] [M]: 0x0000000080000300 (0x5298) c.lw a4, a3, 0x20
mem[R,0x0000000080002000] -> 0xBABECAFE
x14 <- 0xFFFFFFFFBABECAFE
mem[X,0x0000000080000302] -> 0x0001
[208] [M]: 0x0000000080000302 (0x0001) c.nop
mem[X,0x0000000080000304] -> 0x0001
[209] [M]: 0x0000000080000304 (0x0001) c.nop
mem[X,0x0000000080000306] -> 0xB423
mem[X,0x0000000080000308] -> 0x02E0
[210] [M]: 0x0000000080000306 (0x02E0B423) sd a4, 0x28(ra)
mem[0x0000000080003140] <- 0xFFFFFFFFBABECAFE
mem[X,0x000000008000030A] -> 0x0013
mem[X,0x000000008000030C] -> 0x0000
[211] [M]: 0x000000008000030A (0x00000013) addi zero, zero, 0x0
mem[X,0x000000008000030E] -> 0x0013
mem[X,0x0000000080000310] -> 0x0000
[212] [M]: 0x000000008000030E (0x00000013) addi zero, zero, 0x0
mem[X,0x0000000080000312] -> 0x0013
mem[X,0x0000000080000314] -> 0x0000
[213] [M]: 0x0000000080000312 (0x00000013) addi zero, zero, 0x0
mem[X,0x0000000080000316] -> 0x0013
mem[X,0x0000000080000318] -> 0x0000
[214] [M]: 0x0000000080000316 (0x00000013) addi zero, zero, 0x0
mem[X,0x000000008000031A] -> 0x0013
mem[X,0x000000008000031C] -> 0x0000
[215] [M]: 0x000000008000031A (0x00000013) addi zero, zero, 0x0
mem[X,0x000000008000031E] -> 0x0001
[216] [M]: 0x000000008000031E (0x0001) c.nop
mem[X,0x0000000080000320] -> 0x2797
mem[X,0x0000000080000322] -> 0x0000
[217] [M]: 0x0000000080000320 (0x00002797) auipc a5, 0x2
x15 <- 0x0000000080002320
mem[X,0x0000000080000324] -> 0x8793
mem[X,0x0000000080000326] -> 0xCA07
[218] [M]: 0x0000000080000324 (0xCA078793) addi a5, a5, -0x360
x15 <- 0x0000000080001FC0
mem[X,0x0000000080000328] -> 0x0013
mem[X,0x000000008000032A] -> 0x0000
[219] [M]: 0x0000000080000328 (0x00000013) addi zero, zero, 0x0
mem[X,0x000000008000032C] -> 0x0013
mem[X,0x000000008000032E] -> 0x0000
[220] [M]: 0x000000008000032C (0x00000013) addi zero, zero, 0x0
mem[X,0x0000000080000330] -> 0x0013
mem[X,0x0000000080000332] -> 0x0000
[221] [M]: 0x0000000080000330 (0x00000013) addi zero, zero, 0x0
mem[X,0x0000000080000334] -> 0x0013
mem[X,0x0000000080000336] -> 0x0000
[222] [M]: 0x0000000080000334 (0x00000013) addi zero, zero, 0x0
mem[X,0x0000000080000338] -> 0x0013
mem[X,0x000000008000033A] -> 0x0000
[223] [M]: 0x0000000080000338 (0x00000013) addi zero, zero, 0x0
mem[X,0x000000008000033C] -> 0x0013
mem[X,0x000000008000033E] -> 0x0000
[224] [M]: 0x000000008000033C (0x00000013) addi zero, zero, 0x0
mem[X,0x0000000080000340] -> 0x43AC
[225] [M]: 0x0000000080000340 (0x43AC) c.lw a1, a5, 0x40
mem[R,0x0000000080002000] -> 0xBABECAFE
x11 <- 0xFFFFFFFFBABECAFE
mem[X,0x0000000080000342] -> 0x0001
[226] [M]: 0x0000000080000342 (0x0001) c.nop
mem[X,0x0000000080000344] -> 0x0001
[227] [M]: 0x0000000080000344 (0x0001) c.nop
mem[X,0x0000000080000346] -> 0xB823
mem[X,0x0000000080000348] -> 0x02B0
[228] [M]: 0x0000000080000346 (0x02B0B823) sd a1, 0x30(ra)
mem[0x0000000080003148] <- 0xFFFFFFFFBABECAFE
mem[X,0x000000008000034A] -> 0x0013
mem[X,0x000000008000034C] -> 0x0000
[229] [M]: 0x000000008000034A (0x00000013) addi zero, zero, 0x0
mem[X,0x000000008000034E] -> 0x0013
mem[X,0x0000000080000350] -> 0x0000
[230] [M]: 0x000000008000034E (0x00000013) addi zero, zero, 0x0
mem[X,0x0000000080000352] -> 0x0013
mem[X,0x0000000080000354] -> 0x0000
[231] [M]: 0x0000000080000352 (0x00000013) addi zero, zero, 0x0
mem[X,0x0000000080000356] -> 0x0013
mem[X,0x0000000080000358] -> 0x0000
[232] [M]: 0x0000000080000356 (0x00000013) addi zero, zero, 0x0
mem[X,0x000000008000035A] -> 0x0013
mem[X,0x000000008000035C] -> 0x0000
[233] [M]: 0x000000008000035A (0x00000013) addi zero, zero, 0x0
mem[X,0x000000008000035E] -> 0x0001
[234] [M]: 0x000000008000035E (0x0001) c.nop
mem[X,0x0000000080000360] -> 0x2617
mem[X,0x0000000080000362] -> 0x0000
[235] [M]: 0x0000000080000360 (0x00002617) auipc a2, 0x2
x12 <- 0x0000000080002360
mem[X,0x0000000080000364] -> 0x0613
mem[X,0x0000000080000366] -> 0xC286
[236] [M]: 0x0000000080000364 (0xC2860613) addi a2, a2, -0x3d8
x12 <- 0x0000000080001F88
mem[X,0x0000000080000368] -> 0x0013
mem[X,0x000000008000036A] -> 0x0000
[237] [M]: 0x0000000080000368 (0x00000013) addi zero, zero, 0x0
mem[X,0x000000008000036C] -> 0x0013
mem[X,0x000000008000036E] -> 0x0000
[238] [M]: 0x000000008000036C (0x00000013) addi zero, zero, 0x0
mem[X,0x0000000080000370] -> 0x0013
mem[X,0x0000000080000372] -> 0x0000
[239] [M]: 0x0000000080000370 (0x00000013) addi zero, zero, 0x0
mem[X,0x0000000080000374] -> 0x0013
mem[X,0x0000000080000376] -> 0x0000
[240] [M]: 0x0000000080000374 (0x00000013) addi zero, zero, 0x0
mem[X,0x0000000080000378] -> 0x0013
mem[X,0x000000008000037A] -> 0x0000
[241] [M]: 0x0000000080000378 (0x00000013) addi zero, zero, 0x0
mem[X,0x000000008000037C] -> 0x0013
mem[X,0x000000008000037E] -> 0x0000
[242] [M]: 0x000000008000037C (0x00000013) addi zero, zero, 0x0
mem[X,0x0000000080000380] -> 0x5E3C
[243] [M]: 0x0000000080000380 (0x5E3C) c.lw a5, a2, 0x78
mem[R,0x0000000080002000] -> 0xBABECAFE
x15 <- 0xFFFFFFFFBABECAFE
mem[X,0x0000000080000382] -> 0x0001
[244] [M]: 0x0000000080000382 (0x0001) c.nop
mem[X,0x0000000080000384] -> 0x0001
[245] [M]: 0x0000000080000384 (0x0001) c.nop
mem[X,0x0000000080000386] -> 0xBC23
mem[X,0x0000000080000388] -> 0x02F0
[246] [M]: 0x0000000080000386 (0x02F0BC23) sd a5, 0x38(ra)
mem[0x0000000080003150] <- 0xFFFFFFFFBABECAFE
mem[X,0x000000008000038A] -> 0x0013
mem[X,0x000000008000038C] -> 0x0000
[247] [M]: 0x000000008000038A (0x00000013) addi zero, zero, 0x0
mem[X,0x000000008000038E] -> 0x0013
mem[X,0x0000000080000390] -> 0x0000
[248] [M]: 0x000000008000038E (0x00000013) addi zero, zero, 0x0
mem[X,0x0000000080000392] -> 0x0013
mem[X,0x0000000080000394] -> 0x0000
[249] [M]: 0x0000000080000392 (0x00000013) addi zero, zero, 0x0
mem[X,0x0000000080000396] -> 0x0013
mem[X,0x0000000080000398] -> 0x0000
[250] [M]: 0x0000000080000396 (0x00000013) addi zero, zero, 0x0
mem[X,0x000000008000039A] -> 0x0013
mem[X,0x000000008000039C] -> 0x0000
[251] [M]: 0x000000008000039A (0x00000013) addi zero, zero, 0x0
mem[X,0x000000008000039E] -> 0x0001
[252] [M]: 0x000000008000039E (0x0001) c.nop
mem[X,0x00000000800003A0] -> 0x2597
mem[X,0x00000000800003A2] -> 0x0000
[253] [M]: 0x00000000800003A0 (0x00002597) auipc a1, 0x2
x11 <- 0x00000000800023A0
mem[X,0x00000000800003A4] -> 0x8593
mem[X,0x00000000800003A6] -> 0xBEC5
[254] [M]: 0x00000000800003A4 (0xBEC58593) addi a1, a1, -0x414
x11 <- 0x0000000080001F8C
mem[X,0x00000000800003A8] -> 0x0013
mem[X,0x00000000800003AA] -> 0x0000
[255] [M]: 0x00000000800003A8 (0x00000013) addi zero, zero, 0x0
mem[X,0x00000000800003AC] -> 0x0013
mem[X,0x00000000800003AE] -> 0x0000
[256] [M]: 0x00000000800003AC (0x00000013) addi zero, zero, 0x0
mem[X,0x00000000800003B0] -> 0x0013
mem[X,0x00000000800003B2] -> 0x0000
[257] [M]: 0x00000000800003B0 (0x00000013) addi zero, zero, 0x0
mem[X,0x00000000800003B4] -> 0x0013
mem[X,0x00000000800003B6] -> 0x0000
[258] [M]: 0x00000000800003B4 (0x00000013) addi zero, zero, 0x0
mem[X,0x00000000800003B8] -> 0x0013
mem[X,0x00000000800003BA] -> 0x0000
[259] [M]: 0x00000000800003B8 (0x00000013) addi zero, zero, 0x0
mem[X,0x00000000800003BC] -> 0x0013
mem[X,0x00000000800003BE] -> 0x0000
[260] [M]: 0x00000000800003BC (0x00000013) addi zero, zero, 0x0
mem[X,0x00000000800003C0] -> 0x59E8
[261] [M]: 0x00000000800003C0 (0x59E8) c.lw a0, a1, 0x74
mem[R,0x0000000080002000] -> 0xBABECAFE
x10 <- 0xFFFFFFFFBABECAFE
mem[X,0x00000000800003C2] -> 0x0001
[262] [M]: 0x00000000800003C2 (0x0001) c.nop
mem[X,0x00000000800003C4] -> 0x0001
[263] [M]: 0x00000000800003C4 (0x0001) c.nop
mem[X,0x00000000800003C6] -> 0xB023
mem[X,0x00000000800003C8] -> 0x04A0
[264] [M]: 0x00000000800003C6 (0x04A0B023) sd a0, 0x40(ra)
mem[0x0000000080003158] <- 0xFFFFFFFFBABECAFE
mem[X,0x00000000800003CA] -> 0x0013
mem[X,0x00000000800003CC] -> 0x0000
[265] [M]: 0x00000000800003CA (0x00000013) addi zero, zero, 0x0
mem[X,0x00000000800003CE] -> 0x0013
mem[X,0x00000000800003D0] -> 0x0000
[266] [M]: 0x00000000800003CE (0x00000013) addi zero, zero, 0x0
mem[X,0x00000000800003D2] -> 0x0013
mem[X,0x00000000800003D4] -> 0x0000
[267] [M]: 0x00000000800003D2 (0x00000013) addi zero, zero, 0x0
mem[X,0x00000000800003D6] -> 0x0013
mem[X,0x00000000800003D8] -> 0x0000
[268] [M]: 0x00000000800003D6 (0x00000013) addi zero, zero, 0x0
mem[X,0x00000000800003DA] -> 0x0013
mem[X,0x00000000800003DC] -> 0x0000
[269] [M]: 0x00000000800003DA (0x00000013) addi zero, zero, 0x0
mem[X,0x00000000800003DE] -> 0x0001
[270] [M]: 0x00000000800003DE (0x0001) c.nop
mem[X,0x00000000800003E0] -> 0x2597
mem[X,0x00000000800003E2] -> 0x0000
[271] [M]: 0x00000000800003E0 (0x00002597) auipc a1, 0x2
x11 <- 0x00000000800023E0
mem[X,0x00000000800003E4] -> 0x8593
mem[X,0x00000000800003E6] -> 0xBC45
[272] [M]: 0x00000000800003E4 (0xBC458593) addi a1, a1, -0x43c
x11 <- 0x0000000080001FA4
mem[X,0x00000000800003E8] -> 0x0013
mem[X,0x00000000800003EA] -> 0x0000
[273] [M]: 0x00000000800003E8 (0x00000013) addi zero, zero, 0x0
mem[X,0x00000000800003EC] -> 0x0013
mem[X,0x00000000800003EE] -> 0x0000
[274] [M]: 0x00000000800003EC (0x00000013) addi zero, zero, 0x0
mem[X,0x00000000800003F0] -> 0x0013
mem[X,0x00000000800003F2] -> 0x0000
[275] [M]: 0x00000000800003F0 (0x00000013) addi zero, zero, 0x0
mem[X,0x00000000800003F4] -> 0x0013
mem[X,0x00000000800003F6] -> 0x0000
[276] [M]: 0x00000000800003F4 (0x00000013) addi zero, zero, 0x0
mem[X,0x00000000800003F8] -> 0x0013
mem[X,0x00000000800003FA] -> 0x0000
[277] [M]: 0x00000000800003F8 (0x00000013) addi zero, zero, 0x0
mem[X,0x00000000800003FC] -> 0x0013
mem[X,0x00000000800003FE] -> 0x0000
[278] [M]: 0x00000000800003FC (0x00000013) addi zero, zero, 0x0
mem[X,0x0000000080000400] -> 0x4DE8
[279] [M]: 0x0000000080000400 (0x4DE8) c.lw a0, a1, 0x5c
mem[R,0x0000000080002000] -> 0xBABECAFE
x10 <- 0xFFFFFFFFBABECAFE
mem[X,0x0000000080000402] -> 0x0001
[280] [M]: 0x0000000080000402 (0x0001) c.nop
mem[X,0x0000000080000404] -> 0x0001
[281] [M]: 0x0000000080000404 (0x0001) c.nop
mem[X,0x0000000080000406] -> 0xB423
mem[X,0x0000000080000408] -> 0x04A0
[282] [M]: 0x0000000080000406 (0x04A0B423) sd a0, 0x48(ra)
mem[0x0000000080003160] <- 0xFFFFFFFFBABECAFE
mem[X,0x000000008000040A] -> 0x0013
mem[X,0x000000008000040C] -> 0x0000
[283] [M]: 0x000000008000040A (0x00000013) addi zero, zero, 0x0
mem[X,0x000000008000040E] -> 0x0013
mem[X,0x0000000080000410] -> 0x0000
[284] [M]: 0x000000008000040E (0x00000013) addi zero, zero, 0x0
mem[X,0x0000000080000412] -> 0x0013
mem[X,0x0000000080000414] -> 0x0000
[285] [M]: 0x0000000080000412 (0x00000013) addi zero, zero, 0x0
mem[X,0x0000000080000416] -> 0x0013
mem[X,0x0000000080000418] -> 0x0000
[286] [M]: 0x0000000080000416 (0x00000013) addi zero, zero, 0x0
mem[X,0x000000008000041A] -> 0x0013
mem[X,0x000000008000041C] -> 0x0000
[287] [M]: 0x000000008000041A (0x00000013) addi zero, zero, 0x0
mem[X,0x000000008000041E] -> 0x0001
[288] [M]: 0x000000008000041E (0x0001) c.nop
mem[X,0x0000000080000420] -> 0x2597
mem[X,0x0000000080000422] -> 0x0000
[289] [M]: 0x0000000080000420 (0x00002597) auipc a1, 0x2
x11 <- 0x0000000080002420
mem[X,0x0000000080000424] -> 0x8593
mem[X,0x0000000080000426] -> 0xBA45
[290] [M]: 0x0000000080000424 (0xBA458593) addi a1, a1, -0x45c
x11 <- 0x0000000080001FC4
mem[X,0x0000000080000428] -> 0x0013
mem[X,0x000000008000042A] -> 0x0000
[291] [M]: 0x0000000080000428 (0x00000013) addi zero, zero, 0x0
mem[X,0x000000008000042C] -> 0x0013
mem[X,0x000000008000042E] -> 0x0000
[292] [M]: 0x000000008000042C (0x00000013) addi zero, zero, 0x0
mem[X,0x0000000080000430] -> 0x0013
mem[X,0x0000000080000432] -> 0x0000
[293] [M]: 0x0000000080000430 (0x00000013) addi zero, zero, 0x0
mem[X,0x0000000080000434] -> 0x0013
mem[X,0x0000000080000436] -> 0x0000
[294] [M]: 0x0000000080000434 (0x00000013) addi zero, zero, 0x0
mem[X,0x0000000080000438] -> 0x0013
mem[X,0x000000008000043A] -> 0x0000
[295] [M]: 0x0000000080000438 (0x00000013) addi zero, zero, 0x0
mem[X,0x000000008000043C] -> 0x0013
mem[X,0x000000008000043E] -> 0x0000
[296] [M]: 0x000000008000043C (0x00000013) addi zero, zero, 0x0
mem[X,0x0000000080000440] -> 0x5DC8
[297] [M]: 0x0000000080000440 (0x5DC8) c.lw a0, a1, 0x3c
mem[R,0x0000000080002000] -> 0xBABECAFE
x10 <- 0xFFFFFFFFBABECAFE
mem[X,0x0000000080000442] -> 0x0001
[298] [M]: 0x0000000080000442 (0x0001) c.nop
mem[X,0x0000000080000444] -> 0x0001
[299] [M]: 0x0000000080000444 (0x0001) c.nop
clint::tick mtime <- 0x0000000000000003
 clint timer pending at mtime 0x0000000000000003
htif::tick 0x0000000000000000
mem[X,0x0000000080000446] -> 0xB823
mem[X,0x0000000080000448] -> 0x04A0
[300] [M]: 0x0000000080000446 (0x04A0B823) sd a0, 0x50(ra)
mem[0x0000000080003168] <- 0xFFFFFFFFBABECAFE
mem[X,0x000000008000044A] -> 0x0013
mem[X,0x000000008000044C] -> 0x0000
[301] [M]: 0x000000008000044A (0x00000013) addi zero, zero, 0x0
mem[X,0x000000008000044E] -> 0x0013
mem[X,0x0000000080000450] -> 0x0000
[302] [M]: 0x000000008000044E (0x00000013) addi zero, zero, 0x0
mem[X,0x0000000080000452] -> 0x0013
mem[X,0x0000000080000454] -> 0x0000
[303] [M]: 0x0000000080000452 (0x00000013) addi zero, zero, 0x0
mem[X,0x0000000080000456] -> 0x0013
mem[X,0x0000000080000458] -> 0x0000
[304] [M]: 0x0000000080000456 (0x00000013) addi zero, zero, 0x0
mem[X,0x000000008000045A] -> 0x0013
mem[X,0x000000008000045C] -> 0x0000
[305] [M]: 0x000000008000045A (0x00000013) addi zero, zero, 0x0
mem[X,0x000000008000045E] -> 0x0001
[306] [M]: 0x000000008000045E (0x0001) c.nop
mem[X,0x0000000080000460] -> 0x2597
mem[X,0x0000000080000462] -> 0x0000
[307] [M]: 0x0000000080000460 (0x00002597) auipc a1, 0x2
x11 <- 0x0000000080002460
mem[X,0x0000000080000464] -> 0x8593
mem[X,0x0000000080000466] -> 0xB4C5
[308] [M]: 0x0000000080000464 (0xB4C58593) addi a1, a1, -0x4b4
x11 <- 0x0000000080001FAC
mem[X,0x0000000080000468] -> 0x0013
mem[X,0x000000008000046A] -> 0x0000
[309] [M]: 0x0000000080000468 (0x00000013) addi zero, zero, 0x0
mem[X,0x000000008000046C] -> 0x0013
mem[X,0x000000008000046E] -> 0x0000
[310] [M]: 0x000000008000046C (0x00000013) addi zero, zero, 0x0
mem[X,0x0000000080000470] -> 0x0013
mem[X,0x0000000080000472] -> 0x0000
[311] [M]: 0x0000000080000470 (0x00000013) addi zero, zero, 0x0
mem[X,0x0000000080000474] -> 0x0013
mem[X,0x0000000080000476] -> 0x0000
[312] [M]: 0x0000000080000474 (0x00000013) addi zero, zero, 0x0
mem[X,0x0000000080000478] -> 0x0013
mem[X,0x000000008000047A] -> 0x0000
[313] [M]: 0x0000000080000478 (0x00000013) addi zero, zero, 0x0
mem[X,0x000000008000047C] -> 0x0013
mem[X,0x000000008000047E] -> 0x0000
[314] [M]: 0x000000008000047C (0x00000013) addi zero, zero, 0x0
mem[X,0x0000000080000480] -> 0x49E8
[315] [M]: 0x0000000080000480 (0x49E8) c.lw a0, a1, 0x54
mem[R,0x0000000080002000] -> 0xBABECAFE
x10 <- 0xFFFFFFFFBABECAFE
mem[X,0x0000000080000482] -> 0x0001
[316] [M]: 0x0000000080000482 (0x0001) c.nop
mem[X,0x0000000080000484] -> 0x0001
[317] [M]: 0x0000000080000484 (0x0001) c.nop
mem[X,0x0000000080000486] -> 0xBC23
mem[X,0x0000000080000488] -> 0x04A0
[318] [M]: 0x0000000080000486 (0x04A0BC23) sd a0, 0x58(ra)
mem[0x0000000080003170] <- 0xFFFFFFFFBABECAFE
mem[X,0x000000008000048A] -> 0x0013
mem[X,0x000000008000048C] -> 0x0000
[319] [M]: 0x000000008000048A (0x00000013) addi zero, zero, 0x0
mem[X,0x000000008000048E] -> 0x0013
mem[X,0x0000000080000490] -> 0x0000
[320] [M]: 0x000000008000048E (0x00000013) addi zero, zero, 0x0
mem[X,0x0000000080000492] -> 0x0013
mem[X,0x0000000080000494] -> 0x0000
[321] [M]: 0x0000000080000492 (0x00000013) addi zero, zero, 0x0
mem[X,0x0000000080000496] -> 0x0013
mem[X,0x0000000080000498] -> 0x0000
[322] [M]: 0x0000000080000496 (0x00000013) addi zero, zero, 0x0
mem[X,0x000000008000049A] -> 0x0013
mem[X,0x000000008000049C] -> 0x0000
[323] [M]: 0x000000008000049A (0x00000013) addi zero, zero, 0x0
mem[X,0x000000008000049E] -> 0x0001
[324] [M]: 0x000000008000049E (0x0001) c.nop
mem[X,0x00000000800004A0] -> 0x2597
mem[X,0x00000000800004A2] -> 0x0000
[325] [M]: 0x00000000800004A0 (0x00002597) auipc a1, 0x2
x11 <- 0x00000000800024A0
mem[X,0x00000000800004A4] -> 0x8593
mem[X,0x00000000800004A6] -> 0xB385
[326] [M]: 0x00000000800004A4 (0xB3858593) addi a1, a1, -0x4c8
x11 <- 0x0000000080001FD8
mem[X,0x00000000800004A8] -> 0x0013
mem[X,0x00000000800004AA] -> 0x0000
[327] [M]: 0x00000000800004A8 (0x00000013) addi zero, zero, 0x0
mem[X,0x00000000800004AC] -> 0x0013
mem[X,0x00000000800004AE] -> 0x0000
[328] [M]: 0x00000000800004AC (0x00000013) addi zero, zero, 0x0
mem[X,0x00000000800004B0] -> 0x0013
mem[X,0x00000000800004B2] -> 0x0000
[329] [M]: 0x00000000800004B0 (0x00000013) addi zero, zero, 0x0
mem[X,0x00000000800004B4] -> 0x0013
mem[X,0x00000000800004B6] -> 0x0000
[330] [M]: 0x00000000800004B4 (0x00000013) addi zero, zero, 0x0
mem[X,0x00000000800004B8] -> 0x0013
mem[X,0x00000000800004BA] -> 0x0000
[331] [M]: 0x00000000800004B8 (0x00000013) addi zero, zero, 0x0
mem[X,0x00000000800004BC] -> 0x0013
mem[X,0x00000000800004BE] -> 0x0000
[332] [M]: 0x00000000800004BC (0x00000013) addi zero, zero, 0x0
mem[X,0x00000000800004C0] -> 0x5588
[333] [M]: 0x00000000800004C0 (0x5588) c.lw a0, a1, 0x28
mem[R,0x0000000080002000] -> 0xBABECAFE
x10 <- 0xFFFFFFFFBABECAFE
mem[X,0x00000000800004C2] -> 0x0001
[334] [M]: 0x00000000800004C2 (0x0001) c.nop
mem[X,0x00000000800004C4] -> 0x0001
[335] [M]: 0x00000000800004C4 (0x0001) c.nop
mem[X,0x00000000800004C6] -> 0xB023
mem[X,0x00000000800004C8] -> 0x06A0
[336] [M]: 0x00000000800004C6 (0x06A0B023) sd a0, 0x60(ra)
mem[0x0000000080003178] <- 0xFFFFFFFFBABECAFE
mem[X,0x00000000800004CA] -> 0x006F
mem[X,0x00000000800004CC] -> 0x0380
[337] [M]: 0x00000000800004CA (0x0380006F) jal zero, 0x38
mem[X,0x0000000080000502] -> 0x4085
[338] [M]: 0x0000000080000502 (0x4085) c.li ra, 0x1
x1 <- 0x0000000000000001
mem[X,0x0000000080000504] -> 0x1F17
mem[X,0x0000000080000506] -> 0x0000
[339] [M]: 0x0000000080000504 (0x00001F17) auipc t5, 0x1
x30 <- 0x0000000080001504
mem[X,0x0000000080000508] -> 0x2E23
mem[X,0x000000008000050A] -> 0xAE1F
[340] [M]: 0x0000000080000508 (0xAE1F2E23) sw ra, -0x504(t5)
htif[0x0000000080001000] <- 0x00000001
mem[X,0x000000008000050C] -> 0xBFE5
[341] [M]: 0x000000008000050C (0xBFE5) c.j -0x4
mem[X,0x0000000080000504] -> 0x1F17
mem[X,0x0000000080000506] -> 0x0000
[342] [M]: 0x0000000080000504 (0x00001F17) auipc t5, 0x1
x30 <- 0x0000000080001504
mem[X,0x0000000080000508] -> 0x2E23
mem[X,0x000000008000050A] -> 0xAE1F
[343] [M]: 0x0000000080000508 (0xAE1F2E23) sw ra, -0x504(t5)
htif[0x0000000080001000] <- 0x00000001
mem[X,0x000000008000050C] -> 0xBFE5
[344] [M]: 0x000000008000050C (0xBFE5) c.j -0x4
mem[X,0x0000000080000504] -> 0x1F17
mem[X,0x0000000080000506] -> 0x0000
[345] [M]: 0x0000000080000504 (0x00001F17) auipc t5, 0x1
x30 <- 0x0000000080001504
mem[X,0x0000000080000508] -> 0x2E23
mem[X,0x000000008000050A] -> 0xAE1F
[346] [M]: 0x0000000080000508 (0xAE1F2E23) sw ra, -0x504(t5)
htif[0x0000000080001000] <- 0x00000001
htif-syscall-proxy cmd: 0x000000000001
SUCCESS
