using /home/mamir/tempo/riscof/riscof_work/rv64i_m/I/src/lbu-align-01.S/ref/Reference-sail_c_simulator.signature for test-signature output.
tohost located at 0x80001000
Running file ref.elf.
ELF Entry @ 0x80000000
begin_signature: 0x80003110
end_signature: 0x80003230
CSR mstatus <- 0x0000000A00000000 (input: 0x0000000000000000)
mem[X,0x0000000000001000] -> 0x0297
mem[X,0x0000000000001002] -> 0x0000
[0] [M]: 0x0000000000001000 (0x00000297) auipc t0, 0x0
x5 <- 0x0000000000001000
mem[X,0x0000000000001004] -> 0x8593
mem[X,0x0000000000001006] -> 0x0202
[1] [M]: 0x0000000000001004 (0x02028593) addi a1, t0, 0x20
x11 <- 0x0000000000001020
mem[X,0x0000000000001008] -> 0x2573
mem[X,0x000000000000100A] -> 0xF140
[2] [M]: 0x0000000000001008 (0xF1402573) csrrs a0, mhartid, zero
CSR mhartid -> 0x0000000000000000
x10 <- 0x0000000000000000
mem[X,0x000000000000100C] -> 0xB283
mem[X,0x000000000000100E] -> 0x0182
[3] [M]: 0x000000000000100C (0x0182B283) ld t0, 0x18(t0)
mem[R,0x0000000000001018] -> 0x0000000080000000
x5 <- 0x0000000080000000
mem[X,0x0000000000001010] -> 0x8067
mem[X,0x0000000000001012] -> 0x0002
[4] [M]: 0x0000000000001010 (0x00028067) jalr zero, 0x0(t0)
mem[X,0x0000000080000000] -> 0x0837
mem[X,0x0000000080000002] -> 0x7D5C
[5] [M]: 0x0000000080000000 (0x7D5C0837) lui a6, 0x7d5c0
x16 <- 0x000000007D5C0000
mem[X,0x0000000080000004] -> 0x0813
mem[X,0x0000000080000006] -> 0xDDB8
[6] [M]: 0x0000000080000004 (0xDDB80813) addi a6, a6, -0x225
x16 <- 0x000000007D5BFDDB
mem[X,0x0000000080000008] -> 0x1813
mem[X,0x000000008000000A] -> 0x00B8
[7] [M]: 0x0000000080000008 (0x00B81813) slli a6, a6, 0xb
x16 <- 0x000003EADFEED800
mem[X,0x000000008000000C] -> 0x0813
mem[X,0x000000008000000E] -> 0x3EA8
[8] [M]: 0x000000008000000C (0x3EA80813) addi a6, a6, 0x3ea
x16 <- 0x000003EADFEEDBEA
mem[X,0x0000000080000010] -> 0x1813
mem[X,0x0000000080000012] -> 0x00B8
[9] [M]: 0x0000000080000010 (0x00B81813) slli a6, a6, 0xb
x16 <- 0x001F56FF76DF5000
mem[X,0x0000000080000014] -> 0x0813
mem[X,0x0000000080000016] -> 0x6FF8
[10] [M]: 0x0000000080000014 (0x6FF80813) addi a6, a6, 0x6ff
x16 <- 0x001F56FF76DF56FF
mem[X,0x0000000080000018] -> 0x1813
mem[X,0x000000008000001A] -> 0x00A8
[11] [M]: 0x0000000080000018 (0x00A81813) slli a6, a6, 0xa
x16 <- 0x7D5BFDDB7D5BFC00
mem[X,0x000000008000001C] -> 0x0813
mem[X,0x000000008000001E] -> 0x1DB8
[12] [M]: 0x000000008000001C (0x1DB80813) addi a6, a6, 0x1db
x16 <- 0x7D5BFDDB7D5BFDDB
mem[X,0x0000000080000020] -> 0x5893
mem[X,0x0000000080000022] -> 0x0078
[13] [M]: 0x0000000080000020 (0x00785893) srli a7, a6, 0x7
x17 <- 0x00FAB7FBB6FAB7FB
mem[X,0x0000000080000024] -> 0x5793
mem[X,0x0000000080000026] -> 0x0398
[14] [M]: 0x0000000080000024 (0x03985793) srli a5, a6, 0x39
x15 <- 0x000000000000003E
mem[X,0x0000000080000028] -> 0xE8B3
mem[X,0x000000008000002A] -> 0x00F8
[15] [M]: 0x0000000080000028 (0x00F8E8B3) or a7, a7, a5
x17 <- 0x00FAB7FBB6FAB7FF
mem[X,0x000000008000002C] -> 0xD913
mem[X,0x000000008000002E] -> 0x0078
[16] [M]: 0x000000008000002C (0x0078D913) srli s2, a7, 0x7
x18 <- 0x0001F56FF76DF56F
mem[X,0x0000000080000030] -> 0xD793
mem[X,0x0000000080000032] -> 0x0398
[17] [M]: 0x0000000080000030 (0x0398D793) srli a5, a7, 0x39
x15 <- 0x0000000000000000
mem[X,0x0000000080000034] -> 0x6933
mem[X,0x0000000080000036] -> 0x00F9
[18] [M]: 0x0000000080000034 (0x00F96933) or s2, s2, a5
x18 <- 0x0001F56FF76DF56F
mem[X,0x0000000080000038] -> 0x5993
mem[X,0x000000008000003A] -> 0x0079
[19] [M]: 0x0000000080000038 (0x00795993) srli s3, s2, 0x7
x19 <- 0x000003EADFEEDBEA
mem[X,0x000000008000003C] -> 0x5793
mem[X,0x000000008000003E] -> 0x0399
[20] [M]: 0x000000008000003C (0x03995793) srli a5, s2, 0x39
x15 <- 0x0000000000000000
mem[X,0x0000000080000040] -> 0xE9B3
mem[X,0x0000000080000042] -> 0x00F9
[21] [M]: 0x0000000080000040 (0x00F9E9B3) or s3, s3, a5
x19 <- 0x000003EADFEEDBEA
mem[X,0x0000000080000044] -> 0xDA13
mem[X,0x0000000080000046] -> 0x0079
[22] [M]: 0x0000000080000044 (0x0079DA13) srli s4, s3, 0x7
x20 <- 0x00000007D5BFDDB7
mem[X,0x0000000080000048] -> 0xD793
mem[X,0x000000008000004A] -> 0x0399
[23] [M]: 0x0000000080000048 (0x0399D793) srli a5, s3, 0x39
x15 <- 0x0000000000000000
mem[X,0x000000008000004C] -> 0x6A33
mem[X,0x000000008000004E] -> 0x00FA
[24] [M]: 0x000000008000004C (0x00FA6A33) or s4, s4, a5
x20 <- 0x00000007D5BFDDB7
mem[X,0x0000000080000050] -> 0x5A93
mem[X,0x0000000080000052] -> 0x007A
[25] [M]: 0x0000000080000050 (0x007A5A93) srli s5, s4, 0x7
x21 <- 0x000000000FAB7FBB
mem[X,0x0000000080000054] -> 0x5793
mem[X,0x0000000080000056] -> 0x039A
[26] [M]: 0x0000000080000054 (0x039A5793) srli a5, s4, 0x39
x15 <- 0x0000000000000000
mem[X,0x0000000080000058] -> 0xEAB3
mem[X,0x000000008000005A] -> 0x00FA
[27] [M]: 0x0000000080000058 (0x00FAEAB3) or s5, s5, a5
x21 <- 0x000000000FAB7FBB
mem[X,0x000000008000005C] -> 0xDB13
mem[X,0x000000008000005E] -> 0x007A
[28] [M]: 0x000000008000005C (0x007ADB13) srli s6, s5, 0x7
x22 <- 0x00000000001F56FF
mem[X,0x0000000080000060] -> 0xD793
mem[X,0x0000000080000062] -> 0x039A
[29] [M]: 0x0000000080000060 (0x039AD793) srli a5, s5, 0x39
x15 <- 0x0000000000000000
mem[X,0x0000000080000064] -> 0x6B33
mem[X,0x0000000080000066] -> 0x00FB
[30] [M]: 0x0000000080000064 (0x00FB6B33) or s6, s6, a5
x22 <- 0x00000000001F56FF
mem[X,0x0000000080000068] -> 0x5B93
mem[X,0x000000008000006A] -> 0x007B
[31] [M]: 0x0000000080000068 (0x007B5B93) srli s7, s6, 0x7
x23 <- 0x0000000000003EAD
mem[X,0x000000008000006C] -> 0x5793
mem[X,0x000000008000006E] -> 0x039B
[32] [M]: 0x000000008000006C (0x039B5793) srli a5, s6, 0x39
x15 <- 0x0000000000000000
mem[X,0x0000000080000070] -> 0xEBB3
mem[X,0x0000000080000072] -> 0x00FB
[33] [M]: 0x0000000080000070 (0x00FBEBB3) or s7, s7, a5
x23 <- 0x0000000000003EAD
mem[X,0x0000000080000074] -> 0xDC13
mem[X,0x0000000080000076] -> 0x007B
[34] [M]: 0x0000000080000074 (0x007BDC13) srli s8, s7, 0x7
x24 <- 0x000000000000007D
mem[X,0x0000000080000078] -> 0xD793
mem[X,0x000000008000007A] -> 0x039B
[35] [M]: 0x0000000080000078 (0x039BD793) srli a5, s7, 0x39
x15 <- 0x0000000000000000
mem[X,0x000000008000007C] -> 0x6C33
mem[X,0x000000008000007E] -> 0x00FC
[36] [M]: 0x000000008000007C (0x00FC6C33) or s8, s8, a5
x24 <- 0x000000000000007D
mem[X,0x0000000080000080] -> 0x5C93
mem[X,0x0000000080000082] -> 0x007C
[37] [M]: 0x0000000080000080 (0x007C5C93) srli s9, s8, 0x7
x25 <- 0x0000000000000000
mem[X,0x0000000080000084] -> 0x5793
mem[X,0x0000000080000086] -> 0x039C
[38] [M]: 0x0000000080000084 (0x039C5793) srli a5, s8, 0x39
x15 <- 0x0000000000000000
mem[X,0x0000000080000088] -> 0xECB3
mem[X,0x000000008000008A] -> 0x00FC
[39] [M]: 0x0000000080000088 (0x00FCECB3) or s9, s9, a5
x25 <- 0x0000000000000000
mem[X,0x000000008000008C] -> 0xDD13
mem[X,0x000000008000008E] -> 0x007C
[40] [M]: 0x000000008000008C (0x007CDD13) srli s10, s9, 0x7
x26 <- 0x0000000000000000
mem[X,0x0000000080000090] -> 0xD793
mem[X,0x0000000080000092] -> 0x039C
[41] [M]: 0x0000000080000090 (0x039CD793) srli a5, s9, 0x39
x15 <- 0x0000000000000000
mem[X,0x0000000080000094] -> 0x6D33
mem[X,0x0000000080000096] -> 0x00FD
[42] [M]: 0x0000000080000094 (0x00FD6D33) or s10, s10, a5
x26 <- 0x0000000000000000
mem[X,0x0000000080000098] -> 0x5D93
mem[X,0x000000008000009A] -> 0x007D
[43] [M]: 0x0000000080000098 (0x007D5D93) srli s11, s10, 0x7
x27 <- 0x0000000000000000
mem[X,0x000000008000009C] -> 0x5793
mem[X,0x000000008000009E] -> 0x039D
[44] [M]: 0x000000008000009C (0x039D5793) srli a5, s10, 0x39
x15 <- 0x0000000000000000
mem[X,0x00000000800000A0] -> 0xEDB3
mem[X,0x00000000800000A2] -> 0x00FD
[45] [M]: 0x00000000800000A0 (0x00FDEDB3) or s11, s11, a5
x27 <- 0x0000000000000000
mem[X,0x00000000800000A4] -> 0xDE13
mem[X,0x00000000800000A6] -> 0x007D
[46] [M]: 0x00000000800000A4 (0x007DDE13) srli t3, s11, 0x7
x28 <- 0x0000000000000000
mem[X,0x00000000800000A8] -> 0xD793
mem[X,0x00000000800000AA] -> 0x039D
[47] [M]: 0x00000000800000A8 (0x039DD793) srli a5, s11, 0x39
x15 <- 0x0000000000000000
mem[X,0x00000000800000AC] -> 0x6E33
mem[X,0x00000000800000AE] -> 0x00FE
[48] [M]: 0x00000000800000AC (0x00FE6E33) or t3, t3, a5
x28 <- 0x0000000000000000
mem[X,0x00000000800000B0] -> 0x5E93
mem[X,0x00000000800000B2] -> 0x007E
[49] [M]: 0x00000000800000B0 (0x007E5E93) srli t4, t3, 0x7
x29 <- 0x0000000000000000
mem[X,0x00000000800000B4] -> 0x5793
mem[X,0x00000000800000B6] -> 0x039E
[50] [M]: 0x00000000800000B4 (0x039E5793) srli a5, t3, 0x39
x15 <- 0x0000000000000000
mem[X,0x00000000800000B8] -> 0xEEB3
mem[X,0x00000000800000BA] -> 0x00FE
[51] [M]: 0x00000000800000B8 (0x00FEEEB3) or t4, t4, a5
x29 <- 0x0000000000000000
mem[X,0x00000000800000BC] -> 0xDF13
mem[X,0x00000000800000BE] -> 0x007E
[52] [M]: 0x00000000800000BC (0x007EDF13) srli t5, t4, 0x7
x30 <- 0x0000000000000000
mem[X,0x00000000800000C0] -> 0xD793
mem[X,0x00000000800000C2] -> 0x039E
[53] [M]: 0x00000000800000C0 (0x039ED793) srli a5, t4, 0x39
x15 <- 0x0000000000000000
mem[X,0x00000000800000C4] -> 0x6F33
mem[X,0x00000000800000C6] -> 0x00FF
[54] [M]: 0x00000000800000C4 (0x00FF6F33) or t5, t5, a5
x30 <- 0x0000000000000000
mem[X,0x00000000800000C8] -> 0xC0B7
mem[X,0x00000000800000CA] -> 0xFEED
[55] [M]: 0x00000000800000C8 (0xFEEDC0B7) lui ra, -0x1124
x1 <- 0xFFFFFFFFFEEDC000
mem[X,0x00000000800000CC] -> 0x8093
mem[X,0x00000000800000CE] -> 0xEAD0
[56] [M]: 0x00000000800000CC (0xEAD08093) addi ra, ra, -0x153
x1 <- 0xFFFFFFFFFEEDBEAD
mem[X,0x00000000800000D0] -> 0x9093
mem[X,0x00000000800000D2] -> 0x00B0
[57] [M]: 0x00000000800000D0 (0x00B09093) slli ra, ra, 0xb
x1 <- 0xFFFFFFF76DF56800
mem[X,0x00000000800000D4] -> 0x8093
mem[X,0x00000000800000D6] -> 0x7F70
[58] [M]: 0x00000000800000D4 (0x7F708093) addi ra, ra, 0x7f7
x1 <- 0xFFFFFFF76DF56FF7
mem[X,0x00000000800000D8] -> 0x9093
mem[X,0x00000000800000DA] -> 0x00B0
[59] [M]: 0x00000000800000D8 (0x00B09093) slli ra, ra, 0xb
x1 <- 0xFFFFBB6FAB7FB800
mem[X,0x00000000800000DC] -> 0x8093
mem[X,0x00000000800000DE] -> 0x36F0
[60] [M]: 0x00000000800000DC (0x36F08093) addi ra, ra, 0x36f
x1 <- 0xFFFFBB6FAB7FBB6F
mem[X,0x00000000800000E0] -> 0x9093
mem[X,0x00000000800000E2] -> 0x00A0
[61] [M]: 0x00000000800000E0 (0x00A09093) slli ra, ra, 0xa
x1 <- 0xFEEDBEADFEEDBC00
mem[X,0x00000000800000E4] -> 0x8093
mem[X,0x00000000800000E6] -> 0x2AD0
[62] [M]: 0x00000000800000E4 (0x2AD08093) addi ra, ra, 0x2ad
x1 <- 0xFEEDBEADFEEDBEAD
mem[X,0x00000000800000E8] -> 0xD113
mem[X,0x00000000800000EA] -> 0x0070
[63] [M]: 0x00000000800000E8 (0x0070D113) srli sp, ra, 0x7
x2 <- 0x01FDDB7D5BFDDB7D
mem[X,0x00000000800000EC] -> 0xD793
mem[X,0x00000000800000EE] -> 0x0390
[64] [M]: 0x00000000800000EC (0x0390D793) srli a5, ra, 0x39
x15 <- 0x000000000000007F
mem[X,0x00000000800000F0] -> 0x6133
mem[X,0x00000000800000F2] -> 0x00F1
[65] [M]: 0x00000000800000F0 (0x00F16133) or sp, sp, a5
x2 <- 0x01FDDB7D5BFDDB7F
mem[X,0x00000000800000F4] -> 0x5193
mem[X,0x00000000800000F6] -> 0x0071
[66] [M]: 0x00000000800000F4 (0x00715193) srli gp, sp, 0x7
x3 <- 0x0003FBB6FAB7FBB6
mem[X,0x00000000800000F8] -> 0x5793
mem[X,0x00000000800000FA] -> 0x0391
[67] [M]: 0x00000000800000F8 (0x03915793) srli a5, sp, 0x39
x15 <- 0x0000000000000000
mem[X,0x00000000800000FC] -> 0xE1B3
mem[X,0x00000000800000FE] -> 0x00F1
[68] [M]: 0x00000000800000FC (0x00F1E1B3) or gp, gp, a5
x3 <- 0x0003FBB6FAB7FBB6
mem[X,0x0000000080000100] -> 0xD213
mem[X,0x0000000080000102] -> 0x0071
[69] [M]: 0x0000000080000100 (0x0071D213) srli tp, gp, 0x7
x4 <- 0x000007F76DF56FF7
mem[X,0x0000000080000104] -> 0xD793
mem[X,0x0000000080000106] -> 0x0391
[70] [M]: 0x0000000080000104 (0x0391D793) srli a5, gp, 0x39
x15 <- 0x0000000000000000
mem[X,0x0000000080000108] -> 0x6233
mem[X,0x000000008000010A] -> 0x00F2
[71] [M]: 0x0000000080000108 (0x00F26233) or tp, tp, a5
x4 <- 0x000007F76DF56FF7
mem[X,0x000000008000010C] -> 0x5293
mem[X,0x000000008000010E] -> 0x0072
[72] [M]: 0x000000008000010C (0x00725293) srli t0, tp, 0x7
x5 <- 0x0000000FEEDBEADF
mem[X,0x0000000080000110] -> 0x5793
mem[X,0x0000000080000112] -> 0x0392
[73] [M]: 0x0000000080000110 (0x03925793) srli a5, tp, 0x39
x15 <- 0x0000000000000000
mem[X,0x0000000080000114] -> 0xE2B3
mem[X,0x0000000080000116] -> 0x00F2
[74] [M]: 0x0000000080000114 (0x00F2E2B3) or t0, t0, a5
x5 <- 0x0000000FEEDBEADF
mem[X,0x0000000080000118] -> 0xD313
mem[X,0x000000008000011A] -> 0x0072
[75] [M]: 0x0000000080000118 (0x0072D313) srli t1, t0, 0x7
x6 <- 0x000000001FDDB7D5
mem[X,0x000000008000011C] -> 0xD793
mem[X,0x000000008000011E] -> 0x0392
[76] [M]: 0x000000008000011C (0x0392D793) srli a5, t0, 0x39
x15 <- 0x0000000000000000
mem[X,0x0000000080000120] -> 0x6333
mem[X,0x0000000080000122] -> 0x00F3
[77] [M]: 0x0000000080000120 (0x00F36333) or t1, t1, a5
x6 <- 0x000000001FDDB7D5
mem[X,0x0000000080000124] -> 0x5393
mem[X,0x0000000080000126] -> 0x0073
[78] [M]: 0x0000000080000124 (0x00735393) srli t2, t1, 0x7
x7 <- 0x00000000003FBB6F
mem[X,0x0000000080000128] -> 0x5793
mem[X,0x000000008000012A] -> 0x0393
[79] [M]: 0x0000000080000128 (0x03935793) srli a5, t1, 0x39
x15 <- 0x0000000000000000
mem[X,0x000000008000012C] -> 0xE3B3
mem[X,0x000000008000012E] -> 0x00F3
[80] [M]: 0x000000008000012C (0x00F3E3B3) or t2, t2, a5
x7 <- 0x00000000003FBB6F
mem[X,0x0000000080000130] -> 0xD413
mem[X,0x0000000080000132] -> 0x0073
[81] [M]: 0x0000000080000130 (0x0073D413) srli fp, t2, 0x7
x8 <- 0x0000000000007F76
mem[X,0x0000000080000134] -> 0xD793
mem[X,0x0000000080000136] -> 0x0393
[82] [M]: 0x0000000080000134 (0x0393D793) srli a5, t2, 0x39
x15 <- 0x0000000000000000
mem[X,0x0000000080000138] -> 0x6433
mem[X,0x000000008000013A] -> 0x00F4
[83] [M]: 0x0000000080000138 (0x00F46433) or fp, fp, a5
x8 <- 0x0000000000007F76
mem[X,0x000000008000013C] -> 0x5493
mem[X,0x000000008000013E] -> 0x0074
[84] [M]: 0x000000008000013C (0x00745493) srli s1, fp, 0x7
x9 <- 0x00000000000000FE
mem[X,0x0000000080000140] -> 0x5793
mem[X,0x0000000080000142] -> 0x0394
[85] [M]: 0x0000000080000140 (0x03945793) srli a5, fp, 0x39
x15 <- 0x0000000000000000
mem[X,0x0000000080000144] -> 0xE4B3
mem[X,0x0000000080000146] -> 0x00F4
[86] [M]: 0x0000000080000144 (0x00F4E4B3) or s1, s1, a5
x9 <- 0x00000000000000FE
mem[X,0x0000000080000148] -> 0xD513
mem[X,0x000000008000014A] -> 0x0074
[87] [M]: 0x0000000080000148 (0x0074D513) srli a0, s1, 0x7
x10 <- 0x0000000000000001
mem[X,0x000000008000014C] -> 0xD793
mem[X,0x000000008000014E] -> 0x0394
[88] [M]: 0x000000008000014C (0x0394D793) srli a5, s1, 0x39
x15 <- 0x0000000000000000
mem[X,0x0000000080000150] -> 0x6533
mem[X,0x0000000080000152] -> 0x00F5
[89] [M]: 0x0000000080000150 (0x00F56533) or a0, a0, a5
x10 <- 0x0000000000000001
mem[X,0x0000000080000154] -> 0x5593
mem[X,0x0000000080000156] -> 0x0075
[90] [M]: 0x0000000080000154 (0x00755593) srli a1, a0, 0x7
x11 <- 0x0000000000000000
mem[X,0x0000000080000158] -> 0x5793
mem[X,0x000000008000015A] -> 0x0395
[91] [M]: 0x0000000080000158 (0x03955793) srli a5, a0, 0x39
x15 <- 0x0000000000000000
mem[X,0x000000008000015C] -> 0xE5B3
mem[X,0x000000008000015E] -> 0x00F5
[92] [M]: 0x000000008000015C (0x00F5E5B3) or a1, a1, a5
x11 <- 0x0000000000000000
mem[X,0x0000000080000160] -> 0xD613
mem[X,0x0000000080000162] -> 0x0075
[93] [M]: 0x0000000080000160 (0x0075D613) srli a2, a1, 0x7
x12 <- 0x0000000000000000
mem[X,0x0000000080000164] -> 0xD793
mem[X,0x0000000080000166] -> 0x0395
[94] [M]: 0x0000000080000164 (0x0395D793) srli a5, a1, 0x39
x15 <- 0x0000000000000000
mem[X,0x0000000080000168] -> 0x6633
mem[X,0x000000008000016A] -> 0x00F6
[95] [M]: 0x0000000080000168 (0x00F66633) or a2, a2, a5
x12 <- 0x0000000000000000
mem[X,0x000000008000016C] -> 0x5693
mem[X,0x000000008000016E] -> 0x0076
[96] [M]: 0x000000008000016C (0x00765693) srli a3, a2, 0x7
x13 <- 0x0000000000000000
mem[X,0x0000000080000170] -> 0x5793
mem[X,0x0000000080000172] -> 0x0396
[97] [M]: 0x0000000080000170 (0x03965793) srli a5, a2, 0x39
x15 <- 0x0000000000000000
mem[X,0x0000000080000174] -> 0xE6B3
mem[X,0x0000000080000176] -> 0x00F6
[98] [M]: 0x0000000080000174 (0x00F6E6B3) or a3, a3, a5
x13 <- 0x0000000000000000
mem[X,0x0000000080000178] -> 0x0013
mem[X,0x000000008000017A] -> 0x0000
[99] [M]: 0x0000000080000178 (0x00000013) addi zero, zero, 0x0
clint::tick mtime <- 0x0000000000000001
 clint timer pending at mtime 0x0000000000000001
htif::tick 0x0000000000000000
mem[X,0x000000008000017C] -> 0x0013
mem[X,0x000000008000017E] -> 0x0000
[100] [M]: 0x000000008000017C (0x00000013) addi zero, zero, 0x0
mem[X,0x0000000080000180] -> 0x3117
mem[X,0x0000000080000182] -> 0x0000
[101] [M]: 0x0000000080000180 (0x00003117) auipc sp, 0x3
x2 <- 0x0000000080003180
mem[X,0x0000000080000184] -> 0x0113
mem[X,0x0000000080000186] -> 0xF981
[102] [M]: 0x0000000080000184 (0xF9810113) addi sp, sp, -0x68
x2 <- 0x0000000080003118
mem[X,0x0000000080000188] -> 0x0013
mem[X,0x000000008000018A] -> 0x0000
[103] [M]: 0x0000000080000188 (0x00000013) addi zero, zero, 0x0
mem[X,0x000000008000018C] -> 0x0013
mem[X,0x000000008000018E] -> 0x0000
[104] [M]: 0x000000008000018C (0x00000013) addi zero, zero, 0x0
mem[X,0x0000000080000190] -> 0x0013
mem[X,0x0000000080000192] -> 0x0000
[105] [M]: 0x0000000080000190 (0x00000013) addi zero, zero, 0x0
mem[X,0x0000000080000194] -> 0x0013
mem[X,0x0000000080000196] -> 0x0000
[106] [M]: 0x0000000080000194 (0x00000013) addi zero, zero, 0x0
mem[X,0x0000000080000198] -> 0x0013
mem[X,0x000000008000019A] -> 0x0000
[107] [M]: 0x0000000080000198 (0x00000013) addi zero, zero, 0x0
mem[X,0x000000008000019C] -> 0x0013
mem[X,0x000000008000019E] -> 0x0000
[108] [M]: 0x000000008000019C (0x00000013) addi zero, zero, 0x0
mem[X,0x00000000800001A0] -> 0x2517
mem[X,0x00000000800001A2] -> 0x0000
[109] [M]: 0x00000000800001A0 (0x00002517) auipc a0, 0x2
x10 <- 0x00000000800021A0
mem[X,0x00000000800001A4] -> 0x0513
mem[X,0x00000000800001A6] -> 0xE605
[110] [M]: 0x00000000800001A4 (0xE6050513) addi a0, a0, -0x1a0
x10 <- 0x0000000080002000
mem[X,0x00000000800001A8] -> 0x0013
mem[X,0x00000000800001AA] -> 0x0000
[111] [M]: 0x00000000800001A8 (0x00000013) addi zero, zero, 0x0
mem[X,0x00000000800001AC] -> 0x0013
mem[X,0x00000000800001AE] -> 0x0000
[112] [M]: 0x00000000800001AC (0x00000013) addi zero, zero, 0x0
mem[X,0x00000000800001B0] -> 0x0013
mem[X,0x00000000800001B2] -> 0x0000
[113] [M]: 0x00000000800001B0 (0x00000013) addi zero, zero, 0x0
mem[X,0x00000000800001B4] -> 0x0013
mem[X,0x00000000800001B6] -> 0x0000
[114] [M]: 0x00000000800001B4 (0x00000013) addi zero, zero, 0x0
mem[X,0x00000000800001B8] -> 0x0013
mem[X,0x00000000800001BA] -> 0x0000
[115] [M]: 0x00000000800001B8 (0x00000013) addi zero, zero, 0x0
mem[X,0x00000000800001BC] -> 0x0013
mem[X,0x00000000800001BE] -> 0x0000
[116] [M]: 0x00000000800001BC (0x00000013) addi zero, zero, 0x0
mem[X,0x00000000800001C0] -> 0x4503
mem[X,0x00000000800001C2] -> 0x0005
[117] [M]: 0x00000000800001C0 (0x00054503) lbu a0, 0x0(a0)
mem[R,0x0000000080002000] -> 0xFE
x10 <- 0x00000000000000FE
mem[X,0x00000000800001C4] -> 0x0013
mem[X,0x00000000800001C6] -> 0x0000
[118] [M]: 0x00000000800001C4 (0x00000013) addi zero, zero, 0x0
mem[X,0x00000000800001C8] -> 0x0013
mem[X,0x00000000800001CA] -> 0x0000
[119] [M]: 0x00000000800001C8 (0x00000013) addi zero, zero, 0x0
mem[X,0x00000000800001CC] -> 0x3023
mem[X,0x00000000800001CE] -> 0x00A1
[120] [M]: 0x00000000800001CC (0x00A13023) sd a0, 0x0(sp)
mem[0x0000000080003118] <- 0x00000000000000FE
mem[X,0x00000000800001D0] -> 0x0013
mem[X,0x00000000800001D2] -> 0x0000
[121] [M]: 0x00000000800001D0 (0x00000013) addi zero, zero, 0x0
mem[X,0x00000000800001D4] -> 0x0013
mem[X,0x00000000800001D6] -> 0x0000
[122] [M]: 0x00000000800001D4 (0x00000013) addi zero, zero, 0x0
mem[X,0x00000000800001D8] -> 0x0013
mem[X,0x00000000800001DA] -> 0x0000
[123] [M]: 0x00000000800001D8 (0x00000013) addi zero, zero, 0x0
mem[X,0x00000000800001DC] -> 0x0013
mem[X,0x00000000800001DE] -> 0x0000
[124] [M]: 0x00000000800001DC (0x00000013) addi zero, zero, 0x0
mem[X,0x00000000800001E0] -> 0x2297
mem[X,0x00000000800001E2] -> 0x0000
[125] [M]: 0x00000000800001E0 (0x00002297) auipc t0, 0x2
x5 <- 0x00000000800021E0
mem[X,0x00000000800001E4] -> 0x8293
mem[X,0x00000000800001E6] -> 0x8CB2
[126] [M]: 0x00000000800001E4 (0x8CB28293) addi t0, t0, -0x735
x5 <- 0x0000000080001AAB
mem[X,0x00000000800001E8] -> 0x0013
mem[X,0x00000000800001EA] -> 0x0000
[127] [M]: 0x00000000800001E8 (0x00000013) addi zero, zero, 0x0
mem[X,0x00000000800001EC] -> 0x0013
mem[X,0x00000000800001EE] -> 0x0000
[128] [M]: 0x00000000800001EC (0x00000013) addi zero, zero, 0x0
mem[X,0x00000000800001F0] -> 0x0013
mem[X,0x00000000800001F2] -> 0x0000
[129] [M]: 0x00000000800001F0 (0x00000013) addi zero, zero, 0x0
mem[X,0x00000000800001F4] -> 0x0013
mem[X,0x00000000800001F6] -> 0x0000
[130] [M]: 0x00000000800001F4 (0x00000013) addi zero, zero, 0x0
mem[X,0x00000000800001F8] -> 0x0013
mem[X,0x00000000800001FA] -> 0x0000
[131] [M]: 0x00000000800001F8 (0x00000013) addi zero, zero, 0x0
mem[X,0x00000000800001FC] -> 0x0013
mem[X,0x00000000800001FE] -> 0x0000
[132] [M]: 0x00000000800001FC (0x00000013) addi zero, zero, 0x0
mem[X,0x0000000080000200] -> 0xCD83
mem[X,0x0000000080000202] -> 0x5552
[133] [M]: 0x0000000080000200 (0x5552CD83) lbu s11, 0x555(t0)
mem[R,0x0000000080002000] -> 0xFE
x27 <- 0x00000000000000FE
mem[X,0x0000000080000204] -> 0x0013
mem[X,0x0000000080000206] -> 0x0000
[134] [M]: 0x0000000080000204 (0x00000013) addi zero, zero, 0x0
mem[X,0x0000000080000208] -> 0x0013
mem[X,0x000000008000020A] -> 0x0000
[135] [M]: 0x0000000080000208 (0x00000013) addi zero, zero, 0x0
mem[X,0x000000008000020C] -> 0x3423
mem[X,0x000000008000020E] -> 0x01B1
[136] [M]: 0x000000008000020C (0x01B13423) sd s11, 0x8(sp)
mem[0x0000000080003120] <- 0x00000000000000FE
mem[X,0x0000000080000210] -> 0x0013
mem[X,0x0000000080000212] -> 0x0000
[137] [M]: 0x0000000080000210 (0x00000013) addi zero, zero, 0x0
mem[X,0x0000000080000214] -> 0x0013
mem[X,0x0000000080000216] -> 0x0000
[138] [M]: 0x0000000080000214 (0x00000013) addi zero, zero, 0x0
mem[X,0x0000000080000218] -> 0x0013
mem[X,0x000000008000021A] -> 0x0000
[139] [M]: 0x0000000080000218 (0x00000013) addi zero, zero, 0x0
mem[X,0x000000008000021C] -> 0x0013
mem[X,0x000000008000021E] -> 0x0000
[140] [M]: 0x000000008000021C (0x00000013) addi zero, zero, 0x0
mem[X,0x0000000080000220] -> 0x2897
mem[X,0x0000000080000222] -> 0x0000
[141] [M]: 0x0000000080000220 (0x00002897) auipc a7, 0x2
x17 <- 0x0000000080002220
mem[X,0x0000000080000224] -> 0x8893
mem[X,0x0000000080000226] -> 0xDDA8
[142] [M]: 0x0000000080000224 (0xDDA88893) addi a7, a7, -0x226
x17 <- 0x0000000080001FFA
mem[X,0x0000000080000228] -> 0x0013
mem[X,0x000000008000022A] -> 0x0000
[143] [M]: 0x0000000080000228 (0x00000013) addi zero, zero, 0x0
mem[X,0x000000008000022C] -> 0x0013
mem[X,0x000000008000022E] -> 0x0000
[144] [M]: 0x000000008000022C (0x00000013) addi zero, zero, 0x0
mem[X,0x0000000080000230] -> 0x0013
mem[X,0x0000000080000232] -> 0x0000
[145] [M]: 0x0000000080000230 (0x00000013) addi zero, zero, 0x0
mem[X,0x0000000080000234] -> 0x0013
mem[X,0x0000000080000236] -> 0x0000
[146] [M]: 0x0000000080000234 (0x00000013) addi zero, zero, 0x0
mem[X,0x0000000080000238] -> 0x0013
mem[X,0x000000008000023A] -> 0x0000
[147] [M]: 0x0000000080000238 (0x00000013) addi zero, zero, 0x0
mem[X,0x000000008000023C] -> 0x0013
mem[X,0x000000008000023E] -> 0x0000
[148] [M]: 0x000000008000023C (0x00000013) addi zero, zero, 0x0
mem[X,0x0000000080000240] -> 0xCF03
mem[X,0x0000000080000242] -> 0x0068
[149] [M]: 0x0000000080000240 (0x0068CF03) lbu t5, 0x6(a7)
mem[R,0x0000000080002000] -> 0xFE
x30 <- 0x00000000000000FE
mem[X,0x0000000080000244] -> 0x0013
mem[X,0x0000000080000246] -> 0x0000
[150] [M]: 0x0000000080000244 (0x00000013) addi zero, zero, 0x0
mem[X,0x0000000080000248] -> 0x0013
mem[X,0x000000008000024A] -> 0x0000
[151] [M]: 0x0000000080000248 (0x00000013) addi zero, zero, 0x0
mem[X,0x000000008000024C] -> 0x3823
mem[X,0x000000008000024E] -> 0x01E1
[152] [M]: 0x000000008000024C (0x01E13823) sd t5, 0x10(sp)
mem[0x0000000080003128] <- 0x00000000000000FE
mem[X,0x0000000080000250] -> 0x0013
mem[X,0x0000000080000252] -> 0x0000
[153] [M]: 0x0000000080000250 (0x00000013) addi zero, zero, 0x0
mem[X,0x0000000080000254] -> 0x0013
mem[X,0x0000000080000256] -> 0x0000
[154] [M]: 0x0000000080000254 (0x00000013) addi zero, zero, 0x0
mem[X,0x0000000080000258] -> 0x0013
mem[X,0x000000008000025A] -> 0x0000
[155] [M]: 0x0000000080000258 (0x00000013) addi zero, zero, 0x0
mem[X,0x000000008000025C] -> 0x0013
mem[X,0x000000008000025E] -> 0x0000
[156] [M]: 0x000000008000025C (0x00000013) addi zero, zero, 0x0
mem[X,0x0000000080000260] -> 0x2A17
mem[X,0x0000000080000262] -> 0x0000
[157] [M]: 0x0000000080000260 (0x00002A17) auipc s4, 0x2
x20 <- 0x0000000080002260
mem[X,0x0000000080000264] -> 0x0A13
mem[X,0x0000000080000266] -> 0xD9DA
[158] [M]: 0x0000000080000264 (0xD9DA0A13) addi s4, s4, -0x263
x20 <- 0x0000000080001FFD
mem[X,0x0000000080000268] -> 0x0013
mem[X,0x000000008000026A] -> 0x0000
[159] [M]: 0x0000000080000268 (0x00000013) addi zero, zero, 0x0
mem[X,0x000000008000026C] -> 0x0013
mem[X,0x000000008000026E] -> 0x0000
[160] [M]: 0x000000008000026C (0x00000013) addi zero, zero, 0x0
mem[X,0x0000000080000270] -> 0x0013
mem[X,0x0000000080000272] -> 0x0000
[161] [M]: 0x0000000080000270 (0x00000013) addi zero, zero, 0x0
mem[X,0x0000000080000274] -> 0x0013
mem[X,0x0000000080000276] -> 0x0000
[162] [M]: 0x0000000080000274 (0x00000013) addi zero, zero, 0x0
mem[X,0x0000000080000278] -> 0x0013
mem[X,0x000000008000027A] -> 0x0000
[163] [M]: 0x0000000080000278 (0x00000013) addi zero, zero, 0x0
mem[X,0x000000008000027C] -> 0x0013
mem[X,0x000000008000027E] -> 0x0000
[164] [M]: 0x000000008000027C (0x00000013) addi zero, zero, 0x0
mem[X,0x0000000080000280] -> 0x4083
mem[X,0x0000000080000282] -> 0x003A
[165] [M]: 0x0000000080000280 (0x003A4083) lbu ra, 0x3(s4)
mem[R,0x0000000080002000] -> 0xFE
x1 <- 0x00000000000000FE
mem[X,0x0000000080000284] -> 0x0013
mem[X,0x0000000080000286] -> 0x0000
[166] [M]: 0x0000000080000284 (0x00000013) addi zero, zero, 0x0
mem[X,0x0000000080000288] -> 0x0013
mem[X,0x000000008000028A] -> 0x0000
[167] [M]: 0x0000000080000288 (0x00000013) addi zero, zero, 0x0
mem[X,0x000000008000028C] -> 0x3C23
mem[X,0x000000008000028E] -> 0x0011
[168] [M]: 0x000000008000028C (0x00113C23) sd ra, 0x18(sp)
mem[0x0000000080003130] <- 0x00000000000000FE
mem[X,0x0000000080000290] -> 0x0013
mem[X,0x0000000080000292] -> 0x0000
[169] [M]: 0x0000000080000290 (0x00000013) addi zero, zero, 0x0
mem[X,0x0000000080000294] -> 0x0013
mem[X,0x0000000080000296] -> 0x0000
[170] [M]: 0x0000000080000294 (0x00000013) addi zero, zero, 0x0
mem[X,0x0000000080000298] -> 0x0013
mem[X,0x000000008000029A] -> 0x0000
[171] [M]: 0x0000000080000298 (0x00000013) addi zero, zero, 0x0
mem[X,0x000000008000029C] -> 0x0013
mem[X,0x000000008000029E] -> 0x0000
[172] [M]: 0x000000008000029C (0x00000013) addi zero, zero, 0x0
mem[X,0x00000000800002A0] -> 0x2E17
mem[X,0x00000000800002A2] -> 0x0000
[173] [M]: 0x00000000800002A0 (0x00002E17) auipc t3, 0x2
x28 <- 0x00000000800022A0
mem[X,0x00000000800002A4] -> 0x0E13
mem[X,0x00000000800002A6] -> 0xD62E
[174] [M]: 0x00000000800002A4 (0xD62E0E13) addi t3, t3, -0x29e
x28 <- 0x0000000080002002
mem[X,0x00000000800002A8] -> 0x0013
mem[X,0x00000000800002AA] -> 0x0000
[175] [M]: 0x00000000800002A8 (0x00000013) addi zero, zero, 0x0
mem[X,0x00000000800002AC] -> 0x0013
mem[X,0x00000000800002AE] -> 0x0000
[176] [M]: 0x00000000800002AC (0x00000013) addi zero, zero, 0x0
mem[X,0x00000000800002B0] -> 0x0013
mem[X,0x00000000800002B2] -> 0x0000
[177] [M]: 0x00000000800002B0 (0x00000013) addi zero, zero, 0x0
mem[X,0x00000000800002B4] -> 0x0013
mem[X,0x00000000800002B6] -> 0x0000
[178] [M]: 0x00000000800002B4 (0x00000013) addi zero, zero, 0x0
mem[X,0x00000000800002B8] -> 0x0013
mem[X,0x00000000800002BA] -> 0x0000
[179] [M]: 0x00000000800002B8 (0x00000013) addi zero, zero, 0x0
mem[X,0x00000000800002BC] -> 0x0013
mem[X,0x00000000800002BE] -> 0x0000
[180] [M]: 0x00000000800002BC (0x00000013) addi zero, zero, 0x0
mem[X,0x00000000800002C0] -> 0x4F83
mem[X,0x00000000800002C2] -> 0x000E
[181] [M]: 0x00000000800002C0 (0x000E4F83) lbu t6, 0x0(t3)
mem[R,0x0000000080002002] -> 0xBE
x31 <- 0x00000000000000BE
mem[X,0x00000000800002C4] -> 0x0013
mem[X,0x00000000800002C6] -> 0x0000
[182] [M]: 0x00000000800002C4 (0x00000013) addi zero, zero, 0x0
mem[X,0x00000000800002C8] -> 0x0013
mem[X,0x00000000800002CA] -> 0x0000
[183] [M]: 0x00000000800002C8 (0x00000013) addi zero, zero, 0x0
mem[X,0x00000000800002CC] -> 0x3023
mem[X,0x00000000800002CE] -> 0x03F1
[184] [M]: 0x00000000800002CC (0x03F13023) sd t6, 0x20(sp)
mem[0x0000000080003138] <- 0x00000000000000BE
mem[X,0x00000000800002D0] -> 0x0013
mem[X,0x00000000800002D2] -> 0x0000
[185] [M]: 0x00000000800002D0 (0x00000013) addi zero, zero, 0x0
mem[X,0x00000000800002D4] -> 0x0013
mem[X,0x00000000800002D6] -> 0x0000
[186] [M]: 0x00000000800002D4 (0x00000013) addi zero, zero, 0x0
mem[X,0x00000000800002D8] -> 0x0013
mem[X,0x00000000800002DA] -> 0x0000
[187] [M]: 0x00000000800002D8 (0x00000013) addi zero, zero, 0x0
mem[X,0x00000000800002DC] -> 0x0013
mem[X,0x00000000800002DE] -> 0x0000
[188] [M]: 0x00000000800002DC (0x00000013) addi zero, zero, 0x0
mem[X,0x00000000800002E0] -> 0x2797
mem[X,0x00000000800002E2] -> 0x0000
[189] [M]: 0x00000000800002E0 (0x00002797) auipc a5, 0x2
x15 <- 0x00000000800022E0
mem[X,0x00000000800002E4] -> 0x8793
mem[X,0x00000000800002E6] -> 0xD217
[190] [M]: 0x00000000800002E4 (0xD2178793) addi a5, a5, -0x2df
x15 <- 0x0000000080002001
mem[X,0x00000000800002E8] -> 0x0013
mem[X,0x00000000800002EA] -> 0x0000
[191] [M]: 0x00000000800002E8 (0x00000013) addi zero, zero, 0x0
mem[X,0x00000000800002EC] -> 0x0013
mem[X,0x00000000800002EE] -> 0x0000
[192] [M]: 0x00000000800002EC (0x00000013) addi zero, zero, 0x0
mem[X,0x00000000800002F0] -> 0x0013
mem[X,0x00000000800002F2] -> 0x0000
[193] [M]: 0x00000000800002F0 (0x00000013) addi zero, zero, 0x0
mem[X,0x00000000800002F4] -> 0x0013
mem[X,0x00000000800002F6] -> 0x0000
[194] [M]: 0x00000000800002F4 (0x00000013) addi zero, zero, 0x0
mem[X,0x00000000800002F8] -> 0x0013
mem[X,0x00000000800002FA] -> 0x0000
[195] [M]: 0x00000000800002F8 (0x00000013) addi zero, zero, 0x0
mem[X,0x00000000800002FC] -> 0x0013
mem[X,0x00000000800002FE] -> 0x0000
[196] [M]: 0x00000000800002FC (0x00000013) addi zero, zero, 0x0
mem[X,0x0000000080000300] -> 0xCC83
mem[X,0x0000000080000302] -> 0x0017
[197] [M]: 0x0000000080000300 (0x0017CC83) lbu s9, 0x1(a5)
mem[R,0x0000000080002002] -> 0xBE
x25 <- 0x00000000000000BE
mem[X,0x0000000080000304] -> 0x0013
mem[X,0x0000000080000306] -> 0x0000
[198] [M]: 0x0000000080000304 (0x00000013) addi zero, zero, 0x0
mem[X,0x0000000080000308] -> 0x0013
mem[X,0x000000008000030A] -> 0x0000
[199] [M]: 0x0000000080000308 (0x00000013) addi zero, zero, 0x0
clint::tick mtime <- 0x0000000000000002
 clint timer pending at mtime 0x0000000000000002
htif::tick 0x0000000000000000
mem[X,0x000000008000030C] -> 0x3423
mem[X,0x000000008000030E] -> 0x0391
[200] [M]: 0x000000008000030C (0x03913423) sd s9, 0x28(sp)
mem[0x0000000080003140] <- 0x00000000000000BE
mem[X,0x0000000080000310] -> 0x0013
mem[X,0x0000000080000312] -> 0x0000
[201] [M]: 0x0000000080000310 (0x00000013) addi zero, zero, 0x0
mem[X,0x0000000080000314] -> 0x0013
mem[X,0x0000000080000316] -> 0x0000
[202] [M]: 0x0000000080000314 (0x00000013) addi zero, zero, 0x0
mem[X,0x0000000080000318] -> 0x0013
mem[X,0x000000008000031A] -> 0x0000
[203] [M]: 0x0000000080000318 (0x00000013) addi zero, zero, 0x0
mem[X,0x000000008000031C] -> 0x0013
mem[X,0x000000008000031E] -> 0x0000
[204] [M]: 0x000000008000031C (0x00000013) addi zero, zero, 0x0
mem[X,0x0000000080000320] -> 0x2917
mem[X,0x0000000080000322] -> 0x0000
[205] [M]: 0x0000000080000320 (0x00002917) auipc s2, 0x2
x18 <- 0x0000000080002320
mem[X,0x0000000080000324] -> 0x0913
mem[X,0x0000000080000326] -> 0xCE09
[206] [M]: 0x0000000080000324 (0xCE090913) addi s2, s2, -0x320
x18 <- 0x0000000080002000
mem[X,0x0000000080000328] -> 0x0013
mem[X,0x000000008000032A] -> 0x0000
[207] [M]: 0x0000000080000328 (0x00000013) addi zero, zero, 0x0
mem[X,0x000000008000032C] -> 0x0013
mem[X,0x000000008000032E] -> 0x0000
[208] [M]: 0x000000008000032C (0x00000013) addi zero, zero, 0x0
mem[X,0x0000000080000330] -> 0x0013
mem[X,0x0000000080000332] -> 0x0000
[209] [M]: 0x0000000080000330 (0x00000013) addi zero, zero, 0x0
mem[X,0x0000000080000334] -> 0x0013
mem[X,0x0000000080000336] -> 0x0000
[210] [M]: 0x0000000080000334 (0x00000013) addi zero, zero, 0x0
mem[X,0x0000000080000338] -> 0x0013
mem[X,0x000000008000033A] -> 0x0000
[211] [M]: 0x0000000080000338 (0x00000013) addi zero, zero, 0x0
mem[X,0x000000008000033C] -> 0x0013
mem[X,0x000000008000033E] -> 0x0000
[212] [M]: 0x000000008000033C (0x00000013) addi zero, zero, 0x0
mem[X,0x0000000080000340] -> 0x4E83
mem[X,0x0000000080000342] -> 0x0029
[213] [M]: 0x0000000080000340 (0x00294E83) lbu t4, 0x2(s2)
mem[R,0x0000000080002002] -> 0xBE
x29 <- 0x00000000000000BE
mem[X,0x0000000080000344] -> 0x0013
mem[X,0x0000000080000346] -> 0x0000
[214] [M]: 0x0000000080000344 (0x00000013) addi zero, zero, 0x0
mem[X,0x0000000080000348] -> 0x0013
mem[X,0x000000008000034A] -> 0x0000
[215] [M]: 0x0000000080000348 (0x00000013) addi zero, zero, 0x0
mem[X,0x000000008000034C] -> 0x3823
mem[X,0x000000008000034E] -> 0x03D1
[216] [M]: 0x000000008000034C (0x03D13823) sd t4, 0x30(sp)
mem[0x0000000080003148] <- 0x00000000000000BE
mem[X,0x0000000080000350] -> 0x0013
mem[X,0x0000000080000352] -> 0x0000
[217] [M]: 0x0000000080000350 (0x00000013) addi zero, zero, 0x0
mem[X,0x0000000080000354] -> 0x0013
mem[X,0x0000000080000356] -> 0x0000
[218] [M]: 0x0000000080000354 (0x00000013) addi zero, zero, 0x0
mem[X,0x0000000080000358] -> 0x0013
mem[X,0x000000008000035A] -> 0x0000
[219] [M]: 0x0000000080000358 (0x00000013) addi zero, zero, 0x0
mem[X,0x000000008000035C] -> 0x0013
mem[X,0x000000008000035E] -> 0x0000
[220] [M]: 0x000000008000035C (0x00000013) addi zero, zero, 0x0
mem[X,0x0000000080000360] -> 0x2D17
mem[X,0x0000000080000362] -> 0x0000
[221] [M]: 0x0000000080000360 (0x00002D17) auipc s10, 0x2
x26 <- 0x0000000080002360
mem[X,0x0000000080000364] -> 0x0D13
mem[X,0x0000000080000366] -> 0x8A3D
[222] [M]: 0x0000000080000364 (0x8A3D0D13) addi s10, s10, -0x75d
x26 <- 0x0000000080001C03
mem[X,0x0000000080000368] -> 0x0013
mem[X,0x000000008000036A] -> 0x0000
[223] [M]: 0x0000000080000368 (0x00000013) addi zero, zero, 0x0
mem[X,0x000000008000036C] -> 0x0013
mem[X,0x000000008000036E] -> 0x0000
[224] [M]: 0x000000008000036C (0x00000013) addi zero, zero, 0x0
mem[X,0x0000000080000370] -> 0x0013
mem[X,0x0000000080000372] -> 0x0000
[225] [M]: 0x0000000080000370 (0x00000013) addi zero, zero, 0x0
mem[X,0x0000000080000374] -> 0x0013
mem[X,0x0000000080000376] -> 0x0000
[226] [M]: 0x0000000080000374 (0x00000013) addi zero, zero, 0x0
mem[X,0x0000000080000378] -> 0x0013
mem[X,0x000000008000037A] -> 0x0000
[227] [M]: 0x0000000080000378 (0x00000013) addi zero, zero, 0x0
mem[X,0x000000008000037C] -> 0x0013
mem[X,0x000000008000037E] -> 0x0000
[228] [M]: 0x000000008000037C (0x00000013) addi zero, zero, 0x0
mem[X,0x0000000080000380] -> 0x4803
mem[X,0x0000000080000382] -> 0x3FFD
[229] [M]: 0x0000000080000380 (0x3FFD4803) lbu a6, 0x3ff(s10)
mem[R,0x0000000080002002] -> 0xBE
x16 <- 0x00000000000000BE
mem[X,0x0000000080000384] -> 0x0013
mem[X,0x0000000080000386] -> 0x0000
[230] [M]: 0x0000000080000384 (0x00000013) addi zero, zero, 0x0
mem[X,0x0000000080000388] -> 0x0013
mem[X,0x000000008000038A] -> 0x0000
[231] [M]: 0x0000000080000388 (0x00000013) addi zero, zero, 0x0
mem[X,0x000000008000038C] -> 0x3C23
mem[X,0x000000008000038E] -> 0x0301
[232] [M]: 0x000000008000038C (0x03013C23) sd a6, 0x38(sp)
mem[0x0000000080003150] <- 0x00000000000000BE
mem[X,0x0000000080000390] -> 0x0013
mem[X,0x0000000080000392] -> 0x0000
[233] [M]: 0x0000000080000390 (0x00000013) addi zero, zero, 0x0
mem[X,0x0000000080000394] -> 0x0013
mem[X,0x0000000080000396] -> 0x0000
[234] [M]: 0x0000000080000394 (0x00000013) addi zero, zero, 0x0
mem[X,0x0000000080000398] -> 0x0013
mem[X,0x000000008000039A] -> 0x0000
[235] [M]: 0x0000000080000398 (0x00000013) addi zero, zero, 0x0
mem[X,0x000000008000039C] -> 0x0013
mem[X,0x000000008000039E] -> 0x0000
[236] [M]: 0x000000008000039C (0x00000013) addi zero, zero, 0x0
mem[X,0x00000000800003A0] -> 0x2F17
mem[X,0x00000000800003A2] -> 0x0000
[237] [M]: 0x00000000800003A0 (0x00002F17) auipc t5, 0x2
x30 <- 0x00000000800023A0
mem[X,0x00000000800003A4] -> 0x0F13
mem[X,0x00000000800003A6] -> 0xB61F
[238] [M]: 0x00000000800003A4 (0xB61F0F13) addi t5, t5, -0x49f
x30 <- 0x0000000080001F01
mem[X,0x00000000800003A8] -> 0x0013
mem[X,0x00000000800003AA] -> 0x0000
[239] [M]: 0x00000000800003A8 (0x00000013) addi zero, zero, 0x0
mem[X,0x00000000800003AC] -> 0x0013
mem[X,0x00000000800003AE] -> 0x0000
[240] [M]: 0x00000000800003AC (0x00000013) addi zero, zero, 0x0
mem[X,0x00000000800003B0] -> 0x0013
mem[X,0x00000000800003B2] -> 0x0000
[241] [M]: 0x00000000800003B0 (0x00000013) addi zero, zero, 0x0
mem[X,0x00000000800003B4] -> 0x0013
mem[X,0x00000000800003B6] -> 0x0000
[242] [M]: 0x00000000800003B4 (0x00000013) addi zero, zero, 0x0
mem[X,0x00000000800003B8] -> 0x0013
mem[X,0x00000000800003BA] -> 0x0000
[243] [M]: 0x00000000800003B8 (0x00000013) addi zero, zero, 0x0
mem[X,0x00000000800003BC] -> 0x0013
mem[X,0x00000000800003BE] -> 0x0000
[244] [M]: 0x00000000800003BC (0x00000013) addi zero, zero, 0x0
mem[X,0x00000000800003C0] -> 0x4603
mem[X,0x00000000800003C2] -> 0x100F
[245] [M]: 0x00000000800003C0 (0x100F4603) lbu a2, 0x100(t5)
mem[R,0x0000000080002001] -> 0xCA
x12 <- 0x00000000000000CA
mem[X,0x00000000800003C4] -> 0x0013
mem[X,0x00000000800003C6] -> 0x0000
[246] [M]: 0x00000000800003C4 (0x00000013) addi zero, zero, 0x0
mem[X,0x00000000800003C8] -> 0x0013
mem[X,0x00000000800003CA] -> 0x0000
[247] [M]: 0x00000000800003C8 (0x00000013) addi zero, zero, 0x0
mem[X,0x00000000800003CC] -> 0x3023
mem[X,0x00000000800003CE] -> 0x04C1
[248] [M]: 0x00000000800003CC (0x04C13023) sd a2, 0x40(sp)
mem[0x0000000080003158] <- 0x00000000000000CA
mem[X,0x00000000800003D0] -> 0x0013
mem[X,0x00000000800003D2] -> 0x0000
[249] [M]: 0x00000000800003D0 (0x00000013) addi zero, zero, 0x0
mem[X,0x00000000800003D4] -> 0x0013
mem[X,0x00000000800003D6] -> 0x0000
[250] [M]: 0x00000000800003D4 (0x00000013) addi zero, zero, 0x0
mem[X,0x00000000800003D8] -> 0x0013
mem[X,0x00000000800003DA] -> 0x0000
[251] [M]: 0x00000000800003D8 (0x00000013) addi zero, zero, 0x0
mem[X,0x00000000800003DC] -> 0x0013
mem[X,0x00000000800003DE] -> 0x0000
[252] [M]: 0x00000000800003DC (0x00000013) addi zero, zero, 0x0
mem[X,0x00000000800003E0] -> 0x2217
mem[X,0x00000000800003E2] -> 0x0000
[253] [M]: 0x00000000800003E0 (0x00002217) auipc tp, 0x2
x4 <- 0x00000000800023E0
mem[X,0x00000000800003E4] -> 0x0213
mem[X,0x00000000800003E6] -> 0xC1C2
[254] [M]: 0x00000000800003E4 (0xC1C20213) addi tp, tp, -0x3e4
x4 <- 0x0000000080001FFC
mem[X,0x00000000800003E8] -> 0x0013
mem[X,0x00000000800003EA] -> 0x0000
[255] [M]: 0x00000000800003E8 (0x00000013) addi zero, zero, 0x0
mem[X,0x00000000800003EC] -> 0x0013
mem[X,0x00000000800003EE] -> 0x0000
[256] [M]: 0x00000000800003EC (0x00000013) addi zero, zero, 0x0
mem[X,0x00000000800003F0] -> 0x0013
mem[X,0x00000000800003F2] -> 0x0000
[257] [M]: 0x00000000800003F0 (0x00000013) addi zero, zero, 0x0
mem[X,0x00000000800003F4] -> 0x0013
mem[X,0x00000000800003F6] -> 0x0000
[258] [M]: 0x00000000800003F4 (0x00000013) addi zero, zero, 0x0
mem[X,0x00000000800003F8] -> 0x0013
mem[X,0x00000000800003FA] -> 0x0000
[259] [M]: 0x00000000800003F8 (0x00000013) addi zero, zero, 0x0
mem[X,0x00000000800003FC] -> 0x0013
mem[X,0x00000000800003FE] -> 0x0000
[260] [M]: 0x00000000800003FC (0x00000013) addi zero, zero, 0x0
mem[X,0x0000000080000400] -> 0x4403
mem[X,0x0000000080000402] -> 0x0052
[261] [M]: 0x0000000080000400 (0x00524403) lbu fp, 0x5(tp)
mem[R,0x0000000080002001] -> 0xCA
x8 <- 0x00000000000000CA
mem[X,0x0000000080000404] -> 0x0013
mem[X,0x0000000080000406] -> 0x0000
[262] [M]: 0x0000000080000404 (0x00000013) addi zero, zero, 0x0
mem[X,0x0000000080000408] -> 0x0013
mem[X,0x000000008000040A] -> 0x0000
[263] [M]: 0x0000000080000408 (0x00000013) addi zero, zero, 0x0
mem[X,0x000000008000040C] -> 0x3423
mem[X,0x000000008000040E] -> 0x0481
[264] [M]: 0x000000008000040C (0x04813423) sd fp, 0x48(sp)
mem[0x0000000080003160] <- 0x00000000000000CA
mem[X,0x0000000080000410] -> 0x0013
mem[X,0x0000000080000412] -> 0x0000
[265] [M]: 0x0000000080000410 (0x00000013) addi zero, zero, 0x0
mem[X,0x0000000080000414] -> 0x0013
mem[X,0x0000000080000416] -> 0x0000
[266] [M]: 0x0000000080000414 (0x00000013) addi zero, zero, 0x0
mem[X,0x0000000080000418] -> 0x0013
mem[X,0x000000008000041A] -> 0x0000
[267] [M]: 0x0000000080000418 (0x00000013) addi zero, zero, 0x0
mem[X,0x000000008000041C] -> 0x0013
mem[X,0x000000008000041E] -> 0x0000
[268] [M]: 0x000000008000041C (0x00000013) addi zero, zero, 0x0
mem[X,0x0000000080000420] -> 0x2717
mem[X,0x0000000080000422] -> 0x0000
[269] [M]: 0x0000000080000420 (0x00002717) auipc a4, 0x2
x14 <- 0x0000000080002420
mem[X,0x0000000080000424] -> 0x0713
mem[X,0x0000000080000426] -> 0x1367
[270] [M]: 0x0000000080000424 (0x13670713) addi a4, a4, 0x136
x14 <- 0x0000000080002556
mem[X,0x0000000080000428] -> 0x0013
mem[X,0x000000008000042A] -> 0x0000
[271] [M]: 0x0000000080000428 (0x00000013) addi zero, zero, 0x0
mem[X,0x000000008000042C] -> 0x0013
mem[X,0x000000008000042E] -> 0x0000
[272] [M]: 0x000000008000042C (0x00000013) addi zero, zero, 0x0
mem[X,0x0000000080000430] -> 0x0013
mem[X,0x0000000080000432] -> 0x0000
[273] [M]: 0x0000000080000430 (0x00000013) addi zero, zero, 0x0
mem[X,0x0000000080000434] -> 0x0013
mem[X,0x0000000080000436] -> 0x0000
[274] [M]: 0x0000000080000434 (0x00000013) addi zero, zero, 0x0
mem[X,0x0000000080000438] -> 0x0013
mem[X,0x000000008000043A] -> 0x0000
[275] [M]: 0x0000000080000438 (0x00000013) addi zero, zero, 0x0
mem[X,0x000000008000043C] -> 0x0013
mem[X,0x000000008000043E] -> 0x0000
[276] [M]: 0x000000008000043C (0x00000013) addi zero, zero, 0x0
mem[X,0x0000000080000440] -> 0x4B03
mem[X,0x0000000080000442] -> 0xAAA7
[277] [M]: 0x0000000080000440 (0xAAA74B03) lbu s6, -0x556(a4)
mem[R,0x0000000080002000] -> 0xFE
x22 <- 0x00000000000000FE
mem[X,0x0000000080000444] -> 0x0013
mem[X,0x0000000080000446] -> 0x0000
[278] [M]: 0x0000000080000444 (0x00000013) addi zero, zero, 0x0
mem[X,0x0000000080000448] -> 0x0013
mem[X,0x000000008000044A] -> 0x0000
[279] [M]: 0x0000000080000448 (0x00000013) addi zero, zero, 0x0
mem[X,0x000000008000044C] -> 0x3823
mem[X,0x000000008000044E] -> 0x0561
[280] [M]: 0x000000008000044C (0x05613823) sd s6, 0x50(sp)
mem[0x0000000080003168] <- 0x00000000000000FE
mem[X,0x0000000080000450] -> 0x0013
mem[X,0x0000000080000452] -> 0x0000
[281] [M]: 0x0000000080000450 (0x00000013) addi zero, zero, 0x0
mem[X,0x0000000080000454] -> 0x0013
mem[X,0x0000000080000456] -> 0x0000
[282] [M]: 0x0000000080000454 (0x00000013) addi zero, zero, 0x0
mem[X,0x0000000080000458] -> 0x0013
mem[X,0x000000008000045A] -> 0x0000
[283] [M]: 0x0000000080000458 (0x00000013) addi zero, zero, 0x0
mem[X,0x000000008000045C] -> 0x0013
mem[X,0x000000008000045E] -> 0x0000
[284] [M]: 0x000000008000045C (0x00000013) addi zero, zero, 0x0
mem[X,0x0000000080000460] -> 0x2617
mem[X,0x0000000080000462] -> 0x0000
[285] [M]: 0x0000000080000460 (0x00002617) auipc a2, 0x2
x12 <- 0x0000000080002460
mem[X,0x0000000080000464] -> 0x0613
mem[X,0x0000000080000466] -> 0xBAB6
[286] [M]: 0x0000000080000464 (0xBAB60613) addi a2, a2, -0x455
x12 <- 0x000000008000200B
mem[X,0x0000000080000468] -> 0x0013
mem[X,0x000000008000046A] -> 0x0000
[287] [M]: 0x0000000080000468 (0x00000013) addi zero, zero, 0x0
mem[X,0x000000008000046C] -> 0x0013
mem[X,0x000000008000046E] -> 0x0000
[288] [M]: 0x000000008000046C (0x00000013) addi zero, zero, 0x0
mem[X,0x0000000080000470] -> 0x0013
mem[X,0x0000000080000472] -> 0x0000
[289] [M]: 0x0000000080000470 (0x00000013) addi zero, zero, 0x0
mem[X,0x0000000080000474] -> 0x0013
mem[X,0x0000000080000476] -> 0x0000
[290] [M]: 0x0000000080000474 (0x00000013) addi zero, zero, 0x0
mem[X,0x0000000080000478] -> 0x0013
mem[X,0x000000008000047A] -> 0x0000
[291] [M]: 0x0000000080000478 (0x00000013) addi zero, zero, 0x0
mem[X,0x000000008000047C] -> 0x0013
mem[X,0x000000008000047E] -> 0x0000
[292] [M]: 0x000000008000047C (0x00000013) addi zero, zero, 0x0
mem[X,0x0000000080000480] -> 0x4903
mem[X,0x0000000080000482] -> 0xFF66
[293] [M]: 0x0000000080000480 (0xFF664903) lbu s2, -0xa(a2)
mem[R,0x0000000080002001] -> 0xCA
x18 <- 0x00000000000000CA
mem[X,0x0000000080000484] -> 0x0013
mem[X,0x0000000080000486] -> 0x0000
[294] [M]: 0x0000000080000484 (0x00000013) addi zero, zero, 0x0
mem[X,0x0000000080000488] -> 0x0013
mem[X,0x000000008000048A] -> 0x0000
[295] [M]: 0x0000000080000488 (0x00000013) addi zero, zero, 0x0
mem[X,0x000000008000048C] -> 0x3C23
mem[X,0x000000008000048E] -> 0x0521
[296] [M]: 0x000000008000048C (0x05213C23) sd s2, 0x58(sp)
mem[0x0000000080003170] <- 0x00000000000000CA
mem[X,0x0000000080000490] -> 0x0013
mem[X,0x0000000080000492] -> 0x0000
[297] [M]: 0x0000000080000490 (0x00000013) addi zero, zero, 0x0
mem[X,0x0000000080000494] -> 0x0013
mem[X,0x0000000080000496] -> 0x0000
[298] [M]: 0x0000000080000494 (0x00000013) addi zero, zero, 0x0
mem[X,0x0000000080000498] -> 0x0013
mem[X,0x000000008000049A] -> 0x0000
[299] [M]: 0x0000000080000498 (0x00000013) addi zero, zero, 0x0
clint::tick mtime <- 0x0000000000000003
 clint timer pending at mtime 0x0000000000000003
htif::tick 0x0000000000000000
mem[X,0x000000008000049C] -> 0x0013
mem[X,0x000000008000049E] -> 0x0000
[300] [M]: 0x000000008000049C (0x00000013) addi zero, zero, 0x0
mem[X,0x00000000800004A0] -> 0x2597
mem[X,0x00000000800004A2] -> 0x0000
[301] [M]: 0x00000000800004A0 (0x00002597) auipc a1, 0x2
x11 <- 0x00000000800024A0
mem[X,0x00000000800004A4] -> 0x8593
mem[X,0x00000000800004A6] -> 0xB825
[302] [M]: 0x00000000800004A4 (0xB8258593) addi a1, a1, -0x47e
x11 <- 0x0000000080002022
mem[X,0x00000000800004A8] -> 0x0013
mem[X,0x00000000800004AA] -> 0x0000
[303] [M]: 0x00000000800004A8 (0x00000013) addi zero, zero, 0x0
mem[X,0x00000000800004AC] -> 0x0013
mem[X,0x00000000800004AE] -> 0x0000
[304] [M]: 0x00000000800004AC (0x00000013) addi zero, zero, 0x0
mem[X,0x00000000800004B0] -> 0x0013
mem[X,0x00000000800004B2] -> 0x0000
[305] [M]: 0x00000000800004B0 (0x00000013) addi zero, zero, 0x0
mem[X,0x00000000800004B4] -> 0x0013
mem[X,0x00000000800004B6] -> 0x0000
[306] [M]: 0x00000000800004B4 (0x00000013) addi zero, zero, 0x0
mem[X,0x00000000800004B8] -> 0x0013
mem[X,0x00000000800004BA] -> 0x0000
[307] [M]: 0x00000000800004B8 (0x00000013) addi zero, zero, 0x0
mem[X,0x00000000800004BC] -> 0x0013
mem[X,0x00000000800004BE] -> 0x0000
[308] [M]: 0x00000000800004BC (0x00000013) addi zero, zero, 0x0
mem[X,0x00000000800004C0] -> 0xC783
mem[X,0x00000000800004C2] -> 0xFDF5
[309] [M]: 0x00000000800004C0 (0xFDF5C783) lbu a5, -0x21(a1)
mem[R,0x0000000080002001] -> 0xCA
x15 <- 0x00000000000000CA
mem[X,0x00000000800004C4] -> 0x0013
mem[X,0x00000000800004C6] -> 0x0000
[310] [M]: 0x00000000800004C4 (0x00000013) addi zero, zero, 0x0
mem[X,0x00000000800004C8] -> 0x0013
mem[X,0x00000000800004CA] -> 0x0000
[311] [M]: 0x00000000800004C8 (0x00000013) addi zero, zero, 0x0
mem[X,0x00000000800004CC] -> 0x3023
mem[X,0x00000000800004CE] -> 0x06F1
[312] [M]: 0x00000000800004CC (0x06F13023) sd a5, 0x60(sp)
mem[0x0000000080003178] <- 0x00000000000000CA
mem[X,0x00000000800004D0] -> 0x0013
mem[X,0x00000000800004D2] -> 0x0000
[313] [M]: 0x00000000800004D0 (0x00000013) addi zero, zero, 0x0
mem[X,0x00000000800004D4] -> 0x0013
mem[X,0x00000000800004D6] -> 0x0000
[314] [M]: 0x00000000800004D4 (0x00000013) addi zero, zero, 0x0
mem[X,0x00000000800004D8] -> 0x0013
mem[X,0x00000000800004DA] -> 0x0000
[315] [M]: 0x00000000800004D8 (0x00000013) addi zero, zero, 0x0
mem[X,0x00000000800004DC] -> 0x0013
mem[X,0x00000000800004DE] -> 0x0000
[316] [M]: 0x00000000800004DC (0x00000013) addi zero, zero, 0x0
mem[X,0x00000000800004E0] -> 0x2C17
mem[X,0x00000000800004E2] -> 0x0000
[317] [M]: 0x00000000800004E0 (0x00002C17) auipc s8, 0x2
x24 <- 0x00000000800024E0
mem[X,0x00000000800004E4] -> 0x0C13
mem[X,0x00000000800004E6] -> 0xAE3C
[318] [M]: 0x00000000800004E4 (0xAE3C0C13) addi s8, s8, -0x51d
x24 <- 0x0000000080001FC3
mem[X,0x00000000800004E8] -> 0x0013
mem[X,0x00000000800004EA] -> 0x0000
[319] [M]: 0x00000000800004E8 (0x00000013) addi zero, zero, 0x0
mem[X,0x00000000800004EC] -> 0x0013
mem[X,0x00000000800004EE] -> 0x0000
[320] [M]: 0x00000000800004EC (0x00000013) addi zero, zero, 0x0
mem[X,0x00000000800004F0] -> 0x0013
mem[X,0x00000000800004F2] -> 0x0000
[321] [M]: 0x00000000800004F0 (0x00000013) addi zero, zero, 0x0
mem[X,0x00000000800004F4] -> 0x0013
mem[X,0x00000000800004F6] -> 0x0000
[322] [M]: 0x00000000800004F4 (0x00000013) addi zero, zero, 0x0
mem[X,0x00000000800004F8] -> 0x0013
mem[X,0x00000000800004FA] -> 0x0000
[323] [M]: 0x00000000800004F8 (0x00000013) addi zero, zero, 0x0
mem[X,0x00000000800004FC] -> 0x0013
mem[X,0x00000000800004FE] -> 0x0000
[324] [M]: 0x00000000800004FC (0x00000013) addi zero, zero, 0x0
mem[X,0x0000000080000500] -> 0x4883
mem[X,0x0000000080000502] -> 0x040C
[325] [M]: 0x0000000080000500 (0x040C4883) lbu a7, 0x40(s8)
mem[R,0x0000000080002003] -> 0xBA
x17 <- 0x00000000000000BA
mem[X,0x0000000080000504] -> 0x0013
mem[X,0x0000000080000506] -> 0x0000
[326] [M]: 0x0000000080000504 (0x00000013) addi zero, zero, 0x0
mem[X,0x0000000080000508] -> 0x0013
mem[X,0x000000008000050A] -> 0x0000
[327] [M]: 0x0000000080000508 (0x00000013) addi zero, zero, 0x0
mem[X,0x000000008000050C] -> 0x3423
mem[X,0x000000008000050E] -> 0x0711
[328] [M]: 0x000000008000050C (0x07113423) sd a7, 0x68(sp)
mem[0x0000000080003180] <- 0x00000000000000BA
mem[X,0x0000000080000510] -> 0x0013
mem[X,0x0000000080000512] -> 0x0000
[329] [M]: 0x0000000080000510 (0x00000013) addi zero, zero, 0x0
mem[X,0x0000000080000514] -> 0x0013
mem[X,0x0000000080000516] -> 0x0000
[330] [M]: 0x0000000080000514 (0x00000013) addi zero, zero, 0x0
mem[X,0x0000000080000518] -> 0x0013
mem[X,0x000000008000051A] -> 0x0000
[331] [M]: 0x0000000080000518 (0x00000013) addi zero, zero, 0x0
mem[X,0x000000008000051C] -> 0x0013
mem[X,0x000000008000051E] -> 0x0000
[332] [M]: 0x000000008000051C (0x00000013) addi zero, zero, 0x0
mem[X,0x0000000080000520] -> 0x2817
mem[X,0x0000000080000522] -> 0x0000
[333] [M]: 0x0000000080000520 (0x00002817) auipc a6, 0x2
x16 <- 0x0000000080002520
mem[X,0x0000000080000524] -> 0x0813
mem[X,0x0000000080000526] -> 0xAE28
[334] [M]: 0x0000000080000524 (0xAE280813) addi a6, a6, -0x51e
x16 <- 0x0000000080002002
mem[X,0x0000000080000528] -> 0x0013
mem[X,0x000000008000052A] -> 0x0000
[335] [M]: 0x0000000080000528 (0x00000013) addi zero, zero, 0x0
mem[X,0x000000008000052C] -> 0x0013
mem[X,0x000000008000052E] -> 0x0000
[336] [M]: 0x000000008000052C (0x00000013) addi zero, zero, 0x0
mem[X,0x0000000080000530] -> 0x0013
mem[X,0x0000000080000532] -> 0x0000
[337] [M]: 0x0000000080000530 (0x00000013) addi zero, zero, 0x0
mem[X,0x0000000080000534] -> 0x0013
mem[X,0x0000000080000536] -> 0x0000
[338] [M]: 0x0000000080000534 (0x00000013) addi zero, zero, 0x0
mem[X,0x0000000080000538] -> 0x0013
mem[X,0x000000008000053A] -> 0x0000
[339] [M]: 0x0000000080000538 (0x00000013) addi zero, zero, 0x0
mem[X,0x000000008000053C] -> 0x0013
mem[X,0x000000008000053E] -> 0x0000
[340] [M]: 0x000000008000053C (0x00000013) addi zero, zero, 0x0
mem[X,0x0000000080000540] -> 0x4B83
mem[X,0x0000000080000542] -> 0x0018
[341] [M]: 0x0000000080000540 (0x00184B83) lbu s7, 0x1(a6)
mem[R,0x0000000080002003] -> 0xBA
x23 <- 0x00000000000000BA
mem[X,0x0000000080000544] -> 0x0013
mem[X,0x0000000080000546] -> 0x0000
[342] [M]: 0x0000000080000544 (0x00000013) addi zero, zero, 0x0
mem[X,0x0000000080000548] -> 0x0013
mem[X,0x000000008000054A] -> 0x0000
[343] [M]: 0x0000000080000548 (0x00000013) addi zero, zero, 0x0
mem[X,0x000000008000054C] -> 0x3823
mem[X,0x000000008000054E] -> 0x0771
[344] [M]: 0x000000008000054C (0x07713823) sd s7, 0x70(sp)
mem[0x0000000080003188] <- 0x00000000000000BA
mem[X,0x0000000080000550] -> 0x0013
mem[X,0x0000000080000552] -> 0x0000
[345] [M]: 0x0000000080000550 (0x00000013) addi zero, zero, 0x0
mem[X,0x0000000080000554] -> 0x0013
mem[X,0x0000000080000556] -> 0x0000
[346] [M]: 0x0000000080000554 (0x00000013) addi zero, zero, 0x0
mem[X,0x0000000080000558] -> 0x0013
mem[X,0x000000008000055A] -> 0x0000
[347] [M]: 0x0000000080000558 (0x00000013) addi zero, zero, 0x0
mem[X,0x000000008000055C] -> 0x0013
mem[X,0x000000008000055E] -> 0x0000
[348] [M]: 0x000000008000055C (0x00000013) addi zero, zero, 0x0
mem[X,0x0000000080000560] -> 0x2097
mem[X,0x0000000080000562] -> 0x0000
[349] [M]: 0x0000000080000560 (0x00002097) auipc ra, 0x2
x1 <- 0x0000000080002560
mem[X,0x0000000080000564] -> 0x8093
mem[X,0x0000000080000566] -> 0xAA50
[350] [M]: 0x0000000080000564 (0xAA508093) addi ra, ra, -0x55b
x1 <- 0x0000000080002005
mem[X,0x0000000080000568] -> 0x0013
mem[X,0x000000008000056A] -> 0x0000
[351] [M]: 0x0000000080000568 (0x00000013) addi zero, zero, 0x0
mem[X,0x000000008000056C] -> 0x0013
mem[X,0x000000008000056E] -> 0x0000
[352] [M]: 0x000000008000056C (0x00000013) addi zero, zero, 0x0
mem[X,0x0000000080000570] -> 0x0013
mem[X,0x0000000080000572] -> 0x0000
[353] [M]: 0x0000000080000570 (0x00000013) addi zero, zero, 0x0
mem[X,0x0000000080000574] -> 0x0013
mem[X,0x0000000080000576] -> 0x0000
[354] [M]: 0x0000000080000574 (0x00000013) addi zero, zero, 0x0
mem[X,0x0000000080000578] -> 0x0013
mem[X,0x000000008000057A] -> 0x0000
[355] [M]: 0x0000000080000578 (0x00000013) addi zero, zero, 0x0
mem[X,0x000000008000057C] -> 0x0013
mem[X,0x000000008000057E] -> 0x0000
[356] [M]: 0x000000008000057C (0x00000013) addi zero, zero, 0x0
mem[X,0x0000000080000580] -> 0xC583
mem[X,0x0000000080000582] -> 0xFFE0
[357] [M]: 0x0000000080000580 (0xFFE0C583) lbu a1, -0x2(ra)
mem[R,0x0000000080002003] -> 0xBA
x11 <- 0x00000000000000BA
mem[X,0x0000000080000584] -> 0x0013
mem[X,0x0000000080000586] -> 0x0000
[358] [M]: 0x0000000080000584 (0x00000013) addi zero, zero, 0x0
mem[X,0x0000000080000588] -> 0x0013
mem[X,0x000000008000058A] -> 0x0000
[359] [M]: 0x0000000080000588 (0x00000013) addi zero, zero, 0x0
mem[X,0x000000008000058C] -> 0x3C23
mem[X,0x000000008000058E] -> 0x06B1
[360] [M]: 0x000000008000058C (0x06B13C23) sd a1, 0x78(sp)
mem[0x0000000080003190] <- 0x00000000000000BA
mem[X,0x0000000080000590] -> 0x0013
mem[X,0x0000000080000592] -> 0x0000
[361] [M]: 0x0000000080000590 (0x00000013) addi zero, zero, 0x0
mem[X,0x0000000080000594] -> 0x0013
mem[X,0x0000000080000596] -> 0x0000
[362] [M]: 0x0000000080000594 (0x00000013) addi zero, zero, 0x0
mem[X,0x0000000080000598] -> 0x0013
mem[X,0x000000008000059A] -> 0x0000
[363] [M]: 0x0000000080000598 (0x00000013) addi zero, zero, 0x0
mem[X,0x000000008000059C] -> 0x0013
mem[X,0x000000008000059E] -> 0x0000
[364] [M]: 0x000000008000059C (0x00000013) addi zero, zero, 0x0
mem[X,0x00000000800005A0] -> 0x2B97
mem[X,0x00000000800005A2] -> 0x0000
[365] [M]: 0x00000000800005A0 (0x00002B97) auipc s7, 0x2
x23 <- 0x00000000800025A0
mem[X,0x00000000800005A4] -> 0x8B93
mem[X,0x00000000800005A6] -> 0xA64B
[366] [M]: 0x00000000800005A4 (0xA64B8B93) addi s7, s7, -0x59c
x23 <- 0x0000000080002004
mem[X,0x00000000800005A8] -> 0x0013
mem[X,0x00000000800005AA] -> 0x0000
[367] [M]: 0x00000000800005A8 (0x00000013) addi zero, zero, 0x0
mem[X,0x00000000800005AC] -> 0x0013
mem[X,0x00000000800005AE] -> 0x0000
[368] [M]: 0x00000000800005AC (0x00000013) addi zero, zero, 0x0
mem[X,0x00000000800005B0] -> 0x0013
mem[X,0x00000000800005B2] -> 0x0000
[369] [M]: 0x00000000800005B0 (0x00000013) addi zero, zero, 0x0
mem[X,0x00000000800005B4] -> 0x0013
mem[X,0x00000000800005B6] -> 0x0000
[370] [M]: 0x00000000800005B4 (0x00000013) addi zero, zero, 0x0
mem[X,0x00000000800005B8] -> 0x0013
mem[X,0x00000000800005BA] -> 0x0000
[371] [M]: 0x00000000800005B8 (0x00000013) addi zero, zero, 0x0
mem[X,0x00000000800005BC] -> 0x0013
mem[X,0x00000000800005BE] -> 0x0000
[372] [M]: 0x00000000800005BC (0x00000013) addi zero, zero, 0x0
mem[X,0x00000000800005C0] -> 0xC003
mem[X,0x00000000800005C2] -> 0xFFFB
[373] [M]: 0x00000000800005C0 (0xFFFBC003) lbu zero, -0x1(s7)
mem[R,0x0000000080002003] -> 0xBA
mem[X,0x00000000800005C4] -> 0x0013
mem[X,0x00000000800005C6] -> 0x0000
[374] [M]: 0x00000000800005C4 (0x00000013) addi zero, zero, 0x0
mem[X,0x00000000800005C8] -> 0x0013
mem[X,0x00000000800005CA] -> 0x0000
[375] [M]: 0x00000000800005C8 (0x00000013) addi zero, zero, 0x0
mem[X,0x00000000800005CC] -> 0x3023
mem[X,0x00000000800005CE] -> 0x0801
[376] [M]: 0x00000000800005CC (0x08013023) sd zero, 0x80(sp)
mem[0x0000000080003198] <- 0x0000000000000000
mem[X,0x00000000800005D0] -> 0x0013
mem[X,0x00000000800005D2] -> 0x0000
[377] [M]: 0x00000000800005D0 (0x00000013) addi zero, zero, 0x0
mem[X,0x00000000800005D4] -> 0x0013
mem[X,0x00000000800005D6] -> 0x0000
[378] [M]: 0x00000000800005D4 (0x00000013) addi zero, zero, 0x0
mem[X,0x00000000800005D8] -> 0x0013
mem[X,0x00000000800005DA] -> 0x0000
[379] [M]: 0x00000000800005D8 (0x00000013) addi zero, zero, 0x0
mem[X,0x00000000800005DC] -> 0x0013
mem[X,0x00000000800005DE] -> 0x0000
[380] [M]: 0x00000000800005DC (0x00000013) addi zero, zero, 0x0
mem[X,0x00000000800005E0] -> 0x2C97
mem[X,0x00000000800005E2] -> 0x0000
[381] [M]: 0x00000000800005E0 (0x00002C97) auipc s9, 0x2
x25 <- 0x00000000800025E0
mem[X,0x00000000800005E4] -> 0x8C93
mem[X,0x00000000800005E6] -> 0x220C
[382] [M]: 0x00000000800005E4 (0x220C8C93) addi s9, s9, 0x220
x25 <- 0x0000000080002800
mem[X,0x00000000800005E8] -> 0x0013
mem[X,0x00000000800005EA] -> 0x0000
[383] [M]: 0x00000000800005E8 (0x00000013) addi zero, zero, 0x0
mem[X,0x00000000800005EC] -> 0x0013
mem[X,0x00000000800005EE] -> 0x0000
[384] [M]: 0x00000000800005EC (0x00000013) addi zero, zero, 0x0
mem[X,0x00000000800005F0] -> 0x0013
mem[X,0x00000000800005F2] -> 0x0000
[385] [M]: 0x00000000800005F0 (0x00000013) addi zero, zero, 0x0
mem[X,0x00000000800005F4] -> 0x0013
mem[X,0x00000000800005F6] -> 0x0000
[386] [M]: 0x00000000800005F4 (0x00000013) addi zero, zero, 0x0
mem[X,0x00000000800005F8] -> 0x0013
mem[X,0x00000000800005FA] -> 0x0000
[387] [M]: 0x00000000800005F8 (0x00000013) addi zero, zero, 0x0
mem[X,0x00000000800005FC] -> 0x0013
mem[X,0x00000000800005FE] -> 0x0000
[388] [M]: 0x00000000800005FC (0x00000013) addi zero, zero, 0x0
mem[X,0x0000000080000600] -> 0xCA83
mem[X,0x0000000080000602] -> 0x800C
[389] [M]: 0x0000000080000600 (0x800CCA83) lbu s5, -0x800(s9)
mem[R,0x0000000080002000] -> 0xFE
x21 <- 0x00000000000000FE
mem[X,0x0000000080000604] -> 0x0013
mem[X,0x0000000080000606] -> 0x0000
[390] [M]: 0x0000000080000604 (0x00000013) addi zero, zero, 0x0
mem[X,0x0000000080000608] -> 0x0013
mem[X,0x000000008000060A] -> 0x0000
[391] [M]: 0x0000000080000608 (0x00000013) addi zero, zero, 0x0
mem[X,0x000000008000060C] -> 0x3423
mem[X,0x000000008000060E] -> 0x0951
[392] [M]: 0x000000008000060C (0x09513423) sd s5, 0x88(sp)
mem[0x00000000800031A0] <- 0x00000000000000FE
mem[X,0x0000000080000610] -> 0x0013
mem[X,0x0000000080000612] -> 0x0000
[393] [M]: 0x0000000080000610 (0x00000013) addi zero, zero, 0x0
mem[X,0x0000000080000614] -> 0x0013
mem[X,0x0000000080000616] -> 0x0000
[394] [M]: 0x0000000080000614 (0x00000013) addi zero, zero, 0x0
mem[X,0x0000000080000618] -> 0x0013
mem[X,0x000000008000061A] -> 0x0000
[395] [M]: 0x0000000080000618 (0x00000013) addi zero, zero, 0x0
mem[X,0x000000008000061C] -> 0x0013
mem[X,0x000000008000061E] -> 0x0000
[396] [M]: 0x000000008000061C (0x00000013) addi zero, zero, 0x0
mem[X,0x0000000080000620] -> 0x2697
mem[X,0x0000000080000622] -> 0x0000
[397] [M]: 0x0000000080000620 (0x00002697) auipc a3, 0x2
x13 <- 0x0000000080002620
mem[X,0x0000000080000624] -> 0x8693
mem[X,0x0000000080000626] -> 0x1E06
[398] [M]: 0x0000000080000624 (0x1E068693) addi a3, a3, 0x1e0
x13 <- 0x0000000080002800
mem[X,0x0000000080000628] -> 0x0013
mem[X,0x000000008000062A] -> 0x0000
[399] [M]: 0x0000000080000628 (0x00000013) addi zero, zero, 0x0
clint::tick mtime <- 0x0000000000000004
 clint timer pending at mtime 0x0000000000000004
htif::tick 0x0000000000000000
mem[X,0x000000008000062C] -> 0x0013
mem[X,0x000000008000062E] -> 0x0000
[400] [M]: 0x000000008000062C (0x00000013) addi zero, zero, 0x0
mem[X,0x0000000080000630] -> 0x0013
mem[X,0x0000000080000632] -> 0x0000
[401] [M]: 0x0000000080000630 (0x00000013) addi zero, zero, 0x0
mem[X,0x0000000080000634] -> 0x0013
mem[X,0x0000000080000636] -> 0x0000
[402] [M]: 0x0000000080000634 (0x00000013) addi zero, zero, 0x0
mem[X,0x0000000080000638] -> 0x0013
mem[X,0x000000008000063A] -> 0x0000
[403] [M]: 0x0000000080000638 (0x00000013) addi zero, zero, 0x0
mem[X,0x000000008000063C] -> 0x0013
mem[X,0x000000008000063E] -> 0x0000
[404] [M]: 0x000000008000063C (0x00000013) addi zero, zero, 0x0
mem[X,0x0000000080000640] -> 0xC983
mem[X,0x0000000080000642] -> 0x8006
[405] [M]: 0x0000000080000640 (0x8006C983) lbu s3, -0x800(a3)
mem[R,0x0000000080002000] -> 0xFE
x19 <- 0x00000000000000FE
mem[X,0x0000000080000644] -> 0x0013
mem[X,0x0000000080000646] -> 0x0000
[406] [M]: 0x0000000080000644 (0x00000013) addi zero, zero, 0x0
mem[X,0x0000000080000648] -> 0x0013
mem[X,0x000000008000064A] -> 0x0000
[407] [M]: 0x0000000080000648 (0x00000013) addi zero, zero, 0x0
mem[X,0x000000008000064C] -> 0x3823
mem[X,0x000000008000064E] -> 0x0931
[408] [M]: 0x000000008000064C (0x09313823) sd s3, 0x90(sp)
mem[0x00000000800031A8] <- 0x00000000000000FE
mem[X,0x0000000080000650] -> 0x0013
mem[X,0x0000000080000652] -> 0x0000
[409] [M]: 0x0000000080000650 (0x00000013) addi zero, zero, 0x0
mem[X,0x0000000080000654] -> 0x0013
mem[X,0x0000000080000656] -> 0x0000
[410] [M]: 0x0000000080000654 (0x00000013) addi zero, zero, 0x0
mem[X,0x0000000080000658] -> 0x0013
mem[X,0x000000008000065A] -> 0x0000
[411] [M]: 0x0000000080000658 (0x00000013) addi zero, zero, 0x0
mem[X,0x000000008000065C] -> 0x0013
mem[X,0x000000008000065E] -> 0x0000
[412] [M]: 0x000000008000065C (0x00000013) addi zero, zero, 0x0
mem[X,0x0000000080000660] -> 0x2A97
mem[X,0x0000000080000662] -> 0x0000
[413] [M]: 0x0000000080000660 (0x00002A97) auipc s5, 0x2
x21 <- 0x0000000080002660
mem[X,0x0000000080000664] -> 0x8A93
mem[X,0x0000000080000666] -> 0x1A0A
[414] [M]: 0x0000000080000664 (0x1A0A8A93) addi s5, s5, 0x1a0
x21 <- 0x0000000080002800
mem[X,0x0000000080000668] -> 0x0013
mem[X,0x000000008000066A] -> 0x0000
[415] [M]: 0x0000000080000668 (0x00000013) addi zero, zero, 0x0
mem[X,0x000000008000066C] -> 0x0013
mem[X,0x000000008000066E] -> 0x0000
[416] [M]: 0x000000008000066C (0x00000013) addi zero, zero, 0x0
mem[X,0x0000000080000670] -> 0x0013
mem[X,0x0000000080000672] -> 0x0000
[417] [M]: 0x0000000080000670 (0x00000013) addi zero, zero, 0x0
mem[X,0x0000000080000674] -> 0x0013
mem[X,0x0000000080000676] -> 0x0000
[418] [M]: 0x0000000080000674 (0x00000013) addi zero, zero, 0x0
mem[X,0x0000000080000678] -> 0x0013
mem[X,0x000000008000067A] -> 0x0000
[419] [M]: 0x0000000080000678 (0x00000013) addi zero, zero, 0x0
mem[X,0x000000008000067C] -> 0x0013
mem[X,0x000000008000067E] -> 0x0000
[420] [M]: 0x000000008000067C (0x00000013) addi zero, zero, 0x0
mem[X,0x0000000080000680] -> 0xC203
mem[X,0x0000000080000682] -> 0x800A
[421] [M]: 0x0000000080000680 (0x800AC203) lbu tp, -0x800(s5)
mem[R,0x0000000080002000] -> 0xFE
x4 <- 0x00000000000000FE
mem[X,0x0000000080000684] -> 0x0013
mem[X,0x0000000080000686] -> 0x0000
[422] [M]: 0x0000000080000684 (0x00000013) addi zero, zero, 0x0
mem[X,0x0000000080000688] -> 0x0013
mem[X,0x000000008000068A] -> 0x0000
[423] [M]: 0x0000000080000688 (0x00000013) addi zero, zero, 0x0
mem[X,0x000000008000068C] -> 0x3C23
mem[X,0x000000008000068E] -> 0x0841
[424] [M]: 0x000000008000068C (0x08413C23) sd tp, 0x98(sp)
mem[0x00000000800031B0] <- 0x00000000000000FE
mem[X,0x0000000080000690] -> 0x0013
mem[X,0x0000000080000692] -> 0x0000
[425] [M]: 0x0000000080000690 (0x00000013) addi zero, zero, 0x0
mem[X,0x0000000080000694] -> 0x0013
mem[X,0x0000000080000696] -> 0x0000
[426] [M]: 0x0000000080000694 (0x00000013) addi zero, zero, 0x0
mem[X,0x0000000080000698] -> 0x0013
mem[X,0x000000008000069A] -> 0x0000
[427] [M]: 0x0000000080000698 (0x00000013) addi zero, zero, 0x0
mem[X,0x000000008000069C] -> 0x0013
mem[X,0x000000008000069E] -> 0x0000
[428] [M]: 0x000000008000069C (0x00000013) addi zero, zero, 0x0
mem[X,0x00000000800006A0] -> 0x2F97
mem[X,0x00000000800006A2] -> 0x0000
[429] [M]: 0x00000000800006A0 (0x00002F97) auipc t6, 0x2
x31 <- 0x00000000800026A0
mem[X,0x00000000800006A4] -> 0x8F93
mem[X,0x00000000800006A6] -> 0x160F
[430] [M]: 0x00000000800006A4 (0x160F8F93) addi t6, t6, 0x160
x31 <- 0x0000000080002800
mem[X,0x00000000800006A8] -> 0x0013
mem[X,0x00000000800006AA] -> 0x0000
[431] [M]: 0x00000000800006A8 (0x00000013) addi zero, zero, 0x0
mem[X,0x00000000800006AC] -> 0x0013
mem[X,0x00000000800006AE] -> 0x0000
[432] [M]: 0x00000000800006AC (0x00000013) addi zero, zero, 0x0
mem[X,0x00000000800006B0] -> 0x0013
mem[X,0x00000000800006B2] -> 0x0000
[433] [M]: 0x00000000800006B0 (0x00000013) addi zero, zero, 0x0
mem[X,0x00000000800006B4] -> 0x0013
mem[X,0x00000000800006B6] -> 0x0000
[434] [M]: 0x00000000800006B4 (0x00000013) addi zero, zero, 0x0
mem[X,0x00000000800006B8] -> 0x0013
mem[X,0x00000000800006BA] -> 0x0000
[435] [M]: 0x00000000800006B8 (0x00000013) addi zero, zero, 0x0
mem[X,0x00000000800006BC] -> 0x0013
mem[X,0x00000000800006BE] -> 0x0000
[436] [M]: 0x00000000800006BC (0x00000013) addi zero, zero, 0x0
mem[X,0x00000000800006C0] -> 0xC703
mem[X,0x00000000800006C2] -> 0x800F
[437] [M]: 0x00000000800006C0 (0x800FC703) lbu a4, -0x800(t6)
mem[R,0x0000000080002000] -> 0xFE
x14 <- 0x00000000000000FE
mem[X,0x00000000800006C4] -> 0x0013
mem[X,0x00000000800006C6] -> 0x0000
[438] [M]: 0x00000000800006C4 (0x00000013) addi zero, zero, 0x0
mem[X,0x00000000800006C8] -> 0x0013
mem[X,0x00000000800006CA] -> 0x0000
[439] [M]: 0x00000000800006C8 (0x00000013) addi zero, zero, 0x0
mem[X,0x00000000800006CC] -> 0x3023
mem[X,0x00000000800006CE] -> 0x0AE1
[440] [M]: 0x00000000800006CC (0x0AE13023) sd a4, 0xa0(sp)
mem[0x00000000800031B8] <- 0x00000000000000FE
mem[X,0x00000000800006D0] -> 0x0013
mem[X,0x00000000800006D2] -> 0x0000
[441] [M]: 0x00000000800006D0 (0x00000013) addi zero, zero, 0x0
mem[X,0x00000000800006D4] -> 0x0013
mem[X,0x00000000800006D6] -> 0x0000
[442] [M]: 0x00000000800006D4 (0x00000013) addi zero, zero, 0x0
mem[X,0x00000000800006D8] -> 0x0013
mem[X,0x00000000800006DA] -> 0x0000
[443] [M]: 0x00000000800006D8 (0x00000013) addi zero, zero, 0x0
mem[X,0x00000000800006DC] -> 0x0013
mem[X,0x00000000800006DE] -> 0x0000
[444] [M]: 0x00000000800006DC (0x00000013) addi zero, zero, 0x0
mem[X,0x00000000800006E0] -> 0x2B17
mem[X,0x00000000800006E2] -> 0x0000
[445] [M]: 0x00000000800006E0 (0x00002B17) auipc s6, 0x2
x22 <- 0x00000000800026E0
mem[X,0x00000000800006E4] -> 0x0B13
mem[X,0x00000000800006E6] -> 0x120B
[446] [M]: 0x00000000800006E4 (0x120B0B13) addi s6, s6, 0x120
x22 <- 0x0000000080002800
mem[X,0x00000000800006E8] -> 0x0013
mem[X,0x00000000800006EA] -> 0x0000
[447] [M]: 0x00000000800006E8 (0x00000013) addi zero, zero, 0x0
mem[X,0x00000000800006EC] -> 0x0013
mem[X,0x00000000800006EE] -> 0x0000
[448] [M]: 0x00000000800006EC (0x00000013) addi zero, zero, 0x0
mem[X,0x00000000800006F0] -> 0x0013
mem[X,0x00000000800006F2] -> 0x0000
[449] [M]: 0x00000000800006F0 (0x00000013) addi zero, zero, 0x0
mem[X,0x00000000800006F4] -> 0x0013
mem[X,0x00000000800006F6] -> 0x0000
[450] [M]: 0x00000000800006F4 (0x00000013) addi zero, zero, 0x0
mem[X,0x00000000800006F8] -> 0x0013
mem[X,0x00000000800006FA] -> 0x0000
[451] [M]: 0x00000000800006F8 (0x00000013) addi zero, zero, 0x0
mem[X,0x00000000800006FC] -> 0x0013
mem[X,0x00000000800006FE] -> 0x0000
[452] [M]: 0x00000000800006FC (0x00000013) addi zero, zero, 0x0
mem[X,0x0000000080000700] -> 0x4303
mem[X,0x0000000080000702] -> 0x800B
[453] [M]: 0x0000000080000700 (0x800B4303) lbu t1, -0x800(s6)
mem[R,0x0000000080002000] -> 0xFE
x6 <- 0x00000000000000FE
mem[X,0x0000000080000704] -> 0x0013
mem[X,0x0000000080000706] -> 0x0000
[454] [M]: 0x0000000080000704 (0x00000013) addi zero, zero, 0x0
mem[X,0x0000000080000708] -> 0x0013
mem[X,0x000000008000070A] -> 0x0000
[455] [M]: 0x0000000080000708 (0x00000013) addi zero, zero, 0x0
mem[X,0x000000008000070C] -> 0x3423
mem[X,0x000000008000070E] -> 0x0A61
[456] [M]: 0x000000008000070C (0x0A613423) sd t1, 0xa8(sp)
mem[0x00000000800031C0] <- 0x00000000000000FE
mem[X,0x0000000080000710] -> 0x0013
mem[X,0x0000000080000712] -> 0x0000
[457] [M]: 0x0000000080000710 (0x00000013) addi zero, zero, 0x0
mem[X,0x0000000080000714] -> 0x0013
mem[X,0x0000000080000716] -> 0x0000
[458] [M]: 0x0000000080000714 (0x00000013) addi zero, zero, 0x0
mem[X,0x0000000080000718] -> 0x0013
mem[X,0x000000008000071A] -> 0x0000
[459] [M]: 0x0000000080000718 (0x00000013) addi zero, zero, 0x0
mem[X,0x000000008000071C] -> 0x0013
mem[X,0x000000008000071E] -> 0x0000
[460] [M]: 0x000000008000071C (0x00000013) addi zero, zero, 0x0
mem[X,0x0000000080000720] -> 0x2497
mem[X,0x0000000080000722] -> 0x0000
[461] [M]: 0x0000000080000720 (0x00002497) auipc s1, 0x2
x9 <- 0x0000000080002720
mem[X,0x0000000080000724] -> 0x8493
mem[X,0x0000000080000726] -> 0x0E04
[462] [M]: 0x0000000080000724 (0x0E048493) addi s1, s1, 0xe0
x9 <- 0x0000000080002800
mem[X,0x0000000080000728] -> 0x0013
mem[X,0x000000008000072A] -> 0x0000
[463] [M]: 0x0000000080000728 (0x00000013) addi zero, zero, 0x0
mem[X,0x000000008000072C] -> 0x0013
mem[X,0x000000008000072E] -> 0x0000
[464] [M]: 0x000000008000072C (0x00000013) addi zero, zero, 0x0
mem[X,0x0000000080000730] -> 0x0013
mem[X,0x0000000080000732] -> 0x0000
[465] [M]: 0x0000000080000730 (0x00000013) addi zero, zero, 0x0
mem[X,0x0000000080000734] -> 0x0013
mem[X,0x0000000080000736] -> 0x0000
[466] [M]: 0x0000000080000734 (0x00000013) addi zero, zero, 0x0
mem[X,0x0000000080000738] -> 0x0013
mem[X,0x000000008000073A] -> 0x0000
[467] [M]: 0x0000000080000738 (0x00000013) addi zero, zero, 0x0
mem[X,0x000000008000073C] -> 0x0013
mem[X,0x000000008000073E] -> 0x0000
[468] [M]: 0x000000008000073C (0x00000013) addi zero, zero, 0x0
mem[X,0x0000000080000740] -> 0xC183
mem[X,0x0000000080000742] -> 0x8004
[469] [M]: 0x0000000080000740 (0x8004C183) lbu gp, -0x800(s1)
mem[R,0x0000000080002000] -> 0xFE
x3 <- 0x00000000000000FE
mem[X,0x0000000080000744] -> 0x0013
mem[X,0x0000000080000746] -> 0x0000
[470] [M]: 0x0000000080000744 (0x00000013) addi zero, zero, 0x0
mem[X,0x0000000080000748] -> 0x0013
mem[X,0x000000008000074A] -> 0x0000
[471] [M]: 0x0000000080000748 (0x00000013) addi zero, zero, 0x0
mem[X,0x000000008000074C] -> 0x3823
mem[X,0x000000008000074E] -> 0x0A31
[472] [M]: 0x000000008000074C (0x0A313823) sd gp, 0xb0(sp)
mem[0x00000000800031C8] <- 0x00000000000000FE
mem[X,0x0000000080000750] -> 0x0013
mem[X,0x0000000080000752] -> 0x0000
[473] [M]: 0x0000000080000750 (0x00000013) addi zero, zero, 0x0
mem[X,0x0000000080000754] -> 0x0013
mem[X,0x0000000080000756] -> 0x0000
[474] [M]: 0x0000000080000754 (0x00000013) addi zero, zero, 0x0
mem[X,0x0000000080000758] -> 0x0013
mem[X,0x000000008000075A] -> 0x0000
[475] [M]: 0x0000000080000758 (0x00000013) addi zero, zero, 0x0
mem[X,0x000000008000075C] -> 0x0013
mem[X,0x000000008000075E] -> 0x0000
[476] [M]: 0x000000008000075C (0x00000013) addi zero, zero, 0x0
mem[X,0x0000000080000760] -> 0x3097
mem[X,0x0000000080000762] -> 0x0000
[477] [M]: 0x0000000080000760 (0x00003097) auipc ra, 0x3
x1 <- 0x0000000080003760
mem[X,0x0000000080000764] -> 0x8093
mem[X,0x0000000080000766] -> 0xA700
[478] [M]: 0x0000000080000764 (0xA7008093) addi ra, ra, -0x590
x1 <- 0x00000000800031D0
mem[X,0x0000000080000768] -> 0x0013
mem[X,0x000000008000076A] -> 0x0000
[479] [M]: 0x0000000080000768 (0x00000013) addi zero, zero, 0x0
mem[X,0x000000008000076C] -> 0x0013
mem[X,0x000000008000076E] -> 0x0000
[480] [M]: 0x000000008000076C (0x00000013) addi zero, zero, 0x0
mem[X,0x0000000080000770] -> 0x0013
mem[X,0x0000000080000772] -> 0x0000
[481] [M]: 0x0000000080000770 (0x00000013) addi zero, zero, 0x0
mem[X,0x0000000080000774] -> 0x0013
mem[X,0x0000000080000776] -> 0x0000
[482] [M]: 0x0000000080000774 (0x00000013) addi zero, zero, 0x0
mem[X,0x0000000080000778] -> 0x0013
mem[X,0x000000008000077A] -> 0x0000
[483] [M]: 0x0000000080000778 (0x00000013) addi zero, zero, 0x0
mem[X,0x000000008000077C] -> 0x0013
mem[X,0x000000008000077E] -> 0x0000
[484] [M]: 0x000000008000077C (0x00000013) addi zero, zero, 0x0
mem[X,0x0000000080000780] -> 0x2D97
mem[X,0x0000000080000782] -> 0x0000
[485] [M]: 0x0000000080000780 (0x00002D97) auipc s11, 0x2
x27 <- 0x0000000080002780
mem[X,0x0000000080000784] -> 0x8D93
mem[X,0x0000000080000786] -> 0x080D
[486] [M]: 0x0000000080000784 (0x080D8D93) addi s11, s11, 0x80
x27 <- 0x0000000080002800
mem[X,0x0000000080000788] -> 0x0013
mem[X,0x000000008000078A] -> 0x0000
[487] [M]: 0x0000000080000788 (0x00000013) addi zero, zero, 0x0
mem[X,0x000000008000078C] -> 0x0013
mem[X,0x000000008000078E] -> 0x0000
[488] [M]: 0x000000008000078C (0x00000013) addi zero, zero, 0x0
mem[X,0x0000000080000790] -> 0x0013
mem[X,0x0000000080000792] -> 0x0000
[489] [M]: 0x0000000080000790 (0x00000013) addi zero, zero, 0x0
mem[X,0x0000000080000794] -> 0x0013
mem[X,0x0000000080000796] -> 0x0000
[490] [M]: 0x0000000080000794 (0x00000013) addi zero, zero, 0x0
mem[X,0x0000000080000798] -> 0x0013
mem[X,0x000000008000079A] -> 0x0000
[491] [M]: 0x0000000080000798 (0x00000013) addi zero, zero, 0x0
mem[X,0x000000008000079C] -> 0x0013
mem[X,0x000000008000079E] -> 0x0000
[492] [M]: 0x000000008000079C (0x00000013) addi zero, zero, 0x0
mem[X,0x00000000800007A0] -> 0xC103
mem[X,0x00000000800007A2] -> 0x800D
[493] [M]: 0x00000000800007A0 (0x800DC103) lbu sp, -0x800(s11)
mem[R,0x0000000080002000] -> 0xFE
x2 <- 0x00000000000000FE
mem[X,0x00000000800007A4] -> 0x0013
mem[X,0x00000000800007A6] -> 0x0000
[494] [M]: 0x00000000800007A4 (0x00000013) addi zero, zero, 0x0
mem[X,0x00000000800007A8] -> 0x0013
mem[X,0x00000000800007AA] -> 0x0000
[495] [M]: 0x00000000800007A8 (0x00000013) addi zero, zero, 0x0
mem[X,0x00000000800007AC] -> 0xB023
mem[X,0x00000000800007AE] -> 0x0020
[496] [M]: 0x00000000800007AC (0x0020B023) sd sp, 0x0(ra)
mem[0x00000000800031D0] <- 0x00000000000000FE
mem[X,0x00000000800007B0] -> 0x0013
mem[X,0x00000000800007B2] -> 0x0000
[497] [M]: 0x00000000800007B0 (0x00000013) addi zero, zero, 0x0
mem[X,0x00000000800007B4] -> 0x0013
mem[X,0x00000000800007B6] -> 0x0000
[498] [M]: 0x00000000800007B4 (0x00000013) addi zero, zero, 0x0
mem[X,0x00000000800007B8] -> 0x0013
mem[X,0x00000000800007BA] -> 0x0000
[499] [M]: 0x00000000800007B8 (0x00000013) addi zero, zero, 0x0
clint::tick mtime <- 0x0000000000000005
 clint timer pending at mtime 0x0000000000000005
htif::tick 0x0000000000000000
mem[X,0x00000000800007BC] -> 0x0013
mem[X,0x00000000800007BE] -> 0x0000
[500] [M]: 0x00000000800007BC (0x00000013) addi zero, zero, 0x0
mem[X,0x00000000800007C0] -> 0x2117
mem[X,0x00000000800007C2] -> 0x0000
[501] [M]: 0x00000000800007C0 (0x00002117) auipc sp, 0x2
x2 <- 0x00000000800027C0
mem[X,0x00000000800007C4] -> 0x0113
mem[X,0x00000000800007C6] -> 0x0401
[502] [M]: 0x00000000800007C4 (0x04010113) addi sp, sp, 0x40
x2 <- 0x0000000080002800
mem[X,0x00000000800007C8] -> 0x0013
mem[X,0x00000000800007CA] -> 0x0000
[503] [M]: 0x00000000800007C8 (0x00000013) addi zero, zero, 0x0
mem[X,0x00000000800007CC] -> 0x0013
mem[X,0x00000000800007CE] -> 0x0000
[504] [M]: 0x00000000800007CC (0x00000013) addi zero, zero, 0x0
mem[X,0x00000000800007D0] -> 0x0013
mem[X,0x00000000800007D2] -> 0x0000
[505] [M]: 0x00000000800007D0 (0x00000013) addi zero, zero, 0x0
mem[X,0x00000000800007D4] -> 0x0013
mem[X,0x00000000800007D6] -> 0x0000
[506] [M]: 0x00000000800007D4 (0x00000013) addi zero, zero, 0x0
mem[X,0x00000000800007D8] -> 0x0013
mem[X,0x00000000800007DA] -> 0x0000
[507] [M]: 0x00000000800007D8 (0x00000013) addi zero, zero, 0x0
mem[X,0x00000000800007DC] -> 0x0013
mem[X,0x00000000800007DE] -> 0x0000
[508] [M]: 0x00000000800007DC (0x00000013) addi zero, zero, 0x0
mem[X,0x00000000800007E0] -> 0x4683
mem[X,0x00000000800007E2] -> 0x8001
[509] [M]: 0x00000000800007E0 (0x80014683) lbu a3, -0x800(sp)
mem[R,0x0000000080002000] -> 0xFE
x13 <- 0x00000000000000FE
mem[X,0x00000000800007E4] -> 0x0013
mem[X,0x00000000800007E6] -> 0x0000
[510] [M]: 0x00000000800007E4 (0x00000013) addi zero, zero, 0x0
mem[X,0x00000000800007E8] -> 0x0013
mem[X,0x00000000800007EA] -> 0x0000
[511] [M]: 0x00000000800007E8 (0x00000013) addi zero, zero, 0x0
mem[X,0x00000000800007EC] -> 0xB423
mem[X,0x00000000800007EE] -> 0x00D0
[512] [M]: 0x00000000800007EC (0x00D0B423) sd a3, 0x8(ra)
mem[0x00000000800031D8] <- 0x00000000000000FE
mem[X,0x00000000800007F0] -> 0x0013
mem[X,0x00000000800007F2] -> 0x0000
[513] [M]: 0x00000000800007F0 (0x00000013) addi zero, zero, 0x0
mem[X,0x00000000800007F4] -> 0x0013
mem[X,0x00000000800007F6] -> 0x0000
[514] [M]: 0x00000000800007F4 (0x00000013) addi zero, zero, 0x0
mem[X,0x00000000800007F8] -> 0x0013
mem[X,0x00000000800007FA] -> 0x0000
[515] [M]: 0x00000000800007F8 (0x00000013) addi zero, zero, 0x0
mem[X,0x00000000800007FC] -> 0x0013
mem[X,0x00000000800007FE] -> 0x0000
[516] [M]: 0x00000000800007FC (0x00000013) addi zero, zero, 0x0
mem[X,0x0000000080000800] -> 0x2317
mem[X,0x0000000080000802] -> 0x0000
[517] [M]: 0x0000000080000800 (0x00002317) auipc t1, 0x2
x6 <- 0x0000000080002800
mem[X,0x0000000080000804] -> 0x0313
mem[X,0x0000000080000806] -> 0x0003
[518] [M]: 0x0000000080000804 (0x00030313) addi t1, t1, 0x0
x6 <- 0x0000000080002800
mem[X,0x0000000080000808] -> 0x0013
mem[X,0x000000008000080A] -> 0x0000
[519] [M]: 0x0000000080000808 (0x00000013) addi zero, zero, 0x0
mem[X,0x000000008000080C] -> 0x0013
mem[X,0x000000008000080E] -> 0x0000
[520] [M]: 0x000000008000080C (0x00000013) addi zero, zero, 0x0
mem[X,0x0000000080000810] -> 0x0013
mem[X,0x0000000080000812] -> 0x0000
[521] [M]: 0x0000000080000810 (0x00000013) addi zero, zero, 0x0
mem[X,0x0000000080000814] -> 0x0013
mem[X,0x0000000080000816] -> 0x0000
[522] [M]: 0x0000000080000814 (0x00000013) addi zero, zero, 0x0
mem[X,0x0000000080000818] -> 0x0013
mem[X,0x000000008000081A] -> 0x0000
[523] [M]: 0x0000000080000818 (0x00000013) addi zero, zero, 0x0
mem[X,0x000000008000081C] -> 0x0013
mem[X,0x000000008000081E] -> 0x0000
[524] [M]: 0x000000008000081C (0x00000013) addi zero, zero, 0x0
mem[X,0x0000000080000820] -> 0x4483
mem[X,0x0000000080000822] -> 0x8003
[525] [M]: 0x0000000080000820 (0x80034483) lbu s1, -0x800(t1)
mem[R,0x0000000080002000] -> 0xFE
x9 <- 0x00000000000000FE
mem[X,0x0000000080000824] -> 0x0013
mem[X,0x0000000080000826] -> 0x0000
[526] [M]: 0x0000000080000824 (0x00000013) addi zero, zero, 0x0
mem[X,0x0000000080000828] -> 0x0013
mem[X,0x000000008000082A] -> 0x0000
[527] [M]: 0x0000000080000828 (0x00000013) addi zero, zero, 0x0
mem[X,0x000000008000082C] -> 0xB823
mem[X,0x000000008000082E] -> 0x0090
[528] [M]: 0x000000008000082C (0x0090B823) sd s1, 0x10(ra)
mem[0x00000000800031E0] <- 0x00000000000000FE
mem[X,0x0000000080000830] -> 0x0013
mem[X,0x0000000080000832] -> 0x0000
[529] [M]: 0x0000000080000830 (0x00000013) addi zero, zero, 0x0
mem[X,0x0000000080000834] -> 0x0013
mem[X,0x0000000080000836] -> 0x0000
[530] [M]: 0x0000000080000834 (0x00000013) addi zero, zero, 0x0
mem[X,0x0000000080000838] -> 0x0013
mem[X,0x000000008000083A] -> 0x0000
[531] [M]: 0x0000000080000838 (0x00000013) addi zero, zero, 0x0
mem[X,0x000000008000083C] -> 0x0013
mem[X,0x000000008000083E] -> 0x0000
[532] [M]: 0x000000008000083C (0x00000013) addi zero, zero, 0x0
mem[X,0x0000000080000840] -> 0x2E97
mem[X,0x0000000080000842] -> 0x0000
[533] [M]: 0x0000000080000840 (0x00002E97) auipc t4, 0x2
x29 <- 0x0000000080002840
mem[X,0x0000000080000844] -> 0x8E93
mem[X,0x0000000080000846] -> 0xFC0E
[534] [M]: 0x0000000080000844 (0xFC0E8E93) addi t4, t4, -0x40
x29 <- 0x0000000080002800
mem[X,0x0000000080000848] -> 0x0013
mem[X,0x000000008000084A] -> 0x0000
[535] [M]: 0x0000000080000848 (0x00000013) addi zero, zero, 0x0
mem[X,0x000000008000084C] -> 0x0013
mem[X,0x000000008000084E] -> 0x0000
[536] [M]: 0x000000008000084C (0x00000013) addi zero, zero, 0x0
mem[X,0x0000000080000850] -> 0x0013
mem[X,0x0000000080000852] -> 0x0000
[537] [M]: 0x0000000080000850 (0x00000013) addi zero, zero, 0x0
mem[X,0x0000000080000854] -> 0x0013
mem[X,0x0000000080000856] -> 0x0000
[538] [M]: 0x0000000080000854 (0x00000013) addi zero, zero, 0x0
mem[X,0x0000000080000858] -> 0x0013
mem[X,0x000000008000085A] -> 0x0000
[539] [M]: 0x0000000080000858 (0x00000013) addi zero, zero, 0x0
mem[X,0x000000008000085C] -> 0x0013
mem[X,0x000000008000085E] -> 0x0000
[540] [M]: 0x000000008000085C (0x00000013) addi zero, zero, 0x0
mem[X,0x0000000080000860] -> 0xCE03
mem[X,0x0000000080000862] -> 0x800E
[541] [M]: 0x0000000080000860 (0x800ECE03) lbu t3, -0x800(t4)
mem[R,0x0000000080002000] -> 0xFE
x28 <- 0x00000000000000FE
mem[X,0x0000000080000864] -> 0x0013
mem[X,0x0000000080000866] -> 0x0000
[542] [M]: 0x0000000080000864 (0x00000013) addi zero, zero, 0x0
mem[X,0x0000000080000868] -> 0x0013
mem[X,0x000000008000086A] -> 0x0000
[543] [M]: 0x0000000080000868 (0x00000013) addi zero, zero, 0x0
mem[X,0x000000008000086C] -> 0xBC23
mem[X,0x000000008000086E] -> 0x01C0
[544] [M]: 0x000000008000086C (0x01C0BC23) sd t3, 0x18(ra)
mem[0x00000000800031E8] <- 0x00000000000000FE
mem[X,0x0000000080000870] -> 0x0013
mem[X,0x0000000080000872] -> 0x0000
[545] [M]: 0x0000000080000870 (0x00000013) addi zero, zero, 0x0
mem[X,0x0000000080000874] -> 0x0013
mem[X,0x0000000080000876] -> 0x0000
[546] [M]: 0x0000000080000874 (0x00000013) addi zero, zero, 0x0
mem[X,0x0000000080000878] -> 0x0013
mem[X,0x000000008000087A] -> 0x0000
[547] [M]: 0x0000000080000878 (0x00000013) addi zero, zero, 0x0
mem[X,0x000000008000087C] -> 0x0013
mem[X,0x000000008000087E] -> 0x0000
[548] [M]: 0x000000008000087C (0x00000013) addi zero, zero, 0x0
mem[X,0x0000000080000880] -> 0x2197
mem[X,0x0000000080000882] -> 0x0000
[549] [M]: 0x0000000080000880 (0x00002197) auipc gp, 0x2
x3 <- 0x0000000080002880
mem[X,0x0000000080000884] -> 0x8193
mem[X,0x0000000080000886] -> 0xF801
[550] [M]: 0x0000000080000884 (0xF8018193) addi gp, gp, -0x80
x3 <- 0x0000000080002800
mem[X,0x0000000080000888] -> 0x0013
mem[X,0x000000008000088A] -> 0x0000
[551] [M]: 0x0000000080000888 (0x00000013) addi zero, zero, 0x0
mem[X,0x000000008000088C] -> 0x0013
mem[X,0x000000008000088E] -> 0x0000
[552] [M]: 0x000000008000088C (0x00000013) addi zero, zero, 0x0
mem[X,0x0000000080000890] -> 0x0013
mem[X,0x0000000080000892] -> 0x0000
[553] [M]: 0x0000000080000890 (0x00000013) addi zero, zero, 0x0
mem[X,0x0000000080000894] -> 0x0013
mem[X,0x0000000080000896] -> 0x0000
[554] [M]: 0x0000000080000894 (0x00000013) addi zero, zero, 0x0
mem[X,0x0000000080000898] -> 0x0013
mem[X,0x000000008000089A] -> 0x0000
[555] [M]: 0x0000000080000898 (0x00000013) addi zero, zero, 0x0
mem[X,0x000000008000089C] -> 0x0013
mem[X,0x000000008000089E] -> 0x0000
[556] [M]: 0x000000008000089C (0x00000013) addi zero, zero, 0x0
mem[X,0x00000000800008A0] -> 0xCA03
mem[X,0x00000000800008A2] -> 0x8001
[557] [M]: 0x00000000800008A0 (0x8001CA03) lbu s4, -0x800(gp)
mem[R,0x0000000080002000] -> 0xFE
x20 <- 0x00000000000000FE
mem[X,0x00000000800008A4] -> 0x0013
mem[X,0x00000000800008A6] -> 0x0000
[558] [M]: 0x00000000800008A4 (0x00000013) addi zero, zero, 0x0
mem[X,0x00000000800008A8] -> 0x0013
mem[X,0x00000000800008AA] -> 0x0000
[559] [M]: 0x00000000800008A8 (0x00000013) addi zero, zero, 0x0
mem[X,0x00000000800008AC] -> 0xB023
mem[X,0x00000000800008AE] -> 0x0340
[560] [M]: 0x00000000800008AC (0x0340B023) sd s4, 0x20(ra)
mem[0x00000000800031F0] <- 0x00000000000000FE
mem[X,0x00000000800008B0] -> 0x0013
mem[X,0x00000000800008B2] -> 0x0000
[561] [M]: 0x00000000800008B0 (0x00000013) addi zero, zero, 0x0
mem[X,0x00000000800008B4] -> 0x0013
mem[X,0x00000000800008B6] -> 0x0000
[562] [M]: 0x00000000800008B4 (0x00000013) addi zero, zero, 0x0
mem[X,0x00000000800008B8] -> 0x0013
mem[X,0x00000000800008BA] -> 0x0000
[563] [M]: 0x00000000800008B8 (0x00000013) addi zero, zero, 0x0
mem[X,0x00000000800008BC] -> 0x0013
mem[X,0x00000000800008BE] -> 0x0000
[564] [M]: 0x00000000800008BC (0x00000013) addi zero, zero, 0x0
mem[X,0x00000000800008C0] -> 0x2397
mem[X,0x00000000800008C2] -> 0x0000
[565] [M]: 0x00000000800008C0 (0x00002397) auipc t2, 0x2
x7 <- 0x00000000800028C0
mem[X,0x00000000800008C4] -> 0x8393
mem[X,0x00000000800008C6] -> 0xF403
[566] [M]: 0x00000000800008C4 (0xF4038393) addi t2, t2, -0xc0
x7 <- 0x0000000080002800
mem[X,0x00000000800008C8] -> 0x0013
mem[X,0x00000000800008CA] -> 0x0000
[567] [M]: 0x00000000800008C8 (0x00000013) addi zero, zero, 0x0
mem[X,0x00000000800008CC] -> 0x0013
mem[X,0x00000000800008CE] -> 0x0000
[568] [M]: 0x00000000800008CC (0x00000013) addi zero, zero, 0x0
mem[X,0x00000000800008D0] -> 0x0013
mem[X,0x00000000800008D2] -> 0x0000
[569] [M]: 0x00000000800008D0 (0x00000013) addi zero, zero, 0x0
mem[X,0x00000000800008D4] -> 0x0013
mem[X,0x00000000800008D6] -> 0x0000
[570] [M]: 0x00000000800008D4 (0x00000013) addi zero, zero, 0x0
mem[X,0x00000000800008D8] -> 0x0013
mem[X,0x00000000800008DA] -> 0x0000
[571] [M]: 0x00000000800008D8 (0x00000013) addi zero, zero, 0x0
mem[X,0x00000000800008DC] -> 0x0013
mem[X,0x00000000800008DE] -> 0x0000
[572] [M]: 0x00000000800008DC (0x00000013) addi zero, zero, 0x0
mem[X,0x00000000800008E0] -> 0xC283
mem[X,0x00000000800008E2] -> 0x8003
[573] [M]: 0x00000000800008E0 (0x8003C283) lbu t0, -0x800(t2)
mem[R,0x0000000080002000] -> 0xFE
x5 <- 0x00000000000000FE
mem[X,0x00000000800008E4] -> 0x0013
mem[X,0x00000000800008E6] -> 0x0000
[574] [M]: 0x00000000800008E4 (0x00000013) addi zero, zero, 0x0
mem[X,0x00000000800008E8] -> 0x0013
mem[X,0x00000000800008EA] -> 0x0000
[575] [M]: 0x00000000800008E8 (0x00000013) addi zero, zero, 0x0
mem[X,0x00000000800008EC] -> 0xB423
mem[X,0x00000000800008EE] -> 0x0250
[576] [M]: 0x00000000800008EC (0x0250B423) sd t0, 0x28(ra)
mem[0x00000000800031F8] <- 0x00000000000000FE
mem[X,0x00000000800008F0] -> 0x0013
mem[X,0x00000000800008F2] -> 0x0000
[577] [M]: 0x00000000800008F0 (0x00000013) addi zero, zero, 0x0
mem[X,0x00000000800008F4] -> 0x0013
mem[X,0x00000000800008F6] -> 0x0000
[578] [M]: 0x00000000800008F4 (0x00000013) addi zero, zero, 0x0
mem[X,0x00000000800008F8] -> 0x0013
mem[X,0x00000000800008FA] -> 0x0000
[579] [M]: 0x00000000800008F8 (0x00000013) addi zero, zero, 0x0
mem[X,0x00000000800008FC] -> 0x0013
mem[X,0x00000000800008FE] -> 0x0000
[580] [M]: 0x00000000800008FC (0x00000013) addi zero, zero, 0x0
mem[X,0x0000000080000900] -> 0x2997
mem[X,0x0000000080000902] -> 0x0000
[581] [M]: 0x0000000080000900 (0x00002997) auipc s3, 0x2
x19 <- 0x0000000080002900
mem[X,0x0000000080000904] -> 0x8993
mem[X,0x0000000080000906] -> 0xF009
[582] [M]: 0x0000000080000904 (0xF0098993) addi s3, s3, -0x100
x19 <- 0x0000000080002800
mem[X,0x0000000080000908] -> 0x0013
mem[X,0x000000008000090A] -> 0x0000
[583] [M]: 0x0000000080000908 (0x00000013) addi zero, zero, 0x0
mem[X,0x000000008000090C] -> 0x0013
mem[X,0x000000008000090E] -> 0x0000
[584] [M]: 0x000000008000090C (0x00000013) addi zero, zero, 0x0
mem[X,0x0000000080000910] -> 0x0013
mem[X,0x0000000080000912] -> 0x0000
[585] [M]: 0x0000000080000910 (0x00000013) addi zero, zero, 0x0
mem[X,0x0000000080000914] -> 0x0013
mem[X,0x0000000080000916] -> 0x0000
[586] [M]: 0x0000000080000914 (0x00000013) addi zero, zero, 0x0
mem[X,0x0000000080000918] -> 0x0013
mem[X,0x000000008000091A] -> 0x0000
[587] [M]: 0x0000000080000918 (0x00000013) addi zero, zero, 0x0
mem[X,0x000000008000091C] -> 0x0013
mem[X,0x000000008000091E] -> 0x0000
[588] [M]: 0x000000008000091C (0x00000013) addi zero, zero, 0x0
mem[X,0x0000000080000920] -> 0xCC03
mem[X,0x0000000080000922] -> 0x8009
[589] [M]: 0x0000000080000920 (0x8009CC03) lbu s8, -0x800(s3)
mem[R,0x0000000080002000] -> 0xFE
x24 <- 0x00000000000000FE
mem[X,0x0000000080000924] -> 0x0013
mem[X,0x0000000080000926] -> 0x0000
[590] [M]: 0x0000000080000924 (0x00000013) addi zero, zero, 0x0
mem[X,0x0000000080000928] -> 0x0013
mem[X,0x000000008000092A] -> 0x0000
[591] [M]: 0x0000000080000928 (0x00000013) addi zero, zero, 0x0
mem[X,0x000000008000092C] -> 0xB823
mem[X,0x000000008000092E] -> 0x0380
[592] [M]: 0x000000008000092C (0x0380B823) sd s8, 0x30(ra)
mem[0x0000000080003200] <- 0x00000000000000FE
mem[X,0x0000000080000930] -> 0x0013
mem[X,0x0000000080000932] -> 0x0000
[593] [M]: 0x0000000080000930 (0x00000013) addi zero, zero, 0x0
mem[X,0x0000000080000934] -> 0x0013
mem[X,0x0000000080000936] -> 0x0000
[594] [M]: 0x0000000080000934 (0x00000013) addi zero, zero, 0x0
mem[X,0x0000000080000938] -> 0x0013
mem[X,0x000000008000093A] -> 0x0000
[595] [M]: 0x0000000080000938 (0x00000013) addi zero, zero, 0x0
mem[X,0x000000008000093C] -> 0x0013
mem[X,0x000000008000093E] -> 0x0000
[596] [M]: 0x000000008000093C (0x00000013) addi zero, zero, 0x0
mem[X,0x0000000080000940] -> 0x2417
mem[X,0x0000000080000942] -> 0x0000
[597] [M]: 0x0000000080000940 (0x00002417) auipc fp, 0x2
x8 <- 0x0000000080002940
mem[X,0x0000000080000944] -> 0x0413
mem[X,0x0000000080000946] -> 0xEC04
[598] [M]: 0x0000000080000944 (0xEC040413) addi fp, fp, -0x140
x8 <- 0x0000000080002800
mem[X,0x0000000080000948] -> 0x0013
mem[X,0x000000008000094A] -> 0x0000
[599] [M]: 0x0000000080000948 (0x00000013) addi zero, zero, 0x0
clint::tick mtime <- 0x0000000000000006
 clint timer pending at mtime 0x0000000000000006
htif::tick 0x0000000000000000
mem[X,0x000000008000094C] -> 0x0013
mem[X,0x000000008000094E] -> 0x0000
[600] [M]: 0x000000008000094C (0x00000013) addi zero, zero, 0x0
mem[X,0x0000000080000950] -> 0x0013
mem[X,0x0000000080000952] -> 0x0000
[601] [M]: 0x0000000080000950 (0x00000013) addi zero, zero, 0x0
mem[X,0x0000000080000954] -> 0x0013
mem[X,0x0000000080000956] -> 0x0000
[602] [M]: 0x0000000080000954 (0x00000013) addi zero, zero, 0x0
mem[X,0x0000000080000958] -> 0x0013
mem[X,0x000000008000095A] -> 0x0000
[603] [M]: 0x0000000080000958 (0x00000013) addi zero, zero, 0x0
mem[X,0x000000008000095C] -> 0x0013
mem[X,0x000000008000095E] -> 0x0000
[604] [M]: 0x000000008000095C (0x00000013) addi zero, zero, 0x0
mem[X,0x0000000080000960] -> 0x4D03
mem[X,0x0000000080000962] -> 0x8004
[605] [M]: 0x0000000080000960 (0x80044D03) lbu s10, -0x800(fp)
mem[R,0x0000000080002000] -> 0xFE
x26 <- 0x00000000000000FE
mem[X,0x0000000080000964] -> 0x0013
mem[X,0x0000000080000966] -> 0x0000
[606] [M]: 0x0000000080000964 (0x00000013) addi zero, zero, 0x0
mem[X,0x0000000080000968] -> 0x0013
mem[X,0x000000008000096A] -> 0x0000
[607] [M]: 0x0000000080000968 (0x00000013) addi zero, zero, 0x0
mem[X,0x000000008000096C] -> 0xBC23
mem[X,0x000000008000096E] -> 0x03A0
[608] [M]: 0x000000008000096C (0x03A0BC23) sd s10, 0x38(ra)
mem[0x0000000080003208] <- 0x00000000000000FE
mem[X,0x0000000080000970] -> 0x0013
mem[X,0x0000000080000972] -> 0x0000
[609] [M]: 0x0000000080000970 (0x00000013) addi zero, zero, 0x0
mem[X,0x0000000080000974] -> 0x0013
mem[X,0x0000000080000976] -> 0x0000
[610] [M]: 0x0000000080000974 (0x00000013) addi zero, zero, 0x0
mem[X,0x0000000080000978] -> 0x0013
mem[X,0x000000008000097A] -> 0x0000
[611] [M]: 0x0000000080000978 (0x00000013) addi zero, zero, 0x0
mem[X,0x000000008000097C] -> 0x0013
mem[X,0x000000008000097E] -> 0x0000
[612] [M]: 0x000000008000097C (0x00000013) addi zero, zero, 0x0
mem[X,0x0000000080000980] -> 0x2B17
mem[X,0x0000000080000982] -> 0x0000
[613] [M]: 0x0000000080000980 (0x00002B17) auipc s6, 0x2
x22 <- 0x0000000080002980
mem[X,0x0000000080000984] -> 0x0B13
mem[X,0x0000000080000986] -> 0xE80B
[614] [M]: 0x0000000080000984 (0xE80B0B13) addi s6, s6, -0x180
x22 <- 0x0000000080002800
mem[X,0x0000000080000988] -> 0x0013
mem[X,0x000000008000098A] -> 0x0000
[615] [M]: 0x0000000080000988 (0x00000013) addi zero, zero, 0x0
mem[X,0x000000008000098C] -> 0x0013
mem[X,0x000000008000098E] -> 0x0000
[616] [M]: 0x000000008000098C (0x00000013) addi zero, zero, 0x0
mem[X,0x0000000080000990] -> 0x0013
mem[X,0x0000000080000992] -> 0x0000
[617] [M]: 0x0000000080000990 (0x00000013) addi zero, zero, 0x0
mem[X,0x0000000080000994] -> 0x0013
mem[X,0x0000000080000996] -> 0x0000
[618] [M]: 0x0000000080000994 (0x00000013) addi zero, zero, 0x0
mem[X,0x0000000080000998] -> 0x0013
mem[X,0x000000008000099A] -> 0x0000
[619] [M]: 0x0000000080000998 (0x00000013) addi zero, zero, 0x0
mem[X,0x000000008000099C] -> 0x0013
mem[X,0x000000008000099E] -> 0x0000
[620] [M]: 0x000000008000099C (0x00000013) addi zero, zero, 0x0
mem[X,0x00000000800009A0] -> 0x4383
mem[X,0x00000000800009A2] -> 0x800B
[621] [M]: 0x00000000800009A0 (0x800B4383) lbu t2, -0x800(s6)
mem[R,0x0000000080002000] -> 0xFE
x7 <- 0x00000000000000FE
mem[X,0x00000000800009A4] -> 0x0013
mem[X,0x00000000800009A6] -> 0x0000
[622] [M]: 0x00000000800009A4 (0x00000013) addi zero, zero, 0x0
mem[X,0x00000000800009A8] -> 0x0013
mem[X,0x00000000800009AA] -> 0x0000
[623] [M]: 0x00000000800009A8 (0x00000013) addi zero, zero, 0x0
mem[X,0x00000000800009AC] -> 0xB023
mem[X,0x00000000800009AE] -> 0x0470
[624] [M]: 0x00000000800009AC (0x0470B023) sd t2, 0x40(ra)
mem[0x0000000080003210] <- 0x00000000000000FE
mem[X,0x00000000800009B0] -> 0x0013
mem[X,0x00000000800009B2] -> 0x0000
[625] [M]: 0x00000000800009B0 (0x00000013) addi zero, zero, 0x0
mem[X,0x00000000800009B4] -> 0x0013
mem[X,0x00000000800009B6] -> 0x0000
[626] [M]: 0x00000000800009B4 (0x00000013) addi zero, zero, 0x0
mem[X,0x00000000800009B8] -> 0x0013
mem[X,0x00000000800009BA] -> 0x0000
[627] [M]: 0x00000000800009B8 (0x00000013) addi zero, zero, 0x0
mem[X,0x00000000800009BC] -> 0x0013
mem[X,0x00000000800009BE] -> 0x0000
[628] [M]: 0x00000000800009BC (0x00000013) addi zero, zero, 0x0
mem[X,0x00000000800009C0] -> 0x1517
mem[X,0x00000000800009C2] -> 0x0000
[629] [M]: 0x00000000800009C0 (0x00001517) auipc a0, 0x1
x10 <- 0x00000000800019C0
mem[X,0x00000000800009C4] -> 0x0513
mem[X,0x00000000800009C6] -> 0x6445
[630] [M]: 0x00000000800009C4 (0x64450513) addi a0, a0, 0x644
x10 <- 0x0000000080002004
mem[X,0x00000000800009C8] -> 0x0013
mem[X,0x00000000800009CA] -> 0x0000
[631] [M]: 0x00000000800009C8 (0x00000013) addi zero, zero, 0x0
mem[X,0x00000000800009CC] -> 0x0013
mem[X,0x00000000800009CE] -> 0x0000
[632] [M]: 0x00000000800009CC (0x00000013) addi zero, zero, 0x0
mem[X,0x00000000800009D0] -> 0x0013
mem[X,0x00000000800009D2] -> 0x0000
[633] [M]: 0x00000000800009D0 (0x00000013) addi zero, zero, 0x0
mem[X,0x00000000800009D4] -> 0x0013
mem[X,0x00000000800009D6] -> 0x0000
[634] [M]: 0x00000000800009D4 (0x00000013) addi zero, zero, 0x0
mem[X,0x00000000800009D8] -> 0x0013
mem[X,0x00000000800009DA] -> 0x0000
[635] [M]: 0x00000000800009D8 (0x00000013) addi zero, zero, 0x0
mem[X,0x00000000800009DC] -> 0x0013
mem[X,0x00000000800009DE] -> 0x0000
[636] [M]: 0x00000000800009DC (0x00000013) addi zero, zero, 0x0
mem[X,0x00000000800009E0] -> 0x4583
mem[X,0x00000000800009E2] -> 0xFFF5
[637] [M]: 0x00000000800009E0 (0xFFF54583) lbu a1, -0x1(a0)
mem[R,0x0000000080002003] -> 0xBA
x11 <- 0x00000000000000BA
mem[X,0x00000000800009E4] -> 0x0013
mem[X,0x00000000800009E6] -> 0x0000
[638] [M]: 0x00000000800009E4 (0x00000013) addi zero, zero, 0x0
mem[X,0x00000000800009E8] -> 0x0013
mem[X,0x00000000800009EA] -> 0x0000
[639] [M]: 0x00000000800009E8 (0x00000013) addi zero, zero, 0x0
mem[X,0x00000000800009EC] -> 0xB423
mem[X,0x00000000800009EE] -> 0x04B0
[640] [M]: 0x00000000800009EC (0x04B0B423) sd a1, 0x48(ra)
mem[0x0000000080003218] <- 0x00000000000000BA
mem[X,0x00000000800009F0] -> 0x006F
mem[X,0x00000000800009F2] -> 0x0380
[641] [M]: 0x00000000800009F0 (0x0380006F) jal zero, 0x38
mem[X,0x0000000080000A28] -> 0x0093
mem[X,0x0000000080000A2A] -> 0x0010
[642] [M]: 0x0000000080000A28 (0x00100093) addi ra, zero, 0x1
x1 <- 0x0000000000000001
mem[X,0x0000000080000A2C] -> 0x0F17
mem[X,0x0000000080000A2E] -> 0x0000
[643] [M]: 0x0000000080000A2C (0x00000F17) auipc t5, 0x0
x30 <- 0x0000000080000A2C
mem[X,0x0000000080000A30] -> 0x2A23
mem[X,0x0000000080000A32] -> 0x5C1F
[644] [M]: 0x0000000080000A30 (0x5C1F2A23) sw ra, 0x5d4(t5)
htif[0x0000000080001000] <- 0x00000001
mem[X,0x0000000080000A34] -> 0xF06F
mem[X,0x0000000080000A36] -> 0xFF9F
[645] [M]: 0x0000000080000A34 (0xFF9FF06F) jal zero, -0x8
mem[X,0x0000000080000A2C] -> 0x0F17
mem[X,0x0000000080000A2E] -> 0x0000
[646] [M]: 0x0000000080000A2C (0x00000F17) auipc t5, 0x0
x30 <- 0x0000000080000A2C
mem[X,0x0000000080000A30] -> 0x2A23
mem[X,0x0000000080000A32] -> 0x5C1F
[647] [M]: 0x0000000080000A30 (0x5C1F2A23) sw ra, 0x5d4(t5)
htif[0x0000000080001000] <- 0x00000001
mem[X,0x0000000080000A34] -> 0xF06F
mem[X,0x0000000080000A36] -> 0xFF9F
[648] [M]: 0x0000000080000A34 (0xFF9FF06F) jal zero, -0x8
mem[X,0x0000000080000A2C] -> 0x0F17
mem[X,0x0000000080000A2E] -> 0x0000
[649] [M]: 0x0000000080000A2C (0x00000F17) auipc t5, 0x0
x30 <- 0x0000000080000A2C
mem[X,0x0000000080000A30] -> 0x2A23
mem[X,0x0000000080000A32] -> 0x5C1F
[650] [M]: 0x0000000080000A30 (0x5C1F2A23) sw ra, 0x5d4(t5)
htif[0x0000000080001000] <- 0x00000001
htif-syscall-proxy cmd: 0x000000000001
SUCCESS
