using /home/mamir/tempo/riscof/riscof_work/rv64i_m/I/src/sh-align-01.S/ref/Reference-sail_c_simulator.signature for test-signature output.
tohost located at 0x80002000
Running file ref.elf.
ELF Entry @ 0x80000000
begin_signature: 0x80004110
end_signature: 0x80004550
CSR mstatus <- 0x0000000A00000000 (input: 0x0000000000000000)
mem[X,0x0000000000001000] -> 0x0297
mem[X,0x0000000000001002] -> 0x0000
[0] [M]: 0x0000000000001000 (0x00000297) auipc t0, 0x0
x5 <- 0x0000000000001000
mem[X,0x0000000000001004] -> 0x8593
mem[X,0x0000000000001006] -> 0x0202
[1] [M]: 0x0000000000001004 (0x02028593) addi a1, t0, 0x20
x11 <- 0x0000000000001020
mem[X,0x0000000000001008] -> 0x2573
mem[X,0x000000000000100A] -> 0xF140
[2] [M]: 0x0000000000001008 (0xF1402573) csrrs a0, mhartid, zero
CSR mhartid -> 0x0000000000000000
x10 <- 0x0000000000000000
mem[X,0x000000000000100C] -> 0xB283
mem[X,0x000000000000100E] -> 0x0182
[3] [M]: 0x000000000000100C (0x0182B283) ld t0, 0x18(t0)
mem[R,0x0000000000001018] -> 0x0000000080000000
x5 <- 0x0000000080000000
mem[X,0x0000000000001010] -> 0x8067
mem[X,0x0000000000001012] -> 0x0002
[4] [M]: 0x0000000000001010 (0x00028067) jalr zero, 0x0(t0)
mem[X,0x0000000080000000] -> 0x0837
mem[X,0x0000000080000002] -> 0x7D5C
[5] [M]: 0x0000000080000000 (0x7D5C0837) lui a6, 0x7d5c0
x16 <- 0x000000007D5C0000
mem[X,0x0000000080000004] -> 0x0813
mem[X,0x0000000080000006] -> 0xDDB8
[6] [M]: 0x0000000080000004 (0xDDB80813) addi a6, a6, -0x225
x16 <- 0x000000007D5BFDDB
mem[X,0x0000000080000008] -> 0x1813
mem[X,0x000000008000000A] -> 0x00B8
[7] [M]: 0x0000000080000008 (0x00B81813) slli a6, a6, 0xb
x16 <- 0x000003EADFEED800
mem[X,0x000000008000000C] -> 0x0813
mem[X,0x000000008000000E] -> 0x3EA8
[8] [M]: 0x000000008000000C (0x3EA80813) addi a6, a6, 0x3ea
x16 <- 0x000003EADFEEDBEA
mem[X,0x0000000080000010] -> 0x1813
mem[X,0x0000000080000012] -> 0x00B8
[9] [M]: 0x0000000080000010 (0x00B81813) slli a6, a6, 0xb
x16 <- 0x001F56FF76DF5000
mem[X,0x0000000080000014] -> 0x0813
mem[X,0x0000000080000016] -> 0x6FF8
[10] [M]: 0x0000000080000014 (0x6FF80813) addi a6, a6, 0x6ff
x16 <- 0x001F56FF76DF56FF
mem[X,0x0000000080000018] -> 0x1813
mem[X,0x000000008000001A] -> 0x00A8
[11] [M]: 0x0000000080000018 (0x00A81813) slli a6, a6, 0xa
x16 <- 0x7D5BFDDB7D5BFC00
mem[X,0x000000008000001C] -> 0x0813
mem[X,0x000000008000001E] -> 0x1DB8
[12] [M]: 0x000000008000001C (0x1DB80813) addi a6, a6, 0x1db
x16 <- 0x7D5BFDDB7D5BFDDB
mem[X,0x0000000080000020] -> 0x5893
mem[X,0x0000000080000022] -> 0x0078
[13] [M]: 0x0000000080000020 (0x00785893) srli a7, a6, 0x7
x17 <- 0x00FAB7FBB6FAB7FB
mem[X,0x0000000080000024] -> 0x5793
mem[X,0x0000000080000026] -> 0x0398
[14] [M]: 0x0000000080000024 (0x03985793) srli a5, a6, 0x39
x15 <- 0x000000000000003E
mem[X,0x0000000080000028] -> 0xE8B3
mem[X,0x000000008000002A] -> 0x00F8
[15] [M]: 0x0000000080000028 (0x00F8E8B3) or a7, a7, a5
x17 <- 0x00FAB7FBB6FAB7FF
mem[X,0x000000008000002C] -> 0xD913
mem[X,0x000000008000002E] -> 0x0078
[16] [M]: 0x000000008000002C (0x0078D913) srli s2, a7, 0x7
x18 <- 0x0001F56FF76DF56F
mem[X,0x0000000080000030] -> 0xD793
mem[X,0x0000000080000032] -> 0x0398
[17] [M]: 0x0000000080000030 (0x0398D793) srli a5, a7, 0x39
x15 <- 0x0000000000000000
mem[X,0x0000000080000034] -> 0x6933
mem[X,0x0000000080000036] -> 0x00F9
[18] [M]: 0x0000000080000034 (0x00F96933) or s2, s2, a5
x18 <- 0x0001F56FF76DF56F
mem[X,0x0000000080000038] -> 0x5993
mem[X,0x000000008000003A] -> 0x0079
[19] [M]: 0x0000000080000038 (0x00795993) srli s3, s2, 0x7
x19 <- 0x000003EADFEEDBEA
mem[X,0x000000008000003C] -> 0x5793
mem[X,0x000000008000003E] -> 0x0399
[20] [M]: 0x000000008000003C (0x03995793) srli a5, s2, 0x39
x15 <- 0x0000000000000000
mem[X,0x0000000080000040] -> 0xE9B3
mem[X,0x0000000080000042] -> 0x00F9
[21] [M]: 0x0000000080000040 (0x00F9E9B3) or s3, s3, a5
x19 <- 0x000003EADFEEDBEA
mem[X,0x0000000080000044] -> 0xDA13
mem[X,0x0000000080000046] -> 0x0079
[22] [M]: 0x0000000080000044 (0x0079DA13) srli s4, s3, 0x7
x20 <- 0x00000007D5BFDDB7
mem[X,0x0000000080000048] -> 0xD793
mem[X,0x000000008000004A] -> 0x0399
[23] [M]: 0x0000000080000048 (0x0399D793) srli a5, s3, 0x39
x15 <- 0x0000000000000000
mem[X,0x000000008000004C] -> 0x6A33
mem[X,0x000000008000004E] -> 0x00FA
[24] [M]: 0x000000008000004C (0x00FA6A33) or s4, s4, a5
x20 <- 0x00000007D5BFDDB7
mem[X,0x0000000080000050] -> 0x5A93
mem[X,0x0000000080000052] -> 0x007A
[25] [M]: 0x0000000080000050 (0x007A5A93) srli s5, s4, 0x7
x21 <- 0x000000000FAB7FBB
mem[X,0x0000000080000054] -> 0x5793
mem[X,0x0000000080000056] -> 0x039A
[26] [M]: 0x0000000080000054 (0x039A5793) srli a5, s4, 0x39
x15 <- 0x0000000000000000
mem[X,0x0000000080000058] -> 0xEAB3
mem[X,0x000000008000005A] -> 0x00FA
[27] [M]: 0x0000000080000058 (0x00FAEAB3) or s5, s5, a5
x21 <- 0x000000000FAB7FBB
mem[X,0x000000008000005C] -> 0xDB13
mem[X,0x000000008000005E] -> 0x007A
[28] [M]: 0x000000008000005C (0x007ADB13) srli s6, s5, 0x7
x22 <- 0x00000000001F56FF
mem[X,0x0000000080000060] -> 0xD793
mem[X,0x0000000080000062] -> 0x039A
[29] [M]: 0x0000000080000060 (0x039AD793) srli a5, s5, 0x39
x15 <- 0x0000000000000000
mem[X,0x0000000080000064] -> 0x6B33
mem[X,0x0000000080000066] -> 0x00FB
[30] [M]: 0x0000000080000064 (0x00FB6B33) or s6, s6, a5
x22 <- 0x00000000001F56FF
mem[X,0x0000000080000068] -> 0x5B93
mem[X,0x000000008000006A] -> 0x007B
[31] [M]: 0x0000000080000068 (0x007B5B93) srli s7, s6, 0x7
x23 <- 0x0000000000003EAD
mem[X,0x000000008000006C] -> 0x5793
mem[X,0x000000008000006E] -> 0x039B
[32] [M]: 0x000000008000006C (0x039B5793) srli a5, s6, 0x39
x15 <- 0x0000000000000000
mem[X,0x0000000080000070] -> 0xEBB3
mem[X,0x0000000080000072] -> 0x00FB
[33] [M]: 0x0000000080000070 (0x00FBEBB3) or s7, s7, a5
x23 <- 0x0000000000003EAD
mem[X,0x0000000080000074] -> 0xDC13
mem[X,0x0000000080000076] -> 0x007B
[34] [M]: 0x0000000080000074 (0x007BDC13) srli s8, s7, 0x7
x24 <- 0x000000000000007D
mem[X,0x0000000080000078] -> 0xD793
mem[X,0x000000008000007A] -> 0x039B
[35] [M]: 0x0000000080000078 (0x039BD793) srli a5, s7, 0x39
x15 <- 0x0000000000000000
mem[X,0x000000008000007C] -> 0x6C33
mem[X,0x000000008000007E] -> 0x00FC
[36] [M]: 0x000000008000007C (0x00FC6C33) or s8, s8, a5
x24 <- 0x000000000000007D
mem[X,0x0000000080000080] -> 0x5C93
mem[X,0x0000000080000082] -> 0x007C
[37] [M]: 0x0000000080000080 (0x007C5C93) srli s9, s8, 0x7
x25 <- 0x0000000000000000
mem[X,0x0000000080000084] -> 0x5793
mem[X,0x0000000080000086] -> 0x039C
[38] [M]: 0x0000000080000084 (0x039C5793) srli a5, s8, 0x39
x15 <- 0x0000000000000000
mem[X,0x0000000080000088] -> 0xECB3
mem[X,0x000000008000008A] -> 0x00FC
[39] [M]: 0x0000000080000088 (0x00FCECB3) or s9, s9, a5
x25 <- 0x0000000000000000
mem[X,0x000000008000008C] -> 0xDD13
mem[X,0x000000008000008E] -> 0x007C
[40] [M]: 0x000000008000008C (0x007CDD13) srli s10, s9, 0x7
x26 <- 0x0000000000000000
mem[X,0x0000000080000090] -> 0xD793
mem[X,0x0000000080000092] -> 0x039C
[41] [M]: 0x0000000080000090 (0x039CD793) srli a5, s9, 0x39
x15 <- 0x0000000000000000
mem[X,0x0000000080000094] -> 0x6D33
mem[X,0x0000000080000096] -> 0x00FD
[42] [M]: 0x0000000080000094 (0x00FD6D33) or s10, s10, a5
x26 <- 0x0000000000000000
mem[X,0x0000000080000098] -> 0x5D93
mem[X,0x000000008000009A] -> 0x007D
[43] [M]: 0x0000000080000098 (0x007D5D93) srli s11, s10, 0x7
x27 <- 0x0000000000000000
mem[X,0x000000008000009C] -> 0x5793
mem[X,0x000000008000009E] -> 0x039D
[44] [M]: 0x000000008000009C (0x039D5793) srli a5, s10, 0x39
x15 <- 0x0000000000000000
mem[X,0x00000000800000A0] -> 0xEDB3
mem[X,0x00000000800000A2] -> 0x00FD
[45] [M]: 0x00000000800000A0 (0x00FDEDB3) or s11, s11, a5
x27 <- 0x0000000000000000
mem[X,0x00000000800000A4] -> 0xDE13
mem[X,0x00000000800000A6] -> 0x007D
[46] [M]: 0x00000000800000A4 (0x007DDE13) srli t3, s11, 0x7
x28 <- 0x0000000000000000
mem[X,0x00000000800000A8] -> 0xD793
mem[X,0x00000000800000AA] -> 0x039D
[47] [M]: 0x00000000800000A8 (0x039DD793) srli a5, s11, 0x39
x15 <- 0x0000000000000000
mem[X,0x00000000800000AC] -> 0x6E33
mem[X,0x00000000800000AE] -> 0x00FE
[48] [M]: 0x00000000800000AC (0x00FE6E33) or t3, t3, a5
x28 <- 0x0000000000000000
mem[X,0x00000000800000B0] -> 0x5E93
mem[X,0x00000000800000B2] -> 0x007E
[49] [M]: 0x00000000800000B0 (0x007E5E93) srli t4, t3, 0x7
x29 <- 0x0000000000000000
mem[X,0x00000000800000B4] -> 0x5793
mem[X,0x00000000800000B6] -> 0x039E
[50] [M]: 0x00000000800000B4 (0x039E5793) srli a5, t3, 0x39
x15 <- 0x0000000000000000
mem[X,0x00000000800000B8] -> 0xEEB3
mem[X,0x00000000800000BA] -> 0x00FE
[51] [M]: 0x00000000800000B8 (0x00FEEEB3) or t4, t4, a5
x29 <- 0x0000000000000000
mem[X,0x00000000800000BC] -> 0xDF13
mem[X,0x00000000800000BE] -> 0x007E
[52] [M]: 0x00000000800000BC (0x007EDF13) srli t5, t4, 0x7
x30 <- 0x0000000000000000
mem[X,0x00000000800000C0] -> 0xD793
mem[X,0x00000000800000C2] -> 0x039E
[53] [M]: 0x00000000800000C0 (0x039ED793) srli a5, t4, 0x39
x15 <- 0x0000000000000000
mem[X,0x00000000800000C4] -> 0x6F33
mem[X,0x00000000800000C6] -> 0x00FF
[54] [M]: 0x00000000800000C4 (0x00FF6F33) or t5, t5, a5
x30 <- 0x0000000000000000
mem[X,0x00000000800000C8] -> 0xC0B7
mem[X,0x00000000800000CA] -> 0xFEED
[55] [M]: 0x00000000800000C8 (0xFEEDC0B7) lui ra, -0x1124
x1 <- 0xFFFFFFFFFEEDC000
mem[X,0x00000000800000CC] -> 0x8093
mem[X,0x00000000800000CE] -> 0xEAD0
[56] [M]: 0x00000000800000CC (0xEAD08093) addi ra, ra, -0x153
x1 <- 0xFFFFFFFFFEEDBEAD
mem[X,0x00000000800000D0] -> 0x9093
mem[X,0x00000000800000D2] -> 0x00B0
[57] [M]: 0x00000000800000D0 (0x00B09093) slli ra, ra, 0xb
x1 <- 0xFFFFFFF76DF56800
mem[X,0x00000000800000D4] -> 0x8093
mem[X,0x00000000800000D6] -> 0x7F70
[58] [M]: 0x00000000800000D4 (0x7F708093) addi ra, ra, 0x7f7
x1 <- 0xFFFFFFF76DF56FF7
mem[X,0x00000000800000D8] -> 0x9093
mem[X,0x00000000800000DA] -> 0x00B0
[59] [M]: 0x00000000800000D8 (0x00B09093) slli ra, ra, 0xb
x1 <- 0xFFFFBB6FAB7FB800
mem[X,0x00000000800000DC] -> 0x8093
mem[X,0x00000000800000DE] -> 0x36F0
[60] [M]: 0x00000000800000DC (0x36F08093) addi ra, ra, 0x36f
x1 <- 0xFFFFBB6FAB7FBB6F
mem[X,0x00000000800000E0] -> 0x9093
mem[X,0x00000000800000E2] -> 0x00A0
[61] [M]: 0x00000000800000E0 (0x00A09093) slli ra, ra, 0xa
x1 <- 0xFEEDBEADFEEDBC00
mem[X,0x00000000800000E4] -> 0x8093
mem[X,0x00000000800000E6] -> 0x2AD0
[62] [M]: 0x00000000800000E4 (0x2AD08093) addi ra, ra, 0x2ad
x1 <- 0xFEEDBEADFEEDBEAD
mem[X,0x00000000800000E8] -> 0xD113
mem[X,0x00000000800000EA] -> 0x0070
[63] [M]: 0x00000000800000E8 (0x0070D113) srli sp, ra, 0x7
x2 <- 0x01FDDB7D5BFDDB7D
mem[X,0x00000000800000EC] -> 0xD793
mem[X,0x00000000800000EE] -> 0x0390
[64] [M]: 0x00000000800000EC (0x0390D793) srli a5, ra, 0x39
x15 <- 0x000000000000007F
mem[X,0x00000000800000F0] -> 0x6133
mem[X,0x00000000800000F2] -> 0x00F1
[65] [M]: 0x00000000800000F0 (0x00F16133) or sp, sp, a5
x2 <- 0x01FDDB7D5BFDDB7F
mem[X,0x00000000800000F4] -> 0x5193
mem[X,0x00000000800000F6] -> 0x0071
[66] [M]: 0x00000000800000F4 (0x00715193) srli gp, sp, 0x7
x3 <- 0x0003FBB6FAB7FBB6
mem[X,0x00000000800000F8] -> 0x5793
mem[X,0x00000000800000FA] -> 0x0391
[67] [M]: 0x00000000800000F8 (0x03915793) srli a5, sp, 0x39
x15 <- 0x0000000000000000
mem[X,0x00000000800000FC] -> 0xE1B3
mem[X,0x00000000800000FE] -> 0x00F1
[68] [M]: 0x00000000800000FC (0x00F1E1B3) or gp, gp, a5
x3 <- 0x0003FBB6FAB7FBB6
mem[X,0x0000000080000100] -> 0xD213
mem[X,0x0000000080000102] -> 0x0071
[69] [M]: 0x0000000080000100 (0x0071D213) srli tp, gp, 0x7
x4 <- 0x000007F76DF56FF7
mem[X,0x0000000080000104] -> 0xD793
mem[X,0x0000000080000106] -> 0x0391
[70] [M]: 0x0000000080000104 (0x0391D793) srli a5, gp, 0x39
x15 <- 0x0000000000000000
mem[X,0x0000000080000108] -> 0x6233
mem[X,0x000000008000010A] -> 0x00F2
[71] [M]: 0x0000000080000108 (0x00F26233) or tp, tp, a5
x4 <- 0x000007F76DF56FF7
mem[X,0x000000008000010C] -> 0x5293
mem[X,0x000000008000010E] -> 0x0072
[72] [M]: 0x000000008000010C (0x00725293) srli t0, tp, 0x7
x5 <- 0x0000000FEEDBEADF
mem[X,0x0000000080000110] -> 0x5793
mem[X,0x0000000080000112] -> 0x0392
[73] [M]: 0x0000000080000110 (0x03925793) srli a5, tp, 0x39
x15 <- 0x0000000000000000
mem[X,0x0000000080000114] -> 0xE2B3
mem[X,0x0000000080000116] -> 0x00F2
[74] [M]: 0x0000000080000114 (0x00F2E2B3) or t0, t0, a5
x5 <- 0x0000000FEEDBEADF
mem[X,0x0000000080000118] -> 0xD313
mem[X,0x000000008000011A] -> 0x0072
[75] [M]: 0x0000000080000118 (0x0072D313) srli t1, t0, 0x7
x6 <- 0x000000001FDDB7D5
mem[X,0x000000008000011C] -> 0xD793
mem[X,0x000000008000011E] -> 0x0392
[76] [M]: 0x000000008000011C (0x0392D793) srli a5, t0, 0x39
x15 <- 0x0000000000000000
mem[X,0x0000000080000120] -> 0x6333
mem[X,0x0000000080000122] -> 0x00F3
[77] [M]: 0x0000000080000120 (0x00F36333) or t1, t1, a5
x6 <- 0x000000001FDDB7D5
mem[X,0x0000000080000124] -> 0x5393
mem[X,0x0000000080000126] -> 0x0073
[78] [M]: 0x0000000080000124 (0x00735393) srli t2, t1, 0x7
x7 <- 0x00000000003FBB6F
mem[X,0x0000000080000128] -> 0x5793
mem[X,0x000000008000012A] -> 0x0393
[79] [M]: 0x0000000080000128 (0x03935793) srli a5, t1, 0x39
x15 <- 0x0000000000000000
mem[X,0x000000008000012C] -> 0xE3B3
mem[X,0x000000008000012E] -> 0x00F3
[80] [M]: 0x000000008000012C (0x00F3E3B3) or t2, t2, a5
x7 <- 0x00000000003FBB6F
mem[X,0x0000000080000130] -> 0xD413
mem[X,0x0000000080000132] -> 0x0073
[81] [M]: 0x0000000080000130 (0x0073D413) srli fp, t2, 0x7
x8 <- 0x0000000000007F76
mem[X,0x0000000080000134] -> 0xD793
mem[X,0x0000000080000136] -> 0x0393
[82] [M]: 0x0000000080000134 (0x0393D793) srli a5, t2, 0x39
x15 <- 0x0000000000000000
mem[X,0x0000000080000138] -> 0x6433
mem[X,0x000000008000013A] -> 0x00F4
[83] [M]: 0x0000000080000138 (0x00F46433) or fp, fp, a5
x8 <- 0x0000000000007F76
mem[X,0x000000008000013C] -> 0x5493
mem[X,0x000000008000013E] -> 0x0074
[84] [M]: 0x000000008000013C (0x00745493) srli s1, fp, 0x7
x9 <- 0x00000000000000FE
mem[X,0x0000000080000140] -> 0x5793
mem[X,0x0000000080000142] -> 0x0394
[85] [M]: 0x0000000080000140 (0x03945793) srli a5, fp, 0x39
x15 <- 0x0000000000000000
mem[X,0x0000000080000144] -> 0xE4B3
mem[X,0x0000000080000146] -> 0x00F4
[86] [M]: 0x0000000080000144 (0x00F4E4B3) or s1, s1, a5
x9 <- 0x00000000000000FE
mem[X,0x0000000080000148] -> 0xD513
mem[X,0x000000008000014A] -> 0x0074
[87] [M]: 0x0000000080000148 (0x0074D513) srli a0, s1, 0x7
x10 <- 0x0000000000000001
mem[X,0x000000008000014C] -> 0xD793
mem[X,0x000000008000014E] -> 0x0394
[88] [M]: 0x000000008000014C (0x0394D793) srli a5, s1, 0x39
x15 <- 0x0000000000000000
mem[X,0x0000000080000150] -> 0x6533
mem[X,0x0000000080000152] -> 0x00F5
[89] [M]: 0x0000000080000150 (0x00F56533) or a0, a0, a5
x10 <- 0x0000000000000001
mem[X,0x0000000080000154] -> 0x5593
mem[X,0x0000000080000156] -> 0x0075
[90] [M]: 0x0000000080000154 (0x00755593) srli a1, a0, 0x7
x11 <- 0x0000000000000000
mem[X,0x0000000080000158] -> 0x5793
mem[X,0x000000008000015A] -> 0x0395
[91] [M]: 0x0000000080000158 (0x03955793) srli a5, a0, 0x39
x15 <- 0x0000000000000000
mem[X,0x000000008000015C] -> 0xE5B3
mem[X,0x000000008000015E] -> 0x00F5
[92] [M]: 0x000000008000015C (0x00F5E5B3) or a1, a1, a5
x11 <- 0x0000000000000000
mem[X,0x0000000080000160] -> 0xD613
mem[X,0x0000000080000162] -> 0x0075
[93] [M]: 0x0000000080000160 (0x0075D613) srli a2, a1, 0x7
x12 <- 0x0000000000000000
mem[X,0x0000000080000164] -> 0xD793
mem[X,0x0000000080000166] -> 0x0395
[94] [M]: 0x0000000080000164 (0x0395D793) srli a5, a1, 0x39
x15 <- 0x0000000000000000
mem[X,0x0000000080000168] -> 0x6633
mem[X,0x000000008000016A] -> 0x00F6
[95] [M]: 0x0000000080000168 (0x00F66633) or a2, a2, a5
x12 <- 0x0000000000000000
mem[X,0x000000008000016C] -> 0x5693
mem[X,0x000000008000016E] -> 0x0076
[96] [M]: 0x000000008000016C (0x00765693) srli a3, a2, 0x7
x13 <- 0x0000000000000000
mem[X,0x0000000080000170] -> 0x5793
mem[X,0x0000000080000172] -> 0x0396
[97] [M]: 0x0000000080000170 (0x03965793) srli a5, a2, 0x39
x15 <- 0x0000000000000000
mem[X,0x0000000080000174] -> 0xE6B3
mem[X,0x0000000080000176] -> 0x00F6
[98] [M]: 0x0000000080000174 (0x00F6E6B3) or a3, a3, a5
x13 <- 0x0000000000000000
mem[X,0x0000000080000178] -> 0x0013
mem[X,0x000000008000017A] -> 0x0000
[99] [M]: 0x0000000080000178 (0x00000013) addi zero, zero, 0x0
clint::tick mtime <- 0x0000000000000001
 clint timer pending at mtime 0x0000000000000001
htif::tick 0x0000000000000000
mem[X,0x000000008000017C] -> 0x0013
mem[X,0x000000008000017E] -> 0x0000
[100] [M]: 0x000000008000017C (0x00000013) addi zero, zero, 0x0
mem[X,0x0000000080000180] -> 0x4397
mem[X,0x0000000080000182] -> 0x0000
[101] [M]: 0x0000000080000180 (0x00004397) auipc t2, 0x4
x7 <- 0x0000000080004180
mem[X,0x0000000080000184] -> 0x8393
mem[X,0x0000000080000186] -> 0xF983
[102] [M]: 0x0000000080000184 (0xF9838393) addi t2, t2, -0x68
x7 <- 0x0000000080004118
mem[X,0x0000000080000188] -> 0x0013
mem[X,0x000000008000018A] -> 0x0000
[103] [M]: 0x0000000080000188 (0x00000013) addi zero, zero, 0x0
mem[X,0x000000008000018C] -> 0x0013
mem[X,0x000000008000018E] -> 0x0000
[104] [M]: 0x000000008000018C (0x00000013) addi zero, zero, 0x0
mem[X,0x0000000080000190] -> 0x0013
mem[X,0x0000000080000192] -> 0x0000
[105] [M]: 0x0000000080000190 (0x00000013) addi zero, zero, 0x0
mem[X,0x0000000080000194] -> 0x0013
mem[X,0x0000000080000196] -> 0x0000
[106] [M]: 0x0000000080000194 (0x00000013) addi zero, zero, 0x0
mem[X,0x0000000080000198] -> 0x0013
mem[X,0x000000008000019A] -> 0x0000
[107] [M]: 0x0000000080000198 (0x00000013) addi zero, zero, 0x0
mem[X,0x000000008000019C] -> 0x0013
mem[X,0x000000008000019E] -> 0x0000
[108] [M]: 0x000000008000019C (0x00000013) addi zero, zero, 0x0
mem[X,0x00000000800001A0] -> 0x0513
mem[X,0x00000000800001A2] -> 0xFFF0
[109] [M]: 0x00000000800001A0 (0xFFF00513) addi a0, zero, -0x1
x10 <- 0xFFFFFFFFFFFFFFFF
mem[X,0x00000000800001A4] -> 0x1513
mem[X,0x00000000800001A6] -> 0x03F5
[110] [M]: 0x00000000800001A4 (0x03F51513) slli a0, a0, 0x3f
x10 <- 0x8000000000000000
mem[X,0x00000000800001A8] -> 0x8E93
mem[X,0x00000000800001AA] -> 0x0003
[111] [M]: 0x00000000800001A8 (0x00038E93) addi t4, t2, 0x0
x29 <- 0x0000000080004118
mem[X,0x00000000800001AC] -> 0x0493
mem[X,0x00000000800001AE] -> 0x0020
[112] [M]: 0x00000000800001AC (0x00200493) addi s1, zero, 0x2
x9 <- 0x0000000000000002
mem[X,0x00000000800001B0] -> 0x8EB3
mem[X,0x00000000800001B2] -> 0x409E
[113] [M]: 0x00000000800001B0 (0x409E8EB3) sub t4, t4, s1
x29 <- 0x0000000080004116
mem[X,0x00000000800001B4] -> 0x9123
mem[X,0x00000000800001B6] -> 0x00AE
[114] [M]: 0x00000000800001B4 (0x00AE9123) sh a0, 0x2(t4)
mem[0x0000000080004118] <- 0x0000
mem[X,0x00000000800001B8] -> 0x0013
mem[X,0x00000000800001BA] -> 0x0000
[115] [M]: 0x00000000800001B8 (0x00000013) addi zero, zero, 0x0
mem[X,0x00000000800001BC] -> 0x0013
mem[X,0x00000000800001BE] -> 0x0000
[116] [M]: 0x00000000800001BC (0x00000013) addi zero, zero, 0x0
mem[X,0x00000000800001C0] -> 0x0713
mem[X,0x00000000800001C2] -> 0x0000
[117] [M]: 0x00000000800001C0 (0x00000713) addi a4, zero, 0x0
x14 <- 0x0000000000000000
mem[X,0x00000000800001C4] -> 0x8E13
mem[X,0x00000000800001C6] -> 0x0083
[118] [M]: 0x00000000800001C4 (0x00838E13) addi t3, t2, 0x8
x28 <- 0x0000000080004120
mem[X,0x00000000800001C8] -> 0x0493
mem[X,0x00000000800001CA] -> 0x0090
[119] [M]: 0x00000000800001C8 (0x00900493) addi s1, zero, 0x9
x9 <- 0x0000000000000009
mem[X,0x00000000800001CC] -> 0x0E33
mem[X,0x00000000800001CE] -> 0x409E
[120] [M]: 0x00000000800001CC (0x409E0E33) sub t3, t3, s1
x28 <- 0x0000000080004117
mem[X,0x00000000800001D0] -> 0x14A3
mem[X,0x00000000800001D2] -> 0x00EE
[121] [M]: 0x00000000800001D0 (0x00EE14A3) sh a4, 0x9(t3)
mem[0x0000000080004120] <- 0x0000
mem[X,0x00000000800001D4] -> 0x0013
mem[X,0x00000000800001D6] -> 0x0000
[122] [M]: 0x00000000800001D4 (0x00000013) addi zero, zero, 0x0
mem[X,0x00000000800001D8] -> 0x0013
mem[X,0x00000000800001DA] -> 0x0000
[123] [M]: 0x00000000800001D8 (0x00000013) addi zero, zero, 0x0
mem[X,0x00000000800001DC] -> 0x0413
mem[X,0x00000000800001DE] -> 0xFFF0
[124] [M]: 0x00000000800001DC (0xFFF00413) addi fp, zero, -0x1
x8 <- 0xFFFFFFFFFFFFFFFF
mem[X,0x00000000800001E0] -> 0x5413
mem[X,0x00000000800001E2] -> 0x0014
[125] [M]: 0x00000000800001E0 (0x00145413) srli fp, fp, 0x1
x8 <- 0x7FFFFFFFFFFFFFFF
mem[X,0x00000000800001E4] -> 0x8813
mem[X,0x00000000800001E6] -> 0x0103
[126] [M]: 0x00000000800001E4 (0x01038813) addi a6, t2, 0x10
x16 <- 0x0000000080004128
mem[X,0x00000000800001E8] -> 0x0493
mem[X,0x00000000800001EA] -> 0x0800
[127] [M]: 0x00000000800001E8 (0x08000493) addi s1, zero, 0x80
x9 <- 0x0000000000000080
mem[X,0x00000000800001EC] -> 0x0833
mem[X,0x00000000800001EE] -> 0x4098
[128] [M]: 0x00000000800001EC (0x40980833) sub a6, a6, s1
x16 <- 0x00000000800040A8
mem[X,0x00000000800001F0] -> 0x1023
mem[X,0x00000000800001F2] -> 0x0888
[129] [M]: 0x00000000800001F0 (0x08881023) sh fp, 0x80(a6)
mem[0x0000000080004128] <- 0xFFFF
mem[X,0x00000000800001F4] -> 0x0013
mem[X,0x00000000800001F6] -> 0x0000
[130] [M]: 0x00000000800001F4 (0x00000013) addi zero, zero, 0x0
mem[X,0x00000000800001F8] -> 0x0013
mem[X,0x00000000800001FA] -> 0x0000
[131] [M]: 0x00000000800001F8 (0x00000013) addi zero, zero, 0x0
mem[X,0x00000000800001FC] -> 0x0813
mem[X,0x00000000800001FE] -> 0x0010
[132] [M]: 0x00000000800001FC (0x00100813) addi a6, zero, 0x1
x16 <- 0x0000000000000001
mem[X,0x0000000080000200] -> 0x8F93
mem[X,0x0000000080000202] -> 0x0183
[133] [M]: 0x0000000080000200 (0x01838F93) addi t6, t2, 0x18
x31 <- 0x0000000080004130
mem[X,0x0000000080000204] -> 0x0493
mem[X,0x0000000080000206] -> 0x0050
[134] [M]: 0x0000000080000204 (0x00500493) addi s1, zero, 0x5
x9 <- 0x0000000000000005
mem[X,0x0000000080000208] -> 0x8FB3
mem[X,0x000000008000020A] -> 0x409F
[135] [M]: 0x0000000080000208 (0x409F8FB3) sub t6, t6, s1
x31 <- 0x000000008000412B
mem[X,0x000000008000020C] -> 0x92A3
mem[X,0x000000008000020E] -> 0x010F
[136] [M]: 0x000000008000020C (0x010F92A3) sh a6, 0x5(t6)
mem[0x0000000080004130] <- 0x0001
mem[X,0x0000000080000210] -> 0x0013
mem[X,0x0000000080000212] -> 0x0000
[137] [M]: 0x0000000080000210 (0x00000013) addi zero, zero, 0x0
mem[X,0x0000000080000214] -> 0x0013
mem[X,0x0000000080000216] -> 0x0000
[138] [M]: 0x0000000080000214 (0x00000013) addi zero, zero, 0x0
mem[X,0x0000000080000218] -> 0x0013
mem[X,0x000000008000021A] -> 0x0000
[139] [M]: 0x0000000080000218 (0x00000013) addi zero, zero, 0x0
mem[X,0x000000008000021C] -> 0x8093
mem[X,0x000000008000021E] -> 0x0203
[140] [M]: 0x000000008000021C (0x02038093) addi ra, t2, 0x20
x1 <- 0x0000000080004138
mem[X,0x0000000080000220] -> 0x0493
mem[X,0x0000000080000222] -> 0x7FF0
[141] [M]: 0x0000000080000220 (0x7FF00493) addi s1, zero, 0x7ff
x9 <- 0x00000000000007FF
mem[X,0x0000000080000224] -> 0x80B3
mem[X,0x0000000080000226] -> 0x4090
[142] [M]: 0x0000000080000224 (0x409080B3) sub ra, ra, s1
x1 <- 0x0000000080003939
mem[X,0x0000000080000228] -> 0x9FA3
mem[X,0x000000008000022A] -> 0x7E00
[143] [M]: 0x0000000080000228 (0x7E009FA3) sh zero, 0x7ff(ra)
mem[0x0000000080004138] <- 0x0000
mem[X,0x000000008000022C] -> 0x0013
mem[X,0x000000008000022E] -> 0x0000
[144] [M]: 0x000000008000022C (0x00000013) addi zero, zero, 0x0
mem[X,0x0000000080000230] -> 0x0013
mem[X,0x0000000080000232] -> 0x0000
[145] [M]: 0x0000000080000230 (0x00000013) addi zero, zero, 0x0
mem[X,0x0000000080000234] -> 0x0793
mem[X,0x0000000080000236] -> 0x0010
[146] [M]: 0x0000000080000234 (0x00100793) addi a5, zero, 0x1
x15 <- 0x0000000000000001
mem[X,0x0000000080000238] -> 0x9793
mem[X,0x000000008000023A] -> 0x02A7
[147] [M]: 0x0000000080000238 (0x02A79793) slli a5, a5, 0x2a
x15 <- 0x0000040000000000
mem[X,0x000000008000023C] -> 0xC793
mem[X,0x000000008000023E] -> 0xFFF7
[148] [M]: 0x000000008000023C (0xFFF7C793) xori a5, a5, -0x1
x15 <- 0xFFFFFBFFFFFFFFFF
mem[X,0x0000000080000240] -> 0x8113
mem[X,0x0000000080000242] -> 0x02A3
[149] [M]: 0x0000000080000240 (0x02A38113) addi sp, t2, 0x2a
x2 <- 0x0000000080004142
mem[X,0x0000000080000244] -> 0x0493
mem[X,0x0000000080000246] -> 0x1000
[150] [M]: 0x0000000080000244 (0x10000493) addi s1, zero, 0x100
x9 <- 0x0000000000000100
mem[X,0x0000000080000248] -> 0x0133
mem[X,0x000000008000024A] -> 0x4091
[151] [M]: 0x0000000080000248 (0x40910133) sub sp, sp, s1
x2 <- 0x0000000080004042
mem[X,0x000000008000024C] -> 0x1023
mem[X,0x000000008000024E] -> 0x10F1
[152] [M]: 0x000000008000024C (0x10F11023) sh a5, 0x100(sp)
mem[0x0000000080004142] <- 0xFFFF
mem[X,0x0000000080000250] -> 0x0013
mem[X,0x0000000080000252] -> 0x0000
[153] [M]: 0x0000000080000250 (0x00000013) addi zero, zero, 0x0
mem[X,0x0000000080000254] -> 0x0013
mem[X,0x0000000080000256] -> 0x0000
[154] [M]: 0x0000000080000254 (0x00000013) addi zero, zero, 0x0
mem[X,0x0000000080000258] -> 0x0293
mem[X,0x000000008000025A] -> 0xFFF0
[155] [M]: 0x0000000080000258 (0xFFF00293) addi t0, zero, -0x1
x5 <- 0xFFFFFFFFFFFFFFFF
mem[X,0x000000008000025C] -> 0x9293
mem[X,0x000000008000025E] -> 0x03F2
[156] [M]: 0x000000008000025C (0x03F29293) slli t0, t0, 0x3f
x5 <- 0x8000000000000000
mem[X,0x0000000080000260] -> 0x8313
mem[X,0x0000000080000262] -> 0x0323
[157] [M]: 0x0000000080000260 (0x03238313) addi t1, t2, 0x32
x6 <- 0x000000008000414A
mem[X,0x0000000080000264] -> 0x0493
mem[X,0x0000000080000266] -> 0xFFD0
[158] [M]: 0x0000000080000264 (0xFFD00493) addi s1, zero, -0x3
x9 <- 0xFFFFFFFFFFFFFFFD
mem[X,0x0000000080000268] -> 0x0333
mem[X,0x000000008000026A] -> 0x4093
[159] [M]: 0x0000000080000268 (0x40930333) sub t1, t1, s1
x6 <- 0x000000008000414D
mem[X,0x000000008000026C] -> 0x1EA3
mem[X,0x000000008000026E] -> 0xFE53
[160] [M]: 0x000000008000026C (0xFE531EA3) sh t0, -0x3(t1)
mem[0x000000008000414A] <- 0x0000
mem[X,0x0000000080000270] -> 0x0013
mem[X,0x0000000080000272] -> 0x0000
[161] [M]: 0x0000000080000270 (0x00000013) addi zero, zero, 0x0
mem[X,0x0000000080000274] -> 0x0013
mem[X,0x0000000080000276] -> 0x0000
[162] [M]: 0x0000000080000274 (0x00000013) addi zero, zero, 0x0
mem[X,0x0000000080000278] -> 0x0113
mem[X,0x000000008000027A] -> 0x0010
[163] [M]: 0x0000000080000278 (0x00100113) addi sp, zero, 0x1
x2 <- 0x0000000000000001
mem[X,0x000000008000027C] -> 0x1113
mem[X,0x000000008000027E] -> 0x0291
[164] [M]: 0x000000008000027C (0x02911113) slli sp, sp, 0x29
x2 <- 0x0000020000000000
mem[X,0x0000000080000280] -> 0x8513
mem[X,0x0000000080000282] -> 0x03A3
[165] [M]: 0x0000000080000280 (0x03A38513) addi a0, t2, 0x3a
x10 <- 0x0000000080004152
mem[X,0x0000000080000284] -> 0x0493
mem[X,0x0000000080000286] -> 0x0060
[166] [M]: 0x0000000080000284 (0x00600493) addi s1, zero, 0x6
x9 <- 0x0000000000000006
mem[X,0x0000000080000288] -> 0x0533
mem[X,0x000000008000028A] -> 0x4095
[167] [M]: 0x0000000080000288 (0x40950533) sub a0, a0, s1
x10 <- 0x000000008000414C
mem[X,0x000000008000028C] -> 0x1323
mem[X,0x000000008000028E] -> 0x0025
[168] [M]: 0x000000008000028C (0x00251323) sh sp, 0x6(a0)
mem[0x0000000080004152] <- 0x0000
mem[X,0x0000000080000290] -> 0x0013
mem[X,0x0000000080000292] -> 0x0000
[169] [M]: 0x0000000080000290 (0x00000013) addi zero, zero, 0x0
mem[X,0x0000000080000294] -> 0x0013
mem[X,0x0000000080000296] -> 0x0000
[170] [M]: 0x0000000080000294 (0x00000013) addi zero, zero, 0x0
mem[X,0x0000000080000298] -> 0x0C93
mem[X,0x000000008000029A] -> 0x0010
[171] [M]: 0x0000000080000298 (0x00100C93) addi s9, zero, 0x1
x25 <- 0x0000000000000001
mem[X,0x000000008000029C] -> 0x9C93
mem[X,0x000000008000029E] -> 0x035C
[172] [M]: 0x000000008000029C (0x035C9C93) slli s9, s9, 0x35
x25 <- 0x0020000000000000
mem[X,0x00000000800002A0] -> 0x8193
mem[X,0x00000000800002A2] -> 0x0423
[173] [M]: 0x00000000800002A0 (0x04238193) addi gp, t2, 0x42
x3 <- 0x000000008000415A
mem[X,0x00000000800002A4] -> 0x0493
mem[X,0x00000000800002A6] -> 0x7FF0
[174] [M]: 0x00000000800002A4 (0x7FF00493) addi s1, zero, 0x7ff
x9 <- 0x00000000000007FF
mem[X,0x00000000800002A8] -> 0x81B3
mem[X,0x00000000800002AA] -> 0x4091
[175] [M]: 0x00000000800002A8 (0x409181B3) sub gp, gp, s1
x3 <- 0x000000008000395B
mem[X,0x00000000800002AC] -> 0x9FA3
mem[X,0x00000000800002AE] -> 0x7F91
[176] [M]: 0x00000000800002AC (0x7F919FA3) sh s9, 0x7ff(gp)
mem[0x000000008000415A] <- 0x0000
mem[X,0x00000000800002B0] -> 0x0013
mem[X,0x00000000800002B2] -> 0x0000
[177] [M]: 0x00000000800002B0 (0x00000013) addi zero, zero, 0x0
mem[X,0x00000000800002B4] -> 0x0013
mem[X,0x00000000800002B6] -> 0x0000
[178] [M]: 0x00000000800002B4 (0x00000013) addi zero, zero, 0x0
mem[X,0x00000000800002B8] -> 0x0D13
mem[X,0x00000000800002BA] -> 0x0010
[179] [M]: 0x00000000800002B8 (0x00100D13) addi s10, zero, 0x1
x26 <- 0x0000000000000001
mem[X,0x00000000800002BC] -> 0x1D13
mem[X,0x00000000800002BE] -> 0x021D
[180] [M]: 0x00000000800002BC (0x021D1D13) slli s10, s10, 0x21
x26 <- 0x0000000200000000
mem[X,0x00000000800002C0] -> 0x8C13
mem[X,0x00000000800002C2] -> 0x0483
[181] [M]: 0x00000000800002C0 (0x04838C13) addi s8, t2, 0x48
x24 <- 0x0000000080004160
mem[X,0x00000000800002C4] -> 0x0493
mem[X,0x00000000800002C6] -> 0x0000
[182] [M]: 0x00000000800002C4 (0x00000493) addi s1, zero, 0x0
x9 <- 0x0000000000000000
mem[X,0x00000000800002C8] -> 0x0C33
mem[X,0x00000000800002CA] -> 0x409C
[183] [M]: 0x00000000800002C8 (0x409C0C33) sub s8, s8, s1
x24 <- 0x0000000080004160
mem[X,0x00000000800002CC] -> 0x1023
mem[X,0x00000000800002CE] -> 0x01AC
[184] [M]: 0x00000000800002CC (0x01AC1023) sh s10, 0x0(s8)
mem[0x0000000080004160] <- 0x0000
mem[X,0x00000000800002D0] -> 0x0013
mem[X,0x00000000800002D2] -> 0x0000
[185] [M]: 0x00000000800002D0 (0x00000013) addi zero, zero, 0x0
mem[X,0x00000000800002D4] -> 0x0013
mem[X,0x00000000800002D6] -> 0x0000
[186] [M]: 0x00000000800002D4 (0x00000013) addi zero, zero, 0x0
mem[X,0x00000000800002D8] -> 0x0B93
mem[X,0x00000000800002DA] -> 0x0020
[187] [M]: 0x00000000800002D8 (0x00200B93) addi s7, zero, 0x2
x23 <- 0x0000000000000002
mem[X,0x00000000800002DC] -> 0x8793
mem[X,0x00000000800002DE] -> 0x0503
[188] [M]: 0x00000000800002DC (0x05038793) addi a5, t2, 0x50
x15 <- 0x0000000080004168
mem[X,0x00000000800002E0] -> 0x0493
mem[X,0x00000000800002E2] -> 0x2000
[189] [M]: 0x00000000800002E0 (0x20000493) addi s1, zero, 0x200
x9 <- 0x0000000000000200
mem[X,0x00000000800002E4] -> 0x87B3
mem[X,0x00000000800002E6] -> 0x4097
[190] [M]: 0x00000000800002E4 (0x409787B3) sub a5, a5, s1
x15 <- 0x0000000080003F68
mem[X,0x00000000800002E8] -> 0x9023
mem[X,0x00000000800002EA] -> 0x2177
[191] [M]: 0x00000000800002E8 (0x21779023) sh s7, 0x200(a5)
mem[0x0000000080004168] <- 0x0002
mem[X,0x00000000800002EC] -> 0x0013
mem[X,0x00000000800002EE] -> 0x0000
[192] [M]: 0x00000000800002EC (0x00000013) addi zero, zero, 0x0
mem[X,0x00000000800002F0] -> 0x0013
mem[X,0x00000000800002F2] -> 0x0000
[193] [M]: 0x00000000800002F0 (0x00000013) addi zero, zero, 0x0
mem[X,0x00000000800002F4] -> 0x0193
mem[X,0x00000000800002F6] -> 0x0040
[194] [M]: 0x00000000800002F4 (0x00400193) addi gp, zero, 0x4
x3 <- 0x0000000000000004
mem[X,0x00000000800002F8] -> 0x8D93
mem[X,0x00000000800002FA] -> 0x0583
[195] [M]: 0x00000000800002F8 (0x05838D93) addi s11, t2, 0x58
x27 <- 0x0000000080004170
mem[X,0x00000000800002FC] -> 0x0493
mem[X,0x00000000800002FE] -> 0xFF60
[196] [M]: 0x00000000800002FC (0xFF600493) addi s1, zero, -0xa
x9 <- 0xFFFFFFFFFFFFFFF6
mem[X,0x0000000080000300] -> 0x8DB3
mem[X,0x0000000080000302] -> 0x409D
[197] [M]: 0x0000000080000300 (0x409D8DB3) sub s11, s11, s1
x27 <- 0x000000008000417A
mem[X,0x0000000080000304] -> 0x9B23
mem[X,0x0000000080000306] -> 0xFE3D
[198] [M]: 0x0000000080000304 (0xFE3D9B23) sh gp, -0xa(s11)
mem[0x0000000080004170] <- 0x0004
mem[X,0x0000000080000308] -> 0x0013
mem[X,0x000000008000030A] -> 0x0000
[199] [M]: 0x0000000080000308 (0x00000013) addi zero, zero, 0x0
clint::tick mtime <- 0x0000000000000002
 clint timer pending at mtime 0x0000000000000002
htif::tick 0x0000000000000000
mem[X,0x000000008000030C] -> 0x0013
mem[X,0x000000008000030E] -> 0x0000
[200] [M]: 0x000000008000030C (0x00000013) addi zero, zero, 0x0
mem[X,0x0000000080000310] -> 0x0F13
mem[X,0x0000000080000312] -> 0x0080
[201] [M]: 0x0000000080000310 (0x00800F13) addi t5, zero, 0x8
x30 <- 0x0000000000000008
mem[X,0x0000000080000314] -> 0x8693
mem[X,0x0000000080000316] -> 0x0603
[202] [M]: 0x0000000080000314 (0x06038693) addi a3, t2, 0x60
x13 <- 0x0000000080004178
mem[X,0x0000000080000318] -> 0x0493
mem[X,0x000000008000031A] -> 0xFF70
[203] [M]: 0x0000000080000318 (0xFF700493) addi s1, zero, -0x9
x9 <- 0xFFFFFFFFFFFFFFF7
mem[X,0x000000008000031C] -> 0x86B3
mem[X,0x000000008000031E] -> 0x4096
[204] [M]: 0x000000008000031C (0x409686B3) sub a3, a3, s1
x13 <- 0x0000000080004181
mem[X,0x0000000080000320] -> 0x9BA3
mem[X,0x0000000080000322] -> 0xFFE6
[205] [M]: 0x0000000080000320 (0xFFE69BA3) sh t5, -0x9(a3)
mem[0x0000000080004178] <- 0x0008
mem[X,0x0000000080000324] -> 0x0013
mem[X,0x0000000080000326] -> 0x0000
[206] [M]: 0x0000000080000324 (0x00000013) addi zero, zero, 0x0
mem[X,0x0000000080000328] -> 0x0013
mem[X,0x000000008000032A] -> 0x0000
[207] [M]: 0x0000000080000328 (0x00000013) addi zero, zero, 0x0
mem[X,0x000000008000032C] -> 0x0313
mem[X,0x000000008000032E] -> 0x0100
[208] [M]: 0x000000008000032C (0x01000313) addi t1, zero, 0x10
x6 <- 0x0000000000000010
mem[X,0x0000000080000330] -> 0x8713
mem[X,0x0000000080000332] -> 0x0683
[209] [M]: 0x0000000080000330 (0x06838713) addi a4, t2, 0x68
x14 <- 0x0000000080004180
mem[X,0x0000000080000334] -> 0x0493
mem[X,0x0000000080000336] -> 0x0100
[210] [M]: 0x0000000080000334 (0x01000493) addi s1, zero, 0x10
x9 <- 0x0000000000000010
mem[X,0x0000000080000338] -> 0x0733
mem[X,0x000000008000033A] -> 0x4097
[211] [M]: 0x0000000080000338 (0x40970733) sub a4, a4, s1
x14 <- 0x0000000080004170
mem[X,0x000000008000033C] -> 0x1823
mem[X,0x000000008000033E] -> 0x0067
[212] [M]: 0x000000008000033C (0x00671823) sh t1, 0x10(a4)
mem[0x0000000080004180] <- 0x0010
mem[X,0x0000000080000340] -> 0x0013
mem[X,0x0000000080000342] -> 0x0000
[213] [M]: 0x0000000080000340 (0x00000013) addi zero, zero, 0x0
mem[X,0x0000000080000344] -> 0x0013
mem[X,0x0000000080000346] -> 0x0000
[214] [M]: 0x0000000080000344 (0x00000013) addi zero, zero, 0x0
mem[X,0x0000000080000348] -> 0x0893
mem[X,0x000000008000034A] -> 0x0200
[215] [M]: 0x0000000080000348 (0x02000893) addi a7, zero, 0x20
x17 <- 0x0000000000000020
mem[X,0x000000008000034C] -> 0x8F13
mem[X,0x000000008000034E] -> 0x0703
[216] [M]: 0x000000008000034C (0x07038F13) addi t5, t2, 0x70
x30 <- 0x0000000080004188
mem[X,0x0000000080000350] -> 0x0493
mem[X,0x0000000080000352] -> 0xF7F0
[217] [M]: 0x0000000080000350 (0xF7F00493) addi s1, zero, -0x81
x9 <- 0xFFFFFFFFFFFFFF7F
mem[X,0x0000000080000354] -> 0x0F33
mem[X,0x0000000080000356] -> 0x409F
[218] [M]: 0x0000000080000354 (0x409F0F33) sub t5, t5, s1
x30 <- 0x0000000080004209
mem[X,0x0000000080000358] -> 0x1FA3
mem[X,0x000000008000035A] -> 0xF71F
[219] [M]: 0x0000000080000358 (0xF71F1FA3) sh a7, -0x81(t5)
mem[0x0000000080004188] <- 0x0020
mem[X,0x000000008000035C] -> 0x0013
mem[X,0x000000008000035E] -> 0x0000
[220] [M]: 0x000000008000035C (0x00000013) addi zero, zero, 0x0
mem[X,0x0000000080000360] -> 0x0013
mem[X,0x0000000080000362] -> 0x0000
[221] [M]: 0x0000000080000360 (0x00000013) addi zero, zero, 0x0
mem[X,0x0000000080000364] -> 0x0B13
mem[X,0x0000000080000366] -> 0x0400
[222] [M]: 0x0000000080000364 (0x04000B13) addi s6, zero, 0x40
x22 <- 0x0000000000000040
mem[X,0x0000000080000368] -> 0x8993
mem[X,0x000000008000036A] -> 0x0783
[223] [M]: 0x0000000080000368 (0x07838993) addi s3, t2, 0x78
x19 <- 0x0000000080004190
mem[X,0x000000008000036C] -> 0x0493
mem[X,0x000000008000036E] -> 0xBFF0
[224] [M]: 0x000000008000036C (0xBFF00493) addi s1, zero, -0x401
x9 <- 0xFFFFFFFFFFFFFBFF
mem[X,0x0000000080000370] -> 0x89B3
mem[X,0x0000000080000372] -> 0x4099
[225] [M]: 0x0000000080000370 (0x409989B3) sub s3, s3, s1
x19 <- 0x0000000080004591
mem[X,0x0000000080000374] -> 0x9FA3
mem[X,0x0000000080000376] -> 0xBF69
[226] [M]: 0x0000000080000374 (0xBF699FA3) sh s6, -0x401(s3)
mem[0x0000000080004190] <- 0x0040
mem[X,0x0000000080000378] -> 0x0013
mem[X,0x000000008000037A] -> 0x0000
[227] [M]: 0x0000000080000378 (0x00000013) addi zero, zero, 0x0
mem[X,0x000000008000037C] -> 0x0013
mem[X,0x000000008000037E] -> 0x0000
[228] [M]: 0x000000008000037C (0x00000013) addi zero, zero, 0x0
mem[X,0x0000000080000380] -> 0x0593
mem[X,0x0000000080000382] -> 0x0800
[229] [M]: 0x0000000080000380 (0x08000593) addi a1, zero, 0x80
x11 <- 0x0000000000000080
mem[X,0x0000000080000384] -> 0x8613
mem[X,0x0000000080000386] -> 0x0803
[230] [M]: 0x0000000080000384 (0x08038613) addi a2, t2, 0x80
x12 <- 0x0000000080004198
mem[X,0x0000000080000388] -> 0x0493
mem[X,0x000000008000038A] -> 0x0050
[231] [M]: 0x0000000080000388 (0x00500493) addi s1, zero, 0x5
x9 <- 0x0000000000000005
mem[X,0x000000008000038C] -> 0x0633
mem[X,0x000000008000038E] -> 0x4096
[232] [M]: 0x000000008000038C (0x40960633) sub a2, a2, s1
x12 <- 0x0000000080004193
mem[X,0x0000000080000390] -> 0x12A3
mem[X,0x0000000080000392] -> 0x00B6
[233] [M]: 0x0000000080000390 (0x00B612A3) sh a1, 0x5(a2)
mem[0x0000000080004198] <- 0x0080
mem[X,0x0000000080000394] -> 0x0013
mem[X,0x0000000080000396] -> 0x0000
[234] [M]: 0x0000000080000394 (0x00000013) addi zero, zero, 0x0
mem[X,0x0000000080000398] -> 0x0013
mem[X,0x000000008000039A] -> 0x0000
[235] [M]: 0x0000000080000398 (0x00000013) addi zero, zero, 0x0
mem[X,0x000000008000039C] -> 0x0093
mem[X,0x000000008000039E] -> 0x1000
[236] [M]: 0x000000008000039C (0x10000093) addi ra, zero, 0x100
x1 <- 0x0000000000000100
mem[X,0x00000000800003A0] -> 0x8D13
mem[X,0x00000000800003A2] -> 0x0883
[237] [M]: 0x00000000800003A0 (0x08838D13) addi s10, t2, 0x88
x26 <- 0x00000000800041A0
mem[X,0x00000000800003A4] -> 0x0493
mem[X,0x00000000800003A6] -> 0xFEF0
[238] [M]: 0x00000000800003A4 (0xFEF00493) addi s1, zero, -0x11
x9 <- 0xFFFFFFFFFFFFFFEF
mem[X,0x00000000800003A8] -> 0x0D33
mem[X,0x00000000800003AA] -> 0x409D
[239] [M]: 0x00000000800003A8 (0x409D0D33) sub s10, s10, s1
x26 <- 0x00000000800041B1
mem[X,0x00000000800003AC] -> 0x17A3
mem[X,0x00000000800003AE] -> 0xFE1D
[240] [M]: 0x00000000800003AC (0xFE1D17A3) sh ra, -0x11(s10)
mem[0x00000000800041A0] <- 0x0100
mem[X,0x00000000800003B0] -> 0x0013
mem[X,0x00000000800003B2] -> 0x0000
[241] [M]: 0x00000000800003B0 (0x00000013) addi zero, zero, 0x0
mem[X,0x00000000800003B4] -> 0x0013
mem[X,0x00000000800003B6] -> 0x0000
[242] [M]: 0x00000000800003B4 (0x00000013) addi zero, zero, 0x0
mem[X,0x00000000800003B8] -> 0x0A13
mem[X,0x00000000800003BA] -> 0x2000
[243] [M]: 0x00000000800003B8 (0x20000A13) addi s4, zero, 0x200
x20 <- 0x0000000000000200
mem[X,0x00000000800003BC] -> 0x8413
mem[X,0x00000000800003BE] -> 0x0903
[244] [M]: 0x00000000800003BC (0x09038413) addi fp, t2, 0x90
x8 <- 0x00000000800041A8
mem[X,0x00000000800003C0] -> 0x0493
mem[X,0x00000000800003C2] -> 0x8000
[245] [M]: 0x00000000800003C0 (0x80000493) addi s1, zero, -0x800
x9 <- 0xFFFFFFFFFFFFF800
mem[X,0x00000000800003C4] -> 0x0433
mem[X,0x00000000800003C6] -> 0x4094
[246] [M]: 0x00000000800003C4 (0x40940433) sub fp, fp, s1
x8 <- 0x00000000800049A8
mem[X,0x00000000800003C8] -> 0x1023
mem[X,0x00000000800003CA] -> 0x8144
[247] [M]: 0x00000000800003C8 (0x81441023) sh s4, -0x800(fp)
mem[0x00000000800041A8] <- 0x0200
mem[X,0x00000000800003CC] -> 0x0013
mem[X,0x00000000800003CE] -> 0x0000
[248] [M]: 0x00000000800003CC (0x00000013) addi zero, zero, 0x0
mem[X,0x00000000800003D0] -> 0x0013
mem[X,0x00000000800003D2] -> 0x0000
[249] [M]: 0x00000000800003D0 (0x00000013) addi zero, zero, 0x0
mem[X,0x00000000800003D4] -> 0x0F93
mem[X,0x00000000800003D6] -> 0x4000
[250] [M]: 0x00000000800003D4 (0x40000F93) addi t6, zero, 0x400
x31 <- 0x0000000000000400
mem[X,0x00000000800003D8] -> 0x8213
mem[X,0x00000000800003DA] -> 0x0983
[251] [M]: 0x00000000800003D8 (0x09838213) addi tp, t2, 0x98
x4 <- 0x00000000800041B0
mem[X,0x00000000800003DC] -> 0x0493
mem[X,0x00000000800003DE] -> 0x0200
[252] [M]: 0x00000000800003DC (0x02000493) addi s1, zero, 0x20
x9 <- 0x0000000000000020
mem[X,0x00000000800003E0] -> 0x0233
mem[X,0x00000000800003E2] -> 0x4092
[253] [M]: 0x00000000800003E0 (0x40920233) sub tp, tp, s1
x4 <- 0x0000000080004190
mem[X,0x00000000800003E4] -> 0x1023
mem[X,0x00000000800003E6] -> 0x03F2
[254] [M]: 0x00000000800003E4 (0x03F21023) sh t6, 0x20(tp)
mem[0x00000000800041B0] <- 0x0400
mem[X,0x00000000800003E8] -> 0x0013
mem[X,0x00000000800003EA] -> 0x0000
[255] [M]: 0x00000000800003E8 (0x00000013) addi zero, zero, 0x0
mem[X,0x00000000800003EC] -> 0x0013
mem[X,0x00000000800003EE] -> 0x0000
[256] [M]: 0x00000000800003EC (0x00000013) addi zero, zero, 0x0
mem[X,0x00000000800003F0] -> 0x0913
mem[X,0x00000000800003F2] -> 0x0010
[257] [M]: 0x00000000800003F0 (0x00100913) addi s2, zero, 0x1
x18 <- 0x0000000000000001
mem[X,0x00000000800003F4] -> 0x1913
mem[X,0x00000000800003F6] -> 0x00B9
[258] [M]: 0x00000000800003F4 (0x00B91913) slli s2, s2, 0xb
x18 <- 0x0000000000000800
mem[X,0x00000000800003F8] -> 0x8B93
mem[X,0x00000000800003FA] -> 0x0A03
[259] [M]: 0x00000000800003F8 (0x0A038B93) addi s7, t2, 0xa0
x23 <- 0x00000000800041B8
mem[X,0x00000000800003FC] -> 0x0113
mem[X,0x00000000800003FE] -> 0x0000
[260] [M]: 0x00000000800003FC (0x00000113) addi sp, zero, 0x0
x2 <- 0x0000000000000000
mem[X,0x0000000080000400] -> 0x8BB3
mem[X,0x0000000080000402] -> 0x402B
[261] [M]: 0x0000000080000400 (0x402B8BB3) sub s7, s7, sp
x23 <- 0x00000000800041B8
mem[X,0x0000000080000404] -> 0x9023
mem[X,0x0000000080000406] -> 0x012B
[262] [M]: 0x0000000080000404 (0x012B9023) sh s2, 0x0(s7)
mem[0x00000000800041B8] <- 0x0800
mem[X,0x0000000080000408] -> 0x0013
mem[X,0x000000008000040A] -> 0x0000
[263] [M]: 0x0000000080000408 (0x00000013) addi zero, zero, 0x0
mem[X,0x000000008000040C] -> 0x0013
mem[X,0x000000008000040E] -> 0x0000
[264] [M]: 0x000000008000040C (0x00000013) addi zero, zero, 0x0
mem[X,0x0000000080000410] -> 0x0013
mem[X,0x0000000080000412] -> 0x0000
[265] [M]: 0x0000000080000410 (0x00000013) addi zero, zero, 0x0
mem[X,0x0000000080000414] -> 0x0013
mem[X,0x0000000080000416] -> 0x0000
[266] [M]: 0x0000000080000414 (0x00000013) addi zero, zero, 0x0
mem[X,0x0000000080000418] -> 0x0013
mem[X,0x000000008000041A] -> 0x0000
[267] [M]: 0x0000000080000418 (0x00000013) addi zero, zero, 0x0
mem[X,0x000000008000041C] -> 0x0013
mem[X,0x000000008000041E] -> 0x0000
[268] [M]: 0x000000008000041C (0x00000013) addi zero, zero, 0x0
mem[X,0x0000000080000420] -> 0x4097
mem[X,0x0000000080000422] -> 0x0000
[269] [M]: 0x0000000080000420 (0x00004097) auipc ra, 0x4
x1 <- 0x0000000080004420
mem[X,0x0000000080000424] -> 0x8093
mem[X,0x0000000080000426] -> 0xDA00
[270] [M]: 0x0000000080000424 (0xDA008093) addi ra, ra, -0x260
x1 <- 0x00000000800041C0
mem[X,0x0000000080000428] -> 0x0013
mem[X,0x000000008000042A] -> 0x0000
[271] [M]: 0x0000000080000428 (0x00000013) addi zero, zero, 0x0
mem[X,0x000000008000042C] -> 0x0013
mem[X,0x000000008000042E] -> 0x0000
[272] [M]: 0x000000008000042C (0x00000013) addi zero, zero, 0x0
mem[X,0x0000000080000430] -> 0x0013
mem[X,0x0000000080000432] -> 0x0000
[273] [M]: 0x0000000080000430 (0x00000013) addi zero, zero, 0x0
mem[X,0x0000000080000434] -> 0x0013
mem[X,0x0000000080000436] -> 0x0000
[274] [M]: 0x0000000080000434 (0x00000013) addi zero, zero, 0x0
mem[X,0x0000000080000438] -> 0x0013
mem[X,0x000000008000043A] -> 0x0000
[275] [M]: 0x0000000080000438 (0x00000013) addi zero, zero, 0x0
mem[X,0x000000008000043C] -> 0x0013
mem[X,0x000000008000043E] -> 0x0000
[276] [M]: 0x000000008000043C (0x00000013) addi zero, zero, 0x0
mem[X,0x0000000080000440] -> 0x0613
mem[X,0x0000000080000442] -> 0x0010
[277] [M]: 0x0000000080000440 (0x00100613) addi a2, zero, 0x1
x12 <- 0x0000000000000001
mem[X,0x0000000080000444] -> 0x1613
mem[X,0x0000000080000446] -> 0x00C6
[278] [M]: 0x0000000080000444 (0x00C61613) slli a2, a2, 0xc
x12 <- 0x0000000000001000
mem[X,0x0000000080000448] -> 0x8493
mem[X,0x000000008000044A] -> 0x0000
[279] [M]: 0x0000000080000448 (0x00008493) addi s1, ra, 0x0
x9 <- 0x00000000800041C0
mem[X,0x000000008000044C] -> 0x0113
mem[X,0x000000008000044E] -> 0x0090
[280] [M]: 0x000000008000044C (0x00900113) addi sp, zero, 0x9
x2 <- 0x0000000000000009
mem[X,0x0000000080000450] -> 0x84B3
mem[X,0x0000000080000452] -> 0x4024
[281] [M]: 0x0000000080000450 (0x402484B3) sub s1, s1, sp
x9 <- 0x00000000800041B7
mem[X,0x0000000080000454] -> 0x94A3
mem[X,0x0000000080000456] -> 0x00C4
[282] [M]: 0x0000000080000454 (0x00C494A3) sh a2, 0x9(s1)
mem[0x00000000800041C0] <- 0x1000
mem[X,0x0000000080000458] -> 0x0013
mem[X,0x000000008000045A] -> 0x0000
[283] [M]: 0x0000000080000458 (0x00000013) addi zero, zero, 0x0
mem[X,0x000000008000045C] -> 0x0013
mem[X,0x000000008000045E] -> 0x0000
[284] [M]: 0x000000008000045C (0x00000013) addi zero, zero, 0x0
mem[X,0x0000000080000460] -> 0x0213
mem[X,0x0000000080000462] -> 0x0010
[285] [M]: 0x0000000080000460 (0x00100213) addi tp, zero, 0x1
x4 <- 0x0000000000000001
mem[X,0x0000000080000464] -> 0x1213
mem[X,0x0000000080000466] -> 0x00D2
[286] [M]: 0x0000000080000464 (0x00D21213) slli tp, tp, 0xd
x4 <- 0x0000000000002000
mem[X,0x0000000080000468] -> 0x8913
mem[X,0x000000008000046A] -> 0x0080
[287] [M]: 0x0000000080000468 (0x00808913) addi s2, ra, 0x8
x18 <- 0x00000000800041C8
mem[X,0x000000008000046C] -> 0x0113
mem[X,0x000000008000046E] -> 0x2000
[288] [M]: 0x000000008000046C (0x20000113) addi sp, zero, 0x200
x2 <- 0x0000000000000200
mem[X,0x0000000080000470] -> 0x0933
mem[X,0x0000000080000472] -> 0x4029
[289] [M]: 0x0000000080000470 (0x40290933) sub s2, s2, sp
x18 <- 0x0000000080003FC8
mem[X,0x0000000080000474] -> 0x1023
mem[X,0x0000000080000476] -> 0x2049
[290] [M]: 0x0000000080000474 (0x20491023) sh tp, 0x200(s2)
mem[0x00000000800041C8] <- 0x2000
mem[X,0x0000000080000478] -> 0x0013
mem[X,0x000000008000047A] -> 0x0000
[291] [M]: 0x0000000080000478 (0x00000013) addi zero, zero, 0x0
mem[X,0x000000008000047C] -> 0x0013
mem[X,0x000000008000047E] -> 0x0000
[292] [M]: 0x000000008000047C (0x00000013) addi zero, zero, 0x0
mem[X,0x0000000080000480] -> 0x0D93
mem[X,0x0000000080000482] -> 0x0010
[293] [M]: 0x0000000080000480 (0x00100D93) addi s11, zero, 0x1
x27 <- 0x0000000000000001
mem[X,0x0000000080000484] -> 0x9D93
mem[X,0x0000000080000486] -> 0x00ED
[294] [M]: 0x0000000080000484 (0x00ED9D93) slli s11, s11, 0xe
x27 <- 0x0000000000004000
mem[X,0x0000000080000488] -> 0x8A13
mem[X,0x000000008000048A] -> 0x0100
[295] [M]: 0x0000000080000488 (0x01008A13) addi s4, ra, 0x10
x20 <- 0x00000000800041D0
mem[X,0x000000008000048C] -> 0x0113
mem[X,0x000000008000048E] -> 0x0400
[296] [M]: 0x000000008000048C (0x04000113) addi sp, zero, 0x40
x2 <- 0x0000000000000040
mem[X,0x0000000080000490] -> 0x0A33
mem[X,0x0000000080000492] -> 0x402A
[297] [M]: 0x0000000080000490 (0x402A0A33) sub s4, s4, sp
x20 <- 0x0000000080004190
mem[X,0x0000000080000494] -> 0x1023
mem[X,0x0000000080000496] -> 0x05BA
[298] [M]: 0x0000000080000494 (0x05BA1023) sh s11, 0x40(s4)
mem[0x00000000800041D0] <- 0x4000
mem[X,0x0000000080000498] -> 0x0013
mem[X,0x000000008000049A] -> 0x0000
[299] [M]: 0x0000000080000498 (0x00000013) addi zero, zero, 0x0
clint::tick mtime <- 0x0000000000000003
 clint timer pending at mtime 0x0000000000000003
htif::tick 0x0000000000000000
mem[X,0x000000008000049C] -> 0x0013
mem[X,0x000000008000049E] -> 0x0000
[300] [M]: 0x000000008000049C (0x00000013) addi zero, zero, 0x0
mem[X,0x00000000800004A0] -> 0x0A93
mem[X,0x00000000800004A2] -> 0x0010
[301] [M]: 0x00000000800004A0 (0x00100A93) addi s5, zero, 0x1
x21 <- 0x0000000000000001
mem[X,0x00000000800004A4] -> 0x9A93
mem[X,0x00000000800004A6] -> 0x00FA
[302] [M]: 0x00000000800004A4 (0x00FA9A93) slli s5, s5, 0xf
x21 <- 0x0000000000008000
mem[X,0x00000000800004A8] -> 0x8393
mem[X,0x00000000800004AA] -> 0x0180
[303] [M]: 0x00000000800004A8 (0x01808393) addi t2, ra, 0x18
x7 <- 0x00000000800041D8
mem[X,0x00000000800004AC] -> 0x0113
mem[X,0x00000000800004AE] -> 0x0000
[304] [M]: 0x00000000800004AC (0x00000113) addi sp, zero, 0x0
x2 <- 0x0000000000000000
mem[X,0x00000000800004B0] -> 0x83B3
mem[X,0x00000000800004B2] -> 0x4023
[305] [M]: 0x00000000800004B0 (0x402383B3) sub t2, t2, sp
x7 <- 0x00000000800041D8
mem[X,0x00000000800004B4] -> 0x9023
mem[X,0x00000000800004B6] -> 0x0153
[306] [M]: 0x00000000800004B4 (0x01539023) sh s5, 0x0(t2)
mem[0x00000000800041D8] <- 0x8000
mem[X,0x00000000800004B8] -> 0x0013
mem[X,0x00000000800004BA] -> 0x0000
[307] [M]: 0x00000000800004B8 (0x00000013) addi zero, zero, 0x0
mem[X,0x00000000800004BC] -> 0x0013
mem[X,0x00000000800004BE] -> 0x0000
[308] [M]: 0x00000000800004BC (0x00000013) addi zero, zero, 0x0
mem[X,0x00000000800004C0] -> 0x0493
mem[X,0x00000000800004C2] -> 0x0010
[309] [M]: 0x00000000800004C0 (0x00100493) addi s1, zero, 0x1
x9 <- 0x0000000000000001
mem[X,0x00000000800004C4] -> 0x9493
mem[X,0x00000000800004C6] -> 0x0104
[310] [M]: 0x00000000800004C4 (0x01049493) slli s1, s1, 0x10
x9 <- 0x0000000000010000
mem[X,0x00000000800004C8] -> 0x8C93
mem[X,0x00000000800004CA] -> 0x0200
[311] [M]: 0x00000000800004C8 (0x02008C93) addi s9, ra, 0x20
x25 <- 0x00000000800041E0
mem[X,0x00000000800004CC] -> 0x0113
mem[X,0x00000000800004CE] -> 0xFF60
[312] [M]: 0x00000000800004CC (0xFF600113) addi sp, zero, -0xa
x2 <- 0xFFFFFFFFFFFFFFF6
mem[X,0x00000000800004D0] -> 0x8CB3
mem[X,0x00000000800004D2] -> 0x402C
[313] [M]: 0x00000000800004D0 (0x402C8CB3) sub s9, s9, sp
x25 <- 0x00000000800041EA
mem[X,0x00000000800004D4] -> 0x9B23
mem[X,0x00000000800004D6] -> 0xFE9C
[314] [M]: 0x00000000800004D4 (0xFE9C9B23) sh s1, -0xa(s9)
mem[0x00000000800041E0] <- 0x0000
mem[X,0x00000000800004D8] -> 0x0013
mem[X,0x00000000800004DA] -> 0x0000
[315] [M]: 0x00000000800004D8 (0x00000013) addi zero, zero, 0x0
mem[X,0x00000000800004DC] -> 0x0013
mem[X,0x00000000800004DE] -> 0x0000
[316] [M]: 0x00000000800004DC (0x00000013) addi zero, zero, 0x0
mem[X,0x00000000800004E0] -> 0x0993
mem[X,0x00000000800004E2] -> 0x0010
[317] [M]: 0x00000000800004E0 (0x00100993) addi s3, zero, 0x1
x19 <- 0x0000000000000001
mem[X,0x00000000800004E4] -> 0x9993
mem[X,0x00000000800004E6] -> 0x0119
[318] [M]: 0x00000000800004E4 (0x01199993) slli s3, s3, 0x11
x19 <- 0x0000000000020000
mem[X,0x00000000800004E8] -> 0x8A93
mem[X,0x00000000800004EA] -> 0x0280
[319] [M]: 0x00000000800004E8 (0x02808A93) addi s5, ra, 0x28
x21 <- 0x00000000800041E8
mem[X,0x00000000800004EC] -> 0x0113
mem[X,0x00000000800004EE] -> 0xFFD0
[320] [M]: 0x00000000800004EC (0xFFD00113) addi sp, zero, -0x3
x2 <- 0xFFFFFFFFFFFFFFFD
mem[X,0x00000000800004F0] -> 0x8AB3
mem[X,0x00000000800004F2] -> 0x402A
[321] [M]: 0x00000000800004F0 (0x402A8AB3) sub s5, s5, sp
x21 <- 0x00000000800041EB
mem[X,0x00000000800004F4] -> 0x9EA3
mem[X,0x00000000800004F6] -> 0xFF3A
[322] [M]: 0x00000000800004F4 (0xFF3A9EA3) sh s3, -0x3(s5)
mem[0x00000000800041E8] <- 0x0000
mem[X,0x00000000800004F8] -> 0x0013
mem[X,0x00000000800004FA] -> 0x0000
[323] [M]: 0x00000000800004F8 (0x00000013) addi zero, zero, 0x0
mem[X,0x00000000800004FC] -> 0x0013
mem[X,0x00000000800004FE] -> 0x0000
[324] [M]: 0x00000000800004FC (0x00000013) addi zero, zero, 0x0
mem[X,0x0000000080000500] -> 0x0E93
mem[X,0x0000000080000502] -> 0x0010
[325] [M]: 0x0000000080000500 (0x00100E93) addi t4, zero, 0x1
x29 <- 0x0000000000000001
mem[X,0x0000000080000504] -> 0x9E93
mem[X,0x0000000080000506] -> 0x012E
[326] [M]: 0x0000000080000504 (0x012E9E93) slli t4, t4, 0x12
x29 <- 0x0000000000040000
mem[X,0x0000000080000508] -> 0x8B13
mem[X,0x000000008000050A] -> 0x0300
[327] [M]: 0x0000000080000508 (0x03008B13) addi s6, ra, 0x30
x22 <- 0x00000000800041F0
mem[X,0x000000008000050C] -> 0x0113
mem[X,0x000000008000050E] -> 0xDFF0
[328] [M]: 0x000000008000050C (0xDFF00113) addi sp, zero, -0x201
x2 <- 0xFFFFFFFFFFFFFDFF
mem[X,0x0000000080000510] -> 0x0B33
mem[X,0x0000000080000512] -> 0x402B
[329] [M]: 0x0000000080000510 (0x402B0B33) sub s6, s6, sp
x22 <- 0x00000000800043F1
mem[X,0x0000000080000514] -> 0x1FA3
mem[X,0x0000000080000516] -> 0xDFDB
[330] [M]: 0x0000000080000514 (0xDFDB1FA3) sh t4, -0x201(s6)
mem[0x00000000800041F0] <- 0x0000
mem[X,0x0000000080000518] -> 0x0013
mem[X,0x000000008000051A] -> 0x0000
[331] [M]: 0x0000000080000518 (0x00000013) addi zero, zero, 0x0
mem[X,0x000000008000051C] -> 0x0013
mem[X,0x000000008000051E] -> 0x0000
[332] [M]: 0x000000008000051C (0x00000013) addi zero, zero, 0x0
mem[X,0x0000000080000520] -> 0x0393
mem[X,0x0000000080000522] -> 0x0010
[333] [M]: 0x0000000080000520 (0x00100393) addi t2, zero, 0x1
x7 <- 0x0000000000000001
mem[X,0x0000000080000524] -> 0x9393
mem[X,0x0000000080000526] -> 0x0133
[334] [M]: 0x0000000080000524 (0x01339393) slli t2, t2, 0x13
x7 <- 0x0000000000080000
mem[X,0x0000000080000528] -> 0x8893
mem[X,0x000000008000052A] -> 0x0380
[335] [M]: 0x0000000080000528 (0x03808893) addi a7, ra, 0x38
x17 <- 0x00000000800041F8
mem[X,0x000000008000052C] -> 0x0113
mem[X,0x000000008000052E] -> 0xFF80
[336] [M]: 0x000000008000052C (0xFF800113) addi sp, zero, -0x8
x2 <- 0xFFFFFFFFFFFFFFF8
mem[X,0x0000000080000530] -> 0x88B3
mem[X,0x0000000080000532] -> 0x4028
[337] [M]: 0x0000000080000530 (0x402888B3) sub a7, a7, sp
x17 <- 0x0000000080004200
mem[X,0x0000000080000534] -> 0x9C23
mem[X,0x0000000080000536] -> 0xFE78
[338] [M]: 0x0000000080000534 (0xFE789C23) sh t2, -0x8(a7)
mem[0x00000000800041F8] <- 0x0000
mem[X,0x0000000080000538] -> 0x0013
mem[X,0x000000008000053A] -> 0x0000
[339] [M]: 0x0000000080000538 (0x00000013) addi zero, zero, 0x0
mem[X,0x000000008000053C] -> 0x0013
mem[X,0x000000008000053E] -> 0x0000
[340] [M]: 0x000000008000053C (0x00000013) addi zero, zero, 0x0
mem[X,0x0000000080000540] -> 0x0693
mem[X,0x0000000080000542] -> 0x0010
[341] [M]: 0x0000000080000540 (0x00100693) addi a3, zero, 0x1
x13 <- 0x0000000000000001
mem[X,0x0000000080000544] -> 0x9693
mem[X,0x0000000080000546] -> 0x0146
[342] [M]: 0x0000000080000544 (0x01469693) slli a3, a3, 0x14
x13 <- 0x0000000000100000
mem[X,0x0000000080000548] -> 0x8293
mem[X,0x000000008000054A] -> 0x0400
[343] [M]: 0x0000000080000548 (0x04008293) addi t0, ra, 0x40
x5 <- 0x0000000080004200
mem[X,0x000000008000054C] -> 0x0113
mem[X,0x000000008000054E] -> 0xFFD0
[344] [M]: 0x000000008000054C (0xFFD00113) addi sp, zero, -0x3
x2 <- 0xFFFFFFFFFFFFFFFD
mem[X,0x0000000080000550] -> 0x82B3
mem[X,0x0000000080000552] -> 0x4022
[345] [M]: 0x0000000080000550 (0x402282B3) sub t0, t0, sp
x5 <- 0x0000000080004203
mem[X,0x0000000080000554] -> 0x9EA3
mem[X,0x0000000080000556] -> 0xFED2
[346] [M]: 0x0000000080000554 (0xFED29EA3) sh a3, -0x3(t0)
mem[0x0000000080004200] <- 0x0000
mem[X,0x0000000080000558] -> 0x0013
mem[X,0x000000008000055A] -> 0x0000
[347] [M]: 0x0000000080000558 (0x00000013) addi zero, zero, 0x0
mem[X,0x000000008000055C] -> 0x0013
mem[X,0x000000008000055E] -> 0x0000
[348] [M]: 0x000000008000055C (0x00000013) addi zero, zero, 0x0
mem[X,0x0000000080000560] -> 0x0C13
mem[X,0x0000000080000562] -> 0x0010
[349] [M]: 0x0000000080000560 (0x00100C13) addi s8, zero, 0x1
x24 <- 0x0000000000000001
mem[X,0x0000000080000564] -> 0x1C13
mem[X,0x0000000080000566] -> 0x015C
[350] [M]: 0x0000000080000564 (0x015C1C13) slli s8, s8, 0x15
x24 <- 0x0000000000200000
mem[X,0x0000000080000568] -> 0x8593
mem[X,0x000000008000056A] -> 0x0480
[351] [M]: 0x0000000080000568 (0x04808593) addi a1, ra, 0x48
x11 <- 0x0000000080004208
mem[X,0x000000008000056C] -> 0x0113
mem[X,0x000000008000056E] -> 0xFDF0
[352] [M]: 0x000000008000056C (0xFDF00113) addi sp, zero, -0x21
x2 <- 0xFFFFFFFFFFFFFFDF
mem[X,0x0000000080000570] -> 0x85B3
mem[X,0x0000000080000572] -> 0x4025
[353] [M]: 0x0000000080000570 (0x402585B3) sub a1, a1, sp
x11 <- 0x0000000080004229
mem[X,0x0000000080000574] -> 0x9FA3
mem[X,0x0000000080000576] -> 0xFD85
[354] [M]: 0x0000000080000574 (0xFD859FA3) sh s8, -0x21(a1)
mem[0x0000000080004208] <- 0x0000
mem[X,0x0000000080000578] -> 0x0013
mem[X,0x000000008000057A] -> 0x0000
[355] [M]: 0x0000000080000578 (0x00000013) addi zero, zero, 0x0
mem[X,0x000000008000057C] -> 0x0013
mem[X,0x000000008000057E] -> 0x0000
[356] [M]: 0x000000008000057C (0x00000013) addi zero, zero, 0x0
mem[X,0x0000000080000580] -> 0x0E13
mem[X,0x0000000080000582] -> 0x0010
[357] [M]: 0x0000000080000580 (0x00100E13) addi t3, zero, 0x1
x28 <- 0x0000000000000001
mem[X,0x0000000080000584] -> 0x1E13
mem[X,0x0000000080000586] -> 0x016E
[358] [M]: 0x0000000080000584 (0x016E1E13) slli t3, t3, 0x16
x28 <- 0x0000000000400000
mem[X,0x0000000080000588] -> 0x8613
mem[X,0x000000008000058A] -> 0x0500
[359] [M]: 0x0000000080000588 (0x05008613) addi a2, ra, 0x50
x12 <- 0x0000000080004210
mem[X,0x000000008000058C] -> 0x0113
mem[X,0x000000008000058E] -> 0xFF80
[360] [M]: 0x000000008000058C (0xFF800113) addi sp, zero, -0x8
x2 <- 0xFFFFFFFFFFFFFFF8
mem[X,0x0000000080000590] -> 0x0633
mem[X,0x0000000080000592] -> 0x4026
[361] [M]: 0x0000000080000590 (0x40260633) sub a2, a2, sp
x12 <- 0x0000000080004218
mem[X,0x0000000080000594] -> 0x1C23
mem[X,0x0000000080000596] -> 0xFFC6
[362] [M]: 0x0000000080000594 (0xFFC61C23) sh t3, -0x8(a2)
mem[0x0000000080004210] <- 0x0000
mem[X,0x0000000080000598] -> 0x0013
mem[X,0x000000008000059A] -> 0x0000
[363] [M]: 0x0000000080000598 (0x00000013) addi zero, zero, 0x0
mem[X,0x000000008000059C] -> 0x0013
mem[X,0x000000008000059E] -> 0x0000
[364] [M]: 0x000000008000059C (0x00000013) addi zero, zero, 0x0
mem[X,0x00000000800005A0] -> 0x0593
mem[X,0x00000000800005A2] -> 0x0010
[365] [M]: 0x00000000800005A0 (0x00100593) addi a1, zero, 0x1
x11 <- 0x0000000000000001
mem[X,0x00000000800005A4] -> 0x9593
mem[X,0x00000000800005A6] -> 0x0175
[366] [M]: 0x00000000800005A4 (0x01759593) slli a1, a1, 0x17
x11 <- 0x0000000000800000
mem[X,0x00000000800005A8] -> 0x8513
mem[X,0x00000000800005AA] -> 0x0580
[367] [M]: 0x00000000800005A8 (0x05808513) addi a0, ra, 0x58
x10 <- 0x0000000080004218
mem[X,0x00000000800005AC] -> 0x0113
mem[X,0x00000000800005AE] -> 0x0200
[368] [M]: 0x00000000800005AC (0x02000113) addi sp, zero, 0x20
x2 <- 0x0000000000000020
mem[X,0x00000000800005B0] -> 0x0533
mem[X,0x00000000800005B2] -> 0x4025
[369] [M]: 0x00000000800005B0 (0x40250533) sub a0, a0, sp
x10 <- 0x00000000800041F8
mem[X,0x00000000800005B4] -> 0x1023
mem[X,0x00000000800005B6] -> 0x02B5
[370] [M]: 0x00000000800005B4 (0x02B51023) sh a1, 0x20(a0)
mem[0x0000000080004218] <- 0x0000
mem[X,0x00000000800005B8] -> 0x0013
mem[X,0x00000000800005BA] -> 0x0000
[371] [M]: 0x00000000800005B8 (0x00000013) addi zero, zero, 0x0
mem[X,0x00000000800005BC] -> 0x0013
mem[X,0x00000000800005BE] -> 0x0000
[372] [M]: 0x00000000800005BC (0x00000013) addi zero, zero, 0x0
mem[X,0x00000000800005C0] -> 0x0593
mem[X,0x00000000800005C2] -> 0x0010
[373] [M]: 0x00000000800005C0 (0x00100593) addi a1, zero, 0x1
x11 <- 0x0000000000000001
mem[X,0x00000000800005C4] -> 0x9593
mem[X,0x00000000800005C6] -> 0x0185
[374] [M]: 0x00000000800005C4 (0x01859593) slli a1, a1, 0x18
x11 <- 0x0000000001000000
mem[X,0x00000000800005C8] -> 0x8513
mem[X,0x00000000800005CA] -> 0x0600
[375] [M]: 0x00000000800005C8 (0x06008513) addi a0, ra, 0x60
x10 <- 0x0000000080004220
mem[X,0x00000000800005CC] -> 0x0113
mem[X,0x00000000800005CE] -> 0x0060
[376] [M]: 0x00000000800005CC (0x00600113) addi sp, zero, 0x6
x2 <- 0x0000000000000006
mem[X,0x00000000800005D0] -> 0x0533
mem[X,0x00000000800005D2] -> 0x4025
[377] [M]: 0x00000000800005D0 (0x40250533) sub a0, a0, sp
x10 <- 0x000000008000421A
mem[X,0x00000000800005D4] -> 0x1323
mem[X,0x00000000800005D6] -> 0x00B5
[378] [M]: 0x00000000800005D4 (0x00B51323) sh a1, 0x6(a0)
mem[0x0000000080004220] <- 0x0000
mem[X,0x00000000800005D8] -> 0x0013
mem[X,0x00000000800005DA] -> 0x0000
[379] [M]: 0x00000000800005D8 (0x00000013) addi zero, zero, 0x0
mem[X,0x00000000800005DC] -> 0x0013
mem[X,0x00000000800005DE] -> 0x0000
[380] [M]: 0x00000000800005DC (0x00000013) addi zero, zero, 0x0
mem[X,0x00000000800005E0] -> 0x0593
mem[X,0x00000000800005E2] -> 0x0010
[381] [M]: 0x00000000800005E0 (0x00100593) addi a1, zero, 0x1
x11 <- 0x0000000000000001
mem[X,0x00000000800005E4] -> 0x9593
mem[X,0x00000000800005E6] -> 0x0195
[382] [M]: 0x00000000800005E4 (0x01959593) slli a1, a1, 0x19
x11 <- 0x0000000002000000
mem[X,0x00000000800005E8] -> 0x8513
mem[X,0x00000000800005EA] -> 0x0680
[383] [M]: 0x00000000800005E8 (0x06808513) addi a0, ra, 0x68
x10 <- 0x0000000080004228
mem[X,0x00000000800005EC] -> 0x0113
mem[X,0x00000000800005EE] -> 0x4000
[384] [M]: 0x00000000800005EC (0x40000113) addi sp, zero, 0x400
x2 <- 0x0000000000000400
mem[X,0x00000000800005F0] -> 0x0533
mem[X,0x00000000800005F2] -> 0x4025
[385] [M]: 0x00000000800005F0 (0x40250533) sub a0, a0, sp
x10 <- 0x0000000080003E28
mem[X,0x00000000800005F4] -> 0x1023
mem[X,0x00000000800005F6] -> 0x40B5
[386] [M]: 0x00000000800005F4 (0x40B51023) sh a1, 0x400(a0)
mem[0x0000000080004228] <- 0x0000
mem[X,0x00000000800005F8] -> 0x0013
mem[X,0x00000000800005FA] -> 0x0000
[387] [M]: 0x00000000800005F8 (0x00000013) addi zero, zero, 0x0
mem[X,0x00000000800005FC] -> 0x0013
mem[X,0x00000000800005FE] -> 0x0000
[388] [M]: 0x00000000800005FC (0x00000013) addi zero, zero, 0x0
mem[X,0x0000000080000600] -> 0x0593
mem[X,0x0000000080000602] -> 0x0010
[389] [M]: 0x0000000080000600 (0x00100593) addi a1, zero, 0x1
x11 <- 0x0000000000000001
mem[X,0x0000000080000604] -> 0x9593
mem[X,0x0000000080000606] -> 0x01A5
[390] [M]: 0x0000000080000604 (0x01A59593) slli a1, a1, 0x1a
x11 <- 0x0000000004000000
mem[X,0x0000000080000608] -> 0x8513
mem[X,0x000000008000060A] -> 0x0700
[391] [M]: 0x0000000080000608 (0x07008513) addi a0, ra, 0x70
x10 <- 0x0000000080004230
mem[X,0x000000008000060C] -> 0x0113
mem[X,0x000000008000060E] -> 0x0070
[392] [M]: 0x000000008000060C (0x00700113) addi sp, zero, 0x7
x2 <- 0x0000000000000007
mem[X,0x0000000080000610] -> 0x0533
mem[X,0x0000000080000612] -> 0x4025
[393] [M]: 0x0000000080000610 (0x40250533) sub a0, a0, sp
x10 <- 0x0000000080004229
mem[X,0x0000000080000614] -> 0x13A3
mem[X,0x0000000080000616] -> 0x00B5
[394] [M]: 0x0000000080000614 (0x00B513A3) sh a1, 0x7(a0)
mem[0x0000000080004230] <- 0x0000
mem[X,0x0000000080000618] -> 0x0013
mem[X,0x000000008000061A] -> 0x0000
[395] [M]: 0x0000000080000618 (0x00000013) addi zero, zero, 0x0
mem[X,0x000000008000061C] -> 0x0013
mem[X,0x000000008000061E] -> 0x0000
[396] [M]: 0x000000008000061C (0x00000013) addi zero, zero, 0x0
mem[X,0x0000000080000620] -> 0x0593
mem[X,0x0000000080000622] -> 0x0010
[397] [M]: 0x0000000080000620 (0x00100593) addi a1, zero, 0x1
x11 <- 0x0000000000000001
mem[X,0x0000000080000624] -> 0x9593
mem[X,0x0000000080000626] -> 0x01B5
[398] [M]: 0x0000000080000624 (0x01B59593) slli a1, a1, 0x1b
x11 <- 0x0000000008000000
mem[X,0x0000000080000628] -> 0x8513
mem[X,0x000000008000062A] -> 0x0780
[399] [M]: 0x0000000080000628 (0x07808513) addi a0, ra, 0x78
x10 <- 0x0000000080004238
clint::tick mtime <- 0x0000000000000004
 clint timer pending at mtime 0x0000000000000004
htif::tick 0x0000000000000000
mem[X,0x000000008000062C] -> 0x0113
mem[X,0x000000008000062E] -> 0x2000
[400] [M]: 0x000000008000062C (0x20000113) addi sp, zero, 0x200
x2 <- 0x0000000000000200
mem[X,0x0000000080000630] -> 0x0533
mem[X,0x0000000080000632] -> 0x4025
[401] [M]: 0x0000000080000630 (0x40250533) sub a0, a0, sp
x10 <- 0x0000000080004038
mem[X,0x0000000080000634] -> 0x1023
mem[X,0x0000000080000636] -> 0x20B5
[402] [M]: 0x0000000080000634 (0x20B51023) sh a1, 0x200(a0)
mem[0x0000000080004238] <- 0x0000
mem[X,0x0000000080000638] -> 0x0013
mem[X,0x000000008000063A] -> 0x0000
[403] [M]: 0x0000000080000638 (0x00000013) addi zero, zero, 0x0
mem[X,0x000000008000063C] -> 0x0013
mem[X,0x000000008000063E] -> 0x0000
[404] [M]: 0x000000008000063C (0x00000013) addi zero, zero, 0x0
mem[X,0x0000000080000640] -> 0x0593
mem[X,0x0000000080000642] -> 0x0010
[405] [M]: 0x0000000080000640 (0x00100593) addi a1, zero, 0x1
x11 <- 0x0000000000000001
mem[X,0x0000000080000644] -> 0x9593
mem[X,0x0000000080000646] -> 0x01C5
[406] [M]: 0x0000000080000644 (0x01C59593) slli a1, a1, 0x1c
x11 <- 0x0000000010000000
mem[X,0x0000000080000648] -> 0x8513
mem[X,0x000000008000064A] -> 0x0800
[407] [M]: 0x0000000080000648 (0x08008513) addi a0, ra, 0x80
x10 <- 0x0000000080004240
mem[X,0x000000008000064C] -> 0x0113
mem[X,0x000000008000064E] -> 0x0010
[408] [M]: 0x000000008000064C (0x00100113) addi sp, zero, 0x1
x2 <- 0x0000000000000001
mem[X,0x0000000080000650] -> 0x0533
mem[X,0x0000000080000652] -> 0x4025
[409] [M]: 0x0000000080000650 (0x40250533) sub a0, a0, sp
x10 <- 0x000000008000423F
mem[X,0x0000000080000654] -> 0x10A3
mem[X,0x0000000080000656] -> 0x00B5
[410] [M]: 0x0000000080000654 (0x00B510A3) sh a1, 0x1(a0)
mem[0x0000000080004240] <- 0x0000
mem[X,0x0000000080000658] -> 0x0013
mem[X,0x000000008000065A] -> 0x0000
[411] [M]: 0x0000000080000658 (0x00000013) addi zero, zero, 0x0
mem[X,0x000000008000065C] -> 0x0013
mem[X,0x000000008000065E] -> 0x0000
[412] [M]: 0x000000008000065C (0x00000013) addi zero, zero, 0x0
mem[X,0x0000000080000660] -> 0x0593
mem[X,0x0000000080000662] -> 0x0010
[413] [M]: 0x0000000080000660 (0x00100593) addi a1, zero, 0x1
x11 <- 0x0000000000000001
mem[X,0x0000000080000664] -> 0x9593
mem[X,0x0000000080000666] -> 0x01D5
[414] [M]: 0x0000000080000664 (0x01D59593) slli a1, a1, 0x1d
x11 <- 0x0000000020000000
mem[X,0x0000000080000668] -> 0x8513
mem[X,0x000000008000066A] -> 0x0880
[415] [M]: 0x0000000080000668 (0x08808513) addi a0, ra, 0x88
x10 <- 0x0000000080004248
mem[X,0x000000008000066C] -> 0x0113
mem[X,0x000000008000066E] -> 0x8000
[416] [M]: 0x000000008000066C (0x80000113) addi sp, zero, -0x800
x2 <- 0xFFFFFFFFFFFFF800
mem[X,0x0000000080000670] -> 0x0533
mem[X,0x0000000080000672] -> 0x4025
[417] [M]: 0x0000000080000670 (0x40250533) sub a0, a0, sp
x10 <- 0x0000000080004A48
mem[X,0x0000000080000674] -> 0x1023
mem[X,0x0000000080000676] -> 0x80B5
[418] [M]: 0x0000000080000674 (0x80B51023) sh a1, -0x800(a0)
mem[0x0000000080004248] <- 0x0000
mem[X,0x0000000080000678] -> 0x0013
mem[X,0x000000008000067A] -> 0x0000
[419] [M]: 0x0000000080000678 (0x00000013) addi zero, zero, 0x0
mem[X,0x000000008000067C] -> 0x0013
mem[X,0x000000008000067E] -> 0x0000
[420] [M]: 0x000000008000067C (0x00000013) addi zero, zero, 0x0
mem[X,0x0000000080000680] -> 0x0593
mem[X,0x0000000080000682] -> 0x0010
[421] [M]: 0x0000000080000680 (0x00100593) addi a1, zero, 0x1
x11 <- 0x0000000000000001
mem[X,0x0000000080000684] -> 0x9593
mem[X,0x0000000080000686] -> 0x01E5
[422] [M]: 0x0000000080000684 (0x01E59593) slli a1, a1, 0x1e
x11 <- 0x0000000040000000
mem[X,0x0000000080000688] -> 0x8513
mem[X,0x000000008000068A] -> 0x0900
[423] [M]: 0x0000000080000688 (0x09008513) addi a0, ra, 0x90
x10 <- 0x0000000080004250
mem[X,0x000000008000068C] -> 0x0113
mem[X,0x000000008000068E] -> 0xFBF0
[424] [M]: 0x000000008000068C (0xFBF00113) addi sp, zero, -0x41
x2 <- 0xFFFFFFFFFFFFFFBF
mem[X,0x0000000080000690] -> 0x0533
mem[X,0x0000000080000692] -> 0x4025
[425] [M]: 0x0000000080000690 (0x40250533) sub a0, a0, sp
x10 <- 0x0000000080004291
mem[X,0x0000000080000694] -> 0x1FA3
mem[X,0x0000000080000696] -> 0xFAB5
[426] [M]: 0x0000000080000694 (0xFAB51FA3) sh a1, -0x41(a0)
mem[0x0000000080004250] <- 0x0000
mem[X,0x0000000080000698] -> 0x0013
mem[X,0x000000008000069A] -> 0x0000
[427] [M]: 0x0000000080000698 (0x00000013) addi zero, zero, 0x0
mem[X,0x000000008000069C] -> 0x0013
mem[X,0x000000008000069E] -> 0x0000
[428] [M]: 0x000000008000069C (0x00000013) addi zero, zero, 0x0
mem[X,0x00000000800006A0] -> 0x0593
mem[X,0x00000000800006A2] -> 0x0010
[429] [M]: 0x00000000800006A0 (0x00100593) addi a1, zero, 0x1
x11 <- 0x0000000000000001
mem[X,0x00000000800006A4] -> 0x9593
mem[X,0x00000000800006A6] -> 0x01F5
[430] [M]: 0x00000000800006A4 (0x01F59593) slli a1, a1, 0x1f
x11 <- 0x0000000080000000
mem[X,0x00000000800006A8] -> 0x8513
mem[X,0x00000000800006AA] -> 0x0980
[431] [M]: 0x00000000800006A8 (0x09808513) addi a0, ra, 0x98
x10 <- 0x0000000080004258
mem[X,0x00000000800006AC] -> 0x0113
mem[X,0x00000000800006AE] -> 0x0050
[432] [M]: 0x00000000800006AC (0x00500113) addi sp, zero, 0x5
x2 <- 0x0000000000000005
mem[X,0x00000000800006B0] -> 0x0533
mem[X,0x00000000800006B2] -> 0x4025
[433] [M]: 0x00000000800006B0 (0x40250533) sub a0, a0, sp
x10 <- 0x0000000080004253
mem[X,0x00000000800006B4] -> 0x12A3
mem[X,0x00000000800006B6] -> 0x00B5
[434] [M]: 0x00000000800006B4 (0x00B512A3) sh a1, 0x5(a0)
mem[0x0000000080004258] <- 0x0000
mem[X,0x00000000800006B8] -> 0x0013
mem[X,0x00000000800006BA] -> 0x0000
[435] [M]: 0x00000000800006B8 (0x00000013) addi zero, zero, 0x0
mem[X,0x00000000800006BC] -> 0x0013
mem[X,0x00000000800006BE] -> 0x0000
[436] [M]: 0x00000000800006BC (0x00000013) addi zero, zero, 0x0
mem[X,0x00000000800006C0] -> 0x0593
mem[X,0x00000000800006C2] -> 0x0010
[437] [M]: 0x00000000800006C0 (0x00100593) addi a1, zero, 0x1
x11 <- 0x0000000000000001
mem[X,0x00000000800006C4] -> 0x9593
mem[X,0x00000000800006C6] -> 0x0205
[438] [M]: 0x00000000800006C4 (0x02059593) slli a1, a1, 0x20
x11 <- 0x0000000100000000
mem[X,0x00000000800006C8] -> 0x8513
mem[X,0x00000000800006CA] -> 0x0A00
[439] [M]: 0x00000000800006C8 (0x0A008513) addi a0, ra, 0xa0
x10 <- 0x0000000080004260
mem[X,0x00000000800006CC] -> 0x0113
mem[X,0x00000000800006CE] -> 0x0070
[440] [M]: 0x00000000800006CC (0x00700113) addi sp, zero, 0x7
x2 <- 0x0000000000000007
mem[X,0x00000000800006D0] -> 0x0533
mem[X,0x00000000800006D2] -> 0x4025
[441] [M]: 0x00000000800006D0 (0x40250533) sub a0, a0, sp
x10 <- 0x0000000080004259
mem[X,0x00000000800006D4] -> 0x13A3
mem[X,0x00000000800006D6] -> 0x00B5
[442] [M]: 0x00000000800006D4 (0x00B513A3) sh a1, 0x7(a0)
mem[0x0000000080004260] <- 0x0000
mem[X,0x00000000800006D8] -> 0x0013
mem[X,0x00000000800006DA] -> 0x0000
[443] [M]: 0x00000000800006D8 (0x00000013) addi zero, zero, 0x0
mem[X,0x00000000800006DC] -> 0x0013
mem[X,0x00000000800006DE] -> 0x0000
[444] [M]: 0x00000000800006DC (0x00000013) addi zero, zero, 0x0
mem[X,0x00000000800006E0] -> 0x0593
mem[X,0x00000000800006E2] -> 0x0010
[445] [M]: 0x00000000800006E0 (0x00100593) addi a1, zero, 0x1
x11 <- 0x0000000000000001
mem[X,0x00000000800006E4] -> 0x9593
mem[X,0x00000000800006E6] -> 0x0225
[446] [M]: 0x00000000800006E4 (0x02259593) slli a1, a1, 0x22
x11 <- 0x0000000400000000
mem[X,0x00000000800006E8] -> 0x8513
mem[X,0x00000000800006EA] -> 0x0A80
[447] [M]: 0x00000000800006E8 (0x0A808513) addi a0, ra, 0xa8
x10 <- 0x0000000080004268
mem[X,0x00000000800006EC] -> 0x0113
mem[X,0x00000000800006EE] -> 0x7FF0
[448] [M]: 0x00000000800006EC (0x7FF00113) addi sp, zero, 0x7ff
x2 <- 0x00000000000007FF
mem[X,0x00000000800006F0] -> 0x0533
mem[X,0x00000000800006F2] -> 0x4025
[449] [M]: 0x00000000800006F0 (0x40250533) sub a0, a0, sp
x10 <- 0x0000000080003A69
mem[X,0x00000000800006F4] -> 0x1FA3
mem[X,0x00000000800006F6] -> 0x7EB5
[450] [M]: 0x00000000800006F4 (0x7EB51FA3) sh a1, 0x7ff(a0)
mem[0x0000000080004268] <- 0x0000
mem[X,0x00000000800006F8] -> 0x0013
mem[X,0x00000000800006FA] -> 0x0000
[451] [M]: 0x00000000800006F8 (0x00000013) addi zero, zero, 0x0
mem[X,0x00000000800006FC] -> 0x0013
mem[X,0x00000000800006FE] -> 0x0000
[452] [M]: 0x00000000800006FC (0x00000013) addi zero, zero, 0x0
mem[X,0x0000000080000700] -> 0x0593
mem[X,0x0000000080000702] -> 0x0010
[453] [M]: 0x0000000080000700 (0x00100593) addi a1, zero, 0x1
x11 <- 0x0000000000000001
mem[X,0x0000000080000704] -> 0x9593
mem[X,0x0000000080000706] -> 0x0235
[454] [M]: 0x0000000080000704 (0x02359593) slli a1, a1, 0x23
x11 <- 0x0000000800000000
mem[X,0x0000000080000708] -> 0x8513
mem[X,0x000000008000070A] -> 0x0B00
[455] [M]: 0x0000000080000708 (0x0B008513) addi a0, ra, 0xb0
x10 <- 0x0000000080004270
mem[X,0x000000008000070C] -> 0x0113
mem[X,0x000000008000070E] -> 0xC000
[456] [M]: 0x000000008000070C (0xC0000113) addi sp, zero, -0x400
x2 <- 0xFFFFFFFFFFFFFC00
mem[X,0x0000000080000710] -> 0x0533
mem[X,0x0000000080000712] -> 0x4025
[457] [M]: 0x0000000080000710 (0x40250533) sub a0, a0, sp
x10 <- 0x0000000080004670
mem[X,0x0000000080000714] -> 0x1023
mem[X,0x0000000080000716] -> 0xC0B5
[458] [M]: 0x0000000080000714 (0xC0B51023) sh a1, -0x400(a0)
mem[0x0000000080004270] <- 0x0000
mem[X,0x0000000080000718] -> 0x0013
mem[X,0x000000008000071A] -> 0x0000
[459] [M]: 0x0000000080000718 (0x00000013) addi zero, zero, 0x0
mem[X,0x000000008000071C] -> 0x0013
mem[X,0x000000008000071E] -> 0x0000
[460] [M]: 0x000000008000071C (0x00000013) addi zero, zero, 0x0
mem[X,0x0000000080000720] -> 0x0593
mem[X,0x0000000080000722] -> 0x0010
[461] [M]: 0x0000000080000720 (0x00100593) addi a1, zero, 0x1
x11 <- 0x0000000000000001
mem[X,0x0000000080000724] -> 0x9593
mem[X,0x0000000080000726] -> 0x0245
[462] [M]: 0x0000000080000724 (0x02459593) slli a1, a1, 0x24
x11 <- 0x0000001000000000
mem[X,0x0000000080000728] -> 0x8513
mem[X,0x000000008000072A] -> 0x0B80
[463] [M]: 0x0000000080000728 (0x0B808513) addi a0, ra, 0xb8
x10 <- 0x0000000080004278
mem[X,0x000000008000072C] -> 0x0113
mem[X,0x000000008000072E] -> 0x1000
[464] [M]: 0x000000008000072C (0x10000113) addi sp, zero, 0x100
x2 <- 0x0000000000000100
mem[X,0x0000000080000730] -> 0x0533
mem[X,0x0000000080000732] -> 0x4025
[465] [M]: 0x0000000080000730 (0x40250533) sub a0, a0, sp
x10 <- 0x0000000080004178
mem[X,0x0000000080000734] -> 0x1023
mem[X,0x0000000080000736] -> 0x10B5
[466] [M]: 0x0000000080000734 (0x10B51023) sh a1, 0x100(a0)
mem[0x0000000080004278] <- 0x0000
mem[X,0x0000000080000738] -> 0x0013
mem[X,0x000000008000073A] -> 0x0000
[467] [M]: 0x0000000080000738 (0x00000013) addi zero, zero, 0x0
mem[X,0x000000008000073C] -> 0x0013
mem[X,0x000000008000073E] -> 0x0000
[468] [M]: 0x000000008000073C (0x00000013) addi zero, zero, 0x0
mem[X,0x0000000080000740] -> 0x0593
mem[X,0x0000000080000742] -> 0x0010
[469] [M]: 0x0000000080000740 (0x00100593) addi a1, zero, 0x1
x11 <- 0x0000000000000001
mem[X,0x0000000080000744] -> 0x9593
mem[X,0x0000000080000746] -> 0x0255
[470] [M]: 0x0000000080000744 (0x02559593) slli a1, a1, 0x25
x11 <- 0x0000002000000000
mem[X,0x0000000080000748] -> 0x8513
mem[X,0x000000008000074A] -> 0x0C00
[471] [M]: 0x0000000080000748 (0x0C008513) addi a0, ra, 0xc0
x10 <- 0x0000000080004280
mem[X,0x000000008000074C] -> 0x0113
mem[X,0x000000008000074E] -> 0xBFF0
[472] [M]: 0x000000008000074C (0xBFF00113) addi sp, zero, -0x401
x2 <- 0xFFFFFFFFFFFFFBFF
mem[X,0x0000000080000750] -> 0x0533
mem[X,0x0000000080000752] -> 0x4025
[473] [M]: 0x0000000080000750 (0x40250533) sub a0, a0, sp
x10 <- 0x0000000080004681
mem[X,0x0000000080000754] -> 0x1FA3
mem[X,0x0000000080000756] -> 0xBEB5
[474] [M]: 0x0000000080000754 (0xBEB51FA3) sh a1, -0x401(a0)
mem[0x0000000080004280] <- 0x0000
mem[X,0x0000000080000758] -> 0x0013
mem[X,0x000000008000075A] -> 0x0000
[475] [M]: 0x0000000080000758 (0x00000013) addi zero, zero, 0x0
mem[X,0x000000008000075C] -> 0x0013
mem[X,0x000000008000075E] -> 0x0000
[476] [M]: 0x000000008000075C (0x00000013) addi zero, zero, 0x0
mem[X,0x0000000080000760] -> 0x0593
mem[X,0x0000000080000762] -> 0x0010
[477] [M]: 0x0000000080000760 (0x00100593) addi a1, zero, 0x1
x11 <- 0x0000000000000001
mem[X,0x0000000080000764] -> 0x9593
mem[X,0x0000000080000766] -> 0x0265
[478] [M]: 0x0000000080000764 (0x02659593) slli a1, a1, 0x26
x11 <- 0x0000004000000000
mem[X,0x0000000080000768] -> 0x8513
mem[X,0x000000008000076A] -> 0x0C80
[479] [M]: 0x0000000080000768 (0x0C808513) addi a0, ra, 0xc8
x10 <- 0x0000000080004288
mem[X,0x000000008000076C] -> 0x0113
mem[X,0x000000008000076E] -> 0x0000
[480] [M]: 0x000000008000076C (0x00000113) addi sp, zero, 0x0
x2 <- 0x0000000000000000
mem[X,0x0000000080000770] -> 0x0533
mem[X,0x0000000080000772] -> 0x4025
[481] [M]: 0x0000000080000770 (0x40250533) sub a0, a0, sp
x10 <- 0x0000000080004288
mem[X,0x0000000080000774] -> 0x1023
mem[X,0x0000000080000776] -> 0x00B5
[482] [M]: 0x0000000080000774 (0x00B51023) sh a1, 0x0(a0)
mem[0x0000000080004288] <- 0x0000
mem[X,0x0000000080000778] -> 0x0013
mem[X,0x000000008000077A] -> 0x0000
[483] [M]: 0x0000000080000778 (0x00000013) addi zero, zero, 0x0
mem[X,0x000000008000077C] -> 0x0013
mem[X,0x000000008000077E] -> 0x0000
[484] [M]: 0x000000008000077C (0x00000013) addi zero, zero, 0x0
mem[X,0x0000000080000780] -> 0x0593
mem[X,0x0000000080000782] -> 0x0010
[485] [M]: 0x0000000080000780 (0x00100593) addi a1, zero, 0x1
x11 <- 0x0000000000000001
mem[X,0x0000000080000784] -> 0x9593
mem[X,0x0000000080000786] -> 0x0275
[486] [M]: 0x0000000080000784 (0x02759593) slli a1, a1, 0x27
x11 <- 0x0000008000000000
mem[X,0x0000000080000788] -> 0x8513
mem[X,0x000000008000078A] -> 0x0D00
[487] [M]: 0x0000000080000788 (0x0D008513) addi a0, ra, 0xd0
x10 <- 0x0000000080004290
mem[X,0x000000008000078C] -> 0x0113
mem[X,0x000000008000078E] -> 0x0040
[488] [M]: 0x000000008000078C (0x00400113) addi sp, zero, 0x4
x2 <- 0x0000000000000004
mem[X,0x0000000080000790] -> 0x0533
mem[X,0x0000000080000792] -> 0x4025
[489] [M]: 0x0000000080000790 (0x40250533) sub a0, a0, sp
x10 <- 0x000000008000428C
mem[X,0x0000000080000794] -> 0x1223
mem[X,0x0000000080000796] -> 0x00B5
[490] [M]: 0x0000000080000794 (0x00B51223) sh a1, 0x4(a0)
mem[0x0000000080004290] <- 0x0000
mem[X,0x0000000080000798] -> 0x0013
mem[X,0x000000008000079A] -> 0x0000
[491] [M]: 0x0000000080000798 (0x00000013) addi zero, zero, 0x0
mem[X,0x000000008000079C] -> 0x0013
mem[X,0x000000008000079E] -> 0x0000
[492] [M]: 0x000000008000079C (0x00000013) addi zero, zero, 0x0
mem[X,0x00000000800007A0] -> 0x0593
mem[X,0x00000000800007A2] -> 0x0010
[493] [M]: 0x00000000800007A0 (0x00100593) addi a1, zero, 0x1
x11 <- 0x0000000000000001
mem[X,0x00000000800007A4] -> 0x9593
mem[X,0x00000000800007A6] -> 0x0285
[494] [M]: 0x00000000800007A4 (0x02859593) slli a1, a1, 0x28
x11 <- 0x0000010000000000
mem[X,0x00000000800007A8] -> 0x8513
mem[X,0x00000000800007AA] -> 0x0D80
[495] [M]: 0x00000000800007A8 (0x0D808513) addi a0, ra, 0xd8
x10 <- 0x0000000080004298
mem[X,0x00000000800007AC] -> 0x0113
mem[X,0x00000000800007AE] -> 0xFFC0
[496] [M]: 0x00000000800007AC (0xFFC00113) addi sp, zero, -0x4
x2 <- 0xFFFFFFFFFFFFFFFC
mem[X,0x00000000800007B0] -> 0x0533
mem[X,0x00000000800007B2] -> 0x4025
[497] [M]: 0x00000000800007B0 (0x40250533) sub a0, a0, sp
x10 <- 0x000000008000429C
mem[X,0x00000000800007B4] -> 0x1E23
mem[X,0x00000000800007B6] -> 0xFEB5
[498] [M]: 0x00000000800007B4 (0xFEB51E23) sh a1, -0x4(a0)
mem[0x0000000080004298] <- 0x0000
mem[X,0x00000000800007B8] -> 0x0013
mem[X,0x00000000800007BA] -> 0x0000
[499] [M]: 0x00000000800007B8 (0x00000013) addi zero, zero, 0x0
clint::tick mtime <- 0x0000000000000005
 clint timer pending at mtime 0x0000000000000005
htif::tick 0x0000000000000000
mem[X,0x00000000800007BC] -> 0x0013
mem[X,0x00000000800007BE] -> 0x0000
[500] [M]: 0x00000000800007BC (0x00000013) addi zero, zero, 0x0
mem[X,0x00000000800007C0] -> 0x0593
mem[X,0x00000000800007C2] -> 0x0010
[501] [M]: 0x00000000800007C0 (0x00100593) addi a1, zero, 0x1
x11 <- 0x0000000000000001
mem[X,0x00000000800007C4] -> 0x9593
mem[X,0x00000000800007C6] -> 0x02A5
[502] [M]: 0x00000000800007C4 (0x02A59593) slli a1, a1, 0x2a
x11 <- 0x0000040000000000
mem[X,0x00000000800007C8] -> 0x8513
mem[X,0x00000000800007CA] -> 0x0E00
[503] [M]: 0x00000000800007C8 (0x0E008513) addi a0, ra, 0xe0
x10 <- 0x00000000800042A0
mem[X,0x00000000800007CC] -> 0x0113
mem[X,0x00000000800007CE] -> 0xFFF0
[504] [M]: 0x00000000800007CC (0xFFF00113) addi sp, zero, -0x1
x2 <- 0xFFFFFFFFFFFFFFFF
mem[X,0x00000000800007D0] -> 0x0533
mem[X,0x00000000800007D2] -> 0x4025
[505] [M]: 0x00000000800007D0 (0x40250533) sub a0, a0, sp
x10 <- 0x00000000800042A1
mem[X,0x00000000800007D4] -> 0x1FA3
mem[X,0x00000000800007D6] -> 0xFEB5
[506] [M]: 0x00000000800007D4 (0xFEB51FA3) sh a1, -0x1(a0)
mem[0x00000000800042A0] <- 0x0000
mem[X,0x00000000800007D8] -> 0x0013
mem[X,0x00000000800007DA] -> 0x0000
[507] [M]: 0x00000000800007D8 (0x00000013) addi zero, zero, 0x0
mem[X,0x00000000800007DC] -> 0x0013
mem[X,0x00000000800007DE] -> 0x0000
[508] [M]: 0x00000000800007DC (0x00000013) addi zero, zero, 0x0
mem[X,0x00000000800007E0] -> 0x0593
mem[X,0x00000000800007E2] -> 0x0010
[509] [M]: 0x00000000800007E0 (0x00100593) addi a1, zero, 0x1
x11 <- 0x0000000000000001
mem[X,0x00000000800007E4] -> 0x9593
mem[X,0x00000000800007E6] -> 0x02B5
[510] [M]: 0x00000000800007E4 (0x02B59593) slli a1, a1, 0x2b
x11 <- 0x0000080000000000
mem[X,0x00000000800007E8] -> 0x8513
mem[X,0x00000000800007EA] -> 0x0E80
[511] [M]: 0x00000000800007E8 (0x0E808513) addi a0, ra, 0xe8
x10 <- 0x00000000800042A8
mem[X,0x00000000800007EC] -> 0x0113
mem[X,0x00000000800007EE] -> 0xDFF0
[512] [M]: 0x00000000800007EC (0xDFF00113) addi sp, zero, -0x201
x2 <- 0xFFFFFFFFFFFFFDFF
mem[X,0x00000000800007F0] -> 0x0533
mem[X,0x00000000800007F2] -> 0x4025
[513] [M]: 0x00000000800007F0 (0x40250533) sub a0, a0, sp
x10 <- 0x00000000800044A9
mem[X,0x00000000800007F4] -> 0x1FA3
mem[X,0x00000000800007F6] -> 0xDEB5
[514] [M]: 0x00000000800007F4 (0xDEB51FA3) sh a1, -0x201(a0)
mem[0x00000000800042A8] <- 0x0000
mem[X,0x00000000800007F8] -> 0x0013
mem[X,0x00000000800007FA] -> 0x0000
[515] [M]: 0x00000000800007F8 (0x00000013) addi zero, zero, 0x0
mem[X,0x00000000800007FC] -> 0x0013
mem[X,0x00000000800007FE] -> 0x0000
[516] [M]: 0x00000000800007FC (0x00000013) addi zero, zero, 0x0
mem[X,0x0000000080000800] -> 0x0593
mem[X,0x0000000080000802] -> 0x0010
[517] [M]: 0x0000000080000800 (0x00100593) addi a1, zero, 0x1
x11 <- 0x0000000000000001
mem[X,0x0000000080000804] -> 0x9593
mem[X,0x0000000080000806] -> 0x02C5
[518] [M]: 0x0000000080000804 (0x02C59593) slli a1, a1, 0x2c
x11 <- 0x0000100000000000
mem[X,0x0000000080000808] -> 0x8513
mem[X,0x000000008000080A] -> 0x0F00
[519] [M]: 0x0000000080000808 (0x0F008513) addi a0, ra, 0xf0
x10 <- 0x00000000800042B0
mem[X,0x000000008000080C] -> 0x0113
mem[X,0x000000008000080E] -> 0xDFF0
[520] [M]: 0x000000008000080C (0xDFF00113) addi sp, zero, -0x201
x2 <- 0xFFFFFFFFFFFFFDFF
mem[X,0x0000000080000810] -> 0x0533
mem[X,0x0000000080000812] -> 0x4025
[521] [M]: 0x0000000080000810 (0x40250533) sub a0, a0, sp
x10 <- 0x00000000800044B1
mem[X,0x0000000080000814] -> 0x1FA3
mem[X,0x0000000080000816] -> 0xDEB5
[522] [M]: 0x0000000080000814 (0xDEB51FA3) sh a1, -0x201(a0)
mem[0x00000000800042B0] <- 0x0000
mem[X,0x0000000080000818] -> 0x0013
mem[X,0x000000008000081A] -> 0x0000
[523] [M]: 0x0000000080000818 (0x00000013) addi zero, zero, 0x0
mem[X,0x000000008000081C] -> 0x0013
mem[X,0x000000008000081E] -> 0x0000
[524] [M]: 0x000000008000081C (0x00000013) addi zero, zero, 0x0
mem[X,0x0000000080000820] -> 0x0593
mem[X,0x0000000080000822] -> 0x0010
[525] [M]: 0x0000000080000820 (0x00100593) addi a1, zero, 0x1
x11 <- 0x0000000000000001
mem[X,0x0000000080000824] -> 0x9593
mem[X,0x0000000080000826] -> 0x02D5
[526] [M]: 0x0000000080000824 (0x02D59593) slli a1, a1, 0x2d
x11 <- 0x0000200000000000
mem[X,0x0000000080000828] -> 0x8513
mem[X,0x000000008000082A] -> 0x0F80
[527] [M]: 0x0000000080000828 (0x0F808513) addi a0, ra, 0xf8
x10 <- 0x00000000800042B8
mem[X,0x000000008000082C] -> 0x0113
mem[X,0x000000008000082E] -> 0x0200
[528] [M]: 0x000000008000082C (0x02000113) addi sp, zero, 0x20
x2 <- 0x0000000000000020
mem[X,0x0000000080000830] -> 0x0533
mem[X,0x0000000080000832] -> 0x4025
[529] [M]: 0x0000000080000830 (0x40250533) sub a0, a0, sp
x10 <- 0x0000000080004298
mem[X,0x0000000080000834] -> 0x1023
mem[X,0x0000000080000836] -> 0x02B5
[530] [M]: 0x0000000080000834 (0x02B51023) sh a1, 0x20(a0)
mem[0x00000000800042B8] <- 0x0000
mem[X,0x0000000080000838] -> 0x0013
mem[X,0x000000008000083A] -> 0x0000
[531] [M]: 0x0000000080000838 (0x00000013) addi zero, zero, 0x0
mem[X,0x000000008000083C] -> 0x0013
mem[X,0x000000008000083E] -> 0x0000
[532] [M]: 0x000000008000083C (0x00000013) addi zero, zero, 0x0
mem[X,0x0000000080000840] -> 0x0593
mem[X,0x0000000080000842] -> 0x0010
[533] [M]: 0x0000000080000840 (0x00100593) addi a1, zero, 0x1
x11 <- 0x0000000000000001
mem[X,0x0000000080000844] -> 0x9593
mem[X,0x0000000080000846] -> 0x02E5
[534] [M]: 0x0000000080000844 (0x02E59593) slli a1, a1, 0x2e
x11 <- 0x0000400000000000
mem[X,0x0000000080000848] -> 0x8513
mem[X,0x000000008000084A] -> 0x1000
[535] [M]: 0x0000000080000848 (0x10008513) addi a0, ra, 0x100
x10 <- 0x00000000800042C0
mem[X,0x000000008000084C] -> 0x0113
mem[X,0x000000008000084E] -> 0x0010
[536] [M]: 0x000000008000084C (0x00100113) addi sp, zero, 0x1
x2 <- 0x0000000000000001
mem[X,0x0000000080000850] -> 0x0533
mem[X,0x0000000080000852] -> 0x4025
[537] [M]: 0x0000000080000850 (0x40250533) sub a0, a0, sp
x10 <- 0x00000000800042BF
mem[X,0x0000000080000854] -> 0x10A3
mem[X,0x0000000080000856] -> 0x00B5
[538] [M]: 0x0000000080000854 (0x00B510A3) sh a1, 0x1(a0)
mem[0x00000000800042C0] <- 0x0000
mem[X,0x0000000080000858] -> 0x0013
mem[X,0x000000008000085A] -> 0x0000
[539] [M]: 0x0000000080000858 (0x00000013) addi zero, zero, 0x0
mem[X,0x000000008000085C] -> 0x0013
mem[X,0x000000008000085E] -> 0x0000
[540] [M]: 0x000000008000085C (0x00000013) addi zero, zero, 0x0
mem[X,0x0000000080000860] -> 0x0593
mem[X,0x0000000080000862] -> 0x0010
[541] [M]: 0x0000000080000860 (0x00100593) addi a1, zero, 0x1
x11 <- 0x0000000000000001
mem[X,0x0000000080000864] -> 0x9593
mem[X,0x0000000080000866] -> 0x02F5
[542] [M]: 0x0000000080000864 (0x02F59593) slli a1, a1, 0x2f
x11 <- 0x0000800000000000
mem[X,0x0000000080000868] -> 0x8513
mem[X,0x000000008000086A] -> 0x1080
[543] [M]: 0x0000000080000868 (0x10808513) addi a0, ra, 0x108
x10 <- 0x00000000800042C8
mem[X,0x000000008000086C] -> 0x0113
mem[X,0x000000008000086E] -> 0xFFB0
[544] [M]: 0x000000008000086C (0xFFB00113) addi sp, zero, -0x5
x2 <- 0xFFFFFFFFFFFFFFFB
mem[X,0x0000000080000870] -> 0x0533
mem[X,0x0000000080000872] -> 0x4025
[545] [M]: 0x0000000080000870 (0x40250533) sub a0, a0, sp
x10 <- 0x00000000800042CD
mem[X,0x0000000080000874] -> 0x1DA3
mem[X,0x0000000080000876] -> 0xFEB5
[546] [M]: 0x0000000080000874 (0xFEB51DA3) sh a1, -0x5(a0)
mem[0x00000000800042C8] <- 0x0000
mem[X,0x0000000080000878] -> 0x0013
mem[X,0x000000008000087A] -> 0x0000
[547] [M]: 0x0000000080000878 (0x00000013) addi zero, zero, 0x0
mem[X,0x000000008000087C] -> 0x0013
mem[X,0x000000008000087E] -> 0x0000
[548] [M]: 0x000000008000087C (0x00000013) addi zero, zero, 0x0
mem[X,0x0000000080000880] -> 0x0593
mem[X,0x0000000080000882] -> 0x0010
[549] [M]: 0x0000000080000880 (0x00100593) addi a1, zero, 0x1
x11 <- 0x0000000000000001
mem[X,0x0000000080000884] -> 0x9593
mem[X,0x0000000080000886] -> 0x0305
[550] [M]: 0x0000000080000884 (0x03059593) slli a1, a1, 0x30
x11 <- 0x0001000000000000
mem[X,0x0000000080000888] -> 0x8513
mem[X,0x000000008000088A] -> 0x1100
[551] [M]: 0x0000000080000888 (0x11008513) addi a0, ra, 0x110
x10 <- 0x00000000800042D0
mem[X,0x000000008000088C] -> 0x0113
mem[X,0x000000008000088E] -> 0x0200
[552] [M]: 0x000000008000088C (0x02000113) addi sp, zero, 0x20
x2 <- 0x0000000000000020
mem[X,0x0000000080000890] -> 0x0533
mem[X,0x0000000080000892] -> 0x4025
[553] [M]: 0x0000000080000890 (0x40250533) sub a0, a0, sp
x10 <- 0x00000000800042B0
mem[X,0x0000000080000894] -> 0x1023
mem[X,0x0000000080000896] -> 0x02B5
[554] [M]: 0x0000000080000894 (0x02B51023) sh a1, 0x20(a0)
mem[0x00000000800042D0] <- 0x0000
mem[X,0x0000000080000898] -> 0x0013
mem[X,0x000000008000089A] -> 0x0000
[555] [M]: 0x0000000080000898 (0x00000013) addi zero, zero, 0x0
mem[X,0x000000008000089C] -> 0x0013
mem[X,0x000000008000089E] -> 0x0000
[556] [M]: 0x000000008000089C (0x00000013) addi zero, zero, 0x0
mem[X,0x00000000800008A0] -> 0x0593
mem[X,0x00000000800008A2] -> 0x0010
[557] [M]: 0x00000000800008A0 (0x00100593) addi a1, zero, 0x1
x11 <- 0x0000000000000001
mem[X,0x00000000800008A4] -> 0x9593
mem[X,0x00000000800008A6] -> 0x0315
[558] [M]: 0x00000000800008A4 (0x03159593) slli a1, a1, 0x31
x11 <- 0x0002000000000000
mem[X,0x00000000800008A8] -> 0x8513
mem[X,0x00000000800008AA] -> 0x1180
[559] [M]: 0x00000000800008A8 (0x11808513) addi a0, ra, 0x118
x10 <- 0x00000000800042D8
mem[X,0x00000000800008AC] -> 0x0113
mem[X,0x00000000800008AE] -> 0xF7F0
[560] [M]: 0x00000000800008AC (0xF7F00113) addi sp, zero, -0x81
x2 <- 0xFFFFFFFFFFFFFF7F
mem[X,0x00000000800008B0] -> 0x0533
mem[X,0x00000000800008B2] -> 0x4025
[561] [M]: 0x00000000800008B0 (0x40250533) sub a0, a0, sp
x10 <- 0x0000000080004359
mem[X,0x00000000800008B4] -> 0x1FA3
mem[X,0x00000000800008B6] -> 0xF6B5
[562] [M]: 0x00000000800008B4 (0xF6B51FA3) sh a1, -0x81(a0)
mem[0x00000000800042D8] <- 0x0000
mem[X,0x00000000800008B8] -> 0x0013
mem[X,0x00000000800008BA] -> 0x0000
[563] [M]: 0x00000000800008B8 (0x00000013) addi zero, zero, 0x0
mem[X,0x00000000800008BC] -> 0x0013
mem[X,0x00000000800008BE] -> 0x0000
[564] [M]: 0x00000000800008BC (0x00000013) addi zero, zero, 0x0
mem[X,0x00000000800008C0] -> 0x0593
mem[X,0x00000000800008C2] -> 0x0010
[565] [M]: 0x00000000800008C0 (0x00100593) addi a1, zero, 0x1
x11 <- 0x0000000000000001
mem[X,0x00000000800008C4] -> 0x9593
mem[X,0x00000000800008C6] -> 0x0325
[566] [M]: 0x00000000800008C4 (0x03259593) slli a1, a1, 0x32
x11 <- 0x0004000000000000
mem[X,0x00000000800008C8] -> 0x8513
mem[X,0x00000000800008CA] -> 0x1200
[567] [M]: 0x00000000800008C8 (0x12008513) addi a0, ra, 0x120
x10 <- 0x00000000800042E0
mem[X,0x00000000800008CC] -> 0x0113
mem[X,0x00000000800008CE] -> 0xEFF0
[568] [M]: 0x00000000800008CC (0xEFF00113) addi sp, zero, -0x101
x2 <- 0xFFFFFFFFFFFFFEFF
mem[X,0x00000000800008D0] -> 0x0533
mem[X,0x00000000800008D2] -> 0x4025
[569] [M]: 0x00000000800008D0 (0x40250533) sub a0, a0, sp
x10 <- 0x00000000800043E1
mem[X,0x00000000800008D4] -> 0x1FA3
mem[X,0x00000000800008D6] -> 0xEEB5
[570] [M]: 0x00000000800008D4 (0xEEB51FA3) sh a1, -0x101(a0)
mem[0x00000000800042E0] <- 0x0000
mem[X,0x00000000800008D8] -> 0x0013
mem[X,0x00000000800008DA] -> 0x0000
[571] [M]: 0x00000000800008D8 (0x00000013) addi zero, zero, 0x0
mem[X,0x00000000800008DC] -> 0x0013
mem[X,0x00000000800008DE] -> 0x0000
[572] [M]: 0x00000000800008DC (0x00000013) addi zero, zero, 0x0
mem[X,0x00000000800008E0] -> 0x0593
mem[X,0x00000000800008E2] -> 0x0010
[573] [M]: 0x00000000800008E0 (0x00100593) addi a1, zero, 0x1
x11 <- 0x0000000000000001
mem[X,0x00000000800008E4] -> 0x9593
mem[X,0x00000000800008E6] -> 0x0335
[574] [M]: 0x00000000800008E4 (0x03359593) slli a1, a1, 0x33
x11 <- 0x0008000000000000
mem[X,0x00000000800008E8] -> 0x8513
mem[X,0x00000000800008EA] -> 0x1280
[575] [M]: 0x00000000800008E8 (0x12808513) addi a0, ra, 0x128
x10 <- 0x00000000800042E8
mem[X,0x00000000800008EC] -> 0x0113
mem[X,0x00000000800008EE] -> 0x0400
[576] [M]: 0x00000000800008EC (0x04000113) addi sp, zero, 0x40
x2 <- 0x0000000000000040
mem[X,0x00000000800008F0] -> 0x0533
mem[X,0x00000000800008F2] -> 0x4025
[577] [M]: 0x00000000800008F0 (0x40250533) sub a0, a0, sp
x10 <- 0x00000000800042A8
mem[X,0x00000000800008F4] -> 0x1023
mem[X,0x00000000800008F6] -> 0x04B5
[578] [M]: 0x00000000800008F4 (0x04B51023) sh a1, 0x40(a0)
mem[0x00000000800042E8] <- 0x0000
mem[X,0x00000000800008F8] -> 0x0013
mem[X,0x00000000800008FA] -> 0x0000
[579] [M]: 0x00000000800008F8 (0x00000013) addi zero, zero, 0x0
mem[X,0x00000000800008FC] -> 0x0013
mem[X,0x00000000800008FE] -> 0x0000
[580] [M]: 0x00000000800008FC (0x00000013) addi zero, zero, 0x0
mem[X,0x0000000080000900] -> 0x0593
mem[X,0x0000000080000902] -> 0x0010
[581] [M]: 0x0000000080000900 (0x00100593) addi a1, zero, 0x1
x11 <- 0x0000000000000001
mem[X,0x0000000080000904] -> 0x9593
mem[X,0x0000000080000906] -> 0x0345
[582] [M]: 0x0000000080000904 (0x03459593) slli a1, a1, 0x34
x11 <- 0x0010000000000000
mem[X,0x0000000080000908] -> 0x8513
mem[X,0x000000008000090A] -> 0x1300
[583] [M]: 0x0000000080000908 (0x13008513) addi a0, ra, 0x130
x10 <- 0x00000000800042F0
mem[X,0x000000008000090C] -> 0x0113
mem[X,0x000000008000090E] -> 0x0030
[584] [M]: 0x000000008000090C (0x00300113) addi sp, zero, 0x3
x2 <- 0x0000000000000003
mem[X,0x0000000080000910] -> 0x0533
mem[X,0x0000000080000912] -> 0x4025
[585] [M]: 0x0000000080000910 (0x40250533) sub a0, a0, sp
x10 <- 0x00000000800042ED
mem[X,0x0000000080000914] -> 0x11A3
mem[X,0x0000000080000916] -> 0x00B5
[586] [M]: 0x0000000080000914 (0x00B511A3) sh a1, 0x3(a0)
mem[0x00000000800042F0] <- 0x0000
mem[X,0x0000000080000918] -> 0x0013
mem[X,0x000000008000091A] -> 0x0000
[587] [M]: 0x0000000080000918 (0x00000013) addi zero, zero, 0x0
mem[X,0x000000008000091C] -> 0x0013
mem[X,0x000000008000091E] -> 0x0000
[588] [M]: 0x000000008000091C (0x00000013) addi zero, zero, 0x0
mem[X,0x0000000080000920] -> 0x0593
mem[X,0x0000000080000922] -> 0x0010
[589] [M]: 0x0000000080000920 (0x00100593) addi a1, zero, 0x1
x11 <- 0x0000000000000001
mem[X,0x0000000080000924] -> 0x9593
mem[X,0x0000000080000926] -> 0x0365
[590] [M]: 0x0000000080000924 (0x03659593) slli a1, a1, 0x36
x11 <- 0x0040000000000000
mem[X,0x0000000080000928] -> 0x8513
mem[X,0x000000008000092A] -> 0x1380
[591] [M]: 0x0000000080000928 (0x13808513) addi a0, ra, 0x138
x10 <- 0x00000000800042F8
mem[X,0x000000008000092C] -> 0x0113
mem[X,0x000000008000092E] -> 0x0070
[592] [M]: 0x000000008000092C (0x00700113) addi sp, zero, 0x7
x2 <- 0x0000000000000007
mem[X,0x0000000080000930] -> 0x0533
mem[X,0x0000000080000932] -> 0x4025
[593] [M]: 0x0000000080000930 (0x40250533) sub a0, a0, sp
x10 <- 0x00000000800042F1
mem[X,0x0000000080000934] -> 0x13A3
mem[X,0x0000000080000936] -> 0x00B5
[594] [M]: 0x0000000080000934 (0x00B513A3) sh a1, 0x7(a0)
mem[0x00000000800042F8] <- 0x0000
mem[X,0x0000000080000938] -> 0x0013
mem[X,0x000000008000093A] -> 0x0000
[595] [M]: 0x0000000080000938 (0x00000013) addi zero, zero, 0x0
mem[X,0x000000008000093C] -> 0x0013
mem[X,0x000000008000093E] -> 0x0000
[596] [M]: 0x000000008000093C (0x00000013) addi zero, zero, 0x0
mem[X,0x0000000080000940] -> 0x0593
mem[X,0x0000000080000942] -> 0x0010
[597] [M]: 0x0000000080000940 (0x00100593) addi a1, zero, 0x1
x11 <- 0x0000000000000001
mem[X,0x0000000080000944] -> 0x9593
mem[X,0x0000000080000946] -> 0x0375
[598] [M]: 0x0000000080000944 (0x03759593) slli a1, a1, 0x37
x11 <- 0x0080000000000000
mem[X,0x0000000080000948] -> 0x8513
mem[X,0x000000008000094A] -> 0x1400
[599] [M]: 0x0000000080000948 (0x14008513) addi a0, ra, 0x140
x10 <- 0x0000000080004300
clint::tick mtime <- 0x0000000000000006
 clint timer pending at mtime 0x0000000000000006
htif::tick 0x0000000000000000
mem[X,0x000000008000094C] -> 0x0113
mem[X,0x000000008000094E] -> 0x0090
[600] [M]: 0x000000008000094C (0x00900113) addi sp, zero, 0x9
x2 <- 0x0000000000000009
mem[X,0x0000000080000950] -> 0x0533
mem[X,0x0000000080000952] -> 0x4025
[601] [M]: 0x0000000080000950 (0x40250533) sub a0, a0, sp
x10 <- 0x00000000800042F7
mem[X,0x0000000080000954] -> 0x14A3
mem[X,0x0000000080000956] -> 0x00B5
[602] [M]: 0x0000000080000954 (0x00B514A3) sh a1, 0x9(a0)
mem[0x0000000080004300] <- 0x0000
mem[X,0x0000000080000958] -> 0x0013
mem[X,0x000000008000095A] -> 0x0000
[603] [M]: 0x0000000080000958 (0x00000013) addi zero, zero, 0x0
mem[X,0x000000008000095C] -> 0x0013
mem[X,0x000000008000095E] -> 0x0000
[604] [M]: 0x000000008000095C (0x00000013) addi zero, zero, 0x0
mem[X,0x0000000080000960] -> 0x0593
mem[X,0x0000000080000962] -> 0x0010
[605] [M]: 0x0000000080000960 (0x00100593) addi a1, zero, 0x1
x11 <- 0x0000000000000001
mem[X,0x0000000080000964] -> 0x9593
mem[X,0x0000000080000966] -> 0x0385
[606] [M]: 0x0000000080000964 (0x03859593) slli a1, a1, 0x38
x11 <- 0x0100000000000000
mem[X,0x0000000080000968] -> 0x8513
mem[X,0x000000008000096A] -> 0x1480
[607] [M]: 0x0000000080000968 (0x14808513) addi a0, ra, 0x148
x10 <- 0x0000000080004308
mem[X,0x000000008000096C] -> 0x0113
mem[X,0x000000008000096E] -> 0x0200
[608] [M]: 0x000000008000096C (0x02000113) addi sp, zero, 0x20
x2 <- 0x0000000000000020
mem[X,0x0000000080000970] -> 0x0533
mem[X,0x0000000080000972] -> 0x4025
[609] [M]: 0x0000000080000970 (0x40250533) sub a0, a0, sp
x10 <- 0x00000000800042E8
mem[X,0x0000000080000974] -> 0x1023
mem[X,0x0000000080000976] -> 0x02B5
[610] [M]: 0x0000000080000974 (0x02B51023) sh a1, 0x20(a0)
mem[0x0000000080004308] <- 0x0000
mem[X,0x0000000080000978] -> 0x0013
mem[X,0x000000008000097A] -> 0x0000
[611] [M]: 0x0000000080000978 (0x00000013) addi zero, zero, 0x0
mem[X,0x000000008000097C] -> 0x0013
mem[X,0x000000008000097E] -> 0x0000
[612] [M]: 0x000000008000097C (0x00000013) addi zero, zero, 0x0
mem[X,0x0000000080000980] -> 0x0593
mem[X,0x0000000080000982] -> 0x0010
[613] [M]: 0x0000000080000980 (0x00100593) addi a1, zero, 0x1
x11 <- 0x0000000000000001
mem[X,0x0000000080000984] -> 0x9593
mem[X,0x0000000080000986] -> 0x0395
[614] [M]: 0x0000000080000984 (0x03959593) slli a1, a1, 0x39
x11 <- 0x0200000000000000
mem[X,0x0000000080000988] -> 0x8513
mem[X,0x000000008000098A] -> 0x1500
[615] [M]: 0x0000000080000988 (0x15008513) addi a0, ra, 0x150
x10 <- 0x0000000080004310
mem[X,0x000000008000098C] -> 0x0113
mem[X,0x000000008000098E] -> 0x0000
[616] [M]: 0x000000008000098C (0x00000113) addi sp, zero, 0x0
x2 <- 0x0000000000000000
mem[X,0x0000000080000990] -> 0x0533
mem[X,0x0000000080000992] -> 0x4025
[617] [M]: 0x0000000080000990 (0x40250533) sub a0, a0, sp
x10 <- 0x0000000080004310
mem[X,0x0000000080000994] -> 0x1023
mem[X,0x0000000080000996] -> 0x00B5
[618] [M]: 0x0000000080000994 (0x00B51023) sh a1, 0x0(a0)
mem[0x0000000080004310] <- 0x0000
mem[X,0x0000000080000998] -> 0x0013
mem[X,0x000000008000099A] -> 0x0000
[619] [M]: 0x0000000080000998 (0x00000013) addi zero, zero, 0x0
mem[X,0x000000008000099C] -> 0x0013
mem[X,0x000000008000099E] -> 0x0000
[620] [M]: 0x000000008000099C (0x00000013) addi zero, zero, 0x0
mem[X,0x00000000800009A0] -> 0x0593
mem[X,0x00000000800009A2] -> 0x0010
[621] [M]: 0x00000000800009A0 (0x00100593) addi a1, zero, 0x1
x11 <- 0x0000000000000001
mem[X,0x00000000800009A4] -> 0x9593
mem[X,0x00000000800009A6] -> 0x03A5
[622] [M]: 0x00000000800009A4 (0x03A59593) slli a1, a1, 0x3a
x11 <- 0x0400000000000000
mem[X,0x00000000800009A8] -> 0x8513
mem[X,0x00000000800009AA] -> 0x1580
[623] [M]: 0x00000000800009A8 (0x15808513) addi a0, ra, 0x158
x10 <- 0x0000000080004318
mem[X,0x00000000800009AC] -> 0x0113
mem[X,0x00000000800009AE] -> 0x4000
[624] [M]: 0x00000000800009AC (0x40000113) addi sp, zero, 0x400
x2 <- 0x0000000000000400
mem[X,0x00000000800009B0] -> 0x0533
mem[X,0x00000000800009B2] -> 0x4025
[625] [M]: 0x00000000800009B0 (0x40250533) sub a0, a0, sp
x10 <- 0x0000000080003F18
mem[X,0x00000000800009B4] -> 0x1023
mem[X,0x00000000800009B6] -> 0x40B5
[626] [M]: 0x00000000800009B4 (0x40B51023) sh a1, 0x400(a0)
mem[0x0000000080004318] <- 0x0000
mem[X,0x00000000800009B8] -> 0x0013
mem[X,0x00000000800009BA] -> 0x0000
[627] [M]: 0x00000000800009B8 (0x00000013) addi zero, zero, 0x0
mem[X,0x00000000800009BC] -> 0x0013
mem[X,0x00000000800009BE] -> 0x0000
[628] [M]: 0x00000000800009BC (0x00000013) addi zero, zero, 0x0
mem[X,0x00000000800009C0] -> 0x0593
mem[X,0x00000000800009C2] -> 0x0010
[629] [M]: 0x00000000800009C0 (0x00100593) addi a1, zero, 0x1
x11 <- 0x0000000000000001
mem[X,0x00000000800009C4] -> 0x9593
mem[X,0x00000000800009C6] -> 0x03B5
[630] [M]: 0x00000000800009C4 (0x03B59593) slli a1, a1, 0x3b
x11 <- 0x0800000000000000
mem[X,0x00000000800009C8] -> 0x8513
mem[X,0x00000000800009CA] -> 0x1600
[631] [M]: 0x00000000800009C8 (0x16008513) addi a0, ra, 0x160
x10 <- 0x0000000080004320
mem[X,0x00000000800009CC] -> 0x0113
mem[X,0x00000000800009CE] -> 0xFF60
[632] [M]: 0x00000000800009CC (0xFF600113) addi sp, zero, -0xa
x2 <- 0xFFFFFFFFFFFFFFF6
mem[X,0x00000000800009D0] -> 0x0533
mem[X,0x00000000800009D2] -> 0x4025
[633] [M]: 0x00000000800009D0 (0x40250533) sub a0, a0, sp
x10 <- 0x000000008000432A
mem[X,0x00000000800009D4] -> 0x1B23
mem[X,0x00000000800009D6] -> 0xFEB5
[634] [M]: 0x00000000800009D4 (0xFEB51B23) sh a1, -0xa(a0)
mem[0x0000000080004320] <- 0x0000
mem[X,0x00000000800009D8] -> 0x0013
mem[X,0x00000000800009DA] -> 0x0000
[635] [M]: 0x00000000800009D8 (0x00000013) addi zero, zero, 0x0
mem[X,0x00000000800009DC] -> 0x0013
mem[X,0x00000000800009DE] -> 0x0000
[636] [M]: 0x00000000800009DC (0x00000013) addi zero, zero, 0x0
mem[X,0x00000000800009E0] -> 0x0593
mem[X,0x00000000800009E2] -> 0x0010
[637] [M]: 0x00000000800009E0 (0x00100593) addi a1, zero, 0x1
x11 <- 0x0000000000000001
mem[X,0x00000000800009E4] -> 0x9593
mem[X,0x00000000800009E6] -> 0x03C5
[638] [M]: 0x00000000800009E4 (0x03C59593) slli a1, a1, 0x3c
x11 <- 0x1000000000000000
mem[X,0x00000000800009E8] -> 0x8513
mem[X,0x00000000800009EA] -> 0x1680
[639] [M]: 0x00000000800009E8 (0x16808513) addi a0, ra, 0x168
x10 <- 0x0000000080004328
mem[X,0x00000000800009EC] -> 0x0113
mem[X,0x00000000800009EE] -> 0xAAA0
[640] [M]: 0x00000000800009EC (0xAAA00113) addi sp, zero, -0x556
x2 <- 0xFFFFFFFFFFFFFAAA
mem[X,0x00000000800009F0] -> 0x0533
mem[X,0x00000000800009F2] -> 0x4025
[641] [M]: 0x00000000800009F0 (0x40250533) sub a0, a0, sp
x10 <- 0x000000008000487E
mem[X,0x00000000800009F4] -> 0x1523
mem[X,0x00000000800009F6] -> 0xAAB5
[642] [M]: 0x00000000800009F4 (0xAAB51523) sh a1, -0x556(a0)
mem[0x0000000080004328] <- 0x0000
mem[X,0x00000000800009F8] -> 0x0013
mem[X,0x00000000800009FA] -> 0x0000
[643] [M]: 0x00000000800009F8 (0x00000013) addi zero, zero, 0x0
mem[X,0x00000000800009FC] -> 0x0013
mem[X,0x00000000800009FE] -> 0x0000
[644] [M]: 0x00000000800009FC (0x00000013) addi zero, zero, 0x0
mem[X,0x0000000080000A00] -> 0x0593
mem[X,0x0000000080000A02] -> 0x0010
[645] [M]: 0x0000000080000A00 (0x00100593) addi a1, zero, 0x1
x11 <- 0x0000000000000001
mem[X,0x0000000080000A04] -> 0x9593
mem[X,0x0000000080000A06] -> 0x03D5
[646] [M]: 0x0000000080000A04 (0x03D59593) slli a1, a1, 0x3d
x11 <- 0x2000000000000000
mem[X,0x0000000080000A08] -> 0x8513
mem[X,0x0000000080000A0A] -> 0x1700
[647] [M]: 0x0000000080000A08 (0x17008513) addi a0, ra, 0x170
x10 <- 0x0000000080004330
mem[X,0x0000000080000A0C] -> 0x0113
mem[X,0x0000000080000A0E] -> 0x0100
[648] [M]: 0x0000000080000A0C (0x01000113) addi sp, zero, 0x10
x2 <- 0x0000000000000010
mem[X,0x0000000080000A10] -> 0x0533
mem[X,0x0000000080000A12] -> 0x4025
[649] [M]: 0x0000000080000A10 (0x40250533) sub a0, a0, sp
x10 <- 0x0000000080004320
mem[X,0x0000000080000A14] -> 0x1823
mem[X,0x0000000080000A16] -> 0x00B5
[650] [M]: 0x0000000080000A14 (0x00B51823) sh a1, 0x10(a0)
mem[0x0000000080004330] <- 0x0000
mem[X,0x0000000080000A18] -> 0x0013
mem[X,0x0000000080000A1A] -> 0x0000
[651] [M]: 0x0000000080000A18 (0x00000013) addi zero, zero, 0x0
mem[X,0x0000000080000A1C] -> 0x0013
mem[X,0x0000000080000A1E] -> 0x0000
[652] [M]: 0x0000000080000A1C (0x00000013) addi zero, zero, 0x0
mem[X,0x0000000080000A20] -> 0x0593
mem[X,0x0000000080000A22] -> 0x0010
[653] [M]: 0x0000000080000A20 (0x00100593) addi a1, zero, 0x1
x11 <- 0x0000000000000001
mem[X,0x0000000080000A24] -> 0x9593
mem[X,0x0000000080000A26] -> 0x03E5
[654] [M]: 0x0000000080000A24 (0x03E59593) slli a1, a1, 0x3e
x11 <- 0x4000000000000000
mem[X,0x0000000080000A28] -> 0x8513
mem[X,0x0000000080000A2A] -> 0x1780
[655] [M]: 0x0000000080000A28 (0x17808513) addi a0, ra, 0x178
x10 <- 0x0000000080004338
mem[X,0x0000000080000A2C] -> 0x0113
mem[X,0x0000000080000A2E] -> 0x0020
[656] [M]: 0x0000000080000A2C (0x00200113) addi sp, zero, 0x2
x2 <- 0x0000000000000002
mem[X,0x0000000080000A30] -> 0x0533
mem[X,0x0000000080000A32] -> 0x4025
[657] [M]: 0x0000000080000A30 (0x40250533) sub a0, a0, sp
x10 <- 0x0000000080004336
mem[X,0x0000000080000A34] -> 0x1123
mem[X,0x0000000080000A36] -> 0x00B5
[658] [M]: 0x0000000080000A34 (0x00B51123) sh a1, 0x2(a0)
mem[0x0000000080004338] <- 0x0000
mem[X,0x0000000080000A38] -> 0x0013
mem[X,0x0000000080000A3A] -> 0x0000
[659] [M]: 0x0000000080000A38 (0x00000013) addi zero, zero, 0x0
mem[X,0x0000000080000A3C] -> 0x0013
mem[X,0x0000000080000A3E] -> 0x0000
[660] [M]: 0x0000000080000A3C (0x00000013) addi zero, zero, 0x0
mem[X,0x0000000080000A40] -> 0x0593
mem[X,0x0000000080000A42] -> 0x0010
[661] [M]: 0x0000000080000A40 (0x00100593) addi a1, zero, 0x1
x11 <- 0x0000000000000001
mem[X,0x0000000080000A44] -> 0x9593
mem[X,0x0000000080000A46] -> 0x0325
[662] [M]: 0x0000000080000A44 (0x03259593) slli a1, a1, 0x32
x11 <- 0x0004000000000000
mem[X,0x0000000080000A48] -> 0xC593
mem[X,0x0000000080000A4A] -> 0xFFF5
[663] [M]: 0x0000000080000A48 (0xFFF5C593) xori a1, a1, -0x1
x11 <- 0xFFFBFFFFFFFFFFFF
mem[X,0x0000000080000A4C] -> 0x8513
mem[X,0x0000000080000A4E] -> 0x1800
[664] [M]: 0x0000000080000A4C (0x18008513) addi a0, ra, 0x180
x10 <- 0x0000000080004340
mem[X,0x0000000080000A50] -> 0x0113
mem[X,0x0000000080000A52] -> 0x0400
[665] [M]: 0x0000000080000A50 (0x04000113) addi sp, zero, 0x40
x2 <- 0x0000000000000040
mem[X,0x0000000080000A54] -> 0x0533
mem[X,0x0000000080000A56] -> 0x4025
[666] [M]: 0x0000000080000A54 (0x40250533) sub a0, a0, sp
x10 <- 0x0000000080004300
mem[X,0x0000000080000A58] -> 0x1023
mem[X,0x0000000080000A5A] -> 0x04B5
[667] [M]: 0x0000000080000A58 (0x04B51023) sh a1, 0x40(a0)
mem[0x0000000080004340] <- 0xFFFF
mem[X,0x0000000080000A5C] -> 0x0013
mem[X,0x0000000080000A5E] -> 0x0000
[668] [M]: 0x0000000080000A5C (0x00000013) addi zero, zero, 0x0
mem[X,0x0000000080000A60] -> 0x0013
mem[X,0x0000000080000A62] -> 0x0000
[669] [M]: 0x0000000080000A60 (0x00000013) addi zero, zero, 0x0
mem[X,0x0000000080000A64] -> 0x0593
mem[X,0x0000000080000A66] -> 0x0010
[670] [M]: 0x0000000080000A64 (0x00100593) addi a1, zero, 0x1
x11 <- 0x0000000000000001
mem[X,0x0000000080000A68] -> 0x9593
mem[X,0x0000000080000A6A] -> 0x0335
[671] [M]: 0x0000000080000A68 (0x03359593) slli a1, a1, 0x33
x11 <- 0x0008000000000000
mem[X,0x0000000080000A6C] -> 0xC593
mem[X,0x0000000080000A6E] -> 0xFFF5
[672] [M]: 0x0000000080000A6C (0xFFF5C593) xori a1, a1, -0x1
x11 <- 0xFFF7FFFFFFFFFFFF
mem[X,0x0000000080000A70] -> 0x8513
mem[X,0x0000000080000A72] -> 0x1880
[673] [M]: 0x0000000080000A70 (0x18808513) addi a0, ra, 0x188
x10 <- 0x0000000080004348
mem[X,0x0000000080000A74] -> 0x0113
mem[X,0x0000000080000A76] -> 0x0020
[674] [M]: 0x0000000080000A74 (0x00200113) addi sp, zero, 0x2
x2 <- 0x0000000000000002
mem[X,0x0000000080000A78] -> 0x0533
mem[X,0x0000000080000A7A] -> 0x4025
[675] [M]: 0x0000000080000A78 (0x40250533) sub a0, a0, sp
x10 <- 0x0000000080004346
mem[X,0x0000000080000A7C] -> 0x1123
mem[X,0x0000000080000A7E] -> 0x00B5
[676] [M]: 0x0000000080000A7C (0x00B51123) sh a1, 0x2(a0)
mem[0x0000000080004348] <- 0xFFFF
mem[X,0x0000000080000A80] -> 0x0013
mem[X,0x0000000080000A82] -> 0x0000
[677] [M]: 0x0000000080000A80 (0x00000013) addi zero, zero, 0x0
mem[X,0x0000000080000A84] -> 0x0013
mem[X,0x0000000080000A86] -> 0x0000
[678] [M]: 0x0000000080000A84 (0x00000013) addi zero, zero, 0x0
mem[X,0x0000000080000A88] -> 0x0593
mem[X,0x0000000080000A8A] -> 0x0010
[679] [M]: 0x0000000080000A88 (0x00100593) addi a1, zero, 0x1
x11 <- 0x0000000000000001
mem[X,0x0000000080000A8C] -> 0x9593
mem[X,0x0000000080000A8E] -> 0x0345
[680] [M]: 0x0000000080000A8C (0x03459593) slli a1, a1, 0x34
x11 <- 0x0010000000000000
mem[X,0x0000000080000A90] -> 0xC593
mem[X,0x0000000080000A92] -> 0xFFF5
[681] [M]: 0x0000000080000A90 (0xFFF5C593) xori a1, a1, -0x1
x11 <- 0xFFEFFFFFFFFFFFFF
mem[X,0x0000000080000A94] -> 0x8513
mem[X,0x0000000080000A96] -> 0x1900
[682] [M]: 0x0000000080000A94 (0x19008513) addi a0, ra, 0x190
x10 <- 0x0000000080004350
mem[X,0x0000000080000A98] -> 0x0113
mem[X,0x0000000080000A9A] -> 0xC000
[683] [M]: 0x0000000080000A98 (0xC0000113) addi sp, zero, -0x400
x2 <- 0xFFFFFFFFFFFFFC00
mem[X,0x0000000080000A9C] -> 0x0533
mem[X,0x0000000080000A9E] -> 0x4025
[684] [M]: 0x0000000080000A9C (0x40250533) sub a0, a0, sp
x10 <- 0x0000000080004750
mem[X,0x0000000080000AA0] -> 0x1023
mem[X,0x0000000080000AA2] -> 0xC0B5
[685] [M]: 0x0000000080000AA0 (0xC0B51023) sh a1, -0x400(a0)
mem[0x0000000080004350] <- 0xFFFF
mem[X,0x0000000080000AA4] -> 0x0013
mem[X,0x0000000080000AA6] -> 0x0000
[686] [M]: 0x0000000080000AA4 (0x00000013) addi zero, zero, 0x0
mem[X,0x0000000080000AA8] -> 0x0013
mem[X,0x0000000080000AAA] -> 0x0000
[687] [M]: 0x0000000080000AA8 (0x00000013) addi zero, zero, 0x0
mem[X,0x0000000080000AAC] -> 0x0593
mem[X,0x0000000080000AAE] -> 0x0010
[688] [M]: 0x0000000080000AAC (0x00100593) addi a1, zero, 0x1
x11 <- 0x0000000000000001
mem[X,0x0000000080000AB0] -> 0x9593
mem[X,0x0000000080000AB2] -> 0x0355
[689] [M]: 0x0000000080000AB0 (0x03559593) slli a1, a1, 0x35
x11 <- 0x0020000000000000
mem[X,0x0000000080000AB4] -> 0xC593
mem[X,0x0000000080000AB6] -> 0xFFF5
[690] [M]: 0x0000000080000AB4 (0xFFF5C593) xori a1, a1, -0x1
x11 <- 0xFFDFFFFFFFFFFFFF
mem[X,0x0000000080000AB8] -> 0x8513
mem[X,0x0000000080000ABA] -> 0x1980
[691] [M]: 0x0000000080000AB8 (0x19808513) addi a0, ra, 0x198
x10 <- 0x0000000080004358
mem[X,0x0000000080000ABC] -> 0x0113
mem[X,0x0000000080000ABE] -> 0xBFF0
[692] [M]: 0x0000000080000ABC (0xBFF00113) addi sp, zero, -0x401
x2 <- 0xFFFFFFFFFFFFFBFF
mem[X,0x0000000080000AC0] -> 0x0533
mem[X,0x0000000080000AC2] -> 0x4025
[693] [M]: 0x0000000080000AC0 (0x40250533) sub a0, a0, sp
x10 <- 0x0000000080004759
mem[X,0x0000000080000AC4] -> 0x1FA3
mem[X,0x0000000080000AC6] -> 0xBEB5
[694] [M]: 0x0000000080000AC4 (0xBEB51FA3) sh a1, -0x401(a0)
mem[0x0000000080004358] <- 0xFFFF
mem[X,0x0000000080000AC8] -> 0x0013
mem[X,0x0000000080000ACA] -> 0x0000
[695] [M]: 0x0000000080000AC8 (0x00000013) addi zero, zero, 0x0
mem[X,0x0000000080000ACC] -> 0x0013
mem[X,0x0000000080000ACE] -> 0x0000
[696] [M]: 0x0000000080000ACC (0x00000013) addi zero, zero, 0x0
mem[X,0x0000000080000AD0] -> 0x0593
mem[X,0x0000000080000AD2] -> 0x0010
[697] [M]: 0x0000000080000AD0 (0x00100593) addi a1, zero, 0x1
x11 <- 0x0000000000000001
mem[X,0x0000000080000AD4] -> 0x9593
mem[X,0x0000000080000AD6] -> 0x0365
[698] [M]: 0x0000000080000AD4 (0x03659593) slli a1, a1, 0x36
x11 <- 0x0040000000000000
mem[X,0x0000000080000AD8] -> 0xC593
mem[X,0x0000000080000ADA] -> 0xFFF5
[699] [M]: 0x0000000080000AD8 (0xFFF5C593) xori a1, a1, -0x1
x11 <- 0xFFBFFFFFFFFFFFFF
clint::tick mtime <- 0x0000000000000007
 clint timer pending at mtime 0x0000000000000007
htif::tick 0x0000000000000000
mem[X,0x0000000080000ADC] -> 0x8513
mem[X,0x0000000080000ADE] -> 0x1A00
[700] [M]: 0x0000000080000ADC (0x1A008513) addi a0, ra, 0x1a0
x10 <- 0x0000000080004360
mem[X,0x0000000080000AE0] -> 0x0113
mem[X,0x0000000080000AE2] -> 0x3FF0
[701] [M]: 0x0000000080000AE0 (0x3FF00113) addi sp, zero, 0x3ff
x2 <- 0x00000000000003FF
mem[X,0x0000000080000AE4] -> 0x0533
mem[X,0x0000000080000AE6] -> 0x4025
[702] [M]: 0x0000000080000AE4 (0x40250533) sub a0, a0, sp
x10 <- 0x0000000080003F61
mem[X,0x0000000080000AE8] -> 0x1FA3
mem[X,0x0000000080000AEA] -> 0x3EB5
[703] [M]: 0x0000000080000AE8 (0x3EB51FA3) sh a1, 0x3ff(a0)
mem[0x0000000080004360] <- 0xFFFF
mem[X,0x0000000080000AEC] -> 0x0013
mem[X,0x0000000080000AEE] -> 0x0000
[704] [M]: 0x0000000080000AEC (0x00000013) addi zero, zero, 0x0
mem[X,0x0000000080000AF0] -> 0x0013
mem[X,0x0000000080000AF2] -> 0x0000
[705] [M]: 0x0000000080000AF0 (0x00000013) addi zero, zero, 0x0
mem[X,0x0000000080000AF4] -> 0x0593
mem[X,0x0000000080000AF6] -> 0x0010
[706] [M]: 0x0000000080000AF4 (0x00100593) addi a1, zero, 0x1
x11 <- 0x0000000000000001
mem[X,0x0000000080000AF8] -> 0x9593
mem[X,0x0000000080000AFA] -> 0x0375
[707] [M]: 0x0000000080000AF8 (0x03759593) slli a1, a1, 0x37
x11 <- 0x0080000000000000
mem[X,0x0000000080000AFC] -> 0xC593
mem[X,0x0000000080000AFE] -> 0xFFF5
[708] [M]: 0x0000000080000AFC (0xFFF5C593) xori a1, a1, -0x1
x11 <- 0xFF7FFFFFFFFFFFFF
mem[X,0x0000000080000B00] -> 0x8513
mem[X,0x0000000080000B02] -> 0x1A80
[709] [M]: 0x0000000080000B00 (0x1A808513) addi a0, ra, 0x1a8
x10 <- 0x0000000080004368
mem[X,0x0000000080000B04] -> 0x0113
mem[X,0x0000000080000B06] -> 0xFFF0
[710] [M]: 0x0000000080000B04 (0xFFF00113) addi sp, zero, -0x1
x2 <- 0xFFFFFFFFFFFFFFFF
mem[X,0x0000000080000B08] -> 0x0533
mem[X,0x0000000080000B0A] -> 0x4025
[711] [M]: 0x0000000080000B08 (0x40250533) sub a0, a0, sp
x10 <- 0x0000000080004369
mem[X,0x0000000080000B0C] -> 0x1FA3
mem[X,0x0000000080000B0E] -> 0xFEB5
[712] [M]: 0x0000000080000B0C (0xFEB51FA3) sh a1, -0x1(a0)
mem[0x0000000080004368] <- 0xFFFF
mem[X,0x0000000080000B10] -> 0x0013
mem[X,0x0000000080000B12] -> 0x0000
[713] [M]: 0x0000000080000B10 (0x00000013) addi zero, zero, 0x0
mem[X,0x0000000080000B14] -> 0x0013
mem[X,0x0000000080000B16] -> 0x0000
[714] [M]: 0x0000000080000B14 (0x00000013) addi zero, zero, 0x0
mem[X,0x0000000080000B18] -> 0x0593
mem[X,0x0000000080000B1A] -> 0x0010
[715] [M]: 0x0000000080000B18 (0x00100593) addi a1, zero, 0x1
x11 <- 0x0000000000000001
mem[X,0x0000000080000B1C] -> 0x9593
mem[X,0x0000000080000B1E] -> 0x0385
[716] [M]: 0x0000000080000B1C (0x03859593) slli a1, a1, 0x38
x11 <- 0x0100000000000000
mem[X,0x0000000080000B20] -> 0xC593
mem[X,0x0000000080000B22] -> 0xFFF5
[717] [M]: 0x0000000080000B20 (0xFFF5C593) xori a1, a1, -0x1
x11 <- 0xFEFFFFFFFFFFFFFF
mem[X,0x0000000080000B24] -> 0x8513
mem[X,0x0000000080000B26] -> 0x1B00
[718] [M]: 0x0000000080000B24 (0x1B008513) addi a0, ra, 0x1b0
x10 <- 0x0000000080004370
mem[X,0x0000000080000B28] -> 0x0113
mem[X,0x0000000080000B2A] -> 0xEFF0
[719] [M]: 0x0000000080000B28 (0xEFF00113) addi sp, zero, -0x101
x2 <- 0xFFFFFFFFFFFFFEFF
mem[X,0x0000000080000B2C] -> 0x0533
mem[X,0x0000000080000B2E] -> 0x4025
[720] [M]: 0x0000000080000B2C (0x40250533) sub a0, a0, sp
x10 <- 0x0000000080004471
mem[X,0x0000000080000B30] -> 0x1FA3
mem[X,0x0000000080000B32] -> 0xEEB5
[721] [M]: 0x0000000080000B30 (0xEEB51FA3) sh a1, -0x101(a0)
mem[0x0000000080004370] <- 0xFFFF
mem[X,0x0000000080000B34] -> 0x0013
mem[X,0x0000000080000B36] -> 0x0000
[722] [M]: 0x0000000080000B34 (0x00000013) addi zero, zero, 0x0
mem[X,0x0000000080000B38] -> 0x0013
mem[X,0x0000000080000B3A] -> 0x0000
[723] [M]: 0x0000000080000B38 (0x00000013) addi zero, zero, 0x0
mem[X,0x0000000080000B3C] -> 0x0593
mem[X,0x0000000080000B3E] -> 0x0010
[724] [M]: 0x0000000080000B3C (0x00100593) addi a1, zero, 0x1
x11 <- 0x0000000000000001
mem[X,0x0000000080000B40] -> 0x9593
mem[X,0x0000000080000B42] -> 0x0395
[725] [M]: 0x0000000080000B40 (0x03959593) slli a1, a1, 0x39
x11 <- 0x0200000000000000
mem[X,0x0000000080000B44] -> 0xC593
mem[X,0x0000000080000B46] -> 0xFFF5
[726] [M]: 0x0000000080000B44 (0xFFF5C593) xori a1, a1, -0x1
x11 <- 0xFDFFFFFFFFFFFFFF
mem[X,0x0000000080000B48] -> 0x8513
mem[X,0x0000000080000B4A] -> 0x1B80
[727] [M]: 0x0000000080000B48 (0x1B808513) addi a0, ra, 0x1b8
x10 <- 0x0000000080004378
mem[X,0x0000000080000B4C] -> 0x0113
mem[X,0x0000000080000B4E] -> 0xFF70
[728] [M]: 0x0000000080000B4C (0xFF700113) addi sp, zero, -0x9
x2 <- 0xFFFFFFFFFFFFFFF7
mem[X,0x0000000080000B50] -> 0x0533
mem[X,0x0000000080000B52] -> 0x4025
[729] [M]: 0x0000000080000B50 (0x40250533) sub a0, a0, sp
x10 <- 0x0000000080004381
mem[X,0x0000000080000B54] -> 0x1BA3
mem[X,0x0000000080000B56] -> 0xFEB5
[730] [M]: 0x0000000080000B54 (0xFEB51BA3) sh a1, -0x9(a0)
mem[0x0000000080004378] <- 0xFFFF
mem[X,0x0000000080000B58] -> 0x0013
mem[X,0x0000000080000B5A] -> 0x0000
[731] [M]: 0x0000000080000B58 (0x00000013) addi zero, zero, 0x0
mem[X,0x0000000080000B5C] -> 0x0013
mem[X,0x0000000080000B5E] -> 0x0000
[732] [M]: 0x0000000080000B5C (0x00000013) addi zero, zero, 0x0
mem[X,0x0000000080000B60] -> 0x0593
mem[X,0x0000000080000B62] -> 0x0010
[733] [M]: 0x0000000080000B60 (0x00100593) addi a1, zero, 0x1
x11 <- 0x0000000000000001
mem[X,0x0000000080000B64] -> 0x9593
mem[X,0x0000000080000B66] -> 0x03A5
[734] [M]: 0x0000000080000B64 (0x03A59593) slli a1, a1, 0x3a
x11 <- 0x0400000000000000
mem[X,0x0000000080000B68] -> 0xC593
mem[X,0x0000000080000B6A] -> 0xFFF5
[735] [M]: 0x0000000080000B68 (0xFFF5C593) xori a1, a1, -0x1
x11 <- 0xFBFFFFFFFFFFFFFF
mem[X,0x0000000080000B6C] -> 0x8513
mem[X,0x0000000080000B6E] -> 0x1C00
[736] [M]: 0x0000000080000B6C (0x1C008513) addi a0, ra, 0x1c0
x10 <- 0x0000000080004380
mem[X,0x0000000080000B70] -> 0x0113
mem[X,0x0000000080000B72] -> 0xFFD0
[737] [M]: 0x0000000080000B70 (0xFFD00113) addi sp, zero, -0x3
x2 <- 0xFFFFFFFFFFFFFFFD
mem[X,0x0000000080000B74] -> 0x0533
mem[X,0x0000000080000B76] -> 0x4025
[738] [M]: 0x0000000080000B74 (0x40250533) sub a0, a0, sp
x10 <- 0x0000000080004383
mem[X,0x0000000080000B78] -> 0x1EA3
mem[X,0x0000000080000B7A] -> 0xFEB5
[739] [M]: 0x0000000080000B78 (0xFEB51EA3) sh a1, -0x3(a0)
mem[0x0000000080004380] <- 0xFFFF
mem[X,0x0000000080000B7C] -> 0x0013
mem[X,0x0000000080000B7E] -> 0x0000
[740] [M]: 0x0000000080000B7C (0x00000013) addi zero, zero, 0x0
mem[X,0x0000000080000B80] -> 0x0013
mem[X,0x0000000080000B82] -> 0x0000
[741] [M]: 0x0000000080000B80 (0x00000013) addi zero, zero, 0x0
mem[X,0x0000000080000B84] -> 0x0593
mem[X,0x0000000080000B86] -> 0x0010
[742] [M]: 0x0000000080000B84 (0x00100593) addi a1, zero, 0x1
x11 <- 0x0000000000000001
mem[X,0x0000000080000B88] -> 0x9593
mem[X,0x0000000080000B8A] -> 0x03B5
[743] [M]: 0x0000000080000B88 (0x03B59593) slli a1, a1, 0x3b
x11 <- 0x0800000000000000
mem[X,0x0000000080000B8C] -> 0xC593
mem[X,0x0000000080000B8E] -> 0xFFF5
[744] [M]: 0x0000000080000B8C (0xFFF5C593) xori a1, a1, -0x1
x11 <- 0xF7FFFFFFFFFFFFFF
mem[X,0x0000000080000B90] -> 0x8513
mem[X,0x0000000080000B92] -> 0x1C80
[745] [M]: 0x0000000080000B90 (0x1C808513) addi a0, ra, 0x1c8
x10 <- 0x0000000080004388
mem[X,0x0000000080000B94] -> 0x0113
mem[X,0x0000000080000B96] -> 0xAAA0
[746] [M]: 0x0000000080000B94 (0xAAA00113) addi sp, zero, -0x556
x2 <- 0xFFFFFFFFFFFFFAAA
mem[X,0x0000000080000B98] -> 0x0533
mem[X,0x0000000080000B9A] -> 0x4025
[747] [M]: 0x0000000080000B98 (0x40250533) sub a0, a0, sp
x10 <- 0x00000000800048DE
mem[X,0x0000000080000B9C] -> 0x1523
mem[X,0x0000000080000B9E] -> 0xAAB5
[748] [M]: 0x0000000080000B9C (0xAAB51523) sh a1, -0x556(a0)
mem[0x0000000080004388] <- 0xFFFF
mem[X,0x0000000080000BA0] -> 0x0013
mem[X,0x0000000080000BA2] -> 0x0000
[749] [M]: 0x0000000080000BA0 (0x00000013) addi zero, zero, 0x0
mem[X,0x0000000080000BA4] -> 0x0013
mem[X,0x0000000080000BA6] -> 0x0000
[750] [M]: 0x0000000080000BA4 (0x00000013) addi zero, zero, 0x0
mem[X,0x0000000080000BA8] -> 0x0593
mem[X,0x0000000080000BAA] -> 0x0010
[751] [M]: 0x0000000080000BA8 (0x00100593) addi a1, zero, 0x1
x11 <- 0x0000000000000001
mem[X,0x0000000080000BAC] -> 0x9593
mem[X,0x0000000080000BAE] -> 0x03C5
[752] [M]: 0x0000000080000BAC (0x03C59593) slli a1, a1, 0x3c
x11 <- 0x1000000000000000
mem[X,0x0000000080000BB0] -> 0xC593
mem[X,0x0000000080000BB2] -> 0xFFF5
[753] [M]: 0x0000000080000BB0 (0xFFF5C593) xori a1, a1, -0x1
x11 <- 0xEFFFFFFFFFFFFFFF
mem[X,0x0000000080000BB4] -> 0x8513
mem[X,0x0000000080000BB6] -> 0x1D00
[754] [M]: 0x0000000080000BB4 (0x1D008513) addi a0, ra, 0x1d0
x10 <- 0x0000000080004390
mem[X,0x0000000080000BB8] -> 0x0113
mem[X,0x0000000080000BBA] -> 0xFF90
[755] [M]: 0x0000000080000BB8 (0xFF900113) addi sp, zero, -0x7
x2 <- 0xFFFFFFFFFFFFFFF9
mem[X,0x0000000080000BBC] -> 0x0533
mem[X,0x0000000080000BBE] -> 0x4025
[756] [M]: 0x0000000080000BBC (0x40250533) sub a0, a0, sp
x10 <- 0x0000000080004397
mem[X,0x0000000080000BC0] -> 0x1CA3
mem[X,0x0000000080000BC2] -> 0xFEB5
[757] [M]: 0x0000000080000BC0 (0xFEB51CA3) sh a1, -0x7(a0)
mem[0x0000000080004390] <- 0xFFFF
mem[X,0x0000000080000BC4] -> 0x0013
mem[X,0x0000000080000BC6] -> 0x0000
[758] [M]: 0x0000000080000BC4 (0x00000013) addi zero, zero, 0x0
mem[X,0x0000000080000BC8] -> 0x0013
mem[X,0x0000000080000BCA] -> 0x0000
[759] [M]: 0x0000000080000BC8 (0x00000013) addi zero, zero, 0x0
mem[X,0x0000000080000BCC] -> 0x0593
mem[X,0x0000000080000BCE] -> 0x0010
[760] [M]: 0x0000000080000BCC (0x00100593) addi a1, zero, 0x1
x11 <- 0x0000000000000001
mem[X,0x0000000080000BD0] -> 0x9593
mem[X,0x0000000080000BD2] -> 0x03D5
[761] [M]: 0x0000000080000BD0 (0x03D59593) slli a1, a1, 0x3d
x11 <- 0x2000000000000000
mem[X,0x0000000080000BD4] -> 0xC593
mem[X,0x0000000080000BD6] -> 0xFFF5
[762] [M]: 0x0000000080000BD4 (0xFFF5C593) xori a1, a1, -0x1
x11 <- 0xDFFFFFFFFFFFFFFF
mem[X,0x0000000080000BD8] -> 0x8513
mem[X,0x0000000080000BDA] -> 0x1D80
[763] [M]: 0x0000000080000BD8 (0x1D808513) addi a0, ra, 0x1d8
x10 <- 0x0000000080004398
mem[X,0x0000000080000BDC] -> 0x0113
mem[X,0x0000000080000BDE] -> 0x0030
[764] [M]: 0x0000000080000BDC (0x00300113) addi sp, zero, 0x3
x2 <- 0x0000000000000003
mem[X,0x0000000080000BE0] -> 0x0533
mem[X,0x0000000080000BE2] -> 0x4025
[765] [M]: 0x0000000080000BE0 (0x40250533) sub a0, a0, sp
x10 <- 0x0000000080004395
mem[X,0x0000000080000BE4] -> 0x11A3
mem[X,0x0000000080000BE6] -> 0x00B5
[766] [M]: 0x0000000080000BE4 (0x00B511A3) sh a1, 0x3(a0)
mem[0x0000000080004398] <- 0xFFFF
mem[X,0x0000000080000BE8] -> 0x0013
mem[X,0x0000000080000BEA] -> 0x0000
[767] [M]: 0x0000000080000BE8 (0x00000013) addi zero, zero, 0x0
mem[X,0x0000000080000BEC] -> 0x0013
mem[X,0x0000000080000BEE] -> 0x0000
[768] [M]: 0x0000000080000BEC (0x00000013) addi zero, zero, 0x0
mem[X,0x0000000080000BF0] -> 0x0593
mem[X,0x0000000080000BF2] -> 0x0010
[769] [M]: 0x0000000080000BF0 (0x00100593) addi a1, zero, 0x1
x11 <- 0x0000000000000001
mem[X,0x0000000080000BF4] -> 0x9593
mem[X,0x0000000080000BF6] -> 0x03E5
[770] [M]: 0x0000000080000BF4 (0x03E59593) slli a1, a1, 0x3e
x11 <- 0x4000000000000000
mem[X,0x0000000080000BF8] -> 0xC593
mem[X,0x0000000080000BFA] -> 0xFFF5
[771] [M]: 0x0000000080000BF8 (0xFFF5C593) xori a1, a1, -0x1
x11 <- 0xBFFFFFFFFFFFFFFF
mem[X,0x0000000080000BFC] -> 0x8513
mem[X,0x0000000080000BFE] -> 0x1E00
[772] [M]: 0x0000000080000BFC (0x1E008513) addi a0, ra, 0x1e0
x10 <- 0x00000000800043A0
mem[X,0x0000000080000C00] -> 0x0113
mem[X,0x0000000080000C02] -> 0xFFD0
[773] [M]: 0x0000000080000C00 (0xFFD00113) addi sp, zero, -0x3
x2 <- 0xFFFFFFFFFFFFFFFD
mem[X,0x0000000080000C04] -> 0x0533
mem[X,0x0000000080000C06] -> 0x4025
[774] [M]: 0x0000000080000C04 (0x40250533) sub a0, a0, sp
x10 <- 0x00000000800043A3
mem[X,0x0000000080000C08] -> 0x1EA3
mem[X,0x0000000080000C0A] -> 0xFEB5
[775] [M]: 0x0000000080000C08 (0xFEB51EA3) sh a1, -0x3(a0)
mem[0x00000000800043A0] <- 0xFFFF
mem[X,0x0000000080000C0C] -> 0x0013
mem[X,0x0000000080000C0E] -> 0x0000
[776] [M]: 0x0000000080000C0C (0x00000013) addi zero, zero, 0x0
mem[X,0x0000000080000C10] -> 0x0013
mem[X,0x0000000080000C12] -> 0x0000
[777] [M]: 0x0000000080000C10 (0x00000013) addi zero, zero, 0x0
mem[X,0x0000000080000C14] -> 0x55B7
mem[X,0x0000000080000C16] -> 0x5555
[778] [M]: 0x0000000080000C14 (0x555555B7) lui a1, 0x55555
x11 <- 0x0000000055555000
mem[X,0x0000000080000C18] -> 0x8593
mem[X,0x0000000080000C1A] -> 0x5555
[779] [M]: 0x0000000080000C18 (0x55558593) addi a1, a1, 0x555
x11 <- 0x0000000055555555
mem[X,0x0000000080000C1C] -> 0x9593
mem[X,0x0000000080000C1E] -> 0x00B5
[780] [M]: 0x0000000080000C1C (0x00B59593) slli a1, a1, 0xb
x11 <- 0x000002AAAAAAA800
mem[X,0x0000000080000C20] -> 0x8593
mem[X,0x0000000080000C22] -> 0x2AA5
[781] [M]: 0x0000000080000C20 (0x2AA58593) addi a1, a1, 0x2aa
x11 <- 0x000002AAAAAAAAAA
mem[X,0x0000000080000C24] -> 0x9593
mem[X,0x0000000080000C26] -> 0x00B5
[782] [M]: 0x0000000080000C24 (0x00B59593) slli a1, a1, 0xb
x11 <- 0x0015555555555000
mem[X,0x0000000080000C28] -> 0x8593
mem[X,0x0000000080000C2A] -> 0x5555
[783] [M]: 0x0000000080000C28 (0x55558593) addi a1, a1, 0x555
x11 <- 0x0015555555555555
mem[X,0x0000000080000C2C] -> 0x9593
mem[X,0x0000000080000C2E] -> 0x00A5
[784] [M]: 0x0000000080000C2C (0x00A59593) slli a1, a1, 0xa
x11 <- 0x5555555555555400
mem[X,0x0000000080000C30] -> 0x8593
mem[X,0x0000000080000C32] -> 0x1555
[785] [M]: 0x0000000080000C30 (0x15558593) addi a1, a1, 0x155
x11 <- 0x5555555555555555
mem[X,0x0000000080000C34] -> 0x8513
mem[X,0x0000000080000C36] -> 0x1E80
[786] [M]: 0x0000000080000C34 (0x1E808513) addi a0, ra, 0x1e8
x10 <- 0x00000000800043A8
mem[X,0x0000000080000C38] -> 0x0113
mem[X,0x0000000080000C3A] -> 0x1000
[787] [M]: 0x0000000080000C38 (0x10000113) addi sp, zero, 0x100
x2 <- 0x0000000000000100
mem[X,0x0000000080000C3C] -> 0x0533
mem[X,0x0000000080000C3E] -> 0x4025
[788] [M]: 0x0000000080000C3C (0x40250533) sub a0, a0, sp
x10 <- 0x00000000800042A8
mem[X,0x0000000080000C40] -> 0x1023
mem[X,0x0000000080000C42] -> 0x10B5
[789] [M]: 0x0000000080000C40 (0x10B51023) sh a1, 0x100(a0)
mem[0x00000000800043A8] <- 0x5555
mem[X,0x0000000080000C44] -> 0x0013
mem[X,0x0000000080000C46] -> 0x0000
[790] [M]: 0x0000000080000C44 (0x00000013) addi zero, zero, 0x0
mem[X,0x0000000080000C48] -> 0x0013
mem[X,0x0000000080000C4A] -> 0x0000
[791] [M]: 0x0000000080000C48 (0x00000013) addi zero, zero, 0x0
mem[X,0x0000000080000C4C] -> 0xB5B7
mem[X,0x0000000080000C4E] -> 0xAAAA
[792] [M]: 0x0000000080000C4C (0xAAAAB5B7) lui a1, -0x55555
x11 <- 0xFFFFFFFFAAAAB000
mem[X,0x0000000080000C50] -> 0x8593
mem[X,0x0000000080000C52] -> 0xAAA5
[793] [M]: 0x0000000080000C50 (0xAAA58593) addi a1, a1, -0x556
x11 <- 0xFFFFFFFFAAAAAAAA
mem[X,0x0000000080000C54] -> 0x9593
mem[X,0x0000000080000C56] -> 0x00B5
[794] [M]: 0x0000000080000C54 (0x00B59593) slli a1, a1, 0xb
x11 <- 0xFFFFFD5555555000
mem[X,0x0000000080000C58] -> 0x8593
mem[X,0x0000000080000C5A] -> 0x5555
[795] [M]: 0x0000000080000C58 (0x55558593) addi a1, a1, 0x555
x11 <- 0xFFFFFD5555555555
mem[X,0x0000000080000C5C] -> 0x9593
mem[X,0x0000000080000C5E] -> 0x00B5
[796] [M]: 0x0000000080000C5C (0x00B59593) slli a1, a1, 0xb
x11 <- 0xFFEAAAAAAAAAA800
mem[X,0x0000000080000C60] -> 0x8593
mem[X,0x0000000080000C62] -> 0x2AA5
[797] [M]: 0x0000000080000C60 (0x2AA58593) addi a1, a1, 0x2aa
x11 <- 0xFFEAAAAAAAAAAAAA
mem[X,0x0000000080000C64] -> 0x9593
mem[X,0x0000000080000C66] -> 0x00A5
[798] [M]: 0x0000000080000C64 (0x00A59593) slli a1, a1, 0xa
x11 <- 0xAAAAAAAAAAAAA800
mem[X,0x0000000080000C68] -> 0x8593
mem[X,0x0000000080000C6A] -> 0x2AA5
[799] [M]: 0x0000000080000C68 (0x2AA58593) addi a1, a1, 0x2aa
x11 <- 0xAAAAAAAAAAAAAAAA
clint::tick mtime <- 0x0000000000000008
 clint timer pending at mtime 0x0000000000000008
htif::tick 0x0000000000000000
mem[X,0x0000000080000C6C] -> 0x8513
mem[X,0x0000000080000C6E] -> 0x1F00
[800] [M]: 0x0000000080000C6C (0x1F008513) addi a0, ra, 0x1f0
x10 <- 0x00000000800043B0
mem[X,0x0000000080000C70] -> 0x0113
mem[X,0x0000000080000C72] -> 0x0050
[801] [M]: 0x0000000080000C70 (0x00500113) addi sp, zero, 0x5
x2 <- 0x0000000000000005
mem[X,0x0000000080000C74] -> 0x0533
mem[X,0x0000000080000C76] -> 0x4025
[802] [M]: 0x0000000080000C74 (0x40250533) sub a0, a0, sp
x10 <- 0x00000000800043AB
mem[X,0x0000000080000C78] -> 0x12A3
mem[X,0x0000000080000C7A] -> 0x00B5
[803] [M]: 0x0000000080000C78 (0x00B512A3) sh a1, 0x5(a0)
mem[0x00000000800043B0] <- 0xAAAA
mem[X,0x0000000080000C7C] -> 0x0013
mem[X,0x0000000080000C7E] -> 0x0000
[804] [M]: 0x0000000080000C7C (0x00000013) addi zero, zero, 0x0
mem[X,0x0000000080000C80] -> 0x0013
mem[X,0x0000000080000C82] -> 0x0000
[805] [M]: 0x0000000080000C80 (0x00000013) addi zero, zero, 0x0
mem[X,0x0000000080000C84] -> 0x0593
mem[X,0x0000000080000C86] -> 0xFFD0
[806] [M]: 0x0000000080000C84 (0xFFD00593) addi a1, zero, -0x3
x11 <- 0xFFFFFFFFFFFFFFFD
mem[X,0x0000000080000C88] -> 0x8513
mem[X,0x0000000080000C8A] -> 0x1F80
[807] [M]: 0x0000000080000C88 (0x1F808513) addi a0, ra, 0x1f8
x10 <- 0x00000000800043B8
mem[X,0x0000000080000C8C] -> 0x0113
mem[X,0x0000000080000C8E] -> 0xFFA0
[808] [M]: 0x0000000080000C8C (0xFFA00113) addi sp, zero, -0x6
x2 <- 0xFFFFFFFFFFFFFFFA
mem[X,0x0000000080000C90] -> 0x0533
mem[X,0x0000000080000C92] -> 0x4025
[809] [M]: 0x0000000080000C90 (0x40250533) sub a0, a0, sp
x10 <- 0x00000000800043BE
mem[X,0x0000000080000C94] -> 0x1D23
mem[X,0x0000000080000C96] -> 0xFEB5
[810] [M]: 0x0000000080000C94 (0xFEB51D23) sh a1, -0x6(a0)
mem[0x00000000800043B8] <- 0xFFFD
mem[X,0x0000000080000C98] -> 0x0013
mem[X,0x0000000080000C9A] -> 0x0000
[811] [M]: 0x0000000080000C98 (0x00000013) addi zero, zero, 0x0
mem[X,0x0000000080000C9C] -> 0x0013
mem[X,0x0000000080000C9E] -> 0x0000
[812] [M]: 0x0000000080000C9C (0x00000013) addi zero, zero, 0x0
mem[X,0x0000000080000CA0] -> 0x0593
mem[X,0x0000000080000CA2] -> 0xFFB0
[813] [M]: 0x0000000080000CA0 (0xFFB00593) addi a1, zero, -0x5
x11 <- 0xFFFFFFFFFFFFFFFB
mem[X,0x0000000080000CA4] -> 0x8513
mem[X,0x0000000080000CA6] -> 0x2000
[814] [M]: 0x0000000080000CA4 (0x20008513) addi a0, ra, 0x200
x10 <- 0x00000000800043C0
mem[X,0x0000000080000CA8] -> 0x0113
mem[X,0x0000000080000CAA] -> 0x8000
[815] [M]: 0x0000000080000CA8 (0x80000113) addi sp, zero, -0x800
x2 <- 0xFFFFFFFFFFFFF800
mem[X,0x0000000080000CAC] -> 0x0533
mem[X,0x0000000080000CAE] -> 0x4025
[816] [M]: 0x0000000080000CAC (0x40250533) sub a0, a0, sp
x10 <- 0x0000000080004BC0
mem[X,0x0000000080000CB0] -> 0x1023
mem[X,0x0000000080000CB2] -> 0x80B5
[817] [M]: 0x0000000080000CB0 (0x80B51023) sh a1, -0x800(a0)
mem[0x00000000800043C0] <- 0xFFFB
mem[X,0x0000000080000CB4] -> 0x0013
mem[X,0x0000000080000CB6] -> 0x0000
[818] [M]: 0x0000000080000CB4 (0x00000013) addi zero, zero, 0x0
mem[X,0x0000000080000CB8] -> 0x0013
mem[X,0x0000000080000CBA] -> 0x0000
[819] [M]: 0x0000000080000CB8 (0x00000013) addi zero, zero, 0x0
mem[X,0x0000000080000CBC] -> 0x0593
mem[X,0x0000000080000CBE] -> 0xFF70
[820] [M]: 0x0000000080000CBC (0xFF700593) addi a1, zero, -0x9
x11 <- 0xFFFFFFFFFFFFFFF7
mem[X,0x0000000080000CC0] -> 0x8513
mem[X,0x0000000080000CC2] -> 0x2080
[821] [M]: 0x0000000080000CC0 (0x20808513) addi a0, ra, 0x208
x10 <- 0x00000000800043C8
mem[X,0x0000000080000CC4] -> 0x0113
mem[X,0x0000000080000CC6] -> 0x0800
[822] [M]: 0x0000000080000CC4 (0x08000113) addi sp, zero, 0x80
x2 <- 0x0000000000000080
mem[X,0x0000000080000CC8] -> 0x0533
mem[X,0x0000000080000CCA] -> 0x4025
[823] [M]: 0x0000000080000CC8 (0x40250533) sub a0, a0, sp
x10 <- 0x0000000080004348
mem[X,0x0000000080000CCC] -> 0x1023
mem[X,0x0000000080000CCE] -> 0x08B5
[824] [M]: 0x0000000080000CCC (0x08B51023) sh a1, 0x80(a0)
mem[0x00000000800043C8] <- 0xFFF7
mem[X,0x0000000080000CD0] -> 0x0013
mem[X,0x0000000080000CD2] -> 0x0000
[825] [M]: 0x0000000080000CD0 (0x00000013) addi zero, zero, 0x0
mem[X,0x0000000080000CD4] -> 0x0013
mem[X,0x0000000080000CD6] -> 0x0000
[826] [M]: 0x0000000080000CD4 (0x00000013) addi zero, zero, 0x0
mem[X,0x0000000080000CD8] -> 0x0593
mem[X,0x0000000080000CDA] -> 0xFEF0
[827] [M]: 0x0000000080000CD8 (0xFEF00593) addi a1, zero, -0x11
x11 <- 0xFFFFFFFFFFFFFFEF
mem[X,0x0000000080000CDC] -> 0x8513
mem[X,0x0000000080000CDE] -> 0x2100
[828] [M]: 0x0000000080000CDC (0x21008513) addi a0, ra, 0x210
x10 <- 0x00000000800043D0
mem[X,0x0000000080000CE0] -> 0x0113
mem[X,0x0000000080000CE2] -> 0x8000
[829] [M]: 0x0000000080000CE0 (0x80000113) addi sp, zero, -0x800
x2 <- 0xFFFFFFFFFFFFF800
mem[X,0x0000000080000CE4] -> 0x0533
mem[X,0x0000000080000CE6] -> 0x4025
[830] [M]: 0x0000000080000CE4 (0x40250533) sub a0, a0, sp
x10 <- 0x0000000080004BD0
mem[X,0x0000000080000CE8] -> 0x1023
mem[X,0x0000000080000CEA] -> 0x80B5
[831] [M]: 0x0000000080000CE8 (0x80B51023) sh a1, -0x800(a0)
mem[0x00000000800043D0] <- 0xFFEF
mem[X,0x0000000080000CEC] -> 0x0013
mem[X,0x0000000080000CEE] -> 0x0000
[832] [M]: 0x0000000080000CEC (0x00000013) addi zero, zero, 0x0
mem[X,0x0000000080000CF0] -> 0x0013
mem[X,0x0000000080000CF2] -> 0x0000
[833] [M]: 0x0000000080000CF0 (0x00000013) addi zero, zero, 0x0
mem[X,0x0000000080000CF4] -> 0x0593
mem[X,0x0000000080000CF6] -> 0xFDF0
[834] [M]: 0x0000000080000CF4 (0xFDF00593) addi a1, zero, -0x21
x11 <- 0xFFFFFFFFFFFFFFDF
mem[X,0x0000000080000CF8] -> 0x8513
mem[X,0x0000000080000CFA] -> 0x2180
[835] [M]: 0x0000000080000CF8 (0x21808513) addi a0, ra, 0x218
x10 <- 0x00000000800043D8
mem[X,0x0000000080000CFC] -> 0x0113
mem[X,0x0000000080000CFE] -> 0x0400
[836] [M]: 0x0000000080000CFC (0x04000113) addi sp, zero, 0x40
x2 <- 0x0000000000000040
mem[X,0x0000000080000D00] -> 0x0533
mem[X,0x0000000080000D02] -> 0x4025
[837] [M]: 0x0000000080000D00 (0x40250533) sub a0, a0, sp
x10 <- 0x0000000080004398
mem[X,0x0000000080000D04] -> 0x1023
mem[X,0x0000000080000D06] -> 0x04B5
[838] [M]: 0x0000000080000D04 (0x04B51023) sh a1, 0x40(a0)
mem[0x00000000800043D8] <- 0xFFDF
mem[X,0x0000000080000D08] -> 0x0013
mem[X,0x0000000080000D0A] -> 0x0000
[839] [M]: 0x0000000080000D08 (0x00000013) addi zero, zero, 0x0
mem[X,0x0000000080000D0C] -> 0x0013
mem[X,0x0000000080000D0E] -> 0x0000
[840] [M]: 0x0000000080000D0C (0x00000013) addi zero, zero, 0x0
mem[X,0x0000000080000D10] -> 0x0593
mem[X,0x0000000080000D12] -> 0xFBF0
[841] [M]: 0x0000000080000D10 (0xFBF00593) addi a1, zero, -0x41
x11 <- 0xFFFFFFFFFFFFFFBF
mem[X,0x0000000080000D14] -> 0x8513
mem[X,0x0000000080000D16] -> 0x2200
[842] [M]: 0x0000000080000D14 (0x22008513) addi a0, ra, 0x220
x10 <- 0x00000000800043E0
mem[X,0x0000000080000D18] -> 0x0113
mem[X,0x0000000080000D1A] -> 0xFFC0
[843] [M]: 0x0000000080000D18 (0xFFC00113) addi sp, zero, -0x4
x2 <- 0xFFFFFFFFFFFFFFFC
mem[X,0x0000000080000D1C] -> 0x0533
mem[X,0x0000000080000D1E] -> 0x4025
[844] [M]: 0x0000000080000D1C (0x40250533) sub a0, a0, sp
x10 <- 0x00000000800043E4
mem[X,0x0000000080000D20] -> 0x1E23
mem[X,0x0000000080000D22] -> 0xFEB5
[845] [M]: 0x0000000080000D20 (0xFEB51E23) sh a1, -0x4(a0)
mem[0x00000000800043E0] <- 0xFFBF
mem[X,0x0000000080000D24] -> 0x0013
mem[X,0x0000000080000D26] -> 0x0000
[846] [M]: 0x0000000080000D24 (0x00000013) addi zero, zero, 0x0
mem[X,0x0000000080000D28] -> 0x0013
mem[X,0x0000000080000D2A] -> 0x0000
[847] [M]: 0x0000000080000D28 (0x00000013) addi zero, zero, 0x0
mem[X,0x0000000080000D2C] -> 0x0593
mem[X,0x0000000080000D2E] -> 0xF7F0
[848] [M]: 0x0000000080000D2C (0xF7F00593) addi a1, zero, -0x81
x11 <- 0xFFFFFFFFFFFFFF7F
mem[X,0x0000000080000D30] -> 0x8513
mem[X,0x0000000080000D32] -> 0x2280
[849] [M]: 0x0000000080000D30 (0x22808513) addi a0, ra, 0x228
x10 <- 0x00000000800043E8
mem[X,0x0000000080000D34] -> 0x0113
mem[X,0x0000000080000D36] -> 0x0030
[850] [M]: 0x0000000080000D34 (0x00300113) addi sp, zero, 0x3
x2 <- 0x0000000000000003
mem[X,0x0000000080000D38] -> 0x0533
mem[X,0x0000000080000D3A] -> 0x4025
[851] [M]: 0x0000000080000D38 (0x40250533) sub a0, a0, sp
x10 <- 0x00000000800043E5
mem[X,0x0000000080000D3C] -> 0x11A3
mem[X,0x0000000080000D3E] -> 0x00B5
[852] [M]: 0x0000000080000D3C (0x00B511A3) sh a1, 0x3(a0)
mem[0x00000000800043E8] <- 0xFF7F
mem[X,0x0000000080000D40] -> 0x0013
mem[X,0x0000000080000D42] -> 0x0000
[853] [M]: 0x0000000080000D40 (0x00000013) addi zero, zero, 0x0
mem[X,0x0000000080000D44] -> 0x0013
mem[X,0x0000000080000D46] -> 0x0000
[854] [M]: 0x0000000080000D44 (0x00000013) addi zero, zero, 0x0
mem[X,0x0000000080000D48] -> 0x0593
mem[X,0x0000000080000D4A] -> 0xEFF0
[855] [M]: 0x0000000080000D48 (0xEFF00593) addi a1, zero, -0x101
x11 <- 0xFFFFFFFFFFFFFEFF
mem[X,0x0000000080000D4C] -> 0x8513
mem[X,0x0000000080000D4E] -> 0x2300
[856] [M]: 0x0000000080000D4C (0x23008513) addi a0, ra, 0x230
x10 <- 0x00000000800043F0
mem[X,0x0000000080000D50] -> 0x0113
mem[X,0x0000000080000D52] -> 0xFF90
[857] [M]: 0x0000000080000D50 (0xFF900113) addi sp, zero, -0x7
x2 <- 0xFFFFFFFFFFFFFFF9
mem[X,0x0000000080000D54] -> 0x0533
mem[X,0x0000000080000D56] -> 0x4025
[858] [M]: 0x0000000080000D54 (0x40250533) sub a0, a0, sp
x10 <- 0x00000000800043F7
mem[X,0x0000000080000D58] -> 0x1CA3
mem[X,0x0000000080000D5A] -> 0xFEB5
[859] [M]: 0x0000000080000D58 (0xFEB51CA3) sh a1, -0x7(a0)
mem[0x00000000800043F0] <- 0xFEFF
mem[X,0x0000000080000D5C] -> 0x0013
mem[X,0x0000000080000D5E] -> 0x0000
[860] [M]: 0x0000000080000D5C (0x00000013) addi zero, zero, 0x0
mem[X,0x0000000080000D60] -> 0x0013
mem[X,0x0000000080000D62] -> 0x0000
[861] [M]: 0x0000000080000D60 (0x00000013) addi zero, zero, 0x0
mem[X,0x0000000080000D64] -> 0x0593
mem[X,0x0000000080000D66] -> 0xDFF0
[862] [M]: 0x0000000080000D64 (0xDFF00593) addi a1, zero, -0x201
x11 <- 0xFFFFFFFFFFFFFDFF
mem[X,0x0000000080000D68] -> 0x8513
mem[X,0x0000000080000D6A] -> 0x2380
[863] [M]: 0x0000000080000D68 (0x23808513) addi a0, ra, 0x238
x10 <- 0x00000000800043F8
mem[X,0x0000000080000D6C] -> 0x0113
mem[X,0x0000000080000D6E] -> 0x3FF0
[864] [M]: 0x0000000080000D6C (0x3FF00113) addi sp, zero, 0x3ff
x2 <- 0x00000000000003FF
mem[X,0x0000000080000D70] -> 0x0533
mem[X,0x0000000080000D72] -> 0x4025
[865] [M]: 0x0000000080000D70 (0x40250533) sub a0, a0, sp
x10 <- 0x0000000080003FF9
mem[X,0x0000000080000D74] -> 0x1FA3
mem[X,0x0000000080000D76] -> 0x3EB5
[866] [M]: 0x0000000080000D74 (0x3EB51FA3) sh a1, 0x3ff(a0)
mem[0x00000000800043F8] <- 0xFDFF
mem[X,0x0000000080000D78] -> 0x0013
mem[X,0x0000000080000D7A] -> 0x0000
[867] [M]: 0x0000000080000D78 (0x00000013) addi zero, zero, 0x0
mem[X,0x0000000080000D7C] -> 0x0013
mem[X,0x0000000080000D7E] -> 0x0000
[868] [M]: 0x0000000080000D7C (0x00000013) addi zero, zero, 0x0
mem[X,0x0000000080000D80] -> 0x0593
mem[X,0x0000000080000D82] -> 0xBFF0
[869] [M]: 0x0000000080000D80 (0xBFF00593) addi a1, zero, -0x401
x11 <- 0xFFFFFFFFFFFFFBFF
mem[X,0x0000000080000D84] -> 0x8513
mem[X,0x0000000080000D86] -> 0x2400
[870] [M]: 0x0000000080000D84 (0x24008513) addi a0, ra, 0x240
x10 <- 0x0000000080004400
mem[X,0x0000000080000D88] -> 0x0113
mem[X,0x0000000080000D8A] -> 0xC000
[871] [M]: 0x0000000080000D88 (0xC0000113) addi sp, zero, -0x400
x2 <- 0xFFFFFFFFFFFFFC00
mem[X,0x0000000080000D8C] -> 0x0533
mem[X,0x0000000080000D8E] -> 0x4025
[872] [M]: 0x0000000080000D8C (0x40250533) sub a0, a0, sp
x10 <- 0x0000000080004800
mem[X,0x0000000080000D90] -> 0x1023
mem[X,0x0000000080000D92] -> 0xC0B5
[873] [M]: 0x0000000080000D90 (0xC0B51023) sh a1, -0x400(a0)
mem[0x0000000080004400] <- 0xFBFF
mem[X,0x0000000080000D94] -> 0x0013
mem[X,0x0000000080000D96] -> 0x0000
[874] [M]: 0x0000000080000D94 (0x00000013) addi zero, zero, 0x0
mem[X,0x0000000080000D98] -> 0x0013
mem[X,0x0000000080000D9A] -> 0x0000
[875] [M]: 0x0000000080000D98 (0x00000013) addi zero, zero, 0x0
mem[X,0x0000000080000D9C] -> 0x0593
mem[X,0x0000000080000D9E] -> 0x0010
[876] [M]: 0x0000000080000D9C (0x00100593) addi a1, zero, 0x1
x11 <- 0x0000000000000001
mem[X,0x0000000080000DA0] -> 0x9593
mem[X,0x0000000080000DA2] -> 0x00B5
[877] [M]: 0x0000000080000DA0 (0x00B59593) slli a1, a1, 0xb
x11 <- 0x0000000000000800
mem[X,0x0000000080000DA4] -> 0xC593
mem[X,0x0000000080000DA6] -> 0xFFF5
[878] [M]: 0x0000000080000DA4 (0xFFF5C593) xori a1, a1, -0x1
x11 <- 0xFFFFFFFFFFFFF7FF
mem[X,0x0000000080000DA8] -> 0x8513
mem[X,0x0000000080000DAA] -> 0x2480
[879] [M]: 0x0000000080000DA8 (0x24808513) addi a0, ra, 0x248
x10 <- 0x0000000080004408
mem[X,0x0000000080000DAC] -> 0x0113
mem[X,0x0000000080000DAE] -> 0x5550
[880] [M]: 0x0000000080000DAC (0x55500113) addi sp, zero, 0x555
x2 <- 0x0000000000000555
mem[X,0x0000000080000DB0] -> 0x0533
mem[X,0x0000000080000DB2] -> 0x4025
[881] [M]: 0x0000000080000DB0 (0x40250533) sub a0, a0, sp
x10 <- 0x0000000080003EB3
mem[X,0x0000000080000DB4] -> 0x1AA3
mem[X,0x0000000080000DB6] -> 0x54B5
[882] [M]: 0x0000000080000DB4 (0x54B51AA3) sh a1, 0x555(a0)
mem[0x0000000080004408] <- 0xF7FF
mem[X,0x0000000080000DB8] -> 0x0013
mem[X,0x0000000080000DBA] -> 0x0000
[883] [M]: 0x0000000080000DB8 (0x00000013) addi zero, zero, 0x0
mem[X,0x0000000080000DBC] -> 0x0013
mem[X,0x0000000080000DBE] -> 0x0000
[884] [M]: 0x0000000080000DBC (0x00000013) addi zero, zero, 0x0
mem[X,0x0000000080000DC0] -> 0x0593
mem[X,0x0000000080000DC2] -> 0x0010
[885] [M]: 0x0000000080000DC0 (0x00100593) addi a1, zero, 0x1
x11 <- 0x0000000000000001
mem[X,0x0000000080000DC4] -> 0x9593
mem[X,0x0000000080000DC6] -> 0x00C5
[886] [M]: 0x0000000080000DC4 (0x00C59593) slli a1, a1, 0xc
x11 <- 0x0000000000001000
mem[X,0x0000000080000DC8] -> 0xC593
mem[X,0x0000000080000DCA] -> 0xFFF5
[887] [M]: 0x0000000080000DC8 (0xFFF5C593) xori a1, a1, -0x1
x11 <- 0xFFFFFFFFFFFFEFFF
mem[X,0x0000000080000DCC] -> 0x8513
mem[X,0x0000000080000DCE] -> 0x2500
[888] [M]: 0x0000000080000DCC (0x25008513) addi a0, ra, 0x250
x10 <- 0x0000000080004410
mem[X,0x0000000080000DD0] -> 0x0113
mem[X,0x0000000080000DD2] -> 0x0090
[889] [M]: 0x0000000080000DD0 (0x00900113) addi sp, zero, 0x9
x2 <- 0x0000000000000009
mem[X,0x0000000080000DD4] -> 0x0533
mem[X,0x0000000080000DD6] -> 0x4025
[890] [M]: 0x0000000080000DD4 (0x40250533) sub a0, a0, sp
x10 <- 0x0000000080004407
mem[X,0x0000000080000DD8] -> 0x14A3
mem[X,0x0000000080000DDA] -> 0x00B5
[891] [M]: 0x0000000080000DD8 (0x00B514A3) sh a1, 0x9(a0)
mem[0x0000000080004410] <- 0xEFFF
mem[X,0x0000000080000DDC] -> 0x0013
mem[X,0x0000000080000DDE] -> 0x0000
[892] [M]: 0x0000000080000DDC (0x00000013) addi zero, zero, 0x0
mem[X,0x0000000080000DE0] -> 0x0013
mem[X,0x0000000080000DE2] -> 0x0000
[893] [M]: 0x0000000080000DE0 (0x00000013) addi zero, zero, 0x0
mem[X,0x0000000080000DE4] -> 0x0593
mem[X,0x0000000080000DE6] -> 0x0010
[894] [M]: 0x0000000080000DE4 (0x00100593) addi a1, zero, 0x1
x11 <- 0x0000000000000001
mem[X,0x0000000080000DE8] -> 0x9593
mem[X,0x0000000080000DEA] -> 0x00D5
[895] [M]: 0x0000000080000DE8 (0x00D59593) slli a1, a1, 0xd
x11 <- 0x0000000000002000
mem[X,0x0000000080000DEC] -> 0xC593
mem[X,0x0000000080000DEE] -> 0xFFF5
[896] [M]: 0x0000000080000DEC (0xFFF5C593) xori a1, a1, -0x1
x11 <- 0xFFFFFFFFFFFFDFFF
mem[X,0x0000000080000DF0] -> 0x8513
mem[X,0x0000000080000DF2] -> 0x2580
[897] [M]: 0x0000000080000DF0 (0x25808513) addi a0, ra, 0x258
x10 <- 0x0000000080004418
mem[X,0x0000000080000DF4] -> 0x0113
mem[X,0x0000000080000DF6] -> 0x0800
[898] [M]: 0x0000000080000DF4 (0x08000113) addi sp, zero, 0x80
x2 <- 0x0000000000000080
mem[X,0x0000000080000DF8] -> 0x0533
mem[X,0x0000000080000DFA] -> 0x4025
[899] [M]: 0x0000000080000DF8 (0x40250533) sub a0, a0, sp
x10 <- 0x0000000080004398
clint::tick mtime <- 0x0000000000000009
 clint timer pending at mtime 0x0000000000000009
htif::tick 0x0000000000000000
mem[X,0x0000000080000DFC] -> 0x1023
mem[X,0x0000000080000DFE] -> 0x08B5
[900] [M]: 0x0000000080000DFC (0x08B51023) sh a1, 0x80(a0)
mem[0x0000000080004418] <- 0xDFFF
mem[X,0x0000000080000E00] -> 0x0013
mem[X,0x0000000080000E02] -> 0x0000
[901] [M]: 0x0000000080000E00 (0x00000013) addi zero, zero, 0x0
mem[X,0x0000000080000E04] -> 0x0013
mem[X,0x0000000080000E06] -> 0x0000
[902] [M]: 0x0000000080000E04 (0x00000013) addi zero, zero, 0x0
mem[X,0x0000000080000E08] -> 0x0593
mem[X,0x0000000080000E0A] -> 0x0010
[903] [M]: 0x0000000080000E08 (0x00100593) addi a1, zero, 0x1
x11 <- 0x0000000000000001
mem[X,0x0000000080000E0C] -> 0x9593
mem[X,0x0000000080000E0E] -> 0x00E5
[904] [M]: 0x0000000080000E0C (0x00E59593) slli a1, a1, 0xe
x11 <- 0x0000000000004000
mem[X,0x0000000080000E10] -> 0xC593
mem[X,0x0000000080000E12] -> 0xFFF5
[905] [M]: 0x0000000080000E10 (0xFFF5C593) xori a1, a1, -0x1
x11 <- 0xFFFFFFFFFFFFBFFF
mem[X,0x0000000080000E14] -> 0x8513
mem[X,0x0000000080000E16] -> 0x2600
[906] [M]: 0x0000000080000E14 (0x26008513) addi a0, ra, 0x260
x10 <- 0x0000000080004420
mem[X,0x0000000080000E18] -> 0x0113
mem[X,0x0000000080000E1A] -> 0x5550
[907] [M]: 0x0000000080000E18 (0x55500113) addi sp, zero, 0x555
x2 <- 0x0000000000000555
mem[X,0x0000000080000E1C] -> 0x0533
mem[X,0x0000000080000E1E] -> 0x4025
[908] [M]: 0x0000000080000E1C (0x40250533) sub a0, a0, sp
x10 <- 0x0000000080003ECB
mem[X,0x0000000080000E20] -> 0x1AA3
mem[X,0x0000000080000E22] -> 0x54B5
[909] [M]: 0x0000000080000E20 (0x54B51AA3) sh a1, 0x555(a0)
mem[0x0000000080004420] <- 0xBFFF
mem[X,0x0000000080000E24] -> 0x0013
mem[X,0x0000000080000E26] -> 0x0000
[910] [M]: 0x0000000080000E24 (0x00000013) addi zero, zero, 0x0
mem[X,0x0000000080000E28] -> 0x0013
mem[X,0x0000000080000E2A] -> 0x0000
[911] [M]: 0x0000000080000E28 (0x00000013) addi zero, zero, 0x0
mem[X,0x0000000080000E2C] -> 0x0593
mem[X,0x0000000080000E2E] -> 0x0010
[912] [M]: 0x0000000080000E2C (0x00100593) addi a1, zero, 0x1
x11 <- 0x0000000000000001
mem[X,0x0000000080000E30] -> 0x9593
mem[X,0x0000000080000E32] -> 0x00F5
[913] [M]: 0x0000000080000E30 (0x00F59593) slli a1, a1, 0xf
x11 <- 0x0000000000008000
mem[X,0x0000000080000E34] -> 0xC593
mem[X,0x0000000080000E36] -> 0xFFF5
[914] [M]: 0x0000000080000E34 (0xFFF5C593) xori a1, a1, -0x1
x11 <- 0xFFFFFFFFFFFF7FFF
mem[X,0x0000000080000E38] -> 0x8513
mem[X,0x0000000080000E3A] -> 0x2680
[915] [M]: 0x0000000080000E38 (0x26808513) addi a0, ra, 0x268
x10 <- 0x0000000080004428
mem[X,0x0000000080000E3C] -> 0x0113
mem[X,0x0000000080000E3E] -> 0xFF60
[916] [M]: 0x0000000080000E3C (0xFF600113) addi sp, zero, -0xa
x2 <- 0xFFFFFFFFFFFFFFF6
mem[X,0x0000000080000E40] -> 0x0533
mem[X,0x0000000080000E42] -> 0x4025
[917] [M]: 0x0000000080000E40 (0x40250533) sub a0, a0, sp
x10 <- 0x0000000080004432
mem[X,0x0000000080000E44] -> 0x1B23
mem[X,0x0000000080000E46] -> 0xFEB5
[918] [M]: 0x0000000080000E44 (0xFEB51B23) sh a1, -0xa(a0)
mem[0x0000000080004428] <- 0x7FFF
mem[X,0x0000000080000E48] -> 0x0013
mem[X,0x0000000080000E4A] -> 0x0000
[919] [M]: 0x0000000080000E48 (0x00000013) addi zero, zero, 0x0
mem[X,0x0000000080000E4C] -> 0x0013
mem[X,0x0000000080000E4E] -> 0x0000
[920] [M]: 0x0000000080000E4C (0x00000013) addi zero, zero, 0x0
mem[X,0x0000000080000E50] -> 0x0593
mem[X,0x0000000080000E52] -> 0x0010
[921] [M]: 0x0000000080000E50 (0x00100593) addi a1, zero, 0x1
x11 <- 0x0000000000000001
mem[X,0x0000000080000E54] -> 0x9593
mem[X,0x0000000080000E56] -> 0x0105
[922] [M]: 0x0000000080000E54 (0x01059593) slli a1, a1, 0x10
x11 <- 0x0000000000010000
mem[X,0x0000000080000E58] -> 0xC593
mem[X,0x0000000080000E5A] -> 0xFFF5
[923] [M]: 0x0000000080000E58 (0xFFF5C593) xori a1, a1, -0x1
x11 <- 0xFFFFFFFFFFFEFFFF
mem[X,0x0000000080000E5C] -> 0x8513
mem[X,0x0000000080000E5E] -> 0x2700
[924] [M]: 0x0000000080000E5C (0x27008513) addi a0, ra, 0x270
x10 <- 0x0000000080004430
mem[X,0x0000000080000E60] -> 0x0113
mem[X,0x0000000080000E62] -> 0x8000
[925] [M]: 0x0000000080000E60 (0x80000113) addi sp, zero, -0x800
x2 <- 0xFFFFFFFFFFFFF800
mem[X,0x0000000080000E64] -> 0x0533
mem[X,0x0000000080000E66] -> 0x4025
[926] [M]: 0x0000000080000E64 (0x40250533) sub a0, a0, sp
x10 <- 0x0000000080004C30
mem[X,0x0000000080000E68] -> 0x1023
mem[X,0x0000000080000E6A] -> 0x80B5
[927] [M]: 0x0000000080000E68 (0x80B51023) sh a1, -0x800(a0)
mem[0x0000000080004430] <- 0xFFFF
mem[X,0x0000000080000E6C] -> 0x0013
mem[X,0x0000000080000E6E] -> 0x0000
[928] [M]: 0x0000000080000E6C (0x00000013) addi zero, zero, 0x0
mem[X,0x0000000080000E70] -> 0x0013
mem[X,0x0000000080000E72] -> 0x0000
[929] [M]: 0x0000000080000E70 (0x00000013) addi zero, zero, 0x0
mem[X,0x0000000080000E74] -> 0x0593
mem[X,0x0000000080000E76] -> 0x0010
[930] [M]: 0x0000000080000E74 (0x00100593) addi a1, zero, 0x1
x11 <- 0x0000000000000001
mem[X,0x0000000080000E78] -> 0x9593
mem[X,0x0000000080000E7A] -> 0x0115
[931] [M]: 0x0000000080000E78 (0x01159593) slli a1, a1, 0x11
x11 <- 0x0000000000020000
mem[X,0x0000000080000E7C] -> 0xC593
mem[X,0x0000000080000E7E] -> 0xFFF5
[932] [M]: 0x0000000080000E7C (0xFFF5C593) xori a1, a1, -0x1
x11 <- 0xFFFFFFFFFFFDFFFF
mem[X,0x0000000080000E80] -> 0x8513
mem[X,0x0000000080000E82] -> 0x2780
[933] [M]: 0x0000000080000E80 (0x27808513) addi a0, ra, 0x278
x10 <- 0x0000000080004438
mem[X,0x0000000080000E84] -> 0x0113
mem[X,0x0000000080000E86] -> 0xFBF0
[934] [M]: 0x0000000080000E84 (0xFBF00113) addi sp, zero, -0x41
x2 <- 0xFFFFFFFFFFFFFFBF
mem[X,0x0000000080000E88] -> 0x0533
mem[X,0x0000000080000E8A] -> 0x4025
[935] [M]: 0x0000000080000E88 (0x40250533) sub a0, a0, sp
x10 <- 0x0000000080004479
mem[X,0x0000000080000E8C] -> 0x1FA3
mem[X,0x0000000080000E8E] -> 0xFAB5
[936] [M]: 0x0000000080000E8C (0xFAB51FA3) sh a1, -0x41(a0)
mem[0x0000000080004438] <- 0xFFFF
mem[X,0x0000000080000E90] -> 0x0013
mem[X,0x0000000080000E92] -> 0x0000
[937] [M]: 0x0000000080000E90 (0x00000013) addi zero, zero, 0x0
mem[X,0x0000000080000E94] -> 0x0013
mem[X,0x0000000080000E96] -> 0x0000
[938] [M]: 0x0000000080000E94 (0x00000013) addi zero, zero, 0x0
mem[X,0x0000000080000E98] -> 0x0593
mem[X,0x0000000080000E9A] -> 0x0010
[939] [M]: 0x0000000080000E98 (0x00100593) addi a1, zero, 0x1
x11 <- 0x0000000000000001
mem[X,0x0000000080000E9C] -> 0x9593
mem[X,0x0000000080000E9E] -> 0x0125
[940] [M]: 0x0000000080000E9C (0x01259593) slli a1, a1, 0x12
x11 <- 0x0000000000040000
mem[X,0x0000000080000EA0] -> 0xC593
mem[X,0x0000000080000EA2] -> 0xFFF5
[941] [M]: 0x0000000080000EA0 (0xFFF5C593) xori a1, a1, -0x1
x11 <- 0xFFFFFFFFFFFBFFFF
mem[X,0x0000000080000EA4] -> 0x8513
mem[X,0x0000000080000EA6] -> 0x2800
[942] [M]: 0x0000000080000EA4 (0x28008513) addi a0, ra, 0x280
x10 <- 0x0000000080004440
mem[X,0x0000000080000EA8] -> 0x0113
mem[X,0x0000000080000EAA] -> 0x0200
[943] [M]: 0x0000000080000EA8 (0x02000113) addi sp, zero, 0x20
x2 <- 0x0000000000000020
mem[X,0x0000000080000EAC] -> 0x0533
mem[X,0x0000000080000EAE] -> 0x4025
[944] [M]: 0x0000000080000EAC (0x40250533) sub a0, a0, sp
x10 <- 0x0000000080004420
mem[X,0x0000000080000EB0] -> 0x1023
mem[X,0x0000000080000EB2] -> 0x02B5
[945] [M]: 0x0000000080000EB0 (0x02B51023) sh a1, 0x20(a0)
mem[0x0000000080004440] <- 0xFFFF
mem[X,0x0000000080000EB4] -> 0x0013
mem[X,0x0000000080000EB6] -> 0x0000
[946] [M]: 0x0000000080000EB4 (0x00000013) addi zero, zero, 0x0
mem[X,0x0000000080000EB8] -> 0x0013
mem[X,0x0000000080000EBA] -> 0x0000
[947] [M]: 0x0000000080000EB8 (0x00000013) addi zero, zero, 0x0
mem[X,0x0000000080000EBC] -> 0x0593
mem[X,0x0000000080000EBE] -> 0x0010
[948] [M]: 0x0000000080000EBC (0x00100593) addi a1, zero, 0x1
x11 <- 0x0000000000000001
mem[X,0x0000000080000EC0] -> 0x9593
mem[X,0x0000000080000EC2] -> 0x0135
[949] [M]: 0x0000000080000EC0 (0x01359593) slli a1, a1, 0x13
x11 <- 0x0000000000080000
mem[X,0x0000000080000EC4] -> 0xC593
mem[X,0x0000000080000EC6] -> 0xFFF5
[950] [M]: 0x0000000080000EC4 (0xFFF5C593) xori a1, a1, -0x1
x11 <- 0xFFFFFFFFFFF7FFFF
mem[X,0x0000000080000EC8] -> 0x8513
mem[X,0x0000000080000ECA] -> 0x2880
[951] [M]: 0x0000000080000EC8 (0x28808513) addi a0, ra, 0x288
x10 <- 0x0000000080004448
mem[X,0x0000000080000ECC] -> 0x0113
mem[X,0x0000000080000ECE] -> 0xFF80
[952] [M]: 0x0000000080000ECC (0xFF800113) addi sp, zero, -0x8
x2 <- 0xFFFFFFFFFFFFFFF8
mem[X,0x0000000080000ED0] -> 0x0533
mem[X,0x0000000080000ED2] -> 0x4025
[953] [M]: 0x0000000080000ED0 (0x40250533) sub a0, a0, sp
x10 <- 0x0000000080004450
mem[X,0x0000000080000ED4] -> 0x1C23
mem[X,0x0000000080000ED6] -> 0xFEB5
[954] [M]: 0x0000000080000ED4 (0xFEB51C23) sh a1, -0x8(a0)
mem[0x0000000080004448] <- 0xFFFF
mem[X,0x0000000080000ED8] -> 0x0013
mem[X,0x0000000080000EDA] -> 0x0000
[955] [M]: 0x0000000080000ED8 (0x00000013) addi zero, zero, 0x0
mem[X,0x0000000080000EDC] -> 0x0013
mem[X,0x0000000080000EDE] -> 0x0000
[956] [M]: 0x0000000080000EDC (0x00000013) addi zero, zero, 0x0
mem[X,0x0000000080000EE0] -> 0x0593
mem[X,0x0000000080000EE2] -> 0x0010
[957] [M]: 0x0000000080000EE0 (0x00100593) addi a1, zero, 0x1
x11 <- 0x0000000000000001
mem[X,0x0000000080000EE4] -> 0x9593
mem[X,0x0000000080000EE6] -> 0x0145
[958] [M]: 0x0000000080000EE4 (0x01459593) slli a1, a1, 0x14
x11 <- 0x0000000000100000
mem[X,0x0000000080000EE8] -> 0xC593
mem[X,0x0000000080000EEA] -> 0xFFF5
[959] [M]: 0x0000000080000EE8 (0xFFF5C593) xori a1, a1, -0x1
x11 <- 0xFFFFFFFFFFEFFFFF
mem[X,0x0000000080000EEC] -> 0x8513
mem[X,0x0000000080000EEE] -> 0x2900
[960] [M]: 0x0000000080000EEC (0x29008513) addi a0, ra, 0x290
x10 <- 0x0000000080004450
mem[X,0x0000000080000EF0] -> 0x0113
mem[X,0x0000000080000EF2] -> 0x5550
[961] [M]: 0x0000000080000EF0 (0x55500113) addi sp, zero, 0x555
x2 <- 0x0000000000000555
mem[X,0x0000000080000EF4] -> 0x0533
mem[X,0x0000000080000EF6] -> 0x4025
[962] [M]: 0x0000000080000EF4 (0x40250533) sub a0, a0, sp
x10 <- 0x0000000080003EFB
mem[X,0x0000000080000EF8] -> 0x1AA3
mem[X,0x0000000080000EFA] -> 0x54B5
[963] [M]: 0x0000000080000EF8 (0x54B51AA3) sh a1, 0x555(a0)
mem[0x0000000080004450] <- 0xFFFF
mem[X,0x0000000080000EFC] -> 0x0013
mem[X,0x0000000080000EFE] -> 0x0000
[964] [M]: 0x0000000080000EFC (0x00000013) addi zero, zero, 0x0
mem[X,0x0000000080000F00] -> 0x0013
mem[X,0x0000000080000F02] -> 0x0000
[965] [M]: 0x0000000080000F00 (0x00000013) addi zero, zero, 0x0
mem[X,0x0000000080000F04] -> 0x0593
mem[X,0x0000000080000F06] -> 0x0010
[966] [M]: 0x0000000080000F04 (0x00100593) addi a1, zero, 0x1
x11 <- 0x0000000000000001
mem[X,0x0000000080000F08] -> 0x9593
mem[X,0x0000000080000F0A] -> 0x0155
[967] [M]: 0x0000000080000F08 (0x01559593) slli a1, a1, 0x15
x11 <- 0x0000000000200000
mem[X,0x0000000080000F0C] -> 0xC593
mem[X,0x0000000080000F0E] -> 0xFFF5
[968] [M]: 0x0000000080000F0C (0xFFF5C593) xori a1, a1, -0x1
x11 <- 0xFFFFFFFFFFDFFFFF
mem[X,0x0000000080000F10] -> 0x8513
mem[X,0x0000000080000F12] -> 0x2980
[969] [M]: 0x0000000080000F10 (0x29808513) addi a0, ra, 0x298
x10 <- 0x0000000080004458
mem[X,0x0000000080000F14] -> 0x0113
mem[X,0x0000000080000F16] -> 0x0030
[970] [M]: 0x0000000080000F14 (0x00300113) addi sp, zero, 0x3
x2 <- 0x0000000000000003
mem[X,0x0000000080000F18] -> 0x0533
mem[X,0x0000000080000F1A] -> 0x4025
[971] [M]: 0x0000000080000F18 (0x40250533) sub a0, a0, sp
x10 <- 0x0000000080004455
mem[X,0x0000000080000F1C] -> 0x11A3
mem[X,0x0000000080000F1E] -> 0x00B5
[972] [M]: 0x0000000080000F1C (0x00B511A3) sh a1, 0x3(a0)
mem[0x0000000080004458] <- 0xFFFF
mem[X,0x0000000080000F20] -> 0x0013
mem[X,0x0000000080000F22] -> 0x0000
[973] [M]: 0x0000000080000F20 (0x00000013) addi zero, zero, 0x0
mem[X,0x0000000080000F24] -> 0x0013
mem[X,0x0000000080000F26] -> 0x0000
[974] [M]: 0x0000000080000F24 (0x00000013) addi zero, zero, 0x0
mem[X,0x0000000080000F28] -> 0x0593
mem[X,0x0000000080000F2A] -> 0x0010
[975] [M]: 0x0000000080000F28 (0x00100593) addi a1, zero, 0x1
x11 <- 0x0000000000000001
mem[X,0x0000000080000F2C] -> 0x9593
mem[X,0x0000000080000F2E] -> 0x0165
[976] [M]: 0x0000000080000F2C (0x01659593) slli a1, a1, 0x16
x11 <- 0x0000000000400000
mem[X,0x0000000080000F30] -> 0xC593
mem[X,0x0000000080000F32] -> 0xFFF5
[977] [M]: 0x0000000080000F30 (0xFFF5C593) xori a1, a1, -0x1
x11 <- 0xFFFFFFFFFFBFFFFF
mem[X,0x0000000080000F34] -> 0x8513
mem[X,0x0000000080000F36] -> 0x2A00
[978] [M]: 0x0000000080000F34 (0x2A008513) addi a0, ra, 0x2a0
x10 <- 0x0000000080004460
mem[X,0x0000000080000F38] -> 0x0113
mem[X,0x0000000080000F3A] -> 0x0050
[979] [M]: 0x0000000080000F38 (0x00500113) addi sp, zero, 0x5
x2 <- 0x0000000000000005
mem[X,0x0000000080000F3C] -> 0x0533
mem[X,0x0000000080000F3E] -> 0x4025
[980] [M]: 0x0000000080000F3C (0x40250533) sub a0, a0, sp
x10 <- 0x000000008000445B
mem[X,0x0000000080000F40] -> 0x12A3
mem[X,0x0000000080000F42] -> 0x00B5
[981] [M]: 0x0000000080000F40 (0x00B512A3) sh a1, 0x5(a0)
mem[0x0000000080004460] <- 0xFFFF
mem[X,0x0000000080000F44] -> 0x0013
mem[X,0x0000000080000F46] -> 0x0000
[982] [M]: 0x0000000080000F44 (0x00000013) addi zero, zero, 0x0
mem[X,0x0000000080000F48] -> 0x0013
mem[X,0x0000000080000F4A] -> 0x0000
[983] [M]: 0x0000000080000F48 (0x00000013) addi zero, zero, 0x0
mem[X,0x0000000080000F4C] -> 0x0593
mem[X,0x0000000080000F4E] -> 0x0010
[984] [M]: 0x0000000080000F4C (0x00100593) addi a1, zero, 0x1
x11 <- 0x0000000000000001
mem[X,0x0000000080000F50] -> 0x9593
mem[X,0x0000000080000F52] -> 0x0175
[985] [M]: 0x0000000080000F50 (0x01759593) slli a1, a1, 0x17
x11 <- 0x0000000000800000
mem[X,0x0000000080000F54] -> 0xC593
mem[X,0x0000000080000F56] -> 0xFFF5
[986] [M]: 0x0000000080000F54 (0xFFF5C593) xori a1, a1, -0x1
x11 <- 0xFFFFFFFFFF7FFFFF
mem[X,0x0000000080000F58] -> 0x8513
mem[X,0x0000000080000F5A] -> 0x2A80
[987] [M]: 0x0000000080000F58 (0x2A808513) addi a0, ra, 0x2a8
x10 <- 0x0000000080004468
mem[X,0x0000000080000F5C] -> 0x0113
mem[X,0x0000000080000F5E] -> 0x0030
[988] [M]: 0x0000000080000F5C (0x00300113) addi sp, zero, 0x3
x2 <- 0x0000000000000003
mem[X,0x0000000080000F60] -> 0x0533
mem[X,0x0000000080000F62] -> 0x4025
[989] [M]: 0x0000000080000F60 (0x40250533) sub a0, a0, sp
x10 <- 0x0000000080004465
mem[X,0x0000000080000F64] -> 0x11A3
mem[X,0x0000000080000F66] -> 0x00B5
[990] [M]: 0x0000000080000F64 (0x00B511A3) sh a1, 0x3(a0)
mem[0x0000000080004468] <- 0xFFFF
mem[X,0x0000000080000F68] -> 0x0013
mem[X,0x0000000080000F6A] -> 0x0000
[991] [M]: 0x0000000080000F68 (0x00000013) addi zero, zero, 0x0
mem[X,0x0000000080000F6C] -> 0x0013
mem[X,0x0000000080000F6E] -> 0x0000
[992] [M]: 0x0000000080000F6C (0x00000013) addi zero, zero, 0x0
mem[X,0x0000000080000F70] -> 0x0593
mem[X,0x0000000080000F72] -> 0x0010
[993] [M]: 0x0000000080000F70 (0x00100593) addi a1, zero, 0x1
x11 <- 0x0000000000000001
mem[X,0x0000000080000F74] -> 0x9593
mem[X,0x0000000080000F76] -> 0x0185
[994] [M]: 0x0000000080000F74 (0x01859593) slli a1, a1, 0x18
x11 <- 0x0000000001000000
mem[X,0x0000000080000F78] -> 0xC593
mem[X,0x0000000080000F7A] -> 0xFFF5
[995] [M]: 0x0000000080000F78 (0xFFF5C593) xori a1, a1, -0x1
x11 <- 0xFFFFFFFFFEFFFFFF
mem[X,0x0000000080000F7C] -> 0x8513
mem[X,0x0000000080000F7E] -> 0x2B00
[996] [M]: 0x0000000080000F7C (0x2B008513) addi a0, ra, 0x2b0
x10 <- 0x0000000080004470
mem[X,0x0000000080000F80] -> 0x0113
mem[X,0x0000000080000F82] -> 0xFBF0
[997] [M]: 0x0000000080000F80 (0xFBF00113) addi sp, zero, -0x41
x2 <- 0xFFFFFFFFFFFFFFBF
mem[X,0x0000000080000F84] -> 0x0533
mem[X,0x0000000080000F86] -> 0x4025
[998] [M]: 0x0000000080000F84 (0x40250533) sub a0, a0, sp
x10 <- 0x00000000800044B1
mem[X,0x0000000080000F88] -> 0x1FA3
mem[X,0x0000000080000F8A] -> 0xFAB5
[999] [M]: 0x0000000080000F88 (0xFAB51FA3) sh a1, -0x41(a0)
mem[0x0000000080004470] <- 0xFFFF
clint::tick mtime <- 0x000000000000000A
 clint timer pending at mtime 0x000000000000000A
htif::tick 0x0000000000000000
mem[X,0x0000000080000F8C] -> 0x0013
mem[X,0x0000000080000F8E] -> 0x0000
[1000] [M]: 0x0000000080000F8C (0x00000013) addi zero, zero, 0x0
mem[X,0x0000000080000F90] -> 0x0013
mem[X,0x0000000080000F92] -> 0x0000
[1001] [M]: 0x0000000080000F90 (0x00000013) addi zero, zero, 0x0
mem[X,0x0000000080000F94] -> 0x0593
mem[X,0x0000000080000F96] -> 0x0010
[1002] [M]: 0x0000000080000F94 (0x00100593) addi a1, zero, 0x1
x11 <- 0x0000000000000001
mem[X,0x0000000080000F98] -> 0x9593
mem[X,0x0000000080000F9A] -> 0x0195
[1003] [M]: 0x0000000080000F98 (0x01959593) slli a1, a1, 0x19
x11 <- 0x0000000002000000
mem[X,0x0000000080000F9C] -> 0xC593
mem[X,0x0000000080000F9E] -> 0xFFF5
[1004] [M]: 0x0000000080000F9C (0xFFF5C593) xori a1, a1, -0x1
x11 <- 0xFFFFFFFFFDFFFFFF
mem[X,0x0000000080000FA0] -> 0x8513
mem[X,0x0000000080000FA2] -> 0x2B80
[1005] [M]: 0x0000000080000FA0 (0x2B808513) addi a0, ra, 0x2b8
x10 <- 0x0000000080004478
mem[X,0x0000000080000FA4] -> 0x0113
mem[X,0x0000000080000FA6] -> 0x8000
[1006] [M]: 0x0000000080000FA4 (0x80000113) addi sp, zero, -0x800
x2 <- 0xFFFFFFFFFFFFF800
mem[X,0x0000000080000FA8] -> 0x0533
mem[X,0x0000000080000FAA] -> 0x4025
[1007] [M]: 0x0000000080000FA8 (0x40250533) sub a0, a0, sp
x10 <- 0x0000000080004C78
mem[X,0x0000000080000FAC] -> 0x1023
mem[X,0x0000000080000FAE] -> 0x80B5
[1008] [M]: 0x0000000080000FAC (0x80B51023) sh a1, -0x800(a0)
mem[0x0000000080004478] <- 0xFFFF
mem[X,0x0000000080000FB0] -> 0x0013
mem[X,0x0000000080000FB2] -> 0x0000
[1009] [M]: 0x0000000080000FB0 (0x00000013) addi zero, zero, 0x0
mem[X,0x0000000080000FB4] -> 0x0013
mem[X,0x0000000080000FB6] -> 0x0000
[1010] [M]: 0x0000000080000FB4 (0x00000013) addi zero, zero, 0x0
mem[X,0x0000000080000FB8] -> 0x0593
mem[X,0x0000000080000FBA] -> 0x0010
[1011] [M]: 0x0000000080000FB8 (0x00100593) addi a1, zero, 0x1
x11 <- 0x0000000000000001
mem[X,0x0000000080000FBC] -> 0x9593
mem[X,0x0000000080000FBE] -> 0x01A5
[1012] [M]: 0x0000000080000FBC (0x01A59593) slli a1, a1, 0x1a
x11 <- 0x0000000004000000
mem[X,0x0000000080000FC0] -> 0xC593
mem[X,0x0000000080000FC2] -> 0xFFF5
[1013] [M]: 0x0000000080000FC0 (0xFFF5C593) xori a1, a1, -0x1
x11 <- 0xFFFFFFFFFBFFFFFF
mem[X,0x0000000080000FC4] -> 0x8513
mem[X,0x0000000080000FC6] -> 0x2C00
[1014] [M]: 0x0000000080000FC4 (0x2C008513) addi a0, ra, 0x2c0
x10 <- 0x0000000080004480
mem[X,0x0000000080000FC8] -> 0x0113
mem[X,0x0000000080000FCA] -> 0x0060
[1015] [M]: 0x0000000080000FC8 (0x00600113) addi sp, zero, 0x6
x2 <- 0x0000000000000006
mem[X,0x0000000080000FCC] -> 0x0533
mem[X,0x0000000080000FCE] -> 0x4025
[1016] [M]: 0x0000000080000FCC (0x40250533) sub a0, a0, sp
x10 <- 0x000000008000447A
mem[X,0x0000000080000FD0] -> 0x1323
mem[X,0x0000000080000FD2] -> 0x00B5
[1017] [M]: 0x0000000080000FD0 (0x00B51323) sh a1, 0x6(a0)
mem[0x0000000080004480] <- 0xFFFF
mem[X,0x0000000080000FD4] -> 0x0013
mem[X,0x0000000080000FD6] -> 0x0000
[1018] [M]: 0x0000000080000FD4 (0x00000013) addi zero, zero, 0x0
mem[X,0x0000000080000FD8] -> 0x0013
mem[X,0x0000000080000FDA] -> 0x0000
[1019] [M]: 0x0000000080000FD8 (0x00000013) addi zero, zero, 0x0
mem[X,0x0000000080000FDC] -> 0x0593
mem[X,0x0000000080000FDE] -> 0x0010
[1020] [M]: 0x0000000080000FDC (0x00100593) addi a1, zero, 0x1
x11 <- 0x0000000000000001
mem[X,0x0000000080000FE0] -> 0x9593
mem[X,0x0000000080000FE2] -> 0x01B5
[1021] [M]: 0x0000000080000FE0 (0x01B59593) slli a1, a1, 0x1b
x11 <- 0x0000000008000000
mem[X,0x0000000080000FE4] -> 0xC593
mem[X,0x0000000080000FE6] -> 0xFFF5
[1022] [M]: 0x0000000080000FE4 (0xFFF5C593) xori a1, a1, -0x1
x11 <- 0xFFFFFFFFF7FFFFFF
mem[X,0x0000000080000FE8] -> 0x8513
mem[X,0x0000000080000FEA] -> 0x2C80
[1023] [M]: 0x0000000080000FE8 (0x2C808513) addi a0, ra, 0x2c8
x10 <- 0x0000000080004488
mem[X,0x0000000080000FEC] -> 0x0113
mem[X,0x0000000080000FEE] -> 0x0010
[1024] [M]: 0x0000000080000FEC (0x00100113) addi sp, zero, 0x1
x2 <- 0x0000000000000001
mem[X,0x0000000080000FF0] -> 0x0533
mem[X,0x0000000080000FF2] -> 0x4025
[1025] [M]: 0x0000000080000FF0 (0x40250533) sub a0, a0, sp
x10 <- 0x0000000080004487
mem[X,0x0000000080000FF4] -> 0x10A3
mem[X,0x0000000080000FF6] -> 0x00B5
[1026] [M]: 0x0000000080000FF4 (0x00B510A3) sh a1, 0x1(a0)
mem[0x0000000080004488] <- 0xFFFF
mem[X,0x0000000080000FF8] -> 0x0013
mem[X,0x0000000080000FFA] -> 0x0000
[1027] [M]: 0x0000000080000FF8 (0x00000013) addi zero, zero, 0x0
mem[X,0x0000000080000FFC] -> 0x0013
mem[X,0x0000000080000FFE] -> 0x0000
[1028] [M]: 0x0000000080000FFC (0x00000013) addi zero, zero, 0x0
mem[X,0x0000000080001000] -> 0x0593
mem[X,0x0000000080001002] -> 0x0010
[1029] [M]: 0x0000000080001000 (0x00100593) addi a1, zero, 0x1
x11 <- 0x0000000000000001
mem[X,0x0000000080001004] -> 0x9593
mem[X,0x0000000080001006] -> 0x01C5
[1030] [M]: 0x0000000080001004 (0x01C59593) slli a1, a1, 0x1c
x11 <- 0x0000000010000000
mem[X,0x0000000080001008] -> 0xC593
mem[X,0x000000008000100A] -> 0xFFF5
[1031] [M]: 0x0000000080001008 (0xFFF5C593) xori a1, a1, -0x1
x11 <- 0xFFFFFFFFEFFFFFFF
mem[X,0x000000008000100C] -> 0x8513
mem[X,0x000000008000100E] -> 0x2D00
[1032] [M]: 0x000000008000100C (0x2D008513) addi a0, ra, 0x2d0
x10 <- 0x0000000080004490
mem[X,0x0000000080001010] -> 0x0113
mem[X,0x0000000080001012] -> 0x3FF0
[1033] [M]: 0x0000000080001010 (0x3FF00113) addi sp, zero, 0x3ff
x2 <- 0x00000000000003FF
mem[X,0x0000000080001014] -> 0x0533
mem[X,0x0000000080001016] -> 0x4025
[1034] [M]: 0x0000000080001014 (0x40250533) sub a0, a0, sp
x10 <- 0x0000000080004091
mem[X,0x0000000080001018] -> 0x1FA3
mem[X,0x000000008000101A] -> 0x3EB5
[1035] [M]: 0x0000000080001018 (0x3EB51FA3) sh a1, 0x3ff(a0)
mem[0x0000000080004490] <- 0xFFFF
mem[X,0x000000008000101C] -> 0x0013
mem[X,0x000000008000101E] -> 0x0000
[1036] [M]: 0x000000008000101C (0x00000013) addi zero, zero, 0x0
mem[X,0x0000000080001020] -> 0x0013
mem[X,0x0000000080001022] -> 0x0000
[1037] [M]: 0x0000000080001020 (0x00000013) addi zero, zero, 0x0
mem[X,0x0000000080001024] -> 0x0593
mem[X,0x0000000080001026] -> 0x0010
[1038] [M]: 0x0000000080001024 (0x00100593) addi a1, zero, 0x1
x11 <- 0x0000000000000001
mem[X,0x0000000080001028] -> 0x9593
mem[X,0x000000008000102A] -> 0x01D5
[1039] [M]: 0x0000000080001028 (0x01D59593) slli a1, a1, 0x1d
x11 <- 0x0000000020000000
mem[X,0x000000008000102C] -> 0xC593
mem[X,0x000000008000102E] -> 0xFFF5
[1040] [M]: 0x000000008000102C (0xFFF5C593) xori a1, a1, -0x1
x11 <- 0xFFFFFFFFDFFFFFFF
mem[X,0x0000000080001030] -> 0x8513
mem[X,0x0000000080001032] -> 0x2D80
[1041] [M]: 0x0000000080001030 (0x2D808513) addi a0, ra, 0x2d8
x10 <- 0x0000000080004498
mem[X,0x0000000080001034] -> 0x0113
mem[X,0x0000000080001036] -> 0xFFE0
[1042] [M]: 0x0000000080001034 (0xFFE00113) addi sp, zero, -0x2
x2 <- 0xFFFFFFFFFFFFFFFE
mem[X,0x0000000080001038] -> 0x0533
mem[X,0x000000008000103A] -> 0x4025
[1043] [M]: 0x0000000080001038 (0x40250533) sub a0, a0, sp
x10 <- 0x000000008000449A
mem[X,0x000000008000103C] -> 0x1F23
mem[X,0x000000008000103E] -> 0xFEB5
[1044] [M]: 0x000000008000103C (0xFEB51F23) sh a1, -0x2(a0)
mem[0x0000000080004498] <- 0xFFFF
mem[X,0x0000000080001040] -> 0x0013
mem[X,0x0000000080001042] -> 0x0000
[1045] [M]: 0x0000000080001040 (0x00000013) addi zero, zero, 0x0
mem[X,0x0000000080001044] -> 0x0013
mem[X,0x0000000080001046] -> 0x0000
[1046] [M]: 0x0000000080001044 (0x00000013) addi zero, zero, 0x0
mem[X,0x0000000080001048] -> 0x0593
mem[X,0x000000008000104A] -> 0x0010
[1047] [M]: 0x0000000080001048 (0x00100593) addi a1, zero, 0x1
x11 <- 0x0000000000000001
mem[X,0x000000008000104C] -> 0x9593
mem[X,0x000000008000104E] -> 0x01E5
[1048] [M]: 0x000000008000104C (0x01E59593) slli a1, a1, 0x1e
x11 <- 0x0000000040000000
mem[X,0x0000000080001050] -> 0xC593
mem[X,0x0000000080001052] -> 0xFFF5
[1049] [M]: 0x0000000080001050 (0xFFF5C593) xori a1, a1, -0x1
x11 <- 0xFFFFFFFFBFFFFFFF
mem[X,0x0000000080001054] -> 0x8513
mem[X,0x0000000080001056] -> 0x2E00
[1050] [M]: 0x0000000080001054 (0x2E008513) addi a0, ra, 0x2e0
x10 <- 0x00000000800044A0
mem[X,0x0000000080001058] -> 0x0113
mem[X,0x000000008000105A] -> 0x0020
[1051] [M]: 0x0000000080001058 (0x00200113) addi sp, zero, 0x2
x2 <- 0x0000000000000002
mem[X,0x000000008000105C] -> 0x0533
mem[X,0x000000008000105E] -> 0x4025
[1052] [M]: 0x000000008000105C (0x40250533) sub a0, a0, sp
x10 <- 0x000000008000449E
mem[X,0x0000000080001060] -> 0x1123
mem[X,0x0000000080001062] -> 0x00B5
[1053] [M]: 0x0000000080001060 (0x00B51123) sh a1, 0x2(a0)
mem[0x00000000800044A0] <- 0xFFFF
mem[X,0x0000000080001064] -> 0x0013
mem[X,0x0000000080001066] -> 0x0000
[1054] [M]: 0x0000000080001064 (0x00000013) addi zero, zero, 0x0
mem[X,0x0000000080001068] -> 0x0013
mem[X,0x000000008000106A] -> 0x0000
[1055] [M]: 0x0000000080001068 (0x00000013) addi zero, zero, 0x0
mem[X,0x000000008000106C] -> 0x0593
mem[X,0x000000008000106E] -> 0x0010
[1056] [M]: 0x000000008000106C (0x00100593) addi a1, zero, 0x1
x11 <- 0x0000000000000001
mem[X,0x0000000080001070] -> 0x9593
mem[X,0x0000000080001072] -> 0x01F5
[1057] [M]: 0x0000000080001070 (0x01F59593) slli a1, a1, 0x1f
x11 <- 0x0000000080000000
mem[X,0x0000000080001074] -> 0xC593
mem[X,0x0000000080001076] -> 0xFFF5
[1058] [M]: 0x0000000080001074 (0xFFF5C593) xori a1, a1, -0x1
x11 <- 0xFFFFFFFF7FFFFFFF
mem[X,0x0000000080001078] -> 0x8513
mem[X,0x000000008000107A] -> 0x2E80
[1059] [M]: 0x0000000080001078 (0x2E808513) addi a0, ra, 0x2e8
x10 <- 0x00000000800044A8
mem[X,0x000000008000107C] -> 0x0113
mem[X,0x000000008000107E] -> 0xFFC0
[1060] [M]: 0x000000008000107C (0xFFC00113) addi sp, zero, -0x4
x2 <- 0xFFFFFFFFFFFFFFFC
mem[X,0x0000000080001080] -> 0x0533
mem[X,0x0000000080001082] -> 0x4025
[1061] [M]: 0x0000000080001080 (0x40250533) sub a0, a0, sp
x10 <- 0x00000000800044AC
mem[X,0x0000000080001084] -> 0x1E23
mem[X,0x0000000080001086] -> 0xFEB5
[1062] [M]: 0x0000000080001084 (0xFEB51E23) sh a1, -0x4(a0)
mem[0x00000000800044A8] <- 0xFFFF
mem[X,0x0000000080001088] -> 0x0013
mem[X,0x000000008000108A] -> 0x0000
[1063] [M]: 0x0000000080001088 (0x00000013) addi zero, zero, 0x0
mem[X,0x000000008000108C] -> 0x0013
mem[X,0x000000008000108E] -> 0x0000
[1064] [M]: 0x000000008000108C (0x00000013) addi zero, zero, 0x0
mem[X,0x0000000080001090] -> 0x0593
mem[X,0x0000000080001092] -> 0x0010
[1065] [M]: 0x0000000080001090 (0x00100593) addi a1, zero, 0x1
x11 <- 0x0000000000000001
mem[X,0x0000000080001094] -> 0x9593
mem[X,0x0000000080001096] -> 0x0205
[1066] [M]: 0x0000000080001094 (0x02059593) slli a1, a1, 0x20
x11 <- 0x0000000100000000
mem[X,0x0000000080001098] -> 0xC593
mem[X,0x000000008000109A] -> 0xFFF5
[1067] [M]: 0x0000000080001098 (0xFFF5C593) xori a1, a1, -0x1
x11 <- 0xFFFFFFFEFFFFFFFF
mem[X,0x000000008000109C] -> 0x8513
mem[X,0x000000008000109E] -> 0x2F00
[1068] [M]: 0x000000008000109C (0x2F008513) addi a0, ra, 0x2f0
x10 <- 0x00000000800044B0
mem[X,0x00000000800010A0] -> 0x0113
mem[X,0x00000000800010A2] -> 0x2000
[1069] [M]: 0x00000000800010A0 (0x20000113) addi sp, zero, 0x200
x2 <- 0x0000000000000200
mem[X,0x00000000800010A4] -> 0x0533
mem[X,0x00000000800010A6] -> 0x4025
[1070] [M]: 0x00000000800010A4 (0x40250533) sub a0, a0, sp
x10 <- 0x00000000800042B0
mem[X,0x00000000800010A8] -> 0x1023
mem[X,0x00000000800010AA] -> 0x20B5
[1071] [M]: 0x00000000800010A8 (0x20B51023) sh a1, 0x200(a0)
mem[0x00000000800044B0] <- 0xFFFF
mem[X,0x00000000800010AC] -> 0x0013
mem[X,0x00000000800010AE] -> 0x0000
[1072] [M]: 0x00000000800010AC (0x00000013) addi zero, zero, 0x0
mem[X,0x00000000800010B0] -> 0x0013
mem[X,0x00000000800010B2] -> 0x0000
[1073] [M]: 0x00000000800010B0 (0x00000013) addi zero, zero, 0x0
mem[X,0x00000000800010B4] -> 0x0593
mem[X,0x00000000800010B6] -> 0x0010
[1074] [M]: 0x00000000800010B4 (0x00100593) addi a1, zero, 0x1
x11 <- 0x0000000000000001
mem[X,0x00000000800010B8] -> 0x9593
mem[X,0x00000000800010BA] -> 0x0215
[1075] [M]: 0x00000000800010B8 (0x02159593) slli a1, a1, 0x21
x11 <- 0x0000000200000000
mem[X,0x00000000800010BC] -> 0xC593
mem[X,0x00000000800010BE] -> 0xFFF5
[1076] [M]: 0x00000000800010BC (0xFFF5C593) xori a1, a1, -0x1
x11 <- 0xFFFFFFFDFFFFFFFF
mem[X,0x00000000800010C0] -> 0x8513
mem[X,0x00000000800010C2] -> 0x2F80
[1077] [M]: 0x00000000800010C0 (0x2F808513) addi a0, ra, 0x2f8
x10 <- 0x00000000800044B8
mem[X,0x00000000800010C4] -> 0x0113
mem[X,0x00000000800010C6] -> 0x0070
[1078] [M]: 0x00000000800010C4 (0x00700113) addi sp, zero, 0x7
x2 <- 0x0000000000000007
mem[X,0x00000000800010C8] -> 0x0533
mem[X,0x00000000800010CA] -> 0x4025
[1079] [M]: 0x00000000800010C8 (0x40250533) sub a0, a0, sp
x10 <- 0x00000000800044B1
mem[X,0x00000000800010CC] -> 0x13A3
mem[X,0x00000000800010CE] -> 0x00B5
[1080] [M]: 0x00000000800010CC (0x00B513A3) sh a1, 0x7(a0)
mem[0x00000000800044B8] <- 0xFFFF
mem[X,0x00000000800010D0] -> 0x0013
mem[X,0x00000000800010D2] -> 0x0000
[1081] [M]: 0x00000000800010D0 (0x00000013) addi zero, zero, 0x0
mem[X,0x00000000800010D4] -> 0x0013
mem[X,0x00000000800010D6] -> 0x0000
[1082] [M]: 0x00000000800010D4 (0x00000013) addi zero, zero, 0x0
mem[X,0x00000000800010D8] -> 0x0593
mem[X,0x00000000800010DA] -> 0x0010
[1083] [M]: 0x00000000800010D8 (0x00100593) addi a1, zero, 0x1
x11 <- 0x0000000000000001
mem[X,0x00000000800010DC] -> 0x9593
mem[X,0x00000000800010DE] -> 0x0225
[1084] [M]: 0x00000000800010DC (0x02259593) slli a1, a1, 0x22
x11 <- 0x0000000400000000
mem[X,0x00000000800010E0] -> 0xC593
mem[X,0x00000000800010E2] -> 0xFFF5
[1085] [M]: 0x00000000800010E0 (0xFFF5C593) xori a1, a1, -0x1
x11 <- 0xFFFFFFFBFFFFFFFF
mem[X,0x00000000800010E4] -> 0x8513
mem[X,0x00000000800010E6] -> 0x3000
[1086] [M]: 0x00000000800010E4 (0x30008513) addi a0, ra, 0x300
x10 <- 0x00000000800044C0
mem[X,0x00000000800010E8] -> 0x0113
mem[X,0x00000000800010EA] -> 0x0000
[1087] [M]: 0x00000000800010E8 (0x00000113) addi sp, zero, 0x0
x2 <- 0x0000000000000000
mem[X,0x00000000800010EC] -> 0x0533
mem[X,0x00000000800010EE] -> 0x4025
[1088] [M]: 0x00000000800010EC (0x40250533) sub a0, a0, sp
x10 <- 0x00000000800044C0
mem[X,0x00000000800010F0] -> 0x1023
mem[X,0x00000000800010F2] -> 0x00B5
[1089] [M]: 0x00000000800010F0 (0x00B51023) sh a1, 0x0(a0)
mem[0x00000000800044C0] <- 0xFFFF
mem[X,0x00000000800010F4] -> 0x0013
mem[X,0x00000000800010F6] -> 0x0000
[1090] [M]: 0x00000000800010F4 (0x00000013) addi zero, zero, 0x0
mem[X,0x00000000800010F8] -> 0x0013
mem[X,0x00000000800010FA] -> 0x0000
[1091] [M]: 0x00000000800010F8 (0x00000013) addi zero, zero, 0x0
mem[X,0x00000000800010FC] -> 0x0593
mem[X,0x00000000800010FE] -> 0x0010
[1092] [M]: 0x00000000800010FC (0x00100593) addi a1, zero, 0x1
x11 <- 0x0000000000000001
mem[X,0x0000000080001100] -> 0x9593
mem[X,0x0000000080001102] -> 0x0235
[1093] [M]: 0x0000000080001100 (0x02359593) slli a1, a1, 0x23
x11 <- 0x0000000800000000
mem[X,0x0000000080001104] -> 0xC593
mem[X,0x0000000080001106] -> 0xFFF5
[1094] [M]: 0x0000000080001104 (0xFFF5C593) xori a1, a1, -0x1
x11 <- 0xFFFFFFF7FFFFFFFF
mem[X,0x0000000080001108] -> 0x8513
mem[X,0x000000008000110A] -> 0x3080
[1095] [M]: 0x0000000080001108 (0x30808513) addi a0, ra, 0x308
x10 <- 0x00000000800044C8
mem[X,0x000000008000110C] -> 0x0113
mem[X,0x000000008000110E] -> 0xFBF0
[1096] [M]: 0x000000008000110C (0xFBF00113) addi sp, zero, -0x41
x2 <- 0xFFFFFFFFFFFFFFBF
mem[X,0x0000000080001110] -> 0x0533
mem[X,0x0000000080001112] -> 0x4025
[1097] [M]: 0x0000000080001110 (0x40250533) sub a0, a0, sp
x10 <- 0x0000000080004509
mem[X,0x0000000080001114] -> 0x1FA3
mem[X,0x0000000080001116] -> 0xFAB5
[1098] [M]: 0x0000000080001114 (0xFAB51FA3) sh a1, -0x41(a0)
mem[0x00000000800044C8] <- 0xFFFF
mem[X,0x0000000080001118] -> 0x0013
mem[X,0x000000008000111A] -> 0x0000
[1099] [M]: 0x0000000080001118 (0x00000013) addi zero, zero, 0x0
clint::tick mtime <- 0x000000000000000B
 clint timer pending at mtime 0x000000000000000B
htif::tick 0x0000000000000000
mem[X,0x000000008000111C] -> 0x0013
mem[X,0x000000008000111E] -> 0x0000
[1100] [M]: 0x000000008000111C (0x00000013) addi zero, zero, 0x0
mem[X,0x0000000080001120] -> 0x0593
mem[X,0x0000000080001122] -> 0x0010
[1101] [M]: 0x0000000080001120 (0x00100593) addi a1, zero, 0x1
x11 <- 0x0000000000000001
mem[X,0x0000000080001124] -> 0x9593
mem[X,0x0000000080001126] -> 0x0245
[1102] [M]: 0x0000000080001124 (0x02459593) slli a1, a1, 0x24
x11 <- 0x0000001000000000
mem[X,0x0000000080001128] -> 0xC593
mem[X,0x000000008000112A] -> 0xFFF5
[1103] [M]: 0x0000000080001128 (0xFFF5C593) xori a1, a1, -0x1
x11 <- 0xFFFFFFEFFFFFFFFF
mem[X,0x000000008000112C] -> 0x8513
mem[X,0x000000008000112E] -> 0x3100
[1104] [M]: 0x000000008000112C (0x31008513) addi a0, ra, 0x310
x10 <- 0x00000000800044D0
mem[X,0x0000000080001130] -> 0x0113
mem[X,0x0000000080001132] -> 0xFFD0
[1105] [M]: 0x0000000080001130 (0xFFD00113) addi sp, zero, -0x3
x2 <- 0xFFFFFFFFFFFFFFFD
mem[X,0x0000000080001134] -> 0x0533
mem[X,0x0000000080001136] -> 0x4025
[1106] [M]: 0x0000000080001134 (0x40250533) sub a0, a0, sp
x10 <- 0x00000000800044D3
mem[X,0x0000000080001138] -> 0x1EA3
mem[X,0x000000008000113A] -> 0xFEB5
[1107] [M]: 0x0000000080001138 (0xFEB51EA3) sh a1, -0x3(a0)
mem[0x00000000800044D0] <- 0xFFFF
mem[X,0x000000008000113C] -> 0x0013
mem[X,0x000000008000113E] -> 0x0000
[1108] [M]: 0x000000008000113C (0x00000013) addi zero, zero, 0x0
mem[X,0x0000000080001140] -> 0x0013
mem[X,0x0000000080001142] -> 0x0000
[1109] [M]: 0x0000000080001140 (0x00000013) addi zero, zero, 0x0
mem[X,0x0000000080001144] -> 0x0593
mem[X,0x0000000080001146] -> 0x0010
[1110] [M]: 0x0000000080001144 (0x00100593) addi a1, zero, 0x1
x11 <- 0x0000000000000001
mem[X,0x0000000080001148] -> 0x9593
mem[X,0x000000008000114A] -> 0x0255
[1111] [M]: 0x0000000080001148 (0x02559593) slli a1, a1, 0x25
x11 <- 0x0000002000000000
mem[X,0x000000008000114C] -> 0xC593
mem[X,0x000000008000114E] -> 0xFFF5
[1112] [M]: 0x000000008000114C (0xFFF5C593) xori a1, a1, -0x1
x11 <- 0xFFFFFFDFFFFFFFFF
mem[X,0x0000000080001150] -> 0x8513
mem[X,0x0000000080001152] -> 0x3180
[1113] [M]: 0x0000000080001150 (0x31808513) addi a0, ra, 0x318
x10 <- 0x00000000800044D8
mem[X,0x0000000080001154] -> 0x0113
mem[X,0x0000000080001156] -> 0xC000
[1114] [M]: 0x0000000080001154 (0xC0000113) addi sp, zero, -0x400
x2 <- 0xFFFFFFFFFFFFFC00
mem[X,0x0000000080001158] -> 0x0533
mem[X,0x000000008000115A] -> 0x4025
[1115] [M]: 0x0000000080001158 (0x40250533) sub a0, a0, sp
x10 <- 0x00000000800048D8
mem[X,0x000000008000115C] -> 0x1023
mem[X,0x000000008000115E] -> 0xC0B5
[1116] [M]: 0x000000008000115C (0xC0B51023) sh a1, -0x400(a0)
mem[0x00000000800044D8] <- 0xFFFF
mem[X,0x0000000080001160] -> 0x0013
mem[X,0x0000000080001162] -> 0x0000
[1117] [M]: 0x0000000080001160 (0x00000013) addi zero, zero, 0x0
mem[X,0x0000000080001164] -> 0x0013
mem[X,0x0000000080001166] -> 0x0000
[1118] [M]: 0x0000000080001164 (0x00000013) addi zero, zero, 0x0
mem[X,0x0000000080001168] -> 0x0593
mem[X,0x000000008000116A] -> 0x0010
[1119] [M]: 0x0000000080001168 (0x00100593) addi a1, zero, 0x1
x11 <- 0x0000000000000001
mem[X,0x000000008000116C] -> 0x9593
mem[X,0x000000008000116E] -> 0x0265
[1120] [M]: 0x000000008000116C (0x02659593) slli a1, a1, 0x26
x11 <- 0x0000004000000000
mem[X,0x0000000080001170] -> 0xC593
mem[X,0x0000000080001172] -> 0xFFF5
[1121] [M]: 0x0000000080001170 (0xFFF5C593) xori a1, a1, -0x1
x11 <- 0xFFFFFFBFFFFFFFFF
mem[X,0x0000000080001174] -> 0x8513
mem[X,0x0000000080001176] -> 0x3200
[1122] [M]: 0x0000000080001174 (0x32008513) addi a0, ra, 0x320
x10 <- 0x00000000800044E0
mem[X,0x0000000080001178] -> 0x0113
mem[X,0x000000008000117A] -> 0x3FF0
[1123] [M]: 0x0000000080001178 (0x3FF00113) addi sp, zero, 0x3ff
x2 <- 0x00000000000003FF
mem[X,0x000000008000117C] -> 0x0533
mem[X,0x000000008000117E] -> 0x4025
[1124] [M]: 0x000000008000117C (0x40250533) sub a0, a0, sp
x10 <- 0x00000000800040E1
mem[X,0x0000000080001180] -> 0x1FA3
mem[X,0x0000000080001182] -> 0x3EB5
[1125] [M]: 0x0000000080001180 (0x3EB51FA3) sh a1, 0x3ff(a0)
mem[0x00000000800044E0] <- 0xFFFF
mem[X,0x0000000080001184] -> 0x0013
mem[X,0x0000000080001186] -> 0x0000
[1126] [M]: 0x0000000080001184 (0x00000013) addi zero, zero, 0x0
mem[X,0x0000000080001188] -> 0x0013
mem[X,0x000000008000118A] -> 0x0000
[1127] [M]: 0x0000000080001188 (0x00000013) addi zero, zero, 0x0
mem[X,0x000000008000118C] -> 0x0593
mem[X,0x000000008000118E] -> 0x0010
[1128] [M]: 0x000000008000118C (0x00100593) addi a1, zero, 0x1
x11 <- 0x0000000000000001
mem[X,0x0000000080001190] -> 0x9593
mem[X,0x0000000080001192] -> 0x0275
[1129] [M]: 0x0000000080001190 (0x02759593) slli a1, a1, 0x27
x11 <- 0x0000008000000000
mem[X,0x0000000080001194] -> 0xC593
mem[X,0x0000000080001196] -> 0xFFF5
[1130] [M]: 0x0000000080001194 (0xFFF5C593) xori a1, a1, -0x1
x11 <- 0xFFFFFF7FFFFFFFFF
mem[X,0x0000000080001198] -> 0x8513
mem[X,0x000000008000119A] -> 0x3280
[1131] [M]: 0x0000000080001198 (0x32808513) addi a0, ra, 0x328
x10 <- 0x00000000800044E8
mem[X,0x000000008000119C] -> 0x0113
mem[X,0x000000008000119E] -> 0xFF70
[1132] [M]: 0x000000008000119C (0xFF700113) addi sp, zero, -0x9
x2 <- 0xFFFFFFFFFFFFFFF7
mem[X,0x00000000800011A0] -> 0x0533
mem[X,0x00000000800011A2] -> 0x4025
[1133] [M]: 0x00000000800011A0 (0x40250533) sub a0, a0, sp
x10 <- 0x00000000800044F1
mem[X,0x00000000800011A4] -> 0x1BA3
mem[X,0x00000000800011A6] -> 0xFEB5
[1134] [M]: 0x00000000800011A4 (0xFEB51BA3) sh a1, -0x9(a0)
mem[0x00000000800044E8] <- 0xFFFF
mem[X,0x00000000800011A8] -> 0x0013
mem[X,0x00000000800011AA] -> 0x0000
[1135] [M]: 0x00000000800011A8 (0x00000013) addi zero, zero, 0x0
mem[X,0x00000000800011AC] -> 0x0013
mem[X,0x00000000800011AE] -> 0x0000
[1136] [M]: 0x00000000800011AC (0x00000013) addi zero, zero, 0x0
mem[X,0x00000000800011B0] -> 0x0593
mem[X,0x00000000800011B2] -> 0x0010
[1137] [M]: 0x00000000800011B0 (0x00100593) addi a1, zero, 0x1
x11 <- 0x0000000000000001
mem[X,0x00000000800011B4] -> 0x9593
mem[X,0x00000000800011B6] -> 0x0285
[1138] [M]: 0x00000000800011B4 (0x02859593) slli a1, a1, 0x28
x11 <- 0x0000010000000000
mem[X,0x00000000800011B8] -> 0xC593
mem[X,0x00000000800011BA] -> 0xFFF5
[1139] [M]: 0x00000000800011B8 (0xFFF5C593) xori a1, a1, -0x1
x11 <- 0xFFFFFEFFFFFFFFFF
mem[X,0x00000000800011BC] -> 0x8513
mem[X,0x00000000800011BE] -> 0x3300
[1140] [M]: 0x00000000800011BC (0x33008513) addi a0, ra, 0x330
x10 <- 0x00000000800044F0
mem[X,0x00000000800011C0] -> 0x0113
mem[X,0x00000000800011C2] -> 0xBFF0
[1141] [M]: 0x00000000800011C0 (0xBFF00113) addi sp, zero, -0x401
x2 <- 0xFFFFFFFFFFFFFBFF
mem[X,0x00000000800011C4] -> 0x0533
mem[X,0x00000000800011C6] -> 0x4025
[1142] [M]: 0x00000000800011C4 (0x40250533) sub a0, a0, sp
x10 <- 0x00000000800048F1
mem[X,0x00000000800011C8] -> 0x1FA3
mem[X,0x00000000800011CA] -> 0xBEB5
[1143] [M]: 0x00000000800011C8 (0xBEB51FA3) sh a1, -0x401(a0)
mem[0x00000000800044F0] <- 0xFFFF
mem[X,0x00000000800011CC] -> 0x0013
mem[X,0x00000000800011CE] -> 0x0000
[1144] [M]: 0x00000000800011CC (0x00000013) addi zero, zero, 0x0
mem[X,0x00000000800011D0] -> 0x0013
mem[X,0x00000000800011D2] -> 0x0000
[1145] [M]: 0x00000000800011D0 (0x00000013) addi zero, zero, 0x0
mem[X,0x00000000800011D4] -> 0x0593
mem[X,0x00000000800011D6] -> 0x0010
[1146] [M]: 0x00000000800011D4 (0x00100593) addi a1, zero, 0x1
x11 <- 0x0000000000000001
mem[X,0x00000000800011D8] -> 0x9593
mem[X,0x00000000800011DA] -> 0x0295
[1147] [M]: 0x00000000800011D8 (0x02959593) slli a1, a1, 0x29
x11 <- 0x0000020000000000
mem[X,0x00000000800011DC] -> 0xC593
mem[X,0x00000000800011DE] -> 0xFFF5
[1148] [M]: 0x00000000800011DC (0xFFF5C593) xori a1, a1, -0x1
x11 <- 0xFFFFFDFFFFFFFFFF
mem[X,0x00000000800011E0] -> 0x8513
mem[X,0x00000000800011E2] -> 0x3380
[1149] [M]: 0x00000000800011E0 (0x33808513) addi a0, ra, 0x338
x10 <- 0x00000000800044F8
mem[X,0x00000000800011E4] -> 0x0113
mem[X,0x00000000800011E6] -> 0x0050
[1150] [M]: 0x00000000800011E4 (0x00500113) addi sp, zero, 0x5
x2 <- 0x0000000000000005
mem[X,0x00000000800011E8] -> 0x0533
mem[X,0x00000000800011EA] -> 0x4025
[1151] [M]: 0x00000000800011E8 (0x40250533) sub a0, a0, sp
x10 <- 0x00000000800044F3
mem[X,0x00000000800011EC] -> 0x12A3
mem[X,0x00000000800011EE] -> 0x00B5
[1152] [M]: 0x00000000800011EC (0x00B512A3) sh a1, 0x5(a0)
mem[0x00000000800044F8] <- 0xFFFF
mem[X,0x00000000800011F0] -> 0x0013
mem[X,0x00000000800011F2] -> 0x0000
[1153] [M]: 0x00000000800011F0 (0x00000013) addi zero, zero, 0x0
mem[X,0x00000000800011F4] -> 0x0013
mem[X,0x00000000800011F6] -> 0x0000
[1154] [M]: 0x00000000800011F4 (0x00000013) addi zero, zero, 0x0
mem[X,0x00000000800011F8] -> 0x0593
mem[X,0x00000000800011FA] -> 0x0010
[1155] [M]: 0x00000000800011F8 (0x00100593) addi a1, zero, 0x1
x11 <- 0x0000000000000001
mem[X,0x00000000800011FC] -> 0x9593
mem[X,0x00000000800011FE] -> 0x02B5
[1156] [M]: 0x00000000800011FC (0x02B59593) slli a1, a1, 0x2b
x11 <- 0x0000080000000000
mem[X,0x0000000080001200] -> 0xC593
mem[X,0x0000000080001202] -> 0xFFF5
[1157] [M]: 0x0000000080001200 (0xFFF5C593) xori a1, a1, -0x1
x11 <- 0xFFFFF7FFFFFFFFFF
mem[X,0x0000000080001204] -> 0x8513
mem[X,0x0000000080001206] -> 0x3400
[1158] [M]: 0x0000000080001204 (0x34008513) addi a0, ra, 0x340
x10 <- 0x0000000080004500
mem[X,0x0000000080001208] -> 0x0113
mem[X,0x000000008000120A] -> 0x0080
[1159] [M]: 0x0000000080001208 (0x00800113) addi sp, zero, 0x8
x2 <- 0x0000000000000008
mem[X,0x000000008000120C] -> 0x0533
mem[X,0x000000008000120E] -> 0x4025
[1160] [M]: 0x000000008000120C (0x40250533) sub a0, a0, sp
x10 <- 0x00000000800044F8
mem[X,0x0000000080001210] -> 0x1423
mem[X,0x0000000080001212] -> 0x00B5
[1161] [M]: 0x0000000080001210 (0x00B51423) sh a1, 0x8(a0)
mem[0x0000000080004500] <- 0xFFFF
mem[X,0x0000000080001214] -> 0x0013
mem[X,0x0000000080001216] -> 0x0000
[1162] [M]: 0x0000000080001214 (0x00000013) addi zero, zero, 0x0
mem[X,0x0000000080001218] -> 0x0013
mem[X,0x000000008000121A] -> 0x0000
[1163] [M]: 0x0000000080001218 (0x00000013) addi zero, zero, 0x0
mem[X,0x000000008000121C] -> 0x0593
mem[X,0x000000008000121E] -> 0x0010
[1164] [M]: 0x000000008000121C (0x00100593) addi a1, zero, 0x1
x11 <- 0x0000000000000001
mem[X,0x0000000080001220] -> 0x9593
mem[X,0x0000000080001222] -> 0x02C5
[1165] [M]: 0x0000000080001220 (0x02C59593) slli a1, a1, 0x2c
x11 <- 0x0000100000000000
mem[X,0x0000000080001224] -> 0xC593
mem[X,0x0000000080001226] -> 0xFFF5
[1166] [M]: 0x0000000080001224 (0xFFF5C593) xori a1, a1, -0x1
x11 <- 0xFFFFEFFFFFFFFFFF
mem[X,0x0000000080001228] -> 0x8513
mem[X,0x000000008000122A] -> 0x3480
[1167] [M]: 0x0000000080001228 (0x34808513) addi a0, ra, 0x348
x10 <- 0x0000000080004508
mem[X,0x000000008000122C] -> 0x0113
mem[X,0x000000008000122E] -> 0xBFF0
[1168] [M]: 0x000000008000122C (0xBFF00113) addi sp, zero, -0x401
x2 <- 0xFFFFFFFFFFFFFBFF
mem[X,0x0000000080001230] -> 0x0533
mem[X,0x0000000080001232] -> 0x4025
[1169] [M]: 0x0000000080001230 (0x40250533) sub a0, a0, sp
x10 <- 0x0000000080004909
mem[X,0x0000000080001234] -> 0x1FA3
mem[X,0x0000000080001236] -> 0xBEB5
[1170] [M]: 0x0000000080001234 (0xBEB51FA3) sh a1, -0x401(a0)
mem[0x0000000080004508] <- 0xFFFF
mem[X,0x0000000080001238] -> 0x0013
mem[X,0x000000008000123A] -> 0x0000
[1171] [M]: 0x0000000080001238 (0x00000013) addi zero, zero, 0x0
mem[X,0x000000008000123C] -> 0x0013
mem[X,0x000000008000123E] -> 0x0000
[1172] [M]: 0x000000008000123C (0x00000013) addi zero, zero, 0x0
mem[X,0x0000000080001240] -> 0x0593
mem[X,0x0000000080001242] -> 0x0010
[1173] [M]: 0x0000000080001240 (0x00100593) addi a1, zero, 0x1
x11 <- 0x0000000000000001
mem[X,0x0000000080001244] -> 0x9593
mem[X,0x0000000080001246] -> 0x02D5
[1174] [M]: 0x0000000080001244 (0x02D59593) slli a1, a1, 0x2d
x11 <- 0x0000200000000000
mem[X,0x0000000080001248] -> 0xC593
mem[X,0x000000008000124A] -> 0xFFF5
[1175] [M]: 0x0000000080001248 (0xFFF5C593) xori a1, a1, -0x1
x11 <- 0xFFFFDFFFFFFFFFFF
mem[X,0x000000008000124C] -> 0x8513
mem[X,0x000000008000124E] -> 0x3500
[1176] [M]: 0x000000008000124C (0x35008513) addi a0, ra, 0x350
x10 <- 0x0000000080004510
mem[X,0x0000000080001250] -> 0x0113
mem[X,0x0000000080001252] -> 0xFF60
[1177] [M]: 0x0000000080001250 (0xFF600113) addi sp, zero, -0xa
x2 <- 0xFFFFFFFFFFFFFFF6
mem[X,0x0000000080001254] -> 0x0533
mem[X,0x0000000080001256] -> 0x4025
[1178] [M]: 0x0000000080001254 (0x40250533) sub a0, a0, sp
x10 <- 0x000000008000451A
mem[X,0x0000000080001258] -> 0x1B23
mem[X,0x000000008000125A] -> 0xFEB5
[1179] [M]: 0x0000000080001258 (0xFEB51B23) sh a1, -0xa(a0)
mem[0x0000000080004510] <- 0xFFFF
mem[X,0x000000008000125C] -> 0x0013
mem[X,0x000000008000125E] -> 0x0000
[1180] [M]: 0x000000008000125C (0x00000013) addi zero, zero, 0x0
mem[X,0x0000000080001260] -> 0x0013
mem[X,0x0000000080001262] -> 0x0000
[1181] [M]: 0x0000000080001260 (0x00000013) addi zero, zero, 0x0
mem[X,0x0000000080001264] -> 0x0593
mem[X,0x0000000080001266] -> 0x0010
[1182] [M]: 0x0000000080001264 (0x00100593) addi a1, zero, 0x1
x11 <- 0x0000000000000001
mem[X,0x0000000080001268] -> 0x9593
mem[X,0x000000008000126A] -> 0x02E5
[1183] [M]: 0x0000000080001268 (0x02E59593) slli a1, a1, 0x2e
x11 <- 0x0000400000000000
mem[X,0x000000008000126C] -> 0xC593
mem[X,0x000000008000126E] -> 0xFFF5
[1184] [M]: 0x000000008000126C (0xFFF5C593) xori a1, a1, -0x1
x11 <- 0xFFFFBFFFFFFFFFFF
mem[X,0x0000000080001270] -> 0x8513
mem[X,0x0000000080001272] -> 0x3580
[1185] [M]: 0x0000000080001270 (0x35808513) addi a0, ra, 0x358
x10 <- 0x0000000080004518
mem[X,0x0000000080001274] -> 0x0113
mem[X,0x0000000080001276] -> 0x0800
[1186] [M]: 0x0000000080001274 (0x08000113) addi sp, zero, 0x80
x2 <- 0x0000000000000080
mem[X,0x0000000080001278] -> 0x0533
mem[X,0x000000008000127A] -> 0x4025
[1187] [M]: 0x0000000080001278 (0x40250533) sub a0, a0, sp
x10 <- 0x0000000080004498
mem[X,0x000000008000127C] -> 0x1023
mem[X,0x000000008000127E] -> 0x08B5
[1188] [M]: 0x000000008000127C (0x08B51023) sh a1, 0x80(a0)
mem[0x0000000080004518] <- 0xFFFF
mem[X,0x0000000080001280] -> 0x0013
mem[X,0x0000000080001282] -> 0x0000
[1189] [M]: 0x0000000080001280 (0x00000013) addi zero, zero, 0x0
mem[X,0x0000000080001284] -> 0x0013
mem[X,0x0000000080001286] -> 0x0000
[1190] [M]: 0x0000000080001284 (0x00000013) addi zero, zero, 0x0
mem[X,0x0000000080001288] -> 0x0593
mem[X,0x000000008000128A] -> 0x0010
[1191] [M]: 0x0000000080001288 (0x00100593) addi a1, zero, 0x1
x11 <- 0x0000000000000001
mem[X,0x000000008000128C] -> 0x9593
mem[X,0x000000008000128E] -> 0x02F5
[1192] [M]: 0x000000008000128C (0x02F59593) slli a1, a1, 0x2f
x11 <- 0x0000800000000000
mem[X,0x0000000080001290] -> 0xC593
mem[X,0x0000000080001292] -> 0xFFF5
[1193] [M]: 0x0000000080001290 (0xFFF5C593) xori a1, a1, -0x1
x11 <- 0xFFFF7FFFFFFFFFFF
mem[X,0x0000000080001294] -> 0x8513
mem[X,0x0000000080001296] -> 0x3600
[1194] [M]: 0x0000000080001294 (0x36008513) addi a0, ra, 0x360
x10 <- 0x0000000080004520
mem[X,0x0000000080001298] -> 0x0113
mem[X,0x000000008000129A] -> 0xFF70
[1195] [M]: 0x0000000080001298 (0xFF700113) addi sp, zero, -0x9
x2 <- 0xFFFFFFFFFFFFFFF7
mem[X,0x000000008000129C] -> 0x0533
mem[X,0x000000008000129E] -> 0x4025
[1196] [M]: 0x000000008000129C (0x40250533) sub a0, a0, sp
x10 <- 0x0000000080004529
mem[X,0x00000000800012A0] -> 0x1BA3
mem[X,0x00000000800012A2] -> 0xFEB5
[1197] [M]: 0x00000000800012A0 (0xFEB51BA3) sh a1, -0x9(a0)
mem[0x0000000080004520] <- 0xFFFF
mem[X,0x00000000800012A4] -> 0x0013
mem[X,0x00000000800012A6] -> 0x0000
[1198] [M]: 0x00000000800012A4 (0x00000013) addi zero, zero, 0x0
mem[X,0x00000000800012A8] -> 0x0013
mem[X,0x00000000800012AA] -> 0x0000
[1199] [M]: 0x00000000800012A8 (0x00000013) addi zero, zero, 0x0
clint::tick mtime <- 0x000000000000000C
 clint timer pending at mtime 0x000000000000000C
htif::tick 0x0000000000000000
mem[X,0x00000000800012AC] -> 0x0593
mem[X,0x00000000800012AE] -> 0x0010
[1200] [M]: 0x00000000800012AC (0x00100593) addi a1, zero, 0x1
x11 <- 0x0000000000000001
mem[X,0x00000000800012B0] -> 0x9593
mem[X,0x00000000800012B2] -> 0x0305
[1201] [M]: 0x00000000800012B0 (0x03059593) slli a1, a1, 0x30
x11 <- 0x0001000000000000
mem[X,0x00000000800012B4] -> 0xC593
mem[X,0x00000000800012B6] -> 0xFFF5
[1202] [M]: 0x00000000800012B4 (0xFFF5C593) xori a1, a1, -0x1
x11 <- 0xFFFEFFFFFFFFFFFF
mem[X,0x00000000800012B8] -> 0x8513
mem[X,0x00000000800012BA] -> 0x3680
[1203] [M]: 0x00000000800012B8 (0x36808513) addi a0, ra, 0x368
x10 <- 0x0000000080004528
mem[X,0x00000000800012BC] -> 0x0113
mem[X,0x00000000800012BE] -> 0x0060
[1204] [M]: 0x00000000800012BC (0x00600113) addi sp, zero, 0x6
x2 <- 0x0000000000000006
mem[X,0x00000000800012C0] -> 0x0533
mem[X,0x00000000800012C2] -> 0x4025
[1205] [M]: 0x00000000800012C0 (0x40250533) sub a0, a0, sp
x10 <- 0x0000000080004522
mem[X,0x00000000800012C4] -> 0x1323
mem[X,0x00000000800012C6] -> 0x00B5
[1206] [M]: 0x00000000800012C4 (0x00B51323) sh a1, 0x6(a0)
mem[0x0000000080004528] <- 0xFFFF
mem[X,0x00000000800012C8] -> 0x0013
mem[X,0x00000000800012CA] -> 0x0000
[1207] [M]: 0x00000000800012C8 (0x00000013) addi zero, zero, 0x0
mem[X,0x00000000800012CC] -> 0x0013
mem[X,0x00000000800012CE] -> 0x0000
[1208] [M]: 0x00000000800012CC (0x00000013) addi zero, zero, 0x0
mem[X,0x00000000800012D0] -> 0x0593
mem[X,0x00000000800012D2] -> 0x0010
[1209] [M]: 0x00000000800012D0 (0x00100593) addi a1, zero, 0x1
x11 <- 0x0000000000000001
mem[X,0x00000000800012D4] -> 0x9593
mem[X,0x00000000800012D6] -> 0x0315
[1210] [M]: 0x00000000800012D4 (0x03159593) slli a1, a1, 0x31
x11 <- 0x0002000000000000
mem[X,0x00000000800012D8] -> 0xC593
mem[X,0x00000000800012DA] -> 0xFFF5
[1211] [M]: 0x00000000800012D8 (0xFFF5C593) xori a1, a1, -0x1
x11 <- 0xFFFDFFFFFFFFFFFF
mem[X,0x00000000800012DC] -> 0x8513
mem[X,0x00000000800012DE] -> 0x3700
[1212] [M]: 0x00000000800012DC (0x37008513) addi a0, ra, 0x370
x10 <- 0x0000000080004530
mem[X,0x00000000800012E0] -> 0x0113
mem[X,0x00000000800012E2] -> 0x2000
[1213] [M]: 0x00000000800012E0 (0x20000113) addi sp, zero, 0x200
x2 <- 0x0000000000000200
mem[X,0x00000000800012E4] -> 0x0533
mem[X,0x00000000800012E6] -> 0x4025
[1214] [M]: 0x00000000800012E4 (0x40250533) sub a0, a0, sp
x10 <- 0x0000000080004330
mem[X,0x00000000800012E8] -> 0x1023
mem[X,0x00000000800012EA] -> 0x20B5
[1215] [M]: 0x00000000800012E8 (0x20B51023) sh a1, 0x200(a0)
mem[0x0000000080004530] <- 0xFFFF
mem[X,0x00000000800012EC] -> 0x0013
mem[X,0x00000000800012EE] -> 0x0000
[1216] [M]: 0x00000000800012EC (0x00000013) addi zero, zero, 0x0
mem[X,0x00000000800012F0] -> 0x0013
mem[X,0x00000000800012F2] -> 0x0000
[1217] [M]: 0x00000000800012F0 (0x00000013) addi zero, zero, 0x0
mem[X,0x00000000800012F4] -> 0x0593
mem[X,0x00000000800012F6] -> 0xFFE0
[1218] [M]: 0x00000000800012F4 (0xFFE00593) addi a1, zero, -0x2
x11 <- 0xFFFFFFFFFFFFFFFE
mem[X,0x00000000800012F8] -> 0x8513
mem[X,0x00000000800012FA] -> 0x3780
[1219] [M]: 0x00000000800012F8 (0x37808513) addi a0, ra, 0x378
x10 <- 0x0000000080004538
mem[X,0x00000000800012FC] -> 0x0113
mem[X,0x00000000800012FE] -> 0x7FF0
[1220] [M]: 0x00000000800012FC (0x7FF00113) addi sp, zero, 0x7ff
x2 <- 0x00000000000007FF
mem[X,0x0000000080001300] -> 0x0533
mem[X,0x0000000080001302] -> 0x4025
[1221] [M]: 0x0000000080001300 (0x40250533) sub a0, a0, sp
x10 <- 0x0000000080003D39
mem[X,0x0000000080001304] -> 0x1FA3
mem[X,0x0000000080001306] -> 0x7EB5
[1222] [M]: 0x0000000080001304 (0x7EB51FA3) sh a1, 0x7ff(a0)
mem[0x0000000080004538] <- 0xFFFE
mem[X,0x0000000080001308] -> 0x0013
mem[X,0x000000008000130A] -> 0x0000
[1223] [M]: 0x0000000080001308 (0x00000013) addi zero, zero, 0x0
mem[X,0x000000008000130C] -> 0x0013
mem[X,0x000000008000130E] -> 0x0000
[1224] [M]: 0x000000008000130C (0x00000013) addi zero, zero, 0x0
mem[X,0x0000000080001310] -> 0x006F
mem[X,0x0000000080001312] -> 0x0380
[1225] [M]: 0x0000000080001310 (0x0380006F) jal zero, 0x38
mem[X,0x0000000080001348] -> 0x0093
mem[X,0x000000008000134A] -> 0x0010
[1226] [M]: 0x0000000080001348 (0x00100093) addi ra, zero, 0x1
x1 <- 0x0000000000000001
mem[X,0x000000008000134C] -> 0x1F17
mem[X,0x000000008000134E] -> 0x0000
[1227] [M]: 0x000000008000134C (0x00001F17) auipc t5, 0x1
x30 <- 0x000000008000234C
mem[X,0x0000000080001350] -> 0x2A23
mem[X,0x0000000080001352] -> 0xCA1F
[1228] [M]: 0x0000000080001350 (0xCA1F2A23) sw ra, -0x34c(t5)
htif[0x0000000080002000] <- 0x00000001
mem[X,0x0000000080001354] -> 0xF06F
mem[X,0x0000000080001356] -> 0xFF9F
[1229] [M]: 0x0000000080001354 (0xFF9FF06F) jal zero, -0x8
mem[X,0x000000008000134C] -> 0x1F17
mem[X,0x000000008000134E] -> 0x0000
[1230] [M]: 0x000000008000134C (0x00001F17) auipc t5, 0x1
x30 <- 0x000000008000234C
mem[X,0x0000000080001350] -> 0x2A23
mem[X,0x0000000080001352] -> 0xCA1F
[1231] [M]: 0x0000000080001350 (0xCA1F2A23) sw ra, -0x34c(t5)
htif[0x0000000080002000] <- 0x00000001
mem[X,0x0000000080001354] -> 0xF06F
mem[X,0x0000000080001356] -> 0xFF9F
[1232] [M]: 0x0000000080001354 (0xFF9FF06F) jal zero, -0x8
mem[X,0x000000008000134C] -> 0x1F17
mem[X,0x000000008000134E] -> 0x0000
[1233] [M]: 0x000000008000134C (0x00001F17) auipc t5, 0x1
x30 <- 0x000000008000234C
mem[X,0x0000000080001350] -> 0x2A23
mem[X,0x0000000080001352] -> 0xCA1F
[1234] [M]: 0x0000000080001350 (0xCA1F2A23) sw ra, -0x34c(t5)
htif[0x0000000080002000] <- 0x00000001
htif-syscall-proxy cmd: 0x000000000001
SUCCESS
