using /home/mamir/tempo/riscof/riscof_work/rv64i_m/I/src/auipc-01.S/ref/Reference-sail_c_simulator.signature for test-signature output.
tohost located at 0x80001000
Running file ref.elf.
ELF Entry @ 0x80000000
begin_signature: 0x80003110
end_signature: 0x80003320
CSR mstatus <- 0x0000000A00000000 (input: 0x0000000000000000)
mem[X,0x0000000000001000] -> 0x0297
mem[X,0x0000000000001002] -> 0x0000
[0] [M]: 0x0000000000001000 (0x00000297) auipc t0, 0x0
x5 <- 0x0000000000001000
mem[X,0x0000000000001004] -> 0x8593
mem[X,0x0000000000001006] -> 0x0202
[1] [M]: 0x0000000000001004 (0x02028593) addi a1, t0, 0x20
x11 <- 0x0000000000001020
mem[X,0x0000000000001008] -> 0x2573
mem[X,0x000000000000100A] -> 0xF140
[2] [M]: 0x0000000000001008 (0xF1402573) csrrs a0, mhartid, zero
CSR mhartid -> 0x0000000000000000
x10 <- 0x0000000000000000
mem[X,0x000000000000100C] -> 0xB283
mem[X,0x000000000000100E] -> 0x0182
[3] [M]: 0x000000000000100C (0x0182B283) ld t0, 0x18(t0)
mem[R,0x0000000000001018] -> 0x0000000080000000
x5 <- 0x0000000080000000
mem[X,0x0000000000001010] -> 0x8067
mem[X,0x0000000000001012] -> 0x0002
[4] [M]: 0x0000000000001010 (0x00028067) jalr zero, 0x0(t0)
mem[X,0x0000000080000000] -> 0x0837
mem[X,0x0000000080000002] -> 0x7D5C
[5] [M]: 0x0000000080000000 (0x7D5C0837) lui a6, 0x7d5c0
x16 <- 0x000000007D5C0000
mem[X,0x0000000080000004] -> 0x0813
mem[X,0x0000000080000006] -> 0xDDB8
[6] [M]: 0x0000000080000004 (0xDDB80813) addi a6, a6, -0x225
x16 <- 0x000000007D5BFDDB
mem[X,0x0000000080000008] -> 0x1813
mem[X,0x000000008000000A] -> 0x00B8
[7] [M]: 0x0000000080000008 (0x00B81813) slli a6, a6, 0xb
x16 <- 0x000003EADFEED800
mem[X,0x000000008000000C] -> 0x0813
mem[X,0x000000008000000E] -> 0x3EA8
[8] [M]: 0x000000008000000C (0x3EA80813) addi a6, a6, 0x3ea
x16 <- 0x000003EADFEEDBEA
mem[X,0x0000000080000010] -> 0x1813
mem[X,0x0000000080000012] -> 0x00B8
[9] [M]: 0x0000000080000010 (0x00B81813) slli a6, a6, 0xb
x16 <- 0x001F56FF76DF5000
mem[X,0x0000000080000014] -> 0x0813
mem[X,0x0000000080000016] -> 0x6FF8
[10] [M]: 0x0000000080000014 (0x6FF80813) addi a6, a6, 0x6ff
x16 <- 0x001F56FF76DF56FF
mem[X,0x0000000080000018] -> 0x1813
mem[X,0x000000008000001A] -> 0x00A8
[11] [M]: 0x0000000080000018 (0x00A81813) slli a6, a6, 0xa
x16 <- 0x7D5BFDDB7D5BFC00
mem[X,0x000000008000001C] -> 0x0813
mem[X,0x000000008000001E] -> 0x1DB8
[12] [M]: 0x000000008000001C (0x1DB80813) addi a6, a6, 0x1db
x16 <- 0x7D5BFDDB7D5BFDDB
mem[X,0x0000000080000020] -> 0x5893
mem[X,0x0000000080000022] -> 0x0078
[13] [M]: 0x0000000080000020 (0x00785893) srli a7, a6, 0x7
x17 <- 0x00FAB7FBB6FAB7FB
mem[X,0x0000000080000024] -> 0x5793
mem[X,0x0000000080000026] -> 0x0398
[14] [M]: 0x0000000080000024 (0x03985793) srli a5, a6, 0x39
x15 <- 0x000000000000003E
mem[X,0x0000000080000028] -> 0xE8B3
mem[X,0x000000008000002A] -> 0x00F8
[15] [M]: 0x0000000080000028 (0x00F8E8B3) or a7, a7, a5
x17 <- 0x00FAB7FBB6FAB7FF
mem[X,0x000000008000002C] -> 0xD913
mem[X,0x000000008000002E] -> 0x0078
[16] [M]: 0x000000008000002C (0x0078D913) srli s2, a7, 0x7
x18 <- 0x0001F56FF76DF56F
mem[X,0x0000000080000030] -> 0xD793
mem[X,0x0000000080000032] -> 0x0398
[17] [M]: 0x0000000080000030 (0x0398D793) srli a5, a7, 0x39
x15 <- 0x0000000000000000
mem[X,0x0000000080000034] -> 0x6933
mem[X,0x0000000080000036] -> 0x00F9
[18] [M]: 0x0000000080000034 (0x00F96933) or s2, s2, a5
x18 <- 0x0001F56FF76DF56F
mem[X,0x0000000080000038] -> 0x5993
mem[X,0x000000008000003A] -> 0x0079
[19] [M]: 0x0000000080000038 (0x00795993) srli s3, s2, 0x7
x19 <- 0x000003EADFEEDBEA
mem[X,0x000000008000003C] -> 0x5793
mem[X,0x000000008000003E] -> 0x0399
[20] [M]: 0x000000008000003C (0x03995793) srli a5, s2, 0x39
x15 <- 0x0000000000000000
mem[X,0x0000000080000040] -> 0xE9B3
mem[X,0x0000000080000042] -> 0x00F9
[21] [M]: 0x0000000080000040 (0x00F9E9B3) or s3, s3, a5
x19 <- 0x000003EADFEEDBEA
mem[X,0x0000000080000044] -> 0xDA13
mem[X,0x0000000080000046] -> 0x0079
[22] [M]: 0x0000000080000044 (0x0079DA13) srli s4, s3, 0x7
x20 <- 0x00000007D5BFDDB7
mem[X,0x0000000080000048] -> 0xD793
mem[X,0x000000008000004A] -> 0x0399
[23] [M]: 0x0000000080000048 (0x0399D793) srli a5, s3, 0x39
x15 <- 0x0000000000000000
mem[X,0x000000008000004C] -> 0x6A33
mem[X,0x000000008000004E] -> 0x00FA
[24] [M]: 0x000000008000004C (0x00FA6A33) or s4, s4, a5
x20 <- 0x00000007D5BFDDB7
mem[X,0x0000000080000050] -> 0x5A93
mem[X,0x0000000080000052] -> 0x007A
[25] [M]: 0x0000000080000050 (0x007A5A93) srli s5, s4, 0x7
x21 <- 0x000000000FAB7FBB
mem[X,0x0000000080000054] -> 0x5793
mem[X,0x0000000080000056] -> 0x039A
[26] [M]: 0x0000000080000054 (0x039A5793) srli a5, s4, 0x39
x15 <- 0x0000000000000000
mem[X,0x0000000080000058] -> 0xEAB3
mem[X,0x000000008000005A] -> 0x00FA
[27] [M]: 0x0000000080000058 (0x00FAEAB3) or s5, s5, a5
x21 <- 0x000000000FAB7FBB
mem[X,0x000000008000005C] -> 0xDB13
mem[X,0x000000008000005E] -> 0x007A
[28] [M]: 0x000000008000005C (0x007ADB13) srli s6, s5, 0x7
x22 <- 0x00000000001F56FF
mem[X,0x0000000080000060] -> 0xD793
mem[X,0x0000000080000062] -> 0x039A
[29] [M]: 0x0000000080000060 (0x039AD793) srli a5, s5, 0x39
x15 <- 0x0000000000000000
mem[X,0x0000000080000064] -> 0x6B33
mem[X,0x0000000080000066] -> 0x00FB
[30] [M]: 0x0000000080000064 (0x00FB6B33) or s6, s6, a5
x22 <- 0x00000000001F56FF
mem[X,0x0000000080000068] -> 0x5B93
mem[X,0x000000008000006A] -> 0x007B
[31] [M]: 0x0000000080000068 (0x007B5B93) srli s7, s6, 0x7
x23 <- 0x0000000000003EAD
mem[X,0x000000008000006C] -> 0x5793
mem[X,0x000000008000006E] -> 0x039B
[32] [M]: 0x000000008000006C (0x039B5793) srli a5, s6, 0x39
x15 <- 0x0000000000000000
mem[X,0x0000000080000070] -> 0xEBB3
mem[X,0x0000000080000072] -> 0x00FB
[33] [M]: 0x0000000080000070 (0x00FBEBB3) or s7, s7, a5
x23 <- 0x0000000000003EAD
mem[X,0x0000000080000074] -> 0xDC13
mem[X,0x0000000080000076] -> 0x007B
[34] [M]: 0x0000000080000074 (0x007BDC13) srli s8, s7, 0x7
x24 <- 0x000000000000007D
mem[X,0x0000000080000078] -> 0xD793
mem[X,0x000000008000007A] -> 0x039B
[35] [M]: 0x0000000080000078 (0x039BD793) srli a5, s7, 0x39
x15 <- 0x0000000000000000
mem[X,0x000000008000007C] -> 0x6C33
mem[X,0x000000008000007E] -> 0x00FC
[36] [M]: 0x000000008000007C (0x00FC6C33) or s8, s8, a5
x24 <- 0x000000000000007D
mem[X,0x0000000080000080] -> 0x5C93
mem[X,0x0000000080000082] -> 0x007C
[37] [M]: 0x0000000080000080 (0x007C5C93) srli s9, s8, 0x7
x25 <- 0x0000000000000000
mem[X,0x0000000080000084] -> 0x5793
mem[X,0x0000000080000086] -> 0x039C
[38] [M]: 0x0000000080000084 (0x039C5793) srli a5, s8, 0x39
x15 <- 0x0000000000000000
mem[X,0x0000000080000088] -> 0xECB3
mem[X,0x000000008000008A] -> 0x00FC
[39] [M]: 0x0000000080000088 (0x00FCECB3) or s9, s9, a5
x25 <- 0x0000000000000000
mem[X,0x000000008000008C] -> 0xDD13
mem[X,0x000000008000008E] -> 0x007C
[40] [M]: 0x000000008000008C (0x007CDD13) srli s10, s9, 0x7
x26 <- 0x0000000000000000
mem[X,0x0000000080000090] -> 0xD793
mem[X,0x0000000080000092] -> 0x039C
[41] [M]: 0x0000000080000090 (0x039CD793) srli a5, s9, 0x39
x15 <- 0x0000000000000000
mem[X,0x0000000080000094] -> 0x6D33
mem[X,0x0000000080000096] -> 0x00FD
[42] [M]: 0x0000000080000094 (0x00FD6D33) or s10, s10, a5
x26 <- 0x0000000000000000
mem[X,0x0000000080000098] -> 0x5D93
mem[X,0x000000008000009A] -> 0x007D
[43] [M]: 0x0000000080000098 (0x007D5D93) srli s11, s10, 0x7
x27 <- 0x0000000000000000
mem[X,0x000000008000009C] -> 0x5793
mem[X,0x000000008000009E] -> 0x039D
[44] [M]: 0x000000008000009C (0x039D5793) srli a5, s10, 0x39
x15 <- 0x0000000000000000
mem[X,0x00000000800000A0] -> 0xEDB3
mem[X,0x00000000800000A2] -> 0x00FD
[45] [M]: 0x00000000800000A0 (0x00FDEDB3) or s11, s11, a5
x27 <- 0x0000000000000000
mem[X,0x00000000800000A4] -> 0xDE13
mem[X,0x00000000800000A6] -> 0x007D
[46] [M]: 0x00000000800000A4 (0x007DDE13) srli t3, s11, 0x7
x28 <- 0x0000000000000000
mem[X,0x00000000800000A8] -> 0xD793
mem[X,0x00000000800000AA] -> 0x039D
[47] [M]: 0x00000000800000A8 (0x039DD793) srli a5, s11, 0x39
x15 <- 0x0000000000000000
mem[X,0x00000000800000AC] -> 0x6E33
mem[X,0x00000000800000AE] -> 0x00FE
[48] [M]: 0x00000000800000AC (0x00FE6E33) or t3, t3, a5
x28 <- 0x0000000000000000
mem[X,0x00000000800000B0] -> 0x5E93
mem[X,0x00000000800000B2] -> 0x007E
[49] [M]: 0x00000000800000B0 (0x007E5E93) srli t4, t3, 0x7
x29 <- 0x0000000000000000
mem[X,0x00000000800000B4] -> 0x5793
mem[X,0x00000000800000B6] -> 0x039E
[50] [M]: 0x00000000800000B4 (0x039E5793) srli a5, t3, 0x39
x15 <- 0x0000000000000000
mem[X,0x00000000800000B8] -> 0xEEB3
mem[X,0x00000000800000BA] -> 0x00FE
[51] [M]: 0x00000000800000B8 (0x00FEEEB3) or t4, t4, a5
x29 <- 0x0000000000000000
mem[X,0x00000000800000BC] -> 0xDF13
mem[X,0x00000000800000BE] -> 0x007E
[52] [M]: 0x00000000800000BC (0x007EDF13) srli t5, t4, 0x7
x30 <- 0x0000000000000000
mem[X,0x00000000800000C0] -> 0xD793
mem[X,0x00000000800000C2] -> 0x039E
[53] [M]: 0x00000000800000C0 (0x039ED793) srli a5, t4, 0x39
x15 <- 0x0000000000000000
mem[X,0x00000000800000C4] -> 0x6F33
mem[X,0x00000000800000C6] -> 0x00FF
[54] [M]: 0x00000000800000C4 (0x00FF6F33) or t5, t5, a5
x30 <- 0x0000000000000000
mem[X,0x00000000800000C8] -> 0xC0B7
mem[X,0x00000000800000CA] -> 0xFEED
[55] [M]: 0x00000000800000C8 (0xFEEDC0B7) lui ra, -0x1124
x1 <- 0xFFFFFFFFFEEDC000
mem[X,0x00000000800000CC] -> 0x8093
mem[X,0x00000000800000CE] -> 0xEAD0
[56] [M]: 0x00000000800000CC (0xEAD08093) addi ra, ra, -0x153
x1 <- 0xFFFFFFFFFEEDBEAD
mem[X,0x00000000800000D0] -> 0x9093
mem[X,0x00000000800000D2] -> 0x00B0
[57] [M]: 0x00000000800000D0 (0x00B09093) slli ra, ra, 0xb
x1 <- 0xFFFFFFF76DF56800
mem[X,0x00000000800000D4] -> 0x8093
mem[X,0x00000000800000D6] -> 0x7F70
[58] [M]: 0x00000000800000D4 (0x7F708093) addi ra, ra, 0x7f7
x1 <- 0xFFFFFFF76DF56FF7
mem[X,0x00000000800000D8] -> 0x9093
mem[X,0x00000000800000DA] -> 0x00B0
[59] [M]: 0x00000000800000D8 (0x00B09093) slli ra, ra, 0xb
x1 <- 0xFFFFBB6FAB7FB800
mem[X,0x00000000800000DC] -> 0x8093
mem[X,0x00000000800000DE] -> 0x36F0
[60] [M]: 0x00000000800000DC (0x36F08093) addi ra, ra, 0x36f
x1 <- 0xFFFFBB6FAB7FBB6F
mem[X,0x00000000800000E0] -> 0x9093
mem[X,0x00000000800000E2] -> 0x00A0
[61] [M]: 0x00000000800000E0 (0x00A09093) slli ra, ra, 0xa
x1 <- 0xFEEDBEADFEEDBC00
mem[X,0x00000000800000E4] -> 0x8093
mem[X,0x00000000800000E6] -> 0x2AD0
[62] [M]: 0x00000000800000E4 (0x2AD08093) addi ra, ra, 0x2ad
x1 <- 0xFEEDBEADFEEDBEAD
mem[X,0x00000000800000E8] -> 0xD113
mem[X,0x00000000800000EA] -> 0x0070
[63] [M]: 0x00000000800000E8 (0x0070D113) srli sp, ra, 0x7
x2 <- 0x01FDDB7D5BFDDB7D
mem[X,0x00000000800000EC] -> 0xD793
mem[X,0x00000000800000EE] -> 0x0390
[64] [M]: 0x00000000800000EC (0x0390D793) srli a5, ra, 0x39
x15 <- 0x000000000000007F
mem[X,0x00000000800000F0] -> 0x6133
mem[X,0x00000000800000F2] -> 0x00F1
[65] [M]: 0x00000000800000F0 (0x00F16133) or sp, sp, a5
x2 <- 0x01FDDB7D5BFDDB7F
mem[X,0x00000000800000F4] -> 0x5193
mem[X,0x00000000800000F6] -> 0x0071
[66] [M]: 0x00000000800000F4 (0x00715193) srli gp, sp, 0x7
x3 <- 0x0003FBB6FAB7FBB6
mem[X,0x00000000800000F8] -> 0x5793
mem[X,0x00000000800000FA] -> 0x0391
[67] [M]: 0x00000000800000F8 (0x03915793) srli a5, sp, 0x39
x15 <- 0x0000000000000000
mem[X,0x00000000800000FC] -> 0xE1B3
mem[X,0x00000000800000FE] -> 0x00F1
[68] [M]: 0x00000000800000FC (0x00F1E1B3) or gp, gp, a5
x3 <- 0x0003FBB6FAB7FBB6
mem[X,0x0000000080000100] -> 0xD213
mem[X,0x0000000080000102] -> 0x0071
[69] [M]: 0x0000000080000100 (0x0071D213) srli tp, gp, 0x7
x4 <- 0x000007F76DF56FF7
mem[X,0x0000000080000104] -> 0xD793
mem[X,0x0000000080000106] -> 0x0391
[70] [M]: 0x0000000080000104 (0x0391D793) srli a5, gp, 0x39
x15 <- 0x0000000000000000
mem[X,0x0000000080000108] -> 0x6233
mem[X,0x000000008000010A] -> 0x00F2
[71] [M]: 0x0000000080000108 (0x00F26233) or tp, tp, a5
x4 <- 0x000007F76DF56FF7
mem[X,0x000000008000010C] -> 0x5293
mem[X,0x000000008000010E] -> 0x0072
[72] [M]: 0x000000008000010C (0x00725293) srli t0, tp, 0x7
x5 <- 0x0000000FEEDBEADF
mem[X,0x0000000080000110] -> 0x5793
mem[X,0x0000000080000112] -> 0x0392
[73] [M]: 0x0000000080000110 (0x03925793) srli a5, tp, 0x39
x15 <- 0x0000000000000000
mem[X,0x0000000080000114] -> 0xE2B3
mem[X,0x0000000080000116] -> 0x00F2
[74] [M]: 0x0000000080000114 (0x00F2E2B3) or t0, t0, a5
x5 <- 0x0000000FEEDBEADF
mem[X,0x0000000080000118] -> 0xD313
mem[X,0x000000008000011A] -> 0x0072
[75] [M]: 0x0000000080000118 (0x0072D313) srli t1, t0, 0x7
x6 <- 0x000000001FDDB7D5
mem[X,0x000000008000011C] -> 0xD793
mem[X,0x000000008000011E] -> 0x0392
[76] [M]: 0x000000008000011C (0x0392D793) srli a5, t0, 0x39
x15 <- 0x0000000000000000
mem[X,0x0000000080000120] -> 0x6333
mem[X,0x0000000080000122] -> 0x00F3
[77] [M]: 0x0000000080000120 (0x00F36333) or t1, t1, a5
x6 <- 0x000000001FDDB7D5
mem[X,0x0000000080000124] -> 0x5393
mem[X,0x0000000080000126] -> 0x0073
[78] [M]: 0x0000000080000124 (0x00735393) srli t2, t1, 0x7
x7 <- 0x00000000003FBB6F
mem[X,0x0000000080000128] -> 0x5793
mem[X,0x000000008000012A] -> 0x0393
[79] [M]: 0x0000000080000128 (0x03935793) srli a5, t1, 0x39
x15 <- 0x0000000000000000
mem[X,0x000000008000012C] -> 0xE3B3
mem[X,0x000000008000012E] -> 0x00F3
[80] [M]: 0x000000008000012C (0x00F3E3B3) or t2, t2, a5
x7 <- 0x00000000003FBB6F
mem[X,0x0000000080000130] -> 0xD413
mem[X,0x0000000080000132] -> 0x0073
[81] [M]: 0x0000000080000130 (0x0073D413) srli fp, t2, 0x7
x8 <- 0x0000000000007F76
mem[X,0x0000000080000134] -> 0xD793
mem[X,0x0000000080000136] -> 0x0393
[82] [M]: 0x0000000080000134 (0x0393D793) srli a5, t2, 0x39
x15 <- 0x0000000000000000
mem[X,0x0000000080000138] -> 0x6433
mem[X,0x000000008000013A] -> 0x00F4
[83] [M]: 0x0000000080000138 (0x00F46433) or fp, fp, a5
x8 <- 0x0000000000007F76
mem[X,0x000000008000013C] -> 0x5493
mem[X,0x000000008000013E] -> 0x0074
[84] [M]: 0x000000008000013C (0x00745493) srli s1, fp, 0x7
x9 <- 0x00000000000000FE
mem[X,0x0000000080000140] -> 0x5793
mem[X,0x0000000080000142] -> 0x0394
[85] [M]: 0x0000000080000140 (0x03945793) srli a5, fp, 0x39
x15 <- 0x0000000000000000
mem[X,0x0000000080000144] -> 0xE4B3
mem[X,0x0000000080000146] -> 0x00F4
[86] [M]: 0x0000000080000144 (0x00F4E4B3) or s1, s1, a5
x9 <- 0x00000000000000FE
mem[X,0x0000000080000148] -> 0xD513
mem[X,0x000000008000014A] -> 0x0074
[87] [M]: 0x0000000080000148 (0x0074D513) srli a0, s1, 0x7
x10 <- 0x0000000000000001
mem[X,0x000000008000014C] -> 0xD793
mem[X,0x000000008000014E] -> 0x0394
[88] [M]: 0x000000008000014C (0x0394D793) srli a5, s1, 0x39
x15 <- 0x0000000000000000
mem[X,0x0000000080000150] -> 0x6533
mem[X,0x0000000080000152] -> 0x00F5
[89] [M]: 0x0000000080000150 (0x00F56533) or a0, a0, a5
x10 <- 0x0000000000000001
mem[X,0x0000000080000154] -> 0x5593
mem[X,0x0000000080000156] -> 0x0075
[90] [M]: 0x0000000080000154 (0x00755593) srli a1, a0, 0x7
x11 <- 0x0000000000000000
mem[X,0x0000000080000158] -> 0x5793
mem[X,0x000000008000015A] -> 0x0395
[91] [M]: 0x0000000080000158 (0x03955793) srli a5, a0, 0x39
x15 <- 0x0000000000000000
mem[X,0x000000008000015C] -> 0xE5B3
mem[X,0x000000008000015E] -> 0x00F5
[92] [M]: 0x000000008000015C (0x00F5E5B3) or a1, a1, a5
x11 <- 0x0000000000000000
mem[X,0x0000000080000160] -> 0xD613
mem[X,0x0000000080000162] -> 0x0075
[93] [M]: 0x0000000080000160 (0x0075D613) srli a2, a1, 0x7
x12 <- 0x0000000000000000
mem[X,0x0000000080000164] -> 0xD793
mem[X,0x0000000080000166] -> 0x0395
[94] [M]: 0x0000000080000164 (0x0395D793) srli a5, a1, 0x39
x15 <- 0x0000000000000000
mem[X,0x0000000080000168] -> 0x6633
mem[X,0x000000008000016A] -> 0x00F6
[95] [M]: 0x0000000080000168 (0x00F66633) or a2, a2, a5
x12 <- 0x0000000000000000
mem[X,0x000000008000016C] -> 0x5693
mem[X,0x000000008000016E] -> 0x0076
[96] [M]: 0x000000008000016C (0x00765693) srli a3, a2, 0x7
x13 <- 0x0000000000000000
mem[X,0x0000000080000170] -> 0x5793
mem[X,0x0000000080000172] -> 0x0396
[97] [M]: 0x0000000080000170 (0x03965793) srli a5, a2, 0x39
x15 <- 0x0000000000000000
mem[X,0x0000000080000174] -> 0xE6B3
mem[X,0x0000000080000176] -> 0x00F6
[98] [M]: 0x0000000080000174 (0x00F6E6B3) or a3, a3, a5
x13 <- 0x0000000000000000
mem[X,0x0000000080000178] -> 0x0013
mem[X,0x000000008000017A] -> 0x0000
[99] [M]: 0x0000000080000178 (0x00000013) addi zero, zero, 0x0
clint::tick mtime <- 0x0000000000000001
 clint timer pending at mtime 0x0000000000000001
htif::tick 0x0000000000000000
mem[X,0x000000008000017C] -> 0x0013
mem[X,0x000000008000017E] -> 0x0000
[100] [M]: 0x000000008000017C (0x00000013) addi zero, zero, 0x0
mem[X,0x0000000080000180] -> 0x3117
mem[X,0x0000000080000182] -> 0x0000
[101] [M]: 0x0000000080000180 (0x00003117) auipc sp, 0x3
x2 <- 0x0000000080003180
mem[X,0x0000000080000184] -> 0x0113
mem[X,0x0000000080000186] -> 0xF981
[102] [M]: 0x0000000080000184 (0xF9810113) addi sp, sp, -0x68
x2 <- 0x0000000080003118
mem[X,0x0000000080000188] -> 0x0013
mem[X,0x000000008000018A] -> 0x0000
[103] [M]: 0x0000000080000188 (0x00000013) addi zero, zero, 0x0
mem[X,0x000000008000018C] -> 0x0013
mem[X,0x000000008000018E] -> 0x0000
[104] [M]: 0x000000008000018C (0x00000013) addi zero, zero, 0x0
mem[X,0x0000000080000190] -> 0x0013
mem[X,0x0000000080000192] -> 0x0000
[105] [M]: 0x0000000080000190 (0x00000013) addi zero, zero, 0x0
mem[X,0x0000000080000194] -> 0x0013
mem[X,0x0000000080000196] -> 0x0000
[106] [M]: 0x0000000080000194 (0x00000013) addi zero, zero, 0x0
mem[X,0x0000000080000198] -> 0x0013
mem[X,0x000000008000019A] -> 0x0000
[107] [M]: 0x0000000080000198 (0x00000013) addi zero, zero, 0x0
mem[X,0x000000008000019C] -> 0x0013
mem[X,0x000000008000019E] -> 0x0000
[108] [M]: 0x000000008000019C (0x00000013) addi zero, zero, 0x0
mem[X,0x00000000800001A0] -> 0x0317
mem[X,0x00000000800001A2] -> 0x0000
[109] [M]: 0x00000000800001A0 (0x00000317) auipc t1, 0x0
x6 <- 0x00000000800001A0
mem[X,0x00000000800001A4] -> 0x0313
mem[X,0x00000000800001A6] -> 0x0083
[110] [M]: 0x00000000800001A4 (0x00830313) addi t1, t1, 0x8
x6 <- 0x00000000800001A8
mem[X,0x00000000800001A8] -> 0x0A17
mem[X,0x00000000800001AA] -> 0x0000
[111] [M]: 0x00000000800001A8 (0x00000A17) auipc s4, 0x0
x20 <- 0x00000000800001A8
mem[X,0x00000000800001AC] -> 0x0A33
mem[X,0x00000000800001AE] -> 0x406A
[112] [M]: 0x00000000800001AC (0x406A0A33) sub s4, s4, t1
x20 <- 0x0000000000000000
mem[X,0x00000000800001B0] -> 0x3023
mem[X,0x00000000800001B2] -> 0x0141
[113] [M]: 0x00000000800001B0 (0x01413023) sd s4, 0x0(sp)
mem[0x0000000080003118] <- 0x0000000000000000
mem[X,0x00000000800001B4] -> 0x0317
mem[X,0x00000000800001B6] -> 0x0000
[114] [M]: 0x00000000800001B4 (0x00000317) auipc t1, 0x0
x6 <- 0x00000000800001B4
mem[X,0x00000000800001B8] -> 0x0313
mem[X,0x00000000800001BA] -> 0x0083
[115] [M]: 0x00000000800001B8 (0x00830313) addi t1, t1, 0x8
x6 <- 0x00000000800001BC
mem[X,0x00000000800001BC] -> 0xF917
mem[X,0x00000000800001BE] -> 0xFFDF
[116] [M]: 0x00000000800001BC (0xFFDFF917) auipc s2, -0x201
x18 <- 0x000000007FDFF1BC
mem[X,0x00000000800001C0] -> 0x0933
mem[X,0x00000000800001C2] -> 0x4069
[117] [M]: 0x00000000800001C0 (0x40690933) sub s2, s2, t1
x18 <- 0xFFFFFFFFFFDFF000
mem[X,0x00000000800001C4] -> 0x3423
mem[X,0x00000000800001C6] -> 0x0121
[118] [M]: 0x00000000800001C4 (0x01213423) sd s2, 0x8(sp)
mem[0x0000000080003120] <- 0xFFFFFFFFFFDFF000
mem[X,0x00000000800001C8] -> 0x0317
mem[X,0x00000000800001CA] -> 0x0000
[119] [M]: 0x00000000800001C8 (0x00000317) auipc t1, 0x0
x6 <- 0x00000000800001C8
mem[X,0x00000000800001CC] -> 0x0313
mem[X,0x00000000800001CE] -> 0x0083
[120] [M]: 0x00000000800001CC (0x00830313) addi t1, t1, 0x8
x6 <- 0x00000000800001D0
mem[X,0x00000000800001D0] -> 0xF397
mem[X,0x00000000800001D2] -> 0xFFFF
[121] [M]: 0x00000000800001D0 (0xFFFFF397) auipc t2, -0x1
x7 <- 0x000000007FFFF1D0
mem[X,0x00000000800001D4] -> 0x83B3
mem[X,0x00000000800001D6] -> 0x4063
[122] [M]: 0x00000000800001D4 (0x406383B3) sub t2, t2, t1
x7 <- 0xFFFFFFFFFFFFF000
mem[X,0x00000000800001D8] -> 0x3823
mem[X,0x00000000800001DA] -> 0x0071
[123] [M]: 0x00000000800001D8 (0x00713823) sd t2, 0x10(sp)
mem[0x0000000080003128] <- 0xFFFFFFFFFFFFF000
mem[X,0x00000000800001DC] -> 0x0317
mem[X,0x00000000800001DE] -> 0x0000
[124] [M]: 0x00000000800001DC (0x00000317) auipc t1, 0x0
x6 <- 0x00000000800001DC
mem[X,0x00000000800001E0] -> 0x0313
mem[X,0x00000000800001E2] -> 0x0083
[125] [M]: 0x00000000800001E0 (0x00830313) addi t1, t1, 0x8
x6 <- 0x00000000800001E4
mem[X,0x00000000800001E4] -> 0x3B97
mem[X,0x00000000800001E6] -> 0x0000
[126] [M]: 0x00000000800001E4 (0x00003B97) auipc s7, 0x3
x23 <- 0x00000000800031E4
mem[X,0x00000000800001E8] -> 0x8BB3
mem[X,0x00000000800001EA] -> 0x406B
[127] [M]: 0x00000000800001E8 (0x406B8BB3) sub s7, s7, t1
x23 <- 0x0000000000003000
mem[X,0x00000000800001EC] -> 0x3C23
mem[X,0x00000000800001EE] -> 0x0171
[128] [M]: 0x00000000800001EC (0x01713C23) sd s7, 0x18(sp)
mem[0x0000000080003130] <- 0x0000000000003000
mem[X,0x00000000800001F0] -> 0x0317
mem[X,0x00000000800001F2] -> 0x0000
[129] [M]: 0x00000000800001F0 (0x00000317) auipc t1, 0x0
x6 <- 0x00000000800001F0
mem[X,0x00000000800001F4] -> 0x0313
mem[X,0x00000000800001F6] -> 0x0083
[130] [M]: 0x00000000800001F4 (0x00830313) addi t1, t1, 0x8
x6 <- 0x00000000800001F8
mem[X,0x00000000800001F8] -> 0x5417
mem[X,0x00000000800001FA] -> 0x5555
[131] [M]: 0x00000000800001F8 (0x55555417) auipc fp, 0x55555
x8 <- 0x00000000D55551F8
mem[X,0x00000000800001FC] -> 0x0433
mem[X,0x00000000800001FE] -> 0x4064
[132] [M]: 0x00000000800001FC (0x40640433) sub fp, fp, t1
x8 <- 0x0000000055555000
mem[X,0x0000000080000200] -> 0x3023
mem[X,0x0000000080000202] -> 0x0281
[133] [M]: 0x0000000080000200 (0x02813023) sd fp, 0x20(sp)
mem[0x0000000080003138] <- 0x0000000055555000
mem[X,0x0000000080000204] -> 0x0317
mem[X,0x0000000080000206] -> 0x0000
[134] [M]: 0x0000000080000204 (0x00000317) auipc t1, 0x0
x6 <- 0x0000000080000204
mem[X,0x0000000080000208] -> 0x0313
mem[X,0x000000008000020A] -> 0x0083
[135] [M]: 0x0000000080000208 (0x00830313) addi t1, t1, 0x8
x6 <- 0x000000008000020C
mem[X,0x000000008000020C] -> 0xA797
mem[X,0x000000008000020E] -> 0xAAAA
[136] [M]: 0x000000008000020C (0xAAAAA797) auipc a5, -0x55556
x15 <- 0x000000002AAAA20C
mem[X,0x0000000080000210] -> 0x87B3
mem[X,0x0000000080000212] -> 0x4067
[137] [M]: 0x0000000080000210 (0x406787B3) sub a5, a5, t1
x15 <- 0xFFFFFFFFAAAAA000
mem[X,0x0000000080000214] -> 0x3423
mem[X,0x0000000080000216] -> 0x02F1
[138] [M]: 0x0000000080000214 (0x02F13423) sd a5, 0x28(sp)
mem[0x0000000080003140] <- 0xFFFFFFFFAAAAA000
mem[X,0x0000000080000218] -> 0x0317
mem[X,0x000000008000021A] -> 0x0000
[139] [M]: 0x0000000080000218 (0x00000317) auipc t1, 0x0
x6 <- 0x0000000080000218
mem[X,0x000000008000021C] -> 0x0313
mem[X,0x000000008000021E] -> 0x0083
[140] [M]: 0x000000008000021C (0x00830313) addi t1, t1, 0x8
x6 <- 0x0000000080000220
mem[X,0x0000000080000220] -> 0x5097
mem[X,0x0000000080000222] -> 0x0000
[141] [M]: 0x0000000080000220 (0x00005097) auipc ra, 0x5
x1 <- 0x0000000080005220
mem[X,0x0000000080000224] -> 0x80B3
mem[X,0x0000000080000226] -> 0x4060
[142] [M]: 0x0000000080000224 (0x406080B3) sub ra, ra, t1
x1 <- 0x0000000000005000
mem[X,0x0000000080000228] -> 0x3823
mem[X,0x000000008000022A] -> 0x0211
[143] [M]: 0x0000000080000228 (0x02113823) sd ra, 0x30(sp)
mem[0x0000000080003148] <- 0x0000000000005000
mem[X,0x000000008000022C] -> 0x0317
mem[X,0x000000008000022E] -> 0x0000
[144] [M]: 0x000000008000022C (0x00000317) auipc t1, 0x0
x6 <- 0x000000008000022C
mem[X,0x0000000080000230] -> 0x0313
mem[X,0x0000000080000232] -> 0x0083
[145] [M]: 0x0000000080000230 (0x00830313) addi t1, t1, 0x8
x6 <- 0x0000000080000234
mem[X,0x0000000080000234] -> 0x3597
mem[X,0x0000000080000236] -> 0x3333
[146] [M]: 0x0000000080000234 (0x33333597) auipc a1, 0x33333
x11 <- 0x00000000B3333234
mem[X,0x0000000080000238] -> 0x85B3
mem[X,0x000000008000023A] -> 0x4065
[147] [M]: 0x0000000080000238 (0x406585B3) sub a1, a1, t1
x11 <- 0x0000000033333000
mem[X,0x000000008000023C] -> 0x3C23
mem[X,0x000000008000023E] -> 0x02B1
[148] [M]: 0x000000008000023C (0x02B13C23) sd a1, 0x38(sp)
mem[0x0000000080003150] <- 0x0000000033333000
mem[X,0x0000000080000240] -> 0x0317
mem[X,0x0000000080000242] -> 0x0000
[149] [M]: 0x0000000080000240 (0x00000317) auipc t1, 0x0
x6 <- 0x0000000080000240
mem[X,0x0000000080000244] -> 0x0313
mem[X,0x0000000080000246] -> 0x0083
[150] [M]: 0x0000000080000244 (0x00830313) addi t1, t1, 0x8
x6 <- 0x0000000080000248
mem[X,0x0000000080000248] -> 0x6517
mem[X,0x000000008000024A] -> 0x6666
[151] [M]: 0x0000000080000248 (0x66666517) auipc a0, 0x66666
x10 <- 0x00000000E6666248
mem[X,0x000000008000024C] -> 0x0533
mem[X,0x000000008000024E] -> 0x4065
[152] [M]: 0x000000008000024C (0x40650533) sub a0, a0, t1
x10 <- 0x0000000066666000
mem[X,0x0000000080000250] -> 0x3023
mem[X,0x0000000080000252] -> 0x04A1
[153] [M]: 0x0000000080000250 (0x04A13023) sd a0, 0x40(sp)
mem[0x0000000080003158] <- 0x0000000066666000
mem[X,0x0000000080000254] -> 0x0317
mem[X,0x0000000080000256] -> 0x0000
[154] [M]: 0x0000000080000254 (0x00000317) auipc t1, 0x0
x6 <- 0x0000000080000254
mem[X,0x0000000080000258] -> 0x0313
mem[X,0x000000008000025A] -> 0x0083
[155] [M]: 0x0000000080000258 (0x00830313) addi t1, t1, 0x8
x6 <- 0x000000008000025C
mem[X,0x000000008000025C] -> 0x4997
mem[X,0x000000008000025E] -> 0x002D
[156] [M]: 0x000000008000025C (0x002D4997) auipc s3, 0x2d4
x19 <- 0x00000000802D425C
mem[X,0x0000000080000260] -> 0x89B3
mem[X,0x0000000080000262] -> 0x4069
[157] [M]: 0x0000000080000260 (0x406989B3) sub s3, s3, t1
x19 <- 0x00000000002D4000
mem[X,0x0000000080000264] -> 0x3423
mem[X,0x0000000080000266] -> 0x0531
[158] [M]: 0x0000000080000264 (0x05313423) sd s3, 0x48(sp)
mem[0x0000000080003160] <- 0x00000000002D4000
mem[X,0x0000000080000268] -> 0x0317
mem[X,0x000000008000026A] -> 0x0000
[159] [M]: 0x0000000080000268 (0x00000317) auipc t1, 0x0
x6 <- 0x0000000080000268
mem[X,0x000000008000026C] -> 0x0313
mem[X,0x000000008000026E] -> 0x0083
[160] [M]: 0x000000008000026C (0x00830313) addi t1, t1, 0x8
x6 <- 0x0000000080000270
mem[X,0x0000000080000270] -> 0xFD97
mem[X,0x0000000080000272] -> 0x003F
[161] [M]: 0x0000000080000270 (0x003FFD97) auipc s11, 0x3ff
x27 <- 0x00000000803FF270
mem[X,0x0000000080000274] -> 0x8DB3
mem[X,0x0000000080000276] -> 0x406D
[162] [M]: 0x0000000080000274 (0x406D8DB3) sub s11, s11, t1
x27 <- 0x00000000003FF000
mem[X,0x0000000080000278] -> 0x3823
mem[X,0x000000008000027A] -> 0x05B1
[163] [M]: 0x0000000080000278 (0x05B13823) sd s11, 0x50(sp)
mem[0x0000000080003168] <- 0x00000000003FF000
mem[X,0x000000008000027C] -> 0x0317
mem[X,0x000000008000027E] -> 0x0000
[164] [M]: 0x000000008000027C (0x00000317) auipc t1, 0x0
x6 <- 0x000000008000027C
mem[X,0x0000000080000280] -> 0x0313
mem[X,0x0000000080000282] -> 0x0083
[165] [M]: 0x0000000080000280 (0x00830313) addi t1, t1, 0x8
x6 <- 0x0000000080000284
mem[X,0x0000000080000284] -> 0x2D17
mem[X,0x0000000080000286] -> 0x0000
[166] [M]: 0x0000000080000284 (0x00002D17) auipc s10, 0x2
x26 <- 0x0000000080002284
mem[X,0x0000000080000288] -> 0x0D33
mem[X,0x000000008000028A] -> 0x406D
[167] [M]: 0x0000000080000288 (0x406D0D33) sub s10, s10, t1
x26 <- 0x0000000000002000
mem[X,0x000000008000028C] -> 0x3C23
mem[X,0x000000008000028E] -> 0x05A1
[168] [M]: 0x000000008000028C (0x05A13C23) sd s10, 0x58(sp)
mem[0x0000000080003170] <- 0x0000000000002000
mem[X,0x0000000080000290] -> 0x0317
mem[X,0x0000000080000292] -> 0x0000
[169] [M]: 0x0000000080000290 (0x00000317) auipc t1, 0x0
x6 <- 0x0000000080000290
mem[X,0x0000000080000294] -> 0x0313
mem[X,0x0000000080000296] -> 0x0083
[170] [M]: 0x0000000080000294 (0x00830313) addi t1, t1, 0x8
x6 <- 0x0000000080000298
mem[X,0x0000000080000298] -> 0x4F17
mem[X,0x000000008000029A] -> 0x5555
[171] [M]: 0x0000000080000298 (0x55554F17) auipc t5, 0x55554
x30 <- 0x00000000D5554298
mem[X,0x000000008000029C] -> 0x0F33
mem[X,0x000000008000029E] -> 0x406F
[172] [M]: 0x000000008000029C (0x406F0F33) sub t5, t5, t1
x30 <- 0x0000000055554000
mem[X,0x00000000800002A0] -> 0x3023
mem[X,0x00000000800002A2] -> 0x07E1
[173] [M]: 0x00000000800002A0 (0x07E13023) sd t5, 0x60(sp)
mem[0x0000000080003178] <- 0x0000000055554000
mem[X,0x00000000800002A4] -> 0x0317
mem[X,0x00000000800002A6] -> 0x0000
[174] [M]: 0x00000000800002A4 (0x00000317) auipc t1, 0x0
x6 <- 0x00000000800002A4
mem[X,0x00000000800002A8] -> 0x0313
mem[X,0x00000000800002AA] -> 0x0083
[175] [M]: 0x00000000800002A8 (0x00830313) addi t1, t1, 0x8
x6 <- 0x00000000800002AC
mem[X,0x00000000800002AC] -> 0x9197
mem[X,0x00000000800002AE] -> 0xAAAA
[176] [M]: 0x00000000800002AC (0xAAAA9197) auipc gp, -0x55557
x3 <- 0x000000002AAA92AC
mem[X,0x00000000800002B0] -> 0x81B3
mem[X,0x00000000800002B2] -> 0x4061
[177] [M]: 0x00000000800002B0 (0x406181B3) sub gp, gp, t1
x3 <- 0xFFFFFFFFAAAA9000
mem[X,0x00000000800002B4] -> 0x3423
mem[X,0x00000000800002B6] -> 0x0631
[178] [M]: 0x00000000800002B4 (0x06313423) sd gp, 0x68(sp)
mem[0x0000000080003180] <- 0xFFFFFFFFAAAA9000
mem[X,0x00000000800002B8] -> 0x0317
mem[X,0x00000000800002BA] -> 0x0000
[179] [M]: 0x00000000800002B8 (0x00000317) auipc t1, 0x0
x6 <- 0x00000000800002B8
mem[X,0x00000000800002BC] -> 0x0313
mem[X,0x00000000800002BE] -> 0x0083
[180] [M]: 0x00000000800002BC (0x00830313) addi t1, t1, 0x8
x6 <- 0x00000000800002C0
mem[X,0x00000000800002C0] -> 0x4017
mem[X,0x00000000800002C2] -> 0x0000
[181] [M]: 0x00000000800002C0 (0x00004017) auipc zero, 0x4
mem[X,0x00000000800002C4] -> 0x0033
mem[X,0x00000000800002C6] -> 0x4060
[182] [M]: 0x00000000800002C4 (0x40600033) sub zero, zero, t1
mem[X,0x00000000800002C8] -> 0x3823
mem[X,0x00000000800002CA] -> 0x0601
[183] [M]: 0x00000000800002C8 (0x06013823) sd zero, 0x70(sp)
mem[0x0000000080003188] <- 0x0000000000000000
mem[X,0x00000000800002CC] -> 0x0317
mem[X,0x00000000800002CE] -> 0x0000
[184] [M]: 0x00000000800002CC (0x00000317) auipc t1, 0x0
x6 <- 0x00000000800002CC
mem[X,0x00000000800002D0] -> 0x0313
mem[X,0x00000000800002D2] -> 0x0083
[185] [M]: 0x00000000800002D0 (0x00830313) addi t1, t1, 0x8
x6 <- 0x00000000800002D4
mem[X,0x00000000800002D4] -> 0x2A97
mem[X,0x00000000800002D6] -> 0x3333
[186] [M]: 0x00000000800002D4 (0x33332A97) auipc s5, 0x33332
x21 <- 0x00000000B33322D4
mem[X,0x00000000800002D8] -> 0x8AB3
mem[X,0x00000000800002DA] -> 0x406A
[187] [M]: 0x00000000800002D8 (0x406A8AB3) sub s5, s5, t1
x21 <- 0x0000000033332000
mem[X,0x00000000800002DC] -> 0x3C23
mem[X,0x00000000800002DE] -> 0x0751
[188] [M]: 0x00000000800002DC (0x07513C23) sd s5, 0x78(sp)
mem[0x0000000080003190] <- 0x0000000033332000
mem[X,0x00000000800002E0] -> 0x0317
mem[X,0x00000000800002E2] -> 0x0000
[189] [M]: 0x00000000800002E0 (0x00000317) auipc t1, 0x0
x6 <- 0x00000000800002E0
mem[X,0x00000000800002E4] -> 0x0313
mem[X,0x00000000800002E6] -> 0x0083
[190] [M]: 0x00000000800002E4 (0x00830313) addi t1, t1, 0x8
x6 <- 0x00000000800002E8
mem[X,0x00000000800002E8] -> 0x5617
mem[X,0x00000000800002EA] -> 0x6666
[191] [M]: 0x00000000800002E8 (0x66665617) auipc a2, 0x66665
x12 <- 0x00000000E66652E8
mem[X,0x00000000800002EC] -> 0x0633
mem[X,0x00000000800002EE] -> 0x4066
[192] [M]: 0x00000000800002EC (0x40660633) sub a2, a2, t1
x12 <- 0x0000000066665000
mem[X,0x00000000800002F0] -> 0x3023
mem[X,0x00000000800002F2] -> 0x08C1
[193] [M]: 0x00000000800002F0 (0x08C13023) sd a2, 0x80(sp)
mem[0x0000000080003198] <- 0x0000000066665000
mem[X,0x00000000800002F4] -> 0x0317
mem[X,0x00000000800002F6] -> 0x0000
[194] [M]: 0x00000000800002F4 (0x00000317) auipc t1, 0x0
x6 <- 0x00000000800002F4
mem[X,0x00000000800002F8] -> 0x0313
mem[X,0x00000000800002FA] -> 0x0083
[195] [M]: 0x00000000800002F8 (0x00830313) addi t1, t1, 0x8
x6 <- 0x00000000800002FC
mem[X,0x00000000800002FC] -> 0x3817
mem[X,0x00000000800002FE] -> 0x002D
[196] [M]: 0x00000000800002FC (0x002D3817) auipc a6, 0x2d3
x16 <- 0x00000000802D32FC
mem[X,0x0000000080000300] -> 0x0833
mem[X,0x0000000080000302] -> 0x4068
[197] [M]: 0x0000000080000300 (0x40680833) sub a6, a6, t1
x16 <- 0x00000000002D3000
mem[X,0x0000000080000304] -> 0x3423
mem[X,0x0000000080000306] -> 0x0901
[198] [M]: 0x0000000080000304 (0x09013423) sd a6, 0x88(sp)
mem[0x00000000800031A0] <- 0x00000000002D3000
mem[X,0x0000000080000308] -> 0x0317
mem[X,0x000000008000030A] -> 0x0000
[199] [M]: 0x0000000080000308 (0x00000317) auipc t1, 0x0
x6 <- 0x0000000080000308
clint::tick mtime <- 0x0000000000000002
 clint timer pending at mtime 0x0000000000000002
htif::tick 0x0000000000000000
mem[X,0x000000008000030C] -> 0x0313
mem[X,0x000000008000030E] -> 0x0083
[200] [M]: 0x000000008000030C (0x00830313) addi t1, t1, 0x8
x6 <- 0x0000000080000310
mem[X,0x0000000080000310] -> 0xE497
mem[X,0x0000000080000312] -> 0x003F
[201] [M]: 0x0000000080000310 (0x003FE497) auipc s1, 0x3fe
x9 <- 0x00000000803FE310
mem[X,0x0000000080000314] -> 0x84B3
mem[X,0x0000000080000316] -> 0x4064
[202] [M]: 0x0000000080000314 (0x406484B3) sub s1, s1, t1
x9 <- 0x00000000003FE000
mem[X,0x0000000080000318] -> 0x3823
mem[X,0x000000008000031A] -> 0x0891
[203] [M]: 0x0000000080000318 (0x08913823) sd s1, 0x90(sp)
mem[0x00000000800031A8] <- 0x00000000003FE000
mem[X,0x000000008000031C] -> 0x0317
mem[X,0x000000008000031E] -> 0x0000
[204] [M]: 0x000000008000031C (0x00000317) auipc t1, 0x0
x6 <- 0x000000008000031C
mem[X,0x0000000080000320] -> 0x0313
mem[X,0x0000000080000322] -> 0x0083
[205] [M]: 0x0000000080000320 (0x00830313) addi t1, t1, 0x8
x6 <- 0x0000000080000324
mem[X,0x0000000080000324] -> 0x6217
mem[X,0x0000000080000326] -> 0x5555
[206] [M]: 0x0000000080000324 (0x55556217) auipc tp, 0x55556
x4 <- 0x00000000D5556324
mem[X,0x0000000080000328] -> 0x0233
mem[X,0x000000008000032A] -> 0x4062
[207] [M]: 0x0000000080000328 (0x40620233) sub tp, tp, t1
x4 <- 0x0000000055556000
mem[X,0x000000008000032C] -> 0x3C23
mem[X,0x000000008000032E] -> 0x0841
[208] [M]: 0x000000008000032C (0x08413C23) sd tp, 0x98(sp)
mem[0x00000000800031B0] <- 0x0000000055556000
mem[X,0x0000000080000330] -> 0x0317
mem[X,0x0000000080000332] -> 0x0000
[209] [M]: 0x0000000080000330 (0x00000317) auipc t1, 0x0
x6 <- 0x0000000080000330
mem[X,0x0000000080000334] -> 0x0313
mem[X,0x0000000080000336] -> 0x0083
[210] [M]: 0x0000000080000334 (0x00830313) addi t1, t1, 0x8
x6 <- 0x0000000080000338
mem[X,0x0000000080000338] -> 0xB697
mem[X,0x000000008000033A] -> 0xAAAA
[211] [M]: 0x0000000080000338 (0xAAAAB697) auipc a3, -0x55555
x13 <- 0x000000002AAAB338
mem[X,0x000000008000033C] -> 0x86B3
mem[X,0x000000008000033E] -> 0x4066
[212] [M]: 0x000000008000033C (0x406686B3) sub a3, a3, t1
x13 <- 0xFFFFFFFFAAAAB000
mem[X,0x0000000080000340] -> 0x3023
mem[X,0x0000000080000342] -> 0x0AD1
[213] [M]: 0x0000000080000340 (0x0AD13023) sd a3, 0xa0(sp)
mem[0x00000000800031B8] <- 0xFFFFFFFFAAAAB000
mem[X,0x0000000080000344] -> 0x0317
mem[X,0x0000000080000346] -> 0x0000
[214] [M]: 0x0000000080000344 (0x00000317) auipc t1, 0x0
x6 <- 0x0000000080000344
mem[X,0x0000000080000348] -> 0x0313
mem[X,0x000000008000034A] -> 0x0083
[215] [M]: 0x0000000080000348 (0x00830313) addi t1, t1, 0x8
x6 <- 0x000000008000034C
mem[X,0x000000008000034C] -> 0x6F97
mem[X,0x000000008000034E] -> 0x0000
[216] [M]: 0x000000008000034C (0x00006F97) auipc t6, 0x6
x31 <- 0x000000008000634C
mem[X,0x0000000080000350] -> 0x8FB3
mem[X,0x0000000080000352] -> 0x406F
[217] [M]: 0x0000000080000350 (0x406F8FB3) sub t6, t6, t1
x31 <- 0x0000000000006000
mem[X,0x0000000080000354] -> 0x3423
mem[X,0x0000000080000356] -> 0x0BF1
[218] [M]: 0x0000000080000354 (0x0BF13423) sd t6, 0xa8(sp)
mem[0x00000000800031C0] <- 0x0000000000006000
mem[X,0x0000000080000358] -> 0x0317
mem[X,0x000000008000035A] -> 0x0000
[219] [M]: 0x0000000080000358 (0x00000317) auipc t1, 0x0
x6 <- 0x0000000080000358
mem[X,0x000000008000035C] -> 0x0313
mem[X,0x000000008000035E] -> 0x0083
[220] [M]: 0x000000008000035C (0x00830313) addi t1, t1, 0x8
x6 <- 0x0000000080000360
mem[X,0x0000000080000360] -> 0x4C17
mem[X,0x0000000080000362] -> 0x3333
[221] [M]: 0x0000000080000360 (0x33334C17) auipc s8, 0x33334
x24 <- 0x00000000B3334360
mem[X,0x0000000080000364] -> 0x0C33
mem[X,0x0000000080000366] -> 0x406C
[222] [M]: 0x0000000080000364 (0x406C0C33) sub s8, s8, t1
x24 <- 0x0000000033334000
mem[X,0x0000000080000368] -> 0x3823
mem[X,0x000000008000036A] -> 0x0B81
[223] [M]: 0x0000000080000368 (0x0B813823) sd s8, 0xb0(sp)
mem[0x00000000800031C8] <- 0x0000000033334000
mem[X,0x000000008000036C] -> 0x0317
mem[X,0x000000008000036E] -> 0x0000
[224] [M]: 0x000000008000036C (0x00000317) auipc t1, 0x0
x6 <- 0x000000008000036C
mem[X,0x0000000080000370] -> 0x0313
mem[X,0x0000000080000372] -> 0x0083
[225] [M]: 0x0000000080000370 (0x00830313) addi t1, t1, 0x8
x6 <- 0x0000000080000374
mem[X,0x0000000080000374] -> 0x7897
mem[X,0x0000000080000376] -> 0x6666
[226] [M]: 0x0000000080000374 (0x66667897) auipc a7, 0x66667
x17 <- 0x00000000E6667374
mem[X,0x0000000080000378] -> 0x88B3
mem[X,0x000000008000037A] -> 0x4068
[227] [M]: 0x0000000080000378 (0x406888B3) sub a7, a7, t1
x17 <- 0x0000000066667000
mem[X,0x000000008000037C] -> 0x3C23
mem[X,0x000000008000037E] -> 0x0B11
[228] [M]: 0x000000008000037C (0x0B113C23) sd a7, 0xb8(sp)
mem[0x00000000800031D0] <- 0x0000000066667000
mem[X,0x0000000080000380] -> 0x0317
mem[X,0x0000000080000382] -> 0x0000
[229] [M]: 0x0000000080000380 (0x00000317) auipc t1, 0x0
x6 <- 0x0000000080000380
mem[X,0x0000000080000384] -> 0x0313
mem[X,0x0000000080000386] -> 0x0083
[230] [M]: 0x0000000080000384 (0x00830313) addi t1, t1, 0x8
x6 <- 0x0000000080000388
mem[X,0x0000000080000388] -> 0x5717
mem[X,0x000000008000038A] -> 0x002D
[231] [M]: 0x0000000080000388 (0x002D5717) auipc a4, 0x2d5
x14 <- 0x00000000802D5388
mem[X,0x000000008000038C] -> 0x0733
mem[X,0x000000008000038E] -> 0x4067
[232] [M]: 0x000000008000038C (0x40670733) sub a4, a4, t1
x14 <- 0x00000000002D5000
mem[X,0x0000000080000390] -> 0x3023
mem[X,0x0000000080000392] -> 0x0CE1
[233] [M]: 0x0000000080000390 (0x0CE13023) sd a4, 0xc0(sp)
mem[0x00000000800031D8] <- 0x00000000002D5000
mem[X,0x0000000080000394] -> 0x0317
mem[X,0x0000000080000396] -> 0x0000
[234] [M]: 0x0000000080000394 (0x00000317) auipc t1, 0x0
x6 <- 0x0000000080000394
mem[X,0x0000000080000398] -> 0x0313
mem[X,0x000000008000039A] -> 0x0083
[235] [M]: 0x0000000080000398 (0x00830313) addi t1, t1, 0x8
x6 <- 0x000000008000039C
mem[X,0x000000008000039C] -> 0x1B17
mem[X,0x000000008000039E] -> 0x0000
[236] [M]: 0x000000008000039C (0x00001B17) auipc s6, 0x1
x22 <- 0x000000008000139C
mem[X,0x00000000800003A0] -> 0x0B33
mem[X,0x00000000800003A2] -> 0x406B
[237] [M]: 0x00000000800003A0 (0x406B0B33) sub s6, s6, t1
x22 <- 0x0000000000001000
mem[X,0x00000000800003A4] -> 0x3423
mem[X,0x00000000800003A6] -> 0x0D61
[238] [M]: 0x00000000800003A4 (0x0D613423) sd s6, 0xc8(sp)
mem[0x00000000800031E0] <- 0x0000000000001000
mem[X,0x00000000800003A8] -> 0x0317
mem[X,0x00000000800003AA] -> 0x0000
[239] [M]: 0x00000000800003A8 (0x00000317) auipc t1, 0x0
x6 <- 0x00000000800003A8
mem[X,0x00000000800003AC] -> 0x0313
mem[X,0x00000000800003AE] -> 0x0083
[240] [M]: 0x00000000800003AC (0x00830313) addi t1, t1, 0x8
x6 <- 0x00000000800003B0
mem[X,0x00000000800003B0] -> 0x0297
mem[X,0x00000000800003B2] -> 0x0040
[241] [M]: 0x00000000800003B0 (0x00400297) auipc t0, 0x400
x5 <- 0x00000000804003B0
mem[X,0x00000000800003B4] -> 0x82B3
mem[X,0x00000000800003B6] -> 0x4062
[242] [M]: 0x00000000800003B4 (0x406282B3) sub t0, t0, t1
x5 <- 0x0000000000400000
mem[X,0x00000000800003B8] -> 0x3823
mem[X,0x00000000800003BA] -> 0x0C51
[243] [M]: 0x00000000800003B8 (0x0C513823) sd t0, 0xd0(sp)
mem[0x00000000800031E8] <- 0x0000000000400000
mem[X,0x00000000800003BC] -> 0x0317
mem[X,0x00000000800003BE] -> 0x0000
[244] [M]: 0x00000000800003BC (0x00000317) auipc t1, 0x0
x6 <- 0x00000000800003BC
mem[X,0x00000000800003C0] -> 0x0313
mem[X,0x00000000800003C2] -> 0x0083
[245] [M]: 0x00000000800003C0 (0x00830313) addi t1, t1, 0x8
x6 <- 0x00000000800003C4
mem[X,0x00000000800003C4] -> 0x8E97
mem[X,0x00000000800003C6] -> 0x0000
[246] [M]: 0x00000000800003C4 (0x00008E97) auipc t4, 0x8
x29 <- 0x00000000800083C4
mem[X,0x00000000800003C8] -> 0x8EB3
mem[X,0x00000000800003CA] -> 0x406E
[247] [M]: 0x00000000800003C8 (0x406E8EB3) sub t4, t4, t1
x29 <- 0x0000000000008000
mem[X,0x00000000800003CC] -> 0x3C23
mem[X,0x00000000800003CE] -> 0x0DD1
[248] [M]: 0x00000000800003CC (0x0DD13C23) sd t4, 0xd8(sp)
mem[0x00000000800031F0] <- 0x0000000000008000
mem[X,0x00000000800003D0] -> 0x0197
mem[X,0x00000000800003D2] -> 0x0000
[249] [M]: 0x00000000800003D0 (0x00000197) auipc gp, 0x0
x3 <- 0x00000000800003D0
mem[X,0x00000000800003D4] -> 0x8193
mem[X,0x00000000800003D6] -> 0x0081
[250] [M]: 0x00000000800003D4 (0x00818193) addi gp, gp, 0x8
x3 <- 0x00000000800003D8
mem[X,0x00000000800003D8] -> 0x0E17
mem[X,0x00000000800003DA] -> 0x0001
[251] [M]: 0x00000000800003D8 (0x00010E17) auipc t3, 0x10
x28 <- 0x00000000800103D8
mem[X,0x00000000800003DC] -> 0x0E33
mem[X,0x00000000800003DE] -> 0x403E
[252] [M]: 0x00000000800003DC (0x403E0E33) sub t3, t3, gp
x28 <- 0x0000000000010000
mem[X,0x00000000800003E0] -> 0x3023
mem[X,0x00000000800003E2] -> 0x0FC1
[253] [M]: 0x00000000800003E0 (0x0FC13023) sd t3, 0xe0(sp)
mem[0x00000000800031F8] <- 0x0000000000010000
mem[X,0x00000000800003E4] -> 0x0013
mem[X,0x00000000800003E6] -> 0x0000
[254] [M]: 0x00000000800003E4 (0x00000013) addi zero, zero, 0x0
mem[X,0x00000000800003E8] -> 0x0013
mem[X,0x00000000800003EA] -> 0x0000
[255] [M]: 0x00000000800003E8 (0x00000013) addi zero, zero, 0x0
mem[X,0x00000000800003EC] -> 0x0013
mem[X,0x00000000800003EE] -> 0x0000
[256] [M]: 0x00000000800003EC (0x00000013) addi zero, zero, 0x0
mem[X,0x00000000800003F0] -> 0x0013
mem[X,0x00000000800003F2] -> 0x0000
[257] [M]: 0x00000000800003F0 (0x00000013) addi zero, zero, 0x0
mem[X,0x00000000800003F4] -> 0x0013
mem[X,0x00000000800003F6] -> 0x0000
[258] [M]: 0x00000000800003F4 (0x00000013) addi zero, zero, 0x0
mem[X,0x00000000800003F8] -> 0x0013
mem[X,0x00000000800003FA] -> 0x0000
[259] [M]: 0x00000000800003F8 (0x00000013) addi zero, zero, 0x0
mem[X,0x00000000800003FC] -> 0x0013
mem[X,0x00000000800003FE] -> 0x0000
[260] [M]: 0x00000000800003FC (0x00000013) addi zero, zero, 0x0
mem[X,0x0000000080000400] -> 0x3097
mem[X,0x0000000080000402] -> 0x0000
[261] [M]: 0x0000000080000400 (0x00003097) auipc ra, 0x3
x1 <- 0x0000000080003400
mem[X,0x0000000080000404] -> 0x8093
mem[X,0x0000000080000406] -> 0xE000
[262] [M]: 0x0000000080000404 (0xE0008093) addi ra, ra, -0x200
x1 <- 0x0000000080003200
mem[X,0x0000000080000408] -> 0x0013
mem[X,0x000000008000040A] -> 0x0000
[263] [M]: 0x0000000080000408 (0x00000013) addi zero, zero, 0x0
mem[X,0x000000008000040C] -> 0x0013
mem[X,0x000000008000040E] -> 0x0000
[264] [M]: 0x000000008000040C (0x00000013) addi zero, zero, 0x0
mem[X,0x0000000080000410] -> 0x0013
mem[X,0x0000000080000412] -> 0x0000
[265] [M]: 0x0000000080000410 (0x00000013) addi zero, zero, 0x0
mem[X,0x0000000080000414] -> 0x0013
mem[X,0x0000000080000416] -> 0x0000
[266] [M]: 0x0000000080000414 (0x00000013) addi zero, zero, 0x0
mem[X,0x0000000080000418] -> 0x0013
mem[X,0x000000008000041A] -> 0x0000
[267] [M]: 0x0000000080000418 (0x00000013) addi zero, zero, 0x0
mem[X,0x000000008000041C] -> 0x0013
mem[X,0x000000008000041E] -> 0x0000
[268] [M]: 0x000000008000041C (0x00000013) addi zero, zero, 0x0
mem[X,0x0000000080000420] -> 0x0197
mem[X,0x0000000080000422] -> 0x0000
[269] [M]: 0x0000000080000420 (0x00000197) auipc gp, 0x0
x3 <- 0x0000000080000420
mem[X,0x0000000080000424] -> 0x8193
mem[X,0x0000000080000426] -> 0x0081
[270] [M]: 0x0000000080000424 (0x00818193) addi gp, gp, 0x8
x3 <- 0x0000000080000428
mem[X,0x0000000080000428] -> 0x0317
mem[X,0x000000008000042A] -> 0x0002
[271] [M]: 0x0000000080000428 (0x00020317) auipc t1, 0x20
x6 <- 0x0000000080020428
mem[X,0x000000008000042C] -> 0x0333
mem[X,0x000000008000042E] -> 0x4033
[272] [M]: 0x000000008000042C (0x40330333) sub t1, t1, gp
x6 <- 0x0000000000020000
mem[X,0x0000000080000430] -> 0xB023
mem[X,0x0000000080000432] -> 0x0060
[273] [M]: 0x0000000080000430 (0x0060B023) sd t1, 0x0(ra)
mem[0x0000000080003200] <- 0x0000000000020000
mem[X,0x0000000080000434] -> 0x0197
mem[X,0x0000000080000436] -> 0x0000
[274] [M]: 0x0000000080000434 (0x00000197) auipc gp, 0x0
x3 <- 0x0000000080000434
mem[X,0x0000000080000438] -> 0x8193
mem[X,0x000000008000043A] -> 0x0081
[275] [M]: 0x0000000080000438 (0x00818193) addi gp, gp, 0x8
x3 <- 0x000000008000043C
mem[X,0x000000008000043C] -> 0x0117
mem[X,0x000000008000043E] -> 0x0004
[276] [M]: 0x000000008000043C (0x00040117) auipc sp, 0x40
x2 <- 0x000000008004043C
mem[X,0x0000000080000440] -> 0x0133
mem[X,0x0000000080000442] -> 0x4031
[277] [M]: 0x0000000080000440 (0x40310133) sub sp, sp, gp
x2 <- 0x0000000000040000
mem[X,0x0000000080000444] -> 0xB423
mem[X,0x0000000080000446] -> 0x0020
[278] [M]: 0x0000000080000444 (0x0020B423) sd sp, 0x8(ra)
mem[0x0000000080003208] <- 0x0000000000040000
mem[X,0x0000000080000448] -> 0x0197
mem[X,0x000000008000044A] -> 0x0000
[279] [M]: 0x0000000080000448 (0x00000197) auipc gp, 0x0
x3 <- 0x0000000080000448
mem[X,0x000000008000044C] -> 0x8193
mem[X,0x000000008000044E] -> 0x0081
[280] [M]: 0x000000008000044C (0x00818193) addi gp, gp, 0x8
x3 <- 0x0000000080000450
mem[X,0x0000000080000450] -> 0xFC97
mem[X,0x0000000080000452] -> 0xEFFF
[281] [M]: 0x0000000080000450 (0xEFFFFC97) auipc s9, -0x10001
x25 <- 0x000000006FFFF450
mem[X,0x0000000080000454] -> 0x8CB3
mem[X,0x0000000080000456] -> 0x403C
[282] [M]: 0x0000000080000454 (0x403C8CB3) sub s9, s9, gp
x25 <- 0xFFFFFFFFEFFFF000
mem[X,0x0000000080000458] -> 0xB823
mem[X,0x000000008000045A] -> 0x0190
[283] [M]: 0x0000000080000458 (0x0190B823) sd s9, 0x10(ra)
mem[0x0000000080003210] <- 0xFFFFFFFFEFFFF000
mem[X,0x000000008000045C] -> 0x0197
mem[X,0x000000008000045E] -> 0x0000
[284] [M]: 0x000000008000045C (0x00000197) auipc gp, 0x0
x3 <- 0x000000008000045C
mem[X,0x0000000080000460] -> 0x8193
mem[X,0x0000000080000462] -> 0x0081
[285] [M]: 0x0000000080000460 (0x00818193) addi gp, gp, 0x8
x3 <- 0x0000000080000464
mem[X,0x0000000080000464] -> 0xF517
mem[X,0x0000000080000466] -> 0xDFFF
[286] [M]: 0x0000000080000464 (0xDFFFF517) auipc a0, -0x20001
x10 <- 0x000000005FFFF464
mem[X,0x0000000080000468] -> 0x0533
mem[X,0x000000008000046A] -> 0x4035
[287] [M]: 0x0000000080000468 (0x40350533) sub a0, a0, gp
x10 <- 0xFFFFFFFFDFFFF000
mem[X,0x000000008000046C] -> 0xBC23
mem[X,0x000000008000046E] -> 0x00A0
[288] [M]: 0x000000008000046C (0x00A0BC23) sd a0, 0x18(ra)
mem[0x0000000080003218] <- 0xFFFFFFFFDFFFF000
mem[X,0x0000000080000470] -> 0x0197
mem[X,0x0000000080000472] -> 0x0000
[289] [M]: 0x0000000080000470 (0x00000197) auipc gp, 0x0
x3 <- 0x0000000080000470
mem[X,0x0000000080000474] -> 0x8193
mem[X,0x0000000080000476] -> 0x0081
[290] [M]: 0x0000000080000474 (0x00818193) addi gp, gp, 0x8
x3 <- 0x0000000080000478
mem[X,0x0000000080000478] -> 0xF517
mem[X,0x000000008000047A] -> 0xBFFF
[291] [M]: 0x0000000080000478 (0xBFFFF517) auipc a0, -0x40001
x10 <- 0x000000003FFFF478
mem[X,0x000000008000047C] -> 0x0533
mem[X,0x000000008000047E] -> 0x4035
[292] [M]: 0x000000008000047C (0x40350533) sub a0, a0, gp
x10 <- 0xFFFFFFFFBFFFF000
mem[X,0x0000000080000480] -> 0xB023
mem[X,0x0000000080000482] -> 0x02A0
[293] [M]: 0x0000000080000480 (0x02A0B023) sd a0, 0x20(ra)
mem[0x0000000080003220] <- 0xFFFFFFFFBFFFF000
mem[X,0x0000000080000484] -> 0x0197
mem[X,0x0000000080000486] -> 0x0000
[294] [M]: 0x0000000080000484 (0x00000197) auipc gp, 0x0
x3 <- 0x0000000080000484
mem[X,0x0000000080000488] -> 0x8193
mem[X,0x000000008000048A] -> 0x0081
[295] [M]: 0x0000000080000488 (0x00818193) addi gp, gp, 0x8
x3 <- 0x000000008000048C
mem[X,0x000000008000048C] -> 0xF517
mem[X,0x000000008000048E] -> 0x7FFF
[296] [M]: 0x000000008000048C (0x7FFFF517) auipc a0, 0x7ffff
x10 <- 0x00000000FFFFF48C
mem[X,0x0000000080000490] -> 0x0533
mem[X,0x0000000080000492] -> 0x4035
[297] [M]: 0x0000000080000490 (0x40350533) sub a0, a0, gp
x10 <- 0x000000007FFFF000
mem[X,0x0000000080000494] -> 0xB423
mem[X,0x0000000080000496] -> 0x02A0
[298] [M]: 0x0000000080000494 (0x02A0B423) sd a0, 0x28(ra)
mem[0x0000000080003228] <- 0x000000007FFFF000
mem[X,0x0000000080000498] -> 0x0197
mem[X,0x000000008000049A] -> 0x0000
[299] [M]: 0x0000000080000498 (0x00000197) auipc gp, 0x0
x3 <- 0x0000000080000498
clint::tick mtime <- 0x0000000000000003
 clint timer pending at mtime 0x0000000000000003
htif::tick 0x0000000000000000
mem[X,0x000000008000049C] -> 0x8193
mem[X,0x000000008000049E] -> 0x0081
[300] [M]: 0x000000008000049C (0x00818193) addi gp, gp, 0x8
x3 <- 0x00000000800004A0
mem[X,0x00000000800004A0] -> 0x0517
mem[X,0x00000000800004A2] -> 0x0008
[301] [M]: 0x00000000800004A0 (0x00080517) auipc a0, 0x80
x10 <- 0x00000000800804A0
mem[X,0x00000000800004A4] -> 0x0533
mem[X,0x00000000800004A6] -> 0x4035
[302] [M]: 0x00000000800004A4 (0x40350533) sub a0, a0, gp
x10 <- 0x0000000000080000
mem[X,0x00000000800004A8] -> 0xB823
mem[X,0x00000000800004AA] -> 0x02A0
[303] [M]: 0x00000000800004A8 (0x02A0B823) sd a0, 0x30(ra)
mem[0x0000000080003230] <- 0x0000000000080000
mem[X,0x00000000800004AC] -> 0x0197
mem[X,0x00000000800004AE] -> 0x0000
[304] [M]: 0x00000000800004AC (0x00000197) auipc gp, 0x0
x3 <- 0x00000000800004AC
mem[X,0x00000000800004B0] -> 0x8193
mem[X,0x00000000800004B2] -> 0x0081
[305] [M]: 0x00000000800004B0 (0x00818193) addi gp, gp, 0x8
x3 <- 0x00000000800004B4
mem[X,0x00000000800004B4] -> 0x0517
mem[X,0x00000000800004B6] -> 0x0010
[306] [M]: 0x00000000800004B4 (0x00100517) auipc a0, 0x100
x10 <- 0x00000000801004B4
mem[X,0x00000000800004B8] -> 0x0533
mem[X,0x00000000800004BA] -> 0x4035
[307] [M]: 0x00000000800004B8 (0x40350533) sub a0, a0, gp
x10 <- 0x0000000000100000
mem[X,0x00000000800004BC] -> 0xBC23
mem[X,0x00000000800004BE] -> 0x02A0
[308] [M]: 0x00000000800004BC (0x02A0BC23) sd a0, 0x38(ra)
mem[0x0000000080003238] <- 0x0000000000100000
mem[X,0x00000000800004C0] -> 0x0197
mem[X,0x00000000800004C2] -> 0x0000
[309] [M]: 0x00000000800004C0 (0x00000197) auipc gp, 0x0
x3 <- 0x00000000800004C0
mem[X,0x00000000800004C4] -> 0x8193
mem[X,0x00000000800004C6] -> 0x0081
[310] [M]: 0x00000000800004C4 (0x00818193) addi gp, gp, 0x8
x3 <- 0x00000000800004C8
mem[X,0x00000000800004C8] -> 0x0517
mem[X,0x00000000800004CA] -> 0x0020
[311] [M]: 0x00000000800004C8 (0x00200517) auipc a0, 0x200
x10 <- 0x00000000802004C8
mem[X,0x00000000800004CC] -> 0x0533
mem[X,0x00000000800004CE] -> 0x4035
[312] [M]: 0x00000000800004CC (0x40350533) sub a0, a0, gp
x10 <- 0x0000000000200000
mem[X,0x00000000800004D0] -> 0xB023
mem[X,0x00000000800004D2] -> 0x04A0
[313] [M]: 0x00000000800004D0 (0x04A0B023) sd a0, 0x40(ra)
mem[0x0000000080003240] <- 0x0000000000200000
mem[X,0x00000000800004D4] -> 0x0197
mem[X,0x00000000800004D6] -> 0x0000
[314] [M]: 0x00000000800004D4 (0x00000197) auipc gp, 0x0
x3 <- 0x00000000800004D4
mem[X,0x00000000800004D8] -> 0x8193
mem[X,0x00000000800004DA] -> 0x0081
[315] [M]: 0x00000000800004D8 (0x00818193) addi gp, gp, 0x8
x3 <- 0x00000000800004DC
mem[X,0x00000000800004DC] -> 0x0517
mem[X,0x00000000800004DE] -> 0x0080
[316] [M]: 0x00000000800004DC (0x00800517) auipc a0, 0x800
x10 <- 0x00000000808004DC
mem[X,0x00000000800004E0] -> 0x0533
mem[X,0x00000000800004E2] -> 0x4035
[317] [M]: 0x00000000800004E0 (0x40350533) sub a0, a0, gp
x10 <- 0x0000000000800000
mem[X,0x00000000800004E4] -> 0xB423
mem[X,0x00000000800004E6] -> 0x04A0
[318] [M]: 0x00000000800004E4 (0x04A0B423) sd a0, 0x48(ra)
mem[0x0000000080003248] <- 0x0000000000800000
mem[X,0x00000000800004E8] -> 0x0197
mem[X,0x00000000800004EA] -> 0x0000
[319] [M]: 0x00000000800004E8 (0x00000197) auipc gp, 0x0
x3 <- 0x00000000800004E8
mem[X,0x00000000800004EC] -> 0x8193
mem[X,0x00000000800004EE] -> 0x0081
[320] [M]: 0x00000000800004EC (0x00818193) addi gp, gp, 0x8
x3 <- 0x00000000800004F0
mem[X,0x00000000800004F0] -> 0x0517
mem[X,0x00000000800004F2] -> 0x0100
[321] [M]: 0x00000000800004F0 (0x01000517) auipc a0, 0x1000
x10 <- 0x00000000810004F0
mem[X,0x00000000800004F4] -> 0x0533
mem[X,0x00000000800004F6] -> 0x4035
[322] [M]: 0x00000000800004F4 (0x40350533) sub a0, a0, gp
x10 <- 0x0000000001000000
mem[X,0x00000000800004F8] -> 0xB823
mem[X,0x00000000800004FA] -> 0x04A0
[323] [M]: 0x00000000800004F8 (0x04A0B823) sd a0, 0x50(ra)
mem[0x0000000080003250] <- 0x0000000001000000
mem[X,0x00000000800004FC] -> 0x0197
mem[X,0x00000000800004FE] -> 0x0000
[324] [M]: 0x00000000800004FC (0x00000197) auipc gp, 0x0
x3 <- 0x00000000800004FC
mem[X,0x0000000080000500] -> 0x8193
mem[X,0x0000000080000502] -> 0x0081
[325] [M]: 0x0000000080000500 (0x00818193) addi gp, gp, 0x8
x3 <- 0x0000000080000504
mem[X,0x0000000080000504] -> 0x0517
mem[X,0x0000000080000506] -> 0x0200
[326] [M]: 0x0000000080000504 (0x02000517) auipc a0, 0x2000
x10 <- 0x0000000082000504
mem[X,0x0000000080000508] -> 0x0533
mem[X,0x000000008000050A] -> 0x4035
[327] [M]: 0x0000000080000508 (0x40350533) sub a0, a0, gp
x10 <- 0x0000000002000000
mem[X,0x000000008000050C] -> 0xBC23
mem[X,0x000000008000050E] -> 0x04A0
[328] [M]: 0x000000008000050C (0x04A0BC23) sd a0, 0x58(ra)
mem[0x0000000080003258] <- 0x0000000002000000
mem[X,0x0000000080000510] -> 0x0197
mem[X,0x0000000080000512] -> 0x0000
[329] [M]: 0x0000000080000510 (0x00000197) auipc gp, 0x0
x3 <- 0x0000000080000510
mem[X,0x0000000080000514] -> 0x8193
mem[X,0x0000000080000516] -> 0x0081
[330] [M]: 0x0000000080000514 (0x00818193) addi gp, gp, 0x8
x3 <- 0x0000000080000518
mem[X,0x0000000080000518] -> 0x0517
mem[X,0x000000008000051A] -> 0x0400
[331] [M]: 0x0000000080000518 (0x04000517) auipc a0, 0x4000
x10 <- 0x0000000084000518
mem[X,0x000000008000051C] -> 0x0533
mem[X,0x000000008000051E] -> 0x4035
[332] [M]: 0x000000008000051C (0x40350533) sub a0, a0, gp
x10 <- 0x0000000004000000
mem[X,0x0000000080000520] -> 0xB023
mem[X,0x0000000080000522] -> 0x06A0
[333] [M]: 0x0000000080000520 (0x06A0B023) sd a0, 0x60(ra)
mem[0x0000000080003260] <- 0x0000000004000000
mem[X,0x0000000080000524] -> 0x0197
mem[X,0x0000000080000526] -> 0x0000
[334] [M]: 0x0000000080000524 (0x00000197) auipc gp, 0x0
x3 <- 0x0000000080000524
mem[X,0x0000000080000528] -> 0x8193
mem[X,0x000000008000052A] -> 0x0081
[335] [M]: 0x0000000080000528 (0x00818193) addi gp, gp, 0x8
x3 <- 0x000000008000052C
mem[X,0x000000008000052C] -> 0x0517
mem[X,0x000000008000052E] -> 0x0800
[336] [M]: 0x000000008000052C (0x08000517) auipc a0, 0x8000
x10 <- 0x000000008800052C
mem[X,0x0000000080000530] -> 0x0533
mem[X,0x0000000080000532] -> 0x4035
[337] [M]: 0x0000000080000530 (0x40350533) sub a0, a0, gp
x10 <- 0x0000000008000000
mem[X,0x0000000080000534] -> 0xB423
mem[X,0x0000000080000536] -> 0x06A0
[338] [M]: 0x0000000080000534 (0x06A0B423) sd a0, 0x68(ra)
mem[0x0000000080003268] <- 0x0000000008000000
mem[X,0x0000000080000538] -> 0x0197
mem[X,0x000000008000053A] -> 0x0000
[339] [M]: 0x0000000080000538 (0x00000197) auipc gp, 0x0
x3 <- 0x0000000080000538
mem[X,0x000000008000053C] -> 0x8193
mem[X,0x000000008000053E] -> 0x0081
[340] [M]: 0x000000008000053C (0x00818193) addi gp, gp, 0x8
x3 <- 0x0000000080000540
mem[X,0x0000000080000540] -> 0x0517
mem[X,0x0000000080000542] -> 0x1000
[341] [M]: 0x0000000080000540 (0x10000517) auipc a0, 0x10000
x10 <- 0x0000000090000540
mem[X,0x0000000080000544] -> 0x0533
mem[X,0x0000000080000546] -> 0x4035
[342] [M]: 0x0000000080000544 (0x40350533) sub a0, a0, gp
x10 <- 0x0000000010000000
mem[X,0x0000000080000548] -> 0xB823
mem[X,0x000000008000054A] -> 0x06A0
[343] [M]: 0x0000000080000548 (0x06A0B823) sd a0, 0x70(ra)
mem[0x0000000080003270] <- 0x0000000010000000
mem[X,0x000000008000054C] -> 0x0197
mem[X,0x000000008000054E] -> 0x0000
[344] [M]: 0x000000008000054C (0x00000197) auipc gp, 0x0
x3 <- 0x000000008000054C
mem[X,0x0000000080000550] -> 0x8193
mem[X,0x0000000080000552] -> 0x0081
[345] [M]: 0x0000000080000550 (0x00818193) addi gp, gp, 0x8
x3 <- 0x0000000080000554
mem[X,0x0000000080000554] -> 0x0517
mem[X,0x0000000080000556] -> 0x2000
[346] [M]: 0x0000000080000554 (0x20000517) auipc a0, 0x20000
x10 <- 0x00000000A0000554
mem[X,0x0000000080000558] -> 0x0533
mem[X,0x000000008000055A] -> 0x4035
[347] [M]: 0x0000000080000558 (0x40350533) sub a0, a0, gp
x10 <- 0x0000000020000000
mem[X,0x000000008000055C] -> 0xBC23
mem[X,0x000000008000055E] -> 0x06A0
[348] [M]: 0x000000008000055C (0x06A0BC23) sd a0, 0x78(ra)
mem[0x0000000080003278] <- 0x0000000020000000
mem[X,0x0000000080000560] -> 0x0197
mem[X,0x0000000080000562] -> 0x0000
[349] [M]: 0x0000000080000560 (0x00000197) auipc gp, 0x0
x3 <- 0x0000000080000560
mem[X,0x0000000080000564] -> 0x8193
mem[X,0x0000000080000566] -> 0x0081
[350] [M]: 0x0000000080000564 (0x00818193) addi gp, gp, 0x8
x3 <- 0x0000000080000568
mem[X,0x0000000080000568] -> 0x0517
mem[X,0x000000008000056A] -> 0x4000
[351] [M]: 0x0000000080000568 (0x40000517) auipc a0, 0x40000
x10 <- 0x00000000C0000568
mem[X,0x000000008000056C] -> 0x0533
mem[X,0x000000008000056E] -> 0x4035
[352] [M]: 0x000000008000056C (0x40350533) sub a0, a0, gp
x10 <- 0x0000000040000000
mem[X,0x0000000080000570] -> 0xB023
mem[X,0x0000000080000572] -> 0x08A0
[353] [M]: 0x0000000080000570 (0x08A0B023) sd a0, 0x80(ra)
mem[0x0000000080003280] <- 0x0000000040000000
mem[X,0x0000000080000574] -> 0x0197
mem[X,0x0000000080000576] -> 0x0000
[354] [M]: 0x0000000080000574 (0x00000197) auipc gp, 0x0
x3 <- 0x0000000080000574
mem[X,0x0000000080000578] -> 0x8193
mem[X,0x000000008000057A] -> 0x0081
[355] [M]: 0x0000000080000578 (0x00818193) addi gp, gp, 0x8
x3 <- 0x000000008000057C
mem[X,0x000000008000057C] -> 0x0517
mem[X,0x000000008000057E] -> 0x8000
[356] [M]: 0x000000008000057C (0x80000517) auipc a0, -0x80000
x10 <- 0x000000000000057C
mem[X,0x0000000080000580] -> 0x0533
mem[X,0x0000000080000582] -> 0x4035
[357] [M]: 0x0000000080000580 (0x40350533) sub a0, a0, gp
x10 <- 0xFFFFFFFF80000000
mem[X,0x0000000080000584] -> 0xB423
mem[X,0x0000000080000586] -> 0x08A0
[358] [M]: 0x0000000080000584 (0x08A0B423) sd a0, 0x88(ra)
mem[0x0000000080003288] <- 0xFFFFFFFF80000000
mem[X,0x0000000080000588] -> 0x0197
mem[X,0x000000008000058A] -> 0x0000
[359] [M]: 0x0000000080000588 (0x00000197) auipc gp, 0x0
x3 <- 0x0000000080000588
mem[X,0x000000008000058C] -> 0x8193
mem[X,0x000000008000058E] -> 0x0081
[360] [M]: 0x000000008000058C (0x00818193) addi gp, gp, 0x8
x3 <- 0x0000000080000590
mem[X,0x0000000080000590] -> 0xE517
mem[X,0x0000000080000592] -> 0xFFFF
[361] [M]: 0x0000000080000590 (0xFFFFE517) auipc a0, -0x2
x10 <- 0x000000007FFFE590
mem[X,0x0000000080000594] -> 0x0533
mem[X,0x0000000080000596] -> 0x4035
[362] [M]: 0x0000000080000594 (0x40350533) sub a0, a0, gp
x10 <- 0xFFFFFFFFFFFFE000
mem[X,0x0000000080000598] -> 0xB823
mem[X,0x000000008000059A] -> 0x08A0
[363] [M]: 0x0000000080000598 (0x08A0B823) sd a0, 0x90(ra)
mem[0x0000000080003290] <- 0xFFFFFFFFFFFFE000
mem[X,0x000000008000059C] -> 0x0197
mem[X,0x000000008000059E] -> 0x0000
[364] [M]: 0x000000008000059C (0x00000197) auipc gp, 0x0
x3 <- 0x000000008000059C
mem[X,0x00000000800005A0] -> 0x8193
mem[X,0x00000000800005A2] -> 0x0081
[365] [M]: 0x00000000800005A0 (0x00818193) addi gp, gp, 0x8
x3 <- 0x00000000800005A4
mem[X,0x00000000800005A4] -> 0xD517
mem[X,0x00000000800005A6] -> 0xFFFF
[366] [M]: 0x00000000800005A4 (0xFFFFD517) auipc a0, -0x3
x10 <- 0x000000007FFFD5A4
mem[X,0x00000000800005A8] -> 0x0533
mem[X,0x00000000800005AA] -> 0x4035
[367] [M]: 0x00000000800005A8 (0x40350533) sub a0, a0, gp
x10 <- 0xFFFFFFFFFFFFD000
mem[X,0x00000000800005AC] -> 0xBC23
mem[X,0x00000000800005AE] -> 0x08A0
[368] [M]: 0x00000000800005AC (0x08A0BC23) sd a0, 0x98(ra)
mem[0x0000000080003298] <- 0xFFFFFFFFFFFFD000
mem[X,0x00000000800005B0] -> 0x0197
mem[X,0x00000000800005B2] -> 0x0000
[369] [M]: 0x00000000800005B0 (0x00000197) auipc gp, 0x0
x3 <- 0x00000000800005B0
mem[X,0x00000000800005B4] -> 0x8193
mem[X,0x00000000800005B6] -> 0x0081
[370] [M]: 0x00000000800005B4 (0x00818193) addi gp, gp, 0x8
x3 <- 0x00000000800005B8
mem[X,0x00000000800005B8] -> 0xB517
mem[X,0x00000000800005BA] -> 0xFFFF
[371] [M]: 0x00000000800005B8 (0xFFFFB517) auipc a0, -0x5
x10 <- 0x000000007FFFB5B8
mem[X,0x00000000800005BC] -> 0x0533
mem[X,0x00000000800005BE] -> 0x4035
[372] [M]: 0x00000000800005BC (0x40350533) sub a0, a0, gp
x10 <- 0xFFFFFFFFFFFFB000
mem[X,0x00000000800005C0] -> 0xB023
mem[X,0x00000000800005C2] -> 0x0AA0
[373] [M]: 0x00000000800005C0 (0x0AA0B023) sd a0, 0xa0(ra)
mem[0x00000000800032A0] <- 0xFFFFFFFFFFFFB000
mem[X,0x00000000800005C4] -> 0x0197
mem[X,0x00000000800005C6] -> 0x0000
[374] [M]: 0x00000000800005C4 (0x00000197) auipc gp, 0x0
x3 <- 0x00000000800005C4
mem[X,0x00000000800005C8] -> 0x8193
mem[X,0x00000000800005CA] -> 0x0081
[375] [M]: 0x00000000800005C8 (0x00818193) addi gp, gp, 0x8
x3 <- 0x00000000800005CC
mem[X,0x00000000800005CC] -> 0x7517
mem[X,0x00000000800005CE] -> 0xFFFF
[376] [M]: 0x00000000800005CC (0xFFFF7517) auipc a0, -0x9
x10 <- 0x000000007FFF75CC
mem[X,0x00000000800005D0] -> 0x0533
mem[X,0x00000000800005D2] -> 0x4035
[377] [M]: 0x00000000800005D0 (0x40350533) sub a0, a0, gp
x10 <- 0xFFFFFFFFFFFF7000
mem[X,0x00000000800005D4] -> 0xB423
mem[X,0x00000000800005D6] -> 0x0AA0
[378] [M]: 0x00000000800005D4 (0x0AA0B423) sd a0, 0xa8(ra)
mem[0x00000000800032A8] <- 0xFFFFFFFFFFFF7000
mem[X,0x00000000800005D8] -> 0x0197
mem[X,0x00000000800005DA] -> 0x0000
[379] [M]: 0x00000000800005D8 (0x00000197) auipc gp, 0x0
x3 <- 0x00000000800005D8
mem[X,0x00000000800005DC] -> 0x8193
mem[X,0x00000000800005DE] -> 0x0081
[380] [M]: 0x00000000800005DC (0x00818193) addi gp, gp, 0x8
x3 <- 0x00000000800005E0
mem[X,0x00000000800005E0] -> 0xF517
mem[X,0x00000000800005E2] -> 0xFFFE
[381] [M]: 0x00000000800005E0 (0xFFFEF517) auipc a0, -0x11
x10 <- 0x000000007FFEF5E0
mem[X,0x00000000800005E4] -> 0x0533
mem[X,0x00000000800005E6] -> 0x4035
[382] [M]: 0x00000000800005E4 (0x40350533) sub a0, a0, gp
x10 <- 0xFFFFFFFFFFFEF000
mem[X,0x00000000800005E8] -> 0xB823
mem[X,0x00000000800005EA] -> 0x0AA0
[383] [M]: 0x00000000800005E8 (0x0AA0B823) sd a0, 0xb0(ra)
mem[0x00000000800032B0] <- 0xFFFFFFFFFFFEF000
mem[X,0x00000000800005EC] -> 0x0197
mem[X,0x00000000800005EE] -> 0x0000
[384] [M]: 0x00000000800005EC (0x00000197) auipc gp, 0x0
x3 <- 0x00000000800005EC
mem[X,0x00000000800005F0] -> 0x8193
mem[X,0x00000000800005F2] -> 0x0081
[385] [M]: 0x00000000800005F0 (0x00818193) addi gp, gp, 0x8
x3 <- 0x00000000800005F4
mem[X,0x00000000800005F4] -> 0xF517
mem[X,0x00000000800005F6] -> 0xFFFD
[386] [M]: 0x00000000800005F4 (0xFFFDF517) auipc a0, -0x21
x10 <- 0x000000007FFDF5F4
mem[X,0x00000000800005F8] -> 0x0533
mem[X,0x00000000800005FA] -> 0x4035
[387] [M]: 0x00000000800005F8 (0x40350533) sub a0, a0, gp
x10 <- 0xFFFFFFFFFFFDF000
mem[X,0x00000000800005FC] -> 0xBC23
mem[X,0x00000000800005FE] -> 0x0AA0
[388] [M]: 0x00000000800005FC (0x0AA0BC23) sd a0, 0xb8(ra)
mem[0x00000000800032B8] <- 0xFFFFFFFFFFFDF000
mem[X,0x0000000080000600] -> 0x0197
mem[X,0x0000000080000602] -> 0x0000
[389] [M]: 0x0000000080000600 (0x00000197) auipc gp, 0x0
x3 <- 0x0000000080000600
mem[X,0x0000000080000604] -> 0x8193
mem[X,0x0000000080000606] -> 0x0081
[390] [M]: 0x0000000080000604 (0x00818193) addi gp, gp, 0x8
x3 <- 0x0000000080000608
mem[X,0x0000000080000608] -> 0xF517
mem[X,0x000000008000060A] -> 0xFFFB
[391] [M]: 0x0000000080000608 (0xFFFBF517) auipc a0, -0x41
x10 <- 0x000000007FFBF608
mem[X,0x000000008000060C] -> 0x0533
mem[X,0x000000008000060E] -> 0x4035
[392] [M]: 0x000000008000060C (0x40350533) sub a0, a0, gp
x10 <- 0xFFFFFFFFFFFBF000
mem[X,0x0000000080000610] -> 0xB023
mem[X,0x0000000080000612] -> 0x0CA0
[393] [M]: 0x0000000080000610 (0x0CA0B023) sd a0, 0xc0(ra)
mem[0x00000000800032C0] <- 0xFFFFFFFFFFFBF000
mem[X,0x0000000080000614] -> 0x0197
mem[X,0x0000000080000616] -> 0x0000
[394] [M]: 0x0000000080000614 (0x00000197) auipc gp, 0x0
x3 <- 0x0000000080000614
mem[X,0x0000000080000618] -> 0x8193
mem[X,0x000000008000061A] -> 0x0081
[395] [M]: 0x0000000080000618 (0x00818193) addi gp, gp, 0x8
x3 <- 0x000000008000061C
mem[X,0x000000008000061C] -> 0xF517
mem[X,0x000000008000061E] -> 0xFFF7
[396] [M]: 0x000000008000061C (0xFFF7F517) auipc a0, -0x81
x10 <- 0x000000007FF7F61C
mem[X,0x0000000080000620] -> 0x0533
mem[X,0x0000000080000622] -> 0x4035
[397] [M]: 0x0000000080000620 (0x40350533) sub a0, a0, gp
x10 <- 0xFFFFFFFFFFF7F000
mem[X,0x0000000080000624] -> 0xB423
mem[X,0x0000000080000626] -> 0x0CA0
[398] [M]: 0x0000000080000624 (0x0CA0B423) sd a0, 0xc8(ra)
mem[0x00000000800032C8] <- 0xFFFFFFFFFFF7F000
mem[X,0x0000000080000628] -> 0x0197
mem[X,0x000000008000062A] -> 0x0000
[399] [M]: 0x0000000080000628 (0x00000197) auipc gp, 0x0
x3 <- 0x0000000080000628
clint::tick mtime <- 0x0000000000000004
 clint timer pending at mtime 0x0000000000000004
htif::tick 0x0000000000000000
mem[X,0x000000008000062C] -> 0x8193
mem[X,0x000000008000062E] -> 0x0081
[400] [M]: 0x000000008000062C (0x00818193) addi gp, gp, 0x8
x3 <- 0x0000000080000630
mem[X,0x0000000080000630] -> 0xF517
mem[X,0x0000000080000632] -> 0xFFEF
[401] [M]: 0x0000000080000630 (0xFFEFF517) auipc a0, -0x101
x10 <- 0x000000007FEFF630
mem[X,0x0000000080000634] -> 0x0533
mem[X,0x0000000080000636] -> 0x4035
[402] [M]: 0x0000000080000634 (0x40350533) sub a0, a0, gp
x10 <- 0xFFFFFFFFFFEFF000
mem[X,0x0000000080000638] -> 0xB823
mem[X,0x000000008000063A] -> 0x0CA0
[403] [M]: 0x0000000080000638 (0x0CA0B823) sd a0, 0xd0(ra)
mem[0x00000000800032D0] <- 0xFFFFFFFFFFEFF000
mem[X,0x000000008000063C] -> 0x0197
mem[X,0x000000008000063E] -> 0x0000
[404] [M]: 0x000000008000063C (0x00000197) auipc gp, 0x0
x3 <- 0x000000008000063C
mem[X,0x0000000080000640] -> 0x8193
mem[X,0x0000000080000642] -> 0x0081
[405] [M]: 0x0000000080000640 (0x00818193) addi gp, gp, 0x8
x3 <- 0x0000000080000644
mem[X,0x0000000080000644] -> 0xF517
mem[X,0x0000000080000646] -> 0xFFBF
[406] [M]: 0x0000000080000644 (0xFFBFF517) auipc a0, -0x401
x10 <- 0x000000007FBFF644
mem[X,0x0000000080000648] -> 0x0533
mem[X,0x000000008000064A] -> 0x4035
[407] [M]: 0x0000000080000648 (0x40350533) sub a0, a0, gp
x10 <- 0xFFFFFFFFFFBFF000
mem[X,0x000000008000064C] -> 0xBC23
mem[X,0x000000008000064E] -> 0x0CA0
[408] [M]: 0x000000008000064C (0x0CA0BC23) sd a0, 0xd8(ra)
mem[0x00000000800032D8] <- 0xFFFFFFFFFFBFF000
mem[X,0x0000000080000650] -> 0x0197
mem[X,0x0000000080000652] -> 0x0000
[409] [M]: 0x0000000080000650 (0x00000197) auipc gp, 0x0
x3 <- 0x0000000080000650
mem[X,0x0000000080000654] -> 0x8193
mem[X,0x0000000080000656] -> 0x0081
[410] [M]: 0x0000000080000654 (0x00818193) addi gp, gp, 0x8
x3 <- 0x0000000080000658
mem[X,0x0000000080000658] -> 0xF517
mem[X,0x000000008000065A] -> 0xFF7F
[411] [M]: 0x0000000080000658 (0xFF7FF517) auipc a0, -0x801
x10 <- 0x000000007F7FF658
mem[X,0x000000008000065C] -> 0x0533
mem[X,0x000000008000065E] -> 0x4035
[412] [M]: 0x000000008000065C (0x40350533) sub a0, a0, gp
x10 <- 0xFFFFFFFFFF7FF000
mem[X,0x0000000080000660] -> 0xB023
mem[X,0x0000000080000662] -> 0x0EA0
[413] [M]: 0x0000000080000660 (0x0EA0B023) sd a0, 0xe0(ra)
mem[0x00000000800032E0] <- 0xFFFFFFFFFF7FF000
mem[X,0x0000000080000664] -> 0x0197
mem[X,0x0000000080000666] -> 0x0000
[414] [M]: 0x0000000080000664 (0x00000197) auipc gp, 0x0
x3 <- 0x0000000080000664
mem[X,0x0000000080000668] -> 0x8193
mem[X,0x000000008000066A] -> 0x0081
[415] [M]: 0x0000000080000668 (0x00818193) addi gp, gp, 0x8
x3 <- 0x000000008000066C
mem[X,0x000000008000066C] -> 0xF517
mem[X,0x000000008000066E] -> 0xFEFF
[416] [M]: 0x000000008000066C (0xFEFFF517) auipc a0, -0x1001
x10 <- 0x000000007EFFF66C
mem[X,0x0000000080000670] -> 0x0533
mem[X,0x0000000080000672] -> 0x4035
[417] [M]: 0x0000000080000670 (0x40350533) sub a0, a0, gp
x10 <- 0xFFFFFFFFFEFFF000
mem[X,0x0000000080000674] -> 0xB423
mem[X,0x0000000080000676] -> 0x0EA0
[418] [M]: 0x0000000080000674 (0x0EA0B423) sd a0, 0xe8(ra)
mem[0x00000000800032E8] <- 0xFFFFFFFFFEFFF000
mem[X,0x0000000080000678] -> 0x0197
mem[X,0x000000008000067A] -> 0x0000
[419] [M]: 0x0000000080000678 (0x00000197) auipc gp, 0x0
x3 <- 0x0000000080000678
mem[X,0x000000008000067C] -> 0x8193
mem[X,0x000000008000067E] -> 0x0081
[420] [M]: 0x000000008000067C (0x00818193) addi gp, gp, 0x8
x3 <- 0x0000000080000680
mem[X,0x0000000080000680] -> 0xF517
mem[X,0x0000000080000682] -> 0xFDFF
[421] [M]: 0x0000000080000680 (0xFDFFF517) auipc a0, -0x2001
x10 <- 0x000000007DFFF680
mem[X,0x0000000080000684] -> 0x0533
mem[X,0x0000000080000686] -> 0x4035
[422] [M]: 0x0000000080000684 (0x40350533) sub a0, a0, gp
x10 <- 0xFFFFFFFFFDFFF000
mem[X,0x0000000080000688] -> 0xB823
mem[X,0x000000008000068A] -> 0x0EA0
[423] [M]: 0x0000000080000688 (0x0EA0B823) sd a0, 0xf0(ra)
mem[0x00000000800032F0] <- 0xFFFFFFFFFDFFF000
mem[X,0x000000008000068C] -> 0x0197
mem[X,0x000000008000068E] -> 0x0000
[424] [M]: 0x000000008000068C (0x00000197) auipc gp, 0x0
x3 <- 0x000000008000068C
mem[X,0x0000000080000690] -> 0x8193
mem[X,0x0000000080000692] -> 0x0081
[425] [M]: 0x0000000080000690 (0x00818193) addi gp, gp, 0x8
x3 <- 0x0000000080000694
mem[X,0x0000000080000694] -> 0xF517
mem[X,0x0000000080000696] -> 0xFBFF
[426] [M]: 0x0000000080000694 (0xFBFFF517) auipc a0, -0x4001
x10 <- 0x000000007BFFF694
mem[X,0x0000000080000698] -> 0x0533
mem[X,0x000000008000069A] -> 0x4035
[427] [M]: 0x0000000080000698 (0x40350533) sub a0, a0, gp
x10 <- 0xFFFFFFFFFBFFF000
mem[X,0x000000008000069C] -> 0xBC23
mem[X,0x000000008000069E] -> 0x0EA0
[428] [M]: 0x000000008000069C (0x0EA0BC23) sd a0, 0xf8(ra)
mem[0x00000000800032F8] <- 0xFFFFFFFFFBFFF000
mem[X,0x00000000800006A0] -> 0x0197
mem[X,0x00000000800006A2] -> 0x0000
[429] [M]: 0x00000000800006A0 (0x00000197) auipc gp, 0x0
x3 <- 0x00000000800006A0
mem[X,0x00000000800006A4] -> 0x8193
mem[X,0x00000000800006A6] -> 0x0081
[430] [M]: 0x00000000800006A4 (0x00818193) addi gp, gp, 0x8
x3 <- 0x00000000800006A8
mem[X,0x00000000800006A8] -> 0xF517
mem[X,0x00000000800006AA] -> 0xF7FF
[431] [M]: 0x00000000800006A8 (0xF7FFF517) auipc a0, -0x8001
x10 <- 0x0000000077FFF6A8
mem[X,0x00000000800006AC] -> 0x0533
mem[X,0x00000000800006AE] -> 0x4035
[432] [M]: 0x00000000800006AC (0x40350533) sub a0, a0, gp
x10 <- 0xFFFFFFFFF7FFF000
mem[X,0x00000000800006B0] -> 0xB023
mem[X,0x00000000800006B2] -> 0x10A0
[433] [M]: 0x00000000800006B0 (0x10A0B023) sd a0, 0x100(ra)
mem[0x0000000080003300] <- 0xFFFFFFFFF7FFF000
mem[X,0x00000000800006B4] -> 0x0197
mem[X,0x00000000800006B6] -> 0x0000
[434] [M]: 0x00000000800006B4 (0x00000197) auipc gp, 0x0
x3 <- 0x00000000800006B4
mem[X,0x00000000800006B8] -> 0x8193
mem[X,0x00000000800006BA] -> 0x0081
[435] [M]: 0x00000000800006B8 (0x00818193) addi gp, gp, 0x8
x3 <- 0x00000000800006BC
mem[X,0x00000000800006BC] -> 0x4517
mem[X,0x00000000800006BE] -> 0x0000
[436] [M]: 0x00000000800006BC (0x00004517) auipc a0, 0x4
x10 <- 0x00000000800046BC
mem[X,0x00000000800006C0] -> 0x0533
mem[X,0x00000000800006C2] -> 0x4035
[437] [M]: 0x00000000800006C0 (0x40350533) sub a0, a0, gp
x10 <- 0x0000000000004000
mem[X,0x00000000800006C4] -> 0xB423
mem[X,0x00000000800006C6] -> 0x10A0
[438] [M]: 0x00000000800006C4 (0x10A0B423) sd a0, 0x108(ra)
mem[0x0000000080003308] <- 0x0000000000004000
mem[X,0x00000000800006C8] -> 0x006F
mem[X,0x00000000800006CA] -> 0x0380
[439] [M]: 0x00000000800006C8 (0x0380006F) jal zero, 0x38
mem[X,0x0000000080000700] -> 0x0093
mem[X,0x0000000080000702] -> 0x0010
[440] [M]: 0x0000000080000700 (0x00100093) addi ra, zero, 0x1
x1 <- 0x0000000000000001
mem[X,0x0000000080000704] -> 0x1F17
mem[X,0x0000000080000706] -> 0x0000
[441] [M]: 0x0000000080000704 (0x00001F17) auipc t5, 0x1
x30 <- 0x0000000080001704
mem[X,0x0000000080000708] -> 0x2E23
mem[X,0x000000008000070A] -> 0x8E1F
[442] [M]: 0x0000000080000708 (0x8E1F2E23) sw ra, -0x704(t5)
htif[0x0000000080001000] <- 0x00000001
mem[X,0x000000008000070C] -> 0xF06F
mem[X,0x000000008000070E] -> 0xFF9F
[443] [M]: 0x000000008000070C (0xFF9FF06F) jal zero, -0x8
mem[X,0x0000000080000704] -> 0x1F17
mem[X,0x0000000080000706] -> 0x0000
[444] [M]: 0x0000000080000704 (0x00001F17) auipc t5, 0x1
x30 <- 0x0000000080001704
mem[X,0x0000000080000708] -> 0x2E23
mem[X,0x000000008000070A] -> 0x8E1F
[445] [M]: 0x0000000080000708 (0x8E1F2E23) sw ra, -0x704(t5)
htif[0x0000000080001000] <- 0x00000001
mem[X,0x000000008000070C] -> 0xF06F
mem[X,0x000000008000070E] -> 0xFF9F
[446] [M]: 0x000000008000070C (0xFF9FF06F) jal zero, -0x8
mem[X,0x0000000080000704] -> 0x1F17
mem[X,0x0000000080000706] -> 0x0000
[447] [M]: 0x0000000080000704 (0x00001F17) auipc t5, 0x1
x30 <- 0x0000000080001704
mem[X,0x0000000080000708] -> 0x2E23
mem[X,0x000000008000070A] -> 0x8E1F
[448] [M]: 0x0000000080000708 (0x8E1F2E23) sw ra, -0x704(t5)
htif[0x0000000080001000] <- 0x00000001
htif-syscall-proxy cmd: 0x000000000001
SUCCESS
