using /home/mamir/tempo/riscof/riscof_work/rv64i_m/I/src/srai-01.S/ref/Reference-sail_c_simulator.signature for test-signature output.
tohost located at 0x80001000
Running file ref.elf.
ELF Entry @ 0x80000000
begin_signature: 0x80003110
end_signature: 0x800035e0
CSR mstatus <- 0x0000000A00000000 (input: 0x0000000000000000)
mem[X,0x0000000000001000] -> 0x0297
mem[X,0x0000000000001002] -> 0x0000
[0] [M]: 0x0000000000001000 (0x00000297) auipc t0, 0x0
x5 <- 0x0000000000001000
mem[X,0x0000000000001004] -> 0x8593
mem[X,0x0000000000001006] -> 0x0202
[1] [M]: 0x0000000000001004 (0x02028593) addi a1, t0, 0x20
x11 <- 0x0000000000001020
mem[X,0x0000000000001008] -> 0x2573
mem[X,0x000000000000100A] -> 0xF140
[2] [M]: 0x0000000000001008 (0xF1402573) csrrs a0, mhartid, zero
CSR mhartid -> 0x0000000000000000
x10 <- 0x0000000000000000
mem[X,0x000000000000100C] -> 0xB283
mem[X,0x000000000000100E] -> 0x0182
[3] [M]: 0x000000000000100C (0x0182B283) ld t0, 0x18(t0)
mem[R,0x0000000000001018] -> 0x0000000080000000
x5 <- 0x0000000080000000
mem[X,0x0000000000001010] -> 0x8067
mem[X,0x0000000000001012] -> 0x0002
[4] [M]: 0x0000000000001010 (0x00028067) jalr zero, 0x0(t0)
mem[X,0x0000000080000000] -> 0x0837
mem[X,0x0000000080000002] -> 0x7D5C
[5] [M]: 0x0000000080000000 (0x7D5C0837) lui a6, 0x7d5c0
x16 <- 0x000000007D5C0000
mem[X,0x0000000080000004] -> 0x0813
mem[X,0x0000000080000006] -> 0xDDB8
[6] [M]: 0x0000000080000004 (0xDDB80813) addi a6, a6, -0x225
x16 <- 0x000000007D5BFDDB
mem[X,0x0000000080000008] -> 0x1813
mem[X,0x000000008000000A] -> 0x00B8
[7] [M]: 0x0000000080000008 (0x00B81813) slli a6, a6, 0xb
x16 <- 0x000003EADFEED800
mem[X,0x000000008000000C] -> 0x0813
mem[X,0x000000008000000E] -> 0x3EA8
[8] [M]: 0x000000008000000C (0x3EA80813) addi a6, a6, 0x3ea
x16 <- 0x000003EADFEEDBEA
mem[X,0x0000000080000010] -> 0x1813
mem[X,0x0000000080000012] -> 0x00B8
[9] [M]: 0x0000000080000010 (0x00B81813) slli a6, a6, 0xb
x16 <- 0x001F56FF76DF5000
mem[X,0x0000000080000014] -> 0x0813
mem[X,0x0000000080000016] -> 0x6FF8
[10] [M]: 0x0000000080000014 (0x6FF80813) addi a6, a6, 0x6ff
x16 <- 0x001F56FF76DF56FF
mem[X,0x0000000080000018] -> 0x1813
mem[X,0x000000008000001A] -> 0x00A8
[11] [M]: 0x0000000080000018 (0x00A81813) slli a6, a6, 0xa
x16 <- 0x7D5BFDDB7D5BFC00
mem[X,0x000000008000001C] -> 0x0813
mem[X,0x000000008000001E] -> 0x1DB8
[12] [M]: 0x000000008000001C (0x1DB80813) addi a6, a6, 0x1db
x16 <- 0x7D5BFDDB7D5BFDDB
mem[X,0x0000000080000020] -> 0x5893
mem[X,0x0000000080000022] -> 0x0078
[13] [M]: 0x0000000080000020 (0x00785893) srli a7, a6, 0x7
x17 <- 0x00FAB7FBB6FAB7FB
mem[X,0x0000000080000024] -> 0x5793
mem[X,0x0000000080000026] -> 0x0398
[14] [M]: 0x0000000080000024 (0x03985793) srli a5, a6, 0x39
x15 <- 0x000000000000003E
mem[X,0x0000000080000028] -> 0xE8B3
mem[X,0x000000008000002A] -> 0x00F8
[15] [M]: 0x0000000080000028 (0x00F8E8B3) or a7, a7, a5
x17 <- 0x00FAB7FBB6FAB7FF
mem[X,0x000000008000002C] -> 0xD913
mem[X,0x000000008000002E] -> 0x0078
[16] [M]: 0x000000008000002C (0x0078D913) srli s2, a7, 0x7
x18 <- 0x0001F56FF76DF56F
mem[X,0x0000000080000030] -> 0xD793
mem[X,0x0000000080000032] -> 0x0398
[17] [M]: 0x0000000080000030 (0x0398D793) srli a5, a7, 0x39
x15 <- 0x0000000000000000
mem[X,0x0000000080000034] -> 0x6933
mem[X,0x0000000080000036] -> 0x00F9
[18] [M]: 0x0000000080000034 (0x00F96933) or s2, s2, a5
x18 <- 0x0001F56FF76DF56F
mem[X,0x0000000080000038] -> 0x5993
mem[X,0x000000008000003A] -> 0x0079
[19] [M]: 0x0000000080000038 (0x00795993) srli s3, s2, 0x7
x19 <- 0x000003EADFEEDBEA
mem[X,0x000000008000003C] -> 0x5793
mem[X,0x000000008000003E] -> 0x0399
[20] [M]: 0x000000008000003C (0x03995793) srli a5, s2, 0x39
x15 <- 0x0000000000000000
mem[X,0x0000000080000040] -> 0xE9B3
mem[X,0x0000000080000042] -> 0x00F9
[21] [M]: 0x0000000080000040 (0x00F9E9B3) or s3, s3, a5
x19 <- 0x000003EADFEEDBEA
mem[X,0x0000000080000044] -> 0xDA13
mem[X,0x0000000080000046] -> 0x0079
[22] [M]: 0x0000000080000044 (0x0079DA13) srli s4, s3, 0x7
x20 <- 0x00000007D5BFDDB7
mem[X,0x0000000080000048] -> 0xD793
mem[X,0x000000008000004A] -> 0x0399
[23] [M]: 0x0000000080000048 (0x0399D793) srli a5, s3, 0x39
x15 <- 0x0000000000000000
mem[X,0x000000008000004C] -> 0x6A33
mem[X,0x000000008000004E] -> 0x00FA
[24] [M]: 0x000000008000004C (0x00FA6A33) or s4, s4, a5
x20 <- 0x00000007D5BFDDB7
mem[X,0x0000000080000050] -> 0x5A93
mem[X,0x0000000080000052] -> 0x007A
[25] [M]: 0x0000000080000050 (0x007A5A93) srli s5, s4, 0x7
x21 <- 0x000000000FAB7FBB
mem[X,0x0000000080000054] -> 0x5793
mem[X,0x0000000080000056] -> 0x039A
[26] [M]: 0x0000000080000054 (0x039A5793) srli a5, s4, 0x39
x15 <- 0x0000000000000000
mem[X,0x0000000080000058] -> 0xEAB3
mem[X,0x000000008000005A] -> 0x00FA
[27] [M]: 0x0000000080000058 (0x00FAEAB3) or s5, s5, a5
x21 <- 0x000000000FAB7FBB
mem[X,0x000000008000005C] -> 0xDB13
mem[X,0x000000008000005E] -> 0x007A
[28] [M]: 0x000000008000005C (0x007ADB13) srli s6, s5, 0x7
x22 <- 0x00000000001F56FF
mem[X,0x0000000080000060] -> 0xD793
mem[X,0x0000000080000062] -> 0x039A
[29] [M]: 0x0000000080000060 (0x039AD793) srli a5, s5, 0x39
x15 <- 0x0000000000000000
mem[X,0x0000000080000064] -> 0x6B33
mem[X,0x0000000080000066] -> 0x00FB
[30] [M]: 0x0000000080000064 (0x00FB6B33) or s6, s6, a5
x22 <- 0x00000000001F56FF
mem[X,0x0000000080000068] -> 0x5B93
mem[X,0x000000008000006A] -> 0x007B
[31] [M]: 0x0000000080000068 (0x007B5B93) srli s7, s6, 0x7
x23 <- 0x0000000000003EAD
mem[X,0x000000008000006C] -> 0x5793
mem[X,0x000000008000006E] -> 0x039B
[32] [M]: 0x000000008000006C (0x039B5793) srli a5, s6, 0x39
x15 <- 0x0000000000000000
mem[X,0x0000000080000070] -> 0xEBB3
mem[X,0x0000000080000072] -> 0x00FB
[33] [M]: 0x0000000080000070 (0x00FBEBB3) or s7, s7, a5
x23 <- 0x0000000000003EAD
mem[X,0x0000000080000074] -> 0xDC13
mem[X,0x0000000080000076] -> 0x007B
[34] [M]: 0x0000000080000074 (0x007BDC13) srli s8, s7, 0x7
x24 <- 0x000000000000007D
mem[X,0x0000000080000078] -> 0xD793
mem[X,0x000000008000007A] -> 0x039B
[35] [M]: 0x0000000080000078 (0x039BD793) srli a5, s7, 0x39
x15 <- 0x0000000000000000
mem[X,0x000000008000007C] -> 0x6C33
mem[X,0x000000008000007E] -> 0x00FC
[36] [M]: 0x000000008000007C (0x00FC6C33) or s8, s8, a5
x24 <- 0x000000000000007D
mem[X,0x0000000080000080] -> 0x5C93
mem[X,0x0000000080000082] -> 0x007C
[37] [M]: 0x0000000080000080 (0x007C5C93) srli s9, s8, 0x7
x25 <- 0x0000000000000000
mem[X,0x0000000080000084] -> 0x5793
mem[X,0x0000000080000086] -> 0x039C
[38] [M]: 0x0000000080000084 (0x039C5793) srli a5, s8, 0x39
x15 <- 0x0000000000000000
mem[X,0x0000000080000088] -> 0xECB3
mem[X,0x000000008000008A] -> 0x00FC
[39] [M]: 0x0000000080000088 (0x00FCECB3) or s9, s9, a5
x25 <- 0x0000000000000000
mem[X,0x000000008000008C] -> 0xDD13
mem[X,0x000000008000008E] -> 0x007C
[40] [M]: 0x000000008000008C (0x007CDD13) srli s10, s9, 0x7
x26 <- 0x0000000000000000
mem[X,0x0000000080000090] -> 0xD793
mem[X,0x0000000080000092] -> 0x039C
[41] [M]: 0x0000000080000090 (0x039CD793) srli a5, s9, 0x39
x15 <- 0x0000000000000000
mem[X,0x0000000080000094] -> 0x6D33
mem[X,0x0000000080000096] -> 0x00FD
[42] [M]: 0x0000000080000094 (0x00FD6D33) or s10, s10, a5
x26 <- 0x0000000000000000
mem[X,0x0000000080000098] -> 0x5D93
mem[X,0x000000008000009A] -> 0x007D
[43] [M]: 0x0000000080000098 (0x007D5D93) srli s11, s10, 0x7
x27 <- 0x0000000000000000
mem[X,0x000000008000009C] -> 0x5793
mem[X,0x000000008000009E] -> 0x039D
[44] [M]: 0x000000008000009C (0x039D5793) srli a5, s10, 0x39
x15 <- 0x0000000000000000
mem[X,0x00000000800000A0] -> 0xEDB3
mem[X,0x00000000800000A2] -> 0x00FD
[45] [M]: 0x00000000800000A0 (0x00FDEDB3) or s11, s11, a5
x27 <- 0x0000000000000000
mem[X,0x00000000800000A4] -> 0xDE13
mem[X,0x00000000800000A6] -> 0x007D
[46] [M]: 0x00000000800000A4 (0x007DDE13) srli t3, s11, 0x7
x28 <- 0x0000000000000000
mem[X,0x00000000800000A8] -> 0xD793
mem[X,0x00000000800000AA] -> 0x039D
[47] [M]: 0x00000000800000A8 (0x039DD793) srli a5, s11, 0x39
x15 <- 0x0000000000000000
mem[X,0x00000000800000AC] -> 0x6E33
mem[X,0x00000000800000AE] -> 0x00FE
[48] [M]: 0x00000000800000AC (0x00FE6E33) or t3, t3, a5
x28 <- 0x0000000000000000
mem[X,0x00000000800000B0] -> 0x5E93
mem[X,0x00000000800000B2] -> 0x007E
[49] [M]: 0x00000000800000B0 (0x007E5E93) srli t4, t3, 0x7
x29 <- 0x0000000000000000
mem[X,0x00000000800000B4] -> 0x5793
mem[X,0x00000000800000B6] -> 0x039E
[50] [M]: 0x00000000800000B4 (0x039E5793) srli a5, t3, 0x39
x15 <- 0x0000000000000000
mem[X,0x00000000800000B8] -> 0xEEB3
mem[X,0x00000000800000BA] -> 0x00FE
[51] [M]: 0x00000000800000B8 (0x00FEEEB3) or t4, t4, a5
x29 <- 0x0000000000000000
mem[X,0x00000000800000BC] -> 0xDF13
mem[X,0x00000000800000BE] -> 0x007E
[52] [M]: 0x00000000800000BC (0x007EDF13) srli t5, t4, 0x7
x30 <- 0x0000000000000000
mem[X,0x00000000800000C0] -> 0xD793
mem[X,0x00000000800000C2] -> 0x039E
[53] [M]: 0x00000000800000C0 (0x039ED793) srli a5, t4, 0x39
x15 <- 0x0000000000000000
mem[X,0x00000000800000C4] -> 0x6F33
mem[X,0x00000000800000C6] -> 0x00FF
[54] [M]: 0x00000000800000C4 (0x00FF6F33) or t5, t5, a5
x30 <- 0x0000000000000000
mem[X,0x00000000800000C8] -> 0xC0B7
mem[X,0x00000000800000CA] -> 0xFEED
[55] [M]: 0x00000000800000C8 (0xFEEDC0B7) lui ra, -0x1124
x1 <- 0xFFFFFFFFFEEDC000
mem[X,0x00000000800000CC] -> 0x8093
mem[X,0x00000000800000CE] -> 0xEAD0
[56] [M]: 0x00000000800000CC (0xEAD08093) addi ra, ra, -0x153
x1 <- 0xFFFFFFFFFEEDBEAD
mem[X,0x00000000800000D0] -> 0x9093
mem[X,0x00000000800000D2] -> 0x00B0
[57] [M]: 0x00000000800000D0 (0x00B09093) slli ra, ra, 0xb
x1 <- 0xFFFFFFF76DF56800
mem[X,0x00000000800000D4] -> 0x8093
mem[X,0x00000000800000D6] -> 0x7F70
[58] [M]: 0x00000000800000D4 (0x7F708093) addi ra, ra, 0x7f7
x1 <- 0xFFFFFFF76DF56FF7
mem[X,0x00000000800000D8] -> 0x9093
mem[X,0x00000000800000DA] -> 0x00B0
[59] [M]: 0x00000000800000D8 (0x00B09093) slli ra, ra, 0xb
x1 <- 0xFFFFBB6FAB7FB800
mem[X,0x00000000800000DC] -> 0x8093
mem[X,0x00000000800000DE] -> 0x36F0
[60] [M]: 0x00000000800000DC (0x36F08093) addi ra, ra, 0x36f
x1 <- 0xFFFFBB6FAB7FBB6F
mem[X,0x00000000800000E0] -> 0x9093
mem[X,0x00000000800000E2] -> 0x00A0
[61] [M]: 0x00000000800000E0 (0x00A09093) slli ra, ra, 0xa
x1 <- 0xFEEDBEADFEEDBC00
mem[X,0x00000000800000E4] -> 0x8093
mem[X,0x00000000800000E6] -> 0x2AD0
[62] [M]: 0x00000000800000E4 (0x2AD08093) addi ra, ra, 0x2ad
x1 <- 0xFEEDBEADFEEDBEAD
mem[X,0x00000000800000E8] -> 0xD113
mem[X,0x00000000800000EA] -> 0x0070
[63] [M]: 0x00000000800000E8 (0x0070D113) srli sp, ra, 0x7
x2 <- 0x01FDDB7D5BFDDB7D
mem[X,0x00000000800000EC] -> 0xD793
mem[X,0x00000000800000EE] -> 0x0390
[64] [M]: 0x00000000800000EC (0x0390D793) srli a5, ra, 0x39
x15 <- 0x000000000000007F
mem[X,0x00000000800000F0] -> 0x6133
mem[X,0x00000000800000F2] -> 0x00F1
[65] [M]: 0x00000000800000F0 (0x00F16133) or sp, sp, a5
x2 <- 0x01FDDB7D5BFDDB7F
mem[X,0x00000000800000F4] -> 0x5193
mem[X,0x00000000800000F6] -> 0x0071
[66] [M]: 0x00000000800000F4 (0x00715193) srli gp, sp, 0x7
x3 <- 0x0003FBB6FAB7FBB6
mem[X,0x00000000800000F8] -> 0x5793
mem[X,0x00000000800000FA] -> 0x0391
[67] [M]: 0x00000000800000F8 (0x03915793) srli a5, sp, 0x39
x15 <- 0x0000000000000000
mem[X,0x00000000800000FC] -> 0xE1B3
mem[X,0x00000000800000FE] -> 0x00F1
[68] [M]: 0x00000000800000FC (0x00F1E1B3) or gp, gp, a5
x3 <- 0x0003FBB6FAB7FBB6
mem[X,0x0000000080000100] -> 0xD213
mem[X,0x0000000080000102] -> 0x0071
[69] [M]: 0x0000000080000100 (0x0071D213) srli tp, gp, 0x7
x4 <- 0x000007F76DF56FF7
mem[X,0x0000000080000104] -> 0xD793
mem[X,0x0000000080000106] -> 0x0391
[70] [M]: 0x0000000080000104 (0x0391D793) srli a5, gp, 0x39
x15 <- 0x0000000000000000
mem[X,0x0000000080000108] -> 0x6233
mem[X,0x000000008000010A] -> 0x00F2
[71] [M]: 0x0000000080000108 (0x00F26233) or tp, tp, a5
x4 <- 0x000007F76DF56FF7
mem[X,0x000000008000010C] -> 0x5293
mem[X,0x000000008000010E] -> 0x0072
[72] [M]: 0x000000008000010C (0x00725293) srli t0, tp, 0x7
x5 <- 0x0000000FEEDBEADF
mem[X,0x0000000080000110] -> 0x5793
mem[X,0x0000000080000112] -> 0x0392
[73] [M]: 0x0000000080000110 (0x03925793) srli a5, tp, 0x39
x15 <- 0x0000000000000000
mem[X,0x0000000080000114] -> 0xE2B3
mem[X,0x0000000080000116] -> 0x00F2
[74] [M]: 0x0000000080000114 (0x00F2E2B3) or t0, t0, a5
x5 <- 0x0000000FEEDBEADF
mem[X,0x0000000080000118] -> 0xD313
mem[X,0x000000008000011A] -> 0x0072
[75] [M]: 0x0000000080000118 (0x0072D313) srli t1, t0, 0x7
x6 <- 0x000000001FDDB7D5
mem[X,0x000000008000011C] -> 0xD793
mem[X,0x000000008000011E] -> 0x0392
[76] [M]: 0x000000008000011C (0x0392D793) srli a5, t0, 0x39
x15 <- 0x0000000000000000
mem[X,0x0000000080000120] -> 0x6333
mem[X,0x0000000080000122] -> 0x00F3
[77] [M]: 0x0000000080000120 (0x00F36333) or t1, t1, a5
x6 <- 0x000000001FDDB7D5
mem[X,0x0000000080000124] -> 0x5393
mem[X,0x0000000080000126] -> 0x0073
[78] [M]: 0x0000000080000124 (0x00735393) srli t2, t1, 0x7
x7 <- 0x00000000003FBB6F
mem[X,0x0000000080000128] -> 0x5793
mem[X,0x000000008000012A] -> 0x0393
[79] [M]: 0x0000000080000128 (0x03935793) srli a5, t1, 0x39
x15 <- 0x0000000000000000
mem[X,0x000000008000012C] -> 0xE3B3
mem[X,0x000000008000012E] -> 0x00F3
[80] [M]: 0x000000008000012C (0x00F3E3B3) or t2, t2, a5
x7 <- 0x00000000003FBB6F
mem[X,0x0000000080000130] -> 0xD413
mem[X,0x0000000080000132] -> 0x0073
[81] [M]: 0x0000000080000130 (0x0073D413) srli fp, t2, 0x7
x8 <- 0x0000000000007F76
mem[X,0x0000000080000134] -> 0xD793
mem[X,0x0000000080000136] -> 0x0393
[82] [M]: 0x0000000080000134 (0x0393D793) srli a5, t2, 0x39
x15 <- 0x0000000000000000
mem[X,0x0000000080000138] -> 0x6433
mem[X,0x000000008000013A] -> 0x00F4
[83] [M]: 0x0000000080000138 (0x00F46433) or fp, fp, a5
x8 <- 0x0000000000007F76
mem[X,0x000000008000013C] -> 0x5493
mem[X,0x000000008000013E] -> 0x0074
[84] [M]: 0x000000008000013C (0x00745493) srli s1, fp, 0x7
x9 <- 0x00000000000000FE
mem[X,0x0000000080000140] -> 0x5793
mem[X,0x0000000080000142] -> 0x0394
[85] [M]: 0x0000000080000140 (0x03945793) srli a5, fp, 0x39
x15 <- 0x0000000000000000
mem[X,0x0000000080000144] -> 0xE4B3
mem[X,0x0000000080000146] -> 0x00F4
[86] [M]: 0x0000000080000144 (0x00F4E4B3) or s1, s1, a5
x9 <- 0x00000000000000FE
mem[X,0x0000000080000148] -> 0xD513
mem[X,0x000000008000014A] -> 0x0074
[87] [M]: 0x0000000080000148 (0x0074D513) srli a0, s1, 0x7
x10 <- 0x0000000000000001
mem[X,0x000000008000014C] -> 0xD793
mem[X,0x000000008000014E] -> 0x0394
[88] [M]: 0x000000008000014C (0x0394D793) srli a5, s1, 0x39
x15 <- 0x0000000000000000
mem[X,0x0000000080000150] -> 0x6533
mem[X,0x0000000080000152] -> 0x00F5
[89] [M]: 0x0000000080000150 (0x00F56533) or a0, a0, a5
x10 <- 0x0000000000000001
mem[X,0x0000000080000154] -> 0x5593
mem[X,0x0000000080000156] -> 0x0075
[90] [M]: 0x0000000080000154 (0x00755593) srli a1, a0, 0x7
x11 <- 0x0000000000000000
mem[X,0x0000000080000158] -> 0x5793
mem[X,0x000000008000015A] -> 0x0395
[91] [M]: 0x0000000080000158 (0x03955793) srli a5, a0, 0x39
x15 <- 0x0000000000000000
mem[X,0x000000008000015C] -> 0xE5B3
mem[X,0x000000008000015E] -> 0x00F5
[92] [M]: 0x000000008000015C (0x00F5E5B3) or a1, a1, a5
x11 <- 0x0000000000000000
mem[X,0x0000000080000160] -> 0xD613
mem[X,0x0000000080000162] -> 0x0075
[93] [M]: 0x0000000080000160 (0x0075D613) srli a2, a1, 0x7
x12 <- 0x0000000000000000
mem[X,0x0000000080000164] -> 0xD793
mem[X,0x0000000080000166] -> 0x0395
[94] [M]: 0x0000000080000164 (0x0395D793) srli a5, a1, 0x39
x15 <- 0x0000000000000000
mem[X,0x0000000080000168] -> 0x6633
mem[X,0x000000008000016A] -> 0x00F6
[95] [M]: 0x0000000080000168 (0x00F66633) or a2, a2, a5
x12 <- 0x0000000000000000
mem[X,0x000000008000016C] -> 0x5693
mem[X,0x000000008000016E] -> 0x0076
[96] [M]: 0x000000008000016C (0x00765693) srli a3, a2, 0x7
x13 <- 0x0000000000000000
mem[X,0x0000000080000170] -> 0x5793
mem[X,0x0000000080000172] -> 0x0396
[97] [M]: 0x0000000080000170 (0x03965793) srli a5, a2, 0x39
x15 <- 0x0000000000000000
mem[X,0x0000000080000174] -> 0xE6B3
mem[X,0x0000000080000176] -> 0x00F6
[98] [M]: 0x0000000080000174 (0x00F6E6B3) or a3, a3, a5
x13 <- 0x0000000000000000
mem[X,0x0000000080000178] -> 0x0013
mem[X,0x000000008000017A] -> 0x0000
[99] [M]: 0x0000000080000178 (0x00000013) addi zero, zero, 0x0
clint::tick mtime <- 0x0000000000000001
 clint timer pending at mtime 0x0000000000000001
htif::tick 0x0000000000000000
mem[X,0x000000008000017C] -> 0x0013
mem[X,0x000000008000017E] -> 0x0000
[100] [M]: 0x000000008000017C (0x00000013) addi zero, zero, 0x0
mem[X,0x0000000080000180] -> 0x3397
mem[X,0x0000000080000182] -> 0x0000
[101] [M]: 0x0000000080000180 (0x00003397) auipc t2, 0x3
x7 <- 0x0000000080003180
mem[X,0x0000000080000184] -> 0x8393
mem[X,0x0000000080000186] -> 0xF983
[102] [M]: 0x0000000080000184 (0xF9838393) addi t2, t2, -0x68
x7 <- 0x0000000080003118
mem[X,0x0000000080000188] -> 0x0013
mem[X,0x000000008000018A] -> 0x0000
[103] [M]: 0x0000000080000188 (0x00000013) addi zero, zero, 0x0
mem[X,0x000000008000018C] -> 0x0013
mem[X,0x000000008000018E] -> 0x0000
[104] [M]: 0x000000008000018C (0x00000013) addi zero, zero, 0x0
mem[X,0x0000000080000190] -> 0x0013
mem[X,0x0000000080000192] -> 0x0000
[105] [M]: 0x0000000080000190 (0x00000013) addi zero, zero, 0x0
mem[X,0x0000000080000194] -> 0x0013
mem[X,0x0000000080000196] -> 0x0000
[106] [M]: 0x0000000080000194 (0x00000013) addi zero, zero, 0x0
mem[X,0x0000000080000198] -> 0x0013
mem[X,0x000000008000019A] -> 0x0000
[107] [M]: 0x0000000080000198 (0x00000013) addi zero, zero, 0x0
mem[X,0x000000008000019C] -> 0x0013
mem[X,0x000000008000019E] -> 0x0000
[108] [M]: 0x000000008000019C (0x00000013) addi zero, zero, 0x0
mem[X,0x00000000800001A0] -> 0x0693
mem[X,0x00000000800001A2] -> 0x0010
[109] [M]: 0x00000000800001A0 (0x00100693) addi a3, zero, 0x1
x13 <- 0x0000000000000001
mem[X,0x00000000800001A4] -> 0x9693
mem[X,0x00000000800001A6] -> 0x03A6
[110] [M]: 0x00000000800001A4 (0x03A69693) slli a3, a3, 0x3a
x13 <- 0x0400000000000000
mem[X,0x00000000800001A8] -> 0xC693
mem[X,0x00000000800001AA] -> 0xFFF6
[111] [M]: 0x00000000800001A8 (0xFFF6C693) xori a3, a3, -0x1
x13 <- 0xFBFFFFFFFFFFFFFF
mem[X,0x00000000800001AC] -> 0xD693
mem[X,0x00000000800001AE] -> 0x4066
[112] [M]: 0x00000000800001AC (0x4066D693) srai a3, a3, 0x6
x13 <- 0xFFEFFFFFFFFFFFFF
mem[X,0x00000000800001B0] -> 0xB023
mem[X,0x00000000800001B2] -> 0x00D3
[113] [M]: 0x00000000800001B0 (0x00D3B023) sd a3, 0x0(t2)
mem[0x0000000080003118] <- 0xFFEFFFFFFFFFFFFF
mem[X,0x00000000800001B4] -> 0x0313
mem[X,0x00000000800001B6] -> 0x0040
[114] [M]: 0x00000000800001B4 (0x00400313) addi t1, zero, 0x4
x6 <- 0x0000000000000004
mem[X,0x00000000800001B8] -> 0x5113
mem[X,0x00000000800001BA] -> 0x40C3
[115] [M]: 0x00000000800001B8 (0x40C35113) srai sp, t1, 0xc
x2 <- 0x0000000000000000
mem[X,0x00000000800001BC] -> 0xB423
mem[X,0x00000000800001BE] -> 0x0023
[116] [M]: 0x00000000800001BC (0x0023B423) sd sp, 0x8(t2)
mem[0x0000000080003120] <- 0x0000000000000000
mem[X,0x00000000800001C0] -> 0x0793
mem[X,0x00000000800001C2] -> 0xFF60
[117] [M]: 0x00000000800001C0 (0xFF600793) addi a5, zero, -0xa
x15 <- 0xFFFFFFFFFFFFFFF6
mem[X,0x00000000800001C4] -> 0xDE13
mem[X,0x00000000800001C6] -> 0x4007
[118] [M]: 0x00000000800001C4 (0x4007DE13) srai t3, a5, 0x0
x28 <- 0xFFFFFFFFFFFFFFF6
mem[X,0x00000000800001C8] -> 0xB823
mem[X,0x00000000800001CA] -> 0x01C3
[119] [M]: 0x00000000800001C8 (0x01C3B823) sd t3, 0x10(t2)
mem[0x0000000080003128] <- 0xFFFFFFFFFFFFFFF6
mem[X,0x00000000800001CC] -> 0x0913
mem[X,0x00000000800001CE] -> 0x0090
[120] [M]: 0x00000000800001CC (0x00900913) addi s2, zero, 0x9
x18 <- 0x0000000000000009
mem[X,0x00000000800001D0] -> 0x5F13
mem[X,0x00000000800001D2] -> 0x4009
[121] [M]: 0x00000000800001D0 (0x40095F13) srai t5, s2, 0x0
x30 <- 0x0000000000000009
mem[X,0x00000000800001D4] -> 0xBC23
mem[X,0x00000000800001D6] -> 0x01E3
[122] [M]: 0x00000000800001D4 (0x01E3BC23) sd t5, 0x18(t2)
mem[0x0000000080003130] <- 0x0000000000000009
mem[X,0x00000000800001D8] -> 0x0F13
mem[X,0x00000000800001DA] -> 0x0010
[123] [M]: 0x00000000800001D8 (0x00100F13) addi t5, zero, 0x1
x30 <- 0x0000000000000001
mem[X,0x00000000800001DC] -> 0x1F13
mem[X,0x00000000800001DE] -> 0x019F
[124] [M]: 0x00000000800001DC (0x019F1F13) slli t5, t5, 0x19
x30 <- 0x0000000002000000
mem[X,0x00000000800001E0] -> 0x4F13
mem[X,0x00000000800001E2] -> 0xFFFF
[125] [M]: 0x00000000800001E0 (0xFFFF4F13) xori t5, t5, -0x1
x30 <- 0xFFFFFFFFFDFFFFFF
mem[X,0x00000000800001E4] -> 0x5E93
mem[X,0x00000000800001E6] -> 0x43FF
[126] [M]: 0x00000000800001E4 (0x43FF5E93) srai t4, t5, 0x3f
x29 <- 0xFFFFFFFFFFFFFFFF
mem[X,0x00000000800001E8] -> 0xB023
mem[X,0x00000000800001EA] -> 0x03D3
[127] [M]: 0x00000000800001E8 (0x03D3B023) sd t4, 0x20(t2)
mem[0x0000000080003138] <- 0xFFFFFFFFFFFFFFFF
mem[X,0x00000000800001EC] -> 0x0D93
mem[X,0x00000000800001EE] -> 0x0010
[128] [M]: 0x00000000800001EC (0x00100D93) addi s11, zero, 0x1
x27 <- 0x0000000000000001
mem[X,0x00000000800001F0] -> 0x9D93
mem[X,0x00000000800001F2] -> 0x010D
[129] [M]: 0x00000000800001F0 (0x010D9D93) slli s11, s11, 0x10
x27 <- 0x0000000000010000
mem[X,0x00000000800001F4] -> 0xD793
mem[X,0x00000000800001F6] -> 0x43FD
[130] [M]: 0x00000000800001F4 (0x43FDD793) srai a5, s11, 0x3f
x15 <- 0x0000000000000000
mem[X,0x00000000800001F8] -> 0xB423
mem[X,0x00000000800001FA] -> 0x02F3
[131] [M]: 0x00000000800001F8 (0x02F3B423) sd a5, 0x28(t2)
mem[0x0000000080003140] <- 0x0000000000000000
mem[X,0x00000000800001FC] -> 0x0B93
mem[X,0x00000000800001FE] -> 0x0010
[132] [M]: 0x00000000800001FC (0x00100B93) addi s7, zero, 0x1
x23 <- 0x0000000000000001
mem[X,0x0000000080000200] -> 0xD713
mem[X,0x0000000080000202] -> 0x401B
[133] [M]: 0x0000000080000200 (0x401BD713) srai a4, s7, 0x1
x14 <- 0x0000000000000000
mem[X,0x0000000080000204] -> 0xB823
mem[X,0x0000000080000206] -> 0x02E3
[134] [M]: 0x0000000080000204 (0x02E3B823) sd a4, 0x30(t2)
mem[0x0000000080003148] <- 0x0000000000000000
mem[X,0x0000000080000208] -> 0x0E93
mem[X,0x000000008000020A] -> 0xFFF0
[135] [M]: 0x0000000080000208 (0xFFF00E93) addi t4, zero, -0x1
x29 <- 0xFFFFFFFFFFFFFFFF
mem[X,0x000000008000020C] -> 0x9E93
mem[X,0x000000008000020E] -> 0x03FE
[136] [M]: 0x000000008000020C (0x03FE9E93) slli t4, t4, 0x3f
x29 <- 0x8000000000000000
mem[X,0x0000000080000210] -> 0xDD93
mem[X,0x0000000080000212] -> 0x420E
[137] [M]: 0x0000000080000210 (0x420EDD93) srai s11, t4, 0x20
x27 <- 0xFFFFFFFF80000000
mem[X,0x0000000080000214] -> 0xBC23
mem[X,0x0000000080000216] -> 0x03B3
[138] [M]: 0x0000000080000214 (0x03B3BC23) sd s11, 0x38(t2)
mem[0x0000000080003150] <- 0xFFFFFFFF80000000
mem[X,0x0000000080000218] -> 0x0F93
mem[X,0x000000008000021A] -> 0x0000
[139] [M]: 0x0000000080000218 (0x00000F93) addi t6, zero, 0x0
x31 <- 0x0000000000000000
mem[X,0x000000008000021C] -> 0xDB13
mem[X,0x000000008000021E] -> 0x407F
[140] [M]: 0x000000008000021C (0x407FDB13) srai s6, t6, 0x7
x22 <- 0x0000000000000000
mem[X,0x0000000080000220] -> 0xB023
mem[X,0x0000000080000222] -> 0x0563
[141] [M]: 0x0000000080000220 (0x0563B023) sd s6, 0x40(t2)
mem[0x0000000080003158] <- 0x0000000000000000
mem[X,0x0000000080000224] -> 0x0213
mem[X,0x0000000080000226] -> 0xFFF0
[142] [M]: 0x0000000080000224 (0xFFF00213) addi tp, zero, -0x1
x4 <- 0xFFFFFFFFFFFFFFFF
mem[X,0x0000000080000228] -> 0x5213
mem[X,0x000000008000022A] -> 0x0012
[143] [M]: 0x0000000080000228 (0x00125213) srli tp, tp, 0x1
x4 <- 0x7FFFFFFFFFFFFFFF
mem[X,0x000000008000022C] -> 0x5813
mem[X,0x000000008000022E] -> 0x40C2
[144] [M]: 0x000000008000022C (0x40C25813) srai a6, tp, 0xc
x16 <- 0x0007FFFFFFFFFFFF
mem[X,0x0000000080000230] -> 0xB423
mem[X,0x0000000080000232] -> 0x0503
[145] [M]: 0x0000000080000230 (0x0503B423) sd a6, 0x48(t2)
mem[0x0000000080003160] <- 0x0007FFFFFFFFFFFF
mem[X,0x0000000080000234] -> 0x0C13
mem[X,0x0000000080000236] -> 0x0020
[146] [M]: 0x0000000080000234 (0x00200C13) addi s8, zero, 0x2
x24 <- 0x0000000000000002
mem[X,0x0000000080000238] -> 0x5A93
mem[X,0x000000008000023A] -> 0x411C
[147] [M]: 0x0000000080000238 (0x411C5A93) srai s5, s8, 0x11
x21 <- 0x0000000000000000
mem[X,0x000000008000023C] -> 0xB823
mem[X,0x000000008000023E] -> 0x0553
[148] [M]: 0x000000008000023C (0x0553B823) sd s5, 0x50(t2)
mem[0x0000000080003168] <- 0x0000000000000000
mem[X,0x0000000080000240] -> 0x0A13
mem[X,0x0000000080000242] -> 0x0080
[149] [M]: 0x0000000080000240 (0x00800A13) addi s4, zero, 0x8
x20 <- 0x0000000000000008
mem[X,0x0000000080000244] -> 0x5013
mem[X,0x0000000080000246] -> 0x42AA
[150] [M]: 0x0000000080000244 (0x42AA5013) srai zero, s4, 0x2a
mem[X,0x0000000080000248] -> 0xBC23
mem[X,0x000000008000024A] -> 0x0403
[151] [M]: 0x0000000080000248 (0x0403BC23) sd zero, 0x58(t2)
mem[0x0000000080003170] <- 0x0000000000000000
mem[X,0x000000008000024C] -> 0x0E13
mem[X,0x000000008000024E] -> 0x0100
[152] [M]: 0x000000008000024C (0x01000E13) addi t3, zero, 0x10
x28 <- 0x0000000000000010
mem[X,0x0000000080000250] -> 0x5993
mem[X,0x0000000080000252] -> 0x41FE
[153] [M]: 0x0000000080000250 (0x41FE5993) srai s3, t3, 0x1f
x19 <- 0x0000000000000000
mem[X,0x0000000080000254] -> 0xB023
mem[X,0x0000000080000256] -> 0x0733
[154] [M]: 0x0000000080000254 (0x0733B023) sd s3, 0x60(t2)
mem[0x0000000080003178] <- 0x0000000000000000
mem[X,0x0000000080000258] -> 0x0413
mem[X,0x000000008000025A] -> 0x0200
[155] [M]: 0x0000000080000258 (0x02000413) addi fp, zero, 0x20
x8 <- 0x0000000000000020
mem[X,0x000000008000025C] -> 0x5913
mem[X,0x000000008000025E] -> 0x4034
[156] [M]: 0x000000008000025C (0x40345913) srai s2, fp, 0x3
x18 <- 0x0000000000000004
mem[X,0x0000000080000260] -> 0xB423
mem[X,0x0000000080000262] -> 0x0723
[157] [M]: 0x0000000080000260 (0x0723B423) sd s2, 0x68(t2)
mem[0x0000000080003180] <- 0x0000000000000004
mem[X,0x0000000080000264] -> 0x0193
mem[X,0x0000000080000266] -> 0x0400
[158] [M]: 0x0000000080000264 (0x04000193) addi gp, zero, 0x40
x3 <- 0x0000000000000040
mem[X,0x0000000080000268] -> 0xDD13
mem[X,0x000000008000026A] -> 0x40B1
[159] [M]: 0x0000000080000268 (0x40B1DD13) srai s10, gp, 0xb
x26 <- 0x0000000000000000
mem[X,0x000000008000026C] -> 0xB823
mem[X,0x000000008000026E] -> 0x07A3
[160] [M]: 0x000000008000026C (0x07A3B823) sd s10, 0x70(t2)
mem[0x0000000080003188] <- 0x0000000000000000
mem[X,0x0000000080000270] -> 0x0093
mem[X,0x0000000080000272] -> 0x0800
[161] [M]: 0x0000000080000270 (0x08000093) addi ra, zero, 0x80
x1 <- 0x0000000000000080
mem[X,0x0000000080000274] -> 0xDB93
mem[X,0x0000000080000276] -> 0x4120
[162] [M]: 0x0000000080000274 (0x4120DB93) srai s7, ra, 0x12
x23 <- 0x0000000000000000
mem[X,0x0000000080000278] -> 0xBC23
mem[X,0x000000008000027A] -> 0x0773
[163] [M]: 0x0000000080000278 (0x0773BC23) sd s7, 0x78(t2)
mem[0x0000000080003190] <- 0x0000000000000000
mem[X,0x000000008000027C] -> 0x0013
mem[X,0x000000008000027E] -> 0x0000
[164] [M]: 0x000000008000027C (0x00000013) addi zero, zero, 0x0
mem[X,0x0000000080000280] -> 0x5A13
mem[X,0x0000000080000282] -> 0x4120
[165] [M]: 0x0000000080000280 (0x41205A13) srai s4, zero, 0x12
x20 <- 0x0000000000000000
mem[X,0x0000000080000284] -> 0xB023
mem[X,0x0000000080000286] -> 0x0943
[166] [M]: 0x0000000080000284 (0x0943B023) sd s4, 0x80(t2)
mem[0x0000000080003198] <- 0x0000000000000000
mem[X,0x0000000080000288] -> 0x0513
mem[X,0x000000008000028A] -> 0x2000
[167] [M]: 0x0000000080000288 (0x20000513) addi a0, zero, 0x200
x10 <- 0x0000000000000200
mem[X,0x000000008000028C] -> 0x5413
mem[X,0x000000008000028E] -> 0x4155
[168] [M]: 0x000000008000028C (0x41555413) srai fp, a0, 0x15
x8 <- 0x0000000000000000
mem[X,0x0000000080000290] -> 0xB423
mem[X,0x0000000080000292] -> 0x0883
[169] [M]: 0x0000000080000290 (0x0883B423) sd fp, 0x88(t2)
mem[0x00000000800031A0] <- 0x0000000000000000
mem[X,0x0000000080000294] -> 0x0293
mem[X,0x0000000080000296] -> 0x4000
[170] [M]: 0x0000000080000294 (0x40000293) addi t0, zero, 0x400
x5 <- 0x0000000000000400
mem[X,0x0000000080000298] -> 0xD313
mem[X,0x000000008000029A] -> 0x4002
[171] [M]: 0x0000000080000298 (0x4002D313) srai t1, t0, 0x0
x6 <- 0x0000000000000400
mem[X,0x000000008000029C] -> 0xB823
mem[X,0x000000008000029E] -> 0x0863
[172] [M]: 0x000000008000029C (0x0863B823) sd t1, 0x90(t2)
mem[0x00000000800031A8] <- 0x0000000000000400
mem[X,0x00000000800002A0] -> 0x0613
mem[X,0x00000000800002A2] -> 0x0010
[173] [M]: 0x00000000800002A0 (0x00100613) addi a2, zero, 0x1
x12 <- 0x0000000000000001
mem[X,0x00000000800002A4] -> 0x1613
mem[X,0x00000000800002A6] -> 0x00B6
[174] [M]: 0x00000000800002A4 (0x00B61613) slli a2, a2, 0xb
x12 <- 0x0000000000000800
mem[X,0x00000000800002A8] -> 0x5513
mem[X,0x00000000800002AA] -> 0x4026
[175] [M]: 0x00000000800002A8 (0x40265513) srai a0, a2, 0x2
x10 <- 0x0000000000000200
mem[X,0x00000000800002AC] -> 0xBC23
mem[X,0x00000000800002AE] -> 0x08A3
[176] [M]: 0x00000000800002AC (0x08A3BC23) sd a0, 0x98(t2)
mem[0x00000000800031B0] <- 0x0000000000000200
mem[X,0x00000000800002B0] -> 0x0A93
mem[X,0x00000000800002B2] -> 0x0010
[177] [M]: 0x00000000800002B0 (0x00100A93) addi s5, zero, 0x1
x21 <- 0x0000000000000001
mem[X,0x00000000800002B4] -> 0x9A93
mem[X,0x00000000800002B6] -> 0x00CA
[178] [M]: 0x00000000800002B4 (0x00CA9A93) slli s5, s5, 0xc
x21 <- 0x0000000000001000
mem[X,0x00000000800002B8] -> 0xD093
mem[X,0x00000000800002BA] -> 0x404A
[179] [M]: 0x00000000800002B8 (0x404AD093) srai ra, s5, 0x4
x1 <- 0x0000000000000100
mem[X,0x00000000800002BC] -> 0xB023
mem[X,0x00000000800002BE] -> 0x0A13
[180] [M]: 0x00000000800002BC (0x0A13B023) sd ra, 0xa0(t2)
mem[0x00000000800031B8] <- 0x0000000000000100
mem[X,0x00000000800002C0] -> 0x0593
mem[X,0x00000000800002C2] -> 0x0010
[181] [M]: 0x00000000800002C0 (0x00100593) addi a1, zero, 0x1
x11 <- 0x0000000000000001
mem[X,0x00000000800002C4] -> 0x9593
mem[X,0x00000000800002C6] -> 0x00D5
[182] [M]: 0x00000000800002C4 (0x00D59593) slli a1, a1, 0xd
x11 <- 0x0000000000002000
mem[X,0x00000000800002C8] -> 0xD293
mem[X,0x00000000800002CA] -> 0x4115
[183] [M]: 0x00000000800002C8 (0x4115D293) srai t0, a1, 0x11
x5 <- 0x0000000000000000
mem[X,0x00000000800002CC] -> 0xB423
mem[X,0x00000000800002CE] -> 0x0A53
[184] [M]: 0x00000000800002CC (0x0A53B423) sd t0, 0xa8(t2)
mem[0x00000000800031C0] <- 0x0000000000000000
mem[X,0x00000000800002D0] -> 0x0113
mem[X,0x00000000800002D2] -> 0x0010
[185] [M]: 0x00000000800002D0 (0x00100113) addi sp, zero, 0x1
x2 <- 0x0000000000000001
mem[X,0x00000000800002D4] -> 0x1113
mem[X,0x00000000800002D6] -> 0x00E1
[186] [M]: 0x00000000800002D4 (0x00E11113) slli sp, sp, 0xe
x2 <- 0x0000000000004000
mem[X,0x00000000800002D8] -> 0x5893
mem[X,0x00000000800002DA] -> 0x40F1
[187] [M]: 0x00000000800002D8 (0x40F15893) srai a7, sp, 0xf
x17 <- 0x0000000000000000
mem[X,0x00000000800002DC] -> 0xB823
mem[X,0x00000000800002DE] -> 0x0B13
[188] [M]: 0x00000000800002DC (0x0B13B823) sd a7, 0xb0(t2)
mem[0x00000000800031C8] <- 0x0000000000000000
mem[X,0x00000000800002E0] -> 0x3097
mem[X,0x00000000800002E2] -> 0x0000
[189] [M]: 0x00000000800002E0 (0x00003097) auipc ra, 0x3
x1 <- 0x00000000800032E0
mem[X,0x00000000800002E4] -> 0x8093
mem[X,0x00000000800002E6] -> 0xEF00
[190] [M]: 0x00000000800002E4 (0xEF008093) addi ra, ra, -0x110
x1 <- 0x00000000800031D0
mem[X,0x00000000800002E8] -> 0x0013
mem[X,0x00000000800002EA] -> 0x0000
[191] [M]: 0x00000000800002E8 (0x00000013) addi zero, zero, 0x0
mem[X,0x00000000800002EC] -> 0x0013
mem[X,0x00000000800002EE] -> 0x0000
[192] [M]: 0x00000000800002EC (0x00000013) addi zero, zero, 0x0
mem[X,0x00000000800002F0] -> 0x0013
mem[X,0x00000000800002F2] -> 0x0000
[193] [M]: 0x00000000800002F0 (0x00000013) addi zero, zero, 0x0
mem[X,0x00000000800002F4] -> 0x0013
mem[X,0x00000000800002F6] -> 0x0000
[194] [M]: 0x00000000800002F4 (0x00000013) addi zero, zero, 0x0
mem[X,0x00000000800002F8] -> 0x0013
mem[X,0x00000000800002FA] -> 0x0000
[195] [M]: 0x00000000800002F8 (0x00000013) addi zero, zero, 0x0
mem[X,0x00000000800002FC] -> 0x0013
mem[X,0x00000000800002FE] -> 0x0000
[196] [M]: 0x00000000800002FC (0x00000013) addi zero, zero, 0x0
mem[X,0x0000000080000300] -> 0x0C93
mem[X,0x0000000080000302] -> 0x0010
[197] [M]: 0x0000000080000300 (0x00100C93) addi s9, zero, 0x1
x25 <- 0x0000000000000001
mem[X,0x0000000080000304] -> 0x9C93
mem[X,0x0000000080000306] -> 0x00FC
[198] [M]: 0x0000000080000304 (0x00FC9C93) slli s9, s9, 0xf
x25 <- 0x0000000000008000
mem[X,0x0000000080000308] -> 0xD213
mem[X,0x000000008000030A] -> 0x40BC
[199] [M]: 0x0000000080000308 (0x40BCD213) srai tp, s9, 0xb
x4 <- 0x0000000000000010
clint::tick mtime <- 0x0000000000000002
 clint timer pending at mtime 0x0000000000000002
htif::tick 0x0000000000000000
mem[X,0x000000008000030C] -> 0xB023
mem[X,0x000000008000030E] -> 0x0040
[200] [M]: 0x000000008000030C (0x0040B023) sd tp, 0x0(ra)
mem[0x00000000800031D0] <- 0x0000000000000010
mem[X,0x0000000080000310] -> 0x0993
mem[X,0x0000000080000312] -> 0x0010
[201] [M]: 0x0000000080000310 (0x00100993) addi s3, zero, 0x1
x19 <- 0x0000000000000001
mem[X,0x0000000080000314] -> 0x9993
mem[X,0x0000000080000316] -> 0x0119
[202] [M]: 0x0000000080000314 (0x01199993) slli s3, s3, 0x11
x19 <- 0x0000000000020000
mem[X,0x0000000080000318] -> 0xD493
mem[X,0x000000008000031A] -> 0x4079
[203] [M]: 0x0000000080000318 (0x4079D493) srai s1, s3, 0x7
x9 <- 0x0000000000000400
mem[X,0x000000008000031C] -> 0xB423
mem[X,0x000000008000031E] -> 0x0090
[204] [M]: 0x000000008000031C (0x0090B423) sd s1, 0x8(ra)
mem[0x00000000800031D8] <- 0x0000000000000400
mem[X,0x0000000080000320] -> 0x0393
mem[X,0x0000000080000322] -> 0x0010
[205] [M]: 0x0000000080000320 (0x00100393) addi t2, zero, 0x1
x7 <- 0x0000000000000001
mem[X,0x0000000080000324] -> 0x9393
mem[X,0x0000000080000326] -> 0x0123
[206] [M]: 0x0000000080000324 (0x01239393) slli t2, t2, 0x12
x7 <- 0x0000000000040000
mem[X,0x0000000080000328] -> 0xD613
mem[X,0x000000008000032A] -> 0x4063
[207] [M]: 0x0000000080000328 (0x4063D613) srai a2, t2, 0x6
x12 <- 0x0000000000001000
mem[X,0x000000008000032C] -> 0xB823
mem[X,0x000000008000032E] -> 0x00C0
[208] [M]: 0x000000008000032C (0x00C0B823) sd a2, 0x10(ra)
mem[0x00000000800031E0] <- 0x0000000000001000
mem[X,0x0000000080000330] -> 0x0813
mem[X,0x0000000080000332] -> 0x0010
[209] [M]: 0x0000000080000330 (0x00100813) addi a6, zero, 0x1
x16 <- 0x0000000000000001
mem[X,0x0000000080000334] -> 0x1813
mem[X,0x0000000080000336] -> 0x0138
[210] [M]: 0x0000000080000334 (0x01381813) slli a6, a6, 0x13
x16 <- 0x0000000000080000
mem[X,0x0000000080000338] -> 0x5593
mem[X,0x000000008000033A] -> 0x4138
[211] [M]: 0x0000000080000338 (0x41385593) srai a1, a6, 0x13
x11 <- 0x0000000000000001
mem[X,0x000000008000033C] -> 0xBC23
mem[X,0x000000008000033E] -> 0x00B0
[212] [M]: 0x000000008000033C (0x00B0BC23) sd a1, 0x18(ra)
mem[0x00000000800031E8] <- 0x0000000000000001
mem[X,0x0000000080000340] -> 0x0713
mem[X,0x0000000080000342] -> 0x0010
[213] [M]: 0x0000000080000340 (0x00100713) addi a4, zero, 0x1
x14 <- 0x0000000000000001
mem[X,0x0000000080000344] -> 0x1713
mem[X,0x0000000080000346] -> 0x0147
[214] [M]: 0x0000000080000344 (0x01471713) slli a4, a4, 0x14
x14 <- 0x0000000000100000
mem[X,0x0000000080000348] -> 0x5193
mem[X,0x000000008000034A] -> 0x4127
[215] [M]: 0x0000000080000348 (0x41275193) srai gp, a4, 0x12
x3 <- 0x0000000000000004
mem[X,0x000000008000034C] -> 0xB023
mem[X,0x000000008000034E] -> 0x0230
[216] [M]: 0x000000008000034C (0x0230B023) sd gp, 0x20(ra)
mem[0x00000000800031F0] <- 0x0000000000000004
mem[X,0x0000000080000350] -> 0x0493
mem[X,0x0000000080000352] -> 0x0010
[217] [M]: 0x0000000080000350 (0x00100493) addi s1, zero, 0x1
x9 <- 0x0000000000000001
mem[X,0x0000000080000354] -> 0x9493
mem[X,0x0000000080000356] -> 0x0154
[218] [M]: 0x0000000080000354 (0x01549493) slli s1, s1, 0x15
x9 <- 0x0000000000200000
mem[X,0x0000000080000358] -> 0xDF93
mem[X,0x000000008000035A] -> 0x40A4
[219] [M]: 0x0000000080000358 (0x40A4DF93) srai t6, s1, 0xa
x31 <- 0x0000000000000800
mem[X,0x000000008000035C] -> 0xB423
mem[X,0x000000008000035E] -> 0x03F0
[220] [M]: 0x000000008000035C (0x03F0B423) sd t6, 0x28(ra)
mem[0x00000000800031F8] <- 0x0000000000000800
mem[X,0x0000000080000360] -> 0x0D13
mem[X,0x0000000080000362] -> 0x0010
[221] [M]: 0x0000000080000360 (0x00100D13) addi s10, zero, 0x1
x26 <- 0x0000000000000001
mem[X,0x0000000080000364] -> 0x1D13
mem[X,0x0000000080000366] -> 0x016D
[222] [M]: 0x0000000080000364 (0x016D1D13) slli s10, s10, 0x16
x26 <- 0x0000000000400000
mem[X,0x0000000080000368] -> 0x5393
mem[X,0x000000008000036A] -> 0x40AD
[223] [M]: 0x0000000080000368 (0x40AD5393) srai t2, s10, 0xa
x7 <- 0x0000000000001000
mem[X,0x000000008000036C] -> 0xB823
mem[X,0x000000008000036E] -> 0x0270
[224] [M]: 0x000000008000036C (0x0270B823) sd t2, 0x30(ra)
mem[0x0000000080003200] <- 0x0000000000001000
mem[X,0x0000000080000370] -> 0x0B13
mem[X,0x0000000080000372] -> 0x0010
[225] [M]: 0x0000000080000370 (0x00100B13) addi s6, zero, 0x1
x22 <- 0x0000000000000001
mem[X,0x0000000080000374] -> 0x1B13
mem[X,0x0000000080000376] -> 0x017B
[226] [M]: 0x0000000080000374 (0x017B1B13) slli s6, s6, 0x17
x22 <- 0x0000000000800000
mem[X,0x0000000080000378] -> 0x5C93
mem[X,0x000000008000037A] -> 0x40DB
[227] [M]: 0x0000000080000378 (0x40DB5C93) srai s9, s6, 0xd
x25 <- 0x0000000000000400
mem[X,0x000000008000037C] -> 0xBC23
mem[X,0x000000008000037E] -> 0x0390
[228] [M]: 0x000000008000037C (0x0390BC23) sd s9, 0x38(ra)
mem[0x0000000080003208] <- 0x0000000000000400
mem[X,0x0000000080000380] -> 0x0893
mem[X,0x0000000080000382] -> 0x0010
[229] [M]: 0x0000000080000380 (0x00100893) addi a7, zero, 0x1
x17 <- 0x0000000000000001
mem[X,0x0000000080000384] -> 0x9893
mem[X,0x0000000080000386] -> 0x0188
[230] [M]: 0x0000000080000384 (0x01889893) slli a7, a7, 0x18
x17 <- 0x0000000001000000
mem[X,0x0000000080000388] -> 0xDC13
mem[X,0x000000008000038A] -> 0x4058
[231] [M]: 0x0000000080000388 (0x4058DC13) srai s8, a7, 0x5
x24 <- 0x0000000000080000
mem[X,0x000000008000038C] -> 0xB023
mem[X,0x000000008000038E] -> 0x0580
[232] [M]: 0x000000008000038C (0x0580B023) sd s8, 0x40(ra)
mem[0x0000000080003210] <- 0x0000000000080000
mem[X,0x0000000080000390] -> 0x0513
mem[X,0x0000000080000392] -> 0x0010
[233] [M]: 0x0000000080000390 (0x00100513) addi a0, zero, 0x1
x10 <- 0x0000000000000001
mem[X,0x0000000080000394] -> 0x1513
mem[X,0x0000000080000396] -> 0x0195
[234] [M]: 0x0000000080000394 (0x01951513) slli a0, a0, 0x19
x10 <- 0x0000000002000000
mem[X,0x0000000080000398] -> 0x5593
mem[X,0x000000008000039A] -> 0x4095
[235] [M]: 0x0000000080000398 (0x40955593) srai a1, a0, 0x9
x11 <- 0x0000000000010000
mem[X,0x000000008000039C] -> 0xB423
mem[X,0x000000008000039E] -> 0x04B0
[236] [M]: 0x000000008000039C (0x04B0B423) sd a1, 0x48(ra)
mem[0x0000000080003218] <- 0x0000000000010000
mem[X,0x00000000800003A0] -> 0x0513
mem[X,0x00000000800003A2] -> 0x0010
[237] [M]: 0x00000000800003A0 (0x00100513) addi a0, zero, 0x1
x10 <- 0x0000000000000001
mem[X,0x00000000800003A4] -> 0x1513
mem[X,0x00000000800003A6] -> 0x01A5
[238] [M]: 0x00000000800003A4 (0x01A51513) slli a0, a0, 0x1a
x10 <- 0x0000000004000000
mem[X,0x00000000800003A8] -> 0x5593
mem[X,0x00000000800003AA] -> 0x4105
[239] [M]: 0x00000000800003A8 (0x41055593) srai a1, a0, 0x10
x11 <- 0x0000000000000400
mem[X,0x00000000800003AC] -> 0xB823
mem[X,0x00000000800003AE] -> 0x04B0
[240] [M]: 0x00000000800003AC (0x04B0B823) sd a1, 0x50(ra)
mem[0x0000000080003220] <- 0x0000000000000400
mem[X,0x00000000800003B0] -> 0x0513
mem[X,0x00000000800003B2] -> 0x0010
[241] [M]: 0x00000000800003B0 (0x00100513) addi a0, zero, 0x1
x10 <- 0x0000000000000001
mem[X,0x00000000800003B4] -> 0x1513
mem[X,0x00000000800003B6] -> 0x01B5
[242] [M]: 0x00000000800003B4 (0x01B51513) slli a0, a0, 0x1b
x10 <- 0x0000000008000000
mem[X,0x00000000800003B8] -> 0x5593
mem[X,0x00000000800003BA] -> 0x40D5
[243] [M]: 0x00000000800003B8 (0x40D55593) srai a1, a0, 0xd
x11 <- 0x0000000000004000
mem[X,0x00000000800003BC] -> 0xBC23
mem[X,0x00000000800003BE] -> 0x04B0
[244] [M]: 0x00000000800003BC (0x04B0BC23) sd a1, 0x58(ra)
mem[0x0000000080003228] <- 0x0000000000004000
mem[X,0x00000000800003C0] -> 0x0513
mem[X,0x00000000800003C2] -> 0x0010
[245] [M]: 0x00000000800003C0 (0x00100513) addi a0, zero, 0x1
x10 <- 0x0000000000000001
mem[X,0x00000000800003C4] -> 0x1513
mem[X,0x00000000800003C6] -> 0x01C5
[246] [M]: 0x00000000800003C4 (0x01C51513) slli a0, a0, 0x1c
x10 <- 0x0000000010000000
mem[X,0x00000000800003C8] -> 0x5593
mem[X,0x00000000800003CA] -> 0x43B5
[247] [M]: 0x00000000800003C8 (0x43B55593) srai a1, a0, 0x3b
x11 <- 0x0000000000000000
mem[X,0x00000000800003CC] -> 0xB023
mem[X,0x00000000800003CE] -> 0x06B0
[248] [M]: 0x00000000800003CC (0x06B0B023) sd a1, 0x60(ra)
mem[0x0000000080003230] <- 0x0000000000000000
mem[X,0x00000000800003D0] -> 0x0513
mem[X,0x00000000800003D2] -> 0x0010
[249] [M]: 0x00000000800003D0 (0x00100513) addi a0, zero, 0x1
x10 <- 0x0000000000000001
mem[X,0x00000000800003D4] -> 0x1513
mem[X,0x00000000800003D6] -> 0x01D5
[250] [M]: 0x00000000800003D4 (0x01D51513) slli a0, a0, 0x1d
x10 <- 0x0000000020000000
mem[X,0x00000000800003D8] -> 0x5593
mem[X,0x00000000800003DA] -> 0x4095
[251] [M]: 0x00000000800003D8 (0x40955593) srai a1, a0, 0x9
x11 <- 0x0000000000100000
mem[X,0x00000000800003DC] -> 0xB423
mem[X,0x00000000800003DE] -> 0x06B0
[252] [M]: 0x00000000800003DC (0x06B0B423) sd a1, 0x68(ra)
mem[0x0000000080003238] <- 0x0000000000100000
mem[X,0x00000000800003E0] -> 0x0513
mem[X,0x00000000800003E2] -> 0x0010
[253] [M]: 0x00000000800003E0 (0x00100513) addi a0, zero, 0x1
x10 <- 0x0000000000000001
mem[X,0x00000000800003E4] -> 0x1513
mem[X,0x00000000800003E6] -> 0x01E5
[254] [M]: 0x00000000800003E4 (0x01E51513) slli a0, a0, 0x1e
x10 <- 0x0000000040000000
mem[X,0x00000000800003E8] -> 0x5593
mem[X,0x00000000800003EA] -> 0x40E5
[255] [M]: 0x00000000800003E8 (0x40E55593) srai a1, a0, 0xe
x11 <- 0x0000000000010000
mem[X,0x00000000800003EC] -> 0xB823
mem[X,0x00000000800003EE] -> 0x06B0
[256] [M]: 0x00000000800003EC (0x06B0B823) sd a1, 0x70(ra)
mem[0x0000000080003240] <- 0x0000000000010000
mem[X,0x00000000800003F0] -> 0x0513
mem[X,0x00000000800003F2] -> 0x0010
[257] [M]: 0x00000000800003F0 (0x00100513) addi a0, zero, 0x1
x10 <- 0x0000000000000001
mem[X,0x00000000800003F4] -> 0x1513
mem[X,0x00000000800003F6] -> 0x01F5
[258] [M]: 0x00000000800003F4 (0x01F51513) slli a0, a0, 0x1f
x10 <- 0x0000000080000000
mem[X,0x00000000800003F8] -> 0x5593
mem[X,0x00000000800003FA] -> 0x4205
[259] [M]: 0x00000000800003F8 (0x42055593) srai a1, a0, 0x20
x11 <- 0x0000000000000000
mem[X,0x00000000800003FC] -> 0xBC23
mem[X,0x00000000800003FE] -> 0x06B0
[260] [M]: 0x00000000800003FC (0x06B0BC23) sd a1, 0x78(ra)
mem[0x0000000080003248] <- 0x0000000000000000
mem[X,0x0000000080000400] -> 0x0513
mem[X,0x0000000080000402] -> 0x0010
[261] [M]: 0x0000000080000400 (0x00100513) addi a0, zero, 0x1
x10 <- 0x0000000000000001
mem[X,0x0000000080000404] -> 0x1513
mem[X,0x0000000080000406] -> 0x0205
[262] [M]: 0x0000000080000404 (0x02051513) slli a0, a0, 0x20
x10 <- 0x0000000100000000
mem[X,0x0000000080000408] -> 0x5593
mem[X,0x000000008000040A] -> 0x41F5
[263] [M]: 0x0000000080000408 (0x41F55593) srai a1, a0, 0x1f
x11 <- 0x0000000000000002
mem[X,0x000000008000040C] -> 0xB023
mem[X,0x000000008000040E] -> 0x08B0
[264] [M]: 0x000000008000040C (0x08B0B023) sd a1, 0x80(ra)
mem[0x0000000080003250] <- 0x0000000000000002
mem[X,0x0000000080000410] -> 0x0513
mem[X,0x0000000080000412] -> 0x0010
[265] [M]: 0x0000000080000410 (0x00100513) addi a0, zero, 0x1
x10 <- 0x0000000000000001
mem[X,0x0000000080000414] -> 0x1513
mem[X,0x0000000080000416] -> 0x0215
[266] [M]: 0x0000000080000414 (0x02151513) slli a0, a0, 0x21
x10 <- 0x0000000200000000
mem[X,0x0000000080000418] -> 0x5593
mem[X,0x000000008000041A] -> 0x40A5
[267] [M]: 0x0000000080000418 (0x40A55593) srai a1, a0, 0xa
x11 <- 0x0000000000800000
mem[X,0x000000008000041C] -> 0xB423
mem[X,0x000000008000041E] -> 0x08B0
[268] [M]: 0x000000008000041C (0x08B0B423) sd a1, 0x88(ra)
mem[0x0000000080003258] <- 0x0000000000800000
mem[X,0x0000000080000420] -> 0x0513
mem[X,0x0000000080000422] -> 0x0010
[269] [M]: 0x0000000080000420 (0x00100513) addi a0, zero, 0x1
x10 <- 0x0000000000000001
mem[X,0x0000000080000424] -> 0x1513
mem[X,0x0000000080000426] -> 0x0225
[270] [M]: 0x0000000080000424 (0x02251513) slli a0, a0, 0x22
x10 <- 0x0000000400000000
mem[X,0x0000000080000428] -> 0x5593
mem[X,0x000000008000042A] -> 0x4095
[271] [M]: 0x0000000080000428 (0x40955593) srai a1, a0, 0x9
x11 <- 0x0000000002000000
mem[X,0x000000008000042C] -> 0xB823
mem[X,0x000000008000042E] -> 0x08B0
[272] [M]: 0x000000008000042C (0x08B0B823) sd a1, 0x90(ra)
mem[0x0000000080003260] <- 0x0000000002000000
mem[X,0x0000000080000430] -> 0x0513
mem[X,0x0000000080000432] -> 0x0010
[273] [M]: 0x0000000080000430 (0x00100513) addi a0, zero, 0x1
x10 <- 0x0000000000000001
mem[X,0x0000000080000434] -> 0x1513
mem[X,0x0000000080000436] -> 0x0235
[274] [M]: 0x0000000080000434 (0x02351513) slli a0, a0, 0x23
x10 <- 0x0000000800000000
mem[X,0x0000000080000438] -> 0x5593
mem[X,0x000000008000043A] -> 0x40F5
[275] [M]: 0x0000000080000438 (0x40F55593) srai a1, a0, 0xf
x11 <- 0x0000000000100000
mem[X,0x000000008000043C] -> 0xBC23
mem[X,0x000000008000043E] -> 0x08B0
[276] [M]: 0x000000008000043C (0x08B0BC23) sd a1, 0x98(ra)
mem[0x0000000080003268] <- 0x0000000000100000
mem[X,0x0000000080000440] -> 0x0513
mem[X,0x0000000080000442] -> 0x0010
[277] [M]: 0x0000000080000440 (0x00100513) addi a0, zero, 0x1
x10 <- 0x0000000000000001
mem[X,0x0000000080000444] -> 0x1513
mem[X,0x0000000080000446] -> 0x0245
[278] [M]: 0x0000000080000444 (0x02451513) slli a0, a0, 0x24
x10 <- 0x0000001000000000
mem[X,0x0000000080000448] -> 0x5593
mem[X,0x000000008000044A] -> 0x43E5
[279] [M]: 0x0000000080000448 (0x43E55593) srai a1, a0, 0x3e
x11 <- 0x0000000000000000
mem[X,0x000000008000044C] -> 0xB023
mem[X,0x000000008000044E] -> 0x0AB0
[280] [M]: 0x000000008000044C (0x0AB0B023) sd a1, 0xa0(ra)
mem[0x0000000080003270] <- 0x0000000000000000
mem[X,0x0000000080000450] -> 0x0513
mem[X,0x0000000080000452] -> 0x0010
[281] [M]: 0x0000000080000450 (0x00100513) addi a0, zero, 0x1
x10 <- 0x0000000000000001
mem[X,0x0000000080000454] -> 0x1513
mem[X,0x0000000080000456] -> 0x0255
[282] [M]: 0x0000000080000454 (0x02551513) slli a0, a0, 0x25
x10 <- 0x0000002000000000
mem[X,0x0000000080000458] -> 0x5593
mem[X,0x000000008000045A] -> 0x4025
[283] [M]: 0x0000000080000458 (0x40255593) srai a1, a0, 0x2
x11 <- 0x0000000800000000
mem[X,0x000000008000045C] -> 0xB423
mem[X,0x000000008000045E] -> 0x0AB0
[284] [M]: 0x000000008000045C (0x0AB0B423) sd a1, 0xa8(ra)
mem[0x0000000080003278] <- 0x0000000800000000
mem[X,0x0000000080000460] -> 0x0513
mem[X,0x0000000080000462] -> 0x0010
[285] [M]: 0x0000000080000460 (0x00100513) addi a0, zero, 0x1
x10 <- 0x0000000000000001
mem[X,0x0000000080000464] -> 0x1513
mem[X,0x0000000080000466] -> 0x0265
[286] [M]: 0x0000000080000464 (0x02651513) slli a0, a0, 0x26
x10 <- 0x0000004000000000
mem[X,0x0000000080000468] -> 0x5593
mem[X,0x000000008000046A] -> 0x41F5
[287] [M]: 0x0000000080000468 (0x41F55593) srai a1, a0, 0x1f
x11 <- 0x0000000000000080
mem[X,0x000000008000046C] -> 0xB823
mem[X,0x000000008000046E] -> 0x0AB0
[288] [M]: 0x000000008000046C (0x0AB0B823) sd a1, 0xb0(ra)
mem[0x0000000080003280] <- 0x0000000000000080
mem[X,0x0000000080000470] -> 0x0513
mem[X,0x0000000080000472] -> 0x0010
[289] [M]: 0x0000000080000470 (0x00100513) addi a0, zero, 0x1
x10 <- 0x0000000000000001
mem[X,0x0000000080000474] -> 0x1513
mem[X,0x0000000080000476] -> 0x0275
[290] [M]: 0x0000000080000474 (0x02751513) slli a0, a0, 0x27
x10 <- 0x0000008000000000
mem[X,0x0000000080000478] -> 0x5593
mem[X,0x000000008000047A] -> 0x4035
[291] [M]: 0x0000000080000478 (0x40355593) srai a1, a0, 0x3
x11 <- 0x0000001000000000
mem[X,0x000000008000047C] -> 0xBC23
mem[X,0x000000008000047E] -> 0x0AB0
[292] [M]: 0x000000008000047C (0x0AB0BC23) sd a1, 0xb8(ra)
mem[0x0000000080003288] <- 0x0000001000000000
mem[X,0x0000000080000480] -> 0x0513
mem[X,0x0000000080000482] -> 0x0010
[293] [M]: 0x0000000080000480 (0x00100513) addi a0, zero, 0x1
x10 <- 0x0000000000000001
mem[X,0x0000000080000484] -> 0x1513
mem[X,0x0000000080000486] -> 0x0285
[294] [M]: 0x0000000080000484 (0x02851513) slli a0, a0, 0x28
x10 <- 0x0000010000000000
mem[X,0x0000000080000488] -> 0x5593
mem[X,0x000000008000048A] -> 0x4045
[295] [M]: 0x0000000080000488 (0x40455593) srai a1, a0, 0x4
x11 <- 0x0000001000000000
mem[X,0x000000008000048C] -> 0xB023
mem[X,0x000000008000048E] -> 0x0CB0
[296] [M]: 0x000000008000048C (0x0CB0B023) sd a1, 0xc0(ra)
mem[0x0000000080003290] <- 0x0000001000000000
mem[X,0x0000000080000490] -> 0x0513
mem[X,0x0000000080000492] -> 0x0010
[297] [M]: 0x0000000080000490 (0x00100513) addi a0, zero, 0x1
x10 <- 0x0000000000000001
mem[X,0x0000000080000494] -> 0x1513
mem[X,0x0000000080000496] -> 0x0295
[298] [M]: 0x0000000080000494 (0x02951513) slli a0, a0, 0x29
x10 <- 0x0000020000000000
mem[X,0x0000000080000498] -> 0x5593
mem[X,0x000000008000049A] -> 0x40E5
[299] [M]: 0x0000000080000498 (0x40E55593) srai a1, a0, 0xe
x11 <- 0x0000000008000000
clint::tick mtime <- 0x0000000000000003
 clint timer pending at mtime 0x0000000000000003
htif::tick 0x0000000000000000
mem[X,0x000000008000049C] -> 0xB423
mem[X,0x000000008000049E] -> 0x0CB0
[300] [M]: 0x000000008000049C (0x0CB0B423) sd a1, 0xc8(ra)
mem[0x0000000080003298] <- 0x0000000008000000
mem[X,0x00000000800004A0] -> 0x0513
mem[X,0x00000000800004A2] -> 0x0010
[301] [M]: 0x00000000800004A0 (0x00100513) addi a0, zero, 0x1
x10 <- 0x0000000000000001
mem[X,0x00000000800004A4] -> 0x1513
mem[X,0x00000000800004A6] -> 0x02A5
[302] [M]: 0x00000000800004A4 (0x02A51513) slli a0, a0, 0x2a
x10 <- 0x0000040000000000
mem[X,0x00000000800004A8] -> 0x5593
mem[X,0x00000000800004AA] -> 0x4045
[303] [M]: 0x00000000800004A8 (0x40455593) srai a1, a0, 0x4
x11 <- 0x0000004000000000
mem[X,0x00000000800004AC] -> 0xB823
mem[X,0x00000000800004AE] -> 0x0CB0
[304] [M]: 0x00000000800004AC (0x0CB0B823) sd a1, 0xd0(ra)
mem[0x00000000800032A0] <- 0x0000004000000000
mem[X,0x00000000800004B0] -> 0x0513
mem[X,0x00000000800004B2] -> 0x0010
[305] [M]: 0x00000000800004B0 (0x00100513) addi a0, zero, 0x1
x10 <- 0x0000000000000001
mem[X,0x00000000800004B4] -> 0x1513
mem[X,0x00000000800004B6] -> 0x02B5
[306] [M]: 0x00000000800004B4 (0x02B51513) slli a0, a0, 0x2b
x10 <- 0x0000080000000000
mem[X,0x00000000800004B8] -> 0x5593
mem[X,0x00000000800004BA] -> 0x4055
[307] [M]: 0x00000000800004B8 (0x40555593) srai a1, a0, 0x5
x11 <- 0x0000004000000000
mem[X,0x00000000800004BC] -> 0xBC23
mem[X,0x00000000800004BE] -> 0x0CB0
[308] [M]: 0x00000000800004BC (0x0CB0BC23) sd a1, 0xd8(ra)
mem[0x00000000800032A8] <- 0x0000004000000000
mem[X,0x00000000800004C0] -> 0x0513
mem[X,0x00000000800004C2] -> 0x0010
[309] [M]: 0x00000000800004C0 (0x00100513) addi a0, zero, 0x1
x10 <- 0x0000000000000001
mem[X,0x00000000800004C4] -> 0x1513
mem[X,0x00000000800004C6] -> 0x02C5
[310] [M]: 0x00000000800004C4 (0x02C51513) slli a0, a0, 0x2c
x10 <- 0x0000100000000000
mem[X,0x00000000800004C8] -> 0x5593
mem[X,0x00000000800004CA] -> 0x40F5
[311] [M]: 0x00000000800004C8 (0x40F55593) srai a1, a0, 0xf
x11 <- 0x0000000020000000
mem[X,0x00000000800004CC] -> 0xB023
mem[X,0x00000000800004CE] -> 0x0EB0
[312] [M]: 0x00000000800004CC (0x0EB0B023) sd a1, 0xe0(ra)
mem[0x00000000800032B0] <- 0x0000000020000000
mem[X,0x00000000800004D0] -> 0x0513
mem[X,0x00000000800004D2] -> 0x0010
[313] [M]: 0x00000000800004D0 (0x00100513) addi a0, zero, 0x1
x10 <- 0x0000000000000001
mem[X,0x00000000800004D4] -> 0x1513
mem[X,0x00000000800004D6] -> 0x02D5
[314] [M]: 0x00000000800004D4 (0x02D51513) slli a0, a0, 0x2d
x10 <- 0x0000200000000000
mem[X,0x00000000800004D8] -> 0x5593
mem[X,0x00000000800004DA] -> 0x4045
[315] [M]: 0x00000000800004D8 (0x40455593) srai a1, a0, 0x4
x11 <- 0x0000020000000000
mem[X,0x00000000800004DC] -> 0xB423
mem[X,0x00000000800004DE] -> 0x0EB0
[316] [M]: 0x00000000800004DC (0x0EB0B423) sd a1, 0xe8(ra)
mem[0x00000000800032B8] <- 0x0000020000000000
mem[X,0x00000000800004E0] -> 0x0513
mem[X,0x00000000800004E2] -> 0x0010
[317] [M]: 0x00000000800004E0 (0x00100513) addi a0, zero, 0x1
x10 <- 0x0000000000000001
mem[X,0x00000000800004E4] -> 0x1513
mem[X,0x00000000800004E6] -> 0x02E5
[318] [M]: 0x00000000800004E4 (0x02E51513) slli a0, a0, 0x2e
x10 <- 0x0000400000000000
mem[X,0x00000000800004E8] -> 0x5593
mem[X,0x00000000800004EA] -> 0x40A5
[319] [M]: 0x00000000800004E8 (0x40A55593) srai a1, a0, 0xa
x11 <- 0x0000001000000000
mem[X,0x00000000800004EC] -> 0xB823
mem[X,0x00000000800004EE] -> 0x0EB0
[320] [M]: 0x00000000800004EC (0x0EB0B823) sd a1, 0xf0(ra)
mem[0x00000000800032C0] <- 0x0000001000000000
mem[X,0x00000000800004F0] -> 0x0513
mem[X,0x00000000800004F2] -> 0x0010
[321] [M]: 0x00000000800004F0 (0x00100513) addi a0, zero, 0x1
x10 <- 0x0000000000000001
mem[X,0x00000000800004F4] -> 0x1513
mem[X,0x00000000800004F6] -> 0x02F5
[322] [M]: 0x00000000800004F4 (0x02F51513) slli a0, a0, 0x2f
x10 <- 0x0000800000000000
mem[X,0x00000000800004F8] -> 0x5593
mem[X,0x00000000800004FA] -> 0x42A5
[323] [M]: 0x00000000800004F8 (0x42A55593) srai a1, a0, 0x2a
x11 <- 0x0000000000000020
mem[X,0x00000000800004FC] -> 0xBC23
mem[X,0x00000000800004FE] -> 0x0EB0
[324] [M]: 0x00000000800004FC (0x0EB0BC23) sd a1, 0xf8(ra)
mem[0x00000000800032C8] <- 0x0000000000000020
mem[X,0x0000000080000500] -> 0x0513
mem[X,0x0000000080000502] -> 0x0010
[325] [M]: 0x0000000080000500 (0x00100513) addi a0, zero, 0x1
x10 <- 0x0000000000000001
mem[X,0x0000000080000504] -> 0x1513
mem[X,0x0000000080000506] -> 0x0305
[326] [M]: 0x0000000080000504 (0x03051513) slli a0, a0, 0x30
x10 <- 0x0001000000000000
mem[X,0x0000000080000508] -> 0x5593
mem[X,0x000000008000050A] -> 0x40A5
[327] [M]: 0x0000000080000508 (0x40A55593) srai a1, a0, 0xa
x11 <- 0x0000004000000000
mem[X,0x000000008000050C] -> 0xB023
mem[X,0x000000008000050E] -> 0x10B0
[328] [M]: 0x000000008000050C (0x10B0B023) sd a1, 0x100(ra)
mem[0x00000000800032D0] <- 0x0000004000000000
mem[X,0x0000000080000510] -> 0x0513
mem[X,0x0000000080000512] -> 0x0010
[329] [M]: 0x0000000080000510 (0x00100513) addi a0, zero, 0x1
x10 <- 0x0000000000000001
mem[X,0x0000000080000514] -> 0x1513
mem[X,0x0000000080000516] -> 0x0315
[330] [M]: 0x0000000080000514 (0x03151513) slli a0, a0, 0x31
x10 <- 0x0002000000000000
mem[X,0x0000000080000518] -> 0x5593
mem[X,0x000000008000051A] -> 0x43F5
[331] [M]: 0x0000000080000518 (0x43F55593) srai a1, a0, 0x3f
x11 <- 0x0000000000000000
mem[X,0x000000008000051C] -> 0xB423
mem[X,0x000000008000051E] -> 0x10B0
[332] [M]: 0x000000008000051C (0x10B0B423) sd a1, 0x108(ra)
mem[0x00000000800032D8] <- 0x0000000000000000
mem[X,0x0000000080000520] -> 0x0513
mem[X,0x0000000080000522] -> 0x0010
[333] [M]: 0x0000000080000520 (0x00100513) addi a0, zero, 0x1
x10 <- 0x0000000000000001
mem[X,0x0000000080000524] -> 0x1513
mem[X,0x0000000080000526] -> 0x0325
[334] [M]: 0x0000000080000524 (0x03251513) slli a0, a0, 0x32
x10 <- 0x0004000000000000
mem[X,0x0000000080000528] -> 0x5593
mem[X,0x000000008000052A] -> 0x4035
[335] [M]: 0x0000000080000528 (0x40355593) srai a1, a0, 0x3
x11 <- 0x0000800000000000
mem[X,0x000000008000052C] -> 0xB823
mem[X,0x000000008000052E] -> 0x10B0
[336] [M]: 0x000000008000052C (0x10B0B823) sd a1, 0x110(ra)
mem[0x00000000800032E0] <- 0x0000800000000000
mem[X,0x0000000080000530] -> 0x0513
mem[X,0x0000000080000532] -> 0x0010
[337] [M]: 0x0000000080000530 (0x00100513) addi a0, zero, 0x1
x10 <- 0x0000000000000001
mem[X,0x0000000080000534] -> 0x1513
mem[X,0x0000000080000536] -> 0x0335
[338] [M]: 0x0000000080000534 (0x03351513) slli a0, a0, 0x33
x10 <- 0x0008000000000000
mem[X,0x0000000080000538] -> 0x5593
mem[X,0x000000008000053A] -> 0x4045
[339] [M]: 0x0000000080000538 (0x40455593) srai a1, a0, 0x4
x11 <- 0x0000800000000000
mem[X,0x000000008000053C] -> 0xBC23
mem[X,0x000000008000053E] -> 0x10B0
[340] [M]: 0x000000008000053C (0x10B0BC23) sd a1, 0x118(ra)
mem[0x00000000800032E8] <- 0x0000800000000000
mem[X,0x0000000080000540] -> 0x0513
mem[X,0x0000000080000542] -> 0x0010
[341] [M]: 0x0000000080000540 (0x00100513) addi a0, zero, 0x1
x10 <- 0x0000000000000001
mem[X,0x0000000080000544] -> 0x1513
mem[X,0x0000000080000546] -> 0x0345
[342] [M]: 0x0000000080000544 (0x03451513) slli a0, a0, 0x34
x10 <- 0x0010000000000000
mem[X,0x0000000080000548] -> 0x5593
mem[X,0x000000008000054A] -> 0x40F5
[343] [M]: 0x0000000080000548 (0x40F55593) srai a1, a0, 0xf
x11 <- 0x0000002000000000
mem[X,0x000000008000054C] -> 0xB023
mem[X,0x000000008000054E] -> 0x12B0
[344] [M]: 0x000000008000054C (0x12B0B023) sd a1, 0x120(ra)
mem[0x00000000800032F0] <- 0x0000002000000000
mem[X,0x0000000080000550] -> 0x0513
mem[X,0x0000000080000552] -> 0x0010
[345] [M]: 0x0000000080000550 (0x00100513) addi a0, zero, 0x1
x10 <- 0x0000000000000001
mem[X,0x0000000080000554] -> 0x1513
mem[X,0x0000000080000556] -> 0x0355
[346] [M]: 0x0000000080000554 (0x03551513) slli a0, a0, 0x35
x10 <- 0x0020000000000000
mem[X,0x0000000080000558] -> 0x5593
mem[X,0x000000008000055A] -> 0x43D5
[347] [M]: 0x0000000080000558 (0x43D55593) srai a1, a0, 0x3d
x11 <- 0x0000000000000000
mem[X,0x000000008000055C] -> 0xB423
mem[X,0x000000008000055E] -> 0x12B0
[348] [M]: 0x000000008000055C (0x12B0B423) sd a1, 0x128(ra)
mem[0x00000000800032F8] <- 0x0000000000000000
mem[X,0x0000000080000560] -> 0x0513
mem[X,0x0000000080000562] -> 0x0010
[349] [M]: 0x0000000080000560 (0x00100513) addi a0, zero, 0x1
x10 <- 0x0000000000000001
mem[X,0x0000000080000564] -> 0x1513
mem[X,0x0000000080000566] -> 0x0365
[350] [M]: 0x0000000080000564 (0x03651513) slli a0, a0, 0x36
x10 <- 0x0040000000000000
mem[X,0x0000000080000568] -> 0x5593
mem[X,0x000000008000056A] -> 0x40E5
[351] [M]: 0x0000000080000568 (0x40E55593) srai a1, a0, 0xe
x11 <- 0x0000010000000000
mem[X,0x000000008000056C] -> 0xB823
mem[X,0x000000008000056E] -> 0x12B0
[352] [M]: 0x000000008000056C (0x12B0B823) sd a1, 0x130(ra)
mem[0x0000000080003300] <- 0x0000010000000000
mem[X,0x0000000080000570] -> 0x0513
mem[X,0x0000000080000572] -> 0x0010
[353] [M]: 0x0000000080000570 (0x00100513) addi a0, zero, 0x1
x10 <- 0x0000000000000001
mem[X,0x0000000080000574] -> 0x1513
mem[X,0x0000000080000576] -> 0x0375
[354] [M]: 0x0000000080000574 (0x03751513) slli a0, a0, 0x37
x10 <- 0x0080000000000000
mem[X,0x0000000080000578] -> 0x5593
mem[X,0x000000008000057A] -> 0x40A5
[355] [M]: 0x0000000080000578 (0x40A55593) srai a1, a0, 0xa
x11 <- 0x0000200000000000
mem[X,0x000000008000057C] -> 0xBC23
mem[X,0x000000008000057E] -> 0x12B0
[356] [M]: 0x000000008000057C (0x12B0BC23) sd a1, 0x138(ra)
mem[0x0000000080003308] <- 0x0000200000000000
mem[X,0x0000000080000580] -> 0x0513
mem[X,0x0000000080000582] -> 0x0010
[357] [M]: 0x0000000080000580 (0x00100513) addi a0, zero, 0x1
x10 <- 0x0000000000000001
mem[X,0x0000000080000584] -> 0x1513
mem[X,0x0000000080000586] -> 0x0385
[358] [M]: 0x0000000080000584 (0x03851513) slli a0, a0, 0x38
x10 <- 0x0100000000000000
mem[X,0x0000000080000588] -> 0x5593
mem[X,0x000000008000058A] -> 0x40A5
[359] [M]: 0x0000000080000588 (0x40A55593) srai a1, a0, 0xa
x11 <- 0x0000400000000000
mem[X,0x000000008000058C] -> 0xB023
mem[X,0x000000008000058E] -> 0x14B0
[360] [M]: 0x000000008000058C (0x14B0B023) sd a1, 0x140(ra)
mem[0x0000000080003310] <- 0x0000400000000000
mem[X,0x0000000080000590] -> 0x0513
mem[X,0x0000000080000592] -> 0x0010
[361] [M]: 0x0000000080000590 (0x00100513) addi a0, zero, 0x1
x10 <- 0x0000000000000001
mem[X,0x0000000080000594] -> 0x1513
mem[X,0x0000000080000596] -> 0x0395
[362] [M]: 0x0000000080000594 (0x03951513) slli a0, a0, 0x39
x10 <- 0x0200000000000000
mem[X,0x0000000080000598] -> 0x5593
mem[X,0x000000008000059A] -> 0x42A5
[363] [M]: 0x0000000080000598 (0x42A55593) srai a1, a0, 0x2a
x11 <- 0x0000000000008000
mem[X,0x000000008000059C] -> 0xB423
mem[X,0x000000008000059E] -> 0x14B0
[364] [M]: 0x000000008000059C (0x14B0B423) sd a1, 0x148(ra)
mem[0x0000000080003318] <- 0x0000000000008000
mem[X,0x00000000800005A0] -> 0x0513
mem[X,0x00000000800005A2] -> 0x0010
[365] [M]: 0x00000000800005A0 (0x00100513) addi a0, zero, 0x1
x10 <- 0x0000000000000001
mem[X,0x00000000800005A4] -> 0x1513
mem[X,0x00000000800005A6] -> 0x03A5
[366] [M]: 0x00000000800005A4 (0x03A51513) slli a0, a0, 0x3a
x10 <- 0x0400000000000000
mem[X,0x00000000800005A8] -> 0x5593
mem[X,0x00000000800005AA] -> 0x4045
[367] [M]: 0x00000000800005A8 (0x40455593) srai a1, a0, 0x4
x11 <- 0x0040000000000000
mem[X,0x00000000800005AC] -> 0xB823
mem[X,0x00000000800005AE] -> 0x14B0
[368] [M]: 0x00000000800005AC (0x14B0B823) sd a1, 0x150(ra)
mem[0x0000000080003320] <- 0x0040000000000000
mem[X,0x00000000800005B0] -> 0x0513
mem[X,0x00000000800005B2] -> 0x0010
[369] [M]: 0x00000000800005B0 (0x00100513) addi a0, zero, 0x1
x10 <- 0x0000000000000001
mem[X,0x00000000800005B4] -> 0x1513
mem[X,0x00000000800005B6] -> 0x03B5
[370] [M]: 0x00000000800005B4 (0x03B51513) slli a0, a0, 0x3b
x10 <- 0x0800000000000000
mem[X,0x00000000800005B8] -> 0x5593
mem[X,0x00000000800005BA] -> 0x40B5
[371] [M]: 0x00000000800005B8 (0x40B55593) srai a1, a0, 0xb
x11 <- 0x0001000000000000
mem[X,0x00000000800005BC] -> 0xBC23
mem[X,0x00000000800005BE] -> 0x14B0
[372] [M]: 0x00000000800005BC (0x14B0BC23) sd a1, 0x158(ra)
mem[0x0000000080003328] <- 0x0001000000000000
mem[X,0x00000000800005C0] -> 0x0513
mem[X,0x00000000800005C2] -> 0x0010
[373] [M]: 0x00000000800005C0 (0x00100513) addi a0, zero, 0x1
x10 <- 0x0000000000000001
mem[X,0x00000000800005C4] -> 0x1513
mem[X,0x00000000800005C6] -> 0x03C5
[374] [M]: 0x00000000800005C4 (0x03C51513) slli a0, a0, 0x3c
x10 <- 0x1000000000000000
mem[X,0x00000000800005C8] -> 0x5593
mem[X,0x00000000800005CA] -> 0x43B5
[375] [M]: 0x00000000800005C8 (0x43B55593) srai a1, a0, 0x3b
x11 <- 0x0000000000000002
mem[X,0x00000000800005CC] -> 0xB023
mem[X,0x00000000800005CE] -> 0x16B0
[376] [M]: 0x00000000800005CC (0x16B0B023) sd a1, 0x160(ra)
mem[0x0000000080003330] <- 0x0000000000000002
mem[X,0x00000000800005D0] -> 0x0513
mem[X,0x00000000800005D2] -> 0x0010
[377] [M]: 0x00000000800005D0 (0x00100513) addi a0, zero, 0x1
x10 <- 0x0000000000000001
mem[X,0x00000000800005D4] -> 0x1513
mem[X,0x00000000800005D6] -> 0x03D5
[378] [M]: 0x00000000800005D4 (0x03D51513) slli a0, a0, 0x3d
x10 <- 0x2000000000000000
mem[X,0x00000000800005D8] -> 0x5593
mem[X,0x00000000800005DA] -> 0x43F5
[379] [M]: 0x00000000800005D8 (0x43F55593) srai a1, a0, 0x3f
x11 <- 0x0000000000000000
mem[X,0x00000000800005DC] -> 0xB423
mem[X,0x00000000800005DE] -> 0x16B0
[380] [M]: 0x00000000800005DC (0x16B0B423) sd a1, 0x168(ra)
mem[0x0000000080003338] <- 0x0000000000000000
mem[X,0x00000000800005E0] -> 0x0513
mem[X,0x00000000800005E2] -> 0x0010
[381] [M]: 0x00000000800005E0 (0x00100513) addi a0, zero, 0x1
x10 <- 0x0000000000000001
mem[X,0x00000000800005E4] -> 0x1513
mem[X,0x00000000800005E6] -> 0x03E5
[382] [M]: 0x00000000800005E4 (0x03E51513) slli a0, a0, 0x3e
x10 <- 0x4000000000000000
mem[X,0x00000000800005E8] -> 0x5593
mem[X,0x00000000800005EA] -> 0x4095
[383] [M]: 0x00000000800005E8 (0x40955593) srai a1, a0, 0x9
x11 <- 0x0020000000000000
mem[X,0x00000000800005EC] -> 0xB823
mem[X,0x00000000800005EE] -> 0x16B0
[384] [M]: 0x00000000800005EC (0x16B0B823) sd a1, 0x170(ra)
mem[0x0000000080003340] <- 0x0020000000000000
mem[X,0x00000000800005F0] -> 0x0513
mem[X,0x00000000800005F2] -> 0xFFE0
[385] [M]: 0x00000000800005F0 (0xFFE00513) addi a0, zero, -0x2
x10 <- 0xFFFFFFFFFFFFFFFE
mem[X,0x00000000800005F4] -> 0x5593
mem[X,0x00000000800005F6] -> 0x4155
[386] [M]: 0x00000000800005F4 (0x41555593) srai a1, a0, 0x15
x11 <- 0xFFFFFFFFFFFFFFFF
mem[X,0x00000000800005F8] -> 0xBC23
mem[X,0x00000000800005FA] -> 0x16B0
[387] [M]: 0x00000000800005F8 (0x16B0BC23) sd a1, 0x178(ra)
mem[0x0000000080003348] <- 0xFFFFFFFFFFFFFFFF
mem[X,0x00000000800005FC] -> 0x0513
mem[X,0x00000000800005FE] -> 0xFFD0
[388] [M]: 0x00000000800005FC (0xFFD00513) addi a0, zero, -0x3
x10 <- 0xFFFFFFFFFFFFFFFD
mem[X,0x0000000080000600] -> 0x5593
mem[X,0x0000000080000602] -> 0x4025
[389] [M]: 0x0000000080000600 (0x40255593) srai a1, a0, 0x2
x11 <- 0xFFFFFFFFFFFFFFFF
mem[X,0x0000000080000604] -> 0xB023
mem[X,0x0000000080000606] -> 0x18B0
[390] [M]: 0x0000000080000604 (0x18B0B023) sd a1, 0x180(ra)
mem[0x0000000080003350] <- 0xFFFFFFFFFFFFFFFF
mem[X,0x0000000080000608] -> 0x0513
mem[X,0x000000008000060A] -> 0xFFB0
[391] [M]: 0x0000000080000608 (0xFFB00513) addi a0, zero, -0x5
x10 <- 0xFFFFFFFFFFFFFFFB
mem[X,0x000000008000060C] -> 0x5593
mem[X,0x000000008000060E] -> 0x43D5
[392] [M]: 0x000000008000060C (0x43D55593) srai a1, a0, 0x3d
x11 <- 0xFFFFFFFFFFFFFFFF
mem[X,0x0000000080000610] -> 0xB423
mem[X,0x0000000080000612] -> 0x18B0
[393] [M]: 0x0000000080000610 (0x18B0B423) sd a1, 0x188(ra)
mem[0x0000000080003358] <- 0xFFFFFFFFFFFFFFFF
mem[X,0x0000000080000614] -> 0x0513
mem[X,0x0000000080000616] -> 0xFF70
[394] [M]: 0x0000000080000614 (0xFF700513) addi a0, zero, -0x9
x10 <- 0xFFFFFFFFFFFFFFF7
mem[X,0x0000000080000618] -> 0x5593
mem[X,0x000000008000061A] -> 0x40D5
[395] [M]: 0x0000000080000618 (0x40D55593) srai a1, a0, 0xd
x11 <- 0xFFFFFFFFFFFFFFFF
mem[X,0x000000008000061C] -> 0xB823
mem[X,0x000000008000061E] -> 0x18B0
[396] [M]: 0x000000008000061C (0x18B0B823) sd a1, 0x190(ra)
mem[0x0000000080003360] <- 0xFFFFFFFFFFFFFFFF
mem[X,0x0000000080000620] -> 0x0513
mem[X,0x0000000080000622] -> 0xFEF0
[397] [M]: 0x0000000080000620 (0xFEF00513) addi a0, zero, -0x11
x10 <- 0xFFFFFFFFFFFFFFEF
mem[X,0x0000000080000624] -> 0x5593
mem[X,0x0000000080000626] -> 0x43F5
[398] [M]: 0x0000000080000624 (0x43F55593) srai a1, a0, 0x3f
x11 <- 0xFFFFFFFFFFFFFFFF
mem[X,0x0000000080000628] -> 0xBC23
mem[X,0x000000008000062A] -> 0x18B0
[399] [M]: 0x0000000080000628 (0x18B0BC23) sd a1, 0x198(ra)
mem[0x0000000080003368] <- 0xFFFFFFFFFFFFFFFF
clint::tick mtime <- 0x0000000000000004
 clint timer pending at mtime 0x0000000000000004
htif::tick 0x0000000000000000
mem[X,0x000000008000062C] -> 0x0513
mem[X,0x000000008000062E] -> 0xFDF0
[400] [M]: 0x000000008000062C (0xFDF00513) addi a0, zero, -0x21
x10 <- 0xFFFFFFFFFFFFFFDF
mem[X,0x0000000080000630] -> 0x5593
mem[X,0x0000000080000632] -> 0x4075
[401] [M]: 0x0000000080000630 (0x40755593) srai a1, a0, 0x7
x11 <- 0xFFFFFFFFFFFFFFFF
mem[X,0x0000000080000634] -> 0xB023
mem[X,0x0000000080000636] -> 0x1AB0
[402] [M]: 0x0000000080000634 (0x1AB0B023) sd a1, 0x1a0(ra)
mem[0x0000000080003370] <- 0xFFFFFFFFFFFFFFFF
mem[X,0x0000000080000638] -> 0x0513
mem[X,0x000000008000063A] -> 0xFBF0
[403] [M]: 0x0000000080000638 (0xFBF00513) addi a0, zero, -0x41
x10 <- 0xFFFFFFFFFFFFFFBF
mem[X,0x000000008000063C] -> 0x5593
mem[X,0x000000008000063E] -> 0x40E5
[404] [M]: 0x000000008000063C (0x40E55593) srai a1, a0, 0xe
x11 <- 0xFFFFFFFFFFFFFFFF
mem[X,0x0000000080000640] -> 0xB423
mem[X,0x0000000080000642] -> 0x1AB0
[405] [M]: 0x0000000080000640 (0x1AB0B423) sd a1, 0x1a8(ra)
mem[0x0000000080003378] <- 0xFFFFFFFFFFFFFFFF
mem[X,0x0000000080000644] -> 0x0513
mem[X,0x0000000080000646] -> 0xF7F0
[406] [M]: 0x0000000080000644 (0xF7F00513) addi a0, zero, -0x81
x10 <- 0xFFFFFFFFFFFFFF7F
mem[X,0x0000000080000648] -> 0x5593
mem[X,0x000000008000064A] -> 0x4065
[407] [M]: 0x0000000080000648 (0x40655593) srai a1, a0, 0x6
x11 <- 0xFFFFFFFFFFFFFFFD
mem[X,0x000000008000064C] -> 0xB823
mem[X,0x000000008000064E] -> 0x1AB0
[408] [M]: 0x000000008000064C (0x1AB0B823) sd a1, 0x1b0(ra)
mem[0x0000000080003380] <- 0xFFFFFFFFFFFFFFFD
mem[X,0x0000000080000650] -> 0x0513
mem[X,0x0000000080000652] -> 0xEFF0
[409] [M]: 0x0000000080000650 (0xEFF00513) addi a0, zero, -0x101
x10 <- 0xFFFFFFFFFFFFFEFF
mem[X,0x0000000080000654] -> 0x5593
mem[X,0x0000000080000656] -> 0x40C5
[410] [M]: 0x0000000080000654 (0x40C55593) srai a1, a0, 0xc
x11 <- 0xFFFFFFFFFFFFFFFF
mem[X,0x0000000080000658] -> 0xBC23
mem[X,0x000000008000065A] -> 0x1AB0
[411] [M]: 0x0000000080000658 (0x1AB0BC23) sd a1, 0x1b8(ra)
mem[0x0000000080003388] <- 0xFFFFFFFFFFFFFFFF
mem[X,0x000000008000065C] -> 0x0513
mem[X,0x000000008000065E] -> 0xDFF0
[412] [M]: 0x000000008000065C (0xDFF00513) addi a0, zero, -0x201
x10 <- 0xFFFFFFFFFFFFFDFF
mem[X,0x0000000080000660] -> 0x5593
mem[X,0x0000000080000662] -> 0x4035
[413] [M]: 0x0000000080000660 (0x40355593) srai a1, a0, 0x3
x11 <- 0xFFFFFFFFFFFFFFBF
mem[X,0x0000000080000664] -> 0xB023
mem[X,0x0000000080000666] -> 0x1CB0
[414] [M]: 0x0000000080000664 (0x1CB0B023) sd a1, 0x1c0(ra)
mem[0x0000000080003390] <- 0xFFFFFFFFFFFFFFBF
mem[X,0x0000000080000668] -> 0x0513
mem[X,0x000000008000066A] -> 0xBFF0
[415] [M]: 0x0000000080000668 (0xBFF00513) addi a0, zero, -0x401
x10 <- 0xFFFFFFFFFFFFFBFF
mem[X,0x000000008000066C] -> 0x5593
mem[X,0x000000008000066E] -> 0x40F5
[416] [M]: 0x000000008000066C (0x40F55593) srai a1, a0, 0xf
x11 <- 0xFFFFFFFFFFFFFFFF
mem[X,0x0000000080000670] -> 0xB423
mem[X,0x0000000080000672] -> 0x1CB0
[417] [M]: 0x0000000080000670 (0x1CB0B423) sd a1, 0x1c8(ra)
mem[0x0000000080003398] <- 0xFFFFFFFFFFFFFFFF
mem[X,0x0000000080000674] -> 0x0513
mem[X,0x0000000080000676] -> 0x0010
[418] [M]: 0x0000000080000674 (0x00100513) addi a0, zero, 0x1
x10 <- 0x0000000000000001
mem[X,0x0000000080000678] -> 0x1513
mem[X,0x000000008000067A] -> 0x00B5
[419] [M]: 0x0000000080000678 (0x00B51513) slli a0, a0, 0xb
x10 <- 0x0000000000000800
mem[X,0x000000008000067C] -> 0x4513
mem[X,0x000000008000067E] -> 0xFFF5
[420] [M]: 0x000000008000067C (0xFFF54513) xori a0, a0, -0x1
x10 <- 0xFFFFFFFFFFFFF7FF
mem[X,0x0000000080000680] -> 0x5593
mem[X,0x0000000080000682] -> 0x4095
[421] [M]: 0x0000000080000680 (0x40955593) srai a1, a0, 0x9
x11 <- 0xFFFFFFFFFFFFFFFB
mem[X,0x0000000080000684] -> 0xB823
mem[X,0x0000000080000686] -> 0x1CB0
[422] [M]: 0x0000000080000684 (0x1CB0B823) sd a1, 0x1d0(ra)
mem[0x00000000800033A0] <- 0xFFFFFFFFFFFFFFFB
mem[X,0x0000000080000688] -> 0x0513
mem[X,0x000000008000068A] -> 0x0010
[423] [M]: 0x0000000080000688 (0x00100513) addi a0, zero, 0x1
x10 <- 0x0000000000000001
mem[X,0x000000008000068C] -> 0x1513
mem[X,0x000000008000068E] -> 0x00C5
[424] [M]: 0x000000008000068C (0x00C51513) slli a0, a0, 0xc
x10 <- 0x0000000000001000
mem[X,0x0000000080000690] -> 0x4513
mem[X,0x0000000080000692] -> 0xFFF5
[425] [M]: 0x0000000080000690 (0xFFF54513) xori a0, a0, -0x1
x10 <- 0xFFFFFFFFFFFFEFFF
mem[X,0x0000000080000694] -> 0x5593
mem[X,0x0000000080000696] -> 0x43F5
[426] [M]: 0x0000000080000694 (0x43F55593) srai a1, a0, 0x3f
x11 <- 0xFFFFFFFFFFFFFFFF
mem[X,0x0000000080000698] -> 0xBC23
mem[X,0x000000008000069A] -> 0x1CB0
[427] [M]: 0x0000000080000698 (0x1CB0BC23) sd a1, 0x1d8(ra)
mem[0x00000000800033A8] <- 0xFFFFFFFFFFFFFFFF
mem[X,0x000000008000069C] -> 0x0513
mem[X,0x000000008000069E] -> 0x0010
[428] [M]: 0x000000008000069C (0x00100513) addi a0, zero, 0x1
x10 <- 0x0000000000000001
mem[X,0x00000000800006A0] -> 0x1513
mem[X,0x00000000800006A2] -> 0x00D5
[429] [M]: 0x00000000800006A0 (0x00D51513) slli a0, a0, 0xd
x10 <- 0x0000000000002000
mem[X,0x00000000800006A4] -> 0x4513
mem[X,0x00000000800006A6] -> 0xFFF5
[430] [M]: 0x00000000800006A4 (0xFFF54513) xori a0, a0, -0x1
x10 <- 0xFFFFFFFFFFFFDFFF
mem[X,0x00000000800006A8] -> 0x5593
mem[X,0x00000000800006AA] -> 0x4095
[431] [M]: 0x00000000800006A8 (0x40955593) srai a1, a0, 0x9
x11 <- 0xFFFFFFFFFFFFFFEF
mem[X,0x00000000800006AC] -> 0xB023
mem[X,0x00000000800006AE] -> 0x1EB0
[432] [M]: 0x00000000800006AC (0x1EB0B023) sd a1, 0x1e0(ra)
mem[0x00000000800033B0] <- 0xFFFFFFFFFFFFFFEF
mem[X,0x00000000800006B0] -> 0x0513
mem[X,0x00000000800006B2] -> 0x0010
[433] [M]: 0x00000000800006B0 (0x00100513) addi a0, zero, 0x1
x10 <- 0x0000000000000001
mem[X,0x00000000800006B4] -> 0x1513
mem[X,0x00000000800006B6] -> 0x00E5
[434] [M]: 0x00000000800006B4 (0x00E51513) slli a0, a0, 0xe
x10 <- 0x0000000000004000
mem[X,0x00000000800006B8] -> 0x4513
mem[X,0x00000000800006BA] -> 0xFFF5
[435] [M]: 0x00000000800006B8 (0xFFF54513) xori a0, a0, -0x1
x10 <- 0xFFFFFFFFFFFFBFFF
mem[X,0x00000000800006BC] -> 0x5593
mem[X,0x00000000800006BE] -> 0x4035
[436] [M]: 0x00000000800006BC (0x40355593) srai a1, a0, 0x3
x11 <- 0xFFFFFFFFFFFFF7FF
mem[X,0x00000000800006C0] -> 0xB423
mem[X,0x00000000800006C2] -> 0x1EB0
[437] [M]: 0x00000000800006C0 (0x1EB0B423) sd a1, 0x1e8(ra)
mem[0x00000000800033B8] <- 0xFFFFFFFFFFFFF7FF
mem[X,0x00000000800006C4] -> 0x0513
mem[X,0x00000000800006C6] -> 0x0010
[438] [M]: 0x00000000800006C4 (0x00100513) addi a0, zero, 0x1
x10 <- 0x0000000000000001
mem[X,0x00000000800006C8] -> 0x1513
mem[X,0x00000000800006CA] -> 0x00F5
[439] [M]: 0x00000000800006C8 (0x00F51513) slli a0, a0, 0xf
x10 <- 0x0000000000008000
mem[X,0x00000000800006CC] -> 0x4513
mem[X,0x00000000800006CE] -> 0xFFF5
[440] [M]: 0x00000000800006CC (0xFFF54513) xori a0, a0, -0x1
x10 <- 0xFFFFFFFFFFFF7FFF
mem[X,0x00000000800006D0] -> 0x5593
mem[X,0x00000000800006D2] -> 0x4105
[441] [M]: 0x00000000800006D0 (0x41055593) srai a1, a0, 0x10
x11 <- 0xFFFFFFFFFFFFFFFF
mem[X,0x00000000800006D4] -> 0xB823
mem[X,0x00000000800006D6] -> 0x1EB0
[442] [M]: 0x00000000800006D4 (0x1EB0B823) sd a1, 0x1f0(ra)
mem[0x00000000800033C0] <- 0xFFFFFFFFFFFFFFFF
mem[X,0x00000000800006D8] -> 0x0513
mem[X,0x00000000800006DA] -> 0x0010
[443] [M]: 0x00000000800006D8 (0x00100513) addi a0, zero, 0x1
x10 <- 0x0000000000000001
mem[X,0x00000000800006DC] -> 0x1513
mem[X,0x00000000800006DE] -> 0x0105
[444] [M]: 0x00000000800006DC (0x01051513) slli a0, a0, 0x10
x10 <- 0x0000000000010000
mem[X,0x00000000800006E0] -> 0x4513
mem[X,0x00000000800006E2] -> 0xFFF5
[445] [M]: 0x00000000800006E0 (0xFFF54513) xori a0, a0, -0x1
x10 <- 0xFFFFFFFFFFFEFFFF
mem[X,0x00000000800006E4] -> 0x5593
mem[X,0x00000000800006E6] -> 0x4155
[446] [M]: 0x00000000800006E4 (0x41555593) srai a1, a0, 0x15
x11 <- 0xFFFFFFFFFFFFFFFF
mem[X,0x00000000800006E8] -> 0xBC23
mem[X,0x00000000800006EA] -> 0x1EB0
[447] [M]: 0x00000000800006E8 (0x1EB0BC23) sd a1, 0x1f8(ra)
mem[0x00000000800033C8] <- 0xFFFFFFFFFFFFFFFF
mem[X,0x00000000800006EC] -> 0x0513
mem[X,0x00000000800006EE] -> 0x0010
[448] [M]: 0x00000000800006EC (0x00100513) addi a0, zero, 0x1
x10 <- 0x0000000000000001
mem[X,0x00000000800006F0] -> 0x1513
mem[X,0x00000000800006F2] -> 0x0115
[449] [M]: 0x00000000800006F0 (0x01151513) slli a0, a0, 0x11
x10 <- 0x0000000000020000
mem[X,0x00000000800006F4] -> 0x4513
mem[X,0x00000000800006F6] -> 0xFFF5
[450] [M]: 0x00000000800006F4 (0xFFF54513) xori a0, a0, -0x1
x10 <- 0xFFFFFFFFFFFDFFFF
mem[X,0x00000000800006F8] -> 0x5593
mem[X,0x00000000800006FA] -> 0x4055
[451] [M]: 0x00000000800006F8 (0x40555593) srai a1, a0, 0x5
x11 <- 0xFFFFFFFFFFFFEFFF
mem[X,0x00000000800006FC] -> 0xB023
mem[X,0x00000000800006FE] -> 0x20B0
[452] [M]: 0x00000000800006FC (0x20B0B023) sd a1, 0x200(ra)
mem[0x00000000800033D0] <- 0xFFFFFFFFFFFFEFFF
mem[X,0x0000000080000700] -> 0x0513
mem[X,0x0000000080000702] -> 0x0010
[453] [M]: 0x0000000080000700 (0x00100513) addi a0, zero, 0x1
x10 <- 0x0000000000000001
mem[X,0x0000000080000704] -> 0x1513
mem[X,0x0000000080000706] -> 0x0125
[454] [M]: 0x0000000080000704 (0x01251513) slli a0, a0, 0x12
x10 <- 0x0000000000040000
mem[X,0x0000000080000708] -> 0x4513
mem[X,0x000000008000070A] -> 0xFFF5
[455] [M]: 0x0000000080000708 (0xFFF54513) xori a0, a0, -0x1
x10 <- 0xFFFFFFFFFFFBFFFF
mem[X,0x000000008000070C] -> 0x5593
mem[X,0x000000008000070E] -> 0x4015
[456] [M]: 0x000000008000070C (0x40155593) srai a1, a0, 0x1
x11 <- 0xFFFFFFFFFFFDFFFF
mem[X,0x0000000080000710] -> 0xB423
mem[X,0x0000000080000712] -> 0x20B0
[457] [M]: 0x0000000080000710 (0x20B0B423) sd a1, 0x208(ra)
mem[0x00000000800033D8] <- 0xFFFFFFFFFFFDFFFF
mem[X,0x0000000080000714] -> 0x0513
mem[X,0x0000000080000716] -> 0x0010
[458] [M]: 0x0000000080000714 (0x00100513) addi a0, zero, 0x1
x10 <- 0x0000000000000001
mem[X,0x0000000080000718] -> 0x1513
mem[X,0x000000008000071A] -> 0x0135
[459] [M]: 0x0000000080000718 (0x01351513) slli a0, a0, 0x13
x10 <- 0x0000000000080000
mem[X,0x000000008000071C] -> 0x4513
mem[X,0x000000008000071E] -> 0xFFF5
[460] [M]: 0x000000008000071C (0xFFF54513) xori a0, a0, -0x1
x10 <- 0xFFFFFFFFFFF7FFFF
mem[X,0x0000000080000720] -> 0x5593
mem[X,0x0000000080000722] -> 0x43F5
[461] [M]: 0x0000000080000720 (0x43F55593) srai a1, a0, 0x3f
x11 <- 0xFFFFFFFFFFFFFFFF
mem[X,0x0000000080000724] -> 0xB823
mem[X,0x0000000080000726] -> 0x20B0
[462] [M]: 0x0000000080000724 (0x20B0B823) sd a1, 0x210(ra)
mem[0x00000000800033E0] <- 0xFFFFFFFFFFFFFFFF
mem[X,0x0000000080000728] -> 0x0513
mem[X,0x000000008000072A] -> 0x0010
[463] [M]: 0x0000000080000728 (0x00100513) addi a0, zero, 0x1
x10 <- 0x0000000000000001
mem[X,0x000000008000072C] -> 0x1513
mem[X,0x000000008000072E] -> 0x0145
[464] [M]: 0x000000008000072C (0x01451513) slli a0, a0, 0x14
x10 <- 0x0000000000100000
mem[X,0x0000000080000730] -> 0x4513
mem[X,0x0000000080000732] -> 0xFFF5
[465] [M]: 0x0000000080000730 (0xFFF54513) xori a0, a0, -0x1
x10 <- 0xFFFFFFFFFFEFFFFF
mem[X,0x0000000080000734] -> 0x5593
mem[X,0x0000000080000736] -> 0x4375
[466] [M]: 0x0000000080000734 (0x43755593) srai a1, a0, 0x37
x11 <- 0xFFFFFFFFFFFFFFFF
mem[X,0x0000000080000738] -> 0xBC23
mem[X,0x000000008000073A] -> 0x20B0
[467] [M]: 0x0000000080000738 (0x20B0BC23) sd a1, 0x218(ra)
mem[0x00000000800033E8] <- 0xFFFFFFFFFFFFFFFF
mem[X,0x000000008000073C] -> 0x0513
mem[X,0x000000008000073E] -> 0x0010
[468] [M]: 0x000000008000073C (0x00100513) addi a0, zero, 0x1
x10 <- 0x0000000000000001
mem[X,0x0000000080000740] -> 0x1513
mem[X,0x0000000080000742] -> 0x0155
[469] [M]: 0x0000000080000740 (0x01551513) slli a0, a0, 0x15
x10 <- 0x0000000000200000
mem[X,0x0000000080000744] -> 0x4513
mem[X,0x0000000080000746] -> 0xFFF5
[470] [M]: 0x0000000080000744 (0xFFF54513) xori a0, a0, -0x1
x10 <- 0xFFFFFFFFFFDFFFFF
mem[X,0x0000000080000748] -> 0x5593
mem[X,0x000000008000074A] -> 0x4075
[471] [M]: 0x0000000080000748 (0x40755593) srai a1, a0, 0x7
x11 <- 0xFFFFFFFFFFFFBFFF
mem[X,0x000000008000074C] -> 0xB023
mem[X,0x000000008000074E] -> 0x22B0
[472] [M]: 0x000000008000074C (0x22B0B023) sd a1, 0x220(ra)
mem[0x00000000800033F0] <- 0xFFFFFFFFFFFFBFFF
mem[X,0x0000000080000750] -> 0x0513
mem[X,0x0000000080000752] -> 0x0010
[473] [M]: 0x0000000080000750 (0x00100513) addi a0, zero, 0x1
x10 <- 0x0000000000000001
mem[X,0x0000000080000754] -> 0x1513
mem[X,0x0000000080000756] -> 0x0355
[474] [M]: 0x0000000080000754 (0x03551513) slli a0, a0, 0x35
x10 <- 0x0020000000000000
mem[X,0x0000000080000758] -> 0x4513
mem[X,0x000000008000075A] -> 0xFFF5
[475] [M]: 0x0000000080000758 (0xFFF54513) xori a0, a0, -0x1
x10 <- 0xFFDFFFFFFFFFFFFF
mem[X,0x000000008000075C] -> 0x5593
mem[X,0x000000008000075E] -> 0x4155
[476] [M]: 0x000000008000075C (0x41555593) srai a1, a0, 0x15
x11 <- 0xFFFFFFFEFFFFFFFF
mem[X,0x0000000080000760] -> 0xB423
mem[X,0x0000000080000762] -> 0x22B0
[477] [M]: 0x0000000080000760 (0x22B0B423) sd a1, 0x228(ra)
mem[0x00000000800033F8] <- 0xFFFFFFFEFFFFFFFF
mem[X,0x0000000080000764] -> 0x0513
mem[X,0x0000000080000766] -> 0x0010
[478] [M]: 0x0000000080000764 (0x00100513) addi a0, zero, 0x1
x10 <- 0x0000000000000001
mem[X,0x0000000080000768] -> 0x1513
mem[X,0x000000008000076A] -> 0x0365
[479] [M]: 0x0000000080000768 (0x03651513) slli a0, a0, 0x36
x10 <- 0x0040000000000000
mem[X,0x000000008000076C] -> 0x4513
mem[X,0x000000008000076E] -> 0xFFF5
[480] [M]: 0x000000008000076C (0xFFF54513) xori a0, a0, -0x1
x10 <- 0xFFBFFFFFFFFFFFFF
mem[X,0x0000000080000770] -> 0x5593
mem[X,0x0000000080000772] -> 0x4135
[481] [M]: 0x0000000080000770 (0x41355593) srai a1, a0, 0x13
x11 <- 0xFFFFFFF7FFFFFFFF
mem[X,0x0000000080000774] -> 0xB823
mem[X,0x0000000080000776] -> 0x22B0
[482] [M]: 0x0000000080000774 (0x22B0B823) sd a1, 0x230(ra)
mem[0x0000000080003400] <- 0xFFFFFFF7FFFFFFFF
mem[X,0x0000000080000778] -> 0x0513
mem[X,0x000000008000077A] -> 0x0010
[483] [M]: 0x0000000080000778 (0x00100513) addi a0, zero, 0x1
x10 <- 0x0000000000000001
mem[X,0x000000008000077C] -> 0x1513
mem[X,0x000000008000077E] -> 0x0375
[484] [M]: 0x000000008000077C (0x03751513) slli a0, a0, 0x37
x10 <- 0x0080000000000000
mem[X,0x0000000080000780] -> 0x4513
mem[X,0x0000000080000782] -> 0xFFF5
[485] [M]: 0x0000000080000780 (0xFFF54513) xori a0, a0, -0x1
x10 <- 0xFF7FFFFFFFFFFFFF
mem[X,0x0000000080000784] -> 0x5593
mem[X,0x0000000080000786] -> 0x4155
[486] [M]: 0x0000000080000784 (0x41555593) srai a1, a0, 0x15
x11 <- 0xFFFFFFFBFFFFFFFF
mem[X,0x0000000080000788] -> 0xBC23
mem[X,0x000000008000078A] -> 0x22B0
[487] [M]: 0x0000000080000788 (0x22B0BC23) sd a1, 0x238(ra)
mem[0x0000000080003408] <- 0xFFFFFFFBFFFFFFFF
mem[X,0x000000008000078C] -> 0x0513
mem[X,0x000000008000078E] -> 0x0010
[488] [M]: 0x000000008000078C (0x00100513) addi a0, zero, 0x1
x10 <- 0x0000000000000001
mem[X,0x0000000080000790] -> 0x1513
mem[X,0x0000000080000792] -> 0x0385
[489] [M]: 0x0000000080000790 (0x03851513) slli a0, a0, 0x38
x10 <- 0x0100000000000000
mem[X,0x0000000080000794] -> 0x4513
mem[X,0x0000000080000796] -> 0xFFF5
[490] [M]: 0x0000000080000794 (0xFFF54513) xori a0, a0, -0x1
x10 <- 0xFEFFFFFFFFFFFFFF
mem[X,0x0000000080000798] -> 0x5593
mem[X,0x000000008000079A] -> 0x41F5
[491] [M]: 0x0000000080000798 (0x41F55593) srai a1, a0, 0x1f
x11 <- 0xFFFFFFFFFDFFFFFF
mem[X,0x000000008000079C] -> 0xB023
mem[X,0x000000008000079E] -> 0x24B0
[492] [M]: 0x000000008000079C (0x24B0B023) sd a1, 0x240(ra)
mem[0x0000000080003410] <- 0xFFFFFFFFFDFFFFFF
mem[X,0x00000000800007A0] -> 0x0513
mem[X,0x00000000800007A2] -> 0x0010
[493] [M]: 0x00000000800007A0 (0x00100513) addi a0, zero, 0x1
x10 <- 0x0000000000000001
mem[X,0x00000000800007A4] -> 0x1513
mem[X,0x00000000800007A6] -> 0x0395
[494] [M]: 0x00000000800007A4 (0x03951513) slli a0, a0, 0x39
x10 <- 0x0200000000000000
mem[X,0x00000000800007A8] -> 0x4513
mem[X,0x00000000800007AA] -> 0xFFF5
[495] [M]: 0x00000000800007A8 (0xFFF54513) xori a0, a0, -0x1
x10 <- 0xFDFFFFFFFFFFFFFF
mem[X,0x00000000800007AC] -> 0x5593
mem[X,0x00000000800007AE] -> 0x43B5
[496] [M]: 0x00000000800007AC (0x43B55593) srai a1, a0, 0x3b
x11 <- 0xFFFFFFFFFFFFFFFF
mem[X,0x00000000800007B0] -> 0xB423
mem[X,0x00000000800007B2] -> 0x24B0
[497] [M]: 0x00000000800007B0 (0x24B0B423) sd a1, 0x248(ra)
mem[0x0000000080003418] <- 0xFFFFFFFFFFFFFFFF
mem[X,0x00000000800007B4] -> 0x0513
mem[X,0x00000000800007B6] -> 0x0010
[498] [M]: 0x00000000800007B4 (0x00100513) addi a0, zero, 0x1
x10 <- 0x0000000000000001
mem[X,0x00000000800007B8] -> 0x1513
mem[X,0x00000000800007BA] -> 0x03B5
[499] [M]: 0x00000000800007B8 (0x03B51513) slli a0, a0, 0x3b
x10 <- 0x0800000000000000
clint::tick mtime <- 0x0000000000000005
 clint timer pending at mtime 0x0000000000000005
htif::tick 0x0000000000000000
mem[X,0x00000000800007BC] -> 0x4513
mem[X,0x00000000800007BE] -> 0xFFF5
[500] [M]: 0x00000000800007BC (0xFFF54513) xori a0, a0, -0x1
x10 <- 0xF7FFFFFFFFFFFFFF
mem[X,0x00000000800007C0] -> 0x5593
mem[X,0x00000000800007C2] -> 0x41F5
[501] [M]: 0x00000000800007C0 (0x41F55593) srai a1, a0, 0x1f
x11 <- 0xFFFFFFFFEFFFFFFF
mem[X,0x00000000800007C4] -> 0xB823
mem[X,0x00000000800007C6] -> 0x24B0
[502] [M]: 0x00000000800007C4 (0x24B0B823) sd a1, 0x250(ra)
mem[0x0000000080003420] <- 0xFFFFFFFFEFFFFFFF
mem[X,0x00000000800007C8] -> 0x0513
mem[X,0x00000000800007CA] -> 0x0010
[503] [M]: 0x00000000800007C8 (0x00100513) addi a0, zero, 0x1
x10 <- 0x0000000000000001
mem[X,0x00000000800007CC] -> 0x1513
mem[X,0x00000000800007CE] -> 0x03C5
[504] [M]: 0x00000000800007CC (0x03C51513) slli a0, a0, 0x3c
x10 <- 0x1000000000000000
mem[X,0x00000000800007D0] -> 0x4513
mem[X,0x00000000800007D2] -> 0xFFF5
[505] [M]: 0x00000000800007D0 (0xFFF54513) xori a0, a0, -0x1
x10 <- 0xEFFFFFFFFFFFFFFF
mem[X,0x00000000800007D4] -> 0x5593
mem[X,0x00000000800007D6] -> 0x4015
[506] [M]: 0x00000000800007D4 (0x40155593) srai a1, a0, 0x1
x11 <- 0xF7FFFFFFFFFFFFFF
mem[X,0x00000000800007D8] -> 0xBC23
mem[X,0x00000000800007DA] -> 0x24B0
[507] [M]: 0x00000000800007D8 (0x24B0BC23) sd a1, 0x258(ra)
mem[0x0000000080003428] <- 0xF7FFFFFFFFFFFFFF
mem[X,0x00000000800007DC] -> 0x0513
mem[X,0x00000000800007DE] -> 0x0010
[508] [M]: 0x00000000800007DC (0x00100513) addi a0, zero, 0x1
x10 <- 0x0000000000000001
mem[X,0x00000000800007E0] -> 0x1513
mem[X,0x00000000800007E2] -> 0x03D5
[509] [M]: 0x00000000800007E0 (0x03D51513) slli a0, a0, 0x3d
x10 <- 0x2000000000000000
mem[X,0x00000000800007E4] -> 0x4513
mem[X,0x00000000800007E6] -> 0xFFF5
[510] [M]: 0x00000000800007E4 (0xFFF54513) xori a0, a0, -0x1
x10 <- 0xDFFFFFFFFFFFFFFF
mem[X,0x00000000800007E8] -> 0x5593
mem[X,0x00000000800007EA] -> 0x4205
[511] [M]: 0x00000000800007E8 (0x42055593) srai a1, a0, 0x20
x11 <- 0xFFFFFFFFDFFFFFFF
mem[X,0x00000000800007EC] -> 0xB023
mem[X,0x00000000800007EE] -> 0x26B0
[512] [M]: 0x00000000800007EC (0x26B0B023) sd a1, 0x260(ra)
mem[0x0000000080003430] <- 0xFFFFFFFFDFFFFFFF
mem[X,0x00000000800007F0] -> 0x0513
mem[X,0x00000000800007F2] -> 0x0010
[513] [M]: 0x00000000800007F0 (0x00100513) addi a0, zero, 0x1
x10 <- 0x0000000000000001
mem[X,0x00000000800007F4] -> 0x1513
mem[X,0x00000000800007F6] -> 0x03E5
[514] [M]: 0x00000000800007F4 (0x03E51513) slli a0, a0, 0x3e
x10 <- 0x4000000000000000
mem[X,0x00000000800007F8] -> 0x4513
mem[X,0x00000000800007FA] -> 0xFFF5
[515] [M]: 0x00000000800007F8 (0xFFF54513) xori a0, a0, -0x1
x10 <- 0xBFFFFFFFFFFFFFFF
mem[X,0x00000000800007FC] -> 0x5593
mem[X,0x00000000800007FE] -> 0x4135
[516] [M]: 0x00000000800007FC (0x41355593) srai a1, a0, 0x13
x11 <- 0xFFFFF7FFFFFFFFFF
mem[X,0x0000000080000800] -> 0xB423
mem[X,0x0000000080000802] -> 0x26B0
[517] [M]: 0x0000000080000800 (0x26B0B423) sd a1, 0x268(ra)
mem[0x0000000080003438] <- 0xFFFFF7FFFFFFFFFF
mem[X,0x0000000080000804] -> 0x5537
mem[X,0x0000000080000806] -> 0x5555
[518] [M]: 0x0000000080000804 (0x55555537) lui a0, 0x55555
x10 <- 0x0000000055555000
mem[X,0x0000000080000808] -> 0x0513
mem[X,0x000000008000080A] -> 0x5555
[519] [M]: 0x0000000080000808 (0x55550513) addi a0, a0, 0x555
x10 <- 0x0000000055555555
mem[X,0x000000008000080C] -> 0x1513
mem[X,0x000000008000080E] -> 0x00B5
[520] [M]: 0x000000008000080C (0x00B51513) slli a0, a0, 0xb
x10 <- 0x000002AAAAAAA800
mem[X,0x0000000080000810] -> 0x0513
mem[X,0x0000000080000812] -> 0x2AA5
[521] [M]: 0x0000000080000810 (0x2AA50513) addi a0, a0, 0x2aa
x10 <- 0x000002AAAAAAAAAA
mem[X,0x0000000080000814] -> 0x1513
mem[X,0x0000000080000816] -> 0x00B5
[522] [M]: 0x0000000080000814 (0x00B51513) slli a0, a0, 0xb
x10 <- 0x0015555555555000
mem[X,0x0000000080000818] -> 0x0513
mem[X,0x000000008000081A] -> 0x5555
[523] [M]: 0x0000000080000818 (0x55550513) addi a0, a0, 0x555
x10 <- 0x0015555555555555
mem[X,0x000000008000081C] -> 0x1513
mem[X,0x000000008000081E] -> 0x00A5
[524] [M]: 0x000000008000081C (0x00A51513) slli a0, a0, 0xa
x10 <- 0x5555555555555400
mem[X,0x0000000080000820] -> 0x0513
mem[X,0x0000000080000822] -> 0x1555
[525] [M]: 0x0000000080000820 (0x15550513) addi a0, a0, 0x155
x10 <- 0x5555555555555555
mem[X,0x0000000080000824] -> 0x5593
mem[X,0x0000000080000826] -> 0x4125
[526] [M]: 0x0000000080000824 (0x41255593) srai a1, a0, 0x12
x11 <- 0x0000155555555555
mem[X,0x0000000080000828] -> 0xB823
mem[X,0x000000008000082A] -> 0x26B0
[527] [M]: 0x0000000080000828 (0x26B0B823) sd a1, 0x270(ra)
mem[0x0000000080003440] <- 0x0000155555555555
mem[X,0x000000008000082C] -> 0xB537
mem[X,0x000000008000082E] -> 0xAAAA
[528] [M]: 0x000000008000082C (0xAAAAB537) lui a0, -0x55555
x10 <- 0xFFFFFFFFAAAAB000
mem[X,0x0000000080000830] -> 0x0513
mem[X,0x0000000080000832] -> 0xAAA5
[529] [M]: 0x0000000080000830 (0xAAA50513) addi a0, a0, -0x556
x10 <- 0xFFFFFFFFAAAAAAAA
mem[X,0x0000000080000834] -> 0x1513
mem[X,0x0000000080000836] -> 0x00B5
[530] [M]: 0x0000000080000834 (0x00B51513) slli a0, a0, 0xb
x10 <- 0xFFFFFD5555555000
mem[X,0x0000000080000838] -> 0x0513
mem[X,0x000000008000083A] -> 0x5555
[531] [M]: 0x0000000080000838 (0x55550513) addi a0, a0, 0x555
x10 <- 0xFFFFFD5555555555
mem[X,0x000000008000083C] -> 0x1513
mem[X,0x000000008000083E] -> 0x00B5
[532] [M]: 0x000000008000083C (0x00B51513) slli a0, a0, 0xb
x10 <- 0xFFEAAAAAAAAAA800
mem[X,0x0000000080000840] -> 0x0513
mem[X,0x0000000080000842] -> 0x2AA5
[533] [M]: 0x0000000080000840 (0x2AA50513) addi a0, a0, 0x2aa
x10 <- 0xFFEAAAAAAAAAAAAA
mem[X,0x0000000080000844] -> 0x1513
mem[X,0x0000000080000846] -> 0x00A5
[534] [M]: 0x0000000080000844 (0x00A51513) slli a0, a0, 0xa
x10 <- 0xAAAAAAAAAAAAA800
mem[X,0x0000000080000848] -> 0x0513
mem[X,0x000000008000084A] -> 0x2AA5
[535] [M]: 0x0000000080000848 (0x2AA50513) addi a0, a0, 0x2aa
x10 <- 0xAAAAAAAAAAAAAAAA
mem[X,0x000000008000084C] -> 0x5593
mem[X,0x000000008000084E] -> 0x41F5
[536] [M]: 0x000000008000084C (0x41F55593) srai a1, a0, 0x1f
x11 <- 0xFFFFFFFF55555555
mem[X,0x0000000080000850] -> 0xBC23
mem[X,0x0000000080000852] -> 0x26B0
[537] [M]: 0x0000000080000850 (0x26B0BC23) sd a1, 0x278(ra)
mem[0x0000000080003448] <- 0xFFFFFFFF55555555
mem[X,0x0000000080000854] -> 0x0513
mem[X,0x0000000080000856] -> 0x0030
[538] [M]: 0x0000000080000854 (0x00300513) addi a0, zero, 0x3
x10 <- 0x0000000000000003
mem[X,0x0000000080000858] -> 0x5593
mem[X,0x000000008000085A] -> 0x42A5
[539] [M]: 0x0000000080000858 (0x42A55593) srai a1, a0, 0x2a
x11 <- 0x0000000000000000
mem[X,0x000000008000085C] -> 0xB023
mem[X,0x000000008000085E] -> 0x28B0
[540] [M]: 0x000000008000085C (0x28B0B023) sd a1, 0x280(ra)
mem[0x0000000080003450] <- 0x0000000000000000
mem[X,0x0000000080000860] -> 0x0513
mem[X,0x0000000080000862] -> 0x0050
[541] [M]: 0x0000000080000860 (0x00500513) addi a0, zero, 0x5
x10 <- 0x0000000000000005
mem[X,0x0000000080000864] -> 0x5593
mem[X,0x0000000080000866] -> 0x43E5
[542] [M]: 0x0000000080000864 (0x43E55593) srai a1, a0, 0x3e
x11 <- 0x0000000000000000
mem[X,0x0000000080000868] -> 0xB423
mem[X,0x000000008000086A] -> 0x28B0
[543] [M]: 0x0000000080000868 (0x28B0B423) sd a1, 0x288(ra)
mem[0x0000000080003458] <- 0x0000000000000000
mem[X,0x000000008000086C] -> 0x3537
mem[X,0x000000008000086E] -> 0x3333
[544] [M]: 0x000000008000086C (0x33333537) lui a0, 0x33333
x10 <- 0x0000000033333000
mem[X,0x0000000080000870] -> 0x0513
mem[X,0x0000000080000872] -> 0x3335
[545] [M]: 0x0000000080000870 (0x33350513) addi a0, a0, 0x333
x10 <- 0x0000000033333333
mem[X,0x0000000080000874] -> 0x1513
mem[X,0x0000000080000876] -> 0x00B5
[546] [M]: 0x0000000080000874 (0x00B51513) slli a0, a0, 0xb
x10 <- 0x0000019999999800
mem[X,0x0000000080000878] -> 0x0513
mem[X,0x000000008000087A] -> 0x1995
[547] [M]: 0x0000000080000878 (0x19950513) addi a0, a0, 0x199
x10 <- 0x0000019999999999
mem[X,0x000000008000087C] -> 0x1513
mem[X,0x000000008000087E] -> 0x00B5
[548] [M]: 0x000000008000087C (0x00B51513) slli a0, a0, 0xb
x10 <- 0x000CCCCCCCCCC800
mem[X,0x0000000080000880] -> 0x0513
mem[X,0x0000000080000882] -> 0x4CC5
[549] [M]: 0x0000000080000880 (0x4CC50513) addi a0, a0, 0x4cc
x10 <- 0x000CCCCCCCCCCCCC
mem[X,0x0000000080000884] -> 0x1513
mem[X,0x0000000080000886] -> 0x00A5
[550] [M]: 0x0000000080000884 (0x00A51513) slli a0, a0, 0xa
x10 <- 0x3333333333333000
mem[X,0x0000000080000888] -> 0x0513
mem[X,0x000000008000088A] -> 0x3335
[551] [M]: 0x0000000080000888 (0x33350513) addi a0, a0, 0x333
x10 <- 0x3333333333333333
mem[X,0x000000008000088C] -> 0x5593
mem[X,0x000000008000088E] -> 0x4045
[552] [M]: 0x000000008000088C (0x40455593) srai a1, a0, 0x4
x11 <- 0x0333333333333333
mem[X,0x0000000080000890] -> 0xB823
mem[X,0x0000000080000892] -> 0x28B0
[553] [M]: 0x0000000080000890 (0x28B0B823) sd a1, 0x290(ra)
mem[0x0000000080003460] <- 0x0333333333333333
mem[X,0x0000000080000894] -> 0x6537
mem[X,0x0000000080000896] -> 0x6666
[554] [M]: 0x0000000080000894 (0x66666537) lui a0, 0x66666
x10 <- 0x0000000066666000
mem[X,0x0000000080000898] -> 0x0513
mem[X,0x000000008000089A] -> 0x6665
[555] [M]: 0x0000000080000898 (0x66650513) addi a0, a0, 0x666
x10 <- 0x0000000066666666
mem[X,0x000000008000089C] -> 0x1513
mem[X,0x000000008000089E] -> 0x00B5
[556] [M]: 0x000000008000089C (0x00B51513) slli a0, a0, 0xb
x10 <- 0x0000033333333000
mem[X,0x00000000800008A0] -> 0x0513
mem[X,0x00000000800008A2] -> 0x3335
[557] [M]: 0x00000000800008A0 (0x33350513) addi a0, a0, 0x333
x10 <- 0x0000033333333333
mem[X,0x00000000800008A4] -> 0x1513
mem[X,0x00000000800008A6] -> 0x00B5
[558] [M]: 0x00000000800008A4 (0x00B51513) slli a0, a0, 0xb
x10 <- 0x0019999999999800
mem[X,0x00000000800008A8] -> 0x0513
mem[X,0x00000000800008AA] -> 0x1995
[559] [M]: 0x00000000800008A8 (0x19950513) addi a0, a0, 0x199
x10 <- 0x0019999999999999
mem[X,0x00000000800008AC] -> 0x1513
mem[X,0x00000000800008AE] -> 0x00A5
[560] [M]: 0x00000000800008AC (0x00A51513) slli a0, a0, 0xa
x10 <- 0x6666666666666400
mem[X,0x00000000800008B0] -> 0x0513
mem[X,0x00000000800008B2] -> 0x2665
[561] [M]: 0x00000000800008B0 (0x26650513) addi a0, a0, 0x266
x10 <- 0x6666666666666666
mem[X,0x00000000800008B4] -> 0x5593
mem[X,0x00000000800008B6] -> 0x4025
[562] [M]: 0x00000000800008B4 (0x40255593) srai a1, a0, 0x2
x11 <- 0x1999999999999999
mem[X,0x00000000800008B8] -> 0xBC23
mem[X,0x00000000800008BA] -> 0x28B0
[563] [M]: 0x00000000800008B8 (0x28B0BC23) sd a1, 0x298(ra)
mem[0x0000000080003468] <- 0x1999999999999999
mem[X,0x00000000800008BC] -> 0x0537
mem[X,0x00000000800008BE] -> 0x0000
[564] [M]: 0x00000000800008BC (0x00000537) lui a0, 0x0
x10 <- 0x0000000000000000
mem[X,0x00000000800008C0] -> 0x0513
mem[X,0x00000000800008C2] -> 0xFFF5
[565] [M]: 0x00000000800008C0 (0xFFF50513) addi a0, a0, -0x1
x10 <- 0xFFFFFFFFFFFFFFFF
mem[X,0x00000000800008C4] -> 0x1513
mem[X,0x00000000800008C6] -> 0x00B5
[566] [M]: 0x00000000800008C4 (0x00B51513) slli a0, a0, 0xb
x10 <- 0xFFFFFFFFFFFFF800
mem[X,0x00000000800008C8] -> 0x0513
mem[X,0x00000000800008CA] -> 0x2575
[567] [M]: 0x00000000800008C8 (0x25750513) addi a0, a0, 0x257
x10 <- 0xFFFFFFFFFFFFFA57
mem[X,0x00000000800008CC] -> 0x1513
mem[X,0x00000000800008CE] -> 0x00B5
[568] [M]: 0x00000000800008CC (0x00B51513) slli a0, a0, 0xb
x10 <- 0xFFFFFFFFFFD2B800
mem[X,0x00000000800008D0] -> 0x0513
mem[X,0x00000000800008D2] -> 0x6C35
[569] [M]: 0x00000000800008D0 (0x6C350513) addi a0, a0, 0x6c3
x10 <- 0xFFFFFFFFFFD2BEC3
mem[X,0x00000000800008D4] -> 0x1513
mem[X,0x00000000800008D6] -> 0x00A5
[570] [M]: 0x00000000800008D4 (0x00A51513) slli a0, a0, 0xa
x10 <- 0xFFFFFFFF4AFB0C00
mem[X,0x00000000800008D8] -> 0x0513
mem[X,0x00000000800008DA] -> 0x0CD5
[571] [M]: 0x00000000800008D8 (0x0CD50513) addi a0, a0, 0xcd
x10 <- 0xFFFFFFFF4AFB0CCD
mem[X,0x00000000800008DC] -> 0x5593
mem[X,0x00000000800008DE] -> 0x40B5
[572] [M]: 0x00000000800008DC (0x40B55593) srai a1, a0, 0xb
x11 <- 0xFFFFFFFFFFE95F61
mem[X,0x00000000800008E0] -> 0xB023
mem[X,0x00000000800008E2] -> 0x2AB0
[573] [M]: 0x00000000800008E0 (0x2AB0B023) sd a1, 0x2a0(ra)
mem[0x0000000080003470] <- 0xFFFFFFFFFFE95F61
mem[X,0x00000000800008E4] -> 0x0537
mem[X,0x00000000800008E6] -> 0x0000
[574] [M]: 0x00000000800008E4 (0x00000537) lui a0, 0x0
x10 <- 0x0000000000000000
mem[X,0x00000000800008E8] -> 0x0513
mem[X,0x00000000800008EA] -> 0x0005
[575] [M]: 0x00000000800008E8 (0x00050513) addi a0, a0, 0x0
x10 <- 0x0000000000000000
mem[X,0x00000000800008EC] -> 0x1513
mem[X,0x00000000800008EE] -> 0x00B5
[576] [M]: 0x00000000800008EC (0x00B51513) slli a0, a0, 0xb
x10 <- 0x0000000000000000
mem[X,0x00000000800008F0] -> 0x0513
mem[X,0x00000000800008F2] -> 0x5A85
[577] [M]: 0x00000000800008F0 (0x5A850513) addi a0, a0, 0x5a8
x10 <- 0x00000000000005A8
mem[X,0x00000000800008F4] -> 0x1513
mem[X,0x00000000800008F6] -> 0x00B5
[578] [M]: 0x00000000800008F4 (0x00B51513) slli a0, a0, 0xb
x10 <- 0x00000000002D4000
mem[X,0x00000000800008F8] -> 0x0513
mem[X,0x00000000800008FA] -> 0x13C5
[579] [M]: 0x00000000800008F8 (0x13C50513) addi a0, a0, 0x13c
x10 <- 0x00000000002D413C
mem[X,0x00000000800008FC] -> 0x1513
mem[X,0x00000000800008FE] -> 0x00A5
[580] [M]: 0x00000000800008FC (0x00A51513) slli a0, a0, 0xa
x10 <- 0x00000000B504F000
mem[X,0x0000000080000900] -> 0x0513
mem[X,0x0000000080000902] -> 0x3335
[581] [M]: 0x0000000080000900 (0x33350513) addi a0, a0, 0x333
x10 <- 0x00000000B504F333
mem[X,0x0000000080000904] -> 0x5593
mem[X,0x0000000080000906] -> 0x4125
[582] [M]: 0x0000000080000904 (0x41255593) srai a1, a0, 0x12
x11 <- 0x0000000000002D41
mem[X,0x0000000080000908] -> 0xB423
mem[X,0x000000008000090A] -> 0x2AB0
[583] [M]: 0x0000000080000908 (0x2AB0B423) sd a1, 0x2a8(ra)
mem[0x0000000080003478] <- 0x0000000000002D41
mem[X,0x000000008000090C] -> 0x5537
mem[X,0x000000008000090E] -> 0x5555
[584] [M]: 0x000000008000090C (0x55555537) lui a0, 0x55555
x10 <- 0x0000000055555000
mem[X,0x0000000080000910] -> 0x0513
mem[X,0x0000000080000912] -> 0x5555
[585] [M]: 0x0000000080000910 (0x55550513) addi a0, a0, 0x555
x10 <- 0x0000000055555555
mem[X,0x0000000080000914] -> 0x1513
mem[X,0x0000000080000916] -> 0x00B5
[586] [M]: 0x0000000080000914 (0x00B51513) slli a0, a0, 0xb
x10 <- 0x000002AAAAAAA800
mem[X,0x0000000080000918] -> 0x0513
mem[X,0x000000008000091A] -> 0x2AA5
[587] [M]: 0x0000000080000918 (0x2AA50513) addi a0, a0, 0x2aa
x10 <- 0x000002AAAAAAAAAA
mem[X,0x000000008000091C] -> 0x1513
mem[X,0x000000008000091E] -> 0x00B5
[588] [M]: 0x000000008000091C (0x00B51513) slli a0, a0, 0xb
x10 <- 0x0015555555555000
mem[X,0x0000000080000920] -> 0x0513
mem[X,0x0000000080000922] -> 0x5555
[589] [M]: 0x0000000080000920 (0x55550513) addi a0, a0, 0x555
x10 <- 0x0015555555555555
mem[X,0x0000000080000924] -> 0x1513
mem[X,0x0000000080000926] -> 0x00A5
[590] [M]: 0x0000000080000924 (0x00A51513) slli a0, a0, 0xa
x10 <- 0x5555555555555400
mem[X,0x0000000080000928] -> 0x0513
mem[X,0x000000008000092A] -> 0x1545
[591] [M]: 0x0000000080000928 (0x15450513) addi a0, a0, 0x154
x10 <- 0x5555555555555554
mem[X,0x000000008000092C] -> 0x5593
mem[X,0x000000008000092E] -> 0x40C5
[592] [M]: 0x000000008000092C (0x40C55593) srai a1, a0, 0xc
x11 <- 0x0005555555555555
mem[X,0x0000000080000930] -> 0xB823
mem[X,0x0000000080000932] -> 0x2AB0
[593] [M]: 0x0000000080000930 (0x2AB0B823) sd a1, 0x2b0(ra)
mem[0x0000000080003480] <- 0x0005555555555555
mem[X,0x0000000080000934] -> 0x3537
mem[X,0x0000000080000936] -> 0x3333
[594] [M]: 0x0000000080000934 (0x33333537) lui a0, 0x33333
x10 <- 0x0000000033333000
mem[X,0x0000000080000938] -> 0x0513
mem[X,0x000000008000093A] -> 0x3335
[595] [M]: 0x0000000080000938 (0x33350513) addi a0, a0, 0x333
x10 <- 0x0000000033333333
mem[X,0x000000008000093C] -> 0x1513
mem[X,0x000000008000093E] -> 0x00B5
[596] [M]: 0x000000008000093C (0x00B51513) slli a0, a0, 0xb
x10 <- 0x0000019999999800
mem[X,0x0000000080000940] -> 0x0513
mem[X,0x0000000080000942] -> 0x1995
[597] [M]: 0x0000000080000940 (0x19950513) addi a0, a0, 0x199
x10 <- 0x0000019999999999
mem[X,0x0000000080000944] -> 0x1513
mem[X,0x0000000080000946] -> 0x00B5
[598] [M]: 0x0000000080000944 (0x00B51513) slli a0, a0, 0xb
x10 <- 0x000CCCCCCCCCC800
mem[X,0x0000000080000948] -> 0x0513
mem[X,0x000000008000094A] -> 0x4CC5
[599] [M]: 0x0000000080000948 (0x4CC50513) addi a0, a0, 0x4cc
x10 <- 0x000CCCCCCCCCCCCC
clint::tick mtime <- 0x0000000000000006
 clint timer pending at mtime 0x0000000000000006
htif::tick 0x0000000000000000
mem[X,0x000000008000094C] -> 0x1513
mem[X,0x000000008000094E] -> 0x00A5
[600] [M]: 0x000000008000094C (0x00A51513) slli a0, a0, 0xa
x10 <- 0x3333333333333000
mem[X,0x0000000080000950] -> 0x0513
mem[X,0x0000000080000952] -> 0x3325
[601] [M]: 0x0000000080000950 (0x33250513) addi a0, a0, 0x332
x10 <- 0x3333333333333332
mem[X,0x0000000080000954] -> 0x5593
mem[X,0x0000000080000956] -> 0x4135
[602] [M]: 0x0000000080000954 (0x41355593) srai a1, a0, 0x13
x11 <- 0x0000066666666666
mem[X,0x0000000080000958] -> 0xBC23
mem[X,0x000000008000095A] -> 0x2AB0
[603] [M]: 0x0000000080000958 (0x2AB0BC23) sd a1, 0x2b8(ra)
mem[0x0000000080003488] <- 0x0000066666666666
mem[X,0x000000008000095C] -> 0x6537
mem[X,0x000000008000095E] -> 0x6666
[604] [M]: 0x000000008000095C (0x66666537) lui a0, 0x66666
x10 <- 0x0000000066666000
mem[X,0x0000000080000960] -> 0x0513
mem[X,0x0000000080000962] -> 0x6665
[605] [M]: 0x0000000080000960 (0x66650513) addi a0, a0, 0x666
x10 <- 0x0000000066666666
mem[X,0x0000000080000964] -> 0x1513
mem[X,0x0000000080000966] -> 0x00B5
[606] [M]: 0x0000000080000964 (0x00B51513) slli a0, a0, 0xb
x10 <- 0x0000033333333000
mem[X,0x0000000080000968] -> 0x0513
mem[X,0x000000008000096A] -> 0x3335
[607] [M]: 0x0000000080000968 (0x33350513) addi a0, a0, 0x333
x10 <- 0x0000033333333333
mem[X,0x000000008000096C] -> 0x1513
mem[X,0x000000008000096E] -> 0x00B5
[608] [M]: 0x000000008000096C (0x00B51513) slli a0, a0, 0xb
x10 <- 0x0019999999999800
mem[X,0x0000000080000970] -> 0x0513
mem[X,0x0000000080000972] -> 0x1995
[609] [M]: 0x0000000080000970 (0x19950513) addi a0, a0, 0x199
x10 <- 0x0019999999999999
mem[X,0x0000000080000974] -> 0x1513
mem[X,0x0000000080000976] -> 0x00A5
[610] [M]: 0x0000000080000974 (0x00A51513) slli a0, a0, 0xa
x10 <- 0x6666666666666400
mem[X,0x0000000080000978] -> 0x0513
mem[X,0x000000008000097A] -> 0x2655
[611] [M]: 0x0000000080000978 (0x26550513) addi a0, a0, 0x265
x10 <- 0x6666666666666665
mem[X,0x000000008000097C] -> 0x5593
mem[X,0x000000008000097E] -> 0x4015
[612] [M]: 0x000000008000097C (0x40155593) srai a1, a0, 0x1
x11 <- 0x3333333333333332
mem[X,0x0000000080000980] -> 0xB023
mem[X,0x0000000080000982] -> 0x2CB0
[613] [M]: 0x0000000080000980 (0x2CB0B023) sd a1, 0x2c0(ra)
mem[0x0000000080003490] <- 0x3333333333333332
mem[X,0x0000000080000984] -> 0x0537
mem[X,0x0000000080000986] -> 0x0000
[614] [M]: 0x0000000080000984 (0x00000537) lui a0, 0x0
x10 <- 0x0000000000000000
mem[X,0x0000000080000988] -> 0x0513
mem[X,0x000000008000098A] -> 0x0005
[615] [M]: 0x0000000080000988 (0x00050513) addi a0, a0, 0x0
x10 <- 0x0000000000000000
mem[X,0x000000008000098C] -> 0x1513
mem[X,0x000000008000098E] -> 0x00B5
[616] [M]: 0x000000008000098C (0x00B51513) slli a0, a0, 0xb
x10 <- 0x0000000000000000
mem[X,0x0000000080000990] -> 0x0513
mem[X,0x0000000080000992] -> 0x5A85
[617] [M]: 0x0000000080000990 (0x5A850513) addi a0, a0, 0x5a8
x10 <- 0x00000000000005A8
mem[X,0x0000000080000994] -> 0x1513
mem[X,0x0000000080000996] -> 0x00B5
[618] [M]: 0x0000000080000994 (0x00B51513) slli a0, a0, 0xb
x10 <- 0x00000000002D4000
mem[X,0x0000000080000998] -> 0x0513
mem[X,0x000000008000099A] -> 0x13C5
[619] [M]: 0x0000000080000998 (0x13C50513) addi a0, a0, 0x13c
x10 <- 0x00000000002D413C
mem[X,0x000000008000099C] -> 0x1513
mem[X,0x000000008000099E] -> 0x00A5
[620] [M]: 0x000000008000099C (0x00A51513) slli a0, a0, 0xa
x10 <- 0x00000000B504F000
mem[X,0x00000000800009A0] -> 0x0513
mem[X,0x00000000800009A2] -> 0x3325
[621] [M]: 0x00000000800009A0 (0x33250513) addi a0, a0, 0x332
x10 <- 0x00000000B504F332
mem[X,0x00000000800009A4] -> 0x5593
mem[X,0x00000000800009A6] -> 0x40A5
[622] [M]: 0x00000000800009A4 (0x40A55593) srai a1, a0, 0xa
x11 <- 0x00000000002D413C
mem[X,0x00000000800009A8] -> 0xB423
mem[X,0x00000000800009AA] -> 0x2CB0
[623] [M]: 0x00000000800009A8 (0x2CB0B423) sd a1, 0x2c8(ra)
mem[0x0000000080003498] <- 0x00000000002D413C
mem[X,0x00000000800009AC] -> 0x5537
mem[X,0x00000000800009AE] -> 0x5555
[624] [M]: 0x00000000800009AC (0x55555537) lui a0, 0x55555
x10 <- 0x0000000055555000
mem[X,0x00000000800009B0] -> 0x0513
mem[X,0x00000000800009B2] -> 0x5555
[625] [M]: 0x00000000800009B0 (0x55550513) addi a0, a0, 0x555
x10 <- 0x0000000055555555
mem[X,0x00000000800009B4] -> 0x1513
mem[X,0x00000000800009B6] -> 0x00B5
[626] [M]: 0x00000000800009B4 (0x00B51513) slli a0, a0, 0xb
x10 <- 0x000002AAAAAAA800
mem[X,0x00000000800009B8] -> 0x0513
mem[X,0x00000000800009BA] -> 0x2AA5
[627] [M]: 0x00000000800009B8 (0x2AA50513) addi a0, a0, 0x2aa
x10 <- 0x000002AAAAAAAAAA
mem[X,0x00000000800009BC] -> 0x1513
mem[X,0x00000000800009BE] -> 0x00B5
[628] [M]: 0x00000000800009BC (0x00B51513) slli a0, a0, 0xb
x10 <- 0x0015555555555000
mem[X,0x00000000800009C0] -> 0x0513
mem[X,0x00000000800009C2] -> 0x5555
[629] [M]: 0x00000000800009C0 (0x55550513) addi a0, a0, 0x555
x10 <- 0x0015555555555555
mem[X,0x00000000800009C4] -> 0x1513
mem[X,0x00000000800009C6] -> 0x00A5
[630] [M]: 0x00000000800009C4 (0x00A51513) slli a0, a0, 0xa
x10 <- 0x5555555555555400
mem[X,0x00000000800009C8] -> 0x0513
mem[X,0x00000000800009CA] -> 0x1565
[631] [M]: 0x00000000800009C8 (0x15650513) addi a0, a0, 0x156
x10 <- 0x5555555555555556
mem[X,0x00000000800009CC] -> 0x5593
mem[X,0x00000000800009CE] -> 0x40C5
[632] [M]: 0x00000000800009CC (0x40C55593) srai a1, a0, 0xc
x11 <- 0x0005555555555555
mem[X,0x00000000800009D0] -> 0xB823
mem[X,0x00000000800009D2] -> 0x2CB0
[633] [M]: 0x00000000800009D0 (0x2CB0B823) sd a1, 0x2d0(ra)
mem[0x00000000800034A0] <- 0x0005555555555555
mem[X,0x00000000800009D4] -> 0xB537
mem[X,0x00000000800009D6] -> 0xAAAA
[634] [M]: 0x00000000800009D4 (0xAAAAB537) lui a0, -0x55555
x10 <- 0xFFFFFFFFAAAAB000
mem[X,0x00000000800009D8] -> 0x0513
mem[X,0x00000000800009DA] -> 0xAAA5
[635] [M]: 0x00000000800009D8 (0xAAA50513) addi a0, a0, -0x556
x10 <- 0xFFFFFFFFAAAAAAAA
mem[X,0x00000000800009DC] -> 0x1513
mem[X,0x00000000800009DE] -> 0x00B5
[636] [M]: 0x00000000800009DC (0x00B51513) slli a0, a0, 0xb
x10 <- 0xFFFFFD5555555000
mem[X,0x00000000800009E0] -> 0x0513
mem[X,0x00000000800009E2] -> 0x5555
[637] [M]: 0x00000000800009E0 (0x55550513) addi a0, a0, 0x555
x10 <- 0xFFFFFD5555555555
mem[X,0x00000000800009E4] -> 0x1513
mem[X,0x00000000800009E6] -> 0x00B5
[638] [M]: 0x00000000800009E4 (0x00B51513) slli a0, a0, 0xb
x10 <- 0xFFEAAAAAAAAAA800
mem[X,0x00000000800009E8] -> 0x0513
mem[X,0x00000000800009EA] -> 0x2AA5
[639] [M]: 0x00000000800009E8 (0x2AA50513) addi a0, a0, 0x2aa
x10 <- 0xFFEAAAAAAAAAAAAA
mem[X,0x00000000800009EC] -> 0x1513
mem[X,0x00000000800009EE] -> 0x00A5
[640] [M]: 0x00000000800009EC (0x00A51513) slli a0, a0, 0xa
x10 <- 0xAAAAAAAAAAAAA800
mem[X,0x00000000800009F0] -> 0x0513
mem[X,0x00000000800009F2] -> 0x2AB5
[641] [M]: 0x00000000800009F0 (0x2AB50513) addi a0, a0, 0x2ab
x10 <- 0xAAAAAAAAAAAAAAAB
mem[X,0x00000000800009F4] -> 0x5593
mem[X,0x00000000800009F6] -> 0x4035
[642] [M]: 0x00000000800009F4 (0x40355593) srai a1, a0, 0x3
x11 <- 0xF555555555555555
mem[X,0x00000000800009F8] -> 0xBC23
mem[X,0x00000000800009FA] -> 0x2CB0
[643] [M]: 0x00000000800009F8 (0x2CB0BC23) sd a1, 0x2d8(ra)
mem[0x00000000800034A8] <- 0xF555555555555555
mem[X,0x00000000800009FC] -> 0x0513
mem[X,0x00000000800009FE] -> 0x0060
[644] [M]: 0x00000000800009FC (0x00600513) addi a0, zero, 0x6
x10 <- 0x0000000000000006
mem[X,0x0000000080000A00] -> 0x5593
mem[X,0x0000000080000A02] -> 0x4155
[645] [M]: 0x0000000080000A00 (0x41555593) srai a1, a0, 0x15
x11 <- 0x0000000000000000
mem[X,0x0000000080000A04] -> 0xB023
mem[X,0x0000000080000A06] -> 0x2EB0
[646] [M]: 0x0000000080000A04 (0x2EB0B023) sd a1, 0x2e0(ra)
mem[0x00000000800034B0] <- 0x0000000000000000
mem[X,0x0000000080000A08] -> 0x3537
mem[X,0x0000000080000A0A] -> 0x3333
[647] [M]: 0x0000000080000A08 (0x33333537) lui a0, 0x33333
x10 <- 0x0000000033333000
mem[X,0x0000000080000A0C] -> 0x0513
mem[X,0x0000000080000A0E] -> 0x3335
[648] [M]: 0x0000000080000A0C (0x33350513) addi a0, a0, 0x333
x10 <- 0x0000000033333333
mem[X,0x0000000080000A10] -> 0x1513
mem[X,0x0000000080000A12] -> 0x00B5
[649] [M]: 0x0000000080000A10 (0x00B51513) slli a0, a0, 0xb
x10 <- 0x0000019999999800
mem[X,0x0000000080000A14] -> 0x0513
mem[X,0x0000000080000A16] -> 0x1995
[650] [M]: 0x0000000080000A14 (0x19950513) addi a0, a0, 0x199
x10 <- 0x0000019999999999
mem[X,0x0000000080000A18] -> 0x1513
mem[X,0x0000000080000A1A] -> 0x00B5
[651] [M]: 0x0000000080000A18 (0x00B51513) slli a0, a0, 0xb
x10 <- 0x000CCCCCCCCCC800
mem[X,0x0000000080000A1C] -> 0x0513
mem[X,0x0000000080000A1E] -> 0x4CC5
[652] [M]: 0x0000000080000A1C (0x4CC50513) addi a0, a0, 0x4cc
x10 <- 0x000CCCCCCCCCCCCC
mem[X,0x0000000080000A20] -> 0x1513
mem[X,0x0000000080000A22] -> 0x00A5
[653] [M]: 0x0000000080000A20 (0x00A51513) slli a0, a0, 0xa
x10 <- 0x3333333333333000
mem[X,0x0000000080000A24] -> 0x0513
mem[X,0x0000000080000A26] -> 0x3345
[654] [M]: 0x0000000080000A24 (0x33450513) addi a0, a0, 0x334
x10 <- 0x3333333333333334
mem[X,0x0000000080000A28] -> 0x5593
mem[X,0x0000000080000A2A] -> 0x40F5
[655] [M]: 0x0000000080000A28 (0x40F55593) srai a1, a0, 0xf
x11 <- 0x0000666666666666
mem[X,0x0000000080000A2C] -> 0xB423
mem[X,0x0000000080000A2E] -> 0x2EB0
[656] [M]: 0x0000000080000A2C (0x2EB0B423) sd a1, 0x2e8(ra)
mem[0x00000000800034B8] <- 0x0000666666666666
mem[X,0x0000000080000A30] -> 0x6537
mem[X,0x0000000080000A32] -> 0x6666
[657] [M]: 0x0000000080000A30 (0x66666537) lui a0, 0x66666
x10 <- 0x0000000066666000
mem[X,0x0000000080000A34] -> 0x0513
mem[X,0x0000000080000A36] -> 0x6665
[658] [M]: 0x0000000080000A34 (0x66650513) addi a0, a0, 0x666
x10 <- 0x0000000066666666
mem[X,0x0000000080000A38] -> 0x1513
mem[X,0x0000000080000A3A] -> 0x00B5
[659] [M]: 0x0000000080000A38 (0x00B51513) slli a0, a0, 0xb
x10 <- 0x0000033333333000
mem[X,0x0000000080000A3C] -> 0x0513
mem[X,0x0000000080000A3E] -> 0x3335
[660] [M]: 0x0000000080000A3C (0x33350513) addi a0, a0, 0x333
x10 <- 0x0000033333333333
mem[X,0x0000000080000A40] -> 0x1513
mem[X,0x0000000080000A42] -> 0x00B5
[661] [M]: 0x0000000080000A40 (0x00B51513) slli a0, a0, 0xb
x10 <- 0x0019999999999800
mem[X,0x0000000080000A44] -> 0x0513
mem[X,0x0000000080000A46] -> 0x1995
[662] [M]: 0x0000000080000A44 (0x19950513) addi a0, a0, 0x199
x10 <- 0x0019999999999999
mem[X,0x0000000080000A48] -> 0x1513
mem[X,0x0000000080000A4A] -> 0x00A5
[663] [M]: 0x0000000080000A48 (0x00A51513) slli a0, a0, 0xa
x10 <- 0x6666666666666400
mem[X,0x0000000080000A4C] -> 0x0513
mem[X,0x0000000080000A4E] -> 0x2675
[664] [M]: 0x0000000080000A4C (0x26750513) addi a0, a0, 0x267
x10 <- 0x6666666666666667
mem[X,0x0000000080000A50] -> 0x5593
mem[X,0x0000000080000A52] -> 0x40A5
[665] [M]: 0x0000000080000A50 (0x40A55593) srai a1, a0, 0xa
x11 <- 0x0019999999999999
mem[X,0x0000000080000A54] -> 0xB823
mem[X,0x0000000080000A56] -> 0x2EB0
[666] [M]: 0x0000000080000A54 (0x2EB0B823) sd a1, 0x2f0(ra)
mem[0x00000000800034C0] <- 0x0019999999999999
mem[X,0x0000000080000A58] -> 0x0537
mem[X,0x0000000080000A5A] -> 0x0000
[667] [M]: 0x0000000080000A58 (0x00000537) lui a0, 0x0
x10 <- 0x0000000000000000
mem[X,0x0000000080000A5C] -> 0x0513
mem[X,0x0000000080000A5E] -> 0xFFF5
[668] [M]: 0x0000000080000A5C (0xFFF50513) addi a0, a0, -0x1
x10 <- 0xFFFFFFFFFFFFFFFF
mem[X,0x0000000080000A60] -> 0x1513
mem[X,0x0000000080000A62] -> 0x00B5
[669] [M]: 0x0000000080000A60 (0x00B51513) slli a0, a0, 0xb
x10 <- 0xFFFFFFFFFFFFF800
mem[X,0x0000000080000A64] -> 0x0513
mem[X,0x0000000080000A66] -> 0x2575
[670] [M]: 0x0000000080000A64 (0x25750513) addi a0, a0, 0x257
x10 <- 0xFFFFFFFFFFFFFA57
mem[X,0x0000000080000A68] -> 0x1513
mem[X,0x0000000080000A6A] -> 0x00B5
[671] [M]: 0x0000000080000A68 (0x00B51513) slli a0, a0, 0xb
x10 <- 0xFFFFFFFFFFD2B800
mem[X,0x0000000080000A6C] -> 0x0513
mem[X,0x0000000080000A6E] -> 0x6C35
[672] [M]: 0x0000000080000A6C (0x6C350513) addi a0, a0, 0x6c3
x10 <- 0xFFFFFFFFFFD2BEC3
mem[X,0x0000000080000A70] -> 0x1513
mem[X,0x0000000080000A72] -> 0x00A5
[673] [M]: 0x0000000080000A70 (0x00A51513) slli a0, a0, 0xa
x10 <- 0xFFFFFFFF4AFB0C00
mem[X,0x0000000080000A74] -> 0x0513
mem[X,0x0000000080000A76] -> 0x0CE5
[674] [M]: 0x0000000080000A74 (0x0CE50513) addi a0, a0, 0xce
x10 <- 0xFFFFFFFF4AFB0CCE
mem[X,0x0000000080000A78] -> 0x5593
mem[X,0x0000000080000A7A] -> 0x40B5
[675] [M]: 0x0000000080000A78 (0x40B55593) srai a1, a0, 0xb
x11 <- 0xFFFFFFFFFFE95F61
mem[X,0x0000000080000A7C] -> 0xBC23
mem[X,0x0000000080000A7E] -> 0x2EB0
[676] [M]: 0x0000000080000A7C (0x2EB0BC23) sd a1, 0x2f8(ra)
mem[0x00000000800034C8] <- 0xFFFFFFFFFFE95F61
mem[X,0x0000000080000A80] -> 0x0537
mem[X,0x0000000080000A82] -> 0x0000
[677] [M]: 0x0000000080000A80 (0x00000537) lui a0, 0x0
x10 <- 0x0000000000000000
mem[X,0x0000000080000A84] -> 0x0513
mem[X,0x0000000080000A86] -> 0x0005
[678] [M]: 0x0000000080000A84 (0x00050513) addi a0, a0, 0x0
x10 <- 0x0000000000000000
mem[X,0x0000000080000A88] -> 0x1513
mem[X,0x0000000080000A8A] -> 0x00B5
[679] [M]: 0x0000000080000A88 (0x00B51513) slli a0, a0, 0xb
x10 <- 0x0000000000000000
mem[X,0x0000000080000A8C] -> 0x0513
mem[X,0x0000000080000A8E] -> 0x5A85
[680] [M]: 0x0000000080000A8C (0x5A850513) addi a0, a0, 0x5a8
x10 <- 0x00000000000005A8
mem[X,0x0000000080000A90] -> 0x1513
mem[X,0x0000000080000A92] -> 0x00B5
[681] [M]: 0x0000000080000A90 (0x00B51513) slli a0, a0, 0xb
x10 <- 0x00000000002D4000
mem[X,0x0000000080000A94] -> 0x0513
mem[X,0x0000000080000A96] -> 0x13C5
[682] [M]: 0x0000000080000A94 (0x13C50513) addi a0, a0, 0x13c
x10 <- 0x00000000002D413C
mem[X,0x0000000080000A98] -> 0x1513
mem[X,0x0000000080000A9A] -> 0x00A5
[683] [M]: 0x0000000080000A98 (0x00A51513) slli a0, a0, 0xa
x10 <- 0x00000000B504F000
mem[X,0x0000000080000A9C] -> 0x0513
mem[X,0x0000000080000A9E] -> 0x3345
[684] [M]: 0x0000000080000A9C (0x33450513) addi a0, a0, 0x334
x10 <- 0x00000000B504F334
mem[X,0x0000000080000AA0] -> 0x5593
mem[X,0x0000000080000AA2] -> 0x4085
[685] [M]: 0x0000000080000AA0 (0x40855593) srai a1, a0, 0x8
x11 <- 0x0000000000B504F3
mem[X,0x0000000080000AA4] -> 0xB023
mem[X,0x0000000080000AA6] -> 0x30B0
[686] [M]: 0x0000000080000AA4 (0x30B0B023) sd a1, 0x300(ra)
mem[0x00000000800034D0] <- 0x0000000000B504F3
mem[X,0x0000000080000AA8] -> 0x0513
mem[X,0x0000000080000AAA] -> 0x0010
[687] [M]: 0x0000000080000AA8 (0x00100513) addi a0, zero, 0x1
x10 <- 0x0000000000000001
mem[X,0x0000000080000AAC] -> 0x1513
mem[X,0x0000000080000AAE] -> 0x02D5
[688] [M]: 0x0000000080000AAC (0x02D51513) slli a0, a0, 0x2d
x10 <- 0x0000200000000000
mem[X,0x0000000080000AB0] -> 0x4513
mem[X,0x0000000080000AB2] -> 0xFFF5
[689] [M]: 0x0000000080000AB0 (0xFFF54513) xori a0, a0, -0x1
x10 <- 0xFFFFDFFFFFFFFFFF
mem[X,0x0000000080000AB4] -> 0x5593
mem[X,0x0000000080000AB6] -> 0x42F5
[690] [M]: 0x0000000080000AB4 (0x42F55593) srai a1, a0, 0x2f
x11 <- 0xFFFFFFFFFFFFFFFF
mem[X,0x0000000080000AB8] -> 0xB423
mem[X,0x0000000080000ABA] -> 0x30B0
[691] [M]: 0x0000000080000AB8 (0x30B0B423) sd a1, 0x308(ra)
mem[0x00000000800034D8] <- 0xFFFFFFFFFFFFFFFF
mem[X,0x0000000080000ABC] -> 0x0513
mem[X,0x0000000080000ABE] -> 0x0010
[692] [M]: 0x0000000080000ABC (0x00100513) addi a0, zero, 0x1
x10 <- 0x0000000000000001
mem[X,0x0000000080000AC0] -> 0x1513
mem[X,0x0000000080000AC2] -> 0x0165
[693] [M]: 0x0000000080000AC0 (0x01651513) slli a0, a0, 0x16
x10 <- 0x0000000000400000
mem[X,0x0000000080000AC4] -> 0x4513
mem[X,0x0000000080000AC6] -> 0xFFF5
[694] [M]: 0x0000000080000AC4 (0xFFF54513) xori a0, a0, -0x1
x10 <- 0xFFFFFFFFFFBFFFFF
mem[X,0x0000000080000AC8] -> 0x5593
mem[X,0x0000000080000ACA] -> 0x42A5
[695] [M]: 0x0000000080000AC8 (0x42A55593) srai a1, a0, 0x2a
x11 <- 0xFFFFFFFFFFFFFFFF
mem[X,0x0000000080000ACC] -> 0xB823
mem[X,0x0000000080000ACE] -> 0x30B0
[696] [M]: 0x0000000080000ACC (0x30B0B823) sd a1, 0x310(ra)
mem[0x00000000800034E0] <- 0xFFFFFFFFFFFFFFFF
mem[X,0x0000000080000AD0] -> 0x0513
mem[X,0x0000000080000AD2] -> 0x0010
[697] [M]: 0x0000000080000AD0 (0x00100513) addi a0, zero, 0x1
x10 <- 0x0000000000000001
mem[X,0x0000000080000AD4] -> 0x1513
mem[X,0x0000000080000AD6] -> 0x0175
[698] [M]: 0x0000000080000AD4 (0x01751513) slli a0, a0, 0x17
x10 <- 0x0000000000800000
mem[X,0x0000000080000AD8] -> 0x4513
mem[X,0x0000000080000ADA] -> 0xFFF5
[699] [M]: 0x0000000080000AD8 (0xFFF54513) xori a0, a0, -0x1
x10 <- 0xFFFFFFFFFF7FFFFF
clint::tick mtime <- 0x0000000000000007
 clint timer pending at mtime 0x0000000000000007
htif::tick 0x0000000000000000
mem[X,0x0000000080000ADC] -> 0x5593
mem[X,0x0000000080000ADE] -> 0x40D5
[700] [M]: 0x0000000080000ADC (0x40D55593) srai a1, a0, 0xd
x11 <- 0xFFFFFFFFFFFFFBFF
mem[X,0x0000000080000AE0] -> 0xBC23
mem[X,0x0000000080000AE2] -> 0x30B0
[701] [M]: 0x0000000080000AE0 (0x30B0BC23) sd a1, 0x318(ra)
mem[0x00000000800034E8] <- 0xFFFFFFFFFFFFFBFF
mem[X,0x0000000080000AE4] -> 0x0513
mem[X,0x0000000080000AE6] -> 0x0010
[702] [M]: 0x0000000080000AE4 (0x00100513) addi a0, zero, 0x1
x10 <- 0x0000000000000001
mem[X,0x0000000080000AE8] -> 0x1513
mem[X,0x0000000080000AEA] -> 0x0185
[703] [M]: 0x0000000080000AE8 (0x01851513) slli a0, a0, 0x18
x10 <- 0x0000000001000000
mem[X,0x0000000080000AEC] -> 0x4513
mem[X,0x0000000080000AEE] -> 0xFFF5
[704] [M]: 0x0000000080000AEC (0xFFF54513) xori a0, a0, -0x1
x10 <- 0xFFFFFFFFFEFFFFFF
mem[X,0x0000000080000AF0] -> 0x5593
mem[X,0x0000000080000AF2] -> 0x4015
[705] [M]: 0x0000000080000AF0 (0x40155593) srai a1, a0, 0x1
x11 <- 0xFFFFFFFFFF7FFFFF
mem[X,0x0000000080000AF4] -> 0xB023
mem[X,0x0000000080000AF6] -> 0x32B0
[706] [M]: 0x0000000080000AF4 (0x32B0B023) sd a1, 0x320(ra)
mem[0x00000000800034F0] <- 0xFFFFFFFFFF7FFFFF
mem[X,0x0000000080000AF8] -> 0x0513
mem[X,0x0000000080000AFA] -> 0x0010
[707] [M]: 0x0000000080000AF8 (0x00100513) addi a0, zero, 0x1
x10 <- 0x0000000000000001
mem[X,0x0000000080000AFC] -> 0x1513
mem[X,0x0000000080000AFE] -> 0x01A5
[708] [M]: 0x0000000080000AFC (0x01A51513) slli a0, a0, 0x1a
x10 <- 0x0000000004000000
mem[X,0x0000000080000B00] -> 0x4513
mem[X,0x0000000080000B02] -> 0xFFF5
[709] [M]: 0x0000000080000B00 (0xFFF54513) xori a0, a0, -0x1
x10 <- 0xFFFFFFFFFBFFFFFF
mem[X,0x0000000080000B04] -> 0x5593
mem[X,0x0000000080000B06] -> 0x40C5
[710] [M]: 0x0000000080000B04 (0x40C55593) srai a1, a0, 0xc
x11 <- 0xFFFFFFFFFFFFBFFF
mem[X,0x0000000080000B08] -> 0xB423
mem[X,0x0000000080000B0A] -> 0x32B0
[711] [M]: 0x0000000080000B08 (0x32B0B423) sd a1, 0x328(ra)
mem[0x00000000800034F8] <- 0xFFFFFFFFFFFFBFFF
mem[X,0x0000000080000B0C] -> 0x0513
mem[X,0x0000000080000B0E] -> 0x0010
[712] [M]: 0x0000000080000B0C (0x00100513) addi a0, zero, 0x1
x10 <- 0x0000000000000001
mem[X,0x0000000080000B10] -> 0x1513
mem[X,0x0000000080000B12] -> 0x01B5
[713] [M]: 0x0000000080000B10 (0x01B51513) slli a0, a0, 0x1b
x10 <- 0x0000000008000000
mem[X,0x0000000080000B14] -> 0x4513
mem[X,0x0000000080000B16] -> 0xFFF5
[714] [M]: 0x0000000080000B14 (0xFFF54513) xori a0, a0, -0x1
x10 <- 0xFFFFFFFFF7FFFFFF
mem[X,0x0000000080000B18] -> 0x5593
mem[X,0x0000000080000B1A] -> 0x4075
[715] [M]: 0x0000000080000B18 (0x40755593) srai a1, a0, 0x7
x11 <- 0xFFFFFFFFFFEFFFFF
mem[X,0x0000000080000B1C] -> 0xB823
mem[X,0x0000000080000B1E] -> 0x32B0
[716] [M]: 0x0000000080000B1C (0x32B0B823) sd a1, 0x330(ra)
mem[0x0000000080003500] <- 0xFFFFFFFFFFEFFFFF
mem[X,0x0000000080000B20] -> 0x0513
mem[X,0x0000000080000B22] -> 0x0010
[717] [M]: 0x0000000080000B20 (0x00100513) addi a0, zero, 0x1
x10 <- 0x0000000000000001
mem[X,0x0000000080000B24] -> 0x1513
mem[X,0x0000000080000B26] -> 0x01C5
[718] [M]: 0x0000000080000B24 (0x01C51513) slli a0, a0, 0x1c
x10 <- 0x0000000010000000
mem[X,0x0000000080000B28] -> 0x4513
mem[X,0x0000000080000B2A] -> 0xFFF5
[719] [M]: 0x0000000080000B28 (0xFFF54513) xori a0, a0, -0x1
x10 <- 0xFFFFFFFFEFFFFFFF
mem[X,0x0000000080000B2C] -> 0x5593
mem[X,0x0000000080000B2E] -> 0x4045
[720] [M]: 0x0000000080000B2C (0x40455593) srai a1, a0, 0x4
x11 <- 0xFFFFFFFFFEFFFFFF
mem[X,0x0000000080000B30] -> 0xBC23
mem[X,0x0000000080000B32] -> 0x32B0
[721] [M]: 0x0000000080000B30 (0x32B0BC23) sd a1, 0x338(ra)
mem[0x0000000080003508] <- 0xFFFFFFFFFEFFFFFF
mem[X,0x0000000080000B34] -> 0x0513
mem[X,0x0000000080000B36] -> 0x0010
[722] [M]: 0x0000000080000B34 (0x00100513) addi a0, zero, 0x1
x10 <- 0x0000000000000001
mem[X,0x0000000080000B38] -> 0x1513
mem[X,0x0000000080000B3A] -> 0x01D5
[723] [M]: 0x0000000080000B38 (0x01D51513) slli a0, a0, 0x1d
x10 <- 0x0000000020000000
mem[X,0x0000000080000B3C] -> 0x4513
mem[X,0x0000000080000B3E] -> 0xFFF5
[724] [M]: 0x0000000080000B3C (0xFFF54513) xori a0, a0, -0x1
x10 <- 0xFFFFFFFFDFFFFFFF
mem[X,0x0000000080000B40] -> 0x5593
mem[X,0x0000000080000B42] -> 0x43B5
[725] [M]: 0x0000000080000B40 (0x43B55593) srai a1, a0, 0x3b
x11 <- 0xFFFFFFFFFFFFFFFF
mem[X,0x0000000080000B44] -> 0xB023
mem[X,0x0000000080000B46] -> 0x34B0
[726] [M]: 0x0000000080000B44 (0x34B0B023) sd a1, 0x340(ra)
mem[0x0000000080003510] <- 0xFFFFFFFFFFFFFFFF
mem[X,0x0000000080000B48] -> 0x0513
mem[X,0x0000000080000B4A] -> 0x0010
[727] [M]: 0x0000000080000B48 (0x00100513) addi a0, zero, 0x1
x10 <- 0x0000000000000001
mem[X,0x0000000080000B4C] -> 0x1513
mem[X,0x0000000080000B4E] -> 0x01E5
[728] [M]: 0x0000000080000B4C (0x01E51513) slli a0, a0, 0x1e
x10 <- 0x0000000040000000
mem[X,0x0000000080000B50] -> 0x4513
mem[X,0x0000000080000B52] -> 0xFFF5
[729] [M]: 0x0000000080000B50 (0xFFF54513) xori a0, a0, -0x1
x10 <- 0xFFFFFFFFBFFFFFFF
mem[X,0x0000000080000B54] -> 0x5593
mem[X,0x0000000080000B56] -> 0x4205
[730] [M]: 0x0000000080000B54 (0x42055593) srai a1, a0, 0x20
x11 <- 0xFFFFFFFFFFFFFFFF
mem[X,0x0000000080000B58] -> 0xB423
mem[X,0x0000000080000B5A] -> 0x34B0
[731] [M]: 0x0000000080000B58 (0x34B0B423) sd a1, 0x348(ra)
mem[0x0000000080003518] <- 0xFFFFFFFFFFFFFFFF
mem[X,0x0000000080000B5C] -> 0x0513
mem[X,0x0000000080000B5E] -> 0x0010
[732] [M]: 0x0000000080000B5C (0x00100513) addi a0, zero, 0x1
x10 <- 0x0000000000000001
mem[X,0x0000000080000B60] -> 0x1513
mem[X,0x0000000080000B62] -> 0x01F5
[733] [M]: 0x0000000080000B60 (0x01F51513) slli a0, a0, 0x1f
x10 <- 0x0000000080000000
mem[X,0x0000000080000B64] -> 0x4513
mem[X,0x0000000080000B66] -> 0xFFF5
[734] [M]: 0x0000000080000B64 (0xFFF54513) xori a0, a0, -0x1
x10 <- 0xFFFFFFFF7FFFFFFF
mem[X,0x0000000080000B68] -> 0x5593
mem[X,0x0000000080000B6A] -> 0x4095
[735] [M]: 0x0000000080000B68 (0x40955593) srai a1, a0, 0x9
x11 <- 0xFFFFFFFFFFBFFFFF
mem[X,0x0000000080000B6C] -> 0xB823
mem[X,0x0000000080000B6E] -> 0x34B0
[736] [M]: 0x0000000080000B6C (0x34B0B823) sd a1, 0x350(ra)
mem[0x0000000080003520] <- 0xFFFFFFFFFFBFFFFF
mem[X,0x0000000080000B70] -> 0x0513
mem[X,0x0000000080000B72] -> 0x0010
[737] [M]: 0x0000000080000B70 (0x00100513) addi a0, zero, 0x1
x10 <- 0x0000000000000001
mem[X,0x0000000080000B74] -> 0x1513
mem[X,0x0000000080000B76] -> 0x0205
[738] [M]: 0x0000000080000B74 (0x02051513) slli a0, a0, 0x20
x10 <- 0x0000000100000000
mem[X,0x0000000080000B78] -> 0x4513
mem[X,0x0000000080000B7A] -> 0xFFF5
[739] [M]: 0x0000000080000B78 (0xFFF54513) xori a0, a0, -0x1
x10 <- 0xFFFFFFFEFFFFFFFF
mem[X,0x0000000080000B7C] -> 0x5593
mem[X,0x0000000080000B7E] -> 0x4045
[740] [M]: 0x0000000080000B7C (0x40455593) srai a1, a0, 0x4
x11 <- 0xFFFFFFFFEFFFFFFF
mem[X,0x0000000080000B80] -> 0xBC23
mem[X,0x0000000080000B82] -> 0x34B0
[741] [M]: 0x0000000080000B80 (0x34B0BC23) sd a1, 0x358(ra)
mem[0x0000000080003528] <- 0xFFFFFFFFEFFFFFFF
mem[X,0x0000000080000B84] -> 0x0513
mem[X,0x0000000080000B86] -> 0x0010
[742] [M]: 0x0000000080000B84 (0x00100513) addi a0, zero, 0x1
x10 <- 0x0000000000000001
mem[X,0x0000000080000B88] -> 0x1513
mem[X,0x0000000080000B8A] -> 0x0215
[743] [M]: 0x0000000080000B88 (0x02151513) slli a0, a0, 0x21
x10 <- 0x0000000200000000
mem[X,0x0000000080000B8C] -> 0x4513
mem[X,0x0000000080000B8E] -> 0xFFF5
[744] [M]: 0x0000000080000B8C (0xFFF54513) xori a0, a0, -0x1
x10 <- 0xFFFFFFFDFFFFFFFF
mem[X,0x0000000080000B90] -> 0x5593
mem[X,0x0000000080000B92] -> 0x40C5
[745] [M]: 0x0000000080000B90 (0x40C55593) srai a1, a0, 0xc
x11 <- 0xFFFFFFFFFFDFFFFF
mem[X,0x0000000080000B94] -> 0xB023
mem[X,0x0000000080000B96] -> 0x36B0
[746] [M]: 0x0000000080000B94 (0x36B0B023) sd a1, 0x360(ra)
mem[0x0000000080003530] <- 0xFFFFFFFFFFDFFFFF
mem[X,0x0000000080000B98] -> 0x0513
mem[X,0x0000000080000B9A] -> 0x0010
[747] [M]: 0x0000000080000B98 (0x00100513) addi a0, zero, 0x1
x10 <- 0x0000000000000001
mem[X,0x0000000080000B9C] -> 0x1513
mem[X,0x0000000080000B9E] -> 0x0225
[748] [M]: 0x0000000080000B9C (0x02251513) slli a0, a0, 0x22
x10 <- 0x0000000400000000
mem[X,0x0000000080000BA0] -> 0x4513
mem[X,0x0000000080000BA2] -> 0xFFF5
[749] [M]: 0x0000000080000BA0 (0xFFF54513) xori a0, a0, -0x1
x10 <- 0xFFFFFFFBFFFFFFFF
mem[X,0x0000000080000BA4] -> 0x5593
mem[X,0x0000000080000BA6] -> 0x42F5
[750] [M]: 0x0000000080000BA4 (0x42F55593) srai a1, a0, 0x2f
x11 <- 0xFFFFFFFFFFFFFFFF
mem[X,0x0000000080000BA8] -> 0xB423
mem[X,0x0000000080000BAA] -> 0x36B0
[751] [M]: 0x0000000080000BA8 (0x36B0B423) sd a1, 0x368(ra)
mem[0x0000000080003538] <- 0xFFFFFFFFFFFFFFFF
mem[X,0x0000000080000BAC] -> 0x0513
mem[X,0x0000000080000BAE] -> 0x0010
[752] [M]: 0x0000000080000BAC (0x00100513) addi a0, zero, 0x1
x10 <- 0x0000000000000001
mem[X,0x0000000080000BB0] -> 0x1513
mem[X,0x0000000080000BB2] -> 0x0235
[753] [M]: 0x0000000080000BB0 (0x02351513) slli a0, a0, 0x23
x10 <- 0x0000000800000000
mem[X,0x0000000080000BB4] -> 0x4513
mem[X,0x0000000080000BB6] -> 0xFFF5
[754] [M]: 0x0000000080000BB4 (0xFFF54513) xori a0, a0, -0x1
x10 <- 0xFFFFFFF7FFFFFFFF
mem[X,0x0000000080000BB8] -> 0x5593
mem[X,0x0000000080000BBA] -> 0x4115
[755] [M]: 0x0000000080000BB8 (0x41155593) srai a1, a0, 0x11
x11 <- 0xFFFFFFFFFFFBFFFF
mem[X,0x0000000080000BBC] -> 0xB823
mem[X,0x0000000080000BBE] -> 0x36B0
[756] [M]: 0x0000000080000BBC (0x36B0B823) sd a1, 0x370(ra)
mem[0x0000000080003540] <- 0xFFFFFFFFFFFBFFFF
mem[X,0x0000000080000BC0] -> 0x0513
mem[X,0x0000000080000BC2] -> 0x0010
[757] [M]: 0x0000000080000BC0 (0x00100513) addi a0, zero, 0x1
x10 <- 0x0000000000000001
mem[X,0x0000000080000BC4] -> 0x1513
mem[X,0x0000000080000BC6] -> 0x0245
[758] [M]: 0x0000000080000BC4 (0x02451513) slli a0, a0, 0x24
x10 <- 0x0000001000000000
mem[X,0x0000000080000BC8] -> 0x4513
mem[X,0x0000000080000BCA] -> 0xFFF5
[759] [M]: 0x0000000080000BC8 (0xFFF54513) xori a0, a0, -0x1
x10 <- 0xFFFFFFEFFFFFFFFF
mem[X,0x0000000080000BCC] -> 0x5593
mem[X,0x0000000080000BCE] -> 0x40F5
[760] [M]: 0x0000000080000BCC (0x40F55593) srai a1, a0, 0xf
x11 <- 0xFFFFFFFFFFDFFFFF
mem[X,0x0000000080000BD0] -> 0xBC23
mem[X,0x0000000080000BD2] -> 0x36B0
[761] [M]: 0x0000000080000BD0 (0x36B0BC23) sd a1, 0x378(ra)
mem[0x0000000080003548] <- 0xFFFFFFFFFFDFFFFF
mem[X,0x0000000080000BD4] -> 0x0513
mem[X,0x0000000080000BD6] -> 0x0010
[762] [M]: 0x0000000080000BD4 (0x00100513) addi a0, zero, 0x1
x10 <- 0x0000000000000001
mem[X,0x0000000080000BD8] -> 0x1513
mem[X,0x0000000080000BDA] -> 0x0255
[763] [M]: 0x0000000080000BD8 (0x02551513) slli a0, a0, 0x25
x10 <- 0x0000002000000000
mem[X,0x0000000080000BDC] -> 0x4513
mem[X,0x0000000080000BDE] -> 0xFFF5
[764] [M]: 0x0000000080000BDC (0xFFF54513) xori a0, a0, -0x1
x10 <- 0xFFFFFFDFFFFFFFFF
mem[X,0x0000000080000BE0] -> 0x5593
mem[X,0x0000000080000BE2] -> 0x4135
[765] [M]: 0x0000000080000BE0 (0x41355593) srai a1, a0, 0x13
x11 <- 0xFFFFFFFFFFFBFFFF
mem[X,0x0000000080000BE4] -> 0xB023
mem[X,0x0000000080000BE6] -> 0x38B0
[766] [M]: 0x0000000080000BE4 (0x38B0B023) sd a1, 0x380(ra)
mem[0x0000000080003550] <- 0xFFFFFFFFFFFBFFFF
mem[X,0x0000000080000BE8] -> 0x0513
mem[X,0x0000000080000BEA] -> 0x0010
[767] [M]: 0x0000000080000BE8 (0x00100513) addi a0, zero, 0x1
x10 <- 0x0000000000000001
mem[X,0x0000000080000BEC] -> 0x1513
mem[X,0x0000000080000BEE] -> 0x0265
[768] [M]: 0x0000000080000BEC (0x02651513) slli a0, a0, 0x26
x10 <- 0x0000004000000000
mem[X,0x0000000080000BF0] -> 0x4513
mem[X,0x0000000080000BF2] -> 0xFFF5
[769] [M]: 0x0000000080000BF0 (0xFFF54513) xori a0, a0, -0x1
x10 <- 0xFFFFFFBFFFFFFFFF
mem[X,0x0000000080000BF4] -> 0x5593
mem[X,0x0000000080000BF6] -> 0x4035
[770] [M]: 0x0000000080000BF4 (0x40355593) srai a1, a0, 0x3
x11 <- 0xFFFFFFF7FFFFFFFF
mem[X,0x0000000080000BF8] -> 0xB423
mem[X,0x0000000080000BFA] -> 0x38B0
[771] [M]: 0x0000000080000BF8 (0x38B0B423) sd a1, 0x388(ra)
mem[0x0000000080003558] <- 0xFFFFFFF7FFFFFFFF
mem[X,0x0000000080000BFC] -> 0x0513
mem[X,0x0000000080000BFE] -> 0x0010
[772] [M]: 0x0000000080000BFC (0x00100513) addi a0, zero, 0x1
x10 <- 0x0000000000000001
mem[X,0x0000000080000C00] -> 0x1513
mem[X,0x0000000080000C02] -> 0x0275
[773] [M]: 0x0000000080000C00 (0x02751513) slli a0, a0, 0x27
x10 <- 0x0000008000000000
mem[X,0x0000000080000C04] -> 0x4513
mem[X,0x0000000080000C06] -> 0xFFF5
[774] [M]: 0x0000000080000C04 (0xFFF54513) xori a0, a0, -0x1
x10 <- 0xFFFFFF7FFFFFFFFF
mem[X,0x0000000080000C08] -> 0x5593
mem[X,0x0000000080000C0A] -> 0x40E5
[775] [M]: 0x0000000080000C08 (0x40E55593) srai a1, a0, 0xe
x11 <- 0xFFFFFFFFFDFFFFFF
mem[X,0x0000000080000C0C] -> 0xB823
mem[X,0x0000000080000C0E] -> 0x38B0
[776] [M]: 0x0000000080000C0C (0x38B0B823) sd a1, 0x390(ra)
mem[0x0000000080003560] <- 0xFFFFFFFFFDFFFFFF
mem[X,0x0000000080000C10] -> 0x0513
mem[X,0x0000000080000C12] -> 0x0010
[777] [M]: 0x0000000080000C10 (0x00100513) addi a0, zero, 0x1
x10 <- 0x0000000000000001
mem[X,0x0000000080000C14] -> 0x1513
mem[X,0x0000000080000C16] -> 0x0285
[778] [M]: 0x0000000080000C14 (0x02851513) slli a0, a0, 0x28
x10 <- 0x0000010000000000
mem[X,0x0000000080000C18] -> 0x4513
mem[X,0x0000000080000C1A] -> 0xFFF5
[779] [M]: 0x0000000080000C18 (0xFFF54513) xori a0, a0, -0x1
x10 <- 0xFFFFFEFFFFFFFFFF
mem[X,0x0000000080000C1C] -> 0x5593
mem[X,0x0000000080000C1E] -> 0x4015
[780] [M]: 0x0000000080000C1C (0x40155593) srai a1, a0, 0x1
x11 <- 0xFFFFFF7FFFFFFFFF
mem[X,0x0000000080000C20] -> 0xBC23
mem[X,0x0000000080000C22] -> 0x38B0
[781] [M]: 0x0000000080000C20 (0x38B0BC23) sd a1, 0x398(ra)
mem[0x0000000080003568] <- 0xFFFFFF7FFFFFFFFF
mem[X,0x0000000080000C24] -> 0x0513
mem[X,0x0000000080000C26] -> 0x0010
[782] [M]: 0x0000000080000C24 (0x00100513) addi a0, zero, 0x1
x10 <- 0x0000000000000001
mem[X,0x0000000080000C28] -> 0x1513
mem[X,0x0000000080000C2A] -> 0x0295
[783] [M]: 0x0000000080000C28 (0x02951513) slli a0, a0, 0x29
x10 <- 0x0000020000000000
mem[X,0x0000000080000C2C] -> 0x4513
mem[X,0x0000000080000C2E] -> 0xFFF5
[784] [M]: 0x0000000080000C2C (0xFFF54513) xori a0, a0, -0x1
x10 <- 0xFFFFFDFFFFFFFFFF
mem[X,0x0000000080000C30] -> 0x5593
mem[X,0x0000000080000C32] -> 0x4055
[785] [M]: 0x0000000080000C30 (0x40555593) srai a1, a0, 0x5
x11 <- 0xFFFFFFEFFFFFFFFF
mem[X,0x0000000080000C34] -> 0xB023
mem[X,0x0000000080000C36] -> 0x3AB0
[786] [M]: 0x0000000080000C34 (0x3AB0B023) sd a1, 0x3a0(ra)
mem[0x0000000080003570] <- 0xFFFFFFEFFFFFFFFF
mem[X,0x0000000080000C38] -> 0x0513
mem[X,0x0000000080000C3A] -> 0x0010
[787] [M]: 0x0000000080000C38 (0x00100513) addi a0, zero, 0x1
x10 <- 0x0000000000000001
mem[X,0x0000000080000C3C] -> 0x1513
mem[X,0x0000000080000C3E] -> 0x02A5
[788] [M]: 0x0000000080000C3C (0x02A51513) slli a0, a0, 0x2a
x10 <- 0x0000040000000000
mem[X,0x0000000080000C40] -> 0x4513
mem[X,0x0000000080000C42] -> 0xFFF5
[789] [M]: 0x0000000080000C40 (0xFFF54513) xori a0, a0, -0x1
x10 <- 0xFFFFFBFFFFFFFFFF
mem[X,0x0000000080000C44] -> 0x5593
mem[X,0x0000000080000C46] -> 0x4085
[790] [M]: 0x0000000080000C44 (0x40855593) srai a1, a0, 0x8
x11 <- 0xFFFFFFFBFFFFFFFF
mem[X,0x0000000080000C48] -> 0xB423
mem[X,0x0000000080000C4A] -> 0x3AB0
[791] [M]: 0x0000000080000C48 (0x3AB0B423) sd a1, 0x3a8(ra)
mem[0x0000000080003578] <- 0xFFFFFFFBFFFFFFFF
mem[X,0x0000000080000C4C] -> 0x0513
mem[X,0x0000000080000C4E] -> 0x0010
[792] [M]: 0x0000000080000C4C (0x00100513) addi a0, zero, 0x1
x10 <- 0x0000000000000001
mem[X,0x0000000080000C50] -> 0x1513
mem[X,0x0000000080000C52] -> 0x02B5
[793] [M]: 0x0000000080000C50 (0x02B51513) slli a0, a0, 0x2b
x10 <- 0x0000080000000000
mem[X,0x0000000080000C54] -> 0x4513
mem[X,0x0000000080000C56] -> 0xFFF5
[794] [M]: 0x0000000080000C54 (0xFFF54513) xori a0, a0, -0x1
x10 <- 0xFFFFF7FFFFFFFFFF
mem[X,0x0000000080000C58] -> 0x5593
mem[X,0x0000000080000C5A] -> 0x4065
[795] [M]: 0x0000000080000C58 (0x40655593) srai a1, a0, 0x6
x11 <- 0xFFFFFFDFFFFFFFFF
mem[X,0x0000000080000C5C] -> 0xB823
mem[X,0x0000000080000C5E] -> 0x3AB0
[796] [M]: 0x0000000080000C5C (0x3AB0B823) sd a1, 0x3b0(ra)
mem[0x0000000080003580] <- 0xFFFFFFDFFFFFFFFF
mem[X,0x0000000080000C60] -> 0x0513
mem[X,0x0000000080000C62] -> 0x0010
[797] [M]: 0x0000000080000C60 (0x00100513) addi a0, zero, 0x1
x10 <- 0x0000000000000001
mem[X,0x0000000080000C64] -> 0x1513
mem[X,0x0000000080000C66] -> 0x02C5
[798] [M]: 0x0000000080000C64 (0x02C51513) slli a0, a0, 0x2c
x10 <- 0x0000100000000000
mem[X,0x0000000080000C68] -> 0x4513
mem[X,0x0000000080000C6A] -> 0xFFF5
[799] [M]: 0x0000000080000C68 (0xFFF54513) xori a0, a0, -0x1
x10 <- 0xFFFFEFFFFFFFFFFF
clint::tick mtime <- 0x0000000000000008
 clint timer pending at mtime 0x0000000000000008
htif::tick 0x0000000000000000
mem[X,0x0000000080000C6C] -> 0x5593
mem[X,0x0000000080000C6E] -> 0x4095
[800] [M]: 0x0000000080000C6C (0x40955593) srai a1, a0, 0x9
x11 <- 0xFFFFFFF7FFFFFFFF
mem[X,0x0000000080000C70] -> 0xBC23
mem[X,0x0000000080000C72] -> 0x3AB0
[801] [M]: 0x0000000080000C70 (0x3AB0BC23) sd a1, 0x3b8(ra)
mem[0x0000000080003588] <- 0xFFFFFFF7FFFFFFFF
mem[X,0x0000000080000C74] -> 0x0513
mem[X,0x0000000080000C76] -> 0x0010
[802] [M]: 0x0000000080000C74 (0x00100513) addi a0, zero, 0x1
x10 <- 0x0000000000000001
mem[X,0x0000000080000C78] -> 0x1513
mem[X,0x0000000080000C7A] -> 0x02E5
[803] [M]: 0x0000000080000C78 (0x02E51513) slli a0, a0, 0x2e
x10 <- 0x0000400000000000
mem[X,0x0000000080000C7C] -> 0x4513
mem[X,0x0000000080000C7E] -> 0xFFF5
[804] [M]: 0x0000000080000C7C (0xFFF54513) xori a0, a0, -0x1
x10 <- 0xFFFFBFFFFFFFFFFF
mem[X,0x0000000080000C80] -> 0x5593
mem[X,0x0000000080000C82] -> 0x4085
[805] [M]: 0x0000000080000C80 (0x40855593) srai a1, a0, 0x8
x11 <- 0xFFFFFFBFFFFFFFFF
mem[X,0x0000000080000C84] -> 0xB023
mem[X,0x0000000080000C86] -> 0x3CB0
[806] [M]: 0x0000000080000C84 (0x3CB0B023) sd a1, 0x3c0(ra)
mem[0x0000000080003590] <- 0xFFFFFFBFFFFFFFFF
mem[X,0x0000000080000C88] -> 0x0513
mem[X,0x0000000080000C8A] -> 0x0010
[807] [M]: 0x0000000080000C88 (0x00100513) addi a0, zero, 0x1
x10 <- 0x0000000000000001
mem[X,0x0000000080000C8C] -> 0x1513
mem[X,0x0000000080000C8E] -> 0x02F5
[808] [M]: 0x0000000080000C8C (0x02F51513) slli a0, a0, 0x2f
x10 <- 0x0000800000000000
mem[X,0x0000000080000C90] -> 0x4513
mem[X,0x0000000080000C92] -> 0xFFF5
[809] [M]: 0x0000000080000C90 (0xFFF54513) xori a0, a0, -0x1
x10 <- 0xFFFF7FFFFFFFFFFF
mem[X,0x0000000080000C94] -> 0x5593
mem[X,0x0000000080000C96] -> 0x4025
[810] [M]: 0x0000000080000C94 (0x40255593) srai a1, a0, 0x2
x11 <- 0xFFFFDFFFFFFFFFFF
mem[X,0x0000000080000C98] -> 0xB423
mem[X,0x0000000080000C9A] -> 0x3CB0
[811] [M]: 0x0000000080000C98 (0x3CB0B423) sd a1, 0x3c8(ra)
mem[0x0000000080003598] <- 0xFFFFDFFFFFFFFFFF
mem[X,0x0000000080000C9C] -> 0x0513
mem[X,0x0000000080000C9E] -> 0x0010
[812] [M]: 0x0000000080000C9C (0x00100513) addi a0, zero, 0x1
x10 <- 0x0000000000000001
mem[X,0x0000000080000CA0] -> 0x1513
mem[X,0x0000000080000CA2] -> 0x0305
[813] [M]: 0x0000000080000CA0 (0x03051513) slli a0, a0, 0x30
x10 <- 0x0001000000000000
mem[X,0x0000000080000CA4] -> 0x4513
mem[X,0x0000000080000CA6] -> 0xFFF5
[814] [M]: 0x0000000080000CA4 (0xFFF54513) xori a0, a0, -0x1
x10 <- 0xFFFEFFFFFFFFFFFF
mem[X,0x0000000080000CA8] -> 0x5593
mem[X,0x0000000080000CAA] -> 0x41F5
[815] [M]: 0x0000000080000CA8 (0x41F55593) srai a1, a0, 0x1f
x11 <- 0xFFFFFFFFFFFDFFFF
mem[X,0x0000000080000CAC] -> 0xB823
mem[X,0x0000000080000CAE] -> 0x3CB0
[816] [M]: 0x0000000080000CAC (0x3CB0B823) sd a1, 0x3d0(ra)
mem[0x00000000800035A0] <- 0xFFFFFFFFFFFDFFFF
mem[X,0x0000000080000CB0] -> 0x0513
mem[X,0x0000000080000CB2] -> 0x0010
[817] [M]: 0x0000000080000CB0 (0x00100513) addi a0, zero, 0x1
x10 <- 0x0000000000000001
mem[X,0x0000000080000CB4] -> 0x1513
mem[X,0x0000000080000CB6] -> 0x0315
[818] [M]: 0x0000000080000CB4 (0x03151513) slli a0, a0, 0x31
x10 <- 0x0002000000000000
mem[X,0x0000000080000CB8] -> 0x4513
mem[X,0x0000000080000CBA] -> 0xFFF5
[819] [M]: 0x0000000080000CB8 (0xFFF54513) xori a0, a0, -0x1
x10 <- 0xFFFDFFFFFFFFFFFF
mem[X,0x0000000080000CBC] -> 0x5593
mem[X,0x0000000080000CBE] -> 0x43B5
[820] [M]: 0x0000000080000CBC (0x43B55593) srai a1, a0, 0x3b
x11 <- 0xFFFFFFFFFFFFFFFF
mem[X,0x0000000080000CC0] -> 0xBC23
mem[X,0x0000000080000CC2] -> 0x3CB0
[821] [M]: 0x0000000080000CC0 (0x3CB0BC23) sd a1, 0x3d8(ra)
mem[0x00000000800035A8] <- 0xFFFFFFFFFFFFFFFF
mem[X,0x0000000080000CC4] -> 0x0513
mem[X,0x0000000080000CC6] -> 0x0010
[822] [M]: 0x0000000080000CC4 (0x00100513) addi a0, zero, 0x1
x10 <- 0x0000000000000001
mem[X,0x0000000080000CC8] -> 0x1513
mem[X,0x0000000080000CCA] -> 0x0325
[823] [M]: 0x0000000080000CC8 (0x03251513) slli a0, a0, 0x32
x10 <- 0x0004000000000000
mem[X,0x0000000080000CCC] -> 0x4513
mem[X,0x0000000080000CCE] -> 0xFFF5
[824] [M]: 0x0000000080000CCC (0xFFF54513) xori a0, a0, -0x1
x10 <- 0xFFFBFFFFFFFFFFFF
mem[X,0x0000000080000CD0] -> 0x5593
mem[X,0x0000000080000CD2] -> 0x4375
[825] [M]: 0x0000000080000CD0 (0x43755593) srai a1, a0, 0x37
x11 <- 0xFFFFFFFFFFFFFFFF
mem[X,0x0000000080000CD4] -> 0xB023
mem[X,0x0000000080000CD6] -> 0x3EB0
[826] [M]: 0x0000000080000CD4 (0x3EB0B023) sd a1, 0x3e0(ra)
mem[0x00000000800035B0] <- 0xFFFFFFFFFFFFFFFF
mem[X,0x0000000080000CD8] -> 0x0513
mem[X,0x0000000080000CDA] -> 0x0010
[827] [M]: 0x0000000080000CD8 (0x00100513) addi a0, zero, 0x1
x10 <- 0x0000000000000001
mem[X,0x0000000080000CDC] -> 0x1513
mem[X,0x0000000080000CDE] -> 0x0335
[828] [M]: 0x0000000080000CDC (0x03351513) slli a0, a0, 0x33
x10 <- 0x0008000000000000
mem[X,0x0000000080000CE0] -> 0x4513
mem[X,0x0000000080000CE2] -> 0xFFF5
[829] [M]: 0x0000000080000CE0 (0xFFF54513) xori a0, a0, -0x1
x10 <- 0xFFF7FFFFFFFFFFFF
mem[X,0x0000000080000CE4] -> 0x5593
mem[X,0x0000000080000CE6] -> 0x4035
[830] [M]: 0x0000000080000CE4 (0x40355593) srai a1, a0, 0x3
x11 <- 0xFFFEFFFFFFFFFFFF
mem[X,0x0000000080000CE8] -> 0xB423
mem[X,0x0000000080000CEA] -> 0x3EB0
[831] [M]: 0x0000000080000CE8 (0x3EB0B423) sd a1, 0x3e8(ra)
mem[0x00000000800035B8] <- 0xFFFEFFFFFFFFFFFF
mem[X,0x0000000080000CEC] -> 0x0513
mem[X,0x0000000080000CEE] -> 0x0010
[832] [M]: 0x0000000080000CEC (0x00100513) addi a0, zero, 0x1
x10 <- 0x0000000000000001
mem[X,0x0000000080000CF0] -> 0x1513
mem[X,0x0000000080000CF2] -> 0x0345
[833] [M]: 0x0000000080000CF0 (0x03451513) slli a0, a0, 0x34
x10 <- 0x0010000000000000
mem[X,0x0000000080000CF4] -> 0x4513
mem[X,0x0000000080000CF6] -> 0xFFF5
[834] [M]: 0x0000000080000CF4 (0xFFF54513) xori a0, a0, -0x1
x10 <- 0xFFEFFFFFFFFFFFFF
mem[X,0x0000000080000CF8] -> 0x5593
mem[X,0x0000000080000CFA] -> 0x4135
[835] [M]: 0x0000000080000CF8 (0x41355593) srai a1, a0, 0x13
x11 <- 0xFFFFFFFDFFFFFFFF
mem[X,0x0000000080000CFC] -> 0xB823
mem[X,0x0000000080000CFE] -> 0x3EB0
[836] [M]: 0x0000000080000CFC (0x3EB0B823) sd a1, 0x3f0(ra)
mem[0x00000000800035C0] <- 0xFFFFFFFDFFFFFFFF
mem[X,0x0000000080000D00] -> 0x0513
mem[X,0x0000000080000D02] -> 0x0080
[837] [M]: 0x0000000080000D00 (0x00800513) addi a0, zero, 0x8
x10 <- 0x0000000000000008
mem[X,0x0000000080000D04] -> 0x5593
mem[X,0x0000000080000D06] -> 0x42A5
[838] [M]: 0x0000000080000D04 (0x42A55593) srai a1, a0, 0x2a
x11 <- 0x0000000000000000
mem[X,0x0000000080000D08] -> 0xBC23
mem[X,0x0000000080000D0A] -> 0x3EB0
[839] [M]: 0x0000000080000D08 (0x3EB0BC23) sd a1, 0x3f8(ra)
mem[0x00000000800035C8] <- 0x0000000000000000
mem[X,0x0000000080000D0C] -> 0x0513
mem[X,0x0000000080000D0E] -> 0x1000
[840] [M]: 0x0000000080000D0C (0x10000513) addi a0, zero, 0x100
x10 <- 0x0000000000000100
mem[X,0x0000000080000D10] -> 0x5593
mem[X,0x0000000080000D12] -> 0x4125
[841] [M]: 0x0000000080000D10 (0x41255593) srai a1, a0, 0x12
x11 <- 0x0000000000000000
mem[X,0x0000000080000D14] -> 0xB023
mem[X,0x0000000080000D16] -> 0x40B0
[842] [M]: 0x0000000080000D14 (0x40B0B023) sd a1, 0x400(ra)
mem[0x00000000800035D0] <- 0x0000000000000000
mem[X,0x0000000080000D18] -> 0x006F
mem[X,0x0000000080000D1A] -> 0x0380
[843] [M]: 0x0000000080000D18 (0x0380006F) jal zero, 0x38
mem[X,0x0000000080000D50] -> 0x0093
mem[X,0x0000000080000D52] -> 0x0010
[844] [M]: 0x0000000080000D50 (0x00100093) addi ra, zero, 0x1
x1 <- 0x0000000000000001
mem[X,0x0000000080000D54] -> 0x0F17
mem[X,0x0000000080000D56] -> 0x0000
[845] [M]: 0x0000000080000D54 (0x00000F17) auipc t5, 0x0
x30 <- 0x0000000080000D54
mem[X,0x0000000080000D58] -> 0x2623
mem[X,0x0000000080000D5A] -> 0x2A1F
[846] [M]: 0x0000000080000D58 (0x2A1F2623) sw ra, 0x2ac(t5)
htif[0x0000000080001000] <- 0x00000001
mem[X,0x0000000080000D5C] -> 0xF06F
mem[X,0x0000000080000D5E] -> 0xFF9F
[847] [M]: 0x0000000080000D5C (0xFF9FF06F) jal zero, -0x8
mem[X,0x0000000080000D54] -> 0x0F17
mem[X,0x0000000080000D56] -> 0x0000
[848] [M]: 0x0000000080000D54 (0x00000F17) auipc t5, 0x0
x30 <- 0x0000000080000D54
mem[X,0x0000000080000D58] -> 0x2623
mem[X,0x0000000080000D5A] -> 0x2A1F
[849] [M]: 0x0000000080000D58 (0x2A1F2623) sw ra, 0x2ac(t5)
htif[0x0000000080001000] <- 0x00000001
mem[X,0x0000000080000D5C] -> 0xF06F
mem[X,0x0000000080000D5E] -> 0xFF9F
[850] [M]: 0x0000000080000D5C (0xFF9FF06F) jal zero, -0x8
mem[X,0x0000000080000D54] -> 0x0F17
mem[X,0x0000000080000D56] -> 0x0000
[851] [M]: 0x0000000080000D54 (0x00000F17) auipc t5, 0x0
x30 <- 0x0000000080000D54
mem[X,0x0000000080000D58] -> 0x2623
mem[X,0x0000000080000D5A] -> 0x2A1F
[852] [M]: 0x0000000080000D58 (0x2A1F2623) sw ra, 0x2ac(t5)
htif[0x0000000080001000] <- 0x00000001
htif-syscall-proxy cmd: 0x000000000001
SUCCESS
