using /home/mamir/tempo/riscof/riscof_work/rv64i_m/I/src/slli-01.S/ref/Reference-sail_c_simulator.signature for test-signature output.
tohost located at 0x80001000
Running file ref.elf.
ELF Entry @ 0x80000000
begin_signature: 0x80003110
end_signature: 0x800035e0
CSR mstatus <- 0x0000000A00000000 (input: 0x0000000000000000)
mem[X,0x0000000000001000] -> 0x0297
mem[X,0x0000000000001002] -> 0x0000
[0] [M]: 0x0000000000001000 (0x00000297) auipc t0, 0x0
x5 <- 0x0000000000001000
mem[X,0x0000000000001004] -> 0x8593
mem[X,0x0000000000001006] -> 0x0202
[1] [M]: 0x0000000000001004 (0x02028593) addi a1, t0, 0x20
x11 <- 0x0000000000001020
mem[X,0x0000000000001008] -> 0x2573
mem[X,0x000000000000100A] -> 0xF140
[2] [M]: 0x0000000000001008 (0xF1402573) csrrs a0, mhartid, zero
CSR mhartid -> 0x0000000000000000
x10 <- 0x0000000000000000
mem[X,0x000000000000100C] -> 0xB283
mem[X,0x000000000000100E] -> 0x0182
[3] [M]: 0x000000000000100C (0x0182B283) ld t0, 0x18(t0)
mem[R,0x0000000000001018] -> 0x0000000080000000
x5 <- 0x0000000080000000
mem[X,0x0000000000001010] -> 0x8067
mem[X,0x0000000000001012] -> 0x0002
[4] [M]: 0x0000000000001010 (0x00028067) jalr zero, 0x0(t0)
mem[X,0x0000000080000000] -> 0x0837
mem[X,0x0000000080000002] -> 0x7D5C
[5] [M]: 0x0000000080000000 (0x7D5C0837) lui a6, 0x7d5c0
x16 <- 0x000000007D5C0000
mem[X,0x0000000080000004] -> 0x0813
mem[X,0x0000000080000006] -> 0xDDB8
[6] [M]: 0x0000000080000004 (0xDDB80813) addi a6, a6, -0x225
x16 <- 0x000000007D5BFDDB
mem[X,0x0000000080000008] -> 0x1813
mem[X,0x000000008000000A] -> 0x00B8
[7] [M]: 0x0000000080000008 (0x00B81813) slli a6, a6, 0xb
x16 <- 0x000003EADFEED800
mem[X,0x000000008000000C] -> 0x0813
mem[X,0x000000008000000E] -> 0x3EA8
[8] [M]: 0x000000008000000C (0x3EA80813) addi a6, a6, 0x3ea
x16 <- 0x000003EADFEEDBEA
mem[X,0x0000000080000010] -> 0x1813
mem[X,0x0000000080000012] -> 0x00B8
[9] [M]: 0x0000000080000010 (0x00B81813) slli a6, a6, 0xb
x16 <- 0x001F56FF76DF5000
mem[X,0x0000000080000014] -> 0x0813
mem[X,0x0000000080000016] -> 0x6FF8
[10] [M]: 0x0000000080000014 (0x6FF80813) addi a6, a6, 0x6ff
x16 <- 0x001F56FF76DF56FF
mem[X,0x0000000080000018] -> 0x1813
mem[X,0x000000008000001A] -> 0x00A8
[11] [M]: 0x0000000080000018 (0x00A81813) slli a6, a6, 0xa
x16 <- 0x7D5BFDDB7D5BFC00
mem[X,0x000000008000001C] -> 0x0813
mem[X,0x000000008000001E] -> 0x1DB8
[12] [M]: 0x000000008000001C (0x1DB80813) addi a6, a6, 0x1db
x16 <- 0x7D5BFDDB7D5BFDDB
mem[X,0x0000000080000020] -> 0x5893
mem[X,0x0000000080000022] -> 0x0078
[13] [M]: 0x0000000080000020 (0x00785893) srli a7, a6, 0x7
x17 <- 0x00FAB7FBB6FAB7FB
mem[X,0x0000000080000024] -> 0x5793
mem[X,0x0000000080000026] -> 0x0398
[14] [M]: 0x0000000080000024 (0x03985793) srli a5, a6, 0x39
x15 <- 0x000000000000003E
mem[X,0x0000000080000028] -> 0xE8B3
mem[X,0x000000008000002A] -> 0x00F8
[15] [M]: 0x0000000080000028 (0x00F8E8B3) or a7, a7, a5
x17 <- 0x00FAB7FBB6FAB7FF
mem[X,0x000000008000002C] -> 0xD913
mem[X,0x000000008000002E] -> 0x0078
[16] [M]: 0x000000008000002C (0x0078D913) srli s2, a7, 0x7
x18 <- 0x0001F56FF76DF56F
mem[X,0x0000000080000030] -> 0xD793
mem[X,0x0000000080000032] -> 0x0398
[17] [M]: 0x0000000080000030 (0x0398D793) srli a5, a7, 0x39
x15 <- 0x0000000000000000
mem[X,0x0000000080000034] -> 0x6933
mem[X,0x0000000080000036] -> 0x00F9
[18] [M]: 0x0000000080000034 (0x00F96933) or s2, s2, a5
x18 <- 0x0001F56FF76DF56F
mem[X,0x0000000080000038] -> 0x5993
mem[X,0x000000008000003A] -> 0x0079
[19] [M]: 0x0000000080000038 (0x00795993) srli s3, s2, 0x7
x19 <- 0x000003EADFEEDBEA
mem[X,0x000000008000003C] -> 0x5793
mem[X,0x000000008000003E] -> 0x0399
[20] [M]: 0x000000008000003C (0x03995793) srli a5, s2, 0x39
x15 <- 0x0000000000000000
mem[X,0x0000000080000040] -> 0xE9B3
mem[X,0x0000000080000042] -> 0x00F9
[21] [M]: 0x0000000080000040 (0x00F9E9B3) or s3, s3, a5
x19 <- 0x000003EADFEEDBEA
mem[X,0x0000000080000044] -> 0xDA13
mem[X,0x0000000080000046] -> 0x0079
[22] [M]: 0x0000000080000044 (0x0079DA13) srli s4, s3, 0x7
x20 <- 0x00000007D5BFDDB7
mem[X,0x0000000080000048] -> 0xD793
mem[X,0x000000008000004A] -> 0x0399
[23] [M]: 0x0000000080000048 (0x0399D793) srli a5, s3, 0x39
x15 <- 0x0000000000000000
mem[X,0x000000008000004C] -> 0x6A33
mem[X,0x000000008000004E] -> 0x00FA
[24] [M]: 0x000000008000004C (0x00FA6A33) or s4, s4, a5
x20 <- 0x00000007D5BFDDB7
mem[X,0x0000000080000050] -> 0x5A93
mem[X,0x0000000080000052] -> 0x007A
[25] [M]: 0x0000000080000050 (0x007A5A93) srli s5, s4, 0x7
x21 <- 0x000000000FAB7FBB
mem[X,0x0000000080000054] -> 0x5793
mem[X,0x0000000080000056] -> 0x039A
[26] [M]: 0x0000000080000054 (0x039A5793) srli a5, s4, 0x39
x15 <- 0x0000000000000000
mem[X,0x0000000080000058] -> 0xEAB3
mem[X,0x000000008000005A] -> 0x00FA
[27] [M]: 0x0000000080000058 (0x00FAEAB3) or s5, s5, a5
x21 <- 0x000000000FAB7FBB
mem[X,0x000000008000005C] -> 0xDB13
mem[X,0x000000008000005E] -> 0x007A
[28] [M]: 0x000000008000005C (0x007ADB13) srli s6, s5, 0x7
x22 <- 0x00000000001F56FF
mem[X,0x0000000080000060] -> 0xD793
mem[X,0x0000000080000062] -> 0x039A
[29] [M]: 0x0000000080000060 (0x039AD793) srli a5, s5, 0x39
x15 <- 0x0000000000000000
mem[X,0x0000000080000064] -> 0x6B33
mem[X,0x0000000080000066] -> 0x00FB
[30] [M]: 0x0000000080000064 (0x00FB6B33) or s6, s6, a5
x22 <- 0x00000000001F56FF
mem[X,0x0000000080000068] -> 0x5B93
mem[X,0x000000008000006A] -> 0x007B
[31] [M]: 0x0000000080000068 (0x007B5B93) srli s7, s6, 0x7
x23 <- 0x0000000000003EAD
mem[X,0x000000008000006C] -> 0x5793
mem[X,0x000000008000006E] -> 0x039B
[32] [M]: 0x000000008000006C (0x039B5793) srli a5, s6, 0x39
x15 <- 0x0000000000000000
mem[X,0x0000000080000070] -> 0xEBB3
mem[X,0x0000000080000072] -> 0x00FB
[33] [M]: 0x0000000080000070 (0x00FBEBB3) or s7, s7, a5
x23 <- 0x0000000000003EAD
mem[X,0x0000000080000074] -> 0xDC13
mem[X,0x0000000080000076] -> 0x007B
[34] [M]: 0x0000000080000074 (0x007BDC13) srli s8, s7, 0x7
x24 <- 0x000000000000007D
mem[X,0x0000000080000078] -> 0xD793
mem[X,0x000000008000007A] -> 0x039B
[35] [M]: 0x0000000080000078 (0x039BD793) srli a5, s7, 0x39
x15 <- 0x0000000000000000
mem[X,0x000000008000007C] -> 0x6C33
mem[X,0x000000008000007E] -> 0x00FC
[36] [M]: 0x000000008000007C (0x00FC6C33) or s8, s8, a5
x24 <- 0x000000000000007D
mem[X,0x0000000080000080] -> 0x5C93
mem[X,0x0000000080000082] -> 0x007C
[37] [M]: 0x0000000080000080 (0x007C5C93) srli s9, s8, 0x7
x25 <- 0x0000000000000000
mem[X,0x0000000080000084] -> 0x5793
mem[X,0x0000000080000086] -> 0x039C
[38] [M]: 0x0000000080000084 (0x039C5793) srli a5, s8, 0x39
x15 <- 0x0000000000000000
mem[X,0x0000000080000088] -> 0xECB3
mem[X,0x000000008000008A] -> 0x00FC
[39] [M]: 0x0000000080000088 (0x00FCECB3) or s9, s9, a5
x25 <- 0x0000000000000000
mem[X,0x000000008000008C] -> 0xDD13
mem[X,0x000000008000008E] -> 0x007C
[40] [M]: 0x000000008000008C (0x007CDD13) srli s10, s9, 0x7
x26 <- 0x0000000000000000
mem[X,0x0000000080000090] -> 0xD793
mem[X,0x0000000080000092] -> 0x039C
[41] [M]: 0x0000000080000090 (0x039CD793) srli a5, s9, 0x39
x15 <- 0x0000000000000000
mem[X,0x0000000080000094] -> 0x6D33
mem[X,0x0000000080000096] -> 0x00FD
[42] [M]: 0x0000000080000094 (0x00FD6D33) or s10, s10, a5
x26 <- 0x0000000000000000
mem[X,0x0000000080000098] -> 0x5D93
mem[X,0x000000008000009A] -> 0x007D
[43] [M]: 0x0000000080000098 (0x007D5D93) srli s11, s10, 0x7
x27 <- 0x0000000000000000
mem[X,0x000000008000009C] -> 0x5793
mem[X,0x000000008000009E] -> 0x039D
[44] [M]: 0x000000008000009C (0x039D5793) srli a5, s10, 0x39
x15 <- 0x0000000000000000
mem[X,0x00000000800000A0] -> 0xEDB3
mem[X,0x00000000800000A2] -> 0x00FD
[45] [M]: 0x00000000800000A0 (0x00FDEDB3) or s11, s11, a5
x27 <- 0x0000000000000000
mem[X,0x00000000800000A4] -> 0xDE13
mem[X,0x00000000800000A6] -> 0x007D
[46] [M]: 0x00000000800000A4 (0x007DDE13) srli t3, s11, 0x7
x28 <- 0x0000000000000000
mem[X,0x00000000800000A8] -> 0xD793
mem[X,0x00000000800000AA] -> 0x039D
[47] [M]: 0x00000000800000A8 (0x039DD793) srli a5, s11, 0x39
x15 <- 0x0000000000000000
mem[X,0x00000000800000AC] -> 0x6E33
mem[X,0x00000000800000AE] -> 0x00FE
[48] [M]: 0x00000000800000AC (0x00FE6E33) or t3, t3, a5
x28 <- 0x0000000000000000
mem[X,0x00000000800000B0] -> 0x5E93
mem[X,0x00000000800000B2] -> 0x007E
[49] [M]: 0x00000000800000B0 (0x007E5E93) srli t4, t3, 0x7
x29 <- 0x0000000000000000
mem[X,0x00000000800000B4] -> 0x5793
mem[X,0x00000000800000B6] -> 0x039E
[50] [M]: 0x00000000800000B4 (0x039E5793) srli a5, t3, 0x39
x15 <- 0x0000000000000000
mem[X,0x00000000800000B8] -> 0xEEB3
mem[X,0x00000000800000BA] -> 0x00FE
[51] [M]: 0x00000000800000B8 (0x00FEEEB3) or t4, t4, a5
x29 <- 0x0000000000000000
mem[X,0x00000000800000BC] -> 0xDF13
mem[X,0x00000000800000BE] -> 0x007E
[52] [M]: 0x00000000800000BC (0x007EDF13) srli t5, t4, 0x7
x30 <- 0x0000000000000000
mem[X,0x00000000800000C0] -> 0xD793
mem[X,0x00000000800000C2] -> 0x039E
[53] [M]: 0x00000000800000C0 (0x039ED793) srli a5, t4, 0x39
x15 <- 0x0000000000000000
mem[X,0x00000000800000C4] -> 0x6F33
mem[X,0x00000000800000C6] -> 0x00FF
[54] [M]: 0x00000000800000C4 (0x00FF6F33) or t5, t5, a5
x30 <- 0x0000000000000000
mem[X,0x00000000800000C8] -> 0xC0B7
mem[X,0x00000000800000CA] -> 0xFEED
[55] [M]: 0x00000000800000C8 (0xFEEDC0B7) lui ra, -0x1124
x1 <- 0xFFFFFFFFFEEDC000
mem[X,0x00000000800000CC] -> 0x8093
mem[X,0x00000000800000CE] -> 0xEAD0
[56] [M]: 0x00000000800000CC (0xEAD08093) addi ra, ra, -0x153
x1 <- 0xFFFFFFFFFEEDBEAD
mem[X,0x00000000800000D0] -> 0x9093
mem[X,0x00000000800000D2] -> 0x00B0
[57] [M]: 0x00000000800000D0 (0x00B09093) slli ra, ra, 0xb
x1 <- 0xFFFFFFF76DF56800
mem[X,0x00000000800000D4] -> 0x8093
mem[X,0x00000000800000D6] -> 0x7F70
[58] [M]: 0x00000000800000D4 (0x7F708093) addi ra, ra, 0x7f7
x1 <- 0xFFFFFFF76DF56FF7
mem[X,0x00000000800000D8] -> 0x9093
mem[X,0x00000000800000DA] -> 0x00B0
[59] [M]: 0x00000000800000D8 (0x00B09093) slli ra, ra, 0xb
x1 <- 0xFFFFBB6FAB7FB800
mem[X,0x00000000800000DC] -> 0x8093
mem[X,0x00000000800000DE] -> 0x36F0
[60] [M]: 0x00000000800000DC (0x36F08093) addi ra, ra, 0x36f
x1 <- 0xFFFFBB6FAB7FBB6F
mem[X,0x00000000800000E0] -> 0x9093
mem[X,0x00000000800000E2] -> 0x00A0
[61] [M]: 0x00000000800000E0 (0x00A09093) slli ra, ra, 0xa
x1 <- 0xFEEDBEADFEEDBC00
mem[X,0x00000000800000E4] -> 0x8093
mem[X,0x00000000800000E6] -> 0x2AD0
[62] [M]: 0x00000000800000E4 (0x2AD08093) addi ra, ra, 0x2ad
x1 <- 0xFEEDBEADFEEDBEAD
mem[X,0x00000000800000E8] -> 0xD113
mem[X,0x00000000800000EA] -> 0x0070
[63] [M]: 0x00000000800000E8 (0x0070D113) srli sp, ra, 0x7
x2 <- 0x01FDDB7D5BFDDB7D
mem[X,0x00000000800000EC] -> 0xD793
mem[X,0x00000000800000EE] -> 0x0390
[64] [M]: 0x00000000800000EC (0x0390D793) srli a5, ra, 0x39
x15 <- 0x000000000000007F
mem[X,0x00000000800000F0] -> 0x6133
mem[X,0x00000000800000F2] -> 0x00F1
[65] [M]: 0x00000000800000F0 (0x00F16133) or sp, sp, a5
x2 <- 0x01FDDB7D5BFDDB7F
mem[X,0x00000000800000F4] -> 0x5193
mem[X,0x00000000800000F6] -> 0x0071
[66] [M]: 0x00000000800000F4 (0x00715193) srli gp, sp, 0x7
x3 <- 0x0003FBB6FAB7FBB6
mem[X,0x00000000800000F8] -> 0x5793
mem[X,0x00000000800000FA] -> 0x0391
[67] [M]: 0x00000000800000F8 (0x03915793) srli a5, sp, 0x39
x15 <- 0x0000000000000000
mem[X,0x00000000800000FC] -> 0xE1B3
mem[X,0x00000000800000FE] -> 0x00F1
[68] [M]: 0x00000000800000FC (0x00F1E1B3) or gp, gp, a5
x3 <- 0x0003FBB6FAB7FBB6
mem[X,0x0000000080000100] -> 0xD213
mem[X,0x0000000080000102] -> 0x0071
[69] [M]: 0x0000000080000100 (0x0071D213) srli tp, gp, 0x7
x4 <- 0x000007F76DF56FF7
mem[X,0x0000000080000104] -> 0xD793
mem[X,0x0000000080000106] -> 0x0391
[70] [M]: 0x0000000080000104 (0x0391D793) srli a5, gp, 0x39
x15 <- 0x0000000000000000
mem[X,0x0000000080000108] -> 0x6233
mem[X,0x000000008000010A] -> 0x00F2
[71] [M]: 0x0000000080000108 (0x00F26233) or tp, tp, a5
x4 <- 0x000007F76DF56FF7
mem[X,0x000000008000010C] -> 0x5293
mem[X,0x000000008000010E] -> 0x0072
[72] [M]: 0x000000008000010C (0x00725293) srli t0, tp, 0x7
x5 <- 0x0000000FEEDBEADF
mem[X,0x0000000080000110] -> 0x5793
mem[X,0x0000000080000112] -> 0x0392
[73] [M]: 0x0000000080000110 (0x03925793) srli a5, tp, 0x39
x15 <- 0x0000000000000000
mem[X,0x0000000080000114] -> 0xE2B3
mem[X,0x0000000080000116] -> 0x00F2
[74] [M]: 0x0000000080000114 (0x00F2E2B3) or t0, t0, a5
x5 <- 0x0000000FEEDBEADF
mem[X,0x0000000080000118] -> 0xD313
mem[X,0x000000008000011A] -> 0x0072
[75] [M]: 0x0000000080000118 (0x0072D313) srli t1, t0, 0x7
x6 <- 0x000000001FDDB7D5
mem[X,0x000000008000011C] -> 0xD793
mem[X,0x000000008000011E] -> 0x0392
[76] [M]: 0x000000008000011C (0x0392D793) srli a5, t0, 0x39
x15 <- 0x0000000000000000
mem[X,0x0000000080000120] -> 0x6333
mem[X,0x0000000080000122] -> 0x00F3
[77] [M]: 0x0000000080000120 (0x00F36333) or t1, t1, a5
x6 <- 0x000000001FDDB7D5
mem[X,0x0000000080000124] -> 0x5393
mem[X,0x0000000080000126] -> 0x0073
[78] [M]: 0x0000000080000124 (0x00735393) srli t2, t1, 0x7
x7 <- 0x00000000003FBB6F
mem[X,0x0000000080000128] -> 0x5793
mem[X,0x000000008000012A] -> 0x0393
[79] [M]: 0x0000000080000128 (0x03935793) srli a5, t1, 0x39
x15 <- 0x0000000000000000
mem[X,0x000000008000012C] -> 0xE3B3
mem[X,0x000000008000012E] -> 0x00F3
[80] [M]: 0x000000008000012C (0x00F3E3B3) or t2, t2, a5
x7 <- 0x00000000003FBB6F
mem[X,0x0000000080000130] -> 0xD413
mem[X,0x0000000080000132] -> 0x0073
[81] [M]: 0x0000000080000130 (0x0073D413) srli fp, t2, 0x7
x8 <- 0x0000000000007F76
mem[X,0x0000000080000134] -> 0xD793
mem[X,0x0000000080000136] -> 0x0393
[82] [M]: 0x0000000080000134 (0x0393D793) srli a5, t2, 0x39
x15 <- 0x0000000000000000
mem[X,0x0000000080000138] -> 0x6433
mem[X,0x000000008000013A] -> 0x00F4
[83] [M]: 0x0000000080000138 (0x00F46433) or fp, fp, a5
x8 <- 0x0000000000007F76
mem[X,0x000000008000013C] -> 0x5493
mem[X,0x000000008000013E] -> 0x0074
[84] [M]: 0x000000008000013C (0x00745493) srli s1, fp, 0x7
x9 <- 0x00000000000000FE
mem[X,0x0000000080000140] -> 0x5793
mem[X,0x0000000080000142] -> 0x0394
[85] [M]: 0x0000000080000140 (0x03945793) srli a5, fp, 0x39
x15 <- 0x0000000000000000
mem[X,0x0000000080000144] -> 0xE4B3
mem[X,0x0000000080000146] -> 0x00F4
[86] [M]: 0x0000000080000144 (0x00F4E4B3) or s1, s1, a5
x9 <- 0x00000000000000FE
mem[X,0x0000000080000148] -> 0xD513
mem[X,0x000000008000014A] -> 0x0074
[87] [M]: 0x0000000080000148 (0x0074D513) srli a0, s1, 0x7
x10 <- 0x0000000000000001
mem[X,0x000000008000014C] -> 0xD793
mem[X,0x000000008000014E] -> 0x0394
[88] [M]: 0x000000008000014C (0x0394D793) srli a5, s1, 0x39
x15 <- 0x0000000000000000
mem[X,0x0000000080000150] -> 0x6533
mem[X,0x0000000080000152] -> 0x00F5
[89] [M]: 0x0000000080000150 (0x00F56533) or a0, a0, a5
x10 <- 0x0000000000000001
mem[X,0x0000000080000154] -> 0x5593
mem[X,0x0000000080000156] -> 0x0075
[90] [M]: 0x0000000080000154 (0x00755593) srli a1, a0, 0x7
x11 <- 0x0000000000000000
mem[X,0x0000000080000158] -> 0x5793
mem[X,0x000000008000015A] -> 0x0395
[91] [M]: 0x0000000080000158 (0x03955793) srli a5, a0, 0x39
x15 <- 0x0000000000000000
mem[X,0x000000008000015C] -> 0xE5B3
mem[X,0x000000008000015E] -> 0x00F5
[92] [M]: 0x000000008000015C (0x00F5E5B3) or a1, a1, a5
x11 <- 0x0000000000000000
mem[X,0x0000000080000160] -> 0xD613
mem[X,0x0000000080000162] -> 0x0075
[93] [M]: 0x0000000080000160 (0x0075D613) srli a2, a1, 0x7
x12 <- 0x0000000000000000
mem[X,0x0000000080000164] -> 0xD793
mem[X,0x0000000080000166] -> 0x0395
[94] [M]: 0x0000000080000164 (0x0395D793) srli a5, a1, 0x39
x15 <- 0x0000000000000000
mem[X,0x0000000080000168] -> 0x6633
mem[X,0x000000008000016A] -> 0x00F6
[95] [M]: 0x0000000080000168 (0x00F66633) or a2, a2, a5
x12 <- 0x0000000000000000
mem[X,0x000000008000016C] -> 0x5693
mem[X,0x000000008000016E] -> 0x0076
[96] [M]: 0x000000008000016C (0x00765693) srli a3, a2, 0x7
x13 <- 0x0000000000000000
mem[X,0x0000000080000170] -> 0x5793
mem[X,0x0000000080000172] -> 0x0396
[97] [M]: 0x0000000080000170 (0x03965793) srli a5, a2, 0x39
x15 <- 0x0000000000000000
mem[X,0x0000000080000174] -> 0xE6B3
mem[X,0x0000000080000176] -> 0x00F6
[98] [M]: 0x0000000080000174 (0x00F6E6B3) or a3, a3, a5
x13 <- 0x0000000000000000
mem[X,0x0000000080000178] -> 0x0013
mem[X,0x000000008000017A] -> 0x0000
[99] [M]: 0x0000000080000178 (0x00000013) addi zero, zero, 0x0
clint::tick mtime <- 0x0000000000000001
 clint timer pending at mtime 0x0000000000000001
htif::tick 0x0000000000000000
mem[X,0x000000008000017C] -> 0x0013
mem[X,0x000000008000017E] -> 0x0000
[100] [M]: 0x000000008000017C (0x00000013) addi zero, zero, 0x0
mem[X,0x0000000080000180] -> 0x3197
mem[X,0x0000000080000182] -> 0x0000
[101] [M]: 0x0000000080000180 (0x00003197) auipc gp, 0x3
x3 <- 0x0000000080003180
mem[X,0x0000000080000184] -> 0x8193
mem[X,0x0000000080000186] -> 0xF981
[102] [M]: 0x0000000080000184 (0xF9818193) addi gp, gp, -0x68
x3 <- 0x0000000080003118
mem[X,0x0000000080000188] -> 0x0013
mem[X,0x000000008000018A] -> 0x0000
[103] [M]: 0x0000000080000188 (0x00000013) addi zero, zero, 0x0
mem[X,0x000000008000018C] -> 0x0013
mem[X,0x000000008000018E] -> 0x0000
[104] [M]: 0x000000008000018C (0x00000013) addi zero, zero, 0x0
mem[X,0x0000000080000190] -> 0x0013
mem[X,0x0000000080000192] -> 0x0000
[105] [M]: 0x0000000080000190 (0x00000013) addi zero, zero, 0x0
mem[X,0x0000000080000194] -> 0x0013
mem[X,0x0000000080000196] -> 0x0000
[106] [M]: 0x0000000080000194 (0x00000013) addi zero, zero, 0x0
mem[X,0x0000000080000198] -> 0x0013
mem[X,0x000000008000019A] -> 0x0000
[107] [M]: 0x0000000080000198 (0x00000013) addi zero, zero, 0x0
mem[X,0x000000008000019C] -> 0x0013
mem[X,0x000000008000019E] -> 0x0000
[108] [M]: 0x000000008000019C (0x00000013) addi zero, zero, 0x0
mem[X,0x00000000800001A0] -> 0x0293
mem[X,0x00000000800001A2] -> 0xEFF0
[109] [M]: 0x00000000800001A0 (0xEFF00293) addi t0, zero, -0x101
x5 <- 0xFFFFFFFFFFFFFEFF
mem[X,0x00000000800001A4] -> 0x9293
mem[X,0x00000000800001A6] -> 0x00F2
[110] [M]: 0x00000000800001A4 (0x00F29293) slli t0, t0, 0xf
x5 <- 0xFFFFFFFFFF7F8000
mem[X,0x00000000800001A8] -> 0xB023
mem[X,0x00000000800001AA] -> 0x0051
[111] [M]: 0x00000000800001A8 (0x0051B023) sd t0, 0x0(gp)
mem[0x0000000080003118] <- 0xFFFFFFFFFF7F8000
mem[X,0x00000000800001AC] -> 0x0413
mem[X,0x00000000800001AE] -> 0x0040
[112] [M]: 0x00000000800001AC (0x00400413) addi fp, zero, 0x4
x8 <- 0x0000000000000004
mem[X,0x00000000800001B0] -> 0x1693
mem[X,0x00000000800001B2] -> 0x00E4
[113] [M]: 0x00000000800001B0 (0x00E41693) slli a3, fp, 0xe
x13 <- 0x0000000000010000
mem[X,0x00000000800001B4] -> 0xB423
mem[X,0x00000000800001B6] -> 0x00D1
[114] [M]: 0x00000000800001B4 (0x00D1B423) sd a3, 0x8(gp)
mem[0x0000000080003120] <- 0x0000000000010000
mem[X,0x00000000800001B8] -> 0x0E93
mem[X,0x00000000800001BA] -> 0xFF70
[115] [M]: 0x00000000800001B8 (0xFF700E93) addi t4, zero, -0x9
x29 <- 0xFFFFFFFFFFFFFFF7
mem[X,0x00000000800001BC] -> 0x9A93
mem[X,0x00000000800001BE] -> 0x000E
[116] [M]: 0x00000000800001BC (0x000E9A93) slli s5, t4, 0x0
x21 <- 0xFFFFFFFFFFFFFFF7
mem[X,0x00000000800001C0] -> 0xB823
mem[X,0x00000000800001C2] -> 0x0151
[117] [M]: 0x00000000800001C0 (0x0151B823) sd s5, 0x10(gp)
mem[0x0000000080003128] <- 0xFFFFFFFFFFFFFFF7
mem[X,0x00000000800001C4] -> 0x0E13
mem[X,0x00000000800001C6] -> 0x0040
[118] [M]: 0x00000000800001C4 (0x00400E13) addi t3, zero, 0x4
x28 <- 0x0000000000000004
mem[X,0x00000000800001C8] -> 0x1813
mem[X,0x00000000800001CA] -> 0x000E
[119] [M]: 0x00000000800001C8 (0x000E1813) slli a6, t3, 0x0
x16 <- 0x0000000000000004
mem[X,0x00000000800001CC] -> 0xBC23
mem[X,0x00000000800001CE] -> 0x0101
[120] [M]: 0x00000000800001CC (0x0101BC23) sd a6, 0x18(gp)
mem[0x0000000080003130] <- 0x0000000000000004
mem[X,0x00000000800001D0] -> 0x0793
mem[X,0x00000000800001D2] -> 0x0010
[121] [M]: 0x00000000800001D0 (0x00100793) addi a5, zero, 0x1
x15 <- 0x0000000000000001
mem[X,0x00000000800001D4] -> 0x9793
mem[X,0x00000000800001D6] -> 0x01D7
[122] [M]: 0x00000000800001D4 (0x01D79793) slli a5, a5, 0x1d
x15 <- 0x0000000020000000
mem[X,0x00000000800001D8] -> 0xC793
mem[X,0x00000000800001DA] -> 0xFFF7
[123] [M]: 0x00000000800001D8 (0xFFF7C793) xori a5, a5, -0x1
x15 <- 0xFFFFFFFFDFFFFFFF
mem[X,0x00000000800001DC] -> 0x9513
mem[X,0x00000000800001DE] -> 0x03F7
[124] [M]: 0x00000000800001DC (0x03F79513) slli a0, a5, 0x3f
x10 <- 0x8000000000000000
mem[X,0x00000000800001E0] -> 0xB023
mem[X,0x00000000800001E2] -> 0x02A1
[125] [M]: 0x00000000800001E0 (0x02A1B023) sd a0, 0x20(gp)
mem[0x0000000080003138] <- 0x8000000000000000
mem[X,0x00000000800001E4] -> 0x0993
mem[X,0x00000000800001E6] -> 0x0010
[126] [M]: 0x00000000800001E4 (0x00100993) addi s3, zero, 0x1
x19 <- 0x0000000000000001
mem[X,0x00000000800001E8] -> 0x9993
mem[X,0x00000000800001EA] -> 0x0349
[127] [M]: 0x00000000800001E8 (0x03499993) slli s3, s3, 0x34
x19 <- 0x0010000000000000
mem[X,0x00000000800001EC] -> 0x9613
mem[X,0x00000000800001EE] -> 0x03F9
[128] [M]: 0x00000000800001EC (0x03F99613) slli a2, s3, 0x3f
x12 <- 0x0000000000000000
mem[X,0x00000000800001F0] -> 0xB423
mem[X,0x00000000800001F2] -> 0x02C1
[129] [M]: 0x00000000800001F0 (0x02C1B423) sd a2, 0x28(gp)
mem[0x0000000080003140] <- 0x0000000000000000
mem[X,0x00000000800001F4] -> 0x0B13
mem[X,0x00000000800001F6] -> 0x0020
[130] [M]: 0x00000000800001F4 (0x00200B13) addi s6, zero, 0x2
x22 <- 0x0000000000000002
mem[X,0x00000000800001F8] -> 0x1413
mem[X,0x00000000800001FA] -> 0x002B
[131] [M]: 0x00000000800001F8 (0x002B1413) slli fp, s6, 0x2
x8 <- 0x0000000000000008
mem[X,0x00000000800001FC] -> 0xB823
mem[X,0x00000000800001FE] -> 0x0281
[132] [M]: 0x00000000800001FC (0x0281B823) sd fp, 0x30(gp)
mem[0x0000000080003148] <- 0x0000000000000008
mem[X,0x0000000080000200] -> 0x0313
mem[X,0x0000000080000202] -> 0xFFF0
[133] [M]: 0x0000000080000200 (0xFFF00313) addi t1, zero, -0x1
x6 <- 0xFFFFFFFFFFFFFFFF
mem[X,0x0000000080000204] -> 0x1313
mem[X,0x0000000080000206] -> 0x03F3
[134] [M]: 0x0000000080000204 (0x03F31313) slli t1, t1, 0x3f
x6 <- 0x8000000000000000
mem[X,0x0000000080000208] -> 0x1393
mem[X,0x000000008000020A] -> 0x00B3
[135] [M]: 0x0000000080000208 (0x00B31393) slli t2, t1, 0xb
x7 <- 0x0000000000000000
mem[X,0x000000008000020C] -> 0xBC23
mem[X,0x000000008000020E] -> 0x0271
[136] [M]: 0x000000008000020C (0x0271BC23) sd t2, 0x38(gp)
mem[0x0000000080003150] <- 0x0000000000000000
mem[X,0x0000000080000210] -> 0x0D93
mem[X,0x0000000080000212] -> 0x0000
[137] [M]: 0x0000000080000210 (0x00000D93) addi s11, zero, 0x0
x27 <- 0x0000000000000000
mem[X,0x0000000080000214] -> 0x9C13
mem[X,0x0000000080000216] -> 0x00FD
[138] [M]: 0x0000000080000214 (0x00FD9C13) slli s8, s11, 0xf
x24 <- 0x0000000000000000
mem[X,0x0000000080000218] -> 0xB023
mem[X,0x000000008000021A] -> 0x0581
[139] [M]: 0x0000000080000218 (0x0581B023) sd s8, 0x40(gp)
mem[0x0000000080003158] <- 0x0000000000000000
mem[X,0x000000008000021C] -> 0x0B93
mem[X,0x000000008000021E] -> 0xFFF0
[140] [M]: 0x000000008000021C (0xFFF00B93) addi s7, zero, -0x1
x23 <- 0xFFFFFFFFFFFFFFFF
mem[X,0x0000000080000220] -> 0xDB93
mem[X,0x0000000080000222] -> 0x001B
[141] [M]: 0x0000000080000220 (0x001BDB93) srli s7, s7, 0x1
x23 <- 0x7FFFFFFFFFFFFFFF
mem[X,0x0000000080000224] -> 0x9593
mem[X,0x0000000080000226] -> 0x007B
[142] [M]: 0x0000000080000224 (0x007B9593) slli a1, s7, 0x7
x11 <- 0xFFFFFFFFFFFFFF80
mem[X,0x0000000080000228] -> 0xB423
mem[X,0x000000008000022A] -> 0x04B1
[143] [M]: 0x0000000080000228 (0x04B1B423) sd a1, 0x48(gp)
mem[0x0000000080003160] <- 0xFFFFFFFFFFFFFF80
mem[X,0x000000008000022C] -> 0x0713
mem[X,0x000000008000022E] -> 0x0010
[144] [M]: 0x000000008000022C (0x00100713) addi a4, zero, 0x1
x14 <- 0x0000000000000001
mem[X,0x0000000080000230] -> 0x1493
mem[X,0x0000000080000232] -> 0x03B7
[145] [M]: 0x0000000080000230 (0x03B71493) slli s1, a4, 0x3b
x9 <- 0x0800000000000000
mem[X,0x0000000080000234] -> 0xB823
mem[X,0x0000000080000236] -> 0x0491
[146] [M]: 0x0000000080000234 (0x0491B823) sd s1, 0x50(gp)
mem[0x0000000080003168] <- 0x0800000000000000
mem[X,0x0000000080000238] -> 0x0D13
mem[X,0x000000008000023A] -> 0x0080
[147] [M]: 0x0000000080000238 (0x00800D13) addi s10, zero, 0x8
x26 <- 0x0000000000000008
mem[X,0x000000008000023C] -> 0x1713
mem[X,0x000000008000023E] -> 0x02FD
[148] [M]: 0x000000008000023C (0x02FD1713) slli a4, s10, 0x2f
x14 <- 0x0004000000000000
mem[X,0x0000000080000240] -> 0xBC23
mem[X,0x0000000080000242] -> 0x04E1
[149] [M]: 0x0000000080000240 (0x04E1BC23) sd a4, 0x58(gp)
mem[0x0000000080003170] <- 0x0004000000000000
mem[X,0x0000000080000244] -> 0x0393
mem[X,0x0000000080000246] -> 0x0100
[150] [M]: 0x0000000080000244 (0x01000393) addi t2, zero, 0x10
x7 <- 0x0000000000000010
mem[X,0x0000000080000248] -> 0x9013
mem[X,0x000000008000024A] -> 0x00E3
[151] [M]: 0x0000000080000248 (0x00E39013) slli zero, t2, 0xe
mem[X,0x000000008000024C] -> 0xB023
mem[X,0x000000008000024E] -> 0x0601
[152] [M]: 0x000000008000024C (0x0601B023) sd zero, 0x60(gp)
mem[0x0000000080003178] <- 0x0000000000000000
mem[X,0x0000000080000250] -> 0x0F13
mem[X,0x0000000080000252] -> 0x0200
[153] [M]: 0x0000000080000250 (0x02000F13) addi t5, zero, 0x20
x30 <- 0x0000000000000020
mem[X,0x0000000080000254] -> 0x1913
mem[X,0x0000000080000256] -> 0x005F
[154] [M]: 0x0000000080000254 (0x005F1913) slli s2, t5, 0x5
x18 <- 0x0000000000000400
mem[X,0x0000000080000258] -> 0xB423
mem[X,0x000000008000025A] -> 0x0721
[155] [M]: 0x0000000080000258 (0x0721B423) sd s2, 0x68(gp)
mem[0x0000000080003180] <- 0x0000000000000400
mem[X,0x000000008000025C] -> 0x0C13
mem[X,0x000000008000025E] -> 0x0400
[156] [M]: 0x000000008000025C (0x04000C13) addi s8, zero, 0x40
x24 <- 0x0000000000000040
mem[X,0x0000000080000260] -> 0x1E13
mem[X,0x0000000080000262] -> 0x02FC
[157] [M]: 0x0000000080000260 (0x02FC1E13) slli t3, s8, 0x2f
x28 <- 0x0020000000000000
mem[X,0x0000000080000264] -> 0xB823
mem[X,0x0000000080000266] -> 0x07C1
[158] [M]: 0x0000000080000264 (0x07C1B823) sd t3, 0x70(gp)
mem[0x0000000080003188] <- 0x0020000000000000
mem[X,0x0000000080000268] -> 0x0213
mem[X,0x000000008000026A] -> 0x0800
[159] [M]: 0x0000000080000268 (0x08000213) addi tp, zero, 0x80
x4 <- 0x0000000000000080
mem[X,0x000000008000026C] -> 0x1093
mem[X,0x000000008000026E] -> 0x0122
[160] [M]: 0x000000008000026C (0x01221093) slli ra, tp, 0x12
x1 <- 0x0000000002000000
mem[X,0x0000000080000270] -> 0xBC23
mem[X,0x0000000080000272] -> 0x0611
[161] [M]: 0x0000000080000270 (0x0611BC23) sd ra, 0x78(gp)
mem[0x0000000080003190] <- 0x0000000002000000
mem[X,0x0000000080000274] -> 0x0513
mem[X,0x0000000080000276] -> 0x1000
[162] [M]: 0x0000000080000274 (0x10000513) addi a0, zero, 0x100
x10 <- 0x0000000000000100
mem[X,0x0000000080000278] -> 0x1C93
mem[X,0x000000008000027A] -> 0x03D5
[163] [M]: 0x0000000080000278 (0x03D51C93) slli s9, a0, 0x3d
x25 <- 0x0000000000000000
mem[X,0x000000008000027C] -> 0xB023
mem[X,0x000000008000027E] -> 0x0991
[164] [M]: 0x000000008000027C (0x0991B023) sd s9, 0x80(gp)
mem[0x0000000080003198] <- 0x0000000000000000
mem[X,0x0000000080000280] -> 0x0813
mem[X,0x0000000080000282] -> 0x2000
[165] [M]: 0x0000000080000280 (0x20000813) addi a6, zero, 0x200
x16 <- 0x0000000000000200
mem[X,0x0000000080000284] -> 0x1993
mem[X,0x0000000080000286] -> 0x01F8
[166] [M]: 0x0000000080000284 (0x01F81993) slli s3, a6, 0x1f
x19 <- 0x0000010000000000
mem[X,0x0000000080000288] -> 0xB423
mem[X,0x000000008000028A] -> 0x0931
[167] [M]: 0x0000000080000288 (0x0931B423) sd s3, 0x88(gp)
mem[0x00000000800031A0] <- 0x0000010000000000
mem[X,0x000000008000028C] -> 0x0113
mem[X,0x000000008000028E] -> 0x4000
[168] [M]: 0x000000008000028C (0x40000113) addi sp, zero, 0x400
x2 <- 0x0000000000000400
mem[X,0x0000000080000290] -> 0x1F93
mem[X,0x0000000080000292] -> 0x00A1
[169] [M]: 0x0000000080000290 (0x00A11F93) slli t6, sp, 0xa
x31 <- 0x0000000000100000
mem[X,0x0000000080000294] -> 0xB823
mem[X,0x0000000080000296] -> 0x09F1
[170] [M]: 0x0000000080000294 (0x09F1B823) sd t6, 0x90(gp)
mem[0x00000000800031A8] <- 0x0000000000100000
mem[X,0x0000000080000298] -> 0x0013
mem[X,0x000000008000029A] -> 0x0000
[171] [M]: 0x0000000080000298 (0x00000013) addi zero, zero, 0x0
mem[X,0x000000008000029C] -> 0x0013
mem[X,0x000000008000029E] -> 0x0000
[172] [M]: 0x000000008000029C (0x00000013) addi zero, zero, 0x0
mem[X,0x00000000800002A0] -> 0x3297
mem[X,0x00000000800002A2] -> 0x0000
[173] [M]: 0x00000000800002A0 (0x00003297) auipc t0, 0x3
x5 <- 0x00000000800032A0
mem[X,0x00000000800002A4] -> 0x8293
mem[X,0x00000000800002A6] -> 0xF102
[174] [M]: 0x00000000800002A4 (0xF1028293) addi t0, t0, -0xf0
x5 <- 0x00000000800031B0
mem[X,0x00000000800002A8] -> 0x0013
mem[X,0x00000000800002AA] -> 0x0000
[175] [M]: 0x00000000800002A8 (0x00000013) addi zero, zero, 0x0
mem[X,0x00000000800002AC] -> 0x0013
mem[X,0x00000000800002AE] -> 0x0000
[176] [M]: 0x00000000800002AC (0x00000013) addi zero, zero, 0x0
mem[X,0x00000000800002B0] -> 0x0013
mem[X,0x00000000800002B2] -> 0x0000
[177] [M]: 0x00000000800002B0 (0x00000013) addi zero, zero, 0x0
mem[X,0x00000000800002B4] -> 0x0013
mem[X,0x00000000800002B6] -> 0x0000
[178] [M]: 0x00000000800002B4 (0x00000013) addi zero, zero, 0x0
mem[X,0x00000000800002B8] -> 0x0013
mem[X,0x00000000800002BA] -> 0x0000
[179] [M]: 0x00000000800002B8 (0x00000013) addi zero, zero, 0x0
mem[X,0x00000000800002BC] -> 0x0013
mem[X,0x00000000800002BE] -> 0x0000
[180] [M]: 0x00000000800002BC (0x00000013) addi zero, zero, 0x0
mem[X,0x00000000800002C0] -> 0x0093
mem[X,0x00000000800002C2] -> 0x0010
[181] [M]: 0x00000000800002C0 (0x00100093) addi ra, zero, 0x1
x1 <- 0x0000000000000001
mem[X,0x00000000800002C4] -> 0x9093
mem[X,0x00000000800002C6] -> 0x00B0
[182] [M]: 0x00000000800002C4 (0x00B09093) slli ra, ra, 0xb
x1 <- 0x0000000000000800
mem[X,0x00000000800002C8] -> 0x9213
mem[X,0x00000000800002CA] -> 0x01F0
[183] [M]: 0x00000000800002C8 (0x01F09213) slli tp, ra, 0x1f
x4 <- 0x0000040000000000
mem[X,0x00000000800002CC] -> 0xB023
mem[X,0x00000000800002CE] -> 0x0042
[184] [M]: 0x00000000800002CC (0x0042B023) sd tp, 0x0(t0)
mem[0x00000000800031B0] <- 0x0000040000000000
mem[X,0x00000000800002D0] -> 0x0193
mem[X,0x00000000800002D2] -> 0x0010
[185] [M]: 0x00000000800002D0 (0x00100193) addi gp, zero, 0x1
x3 <- 0x0000000000000001
mem[X,0x00000000800002D4] -> 0x9193
mem[X,0x00000000800002D6] -> 0x00C1
[186] [M]: 0x00000000800002D4 (0x00C19193) slli gp, gp, 0xc
x3 <- 0x0000000000001000
mem[X,0x00000000800002D8] -> 0x9E93
mem[X,0x00000000800002DA] -> 0x0001
[187] [M]: 0x00000000800002D8 (0x00019E93) slli t4, gp, 0x0
x29 <- 0x0000000000001000
mem[X,0x00000000800002DC] -> 0xB423
mem[X,0x00000000800002DE] -> 0x01D2
[188] [M]: 0x00000000800002DC (0x01D2B423) sd t4, 0x8(t0)
mem[0x00000000800031B8] <- 0x0000000000001000
mem[X,0x00000000800002E0] -> 0x0C93
mem[X,0x00000000800002E2] -> 0x0010
[189] [M]: 0x00000000800002E0 (0x00100C93) addi s9, zero, 0x1
x25 <- 0x0000000000000001
mem[X,0x00000000800002E4] -> 0x9C93
mem[X,0x00000000800002E6] -> 0x00DC
[190] [M]: 0x00000000800002E4 (0x00DC9C93) slli s9, s9, 0xd
x25 <- 0x0000000000002000
mem[X,0x00000000800002E8] -> 0x9313
mem[X,0x00000000800002EA] -> 0x00AC
[191] [M]: 0x00000000800002E8 (0x00AC9313) slli t1, s9, 0xa
x6 <- 0x0000000000800000
mem[X,0x00000000800002EC] -> 0xB823
mem[X,0x00000000800002EE] -> 0x0062
[192] [M]: 0x00000000800002EC (0x0062B823) sd t1, 0x10(t0)
mem[0x00000000800031C0] <- 0x0000000000800000
mem[X,0x00000000800002F0] -> 0x0613
mem[X,0x00000000800002F2] -> 0x0010
[193] [M]: 0x00000000800002F0 (0x00100613) addi a2, zero, 0x1
x12 <- 0x0000000000000001
mem[X,0x00000000800002F4] -> 0x1613
mem[X,0x00000000800002F6] -> 0x00E6
[194] [M]: 0x00000000800002F4 (0x00E61613) slli a2, a2, 0xe
x12 <- 0x0000000000004000
mem[X,0x00000000800002F8] -> 0x1B93
mem[X,0x00000000800002FA] -> 0x0096
[195] [M]: 0x00000000800002F8 (0x00961B93) slli s7, a2, 0x9
x23 <- 0x0000000000800000
mem[X,0x00000000800002FC] -> 0xBC23
mem[X,0x00000000800002FE] -> 0x0172
[196] [M]: 0x00000000800002FC (0x0172BC23) sd s7, 0x18(t0)
mem[0x00000000800031C8] <- 0x0000000000800000
mem[X,0x0000000080000300] -> 0x0A93
mem[X,0x0000000080000302] -> 0x0010
[197] [M]: 0x0000000080000300 (0x00100A93) addi s5, zero, 0x1
x21 <- 0x0000000000000001
mem[X,0x0000000080000304] -> 0x9A93
mem[X,0x0000000080000306] -> 0x00FA
[198] [M]: 0x0000000080000304 (0x00FA9A93) slli s5, s5, 0xf
x21 <- 0x0000000000008000
mem[X,0x0000000080000308] -> 0x9193
mem[X,0x000000008000030A] -> 0x00CA
[199] [M]: 0x0000000080000308 (0x00CA9193) slli gp, s5, 0xc
x3 <- 0x0000000008000000
clint::tick mtime <- 0x0000000000000002
 clint timer pending at mtime 0x0000000000000002
htif::tick 0x0000000000000000
mem[X,0x000000008000030C] -> 0xB023
mem[X,0x000000008000030E] -> 0x0232
[200] [M]: 0x000000008000030C (0x0232B023) sd gp, 0x20(t0)
mem[0x00000000800031D0] <- 0x0000000008000000
mem[X,0x0000000080000310] -> 0x0493
mem[X,0x0000000080000312] -> 0x0010
[201] [M]: 0x0000000080000310 (0x00100493) addi s1, zero, 0x1
x9 <- 0x0000000000000001
mem[X,0x0000000080000314] -> 0x9493
mem[X,0x0000000080000316] -> 0x0104
[202] [M]: 0x0000000080000314 (0x01049493) slli s1, s1, 0x10
x9 <- 0x0000000000010000
mem[X,0x0000000080000318] -> 0x9893
mem[X,0x000000008000031A] -> 0x03B4
[203] [M]: 0x0000000080000318 (0x03B49893) slli a7, s1, 0x3b
x17 <- 0x0000000000000000
mem[X,0x000000008000031C] -> 0xB423
mem[X,0x000000008000031E] -> 0x0312
[204] [M]: 0x000000008000031C (0x0312B423) sd a7, 0x28(t0)
mem[0x00000000800031D8] <- 0x0000000000000000
mem[X,0x0000000080000320] -> 0x0693
mem[X,0x0000000080000322] -> 0x0010
[205] [M]: 0x0000000080000320 (0x00100693) addi a3, zero, 0x1
x13 <- 0x0000000000000001
mem[X,0x0000000080000324] -> 0x9693
mem[X,0x0000000080000326] -> 0x0116
[206] [M]: 0x0000000080000324 (0x01169693) slli a3, a3, 0x11
x13 <- 0x0000000000020000
mem[X,0x0000000080000328] -> 0x9793
mem[X,0x000000008000032A] -> 0x00E6
[207] [M]: 0x0000000080000328 (0x00E69793) slli a5, a3, 0xe
x15 <- 0x0000000080000000
mem[X,0x000000008000032C] -> 0xB823
mem[X,0x000000008000032E] -> 0x02F2
[208] [M]: 0x000000008000032C (0x02F2B823) sd a5, 0x30(t0)
mem[0x00000000800031E0] <- 0x0000000080000000
mem[X,0x0000000080000330] -> 0x0593
mem[X,0x0000000080000332] -> 0x0010
[209] [M]: 0x0000000080000330 (0x00100593) addi a1, zero, 0x1
x11 <- 0x0000000000000001
mem[X,0x0000000080000334] -> 0x9593
mem[X,0x0000000080000336] -> 0x0125
[210] [M]: 0x0000000080000334 (0x01259593) slli a1, a1, 0x12
x11 <- 0x0000000000040000
mem[X,0x0000000080000338] -> 0x9B13
mem[X,0x000000008000033A] -> 0x0135
[211] [M]: 0x0000000080000338 (0x01359B13) slli s6, a1, 0x13
x22 <- 0x0000002000000000
mem[X,0x000000008000033C] -> 0xBC23
mem[X,0x000000008000033E] -> 0x0362
[212] [M]: 0x000000008000033C (0x0362BC23) sd s6, 0x38(t0)
mem[0x00000000800031E8] <- 0x0000002000000000
mem[X,0x0000000080000340] -> 0x0A13
mem[X,0x0000000080000342] -> 0x0010
[213] [M]: 0x0000000080000340 (0x00100A13) addi s4, zero, 0x1
x20 <- 0x0000000000000001
mem[X,0x0000000080000344] -> 0x1A13
mem[X,0x0000000080000346] -> 0x013A
[214] [M]: 0x0000000080000344 (0x013A1A13) slli s4, s4, 0x13
x20 <- 0x0000000000080000
mem[X,0x0000000080000348] -> 0x1D13
mem[X,0x000000008000034A] -> 0x007A
[215] [M]: 0x0000000080000348 (0x007A1D13) slli s10, s4, 0x7
x26 <- 0x0000000004000000
mem[X,0x000000008000034C] -> 0xB023
mem[X,0x000000008000034E] -> 0x05A2
[216] [M]: 0x000000008000034C (0x05A2B023) sd s10, 0x40(t0)
mem[0x00000000800031F0] <- 0x0000000004000000
mem[X,0x0000000080000350] -> 0x0F93
mem[X,0x0000000080000352] -> 0x0010
[217] [M]: 0x0000000080000350 (0x00100F93) addi t6, zero, 0x1
x31 <- 0x0000000000000001
mem[X,0x0000000080000354] -> 0x9F93
mem[X,0x0000000080000356] -> 0x014F
[218] [M]: 0x0000000080000354 (0x014F9F93) slli t6, t6, 0x14
x31 <- 0x0000000000100000
mem[X,0x0000000080000358] -> 0x9113
mem[X,0x000000008000035A] -> 0x012F
[219] [M]: 0x0000000080000358 (0x012F9113) slli sp, t6, 0x12
x2 <- 0x0000004000000000
mem[X,0x000000008000035C] -> 0xB423
mem[X,0x000000008000035E] -> 0x0422
[220] [M]: 0x000000008000035C (0x0422B423) sd sp, 0x48(t0)
mem[0x00000000800031F8] <- 0x0000004000000000
mem[X,0x0000000080000360] -> 0x0893
mem[X,0x0000000080000362] -> 0x0010
[221] [M]: 0x0000000080000360 (0x00100893) addi a7, zero, 0x1
x17 <- 0x0000000000000001
mem[X,0x0000000080000364] -> 0x9893
mem[X,0x0000000080000366] -> 0x0158
[222] [M]: 0x0000000080000364 (0x01589893) slli a7, a7, 0x15
x17 <- 0x0000000000200000
mem[X,0x0000000080000368] -> 0x9A13
mem[X,0x000000008000036A] -> 0x00C8
[223] [M]: 0x0000000080000368 (0x00C89A13) slli s4, a7, 0xc
x20 <- 0x0000000200000000
mem[X,0x000000008000036C] -> 0xB823
mem[X,0x000000008000036E] -> 0x0542
[224] [M]: 0x000000008000036C (0x0542B823) sd s4, 0x50(t0)
mem[0x0000000080003200] <- 0x0000000200000000
mem[X,0x0000000080000370] -> 0x0013
mem[X,0x0000000080000372] -> 0x0000
[225] [M]: 0x0000000080000370 (0x00000013) addi zero, zero, 0x0
mem[X,0x0000000080000374] -> 0x1D93
mem[X,0x0000000080000376] -> 0x01F0
[226] [M]: 0x0000000080000374 (0x01F01D93) slli s11, zero, 0x1f
x27 <- 0x0000000000000000
mem[X,0x0000000080000378] -> 0xBC23
mem[X,0x000000008000037A] -> 0x05B2
[227] [M]: 0x0000000080000378 (0x05B2BC23) sd s11, 0x58(t0)
mem[0x0000000080003208] <- 0x0000000000000000
mem[X,0x000000008000037C] -> 0x0913
mem[X,0x000000008000037E] -> 0x0010
[228] [M]: 0x000000008000037C (0x00100913) addi s2, zero, 0x1
x18 <- 0x0000000000000001
mem[X,0x0000000080000380] -> 0x1913
mem[X,0x0000000080000382] -> 0x0179
[229] [M]: 0x0000000080000380 (0x01791913) slli s2, s2, 0x17
x18 <- 0x0000000000800000
mem[X,0x0000000080000384] -> 0x1F13
mem[X,0x0000000080000386] -> 0x0099
[230] [M]: 0x0000000080000384 (0x00991F13) slli t5, s2, 0x9
x30 <- 0x0000000100000000
mem[X,0x0000000080000388] -> 0xB023
mem[X,0x000000008000038A] -> 0x07E2
[231] [M]: 0x0000000080000388 (0x07E2B023) sd t5, 0x60(t0)
mem[0x0000000080003210] <- 0x0000000100000000
mem[X,0x000000008000038C] -> 0x0513
mem[X,0x000000008000038E] -> 0x0010
[232] [M]: 0x000000008000038C (0x00100513) addi a0, zero, 0x1
x10 <- 0x0000000000000001
mem[X,0x0000000080000390] -> 0x1513
mem[X,0x0000000080000392] -> 0x0185
[233] [M]: 0x0000000080000390 (0x01851513) slli a0, a0, 0x18
x10 <- 0x0000000001000000
mem[X,0x0000000080000394] -> 0x1593
mem[X,0x0000000080000396] -> 0x00E5
[234] [M]: 0x0000000080000394 (0x00E51593) slli a1, a0, 0xe
x11 <- 0x0000004000000000
mem[X,0x0000000080000398] -> 0xB423
mem[X,0x000000008000039A] -> 0x06B2
[235] [M]: 0x0000000080000398 (0x06B2B423) sd a1, 0x68(t0)
mem[0x0000000080003218] <- 0x0000004000000000
mem[X,0x000000008000039C] -> 0x0513
mem[X,0x000000008000039E] -> 0x0010
[236] [M]: 0x000000008000039C (0x00100513) addi a0, zero, 0x1
x10 <- 0x0000000000000001
mem[X,0x00000000800003A0] -> 0x1513
mem[X,0x00000000800003A2] -> 0x0195
[237] [M]: 0x00000000800003A0 (0x01951513) slli a0, a0, 0x19
x10 <- 0x0000000002000000
mem[X,0x00000000800003A4] -> 0x1593
mem[X,0x00000000800003A6] -> 0x0075
[238] [M]: 0x00000000800003A4 (0x00751593) slli a1, a0, 0x7
x11 <- 0x0000000100000000
mem[X,0x00000000800003A8] -> 0xB823
mem[X,0x00000000800003AA] -> 0x06B2
[239] [M]: 0x00000000800003A8 (0x06B2B823) sd a1, 0x70(t0)
mem[0x0000000080003220] <- 0x0000000100000000
mem[X,0x00000000800003AC] -> 0x0513
mem[X,0x00000000800003AE] -> 0x0010
[240] [M]: 0x00000000800003AC (0x00100513) addi a0, zero, 0x1
x10 <- 0x0000000000000001
mem[X,0x00000000800003B0] -> 0x1513
mem[X,0x00000000800003B2] -> 0x01A5
[241] [M]: 0x00000000800003B0 (0x01A51513) slli a0, a0, 0x1a
x10 <- 0x0000000004000000
mem[X,0x00000000800003B4] -> 0x1593
mem[X,0x00000000800003B6] -> 0x0005
[242] [M]: 0x00000000800003B4 (0x00051593) slli a1, a0, 0x0
x11 <- 0x0000000004000000
mem[X,0x00000000800003B8] -> 0xBC23
mem[X,0x00000000800003BA] -> 0x06B2
[243] [M]: 0x00000000800003B8 (0x06B2BC23) sd a1, 0x78(t0)
mem[0x0000000080003228] <- 0x0000000004000000
mem[X,0x00000000800003BC] -> 0x0513
mem[X,0x00000000800003BE] -> 0x0010
[244] [M]: 0x00000000800003BC (0x00100513) addi a0, zero, 0x1
x10 <- 0x0000000000000001
mem[X,0x00000000800003C0] -> 0x1513
mem[X,0x00000000800003C2] -> 0x01B5
[245] [M]: 0x00000000800003C0 (0x01B51513) slli a0, a0, 0x1b
x10 <- 0x0000000008000000
mem[X,0x00000000800003C4] -> 0x1593
mem[X,0x00000000800003C6] -> 0x03F5
[246] [M]: 0x00000000800003C4 (0x03F51593) slli a1, a0, 0x3f
x11 <- 0x0000000000000000
mem[X,0x00000000800003C8] -> 0xB023
mem[X,0x00000000800003CA] -> 0x08B2
[247] [M]: 0x00000000800003C8 (0x08B2B023) sd a1, 0x80(t0)
mem[0x0000000080003230] <- 0x0000000000000000
mem[X,0x00000000800003CC] -> 0x0513
mem[X,0x00000000800003CE] -> 0x0010
[248] [M]: 0x00000000800003CC (0x00100513) addi a0, zero, 0x1
x10 <- 0x0000000000000001
mem[X,0x00000000800003D0] -> 0x1513
mem[X,0x00000000800003D2] -> 0x01C5
[249] [M]: 0x00000000800003D0 (0x01C51513) slli a0, a0, 0x1c
x10 <- 0x0000000010000000
mem[X,0x00000000800003D4] -> 0x1593
mem[X,0x00000000800003D6] -> 0x0115
[250] [M]: 0x00000000800003D4 (0x01151593) slli a1, a0, 0x11
x11 <- 0x0000200000000000
mem[X,0x00000000800003D8] -> 0xB423
mem[X,0x00000000800003DA] -> 0x08B2
[251] [M]: 0x00000000800003D8 (0x08B2B423) sd a1, 0x88(t0)
mem[0x0000000080003238] <- 0x0000200000000000
mem[X,0x00000000800003DC] -> 0x0513
mem[X,0x00000000800003DE] -> 0x0010
[252] [M]: 0x00000000800003DC (0x00100513) addi a0, zero, 0x1
x10 <- 0x0000000000000001
mem[X,0x00000000800003E0] -> 0x1513
mem[X,0x00000000800003E2] -> 0x01D5
[253] [M]: 0x00000000800003E0 (0x01D51513) slli a0, a0, 0x1d
x10 <- 0x0000000020000000
mem[X,0x00000000800003E4] -> 0x1593
mem[X,0x00000000800003E6] -> 0x00A5
[254] [M]: 0x00000000800003E4 (0x00A51593) slli a1, a0, 0xa
x11 <- 0x0000008000000000
mem[X,0x00000000800003E8] -> 0xB823
mem[X,0x00000000800003EA] -> 0x08B2
[255] [M]: 0x00000000800003E8 (0x08B2B823) sd a1, 0x90(t0)
mem[0x0000000080003240] <- 0x0000008000000000
mem[X,0x00000000800003EC] -> 0x0513
mem[X,0x00000000800003EE] -> 0x0010
[256] [M]: 0x00000000800003EC (0x00100513) addi a0, zero, 0x1
x10 <- 0x0000000000000001
mem[X,0x00000000800003F0] -> 0x1513
mem[X,0x00000000800003F2] -> 0x01E5
[257] [M]: 0x00000000800003F0 (0x01E51513) slli a0, a0, 0x1e
x10 <- 0x0000000040000000
mem[X,0x00000000800003F4] -> 0x1593
mem[X,0x00000000800003F6] -> 0x0115
[258] [M]: 0x00000000800003F4 (0x01151593) slli a1, a0, 0x11
x11 <- 0x0000800000000000
mem[X,0x00000000800003F8] -> 0xBC23
mem[X,0x00000000800003FA] -> 0x08B2
[259] [M]: 0x00000000800003F8 (0x08B2BC23) sd a1, 0x98(t0)
mem[0x0000000080003248] <- 0x0000800000000000
mem[X,0x00000000800003FC] -> 0x0513
mem[X,0x00000000800003FE] -> 0x0010
[260] [M]: 0x00000000800003FC (0x00100513) addi a0, zero, 0x1
x10 <- 0x0000000000000001
mem[X,0x0000000080000400] -> 0x1513
mem[X,0x0000000080000402] -> 0x01F5
[261] [M]: 0x0000000080000400 (0x01F51513) slli a0, a0, 0x1f
x10 <- 0x0000000080000000
mem[X,0x0000000080000404] -> 0x1593
mem[X,0x0000000080000406] -> 0x0085
[262] [M]: 0x0000000080000404 (0x00851593) slli a1, a0, 0x8
x11 <- 0x0000008000000000
mem[X,0x0000000080000408] -> 0xB023
mem[X,0x000000008000040A] -> 0x0AB2
[263] [M]: 0x0000000080000408 (0x0AB2B023) sd a1, 0xa0(t0)
mem[0x0000000080003250] <- 0x0000008000000000
mem[X,0x000000008000040C] -> 0x0513
mem[X,0x000000008000040E] -> 0x0010
[264] [M]: 0x000000008000040C (0x00100513) addi a0, zero, 0x1
x10 <- 0x0000000000000001
mem[X,0x0000000080000410] -> 0x1513
mem[X,0x0000000080000412] -> 0x0205
[265] [M]: 0x0000000080000410 (0x02051513) slli a0, a0, 0x20
x10 <- 0x0000000100000000
mem[X,0x0000000080000414] -> 0x1593
mem[X,0x0000000080000416] -> 0x00A5
[266] [M]: 0x0000000080000414 (0x00A51593) slli a1, a0, 0xa
x11 <- 0x0000040000000000
mem[X,0x0000000080000418] -> 0xB423
mem[X,0x000000008000041A] -> 0x0AB2
[267] [M]: 0x0000000080000418 (0x0AB2B423) sd a1, 0xa8(t0)
mem[0x0000000080003258] <- 0x0000040000000000
mem[X,0x000000008000041C] -> 0x0513
mem[X,0x000000008000041E] -> 0x0010
[268] [M]: 0x000000008000041C (0x00100513) addi a0, zero, 0x1
x10 <- 0x0000000000000001
mem[X,0x0000000080000420] -> 0x1513
mem[X,0x0000000080000422] -> 0x0215
[269] [M]: 0x0000000080000420 (0x02151513) slli a0, a0, 0x21
x10 <- 0x0000000200000000
mem[X,0x0000000080000424] -> 0x1593
mem[X,0x0000000080000426] -> 0x0155
[270] [M]: 0x0000000080000424 (0x01551593) slli a1, a0, 0x15
x11 <- 0x0040000000000000
mem[X,0x0000000080000428] -> 0xB823
mem[X,0x000000008000042A] -> 0x0AB2
[271] [M]: 0x0000000080000428 (0x0AB2B823) sd a1, 0xb0(t0)
mem[0x0000000080003260] <- 0x0040000000000000
mem[X,0x000000008000042C] -> 0x0513
mem[X,0x000000008000042E] -> 0x0010
[272] [M]: 0x000000008000042C (0x00100513) addi a0, zero, 0x1
x10 <- 0x0000000000000001
mem[X,0x0000000080000430] -> 0x1513
mem[X,0x0000000080000432] -> 0x0225
[273] [M]: 0x0000000080000430 (0x02251513) slli a0, a0, 0x22
x10 <- 0x0000000400000000
mem[X,0x0000000080000434] -> 0x1593
mem[X,0x0000000080000436] -> 0x0075
[274] [M]: 0x0000000080000434 (0x00751593) slli a1, a0, 0x7
x11 <- 0x0000020000000000
mem[X,0x0000000080000438] -> 0xBC23
mem[X,0x000000008000043A] -> 0x0AB2
[275] [M]: 0x0000000080000438 (0x0AB2BC23) sd a1, 0xb8(t0)
mem[0x0000000080003268] <- 0x0000020000000000
mem[X,0x000000008000043C] -> 0x0513
mem[X,0x000000008000043E] -> 0x0010
[276] [M]: 0x000000008000043C (0x00100513) addi a0, zero, 0x1
x10 <- 0x0000000000000001
mem[X,0x0000000080000440] -> 0x1513
mem[X,0x0000000080000442] -> 0x0235
[277] [M]: 0x0000000080000440 (0x02351513) slli a0, a0, 0x23
x10 <- 0x0000000800000000
mem[X,0x0000000080000444] -> 0x1593
mem[X,0x0000000080000446] -> 0x0375
[278] [M]: 0x0000000080000444 (0x03751593) slli a1, a0, 0x37
x11 <- 0x0000000000000000
mem[X,0x0000000080000448] -> 0xB023
mem[X,0x000000008000044A] -> 0x0CB2
[279] [M]: 0x0000000080000448 (0x0CB2B023) sd a1, 0xc0(t0)
mem[0x0000000080003270] <- 0x0000000000000000
mem[X,0x000000008000044C] -> 0x0513
mem[X,0x000000008000044E] -> 0x0010
[280] [M]: 0x000000008000044C (0x00100513) addi a0, zero, 0x1
x10 <- 0x0000000000000001
mem[X,0x0000000080000450] -> 0x1513
mem[X,0x0000000080000452] -> 0x0245
[281] [M]: 0x0000000080000450 (0x02451513) slli a0, a0, 0x24
x10 <- 0x0000001000000000
mem[X,0x0000000080000454] -> 0x1593
mem[X,0x0000000080000456] -> 0x00F5
[282] [M]: 0x0000000080000454 (0x00F51593) slli a1, a0, 0xf
x11 <- 0x0008000000000000
mem[X,0x0000000080000458] -> 0xB423
mem[X,0x000000008000045A] -> 0x0CB2
[283] [M]: 0x0000000080000458 (0x0CB2B423) sd a1, 0xc8(t0)
mem[0x0000000080003278] <- 0x0008000000000000
mem[X,0x000000008000045C] -> 0x0513
mem[X,0x000000008000045E] -> 0x0010
[284] [M]: 0x000000008000045C (0x00100513) addi a0, zero, 0x1
x10 <- 0x0000000000000001
mem[X,0x0000000080000460] -> 0x1513
mem[X,0x0000000080000462] -> 0x0255
[285] [M]: 0x0000000080000460 (0x02551513) slli a0, a0, 0x25
x10 <- 0x0000002000000000
mem[X,0x0000000080000464] -> 0x1593
mem[X,0x0000000080000466] -> 0x0155
[286] [M]: 0x0000000080000464 (0x01551593) slli a1, a0, 0x15
x11 <- 0x0400000000000000
mem[X,0x0000000080000468] -> 0xB823
mem[X,0x000000008000046A] -> 0x0CB2
[287] [M]: 0x0000000080000468 (0x0CB2B823) sd a1, 0xd0(t0)
mem[0x0000000080003280] <- 0x0400000000000000
mem[X,0x000000008000046C] -> 0x0513
mem[X,0x000000008000046E] -> 0x0010
[288] [M]: 0x000000008000046C (0x00100513) addi a0, zero, 0x1
x10 <- 0x0000000000000001
mem[X,0x0000000080000470] -> 0x1513
mem[X,0x0000000080000472] -> 0x0265
[289] [M]: 0x0000000080000470 (0x02651513) slli a0, a0, 0x26
x10 <- 0x0000004000000000
mem[X,0x0000000080000474] -> 0x1593
mem[X,0x0000000080000476] -> 0x02A5
[290] [M]: 0x0000000080000474 (0x02A51593) slli a1, a0, 0x2a
x11 <- 0x0000000000000000
mem[X,0x0000000080000478] -> 0xBC23
mem[X,0x000000008000047A] -> 0x0CB2
[291] [M]: 0x0000000080000478 (0x0CB2BC23) sd a1, 0xd8(t0)
mem[0x0000000080003288] <- 0x0000000000000000
mem[X,0x000000008000047C] -> 0x0513
mem[X,0x000000008000047E] -> 0x0010
[292] [M]: 0x000000008000047C (0x00100513) addi a0, zero, 0x1
x10 <- 0x0000000000000001
mem[X,0x0000000080000480] -> 0x1513
mem[X,0x0000000080000482] -> 0x0275
[293] [M]: 0x0000000080000480 (0x02751513) slli a0, a0, 0x27
x10 <- 0x0000008000000000
mem[X,0x0000000080000484] -> 0x1593
mem[X,0x0000000080000486] -> 0x0035
[294] [M]: 0x0000000080000484 (0x00351593) slli a1, a0, 0x3
x11 <- 0x0000040000000000
mem[X,0x0000000080000488] -> 0xB023
mem[X,0x000000008000048A] -> 0x0EB2
[295] [M]: 0x0000000080000488 (0x0EB2B023) sd a1, 0xe0(t0)
mem[0x0000000080003290] <- 0x0000040000000000
mem[X,0x000000008000048C] -> 0x0513
mem[X,0x000000008000048E] -> 0x0010
[296] [M]: 0x000000008000048C (0x00100513) addi a0, zero, 0x1
x10 <- 0x0000000000000001
mem[X,0x0000000080000490] -> 0x1513
mem[X,0x0000000080000492] -> 0x0285
[297] [M]: 0x0000000080000490 (0x02851513) slli a0, a0, 0x28
x10 <- 0x0000010000000000
mem[X,0x0000000080000494] -> 0x1593
mem[X,0x0000000080000496] -> 0x03F5
[298] [M]: 0x0000000080000494 (0x03F51593) slli a1, a0, 0x3f
x11 <- 0x0000000000000000
mem[X,0x0000000080000498] -> 0xB423
mem[X,0x000000008000049A] -> 0x0EB2
[299] [M]: 0x0000000080000498 (0x0EB2B423) sd a1, 0xe8(t0)
mem[0x0000000080003298] <- 0x0000000000000000
clint::tick mtime <- 0x0000000000000003
 clint timer pending at mtime 0x0000000000000003
htif::tick 0x0000000000000000
mem[X,0x000000008000049C] -> 0x0513
mem[X,0x000000008000049E] -> 0x0010
[300] [M]: 0x000000008000049C (0x00100513) addi a0, zero, 0x1
x10 <- 0x0000000000000001
mem[X,0x00000000800004A0] -> 0x1513
mem[X,0x00000000800004A2] -> 0x0295
[301] [M]: 0x00000000800004A0 (0x02951513) slli a0, a0, 0x29
x10 <- 0x0000020000000000
mem[X,0x00000000800004A4] -> 0x1593
mem[X,0x00000000800004A6] -> 0x0115
[302] [M]: 0x00000000800004A4 (0x01151593) slli a1, a0, 0x11
x11 <- 0x0400000000000000
mem[X,0x00000000800004A8] -> 0xB823
mem[X,0x00000000800004AA] -> 0x0EB2
[303] [M]: 0x00000000800004A8 (0x0EB2B823) sd a1, 0xf0(t0)
mem[0x00000000800032A0] <- 0x0400000000000000
mem[X,0x00000000800004AC] -> 0x0513
mem[X,0x00000000800004AE] -> 0x0010
[304] [M]: 0x00000000800004AC (0x00100513) addi a0, zero, 0x1
x10 <- 0x0000000000000001
mem[X,0x00000000800004B0] -> 0x1513
mem[X,0x00000000800004B2] -> 0x02A5
[305] [M]: 0x00000000800004B0 (0x02A51513) slli a0, a0, 0x2a
x10 <- 0x0000040000000000
mem[X,0x00000000800004B4] -> 0x1593
mem[X,0x00000000800004B6] -> 0x0075
[306] [M]: 0x00000000800004B4 (0x00751593) slli a1, a0, 0x7
x11 <- 0x0002000000000000
mem[X,0x00000000800004B8] -> 0xBC23
mem[X,0x00000000800004BA] -> 0x0EB2
[307] [M]: 0x00000000800004B8 (0x0EB2BC23) sd a1, 0xf8(t0)
mem[0x00000000800032A8] <- 0x0002000000000000
mem[X,0x00000000800004BC] -> 0x0513
mem[X,0x00000000800004BE] -> 0x0010
[308] [M]: 0x00000000800004BC (0x00100513) addi a0, zero, 0x1
x10 <- 0x0000000000000001
mem[X,0x00000000800004C0] -> 0x1513
mem[X,0x00000000800004C2] -> 0x02B5
[309] [M]: 0x00000000800004C0 (0x02B51513) slli a0, a0, 0x2b
x10 <- 0x0000080000000000
mem[X,0x00000000800004C4] -> 0x1593
mem[X,0x00000000800004C6] -> 0x0135
[310] [M]: 0x00000000800004C4 (0x01351593) slli a1, a0, 0x13
x11 <- 0x4000000000000000
mem[X,0x00000000800004C8] -> 0xB023
mem[X,0x00000000800004CA] -> 0x10B2
[311] [M]: 0x00000000800004C8 (0x10B2B023) sd a1, 0x100(t0)
mem[0x00000000800032B0] <- 0x4000000000000000
mem[X,0x00000000800004CC] -> 0x0513
mem[X,0x00000000800004CE] -> 0x0010
[312] [M]: 0x00000000800004CC (0x00100513) addi a0, zero, 0x1
x10 <- 0x0000000000000001
mem[X,0x00000000800004D0] -> 0x1513
mem[X,0x00000000800004D2] -> 0x02C5
[313] [M]: 0x00000000800004D0 (0x02C51513) slli a0, a0, 0x2c
x10 <- 0x0000100000000000
mem[X,0x00000000800004D4] -> 0x1593
mem[X,0x00000000800004D6] -> 0x02F5
[314] [M]: 0x00000000800004D4 (0x02F51593) slli a1, a0, 0x2f
x11 <- 0x0000000000000000
mem[X,0x00000000800004D8] -> 0xB423
mem[X,0x00000000800004DA] -> 0x10B2
[315] [M]: 0x00000000800004D8 (0x10B2B423) sd a1, 0x108(t0)
mem[0x00000000800032B8] <- 0x0000000000000000
mem[X,0x00000000800004DC] -> 0x0513
mem[X,0x00000000800004DE] -> 0x0010
[316] [M]: 0x00000000800004DC (0x00100513) addi a0, zero, 0x1
x10 <- 0x0000000000000001
mem[X,0x00000000800004E0] -> 0x1513
mem[X,0x00000000800004E2] -> 0x02D5
[317] [M]: 0x00000000800004E0 (0x02D51513) slli a0, a0, 0x2d
x10 <- 0x0000200000000000
mem[X,0x00000000800004E4] -> 0x1593
mem[X,0x00000000800004E6] -> 0x03E5
[318] [M]: 0x00000000800004E4 (0x03E51593) slli a1, a0, 0x3e
x11 <- 0x0000000000000000
mem[X,0x00000000800004E8] -> 0xB823
mem[X,0x00000000800004EA] -> 0x10B2
[319] [M]: 0x00000000800004E8 (0x10B2B823) sd a1, 0x110(t0)
mem[0x00000000800032C0] <- 0x0000000000000000
mem[X,0x00000000800004EC] -> 0x0513
mem[X,0x00000000800004EE] -> 0x0010
[320] [M]: 0x00000000800004EC (0x00100513) addi a0, zero, 0x1
x10 <- 0x0000000000000001
mem[X,0x00000000800004F0] -> 0x1513
mem[X,0x00000000800004F2] -> 0x02E5
[321] [M]: 0x00000000800004F0 (0x02E51513) slli a0, a0, 0x2e
x10 <- 0x0000400000000000
mem[X,0x00000000800004F4] -> 0x1593
mem[X,0x00000000800004F6] -> 0x0095
[322] [M]: 0x00000000800004F4 (0x00951593) slli a1, a0, 0x9
x11 <- 0x0080000000000000
mem[X,0x00000000800004F8] -> 0xBC23
mem[X,0x00000000800004FA] -> 0x10B2
[323] [M]: 0x00000000800004F8 (0x10B2BC23) sd a1, 0x118(t0)
mem[0x00000000800032C8] <- 0x0080000000000000
mem[X,0x00000000800004FC] -> 0x0513
mem[X,0x00000000800004FE] -> 0x0010
[324] [M]: 0x00000000800004FC (0x00100513) addi a0, zero, 0x1
x10 <- 0x0000000000000001
mem[X,0x0000000080000500] -> 0x1513
mem[X,0x0000000080000502] -> 0x02F5
[325] [M]: 0x0000000080000500 (0x02F51513) slli a0, a0, 0x2f
x10 <- 0x0000800000000000
mem[X,0x0000000080000504] -> 0x1593
mem[X,0x0000000080000506] -> 0x0155
[326] [M]: 0x0000000080000504 (0x01551593) slli a1, a0, 0x15
x11 <- 0x0000000000000000
mem[X,0x0000000080000508] -> 0xB023
mem[X,0x000000008000050A] -> 0x12B2
[327] [M]: 0x0000000080000508 (0x12B2B023) sd a1, 0x120(t0)
mem[0x00000000800032D0] <- 0x0000000000000000
mem[X,0x000000008000050C] -> 0x0513
mem[X,0x000000008000050E] -> 0x0010
[328] [M]: 0x000000008000050C (0x00100513) addi a0, zero, 0x1
x10 <- 0x0000000000000001
mem[X,0x0000000080000510] -> 0x1513
mem[X,0x0000000080000512] -> 0x0305
[329] [M]: 0x0000000080000510 (0x03051513) slli a0, a0, 0x30
x10 <- 0x0001000000000000
mem[X,0x0000000080000514] -> 0x1593
mem[X,0x0000000080000516] -> 0x0015
[330] [M]: 0x0000000080000514 (0x00151593) slli a1, a0, 0x1
x11 <- 0x0002000000000000
mem[X,0x0000000080000518] -> 0xB423
mem[X,0x000000008000051A] -> 0x12B2
[331] [M]: 0x0000000080000518 (0x12B2B423) sd a1, 0x128(t0)
mem[0x00000000800032D8] <- 0x0002000000000000
mem[X,0x000000008000051C] -> 0x0513
mem[X,0x000000008000051E] -> 0x0010
[332] [M]: 0x000000008000051C (0x00100513) addi a0, zero, 0x1
x10 <- 0x0000000000000001
mem[X,0x0000000080000520] -> 0x1513
mem[X,0x0000000080000522] -> 0x0315
[333] [M]: 0x0000000080000520 (0x03151513) slli a0, a0, 0x31
x10 <- 0x0002000000000000
mem[X,0x0000000080000524] -> 0x1593
mem[X,0x0000000080000526] -> 0x0045
[334] [M]: 0x0000000080000524 (0x00451593) slli a1, a0, 0x4
x11 <- 0x0020000000000000
mem[X,0x0000000080000528] -> 0xB823
mem[X,0x000000008000052A] -> 0x12B2
[335] [M]: 0x0000000080000528 (0x12B2B823) sd a1, 0x130(t0)
mem[0x00000000800032E0] <- 0x0020000000000000
mem[X,0x000000008000052C] -> 0x0513
mem[X,0x000000008000052E] -> 0x0010
[336] [M]: 0x000000008000052C (0x00100513) addi a0, zero, 0x1
x10 <- 0x0000000000000001
mem[X,0x0000000080000530] -> 0x1513
mem[X,0x0000000080000532] -> 0x0325
[337] [M]: 0x0000000080000530 (0x03251513) slli a0, a0, 0x32
x10 <- 0x0004000000000000
mem[X,0x0000000080000534] -> 0x1593
mem[X,0x0000000080000536] -> 0x0015
[338] [M]: 0x0000000080000534 (0x00151593) slli a1, a0, 0x1
x11 <- 0x0008000000000000
mem[X,0x0000000080000538] -> 0xBC23
mem[X,0x000000008000053A] -> 0x12B2
[339] [M]: 0x0000000080000538 (0x12B2BC23) sd a1, 0x138(t0)
mem[0x00000000800032E8] <- 0x0008000000000000
mem[X,0x000000008000053C] -> 0x0513
mem[X,0x000000008000053E] -> 0x0010
[340] [M]: 0x000000008000053C (0x00100513) addi a0, zero, 0x1
x10 <- 0x0000000000000001
mem[X,0x0000000080000540] -> 0x1513
mem[X,0x0000000080000542] -> 0x0335
[341] [M]: 0x0000000080000540 (0x03351513) slli a0, a0, 0x33
x10 <- 0x0008000000000000
mem[X,0x0000000080000544] -> 0x1593
mem[X,0x0000000080000546] -> 0x0065
[342] [M]: 0x0000000080000544 (0x00651593) slli a1, a0, 0x6
x11 <- 0x0200000000000000
mem[X,0x0000000080000548] -> 0xB023
mem[X,0x000000008000054A] -> 0x14B2
[343] [M]: 0x0000000080000548 (0x14B2B023) sd a1, 0x140(t0)
mem[0x00000000800032F0] <- 0x0200000000000000
mem[X,0x000000008000054C] -> 0x0513
mem[X,0x000000008000054E] -> 0x0010
[344] [M]: 0x000000008000054C (0x00100513) addi a0, zero, 0x1
x10 <- 0x0000000000000001
mem[X,0x0000000080000550] -> 0x1513
mem[X,0x0000000080000552] -> 0x0355
[345] [M]: 0x0000000080000550 (0x03551513) slli a0, a0, 0x35
x10 <- 0x0020000000000000
mem[X,0x0000000080000554] -> 0x1593
mem[X,0x0000000080000556] -> 0x00C5
[346] [M]: 0x0000000080000554 (0x00C51593) slli a1, a0, 0xc
x11 <- 0x0000000000000000
mem[X,0x0000000080000558] -> 0xB423
mem[X,0x000000008000055A] -> 0x14B2
[347] [M]: 0x0000000080000558 (0x14B2B423) sd a1, 0x148(t0)
mem[0x00000000800032F8] <- 0x0000000000000000
mem[X,0x000000008000055C] -> 0x0513
mem[X,0x000000008000055E] -> 0x0010
[348] [M]: 0x000000008000055C (0x00100513) addi a0, zero, 0x1
x10 <- 0x0000000000000001
mem[X,0x0000000080000560] -> 0x1513
mem[X,0x0000000080000562] -> 0x0365
[349] [M]: 0x0000000080000560 (0x03651513) slli a0, a0, 0x36
x10 <- 0x0040000000000000
mem[X,0x0000000080000564] -> 0x1593
mem[X,0x0000000080000566] -> 0x03F5
[350] [M]: 0x0000000080000564 (0x03F51593) slli a1, a0, 0x3f
x11 <- 0x0000000000000000
mem[X,0x0000000080000568] -> 0xB823
mem[X,0x000000008000056A] -> 0x14B2
[351] [M]: 0x0000000080000568 (0x14B2B823) sd a1, 0x150(t0)
mem[0x0000000080003300] <- 0x0000000000000000
mem[X,0x000000008000056C] -> 0x0513
mem[X,0x000000008000056E] -> 0x0010
[352] [M]: 0x000000008000056C (0x00100513) addi a0, zero, 0x1
x10 <- 0x0000000000000001
mem[X,0x0000000080000570] -> 0x1513
mem[X,0x0000000080000572] -> 0x0375
[353] [M]: 0x0000000080000570 (0x03751513) slli a0, a0, 0x37
x10 <- 0x0080000000000000
mem[X,0x0000000080000574] -> 0x1593
mem[X,0x0000000080000576] -> 0x0025
[354] [M]: 0x0000000080000574 (0x00251593) slli a1, a0, 0x2
x11 <- 0x0200000000000000
mem[X,0x0000000080000578] -> 0xBC23
mem[X,0x000000008000057A] -> 0x14B2
[355] [M]: 0x0000000080000578 (0x14B2BC23) sd a1, 0x158(t0)
mem[0x0000000080003308] <- 0x0200000000000000
mem[X,0x000000008000057C] -> 0x0513
mem[X,0x000000008000057E] -> 0x0010
[356] [M]: 0x000000008000057C (0x00100513) addi a0, zero, 0x1
x10 <- 0x0000000000000001
mem[X,0x0000000080000580] -> 0x1513
mem[X,0x0000000080000582] -> 0x0385
[357] [M]: 0x0000000080000580 (0x03851513) slli a0, a0, 0x38
x10 <- 0x0100000000000000
mem[X,0x0000000080000584] -> 0x1593
mem[X,0x0000000080000586] -> 0x00F5
[358] [M]: 0x0000000080000584 (0x00F51593) slli a1, a0, 0xf
x11 <- 0x0000000000000000
mem[X,0x0000000080000588] -> 0xB023
mem[X,0x000000008000058A] -> 0x16B2
[359] [M]: 0x0000000080000588 (0x16B2B023) sd a1, 0x160(t0)
mem[0x0000000080003310] <- 0x0000000000000000
mem[X,0x000000008000058C] -> 0x0513
mem[X,0x000000008000058E] -> 0x0010
[360] [M]: 0x000000008000058C (0x00100513) addi a0, zero, 0x1
x10 <- 0x0000000000000001
mem[X,0x0000000080000590] -> 0x1513
mem[X,0x0000000080000592] -> 0x0395
[361] [M]: 0x0000000080000590 (0x03951513) slli a0, a0, 0x39
x10 <- 0x0200000000000000
mem[X,0x0000000080000594] -> 0x1593
mem[X,0x0000000080000596] -> 0x0055
[362] [M]: 0x0000000080000594 (0x00551593) slli a1, a0, 0x5
x11 <- 0x4000000000000000
mem[X,0x0000000080000598] -> 0xB423
mem[X,0x000000008000059A] -> 0x16B2
[363] [M]: 0x0000000080000598 (0x16B2B423) sd a1, 0x168(t0)
mem[0x0000000080003318] <- 0x4000000000000000
mem[X,0x000000008000059C] -> 0x0513
mem[X,0x000000008000059E] -> 0x0010
[364] [M]: 0x000000008000059C (0x00100513) addi a0, zero, 0x1
x10 <- 0x0000000000000001
mem[X,0x00000000800005A0] -> 0x1513
mem[X,0x00000000800005A2] -> 0x03A5
[365] [M]: 0x00000000800005A0 (0x03A51513) slli a0, a0, 0x3a
x10 <- 0x0400000000000000
mem[X,0x00000000800005A4] -> 0x1593
mem[X,0x00000000800005A6] -> 0x02F5
[366] [M]: 0x00000000800005A4 (0x02F51593) slli a1, a0, 0x2f
x11 <- 0x0000000000000000
mem[X,0x00000000800005A8] -> 0xB823
mem[X,0x00000000800005AA] -> 0x16B2
[367] [M]: 0x00000000800005A8 (0x16B2B823) sd a1, 0x170(t0)
mem[0x0000000080003320] <- 0x0000000000000000
mem[X,0x00000000800005AC] -> 0x0513
mem[X,0x00000000800005AE] -> 0x0010
[368] [M]: 0x00000000800005AC (0x00100513) addi a0, zero, 0x1
x10 <- 0x0000000000000001
mem[X,0x00000000800005B0] -> 0x1513
mem[X,0x00000000800005B2] -> 0x03B5
[369] [M]: 0x00000000800005B0 (0x03B51513) slli a0, a0, 0x3b
x10 <- 0x0800000000000000
mem[X,0x00000000800005B4] -> 0x1593
mem[X,0x00000000800005B6] -> 0x0135
[370] [M]: 0x00000000800005B4 (0x01351593) slli a1, a0, 0x13
x11 <- 0x0000000000000000
mem[X,0x00000000800005B8] -> 0xBC23
mem[X,0x00000000800005BA] -> 0x16B2
[371] [M]: 0x00000000800005B8 (0x16B2BC23) sd a1, 0x178(t0)
mem[0x0000000080003328] <- 0x0000000000000000
mem[X,0x00000000800005BC] -> 0x0513
mem[X,0x00000000800005BE] -> 0x0010
[372] [M]: 0x00000000800005BC (0x00100513) addi a0, zero, 0x1
x10 <- 0x0000000000000001
mem[X,0x00000000800005C0] -> 0x1513
mem[X,0x00000000800005C2] -> 0x03C5
[373] [M]: 0x00000000800005C0 (0x03C51513) slli a0, a0, 0x3c
x10 <- 0x1000000000000000
mem[X,0x00000000800005C4] -> 0x1593
mem[X,0x00000000800005C6] -> 0x0155
[374] [M]: 0x00000000800005C4 (0x01551593) slli a1, a0, 0x15
x11 <- 0x0000000000000000
mem[X,0x00000000800005C8] -> 0xB023
mem[X,0x00000000800005CA] -> 0x18B2
[375] [M]: 0x00000000800005C8 (0x18B2B023) sd a1, 0x180(t0)
mem[0x0000000080003330] <- 0x0000000000000000
mem[X,0x00000000800005CC] -> 0x0513
mem[X,0x00000000800005CE] -> 0x0010
[376] [M]: 0x00000000800005CC (0x00100513) addi a0, zero, 0x1
x10 <- 0x0000000000000001
mem[X,0x00000000800005D0] -> 0x1513
mem[X,0x00000000800005D2] -> 0x03D5
[377] [M]: 0x00000000800005D0 (0x03D51513) slli a0, a0, 0x3d
x10 <- 0x2000000000000000
mem[X,0x00000000800005D4] -> 0x1593
mem[X,0x00000000800005D6] -> 0x0015
[378] [M]: 0x00000000800005D4 (0x00151593) slli a1, a0, 0x1
x11 <- 0x4000000000000000
mem[X,0x00000000800005D8] -> 0xB423
mem[X,0x00000000800005DA] -> 0x18B2
[379] [M]: 0x00000000800005D8 (0x18B2B423) sd a1, 0x188(t0)
mem[0x0000000080003338] <- 0x4000000000000000
mem[X,0x00000000800005DC] -> 0x0513
mem[X,0x00000000800005DE] -> 0x0010
[380] [M]: 0x00000000800005DC (0x00100513) addi a0, zero, 0x1
x10 <- 0x0000000000000001
mem[X,0x00000000800005E0] -> 0x1513
mem[X,0x00000000800005E2] -> 0x03E5
[381] [M]: 0x00000000800005E0 (0x03E51513) slli a0, a0, 0x3e
x10 <- 0x4000000000000000
mem[X,0x00000000800005E4] -> 0x1593
mem[X,0x00000000800005E6] -> 0x03B5
[382] [M]: 0x00000000800005E4 (0x03B51593) slli a1, a0, 0x3b
x11 <- 0x0000000000000000
mem[X,0x00000000800005E8] -> 0xB823
mem[X,0x00000000800005EA] -> 0x18B2
[383] [M]: 0x00000000800005E8 (0x18B2B823) sd a1, 0x190(t0)
mem[0x0000000080003340] <- 0x0000000000000000
mem[X,0x00000000800005EC] -> 0x0513
mem[X,0x00000000800005EE] -> 0xFFE0
[384] [M]: 0x00000000800005EC (0xFFE00513) addi a0, zero, -0x2
x10 <- 0xFFFFFFFFFFFFFFFE
mem[X,0x00000000800005F0] -> 0x1593
mem[X,0x00000000800005F2] -> 0x0375
[385] [M]: 0x00000000800005F0 (0x03751593) slli a1, a0, 0x37
x11 <- 0xFF00000000000000
mem[X,0x00000000800005F4] -> 0xBC23
mem[X,0x00000000800005F6] -> 0x18B2
[386] [M]: 0x00000000800005F4 (0x18B2BC23) sd a1, 0x198(t0)
mem[0x0000000080003348] <- 0xFF00000000000000
mem[X,0x00000000800005F8] -> 0x0513
mem[X,0x00000000800005FA] -> 0xFFD0
[387] [M]: 0x00000000800005F8 (0xFFD00513) addi a0, zero, -0x3
x10 <- 0xFFFFFFFFFFFFFFFD
mem[X,0x00000000800005FC] -> 0x1593
mem[X,0x00000000800005FE] -> 0x0135
[388] [M]: 0x00000000800005FC (0x01351593) slli a1, a0, 0x13
x11 <- 0xFFFFFFFFFFE80000
mem[X,0x0000000080000600] -> 0xB023
mem[X,0x0000000080000602] -> 0x1AB2
[389] [M]: 0x0000000080000600 (0x1AB2B023) sd a1, 0x1a0(t0)
mem[0x0000000080003350] <- 0xFFFFFFFFFFE80000
mem[X,0x0000000080000604] -> 0x0513
mem[X,0x0000000080000606] -> 0xFFB0
[390] [M]: 0x0000000080000604 (0xFFB00513) addi a0, zero, -0x5
x10 <- 0xFFFFFFFFFFFFFFFB
mem[X,0x0000000080000608] -> 0x1593
mem[X,0x000000008000060A] -> 0x03B5
[391] [M]: 0x0000000080000608 (0x03B51593) slli a1, a0, 0x3b
x11 <- 0xD800000000000000
mem[X,0x000000008000060C] -> 0xB423
mem[X,0x000000008000060E] -> 0x1AB2
[392] [M]: 0x000000008000060C (0x1AB2B423) sd a1, 0x1a8(t0)
mem[0x0000000080003358] <- 0xD800000000000000
mem[X,0x0000000080000610] -> 0x0513
mem[X,0x0000000080000612] -> 0xFEF0
[393] [M]: 0x0000000080000610 (0xFEF00513) addi a0, zero, -0x11
x10 <- 0xFFFFFFFFFFFFFFEF
mem[X,0x0000000080000614] -> 0x1593
mem[X,0x0000000080000616] -> 0x0125
[394] [M]: 0x0000000080000614 (0x01251593) slli a1, a0, 0x12
x11 <- 0xFFFFFFFFFFBC0000
mem[X,0x0000000080000618] -> 0xB823
mem[X,0x000000008000061A] -> 0x1AB2
[395] [M]: 0x0000000080000618 (0x1AB2B823) sd a1, 0x1b0(t0)
mem[0x0000000080003360] <- 0xFFFFFFFFFFBC0000
mem[X,0x000000008000061C] -> 0x0513
mem[X,0x000000008000061E] -> 0xFDF0
[396] [M]: 0x000000008000061C (0xFDF00513) addi a0, zero, -0x21
x10 <- 0xFFFFFFFFFFFFFFDF
mem[X,0x0000000080000620] -> 0x1593
mem[X,0x0000000080000622] -> 0x03F5
[397] [M]: 0x0000000080000620 (0x03F51593) slli a1, a0, 0x3f
x11 <- 0x8000000000000000
mem[X,0x0000000080000624] -> 0xBC23
mem[X,0x0000000080000626] -> 0x1AB2
[398] [M]: 0x0000000080000624 (0x1AB2BC23) sd a1, 0x1b8(t0)
mem[0x0000000080003368] <- 0x8000000000000000
mem[X,0x0000000080000628] -> 0x0513
mem[X,0x000000008000062A] -> 0xFBF0
[399] [M]: 0x0000000080000628 (0xFBF00513) addi a0, zero, -0x41
x10 <- 0xFFFFFFFFFFFFFFBF
clint::tick mtime <- 0x0000000000000004
 clint timer pending at mtime 0x0000000000000004
htif::tick 0x0000000000000000
mem[X,0x000000008000062C] -> 0x1593
mem[X,0x000000008000062E] -> 0x0135
[400] [M]: 0x000000008000062C (0x01351593) slli a1, a0, 0x13
x11 <- 0xFFFFFFFFFDF80000
mem[X,0x0000000080000630] -> 0xB023
mem[X,0x0000000080000632] -> 0x1CB2
[401] [M]: 0x0000000080000630 (0x1CB2B023) sd a1, 0x1c0(t0)
mem[0x0000000080003370] <- 0xFFFFFFFFFDF80000
mem[X,0x0000000080000634] -> 0x0513
mem[X,0x0000000080000636] -> 0xF7F0
[402] [M]: 0x0000000080000634 (0xF7F00513) addi a0, zero, -0x81
x10 <- 0xFFFFFFFFFFFFFF7F
mem[X,0x0000000080000638] -> 0x1593
mem[X,0x000000008000063A] -> 0x03B5
[403] [M]: 0x0000000080000638 (0x03B51593) slli a1, a0, 0x3b
x11 <- 0xF800000000000000
mem[X,0x000000008000063C] -> 0xB423
mem[X,0x000000008000063E] -> 0x1CB2
[404] [M]: 0x000000008000063C (0x1CB2B423) sd a1, 0x1c8(t0)
mem[0x0000000080003378] <- 0xF800000000000000
mem[X,0x0000000080000640] -> 0x0513
mem[X,0x0000000080000642] -> 0xDFF0
[405] [M]: 0x0000000080000640 (0xDFF00513) addi a0, zero, -0x201
x10 <- 0xFFFFFFFFFFFFFDFF
mem[X,0x0000000080000644] -> 0x1593
mem[X,0x0000000080000646] -> 0x0125
[406] [M]: 0x0000000080000644 (0x01251593) slli a1, a0, 0x12
x11 <- 0xFFFFFFFFF7FC0000
mem[X,0x0000000080000648] -> 0xB823
mem[X,0x000000008000064A] -> 0x1CB2
[407] [M]: 0x0000000080000648 (0x1CB2B823) sd a1, 0x1d0(t0)
mem[0x0000000080003380] <- 0xFFFFFFFFF7FC0000
mem[X,0x000000008000064C] -> 0x0513
mem[X,0x000000008000064E] -> 0xBFF0
[408] [M]: 0x000000008000064C (0xBFF00513) addi a0, zero, -0x401
x10 <- 0xFFFFFFFFFFFFFBFF
mem[X,0x0000000080000650] -> 0x1593
mem[X,0x0000000080000652] -> 0x03E5
[409] [M]: 0x0000000080000650 (0x03E51593) slli a1, a0, 0x3e
x11 <- 0xC000000000000000
mem[X,0x0000000080000654] -> 0xBC23
mem[X,0x0000000080000656] -> 0x1CB2
[410] [M]: 0x0000000080000654 (0x1CB2BC23) sd a1, 0x1d8(t0)
mem[0x0000000080003388] <- 0xC000000000000000
mem[X,0x0000000080000658] -> 0x0513
mem[X,0x000000008000065A] -> 0x0010
[411] [M]: 0x0000000080000658 (0x00100513) addi a0, zero, 0x1
x10 <- 0x0000000000000001
mem[X,0x000000008000065C] -> 0x1513
mem[X,0x000000008000065E] -> 0x00B5
[412] [M]: 0x000000008000065C (0x00B51513) slli a0, a0, 0xb
x10 <- 0x0000000000000800
mem[X,0x0000000080000660] -> 0x4513
mem[X,0x0000000080000662] -> 0xFFF5
[413] [M]: 0x0000000080000660 (0xFFF54513) xori a0, a0, -0x1
x10 <- 0xFFFFFFFFFFFFF7FF
mem[X,0x0000000080000664] -> 0x1593
mem[X,0x0000000080000666] -> 0x0015
[414] [M]: 0x0000000080000664 (0x00151593) slli a1, a0, 0x1
x11 <- 0xFFFFFFFFFFFFEFFE
mem[X,0x0000000080000668] -> 0xB023
mem[X,0x000000008000066A] -> 0x1EB2
[415] [M]: 0x0000000080000668 (0x1EB2B023) sd a1, 0x1e0(t0)
mem[0x0000000080003390] <- 0xFFFFFFFFFFFFEFFE
mem[X,0x000000008000066C] -> 0x0513
mem[X,0x000000008000066E] -> 0x0010
[416] [M]: 0x000000008000066C (0x00100513) addi a0, zero, 0x1
x10 <- 0x0000000000000001
mem[X,0x0000000080000670] -> 0x1513
mem[X,0x0000000080000672] -> 0x00C5
[417] [M]: 0x0000000080000670 (0x00C51513) slli a0, a0, 0xc
x10 <- 0x0000000000001000
mem[X,0x0000000080000674] -> 0x4513
mem[X,0x0000000080000676] -> 0xFFF5
[418] [M]: 0x0000000080000674 (0xFFF54513) xori a0, a0, -0x1
x10 <- 0xFFFFFFFFFFFFEFFF
mem[X,0x0000000080000678] -> 0x1593
mem[X,0x000000008000067A] -> 0x01F5
[419] [M]: 0x0000000080000678 (0x01F51593) slli a1, a0, 0x1f
x11 <- 0xFFFFF7FF80000000
mem[X,0x000000008000067C] -> 0xB423
mem[X,0x000000008000067E] -> 0x1EB2
[420] [M]: 0x000000008000067C (0x1EB2B423) sd a1, 0x1e8(t0)
mem[0x0000000080003398] <- 0xFFFFF7FF80000000
mem[X,0x0000000080000680] -> 0x0513
mem[X,0x0000000080000682] -> 0x0010
[421] [M]: 0x0000000080000680 (0x00100513) addi a0, zero, 0x1
x10 <- 0x0000000000000001
mem[X,0x0000000080000684] -> 0x1513
mem[X,0x0000000080000686] -> 0x00D5
[422] [M]: 0x0000000080000684 (0x00D51513) slli a0, a0, 0xd
x10 <- 0x0000000000002000
mem[X,0x0000000080000688] -> 0x4513
mem[X,0x000000008000068A] -> 0xFFF5
[423] [M]: 0x0000000080000688 (0xFFF54513) xori a0, a0, -0x1
x10 <- 0xFFFFFFFFFFFFDFFF
mem[X,0x000000008000068C] -> 0x1593
mem[X,0x000000008000068E] -> 0x0025
[424] [M]: 0x000000008000068C (0x00251593) slli a1, a0, 0x2
x11 <- 0xFFFFFFFFFFFF7FFC
mem[X,0x0000000080000690] -> 0xB823
mem[X,0x0000000080000692] -> 0x1EB2
[425] [M]: 0x0000000080000690 (0x1EB2B823) sd a1, 0x1f0(t0)
mem[0x00000000800033A0] <- 0xFFFFFFFFFFFF7FFC
mem[X,0x0000000080000694] -> 0x0513
mem[X,0x0000000080000696] -> 0x0010
[426] [M]: 0x0000000080000694 (0x00100513) addi a0, zero, 0x1
x10 <- 0x0000000000000001
mem[X,0x0000000080000698] -> 0x1513
mem[X,0x000000008000069A] -> 0x00E5
[427] [M]: 0x0000000080000698 (0x00E51513) slli a0, a0, 0xe
x10 <- 0x0000000000004000
mem[X,0x000000008000069C] -> 0x4513
mem[X,0x000000008000069E] -> 0xFFF5
[428] [M]: 0x000000008000069C (0xFFF54513) xori a0, a0, -0x1
x10 <- 0xFFFFFFFFFFFFBFFF
mem[X,0x00000000800006A0] -> 0x1593
mem[X,0x00000000800006A2] -> 0x00C5
[429] [M]: 0x00000000800006A0 (0x00C51593) slli a1, a0, 0xc
x11 <- 0xFFFFFFFFFBFFF000
mem[X,0x00000000800006A4] -> 0xBC23
mem[X,0x00000000800006A6] -> 0x1EB2
[430] [M]: 0x00000000800006A4 (0x1EB2BC23) sd a1, 0x1f8(t0)
mem[0x00000000800033A8] <- 0xFFFFFFFFFBFFF000
mem[X,0x00000000800006A8] -> 0x0513
mem[X,0x00000000800006AA] -> 0x0010
[431] [M]: 0x00000000800006A8 (0x00100513) addi a0, zero, 0x1
x10 <- 0x0000000000000001
mem[X,0x00000000800006AC] -> 0x1513
mem[X,0x00000000800006AE] -> 0x00F5
[432] [M]: 0x00000000800006AC (0x00F51513) slli a0, a0, 0xf
x10 <- 0x0000000000008000
mem[X,0x00000000800006B0] -> 0x4513
mem[X,0x00000000800006B2] -> 0xFFF5
[433] [M]: 0x00000000800006B0 (0xFFF54513) xori a0, a0, -0x1
x10 <- 0xFFFFFFFFFFFF7FFF
mem[X,0x00000000800006B4] -> 0x1593
mem[X,0x00000000800006B6] -> 0x00D5
[434] [M]: 0x00000000800006B4 (0x00D51593) slli a1, a0, 0xd
x11 <- 0xFFFFFFFFEFFFE000
mem[X,0x00000000800006B8] -> 0xB023
mem[X,0x00000000800006BA] -> 0x20B2
[435] [M]: 0x00000000800006B8 (0x20B2B023) sd a1, 0x200(t0)
mem[0x00000000800033B0] <- 0xFFFFFFFFEFFFE000
mem[X,0x00000000800006BC] -> 0x0513
mem[X,0x00000000800006BE] -> 0x0010
[436] [M]: 0x00000000800006BC (0x00100513) addi a0, zero, 0x1
x10 <- 0x0000000000000001
mem[X,0x00000000800006C0] -> 0x1513
mem[X,0x00000000800006C2] -> 0x0105
[437] [M]: 0x00000000800006C0 (0x01051513) slli a0, a0, 0x10
x10 <- 0x0000000000010000
mem[X,0x00000000800006C4] -> 0x4513
mem[X,0x00000000800006C6] -> 0xFFF5
[438] [M]: 0x00000000800006C4 (0xFFF54513) xori a0, a0, -0x1
x10 <- 0xFFFFFFFFFFFEFFFF
mem[X,0x00000000800006C8] -> 0x1593
mem[X,0x00000000800006CA] -> 0x0025
[439] [M]: 0x00000000800006C8 (0x00251593) slli a1, a0, 0x2
x11 <- 0xFFFFFFFFFFFBFFFC
mem[X,0x00000000800006CC] -> 0xB423
mem[X,0x00000000800006CE] -> 0x20B2
[440] [M]: 0x00000000800006CC (0x20B2B423) sd a1, 0x208(t0)
mem[0x00000000800033B8] <- 0xFFFFFFFFFFFBFFFC
mem[X,0x00000000800006D0] -> 0x0513
mem[X,0x00000000800006D2] -> 0x0010
[441] [M]: 0x00000000800006D0 (0x00100513) addi a0, zero, 0x1
x10 <- 0x0000000000000001
mem[X,0x00000000800006D4] -> 0x1513
mem[X,0x00000000800006D6] -> 0x0115
[442] [M]: 0x00000000800006D4 (0x01151513) slli a0, a0, 0x11
x10 <- 0x0000000000020000
mem[X,0x00000000800006D8] -> 0x4513
mem[X,0x00000000800006DA] -> 0xFFF5
[443] [M]: 0x00000000800006D8 (0xFFF54513) xori a0, a0, -0x1
x10 <- 0xFFFFFFFFFFFDFFFF
mem[X,0x00000000800006DC] -> 0x1593
mem[X,0x00000000800006DE] -> 0x03D5
[444] [M]: 0x00000000800006DC (0x03D51593) slli a1, a0, 0x3d
x11 <- 0xE000000000000000
mem[X,0x00000000800006E0] -> 0xB823
mem[X,0x00000000800006E2] -> 0x20B2
[445] [M]: 0x00000000800006E0 (0x20B2B823) sd a1, 0x210(t0)
mem[0x00000000800033C0] <- 0xE000000000000000
mem[X,0x00000000800006E4] -> 0x0513
mem[X,0x00000000800006E6] -> 0x0010
[446] [M]: 0x00000000800006E4 (0x00100513) addi a0, zero, 0x1
x10 <- 0x0000000000000001
mem[X,0x00000000800006E8] -> 0x1513
mem[X,0x00000000800006EA] -> 0x0125
[447] [M]: 0x00000000800006E8 (0x01251513) slli a0, a0, 0x12
x10 <- 0x0000000000040000
mem[X,0x00000000800006EC] -> 0x4513
mem[X,0x00000000800006EE] -> 0xFFF5
[448] [M]: 0x00000000800006EC (0xFFF54513) xori a0, a0, -0x1
x10 <- 0xFFFFFFFFFFFBFFFF
mem[X,0x00000000800006F0] -> 0x1593
mem[X,0x00000000800006F2] -> 0x03F5
[449] [M]: 0x00000000800006F0 (0x03F51593) slli a1, a0, 0x3f
x11 <- 0x8000000000000000
mem[X,0x00000000800006F4] -> 0xBC23
mem[X,0x00000000800006F6] -> 0x20B2
[450] [M]: 0x00000000800006F4 (0x20B2BC23) sd a1, 0x218(t0)
mem[0x00000000800033C8] <- 0x8000000000000000
mem[X,0x00000000800006F8] -> 0x0513
mem[X,0x00000000800006FA] -> 0x0010
[451] [M]: 0x00000000800006F8 (0x00100513) addi a0, zero, 0x1
x10 <- 0x0000000000000001
mem[X,0x00000000800006FC] -> 0x1513
mem[X,0x00000000800006FE] -> 0x0135
[452] [M]: 0x00000000800006FC (0x01351513) slli a0, a0, 0x13
x10 <- 0x0000000000080000
mem[X,0x0000000080000700] -> 0x4513
mem[X,0x0000000080000702] -> 0xFFF5
[453] [M]: 0x0000000080000700 (0xFFF54513) xori a0, a0, -0x1
x10 <- 0xFFFFFFFFFFF7FFFF
mem[X,0x0000000080000704] -> 0x1593
mem[X,0x0000000080000706] -> 0x00C5
[454] [M]: 0x0000000080000704 (0x00C51593) slli a1, a0, 0xc
x11 <- 0xFFFFFFFF7FFFF000
mem[X,0x0000000080000708] -> 0xB023
mem[X,0x000000008000070A] -> 0x22B2
[455] [M]: 0x0000000080000708 (0x22B2B023) sd a1, 0x220(t0)
mem[0x00000000800033D0] <- 0xFFFFFFFF7FFFF000
mem[X,0x000000008000070C] -> 0x0513
mem[X,0x000000008000070E] -> 0x0010
[456] [M]: 0x000000008000070C (0x00100513) addi a0, zero, 0x1
x10 <- 0x0000000000000001
mem[X,0x0000000080000710] -> 0x1513
mem[X,0x0000000080000712] -> 0x0145
[457] [M]: 0x0000000080000710 (0x01451513) slli a0, a0, 0x14
x10 <- 0x0000000000100000
mem[X,0x0000000080000714] -> 0x4513
mem[X,0x0000000080000716] -> 0xFFF5
[458] [M]: 0x0000000080000714 (0xFFF54513) xori a0, a0, -0x1
x10 <- 0xFFFFFFFFFFEFFFFF
mem[X,0x0000000080000718] -> 0x1593
mem[X,0x000000008000071A] -> 0x00E5
[459] [M]: 0x0000000080000718 (0x00E51593) slli a1, a0, 0xe
x11 <- 0xFFFFFFFBFFFFC000
mem[X,0x000000008000071C] -> 0xB423
mem[X,0x000000008000071E] -> 0x22B2
[460] [M]: 0x000000008000071C (0x22B2B423) sd a1, 0x228(t0)
mem[0x00000000800033D8] <- 0xFFFFFFFBFFFFC000
mem[X,0x0000000080000720] -> 0x0513
mem[X,0x0000000080000722] -> 0x0010
[461] [M]: 0x0000000080000720 (0x00100513) addi a0, zero, 0x1
x10 <- 0x0000000000000001
mem[X,0x0000000080000724] -> 0x1513
mem[X,0x0000000080000726] -> 0x0155
[462] [M]: 0x0000000080000724 (0x01551513) slli a0, a0, 0x15
x10 <- 0x0000000000200000
mem[X,0x0000000080000728] -> 0x4513
mem[X,0x000000008000072A] -> 0xFFF5
[463] [M]: 0x0000000080000728 (0xFFF54513) xori a0, a0, -0x1
x10 <- 0xFFFFFFFFFFDFFFFF
mem[X,0x000000008000072C] -> 0x1593
mem[X,0x000000008000072E] -> 0x03F5
[464] [M]: 0x000000008000072C (0x03F51593) slli a1, a0, 0x3f
x11 <- 0x8000000000000000
mem[X,0x0000000080000730] -> 0xB823
mem[X,0x0000000080000732] -> 0x22B2
[465] [M]: 0x0000000080000730 (0x22B2B823) sd a1, 0x230(t0)
mem[0x00000000800033E0] <- 0x8000000000000000
mem[X,0x0000000080000734] -> 0x0513
mem[X,0x0000000080000736] -> 0x0010
[466] [M]: 0x0000000080000734 (0x00100513) addi a0, zero, 0x1
x10 <- 0x0000000000000001
mem[X,0x0000000080000738] -> 0x1513
mem[X,0x000000008000073A] -> 0x0355
[467] [M]: 0x0000000080000738 (0x03551513) slli a0, a0, 0x35
x10 <- 0x0020000000000000
mem[X,0x000000008000073C] -> 0x4513
mem[X,0x000000008000073E] -> 0xFFF5
[468] [M]: 0x000000008000073C (0xFFF54513) xori a0, a0, -0x1
x10 <- 0xFFDFFFFFFFFFFFFF
mem[X,0x0000000080000740] -> 0x1593
mem[X,0x0000000080000742] -> 0x00F5
[469] [M]: 0x0000000080000740 (0x00F51593) slli a1, a0, 0xf
x11 <- 0xFFFFFFFFFFFF8000
mem[X,0x0000000080000744] -> 0xBC23
mem[X,0x0000000080000746] -> 0x22B2
[470] [M]: 0x0000000080000744 (0x22B2BC23) sd a1, 0x238(t0)
mem[0x00000000800033E8] <- 0xFFFFFFFFFFFF8000
mem[X,0x0000000080000748] -> 0x0513
mem[X,0x000000008000074A] -> 0x0010
[471] [M]: 0x0000000080000748 (0x00100513) addi a0, zero, 0x1
x10 <- 0x0000000000000001
mem[X,0x000000008000074C] -> 0x1513
mem[X,0x000000008000074E] -> 0x0365
[472] [M]: 0x000000008000074C (0x03651513) slli a0, a0, 0x36
x10 <- 0x0040000000000000
mem[X,0x0000000080000750] -> 0x4513
mem[X,0x0000000080000752] -> 0xFFF5
[473] [M]: 0x0000000080000750 (0xFFF54513) xori a0, a0, -0x1
x10 <- 0xFFBFFFFFFFFFFFFF
mem[X,0x0000000080000754] -> 0x1593
mem[X,0x0000000080000756] -> 0x03E5
[474] [M]: 0x0000000080000754 (0x03E51593) slli a1, a0, 0x3e
x11 <- 0xC000000000000000
mem[X,0x0000000080000758] -> 0xB023
mem[X,0x000000008000075A] -> 0x24B2
[475] [M]: 0x0000000080000758 (0x24B2B023) sd a1, 0x240(t0)
mem[0x00000000800033F0] <- 0xC000000000000000
mem[X,0x000000008000075C] -> 0x0513
mem[X,0x000000008000075E] -> 0x0010
[476] [M]: 0x000000008000075C (0x00100513) addi a0, zero, 0x1
x10 <- 0x0000000000000001
mem[X,0x0000000080000760] -> 0x1513
mem[X,0x0000000080000762] -> 0x0375
[477] [M]: 0x0000000080000760 (0x03751513) slli a0, a0, 0x37
x10 <- 0x0080000000000000
mem[X,0x0000000080000764] -> 0x4513
mem[X,0x0000000080000766] -> 0xFFF5
[478] [M]: 0x0000000080000764 (0xFFF54513) xori a0, a0, -0x1
x10 <- 0xFF7FFFFFFFFFFFFF
mem[X,0x0000000080000768] -> 0x1593
mem[X,0x000000008000076A] -> 0x0035
[479] [M]: 0x0000000080000768 (0x00351593) slli a1, a0, 0x3
x11 <- 0xFBFFFFFFFFFFFFF8
mem[X,0x000000008000076C] -> 0xB423
mem[X,0x000000008000076E] -> 0x24B2
[480] [M]: 0x000000008000076C (0x24B2B423) sd a1, 0x248(t0)
mem[0x00000000800033F8] <- 0xFBFFFFFFFFFFFFF8
mem[X,0x0000000080000770] -> 0x0513
mem[X,0x0000000080000772] -> 0x0010
[481] [M]: 0x0000000080000770 (0x00100513) addi a0, zero, 0x1
x10 <- 0x0000000000000001
mem[X,0x0000000080000774] -> 0x1513
mem[X,0x0000000080000776] -> 0x0385
[482] [M]: 0x0000000080000774 (0x03851513) slli a0, a0, 0x38
x10 <- 0x0100000000000000
mem[X,0x0000000080000778] -> 0x4513
mem[X,0x000000008000077A] -> 0xFFF5
[483] [M]: 0x0000000080000778 (0xFFF54513) xori a0, a0, -0x1
x10 <- 0xFEFFFFFFFFFFFFFF
mem[X,0x000000008000077C] -> 0x1593
mem[X,0x000000008000077E] -> 0x00C5
[484] [M]: 0x000000008000077C (0x00C51593) slli a1, a0, 0xc
x11 <- 0xFFFFFFFFFFFFF000
mem[X,0x0000000080000780] -> 0xB823
mem[X,0x0000000080000782] -> 0x24B2
[485] [M]: 0x0000000080000780 (0x24B2B823) sd a1, 0x250(t0)
mem[0x0000000080003400] <- 0xFFFFFFFFFFFFF000
mem[X,0x0000000080000784] -> 0x0513
mem[X,0x0000000080000786] -> 0x0010
[486] [M]: 0x0000000080000784 (0x00100513) addi a0, zero, 0x1
x10 <- 0x0000000000000001
mem[X,0x0000000080000788] -> 0x1513
mem[X,0x000000008000078A] -> 0x0395
[487] [M]: 0x0000000080000788 (0x03951513) slli a0, a0, 0x39
x10 <- 0x0200000000000000
mem[X,0x000000008000078C] -> 0x4513
mem[X,0x000000008000078E] -> 0xFFF5
[488] [M]: 0x000000008000078C (0xFFF54513) xori a0, a0, -0x1
x10 <- 0xFDFFFFFFFFFFFFFF
mem[X,0x0000000080000790] -> 0x1593
mem[X,0x0000000080000792] -> 0x0005
[489] [M]: 0x0000000080000790 (0x00051593) slli a1, a0, 0x0
x11 <- 0xFDFFFFFFFFFFFFFF
mem[X,0x0000000080000794] -> 0xBC23
mem[X,0x0000000080000796] -> 0x24B2
[490] [M]: 0x0000000080000794 (0x24B2BC23) sd a1, 0x258(t0)
mem[0x0000000080003408] <- 0xFDFFFFFFFFFFFFFF
mem[X,0x0000000080000798] -> 0x0513
mem[X,0x000000008000079A] -> 0x0010
[491] [M]: 0x0000000080000798 (0x00100513) addi a0, zero, 0x1
x10 <- 0x0000000000000001
mem[X,0x000000008000079C] -> 0x1513
mem[X,0x000000008000079E] -> 0x03A5
[492] [M]: 0x000000008000079C (0x03A51513) slli a0, a0, 0x3a
x10 <- 0x0400000000000000
mem[X,0x00000000800007A0] -> 0x4513
mem[X,0x00000000800007A2] -> 0xFFF5
[493] [M]: 0x00000000800007A0 (0xFFF54513) xori a0, a0, -0x1
x10 <- 0xFBFFFFFFFFFFFFFF
mem[X,0x00000000800007A4] -> 0x1593
mem[X,0x00000000800007A6] -> 0x0035
[494] [M]: 0x00000000800007A4 (0x00351593) slli a1, a0, 0x3
x11 <- 0xDFFFFFFFFFFFFFF8
mem[X,0x00000000800007A8] -> 0xB023
mem[X,0x00000000800007AA] -> 0x26B2
[495] [M]: 0x00000000800007A8 (0x26B2B023) sd a1, 0x260(t0)
mem[0x0000000080003410] <- 0xDFFFFFFFFFFFFFF8
mem[X,0x00000000800007AC] -> 0x0513
mem[X,0x00000000800007AE] -> 0x0010
[496] [M]: 0x00000000800007AC (0x00100513) addi a0, zero, 0x1
x10 <- 0x0000000000000001
mem[X,0x00000000800007B0] -> 0x1513
mem[X,0x00000000800007B2] -> 0x03B5
[497] [M]: 0x00000000800007B0 (0x03B51513) slli a0, a0, 0x3b
x10 <- 0x0800000000000000
mem[X,0x00000000800007B4] -> 0x4513
mem[X,0x00000000800007B6] -> 0xFFF5
[498] [M]: 0x00000000800007B4 (0xFFF54513) xori a0, a0, -0x1
x10 <- 0xF7FFFFFFFFFFFFFF
mem[X,0x00000000800007B8] -> 0x1593
mem[X,0x00000000800007BA] -> 0x0025
[499] [M]: 0x00000000800007B8 (0x00251593) slli a1, a0, 0x2
x11 <- 0xDFFFFFFFFFFFFFFC
clint::tick mtime <- 0x0000000000000005
 clint timer pending at mtime 0x0000000000000005
htif::tick 0x0000000000000000
mem[X,0x00000000800007BC] -> 0xB423
mem[X,0x00000000800007BE] -> 0x26B2
[500] [M]: 0x00000000800007BC (0x26B2B423) sd a1, 0x268(t0)
mem[0x0000000080003418] <- 0xDFFFFFFFFFFFFFFC
mem[X,0x00000000800007C0] -> 0x0513
mem[X,0x00000000800007C2] -> 0x0010
[501] [M]: 0x00000000800007C0 (0x00100513) addi a0, zero, 0x1
x10 <- 0x0000000000000001
mem[X,0x00000000800007C4] -> 0x1513
mem[X,0x00000000800007C6] -> 0x03C5
[502] [M]: 0x00000000800007C4 (0x03C51513) slli a0, a0, 0x3c
x10 <- 0x1000000000000000
mem[X,0x00000000800007C8] -> 0x4513
mem[X,0x00000000800007CA] -> 0xFFF5
[503] [M]: 0x00000000800007C8 (0xFFF54513) xori a0, a0, -0x1
x10 <- 0xEFFFFFFFFFFFFFFF
mem[X,0x00000000800007CC] -> 0x1593
mem[X,0x00000000800007CE] -> 0x0045
[504] [M]: 0x00000000800007CC (0x00451593) slli a1, a0, 0x4
x11 <- 0xFFFFFFFFFFFFFFF0
mem[X,0x00000000800007D0] -> 0xB823
mem[X,0x00000000800007D2] -> 0x26B2
[505] [M]: 0x00000000800007D0 (0x26B2B823) sd a1, 0x270(t0)
mem[0x0000000080003420] <- 0xFFFFFFFFFFFFFFF0
mem[X,0x00000000800007D4] -> 0x0513
mem[X,0x00000000800007D6] -> 0x0010
[506] [M]: 0x00000000800007D4 (0x00100513) addi a0, zero, 0x1
x10 <- 0x0000000000000001
mem[X,0x00000000800007D8] -> 0x1513
mem[X,0x00000000800007DA] -> 0x03D5
[507] [M]: 0x00000000800007D8 (0x03D51513) slli a0, a0, 0x3d
x10 <- 0x2000000000000000
mem[X,0x00000000800007DC] -> 0x4513
mem[X,0x00000000800007DE] -> 0xFFF5
[508] [M]: 0x00000000800007DC (0xFFF54513) xori a0, a0, -0x1
x10 <- 0xDFFFFFFFFFFFFFFF
mem[X,0x00000000800007E0] -> 0x1593
mem[X,0x00000000800007E2] -> 0x0105
[509] [M]: 0x00000000800007E0 (0x01051593) slli a1, a0, 0x10
x11 <- 0xFFFFFFFFFFFF0000
mem[X,0x00000000800007E4] -> 0xBC23
mem[X,0x00000000800007E6] -> 0x26B2
[510] [M]: 0x00000000800007E4 (0x26B2BC23) sd a1, 0x278(t0)
mem[0x0000000080003428] <- 0xFFFFFFFFFFFF0000
mem[X,0x00000000800007E8] -> 0x0513
mem[X,0x00000000800007EA] -> 0x0010
[511] [M]: 0x00000000800007E8 (0x00100513) addi a0, zero, 0x1
x10 <- 0x0000000000000001
mem[X,0x00000000800007EC] -> 0x1513
mem[X,0x00000000800007EE] -> 0x03E5
[512] [M]: 0x00000000800007EC (0x03E51513) slli a0, a0, 0x3e
x10 <- 0x4000000000000000
mem[X,0x00000000800007F0] -> 0x4513
mem[X,0x00000000800007F2] -> 0xFFF5
[513] [M]: 0x00000000800007F0 (0xFFF54513) xori a0, a0, -0x1
x10 <- 0xBFFFFFFFFFFFFFFF
mem[X,0x00000000800007F4] -> 0x1593
mem[X,0x00000000800007F6] -> 0x03E5
[514] [M]: 0x00000000800007F4 (0x03E51593) slli a1, a0, 0x3e
x11 <- 0xC000000000000000
mem[X,0x00000000800007F8] -> 0xB023
mem[X,0x00000000800007FA] -> 0x28B2
[515] [M]: 0x00000000800007F8 (0x28B2B023) sd a1, 0x280(t0)
mem[0x0000000080003430] <- 0xC000000000000000
mem[X,0x00000000800007FC] -> 0x5537
mem[X,0x00000000800007FE] -> 0x5555
[516] [M]: 0x00000000800007FC (0x55555537) lui a0, 0x55555
x10 <- 0x0000000055555000
mem[X,0x0000000080000800] -> 0x0513
mem[X,0x0000000080000802] -> 0x5555
[517] [M]: 0x0000000080000800 (0x55550513) addi a0, a0, 0x555
x10 <- 0x0000000055555555
mem[X,0x0000000080000804] -> 0x1513
mem[X,0x0000000080000806] -> 0x00B5
[518] [M]: 0x0000000080000804 (0x00B51513) slli a0, a0, 0xb
x10 <- 0x000002AAAAAAA800
mem[X,0x0000000080000808] -> 0x0513
mem[X,0x000000008000080A] -> 0x2AA5
[519] [M]: 0x0000000080000808 (0x2AA50513) addi a0, a0, 0x2aa
x10 <- 0x000002AAAAAAAAAA
mem[X,0x000000008000080C] -> 0x1513
mem[X,0x000000008000080E] -> 0x00B5
[520] [M]: 0x000000008000080C (0x00B51513) slli a0, a0, 0xb
x10 <- 0x0015555555555000
mem[X,0x0000000080000810] -> 0x0513
mem[X,0x0000000080000812] -> 0x5555
[521] [M]: 0x0000000080000810 (0x55550513) addi a0, a0, 0x555
x10 <- 0x0015555555555555
mem[X,0x0000000080000814] -> 0x1513
mem[X,0x0000000080000816] -> 0x00A5
[522] [M]: 0x0000000080000814 (0x00A51513) slli a0, a0, 0xa
x10 <- 0x5555555555555400
mem[X,0x0000000080000818] -> 0x0513
mem[X,0x000000008000081A] -> 0x1555
[523] [M]: 0x0000000080000818 (0x15550513) addi a0, a0, 0x155
x10 <- 0x5555555555555555
mem[X,0x000000008000081C] -> 0x1593
mem[X,0x000000008000081E] -> 0x0025
[524] [M]: 0x000000008000081C (0x00251593) slli a1, a0, 0x2
x11 <- 0x5555555555555554
mem[X,0x0000000080000820] -> 0xB423
mem[X,0x0000000080000822] -> 0x28B2
[525] [M]: 0x0000000080000820 (0x28B2B423) sd a1, 0x288(t0)
mem[0x0000000080003438] <- 0x5555555555555554
mem[X,0x0000000080000824] -> 0xB537
mem[X,0x0000000080000826] -> 0xAAAA
[526] [M]: 0x0000000080000824 (0xAAAAB537) lui a0, -0x55555
x10 <- 0xFFFFFFFFAAAAB000
mem[X,0x0000000080000828] -> 0x0513
mem[X,0x000000008000082A] -> 0xAAA5
[527] [M]: 0x0000000080000828 (0xAAA50513) addi a0, a0, -0x556
x10 <- 0xFFFFFFFFAAAAAAAA
mem[X,0x000000008000082C] -> 0x1513
mem[X,0x000000008000082E] -> 0x00B5
[528] [M]: 0x000000008000082C (0x00B51513) slli a0, a0, 0xb
x10 <- 0xFFFFFD5555555000
mem[X,0x0000000080000830] -> 0x0513
mem[X,0x0000000080000832] -> 0x5555
[529] [M]: 0x0000000080000830 (0x55550513) addi a0, a0, 0x555
x10 <- 0xFFFFFD5555555555
mem[X,0x0000000080000834] -> 0x1513
mem[X,0x0000000080000836] -> 0x00B5
[530] [M]: 0x0000000080000834 (0x00B51513) slli a0, a0, 0xb
x10 <- 0xFFEAAAAAAAAAA800
mem[X,0x0000000080000838] -> 0x0513
mem[X,0x000000008000083A] -> 0x2AA5
[531] [M]: 0x0000000080000838 (0x2AA50513) addi a0, a0, 0x2aa
x10 <- 0xFFEAAAAAAAAAAAAA
mem[X,0x000000008000083C] -> 0x1513
mem[X,0x000000008000083E] -> 0x00A5
[532] [M]: 0x000000008000083C (0x00A51513) slli a0, a0, 0xa
x10 <- 0xAAAAAAAAAAAAA800
mem[X,0x0000000080000840] -> 0x0513
mem[X,0x0000000080000842] -> 0x2AA5
[533] [M]: 0x0000000080000840 (0x2AA50513) addi a0, a0, 0x2aa
x10 <- 0xAAAAAAAAAAAAAAAA
mem[X,0x0000000080000844] -> 0x1593
mem[X,0x0000000080000846] -> 0x0025
[534] [M]: 0x0000000080000844 (0x00251593) slli a1, a0, 0x2
x11 <- 0xAAAAAAAAAAAAAAA8
mem[X,0x0000000080000848] -> 0xB823
mem[X,0x000000008000084A] -> 0x28B2
[535] [M]: 0x0000000080000848 (0x28B2B823) sd a1, 0x290(t0)
mem[0x0000000080003440] <- 0xAAAAAAAAAAAAAAA8
mem[X,0x000000008000084C] -> 0x0513
mem[X,0x000000008000084E] -> 0x0030
[536] [M]: 0x000000008000084C (0x00300513) addi a0, zero, 0x3
x10 <- 0x0000000000000003
mem[X,0x0000000080000850] -> 0x1593
mem[X,0x0000000080000852] -> 0x0105
[537] [M]: 0x0000000080000850 (0x01051593) slli a1, a0, 0x10
x11 <- 0x0000000000030000
mem[X,0x0000000080000854] -> 0xBC23
mem[X,0x0000000080000856] -> 0x28B2
[538] [M]: 0x0000000080000854 (0x28B2BC23) sd a1, 0x298(t0)
mem[0x0000000080003448] <- 0x0000000000030000
mem[X,0x0000000080000858] -> 0x0513
mem[X,0x000000008000085A] -> 0x0050
[539] [M]: 0x0000000080000858 (0x00500513) addi a0, zero, 0x5
x10 <- 0x0000000000000005
mem[X,0x000000008000085C] -> 0x1593
mem[X,0x000000008000085E] -> 0x03B5
[540] [M]: 0x000000008000085C (0x03B51593) slli a1, a0, 0x3b
x11 <- 0x2800000000000000
mem[X,0x0000000080000860] -> 0xB023
mem[X,0x0000000080000862] -> 0x2AB2
[541] [M]: 0x0000000080000860 (0x2AB2B023) sd a1, 0x2a0(t0)
mem[0x0000000080003450] <- 0x2800000000000000
mem[X,0x0000000080000864] -> 0x3537
mem[X,0x0000000080000866] -> 0x3333
[542] [M]: 0x0000000080000864 (0x33333537) lui a0, 0x33333
x10 <- 0x0000000033333000
mem[X,0x0000000080000868] -> 0x0513
mem[X,0x000000008000086A] -> 0x3335
[543] [M]: 0x0000000080000868 (0x33350513) addi a0, a0, 0x333
x10 <- 0x0000000033333333
mem[X,0x000000008000086C] -> 0x1513
mem[X,0x000000008000086E] -> 0x00B5
[544] [M]: 0x000000008000086C (0x00B51513) slli a0, a0, 0xb
x10 <- 0x0000019999999800
mem[X,0x0000000080000870] -> 0x0513
mem[X,0x0000000080000872] -> 0x1995
[545] [M]: 0x0000000080000870 (0x19950513) addi a0, a0, 0x199
x10 <- 0x0000019999999999
mem[X,0x0000000080000874] -> 0x1513
mem[X,0x0000000080000876] -> 0x00B5
[546] [M]: 0x0000000080000874 (0x00B51513) slli a0, a0, 0xb
x10 <- 0x000CCCCCCCCCC800
mem[X,0x0000000080000878] -> 0x0513
mem[X,0x000000008000087A] -> 0x4CC5
[547] [M]: 0x0000000080000878 (0x4CC50513) addi a0, a0, 0x4cc
x10 <- 0x000CCCCCCCCCCCCC
mem[X,0x000000008000087C] -> 0x1513
mem[X,0x000000008000087E] -> 0x00A5
[548] [M]: 0x000000008000087C (0x00A51513) slli a0, a0, 0xa
x10 <- 0x3333333333333000
mem[X,0x0000000080000880] -> 0x0513
mem[X,0x0000000080000882] -> 0x3335
[549] [M]: 0x0000000080000880 (0x33350513) addi a0, a0, 0x333
x10 <- 0x3333333333333333
mem[X,0x0000000080000884] -> 0x1593
mem[X,0x0000000080000886] -> 0x02A5
[550] [M]: 0x0000000080000884 (0x02A51593) slli a1, a0, 0x2a
x11 <- 0xCCCCCC0000000000
mem[X,0x0000000080000888] -> 0xB423
mem[X,0x000000008000088A] -> 0x2AB2
[551] [M]: 0x0000000080000888 (0x2AB2B423) sd a1, 0x2a8(t0)
mem[0x0000000080003458] <- 0xCCCCCC0000000000
mem[X,0x000000008000088C] -> 0x6537
mem[X,0x000000008000088E] -> 0x6666
[552] [M]: 0x000000008000088C (0x66666537) lui a0, 0x66666
x10 <- 0x0000000066666000
mem[X,0x0000000080000890] -> 0x0513
mem[X,0x0000000080000892] -> 0x6665
[553] [M]: 0x0000000080000890 (0x66650513) addi a0, a0, 0x666
x10 <- 0x0000000066666666
mem[X,0x0000000080000894] -> 0x1513
mem[X,0x0000000080000896] -> 0x00B5
[554] [M]: 0x0000000080000894 (0x00B51513) slli a0, a0, 0xb
x10 <- 0x0000033333333000
mem[X,0x0000000080000898] -> 0x0513
mem[X,0x000000008000089A] -> 0x3335
[555] [M]: 0x0000000080000898 (0x33350513) addi a0, a0, 0x333
x10 <- 0x0000033333333333
mem[X,0x000000008000089C] -> 0x1513
mem[X,0x000000008000089E] -> 0x00B5
[556] [M]: 0x000000008000089C (0x00B51513) slli a0, a0, 0xb
x10 <- 0x0019999999999800
mem[X,0x00000000800008A0] -> 0x0513
mem[X,0x00000000800008A2] -> 0x1995
[557] [M]: 0x00000000800008A0 (0x19950513) addi a0, a0, 0x199
x10 <- 0x0019999999999999
mem[X,0x00000000800008A4] -> 0x1513
mem[X,0x00000000800008A6] -> 0x00A5
[558] [M]: 0x00000000800008A4 (0x00A51513) slli a0, a0, 0xa
x10 <- 0x6666666666666400
mem[X,0x00000000800008A8] -> 0x0513
mem[X,0x00000000800008AA] -> 0x2665
[559] [M]: 0x00000000800008A8 (0x26650513) addi a0, a0, 0x266
x10 <- 0x6666666666666666
mem[X,0x00000000800008AC] -> 0x1593
mem[X,0x00000000800008AE] -> 0x00A5
[560] [M]: 0x00000000800008AC (0x00A51593) slli a1, a0, 0xa
x11 <- 0x9999999999999800
mem[X,0x00000000800008B0] -> 0xB823
mem[X,0x00000000800008B2] -> 0x2AB2
[561] [M]: 0x00000000800008B0 (0x2AB2B823) sd a1, 0x2b0(t0)
mem[0x0000000080003460] <- 0x9999999999999800
mem[X,0x00000000800008B4] -> 0x0537
mem[X,0x00000000800008B6] -> 0x0000
[562] [M]: 0x00000000800008B4 (0x00000537) lui a0, 0x0
x10 <- 0x0000000000000000
mem[X,0x00000000800008B8] -> 0x0513
mem[X,0x00000000800008BA] -> 0xFFF5
[563] [M]: 0x00000000800008B8 (0xFFF50513) addi a0, a0, -0x1
x10 <- 0xFFFFFFFFFFFFFFFF
mem[X,0x00000000800008BC] -> 0x1513
mem[X,0x00000000800008BE] -> 0x00B5
[564] [M]: 0x00000000800008BC (0x00B51513) slli a0, a0, 0xb
x10 <- 0xFFFFFFFFFFFFF800
mem[X,0x00000000800008C0] -> 0x0513
mem[X,0x00000000800008C2] -> 0x2575
[565] [M]: 0x00000000800008C0 (0x25750513) addi a0, a0, 0x257
x10 <- 0xFFFFFFFFFFFFFA57
mem[X,0x00000000800008C4] -> 0x1513
mem[X,0x00000000800008C6] -> 0x00B5
[566] [M]: 0x00000000800008C4 (0x00B51513) slli a0, a0, 0xb
x10 <- 0xFFFFFFFFFFD2B800
mem[X,0x00000000800008C8] -> 0x0513
mem[X,0x00000000800008CA] -> 0x6C35
[567] [M]: 0x00000000800008C8 (0x6C350513) addi a0, a0, 0x6c3
x10 <- 0xFFFFFFFFFFD2BEC3
mem[X,0x00000000800008CC] -> 0x1513
mem[X,0x00000000800008CE] -> 0x00A5
[568] [M]: 0x00000000800008CC (0x00A51513) slli a0, a0, 0xa
x10 <- 0xFFFFFFFF4AFB0C00
mem[X,0x00000000800008D0] -> 0x0513
mem[X,0x00000000800008D2] -> 0x0CD5
[569] [M]: 0x00000000800008D0 (0x0CD50513) addi a0, a0, 0xcd
x10 <- 0xFFFFFFFF4AFB0CCD
mem[X,0x00000000800008D4] -> 0x1593
mem[X,0x00000000800008D6] -> 0x03B5
[570] [M]: 0x00000000800008D4 (0x03B51593) slli a1, a0, 0x3b
x11 <- 0x6800000000000000
mem[X,0x00000000800008D8] -> 0xBC23
mem[X,0x00000000800008DA] -> 0x2AB2
[571] [M]: 0x00000000800008D8 (0x2AB2BC23) sd a1, 0x2b8(t0)
mem[0x0000000080003468] <- 0x6800000000000000
mem[X,0x00000000800008DC] -> 0x0537
mem[X,0x00000000800008DE] -> 0x0000
[572] [M]: 0x00000000800008DC (0x00000537) lui a0, 0x0
x10 <- 0x0000000000000000
mem[X,0x00000000800008E0] -> 0x0513
mem[X,0x00000000800008E2] -> 0x0005
[573] [M]: 0x00000000800008E0 (0x00050513) addi a0, a0, 0x0
x10 <- 0x0000000000000000
mem[X,0x00000000800008E4] -> 0x1513
mem[X,0x00000000800008E6] -> 0x00B5
[574] [M]: 0x00000000800008E4 (0x00B51513) slli a0, a0, 0xb
x10 <- 0x0000000000000000
mem[X,0x00000000800008E8] -> 0x0513
mem[X,0x00000000800008EA] -> 0x5A85
[575] [M]: 0x00000000800008E8 (0x5A850513) addi a0, a0, 0x5a8
x10 <- 0x00000000000005A8
mem[X,0x00000000800008EC] -> 0x1513
mem[X,0x00000000800008EE] -> 0x00B5
[576] [M]: 0x00000000800008EC (0x00B51513) slli a0, a0, 0xb
x10 <- 0x00000000002D4000
mem[X,0x00000000800008F0] -> 0x0513
mem[X,0x00000000800008F2] -> 0x13C5
[577] [M]: 0x00000000800008F0 (0x13C50513) addi a0, a0, 0x13c
x10 <- 0x00000000002D413C
mem[X,0x00000000800008F4] -> 0x1513
mem[X,0x00000000800008F6] -> 0x00A5
[578] [M]: 0x00000000800008F4 (0x00A51513) slli a0, a0, 0xa
x10 <- 0x00000000B504F000
mem[X,0x00000000800008F8] -> 0x0513
mem[X,0x00000000800008FA] -> 0x3335
[579] [M]: 0x00000000800008F8 (0x33350513) addi a0, a0, 0x333
x10 <- 0x00000000B504F333
mem[X,0x00000000800008FC] -> 0x1593
mem[X,0x00000000800008FE] -> 0x0095
[580] [M]: 0x00000000800008FC (0x00951593) slli a1, a0, 0x9
x11 <- 0x0000016A09E66600
mem[X,0x0000000080000900] -> 0xB023
mem[X,0x0000000080000902] -> 0x2CB2
[581] [M]: 0x0000000080000900 (0x2CB2B023) sd a1, 0x2c0(t0)
mem[0x0000000080003470] <- 0x0000016A09E66600
mem[X,0x0000000080000904] -> 0x5537
mem[X,0x0000000080000906] -> 0x5555
[582] [M]: 0x0000000080000904 (0x55555537) lui a0, 0x55555
x10 <- 0x0000000055555000
mem[X,0x0000000080000908] -> 0x0513
mem[X,0x000000008000090A] -> 0x5555
[583] [M]: 0x0000000080000908 (0x55550513) addi a0, a0, 0x555
x10 <- 0x0000000055555555
mem[X,0x000000008000090C] -> 0x1513
mem[X,0x000000008000090E] -> 0x00B5
[584] [M]: 0x000000008000090C (0x00B51513) slli a0, a0, 0xb
x10 <- 0x000002AAAAAAA800
mem[X,0x0000000080000910] -> 0x0513
mem[X,0x0000000080000912] -> 0x2AA5
[585] [M]: 0x0000000080000910 (0x2AA50513) addi a0, a0, 0x2aa
x10 <- 0x000002AAAAAAAAAA
mem[X,0x0000000080000914] -> 0x1513
mem[X,0x0000000080000916] -> 0x00B5
[586] [M]: 0x0000000080000914 (0x00B51513) slli a0, a0, 0xb
x10 <- 0x0015555555555000
mem[X,0x0000000080000918] -> 0x0513
mem[X,0x000000008000091A] -> 0x5555
[587] [M]: 0x0000000080000918 (0x55550513) addi a0, a0, 0x555
x10 <- 0x0015555555555555
mem[X,0x000000008000091C] -> 0x1513
mem[X,0x000000008000091E] -> 0x00A5
[588] [M]: 0x000000008000091C (0x00A51513) slli a0, a0, 0xa
x10 <- 0x5555555555555400
mem[X,0x0000000080000920] -> 0x0513
mem[X,0x0000000080000922] -> 0x1545
[589] [M]: 0x0000000080000920 (0x15450513) addi a0, a0, 0x154
x10 <- 0x5555555555555554
mem[X,0x0000000080000924] -> 0x1593
mem[X,0x0000000080000926] -> 0x0105
[590] [M]: 0x0000000080000924 (0x01051593) slli a1, a0, 0x10
x11 <- 0x5555555555540000
mem[X,0x0000000080000928] -> 0xB423
mem[X,0x000000008000092A] -> 0x2CB2
[591] [M]: 0x0000000080000928 (0x2CB2B423) sd a1, 0x2c8(t0)
mem[0x0000000080003478] <- 0x5555555555540000
mem[X,0x000000008000092C] -> 0x3537
mem[X,0x000000008000092E] -> 0x3333
[592] [M]: 0x000000008000092C (0x33333537) lui a0, 0x33333
x10 <- 0x0000000033333000
mem[X,0x0000000080000930] -> 0x0513
mem[X,0x0000000080000932] -> 0x3335
[593] [M]: 0x0000000080000930 (0x33350513) addi a0, a0, 0x333
x10 <- 0x0000000033333333
mem[X,0x0000000080000934] -> 0x1513
mem[X,0x0000000080000936] -> 0x00B5
[594] [M]: 0x0000000080000934 (0x00B51513) slli a0, a0, 0xb
x10 <- 0x0000019999999800
mem[X,0x0000000080000938] -> 0x0513
mem[X,0x000000008000093A] -> 0x1995
[595] [M]: 0x0000000080000938 (0x19950513) addi a0, a0, 0x199
x10 <- 0x0000019999999999
mem[X,0x000000008000093C] -> 0x1513
mem[X,0x000000008000093E] -> 0x00B5
[596] [M]: 0x000000008000093C (0x00B51513) slli a0, a0, 0xb
x10 <- 0x000CCCCCCCCCC800
mem[X,0x0000000080000940] -> 0x0513
mem[X,0x0000000080000942] -> 0x4CC5
[597] [M]: 0x0000000080000940 (0x4CC50513) addi a0, a0, 0x4cc
x10 <- 0x000CCCCCCCCCCCCC
mem[X,0x0000000080000944] -> 0x1513
mem[X,0x0000000080000946] -> 0x00A5
[598] [M]: 0x0000000080000944 (0x00A51513) slli a0, a0, 0xa
x10 <- 0x3333333333333000
mem[X,0x0000000080000948] -> 0x0513
mem[X,0x000000008000094A] -> 0x3325
[599] [M]: 0x0000000080000948 (0x33250513) addi a0, a0, 0x332
x10 <- 0x3333333333333332
clint::tick mtime <- 0x0000000000000006
 clint timer pending at mtime 0x0000000000000006
htif::tick 0x0000000000000000
mem[X,0x000000008000094C] -> 0x1593
mem[X,0x000000008000094E] -> 0x0375
[600] [M]: 0x000000008000094C (0x03751593) slli a1, a0, 0x37
x11 <- 0x9900000000000000
mem[X,0x0000000080000950] -> 0xB823
mem[X,0x0000000080000952] -> 0x2CB2
[601] [M]: 0x0000000080000950 (0x2CB2B823) sd a1, 0x2d0(t0)
mem[0x0000000080003480] <- 0x9900000000000000
mem[X,0x0000000080000954] -> 0x6537
mem[X,0x0000000080000956] -> 0x6666
[602] [M]: 0x0000000080000954 (0x66666537) lui a0, 0x66666
x10 <- 0x0000000066666000
mem[X,0x0000000080000958] -> 0x0513
mem[X,0x000000008000095A] -> 0x6665
[603] [M]: 0x0000000080000958 (0x66650513) addi a0, a0, 0x666
x10 <- 0x0000000066666666
mem[X,0x000000008000095C] -> 0x1513
mem[X,0x000000008000095E] -> 0x00B5
[604] [M]: 0x000000008000095C (0x00B51513) slli a0, a0, 0xb
x10 <- 0x0000033333333000
mem[X,0x0000000080000960] -> 0x0513
mem[X,0x0000000080000962] -> 0x3335
[605] [M]: 0x0000000080000960 (0x33350513) addi a0, a0, 0x333
x10 <- 0x0000033333333333
mem[X,0x0000000080000964] -> 0x1513
mem[X,0x0000000080000966] -> 0x00B5
[606] [M]: 0x0000000080000964 (0x00B51513) slli a0, a0, 0xb
x10 <- 0x0019999999999800
mem[X,0x0000000080000968] -> 0x0513
mem[X,0x000000008000096A] -> 0x1995
[607] [M]: 0x0000000080000968 (0x19950513) addi a0, a0, 0x199
x10 <- 0x0019999999999999
mem[X,0x000000008000096C] -> 0x1513
mem[X,0x000000008000096E] -> 0x00A5
[608] [M]: 0x000000008000096C (0x00A51513) slli a0, a0, 0xa
x10 <- 0x6666666666666400
mem[X,0x0000000080000970] -> 0x0513
mem[X,0x0000000080000972] -> 0x2655
[609] [M]: 0x0000000080000970 (0x26550513) addi a0, a0, 0x265
x10 <- 0x6666666666666665
mem[X,0x0000000080000974] -> 0x1593
mem[X,0x0000000080000976] -> 0x03E5
[610] [M]: 0x0000000080000974 (0x03E51593) slli a1, a0, 0x3e
x11 <- 0x4000000000000000
mem[X,0x0000000080000978] -> 0xBC23
mem[X,0x000000008000097A] -> 0x2CB2
[611] [M]: 0x0000000080000978 (0x2CB2BC23) sd a1, 0x2d8(t0)
mem[0x0000000080003488] <- 0x4000000000000000
mem[X,0x000000008000097C] -> 0x0537
mem[X,0x000000008000097E] -> 0x0000
[612] [M]: 0x000000008000097C (0x00000537) lui a0, 0x0
x10 <- 0x0000000000000000
mem[X,0x0000000080000980] -> 0x0513
mem[X,0x0000000080000982] -> 0x0005
[613] [M]: 0x0000000080000980 (0x00050513) addi a0, a0, 0x0
x10 <- 0x0000000000000000
mem[X,0x0000000080000984] -> 0x1513
mem[X,0x0000000080000986] -> 0x00B5
[614] [M]: 0x0000000080000984 (0x00B51513) slli a0, a0, 0xb
x10 <- 0x0000000000000000
mem[X,0x0000000080000988] -> 0x0513
mem[X,0x000000008000098A] -> 0x5A85
[615] [M]: 0x0000000080000988 (0x5A850513) addi a0, a0, 0x5a8
x10 <- 0x00000000000005A8
mem[X,0x000000008000098C] -> 0x1513
mem[X,0x000000008000098E] -> 0x00B5
[616] [M]: 0x000000008000098C (0x00B51513) slli a0, a0, 0xb
x10 <- 0x00000000002D4000
mem[X,0x0000000080000990] -> 0x0513
mem[X,0x0000000080000992] -> 0x13C5
[617] [M]: 0x0000000080000990 (0x13C50513) addi a0, a0, 0x13c
x10 <- 0x00000000002D413C
mem[X,0x0000000080000994] -> 0x1513
mem[X,0x0000000080000996] -> 0x00A5
[618] [M]: 0x0000000080000994 (0x00A51513) slli a0, a0, 0xa
x10 <- 0x00000000B504F000
mem[X,0x0000000080000998] -> 0x0513
mem[X,0x000000008000099A] -> 0x3325
[619] [M]: 0x0000000080000998 (0x33250513) addi a0, a0, 0x332
x10 <- 0x00000000B504F332
mem[X,0x000000008000099C] -> 0x1593
mem[X,0x000000008000099E] -> 0x0135
[620] [M]: 0x000000008000099C (0x01351593) slli a1, a0, 0x13
x11 <- 0x0005A82799900000
mem[X,0x00000000800009A0] -> 0xB023
mem[X,0x00000000800009A2] -> 0x2EB2
[621] [M]: 0x00000000800009A0 (0x2EB2B023) sd a1, 0x2e0(t0)
mem[0x0000000080003490] <- 0x0005A82799900000
mem[X,0x00000000800009A4] -> 0x5537
mem[X,0x00000000800009A6] -> 0x5555
[622] [M]: 0x00000000800009A4 (0x55555537) lui a0, 0x55555
x10 <- 0x0000000055555000
mem[X,0x00000000800009A8] -> 0x0513
mem[X,0x00000000800009AA] -> 0x5555
[623] [M]: 0x00000000800009A8 (0x55550513) addi a0, a0, 0x555
x10 <- 0x0000000055555555
mem[X,0x00000000800009AC] -> 0x1513
mem[X,0x00000000800009AE] -> 0x00B5
[624] [M]: 0x00000000800009AC (0x00B51513) slli a0, a0, 0xb
x10 <- 0x000002AAAAAAA800
mem[X,0x00000000800009B0] -> 0x0513
mem[X,0x00000000800009B2] -> 0x2AA5
[625] [M]: 0x00000000800009B0 (0x2AA50513) addi a0, a0, 0x2aa
x10 <- 0x000002AAAAAAAAAA
mem[X,0x00000000800009B4] -> 0x1513
mem[X,0x00000000800009B6] -> 0x00B5
[626] [M]: 0x00000000800009B4 (0x00B51513) slli a0, a0, 0xb
x10 <- 0x0015555555555000
mem[X,0x00000000800009B8] -> 0x0513
mem[X,0x00000000800009BA] -> 0x5555
[627] [M]: 0x00000000800009B8 (0x55550513) addi a0, a0, 0x555
x10 <- 0x0015555555555555
mem[X,0x00000000800009BC] -> 0x1513
mem[X,0x00000000800009BE] -> 0x00A5
[628] [M]: 0x00000000800009BC (0x00A51513) slli a0, a0, 0xa
x10 <- 0x5555555555555400
mem[X,0x00000000800009C0] -> 0x0513
mem[X,0x00000000800009C2] -> 0x1565
[629] [M]: 0x00000000800009C0 (0x15650513) addi a0, a0, 0x156
x10 <- 0x5555555555555556
mem[X,0x00000000800009C4] -> 0x1593
mem[X,0x00000000800009C6] -> 0x0125
[630] [M]: 0x00000000800009C4 (0x01251593) slli a1, a0, 0x12
x11 <- 0x5555555555580000
mem[X,0x00000000800009C8] -> 0xB423
mem[X,0x00000000800009CA] -> 0x2EB2
[631] [M]: 0x00000000800009C8 (0x2EB2B423) sd a1, 0x2e8(t0)
mem[0x0000000080003498] <- 0x5555555555580000
mem[X,0x00000000800009CC] -> 0xB537
mem[X,0x00000000800009CE] -> 0xAAAA
[632] [M]: 0x00000000800009CC (0xAAAAB537) lui a0, -0x55555
x10 <- 0xFFFFFFFFAAAAB000
mem[X,0x00000000800009D0] -> 0x0513
mem[X,0x00000000800009D2] -> 0xAAA5
[633] [M]: 0x00000000800009D0 (0xAAA50513) addi a0, a0, -0x556
x10 <- 0xFFFFFFFFAAAAAAAA
mem[X,0x00000000800009D4] -> 0x1513
mem[X,0x00000000800009D6] -> 0x00B5
[634] [M]: 0x00000000800009D4 (0x00B51513) slli a0, a0, 0xb
x10 <- 0xFFFFFD5555555000
mem[X,0x00000000800009D8] -> 0x0513
mem[X,0x00000000800009DA] -> 0x5555
[635] [M]: 0x00000000800009D8 (0x55550513) addi a0, a0, 0x555
x10 <- 0xFFFFFD5555555555
mem[X,0x00000000800009DC] -> 0x1513
mem[X,0x00000000800009DE] -> 0x00B5
[636] [M]: 0x00000000800009DC (0x00B51513) slli a0, a0, 0xb
x10 <- 0xFFEAAAAAAAAAA800
mem[X,0x00000000800009E0] -> 0x0513
mem[X,0x00000000800009E2] -> 0x2AA5
[637] [M]: 0x00000000800009E0 (0x2AA50513) addi a0, a0, 0x2aa
x10 <- 0xFFEAAAAAAAAAAAAA
mem[X,0x00000000800009E4] -> 0x1513
mem[X,0x00000000800009E6] -> 0x00A5
[638] [M]: 0x00000000800009E4 (0x00A51513) slli a0, a0, 0xa
x10 <- 0xAAAAAAAAAAAAA800
mem[X,0x00000000800009E8] -> 0x0513
mem[X,0x00000000800009EA] -> 0x2AB5
[639] [M]: 0x00000000800009E8 (0x2AB50513) addi a0, a0, 0x2ab
x10 <- 0xAAAAAAAAAAAAAAAB
mem[X,0x00000000800009EC] -> 0x1593
mem[X,0x00000000800009EE] -> 0x00F5
[640] [M]: 0x00000000800009EC (0x00F51593) slli a1, a0, 0xf
x11 <- 0x5555555555558000
mem[X,0x00000000800009F0] -> 0xB823
mem[X,0x00000000800009F2] -> 0x2EB2
[641] [M]: 0x00000000800009F0 (0x2EB2B823) sd a1, 0x2f0(t0)
mem[0x00000000800034A0] <- 0x5555555555558000
mem[X,0x00000000800009F4] -> 0x0513
mem[X,0x00000000800009F6] -> 0x0060
[642] [M]: 0x00000000800009F4 (0x00600513) addi a0, zero, 0x6
x10 <- 0x0000000000000006
mem[X,0x00000000800009F8] -> 0x1593
mem[X,0x00000000800009FA] -> 0x0075
[643] [M]: 0x00000000800009F8 (0x00751593) slli a1, a0, 0x7
x11 <- 0x0000000000000300
mem[X,0x00000000800009FC] -> 0xBC23
mem[X,0x00000000800009FE] -> 0x2EB2
[644] [M]: 0x00000000800009FC (0x2EB2BC23) sd a1, 0x2f8(t0)
mem[0x00000000800034A8] <- 0x0000000000000300
mem[X,0x0000000080000A00] -> 0x3537
mem[X,0x0000000080000A02] -> 0x3333
[645] [M]: 0x0000000080000A00 (0x33333537) lui a0, 0x33333
x10 <- 0x0000000033333000
mem[X,0x0000000080000A04] -> 0x0513
mem[X,0x0000000080000A06] -> 0x3335
[646] [M]: 0x0000000080000A04 (0x33350513) addi a0, a0, 0x333
x10 <- 0x0000000033333333
mem[X,0x0000000080000A08] -> 0x1513
mem[X,0x0000000080000A0A] -> 0x00B5
[647] [M]: 0x0000000080000A08 (0x00B51513) slli a0, a0, 0xb
x10 <- 0x0000019999999800
mem[X,0x0000000080000A0C] -> 0x0513
mem[X,0x0000000080000A0E] -> 0x1995
[648] [M]: 0x0000000080000A0C (0x19950513) addi a0, a0, 0x199
x10 <- 0x0000019999999999
mem[X,0x0000000080000A10] -> 0x1513
mem[X,0x0000000080000A12] -> 0x00B5
[649] [M]: 0x0000000080000A10 (0x00B51513) slli a0, a0, 0xb
x10 <- 0x000CCCCCCCCCC800
mem[X,0x0000000080000A14] -> 0x0513
mem[X,0x0000000080000A16] -> 0x4CC5
[650] [M]: 0x0000000080000A14 (0x4CC50513) addi a0, a0, 0x4cc
x10 <- 0x000CCCCCCCCCCCCC
mem[X,0x0000000080000A18] -> 0x1513
mem[X,0x0000000080000A1A] -> 0x00A5
[651] [M]: 0x0000000080000A18 (0x00A51513) slli a0, a0, 0xa
x10 <- 0x3333333333333000
mem[X,0x0000000080000A1C] -> 0x0513
mem[X,0x0000000080000A1E] -> 0x3345
[652] [M]: 0x0000000080000A1C (0x33450513) addi a0, a0, 0x334
x10 <- 0x3333333333333334
mem[X,0x0000000080000A20] -> 0x1593
mem[X,0x0000000080000A22] -> 0x0075
[653] [M]: 0x0000000080000A20 (0x00751593) slli a1, a0, 0x7
x11 <- 0x9999999999999A00
mem[X,0x0000000080000A24] -> 0xB023
mem[X,0x0000000080000A26] -> 0x30B2
[654] [M]: 0x0000000080000A24 (0x30B2B023) sd a1, 0x300(t0)
mem[0x00000000800034B0] <- 0x9999999999999A00
mem[X,0x0000000080000A28] -> 0x6537
mem[X,0x0000000080000A2A] -> 0x6666
[655] [M]: 0x0000000080000A28 (0x66666537) lui a0, 0x66666
x10 <- 0x0000000066666000
mem[X,0x0000000080000A2C] -> 0x0513
mem[X,0x0000000080000A2E] -> 0x6665
[656] [M]: 0x0000000080000A2C (0x66650513) addi a0, a0, 0x666
x10 <- 0x0000000066666666
mem[X,0x0000000080000A30] -> 0x1513
mem[X,0x0000000080000A32] -> 0x00B5
[657] [M]: 0x0000000080000A30 (0x00B51513) slli a0, a0, 0xb
x10 <- 0x0000033333333000
mem[X,0x0000000080000A34] -> 0x0513
mem[X,0x0000000080000A36] -> 0x3335
[658] [M]: 0x0000000080000A34 (0x33350513) addi a0, a0, 0x333
x10 <- 0x0000033333333333
mem[X,0x0000000080000A38] -> 0x1513
mem[X,0x0000000080000A3A] -> 0x00B5
[659] [M]: 0x0000000080000A38 (0x00B51513) slli a0, a0, 0xb
x10 <- 0x0019999999999800
mem[X,0x0000000080000A3C] -> 0x0513
mem[X,0x0000000080000A3E] -> 0x1995
[660] [M]: 0x0000000080000A3C (0x19950513) addi a0, a0, 0x199
x10 <- 0x0019999999999999
mem[X,0x0000000080000A40] -> 0x1513
mem[X,0x0000000080000A42] -> 0x00A5
[661] [M]: 0x0000000080000A40 (0x00A51513) slli a0, a0, 0xa
x10 <- 0x6666666666666400
mem[X,0x0000000080000A44] -> 0x0513
mem[X,0x0000000080000A46] -> 0x2675
[662] [M]: 0x0000000080000A44 (0x26750513) addi a0, a0, 0x267
x10 <- 0x6666666666666667
mem[X,0x0000000080000A48] -> 0x1593
mem[X,0x0000000080000A4A] -> 0x0205
[663] [M]: 0x0000000080000A48 (0x02051593) slli a1, a0, 0x20
x11 <- 0x6666666700000000
mem[X,0x0000000080000A4C] -> 0xB423
mem[X,0x0000000080000A4E] -> 0x30B2
[664] [M]: 0x0000000080000A4C (0x30B2B423) sd a1, 0x308(t0)
mem[0x00000000800034B8] <- 0x6666666700000000
mem[X,0x0000000080000A50] -> 0x0537
mem[X,0x0000000080000A52] -> 0x0000
[665] [M]: 0x0000000080000A50 (0x00000537) lui a0, 0x0
x10 <- 0x0000000000000000
mem[X,0x0000000080000A54] -> 0x0513
mem[X,0x0000000080000A56] -> 0xFFF5
[666] [M]: 0x0000000080000A54 (0xFFF50513) addi a0, a0, -0x1
x10 <- 0xFFFFFFFFFFFFFFFF
mem[X,0x0000000080000A58] -> 0x1513
mem[X,0x0000000080000A5A] -> 0x00B5
[667] [M]: 0x0000000080000A58 (0x00B51513) slli a0, a0, 0xb
x10 <- 0xFFFFFFFFFFFFF800
mem[X,0x0000000080000A5C] -> 0x0513
mem[X,0x0000000080000A5E] -> 0x2575
[668] [M]: 0x0000000080000A5C (0x25750513) addi a0, a0, 0x257
x10 <- 0xFFFFFFFFFFFFFA57
mem[X,0x0000000080000A60] -> 0x1513
mem[X,0x0000000080000A62] -> 0x00B5
[669] [M]: 0x0000000080000A60 (0x00B51513) slli a0, a0, 0xb
x10 <- 0xFFFFFFFFFFD2B800
mem[X,0x0000000080000A64] -> 0x0513
mem[X,0x0000000080000A66] -> 0x6C35
[670] [M]: 0x0000000080000A64 (0x6C350513) addi a0, a0, 0x6c3
x10 <- 0xFFFFFFFFFFD2BEC3
mem[X,0x0000000080000A68] -> 0x1513
mem[X,0x0000000080000A6A] -> 0x00A5
[671] [M]: 0x0000000080000A68 (0x00A51513) slli a0, a0, 0xa
x10 <- 0xFFFFFFFF4AFB0C00
mem[X,0x0000000080000A6C] -> 0x0513
mem[X,0x0000000080000A6E] -> 0x0CE5
[672] [M]: 0x0000000080000A6C (0x0CE50513) addi a0, a0, 0xce
x10 <- 0xFFFFFFFF4AFB0CCE
mem[X,0x0000000080000A70] -> 0x1593
mem[X,0x0000000080000A72] -> 0x0085
[673] [M]: 0x0000000080000A70 (0x00851593) slli a1, a0, 0x8
x11 <- 0xFFFFFF4AFB0CCE00
mem[X,0x0000000080000A74] -> 0xB823
mem[X,0x0000000080000A76] -> 0x30B2
[674] [M]: 0x0000000080000A74 (0x30B2B823) sd a1, 0x310(t0)
mem[0x00000000800034C0] <- 0xFFFFFF4AFB0CCE00
mem[X,0x0000000080000A78] -> 0x0513
mem[X,0x0000000080000A7A] -> 0x0010
[675] [M]: 0x0000000080000A78 (0x00100513) addi a0, zero, 0x1
x10 <- 0x0000000000000001
mem[X,0x0000000080000A7C] -> 0x1513
mem[X,0x0000000080000A7E] -> 0x0165
[676] [M]: 0x0000000080000A7C (0x01651513) slli a0, a0, 0x16
x10 <- 0x0000000000400000
mem[X,0x0000000080000A80] -> 0x4513
mem[X,0x0000000080000A82] -> 0xFFF5
[677] [M]: 0x0000000080000A80 (0xFFF54513) xori a0, a0, -0x1
x10 <- 0xFFFFFFFFFFBFFFFF
mem[X,0x0000000080000A84] -> 0x1593
mem[X,0x0000000080000A86] -> 0x0065
[678] [M]: 0x0000000080000A84 (0x00651593) slli a1, a0, 0x6
x11 <- 0xFFFFFFFFEFFFFFC0
mem[X,0x0000000080000A88] -> 0xBC23
mem[X,0x0000000080000A8A] -> 0x30B2
[679] [M]: 0x0000000080000A88 (0x30B2BC23) sd a1, 0x318(t0)
mem[0x00000000800034C8] <- 0xFFFFFFFFEFFFFFC0
mem[X,0x0000000080000A8C] -> 0x0537
mem[X,0x0000000080000A8E] -> 0x0000
[680] [M]: 0x0000000080000A8C (0x00000537) lui a0, 0x0
x10 <- 0x0000000000000000
mem[X,0x0000000080000A90] -> 0x0513
mem[X,0x0000000080000A92] -> 0x0005
[681] [M]: 0x0000000080000A90 (0x00050513) addi a0, a0, 0x0
x10 <- 0x0000000000000000
mem[X,0x0000000080000A94] -> 0x1513
mem[X,0x0000000080000A96] -> 0x00B5
[682] [M]: 0x0000000080000A94 (0x00B51513) slli a0, a0, 0xb
x10 <- 0x0000000000000000
mem[X,0x0000000080000A98] -> 0x0513
mem[X,0x0000000080000A9A] -> 0x5A85
[683] [M]: 0x0000000080000A98 (0x5A850513) addi a0, a0, 0x5a8
x10 <- 0x00000000000005A8
mem[X,0x0000000080000A9C] -> 0x1513
mem[X,0x0000000080000A9E] -> 0x00B5
[684] [M]: 0x0000000080000A9C (0x00B51513) slli a0, a0, 0xb
x10 <- 0x00000000002D4000
mem[X,0x0000000080000AA0] -> 0x0513
mem[X,0x0000000080000AA2] -> 0x13C5
[685] [M]: 0x0000000080000AA0 (0x13C50513) addi a0, a0, 0x13c
x10 <- 0x00000000002D413C
mem[X,0x0000000080000AA4] -> 0x1513
mem[X,0x0000000080000AA6] -> 0x00A5
[686] [M]: 0x0000000080000AA4 (0x00A51513) slli a0, a0, 0xa
x10 <- 0x00000000B504F000
mem[X,0x0000000080000AA8] -> 0x0513
mem[X,0x0000000080000AAA] -> 0x3345
[687] [M]: 0x0000000080000AA8 (0x33450513) addi a0, a0, 0x334
x10 <- 0x00000000B504F334
mem[X,0x0000000080000AAC] -> 0x1593
mem[X,0x0000000080000AAE] -> 0x03E5
[688] [M]: 0x0000000080000AAC (0x03E51593) slli a1, a0, 0x3e
x11 <- 0x0000000000000000
mem[X,0x0000000080000AB0] -> 0xB023
mem[X,0x0000000080000AB2] -> 0x32B2
[689] [M]: 0x0000000080000AB0 (0x32B2B023) sd a1, 0x320(t0)
mem[0x00000000800034D0] <- 0x0000000000000000
mem[X,0x0000000080000AB4] -> 0x0513
mem[X,0x0000000080000AB6] -> 0x0010
[690] [M]: 0x0000000080000AB4 (0x00100513) addi a0, zero, 0x1
x10 <- 0x0000000000000001
mem[X,0x0000000080000AB8] -> 0x1513
mem[X,0x0000000080000ABA] -> 0x0175
[691] [M]: 0x0000000080000AB8 (0x01751513) slli a0, a0, 0x17
x10 <- 0x0000000000800000
mem[X,0x0000000080000ABC] -> 0x4513
mem[X,0x0000000080000ABE] -> 0xFFF5
[692] [M]: 0x0000000080000ABC (0xFFF54513) xori a0, a0, -0x1
x10 <- 0xFFFFFFFFFF7FFFFF
mem[X,0x0000000080000AC0] -> 0x1593
mem[X,0x0000000080000AC2] -> 0x0375
[693] [M]: 0x0000000080000AC0 (0x03751593) slli a1, a0, 0x37
x11 <- 0xFF80000000000000
mem[X,0x0000000080000AC4] -> 0xB423
mem[X,0x0000000080000AC6] -> 0x32B2
[694] [M]: 0x0000000080000AC4 (0x32B2B423) sd a1, 0x328(t0)
mem[0x00000000800034D8] <- 0xFF80000000000000
mem[X,0x0000000080000AC8] -> 0x0513
mem[X,0x0000000080000ACA] -> 0x0010
[695] [M]: 0x0000000080000AC8 (0x00100513) addi a0, zero, 0x1
x10 <- 0x0000000000000001
mem[X,0x0000000080000ACC] -> 0x1513
mem[X,0x0000000080000ACE] -> 0x0185
[696] [M]: 0x0000000080000ACC (0x01851513) slli a0, a0, 0x18
x10 <- 0x0000000001000000
mem[X,0x0000000080000AD0] -> 0x4513
mem[X,0x0000000080000AD2] -> 0xFFF5
[697] [M]: 0x0000000080000AD0 (0xFFF54513) xori a0, a0, -0x1
x10 <- 0xFFFFFFFFFEFFFFFF
mem[X,0x0000000080000AD4] -> 0x1593
mem[X,0x0000000080000AD6] -> 0x02A5
[698] [M]: 0x0000000080000AD4 (0x02A51593) slli a1, a0, 0x2a
x11 <- 0xFFFFFC0000000000
mem[X,0x0000000080000AD8] -> 0xB823
mem[X,0x0000000080000ADA] -> 0x32B2
[699] [M]: 0x0000000080000AD8 (0x32B2B823) sd a1, 0x330(t0)
mem[0x00000000800034E0] <- 0xFFFFFC0000000000
clint::tick mtime <- 0x0000000000000007
 clint timer pending at mtime 0x0000000000000007
htif::tick 0x0000000000000000
mem[X,0x0000000080000ADC] -> 0x0513
mem[X,0x0000000080000ADE] -> 0x0010
[700] [M]: 0x0000000080000ADC (0x00100513) addi a0, zero, 0x1
x10 <- 0x0000000000000001
mem[X,0x0000000080000AE0] -> 0x1513
mem[X,0x0000000080000AE2] -> 0x0195
[701] [M]: 0x0000000080000AE0 (0x01951513) slli a0, a0, 0x19
x10 <- 0x0000000002000000
mem[X,0x0000000080000AE4] -> 0x4513
mem[X,0x0000000080000AE6] -> 0xFFF5
[702] [M]: 0x0000000080000AE4 (0xFFF54513) xori a0, a0, -0x1
x10 <- 0xFFFFFFFFFDFFFFFF
mem[X,0x0000000080000AE8] -> 0x1593
mem[X,0x0000000080000AEA] -> 0x0115
[703] [M]: 0x0000000080000AE8 (0x01151593) slli a1, a0, 0x11
x11 <- 0xFFFFFBFFFFFE0000
mem[X,0x0000000080000AEC] -> 0xBC23
mem[X,0x0000000080000AEE] -> 0x32B2
[704] [M]: 0x0000000080000AEC (0x32B2BC23) sd a1, 0x338(t0)
mem[0x00000000800034E8] <- 0xFFFFFBFFFFFE0000
mem[X,0x0000000080000AF0] -> 0x0513
mem[X,0x0000000080000AF2] -> 0x0010
[705] [M]: 0x0000000080000AF0 (0x00100513) addi a0, zero, 0x1
x10 <- 0x0000000000000001
mem[X,0x0000000080000AF4] -> 0x1513
mem[X,0x0000000080000AF6] -> 0x01A5
[706] [M]: 0x0000000080000AF4 (0x01A51513) slli a0, a0, 0x1a
x10 <- 0x0000000004000000
mem[X,0x0000000080000AF8] -> 0x4513
mem[X,0x0000000080000AFA] -> 0xFFF5
[707] [M]: 0x0000000080000AF8 (0xFFF54513) xori a0, a0, -0x1
x10 <- 0xFFFFFFFFFBFFFFFF
mem[X,0x0000000080000AFC] -> 0x1593
mem[X,0x0000000080000AFE] -> 0x0085
[708] [M]: 0x0000000080000AFC (0x00851593) slli a1, a0, 0x8
x11 <- 0xFFFFFFFBFFFFFF00
mem[X,0x0000000080000B00] -> 0xB023
mem[X,0x0000000080000B02] -> 0x34B2
[709] [M]: 0x0000000080000B00 (0x34B2B023) sd a1, 0x340(t0)
mem[0x00000000800034F0] <- 0xFFFFFFFBFFFFFF00
mem[X,0x0000000080000B04] -> 0x0513
mem[X,0x0000000080000B06] -> 0x0010
[710] [M]: 0x0000000080000B04 (0x00100513) addi a0, zero, 0x1
x10 <- 0x0000000000000001
mem[X,0x0000000080000B08] -> 0x1513
mem[X,0x0000000080000B0A] -> 0x01B5
[711] [M]: 0x0000000080000B08 (0x01B51513) slli a0, a0, 0x1b
x10 <- 0x0000000008000000
mem[X,0x0000000080000B0C] -> 0x4513
mem[X,0x0000000080000B0E] -> 0xFFF5
[712] [M]: 0x0000000080000B0C (0xFFF54513) xori a0, a0, -0x1
x10 <- 0xFFFFFFFFF7FFFFFF
mem[X,0x0000000080000B10] -> 0x1593
mem[X,0x0000000080000B12] -> 0x0005
[713] [M]: 0x0000000080000B10 (0x00051593) slli a1, a0, 0x0
x11 <- 0xFFFFFFFFF7FFFFFF
mem[X,0x0000000080000B14] -> 0xB423
mem[X,0x0000000080000B16] -> 0x34B2
[714] [M]: 0x0000000080000B14 (0x34B2B423) sd a1, 0x348(t0)
mem[0x00000000800034F8] <- 0xFFFFFFFFF7FFFFFF
mem[X,0x0000000080000B18] -> 0x0513
mem[X,0x0000000080000B1A] -> 0x0010
[715] [M]: 0x0000000080000B18 (0x00100513) addi a0, zero, 0x1
x10 <- 0x0000000000000001
mem[X,0x0000000080000B1C] -> 0x1513
mem[X,0x0000000080000B1E] -> 0x01C5
[716] [M]: 0x0000000080000B1C (0x01C51513) slli a0, a0, 0x1c
x10 <- 0x0000000010000000
mem[X,0x0000000080000B20] -> 0x4513
mem[X,0x0000000080000B22] -> 0xFFF5
[717] [M]: 0x0000000080000B20 (0xFFF54513) xori a0, a0, -0x1
x10 <- 0xFFFFFFFFEFFFFFFF
mem[X,0x0000000080000B24] -> 0x1593
mem[X,0x0000000080000B26] -> 0x00B5
[718] [M]: 0x0000000080000B24 (0x00B51593) slli a1, a0, 0xb
x11 <- 0xFFFFFF7FFFFFF800
mem[X,0x0000000080000B28] -> 0xB823
mem[X,0x0000000080000B2A] -> 0x34B2
[719] [M]: 0x0000000080000B28 (0x34B2B823) sd a1, 0x350(t0)
mem[0x0000000080003500] <- 0xFFFFFF7FFFFFF800
mem[X,0x0000000080000B2C] -> 0x0513
mem[X,0x0000000080000B2E] -> 0x0010
[720] [M]: 0x0000000080000B2C (0x00100513) addi a0, zero, 0x1
x10 <- 0x0000000000000001
mem[X,0x0000000080000B30] -> 0x1513
mem[X,0x0000000080000B32] -> 0x01E5
[721] [M]: 0x0000000080000B30 (0x01E51513) slli a0, a0, 0x1e
x10 <- 0x0000000040000000
mem[X,0x0000000080000B34] -> 0x4513
mem[X,0x0000000080000B36] -> 0xFFF5
[722] [M]: 0x0000000080000B34 (0xFFF54513) xori a0, a0, -0x1
x10 <- 0xFFFFFFFFBFFFFFFF
mem[X,0x0000000080000B38] -> 0x1593
mem[X,0x0000000080000B3A] -> 0x0095
[723] [M]: 0x0000000080000B38 (0x00951593) slli a1, a0, 0x9
x11 <- 0xFFFFFF7FFFFFFE00
mem[X,0x0000000080000B3C] -> 0xBC23
mem[X,0x0000000080000B3E] -> 0x34B2
[724] [M]: 0x0000000080000B3C (0x34B2BC23) sd a1, 0x358(t0)
mem[0x0000000080003508] <- 0xFFFFFF7FFFFFFE00
mem[X,0x0000000080000B40] -> 0x0513
mem[X,0x0000000080000B42] -> 0x0010
[725] [M]: 0x0000000080000B40 (0x00100513) addi a0, zero, 0x1
x10 <- 0x0000000000000001
mem[X,0x0000000080000B44] -> 0x1513
mem[X,0x0000000080000B46] -> 0x01F5
[726] [M]: 0x0000000080000B44 (0x01F51513) slli a0, a0, 0x1f
x10 <- 0x0000000080000000
mem[X,0x0000000080000B48] -> 0x4513
mem[X,0x0000000080000B4A] -> 0xFFF5
[727] [M]: 0x0000000080000B48 (0xFFF54513) xori a0, a0, -0x1
x10 <- 0xFFFFFFFF7FFFFFFF
mem[X,0x0000000080000B4C] -> 0x1593
mem[X,0x0000000080000B4E] -> 0x0025
[728] [M]: 0x0000000080000B4C (0x00251593) slli a1, a0, 0x2
x11 <- 0xFFFFFFFDFFFFFFFC
mem[X,0x0000000080000B50] -> 0xB023
mem[X,0x0000000080000B52] -> 0x36B2
[729] [M]: 0x0000000080000B50 (0x36B2B023) sd a1, 0x360(t0)
mem[0x0000000080003510] <- 0xFFFFFFFDFFFFFFFC
mem[X,0x0000000080000B54] -> 0x0513
mem[X,0x0000000080000B56] -> 0x0010
[730] [M]: 0x0000000080000B54 (0x00100513) addi a0, zero, 0x1
x10 <- 0x0000000000000001
mem[X,0x0000000080000B58] -> 0x1513
mem[X,0x0000000080000B5A] -> 0x0205
[731] [M]: 0x0000000080000B58 (0x02051513) slli a0, a0, 0x20
x10 <- 0x0000000100000000
mem[X,0x0000000080000B5C] -> 0x4513
mem[X,0x0000000080000B5E] -> 0xFFF5
[732] [M]: 0x0000000080000B5C (0xFFF54513) xori a0, a0, -0x1
x10 <- 0xFFFFFFFEFFFFFFFF
mem[X,0x0000000080000B60] -> 0x1593
mem[X,0x0000000080000B62] -> 0x0375
[733] [M]: 0x0000000080000B60 (0x03751593) slli a1, a0, 0x37
x11 <- 0xFF80000000000000
mem[X,0x0000000080000B64] -> 0xB423
mem[X,0x0000000080000B66] -> 0x36B2
[734] [M]: 0x0000000080000B64 (0x36B2B423) sd a1, 0x368(t0)
mem[0x0000000080003518] <- 0xFF80000000000000
mem[X,0x0000000080000B68] -> 0x0513
mem[X,0x0000000080000B6A] -> 0x0010
[735] [M]: 0x0000000080000B68 (0x00100513) addi a0, zero, 0x1
x10 <- 0x0000000000000001
mem[X,0x0000000080000B6C] -> 0x1513
mem[X,0x0000000080000B6E] -> 0x0215
[736] [M]: 0x0000000080000B6C (0x02151513) slli a0, a0, 0x21
x10 <- 0x0000000200000000
mem[X,0x0000000080000B70] -> 0x4513
mem[X,0x0000000080000B72] -> 0xFFF5
[737] [M]: 0x0000000080000B70 (0xFFF54513) xori a0, a0, -0x1
x10 <- 0xFFFFFFFDFFFFFFFF
mem[X,0x0000000080000B74] -> 0x1593
mem[X,0x0000000080000B76] -> 0x0075
[738] [M]: 0x0000000080000B74 (0x00751593) slli a1, a0, 0x7
x11 <- 0xFFFFFEFFFFFFFF80
mem[X,0x0000000080000B78] -> 0xB823
mem[X,0x0000000080000B7A] -> 0x36B2
[739] [M]: 0x0000000080000B78 (0x36B2B823) sd a1, 0x370(t0)
mem[0x0000000080003520] <- 0xFFFFFEFFFFFFFF80
mem[X,0x0000000080000B7C] -> 0x0513
mem[X,0x0000000080000B7E] -> 0x0010
[740] [M]: 0x0000000080000B7C (0x00100513) addi a0, zero, 0x1
x10 <- 0x0000000000000001
mem[X,0x0000000080000B80] -> 0x1513
mem[X,0x0000000080000B82] -> 0x0225
[741] [M]: 0x0000000080000B80 (0x02251513) slli a0, a0, 0x22
x10 <- 0x0000000400000000
mem[X,0x0000000080000B84] -> 0x4513
mem[X,0x0000000080000B86] -> 0xFFF5
[742] [M]: 0x0000000080000B84 (0xFFF54513) xori a0, a0, -0x1
x10 <- 0xFFFFFFFBFFFFFFFF
mem[X,0x0000000080000B88] -> 0x1593
mem[X,0x0000000080000B8A] -> 0x0045
[743] [M]: 0x0000000080000B88 (0x00451593) slli a1, a0, 0x4
x11 <- 0xFFFFFFBFFFFFFFF0
mem[X,0x0000000080000B8C] -> 0xBC23
mem[X,0x0000000080000B8E] -> 0x36B2
[744] [M]: 0x0000000080000B8C (0x36B2BC23) sd a1, 0x378(t0)
mem[0x0000000080003528] <- 0xFFFFFFBFFFFFFFF0
mem[X,0x0000000080000B90] -> 0x0513
mem[X,0x0000000080000B92] -> 0x0010
[745] [M]: 0x0000000080000B90 (0x00100513) addi a0, zero, 0x1
x10 <- 0x0000000000000001
mem[X,0x0000000080000B94] -> 0x1513
mem[X,0x0000000080000B96] -> 0x0235
[746] [M]: 0x0000000080000B94 (0x02351513) slli a0, a0, 0x23
x10 <- 0x0000000800000000
mem[X,0x0000000080000B98] -> 0x4513
mem[X,0x0000000080000B9A] -> 0xFFF5
[747] [M]: 0x0000000080000B98 (0xFFF54513) xori a0, a0, -0x1
x10 <- 0xFFFFFFF7FFFFFFFF
mem[X,0x0000000080000B9C] -> 0x1593
mem[X,0x0000000080000B9E] -> 0x0035
[748] [M]: 0x0000000080000B9C (0x00351593) slli a1, a0, 0x3
x11 <- 0xFFFFFFBFFFFFFFF8
mem[X,0x0000000080000BA0] -> 0xB023
mem[X,0x0000000080000BA2] -> 0x38B2
[749] [M]: 0x0000000080000BA0 (0x38B2B023) sd a1, 0x380(t0)
mem[0x0000000080003530] <- 0xFFFFFFBFFFFFFFF8
mem[X,0x0000000080000BA4] -> 0x0513
mem[X,0x0000000080000BA6] -> 0x0010
[750] [M]: 0x0000000080000BA4 (0x00100513) addi a0, zero, 0x1
x10 <- 0x0000000000000001
mem[X,0x0000000080000BA8] -> 0x1513
mem[X,0x0000000080000BAA] -> 0x0245
[751] [M]: 0x0000000080000BA8 (0x02451513) slli a0, a0, 0x24
x10 <- 0x0000001000000000
mem[X,0x0000000080000BAC] -> 0x4513
mem[X,0x0000000080000BAE] -> 0xFFF5
[752] [M]: 0x0000000080000BAC (0xFFF54513) xori a0, a0, -0x1
x10 <- 0xFFFFFFEFFFFFFFFF
mem[X,0x0000000080000BB0] -> 0x1593
mem[X,0x0000000080000BB2] -> 0x03E5
[753] [M]: 0x0000000080000BB0 (0x03E51593) slli a1, a0, 0x3e
x11 <- 0xC000000000000000
mem[X,0x0000000080000BB4] -> 0xB423
mem[X,0x0000000080000BB6] -> 0x38B2
[754] [M]: 0x0000000080000BB4 (0x38B2B423) sd a1, 0x388(t0)
mem[0x0000000080003538] <- 0xC000000000000000
mem[X,0x0000000080000BB8] -> 0x0513
mem[X,0x0000000080000BBA] -> 0x0010
[755] [M]: 0x0000000080000BB8 (0x00100513) addi a0, zero, 0x1
x10 <- 0x0000000000000001
mem[X,0x0000000080000BBC] -> 0x1513
mem[X,0x0000000080000BBE] -> 0x0255
[756] [M]: 0x0000000080000BBC (0x02551513) slli a0, a0, 0x25
x10 <- 0x0000002000000000
mem[X,0x0000000080000BC0] -> 0x4513
mem[X,0x0000000080000BC2] -> 0xFFF5
[757] [M]: 0x0000000080000BC0 (0xFFF54513) xori a0, a0, -0x1
x10 <- 0xFFFFFFDFFFFFFFFF
mem[X,0x0000000080000BC4] -> 0x1593
mem[X,0x0000000080000BC6] -> 0x00D5
[758] [M]: 0x0000000080000BC4 (0x00D51593) slli a1, a0, 0xd
x11 <- 0xFFFBFFFFFFFFE000
mem[X,0x0000000080000BC8] -> 0xB823
mem[X,0x0000000080000BCA] -> 0x38B2
[759] [M]: 0x0000000080000BC8 (0x38B2B823) sd a1, 0x390(t0)
mem[0x0000000080003540] <- 0xFFFBFFFFFFFFE000
mem[X,0x0000000080000BCC] -> 0x0513
mem[X,0x0000000080000BCE] -> 0x0010
[760] [M]: 0x0000000080000BCC (0x00100513) addi a0, zero, 0x1
x10 <- 0x0000000000000001
mem[X,0x0000000080000BD0] -> 0x1513
mem[X,0x0000000080000BD2] -> 0x0265
[761] [M]: 0x0000000080000BD0 (0x02651513) slli a0, a0, 0x26
x10 <- 0x0000004000000000
mem[X,0x0000000080000BD4] -> 0x4513
mem[X,0x0000000080000BD6] -> 0xFFF5
[762] [M]: 0x0000000080000BD4 (0xFFF54513) xori a0, a0, -0x1
x10 <- 0xFFFFFFBFFFFFFFFF
mem[X,0x0000000080000BD8] -> 0x1593
mem[X,0x0000000080000BDA] -> 0x0065
[763] [M]: 0x0000000080000BD8 (0x00651593) slli a1, a0, 0x6
x11 <- 0xFFFFEFFFFFFFFFC0
mem[X,0x0000000080000BDC] -> 0xBC23
mem[X,0x0000000080000BDE] -> 0x38B2
[764] [M]: 0x0000000080000BDC (0x38B2BC23) sd a1, 0x398(t0)
mem[0x0000000080003548] <- 0xFFFFEFFFFFFFFFC0
mem[X,0x0000000080000BE0] -> 0x0513
mem[X,0x0000000080000BE2] -> 0x0010
[765] [M]: 0x0000000080000BE0 (0x00100513) addi a0, zero, 0x1
x10 <- 0x0000000000000001
mem[X,0x0000000080000BE4] -> 0x1513
mem[X,0x0000000080000BE6] -> 0x0275
[766] [M]: 0x0000000080000BE4 (0x02751513) slli a0, a0, 0x27
x10 <- 0x0000008000000000
mem[X,0x0000000080000BE8] -> 0x4513
mem[X,0x0000000080000BEA] -> 0xFFF5
[767] [M]: 0x0000000080000BE8 (0xFFF54513) xori a0, a0, -0x1
x10 <- 0xFFFFFF7FFFFFFFFF
mem[X,0x0000000080000BEC] -> 0x1593
mem[X,0x0000000080000BEE] -> 0x02A5
[768] [M]: 0x0000000080000BEC (0x02A51593) slli a1, a0, 0x2a
x11 <- 0xFFFFFC0000000000
mem[X,0x0000000080000BF0] -> 0xB023
mem[X,0x0000000080000BF2] -> 0x3AB2
[769] [M]: 0x0000000080000BF0 (0x3AB2B023) sd a1, 0x3a0(t0)
mem[0x0000000080003550] <- 0xFFFFFC0000000000
mem[X,0x0000000080000BF4] -> 0x0513
mem[X,0x0000000080000BF6] -> 0x0010
[770] [M]: 0x0000000080000BF4 (0x00100513) addi a0, zero, 0x1
x10 <- 0x0000000000000001
mem[X,0x0000000080000BF8] -> 0x1513
mem[X,0x0000000080000BFA] -> 0x0285
[771] [M]: 0x0000000080000BF8 (0x02851513) slli a0, a0, 0x28
x10 <- 0x0000010000000000
mem[X,0x0000000080000BFC] -> 0x4513
mem[X,0x0000000080000BFE] -> 0xFFF5
[772] [M]: 0x0000000080000BFC (0xFFF54513) xori a0, a0, -0x1
x10 <- 0xFFFFFEFFFFFFFFFF
mem[X,0x0000000080000C00] -> 0x1593
mem[X,0x0000000080000C02] -> 0x0075
[773] [M]: 0x0000000080000C00 (0x00751593) slli a1, a0, 0x7
x11 <- 0xFFFF7FFFFFFFFF80
mem[X,0x0000000080000C04] -> 0xB423
mem[X,0x0000000080000C06] -> 0x3AB2
[774] [M]: 0x0000000080000C04 (0x3AB2B423) sd a1, 0x3a8(t0)
mem[0x0000000080003558] <- 0xFFFF7FFFFFFFFF80
mem[X,0x0000000080000C08] -> 0x0513
mem[X,0x0000000080000C0A] -> 0x0010
[775] [M]: 0x0000000080000C08 (0x00100513) addi a0, zero, 0x1
x10 <- 0x0000000000000001
mem[X,0x0000000080000C0C] -> 0x1513
mem[X,0x0000000080000C0E] -> 0x0295
[776] [M]: 0x0000000080000C0C (0x02951513) slli a0, a0, 0x29
x10 <- 0x0000020000000000
mem[X,0x0000000080000C10] -> 0x4513
mem[X,0x0000000080000C12] -> 0xFFF5
[777] [M]: 0x0000000080000C10 (0xFFF54513) xori a0, a0, -0x1
x10 <- 0xFFFFFDFFFFFFFFFF
mem[X,0x0000000080000C14] -> 0x1593
mem[X,0x0000000080000C16] -> 0x03F5
[778] [M]: 0x0000000080000C14 (0x03F51593) slli a1, a0, 0x3f
x11 <- 0x8000000000000000
mem[X,0x0000000080000C18] -> 0xB823
mem[X,0x0000000080000C1A] -> 0x3AB2
[779] [M]: 0x0000000080000C18 (0x3AB2B823) sd a1, 0x3b0(t0)
mem[0x0000000080003560] <- 0x8000000000000000
mem[X,0x0000000080000C1C] -> 0x0513
mem[X,0x0000000080000C1E] -> 0x0010
[780] [M]: 0x0000000080000C1C (0x00100513) addi a0, zero, 0x1
x10 <- 0x0000000000000001
mem[X,0x0000000080000C20] -> 0x1513
mem[X,0x0000000080000C22] -> 0x02A5
[781] [M]: 0x0000000080000C20 (0x02A51513) slli a0, a0, 0x2a
x10 <- 0x0000040000000000
mem[X,0x0000000080000C24] -> 0x4513
mem[X,0x0000000080000C26] -> 0xFFF5
[782] [M]: 0x0000000080000C24 (0xFFF54513) xori a0, a0, -0x1
x10 <- 0xFFFFFBFFFFFFFFFF
mem[X,0x0000000080000C28] -> 0x1593
mem[X,0x0000000080000C2A] -> 0x03D5
[783] [M]: 0x0000000080000C28 (0x03D51593) slli a1, a0, 0x3d
x11 <- 0xE000000000000000
mem[X,0x0000000080000C2C] -> 0xBC23
mem[X,0x0000000080000C2E] -> 0x3AB2
[784] [M]: 0x0000000080000C2C (0x3AB2BC23) sd a1, 0x3b8(t0)
mem[0x0000000080003568] <- 0xE000000000000000
mem[X,0x0000000080000C30] -> 0x0513
mem[X,0x0000000080000C32] -> 0x0010
[785] [M]: 0x0000000080000C30 (0x00100513) addi a0, zero, 0x1
x10 <- 0x0000000000000001
mem[X,0x0000000080000C34] -> 0x1513
mem[X,0x0000000080000C36] -> 0x02B5
[786] [M]: 0x0000000080000C34 (0x02B51513) slli a0, a0, 0x2b
x10 <- 0x0000080000000000
mem[X,0x0000000080000C38] -> 0x4513
mem[X,0x0000000080000C3A] -> 0xFFF5
[787] [M]: 0x0000000080000C38 (0xFFF54513) xori a0, a0, -0x1
x10 <- 0xFFFFF7FFFFFFFFFF
mem[X,0x0000000080000C3C] -> 0x1593
mem[X,0x0000000080000C3E] -> 0x03B5
[788] [M]: 0x0000000080000C3C (0x03B51593) slli a1, a0, 0x3b
x11 <- 0xF800000000000000
mem[X,0x0000000080000C40] -> 0xB023
mem[X,0x0000000080000C42] -> 0x3CB2
[789] [M]: 0x0000000080000C40 (0x3CB2B023) sd a1, 0x3c0(t0)
mem[0x0000000080003570] <- 0xF800000000000000
mem[X,0x0000000080000C44] -> 0x0513
mem[X,0x0000000080000C46] -> 0x0010
[790] [M]: 0x0000000080000C44 (0x00100513) addi a0, zero, 0x1
x10 <- 0x0000000000000001
mem[X,0x0000000080000C48] -> 0x1513
mem[X,0x0000000080000C4A] -> 0x02C5
[791] [M]: 0x0000000080000C48 (0x02C51513) slli a0, a0, 0x2c
x10 <- 0x0000100000000000
mem[X,0x0000000080000C4C] -> 0x4513
mem[X,0x0000000080000C4E] -> 0xFFF5
[792] [M]: 0x0000000080000C4C (0xFFF54513) xori a0, a0, -0x1
x10 <- 0xFFFFEFFFFFFFFFFF
mem[X,0x0000000080000C50] -> 0x1593
mem[X,0x0000000080000C52] -> 0x0035
[793] [M]: 0x0000000080000C50 (0x00351593) slli a1, a0, 0x3
x11 <- 0xFFFF7FFFFFFFFFF8
mem[X,0x0000000080000C54] -> 0xB423
mem[X,0x0000000080000C56] -> 0x3CB2
[794] [M]: 0x0000000080000C54 (0x3CB2B423) sd a1, 0x3c8(t0)
mem[0x0000000080003578] <- 0xFFFF7FFFFFFFFFF8
mem[X,0x0000000080000C58] -> 0x0513
mem[X,0x0000000080000C5A] -> 0x0010
[795] [M]: 0x0000000080000C58 (0x00100513) addi a0, zero, 0x1
x10 <- 0x0000000000000001
mem[X,0x0000000080000C5C] -> 0x1513
mem[X,0x0000000080000C5E] -> 0x02D5
[796] [M]: 0x0000000080000C5C (0x02D51513) slli a0, a0, 0x2d
x10 <- 0x0000200000000000
mem[X,0x0000000080000C60] -> 0x4513
mem[X,0x0000000080000C62] -> 0xFFF5
[797] [M]: 0x0000000080000C60 (0xFFF54513) xori a0, a0, -0x1
x10 <- 0xFFFFDFFFFFFFFFFF
mem[X,0x0000000080000C64] -> 0x1593
mem[X,0x0000000080000C66] -> 0x0125
[798] [M]: 0x0000000080000C64 (0x01251593) slli a1, a0, 0x12
x11 <- 0x7FFFFFFFFFFC0000
mem[X,0x0000000080000C68] -> 0xB823
mem[X,0x0000000080000C6A] -> 0x3CB2
[799] [M]: 0x0000000080000C68 (0x3CB2B823) sd a1, 0x3d0(t0)
mem[0x0000000080003580] <- 0x7FFFFFFFFFFC0000
clint::tick mtime <- 0x0000000000000008
 clint timer pending at mtime 0x0000000000000008
htif::tick 0x0000000000000000
mem[X,0x0000000080000C6C] -> 0x0513
mem[X,0x0000000080000C6E] -> 0x0010
[800] [M]: 0x0000000080000C6C (0x00100513) addi a0, zero, 0x1
x10 <- 0x0000000000000001
mem[X,0x0000000080000C70] -> 0x1513
mem[X,0x0000000080000C72] -> 0x02E5
[801] [M]: 0x0000000080000C70 (0x02E51513) slli a0, a0, 0x2e
x10 <- 0x0000400000000000
mem[X,0x0000000080000C74] -> 0x4513
mem[X,0x0000000080000C76] -> 0xFFF5
[802] [M]: 0x0000000080000C74 (0xFFF54513) xori a0, a0, -0x1
x10 <- 0xFFFFBFFFFFFFFFFF
mem[X,0x0000000080000C78] -> 0x1593
mem[X,0x0000000080000C7A] -> 0x0135
[803] [M]: 0x0000000080000C78 (0x01351593) slli a1, a0, 0x13
x11 <- 0xFFFFFFFFFFF80000
mem[X,0x0000000080000C7C] -> 0xBC23
mem[X,0x0000000080000C7E] -> 0x3CB2
[804] [M]: 0x0000000080000C7C (0x3CB2BC23) sd a1, 0x3d8(t0)
mem[0x0000000080003588] <- 0xFFFFFFFFFFF80000
mem[X,0x0000000080000C80] -> 0x0513
mem[X,0x0000000080000C82] -> 0x0010
[805] [M]: 0x0000000080000C80 (0x00100513) addi a0, zero, 0x1
x10 <- 0x0000000000000001
mem[X,0x0000000080000C84] -> 0x1513
mem[X,0x0000000080000C86] -> 0x02F5
[806] [M]: 0x0000000080000C84 (0x02F51513) slli a0, a0, 0x2f
x10 <- 0x0000800000000000
mem[X,0x0000000080000C88] -> 0x4513
mem[X,0x0000000080000C8A] -> 0xFFF5
[807] [M]: 0x0000000080000C88 (0xFFF54513) xori a0, a0, -0x1
x10 <- 0xFFFF7FFFFFFFFFFF
mem[X,0x0000000080000C8C] -> 0x1593
mem[X,0x0000000080000C8E] -> 0x0105
[808] [M]: 0x0000000080000C8C (0x01051593) slli a1, a0, 0x10
x11 <- 0x7FFFFFFFFFFF0000
mem[X,0x0000000080000C90] -> 0xB023
mem[X,0x0000000080000C92] -> 0x3EB2
[809] [M]: 0x0000000080000C90 (0x3EB2B023) sd a1, 0x3e0(t0)
mem[0x0000000080003590] <- 0x7FFFFFFFFFFF0000
mem[X,0x0000000080000C94] -> 0x0513
mem[X,0x0000000080000C96] -> 0x0010
[810] [M]: 0x0000000080000C94 (0x00100513) addi a0, zero, 0x1
x10 <- 0x0000000000000001
mem[X,0x0000000080000C98] -> 0x1513
mem[X,0x0000000080000C9A] -> 0x0305
[811] [M]: 0x0000000080000C98 (0x03051513) slli a0, a0, 0x30
x10 <- 0x0001000000000000
mem[X,0x0000000080000C9C] -> 0x4513
mem[X,0x0000000080000C9E] -> 0xFFF5
[812] [M]: 0x0000000080000C9C (0xFFF54513) xori a0, a0, -0x1
x10 <- 0xFFFEFFFFFFFFFFFF
mem[X,0x0000000080000CA0] -> 0x1593
mem[X,0x0000000080000CA2] -> 0x0055
[813] [M]: 0x0000000080000CA0 (0x00551593) slli a1, a0, 0x5
x11 <- 0xFFDFFFFFFFFFFFE0
mem[X,0x0000000080000CA4] -> 0xB423
mem[X,0x0000000080000CA6] -> 0x3EB2
[814] [M]: 0x0000000080000CA4 (0x3EB2B423) sd a1, 0x3e8(t0)
mem[0x0000000080003598] <- 0xFFDFFFFFFFFFFFE0
mem[X,0x0000000080000CA8] -> 0x0513
mem[X,0x0000000080000CAA] -> 0x0010
[815] [M]: 0x0000000080000CA8 (0x00100513) addi a0, zero, 0x1
x10 <- 0x0000000000000001
mem[X,0x0000000080000CAC] -> 0x1513
mem[X,0x0000000080000CAE] -> 0x0315
[816] [M]: 0x0000000080000CAC (0x03151513) slli a0, a0, 0x31
x10 <- 0x0002000000000000
mem[X,0x0000000080000CB0] -> 0x4513
mem[X,0x0000000080000CB2] -> 0xFFF5
[817] [M]: 0x0000000080000CB0 (0xFFF54513) xori a0, a0, -0x1
x10 <- 0xFFFDFFFFFFFFFFFF
mem[X,0x0000000080000CB4] -> 0x1593
mem[X,0x0000000080000CB6] -> 0x03B5
[818] [M]: 0x0000000080000CB4 (0x03B51593) slli a1, a0, 0x3b
x11 <- 0xF800000000000000
mem[X,0x0000000080000CB8] -> 0xB823
mem[X,0x0000000080000CBA] -> 0x3EB2
[819] [M]: 0x0000000080000CB8 (0x3EB2B823) sd a1, 0x3f0(t0)
mem[0x00000000800035A0] <- 0xF800000000000000
mem[X,0x0000000080000CBC] -> 0x0513
mem[X,0x0000000080000CBE] -> 0x0010
[820] [M]: 0x0000000080000CBC (0x00100513) addi a0, zero, 0x1
x10 <- 0x0000000000000001
mem[X,0x0000000080000CC0] -> 0x1513
mem[X,0x0000000080000CC2] -> 0x0325
[821] [M]: 0x0000000080000CC0 (0x03251513) slli a0, a0, 0x32
x10 <- 0x0004000000000000
mem[X,0x0000000080000CC4] -> 0x4513
mem[X,0x0000000080000CC6] -> 0xFFF5
[822] [M]: 0x0000000080000CC4 (0xFFF54513) xori a0, a0, -0x1
x10 <- 0xFFFBFFFFFFFFFFFF
mem[X,0x0000000080000CC8] -> 0x1593
mem[X,0x0000000080000CCA] -> 0x0065
[823] [M]: 0x0000000080000CC8 (0x00651593) slli a1, a0, 0x6
x11 <- 0xFEFFFFFFFFFFFFC0
mem[X,0x0000000080000CCC] -> 0xBC23
mem[X,0x0000000080000CCE] -> 0x3EB2
[824] [M]: 0x0000000080000CCC (0x3EB2BC23) sd a1, 0x3f8(t0)
mem[0x00000000800035A8] <- 0xFEFFFFFFFFFFFFC0
mem[X,0x0000000080000CD0] -> 0x0513
mem[X,0x0000000080000CD2] -> 0x0010
[825] [M]: 0x0000000080000CD0 (0x00100513) addi a0, zero, 0x1
x10 <- 0x0000000000000001
mem[X,0x0000000080000CD4] -> 0x1513
mem[X,0x0000000080000CD6] -> 0x0335
[826] [M]: 0x0000000080000CD4 (0x03351513) slli a0, a0, 0x33
x10 <- 0x0008000000000000
mem[X,0x0000000080000CD8] -> 0x4513
mem[X,0x0000000080000CDA] -> 0xFFF5
[827] [M]: 0x0000000080000CD8 (0xFFF54513) xori a0, a0, -0x1
x10 <- 0xFFF7FFFFFFFFFFFF
mem[X,0x0000000080000CDC] -> 0x1593
mem[X,0x0000000080000CDE] -> 0x00D5
[828] [M]: 0x0000000080000CDC (0x00D51593) slli a1, a0, 0xd
x11 <- 0xFFFFFFFFFFFFE000
mem[X,0x0000000080000CE0] -> 0xB023
mem[X,0x0000000080000CE2] -> 0x40B2
[829] [M]: 0x0000000080000CE0 (0x40B2B023) sd a1, 0x400(t0)
mem[0x00000000800035B0] <- 0xFFFFFFFFFFFFE000
mem[X,0x0000000080000CE4] -> 0x0513
mem[X,0x0000000080000CE6] -> 0x0010
[830] [M]: 0x0000000080000CE4 (0x00100513) addi a0, zero, 0x1
x10 <- 0x0000000000000001
mem[X,0x0000000080000CE8] -> 0x1513
mem[X,0x0000000080000CEA] -> 0x0345
[831] [M]: 0x0000000080000CE8 (0x03451513) slli a0, a0, 0x34
x10 <- 0x0010000000000000
mem[X,0x0000000080000CEC] -> 0x4513
mem[X,0x0000000080000CEE] -> 0xFFF5
[832] [M]: 0x0000000080000CEC (0xFFF54513) xori a0, a0, -0x1
x10 <- 0xFFEFFFFFFFFFFFFF
mem[X,0x0000000080000CF0] -> 0x1593
mem[X,0x0000000080000CF2] -> 0x0025
[833] [M]: 0x0000000080000CF0 (0x00251593) slli a1, a0, 0x2
x11 <- 0xFFBFFFFFFFFFFFFC
mem[X,0x0000000080000CF4] -> 0xB423
mem[X,0x0000000080000CF6] -> 0x40B2
[834] [M]: 0x0000000080000CF4 (0x40B2B423) sd a1, 0x408(t0)
mem[0x00000000800035B8] <- 0xFFBFFFFFFFFFFFFC
mem[X,0x0000000080000CF8] -> 0x0513
mem[X,0x0000000080000CFA] -> 0x0100
[835] [M]: 0x0000000080000CF8 (0x01000513) addi a0, zero, 0x10
x10 <- 0x0000000000000010
mem[X,0x0000000080000CFC] -> 0x1593
mem[X,0x0000000080000CFE] -> 0x00E5
[836] [M]: 0x0000000080000CFC (0x00E51593) slli a1, a0, 0xe
x11 <- 0x0000000000040000
mem[X,0x0000000080000D00] -> 0xB823
mem[X,0x0000000080000D02] -> 0x40B2
[837] [M]: 0x0000000080000D00 (0x40B2B823) sd a1, 0x410(t0)
mem[0x00000000800035C0] <- 0x0000000000040000
mem[X,0x0000000080000D04] -> 0x0513
mem[X,0x0000000080000D06] -> 0x0010
[838] [M]: 0x0000000080000D04 (0x00100513) addi a0, zero, 0x1
x10 <- 0x0000000000000001
mem[X,0x0000000080000D08] -> 0x1513
mem[X,0x0000000080000D0A] -> 0x0165
[839] [M]: 0x0000000080000D08 (0x01651513) slli a0, a0, 0x16
x10 <- 0x0000000000400000
mem[X,0x0000000080000D0C] -> 0x1593
mem[X,0x0000000080000D0E] -> 0x01F5
[840] [M]: 0x0000000080000D0C (0x01F51593) slli a1, a0, 0x1f
x11 <- 0x0020000000000000
mem[X,0x0000000080000D10] -> 0xBC23
mem[X,0x0000000080000D12] -> 0x40B2
[841] [M]: 0x0000000080000D10 (0x40B2BC23) sd a1, 0x418(t0)
mem[0x00000000800035C8] <- 0x0020000000000000
mem[X,0x0000000080000D14] -> 0x006F
mem[X,0x0000000080000D16] -> 0x0380
[842] [M]: 0x0000000080000D14 (0x0380006F) jal zero, 0x38
mem[X,0x0000000080000D4C] -> 0x0093
mem[X,0x0000000080000D4E] -> 0x0010
[843] [M]: 0x0000000080000D4C (0x00100093) addi ra, zero, 0x1
x1 <- 0x0000000000000001
mem[X,0x0000000080000D50] -> 0x0F17
mem[X,0x0000000080000D52] -> 0x0000
[844] [M]: 0x0000000080000D50 (0x00000F17) auipc t5, 0x0
x30 <- 0x0000000080000D50
mem[X,0x0000000080000D54] -> 0x2823
mem[X,0x0000000080000D56] -> 0x2A1F
[845] [M]: 0x0000000080000D54 (0x2A1F2823) sw ra, 0x2b0(t5)
htif[0x0000000080001000] <- 0x00000001
mem[X,0x0000000080000D58] -> 0xF06F
mem[X,0x0000000080000D5A] -> 0xFF9F
[846] [M]: 0x0000000080000D58 (0xFF9FF06F) jal zero, -0x8
mem[X,0x0000000080000D50] -> 0x0F17
mem[X,0x0000000080000D52] -> 0x0000
[847] [M]: 0x0000000080000D50 (0x00000F17) auipc t5, 0x0
x30 <- 0x0000000080000D50
mem[X,0x0000000080000D54] -> 0x2823
mem[X,0x0000000080000D56] -> 0x2A1F
[848] [M]: 0x0000000080000D54 (0x2A1F2823) sw ra, 0x2b0(t5)
htif[0x0000000080001000] <- 0x00000001
mem[X,0x0000000080000D58] -> 0xF06F
mem[X,0x0000000080000D5A] -> 0xFF9F
[849] [M]: 0x0000000080000D58 (0xFF9FF06F) jal zero, -0x8
mem[X,0x0000000080000D50] -> 0x0F17
mem[X,0x0000000080000D52] -> 0x0000
[850] [M]: 0x0000000080000D50 (0x00000F17) auipc t5, 0x0
x30 <- 0x0000000080000D50
mem[X,0x0000000080000D54] -> 0x2823
mem[X,0x0000000080000D56] -> 0x2A1F
[851] [M]: 0x0000000080000D54 (0x2A1F2823) sw ra, 0x2b0(t5)
htif[0x0000000080001000] <- 0x00000001
htif-syscall-proxy cmd: 0x000000000001
SUCCESS
